1460685978 -1 -1
1460685978 0 0 0 0
1460602040 0 0 0 0
1460601900 0 0 0 0
1460601600 0 0 0 0
1460601300 0 0 0 0
1460601000 0 0 0 0
1460600700 0 0 0 0
1460600400 0 0 0 0
1460600100 0 0 0 0
1460599800 0 0 0 0
1460599500 0 0 0 0
1460599200 0 0 0 0
1460598900 0 0 0 0
1460598600 0 0 0 0
1460598300 0 0 0 0
1460598000 0 0 0 0
1460597700 0 0 0 0
1460597400 0 0 0 0
1460597100 0 0 0 0
1460596800 0 0 0 0
1460596500 0 0 0 0
1460596200 0 0 0 0
1460595900 0 0 0 0
1460595600 0 0 0 0
1460595300 0 0 0 0
1460595000 0 0 0 0
1460594700 0 0 0 0
1460594400 0 0 0 0
1460594100 0 0 0 0
1460593800 0 0 0 0
1460593500 0 0 0 0
1460593200 0 0 0 0
1460592900 0 0 0 0
1460592600 0 0 0 0
1460592300 0 0 0 0
1460592000 0 0 0 0
1460591700 0 0 0 0
1460591400 0 0 0 0
1460591100 0 0 0 0
1460590800 0 0 0 0
1460590500 0 0 0 0
1460590200 0 0 0 0
1460589900 0 0 0 0
1460589600 0 0 0 0
1460589300 0 0 0 0
1460589000 0 0 0 0
1460588700 0 0 0 0
1460588400 0 0 0 0
1460588100 0 0 0 0
1460587800 0 0 0 0
1460587500 0 0 0 0
1460587200 0 0 0 0
1460586900 0 0 0 0
1460586600 0 0 0 0
1460586300 0 0 0 0
1460586000 0 0 0 0
1460585700 0 0 0 0
1460585400 0 0 0 0
1460585100 0 0 0 0
1460584800 0 0 0 0
1460584500 0 0 0 0
1460584200 0 0 0 0
1460583900 0 0 0 0
1460583600 0 0 0 0
1460583300 0 0 0 0
1460583000 0 0 0 0
1460582700 0 0 0 0
1460582400 0 0 0 0
1460582100 0 0 0 0
1460581800 0 0 0 0
1460581500 0 0 0 0
1460581200 0 0 0 0
1460580900 0 0 0 0
1460580600 0 0 0 0
1460580300 0 0 0 0
1460580000 0 0 0 0
1460579700 0 0 0 0
1460579400 0 0 0 0
1460579100 0 0 0 0
1460578800 0 0 0 0
1460578500 0 0 0 0
1460578200 0 0 0 0
1460577900 0 0 0 0
1460577600 0 0 0 0
1460577300 0 0 0 0
1460577000 0 0 0 0
1460576700 0 0 0 0
1460576400 0 0 0 0
1460576100 0 0 0 0
1460575800 0 0 0 0
1460575500 0 0 0 0
1460575200 0 0 0 0
1460574900 0 0 0 0
1460574600 0 0 0 0
1460574300 0 0 0 0
1460574000 0 0 0 0
1460573700 0 0 0 0
1460573400 0 0 0 0
1460573100 0 0 0 0
1460572800 0 0 0 0
1460572500 0 0 0 0
1460572200 0 0 0 0
1460571900 0 0 0 0
1460571600 0 0 0 0
1460571300 0 0 0 0
1460571000 0 0 0 0
1460570700 0 0 0 0
1460570400 0 0 0 0
1460570100 0 0 0 0
1460569800 0 0 0 0
1460569500 0 0 0 0
1460569200 0 0 0 0
1460568900 0 0 0 0
1460568600 0 0 0 0
1460568300 0 0 0 0
1460568000 0 0 0 0
1460567700 0 0 0 0
1460567400 0 0 0 0
1460567100 0 0 0 0
1460566800 0 0 0 0
1460566500 0 0 0 0
1460566200 0 0 0 0
1460565900 0 0 0 0
1460565600 0 0 0 0
1460565300 0 0 0 0
1460565000 0 0 0 0
1460564700 0 0 0 0
1460564400 0 0 0 0
1460564100 0 0 0 0
1460563800 0 0 0 0
1460563500 0 0 0 0
1460563200 0 0 0 0
1460562900 0 0 0 0
1460562600 0 0 0 0
1460562300 0 0 0 0
1460562000 0 0 0 0
1460561700 0 0 0 0
1460561400 0 0 0 0
1460561100 0 0 0 0
1460560800 0 0 0 0
1460560500 0 0 0 0
1460560200 0 0 0 0
1460559900 0 0 0 0
1460559600 0 0 0 0
1460559300 0 0 0 0
1460559000 0 0 0 0
1460558700 0 0 0 0
1460558400 0 0 0 0
1460558100 0 0 0 0
1460557800 0 0 0 0
1460557500 0 0 0 0
1460557200 0 0 0 0
1460556900 0 0 0 0
1460556600 0 0 0 0
1460556300 0 0 0 0
1460556000 0 0 0 0
1460555700 0 0 0 0
1460555400 0 0 0 0
1460555100 0 0 0 0
1460554800 0 0 0 0
1460554500 0 0 0 0
1460554200 0 0 0 0
1460553900 0 0 0 0
1460553600 0 0 0 0
1460553300 0 0 0 0
1460553000 0 0 0 0
1460552700 0 0 0 0
1460552400 0 0 0 0
1460552100 0 0 0 0
1460551800 0 0 0 0
1460551500 0 0 0 0
1460551200 0 0 0 0
1460550900 0 0 0 0
1460550600 0 0 0 0
1460550300 0 0 0 0
1460550000 0 0 0 0
1460549700 0 0 0 0
1460549400 0 0 0 0
1460549100 0 0 0 0
1460548800 0 0 0 0
1460548500 0 0 0 0
1460548200 0 0 0 0
1460547900 0 0 0 0
1460547600 0 0 0 0
1460547300 0 0 0 0
1460547000 0 0 0 0
1460546700 0 0 0 0
1460546400 0 0 0 0
1460546100 0 0 0 0
1460545800 0 0 0 0
1460545500 0 0 0 0
1460545200 0 0 0 0
1460544900 0 0 0 0
1460544600 0 0 0 0
1460544300 0 0 0 0
1460544000 0 0 0 0
1460543700 0 0 0 0
1460543400 0 0 0 0
1460543100 0 0 0 0
1460542800 0 0 0 0
1460542500 0 0 0 0
1460542200 0 0 0 0
1460541900 0 0 0 0
1460541600 0 0 0 0
1460541300 0 0 0 0
1460541000 0 0 0 0
1460540700 0 0 0 0
1460540400 0 0 0 0
1460540100 0 0 0 0
1460539800 0 0 0 0
1460539500 0 0 0 0
1460539200 0 0 0 0
1460538900 0 0 0 0
1460538600 0 0 0 0
1460538300 0 0 0 0
1460538000 0 0 0 0
1460537700 0 0 0 0
1460537400 0 0 0 0
1460537100 0 0 0 0
1460536800 0 0 0 0
1460536500 0 0 0 0
1460536200 0 0 0 0
1460535900 0 0 0 0
1460535600 0 0 0 0
1460535300 0 0 0 0
1460535000 0 0 0 0
1460534700 0 0 0 0
1460534400 0 0 0 0
1460534100 0 0 0 0
1460533800 0 0 0 0
1460533500 0 0 0 0
1460533200 0 0 0 0
1460532900 0 0 0 0
1460532600 0 0 0 0
1460532300 0 0 0 0
1460532000 0 0 0 0
1460531700 0 0 0 0
1460531400 0 0 0 0
1460531100 0 0 0 0
1460530800 0 0 0 0
1460530500 0 0 0 0
1460530200 0 0 0 0
1460529900 0 0 0 0
1460529600 0 0 0 0
1460529300 0 0 0 0
1460529000 0 0 0 0
1460528700 0 0 0 0
1460528400 0 0 0 0
1460528100 0 0 0 0
1460527800 0 0 0 0
1460527500 0 0 0 0
1460527200 0 0 0 0
1460526900 0 0 0 0
1460526600 0 0 0 0
1460526300 0 0 0 0
1460526000 0 0 0 0
1460525700 0 0 0 0
1460525400 0 0 0 0
1460525100 0 0 0 0
1460524800 0 0 0 0
1460524500 0 0 0 0
1460524200 0 0 0 0
1460523900 0 0 0 0
1460523600 0 0 0 0
1460523300 0 0 0 0
1460523000 0 0 0 0
1460522700 0 0 0 0
1460522400 0 0 0 0
1460522100 0 0 0 0
1460521800 0 0 0 0
1460521500 0 0 0 0
1460521200 0 0 0 0
1460520900 0 0 0 0
1460520600 0 0 0 0
1460520300 0 0 0 0
1460520000 0 0 0 0
1460519700 0 0 0 0
1460519400 0 0 0 0
1460519100 0 0 0 0
1460518800 0 0 0 0
1460518500 0 0 0 0
1460518200 0 0 0 0
1460517900 0 0 0 0
1460517600 0 0 0 0
1460517300 0 0 0 0
1460517000 0 0 0 0
1460516700 0 0 0 0
1460516400 0 0 0 0
1460516100 0 0 0 0
1460515800 0 0 0 0
1460515500 0 0 0 0
1460515200 0 0 0 0
1460514900 0 0 0 0
1460514600 0 0 0 0
1460514300 0 0 0 0
1460514000 0 0 0 0
1460513700 0 0 0 0
1460513400 0 0 0 0
1460513100 0 0 0 0
1460512800 0 0 0 0
1460512500 0 0 0 0
1460512200 0 0 0 0
1460511900 0 0 0 0
1460511600 0 0 0 0
1460511300 0 0 0 0
1460511000 0 0 0 0
1460510700 0 0 0 0
1460510400 0 0 0 0
1460510100 0 0 0 0
1460509800 0 0 0 0
1460509500 0 0 0 0
1460509200 0 0 0 0
1460508900 0 0 0 0
1460508600 0 0 0 0
1460508300 0 0 0 0
1460508000 0 0 0 0
1460507700 0 0 0 0
1460507400 0 0 0 0
1460507100 0 0 0 0
1460506800 0 0 0 0
1460506500 0 0 0 0
1460506200 0 0 0 0
1460505900 0 0 0 0
1460505600 0 0 0 0
1460505300 0 0 0 0
1460505000 0 0 0 0
1460504700 0 0 0 0
1460504400 0 0 0 0
1460504100 0 0 0 0
1460503800 0 0 0 0
1460503500 0 0 0 0
1460503200 0 0 0 0
1460502900 0 0 0 0
1460502600 0 0 0 0
1460502300 0 0 0 0
1460502000 0 0 0 0
1460501700 0 0 0 0
1460501400 0 0 0 0
1460501100 0 0 0 0
1460500800 0 0 0 0
1460500500 0 0 0 0
1460500200 0 0 0 0
1460499900 0 0 0 0
1460499600 0 0 0 0
1460499300 0 0 0 0
1460499000 0 0 0 0
1460498700 0 0 0 0
1460498400 0 0 0 0
1460498100 0 0 0 0
1460497800 0 0 0 0
1460497500 0 0 0 0
1460497200 0 0 0 0
1460496900 0 0 0 0
1460496600 0 0 0 0
1460496300 0 0 0 0
1460496000 0 0 0 0
1460495700 0 0 0 0
1460495400 0 0 0 0
1460495100 0 0 0 0
1460494800 0 0 0 0
1460494500 0 0 0 0
1460494200 0 0 0 0
1460493900 0 0 0 0
1460493600 0 0 0 0
1460493300 0 0 0 0
1460493000 0 0 0 0
1460492700 0 0 0 0
1460492400 0 0 0 0
1460492100 0 0 0 0
1460491800 0 0 0 0
1460491500 0 0 0 0
1460491200 0 0 0 0
1460490900 0 0 0 0
1460490600 0 0 0 0
1460490300 0 0 0 0
1460490000 0 0 0 0
1460489700 0 0 0 0
1460489400 0 0 0 0
1460489100 0 0 0 0
1460488800 0 0 0 0
1460488500 0 0 0 0
1460488200 0 0 0 0
1460487900 0 0 0 0
1460487600 0 0 0 0
1460487300 0 0 0 0
1460487000 0 0 0 0
1460486700 0 0 0 0
1460486400 0 0 0 0
1460486100 0 0 0 0
1460485800 0 0 0 0
1460485500 0 0 0 0
1460485200 0 0 0 0
1460484900 0 0 0 0
1460484600 0 0 0 0
1460484300 0 0 0 0
1460484000 0 0 0 0
1460483700 0 0 0 0
1460483400 0 0 0 0
1460483100 0 0 0 0
1460482800 0 0 0 0
1460482500 0 0 0 0
1460482200 0 0 0 0
1460481900 0 0 0 0
1460481600 0 0 0 0
1460481300 0 0 0 0
1460481000 0 0 0 0
1460480700 0 0 0 0
1460480400 0 0 0 0
1460480100 0 0 0 0
1460479800 0 0 0 0
1460479500 0 0 0 0
1460479200 0 0 0 0
1460478900 0 0 0 0
1460478600 0 0 0 0
1460478300 0 0 0 0
1460478000 0 0 0 0
1460477700 0 0 0 0
1460477400 0 0 0 0
1460477100 0 0 0 0
1460476800 0 0 0 0
1460476500 0 0 0 0
1460476200 0 0 0 0
1460475900 0 0 0 0
1460475600 0 0 0 0
1460475300 0 0 0 0
1460475000 0 0 0 0
1460474700 0 0 0 0
1460474400 0 0 0 0
1460474100 0 0 0 0
1460473800 0 0 0 0
1460473500 0 0 0 0
1460473200 0 0 0 0
1460472900 0 0 0 0
1460472600 0 0 0 0
1460472300 0 0 0 0
1460472000 0 0 0 0
1460471700 0 0 0 0
1460471400 0 0 0 0
1460471100 0 0 0 0
1460470800 0 0 0 0
1460470500 0 0 0 0
1460470200 0 0 0 0
1460469900 0 0 0 0
1460469600 0 0 0 0
1460469300 0 0 0 0
1460469000 0 0 0 0
1460468700 0 0 0 0
1460468400 0 0 0 0
1460468100 0 0 0 0
1460467800 0 0 0 0
1460467500 0 0 0 0
1460467200 0 0 0 0
1460466900 0 0 0 0
1460466600 0 0 0 0
1460466300 0 0 0 0
1460466000 0 0 0 0
1460465700 0 0 0 0
1460465400 0 0 0 0
1460465100 0 0 0 0
1460464800 0 0 0 0
1460464500 0 0 0 0
1460464200 0 0 0 0
1460463900 0 0 0 0
1460463600 0 0 0 0
1460463300 0 0 0 0
1460463000 0 0 0 0
1460462700 0 0 0 0
1460462400 0 0 0 0
1460462100 0 0 0 0
1460461800 0 0 0 0
1460461500 0 0 0 0
1460461200 0 0 0 0
1460460900 0 0 0 0
1460460600 0 0 0 0
1460460300 0 0 0 0
1460460000 0 0 0 0
1460459700 0 0 0 0
1460459400 0 0 0 0
1460459100 0 0 0 0
1460458800 0 0 0 0
1460458500 0 0 0 0
1460458200 0 0 0 0
1460457900 0 0 0 0
1460457600 0 0 0 0
1460457300 0 0 0 0
1460457000 0 0 0 0
1460456700 0 0 0 0
1460456400 0 0 0 0
1460456100 0 0 0 0
1460455800 0 0 0 0
1460455500 0 0 0 0
1460455200 0 0 0 0
1460454900 0 0 0 0
1460454600 0 0 0 0
1460454300 0 0 0 0
1460454000 0 0 0 0
1460453700 0 0 0 0
1460453400 0 0 0 0
1460453100 0 0 0 0
1460452800 0 0 0 0
1460452500 0 0 0 0
1460452200 0 0 0 0
1460451900 0 0 0 0
1460451600 0 0 0 0
1460451300 0 0 0 0
1460451000 0 0 0 0
1460450700 0 0 0 0
1460450400 0 0 0 0
1460450100 0 0 0 0
1460449800 0 0 0 0
1460449500 0 0 0 0
1460449200 0 0 0 0
1460448900 0 0 0 0
1460448600 0 0 0 0
1460448300 0 0 0 0
1460448000 0 0 0 0
1460447700 0 0 0 0
1460447400 0 0 0 0
1460447100 0 0 0 0
1460446800 0 0 0 0
1460446500 0 0 0 0
1460446200 0 0 0 0
1460445900 0 0 0 0
1460445600 0 0 0 0
1460445300 0 0 0 0
1460445000 0 0 0 0
1460444700 0 0 0 0
1460444400 0 0 0 0
1460444100 0 0 0 0
1460443800 0 0 0 0
1460443500 0 0 0 0
1460443200 0 0 0 0
1460442900 0 0 0 0
1460442600 0 0 0 0
1460442300 0 0 0 0
1460442000 0 0 0 0
1460441700 0 0 0 0
1460441400 0 0 0 0
1460441100 0 0 0 0
1460440800 0 0 0 0
1460440500 0 0 0 0
1460440200 0 0 0 0
1460439900 0 0 0 0
1460439600 0 0 0 0
1460439300 0 0 0 0
1460439000 0 0 0 0
1460438700 0 0 0 0
1460438400 0 0 0 0
1460438100 0 0 0 0
1460437800 0 0 0 0
1460437500 0 0 0 0
1460437200 0 0 0 0
1460436900 0 0 0 0
1460436600 0 0 0 0
1460436300 0 0 0 0
1460436000 0 0 0 0
1460435700 0 0 0 0
1460435400 0 0 0 0
1460435100 0 0 0 0
1460434800 0 0 0 0
1460434500 0 0 0 0
1460434200 0 0 0 0
1460433900 0 0 0 0
1460433600 0 0 0 0
1460433300 0 0 0 0
1460433000 0 0 0 0
1460432700 0 0 0 0
1460432400 0 0 0 0
1460432100 0 0 0 0
1460431800 0 0 0 0
1460431500 0 0 0 0
1460431200 0 0 0 0
1460430900 0 0 0 0
1460430600 0 0 0 0
1460430300 0 0 0 0
1460430000 0 0 0 0
1460429700 0 0 0 0
1460429400 0 0 0 0
1460429100 0 0 0 0
1460428800 0 0 0 0
1460428500 0 0 0 0
1460428200 0 0 0 0
1460427900 0 0 0 0
1460427600 0 0 0 0
1460427300 0 0 0 0
1460427000 0 0 0 0
1460426700 0 0 0 0
1460426400 0 0 0 0
1460426100 0 0 0 0
1460425800 0 0 0 0
1460425500 0 0 0 0
1460425200 0 0 0 0
1460424900 0 0 0 0
1460424600 0 0 0 0
1460424300 0 0 0 0
1460424000 0 0 0 0
1460423700 0 0 0 0
1460423400 0 0 0 0
1460423100 0 0 0 0
1460422800 0 0 0 0
1460422500 0 0 0 0
1460422200 0 0 0 0
1460421000 0 0 0 0
1460419200 0 0 0 0
1460417400 0 0 0 0
1460415600 0 0 0 0
1460413800 0 0 0 0
1460412000 0 0 0 0
1460410200 0 0 0 0
1460408400 0 0 0 0
1460406600 0 0 0 0
1460404800 0 0 0 0
1460403000 0 0 0 0
1460401200 0 0 0 0
1460399400 0 0 0 0
1460397600 0 0 0 0
1460395800 0 0 0 0
1460394000 0 0 0 0
1460392200 0 0 0 0
1460390400 0 0 0 0
1460388600 0 0 0 0
1460386800 0 0 0 0
1460385000 0 0 0 0
1460383200 0 0 0 0
1460381400 0 0 0 0
1460379600 0 0 0 0
1460377800 0 0 0 0
1460376000 0 0 0 0
1460374200 0 0 0 0
1460372400 0 0 0 0
1460370600 0 0 0 0
1460368800 0 0 0 0
1460367000 0 0 0 0
1460365200 0 0 0 0
1460363400 0 0 0 0
1460361600 0 0 0 0
1460359800 0 0 0 0
1460358000 0 0 0 0
1460356200 0 0 0 0
1460354400 0 0 0 0
1460352600 0 0 0 0
1460350800 0 0 0 0
1460349000 0 0 0 0
1460347200 0 0 0 0
1460345400 0 0 0 0
1460343600 0 0 0 0
1460341800 0 0 0 0
1460340000 0 0 0 0
1460338200 0 0 0 0
1460336400 0 0 0 0
1460334600 0 0 0 0
1460332800 0 0 0 0
1460331000 0 0 0 0
1460329200 0 0 0 0
1460327400 0 0 0 0
1460325600 0 0 0 0
1460323800 0 0 0 0
1460322000 0 0 0 0
1460320200 0 0 0 0
1460318400 0 0 0 0
1460316600 0 0 0 0
1460314800 0 0 0 0
1460313000 0 0 0 0
1460311200 0 0 0 0
1460309400 0 0 0 0
1460307600 0 0 0 0
1460305800 0 0 0 0
1460304000 0 0 0 0
1460302200 0 0 0 0
1460300400 0 0 0 0
1460298600 0 0 0 0
1460296800 0 0 0 0
1460295000 0 0 0 0
1460293200 0 0 0 0
1460291400 0 0 0 0
1460289600 0 0 0 0
1460287800 0 0 0 0
1460286000 0 0 0 0
1460284200 0 0 0 0
1460282400 0 0 0 0
1460280600 0 0 0 0
1460278800 0 0 0 0
1460277000 0 0 0 0
1460275200 0 0 0 0
1460273400 0 0 0 0
1460271600 0 0 0 0
1460269800 0 0 0 0
1460268000 0 0 0 0
1460266200 0 0 0 0
1460264400 0 0 0 0
1460262600 0 0 0 0
1460260800 0 0 0 0
1460259000 0 0 0 0
1460257200 0 0 0 0
1460255400 0 0 0 0
1460253600 0 0 0 0
1460251800 0 0 0 0
1460250000 0 0 0 0
1460248200 0 0 0 0
1460246400 0 0 0 0
1460244600 0 0 0 0
1460242800 0 0 0 0
1460241000 0 0 0 0
1460239200 0 0 0 0
1460237400 0 0 0 0
1460235600 0 0 0 0
1460233800 0 0 0 0
1460232000 0 0 0 0
1460230200 0 0 0 0
1460228400 0 0 0 0
1460226600 0 0 0 0
1460224800 0 0 0 0
1460223000 0 0 0 0
1460221200 0 0 0 0
1460219400 0 0 0 0
1460217600 0 0 0 0
1460215800 0 0 0 0
1460214000 0 0 0 0
1460212200 0 0 0 0
1460210400 0 0 0 0
1460208600 0 0 0 0
1460206800 0 0 0 0
1460205000 0 0 0 0
1460203200 0 0 0 0
1460201400 0 0 0 0
1460199600 0 0 0 0
1460197800 0 0 0 0
1460196000 0 0 0 0
1460194200 0 0 0 0
1460192400 0 0 0 0
1460190600 0 0 0 0
1460188800 0 0 0 0
1460187000 0 0 0 0
1460185200 0 0 0 0
1460183400 0 0 0 0
1460181600 0 0 0 0
1460179800 0 0 0 0
1460178000 0 0 0 0
1460176200 0 0 0 0
1460174400 0 0 0 0
1460172600 0 0 0 0
1460170800 0 0 0 0
1460169000 0 0 0 0
1460167200 0 0 0 0
1460165400 0 0 0 0
1460163600 0 0 0 0
1460161800 0 0 0 0
1460160000 0 0 0 0
1460158200 0 0 0 0
1460156400 0 0 0 0
1460154600 0 0 0 0
1460152800 0 0 0 0
1460151000 0 0 0 0
1460149200 0 0 0 0
1460147400 0 0 0 0
1460145600 0 0 0 0
1460143800 0 0 0 0
1460142000 0 0 0 0
1460140200 0 73 10 525
1460138400 10 645 11 754
1460136600 10 715 11 904
1460134800 10 919 10 1313
1460133000 10 989 11 1313
1460131200 10 1063 11 1450
1460129400 10 977 11 1022
1460127600 10 962 10 1066
1460125800 10 993 10 1099
1460124000 10 1014 10 1078
1460122200 10 1085 10 1406
1460120400 10 990 10 1180
1460118600 10 944 10 1145
1460116800 10 788 10 960
1460115000 10 686 10 989
1460113200 10 477 10 581
1460111400 10 452 10 576
1460109600 10 430 10 489
1460107800 10 425 10 459
1460106000 10 427 10 507
1460104200 10 430 10 507
1460102400 10 450 10 484
1460100600 10 435 12 480
1460098800 10 440 11 498
1460097000 10 419 10 431
1460095200 10 423 10 455
1460093400 10 433 11 495
1460091600 10 438 10 495
1460089800 10 416 11 450
1460088000 10 442 11 499
1460086200 10 429 11 478
1460084400 10 425 10 493
1460082600 10 447 11 493
1460080800 10 423 11 471
1460079000 10 458 11 508
1460077200 10 514 10 580
1460075400 10 484 11 580
1460073600 10 489 10 546
1460071800 10 507 10 580
1460070000 10 526 10 571
1460068200 10 550 10 786
1460066400 10 594 10 673
1460064600 10 806 10 1041
1460062800 10 964 10 1057
1460061000 10 1240 10 1486
1460059200 10 1866 10 2267
1460057400 10 1788 12 2058
1460055600 10 1733 10 1881
1460053800 10 1664 10 1865
1460052000 10 1739 10 2016
1460050200 10 1719 10 1979
1460048400 10 1723 10 1857
1460046600 10 1608 10 1944
1460044800 10 1735 10 1947
1460043000 10 1774 10 2115
1460041200 10 1882 10 2221
1460039400 10 1749 10 2396
1460037600 10 1531 10 1776
1460035800 220 2130 1172 2863
1460034000 2701 7651 5060 55999
1460032200 3326 15201 5683 55999
1460030400 2192 5130 9369 18963
1460028600 10 438 10 465
1460026800 10 460 10 549
1460025000 10 442 10 480
1460023200 10 434 10 481
1460021400 10 424 10 446
1460019600 10 428 10 465
1460017800 10 441 10 489
1460016000 10 425 10 457
1460014200 10 444 12 537
1460012400 10 430 11 465
1460010600 10 425 10 447
1460008800 10 440 14 1148
1460007000 10 431 11 466
1460005200 10 411 11 442
1460003400 10 443 11 476
1460001600 10 434 11 488
1459999800 10 433 11 489
1459998000 10 421 10 451
1459996200 10 443 10 492
1459994400 10 427 10 456
1459992600 10 441 10 465
1459990800 10 425 10 454
1459989000 10 430 10 440
1459987200 10 445 10 474
1459985400 10 417 10 466
1459983600 10 412 10 448
1459981800 10 468 10 528
1459980000 10 566 10 668
1459978200 1085 30382 3495 89190
1459976400 6831 114786 11094 183890
1459974600 7366 104055 11621 163387
1459972800 7369 169260 11621 198961
1459971000 10343 163613 17025 173121
1459969200 4742 156326 5884 159437
1459967400 7553 185567 11110 245887
1459965600 6372 162740 10810 180301
1459963800 4297 154596 5278 158734
1459962000 5448 162743 7715 210380
1459960200 11410 154335 44476 159196
1459958400 4920 164066 5975 196502
1459956600 5345 162300 8361 187266
1459954800 6355 170721 11916 388219
1459953000 7725 206527 11916 388219
1459951200 7045 169618 11676 186079
1459949400 7451 200910 9672 282918
1459947600 3926 75255 9029 168584
1459945800 10 755 10 1259
1459944000 10 556 10 918
1459942200 10 491 10 542
1459940400 10 520 10 569
1459938600 10 483 10 510
1459936800 10 474 10 503
1459935000 10 504 10 547
1459933200 10 485 10 536
1459931400 10 480 10 505
1459929600 10 501 10 528
1459927800 10 511 12 682
1459926000 10 486 11 550
1459924200 10 498 10 611
1459922400 10 497 11 555
1459920600 10 479 11 525
1459918800 10 483 10 537
1459917000 10 493 11 539
1459915200 10 475 11 539
1459913400 10 483 10 514
1459911600 10 493 10 556
1459909800 10 492 10 550
1459908000 10 483 10 568
1459906200 10 479 10 568
1459904400 10 487 10 564
1459902600 10 481 10 521
1459900800 10 487 10 575
1459899000 10 490 10 544
1459897200 10 483 10 513
1459895400 11 537 25 614
1459893600 10 530 10 562
1459891800 10 739 10 1161
1459890000 10 944 10 1152
1459888200 10 941 11 1103
1459886400 10 991 10 1162
1459884600 10 962 12 1023
1459882800 10 1021 10 1499
1459881000 10 1106 10 1499
1459879200 4861 127957 11805 158823
1459877400 3870 154153 7745 157298
1459875600 4870 160813 7745 165963
1459873800 22921 161631 110094 169959
1459872000 4582 162403 6992 205642
1459870200 3891 156446 6992 205642
1459868400 755 3900 3280 21762
1459866600 10 1171 10 1445
1459864800 3928 110269 9333 183179
1459863000 5814 166421 7610 177934
1459861200 6247 176462 8058 198319
1459859400 2261 23007 8010 153524
1459857600 10 501 10 883
1459855800 10 502 10 883
1459854000 10 466 10 492
1459852200 10 489 10 594
1459850400 10 453 10 482
1459848600 10 456 10 498
1459846800 10 459 10 488
1459845000 10 464 10 493
1459843200 10 453 10 478
1459841400 10 474 12 539
1459839600 10 460 11 539
1459837800 10 463 10 504
1459836000 10 460 10 496
1459834200 10 465 10 494
1459832400 10 514 10 651
1459830600 10 455 11 505
1459828800 10 406 11 435
1459827000 10 415 10 481
1459825200 10 456 10 528
1459823400 10 426 10 482
1459821600 10 411 10 455
1459819800 10 422 10 452
1459818000 10 418 10 460
1459816200 10 474 10 636
1459814400 10 418 10 456
1459812600 10 423 10 465
1459810800 10 419 10 458
1459809000 10 447 10 511
1459807200 10 518 10 774
1459805400 1527 28692 13455 163784
1459803600 7370 161407 13455 194515
1459801800 4514 152228 5407 156841
1459800000 5384 153210 7058 162812
1459798200 5188 150548 7904 165992
1459796400 6160 155378 7904 165992
1459794600 4649 151698 5990 159563
1459792800 5176 149850 9228 166896
1459791000 8880 155768 15238 175201
1459789200 5840 155979 11797 175201
1459787400 6000 157638 9332 164080
1459785600 6662 156869 9332 161522
1459783800 6700 126687 10923 186090
1459782000 1724 3623 8258 11867
1459780200 6076 5119 76929 12744
1459778400 11776 10737 76929 27315
1459776600 3980 7283 7435 11913
1459774800 3000 6536 6373 18473
1459773000 1783 4143 6373 18473
1459771200 10 420 10 622
1459769400 10 418 10 622
1459767600 10 400 10 532
1459765800 10 426 10 471
1459764000 10 378 10 415
1459762200 10 381 10 401
1459760400 10 409 10 433
1459758600 10 404 10 465
1459756800 10 410 10 499
1459755000 10 414 12 490
1459753200 10 412 11 446
1459751400 10 402 10 434
1459749600 10 404 10 436
1459747800 10 400 10 439
1459746000 10 425 10 476
1459744200 10 401 11 471
1459742400 10 393 11 431
1459740600 10 394 10 440
1459738800 10 392 10 460
1459737000 10 397 10 455
1459735200 10 422 10 502
1459733400 10 413 10 463
1459731600 10 400 10 428
1459729800 10 417 10 464
1459728000 10 428 10 483
1459726200 10 507 10 1066
1459724400 10 370 10 392
1459722600 10 383 10 435
1459720800 10 385 10 447
1459719000 10 377 10 430
1459717200 10 379 10 410
1459715400 10 382 10 410
1459713600 10 382 10 420
1459711800 10 384 12 416
1459710000 10 374 10 402
1459708200 10 380 10 413
1459706400 10 391 10 435
1459704600 10 376 10 417
1459702800 10 374 10 448
1459701000 10 409 10 467
1459699200 10 397 10 446
1459697400 10 394 10 461
1459695600 10 411 10 496
1459693800 10 405 10 448
1459692000 10 379 10 409
1459690200 10 370 10 409
1459688400 10 378 10 440
1459686600 10 381 10 421
1459684800 10 373 10 385
1459683000 10 382 10 426
1459681200 10 382 10 422
1459679400 10 377 10 398
1459677600 10 411 10 478
1459675800 10 373 10 411
1459674000 10 383 10 410
1459672200 10 397 10 422
1459670400 10 383 10 410
1459668600 10 391 12 457
1459666800 10 384 11 401
1459665000 10 380 10 404
1459663200 10 372 10 420
1459661400 10 388 10 451
1459659600 10 380 10 452
1459657800 10 395 10 454
1459656000 10 400 10 417
1459654200 10 387 10 413
1459652400 10 406 10 461
1459650600 10 428 10 504
1459648800 10 401 10 470
1459647000 10 386 10 424
1459645200 10 379 10 424
1459643400 10 395 10 483
1459641600 10 380 10 416
1459639800 10 369 10 387
1459638000 10 377 10 432
1459636200 10 381 10 422
1459634400 10 379 10 450
1459632600 10 382 10 479
1459630800 10 382 10 442
1459629000 10 376 10 410
1459627200 10 385 10 453
1459625400 10 388 12 431
1459623600 10 364 12 384
1459621800 10 375 10 402
1459620000 10 383 10 406
1459618200 10 382 10 431
1459616400 10 378 10 452
1459614600 10 397 10 428
1459612800 10 410 10 447
1459611000 10 399 10 447
1459609200 10 369 10 412
1459607400 10 406 10 459
1459605600 10 388 10 418
1459603800 10 380 10 416
1459602000 10 361 10 416
1459600200 10 382 10 422
1459598400 10 381 10 418
1459596600 10 366 10 402
1459594800 10 374 10 402
1459593000 10 379 10 410
1459591200 10 380 10 414
1459589400 10 364 10 414
1459587600 10 386 10 455
1459585800 10 376 10 402
1459584000 10 376 10 424
1459582200 10 372 12 441
1459580400 10 366 12 406
1459578600 10 374 10 410
1459576800 10 381 10 429
1459575000 10 371 10 390
1459573200 10 382 10 440
1459571400 10 388 11 493
1459569600 10 374 11 406
1459567800 10 370 10 410
1459566000 10 385 10 468
1459564200 10 388 10 423
1459562400 10 382 10 439
1459560600 10 398 10 459
1459558800 10 385 10 421
1459557000 10 395 10 417
1459555200 10 409 10 490
1459553400 10 391 10 442
1459551600 10 386 10 443
1459549800 10 468 10 495
1459548000 10 572 10 749
1459546200 10 701 10 875
1459544400 10 757 10 1008
1459542600 10 1147 10 1408
1459540800 10 1133 10 1511
1459539000 10 1204 12 1659
1459537200 10 1110 10 1246
1459535400 263 8857 4163 127413
1459533600 12664 196226 19677 243958
1459531800 9661 204368 19677 243958
1459530000 6027 176570 9621 233998
1459528200 26119 157439 101775 160754
1459526400 6964 199923 13212 235518
1459524600 9629 239177 13487 309619
1459522800 12002 231218 27988 311133
1459521000 6068 170590 14068 228210
1459519200 6660 166680 8988 177670
1459517400 6443 171892 10069 207462
1459515600 29918 156764 394753 181866
1459513800 41677 5500 394753 43785
1459512000 10 790 10 1287
1459510200 10 617 10 1273
1459508400 10 503 10 560
1459506600 10 485 10 532
1459504800 10 486 10 545
1459503000 10 474 10 523
1459501200 10 492 10 555
1459499400 10 487 10 543
1459497600 10 487 10 507
1459495800 10 487 12 516
1459494000 10 524 11 602
1459492200 10 566 10 750
1459490400 9 488 10 522
1459488600 10 479 10 522
1459486800 10 477 10 527
1459485000 10 495 11 530
1459483200 10 483 11 549
1459481400 10 535 10 567
1459479600 10 547 10 584
1459477800 10 550 10 579
1459476000 10 542 10 590
1459474200 10 546 10 590
1459472400 10 545 10 588
1459470600 10 551 10 582
1459468800 10 531 10 580
1459467000 10 534 10 582
1459465200 10 538 10 571
1459463400 10 557 10 761
1459461600 10 634 10 917
1459459800 1463 35309 10964 196607
1459458000 5221 146496 10964 196607
1459456200 4714 32552 8173 89965
1459454400 3154 14237 5741 39131
1459452600 267 9130 4619 145562
1459450800 4667 164762 6005 214597
1459449000 8222 171733 14462 214597
1459447200 6327 172694 45909 187594
1459445400 11477 201975 45909 260491
1459443600 18940 89347 92911 183480
1459441800 28242 5850 87425 14409
1459440000 2868 26226 5956 99905
1459438200 3139 5345 6857 9357
1459436400 766 1468 6857 5035
1459434600 506 14950 6873 183202
1459432800 7999 218245 11397 299599
1459431000 10109 258328 12338 281735
1459429200 10173 182271 19942 232418
1459427400 3067 40826 12786 175616
1459425600 10 658 10 850
1459423800 10 485 10 661
1459422000 10 451 10 490
1459420200 10 476 10 535
1459418400 10 476 10 532
1459416600 10 432 10 511
1459414800 10 423 10 476
1459413000 10 461 10 544
1459411200 10 450 10 508
1459409400 10 432 12 475
1459407600 10 428 11 460
1459405800 10 433 10 464
1459404000 10 446 10 497
1459402200 10 442 10 490
1459400400 10 426 10 433
1459398600 10 474 11 575
1459396800 10 473 11 556
1459395000 10 433 10 468
1459393200 10 446 10 490
1459391400 10 525 10 841
1459389600 10 517 10 841
1459387800 10 470 10 499
1459386000 10 476 10 515
1459384200 10 485 10 557
1459382400 10 467 10 479
1459380600 10 476 10 516
1459378800 10 464 10 502
1459377000 10 493 10 516
1459375200 10 560 10 909
1459373400 550 18083 4340 155546
1459371600 6166 190560 8241 229484
1459369800 6118 159355 10692 183122
1459368000 5897 160905 8110 177910
1459366200 2118 40678 5206 150116
1459364400 10 1177 10 1428
1459362600 10 1249 10 1479
1459360800 9101 128288 28759 170509
1459359000 7424 176534 8343 185304
1459357200 5361 169885 7576 180843
1459355400 69657 168441 208941 179162
1459353600 10379 183303 15172 212914
1459351800 8043 172682 13220 201866
1459350000 7501 173444 10175 195476
1459348200 5082 155853 5653 161741
1459346400 6598 164946 8259 192135
1459344600 6419 172445 9880 237854
1459342800 5481 148715 7338 182977
1459341000 1461 4460 4140 10173
1459339200 10 537 11 1382
1459332000 10 435 11 522
1459324800 10 435 12 520
1459317600 10 431 11 461
1459310400 10 434 11 521
1459303200 10 454 11 507
1459296000 10 476 11 624
1459288800 14652 118085 240874 285777
1459281600 7858 178025 35855 234932
1459274400 6913 177746 18661 230385
1459267200 8235 208191 20200 343992
1459260000 21173 148093 391101 212565
1459252800 10 450 11 750
1459245600 10 387 11 451
1459238400 10 382 12 446
1459231200 10 383 11 449
1459224000 10 389 11 456
1459216800 10 400 11 493
1459209600 10 437 11 494
1459202400 1541 43561 7536 167779
1459195200 4890 158253 15967 211606
1459188000 4939 162190 37794 179773
1459180800 5504 176405 37794 223970
1459173600 5959 166065 30818 801595
1459166400 16931 15168 404503 347943
1459159200 10 391 11 445
1459152000 10 396 12 462
1459144800 10 390 11 444
1459137600 10 392 11 480
1459130400 10 395 11 461
1459123200 10 391 11 423
1459116000 10 393 11 450
1459108800 10 392 12 502
1459101600 10 398 11 482
1459094400 10 389 11 449
1459087200 10 392 11 460
1459080000 10 398 10 469
1459072800 10 391 10 431
1459065600 10 389 12 442
1459058400 10 392 11 442
1459051200 10 391 11 453
1459044000 10 390 11 451
1459036800 10 386 11 469
1459029600 10 391 11 450
1459022400 10 391 12 446
1459015200 10 389 11 434
1459008000 10 389 11 455
1459000800 10 399 11 510
1458993600 10 402 11 458
1458986400 10 407 11 485
1458979200 10 421 12 526
1458972000 9 413 10 498
1458964800 10 408 10 459
1458957600 10 404 10 477
1458950400 10 406 10 456
1458943200 10 425 10 562
1458936000 10 425 12 592
1458928800 10 414 10 472
1458921600 10 426 10 627
1458914400 10 429 11 652
1458907200 10 413 11 477
1458900000 10 412 10 470
1458892800 10 421 12 584
1458885600 10 432 11 626
1458878400 10 453 11 738
1458871200 10 414 11 460
1458864000 10 425 11 585
1458856800 4154 153234 5382 163063
1458849600 7483 172094 16670 196863
1458842400 24518 167361 312320 320146
1458835200 11683 160372 221129 190263
1458828000 5163 140536 9673 224723
1458820800 10 495 10 679
1458813600 10 448 10 541
1458806400 10 459 12 600
1458799200 10 450 11 598
1458792000 10 445 11 577
1458784800 10 441 10 537
1458777600 10 442 10 537
1458770400 658 1941 4611 14394
1458763200 3808 126031 7545 175797
1458756000 5394 134822 20027 795868
1458748800 2181 6549 11885 21903
1458741600 19717 24921 391761 247147
1458734400 10 573 10 1005
1458727200 10 514 10 560
1458720000 10 515 12 574
1458712800 10 518 23 666
1458705600 10 565 11 705
1458698400 10 526 10 686
1458691200 10 552 10 756
1458684000 10 873 10 1435
1458676800 10 1187 12 1579
1458669600 10 1079 10 1410
1458662400 10 1113 11 1357
1458655200 4993 108592 12610 167269
1458648000 1089 11479 8680 164146
1458640800 10 588 10 644
1458633600 10 581 12 691
1458626400 10 584 11 663
1458619200 10 575 11 657
1458612000 10 624 11 687
1458604800 10 637 11 791
1458597600 6832 89655 48468 233542
1458590400 7611 155400 13336 195928
1458583200 14264 160311 132032 187478
1458576000 3469 9511 34957 187478
1458568800 20666 14428 387085 56471
1458561600 10 412 10 694
1458554400 10 328 10 439
1458547200 10 337 12 438
1458540000 10 345 11 454
1458532800 10 334 11 407
1458525600 10 374 10 656
1458518400 10 338 10 402
1458511200 10 322 10 442
1458504000 10 319 12 382
1458496800 10 351 11 528
1458489600 10 327 10 436
1458482400 10 304 10 380
1458475200 10 262 10 431
1458468000 10 240 10 301
1458460800 10 243 12 299
1458453600 10 259 10 354
1458446400 10 237 10 307
1458439200 10 256 10 380
1458432000 10 247 10 331
1458424800 10 239 10 365
1458417600 10 235 12 289
1458410400 10 243 11 314
1458403200 10 238 11 322
1458396000 10 233 11 279
1458388800 10 231 11 298
1458381600 10 235 11 306
1458374400 10 236 12 293
1458367200 10 231 11 296
1458360000 10 243 11 315
1458352800 10 249 10 319
1458345600 10 373 10 1169
1458338400 304 1557 2788 11417
1458331200 2455 4190 9757 13780
1458324000 4020 12514 31536 64357
1458316800 2322 10472 7858 66395
1458309600 20036 56179 390756 903686
1458302400 10 623 10 1141
1458295200 10 515 10 577
1458288000 10 534 12 771
1458280800 10 545 53 680
1458273600 10 498 11 600
1458266400 10 495 11 768
1458259200 10 547 11 710
1458252000 1278 36333 5490 162105
1458244800 9067 106470 66720 341033
1458237600 5398 171437 40416 265976
1458230400 5599 94816 40416 265038
1458223200 20132 6753 226647 29002
1458216000 1422 7069 9806 90616
1458208800 10 397 11 450
1458201600 10 426 12 746
1458194400 10 407 11 452
1458187200 10 411 11 672
1458180000 10 385 10 453
1458172800 10 366 10 431
1458165600 729 1977 2527 7050
1458158400 14208 5931 230913 22387
1458151200 4051 90637 33221 171552
1458144000 7522 195693 26273 342588
1458136800 6038 143035 11540 276420
1458129600 10 472 11 810
1458122400 10 422 11 514
1458115200 10 423 12 495
1458108000 10 415 13 504
1458100800 10 438 11 659
1458093600 10 385 11 507
1458086400 10 382 11 619
1458079200 4967 94250 13180 179089
1458072000 6647 167205 25784 233363
1458064800 19836 201079 309902 424871
1458057600 12315 147270 103016 168282
1458050400 18802 11785 160059 68852
1458043200 10 494 11 690
1458036000 10 469 11 620
1458028800 10 453 12 604
1458021600 10 439 11 482
1458014400 10 431 11 566
1458007200 10 405 11 484
1458000000 10 467 11 803
1457992800 6512 118353 33907 194995
1457985600 5953 166458 8422 229517
1457978400 11958 185082 121921 317668
1457971200 9272 242468 24877 321138
1457964000 21284 150109 382155 299761
1457956800 10 404 11 643
1457949600 10 341 11 406
1457942400 10 337 12 366
1457935200 10 335 11 388
1457928000 10 336 11 416
1457920800 10 336 11 390
1457913600 10 339 11 424
1457906400 10 337 11 435
1457899200 10 336 12 393
1457892000 10 335 11 398
1457884800 10 339 11 420
1457877600 10 334 11 377
1457870400 10 336 11 386
1457863200 10 330 11 431
1457856000 10 318 12 475
1457848800 10 312 11 365
1457841600 10 309 11 354
1457834400 10 309 11 348
1457827200 10 317 11 412
1457820000 10 318 11 440
1457812800 10 320 12 399
1457805600 10 317 11 366
1457798400 10 314 11 389
1457791200 10 307 11 367
1457784000 10 311 11 349
1457776800 10 323 11 711
1457769600 9 304 12 358
1457762400 10 307 11 372
1457755200 10 317 11 383
1457748000 10 310 11 445
1457740800 10 399 11 1220
1457733600 3677 27171 11265 75073
1457726400 7671 31878 36725 81339
1457719200 5322 53158 56505 184808
1457712000 3770 53800 15063 167126
1457704800 1671 6937 6166 39572
1457697600 10 330 11 454
1457690400 10 319 11 361
1457683200 10 321 12 397
1457676000 10 320 11 404
1457668800 10 317 11 470
1457661600 10 293 11 334
1457654400 1226 48581 7352 207871
1457647200 5122 166498 9833 185345
1457640000 3431 101519 10036 239239
1457632800 13711 3353 254837 11484
1457625600 235 2023 2640 50740
1457618400 17406 19725 381470 162874
1457611200 10 327 11 500
1457604000 10 319 11 389
1457596800 10 318 13 389
1457589600 10 383 11 692
1457582400 10 309 11 423
1457575200 10 347 11 670
1457568000 40 957 2173 37346
1457560800 4562 39662 32391 98937
1457553600 5509 133990 15175 204359
1457546400 8027 193145 33045 282396
1457539200 15447 181658 187443 376098
1457532000 19984 91299 386647 376199
1457524800 10 372 11 604
1457517600 10 370 11 533
1457510400 10 378 12 481
1457503200 10 374 11 422
1457496000 10 346 10 559
1457488800 10 351 10 446
1457481600 10 392 10 918
1457474400 4500 101856 13655 200201
1457467200 6743 162826 15802 203046
1457460000 4730 165985 10472 182843
1457452800 24602 174832 287847 242533
1457445600 1777 47446 8264 196000
1457438400 10 347 11 493
1457431200 10 357 11 520
1457424000 9 345 12 430
1457416800 10 349 11 527
1457409600 10 370 11 496
1457402400 10 433 11 649
1457395200 124 2475 2777 63842
1457388000 4048 8159 49105 63842
1457380800 1907 10536 7099 99949
1457373600 1859 8976 11447 92442
1457366400 58386 59132 1304192 213862
1457359200 765 3872 4074 75057
1457352000 10 292 11 427
1457344800 10 286 11 353
1457337600 10 286 12 362
1457330400 10 282 11 309
1457323200 10 280 11 334
1457316000 10 280 11 353
1457308800 10 284 11 344
1457301600 10 282 11 375
1457294400 10 286 12 334
1457287200 10 286 11 333
1457280000 10 291 11 429
1457272800 10 280 11 352
1457265600 10 285 11 356
1457258400 10 282 11 355
1457251200 10 301 12 536
1457244000 10 279 11 345
1457236800 10 277 11 314
1457229600 10 274 11 328
1457222400 10 271 11 327
1457215200 10 276 11 339
1457208000 10 273 12 349
1457200800 10 282 11 460
1457193600 10 276 11 326
1457186400 10 275 11 337
1457179200 10 272 11 319
1457172000 10 277 11 353
1457164800 10 277 12 329
1457157600 10 281 11 352
1457150400 10 281 11 344
1457143200 10 281 11 333
1457136000 2464 13556 18838 183003
1457128800 17758 9259 341916 40438
1457121600 15138 15288 101273 93604
1457114400 5843 3575 116741 27043
1457107200 75659 6774 1414985 62839
1457100000 9064 6823 123043 31350
1457092800 247 895 663 4733
1457085600 210 752 488 2043
1457078400 209 672 540 1263
1457071200 218 743 388 1691
1457064000 228 814 1704 2168
1457056800 15590 2349 367209 14561
1457049600 1149 1908 9438 12731
1457042400 791 4169 4891 50564
1457035200 11031 3385 206300 26632
1457028000 2817 97592 6329 152949
1457020800 29203 165094 544390 195032
1457013600 4559 63561 45599 229206
1457006400 10 335 11 437
1456999200 10 324 10 382
1456992000 10 337 12 479
1456984800 10 329 11 400
1456977600 10 332 10 373
1456970400 10 360 10 426
1456963200 1000 34607 9073 155496
1456956000 5726 157109 15404 239228
1456948800 10804 145421 165931 309529
1456941600 3653 154355 5594 173506
1456934400 11944 155997 194537 223422
1456927200 1913 34035 6811 159505
1456920000 10 238 10 326
1456912800 10 246 10 548
1456905600 10 236 12 310
1456898400 10 231 11 288
1456891200 10 231 10 299
1456884000 10 235 10 299
1456876800 631 30093 3551 164909
1456869600 5080 161920 13612 210838
1456862400 5348 163605 10090 233243
1456855200 5222 153905 9614 179113
1456848000 1098326 103300 6346227 395332
1456840800 19749 37272 227106 158423
1456833600 10 334 11 395
1456826400 10 324 10 354
1456819200 10 328 12 368
1456812000 10 329 11 388
1456804800 10 331 10 401
1456797600 10 331 11 370
1456790400 340 2962 5249 65901
1456783200 4039 84985 7726 233475
1456776000 12953 178628 173487 322856
1456768800 7002 164758 20356 222842
1456761600 17244 31250 338952 170779
1456754400 16883 5980 375056 52179
1456747200 10 264 10 347
1456740000 10 260 10 314
1456732800 9 261 12 535
1456725600 10 260 11 327
1456718400 9 256 11 289
1456711200 9 260 11 375
1456704000 10 256 10 323
1456696800 10 259 10 306
1456689600 10 258 12 317
1456682400 10 261 10 346
1456675200 10 264 10 346
1456668000 10 302 10 369
1456660800 10 307 10 368
1456653600 10 289 10 384
1456646400 10 257 12 328
1456639200 10 260 11 337
1456632000 10 263 10 358
1456624800 10 260 10 331
1456617600 10 257 10 305
1456610400 10 260 11 316
1456603200 10 255 12 348
1456596000 10 288 11 455
1456588800 10 338 10 509
1456581600 10 257 10 309
1456574400 10 256 10 311
1456567200 10 259 10 310
1456560000 10 257 15 314
1456552800 10 258 11 301
1456545600 10 257 10 301
1456538400 10 261 10 304
1456531200 31 363 307 932
1456524000 1646 14231 11302 113821
1456516800 5134 56524 13577 124552
1456509600 2076 11583 8697 148546
1456502400 1999 4904 10157 23440
1456495200 4179 10249 36962 97121
1456488000 237 856 501 1357
1456480800 266 1058 755 4563
1456473600 221 830 442 1342
1456466400 305 1002 1264 2296
1456459200 311 1694 701 9198
1456452000 15671 2300 368512 15012
1456444800 373 4023 1729 40245
1456437600 360 1810 871 7775
1456430400 349 1783 561 3412
1456423200 2979 4839 33121 21791
1456416000 6701 19639 126835 307569
1456408800 3470 80017 17313 212545
1456401600 10 523 10 603
1456394400 10 522 10 601
1456387200 10 507 12 601
1456380000 10 486 11 695
1456372800 10 481 10 606
1456365600 10 549 10 738
1456358400 141 5120 3297 143310
1456351200 4960 165696 8625 237117
1456344000 7186 162971 20844 191722
1456336800 4050 151352 8296 214982
1456329600 6708 12940 131672 113393
1456322400 3374 19034 15787 170796
1456315200 10 466 10 674
1456308000 10 455 10 563
1456300800 10 455 12 549
1456293600 10 469 11 631
1456286400 10 483 10 621
1456279200 10 488 10 689
1456272000 94 754 3696 7965
1456264800 5447 14407 28529 41976
1456257600 4207 86409 20184 869572
1456250400 4231 152992 4964 166056
1456243200 25728 168523 405993 195369
1456236000 2156 21185 7539 110427
1456228800 10 343 11 463
1456221600 10 344 10 380
1456214400 9 358 12 541
1456207200 10 371 11 500
1456200000 10 477 11 735
1456192800 10 478 11 581
1456185600 989 22872 16206 184049
1456178400 8040 166174 55483 220789
1456171200 8494 159185 60335 289033
1456164000 5531 182870 10268 320205
1456156800 7716 208706 32219 320205
1456149600 17995 44784 373127 241800
1456142400 10 352 10 404
1456135200 10 362 11 456
1456128000 10 359 12 452
1456120800 10 351 11 403
1456113600 10 348 11 399
1456106400 10 349 11 430
1456099200 10 352 11 430
1456092000 10 351 11 419
1456084800 10 352 12 404
1456077600 10 353 10 401
1456070400 10 347 11 407
1456063200 10 337 10 390
1456056000 10 336 10 376
1456048800 10 337 11 390
1456041600 10 336 17 392
1456034400 10 337 11 394
1456027200 10 337 10 390
1456020000 10 336 10 390
1456012800 10 342 10 383
1456005600 10 337 10 367
1455998400 10 338 12 391
1455991200 10 338 10 385
1455984000 10 341 10 408
1455976800 10 335 11 365
1455969600 10 338 10 398
1455962400 10 336 11 405
1455955200 10 341 12 412
1455948000 10 350 11 476
1455940800 10 350 10 408
1455933600 10 357 10 411
1455926400 901 31561 4141 145416
1455919200 6204 165270 13060 265444
1455912000 5977 166696 10392 206541
1455904800 5710 165651 10447 212281
1455897600 8886 183427 17823 279267
1455890400 3146 35161 13453 195520
1455883200 10 448 10 696
1455876000 10 428 11 483
1455868800 10 429 101 558
1455861600 10 425 11 462
1455854400 10 482 10 643
1455847200 10 491 26 554
1455840000 1850 42848 19993 224102
1455832800 3630 94892 9321 208658
1455825600 5017 151566 7719 175660
1455818400 4258 130065 9728 177751
1455811200 1303 5431 6573 40696
1455804000 46 860 483 1530
1455796800 10 445 11 534
1455789600 10 439 11 504
1455782400 10 430 12 489
1455775200 10 438 11 557
1455768000 10 479 11 566
1455760800 10 481 11 568
1455753600 4165 18898 42210 181222
1455746400 6640 163648 41686 196906
1455739200 6832 156804 16348 188126
1455732000 7466 156579 14785 191111
1455724800 7799 164915 32267 282053
1455717600 19410 101458 373958 206467
1455710400 10 456 11 532
1455703200 10 463 11 520
1455696000 10 465 12 548
1455688800 10 472 11 622
1455681600 10 483 11 567
1455674400 10 492 11 668
1455667200 3519 59005 13218 175683
1455660000 7497 159427 14201 192650
1455652800 6654 161988 13871 196468
1455645600 5843 151764 20399 183047
1455638400 9509 162084 82504 280907
1455631200 17920 62348 374826 167012
1455624000 10 272 11 365
1455616800 10 269 11 341
1455609600 10 267 12 334
1455602400 10 310 11 482
1455595200 10 324 11 840
1455588000 10 259 11 310
1455580800 10 275 11 330
1455573600 10 270 11 321
1455566400 10 268 12 313
1455559200 10 270 11 435
1455552000 10 268 11 354
1455544800 10 257 11 313
1455537600 10 262 11 330
1455530400 10 262 11 338
1455523200 10 261 12 320
1455516000 10 263 11 330
1455508800 10 258 11 328
1455501600 10 260 11 307
1455494400 10 258 11 304
1455487200 10 260 11 323
1455480000 10 258 12 334
1455472800 10 256 11 304
1455465600 10 262 11 316
1455458400 10 263 11 323
1455451200 10 261 11 359
1455444000 10 281 11 483
1455436800 10 262 12 365
1455429600 10 250 11 458
1455422400 10 228 11 280
1455415200 10 233 11 314
1455408000 10 232 11 275
1455400800 10 232 11 301
1455393600 10 245 12 319
1455386400 10 230 11 282
1455379200 10 242 11 299
1455372000 10 254 11 481
1455364800 10 290 11 432
1455357600 10 405 11 800
1455350400 9 304 12 379
1455343200 10 335 11 518
1455336000 10 340 11 507
1455328800 10 342 11 625
1455321600 2677 34996 10724 158930
1455314400 8165 161370 15336 218725
1455307200 6154 155524 8996 172802
1455300000 4744 151020 8191 196624
1455292800 6124 155995 28164 278378
1455285600 4017 77468 18290 361872
1455278400 10 290 11 403
1455271200 10 292 11 397
1455264000 10 280 12 326
1455256800 10 287 11 352
1455249600 10 289 11 379
1455242400 10 333 11 468
1455235200 1261 31878 10005 176928
1455228000 5803 162387 9636 198374
1455220800 5309 141463 9691 155849
1455213600 5143 149247 15028 188363
1455206400 15238 202608 198010 363065
1455199200 19269 83154 373892 167462
1455192000 10 232 11 278
1455184800 10 285 11 781
1455177600 10 236 12 312
1455170400 10 272 11 533
1455163200 10 275 11 390
1455156000 10 287 11 356
1455148800 525 13974 7307 180429
1455141600 3857 165990 6559 234380
1455134400 5550 159682 37991 180373
1455127200 23332 162221 195910 192349
1455120000 70125 203760 1468975 401830
1455112800 18979 103627 376085 279494
1455105600 10 251 10 356
1455098400 10 302 11 779
1455091200 9 295 11 445
1455084000 10 362 11 584
1455076800 10 387 10 530
1455069600 10 452 11 908
1455062400 245 5983 5596 158451
1455055200 6649 173845 14540 289077
1455048000 6725 208035 18000 614701
1455040800 4536 162574 6254 178963
1455033600 7999 182835 40480 248577
1455026400 3670 80447 11264 174696
1455019200 10 309 12 396
1454976000 3641 48625 372314 320383
1454889600 10 233 14 457
1454803200 9 228 12 351
1454716800 183723 75078 1908834 369166
1454630400 15485 54925 1678535 338594
1454544000 11758 84850 2216885 580519
1454457600 11978 64250 2799180 372308
1454371200 19934 37251 3425157 300103
1454284800 10 289 12 351
1454198400 9 289 12 460
1454112000 210919 35937 7026588 492995
1454025600 4018 63365 229698 305208
1453939200 3470 62858 232687 389377
1453852800 3718 3786 230111 65287
1453766400 1415 35338 26524 276662
1453680000 9 266 12 338
1453593600 10 267 12 348
1453507200 2534 54153 119540 411140
1453420800 3836 70178 156376 1168425
1453334400 1626 30573 20763 319231
1453248000 3150 61506 156236 315226
1453161600 3069 53048 158162 380810
1453075200 9 243 12 392
1452988800 10 211 12 296
1452902400 2398 38775 154686 583967
1452816000 3444 31782 286702 868382
1452729600 3620 65005 267896 281114
1452643200 2093 28542 155504 363851
1452556800 4248 68924 331037 982251
1452470400 10 248 14 708
1452384000 10 316 127 5476
1452297600 4853 30102 937974 236703
1452211200 1838 12890 197736 464413
1452124800 1136 24811 12424 538203
1452038400 6362 50033 956462 295317
1451952000 7515 4983 1043724 175147
1451865600 33890 3405 6553574 151399
1451779200 10 242 16 323
1451692800 9 244 12 337
1451606400 10 314 12 924
1451520000 10 355 12 1128
1451433600 10 341 12 1082
1451347200 10 220 17 694
1451260800 10 188 23 268
1451174400 10 196 12 324
1451088000 10 187 12 263
1451001600 9 242 12 783
1450915200 640 1759 38420 40573
1450828800 30889 31680 3726358 1076437
1450742400 22010 33277 1675860 3110949
1450656000 10 217 12 265
1450569600 10 226 12 346
1450483200 1110 3231 127492 133248
1450396800 1810 19047 124865 242457
1450310400 3345 50269 129280 268917
1450224000 3370 58314 205619 255730
1450137600 1908 28420 121067 389917
1450051200 10 389 12 450
1449964800 10 363 16 670
1449878400 1623 21496 124428 209760
1449792000 2055 48613 119511 224866
1449705600 2970 47636 152271 278572
1449619200 1906 38577 26328 211047
1449532800 13318 4410 1257411 151660
1449446400 9 350 12 401
1449360000 10 349 12 415
1449273600 1524 4338 112089 237386
1449187200 5579 5233 1045803 75822
1449100800 1681 6159 108485 271722
1449014400 2759 70184 103530 458087
1448928000 7699 35510 857349 297687
1448841600 10 406 17 671
1448755200 10 408 12 678
1448668800 1411 8204 106141 362981
1448582400 1530 2626 96019 41420
1448496000 1052 5697 70419 91009
1448409600 1609 8938 100492 163091
1448323200 1132 4013 42268 125657
1448236800 10 335 12 385
1448150400 10 335 12 380
1448064000 1574 28678 96926 191119
1447977600 1556 2984 96401 47002
1447891200 3480 56841 280711 257252
1447804800 725 9411 95097 188701
1447718400 1374 17383 36297 196127
1447632000 10 569 11 659
1447545600 9 547 12 642
1447459200 2580 31139 76960 225246
1447372800 1986 54468 117016 677997
1447286400 1983 4651 96641 268158
1447200000 2289 44424 85664 333935
1447113600 5733 48554 278822 472197
1447027200 581 4594 37810 146490
1446940800 10 387 227 862
1446854400 1388 32066 12186 301599
1446768000 2455 50633 83842 225872
1446681600 3244 62451 83878 294503
1446595200 25101 44185 1225046 255169
1446508800 25128 51961 2511495 3170883
1446422400 9 458 12 617
1446336000 10 452 12 556
1446249600 1048 3385 59430 228574
1446163200 999 9346 40727 903286
1446076800 2297 46982 71485 234947
1445990400 1313 9718 64581 174536
1445904000 2241 56537 74478 628098
1445817600 10 421 12 503
1445731200 9 428 12 612
1445644800 2544 38991 213829 413282
1445558400 5866 77287 279788 495260
1445472000 2071 27820 60876 298678
1445385600 3108 44904 73241 359588
1445299200 2594 61539 25317 235273
1445212800 10 480 12 586
1445126400 10 445 105 1071
1445040000 1425 5413 57098 189900
1444953600 1598 37280 73400 2056114
1444867200 10 695 12 1941
1444780800 10 691 18 1550
1444694400 10 378 12 653
1444608000 9 400 12 915
1444521600 10 417 12 547
1444435200 1647 4528 49320 160890
1444348800 1972 25354 69914 255977
1444262400 1080 12975 72333 242629
1444176000 3982 67627 70947 332091
1444089600 3732 67167 210608 1334176
1444003200 10 488 12 583
1443916800 10 489 13 574
1443830400 2872 55781 71736 303666
1443744000 3200 65700 44030 208541
1443657600 1807 31481 39195 276475
1443571200 2240 3498 69239 43101
1443484800 1317 21147 80311 201479
1443398400 10 696 11 1003
1443312000 10 654 11 757
1443225600 1000 23714 111781 2526663
1443139200 10 809 11 2063
1443052800 10 912 17 2586
1442966400 81 1022 12388 50108
1442880000 10 836 12 2141
1442793600 10 566 68 844
1442707200 10 594 12 1357
1442620800 5056 15073 880598 227592
1442534400 3356 63996 112814 221619
1442448000 3762 63366 256362 254493
1442361600 3275 53326 330867 325245
1442275200 4008 8172 332165 222585
1442188800 10 394 12 684
1442102400 10 468 12 973
1442016000 10 686 12 1677
1441929600 10 680 35 1632
1441843200 10 801 14 2022
1441756800 10 724 12 1566
1441670400 9 441 12 622
1441584000 10 441 12 517
1441497600 10 433 29 746
1441411200 9 695 12 1469
1441324800 24362 16088 2510068 267975
1441238400 23000 125852 1510217 11764969
1441152000 3508 72786 125136 590715
1441065600 2409 56989 33533 304942
1440979200 10 442 12 517
1440892800 10 443 12 512
1440806400 1132 19002 117652 203973
1440720000 819 10805 119885 205340
1440633600 2057 55792 80696 599809
1440547200 2652 69729 117499 344499
1440460800 2051 69612 40208 559821
1440374400 10 418 12 462
1440288000 9 421 12 732
1440201600 2026 40629 116893 289110
1440115200 3065 69783 114175 284817
1440028800 2073 43161 49427 222254
1439942400 1380 5825 114469 281172
1439856000 1409 7749 112130 147371
1439769600 10 405 12 453
1439683200 10 399 12 491
1439596800 1554 10192 111099 521437
1439510400 1232 14089 62739 458721
1439424000 1653 12661 111752 1038683
1439337600 1529 3528 145803 98479
1439251200 2188 6828 113480 462657
1439164800 10 415 11 483
1439078400 9 422 12 513
1438992000 2015 9479 105606 61492
1438905600 2321 29918 111835 239976
1438819200 20806 27207 1326084 1176319
1438732800 2655 36567 143886 6138965
1438646400 10 422 12 755
1438560000 10 402 12 530
1438473600 9 402 12 466
1438387200 10 737 12 1643
1438300800 10 838 12 1989
1438214400 2278 12208 102230 113626
1438128000 1500 9457 104610 100437
1438041600 1308 9129 105765 1148227
1437955200 10 370 34 424
1437868800 10 379 12 912
1437782400 1194 5338 111628 329881
1437696000 1377 4580 95644 140673
1437609600 1663 9344 92874 155562
1437523200 2452 8379 387363 441760
1437436800 1586 3918 101839 208642
1437350400 8 379 12 440
1437264000 10 388 12 492
1437177600 1573 10543 104597 430003
1437091200 2064 14815 106530 152690
1437004800 1666 24618 43175 1392454
1436918400 1598 11965 100617 175213
1436832000 2231 21034 101594 1176994
1436745600 9 365 12 413
1436659200 12 370 705 1062
1436572800 967 14112 19880 1159037
1436486400 1216 13678 42363 136783
1436400000 2144 19874 146471 913938
1436313600 2093 25809 104446 1162207
1436227200 1562 18977 99857 263470
1436140800 10 376 12 426
1436054400 9 379 12 431
1435968000 2804 9216 464764 460956
1435881600 2192 17446 143268 389750
1435795200 10 378 12 632
1435708800 1432 14061 104041 189559
1435622400 1717 23845 99444 1179686
1435536000 10 509 12 605
1435449600 10 523 12 767
1435363200 2498 14285 256948 254697
1435276800 1004 16686 13044 157562
1435190400 2530 11620 169981 148557
1435104000 1352 7285 101844 283277
1435017600 3823 11370 313064 1193936
1434931200 9 363 12 575
1434844800 10 372 12 509
1434758400 1758 16511 104516 203191
1434672000 2042 5470 109055 132876
1434585600 2859 14948 257290 615303
1434499200 769 10869 8143 116949
1434412800 3134 23901 213807 1216662
1434326400 9 407 12 460
1434240000 10 411 17 685
1434153600 2670 39496 135918 6244480
1434067200 1400 15243 101100 1050994
1433980800 1486 14947 38986 93459
1433894400 2141 14570 102075 141249
1433808000 9 542 13 1496
1433721600 10 269 12 353
1433635200 9 274 12 533
1433548800 1400 6780 98652 93082
1433462400 1749 9557 93562 196539
1433376000 443 752 93620 8914
1433289600 934 742 115489 8731
1433203200 92438 5593 2611796 240136
1433116800 120 355 14349 11146
1433030400 386 1747 11656 103485
1432944000 677 3234 14408 101699
1432857600 10 588 12 1981
1432771200 3879 92021 210211 9158838
1432684800 1918 12168 116943 248871
1432598400 2152 3474 113300 60452
1432512000 10 212 12 252
1432425600 9 212 12 336
1432339200 206 703 11110 11985
1432252800 1051 12706 18694 115474
1432166400 10 489 12 1216
1432080000 3369 59595 181773 371489
1431993600 10 207 12 352
1431907200 9 200 12 250
1431820800 10 201 12 262
1431734400 2083 13021 146322 307161
1431648000 9789 3305 1278037 125210
1431561600 3201 28253 278448 1112263
1431475200 3064 10470 416941 385169
1431388800 23069 3363 1357977 73654
1431302400 10 243 12 307
1431216000 9 242 12 432
1431129600 1100 4004 88478 348145
1431043200 1790 42378 90380 1165346
1430956800 2529 59935 92496 235601
1430870400 1695 28641 91160 221969
1430784000 4323 45451 210624 258447
1430697600 10 205 12 269
1430611200 9 204 12 353
1430524800 5422 54078 214577 263944
1430438400 3513 35929 493541 182004
1430352000 435 1053 11221 11836
1430265600 1749 2316 11259 12160
1430179200 536 1047 11264 12094
1430092800 95 423 104 683
1430006400 95 455 111 1588
1429920000 496 1112 11259 12595
1429833600 494 1122 11258 12494
1429747200 952 1514 11259 12236
1429660800 611 1291 11260 12474
1429574400 95 732 102 1912
1429488000 95 509 104 711
1429401600 95 492 102 618
1429315200 444 1023 11228 12178
1429228800 982 1769 11259 12733
1429142400 430 1465 11259 12625
1429056000 1075 1870 11259 12398
1428969600 904 1688 11263 13349
1428883200 95 392 102 595
1428796800 95 391 102 775
1428710400 86 773 109 2132
1428624000 512 1347 11258 12428
1428537600 314 846 11222 11908
1428451200 230 724 11258 11958
1428364800 379 874 11259 11979
1428278400 95 330 102 398
1428192000 95 329 102 480
1428105600 94 340 102 848
1428019200 872 1408 11269 12564
1427932800 222 886 11221 12273
1427846400 95 635 102 1897
1427760000 411 904 11259 12246
1427673600 94 411 104 905
1427587200 94 411 109 569
1427500800 94 756 510 2153
1427414400 95 724 104 1704
1427328000 1009 1545 11264 12459
1427241600 95 637 173 1585
1427155200 628 1678 11264 12043
1427068800 26 1385 32 1441
1426982400 63 1043 107 1405
1426896000 457 1097 11261 12552
1426809600 1324 1887 11265 12729
1426723200 275 888 11226 12291
1426636800 95 685 102 1571
1426550400 810 1338 11261 12838
1426464000 94 363 102 478
1426377600 95 364 102 468
1426291200 343 890 11260 12143
1426204800 799 1388 11269 12625
1426118400 493 6979 15131 317181
1426032000 78 272 10582 21191
1425945600 552 2484 28480 288620
1425859200 10 209 12 292
1425772800 10 206 23 351
1425686400 852 1843 14665 40963
1425600000 27115 2680 1150631 61540
1425513600 10 431 12 1817
1425427200 486 996 12780 16637
1425340800 578 960 11147 12115
1425254400 9 175 12 233
1425168000 10 172 12 211
1425081600 535 913 11150 12043
1424995200 318 694 11147 11835
1424908800 65 513 8212 8613
1424822400 10 530 12 1414
1424736000 938 1479 22497 27162
1424649600 10 169 12 231
1424563200 10 169 12 213
1424476800 413 909 11147 11961
1424390400 422 1008 11148 12102
1424304000 233 1073 30427 39691
1424217600 1164 1829 36675 45122
1424131200 10 168 12 342
1424044800 10 170 12 290
1423958400 10 178 17 311
1423872000 462 938 11114 12191
1423785600 1217 1708 11148 12287
1423699200 279 723 11111 11863
1423612800 197 880 11150 22150
1423526400 690 1388 23032 60686
1423440000 10 181 12 226
1423353600 10 241 12 18061
1423267200 417 937 20584 21816
1423180800 477 1170 11110 21182
1423094400 786 1407 11905 21252
1423008000 567 1127 11148 32188
1422921600 598 990 11147 12242
1422835200 10 169 12 243
1422748800 10 174 12 805
1422662400 145 691 11110 12834
1422576000 1238 2244 28976 90645
1422489600 643 1449 11147 17933
1422403200 334 898 11110 12254
1422316800 613 1207 11147 17803
1422230400 10 174 38 403
1422144000 10 172 12 301
1422057600 4391 1777 895021 83697
1421971200 1107 2266 23851 90396
1421884800 79 813 6904 9476
1421798400 587 1794 22356 81965
1421712000 102 562 24818 32240
1421625600 10 173 12 205
1421539200 10 173 12 385
1421452800 367 796 11147 12231
1421366400 1608 3415 16584 56058
1421280000 2082 1697 137505 31374
1421193600 1221 1025 82034 18785
1421107200 2246 3590 61998 85994
1421020800 10 348 12 1241
1420934400 10 332 12 844
1420848000 175 843 11110 14577
1420761600 1584 2356 27045 62288
1420675200 343 1224 21217 26617
1420588800 438 1582 12239 67888
1420502400 561 1304 11147 13890
1420416000 10 312 12 576
1420329600 9 318 12 846
1420243200 113 542 11147 11999
1420156800 10 271 210 1436
1420070400 307 605 11111 11760
1419984000 36 743 2821 7870
1419897600 95 581 11147 12128
1419811200 10 157 12 204
1419724800 10 157 12 198
1419638400 10 157 12 194
1419552000 10 156 40 194
1419465600 10 157 12 239
1419379200 35 547 5966 17461
1419292800 475 1682 11148 34779
1419206400 10 171 12 460
1419120000 10 164 34 292
1419033600 10 500 11 1757
1418947200 1811 2501 11147 36556
1418860800 328 857 11110 12072
1418774400 10 468 506 2823
1418688000 363 853 11147 12355
1418601600 10 280 12 397
1418515200 10 272 12 511
1418428800 66 546 9030 9776
1418342400 827 1462 11147 13400
1418256000 803 1377 11147 12701
1418169600 421 1094 11148 12438
1418083200 232 861 11147 12023
1417996800 10 178 12 438
1417910400 10 178 67 431
1417824000 565 1123 11147 12360
1417737600 477 1031 11147 12175
1417651200 329 829 11147 11907
1417564800 431 931 11147 12278
1417478400 690 1142 11148 12260
1417392000 10 184 12 338
1417305600 10 185 12 415
1417219200 118 757 11148 11865
1417132800 924 1559 11148 12399
1417046400 126 1098 11110 12354
1416960000 813 1567 11147 12567
1416873600 749 1269 11147 13151
1416787200 10 231 12 954
1416700800 10 222 12 1054
1416614400 10 540 29 1552
1416528000 382 1042 11147 12760
1416441600 693 1234 11147 12126
1416355200 823 1183 11147 11908
1416268800 106 497 11110 11557
1416182400 9 199 34 247
1416096000 10 198 12 349
1416009600 342 845 11147 12253
1415923200 796 1418 11147 12566
1415836800 109 727 11147 12245
1415750400 395 931 11147 12418
1415664000 10 387 12 1710
1415577600 10 181 42 309
1415491200 10 190 12 414
1415404800 173 336 14637 17211
1415318400 289 1540 18565 38162
1415232000 191 364 14145 20464
1415145600 311 7212 13816 595483
1415059200 0 0 0 0
1414972800 0 0 0 0
1414886400 0 0 0 0
1414800000 0 0 0 0
1414713600 0 0 0 0
1414627200 0 0 0 0
1414540800 31 52 4945 8038
1414454400 100 203 7742 17532
1414368000 0 0 0 0
1414281600 0 0 0 0
1414195200 265 640 7518 20090
1414108800 31 46 9602 14004
1414022400 183 356 9548 20394
1413936000 0 0 0 0
1413849600 210 561 32311 44374
1413763200 0 0 0 0
1413676800 0 0 0 0
1413590400 56 246 5637 14963
1413504000 77 172 9414 25487
1413417600 104 642 7117 83511
1413331200 49 140 10077 23737
1413244800 0 0 0 0
1413158400 0 0 0 0
1413072000 0 0 0 0
1412985600 611 215 96854 11816
1412899200 0 0 0 0
1412812800 453 957 13065 86623
1412726400 0 0 0 0
1412640000 0 0 0 0
1412553600 0 0 0 0
1412467200 0 0 0 0
1412380800 0 0 0 0
1412294400 0 0 0 0
1412208000 0 0 0 0
1412121600 40 154 8589 39209
1412035200 0 0 0 0
1411948800 0 0 0 0
1411862400 0 0 0 0
1411776000 0 0 0 0
1411689600 0 0 0 0
1411603200 0 0 0 0
1411516800 0 0 0 0
1411430400 0 0 0 0
1411344000 0 0 0 0
1411257600 0 0 0 0
1411171200 0 0 0 0
1411084800 0 0 0 0
1410998400 0 0 0 0
1410912000 1399 5416 205258 775300
1410825600 204 1100 7614 64435
1410739200 0 0 0 0
1410652800 0 0 0 0
1410566400 0 0 0 0
1410480000 0 0 0 0
1410393600 0 0 0 0
1410307200 134 425 9234 91748
1410220800 0 0 0 0
1410134400 0 0 0 0
1410048000 0 0 0 0
1409961600 0 0 0 0
1409875200 0 0 0 0
1409788800 0 0 0 0
1409702400 0 0 0 0
1409616000 0 0 0 0
1409529600 0 0 0 0
1409443200 0 0 0 0
1409356800 55 582 5402 53043
1409270400 109 234 11546 15860
1409184000 118 298 7876 32540
1409097600 0 0 0 0
1409011200 0 0 0 0
1408924800 0 0 0 0
1408838400 0 0 0 0
1408752000 0 0 0 0
1408665600 0 0 0 0
1408579200 0 0 0 0
1408492800 0 0 0 0
1408406400 27 87 6545 20516
1408320000 0 0 0 0
1408233600 0 0 0 0
1408147200 70 171 4614 11405
1408060800 1684 646 107215 24114
1407974400 86 156 4396 5247
1407888000 238 205 12740 6907
1407801600 225 3382 15308 330587
1407715200 0 0 0 0
1407628800 0 0 0 0
1407542400 44 170 2483 13843
1407456000 18 53 2153 2733
1407369600 924 1029 152498 27568
1407283200 30 61 7009 10610
1407196800 0 0 0 0
1407110400 0 0 0 0
1407024000 0 0 0 0
1406937600 0 0 0 0
1406851200 482 856 26111 30164
1406764800 0 0 0 0
1406678400 0 0 0 0
1406592000 404 2431 8876 230521
1406505600 0 0 0 0
1406419200 0 0 0 0
1406332800 0 0 0 0
1406246400 64 77 8332 5002
1406160000 0 0 0 0
1406073600 0 0 0 0
1405987200 0 0 0 0
1405900800 0 0 0 0
1405814400 0 0 0 0
1405728000 0 0 0 0
1405641600 0 0 0 0
1405555200 880 4762 81580 446533
1405468800 592 3554 25601 491738
1405382400 0 0 0 0
1405296000 0 0 0 0
1405209600 0 0 0 0
1405123200 0 0 0 0
1405036800 0 0 0 0
1404950400 0 0 0 0
1404864000 0 0 0 0
1404777600 0 0 0 0
1404691200 0 0 0 0
1404604800 0 0 0 0
1404518400 0 0 0 0
1404432000 0 0 0 0
1404345600 0 0 0 0
1404259200 0 0 0 0
1404172800 0 0 0 0
1404086400 0 0 0 0
1404000000 0 0 0 0
1403913600 0 0 0 0
1403827200 0 0 0 0
1403740800 0 0 0 0
1403654400 0 0 0 0
1403568000 0 0 0 0
1403481600 0 0 0 0
1403395200 0 0 0 0
1403308800 0 0 0 0
1403222400 0 0 0 0
1403136000 0 0 0 0
1403049600 0 0 0 0
1402963200 0 0 0 0
1402876800 0 0 0 0
1402790400 0 0 0 0
1402704000 0 0 0 0
1402617600 0 0 0 0
1402531200 0 0 0 0
1402444800 0 0 0 0
1402358400 0 0 0 0
1402272000 0 0 0 0
1402185600 0 0 0 0
1402099200 0 0 2 53
1402012800 0 0 0 0
1401926400 0 0 0 0
1401840000 0 0 0 0
1401753600 0 0 0 0
1401667200 0 0 0 0
1401580800 0 0 0 0
1401494400 0 0 0 0
1401408000 0 0 0 0
1401321600 0 0 0 0
1401235200 0 0 0 0
1401148800 0 0 0 0
1401062400 0 0 0 0
1400976000 0 0 0 0
1400889600 0 0 0 0
1400803200 0 0 0 0
1400716800 0 0 0 0
1400630400 2298 10735 102902 480350
1400544000 93 262 98 357
1400457600 93 258 98 293
1400371200 92 253 98 562
1400284800 5627 17019 159647 211506
1400198400 5308 29691 159279 789667
1400112000 5635 41264 156111 764020
1400025600 4350 23350 158448 373798
1399939200 2841 15047 158841 146401
1399852800 1001 902 108217 42569
1399766400 2735 1782 207394 84457
1399680000 7958 15791 157697 230518
1399593600 5116 38321 158474 973717
1399507200 5480 34617 156837 404083
1399420800 2739 15671 184901 156098
1399334400 0 0 0 0
1399248000 0 0 0 0
1399161600 0 0 0 0
1399075200 0 0 0 0
1398988800 0 0 0 0
1398902400 0 0 0 0
1398816000 0 0 0 0
1398729600 0 0 0 0
1398643200 0 0 0 0
1398556800 0 0 0 0
1398470400 0 0 0 0
1398384000 0 0 0 0
1398297600 0 0 0 0
1398211200 0 0 0 0
1398124800 0 0 0 0
1398038400 0 0 0 0
1397952000 0 0 0 0
1397865600 0 0 0 0
1397779200 0 0 0 0
1397692800 0 0 0 0
1397606400 0 0 0 0
1397520000 0 0 0 0
1397433600 0 0 0 0
1397347200 0 0 0 0
1397260800 0 0 0 0
1397174400 0 0 0 0
1397088000 0 0 0 0
1397001600 0 0 0 0
1396915200 0 0 0 0
1396828800 0 0 0 0
1396742400 0 0 0 0
1396656000 0 0 0 0
1396569600 0 0 0 0
1396483200 0 0 0 0
1396396800 0 0 0 0
1396310400 0 0 0 0
1396224000 0 0 0 0
1396137600 0 0 0 0
1396051200 0 0 0 0
1395964800 0 0 0 0
1395878400 0 0 0 0
1395792000 0 0 0 0
1395705600 0 0 0 0
1395619200 0 0 0 0
1395532800 0 0 0 0
1395446400 0 0 0 0
1395360000 0 0 0 0
1395273600 0 0 0 0
1395187200 0 0 0 0
1395100800 0 0 0 0
1395014400 0 0 0 0
1394928000 0 0 0 0
1394841600 0 0 0 0
1394755200 0 0 0 0
1394668800 0 0 0 0
1394582400 0 0 0 0
1394496000 0 0 0 0
1394409600 0 0 0 0
1394323200 0 0 0 0
1394236800 0 0 0 0
1394150400 0 0 0 0
1394064000 0 0 0 0
1393977600 0 0 0 0
1393891200 0 0 0 0
1393804800 0 0 0 0
1393718400 0 0 0 0
1393632000 0 0 0 0
1393545600 0 0 0 0
1393459200 0 0 0 0
1393372800 0 0 0 0
1393286400 0 0 0 0
1393200000 0 0 0 0
1393113600 0 0 0 0
1393027200 0 0 0 0
1392940800 0 0 0 0
1392854400 0 0 0 0
1392768000 0 0 0 0
1392681600 0 0 0 0
1392595200 0 0 0 0
1392508800 0 0 0 0
1392422400 0 0 0 0
1392336000 0 0 0 0
1392249600 0 0 0 0
1392163200 0 0 0 0
1392076800 0 0 0 0
1391990400 0 0 0 0
1391904000 0 0 0 0
1391817600 0 0 0 0
