1460685978 -1 -1
1460685978 0 0 0 0
1460601740 0 0 0 0
1460601600 0 0 0 0
1460601300 0 0 0 0
1460601000 0 0 0 0
1460600700 0 0 0 0
1460600400 0 0 0 0
1460600100 0 0 0 0
1460599800 0 0 0 0
1460599500 0 0 0 0
1460599200 0 0 0 0
1460598900 0 0 0 0
1460598600 0 0 0 0
1460598300 0 0 0 0
1460598000 0 0 0 0
1460597700 0 0 0 0
1460597400 0 0 0 0
1460597100 0 0 0 0
1460596800 0 0 0 0
1460596500 0 0 0 0
1460596200 0 0 0 0
1460595900 0 0 0 0
1460595600 0 0 0 0
1460595300 0 0 0 0
1460595000 0 0 0 0
1460594700 0 0 0 0
1460594400 0 0 0 0
1460594100 0 0 0 0
1460593800 0 0 0 0
1460593500 0 0 0 0
1460593200 0 0 0 0
1460592900 0 0 0 0
1460592600 0 0 0 0
1460592300 0 0 0 0
1460592000 0 0 0 0
1460591700 0 0 0 0
1460591400 0 0 0 0
1460591100 0 0 0 0
1460590800 0 0 0 0
1460590500 0 0 0 0
1460590200 0 0 0 0
1460589900 0 0 0 0
1460589600 0 0 0 0
1460589300 0 0 0 0
1460589000 0 0 0 0
1460588700 0 0 0 0
1460588400 0 0 0 0
1460588100 0 0 0 0
1460587800 0 0 0 0
1460587500 0 0 0 0
1460587200 0 0 0 0
1460586900 0 0 0 0
1460586600 0 0 0 0
1460586300 0 0 0 0
1460586000 0 0 0 0
1460585700 0 0 0 0
1460585400 0 0 0 0
1460585100 0 0 0 0
1460584800 0 0 0 0
1460584500 0 0 0 0
1460584200 0 0 0 0
1460583900 0 0 0 0
1460583600 0 0 0 0
1460583300 0 0 0 0
1460583000 0 0 0 0
1460582700 0 0 0 0
1460582400 0 0 0 0
1460582100 0 0 0 0
1460581800 0 0 0 0
1460581500 0 0 0 0
1460581200 0 0 0 0
1460580900 0 0 0 0
1460580600 0 0 0 0
1460580300 0 0 0 0
1460580000 0 0 0 0
1460579700 0 0 0 0
1460579400 0 0 0 0
1460579100 0 0 0 0
1460578800 0 0 0 0
1460578500 0 0 0 0
1460578200 0 0 0 0
1460577900 0 0 0 0
1460577600 0 0 0 0
1460577300 0 0 0 0
1460577000 0 0 0 0
1460576700 0 0 0 0
1460576400 0 0 0 0
1460576100 0 0 0 0
1460575800 0 0 0 0
1460575500 0 0 0 0
1460575200 0 0 0 0
1460574900 0 0 0 0
1460574600 0 0 0 0
1460574300 0 0 0 0
1460574000 0 0 0 0
1460573700 0 0 0 0
1460573400 0 0 0 0
1460573100 0 0 0 0
1460572800 0 0 0 0
1460572500 0 0 0 0
1460572200 0 0 0 0
1460571900 0 0 0 0
1460571600 0 0 0 0
1460571300 0 0 0 0
1460571000 0 0 0 0
1460570700 0 0 0 0
1460570400 0 0 0 0
1460570100 0 0 0 0
1460569800 0 0 0 0
1460569500 0 0 0 0
1460569200 0 0 0 0
1460568900 0 0 0 0
1460568600 0 0 0 0
1460568300 0 0 0 0
1460568000 0 0 0 0
1460567700 0 0 0 0
1460567400 0 0 0 0
1460567100 0 0 0 0
1460566800 0 0 0 0
1460566500 0 0 0 0
1460566200 0 0 0 0
1460565900 0 0 0 0
1460565600 0 0 0 0
1460565300 0 0 0 0
1460565000 0 0 0 0
1460564700 0 0 0 0
1460564400 0 0 0 0
1460564100 0 0 0 0
1460563800 0 0 0 0
1460563500 0 0 0 0
1460563200 0 0 0 0
1460562900 0 0 0 0
1460562600 0 0 0 0
1460562300 0 0 0 0
1460562000 0 0 0 0
1460561700 0 0 0 0
1460561400 0 0 0 0
1460561100 0 0 0 0
1460560800 0 0 0 0
1460560500 0 0 0 0
1460560200 0 0 0 0
1460559900 0 0 0 0
1460559600 0 0 0 0
1460559300 0 0 0 0
1460559000 0 0 0 0
1460558700 0 0 0 0
1460558400 0 0 0 0
1460558100 0 0 0 0
1460557800 0 0 0 0
1460557500 0 0 0 0
1460557200 0 0 0 0
1460556900 0 0 0 0
1460556600 0 0 0 0
1460556300 0 0 0 0
1460556000 0 0 0 0
1460555700 0 0 0 0
1460555400 0 0 0 0
1460555100 0 0 0 0
1460554800 0 0 0 0
1460554500 0 0 0 0
1460554200 0 0 0 0
1460553900 0 0 0 0
1460553600 0 0 0 0
1460553300 0 0 0 0
1460553000 0 0 0 0
1460552700 0 0 0 0
1460552400 0 0 0 0
1460552100 0 0 0 0
1460551800 0 0 0 0
1460551500 0 0 0 0
1460551200 0 0 0 0
1460550900 0 0 0 0
1460550600 0 0 0 0
1460550300 0 0 0 0
1460550000 0 0 0 0
1460549700 0 0 0 0
1460549400 0 0 0 0
1460549100 0 0 0 0
1460548800 0 0 0 0
1460548500 0 0 0 0
1460548200 0 0 0 0
1460547900 0 0 0 0
1460547600 0 0 0 0
1460547300 0 0 0 0
1460547000 0 0 0 0
1460546700 0 0 0 0
1460546400 0 0 0 0
1460546100 0 0 0 0
1460545800 0 0 0 0
1460545500 0 0 0 0
1460545200 0 0 0 0
1460544900 0 0 0 0
1460544600 0 0 0 0
1460544300 0 0 0 0
1460544000 0 0 0 0
1460543700 0 0 0 0
1460543400 0 0 0 0
1460543100 0 0 0 0
1460542800 0 0 0 0
1460542500 0 0 0 0
1460542200 0 0 0 0
1460541900 0 0 0 0
1460541600 0 0 0 0
1460541300 0 0 0 0
1460541000 0 0 0 0
1460540700 0 0 0 0
1460540400 0 0 0 0
1460540100 0 0 0 0
1460539800 0 0 0 0
1460539500 0 0 0 0
1460539200 0 0 0 0
1460538900 0 0 0 0
1460538600 0 0 0 0
1460538300 0 0 0 0
1460538000 0 0 0 0
1460537700 0 0 0 0
1460537400 0 0 0 0
1460537100 0 0 0 0
1460536800 0 0 0 0
1460536500 0 0 0 0
1460536200 0 0 0 0
1460535900 0 0 0 0
1460535600 0 0 0 0
1460535300 0 0 0 0
1460535000 0 0 0 0
1460534700 0 0 0 0
1460534400 0 0 0 0
1460534100 0 0 0 0
1460533800 0 0 0 0
1460533500 0 0 0 0
1460533200 0 0 0 0
1460532900 0 0 0 0
1460532600 0 0 0 0
1460532300 0 0 0 0
1460532000 0 0 0 0
1460531700 0 0 0 0
1460531400 0 0 0 0
1460531100 0 0 0 0
1460530800 0 0 0 0
1460530500 0 0 0 0
1460530200 0 0 0 0
1460529900 0 0 0 0
1460529600 0 0 0 0
1460529300 0 0 0 0
1460529000 0 0 0 0
1460528700 0 0 0 0
1460528400 0 0 0 0
1460528100 0 0 0 0
1460527800 0 0 0 0
1460527500 0 0 0 0
1460527200 0 0 0 0
1460526900 0 0 0 0
1460526600 0 0 0 0
1460526300 0 0 0 0
1460526000 0 0 0 0
1460525700 0 0 0 0
1460525400 0 0 0 0
1460525100 0 0 0 0
1460524800 0 0 0 0
1460524500 0 0 0 0
1460524200 0 0 0 0
1460523900 0 0 0 0
1460523600 0 0 0 0
1460523300 0 0 0 0
1460523000 0 0 0 0
1460522700 0 0 0 0
1460522400 0 0 0 0
1460522100 0 0 0 0
1460521800 0 0 0 0
1460521500 0 0 0 0
1460521200 0 0 0 0
1460520900 0 0 0 0
1460520600 0 0 0 0
1460520300 0 0 0 0
1460520000 0 0 0 0
1460519700 0 0 0 0
1460519400 0 0 0 0
1460519100 0 0 0 0
1460518800 0 0 0 0
1460518500 0 0 0 0
1460518200 0 0 0 0
1460517900 0 0 0 0
1460517600 0 0 0 0
1460517300 0 0 0 0
1460517000 0 0 0 0
1460516700 0 0 0 0
1460516400 0 0 0 0
1460516100 0 0 0 0
1460515800 0 0 0 0
1460515500 0 0 0 0
1460515200 0 0 0 0
1460514900 0 0 0 0
1460514600 0 0 0 0
1460514300 0 0 0 0
1460514000 0 0 0 0
1460513700 0 0 0 0
1460513400 0 0 0 0
1460513100 0 0 0 0
1460512800 0 0 0 0
1460512500 0 0 0 0
1460512200 0 0 0 0
1460511900 0 0 0 0
1460511600 0 0 0 0
1460511300 0 0 0 0
1460511000 0 0 0 0
1460510700 0 0 0 0
1460510400 0 0 0 0
1460510100 0 0 0 0
1460509800 0 0 0 0
1460509500 0 0 0 0
1460509200 0 0 0 0
1460508900 0 0 0 0
1460508600 0 0 0 0
1460508300 0 0 0 0
1460508000 0 0 0 0
1460507700 0 0 0 0
1460507400 0 0 0 0
1460507100 0 0 0 0
1460506800 0 0 0 0
1460506500 0 0 0 0
1460506200 0 0 0 0
1460505900 0 0 0 0
1460505600 0 0 0 0
1460505300 0 0 0 0
1460505000 0 0 0 0
1460504700 0 0 0 0
1460504400 0 0 0 0
1460504100 0 0 0 0
1460503800 0 0 0 0
1460503500 0 0 0 0
1460503200 0 0 0 0
1460502900 0 0 0 0
1460502600 0 0 0 0
1460502300 0 0 0 0
1460502000 0 0 0 0
1460501700 0 0 0 0
1460501400 0 0 0 0
1460501100 0 0 0 0
1460500800 0 0 0 0
1460500500 0 0 0 0
1460500200 0 0 0 0
1460499900 0 0 0 0
1460499600 0 0 0 0
1460499300 0 0 0 0
1460499000 0 0 0 0
1460498700 0 0 0 0
1460498400 0 0 0 0
1460498100 0 0 0 0
1460497800 0 0 0 0
1460497500 0 0 0 0
1460497200 0 0 0 0
1460496900 0 0 0 0
1460496600 0 0 0 0
1460496300 0 0 0 0
1460496000 0 0 0 0
1460495700 0 0 0 0
1460495400 0 0 0 0
1460495100 0 0 0 0
1460494800 0 0 0 0
1460494500 0 0 0 0
1460494200 0 0 0 0
1460493900 0 0 0 0
1460493600 0 0 0 0
1460493300 0 0 0 0
1460493000 0 0 0 0
1460492700 0 0 0 0
1460492400 0 0 0 0
1460492100 0 0 0 0
1460491800 0 0 0 0
1460491500 0 0 0 0
1460491200 0 0 0 0
1460490900 0 0 0 0
1460490600 0 0 0 0
1460490300 0 0 0 0
1460490000 0 0 0 0
1460489700 0 0 0 0
1460489400 0 0 0 0
1460489100 0 0 0 0
1460488800 0 0 0 0
1460488500 0 0 0 0
1460488200 0 0 0 0
1460487900 0 0 0 0
1460487600 0 0 0 0
1460487300 0 0 0 0
1460487000 0 0 0 0
1460486700 0 0 0 0
1460486400 0 0 0 0
1460486100 0 0 0 0
1460485800 0 0 0 0
1460485500 0 0 0 0
1460485200 0 0 0 0
1460484900 0 0 0 0
1460484600 0 0 0 0
1460484300 0 0 0 0
1460484000 0 0 0 0
1460483700 0 0 0 0
1460483400 0 0 0 0
1460483100 0 0 0 0
1460482800 0 0 0 0
1460482500 0 0 0 0
1460482200 0 0 0 0
1460481900 0 0 0 0
1460481600 0 0 0 0
1460481300 0 0 0 0
1460481000 0 0 0 0
1460480700 0 0 0 0
1460480400 0 0 0 0
1460480100 0 0 0 0
1460479800 0 0 0 0
1460479500 0 0 0 0
1460479200 0 0 0 0
1460478900 0 0 0 0
1460478600 0 0 0 0
1460478300 0 0 0 0
1460478000 0 0 0 0
1460477700 0 0 0 0
1460477400 0 0 0 0
1460477100 0 0 0 0
1460476800 0 0 0 0
1460476500 0 0 0 0
1460476200 0 0 0 0
1460475900 0 0 0 0
1460475600 0 0 0 0
1460475300 0 0 0 0
1460475000 0 0 0 0
1460474700 0 0 0 0
1460474400 0 0 0 0
1460474100 0 0 0 0
1460473800 0 0 0 0
1460473500 0 0 0 0
1460473200 0 0 0 0
1460472900 0 0 0 0
1460472600 0 0 0 0
1460472300 0 0 0 0
1460472000 0 0 0 0
1460471700 0 0 0 0
1460471400 0 0 0 0
1460471100 0 0 0 0
1460470800 0 0 0 0
1460470500 0 0 0 0
1460470200 0 0 0 0
1460469900 0 0 0 0
1460469600 0 0 0 0
1460469300 0 0 0 0
1460469000 0 0 0 0
1460468700 0 0 0 0
1460468400 0 0 0 0
1460468100 0 0 0 0
1460467800 0 0 0 0
1460467500 0 0 0 0
1460467200 0 0 0 0
1460466900 0 0 0 0
1460466600 0 0 0 0
1460466300 0 0 0 0
1460466000 0 0 0 0
1460465700 0 0 0 0
1460465400 0 0 0 0
1460465100 0 0 0 0
1460464800 0 0 0 0
1460464500 0 0 0 0
1460464200 0 0 0 0
1460463900 0 0 0 0
1460463600 0 0 0 0
1460463300 0 0 0 0
1460463000 0 0 0 0
1460462700 0 0 0 0
1460462400 0 0 0 0
1460462100 0 0 0 0
1460461800 0 0 0 0
1460461500 0 0 0 0
1460461200 0 0 0 0
1460460900 0 0 0 0
1460460600 0 0 0 0
1460460300 0 0 0 0
1460460000 0 0 0 0
1460459700 0 0 0 0
1460459400 0 0 0 0
1460459100 0 0 0 0
1460458800 0 0 0 0
1460458500 0 0 0 0
1460458200 0 0 0 0
1460457900 0 0 0 0
1460457600 0 0 0 0
1460457300 0 0 0 0
1460457000 0 0 0 0
1460456700 0 0 0 0
1460456400 0 0 0 0
1460456100 0 0 0 0
1460455800 0 0 0 0
1460455500 0 0 0 0
1460455200 0 0 0 0
1460454900 0 0 0 0
1460454600 0 0 0 0
1460454300 0 0 0 0
1460454000 0 0 0 0
1460453700 0 0 0 0
1460453400 0 0 0 0
1460453100 0 0 0 0
1460452800 0 0 0 0
1460452500 0 0 0 0
1460452200 0 0 0 0
1460451900 0 0 0 0
1460451600 0 0 0 0
1460451300 0 0 0 0
1460451000 0 0 0 0
1460450700 0 0 0 0
1460450400 0 0 0 0
1460450100 0 0 0 0
1460449800 0 0 0 0
1460449500 0 0 0 0
1460449200 0 0 0 0
1460448900 0 0 0 0
1460448600 0 0 0 0
1460448300 0 0 0 0
1460448000 0 0 0 0
1460447700 0 0 0 0
1460447400 0 0 0 0
1460447100 0 0 0 0
1460446800 0 0 0 0
1460446500 0 0 0 0
1460446200 0 0 0 0
1460445900 0 0 0 0
1460445600 0 0 0 0
1460445300 0 0 0 0
1460445000 0 0 0 0
1460444700 0 0 0 0
1460444400 0 0 0 0
1460444100 0 0 0 0
1460443800 0 0 0 0
1460443500 0 0 0 0
1460443200 0 0 0 0
1460442900 0 0 0 0
1460442600 0 0 0 0
1460442300 0 0 0 0
1460442000 0 0 0 0
1460441700 0 0 0 0
1460441400 0 0 0 0
1460441100 0 0 0 0
1460440800 0 0 0 0
1460440500 0 0 0 0
1460440200 0 0 0 0
1460439900 0 0 0 0
1460439600 0 0 0 0
1460439300 0 0 0 0
1460439000 0 0 0 0
1460438700 0 0 0 0
1460438400 0 0 0 0
1460438100 0 0 0 0
1460437800 0 0 0 0
1460437500 0 0 0 0
1460437200 0 0 0 0
1460436900 0 0 0 0
1460436600 0 0 0 0
1460436300 0 0 0 0
1460436000 0 0 0 0
1460435700 0 0 0 0
1460435400 0 0 0 0
1460435100 0 0 0 0
1460434800 0 0 0 0
1460434500 0 0 0 0
1460434200 0 0 0 0
1460433900 0 0 0 0
1460433600 0 0 0 0
1460433300 0 0 0 0
1460433000 0 0 0 0
1460432700 0 0 0 0
1460432400 0 0 0 0
1460432100 0 0 0 0
1460431800 0 0 0 0
1460431500 0 0 0 0
1460431200 0 0 0 0
1460430900 0 0 0 0
1460430600 0 0 0 0
1460430300 0 0 0 0
1460430000 0 0 0 0
1460429700 0 0 0 0
1460429400 0 0 0 0
1460429100 0 0 0 0
1460428800 0 0 0 0
1460428500 0 0 0 0
1460428200 0 0 0 0
1460427900 0 0 0 0
1460427600 0 0 0 0
1460427300 0 0 0 0
1460427000 0 0 0 0
1460426700 0 0 0 0
1460426400 0 0 0 0
1460426100 0 0 0 0
1460425800 0 0 0 0
1460425500 0 0 0 0
1460425200 0 0 0 0
1460424900 0 0 0 0
1460424600 0 0 0 0
1460424300 0 0 0 0
1460424000 0 0 0 0
1460423700 0 0 0 0
1460423400 0 0 0 0
1460423100 0 0 0 0
1460422800 0 0 0 0
1460422500 0 0 0 0
1460422200 0 0 0 0
1460421900 0 0 0 0
1460421000 0 0 0 0
1460419200 0 0 0 0
1460417400 0 0 0 0
1460415600 0 0 0 0
1460413800 0 0 0 0
1460412000 0 0 0 0
1460410200 0 0 0 0
1460408400 0 0 0 0
1460406600 0 0 0 0
1460404800 0 0 0 0
1460403000 0 0 0 0
1460401200 0 0 0 0
1460399400 0 0 0 0
1460397600 0 0 0 0
1460395800 0 0 0 0
1460394000 0 0 0 0
1460392200 0 0 0 0
1460390400 0 0 0 0
1460388600 0 0 0 0
1460386800 0 0 0 0
1460385000 0 0 0 0
1460383200 0 0 0 0
1460381400 0 0 0 0
1460379600 0 0 0 0
1460377800 0 0 0 0
1460376000 0 0 0 0
1460374200 0 0 0 0
1460372400 0 0 0 0
1460370600 0 0 0 0
1460368800 0 0 0 0
1460367000 0 0 0 0
1460365200 0 0 0 0
1460363400 0 0 0 0
1460361600 0 0 0 0
1460359800 0 0 0 0
1460358000 0 0 0 0
1460356200 0 0 0 0
1460354400 0 0 0 0
1460352600 0 0 0 0
1460350800 0 0 0 0
1460349000 0 0 0 0
1460347200 0 0 0 0
1460345400 0 0 0 0
1460343600 0 0 0 0
1460341800 0 0 0 0
1460340000 0 0 0 0
1460338200 0 0 0 0
1460336400 0 0 0 0
1460334600 0 0 0 0
1460332800 0 0 0 0
1460331000 0 0 0 0
1460329200 0 0 0 0
1460327400 0 0 0 0
1460325600 0 0 0 0
1460323800 0 0 0 0
1460322000 0 0 0 0
1460320200 0 0 0 0
1460318400 0 0 0 0
1460316600 0 0 0 0
1460314800 0 0 0 0
1460313000 0 0 0 0
1460311200 0 0 0 0
1460309400 0 0 0 0
1460307600 0 0 0 0
1460305800 0 0 0 0
1460304000 0 0 0 0
1460302200 0 0 0 0
1460300400 0 0 0 0
1460298600 0 0 0 0
1460296800 0 0 0 0
1460295000 0 0 0 0
1460293200 0 0 0 0
1460291400 0 0 0 0
1460289600 0 0 0 0
1460287800 0 0 0 0
1460286000 0 0 0 0
1460284200 0 0 0 0
1460282400 0 0 0 0
1460280600 0 0 0 0
1460278800 0 0 0 0
1460277000 0 0 0 0
1460275200 0 0 0 0
1460273400 0 0 0 0
1460271600 0 0 0 0
1460269800 0 0 0 0
1460268000 0 0 0 0
1460266200 0 0 0 0
1460264400 0 0 0 0
1460262600 0 0 0 0
1460260800 0 0 0 0
1460259000 0 0 0 0
1460257200 0 0 0 0
1460255400 0 0 0 0
1460253600 0 0 0 0
1460251800 0 0 0 0
1460250000 0 0 0 0
1460248200 0 0 0 0
1460246400 0 0 0 0
1460244600 0 0 0 0
1460242800 0 0 0 0
1460241000 0 0 0 0
1460239200 0 0 0 0
1460237400 0 0 0 0
1460235600 0 0 0 0
1460233800 0 0 0 0
1460232000 0 0 0 0
1460230200 0 0 0 0
1460228400 0 0 0 0
1460226600 0 0 0 0
1460224800 0 0 0 0
1460223000 0 0 0 0
1460221200 0 0 0 0
1460219400 0 0 0 0
1460217600 0 0 0 0
1460215800 0 0 0 0
1460214000 0 0 0 0
1460212200 0 0 0 0
1460210400 0 0 0 0
1460208600 0 0 0 0
1460206800 0 0 0 0
1460205000 0 0 0 0
1460203200 0 0 0 0
1460201400 0 0 0 0
1460199600 0 0 0 0
1460197800 0 0 0 0
1460196000 0 0 0 0
1460194200 0 0 0 0
1460192400 0 0 0 0
1460190600 0 0 0 0
1460188800 0 0 0 0
1460187000 0 0 0 0
1460185200 0 0 0 0
1460183400 0 0 0 0
1460181600 0 0 0 0
1460179800 0 0 0 0
1460178000 0 0 0 0
1460176200 0 0 0 0
1460174400 0 0 0 0
1460172600 0 0 0 0
1460170800 0 0 0 0
1460169000 0 0 0 0
1460167200 0 0 0 0
1460165400 0 0 0 0
1460163600 0 0 0 0
1460161800 0 0 0 0
1460160000 0 0 0 0
1460158200 0 0 0 0
1460156400 0 0 0 0
1460154600 0 0 0 0
1460152800 0 0 0 0
1460151000 0 0 0 0
1460149200 0 0 0 0
1460147400 0 0 0 0
1460145600 0 0 0 0
1460143800 0 0 0 0
1460142000 0 0 0 0
1460140200 0 0 0 0
1460138400 0 0 0 0
1460136600 0 0 0 0
1460134800 0 0 0 0
1460133000 0 0 0 0
1460131200 0 0 0 0
1460129400 0 0 0 0
1460127600 0 0 0 0
1460125800 0 0 0 0
1460124000 0 0 0 0
1460122200 0 0 0 0
1460120400 0 0 0 0
1460118600 0 0 0 0
1460116800 0 0 0 0
1460115000 0 0 0 0
1460113200 0 0 0 0
1460111400 0 0 0 0
1460109600 0 0 0 0
1460107800 0 0 0 0
1460106000 0 0 0 0
1460104200 0 0 0 0
1460102400 0 0 0 0
1460100600 0 0 0 0
1460098800 0 0 0 0
1460097000 0 0 0 0
1460095200 0 0 0 0
1460093400 0 0 0 0
1460091600 0 0 0 0
1460089800 0 0 0 0
1460088000 0 0 0 0
1460086200 0 0 0 0
1460084400 0 0 0 0
1460082600 0 0 0 0
1460080800 0 0 0 0
1460079000 0 0 0 0
1460077200 0 0 0 0
1460075400 0 0 0 0
1460073600 0 0 0 0
1460071800 0 0 0 0
1460070000 0 0 0 0
1460068200 0 0 0 0
1460066400 0 0 0 0
1460064600 0 0 0 0
1460062800 0 0 0 0
1460061000 0 0 0 0
1460059200 0 0 0 0
1460057400 0 0 0 0
1460055600 0 0 0 0
1460053800 0 0 0 0
1460052000 0 0 0 0
1460050200 0 0 0 0
1460048400 0 0 0 0
1460046600 0 0 0 0
1460044800 0 0 0 0
1460043000 0 0 0 0
1460041200 0 0 0 0
1460039400 0 0 0 0
1460037600 0 0 0 0
1460035800 0 0 0 0
1460034000 0 0 0 0
1460032200 0 0 0 0
1460030400 0 0 0 0
1460028600 0 0 0 0
1460026800 0 0 0 0
1460025000 0 0 0 0
1460023200 0 0 0 0
1460021400 0 0 0 0
1460019600 0 0 0 0
1460017800 0 0 0 0
1460016000 0 0 0 0
1460014200 0 0 0 0
1460012400 0 0 0 0
1460010600 0 0 0 0
1460008800 0 0 0 0
1460007000 0 0 0 0
1460005200 0 0 0 0
1460003400 0 0 0 0
1460001600 0 0 0 0
1459999800 0 0 0 0
1459998000 0 0 0 0
1459996200 0 0 0 0
1459994400 0 0 0 0
1459992600 0 0 0 0
1459990800 0 0 0 0
1459989000 0 0 0 0
1459987200 0 0 0 0
1459985400 0 0 0 0
1459983600 0 0 0 0
1459981800 0 0 0 0
1459980000 0 0 0 0
1459978200 0 0 0 0
1459976400 0 0 0 0
1459974600 0 0 0 0
1459972800 0 0 0 0
1459971000 0 0 0 0
1459969200 0 0 0 0
1459967400 0 0 0 0
1459965600 0 0 0 0
1459963800 0 0 0 0
1459962000 0 0 0 0
1459960200 0 0 0 0
1459958400 0 0 0 0
1459956600 0 0 0 0
1459954800 0 0 0 0
1459953000 0 0 0 0
1459951200 0 0 0 0
1459949400 0 0 0 0
1459947600 0 0 0 0
1459945800 0 0 0 0
1459944000 0 0 0 0
1459942200 0 0 0 0
1459940400 0 0 0 0
1459938600 0 0 0 0
1459936800 0 0 0 0
1459935000 0 0 0 0
1459933200 0 0 0 0
1459931400 0 0 0 0
1459929600 0 0 0 0
1459927800 0 0 0 0
1459926000 0 0 0 0
1459924200 0 0 0 0
1459922400 0 0 0 0
1459920600 0 0 0 0
1459918800 0 0 0 0
1459917000 0 0 0 0
1459915200 0 0 0 0
1459913400 0 0 0 0
1459911600 0 0 0 0
1459909800 0 0 0 0
1459908000 0 0 0 0
1459906200 0 0 0 0
1459904400 0 0 0 0
1459902600 0 0 0 0
1459900800 0 0 0 0
1459899000 0 0 0 0
1459897200 0 0 0 0
1459895400 0 0 0 0
1459893600 0 0 0 0
1459891800 0 0 0 0
1459890000 0 0 0 0
1459888200 0 0 0 0
1459886400 0 0 0 0
1459884600 0 0 0 0
1459882800 0 0 0 0
1459881000 0 0 0 0
1459879200 0 0 0 0
1459877400 0 0 0 0
1459875600 0 0 0 0
1459873800 0 0 0 0
1459872000 0 0 0 0
1459870200 0 0 0 0
1459868400 0 0 0 0
1459866600 0 0 0 0
1459864800 0 0 0 0
1459863000 0 0 0 0
1459861200 0 0 0 0
1459859400 0 0 0 0
1459857600 0 0 0 0
1459855800 0 0 0 0
1459854000 0 0 0 0
1459852200 0 0 0 0
1459850400 0 0 0 0
1459848600 0 0 0 0
1459846800 0 0 0 0
1459845000 0 0 0 0
1459843200 0 0 0 0
1459841400 0 0 0 0
1459839600 0 0 0 0
1459837800 0 0 0 0
1459836000 0 0 0 0
1459834200 0 0 0 0
1459832400 0 0 0 0
1459830600 0 0 0 0
1459828800 0 0 0 0
1459827000 0 0 0 0
1459825200 0 0 0 0
1459823400 0 0 0 0
1459821600 0 0 0 0
1459819800 0 0 0 0
1459818000 0 0 0 0
1459816200 0 0 0 0
1459814400 0 0 0 0
1459812600 0 0 0 0
1459810800 0 0 0 0
1459809000 0 0 0 0
1459807200 0 0 0 0
1459805400 0 0 0 0
1459803600 0 0 0 0
1459801800 0 0 0 0
1459800000 0 0 0 0
1459798200 0 0 0 0
1459796400 0 0 0 0
1459794600 0 0 0 0
1459792800 0 0 0 0
1459791000 0 0 0 0
1459789200 0 0 0 0
1459787400 0 0 0 0
1459785600 0 0 0 0
1459783800 0 0 0 0
1459782000 0 0 0 0
1459780200 0 0 0 0
1459778400 0 0 0 0
1459776600 0 0 0 0
1459774800 0 0 0 0
1459773000 0 0 0 0
1459771200 0 0 0 0
1459769400 0 0 0 0
1459767600 0 0 0 0
1459765800 0 0 0 0
1459764000 0 0 0 0
1459762200 0 0 0 0
1459760400 0 0 0 0
1459758600 0 0 0 0
1459756800 0 0 0 0
1459755000 0 0 0 0
1459753200 0 0 0 0
1459751400 0 0 0 0
1459749600 0 0 0 0
1459747800 0 0 0 0
1459746000 0 0 0 0
1459744200 0 0 0 0
1459742400 0 0 0 0
1459740600 0 0 0 0
1459738800 0 0 0 0
1459737000 0 0 0 0
1459735200 0 0 0 0
1459733400 0 0 0 0
1459731600 0 0 0 0
1459729800 0 0 0 0
1459728000 0 0 0 0
1459726200 0 0 0 0
1459724400 0 0 0 0
1459722600 0 0 0 0
1459720800 0 0 0 0
1459719000 0 0 0 0
1459717200 0 0 0 0
1459715400 0 0 0 0
1459713600 0 0 0 0
1459711800 0 0 0 0
1459710000 0 0 0 0
1459708200 0 0 0 0
1459706400 0 0 0 0
1459704600 0 0 0 0
1459702800 0 0 0 0
1459701000 0 0 0 0
1459699200 0 0 0 0
1459697400 0 0 0 0
1459695600 0 0 0 0
1459693800 0 0 0 0
1459692000 0 0 0 0
1459690200 0 0 0 0
1459688400 0 0 0 0
1459686600 0 0 0 0
1459684800 0 0 0 0
1459683000 0 0 0 0
1459681200 0 0 0 0
1459679400 0 0 0 0
1459677600 0 0 0 0
1459675800 0 0 0 0
1459674000 0 0 0 0
1459672200 0 0 0 0
1459670400 0 0 0 0
1459668600 0 0 0 0
1459666800 0 0 0 0
1459665000 0 0 0 0
1459663200 0 0 0 0
1459661400 0 0 0 0
1459659600 0 0 0 0
1459657800 0 0 0 0
1459656000 0 0 0 0
1459654200 0 0 0 0
1459652400 0 0 0 0
1459650600 0 0 0 0
1459648800 0 0 0 0
1459647000 0 0 0 0
1459645200 0 0 0 0
1459643400 0 0 0 0
1459641600 0 0 0 0
1459639800 0 0 0 0
1459638000 0 0 0 0
1459636200 0 0 0 0
1459634400 0 0 0 0
1459632600 0 0 0 0
1459630800 0 0 0 0
1459629000 0 0 0 0
1459627200 0 0 0 0
1459625400 0 0 0 0
1459623600 0 0 0 0
1459621800 0 0 0 0
1459620000 0 0 0 0
1459618200 0 0 0 0
1459616400 0 0 0 0
1459614600 0 0 0 0
1459612800 0 0 0 0
1459611000 0 0 0 0
1459609200 0 0 0 0
1459607400 0 0 0 0
1459605600 0 0 0 0
1459603800 0 0 0 0
1459602000 0 0 0 0
1459600200 0 0 0 0
1459598400 0 0 0 0
1459596600 0 0 0 0
1459594800 0 0 0 0
1459593000 0 0 0 0
1459591200 0 0 0 0
1459589400 0 0 0 0
1459587600 0 0 0 0
1459585800 0 0 0 0
1459584000 0 0 0 0
1459582200 0 0 0 0
1459580400 0 0 0 0
1459578600 0 0 0 0
1459576800 0 0 0 0
1459575000 0 0 0 0
1459573200 0 0 0 0
1459571400 0 0 0 0
1459569600 0 0 0 0
1459567800 0 0 0 0
1459566000 0 0 0 0
1459564200 0 0 0 0
1459562400 0 0 0 0
1459560600 0 0 0 0
1459558800 0 0 0 0
1459557000 0 0 0 0
1459555200 0 0 0 0
1459553400 0 0 0 0
1459551600 0 0 0 0
1459549800 0 0 0 0
1459548000 0 0 0 0
1459546200 0 0 0 0
1459544400 0 0 0 0
1459542600 0 0 0 0
1459540800 0 0 0 0
1459539000 0 0 0 0
1459537200 0 0 0 0
1459535400 0 0 0 0
1459533600 0 0 0 0
1459531800 0 0 0 0
1459530000 0 0 0 0
1459528200 0 0 0 0
1459526400 0 0 0 0
1459524600 0 0 0 0
1459522800 0 0 0 0
1459521000 0 0 0 0
1459519200 0 0 0 0
1459517400 0 0 0 0
1459515600 0 0 0 0
1459513800 0 0 0 0
1459512000 0 0 0 0
1459510200 0 0 0 0
1459508400 0 0 0 0
1459506600 0 0 0 0
1459504800 0 0 0 0
1459503000 0 0 0 0
1459501200 0 0 0 0
1459499400 0 0 0 0
1459497600 0 0 0 0
1459495800 0 0 0 0
1459494000 0 0 0 0
1459492200 0 0 0 0
1459490400 0 0 0 0
1459488600 0 0 0 0
1459486800 0 0 0 0
1459485000 0 0 0 0
1459483200 0 0 0 0
1459481400 0 0 0 0
1459479600 0 0 0 0
1459477800 0 0 0 0
1459476000 0 0 0 0
1459474200 0 0 0 0
1459472400 0 0 0 0
1459470600 0 0 0 0
1459468800 0 0 0 0
1459467000 0 0 0 0
1459465200 0 0 0 0
1459463400 0 0 0 0
1459461600 0 0 0 0
1459459800 0 0 0 0
1459458000 0 0 0 0
1459456200 0 0 0 0
1459454400 0 0 0 0
1459452600 0 0 0 0
1459450800 0 0 0 0
1459449000 0 0 0 0
1459447200 0 0 0 0
1459445400 0 0 0 0
1459443600 0 0 0 0
1459441800 0 0 0 0
1459440000 0 0 0 0
1459438200 0 0 0 0
1459436400 0 0 0 0
1459434600 0 0 0 0
1459432800 0 0 0 0
1459431000 0 0 0 0
1459429200 0 0 0 0
1459427400 0 0 0 0
1459425600 0 0 0 0
1459423800 0 0 0 0
1459422000 0 0 0 0
1459420200 0 0 0 0
1459418400 0 0 0 0
1459416600 0 0 0 0
1459414800 0 0 0 0
1459413000 0 0 0 0
1459411200 0 0 0 0
1459409400 0 0 0 0
1459407600 0 0 0 0
1459405800 0 0 0 0
1459404000 0 0 0 0
1459402200 0 0 0 0
1459400400 0 0 0 0
1459398600 0 0 0 0
1459396800 0 0 0 0
1459395000 0 0 0 0
1459393200 0 0 0 0
1459391400 0 0 0 0
1459389600 0 0 0 0
1459387800 0 0 0 0
1459386000 0 0 0 0
1459384200 0 0 0 0
1459382400 0 0 0 0
1459380600 0 0 0 0
1459378800 0 0 0 0
1459377000 0 0 0 0
1459375200 0 0 0 0
1459373400 0 0 0 0
1459371600 0 0 0 0
1459369800 0 0 0 0
1459368000 0 0 0 0
1459366200 0 0 0 0
1459364400 0 0 0 0
1459362600 0 0 0 0
1459360800 0 0 0 0
1459359000 0 0 0 0
1459357200 0 0 0 0
1459355400 0 0 0 0
1459353600 0 0 0 0
1459351800 0 0 0 0
1459350000 0 0 0 0
1459348200 0 0 0 0
1459346400 0 0 0 0
1459344600 0 0 0 0
1459342800 0 0 0 0
1459341000 0 0 0 0
1459339200 0 0 0 0
1459332000 0 0 0 0
1459324800 0 0 0 0
1459317600 0 0 0 0
1459310400 0 0 0 0
1459303200 0 0 0 0
1459296000 0 0 0 0
1459288800 0 0 0 0
1459281600 0 0 0 0
1459274400 0 0 0 0
1459267200 0 0 0 0
1459260000 0 0 0 0
1459252800 0 0 0 0
1459245600 0 0 0 0
1459238400 0 0 0 0
1459231200 0 0 0 0
1459224000 0 0 0 0
1459216800 0 0 0 0
1459209600 0 0 0 0
1459202400 0 0 0 0
1459195200 0 0 0 0
1459188000 0 0 0 0
1459180800 0 0 0 0
1459173600 0 0 0 0
1459166400 0 0 0 0
1459159200 0 0 0 0
1459152000 0 0 0 0
1459144800 0 0 0 0
1459137600 0 0 0 0
1459130400 0 0 0 0
1459123200 0 0 0 0
1459116000 0 0 0 0
1459108800 0 0 0 0
1459101600 0 0 0 0
1459094400 0 0 0 0
1459087200 0 0 0 0
1459080000 0 0 0 0
1459072800 0 0 0 0
1459065600 0 0 0 0
1459058400 0 0 0 0
1459051200 0 0 0 0
1459044000 0 0 0 0
1459036800 0 0 0 0
1459029600 0 0 0 0
1459022400 0 0 0 0
1459015200 0 0 0 0
1459008000 0 0 0 0
1459000800 0 0 0 0
1458993600 0 0 0 0
1458986400 0 0 0 0
1458979200 0 0 0 0
1458972000 0 0 0 0
1458964800 0 0 0 0
1458957600 0 0 0 0
1458950400 0 0 0 0
1458943200 0 0 0 0
1458936000 0 0 0 0
1458928800 0 0 0 0
1458921600 0 0 0 0
1458914400 0 0 0 0
1458907200 0 0 0 0
1458900000 0 0 0 0
1458892800 0 0 0 0
1458885600 0 0 0 0
1458878400 0 0 0 0
1458871200 0 0 0 0
1458864000 0 0 0 0
1458856800 0 0 0 0
1458849600 0 0 0 0
1458842400 0 0 0 0
1458835200 0 0 0 0
1458828000 0 0 0 0
1458820800 0 0 0 0
1458813600 0 0 0 0
1458806400 0 0 0 0
1458799200 0 0 0 0
1458792000 0 0 0 0
1458784800 0 0 0 0
1458777600 0 0 0 0
1458770400 0 0 0 0
1458763200 0 0 0 0
1458756000 0 0 0 0
1458748800 0 0 0 0
1458741600 0 0 0 0
1458734400 0 0 0 0
1458727200 0 0 0 0
1458720000 0 0 0 0
1458712800 0 0 0 0
1458705600 0 0 0 0
1458698400 0 0 0 0
1458691200 0 0 0 0
1458684000 0 0 0 0
1458676800 0 0 0 0
1458669600 0 0 0 0
1458662400 0 0 0 0
1458655200 0 0 0 0
1458648000 0 0 0 0
1458640800 0 0 0 0
1458633600 0 0 0 0
1458626400 0 0 0 0
1458619200 0 0 0 0
1458612000 0 0 0 0
1458604800 0 0 0 0
1458597600 0 0 0 0
1458590400 0 0 0 0
1458583200 0 0 0 0
1458576000 0 0 0 0
1458568800 0 0 0 0
1458561600 0 0 0 0
1458554400 0 0 0 0
1458547200 0 0 0 0
1458540000 0 0 0 0
1458532800 0 0 0 0
1458525600 0 0 0 0
1458518400 0 0 0 0
1458511200 0 0 0 0
1458504000 0 0 0 0
1458496800 0 0 0 0
1458489600 0 0 0 0
1458482400 0 0 0 0
1458475200 0 0 0 0
1458468000 0 0 0 0
1458460800 0 0 0 0
1458453600 0 0 0 0
1458446400 0 0 0 0
1458439200 30 208 67 396
1458432000 41 263 45 348
1458424800 41 257 68 383
1458417600 41 252 45 306
1458410400 41 260 67 330
1458403200 41 255 68 340
1458396000 41 249 68 296
1458388800 41 248 69 315
1458381600 41 251 46 322
1458374400 41 253 69 308
1458367200 41 247 47 313
1458360000 41 259 60 332
1458352800 41 266 60 338
1458345600 41 390 52 1181
1458338400 41 616 61 1573
1458331200 40 975 45 1493
1458324000 41 966 60 1437
1458316800 40 953 46 1620
1458309600 41 1087 60 1620
1458302400 41 640 60 1153
1458295200 41 531 52 594
1458288000 41 551 60 788
1458280800 40 562 100 697
1458273600 41 515 60 616
1458266400 40 511 47 784
1458259200 41 564 60 727
1458252000 41 874 61 1989
1458244800 41 1119 53 1989
1458237600 41 922 60 1182
1458230400 41 944 45 1406
1458223200 41 1134 60 1482
1458216000 41 485 45 894
1458208800 41 414 60 464
1458201600 41 442 62 763
1458194400 40 424 53 467
1458187200 41 428 57 696
1458180000 41 400 45 469
1458172800 41 382 57 448
1458165600 41 712 45 1313
1458158400 41 895 57 1313
1458151200 41 981 58 2187
1458144000 41 851 52 1097
1458136800 41 956 58 2015
1458129600 41 488 45 826
1458122400 41 439 57 528
1458115200 41 439 45 514
1458108000 41 432 65 522
1458100800 41 454 60 675
1458093600 41 402 52 523
1458086400 41 398 60 639
1458079200 41 697 45 1256
1458072000 41 845 60 1227
1458064800 41 805 45 1227
1458057600 41 847 60 1049
1458050400 41 919 60 1359
1458043200 41 511 52 707
1458036000 41 486 60 636
1458028800 41 469 45 620
1458021600 41 456 60 499
1458014400 41 447 45 582
1458007200 41 421 60 498
1458000000 40 484 60 819
1457992800 40 773 52 1299
1457985600 41 979 60 1331
1457978400 41 893 45 1208
1457971200 41 842 60 1168
1457964000 41 855 45 1601
1457956800 41 421 60 665
1457949600 41 358 60 422
1457942400 41 354 52 382
1457935200 41 353 55 405
1457928000 41 352 45 433
1457920800 41 354 60 407
1457913600 41 356 45 439
1457906400 41 354 60 451
1457899200 41 353 60 409
1457892000 41 351 52 413
1457884800 41 356 60 436
1457877600 40 351 45 394
1457870400 41 353 60 407
1457863200 40 346 45 448
1457856000 41 334 60 494
1457848800 41 329 67 381
1457841600 41 326 67 370
1457834400 41 326 67 371
1457827200 41 333 45 428
1457820000 41 334 67 456
1457812800 41 336 44 414
1457805600 40 333 67 382
1457798400 41 331 68 406
1457791200 41 324 68 383
1457784000 41 328 68 371
1457776800 41 340 45 728
1457769600 41 320 68 376
1457762400 41 323 45 387
1457755200 41 334 56 403
1457748000 39 326 57 462
1457740800 41 415 52 1237
1457733600 41 985 56 1348
1457726400 40 888 45 1333
1457719200 41 831 56 1394
1457712000 41 897 45 1456
1457704800 41 663 57 1456
1457697600 41 346 56 470
1457690400 41 336 52 378
1457683200 41 338 57 412
1457676000 40 336 46 422
1457668800 40 334 56 491
1457661600 41 309 45 349
1457654400 41 412 56 933
1457647200 41 745 55 974
1457640000 41 864 55 1183
1457632800 41 832 56 1075
1457625600 41 951 45 2028
1457618400 41 644 59 938
1457611200 41 344 45 517
1457604000 41 336 59 412
1457596800 41 334 57 404
1457589600 41 399 52 708
1457582400 41 326 57 439
1457575200 41 363 45 687
1457568000 41 484 57 789
1457560800 41 721 48 1310
1457553600 41 795 55 1241
1457546400 41 887 55 1352
1457539200 41 1268 55 3801
1457532000 40 649 57 1482
1457524800 41 388 45 623
1457517600 41 387 56 548
1457510400 40 394 45 499
1457503200 41 390 67 438
1457496000 41 362 67 575
1457488800 41 368 67 461
1457481600 41 409 67 935
1457474400 41 769 45 1088
1457467200 41 779 67 1118
1457460000 41 763 45 936
1457452800 41 898 67 1456
1457445600 41 551 67 1456
1457438400 41 363 67 517
1457431200 41 373 68 544
1457424000 40 361 45 448
1457416800 41 366 57 542
1457409600 41 386 46 514
1457402400 41 451 41 665
1457395200 41 538 45 946
1457388000 41 778 64 1056
1457380800 41 687 45 984
1457373600 41 684 64 862
1457366400 41 960 45 1823
1457359200 41 599 64 1171
1457352000 40 309 46 442
1457344800 42 303 64 371
1457337600 41 303 64 379
1457330400 41 298 45 326
1457323200 41 297 64 351
1457316000 41 296 45 369
1457308800 41 300 64 360
1457301600 41 298 45 390
1457294400 42 302 64 350
1457287200 41 303 64 350
1457280000 41 307 45 445
1457272800 41 297 64 369
1457265600 41 301 46 372
1457258400 41 298 64 372
1457251200 40 317 45 552
1457244000 41 296 64 361
1457236800 41 293 64 332
1457229600 41 290 46 345
1457222400 42 288 64 341
1457215200 41 293 45 355
1457208000 41 290 64 366
1457200800 41 299 45 474
1457193600 42 293 64 342
1457186400 41 292 64 353
1457179200 41 289 45 334
1457172000 41 294 64 369
1457164800 41 293 57 344
1457157600 41 297 64 368
1457150400 40 297 45 360
1457143200 42 297 64 351
1457136000 41 373 64 611
1457128800 41 725 45 1206
1457121600 41 821 64 1090
1457114400 41 843 45 1111
1457107200 41 895 64 1375
1457100000 41 643 45 1375
1457092800 42 372 64 480
1457085600 41 371 63 425
1457078400 40 367 46 451
1457071200 41 368 64 434
1457064000 41 405 45 639
1457056800 41 415 64 509
1457049600 41 451 45 614
1457042400 42 999 63 1401
1457035200 41 921 64 1356
1457028000 41 855 45 1179
1457020800 41 1070 64 2026
1457013600 41 685 45 1436
1457006400 41 351 64 455
1456999200 41 341 45 399
1456992000 41 353 64 496
1456984800 41 346 64 416
1456977600 40 348 45 389
1456970400 41 376 66 444
1456963200 41 370 45 467
1456956000 41 544 63 878
1456948800 41 589 45 964
1456941600 42 571 64 909
1456934400 41 694 64 1263
1456927200 41 464 45 939
1456920000 41 255 64 340
1456912800 41 262 45 565
1456905600 41 253 64 325
1456898400 41 247 45 303
1456891200 42 248 64 315
1456884000 41 250 64 314
1456876800 40 289 45 592
1456869600 40 610 64 760
1456862400 40 704 45 890
1456855200 41 711 63 850
1456848000 41 786 45 1103
1456840800 42 607 65 1281
1456833600 41 350 65 413
1456826400 41 340 46 373
1456819200 41 345 64 385
1456812000 41 346 46 405
1456804800 41 348 64 420
1456797600 41 347 45 386
1456790400 42 421 60 777
1456783200 41 795 60 1236
1456776000 41 800 45 1089
1456768800 41 783 60 1394
1456761600 41 1078 45 2018
1456754400 41 669 60 1479
1456747200 41 280 46 364
1456740000 42 276 60 331
1456732800 41 278 61 535
1456725600 41 276 45 343
1456718400 41 273 61 308
1456711200 41 276 45 391
1456704000 41 273 60 341
1456696800 41 276 45 322
1456689600 42 275 60 333
1456682400 41 277 60 362
1456675200 41 280 45 362
1456668000 41 319 60 387
1456660800 40 324 46 386
1456653600 41 305 60 401
1456646400 40 274 45 344
1456639200 42 277 60 354
1456632000 41 279 60 375
1456624800 41 277 46 347
1456617600 41 273 60 321
1456610400 41 276 45 331
1456603200 41 271 60 364
1456596000 41 305 45 470
1456588800 42 355 60 524
1456581600 41 274 60 325
1456574400 41 272 45 327
1456567200 41 276 60 329
1456560000 41 273 49 330
1456552800 41 275 60 317
1456545600 40 273 45 317
1456538400 41 277 61 322
1456531200 41 330 60 491
1456524000 41 780 45 1107
1456516800 41 1056 60 1742
1456509600 41 1113 45 1511
1456502400 41 1054 60 1422
1456495200 41 803 45 1763
1456488000 42 517 60 600
1456480800 41 516 60 584
1456473600 41 524 46 632
1456466400 41 516 60 596
1456459200 41 526 45 609
1456452000 41 529 59 628
1456444800 41 573 45 790
1456437600 42 879 60 1264
1456430400 41 920 60 1673
1456423200 41 1108 45 1443
1456416000 41 1391 60 1738
1456408800 40 878 45 1806
1456401600 41 540 60 620
1456394400 40 538 47 617
1456387200 41 523 60 617
1456380000 41 502 61 714
1456372800 40 497 45 622
1456365600 41 565 60 754
1456358400 41 863 45 1086
1456351200 41 1048 60 1268
1456344000 41 1079 45 1269
1456336800 42 1073 60 1466
1456329600 41 1249 60 1970
1456322400 41 822 46 1749
1456315200 41 483 60 684
1456308000 41 472 45 579
1456300800 41 471 60 563
1456293600 41 485 45 647
1456286400 42 500 61 641
1456279200 41 505 60 705
1456272000 41 624 46 1116
1456264800 41 833 60 1061
1456257600 41 901 45 1423
1456250400 41 991 60 1393
1456243200 41 1026 45 1305
1456236000 42 807 57 1651
1456228800 41 359 57 479
1456221600 41 361 45 396
1456214400 41 375 57 541
1456207200 41 387 46 520
1456200000 41 494 60 757
1456192800 41 494 45 597
1456185600 42 554 57 899
1456178400 41 961 57 1273
1456171200 41 1018 45 1264
1456164000 41 1044 57 1222
1456156800 41 1028 46 1278
1456149600 41 822 58 1360
1456142400 40 368 47 421
1456135200 42 379 57 474
1456128000 41 376 57 475
1456120800 41 367 45 419
1456113600 41 365 57 415
1456106400 41 365 45 446
1456099200 41 369 57 446
1456092000 40 368 45 435
1456084800 41 368 57 420
1456077600 41 371 56 417
1456070400 41 363 45 423
1456063200 41 354 58 405
1456056000 41 353 45 393
1456048800 41 354 56 407
1456041600 41 352 55 411
1456034400 42 355 57 409
1456027200 41 354 57 406
1456020000 40 352 45 406
1456012800 41 358 58 398
1456005600 40 354 46 383
1455998400 41 354 57 408
1455991200 41 355 45 403
1455984000 42 358 57 426
1455976800 41 352 56 383
1455969600 41 354 45 415
1455962400 41 354 57 420
1455955200 41 357 45 428
1455948000 41 366 55 492
1455940800 41 366 45 423
1455933600 41 374 56 429
1455926400 41 401 57 595
1455919200 41 822 46 1232
1455912000 41 870 55 1022
1455904800 41 895 45 1326
1455897600 41 969 55 1499
1455890400 41 729 45 1605
1455883200 42 464 55 714
1455876000 41 444 55 501
1455868800 40 445 201 574
1455861600 41 441 55 480
1455854400 41 498 45 659
1455847200 41 506 55 550
1455840000 40 630 45 1112
1455832800 41 1046 55 1492
1455825600 41 1079 55 1890
1455818400 41 1148 45 1354
1455811200 41 1132 55 1741
1455804000 41 884 45 1519
1455796800 41 461 59 551
1455789600 41 455 45 522
1455782400 42 446 59 507
1455775200 41 455 59 574
1455768000 41 495 45 582
1455760800 41 497 59 585
1455753600 41 598 45 878
1455746400 41 1035 59 1545
1455739200 41 1025 45 1794
1455732000 42 974 62 1282
1455724800 41 1143 61 2086
1455717600 40 771 45 1378
1455710400 41 473 66 547
1455703200 41 479 45 536
1455696000 41 481 66 566
1455688800 41 488 45 638
1455681600 42 499 66 583
1455674400 41 509 66 683
1455667200 41 674 45 1243
1455660000 41 1157 68 1442
1455652800 41 1231 45 1763
1455645600 41 1197 67 1849
1455638400 41 1290 45 2270
1455631200 42 680 68 1368
1455624000 41 289 68 382
1455616800 41 286 45 357
1455609600 41 283 67 350
1455602400 41 327 45 498
1455595200 41 340 67 856
1455588000 41 275 45 326
1455580800 42 290 67 346
1455573600 41 287 67 337
1455566400 41 284 45 329
1455559200 41 286 67 450
1455552000 41 284 45 371
1455544800 41 275 68 337
1455537600 41 278 45 346
1455530400 42 279 68 354
1455523200 41 278 68 337
1455516000 40 280 46 347
1455508800 41 275 67 345
1455501600 40 276 45 323
1455494400 41 275 67 321
1455487200 41 277 45 337
1455480000 42 275 68 352
1455472800 41 272 68 320
1455465600 41 279 45 334
1455458400 41 279 68 339
1455451200 41 277 45 375
1455444000 41 297 68 498
1455436800 41 278 45 381
1455429600 42 266 67 474
1455422400 41 245 68 297
1455415200 40 250 45 329
1455408000 41 249 68 292
1455400800 40 248 45 318
1455393600 41 262 67 335
1455386400 41 246 45 299
1455379200 42 259 68 316
1455372000 41 271 68 497
1455364800 41 307 45 448
1455357600 41 423 67 816
1455350400 41 320 47 395
1455343200 41 352 67 533
1455336000 40 356 45 522
1455328800 41 358 67 640
1455321600 40 438 67 723
1455314400 41 761 45 1074
1455307200 41 915 67 1339
1455300000 41 910 45 1908
1455292800 41 1024 67 1797
1455285600 41 688 45 1916
1455278400 42 306 67 419
1455271200 41 309 67 415
1455264000 41 296 45 343
1455256800 41 304 67 368
1455249600 41 305 45 396
1455242400 41 350 67 487
1455235200 40 502 44 860
1455228000 42 923 67 1290
1455220800 41 1072 67 1838
1455213600 41 964 45 1362
1455206400 41 1191 67 1861
1455199200 41 766 45 1664
1455192000 41 249 67 294
1455184800 41 301 45 798
1455177600 42 252 67 328
1455170400 41 289 67 549
1455163200 41 291 45 406
1455156000 41 304 67 372
1455148800 41 412 45 596
1455141600 41 713 67 1082
1455134400 41 821 45 1351
1455127200 42 796 67 1210
1455120000 40 839 68 1473
1455112800 41 585 46 1043
1455105600 40 268 66 372
1455098400 41 318 45 798
1455091200 41 311 67 458
1455084000 40 378 45 601
1455076800 42 403 67 547
1455069600 41 468 67 924
1455062400 41 499 46 1025
1455055200 41 1011 67 1339
1455048000 41 1054 46 1518
1455040800 41 1106 68 2109
1455033600 40 1059 45 1584
1455026400 42 679 67 1457
1455019200 41 326 69 413
1454976000 40 514 69 1812
1454889600 41 250 68 491
1454803200 40 244 134 367
1454716800 41 550 69 1626
1454630400 41 597 68 1794
1454544000 40 591 68 2299
1454457600 40 587 69 2040
1454371200 40 550 70 1523
1454284800 40 306 69 367
1454198400 40 306 68 476
1454112000 40 503 67 1363
1454025600 41 590 67 1793
1453939200 40 567 64 1538
1453852800 40 631 100 1493
1453766400 41 609 65 2678
1453680000 40 283 64 354
1453593600 40 284 65 367
1453507200 40 548 65 1441
1453420800 41 557 65 1884
1453334400 40 569 64 1805
1453248000 41 519 65 1360
1453161600 40 460 65 1485
1453075200 41 261 65 410
1452988800 41 228 64 312
1452902400 40 491 61 1269
1452816000 40 533 134 1701
1452729600 41 532 67 1627
1452643200 40 537 58 1425
1452556800 40 562 57 1545
1452470400 40 265 80 725
1452384000 41 331 68 5493
1452297600 40 599 67 1606
1452211200 40 676 68 3511
1452124800 41 1551 60 258519
1452038400 40 558 62 1675
1451952000 41 561 62 22624
1451865600 40 265 57 590
1451779200 41 258 57 339
1451692800 40 260 80 355
1451606400 40 330 57 941
1451520000 40 372 59 1144
1451433600 41 358 68 1100
1451347200 40 236 68 710
1451260800 40 204 69 287
1451174400 40 212 68 340
1451088000 41 203 68 279
1451001600 40 259 68 799
1450915200 40 578 69 1761
1450828800 40 680 68 1623
1450742400 41 625 59 2258
1450656000 41 233 62 281
1450569600 41 243 69 362
1450483200 41 562 69 1406
1450396800 41 540 69 1362
1450310400 40 502 100 1358
1450224000 40 586 68 1435
1450137600 46 692 381 2290
1450051200 50 414 79 476
1449964800 51 388 79 693
1449878400 54 690 472 5589
1449792000 507 3566 21679 443546
1449705600 418 18214 60304 2875189
1449619200 10 681 12 1597
1449532800 10 620 24 1959
1449446400 9 349 12 402
1449360000 10 349 12 415
1449273600 9 662 12 1455
1449187200 10 616 12 1504
1449100800 10 718 12 1730
1449014400 10 725 12 1580
1448928000 9 654 12 1513
1448841600 9 406 12 673
1448755200 10 409 12 678
1448668800 10 674 12 1724
1448582400 10 687 12 1671
1448496000 10 679 12 2065
1448409600 10 700 12 1533
1448323200 10 617 12 1842
1448236800 10 335 12 385
1448150400 10 335 12 380
1448064000 10 665 12 2147
1447977600 9 650 12 1692
1447891200 10 670 12 2029
1447804800 9 724 12 1828
1447718400 10 764 12 1545
1447632000 10 569 12 661
1447545600 10 546 12 642
1447459200 10 634 12 1891
1447372800 13 645 1710 1394
1447286400 10 700 12 1832
1447200000 10 809 12 2478
1447113600 9 641 12 3352
1447027200 10 387 12 658
1446940800 10 385 12 607
1446854400 10 763 12 2039
1446768000 10 783 12 1945
1446681600 10 895 12 2074
1446595200 10 776 12 1934
1446508800 10 715 12 1524
1446422400 9 458 12 612
1446336000 10 452 12 556
1446249600 9 748 12 1653
1446163200 10 835 26 1959
1446076800 10 905 12 2150
1445990400 10 647 12 1381
1445904000 10 612 12 1263
1445817600 10 421 12 503
1445731200 9 428 12 612
1445644800 928 1874 90990 21450
1445558400 1268 3188 14172 127198
1445472000 973 3537 13337 63516
1445385600 1633 4357 94365 26383
1445299200 1241 2596 93940 44126
1445212800 10 480 12 587
1445126400 13 455 332 5710
1445040000 772 2724 10637 58976
1444953600 1368 4003 89493 69282
1444867200 1098 4424 106599 285085
1444780800 1356 4034 92034 57512
1444694400 10 378 12 653
1444608000 9 400 12 915
1444521600 10 416 12 549
1444435200 1102 3828 103440 153004
1444348800 10 793 12 1855
1444262400 1099 2432 80555 23191
1444176000 1265 5061 96447 264112
1444089600 1296 3069 102822 57257
1444003200 10 488 12 581
1443916800 10 489 12 572
1443830400 10 812 34 1487
1443744000 1231 4470 99480 40725
1443657600 1181 3761 91816 110429
1443571200 1312 3190 98828 30308
1443484800 1632 8122 159520 1184296
1443398400 10 696 12 1004
1443312000 10 654 12 758
1443225600 1045 2086 94857 44618
1443139200 1626 6224 96739 241374
1443052800 1397 3423 91602 41179
1442966400 12531 4876 1220526 93170
1442880000 1342 14028 58638 2007951
1442793600 10 566 12 839
1442707200 10 594 12 1357
1442620800 1836 15235 95069 2268428
1442534400 1314 5143 88503 110573
1442448000 1408 5128 88629 30049
1442361600 1184 5938 14337 372010
1442275200 1077 2470 84369 25552
1442188800 10 394 12 684
1442102400 14 496 457 7318
1442016000 780 2565 11738 35782
1441929600 1151 3588 87777 188737
1441843200 1155 4240 98992 282025
1441756800 1407 9632 85565 754644
1441670400 10 441 14 635
1441584000 10 441 12 518
1441497600 10 433 12 746
1441411200 10 696 163 1470
1441324800 1059 2912 84963 83459
1441238400 1166 3116 85126 68182
1441152000 1304 5668 83485 54783
1441065600 1361 9798 85069 1187416
1440979200 10 442 12 516
1440892800 10 442 56 556
1440806400 1070 2825 91107 64605
1440720000 909 4174 8854 77641
1440633600 1306 5955 84442 82911
1440547200 1104 4984 83791 217910
1440460800 962 5277 24376 59451
1440374400 10 418 12 463
1440288000 9 421 12 732
1440201600 1160 4478 25765 45759
1440115200 1203 5237 84471 131109
1440028800 870 5318 9504 182144
1439942400 1244 5011 83498 75809
1439856000 1231 8893 83021 1220439
1439769600 10 405 12 453
1439683200 21 420 445 8239
1439596800 1164 3360 84835 43631
1439510400 968 5484 11645 241499
1439424000 1385 5738 84131 236713
1439337600 1438 4460 83972 41477
1439251200 1175 4843 28746 385255
1439164800 9 415 12 483
1439078400 9 422 12 513
1438992000 10 668 12 1682
1438905600 10 795 12 1621
1438819200 10 709 12 1797
1438732800 9 778 12 2135
1438646400 10 422 12 750
1438560000 10 402 12 531
1438473600 13 432 429 8204
1438387200 1038 3482 87981 25831
1438300800 1194 4422 83323 156775
1438214400 1257 5961 84638 121453
1438128000 1035 2218 91697 34297
1438041600 1088 5069 35204 66448
1437955200 10 370 12 422
1437868800 10 379 12 910
1437782400 10 671 12 1805
1437696000 9 696 12 1470
1437609600 10 869 12 2785
1437523200 10 772 12 2887
1437436800 10 630 12 1633
1437350400 8 379 12 439
1437264000 10 388 12 492
1437177600 10 541 40 1282
1437091200 10 624 12 1430
1437004800 9 854 12 2332
1436918400 10 681 12 1814
1436832000 10 572 37 1411
1436745600 10 366 12 413
1436659200 10 367 12 443
1436572800 10 596 12 1435
1436486400 1320 4777 81671 79124
1436400000 1460 4424 76089 46463
1436313600 1343 4042 78404 106700
1436227200 1605 7722 104694 912695
1436140800 10 377 12 426
1436054400 9 378 12 431
1435968000 10 566 12 1213
1435881600 1246 3037 77328 60541
1435795200 1061 8206 83759 185293
1435708800 1018 3165 11553 61265
1435622400 1146 8243 30003 928695
1435536000 10 509 12 606
1435449600 10 524 12 766
1435363200 1334 2381 110382 26204
1435276800 1638 6230 80003 74743
1435190400 1285 8526 83989 263618
1435104000 1177 2505 76920 21615
1435017600 1137 3534 86264 124200
1434931200 10 362 71 573
1434844800 10 372 18 511
1434758400 1284 3466 76800 130242
1434672000 1140 2767 75972 60351
1434585600 1285 3191 37869 48410
1434499200 747 2242 9313 18734
1434412800 1369 5392 20879 146600
1434326400 10 407 12 460
1434240000 10 411 78 685
1434153600 792 6508 44165 1194967
1434067200 981 2866 64368 114658
1433980800 1055 2894 34189 137347
1433894400 995 4650 13961 385119
1433808000 787 2621 6839 99218
1433721600 10 269 12 354
1433635200 10 274 11 775
1433548800 882 2385 64905 70419
1433462400 1179 2764 58671 114734
1433376000 1324 3162 65037 34141
1433289600 2376 9556 73029 1176279
1433203200 1198 3412 33291 40973
1433116800 10 238 12 768
1433030400 10 321 17 3888
1432944000 844 2287 11867 22049
1432857600 938 3198 9545 77170
1432771200 783 2579 8530 111082
1432684800 1075 3010 11939 35367
1432598400 1150 3250 16842 61839
1432512000 10 212 12 253
1432425600 9 212 12 336
1432339200 807 2419 9151 28126
1432252800 1236 2675 34960 24400
1432166400 1530 6539 63988 496069
1432080000 1056 3131 42235 51949
1431993600 10 207 12 353
1431907200 10 200 23 250
1431820800 9 201 12 261
1431734400 1316 4070 47954 244734
1431648000 759 2051 10285 23682
1431561600 1187 3917 35814 161265
1431475200 849 1913 34637 13609
1431388800 1108 3460 35524 115178
1431302400 10 242 12 307
1431216000 22 266 338 5600
1431129600 686 1901 10822 27040
1431043200 1170 3205 37230 30575
1430956800 1031 2687 39660 36256
1430870400 1066 4084 37018 208070
1430784000 1037 3346 41047 95022
1430697600 10 204 12 270
1430611200 9 205 12 354
1430524800 10 515 95 1370
1430438400 854 2397 35393 25763
1430352000 798 2278 12950 29773
1430265600 0 0 0 0
1430179200 0 0 0 0
1430092800 0 0 0 0
1430006400 0 0 0 0
1429920000 0 0 0 0
1429833600 0 0 0 0
1429747200 0 0 0 0
1429660800 0 0 0 0
1429574400 0 0 0 0
1429488000 0 0 0 0
1429401600 0 0 0 0
1429315200 0 0 0 0
1429228800 0 0 0 0
1429142400 0 0 0 0
1429056000 0 0 0 0
1428969600 0 0 0 0
1428883200 0 0 0 0
1428796800 0 0 0 0
1428710400 0 0 0 0
1428624000 0 0 0 0
1428537600 0 0 0 0
1428451200 0 0 0 0
1428364800 0 0 0 0
1428278400 0 0 0 0
1428192000 0 0 0 0
1428105600 0 0 0 0
1428019200 0 0 0 0
1427932800 0 0 0 0
1427846400 0 0 0 0
1427760000 0 0 0 0
1427673600 0 0 0 0
1427587200 0 0 0 0
1427500800 0 0 0 0
1427414400 0 0 0 0
1427328000 0 0 0 0
1427241600 0 0 0 0
1427155200 0 0 0 0
1427068800 0 0 0 0
1426982400 0 0 0 0
1426896000 0 0 0 0
1426809600 0 0 0 0
1426723200 0 0 0 0
1426636800 0 0 0 0
1426550400 0 0 0 0
1426464000 0 0 0 0
1426377600 0 0 0 0
1426291200 0 0 0 0
1426204800 0 0 0 0
1426118400 0 0 0 0
1426032000 0 0 0 0
1425945600 0 0 0 0
1425859200 0 0 0 0
1425772800 0 0 0 0
1425686400 0 0 0 0
1425600000 0 0 0 0
1425513600 0 0 0 0
1425427200 0 0 0 0
1425340800 0 0 0 0
1425254400 0 0 0 0
1425168000 0 0 0 0
1425081600 0 0 0 0
1424995200 0 0 0 0
1424908800 0 0 0 0
1424822400 0 0 0 0
1424736000 0 0 0 0
1424649600 0 0 0 0
1424563200 0 0 0 0
1424476800 0 0 0 0
1424390400 0 0 0 0
1424304000 0 0 0 0
1424217600 0 0 0 0
1424131200 0 0 0 0
1424044800 0 0 0 0
1423958400 0 0 0 0
1423872000 0 0 0 0
1423785600 0 0 0 0
1423699200 0 0 0 0
1423612800 0 0 0 0
1423526400 0 0 0 0
1423440000 0 0 0 0
1423353600 0 0 0 0
1423267200 0 0 0 0
1423180800 0 0 0 0
1423094400 0 0 0 0
1423008000 0 0 0 0
1422921600 0 0 0 0
1422835200 0 0 0 0
1422748800 0 0 0 0
1422662400 0 0 0 0
1422576000 0 0 0 0
1422489600 0 0 0 0
1422403200 0 0 0 0
1422316800 0 0 0 0
1422230400 0 0 0 0
1422144000 0 0 0 0
1422057600 0 0 0 0
1421971200 0 0 0 0
1421884800 0 0 0 0
1421798400 0 0 0 0
1421712000 0 0 0 0
1421625600 0 0 0 0
1421539200 0 0 0 0
1421452800 0 0 0 0
1421366400 0 0 0 0
1421280000 0 0 0 0
1421193600 0 0 0 0
1421107200 0 0 0 0
1421020800 0 0 0 0
1420934400 0 0 0 0
1420848000 0 0 0 0
1420761600 0 0 0 0
1420675200 0 0 0 0
1420588800 0 0 0 0
1420502400 0 0 0 0
1420416000 0 0 0 0
1420329600 0 0 0 0
1420243200 0 0 0 0
1420156800 0 0 0 0
1420070400 0 0 0 0
1419984000 0 0 0 0
1419897600 0 0 0 0
1419811200 0 0 0 0
1419724800 0 0 0 0
1419638400 0 0 0 0
1419552000 0 0 0 0
1419465600 0 0 0 0
1419379200 0 0 0 0
1419292800 0 0 0 0
1419206400 0 0 0 0
1419120000 0 0 0 0
1419033600 0 0 0 0
1418947200 0 0 0 0
1418860800 0 0 0 0
1418774400 0 0 0 0
1418688000 0 0 0 0
1418601600 0 0 0 0
1418515200 0 0 0 0
1418428800 0 0 0 0
1418342400 0 0 0 0
1418256000 0 0 0 0
1418169600 0 0 0 0
1418083200 0 0 0 0
1417996800 0 0 0 0
1417910400 0 0 0 0
1417824000 0 0 0 0
1417737600 0 0 0 0
1417651200 0 0 0 0
1417564800 0 0 0 0
1417478400 0 0 0 0
1417392000 0 0 0 0
1417305600 0 0 0 0
1417219200 0 0 0 0
1417132800 0 0 0 0
1417046400 0 0 0 0
1416960000 0 0 0 0
1416873600 0 0 0 0
1416787200 0 0 0 0
1416700800 0 0 0 0
1416614400 0 0 0 0
1416528000 0 0 0 0
1416441600 0 0 0 0
1416355200 0 0 0 0
1416268800 0 0 0 0
1416182400 0 0 0 0
1416096000 0 0 0 0
1416009600 0 0 0 0
1415923200 0 0 0 0
1415836800 0 0 0 0
1415750400 0 0 0 0
1415664000 0 0 0 0
1415577600 0 0 0 0
1415491200 0 0 0 0
1415404800 0 0 0 0
1415318400 0 0 0 0
1415232000 0 0 0 0
1415145600 0 0 0 0
1415059200 0 0 0 0
1414972800 0 0 0 0
1414886400 0 0 0 0
1414800000 0 0 0 0
1414713600 0 0 0 0
1414627200 0 0 0 0
1414540800 0 0 0 0
1414454400 0 0 0 0
1414368000 0 0 0 0
1414281600 0 0 0 0
1414195200 0 0 0 0
1414108800 0 0 0 0
1414022400 0 0 0 0
1413936000 0 0 0 0
1413849600 0 0 0 0
1413763200 0 0 0 0
1413676800 0 0 0 0
1413590400 0 0 0 0
1413504000 0 0 0 0
1413417600 0 0 0 0
1413331200 0 0 0 0
1413244800 0 0 0 0
1413158400 0 0 0 0
1413072000 0 0 0 0
1412985600 0 0 0 0
1412899200 0 0 0 0
1412812800 0 0 0 0
1412726400 0 0 0 0
1412640000 0 0 0 0
1412553600 0 0 0 0
1412467200 0 0 0 0
1412380800 0 0 0 0
1412294400 0 0 0 0
1412208000 0 0 0 0
1412121600 0 0 0 0
1412035200 0 0 0 0
1411948800 0 0 0 0
1411862400 0 0 0 0
1411776000 0 0 0 0
1411689600 0 0 0 0
1411603200 0 0 0 0
1411516800 0 0 0 0
1411430400 0 0 0 0
1411344000 0 0 0 0
1411257600 0 0 0 0
1411171200 0 0 0 0
1411084800 0 0 0 0
1410998400 0 0 0 0
1410912000 0 0 0 0
1410825600 0 0 0 0
1410739200 0 0 0 0
1410652800 0 0 0 0
1410566400 0 0 0 0
1410480000 0 0 0 0
1410393600 0 0 0 0
1410307200 0 0 0 0
1410220800 0 0 0 0
1410134400 0 0 0 0
1410048000 0 0 0 0
1409961600 0 0 0 0
1409875200 0 0 0 0
1409788800 0 0 0 0
1409702400 0 0 0 0
1409616000 0 0 0 0
1409529600 0 0 0 0
1409443200 0 0 0 0
1409356800 0 0 0 0
1409270400 0 0 0 0
1409184000 0 0 0 0
1409097600 0 0 0 0
1409011200 0 0 0 0
1408924800 0 0 0 0
1408838400 0 0 0 0
1408752000 0 0 0 0
1408665600 0 0 0 0
1408579200 0 0 0 0
1408492800 0 0 0 0
1408406400 0 0 0 0
1408320000 0 0 0 0
1408233600 0 0 0 0
1408147200 0 0 0 0
1408060800 0 0 0 0
1407974400 0 0 0 0
1407888000 0 0 0 0
1407801600 0 0 0 0
1407715200 0 0 0 0
1407628800 0 0 0 0
1407542400 0 0 0 0
1407456000 0 0 0 0
1407369600 0 0 0 0
1407283200 0 0 0 0
1407196800 0 0 0 0
1407110400 0 0 0 0
1407024000 0 0 0 0
1406937600 0 0 0 0
1406851200 0 0 0 0
1406764800 0 0 0 0
1406678400 0 0 0 0
1406592000 0 0 0 0
1406505600 0 0 0 0
1406419200 0 0 0 0
1406332800 0 0 0 0
1406246400 0 0 0 0
1406160000 0 0 0 0
1406073600 0 0 0 0
1405987200 0 0 0 0
1405900800 0 0 0 0
1405814400 0 0 0 0
1405728000 0 0 0 0
1405641600 0 0 0 0
1405555200 0 0 0 0
1405468800 0 0 0 0
1405382400 0 0 0 0
1405296000 0 0 0 0
1405209600 0 0 0 0
1405123200 0 0 0 0
1405036800 0 0 0 0
1404950400 0 0 0 0
1404864000 0 0 0 0
1404777600 0 0 0 0
1404691200 0 0 0 0
1404604800 0 0 0 0
1404518400 0 0 0 0
1404432000 0 0 0 0
1404345600 0 0 0 0
1404259200 0 0 0 0
1404172800 0 0 0 0
1404086400 0 0 0 0
1404000000 0 0 0 0
1403913600 0 0 0 0
1403827200 0 0 0 0
1403740800 0 0 0 0
1403654400 0 0 0 0
1403568000 0 0 0 0
1403481600 0 0 0 0
1403395200 0 0 0 0
1403308800 0 0 0 0
1403222400 0 0 0 0
1403136000 0 0 0 0
1403049600 0 0 0 0
1402963200 0 0 0 0
1402876800 0 0 0 0
1402790400 0 0 0 0
1402704000 0 0 0 0
1402617600 0 0 0 0
1402531200 0 0 0 0
1402444800 0 0 0 0
1402358400 0 0 0 0
1402272000 0 0 0 0
1402185600 0 0 0 0
1402099200 0 0 0 0
1402012800 0 0 0 0
1401926400 0 0 0 0
1401840000 0 0 0 0
1401753600 0 0 0 0
1401667200 0 0 0 0
1401580800 0 0 0 0
1401494400 0 0 0 0
1401408000 0 0 0 0
1401321600 0 0 0 0
1401235200 0 0 0 0
1401148800 0 0 0 0
1401062400 0 0 0 0
1400976000 0 0 0 0
1400889600 0 0 0 0
1400803200 0 0 0 0
1400716800 0 0 0 0
1400630400 0 0 0 0
1400544000 0 0 0 0
1400457600 0 0 0 0
1400371200 0 0 0 0
1400284800 0 0 0 0
1400198400 0 0 0 0
1400112000 0 0 0 0
1400025600 0 0 0 0
1399939200 0 0 0 0
1399852800 0 0 0 0
1399766400 0 0 0 0
1399680000 0 0 0 0
1399593600 0 0 0 0
1399507200 0 0 0 0
1399420800 0 0 0 0
1399334400 0 0 0 0
1399248000 0 0 0 0
1399161600 0 0 0 0
1399075200 0 0 0 0
1398988800 0 0 0 0
1398902400 0 0 0 0
1398816000 0 0 0 0
1398729600 0 0 0 0
1398643200 0 0 0 0
1398556800 0 0 0 0
1398470400 0 0 0 0
1398384000 0 0 0 0
1398297600 0 0 0 0
1398211200 0 0 0 0
1398124800 0 0 0 0
1398038400 0 0 0 0
1397952000 0 0 0 0
1397865600 0 0 0 0
1397779200 0 0 0 0
1397692800 0 0 0 0
1397606400 0 0 0 0
1397520000 0 0 0 0
1397433600 0 0 0 0
1397347200 0 0 0 0
1397260800 0 0 0 0
1397174400 0 0 0 0
1397088000 0 0 0 0
1397001600 0 0 0 0
1396915200 0 0 0 0
1396828800 0 0 0 0
1396742400 0 0 0 0
1396656000 0 0 0 0
1396569600 0 0 0 0
1396483200 0 0 0 0
1396396800 0 0 0 0
1396310400 0 0 0 0
1396224000 0 0 0 0
1396137600 0 0 0 0
1396051200 0 0 0 0
1395964800 0 0 0 0
1395878400 0 0 0 0
1395792000 0 0 0 0
1395705600 0 0 0 0
1395619200 0 0 0 0
1395532800 0 0 0 0
1395446400 0 0 0 0
1395360000 0 0 0 0
1395273600 0 0 0 0
1395187200 0 0 0 0
1395100800 0 0 0 0
1395014400 0 0 0 0
1394928000 0 0 0 0
1394841600 0 0 0 0
1394755200 0 0 0 0
1394668800 0 0 0 0
1394582400 0 0 0 0
1394496000 0 0 0 0
1394409600 0 0 0 0
1394323200 0 0 0 0
1394236800 0 0 0 0
1394150400 0 0 0 0
1394064000 0 0 0 0
1393977600 0 0 0 0
1393891200 0 0 0 0
1393804800 0 0 0 0
1393718400 0 0 0 0
1393632000 0 0 0 0
1393545600 0 0 0 0
1393459200 0 0 0 0
1393372800 0 0 0 0
1393286400 0 0 0 0
1393200000 0 0 0 0
1393113600 0 0 0 0
1393027200 0 0 0 0
1392940800 0 0 0 0
1392854400 0 0 0 0
1392768000 0 0 0 0
1392681600 0 0 0 0
1392595200 0 0 0 0
1392508800 0 0 0 0
1392422400 0 0 0 0
1392336000 0 0 0 0
1392249600 0 0 0 0
1392163200 0 0 0 0
1392076800 0 0 0 0
1391990400 0 0 0 0
1391904000 0 0 0 0
1391817600 0 0 0 0
