1460685978 -1 -1
1460685978 0 0 0 0
1460601740 0 0 0 0
1460601600 0 0 0 0
1460601300 0 0 0 0
1460601000 0 0 0 0
1460600700 0 0 0 0
1460600400 0 0 0 0
1460600100 0 0 0 0
1460599800 0 0 0 0
1460599500 0 0 0 0
1460599200 0 0 0 0
1460598900 0 0 0 0
1460598600 0 0 0 0
1460598300 0 0 0 0
1460598000 0 0 0 0
1460597700 0 0 0 0
1460597400 0 0 0 0
1460597100 0 0 0 0
1460596800 0 0 0 0
1460596500 0 0 0 0
1460596200 0 0 0 0
1460595900 0 0 0 0
1460595600 0 0 0 0
1460595300 0 0 0 0
1460595000 0 0 0 0
1460594700 0 0 0 0
1460594400 0 0 0 0
1460594100 0 0 0 0
1460593800 0 0 0 0
1460593500 0 0 0 0
1460593200 0 0 0 0
1460592900 0 0 0 0
1460592600 0 0 0 0
1460592300 0 0 0 0
1460592000 0 0 0 0
1460591700 0 0 0 0
1460591400 0 0 0 0
1460591100 0 0 0 0
1460590800 0 0 0 0
1460590500 0 0 0 0
1460590200 0 0 0 0
1460589900 0 0 0 0
1460589600 0 0 0 0
1460589300 0 0 0 0
1460589000 0 0 0 0
1460588700 0 0 0 0
1460588400 0 0 0 0
1460588100 0 0 0 0
1460587800 0 0 0 0
1460587500 0 0 0 0
1460587200 0 0 0 0
1460586900 0 0 0 0
1460586600 0 0 0 0
1460586300 0 0 0 0
1460586000 0 0 0 0
1460585700 0 0 0 0
1460585400 0 0 0 0
1460585100 0 0 0 0
1460584800 0 0 0 0
1460584500 0 0 0 0
1460584200 0 0 0 0
1460583900 0 0 0 0
1460583600 0 0 0 0
1460583300 0 0 0 0
1460583000 0 0 0 0
1460582700 0 0 0 0
1460582400 0 0 0 0
1460582100 0 0 0 0
1460581800 0 0 0 0
1460581500 0 0 0 0
1460581200 0 0 0 0
1460580900 0 0 0 0
1460580600 0 0 0 0
1460580300 0 0 0 0
1460580000 0 0 0 0
1460579700 0 0 0 0
1460579400 0 0 0 0
1460579100 0 0 0 0
1460578800 0 0 0 0
1460578500 0 0 0 0
1460578200 0 0 0 0
1460577900 0 0 0 0
1460577600 0 0 0 0
1460577300 0 0 0 0
1460577000 0 0 0 0
1460576700 0 0 0 0
1460576400 0 0 0 0
1460576100 0 0 0 0
1460575800 0 0 0 0
1460575500 0 0 0 0
1460575200 0 0 0 0
1460574900 0 0 0 0
1460574600 0 0 0 0
1460574300 0 0 0 0
1460574000 0 0 0 0
1460573700 0 0 0 0
1460573400 0 0 0 0
1460573100 0 0 0 0
1460572800 0 0 0 0
1460572500 0 0 0 0
1460572200 0 0 0 0
1460571900 0 0 0 0
1460571600 0 0 0 0
1460571300 0 0 0 0
1460571000 0 0 0 0
1460570700 0 0 0 0
1460570400 0 0 0 0
1460570100 0 0 0 0
1460569800 0 0 0 0
1460569500 0 0 0 0
1460569200 0 0 0 0
1460568900 0 0 0 0
1460568600 0 0 0 0
1460568300 0 0 0 0
1460568000 0 0 0 0
1460567700 0 0 0 0
1460567400 0 0 0 0
1460567100 0 0 0 0
1460566800 0 0 0 0
1460566500 0 0 0 0
1460566200 0 0 0 0
1460565900 0 0 0 0
1460565600 0 0 0 0
1460565300 0 0 0 0
1460565000 0 0 0 0
1460564700 0 0 0 0
1460564400 0 0 0 0
1460564100 0 0 0 0
1460563800 0 0 0 0
1460563500 0 0 0 0
1460563200 0 0 0 0
1460562900 0 0 0 0
1460562600 0 0 0 0
1460562300 0 0 0 0
1460562000 0 0 0 0
1460561700 0 0 0 0
1460561400 0 0 0 0
1460561100 0 0 0 0
1460560800 0 0 0 0
1460560500 0 0 0 0
1460560200 0 0 0 0
1460559900 0 0 0 0
1460559600 0 0 0 0
1460559300 0 0 0 0
1460559000 0 0 0 0
1460558700 0 0 0 0
1460558400 0 0 0 0
1460558100 0 0 0 0
1460557800 0 0 0 0
1460557500 0 0 0 0
1460557200 0 0 0 0
1460556900 0 0 0 0
1460556600 0 0 0 0
1460556300 0 0 0 0
1460556000 0 0 0 0
1460555700 0 0 0 0
1460555400 0 0 0 0
1460555100 0 0 0 0
1460554800 0 0 0 0
1460554500 0 0 0 0
1460554200 0 0 0 0
1460553900 0 0 0 0
1460553600 0 0 0 0
1460553300 0 0 0 0
1460553000 0 0 0 0
1460552700 0 0 0 0
1460552400 0 0 0 0
1460552100 0 0 0 0
1460551800 0 0 0 0
1460551500 0 0 0 0
1460551200 0 0 0 0
1460550900 0 0 0 0
1460550600 0 0 0 0
1460550300 0 0 0 0
1460550000 0 0 0 0
1460549700 0 0 0 0
1460549400 0 0 0 0
1460549100 0 0 0 0
1460548800 0 0 0 0
1460548500 0 0 0 0
1460548200 0 0 0 0
1460547900 0 0 0 0
1460547600 0 0 0 0
1460547300 0 0 0 0
1460547000 0 0 0 0
1460546700 0 0 0 0
1460546400 0 0 0 0
1460546100 0 0 0 0
1460545800 0 0 0 0
1460545500 0 0 0 0
1460545200 0 0 0 0
1460544900 0 0 0 0
1460544600 0 0 0 0
1460544300 0 0 0 0
1460544000 0 0 0 0
1460543700 0 0 0 0
1460543400 0 0 0 0
1460543100 0 0 0 0
1460542800 0 0 0 0
1460542500 0 0 0 0
1460542200 0 0 0 0
1460541900 0 0 0 0
1460541600 0 0 0 0
1460541300 0 0 0 0
1460541000 0 0 0 0
1460540700 0 0 0 0
1460540400 0 0 0 0
1460540100 0 0 0 0
1460539800 0 0 0 0
1460539500 0 0 0 0
1460539200 0 0 0 0
1460538900 0 0 0 0
1460538600 0 0 0 0
1460538300 0 0 0 0
1460538000 0 0 0 0
1460537700 0 0 0 0
1460537400 0 0 0 0
1460537100 0 0 0 0
1460536800 0 0 0 0
1460536500 0 0 0 0
1460536200 0 0 0 0
1460535900 0 0 0 0
1460535600 0 0 0 0
1460535300 0 0 0 0
1460535000 0 0 0 0
1460534700 0 0 0 0
1460534400 0 0 0 0
1460534100 0 0 0 0
1460533800 0 0 0 0
1460533500 0 0 0 0
1460533200 0 0 0 0
1460532900 0 0 0 0
1460532600 0 0 0 0
1460532300 0 0 0 0
1460532000 0 0 0 0
1460531700 0 0 0 0
1460531400 0 0 0 0
1460531100 0 0 0 0
1460530800 0 0 0 0
1460530500 0 0 0 0
1460530200 0 0 0 0
1460529900 0 0 0 0
1460529600 0 0 0 0
1460529300 0 0 0 0
1460529000 0 0 0 0
1460528700 0 0 0 0
1460528400 0 0 0 0
1460528100 0 0 0 0
1460527800 0 0 0 0
1460527500 0 0 0 0
1460527200 0 0 0 0
1460526900 0 0 0 0
1460526600 0 0 0 0
1460526300 0 0 0 0
1460526000 0 0 0 0
1460525700 0 0 0 0
1460525400 0 0 0 0
1460525100 0 0 0 0
1460524800 0 0 0 0
1460524500 0 0 0 0
1460524200 0 0 0 0
1460523900 0 0 0 0
1460523600 0 0 0 0
1460523300 0 0 0 0
1460523000 0 0 0 0
1460522700 0 0 0 0
1460522400 0 0 0 0
1460522100 0 0 0 0
1460521800 0 0 0 0
1460521500 0 0 0 0
1460521200 0 0 0 0
1460520900 0 0 0 0
1460520600 0 0 0 0
1460520300 0 0 0 0
1460520000 0 0 0 0
1460519700 0 0 0 0
1460519400 0 0 0 0
1460519100 0 0 0 0
1460518800 0 0 0 0
1460518500 0 0 0 0
1460518200 0 0 0 0
1460517900 0 0 0 0
1460517600 0 0 0 0
1460517300 0 0 0 0
1460517000 0 0 0 0
1460516700 0 0 0 0
1460516400 0 0 0 0
1460516100 0 0 0 0
1460515800 0 0 0 0
1460515500 0 0 0 0
1460515200 0 0 0 0
1460514900 0 0 0 0
1460514600 0 0 0 0
1460514300 0 0 0 0
1460514000 0 0 0 0
1460513700 0 0 0 0
1460513400 0 0 0 0
1460513100 0 0 0 0
1460512800 0 0 0 0
1460512500 0 0 0 0
1460512200 0 0 0 0
1460511900 0 0 0 0
1460511600 0 0 0 0
1460511300 0 0 0 0
1460511000 0 0 0 0
1460510700 0 0 0 0
1460510400 0 0 0 0
1460510100 0 0 0 0
1460509800 0 0 0 0
1460509500 0 0 0 0
1460509200 0 0 0 0
1460508900 0 0 0 0
1460508600 0 0 0 0
1460508300 0 0 0 0
1460508000 0 0 0 0
1460507700 0 0 0 0
1460507400 0 0 0 0
1460507100 0 0 0 0
1460506800 0 0 0 0
1460506500 0 0 0 0
1460506200 0 0 0 0
1460505900 0 0 0 0
1460505600 0 0 0 0
1460505300 0 0 0 0
1460505000 0 0 0 0
1460504700 0 0 0 0
1460504400 0 0 0 0
1460504100 0 0 0 0
1460503800 0 0 0 0
1460503500 0 0 0 0
1460503200 0 0 0 0
1460502900 0 0 0 0
1460502600 0 0 0 0
1460502300 0 0 0 0
1460502000 0 0 0 0
1460501700 0 0 0 0
1460501400 0 0 0 0
1460501100 0 0 0 0
1460500800 0 0 0 0
1460500500 0 0 0 0
1460500200 0 0 0 0
1460499900 0 0 0 0
1460499600 0 0 0 0
1460499300 0 0 0 0
1460499000 0 0 0 0
1460498700 0 0 0 0
1460498400 0 0 0 0
1460498100 0 0 0 0
1460497800 0 0 0 0
1460497500 0 0 0 0
1460497200 0 0 0 0
1460496900 0 0 0 0
1460496600 0 0 0 0
1460496300 0 0 0 0
1460496000 0 0 0 0
1460495700 0 0 0 0
1460495400 0 0 0 0
1460495100 0 0 0 0
1460494800 0 0 0 0
1460494500 0 0 0 0
1460494200 0 0 0 0
1460493900 0 0 0 0
1460493600 0 0 0 0
1460493300 0 0 0 0
1460493000 0 0 0 0
1460492700 0 0 0 0
1460492400 0 0 0 0
1460492100 0 0 0 0
1460491800 0 0 0 0
1460491500 0 0 0 0
1460491200 0 0 0 0
1460490900 0 0 0 0
1460490600 0 0 0 0
1460490300 0 0 0 0
1460490000 0 0 0 0
1460489700 0 0 0 0
1460489400 0 0 0 0
1460489100 0 0 0 0
1460488800 0 0 0 0
1460488500 0 0 0 0
1460488200 0 0 0 0
1460487900 0 0 0 0
1460487600 0 0 0 0
1460487300 0 0 0 0
1460487000 0 0 0 0
1460486700 0 0 0 0
1460486400 0 0 0 0
1460486100 0 0 0 0
1460485800 0 0 0 0
1460485500 0 0 0 0
1460485200 0 0 0 0
1460484900 0 0 0 0
1460484600 0 0 0 0
1460484300 0 0 0 0
1460484000 0 0 0 0
1460483700 0 0 0 0
1460483400 0 0 0 0
1460483100 0 0 0 0
1460482800 0 0 0 0
1460482500 0 0 0 0
1460482200 0 0 0 0
1460481900 0 0 0 0
1460481600 0 0 0 0
1460481300 0 0 0 0
1460481000 0 0 0 0
1460480700 0 0 0 0
1460480400 0 0 0 0
1460480100 0 0 0 0
1460479800 0 0 0 0
1460479500 0 0 0 0
1460479200 0 0 0 0
1460478900 0 0 0 0
1460478600 0 0 0 0
1460478300 0 0 0 0
1460478000 0 0 0 0
1460477700 0 0 0 0
1460477400 0 0 0 0
1460477100 0 0 0 0
1460476800 0 0 0 0
1460476500 0 0 0 0
1460476200 0 0 0 0
1460475900 0 0 0 0
1460475600 0 0 0 0
1460475300 0 0 0 0
1460475000 0 0 0 0
1460474700 0 0 0 0
1460474400 0 0 0 0
1460474100 0 0 0 0
1460473800 0 0 0 0
1460473500 0 0 0 0
1460473200 0 0 0 0
1460472900 0 0 0 0
1460472600 0 0 0 0
1460472300 0 0 0 0
1460472000 0 0 0 0
1460471700 0 0 0 0
1460471400 0 0 0 0
1460471100 0 0 0 0
1460470800 0 0 0 0
1460470500 0 0 0 0
1460470200 0 0 0 0
1460469900 0 0 0 0
1460469600 0 0 0 0
1460469300 0 0 0 0
1460469000 0 0 0 0
1460468700 0 0 0 0
1460468400 0 0 0 0
1460468100 0 0 0 0
1460467800 0 0 0 0
1460467500 0 0 0 0
1460467200 0 0 0 0
1460466900 0 0 0 0
1460466600 0 0 0 0
1460466300 0 0 0 0
1460466000 0 0 0 0
1460465700 0 0 0 0
1460465400 0 0 0 0
1460465100 0 0 0 0
1460464800 0 0 0 0
1460464500 0 0 0 0
1460464200 0 0 0 0
1460463900 0 0 0 0
1460463600 0 0 0 0
1460463300 0 0 0 0
1460463000 0 0 0 0
1460462700 0 0 0 0
1460462400 0 0 0 0
1460462100 0 0 0 0
1460461800 0 0 0 0
1460461500 0 0 0 0
1460461200 0 0 0 0
1460460900 0 0 0 0
1460460600 0 0 0 0
1460460300 0 0 0 0
1460460000 0 0 0 0
1460459700 0 0 0 0
1460459400 0 0 0 0
1460459100 0 0 0 0
1460458800 0 0 0 0
1460458500 0 0 0 0
1460458200 0 0 0 0
1460457900 0 0 0 0
1460457600 0 0 0 0
1460457300 0 0 0 0
1460457000 0 0 0 0
1460456700 0 0 0 0
1460456400 0 0 0 0
1460456100 0 0 0 0
1460455800 0 0 0 0
1460455500 0 0 0 0
1460455200 0 0 0 0
1460454900 0 0 0 0
1460454600 0 0 0 0
1460454300 0 0 0 0
1460454000 0 0 0 0
1460453700 0 0 0 0
1460453400 0 0 0 0
1460453100 0 0 0 0
1460452800 0 0 0 0
1460452500 0 0 0 0
1460452200 0 0 0 0
1460451900 0 0 0 0
1460451600 0 0 0 0
1460451300 0 0 0 0
1460451000 0 0 0 0
1460450700 0 0 0 0
1460450400 0 0 0 0
1460450100 0 0 0 0
1460449800 0 0 0 0
1460449500 0 0 0 0
1460449200 0 0 0 0
1460448900 0 0 0 0
1460448600 0 0 0 0
1460448300 0 0 0 0
1460448000 0 0 0 0
1460447700 0 0 0 0
1460447400 0 0 0 0
1460447100 0 0 0 0
1460446800 0 0 0 0
1460446500 0 0 0 0
1460446200 0 0 0 0
1460445900 0 0 0 0
1460445600 0 0 0 0
1460445300 0 0 0 0
1460445000 0 0 0 0
1460444700 0 0 0 0
1460444400 0 0 0 0
1460444100 0 0 0 0
1460443800 0 0 0 0
1460443500 0 0 0 0
1460443200 0 0 0 0
1460442900 0 0 0 0
1460442600 0 0 0 0
1460442300 0 0 0 0
1460442000 0 0 0 0
1460441700 0 0 0 0
1460441400 0 0 0 0
1460441100 0 0 0 0
1460440800 0 0 0 0
1460440500 0 0 0 0
1460440200 0 0 0 0
1460439900 0 0 0 0
1460439600 0 0 0 0
1460439300 0 0 0 0
1460439000 0 0 0 0
1460438700 0 0 0 0
1460438400 0 0 0 0
1460438100 0 0 0 0
1460437800 0 0 0 0
1460437500 0 0 0 0
1460437200 0 0 0 0
1460436900 0 0 0 0
1460436600 0 0 0 0
1460436300 0 0 0 0
1460436000 0 0 0 0
1460435700 0 0 0 0
1460435400 0 0 0 0
1460435100 0 0 0 0
1460434800 0 0 0 0
1460434500 0 0 0 0
1460434200 0 0 0 0
1460433900 0 0 0 0
1460433600 0 0 0 0
1460433300 0 0 0 0
1460433000 0 0 0 0
1460432700 0 0 0 0
1460432400 0 0 0 0
1460432100 0 0 0 0
1460431800 0 0 0 0
1460431500 0 0 0 0
1460431200 0 0 0 0
1460430900 0 0 0 0
1460430600 0 0 0 0
1460430300 0 0 0 0
1460430000 0 0 0 0
1460429700 0 0 0 0
1460429400 0 0 0 0
1460429100 0 0 0 0
1460428800 0 0 0 0
1460428500 0 0 0 0
1460428200 0 0 0 0
1460427900 0 0 0 0
1460427600 0 0 0 0
1460427300 0 0 0 0
1460427000 0 0 0 0
1460426700 0 0 0 0
1460426400 0 0 0 0
1460426100 0 0 0 0
1460425800 0 0 0 0
1460425500 0 0 0 0
1460425200 0 0 0 0
1460424900 0 0 0 0
1460424600 0 0 0 0
1460424300 0 0 0 0
1460424000 0 0 0 0
1460423700 0 0 0 0
1460423400 0 0 0 0
1460423100 0 0 0 0
1460422800 0 0 0 0
1460422500 0 0 0 0
1460422200 0 0 0 0
1460421900 0 0 0 0
1460421000 0 0 0 0
1460419200 0 0 0 0
1460417400 0 0 0 0
1460415600 0 0 0 0
1460413800 0 0 0 0
1460412000 0 0 0 0
1460410200 0 0 0 0
1460408400 0 0 0 0
1460406600 0 0 0 0
1460404800 0 0 0 0
1460403000 0 0 0 0
1460401200 0 0 0 0
1460399400 0 0 0 0
1460397600 0 0 0 0
1460395800 0 0 0 0
1460394000 0 0 0 0
1460392200 0 0 0 0
1460390400 0 0 0 0
1460388600 0 0 0 0
1460386800 0 0 0 0
1460385000 0 0 0 0
1460383200 0 0 0 0
1460381400 0 0 0 0
1460379600 0 0 0 0
1460377800 0 0 0 0
1460376000 0 0 0 0
1460374200 0 0 0 0
1460372400 0 0 0 0
1460370600 0 0 0 0
1460368800 0 0 0 0
1460367000 0 0 0 0
1460365200 0 0 0 0
1460363400 0 0 0 0
1460361600 0 0 0 0
1460359800 0 0 0 0
1460358000 0 0 0 0
1460356200 0 0 0 0
1460354400 0 0 0 0
1460352600 0 0 0 0
1460350800 0 0 0 0
1460349000 0 0 0 0
1460347200 0 0 0 0
1460345400 0 0 0 0
1460343600 0 0 0 0
1460341800 0 0 0 0
1460340000 0 0 0 0
1460338200 0 0 0 0
1460336400 0 0 0 0
1460334600 0 0 0 0
1460332800 0 0 0 0
1460331000 0 0 0 0
1460329200 0 0 0 0
1460327400 0 0 0 0
1460325600 0 0 0 0
1460323800 0 0 0 0
1460322000 0 0 0 0
1460320200 0 0 0 0
1460318400 0 0 0 0
1460316600 0 0 0 0
1460314800 0 0 0 0
1460313000 0 0 0 0
1460311200 0 0 0 0
1460309400 0 0 0 0
1460307600 0 0 0 0
1460305800 0 0 0 0
1460304000 0 0 0 0
1460302200 0 0 0 0
1460300400 0 0 0 0
1460298600 0 0 0 0
1460296800 0 0 0 0
1460295000 0 0 0 0
1460293200 0 0 0 0
1460291400 0 0 0 0
1460289600 0 0 0 0
1460287800 0 0 0 0
1460286000 0 0 0 0
1460284200 0 0 0 0
1460282400 0 0 0 0
1460280600 0 0 0 0
1460278800 0 0 0 0
1460277000 0 0 0 0
1460275200 0 0 0 0
1460273400 0 0 0 0
1460271600 0 0 0 0
1460269800 0 0 0 0
1460268000 0 0 0 0
1460266200 0 0 0 0
1460264400 0 0 0 0
1460262600 0 0 0 0
1460260800 0 0 0 0
1460259000 0 0 0 0
1460257200 0 0 0 0
1460255400 0 0 0 0
1460253600 0 0 0 0
1460251800 0 0 0 0
1460250000 0 0 0 0
1460248200 0 0 0 0
1460246400 0 0 0 0
1460244600 0 0 0 0
1460242800 0 0 0 0
1460241000 0 0 0 0
1460239200 0 0 0 0
1460237400 0 0 0 0
1460235600 0 0 0 0
1460233800 0 0 0 0
1460232000 0 0 0 0
1460230200 0 0 0 0
1460228400 0 0 0 0
1460226600 0 0 0 0
1460224800 0 0 0 0
1460223000 0 0 0 0
1460221200 0 0 0 0
1460219400 0 0 0 0
1460217600 0 0 0 0
1460215800 0 0 0 0
1460214000 0 0 0 0
1460212200 0 0 0 0
1460210400 0 0 0 0
1460208600 0 0 0 0
1460206800 0 0 0 0
1460205000 0 0 0 0
1460203200 0 0 0 0
1460201400 0 0 0 0
1460199600 0 0 0 0
1460197800 0 0 0 0
1460196000 0 0 0 0
1460194200 0 0 0 0
1460192400 0 0 0 0
1460190600 0 0 0 0
1460188800 0 0 0 0
1460187000 0 0 0 0
1460185200 0 0 0 0
1460183400 0 0 0 0
1460181600 0 0 0 0
1460179800 0 0 0 0
1460178000 0 0 0 0
1460176200 0 0 0 0
1460174400 0 0 0 0
1460172600 0 0 0 0
1460170800 0 0 0 0
1460169000 0 0 0 0
1460167200 0 0 0 0
1460165400 0 0 0 0
1460163600 0 0 0 0
1460161800 0 0 0 0
1460160000 0 0 0 0
1460158200 0 0 0 0
1460156400 0 0 0 0
1460154600 0 0 0 0
1460152800 0 0 0 0
1460151000 0 0 0 0
1460149200 0 0 0 0
1460147400 0 0 0 0
1460145600 0 0 0 0
1460143800 0 0 0 0
1460142000 0 0 0 0
1460140200 0 0 0 0
1460138400 0 0 0 0
1460136600 0 0 0 0
1460134800 0 0 0 0
1460133000 5 570 10 1060
1460131200 10 1064 10 1445
1460129400 10 977 10 1023
1460127600 10 962 10 1066
1460125800 10 993 10 1099
1460124000 10 1013 10 1082
1460122200 10 1085 10 1401
1460120400 10 990 10 1180
1460118600 10 944 10 1145
1460116800 10 787 10 960
1460115000 10 685 10 989
1460113200 10 477 10 581
1460111400 10 452 10 576
1460109600 10 430 10 489
1460107800 10 426 10 459
1460106000 10 426 10 507
1460104200 10 431 10 507
1460102400 10 450 10 484
1460100600 10 435 12 480
1460098800 10 440 11 498
1460097000 10 419 10 431
1460095200 10 423 11 455
1460093400 10 434 11 497
1460091600 10 437 10 497
1460089800 10 415 11 449
1460088000 10 442 11 501
1460086200 10 429 10 478
1460084400 10 425 10 493
1460082600 10 447 10 493
1460080800 10 423 10 471
1460079000 10 458 10 508
1460077200 10 514 10 583
1460075400 10 484 10 583
1460073600 10 489 10 546
1460071800 10 507 10 580
1460070000 10 526 10 571
1460068200 10 549 10 786
1460066400 10 594 10 673
1460064600 10 806 10 1042
1460062800 10 964 10 1057
1460061000 10 1240 10 1486
1460059200 10 1866 10 2267
1460057400 10 1786 12 2058
1460055600 10 1733 10 1881
1460053800 10 1664 10 1865
1460052000 10 1739 10 2016
1460050200 10 1719 10 1982
1460048400 10 1722 10 1857
1460046600 10 1608 10 1944
1460044800 10 1736 10 1953
1460043000 10 1773 10 2115
1460041200 10 1881 10 2221
1460039400 10 1750 10 2396
1460037600 10 1531 10 1776
1460035800 10 1841 10 2854
1460034000 10 1504 10 2238
1460032200 10 888 10 1098
1460030400 10 560 10 876
1460028600 10 437 10 463
1460026800 10 460 10 549
1460025000 10 442 10 480
1460023200 10 435 10 482
1460021400 10 424 10 444
1460019600 10 428 10 463
1460017800 10 441 10 489
1460016000 10 426 10 457
1460014200 10 444 12 537
1460012400 10 430 11 465
1460010600 10 425 10 447
1460008800 10 440 14 1148
1460007000 10 431 10 467
1460005200 10 412 10 442
1460003400 10 444 10 476
1460001600 10 435 10 486
1459999800 10 433 10 489
1459998000 10 421 10 451
1459996200 10 443 10 492
1459994400 10 427 10 456
1459992600 10 441 10 465
1459990800 10 424 10 454
1459989000 10 431 10 440
1459987200 10 445 10 474
1459985400 10 417 10 466
1459983600 10 412 10 448
1459981800 10 468 10 528
1459980000 10 566 10 670
1459978200 10 971 10 1303
1459976400 110 1128 1826 1315
1459974600 1118 2675 1826 5630
1459972800 3244 20951 8169 51373
1459971000 1368 5108 2194 12215
1459969200 600 2672 1761 5685
1459967400 1029 2672 1933 3920
1459965600 880 2636 3681 7953
1459963800 710 2775 3941 15957
1459962000 2675 7185 3970 15957
1459960200 905 3019 1539 6498
1459958400 2474 6788 5615 15741
1459956600 3227 23687 4785 26826
1459954800 2892 7937 5468 25152
1459953000 4864 10584 11047 41085
1459951200 4828 31550 7932 49767
1459949400 2802 13755 12025 84852
1459947600 1338 10222 12025 84852
1459945800 10 755 11 1260
1459944000 10 556 10 921
1459942200 10 491 10 542
1459940400 10 519 10 569
1459938600 10 483 10 510
1459936800 10 474 10 502
1459935000 10 504 10 549
1459933200 10 485 10 536
1459931400 10 481 10 506
1459929600 10 501 10 528
1459927800 10 511 12 682
1459926000 10 485 11 550
1459924200 10 498 10 611
1459922400 10 496 11 552
1459920600 10 479 11 525
1459918800 10 483 10 536
1459917000 10 493 11 537
1459915200 10 475 11 537
1459913400 10 483 10 514
1459911600 10 494 10 560
1459909800 10 492 10 550
1459908000 10 483 10 567
1459906200 10 479 10 567
1459904400 10 487 10 564
1459902600 10 481 10 521
1459900800 10 487 10 575
1459899000 10 490 10 544
1459897200 10 483 10 513
1459895400 11 538 26 617
1459893600 10 530 10 559
1459891800 10 740 10 1157
1459890000 142 1431 2301 9182
1459888200 12407 13654 28657 25257
1459886400 4350 5709 19233 22836
1459884600 2116 6428 5738 12792
1459882800 1972 4506 3378 11150
1459881000 1175 3649 1865 5895
1459879200 1696 4583 3392 8355
1459877400 1431 3934 2726 8355
1459875600 744 3073 1175 4577
1459873800 681 2305 1216 3409
1459872000 846 3119 1653 6191
1459870200 2207 14542 4403 45387
1459868400 2397 12413 4403 23825
1459866600 12082 11258 49531 36864
1459864800 1549 3111 3068 5580
1459863000 3104 12054 10050 25578
1459861200 1103 3419 10050 22447
1459859400 10 1081 10 1685
1459857600 10 501 10 883
1459855800 10 501 10 883
1459854000 10 466 10 492
1459852200 10 488 10 592
1459850400 10 453 10 482
1459848600 10 456 10 498
1459846800 10 459 10 489
1459845000 10 464 10 493
1459843200 10 453 10 478
1459841400 10 474 12 539
1459839600 10 460 11 539
1459837800 10 463 10 505
1459836000 10 460 10 496
1459834200 10 465 10 494
1459832400 10 514 10 651
1459830600 10 455 11 503
1459828800 10 406 11 435
1459827000 10 414 11 481
1459825200 10 455 11 528
1459823400 10 426 11 481
1459821600 10 411 11 455
1459819800 10 422 11 452
1459818000 10 418 10 456
1459816200 10 474 10 634
1459814400 10 418 10 456
1459812600 10 423 10 465
1459810800 10 420 10 456
1459809000 10 446 10 511
1459807200 10 517 10 772
1459805400 10 669 10 892
1459803600 220 1144 3498 7523
1459801800 2063 7268 3498 14598
1459800000 2858 7667 5343 13746
1459798200 1848 5693 2594 9060
1459796400 2497 7443 3243 15206
1459794600 976 2865 2426 13397
1459792800 756 3431 1616 13397
1459791000 1495 6066 2674 35998
1459789200 2901 18138 5587 35998
1459787400 4461 32425 10812 92454
1459785600 3166 5566 8308 16464
1459783800 1721 3747 2487 8872
1459782000 3631 19347 9527 85537
1459780200 4910 34355 16245 137174
1459778400 3844 21741 16245 137174
1459776600 5679 18073 20380 45728
1459774800 10 956 10 1411
1459773000 10 667 10 1209
1459771200 10 420 10 624
1459769400 10 418 10 624
1459767600 10 400 10 535
1459765800 10 426 10 471
1459764000 10 378 10 413
1459762200 10 381 10 400
1459760400 10 409 10 433
1459758600 10 404 10 462
1459756800 10 410 10 499
1459755000 10 414 12 490
1459753200 10 412 11 445
1459751400 10 402 10 434
1459749600 10 404 10 437
1459747800 10 400 10 439
1459746000 10 425 10 476
1459744200 10 401 10 471
1459742400 10 392 10 431
1459740600 10 394 10 440
1459738800 10 392 10 459
1459737000 10 397 10 455
1459735200 10 422 10 502
1459733400 10 413 10 463
1459731600 10 400 10 428
1459729800 10 416 10 464
1459728000 10 428 10 483
1459726200 10 507 10 1066
1459724400 10 371 10 393
1459722600 10 383 10 433
1459720800 10 385 10 445
1459719000 10 377 10 430
1459717200 10 379 10 410
1459715400 10 383 10 410
1459713600 10 382 10 422
1459711800 10 384 12 418
1459710000 10 374 10 401
1459708200 10 380 10 413
1459706400 10 391 10 435
1459704600 10 376 10 417
1459702800 10 374 10 448
1459701000 10 409 10 467
1459699200 10 397 10 448
1459697400 10 394 10 461
1459695600 10 411 10 496
1459693800 10 405 10 448
1459692000 10 381 10 410
1459690200 10 370 10 409
1459688400 10 378 10 440
1459686600 10 381 10 421
1459684800 10 373 10 385
1459683000 10 382 10 426
1459681200 10 382 10 422
1459679400 10 377 10 398
1459677600 10 411 10 479
1459675800 10 373 10 411
1459674000 10 383 11 410
1459672200 10 396 11 420
1459670400 10 383 11 410
1459668600 10 391 12 457
1459666800 10 384 11 402
1459665000 10 380 10 404
1459663200 10 372 10 420
1459661400 10 388 10 451
1459659600 10 380 10 452
1459657800 10 395 10 453
1459656000 10 400 11 418
1459654200 10 387 10 413
1459652400 10 406 10 462
1459650600 10 428 10 504
1459648800 10 401 11 470
1459647000 10 386 10 422
1459645200 10 379 11 422
1459643400 10 395 11 483
1459641600 10 380 11 416
1459639800 10 369 11 387
1459638000 10 377 11 431
1459636200 10 381 10 422
1459634400 10 379 10 450
1459632600 10 382 10 477
1459630800 10 382 10 443
1459629000 10 376 10 410
1459627200 10 385 10 453
1459625400 10 387 12 431
1459623600 10 366 12 384
1459621800 10 375 10 401
1459620000 10 383 11 406
1459618200 10 382 10 432
1459616400 10 378 11 452
1459614600 10 397 11 428
1459612800 10 410 11 447
1459611000 10 399 10 447
1459609200 10 369 11 412
1459607400 10 406 10 459
1459605600 10 388 10 419
1459603800 10 380 10 416
1459602000 10 361 10 416
1459600200 10 382 10 422
1459598400 10 382 10 418
1459596600 10 366 10 402
1459594800 10 374 10 402
1459593000 10 379 10 410
1459591200 10 380 10 412
1459589400 10 364 10 412
1459587600 10 386 10 453
1459585800 10 377 10 402
1459584000 10 375 10 424
1459582200 10 373 12 441
1459580400 10 366 12 406
1459578600 10 373 10 414
1459576800 9 381 11 431
1459575000 10 371 11 390
1459573200 10 382 11 440
1459571400 10 388 10 493
1459569600 10 374 10 406
1459567800 10 370 10 409
1459566000 10 385 10 470
1459564200 10 388 10 423
1459562400 10 382 10 439
1459560600 10 398 10 459
1459558800 10 385 10 423
1459557000 10 395 10 417
1459555200 10 409 10 497
1459553400 10 390 10 440
1459551600 10 386 10 443
1459549800 10 468 10 495
1459548000 10 572 10 749
1459546200 10 701 10 875
1459544400 1578 3222 8660 14293
1459542600 2022 6333 4549 10722
1459540800 1976 7420 4929 23727
1459539000 593 3508 2211 6803
1459537200 1809 4602 2917 8696
1459535400 2927 14270 6113 43773
1459533600 1798 10173 4385 24953
1459531800 861 7647 2523 24953
1459530000 1018 3431 2523 10629
1459528200 1116 6905 5324 63814
1459526400 2201 13495 5324 63814
1459524600 1252 3640 3855 11619
1459522800 2354 5407 7617 14894
1459521000 110 1419 1663 5797
1459519200 2191 5506 3541 10425
1459517400 3625 16907 18463 159072
1459515600 1947 17817 18463 159072
1459513800 10 1016 10 1293
1459512000 10 790 10 1282
1459510200 10 618 10 1268
1459508400 10 503 10 560
1459506600 10 485 10 532
1459504800 10 486 10 545
1459503000 10 474 10 523
1459501200 10 491 10 556
1459499400 10 487 10 544
1459497600 10 487 10 507
1459495800 10 487 12 518
1459494000 10 524 11 600
1459492200 10 566 10 750
1459490400 10 487 22 524
1459488600 10 479 10 524
1459486800 10 477 10 527
1459485000 10 495 10 528
1459483200 10 483 10 550
1459481400 10 535 10 567
1459479600 10 547 10 586
1459477800 10 550 10 579
1459476000 10 542 10 590
1459474200 10 546 10 590
1459472400 10 545 10 591
1459470600 10 551 10 583
1459468800 10 531 10 580
1459467000 10 534 10 586
1459465200 10 538 10 569
1459463400 10 556 10 759
1459461600 10 633 10 917
1459459800 10 736 10 1063
1459458000 10 912 10 1189
1459456200 3792 8427 7825 14407
1459454400 1440 4214 3333 14407
1459452600 729 4007 1000 8967
1459450800 1829 4357 4603 11176
1459449000 4357 4775 12393 6501
1459447200 3435 3929 12393 12773
1459445400 1074 10445 2345 22622
1459443600 1357 13867 2886 68239
1459441800 1551 4001 3543 6543
1459440000 1855 3492 3543 7504
1459438200 4933 7720 10659 15365
1459436400 1016 6698 2183 17440
1459434600 3134 2927 14953 7223
1459432800 1994 4417 2851 7448
1459431000 2765 11821 6673 21274
1459429200 3513 11407 16512 52622
1459427400 10 843 10 1430
1459425600 10 658 10 850
1459423800 10 486 10 663
1459422000 10 451 10 490
1459420200 10 476 10 535
1459418400 10 476 10 532
1459416600 10 432 10 512
1459414800 10 423 10 476
1459413000 10 461 10 544
1459411200 10 450 10 508
1459409400 10 432 12 475
1459407600 10 428 11 460
1459405800 10 433 10 463
1459404000 10 446 10 498
1459402200 10 441 10 490
1459400400 10 426 10 432
1459398600 10 474 11 575
1459396800 10 473 11 557
1459395000 10 433 10 468
1459393200 10 446 10 490
1459391400 10 525 10 841
1459389600 10 517 10 841
1459387800 10 470 10 499
1459386000 10 477 10 515
1459384200 10 485 10 557
1459382400 10 467 10 479
1459380600 10 476 10 516
1459378800 10 464 10 501
1459377000 10 494 11 516
1459375200 10 561 11 909
1459373400 10 588 10 790
1459371600 131 893 2175 2080
1459369800 5222 14984 20035 46589
1459368000 4789 29517 20035 46589
1459366200 2839 28357 4081 46847
1459364400 1396 2981 7674 10527
1459362600 2389 7189 8274 22517
1459360800 3183 21703 5683 87487
1459359000 3285 12116 6247 26236
1459357200 595 2322 832 3056
1459355400 2669 4511 8271 10035
1459353600 1810 5650 4125 21826
1459351800 1587 9950 3048 29194
1459350000 1244 4490 2002 9348
1459348200 3725 3458 20270 10619
1459346400 556 2322 1731 6664
1459344600 3432 9782 9030 27578
1459342800 2735 6367 13164 25851
1459341000 10 892 10 1176
1459339200 10 537 10 1378
1459332000 10 436 10 522
1459324800 10 435 12 519
1459317600 10 431 11 463
1459310400 10 434 10 520
1459303200 10 454 10 507
1459296000 10 477 10 622
1459288800 1462 11323 10376 165830
1459281600 1937 6642 4534 43936
1459274400 1784 4896 4459 16505
1459267200 2812 6058 20695 29920
1459260000 1785 4955 8315 19955
1459252800 10 449 11 750
1459245600 10 387 11 451
1459238400 10 382 12 446
1459231200 10 383 11 449
1459224000 10 389 11 456
1459216800 10 401 11 493
1459209600 10 437 10 493
1459202400 226 1585 1335 11327
1459195200 1089 4369 3770 14851
1459188000 2353 10264 12842 60892
1459180800 4144 6876 12429 20562
1459173600 3849 7854 66602 47024
1459166400 10 501 10 1213
1459159200 10 392 11 445
1459152000 10 396 12 462
1459144800 10 390 11 442
1459137600 10 392 11 478
1459130400 10 395 10 458
1459123200 10 391 10 421
1459116000 10 393 10 450
1459108800 10 393 12 502
1459101600 10 397 11 481
1459094400 10 389 11 449
1459087200 10 392 11 460
1459080000 10 398 10 469
1459072800 10 391 10 430
1459065600 10 389 12 442
1459058400 10 392 11 442
1459051200 10 391 11 453
1459044000 10 390 11 451
1459036800 10 386 11 468
1459029600 10 391 11 450
1459022400 10 390 12 446
1459015200 10 389 11 434
1459008000 10 389 10 454
1459000800 10 399 10 511
1458993600 10 402 10 459
1458986400 10 408 10 485
1458979200 10 421 12 526
1458972000 9 413 11 498
1458964800 10 408 10 460
1458957600 10 404 10 477
1458950400 10 406 10 454
1458943200 10 425 10 562
1458936000 10 425 12 592
1458928800 10 414 10 472
1458921600 10 427 10 627
1458914400 10 429 10 652
1458907200 10 413 10 476
1458900000 10 412 10 469
1458892800 10 422 12 584
1458885600 10 431 11 626
1458878400 10 454 11 738
1458871200 10 414 10 460
1458864000 10 424 10 583
1458856800 710 2354 3407 8025
1458849600 1821 7287 5120 54709
1458842400 1966 10012 8427 81326
1458835200 2543 8441 9742 34181
1458828000 935 4382 7876 36339
1458820800 10 495 10 679
1458813600 10 448 10 541
1458806400 10 459 12 597
1458799200 10 450 11 598
1458792000 10 444 11 577
1458784800 10 441 10 540
1458777600 10 442 10 537
1458770400 89 737 2288 3945
1458763200 3275 15877 7024 93813
1458756000 2949 24689 11512 139610
1458748800 2930 22111 8997 138280
1458741600 1366 4666 11395 28964
1458734400 10 573 10 1005
1458727200 10 514 10 560
1458720000 10 515 12 574
1458712800 9 518 10 643
1458705600 10 565 11 705
1458698400 10 526 11 686
1458691200 10 552 10 756
1458684000 1576 1527 24820 8126
1458676800 1513 7164 5700 37677
1458669600 1094 3721 4537 21873
1458662400 3533 14006 28758 103498
1458655200 1775 15058 14358 159207
1458648000 10 657 10 1016
1458640800 10 589 10 644
1458633600 10 581 12 691
1458626400 10 584 11 663
1458619200 10 575 11 657
1458612000 10 624 10 685
1458604800 10 637 10 791
1458597600 608 2658 4510 30913
1458590400 4000 24217 11547 99357
1458583200 1773 7948 3964 42161
1458576000 4526 15290 47764 135250
1458568800 2196 20830 15461 358690
1458561600 10 412 11 692
1458554400 10 328 10 439
1458547200 10 337 12 438
1458540000 10 345 11 454
1458532800 10 334 11 407
1458525600 10 373 10 656
1458518400 10 338 10 402
1458511200 10 322 10 442
1458504000 10 318 12 382
1458496800 10 351 10 528
1458489600 10 327 10 435
1458482400 10 304 10 380
1458475200 10 262 11 432
1458468000 10 240 11 301
1458460800 10 243 12 299
1458453600 10 259 10 354
1458446400 10 237 10 307
1458439200 10 256 10 380
1458432000 10 247 10 331
1458424800 10 240 10 365
1458417600 10 235 12 290
1458410400 10 243 10 315
1458403200 10 238 10 323
1458396000 10 233 10 280
1458388800 10 231 10 298
1458381600 10 235 10 306
1458374400 10 236 12 291
1458367200 10 231 10 297
1458360000 10 243 10 315
1458352800 10 249 10 318
1458345600 10 373 10 1165
1458338400 412 1569 2880 8445
1458331200 2114 11035 7122 69778
1458324000 1910 23418 6256 229013
1458316800 3463 14736 19914 189491
1458309600 1272 4316 10924 21464
1458302400 10 623 10 1136
1458295200 10 515 10 577
1458288000 10 533 12 771
1458280800 10 545 53 680
1458273600 10 498 11 600
1458266400 10 495 11 768
1458259200 10 547 11 710
1458252000 10 858 11 1968
1458244800 10 1102 12 1968
1458237600 10 905 11 1166
1458230400 10 927 11 1389
1458223200 10 1117 11 1465
1458216000 10 469 11 877
1458208800 10 397 11 448
1458201600 10 426 12 746
1458194400 10 407 11 450
1458187200 10 411 11 680
1458180000 10 384 10 453
1458172800 10 365 10 431
1458165600 10 696 10 1297
1458158400 10 878 12 1297
1458151200 10 964 10 2170
1458144000 10 835 11 1079
1458136800 1381 17293 16051 318841
1458129600 54 614 191 2937
1458122400 54 471 128 761
1458115200 48 466 137 697
1458108000 62 706 283 6333
1458100800 2211 588 50884 2419
1458093600 62 564 224 3912
1458086400 57 433 158 735
1458079200 59 737 166 1278
1458072000 50 877 140 1459
1458064800 67 964 246 3900
1458057600 1132 953 24984 2102
1458050400 57 974 148 1385
1458043200 70 738 376 4069
1458036000 1163 37509 5279 188566
1458028800 88 498 1078 917
1458021600 50 483 155 703
1458014400 2188 592 51399 2533
1458007200 48 449 134 730
1458000000 96 1900 832 27599
1457992800 260 1360 1392 7884
1457985600 2891 45522 14024 432350
1457978400 2199 16118 9930 69542
1457971200 3521 51613 30301 973606
1457964000 1451 5548 10125 28398
1457956800 10 404 11 645
1457949600 10 341 11 406
1457942400 10 337 12 366
1457935200 10 336 11 388
1457928000 10 336 10 416
1457920800 10 336 11 390
1457913600 10 339 11 424
1457906400 10 337 11 435
1457899200 10 336 12 393
1457892000 10 335 11 397
1457884800 10 340 11 420
1457877600 10 334 11 377
1457870400 10 337 11 386
1457863200 10 330 11 431
1457856000 10 318 12 476
1457848800 10 312 11 365
1457841600 10 309 11 353
1457834400 10 310 11 348
1457827200 10 317 11 412
1457820000 10 318 11 440
1457812800 10 320 12 399
1457805600 10 316 11 366
1457798400 10 314 11 389
1457791200 10 307 11 367
1457784000 10 311 11 349
1457776800 10 323 11 711
1457769600 10 304 12 358
1457762400 10 307 11 371
1457755200 10 318 11 384
1457748000 10 310 11 445
1457740800 10 399 11 1220
1457733600 1894 13765 5283 40382
1457726400 1907 24354 5204 64384
1457719200 2030 22294 6336 118769
1457712000 2342 16191 13417 50205
1457704800 79 1505 2450 31599
1457697600 10 330 11 454
1457690400 10 319 11 361
1457683200 10 321 12 396
1457676000 10 320 11 405
1457668800 10 317 11 470
1457661600 10 293 11 333
1457654400 10 396 11 917
1457647200 1993 5510 7068 31341
1457640000 2752 6851 11808 32736
1457632800 2652 7740 4360 27262
1457625600 3686 19800 10977 97563
1457618400 1355 9948 23382 117533
1457611200 9 327 12 500
1457604000 10 319 11 390
1457596800 9 318 12 389
1457589600 10 383 11 692
1457582400 10 309 10 422
1457575200 10 347 10 670
1457568000 10 467 10 771
1457560800 2642 8979 8202 55870
1457553600 1610 16157 4880 51187
1457546400 3279 17255 13766 92266
1457539200 3832 44894 17120 314916
1457532000 344 1082 11711 16707
1457524800 10 372 11 607
1457517600 10 370 11 533
1457510400 10 378 12 484
1457503200 10 373 11 422
1457496000 10 346 10 559
1457488800 10 351 11 445
1457481600 10 392 11 918
1457474400 3865 13562 12192 46391
1457467200 2965 9254 8198 49489
1457460000 3248 19122 11152 76839
1457452800 5308 18688 44137 111623
1457445600 678 1844 14444 30342
1457438400 54 610 259 5743
1457431200 51 398 128 572
1457424000 117 380 1719 493
1457416800 59 694 355 7950
1457409600 2220 588 51915 2620
1457402400 42 477 109 730
1457395200 41 562 103 936
1457388000 1525 7238 9735 56584
1457380800 3230 13273 12570 56325
1457373600 1537 7998 12820 47273
1457366400 8091 21650 83472 101472
1457359200 1884 6722 15052 53591
1457352000 10 292 10 427
1457344800 10 286 10 353
1457337600 10 286 12 363
1457330400 10 282 11 310
1457323200 10 280 10 335
1457316000 10 280 10 352
1457308800 10 283 10 344
1457301600 10 282 10 373
1457294400 10 286 12 333
1457287200 10 286 10 334
1457280000 10 291 10 429
1457272800 10 281 10 353
1457265600 10 285 10 355
1457258400 10 282 11 356
1457251200 10 301 11 537
1457244000 10 279 11 344
1457236800 10 276 11 315
1457229600 10 274 10 329
1457222400 10 272 10 325
1457215200 10 276 10 339
1457208000 10 273 12 349
1457200800 10 283 10 458
1457193600 10 276 10 325
1457186400 10 275 10 337
1457179200 10 273 10 318
1457172000 10 277 10 353
1457164800 10 278 12 328
1457157600 10 281 11 352
1457150400 10 281 10 345
1457143200 10 281 10 334
1457136000 10 356 10 594
1457128800 1234 5302 6377 32588
1457121600 1725 7731 8717 41704
1457114400 2827 15312 21197 69993
1457107200 1427 2072 14787 13555
1457100000 10 627 10 1359
1457092800 10 355 10 463
1457085600 10 355 10 409
1457078400 10 351 14 464
1457071200 10 351 11 415
1457064000 10 389 10 623
1457056800 10 398 10 494
1457049600 10 435 10 598
1457042400 5568 16093 40139 200001
1457035200 1310 10415 2128 26399
1457028000 1078 3559 4012 9592
1457020800 2902 12729 14879 67655
1457013600 1040 3474 13226 43363
1457006400 10 335 10 438
1456999200 10 325 10 383
1456992000 10 337 12 480
1456984800 10 329 11 400
1456977600 10 332 10 373
1456970400 10 360 11 428
1456963200 10 354 11 451
1456956000 1540 5155 10181 60015
1456948800 2605 6003 5598 20816
1456941600 2879 16542 7910 76799
1456934400 3992 8797 27937 34790
1456927200 1767 8803 11336 80584
1456920000 10 238 10 325
1456912800 10 246 10 548
1456905600 10 236 12 310
1456898400 10 231 11 287
1456891200 10 231 10 299
1456884000 10 234 10 299
1456876800 10 273 10 576
1456869600 2336 5464 11416 34956
1456862400 1357 3825 3240 23880
1456855200 2511 12392 10130 121942
1456848000 3731 5869 31581 27139
1456840800 10 591 11 1263
1456833600 10 334 11 396
1456826400 10 324 10 357
1456819200 10 328 12 368
1456812000 10 330 11 388
1456804800 10 331 10 401
1456797600 10 330 11 370
1456790400 10 404 11 761
1456783200 3445 7192 17365 41004
1456776000 2635 15604 11444 160754
1456768800 1681 6859 5168 26543
1456761600 2728 9076 6990 39502
1456754400 983 2538 10195 27337
1456747200 286 470 382 643
1456740000 295 632 488 4603
1456732800 291 472 425 667
1456725600 294 475 383 600
1456718400 2398 547 50914 2441
1456711200 290 475 363 609
1456704000 287 463 365 623
1456696800 291 471 365 627
1456689600 330 470 1296 679
1456682400 288 466 368 591
1456675200 322 663 782 4598
1456668000 299 642 460 3758
1456660800 2403 598 51045 2426
1456653600 292 515 432 743
1456646400 289 467 365 631
1456639200 296 480 385 673
1456632000 293 482 533 857
1456624800 296 479 514 923
1456617600 333 625 1257 3310
1456610400 290 477 415 740
1456603200 291 468 504 869
1456596000 290 495 365 802
1456588800 688 571 9833 1008
1456581600 303 485 468 775
1456574400 287 463 360 632
1456567200 297 474 521 851
1456560000 294 480 514 873
1456552800 296 479 372 739
1456545600 2408 564 50816 2387
1456538400 407 844 1962 6026
1456531200 290 614 520 4181
1456524000 1126 13084 3282 52152
1456516800 1894 20691 4479 63991
1456509600 1766 13941 5932 80851
1456502400 6456 14637 82490 74647
1456495200 1054 7437 14262 104368
1456488000 10 501 11 583
1456480800 10 499 11 568
1456473600 10 508 12 616
1456466400 10 499 11 580
1456459200 10 510 11 592
1456452000 10 512 11 611
1456444800 10 557 11 774
1456437600 10 862 11 1248
1456430400 10 904 12 1657
1456423200 10 1092 11 1427
1456416000 10 1375 11 1722
1456408800 10 862 11 1790
1456401600 10 524 11 604
1456394400 10 523 11 602
1456387200 10 506 12 602
1456380000 10 486 11 698
1456372800 10 481 11 605
1456365600 10 549 10 737
1456358400 10 846 10 1070
1456351200 2301 7474 9739 41443
1456344000 1662 11858 3778 25641
1456336800 2278 6895 5295 30619
1456329600 6169 49889 61392 508975
1456322400 10 806 10 1732
1456315200 10 466 10 667
1456308000 10 455 11 562
1456300800 10 455 12 546
1456293600 10 469 11 630
1456286400 10 484 10 624
1456279200 10 488 10 688
1456272000 10 607 11 1100
1456264800 1363 3072 7313 9416
1456257600 3219 21032 11933 87691
1456250400 3068 6988 25012 40279
1456243200 2543 7360 12586 37750
1456236000 1214 6161 17865 106291
1456228800 10 343 10 463
1456221600 10 344 11 379
1456214400 9 358 12 541
1456207200 10 371 11 504
1456200000 10 477 10 740
1456192800 10 478 11 581
1456185600 10 537 11 883
1456178400 10 945 10 1256
1456171200 10 1002 12 1247
1456164000 10 1028 10 1205
1456156800 10 1012 10 1262
1456149600 10 805 10 1344
1456142400 10 352 10 404
1456135200 10 362 11 458
1456128000 10 359 12 454
1456120800 10 351 11 402
1456113600 10 348 11 399
1456106400 10 349 10 430
1456099200 10 352 10 430
1456092000 10 351 10 419
1456084800 10 352 12 403
1456077600 10 354 10 401
1456070400 10 347 10 407
1456063200 10 337 10 389
1456056000 10 336 10 376
1456048800 10 337 11 390
1456041600 10 336 17 393
1456034400 10 338 11 392
1456027200 10 337 10 390
1456020000 10 336 10 390
1456012800 10 341 10 383
1456005600 10 337 10 367
1455998400 10 338 12 391
1455991200 10 338 10 386
1455984000 10 341 10 408
1455976800 10 335 10 365
1455969600 10 338 10 398
1455962400 10 336 11 405
1455955200 10 340 12 411
1455948000 10 350 11 476
1455940800 10 350 10 408
1455933600 10 357 10 411
1455926400 10 384 10 578
1455919200 1701 7804 7994 58231
1455912000 2397 5654 10096 29152
1455904800 545 2951 1991 22871
1455897600 3167 8852 20956 44966
1455890400 302 1202 10965 19383
1455883200 10 448 11 696
1455876000 10 428 11 483
1455868800 9 429 12 558
1455861600 10 424 11 463
1455854400 10 482 10 643
1455847200 10 491 22 554
1455840000 10 614 11 1095
1455832800 1456 3407 17196 24571
1455825600 2223 15295 15670 53873
1455818400 2898 15530 12883 53873
1455811200 3004 15776 13752 76099
1455804000 525 2079 6015 17689
1455796800 10 445 10 534
1455789600 10 438 11 507
1455782400 10 430 12 490
1455775200 10 438 11 557
1455768000 10 479 10 565
1455760800 10 481 10 568
1455753600 10 582 10 862
1455746400 1971 8296 14344 57838
1455739200 1645 7728 14344 84014
1455732000 992 4537 3051 41786
1455724800 4386 6685 32560 71662
1455717600 429 2838 11288 71662
1455710400 53 513 166 676
1455703200 67 784 220 3870
1455696000 60 533 135 883
1455688800 157 1055 1197 6853
1455681600 2123 684 49370 2497
1455674400 3576 55582 41816 1219607
1455667200 54 736 119 1477
1455660000 1472 4535 7693 21661
1455652800 1808 9397 15945 90317
1455645600 2124 10252 8111 43663
1455638400 4152 12192 31423 198442
1455631200 1188 10440 13379 198442
1455624000 10 272 10 364
1455616800 10 270 11 342
1455609600 10 267 12 334
1455602400 10 311 11 482
1455595200 10 324 10 839
1455588000 10 259 10 310
1455580800 10 274 10 330
1455573600 10 270 10 321
1455566400 10 268 12 313
1455559200 10 270 10 434
1455552000 10 268 10 355
1455544800 10 257 10 314
1455537600 10 262 10 330
1455530400 10 262 11 339
1455523200 10 261 12 320
1455516000 10 263 11 330
1455508800 10 258 11 329
1455501600 10 260 10 307
1455494400 10 258 10 305
1455487200 10 260 10 322
1455480000 10 258 12 335
1455472800 10 256 10 304
1455465600 10 262 10 317
1455458400 10 263 10 322
1455451200 10 261 10 359
1455444000 10 281 11 482
1455436800 10 262 12 365
1455429600 10 250 11 459
1455422400 10 229 10 281
1455415200 10 234 10 313
1455408000 10 232 10 275
1455400800 10 232 10 302
1455393600 10 245 12 319
1455386400 10 230 10 283
1455379200 10 243 10 300
1455372000 10 255 10 481
1455364800 10 290 10 431
1455357600 10 406 11 799
1455350400 9 304 12 379
1455343200 10 335 11 517
1455336000 10 340 10 504
1455328800 10 342 10 624
1455321600 265 754 2475 4408
1455314400 5330 11058 63277 70163
1455307200 1446 12074 5088 31159
1455300000 3470 17142 11586 66419
1455292800 3887 14013 47149 85205
1455285600 1209 5074 13786 43140
1455278400 10 290 10 403
1455271200 10 292 11 399
1455264000 10 280 12 327
1455256800 10 288 11 352
1455249600 10 289 11 380
1455242400 10 333 11 470
1455235200 10 486 10 844
1455228000 2116 16677 7691 53495
1455220800 924 3069 5258 17030
1455213600 2307 11616 8597 126848
1455206400 3488 12520 19045 66203
1455199200 10 750 12 1647
1455192000 10 232 10 278
1455184800 10 285 11 782
1455177600 10 236 12 313
1455170400 10 272 11 533
1455163200 10 275 10 389
1455156000 10 288 10 356
1455148800 10 395 10 579
1455141600 3951 21770 20308 83658
1455134400 2020 13624 3802 47515
1455127200 2074 20028 6434 45997
1455120000 6875 127307 44492 1343781
1455112800 10 568 11 1026
1455105600 10 251 10 356
1455098400 10 302 10 782
1455091200 10 295 12 443
1455084000 10 362 11 584
1455076800 10 387 11 529
1455069600 10 452 11 907
1455062400 10 483 11 1009
1455055200 1759 14832 6805 156691
1455048000 2184 22141 5146 77403
1455040800 2252 30353 7508 170591
1455033600 5824 28444 32960 108596
1455026400 10 661 11 1440
1455019200 10 309 12 396
1454976000 1662 4703 90377 93701
1454889600 10 233 22 482
1454803200 9 228 12 351
1454716800 610 2206 13662 46790
1454630400 1262 2286 38737 60410
1454544000 959 4987 34350 112331
1454457600 791 6079 15300 121543
1454371200 935 5110 32638 177633
1454284800 9 290 12 352
1454198400 9 289 12 459
1454112000 558 3354 13081 60969
1454025600 894 7696 27470 546070
1453939200 786 3104 47642 32670
1453852800 828 6602 15162 102492
1453766400 5273 166779 322142 12222601
1453680000 9 266 12 340
1453593600 10 267 12 348
1453507200 683 3325 18467 247575
1453420800 791 4395 32264 62098
1453334400 24313 8613 3571671 525752
1453248000 591 2137 51003 70474
1453161600 10 444 12 1468
1453075200 9 243 12 394
1452988800 10 211 12 296
1452902400 1769 7521 268823 434905
1452816000 1078 3913 43780 171026
1452729600 867 9173 43492 1186847
1452643200 828 2365 44172 53797
1452556800 661 3175 37162 133242
1452470400 9 248 12 708
1452384000 10 315 12 5476
1452297600 571 1724 45431 48955
1452211200 442 1659 20144 48708
1452124800 593 1867 39694 55878
1452038400 872 3701 34381 131841
1451952000 822 2850 47750 210582
1451865600 10 249 12 573
1451779200 10 242 12 323
1451692800 10 244 27 339
1451606400 665 2587 47977 82013
1451520000 763 1819 33250 71317
1451433600 10 341 12 1082
1451347200 9 219 12 694
1451260800 9 188 12 269
1451174400 10 196 12 324
1451088000 10 186 12 261
1451001600 10 242 36 783
1450915200 719 2341 40650 57624
1450828800 972 2526 47846 90107
1450742400 1297 4126 42852 91499
1450656000 10 217 12 265
1450569600 10 227 12 346
1450483200 788 2835 37045 153845
1450396800 785 1899 34945 34818
1450310400 943 1924 49071 95961
1450224000 1564 4511 145378 719742
1450137600 761 3291 33522 147408
1450051200 10 389 12 450
1449964800 10 363 16 669
1449878400 692 1835 44474 32658
1449792000 1556 6487 127607 249204
1449705600 989 11706 62607 1347752
1449619200 1530 3258 244745 69336
1449532800 1277 4173 57628 86268
1449446400 9 349 12 402
1449360000 10 349 12 415
1449273600 769 2228 35399 54164
1449187200 661 2700 41502 123665
1449100800 5542 2213 922434 39225
1449014400 900 3348 28991 190411
1448928000 1332 6304 27568 162074
1448841600 528 779 28062 5368
1448755200 511 829 27503 14631
1448668800 550 3110 15693 117796
1448582400 10 687 12 1671
1448496000 447 1745 29175 57195
1448409600 793 3919 42552 295770
1448323200 862 3536 46083 171579
1448236800 10 335 12 385
1448150400 10 335 12 380
1448064000 672 2083 38232 33250
1447977600 758 3623 32981 295852
1447891200 10 670 12 2029
1447804800 644 2593 27426 56755
1447718400 573 2624 11722 79608
1447632000 10 569 12 661
1447545600 10 546 12 642
1447459200 714 2908 34345 57238
1447372800 1526 4566 47712 95545
1447286400 1123 12689 50438 1614988
1447200000 1084 4219 28655 140790
1447113600 13 634 44 3333
1447027200 10 387 12 659
1446940800 10 385 12 607
1446854400 867 5246 15311 98778
1446768000 872 3204 36778 57227
1446681600 803 3851 34387 99016
1446595200 807 4279 39739 38640
1446508800 1102 8430 38547 742527
1446422400 9 458 12 612
1446336000 10 452 12 556
1446249600 659 2048 32999 27086
1446163200 815 5776 32840 660802
1446076800 877 4326 25829 57843
1445990400 770 4186 29116 97549
1445904000 967 6255 33593 128875
1445817600 10 421 12 503
1445731200 10 428 25 612
1445644800 2093 4820 314545 116304
1445558400 1483 2016 63241 28808
1445472000 1520 4252 56370 254868
1445385600 1449 3729 47973 101798
1445299200 1151 4263 35657 61587
1445212800 10 481 12 587
1445126400 9 444 12 966
1445040000 1059 4768 30923 91971
1444953600 1052 6887 25275 78547
1444867200 1079 12562 86800 2092718
1444780800 1189 7075 40731 252081
1444694400 10 378 12 653
1444608000 10 400 17 915
1444521600 10 417 12 549
1444435200 10 706 12 1752
1444348800 10 793 12 1855
1444262400 10 782 28 2421
1444176000 10 657 12 1792
1444089600 10 663 51 1554
1444003200 10 488 12 581
1443916800 10 489 12 573
1443830400 9 813 12 1487
1443744000 9 1023 11 1854
1443657600 10 1096 11 2470
1443571200 9 883 11 1837
1443484800 10 969 11 2021
1443398400 9 696 11 1003
1443312000 10 654 11 757
1443225600 2911 6305 53828 299293
1443139200 2717 3083 112335 71715
1443052800 1744 6310 101348 170849
1442966400 1059 6681 25878 171034
1442880000 662 2755 23634 32554
1442793600 10 566 12 839
1442707200 10 594 12 1357
1442620800 918 11225 77760 1922354
1442534400 1006 6513 28193 140504
1442448000 1134 7978 33034 367115
1442361600 834 6329 8481 193341
1442275200 10 680 12 1627
1442188800 10 394 12 684
1442102400 10 468 12 976
1442016000 1569 6138 181032 76383
1441929600 713 8534 21557 694068
1441843200 819 9710 31593 883167
1441756800 887 8283 42447 1408034
1441670400 10 441 14 635
1441584000 9 441 12 518
1441497600 10 434 29 746
1441411200 3089 6486 628001 196104
1441324800 435 2000 21987 22498
1441238400 735 3257 19205 38731
1441152000 1228 16838 30071 864567
1441065600 1528 4973 140540 176336
1440979200 10 442 12 517
1440892800 10 442 12 512
1440806400 523 1992 24358 44223
1440720000 709 3563 29062 49482
1440633600 815 3847 25311 76275
1440547200 870 4636 20574 187317
1440460800 798 6124 24013 343128
1440374400 10 418 12 463
1440288000 9 421 12 732
1440201600 639 2695 30347 55495
1440115200 947 4616 29015 118076
1440028800 1442 4587 43413 103869
1439942400 10 870 45 2159
1439856000 10 711 12 1705
1439769600 10 405 12 453
1439683200 10 399 12 489
1439596800 10 652 17 1271
1439510400 4689 3943 200778 92447
1439424000 1637 15192 47913 1490652
1439337600 1077 3600 50661 72696
1439251200 2252 7125 49655 174365
1439164800 10 415 11 483
1439078400 10 422 45 513
1438992000 803 4558 15939 114738
1438905600 906 4863 16917 163047
1438819200 919 7416 14177 102566
1438732800 835 5679 16019 146611
1438646400 10 422 12 750
1438560000 10 402 12 531
1438473600 9 402 12 466
1438387200 685 3267 23798 51291
1438300800 538 3907 7260 83642
1438214400 1009 7397 17688 381379
1438128000 1164 5523 19792 202356
1438041600 886 4245 19600 148046
1437955200 10 370 12 422
1437868800 10 379 12 910
1437782400 908 5998 24797 184750
1437696000 781 5689 15627 247121
1437609600 734 4851 12526 337660
1437523200 10 772 12 2887
1437436800 10 630 23 1633
1437350400 8 379 12 439
1437264000 10 388 12 492
1437177600 10 541 28 1281
1437091200 10 624 12 1430
1437004800 9 854 12 2332
1436918400 10 681 12 1814
1436832000 10 572 12 1411
1436745600 9 365 12 413
1436659200 10 367 12 443
1436572800 10 596 12 1435
1436486400 862 4403 22098 68268
1436400000 929 6183 22384 88102
1436313600 802 4670 12601 61282
1436227200 1424 5845 81122 102544
1436140800 10 377 12 426
1436054400 9 378 12 431
1435968000 787 5474 20220 157950
1435881600 756 3434 12578 122922
1435795200 10 378 12 633
1435708800 897 4742 21480 170179
1435622400 685 3613 11859 112410
1435536000 10 509 12 606
1435449600 10 523 12 767
1435363200 693 3605 12316 227421
1435276800 789 8090 13938 256281
1435190400 1539 8945 14030 310674
1435104000 820 6987 19587 1121888
1435017600 1004 7570 14184 234914
1434931200 10 362 34 573
1434844800 10 372 12 511
1434758400 710 3454 15923 106719
1434672000 742 4555 13375 127465
1434585600 752 3950 15366 238296
1434499200 830 2349 12226 52016
1434412800 905 5091 34106 210152
1434326400 10 407 12 461
1434240000 9 411 12 668
1434153600 515 5698 11892 54724
1434067200 724 9802 39891 887441
1433980800 934 17511 20770 1186738
1433894400 481 3631 18588 59034
1433808000 807 8385 16032 484801
1433721600 10 269 12 354
1433635200 10 274 14 788
1433548800 621 4200 9255 193570
1433462400 10 579 12 1505
1433376000 10 588 12 1409
1433289600 450 2113 9811 59270
1433203200 130 567 9770 5975
1433116800 334 12332 24590 1755145
1433030400 1087 25680 124494 5868360
1432944000 1457 5280 202646 87602
1432857600 617 4649 12363 195134
1432771200 677 6039 11651 84046
1432684800 717 4692 8528 54780
1432598400 714 4065 9448 90229
1432512000 10 212 12 253
1432425600 10 212 14 336
1432339200 455 3439 9974 147585
1432252800 659 7213 23808 560218
1432166400 406 3573 11312 489259
1432080000 416 2257 16839 54200
1431993600 10 207 12 353
1431907200 10 200 12 250
1431820800 10 201 12 261
1431734400 495 4773 10095 61791
1431648000 554 5958 9375 88958
1431561600 661 11798 15197 558327
1431475200 488 2510 7390 84080
1431388800 634 7807 13413 319860
1431302400 10 242 12 307
1431216000 9 242 12 432
1431129600 376 1903 20186 133612
1431043200 603 3337 8436 55497
1430956800 461 2209 12474 121792
1430870400 278 1360 7713 119421
1430784000 2027 21100 113779 2832163
1430697600 10 205 12 270
1430611200 10 204 12 353
1430524800 10 517 197 1370
1430438400 57 774 3333 16869
1430352000 51 1311 3533 122684
1430265600 10 521 12 1303
1430179200 10 463 12 1228
1430092800 10 281 12 542
1430006400 10 308 12 1050
1429920000 10 575 12 1579
1429833600 10 578 12 1636
1429747200 10 515 12 1474
1429660800 10 633 12 1567
1429574400 10 591 12 1758
1429488000 10 367 12 570
1429401600 10 349 12 472
1429315200 10 533 12 1270
1429228800 10 740 12 1879
1429142400 10 991 12 8002
1429056000 10 747 12 1491
1428969600 10 737 12 2706
1428883200 10 251 12 453
1428796800 10 248 12 632
1428710400 10 639 33 2119
1428624000 11 789 33 2119
1428537600 10 485 52 1348
1428451200 10 446 12 1122
1428364800 10 448 12 1604
1428278400 10 189 12 257
1428192000 10 187 12 339
1428105600 10 198 12 709
1428019200 10 490 12 1643
1427932800 10 615 12 2311
1427846400 10 493 12 1756
1427760000 9 447 12 1386
1427673600 10 269 12 764
1427587200 10 269 12 428
1427500800 10 614 26 2011
1427414400 10 582 12 1568
1427328000 10 492 12 1269
1427241600 10 496 12 1444
1427155200 17 1036 42 3079
1427068800 27 1386 27 1439
1426982400 19 950 28 1413
1426896000 10 594 25 2765
1426809600 10 533 12 2188
1426723200 10 567 12 2474
1426636800 10 542 12 1424
1426550400 10 483 12 1638
1426464000 10 221 34 331
1426377600 10 222 12 325
1426291200 10 500 12 1688
1426204800 10 542 23 1849
1426118400 10 505 12 2238
1426032000 10 477 12 1662
1425945600 10 494 12 4582
1425859200 10 209 12 293
1425772800 10 206 23 351
1425686400 10 460 12 1683
1425600000 10 473 12 1580
1425513600 10 431 12 1817
1425427200 10 433 12 1527
1425340800 10 393 12 1651
1425254400 10 176 12 233
1425168000 10 173 12 211
1425081600 10 387 12 1333
1424995200 10 385 12 1466
1424908800 10 456 12 1830
1424822400 10 530 12 1414
1424736000 10 449 12 2260
1424649600 10 169 12 231
1424563200 10 169 12 213
1424476800 10 505 12 1714
1424390400 10 495 12 1628
1424304000 10 569 12 1651
1424217600 10 433 12 1499
1424131200 10 168 12 341
1424044800 10 170 12 290
1423958400 10 177 17 310
1423872000 10 484 12 1529
1423785600 10 504 12 1537
1423699200 10 454 12 1458
1423612800 10 504 18 2200
1423526400 10 425 12 1986
1423440000 10 181 12 226
1423353600 10 241 12 18001
1423267200 10 489 12 1494
1423180800 10 569 12 1928
1423094400 10 540 12 1811
1423008000 10 562 12 32188
1422921600 10 403 12 1600
1422835200 10 169 12 244
1422748800 10 174 12 805
1422662400 10 554 14 1729
1422576000 10 617 12 1703
1422489600 10 693 12 2106
1422403200 10 572 12 9478
1422316800 10 439 12 1512
1422230400 10 174 37 400
1422144000 10 172 12 301
1422057600 9 487 12 1650
1421971200 10 502 12 6116
1421884800 10 665 68 2116
1421798400 10 554 12 1836
1421712000 10 444 12 1468
1421625600 10 173 12 205
1421539200 10 173 12 385
1421452800 10 436 12 2189
1421366400 10 630 12 2160
1421280000 10 589 12 7010
1421193600 9 671 12 1982
1421107200 10 651 12 2302
1421020800 10 348 12 1243
1420934400 10 332 12 844
1420848000 10 655 12 2071
1420761600 10 631 12 1811
1420675200 10 669 12 2107
1420588800 10 700 12 2201
1420502400 10 751 12 2790
1420416000 10 312 12 577
1420329600 10 319 12 846
1420243200 10 436 12 2468
1420156800 10 270 68 1435
1420070400 10 307 12 1201
1419984000 10 674 12 7896
1419897600 10 497 12 1922
1419811200 10 157 12 203
1419724800 10 157 12 198
1419638400 9 157 12 195
1419552000 10 156 28 193
1419465600 10 157 12 239
1419379200 10 455 34 1378
1419292800 10 1047 12 34891
1419206400 10 170 12 459
1419120000 10 164 12 293
1419033600 10 500 12 1757
1418947200 10 701 12 36555
1418860800 10 539 12 2010
1418774400 10 466 12 2824
1418688000 10 500 12 1503
1418601600 10 280 12 396
1418515200 10 272 12 511
1418428800 10 487 12 2709
1418342400 10 603 12 1618
1418256000 10 583 12 2130
1418169600 10 681 12 1613
1418083200 10 638 12 4877
1417996800 9 178 12 438
1417910400 10 178 23 430
1417824000 10 567 12 1912
1417737600 10 565 12 1690
1417651200 10 510 12 1447
1417564800 10 509 12 1604
1417478400 10 462 12 1480
1417392000 10 184 12 337
1417305600 10 186 12 415
1417219200 10 650 154 1464
1417132800 10 645 34 1439
1417046400 10 981 12 2376
1416960000 10 769 12 2385
1416873600 10 520 12 1687
1416787200 10 231 12 954
1416700800 10 221 12 1054
1416614400 10 540 27 1551
1416528000 10 668 12 1753
1416441600 10 504 12 1920
1416355200 10 371 12 1326
1416268800 1 221 31 1298
1416182400 0 0 0 0
1416096000 0 0 0 0
1416009600 0 0 0 0
1415923200 0 0 0 0
1415836800 0 0 0 0
1415750400 0 0 0 0
1415664000 0 0 0 0
1415577600 0 0 0 0
1415491200 0 0 0 0
1415404800 0 0 0 0
1415318400 0 0 0 0
1415232000 0 0 0 0
1415145600 0 0 0 0
1415059200 0 0 0 0
1414972800 0 0 0 0
1414886400 0 0 0 0
1414800000 0 0 0 0
1414713600 0 0 0 0
1414627200 0 0 0 0
1414540800 0 0 0 0
1414454400 0 0 0 0
1414368000 0 0 0 0
1414281600 0 0 0 0
1414195200 0 0 0 0
1414108800 0 0 0 0
1414022400 0 0 0 0
1413936000 0 0 0 0
1413849600 0 0 0 0
1413763200 0 0 0 0
1413676800 0 0 0 0
1413590400 0 0 0 0
1413504000 0 0 0 0
1413417600 0 0 0 0
1413331200 0 0 0 0
1413244800 0 0 0 0
1413158400 0 0 0 0
1413072000 0 0 0 0
1412985600 0 0 0 0
1412899200 0 0 0 0
1412812800 0 0 0 0
1412726400 0 0 0 0
1412640000 0 0 0 0
1412553600 0 0 0 0
1412467200 0 0 0 0
1412380800 0 0 0 0
1412294400 0 0 0 0
1412208000 0 0 0 0
1412121600 0 0 0 0
1412035200 0 0 0 0
1411948800 0 0 0 0
1411862400 0 0 0 0
1411776000 0 0 0 0
1411689600 0 0 0 0
1411603200 0 0 0 0
1411516800 0 0 0 0
1411430400 0 0 0 0
1411344000 0 0 0 0
1411257600 0 0 0 0
1411171200 0 0 0 0
1411084800 0 0 0 0
1410998400 0 0 0 0
1410912000 0 0 0 0
1410825600 0 0 0 0
1410739200 0 0 0 0
1410652800 0 0 0 0
1410566400 0 0 0 0
1410480000 0 0 0 0
1410393600 0 0 0 0
1410307200 0 0 0 0
1410220800 0 0 0 0
1410134400 0 0 0 0
1410048000 0 0 0 0
1409961600 0 0 0 0
1409875200 0 0 0 0
1409788800 0 0 0 0
1409702400 0 0 0 0
1409616000 0 0 0 0
1409529600 0 0 0 0
1409443200 0 0 0 0
1409356800 0 0 0 0
1409270400 0 0 0 0
1409184000 0 0 0 0
1409097600 0 0 0 0
1409011200 0 0 0 0
1408924800 0 0 0 0
1408838400 0 0 0 0
1408752000 0 0 0 0
1408665600 0 0 0 0
1408579200 0 0 0 0
1408492800 0 0 0 0
1408406400 0 0 0 0
1408320000 0 0 0 0
1408233600 0 0 0 0
1408147200 0 0 0 0
1408060800 0 0 0 0
1407974400 0 0 0 0
1407888000 0 0 0 0
1407801600 0 0 0 0
1407715200 0 0 0 0
1407628800 0 0 0 0
1407542400 0 0 0 0
1407456000 0 0 0 0
1407369600 0 0 0 0
1407283200 0 0 0 0
1407196800 0 0 0 0
1407110400 0 0 0 0
1407024000 0 0 0 0
1406937600 0 0 0 0
1406851200 0 0 0 0
1406764800 0 0 0 0
1406678400 0 0 0 0
1406592000 0 0 0 0
1406505600 0 0 0 0
1406419200 0 0 0 0
1406332800 0 0 0 0
1406246400 0 0 0 0
1406160000 0 0 0 0
1406073600 0 0 0 0
1405987200 0 0 0 0
1405900800 0 0 0 0
1405814400 0 0 0 0
1405728000 0 0 0 0
1405641600 0 0 0 0
1405555200 0 0 0 0
1405468800 0 0 0 0
1405382400 0 0 0 0
1405296000 0 0 0 0
1405209600 0 0 0 0
1405123200 0 0 0 0
1405036800 0 0 0 0
1404950400 0 0 0 0
1404864000 0 0 0 0
1404777600 0 0 0 0
1404691200 0 0 0 0
1404604800 0 0 0 0
1404518400 0 0 0 0
1404432000 0 0 0 0
1404345600 0 0 0 0
1404259200 0 0 0 0
1404172800 0 0 0 0
1404086400 0 0 0 0
1404000000 0 0 0 0
1403913600 0 0 0 0
1403827200 0 0 0 0
1403740800 0 0 0 0
1403654400 0 0 0 0
1403568000 0 0 0 0
1403481600 0 0 0 0
1403395200 0 0 0 0
1403308800 0 0 0 0
1403222400 0 0 0 0
1403136000 0 0 0 0
1403049600 0 0 0 0
1402963200 0 0 0 0
1402876800 0 0 0 0
1402790400 0 0 0 0
1402704000 0 0 0 0
1402617600 0 0 0 0
1402531200 0 0 0 0
1402444800 0 0 0 0
1402358400 0 0 0 0
1402272000 0 0 0 0
1402185600 0 0 0 0
1402099200 0 0 0 0
1402012800 0 0 0 0
1401926400 0 0 0 0
1401840000 0 0 0 0
1401753600 0 0 0 0
1401667200 0 0 0 0
1401580800 0 0 0 0
1401494400 0 0 0 0
1401408000 0 0 0 0
1401321600 0 0 0 0
1401235200 0 0 0 0
1401148800 0 0 0 0
1401062400 0 0 0 0
1400976000 0 0 0 0
1400889600 0 0 0 0
1400803200 0 0 0 0
1400716800 0 0 0 0
1400630400 0 0 0 0
1400544000 0 0 0 0
1400457600 0 0 0 0
1400371200 0 0 0 0
1400284800 0 0 0 0
1400198400 0 0 0 0
1400112000 0 0 0 0
1400025600 0 0 0 0
1399939200 0 0 0 0
1399852800 0 0 0 0
1399766400 0 0 0 0
1399680000 0 0 0 0
1399593600 0 0 0 0
1399507200 0 0 0 0
1399420800 0 0 0 0
1399334400 0 0 0 0
1399248000 0 0 0 0
1399161600 0 0 0 0
1399075200 0 0 0 0
1398988800 0 0 0 0
1398902400 0 0 0 0
1398816000 0 0 0 0
1398729600 0 0 0 0
1398643200 0 0 0 0
1398556800 0 0 0 0
1398470400 0 0 0 0
1398384000 0 0 0 0
1398297600 0 0 0 0
1398211200 0 0 0 0
1398124800 0 0 0 0
1398038400 0 0 0 0
1397952000 0 0 0 0
1397865600 0 0 0 0
1397779200 0 0 0 0
1397692800 0 0 0 0
1397606400 0 0 0 0
1397520000 0 0 0 0
1397433600 0 0 0 0
1397347200 0 0 0 0
1397260800 0 0 0 0
1397174400 0 0 0 0
1397088000 0 0 0 0
1397001600 0 0 0 0
1396915200 0 0 0 0
1396828800 0 0 0 0
1396742400 0 0 0 0
1396656000 0 0 0 0
1396569600 0 0 0 0
1396483200 0 0 0 0
1396396800 0 0 0 0
1396310400 0 0 0 0
1396224000 0 0 0 0
1396137600 0 0 0 0
1396051200 0 0 0 0
1395964800 0 0 0 0
1395878400 0 0 0 0
1395792000 0 0 0 0
1395705600 0 0 0 0
1395619200 0 0 0 0
1395532800 0 0 0 0
1395446400 0 0 0 0
1395360000 30 110 4834 12194
1395273600 0 0 0 0
1395187200 0 0 0 0
1395100800 0 0 0 0
1395014400 0 0 0 0
1394928000 0 0 0 0
1394841600 0 0 0 0
1394755200 0 0 0 0
1394668800 0 0 0 0
1394582400 0 0 0 0
1394496000 0 0 0 0
1394409600 0 0 0 0
1394323200 0 0 0 0
1394236800 0 0 0 0
1394150400 0 0 0 0
1394064000 0 0 0 0
1393977600 0 0 0 0
1393891200 0 0 0 0
1393804800 0 0 0 0
1393718400 0 0 0 0
1393632000 0 0 0 0
1393545600 0 0 0 0
1393459200 0 0 0 0
1393372800 0 0 0 0
1393286400 0 0 0 0
1393200000 0 0 0 0
1393113600 0 0 0 0
1393027200 0 0 0 0
1392940800 0 0 0 0
1392854400 0 0 0 0
1392768000 0 0 0 0
1392681600 0 0 0 0
1392595200 0 0 0 0
1392508800 0 0 0 0
1392422400 0 0 0 0
1392336000 0 0 0 0
1392249600 0 0 0 0
1392163200 0 0 0 0
1392076800 38 139 3746 19046
1391990400 777 2766 66348 342072
1391904000 0 0 0 0
1391817600 0 0 0 0
