1460685978 -1 -1
1460685978 0 0 0 0
1460601740 0 0 0 0
1460601600 0 0 0 0
1460601300 0 0 0 0
1460601000 0 0 0 0
1460600700 0 0 0 0
1460600400 0 0 0 0
1460600100 0 0 0 0
1460599800 0 0 0 0
1460599500 0 0 0 0
1460599200 0 0 0 0
1460598900 0 0 0 0
1460598600 0 0 0 0
1460598300 0 0 0 0
1460598000 0 0 0 0
1460597700 0 0 0 0
1460597400 0 0 0 0
1460597100 0 0 0 0
1460596800 0 0 0 0
1460596500 0 0 0 0
1460596200 0 0 0 0
1460595900 0 0 0 0
1460595600 0 0 0 0
1460595300 0 0 0 0
1460595000 0 0 0 0
1460594700 0 0 0 0
1460594400 0 0 0 0
1460594100 0 0 0 0
1460593800 0 0 0 0
1460593500 0 0 0 0
1460593200 0 0 0 0
1460592900 0 0 0 0
1460592600 0 0 0 0
1460592300 0 0 0 0
1460592000 0 0 0 0
1460591700 0 0 0 0
1460591400 0 0 0 0
1460591100 0 0 0 0
1460590800 0 0 0 0
1460590500 0 0 0 0
1460590200 0 0 0 0
1460589900 0 0 0 0
1460589600 0 0 0 0
1460589300 0 0 0 0
1460589000 0 0 0 0
1460588700 0 0 0 0
1460588400 0 0 0 0
1460588100 0 0 0 0
1460587800 0 0 0 0
1460587500 0 0 0 0
1460587200 0 0 0 0
1460586900 0 0 0 0
1460586600 0 0 0 0
1460586300 0 0 0 0
1460586000 0 0 0 0
1460585700 0 0 0 0
1460585400 0 0 0 0
1460585100 0 0 0 0
1460584800 0 0 0 0
1460584500 0 0 0 0
1460584200 0 0 0 0
1460583900 0 0 0 0
1460583600 0 0 0 0
1460583300 0 0 0 0
1460583000 0 0 0 0
1460582700 0 0 0 0
1460582400 0 0 0 0
1460582100 0 0 0 0
1460581800 0 0 0 0
1460581500 0 0 0 0
1460581200 0 0 0 0
1460580900 0 0 0 0
1460580600 0 0 0 0
1460580300 0 0 0 0
1460580000 0 0 0 0
1460579700 0 0 0 0
1460579400 0 0 0 0
1460579100 0 0 0 0
1460578800 0 0 0 0
1460578500 0 0 0 0
1460578200 0 0 0 0
1460577900 0 0 0 0
1460577600 0 0 0 0
1460577300 0 0 0 0
1460577000 0 0 0 0
1460576700 0 0 0 0
1460576400 0 0 0 0
1460576100 0 0 0 0
1460575800 0 0 0 0
1460575500 0 0 0 0
1460575200 0 0 0 0
1460574900 0 0 0 0
1460574600 0 0 0 0
1460574300 0 0 0 0
1460574000 0 0 0 0
1460573700 0 0 0 0
1460573400 0 0 0 0
1460573100 0 0 0 0
1460572800 0 0 0 0
1460572500 0 0 0 0
1460572200 0 0 0 0
1460571900 0 0 0 0
1460571600 0 0 0 0
1460571300 0 0 0 0
1460571000 0 0 0 0
1460570700 0 0 0 0
1460570400 0 0 0 0
1460570100 0 0 0 0
1460569800 0 0 0 0
1460569500 0 0 0 0
1460569200 0 0 0 0
1460568900 0 0 0 0
1460568600 0 0 0 0
1460568300 0 0 0 0
1460568000 0 0 0 0
1460567700 0 0 0 0
1460567400 0 0 0 0
1460567100 0 0 0 0
1460566800 0 0 0 0
1460566500 0 0 0 0
1460566200 0 0 0 0
1460565900 0 0 0 0
1460565600 0 0 0 0
1460565300 0 0 0 0
1460565000 0 0 0 0
1460564700 0 0 0 0
1460564400 0 0 0 0
1460564100 0 0 0 0
1460563800 0 0 0 0
1460563500 0 0 0 0
1460563200 0 0 0 0
1460562900 0 0 0 0
1460562600 0 0 0 0
1460562300 0 0 0 0
1460562000 0 0 0 0
1460561700 0 0 0 0
1460561400 0 0 0 0
1460561100 0 0 0 0
1460560800 0 0 0 0
1460560500 0 0 0 0
1460560200 0 0 0 0
1460559900 0 0 0 0
1460559600 0 0 0 0
1460559300 0 0 0 0
1460559000 0 0 0 0
1460558700 0 0 0 0
1460558400 0 0 0 0
1460558100 0 0 0 0
1460557800 0 0 0 0
1460557500 0 0 0 0
1460557200 0 0 0 0
1460556900 0 0 0 0
1460556600 0 0 0 0
1460556300 0 0 0 0
1460556000 0 0 0 0
1460555700 0 0 0 0
1460555400 0 0 0 0
1460555100 0 0 0 0
1460554800 0 0 0 0
1460554500 0 0 0 0
1460554200 0 0 0 0
1460553900 0 0 0 0
1460553600 0 0 0 0
1460553300 0 0 0 0
1460553000 0 0 0 0
1460552700 0 0 0 0
1460552400 0 0 0 0
1460552100 0 0 0 0
1460551800 0 0 0 0
1460551500 0 0 0 0
1460551200 0 0 0 0
1460550900 0 0 0 0
1460550600 0 0 0 0
1460550300 0 0 0 0
1460550000 0 0 0 0
1460549700 0 0 0 0
1460549400 0 0 0 0
1460549100 0 0 0 0
1460548800 0 0 0 0
1460548500 0 0 0 0
1460548200 0 0 0 0
1460547900 0 0 0 0
1460547600 0 0 0 0
1460547300 0 0 0 0
1460547000 0 0 0 0
1460546700 0 0 0 0
1460546400 0 0 0 0
1460546100 0 0 0 0
1460545800 0 0 0 0
1460545500 0 0 0 0
1460545200 0 0 0 0
1460544900 0 0 0 0
1460544600 0 0 0 0
1460544300 0 0 0 0
1460544000 0 0 0 0
1460543700 0 0 0 0
1460543400 0 0 0 0
1460543100 0 0 0 0
1460542800 0 0 0 0
1460542500 0 0 0 0
1460542200 0 0 0 0
1460541900 0 0 0 0
1460541600 0 0 0 0
1460541300 0 0 0 0
1460541000 0 0 0 0
1460540700 0 0 0 0
1460540400 0 0 0 0
1460540100 0 0 0 0
1460539800 0 0 0 0
1460539500 0 0 0 0
1460539200 0 0 0 0
1460538900 0 0 0 0
1460538600 0 0 0 0
1460538300 0 0 0 0
1460538000 0 0 0 0
1460537700 0 0 0 0
1460537400 0 0 0 0
1460537100 0 0 0 0
1460536800 0 0 0 0
1460536500 0 0 0 0
1460536200 0 0 0 0
1460535900 0 0 0 0
1460535600 0 0 0 0
1460535300 0 0 0 0
1460535000 0 0 0 0
1460534700 0 0 0 0
1460534400 0 0 0 0
1460534100 0 0 0 0
1460533800 0 0 0 0
1460533500 0 0 0 0
1460533200 0 0 0 0
1460532900 0 0 0 0
1460532600 0 0 0 0
1460532300 0 0 0 0
1460532000 0 0 0 0
1460531700 0 0 0 0
1460531400 0 0 0 0
1460531100 0 0 0 0
1460530800 0 0 0 0
1460530500 0 0 0 0
1460530200 0 0 0 0
1460529900 0 0 0 0
1460529600 0 0 0 0
1460529300 0 0 0 0
1460529000 0 0 0 0
1460528700 0 0 0 0
1460528400 0 0 0 0
1460528100 0 0 0 0
1460527800 0 0 0 0
1460527500 0 0 0 0
1460527200 0 0 0 0
1460526900 0 0 0 0
1460526600 0 0 0 0
1460526300 0 0 0 0
1460526000 0 0 0 0
1460525700 0 0 0 0
1460525400 0 0 0 0
1460525100 0 0 0 0
1460524800 0 0 0 0
1460524500 0 0 0 0
1460524200 0 0 0 0
1460523900 0 0 0 0
1460523600 0 0 0 0
1460523300 0 0 0 0
1460523000 0 0 0 0
1460522700 0 0 0 0
1460522400 0 0 0 0
1460522100 0 0 0 0
1460521800 0 0 0 0
1460521500 0 0 0 0
1460521200 0 0 0 0
1460520900 0 0 0 0
1460520600 0 0 0 0
1460520300 0 0 0 0
1460520000 0 0 0 0
1460519700 0 0 0 0
1460519400 0 0 0 0
1460519100 0 0 0 0
1460518800 0 0 0 0
1460518500 0 0 0 0
1460518200 0 0 0 0
1460517900 0 0 0 0
1460517600 0 0 0 0
1460517300 0 0 0 0
1460517000 0 0 0 0
1460516700 0 0 0 0
1460516400 0 0 0 0
1460516100 0 0 0 0
1460515800 0 0 0 0
1460515500 0 0 0 0
1460515200 0 0 0 0
1460514900 0 0 0 0
1460514600 0 0 0 0
1460514300 0 0 0 0
1460514000 0 0 0 0
1460513700 0 0 0 0
1460513400 0 0 0 0
1460513100 0 0 0 0
1460512800 0 0 0 0
1460512500 0 0 0 0
1460512200 0 0 0 0
1460511900 0 0 0 0
1460511600 0 0 0 0
1460511300 0 0 0 0
1460511000 0 0 0 0
1460510700 0 0 0 0
1460510400 0 0 0 0
1460510100 0 0 0 0
1460509800 0 0 0 0
1460509500 0 0 0 0
1460509200 0 0 0 0
1460508900 0 0 0 0
1460508600 0 0 0 0
1460508300 0 0 0 0
1460508000 0 0 0 0
1460507700 0 0 0 0
1460507400 0 0 0 0
1460507100 0 0 0 0
1460506800 0 0 0 0
1460506500 0 0 0 0
1460506200 0 0 0 0
1460505900 0 0 0 0
1460505600 0 0 0 0
1460505300 0 0 0 0
1460505000 0 0 0 0
1460504700 0 0 0 0
1460504400 0 0 0 0
1460504100 0 0 0 0
1460503800 0 0 0 0
1460503500 0 0 0 0
1460503200 0 0 0 0
1460502900 0 0 0 0
1460502600 0 0 0 0
1460502300 0 0 0 0
1460502000 0 0 0 0
1460501700 0 0 0 0
1460501400 0 0 0 0
1460501100 0 0 0 0
1460500800 0 0 0 0
1460500500 0 0 0 0
1460500200 0 0 0 0
1460499900 0 0 0 0
1460499600 0 0 0 0
1460499300 0 0 0 0
1460499000 0 0 0 0
1460498700 0 0 0 0
1460498400 0 0 0 0
1460498100 0 0 0 0
1460497800 0 0 0 0
1460497500 0 0 0 0
1460497200 0 0 0 0
1460496900 0 0 0 0
1460496600 0 0 0 0
1460496300 0 0 0 0
1460496000 0 0 0 0
1460495700 0 0 0 0
1460495400 0 0 0 0
1460495100 0 0 0 0
1460494800 0 0 0 0
1460494500 0 0 0 0
1460494200 0 0 0 0
1460493900 0 0 0 0
1460493600 0 0 0 0
1460493300 0 0 0 0
1460493000 0 0 0 0
1460492700 0 0 0 0
1460492400 0 0 0 0
1460492100 0 0 0 0
1460491800 0 0 0 0
1460491500 0 0 0 0
1460491200 0 0 0 0
1460490900 0 0 0 0
1460490600 0 0 0 0
1460490300 0 0 0 0
1460490000 0 0 0 0
1460489700 0 0 0 0
1460489400 0 0 0 0
1460489100 0 0 0 0
1460488800 0 0 0 0
1460488500 0 0 0 0
1460488200 0 0 0 0
1460487900 0 0 0 0
1460487600 0 0 0 0
1460487300 0 0 0 0
1460487000 0 0 0 0
1460486700 0 0 0 0
1460486400 0 0 0 0
1460486100 0 0 0 0
1460485800 0 0 0 0
1460485500 0 0 0 0
1460485200 0 0 0 0
1460484900 0 0 0 0
1460484600 0 0 0 0
1460484300 0 0 0 0
1460484000 0 0 0 0
1460483700 0 0 0 0
1460483400 0 0 0 0
1460483100 0 0 0 0
1460482800 0 0 0 0
1460482500 0 0 0 0
1460482200 0 0 0 0
1460481900 0 0 0 0
1460481600 0 0 0 0
1460481300 0 0 0 0
1460481000 0 0 0 0
1460480700 0 0 0 0
1460480400 0 0 0 0
1460480100 0 0 0 0
1460479800 0 0 0 0
1460479500 0 0 0 0
1460479200 0 0 0 0
1460478900 0 0 0 0
1460478600 0 0 0 0
1460478300 0 0 0 0
1460478000 0 0 0 0
1460477700 0 0 0 0
1460477400 0 0 0 0
1460477100 0 0 0 0
1460476800 0 0 0 0
1460476500 0 0 0 0
1460476200 0 0 0 0
1460475900 0 0 0 0
1460475600 0 0 0 0
1460475300 0 0 0 0
1460475000 0 0 0 0
1460474700 0 0 0 0
1460474400 0 0 0 0
1460474100 0 0 0 0
1460473800 0 0 0 0
1460473500 0 0 0 0
1460473200 0 0 0 0
1460472900 0 0 0 0
1460472600 0 0 0 0
1460472300 0 0 0 0
1460472000 0 0 0 0
1460471700 0 0 0 0
1460471400 0 0 0 0
1460471100 0 0 0 0
1460470800 0 0 0 0
1460470500 0 0 0 0
1460470200 0 0 0 0
1460469900 0 0 0 0
1460469600 0 0 0 0
1460469300 0 0 0 0
1460469000 0 0 0 0
1460468700 0 0 0 0
1460468400 0 0 0 0
1460468100 0 0 0 0
1460467800 0 0 0 0
1460467500 0 0 0 0
1460467200 0 0 0 0
1460466900 0 0 0 0
1460466600 0 0 0 0
1460466300 0 0 0 0
1460466000 0 0 0 0
1460465700 0 0 0 0
1460465400 0 0 0 0
1460465100 0 0 0 0
1460464800 0 0 0 0
1460464500 0 0 0 0
1460464200 0 0 0 0
1460463900 0 0 0 0
1460463600 0 0 0 0
1460463300 0 0 0 0
1460463000 0 0 0 0
1460462700 0 0 0 0
1460462400 0 0 0 0
1460462100 0 0 0 0
1460461800 0 0 0 0
1460461500 0 0 0 0
1460461200 0 0 0 0
1460460900 0 0 0 0
1460460600 0 0 0 0
1460460300 0 0 0 0
1460460000 0 0 0 0
1460459700 0 0 0 0
1460459400 0 0 0 0
1460459100 0 0 0 0
1460458800 0 0 0 0
1460458500 0 0 0 0
1460458200 0 0 0 0
1460457900 0 0 0 0
1460457600 0 0 0 0
1460457300 0 0 0 0
1460457000 0 0 0 0
1460456700 0 0 0 0
1460456400 0 0 0 0
1460456100 0 0 0 0
1460455800 0 0 0 0
1460455500 0 0 0 0
1460455200 0 0 0 0
1460454900 0 0 0 0
1460454600 0 0 0 0
1460454300 0 0 0 0
1460454000 0 0 0 0
1460453700 0 0 0 0
1460453400 0 0 0 0
1460453100 0 0 0 0
1460452800 0 0 0 0
1460452500 0 0 0 0
1460452200 0 0 0 0
1460451900 0 0 0 0
1460451600 0 0 0 0
1460451300 0 0 0 0
1460451000 0 0 0 0
1460450700 0 0 0 0
1460450400 0 0 0 0
1460450100 0 0 0 0
1460449800 0 0 0 0
1460449500 0 0 0 0
1460449200 0 0 0 0
1460448900 0 0 0 0
1460448600 0 0 0 0
1460448300 0 0 0 0
1460448000 0 0 0 0
1460447700 0 0 0 0
1460447400 0 0 0 0
1460447100 0 0 0 0
1460446800 0 0 0 0
1460446500 0 0 0 0
1460446200 0 0 0 0
1460445900 0 0 0 0
1460445600 0 0 0 0
1460445300 0 0 0 0
1460445000 0 0 0 0
1460444700 0 0 0 0
1460444400 0 0 0 0
1460444100 0 0 0 0
1460443800 0 0 0 0
1460443500 0 0 0 0
1460443200 0 0 0 0
1460442900 0 0 0 0
1460442600 0 0 0 0
1460442300 0 0 0 0
1460442000 0 0 0 0
1460441700 0 0 0 0
1460441400 0 0 0 0
1460441100 0 0 0 0
1460440800 0 0 0 0
1460440500 0 0 0 0
1460440200 0 0 0 0
1460439900 0 0 0 0
1460439600 0 0 0 0
1460439300 0 0 0 0
1460439000 0 0 0 0
1460438700 0 0 0 0
1460438400 0 0 0 0
1460438100 0 0 0 0
1460437800 0 0 0 0
1460437500 0 0 0 0
1460437200 0 0 0 0
1460436900 0 0 0 0
1460436600 0 0 0 0
1460436300 0 0 0 0
1460436000 0 0 0 0
1460435700 0 0 0 0
1460435400 0 0 0 0
1460435100 0 0 0 0
1460434800 0 0 0 0
1460434500 0 0 0 0
1460434200 0 0 0 0
1460433900 0 0 0 0
1460433600 0 0 0 0
1460433300 0 0 0 0
1460433000 0 0 0 0
1460432700 0 0 0 0
1460432400 0 0 0 0
1460432100 0 0 0 0
1460431800 0 0 0 0
1460431500 0 0 0 0
1460431200 0 0 0 0
1460430900 0 0 0 0
1460430600 0 0 0 0
1460430300 0 0 0 0
1460430000 0 0 0 0
1460429700 0 0 0 0
1460429400 0 0 0 0
1460429100 0 0 0 0
1460428800 0 0 0 0
1460428500 0 0 0 0
1460428200 0 0 0 0
1460427900 0 0 0 0
1460427600 0 0 0 0
1460427300 0 0 0 0
1460427000 0 0 0 0
1460426700 0 0 0 0
1460426400 0 0 0 0
1460426100 0 0 0 0
1460425800 0 0 0 0
1460425500 0 0 0 0
1460425200 0 0 0 0
1460424900 0 0 0 0
1460424600 0 0 0 0
1460424300 0 0 0 0
1460424000 0 0 0 0
1460423700 0 0 0 0
1460423400 0 0 0 0
1460423100 0 0 0 0
1460422800 0 0 0 0
1460422500 0 0 0 0
1460422200 0 0 0 0
1460421900 0 0 0 0
1460421000 0 0 0 0
1460419200 0 0 0 0
1460417400 0 0 0 0
1460415600 0 0 0 0
1460413800 0 0 0 0
1460412000 0 0 0 0
1460410200 0 0 0 0
1460408400 0 0 0 0
1460406600 0 0 0 0
1460404800 0 0 0 0
1460403000 0 0 0 0
1460401200 0 0 0 0
1460399400 0 0 0 0
1460397600 0 0 0 0
1460395800 0 0 0 0
1460394000 0 0 0 0
1460392200 0 0 0 0
1460390400 0 0 0 0
1460388600 0 0 0 0
1460386800 0 0 0 0
1460385000 0 0 0 0
1460383200 0 0 0 0
1460381400 0 0 0 0
1460379600 0 0 0 0
1460377800 0 0 0 0
1460376000 0 0 0 0
1460374200 0 0 0 0
1460372400 0 0 0 0
1460370600 0 0 0 0
1460368800 0 0 0 0
1460367000 0 0 0 0
1460365200 0 0 0 0
1460363400 0 0 0 0
1460361600 0 0 0 0
1460359800 0 0 0 0
1460358000 0 0 0 0
1460356200 0 0 0 0
1460354400 0 0 0 0
1460352600 0 0 0 0
1460350800 0 0 0 0
1460349000 0 0 0 0
1460347200 0 0 0 0
1460345400 0 0 0 0
1460343600 0 0 0 0
1460341800 0 0 0 0
1460340000 0 0 0 0
1460338200 0 0 0 0
1460336400 0 0 0 0
1460334600 0 0 0 0
1460332800 0 0 0 0
1460331000 0 0 0 0
1460329200 0 0 0 0
1460327400 0 0 0 0
1460325600 0 0 0 0
1460323800 0 0 0 0
1460322000 0 0 0 0
1460320200 0 0 0 0
1460318400 0 0 0 0
1460316600 0 0 0 0
1460314800 0 0 0 0
1460313000 0 0 0 0
1460311200 0 0 0 0
1460309400 0 0 0 0
1460307600 0 0 0 0
1460305800 0 0 0 0
1460304000 0 0 0 0
1460302200 0 0 0 0
1460300400 0 0 0 0
1460298600 0 0 0 0
1460296800 0 0 0 0
1460295000 0 0 0 0
1460293200 0 0 0 0
1460291400 0 0 0 0
1460289600 0 0 0 0
1460287800 0 0 0 0
1460286000 0 0 0 0
1460284200 0 0 0 0
1460282400 0 0 0 0
1460280600 0 0 0 0
1460278800 0 0 0 0
1460277000 0 0 0 0
1460275200 0 0 0 0
1460273400 0 0 0 0
1460271600 0 0 0 0
1460269800 0 0 0 0
1460268000 0 0 0 0
1460266200 0 0 0 0
1460264400 0 0 0 0
1460262600 0 0 0 0
1460260800 0 0 0 0
1460259000 0 0 0 0
1460257200 0 0 0 0
1460255400 0 0 0 0
1460253600 0 0 0 0
1460251800 0 0 0 0
1460250000 0 0 0 0
1460248200 0 0 0 0
1460246400 0 0 0 0
1460244600 0 0 0 0
1460242800 0 0 0 0
1460241000 0 0 0 0
1460239200 0 0 0 0
1460237400 0 0 0 0
1460235600 0 0 0 0
1460233800 0 0 0 0
1460232000 0 0 0 0
1460230200 0 0 0 0
1460228400 0 0 0 0
1460226600 0 0 0 0
1460224800 0 0 0 0
1460223000 0 0 0 0
1460221200 0 0 0 0
1460219400 0 0 0 0
1460217600 0 0 0 0
1460215800 0 0 0 0
1460214000 0 0 0 0
1460212200 0 0 0 0
1460210400 0 0 0 0
1460208600 0 0 0 0
1460206800 0 0 0 0
1460205000 0 0 0 0
1460203200 0 0 0 0
1460201400 0 0 0 0
1460199600 0 0 0 0
1460197800 0 0 0 0
1460196000 0 0 0 0
1460194200 0 0 0 0
1460192400 0 0 0 0
1460190600 0 0 0 0
1460188800 0 0 0 0
1460187000 0 0 0 0
1460185200 0 0 0 0
1460183400 0 0 0 0
1460181600 0 0 0 0
1460179800 0 0 0 0
1460178000 0 0 0 0
1460176200 0 0 0 0
1460174400 0 0 0 0
1460172600 0 0 0 0
1460170800 0 0 0 0
1460169000 0 0 0 0
1460167200 0 0 0 0
1460165400 0 0 0 0
1460163600 0 0 0 0
1460161800 0 0 0 0
1460160000 0 0 0 0
1460158200 0 0 0 0
1460156400 0 0 0 0
1460154600 0 0 0 0
1460152800 0 0 0 0
1460151000 0 0 0 0
1460149200 0 0 0 0
1460147400 0 0 0 0
1460145600 0 0 0 0
1460143800 0 0 0 0
1460142000 0 0 0 0
1460140200 3 214 10 525
1460138400 10 646 10 754
1460136600 10 715 10 911
1460134800 10 921 10 1282
1460133000 10 985 10 1282
1460131200 10 1064 10 1444
1460129400 10 976 10 1024
1460127600 10 962 10 1061
1460125800 10 992 10 1096
1460124000 10 1014 10 1085
1460122200 85 1241 291 1451
1460120400 7365 10598 39129 23551
1460118600 10 945 10 1151
1460116800 10 787 10 961
1460115000 10 686 10 992
1460113200 10 477 10 577
1460111400 10 454 10 573
1460109600 10 432 12 506
1460107800 10 423 12 457
1460106000 10 428 11 524
1460104200 10 432 11 524
1460102400 10 449 11 487
1460100600 10 436 11 472
1460098800 10 440 11 494
1460097000 10 419 11 438
1460095200 10 421 10 447
1460093400 10 433 10 495
1460091600 10 437 10 495
1460089800 10 416 10 450
1460088000 10 442 10 503
1460086200 10 429 10 483
1460084400 10 426 10 485
1460082600 10 446 10 485
1460080800 10 422 10 470
1460079000 10 458 10 508
1460077200 10 515 10 580
1460075400 10 483 10 580
1460073600 10 489 10 544
1460071800 10 507 10 580
1460070000 10 526 10 571
1460068200 10 550 10 787
1460066400 10 567 21 676
1460064600 1 10 11 94
1460062800 5 610 10 1064
1460061000 447 2704 4314 14300
1460059200 3699 14929 6795 22937
1460057400 3793 15230 5660 35308
1460055600 3495 24452 7404 68458
1460053800 769 8872 1065 18407
1460052000 482 6206 1028 16557
1460050200 635 9484 1211 18555
1460048400 868 12480 1341 22107
1460046600 539 4399 1257 11302
1460044800 6309 8125 95451 23153
1460043000 11192 16856 95451 32093
1460041200 955 11130 2216 35587
1460039400 555 7676 1168 17232
1460037600 663 9870 1263 20037
1460035800 871 6601 1926 16461
1460034000 7456 11187 40033 17183
1460032200 10 884 11 1145
1460030400 10 560 10 940
1460028600 10 438 10 466
1460026800 10 459 10 530
1460025000 10 443 10 471
1460023200 10 434 10 468
1460021400 10 425 10 448
1460019600 10 429 10 454
1460017800 10 440 10 495
1460016000 10 426 10 452
1460014200 10 444 11 524
1460012400 10 430 11 449
1460010600 10 424 10 447
1460008800 9 439 10 467
1460007000 10 431 10 467
1460005200 10 413 10 437
1460003400 10 443 12 480
1460001600 10 433 11 483
1459999800 10 433 10 490
1459998000 10 421 10 454
1459996200 10 443 10 495
1459994400 10 427 10 462
1459992600 10 440 10 466
1459990800 10 424 10 452
1459989000 10 430 10 440
1459987200 10 445 10 474
1459985400 10 417 10 464
1459983600 10 412 11 450
1459981800 10 469 10 526
1459980000 10 566 10 675
1459978200 10 971 10 1308
1459976400 651 4604 1966 17136
1459974600 931 9806 1634 21383
1459972800 1276 10420 2728 37218
1459971000 848 11912 1765 30870
1459969200 1096 14463 2197 39096
1459967400 903 7512 1450 10615
1459965600 2274 33035 6504 129588
1459963800 979 8548 2124 27495
1459962000 860 8251 2302 35347
1459960200 948 12787 2238 31522
1459958400 1250 9043 10036 31946
1459956600 2302 17066 10036 60518
1459954800 584 2502 1460 4459
1459953000 832 3364 1488 11028
1459951200 1097 12201 1529 46465
1459949400 810 5839 1783 13245
1459947600 9211 8293 53494 39327
1459945800 10 755 11 1269
1459944000 10 555 10 918
1459942200 10 491 10 539
1459940400 10 520 10 566
1459938600 10 485 10 508
1459936800 10 473 10 502
1459935000 10 505 11 541
1459933200 10 486 10 537
1459931400 10 480 10 508
1459929600 10 502 10 529
1459927800 10 511 11 679
1459926000 10 484 11 538
1459924200 10 499 10 620
1459922400 10 496 10 537
1459920600 10 478 10 525
1459918800 10 483 10 539
1459917000 10 493 12 539
1459915200 10 476 11 538
1459913400 10 484 10 514
1459911600 10 493 11 558
1459909800 10 491 11 534
1459908000 10 483 11 578
1459906200 10 481 11 578
1459904400 10 486 10 562
1459902600 10 481 11 529
1459900800 10 488 11 587
1459899000 10 490 10 542
1459897200 10 484 10 503
1459895400 11 536 26 606
1459893600 10 532 10 562
1459891800 10 741 10 1160
1459890000 1505 17868 4016 75293
1459888200 947 7215 3821 38431
1459886400 402 2657 1545 7294
1459884600 252 1476 766 2871
1459882800 142 1260 284 1725
1459881000 747 9051 2652 44256
1459879200 1294 20202 2256 42364
1459877400 658 9274 841 10699
1459875600 12444 8927 71834 11490
1459873800 1368 23021 2439 51201
1459872000 25389 16677 134534 37084
1459870200 8329 12224 13814 22372
1459868400 44664 16732 211988 21069
1459866600 4283 42394 15059 178121
1459864800 1731 28166 3791 71024
1459863000 3605 66249 7268 147419
1459861200 37972 37648 175390 100472
1459859400 6607 4770 37745 18524
1459857600 10 504 10 857
1459855800 10 500 10 857
1459854000 10 466 10 492
1459852200 10 490 10 595
1459850400 10 454 10 478
1459848600 10 456 10 498
1459846800 10 459 10 486
1459845000 10 464 10 490
1459843200 10 453 10 476
1459841400 10 476 11 537
1459839600 10 459 11 537
1459837800 10 464 10 502
1459836000 10 460 10 494
1459834200 10 465 10 495
1459832400 10 515 10 655
1459830600 10 455 12 503
1459828800 10 406 10 435
1459827000 10 416 10 480
1459825200 10 456 10 524
1459823400 10 426 10 484
1459821600 10 410 10 449
1459819800 10 422 10 451
1459818000 10 418 10 463
1459816200 10 475 10 637
1459814400 10 419 10 456
1459812600 10 423 10 459
1459810800 10 419 10 454
1459809000 10 447 10 500
1459807200 10 519 10 784
1459805400 10 668 10 894
1459803600 11106 10153 26420 21374
1459801800 234 1329 536 1817
1459800000 2557 31199 9897 174559
1459798200 6306 12689 11762 32377
1459796400 8401 14386 17217 69549
1459794600 4931 10020 12830 37207
1459792800 2035 9112 12830 30379
1459791000 297 2147 798 15561
1459789200 1651 28576 5608 112540
1459787400 2517 44637 5608 112540
1459785600 5596 9533 81295 33059
1459783800 9493 12149 81295 33059
1459782000 2795 45745 7264 141667
1459780200 4208 77001 10435 207921
1459778400 1396 21325 5831 107528
1459776600 8417 36994 41665 89686
1459774800 6970 5439 37595 15127
1459773000 10 667 10 1214
1459771200 10 419 10 622
1459769400 10 418 10 622
1459767600 10 401 11 533
1459765800 10 427 11 484
1459764000 10 377 10 413
1459762200 10 383 11 402
1459760400 10 409 11 438
1459758600 10 406 10 476
1459756800 10 411 11 513
1459755000 10 414 10 497
1459753200 10 411 11 455
1459751400 10 401 10 438
1459749600 10 405 10 439
1459747800 10 400 10 437
1459746000 10 426 10 477
1459744200 10 401 12 466
1459742400 10 394 11 422
1459740600 10 393 10 440
1459738800 10 395 10 461
1459737000 10 394 10 437
1459735200 10 421 10 492
1459733400 10 413 10 459
1459731600 10 400 10 428
1459729800 10 417 10 461
1459728000 10 428 10 481
1459726200 10 507 10 1073
1459724400 10 371 10 395
1459722600 10 383 10 432
1459720800 10 385 10 440
1459719000 10 378 10 426
1459717200 10 378 10 412
1459715400 10 383 10 412
1459713600 10 383 10 418
1459711800 10 381 10 417
1459710000 10 377 10 406
1459708200 10 378 10 409
1459706400 10 390 10 433
1459704600 10 377 10 418
1459702800 10 374 10 448
1459701000 10 408 12 464
1459699200 10 397 10 444
1459697400 10 395 10 460
1459695600 10 411 10 492
1459693800 10 406 10 451
1459692000 10 379 10 404
1459690200 10 371 10 404
1459688400 10 378 10 436
1459686600 10 381 10 420
1459684800 10 373 10 386
1459683000 10 383 10 423
1459681200 10 381 10 422
1459679400 10 378 10 403
1459677600 10 411 10 481
1459675800 10 372 10 417
1459674000 10 383 10 411
1459672200 10 396 10 427
1459670400 10 382 10 408
1459668600 10 390 11 454
1459666800 10 384 11 399
1459665000 10 380 10 405
1459663200 10 373 11 430
1459661400 10 389 11 449
1459659600 10 379 10 452
1459657800 10 394 12 456
1459656000 10 400 10 415
1459654200 10 388 10 414
1459652400 10 405 10 464
1459650600 10 428 10 496
1459648800 10 401 10 469
1459647000 10 386 10 422
1459645200 10 379 10 422
1459643400 10 396 10 484
1459641600 10 379 10 420
1459639800 10 369 10 386
1459638000 10 375 10 431
1459636200 10 380 10 420
1459634400 10 379 10 445
1459632600 10 384 10 479
1459630800 10 382 10 442
1459629000 10 375 10 412
1459627200 10 385 10 454
1459625400 10 387 10 430
1459623600 10 366 10 387
1459621800 10 375 10 400
1459620000 10 383 10 410
1459618200 10 381 10 432
1459616400 10 379 10 452
1459614600 10 398 12 444
1459612800 10 411 10 448
1459611000 10 399 10 448
1459609200 10 369 10 413
1459607400 10 406 10 462
1459605600 10 388 10 417
1459603800 10 380 10 417
1459602000 10 361 10 417
1459600200 10 382 10 423
1459598400 10 382 10 414
1459596600 10 367 10 402
1459594800 10 375 10 402
1459593000 10 380 10 413
1459591200 10 381 10 417
1459589400 10 364 10 417
1459587600 10 386 10 447
1459585800 10 377 10 400
1459584000 10 376 10 424
1459582200 10 372 10 443
1459580400 10 366 10 400
1459578600 10 374 10 409
1459576800 10 381 10 441
1459575000 10 371 11 388
1459573200 10 382 10 441
1459571400 10 389 12 490
1459569600 10 374 10 407
1459567800 10 371 10 408
1459566000 10 384 10 467
1459564200 10 388 10 426
1459562400 10 382 10 437
1459560600 10 398 10 455
1459558800 10 385 10 423
1459557000 10 395 10 418
1459555200 10 409 10 490
1459553400 10 391 10 442
1459551600 10 387 10 443
1459549800 10 468 10 497
1459548000 10 573 10 743
1459546200 10 700 10 874
1459544400 10 758 10 1010
1459542600 10 1147 11 1412
1459540800 10 1133 10 1516
1459539000 12 1210 61 1662
1459537200 554 1848 2083 2442
1459535400 1219 14750 2171 38753
1459533600 2194 39037 2859 51508
1459531800 1112 14901 2315 40576
1459530000 6580 4915 36598 28000
1459528200 310 2692 765 8467
1459526400 6909 29674 84039 65818
1459524600 9698 6450 84039 27097
1459522800 1646 21783 2614 47412
1459521000 855 12601 3215 61198
1459519200 1294 20120 3698 66770
1459517400 8064 29976 36904 66770
1459515600 8084 26607 38306 71707
1459513800 10 1015 10 1293
1459512000 10 790 10 1283
1459510200 10 618 10 1269
1459508400 10 503 10 560
1459506600 10 484 10 531
1459504800 10 486 10 547
1459503000 10 474 10 524
1459501200 10 492 10 558
1459499400 10 487 10 546
1459497600 10 487 10 508
1459495800 10 486 11 520
1459494000 10 526 11 602
1459492200 10 566 11 748
1459490400 9 487 11 523
1459488600 10 480 10 522
1459486800 10 476 10 525
1459485000 10 496 12 530
1459483200 10 483 11 551
1459481400 10 535 11 570
1459479600 10 547 10 586
1459477800 10 550 10 578
1459476000 10 545 11 590
1459474200 10 543 10 590
1459472400 10 547 11 588
1459470600 10 550 11 577
1459468800 10 531 11 568
1459467000 10 536 11 572
1459465200 10 537 10 576
1459463400 10 555 10 757
1459461600 10 634 10 911
1459459800 10 740 10 1101
1459458000 635 4372 1570 19253
1459456200 715 8349 2357 36695
1459454400 1594 27574 2544 46733
1459452600 396 4377 1150 17487
1459450800 197 1515 346 2010
1459449000 141 1489 236 2150
1459447200 147 1323 310 2010
1459445400 1325 20877 3109 55012
1459443600 278 2115 579 12203
1459441800 322 2700 661 12203
1459440000 4637 1444 79170 4115
1459438200 8897 2646 79170 19342
1459436400 969 12033 2492 31017
1459434600 2312 39110 6661 126604
1459432800 1451 21763 3815 73744
1459431000 6583 44876 73208 94039
1459429200 15017 16733 73208 33967
1459427400 10 841 10 1427
1459425600 10 656 10 847
1459423800 10 487 10 658
1459422000 10 451 10 504
1459420200 10 477 10 546
1459418400 10 474 10 519
1459416600 10 433 10 511
1459414800 10 423 10 476
1459413000 10 462 10 545
1459411200 10 451 10 503
1459409400 10 432 11 475
1459407600 10 427 11 460
1459405800 10 433 10 467
1459404000 10 447 10 497
1459402200 10 442 10 486
1459400400 10 426 10 438
1459398600 10 475 12 577
1459396800 10 475 11 554
1459395000 10 431 10 469
1459393200 10 446 10 492
1459391400 10 525 10 843
1459389600 10 517 10 843
1459387800 10 471 10 503
1459386000 10 475 10 511
1459384200 10 486 10 554
1459382400 10 466 10 480
1459380600 10 476 10 515
1459378800 10 465 10 502
1459377000 10 493 10 518
1459375200 10 560 10 904
1459373400 10 590 10 786
1459371600 836 3313 2333 9399
1459369800 30797 3356 182194 8201
1459368000 918 10795 1943 26580
1459366200 1972 36007 4144 79815
1459364400 1229 16935 2565 48203
1459362600 1340 21761 3017 55935
1459360800 1505 20657 3017 55935
1459359000 612 6667 1789 29695
1459357200 1886 23972 9291 164568
1459355400 7400 19960 37434 164568
1459353600 2768 5920 38530 24892
1459351800 5297 17333 38530 59642
1459350000 1184 13588 3195 59642
1459348200 493 1354 3076 1691
1459346400 1661 9163 5413 22585
1459344600 13033 37433 93356 99897
1459342800 18029 18818 93356 86582
1459341000 10 892 10 1174
1459339200 10 538 10 1375
1459332000 10 435 10 514
1459324800 10 435 11 518
1459317600 10 431 12 464
1459310400 10 434 10 524
1459303200 10 454 10 510
1459296000 10 476 11 621
1459288800 621 9306 5125 97363
1459281600 827 9194 2187 36644
1459274400 662 7886 2077 34138
1459267200 2407 9435 39769 43459
1459260000 5520 6433 75116 33167
1459252800 10 449 11 739
1459245600 10 387 10 454
1459238400 10 382 11 438
1459231200 10 383 12 445
1459224000 10 390 11 456
1459216800 10 401 10 481
1459209600 10 437 10 490
1459202400 422 3699 2077 28439
1459195200 610 6735 1757 32662
1459188000 781 9570 3784 62345
1459180800 5166 7903 106098 56757
1459173600 2615 10644 32333 46157
1459166400 10 501 10 1211
1459159200 10 392 10 443
1459152000 10 396 11 464
1459144800 10 390 12 435
1459137600 10 392 11 475
1459130400 10 396 10 459
1459123200 10 391 10 434
1459116000 10 393 10 452
1459108800 10 392 10 492
1459101600 10 398 12 488
1459094400 10 389 10 449
1459087200 10 391 10 461
1459080000 10 398 10 473
1459072800 10 391 10 429
1459065600 10 389 11 441
1459058400 10 393 12 442
1459051200 10 391 11 450
1459044000 10 390 10 450
1459036800 10 387 10 467
1459029600 10 390 10 447
1459022400 10 390 10 443
1459015200 10 389 12 438
1459008000 10 389 10 458
1459000800 10 399 10 505
1458993600 10 402 10 453
1458986400 10 407 10 486
1458979200 10 422 11 529
1458972000 10 413 12 523
1458964800 10 409 10 451
1458957600 10 404 10 473
1458950400 10 406 10 454
1458943200 10 425 10 565
1458936000 10 425 10 597
1458928800 10 415 12 478
1458921600 10 426 10 627
1458914400 10 429 10 651
1458907200 10 412 10 476
1458900000 10 412 10 472
1458892800 10 422 11 570
1458885600 10 432 12 627
1458878400 10 454 11 735
1458871200 10 413 10 459
1458864000 10 425 10 593
1458856800 10 804 10 1615
1458849600 10 1093 10 2136
1458842400 10 918 12 1241
1458835200 10 905 10 1223
1458828000 10 914 10 2869
1458820800 10 496 10 682
1458813600 10 449 10 539
1458806400 10 459 11 600
1458799200 10 450 12 598
1458792000 10 445 11 574
1458784800 10 441 10 541
1458777600 10 442 10 535
1458770400 10 688 10 1133
1458763200 10 1229 10 1836
1458756000 10 1144 12 1689
1458748800 9 1100 11 1543
1458741600 10 1098 11 1693
1458734400 10 573 11 1009
1458727200 10 513 10 564
1458720000 10 515 11 565
1458712800 10 518 12 602
1458705600 10 566 10 700
1458698400 10 526 10 684
1458691200 10 552 10 765
1458684000 10 874 10 1435
1458676800 10 1186 10 1575
1458669600 11 1085 84 1412
1458662400 334 2301 1508 8908
1458655200 10 1306 10 2090
1458648000 10 656 10 1017
1458640800 10 588 10 643
1458633600 10 582 11 699
1458626400 10 584 12 657
1458619200 10 575 11 665
1458612000 10 624 10 677
1458604800 10 637 10 785
1458597600 10 937 10 1702
1458590400 10 1071 11 1389
1458583200 10 1046 12 1250
1458576000 10 1020 10 1318
1458568800 10 982 10 2284
1458561600 10 412 10 689
1458554400 10 328 10 436
1458547200 10 337 11 440
1458540000 10 345 12 451
1458532800 10 334 11 396
1458525600 10 374 11 659
1458518400 10 338 10 402
1458511200 10 322 11 445
1458504000 10 319 10 389
1458496800 10 351 12 537
1458489600 10 327 10 435
1458482400 10 304 10 378
1458475200 10 262 10 428
1458468000 10 240 10 298
1458460800 10 243 11 300
1458453600 10 259 12 353
1458446400 10 238 11 307
1458439200 10 256 11 380
1458432000 10 247 11 334
1458424800 10 240 11 367
1458417600 10 236 11 292
1458410400 10 242 12 314
1458403200 10 239 11 323
1458396000 10 233 11 284
1458388800 10 231 11 301
1458381600 10 236 11 305
1458374400 10 236 11 291
1458367200 10 232 12 298
1458360000 10 243 10 315
1458352800 10 249 10 321
1458345600 10 373 10 1153
1458338400 899 708 20665 1949
1458331200 799 9104 4360 84505
1458324000 1059 16045 4869 90873
1458316800 3177 9838 55934 39037
1458309600 3406 36261 22097 189341
1458302400 10 623 10 1145
1458295200 10 515 10 576
1458288000 10 533 11 774
1458280800 10 545 53 1536
1458273600 10 498 11 595
1458266400 10 495 11 771
1458259200 10 548 11 714
1458252000 211 1256 1029 3626
1458244800 305 1886 1062 5653
1458237600 858 11951 6407 125981
1458230400 4615 16922 80536 122980
1458223200 2109 9650 31138 61609
1458216000 10 468 11 872
1458208800 10 398 11 450
1458201600 10 425 11 746
1458194400 10 408 12 461
1458187200 10 411 11 671
1458180000 10 385 10 453
1458172800 10 365 10 428
1458165600 236 1079 1902 3036
1458158400 964 9372 3225 36211
1458151200 901 13113 5545 115082
1458144000 6192 15372 119563 38690
1458136800 1989 5636 33951 19801
1458129600 10 472 10 806
1458122400 10 422 10 509
1458115200 10 423 11 504
1458108000 10 416 14 506
1458100800 10 438 11 654
1458093600 10 385 11 503
1458086400 10 381 11 618
1458079200 258 1002 1979 2625
1458072000 506 3385 4152 34397
1458064800 694 5870 3994 21784
1458057600 3653 12001 67479 58885
1458050400 2132 9177 34255 57126
1458043200 10 494 11 695
1458036000 10 470 11 623
1458028800 10 452 11 603
1458021600 10 439 12 484
1458014400 10 431 11 564
1458007200 10 405 11 482
1458000000 9 468 11 802
1457992800 571 7380 4160 76747
1457985600 738 7244 4169 76211
1457978400 509 3877 1406 11016
1457971200 2628 7463 44843 34289
1457964000 3029 43530 30142 437984
1457956800 10 405 11 651
1457949600 10 340 11 396
1457942400 10 337 11 370
1457935200 10 336 12 397
1457928000 10 336 10 418
1457920800 10 336 11 389
1457913600 10 339 11 422
1457906400 10 338 11 434
1457899200 10 336 11 391
1457892000 10 335 12 397
1457884800 10 340 11 420
1457877600 10 334 11 377
1457870400 10 337 11 391
1457863200 10 330 11 435
1457856000 9 318 11 475
1457848800 10 312 12 360
1457841600 10 310 11 353
1457834400 10 309 11 346
1457827200 10 318 11 412
1457820000 10 318 11 440
1457812800 10 320 11 398
1457805600 10 317 12 360
1457798400 10 315 11 390
1457791200 10 307 11 367
1457784000 10 311 11 359
1457776800 10 324 11 711
1457769600 10 303 11 359
1457762400 10 307 12 374
1457755200 10 317 11 383
1457748000 10 310 11 444
1457740800 10 399 11 1220
1457733600 624 4191 5326 10132
1457726400 732 5130 3394 28973
1457719200 3637 5060 74350 13515
1457712000 698 7252 2081 27985
1457704800 3192 2792 38893 14581
1457697600 10 330 11 449
1457690400 10 318 11 361
1457683200 10 322 11 396
1457676000 10 320 12 406
1457668800 10 317 11 469
1457661600 10 293 11 338
1457654400 10 396 11 917
1457647200 569 5813 1722 27010
1457640000 453 3787 1344 9096
1457632800 5173 11794 102220 70019
1457625600 720 8753 2682 54132
1457618400 1605 4327 33153 54132
1457611200 10 327 11 501
1457604000 10 319 11 389
1457596800 9 319 11 384
1457589600 10 383 12 694
1457582400 10 309 11 423
1457575200 10 348 11 672
1457568000 10 468 11 780
1457560800 506 6320 1878 36558
1457553600 742 6792 4095 26139
1457546400 1920 4034 37250 14205
1457539200 629 3129 2274 10918
1457532000 2158 15099 30959 207622
1457524800 10 372 11 611
1457517600 10 370 11 532
1457510400 10 377 11 482
1457503200 10 374 12 421
1457496000 10 346 10 561
1457488800 10 351 10 444
1457481600 10 392 11 921
1457474400 736 6731 2500 40938
1457467200 857 6108 4696 35874
1457460000 3734 9137 36833 62654
1457452800 1127 14365 3121 57357
1457445600 1705 3404 28186 22390
1457438400 10 347 10 489
1457431200 10 356 11 516
1457424000 10 345 11 436
1457416800 10 349 12 538
1457409600 10 371 11 498
1457402400 10 429 10 640
1457395200 10 517 11 936
1457388000 757 5108 3508 24118
1457380800 695 7044 2061 27579
1457373600 3679 5911 68861 22149
1457366400 821 5756 3250 15506
1457359200 1798 4690 34552 61159
1457352000 10 292 11 426
1457344800 10 286 11 355
1457337600 10 286 11 358
1457330400 10 282 12 307
1457323200 10 280 11 336
1457316000 10 281 11 352
1457308800 10 284 11 343
1457301600 10 282 11 376
1457294400 10 285 11 335
1457287200 10 286 12 335
1457280000 10 291 11 429
1457272800 10 281 11 353
1457265600 10 285 11 349
1457258400 10 282 11 357
1457251200 10 300 11 515
1457244000 10 279 12 345
1457236800 10 277 11 318
1457229600 10 274 11 329
1457222400 10 272 11 326
1457215200 10 276 11 340
1457208000 10 274 11 356
1457200800 10 283 12 462
1457193600 10 276 11 325
1457186400 10 275 11 335
1457179200 10 272 11 322
1457172000 10 278 11 353
1457164800 10 278 11 330
1457157600 10 281 12 342
1457150400 10 281 11 343
1457143200 10 281 11 339
1457136000 10 357 11 590
1457128800 999 16319 3965 99857
1457121600 1059 13048 3965 67099
1457114400 6629 5222 126849 27614
1457107200 925 8567 3076 43725
1457100000 1518 2379 31287 13956
1457092800 10 355 11 466
1457085600 10 355 11 411
1457078400 10 351 69 1272
1457071200 10 352 12 420
1457064000 10 389 10 620
1457056800 10 398 10 489
1457049600 10 436 10 598
1457042400 667 8491 3963 77978
1457035200 488 3150 1222 10019
1457028000 2476 2862 45024 17238
1457020800 635 8336 2532 85195
1457013600 1689 9833 30985 158704
1457006400 10 336 10 438
1456999200 10 324 10 384
1456992000 10 337 11 476
1456984800 10 329 12 401
1456977600 10 333 11 383
1456970400 10 360 11 415
1456963200 10 353 11 445
1456956000 10 527 10 868
1456948800 10 573 10 946
1456941600 10 555 12 888
1456934400 10 678 10 1249
1456927200 10 447 10 938
1456920000 10 239 10 325
1456912800 10 246 10 566
1456905600 10 236 10 306
1456898400 10 231 12 288
1456891200 10 232 10 299
1456884000 10 234 10 299
1456876800 10 273 10 575
1456869600 1048 12268 3239 58795
1456862400 497 2779 1349 8532
1456855200 7068 6145 86240 45999
1456848000 1893 5722 36000 45999
1456840800 2698 8998 36000 164258
1456833600 10 334 10 399
1456826400 10 324 10 355
1456819200 10 328 11 370
1456812000 10 329 12 382
1456804800 10 332 10 402
1456797600 10 331 10 372
1456790400 10 405 10 761
1456783200 1708 1284 35783 2422
1456776000 212 1122 523 1484
1456768800 3188 9953 59132 54034
1456761600 837 10498 2455 47033
1456754400 2937 3374 36060 30918
1456747200 10 264 11 356
1456740000 10 259 11 315
1456732800 9 261 11 314
1456725600 10 260 11 326
1456718400 10 256 11 292
1456711200 10 261 11 368
1456704000 10 256 11 323
1456696800 10 260 11 305
1456689600 10 258 11 317
1456682400 10 261 11 346
1456675200 10 264 11 346
1456668000 10 303 11 368
1456660800 10 308 11 372
1456653600 10 289 11 372
1456646400 10 257 11 318
1456639200 10 260 12 335
1456632000 10 263 10 360
1456624800 10 260 10 326
1456617600 10 256 10 307
1456610400 10 260 10 313
1456603200 10 255 10 348
1456596000 10 288 12 455
1456588800 10 338 10 511
1456581600 10 258 10 307
1456574400 10 256 10 310
1456567200 10 259 11 315
1456560000 9 257 11 314
1456552800 10 259 12 302
1456545600 10 258 11 299
1456538400 10 261 11 304
1456531200 10 314 11 478
1456524000 415 3991 2486 46839
1456516800 777 9543 2510 46839
1456509600 4120 6646 84702 34076
1456502400 765 5280 4183 23681
1456495200 4405 4582 71550 44976
1456488000 10 502 11 577
1456480800 10 500 11 558
1456473600 10 508 11 594
1456466400 10 499 12 577
1456459200 10 510 11 591
1456452000 10 513 11 605
1456444800 10 557 11 775
1456437600 3511 6589 35924 66651
1456430400 896 8378 2568 35295
1456423200 4833 26181 79846 335235
1456416000 952 13340 3835 96695
1456408800 3131 4823 35885 48740
1456401600 10 523 11 607
1456394400 10 522 11 598
1456387200 10 507 11 597
1456380000 10 486 12 695
1456372800 10 481 11 605
1456365600 9 548 11 726
1456358400 9 847 11 1069
1456351200 737 4920 4932 12716
1456344000 796 6233 2284 35120
1456336800 4738 8186 71789 55548
1456329600 427 4214 2353 32572
1456322400 5365 39181 43322 878398
1456315200 10 466 10 677
1456308000 10 456 11 560
1456300800 9 455 11 552
1456293600 10 469 12 630
1456286400 9 484 12 624
1456279200 9 488 11 687
1456272000 9 608 11 1077
1456264800 759 8761 1872 30265
1456257600 583 4912 1587 27678
1456250400 3231 4571 30407 25831
1456243200 1051 13083 4674 88706
1456236000 4414 2910 72529 23167
1456228800 10 343 11 462
1456221600 10 345 11 380
1456214400 9 358 11 477
1456207200 10 371 12 494
1456200000 10 478 11 740
1456192800 10 477 10 595
1456185600 13 541 300 890
1456178400 1035 13964 3344 60662
1456171200 769 8719 2362 38108
1456164000 4291 10374 84788 51329
1456156800 809 8723 3277 55656
1456149600 2894 3653 35746 36112
1456142400 10 352 10 402
1456135200 10 363 11 458
1456128000 10 360 11 463
1456120800 10 351 12 412
1456113600 10 348 10 399
1456106400 10 349 10 425
1456099200 10 352 10 425
1456092000 10 352 11 412
1456084800 10 351 10 410
1456077600 10 354 12 398
1456070400 10 346 10 410
1456063200 10 337 10 380
1456056000 10 336 10 375
1456048800 10 337 11 393
1456041600 9 336 11 413
1456034400 10 338 12 397
1456027200 10 338 10 393
1456020000 10 336 10 393
1456012800 10 341 10 384
1456005600 10 338 10 367
1455998400 10 338 10 388
1455991200 10 339 12 384
1455984000 10 341 10 410
1455976800 10 335 11 366
1455969600 10 338 10 395
1455962400 10 337 11 406
1455955200 10 341 11 409
1455948000 10 350 12 469
1455940800 10 349 10 401
1455933600 10 357 11 412
1455926400 10 384 10 570
1455919200 10 806 10 1208
1455912000 10 854 10 1006
1455904800 10 880 12 1296
1455897600 10 952 10 1477
1455890400 10 712 10 1587
1455883200 10 448 10 693
1455876000 10 428 11 482
1455868800 10 430 11 556
1455861600 10 425 12 460
1455854400 10 482 10 631
1455847200 10 491 29 561
1455840000 10 615 10 1091
1455832800 163 1237 1733 1949
1455825600 3772 9386 71902 65608
1455818400 6300 18271 123301 117812
1455811200 1242 5185 13148 35285
1455804000 4721 8434 64155 37236
1455796800 10 444 11 526
1455789600 10 439 11 505
1455782400 10 429 11 492
1455775200 10 439 12 555
1455768000 10 480 11 565
1455760800 10 481 11 569
1455753600 10 582 11 862
1455746400 996 11568 4383 85952
1455739200 1073 12340 4853 55207
1455732000 4944 6818 104096 32244
1455724800 601 5545 2070 29303
1455717600 4220 2454 72627 24948
1455710400 10 455 11 530
1455703200 10 463 11 519
1455696000 10 465 11 544
1455688800 10 473 12 621
1455681600 10 483 11 565
1455674400 10 492 11 668
1455667200 10 659 11 1219
1455660000 904 11672 2347 41180
1455652800 699 7598 3856 36572
1455645600 4011 10235 79819 33572
1455638400 2514 11985 36304 53441
1455631200 1247 3079 25699 35820
1455624000 10 272 11 364
1455616800 10 270 11 340
1455609600 10 267 11 332
1455602400 10 311 12 476
1455595200 10 324 11 833
1455588000 10 260 11 313
1455580800 10 274 11 330
1455573600 10 270 11 321
1455566400 10 268 11 313
1455559200 10 270 12 435
1455552000 10 268 11 354
1455544800 10 257 11 315
1455537600 10 262 11 328
1455530400 10 262 11 338
1455523200 9 261 11 320
1455516000 10 263 12 331
1455508800 10 259 11 327
1455501600 10 260 11 304
1455494400 10 258 11 304
1455487200 10 260 11 321
1455480000 10 258 11 337
1455472800 10 256 12 305
1455465600 10 263 11 317
1455458400 10 263 11 327
1455451200 10 261 11 357
1455444000 10 281 11 480
1455436800 10 262 11 366
1455429600 10 250 12 460
1455422400 10 228 11 282
1455415200 10 233 11 309
1455408000 10 233 11 277
1455400800 10 232 11 302
1455393600 10 246 11 321
1455386400 10 230 12 282
1455379200 10 242 11 300
1455372000 10 255 11 481
1455364800 10 291 11 432
1455357600 10 406 11 800
1455350400 9 305 11 383
1455343200 10 335 12 517
1455336000 10 341 11 506
1455328800 10 343 11 607
1455321600 10 421 11 708
1455314400 481 6058 1580 28556
1455307200 1675 27648 6197 118074
1455300000 7440 7863 123940 51640
1455292800 400 3018 1344 15056
1455285600 2894 4701 37067 27332
1455278400 10 290 11 399
1455271200 10 292 11 401
1455264000 10 280 11 326
1455256800 10 288 12 352
1455249600 10 289 11 367
1455242400 10 333 11 466
1455235200 10 488 11 828
1455228000 608 7184 1796 32168
1455220800 668 7291 2421 44412
1455213600 11677 47929 237444 188205
1455206400 871 1869 35853 7513
1455199200 2197 3887 35853 30835
1455192000 10 233 11 278
1455184800 10 285 11 772
1455177600 10 236 11 313
1455170400 10 272 12 522
1455163200 10 275 11 391
1455156000 10 287 11 356
1455148800 10 396 11 583
1455141600 910 11938 2342 42211
1455134400 1138 23005 7404 277343
1455127200 5752 28760 106851 160740
1455120000 965 8494 4003 49772
1455112800 1048 1496 19401 11487
1455105600 10 251 11 355
1455098400 10 302 11 787
1455091200 10 294 11 435
1455084000 10 362 12 586
1455076800 10 387 10 529
1455069600 10 452 10 914
1455062400 10 484 10 1012
1455055200 966 12398 2699 48237
1455048000 704 7396 2446 47269
1455040800 3075 6841 60075 45449
1455033600 733 7673 2259 34113
1455026400 525 3574 3441 27167
1455019200 10 309 12 402
1454976000 1206 4949 218145 91008
1454889600 9 233 12 417
1454803200 10 228 12 352
1454716800 450 3326 24873 66504
1454630400 619 1454 122238 40987
1454544000 1503 7010 281354 182956
1454457600 1466 4084 284046 87642
1454371200 1121 5694 188595 112774
1454284800 10 289 12 350
1454198400 10 289 26 458
1454112000 2529 4482 569853 99358
1454025600 1315 5497 239715 125581
1453939200 1164 4363 229017 214768
1453852800 1913 4684 448265 87553
1453766400 1708 5740 380219 152958
1453680000 9 266 12 337
1453593600 10 267 12 343
1453507200 853 5710 150032 267840
1453420800 781 15767 50926 735022
1453334400 377 6473 16925 330650
1453248000 489 5785 57027 427806
1453161600 849 21766 30489 790779
1453075200 10 243 12 394
1452988800 10 211 12 295
1452902400 502 9551 33210 520318
1452816000 409 8274 29967 1238767
1452729600 527 10081 30602 578693
1452643200 1185 10655 53633 462493
1452556800 957 4355 129375 463098
1452470400 62 368 489 6269
1452384000 64 444 1074 35826
1452297600 125 797 3516 35826
1452211200 125 836 8881 5500
1452124800 60 942 497 55043
1452038400 69 783 1428 24738
1451952000 975 26585 118842 4376412
1451865600 10 249 11 573
1451779200 10 242 12 325
1451692800 10 244 40 402
1451606400 10 314 12 923
1451520000 10 355 12 1116
1451433600 10 341 12 1089
1451347200 10 220 17 695
1451260800 10 188 12 269
1451174400 10 196 12 324
1451088000 10 186 12 262
1451001600 9 243 12 786
1450915200 1431 2680 109149 104752
1450828800 1658 3349 114590 119208
1450742400 1540 6064 246814 479267
1450656000 10 217 12 266
1450569600 10 226 12 347
1450483200 2427 8473 160575 676855
1450396800 1539 5630 106455 171401
1450310400 1148 3775 111934 135585
1450224000 1713 4394 106993 72516
1450137600 1933 8165 119177 111774
1450051200 10 389 12 446
1449964800 13 388 885 6484
1449878400 1985 5119 48797 151590
1449792000 865 2701 111865 65035
1449705600 3446 12302 95720 295730
1449619200 1756 5659 43550 113665
1449532800 1523 4280 48722 128117
1449446400 9 350 12 400
1449360000 10 349 12 416
1449273600 1856 5370 83753 131593
1449187200 2514 4456 260013 154994
1449100800 873 4946 13095 225326
1449014400 2224 6152 39372 92611
1448928000 807 2975 13000 99423
1448841600 9 407 12 675
1448755200 10 409 12 676
1448668800 2313 9136 70786 378996
1448582400 2118 11477 109066 538819
1448496000 696 4657 15422 130983
1448409600 868 4156 16235 230892
1448323200 10 617 12 1843
1448236800 10 335 12 386
1448150400 9 335 12 381
1448064000 5082 23018 69036 491724
1447977600 1009 2750 112248 105581
1447891200 12580 35326 140665 290573
1447804800 9 724 12 1820
1447718400 1186 2205 108074 46062
1447632000 1164 1590 108088 6844
1447545600 1222 1667 107955 20707
1447459200 2870 7073 123116 374821
1447372800 1779 8518 116267 104255
1447286400 1211 4987 40989 201732
1447200000 1054 4669 12363 107490
1447113600 1056 4426 14635 139866
1447027200 10 387 12 660
1446940800 10 391 954 2043
1446854400 2512 6362 42824 168522
1446768000 2033 6582 113461 123897
1446681600 1934 7980 119762 191918
1446595200 1439 5945 48616 122494
1446508800 3945 9681 104795 1198369
1446422400 10 458 12 614
1446336000 10 452 12 576
1446249600 628 5762 28794 898803
1446163200 741 4404 9798 82928
1446076800 1116 6038 37240 256335
1445990400 2231 8122 108863 140431
1445904000 747 5494 16922 514800
1445817600 10 422 12 497
1445731200 9 428 12 612
1445644800 896 2621 109226 107761
1445558400 10 708 12 1552
1445472000 9 861 13 2275
1445385600 807 2939 18596 61897
1445299200 549 2873 13339 92824
1445212800 10 480 12 588
1445126400 10 445 12 548
1445040000 1583 14421 70828 389509
1444953600 929 4209 27925 118253
1444867200 1692 8506 108721 188912
1444780800 760 3644 15551 71958
1444694400 10 379 12 653
1444608000 9 400 12 912
1444521600 9 417 12 549
1444435200 10 705 12 1709
1444348800 1647 5647 86086 131705
1444262400 1143 4824 59260 248304
1444176000 1409 7672 19346 196793
1444089600 182 991 21245 54180
1444003200 10 488 12 593
1443916800 10 489 12 575
1443830400 1634 6336 99010 177015
1443744000 1468 7541 64708 175943
1443657600 1054 5199 26819 97878
1443571200 1523 3730 199439 95616
1443484800 1270 5481 100783 166488
1443398400 10 696 12 1098
1443312000 10 654 12 756
1443225600 1566 7176 26847 259321
1443139200 1802 6012 109230 192616
1443052800 9 912 12 2550
1442966400 10 812 12 1687
1442880000 829 8022 27828 1057624
1442793600 9 566 12 842
1442707200 10 594 12 1361
1442620800 1905 15441 98485 1839750
1442534400 1795 5395 94694 126406
1442448000 2020 8494 98545 234580
1442361600 3513 11598 95126 478421
1442275200 993 5579 34853 122378
1442188800 10 394 12 686
1442102400 9 468 12 974
1442016000 2365 5878 196812 146311
1441929600 1673 8279 180031 196098
1441843200 1377 6813 25870 163076
1441756800 836 4751 10277 133353
1441670400 9 441 12 496
1441584000 10 442 12 516
1441497600 10 434 12 857
1441411200 1982 8798 94885 256029
1441324800 2373 16247 99887 254678
1441238400 10 917 12 2901
1441152000 9 771 12 1781
1441065600 658 4073 14499 165625
1440979200 10 442 12 517
1440892800 10 443 12 514
1440806400 1012 5736 94288 403200
1440720000 1019 5377 12279 198087
1440633600 1661 2717 91465 88343
1440547200 1940 5986 90847 202221
1440460800 2380 5380 195210 178279
1440374400 10 418 12 463
1440288000 9 421 12 522
1440201600 1615 5675 90488 132747
1440115200 1296 4249 91142 146927
1440028800 2488 11834 90519 369106
1439942400 1771 7531 95184 141164
1439856000 1244 8976 82369 557769
1439769600 10 405 12 459
1439683200 10 399 12 492
1439596800 1009 7033 23486 149571
1439510400 1948 8770 89481 296035
1439424000 3256 17667 92284 495092
1439337600 2336 9925 199027 1242528
1439251200 1342 7692 44926 206352
1439164800 10 415 12 483
1439078400 10 422 13 513
1438992000 2133 4136 178903 144549
1438905600 2750 15542 83813 271151
1438819200 628 2799 27770 89683
1438732800 1296 7788 21477 252865
1438646400 10 422 12 756
1438560000 9 403 12 544
1438473600 10 402 43 472
1438387200 1253 5280 42038 89970
1438300800 1581 8776 90603 269622
1438214400 1228 6179 48113 318827
1438128000 1236 4010 90478 85719
1438041600 1033 9105 27566 232514
1437955200 10 370 12 421
1437868800 10 379 12 958
1437782400 1017 4288 82219 170026
1437696000 1496 6016 88759 130016
1437609600 936 3735 43107 186724
1437523200 1777 4371 122068 324741
1437436800 417 2399 20362 167440
1437350400 8 380 12 439
1437264000 10 388 12 493
1437177600 10 541 17 1279
1437091200 993 3769 55859 183390
1437004800 1494 7433 19733 280624
1436918400 849 3145 12296 67168
1436832000 310 1279 26177 59924
1436745600 9 365 29 453
1436659200 10 367 12 442
1436572800 1506 6037 87012 698704
1436486400 299 2166 8983 234627
1436400000 1472 5280 84165 140532
1436313600 1228 5939 90565 167179
1436227200 1993 4082 100480 200318
1436140800 10 376 12 425
1436054400 10 378 12 581
1435968000 508 2373 8512 83713
1435881600 948 4017 12064 92573
1435795200 9 379 12 630
1435708800 862 3915 22519 102924
1435622400 1258 2248 141725 61012
1435536000 10 509 12 603
1435449600 10 523 12 774
1435363200 29731 4827 8268980 204305
1435276800 2982 7502 192839 277248
1435190400 3619 9206 111494 278635
1435104000 10 638 12 1575
1435017600 10 652 12 1568
1434931200 10 363 12 570
1434844800 9 373 12 508
1434758400 598 3623 40853 493096
1434672000 818 5530 41548 424180
1434585600 1205 4143 22585 95774
1434499200 450 2759 9073 125379
1434412800 218 1495 6633 67383
1434326400 10 407 12 460
1434240000 10 411 12 504
1434153600 736 2590 57956 82320
1434067200 1801 3336 161477 151740
1433980800 499 4125 56656 426113
1433894400 945 9124 16958 291715
1433808000 598 4772 8537 288039
1433721600 10 269 12 356
1433635200 10 274 134 520
1433548800 868 3880 38980 160508
1433462400 9 579 12 1506
1433376000 6 166 1273 1850
1433289600 0 0 0 0
1433203200 0 0 0 0
1433116800 0 0 0 0
1433030400 0 0 0 0
1432944000 0 0 0 0
1432857600 0 0 0 0
1432771200 0 0 0 0
1432684800 0 0 0 0
1432598400 0 0 0 0
1432512000 0 0 0 0
1432425600 0 0 0 0
1432339200 0 0 0 0
1432252800 0 0 0 0
1432166400 0 0 0 0
1432080000 626 3716 12184 506023
1431993600 10 207 12 349
1431907200 10 200 12 250
1431820800 9 201 12 262
1431734400 735 2499 4814 78208
1431648000 806 2355 15039 53892
1431561600 763 3357 10703 288920
1431475200 803 3219 5514 68610
1431388800 702 2533 3904 35343
1431302400 26 480 26 582
1431216000 9 324 580 670
1431129600 12 687 817 17015
1431043200 6 626 585 7636
1430956800 231 1066 55859 62174
1430870400 13 580 1334 5657
1430784000 41 734 5572 40232
1430697600 2 206 580 278
1430611200 2 207 582 363
1430524800 13 785 987 26783
1430438400 10 763 835 4148
1430352000 45 1518 8683 227584
1430265600 0 0 0 0
1430179200 0 0 0 0
1430092800 0 0 0 0
1430006400 0 0 0 0
1429920000 0 0 0 0
1429833600 0 0 0 0
1429747200 0 0 0 0
1429660800 0 0 0 0
1429574400 0 0 0 0
1429488000 0 0 0 0
1429401600 0 0 0 0
1429315200 0 0 0 0
1429228800 0 0 0 0
1429142400 0 0 0 0
1429056000 0 0 0 0
1428969600 0 0 0 0
1428883200 0 0 0 0
1428796800 0 0 0 0
1428710400 0 0 0 0
1428624000 0 0 0 0
1428537600 0 0 0 0
1428451200 0 0 0 0
1428364800 0 0 0 0
1428278400 0 0 0 0
1428192000 0 0 0 0
1428105600 0 0 0 0
1428019200 0 0 0 0
1427932800 0 0 0 0
1427846400 0 0 0 0
1427760000 0 0 0 0
1427673600 0 0 0 0
1427587200 0 0 0 0
1427500800 0 0 0 0
1427414400 0 0 0 0
1427328000 0 0 0 0
1427241600 0 0 0 0
1427155200 0 0 0 0
1427068800 0 0 0 0
1426982400 0 0 0 0
1426896000 0 0 0 0
1426809600 0 0 0 0
1426723200 0 0 0 0
1426636800 0 0 0 0
1426550400 0 0 0 0
1426464000 0 0 0 0
1426377600 0 0 0 0
1426291200 0 0 0 0
1426204800 0 0 0 0
1426118400 0 0 0 0
1426032000 0 0 0 0
1425945600 0 0 0 0
1425859200 0 0 0 0
1425772800 0 0 0 0
1425686400 0 0 0 0
1425600000 0 0 0 0
1425513600 0 0 0 0
1425427200 0 0 0 0
1425340800 0 0 0 0
1425254400 0 0 0 0
1425168000 0 0 0 0
1425081600 0 0 0 0
1424995200 0 0 0 0
1424908800 0 0 0 0
1424822400 0 0 0 0
1424736000 0 0 0 0
1424649600 0 0 0 0
1424563200 0 0 0 0
1424476800 0 0 0 0
1424390400 0 0 0 0
1424304000 0 0 0 0
1424217600 0 0 0 0
1424131200 0 0 0 0
1424044800 0 0 0 0
1423958400 0 0 0 0
1423872000 0 0 0 0
1423785600 0 0 0 0
1423699200 0 0 0 0
1423612800 0 0 0 0
1423526400 0 0 0 0
1423440000 0 0 0 0
1423353600 0 0 0 0
1423267200 0 0 0 0
1423180800 0 0 0 0
1423094400 0 0 0 0
1423008000 0 0 0 0
1422921600 0 0 0 0
1422835200 0 0 0 0
1422748800 0 0 0 0
1422662400 0 0 0 0
1422576000 0 0 0 0
1422489600 0 0 0 0
1422403200 0 0 0 0
1422316800 0 0 0 0
1422230400 0 0 0 0
1422144000 0 0 0 0
1422057600 0 0 0 0
1421971200 0 0 0 0
1421884800 0 0 0 0
1421798400 0 0 0 0
1421712000 0 0 0 0
1421625600 0 0 0 0
1421539200 0 0 0 0
1421452800 0 0 0 0
1421366400 0 0 0 0
1421280000 0 0 0 0
1421193600 0 0 0 0
1421107200 0 0 0 0
1421020800 0 0 0 0
1420934400 0 0 0 0
1420848000 0 0 0 0
1420761600 0 0 0 0
1420675200 0 0 0 0
1420588800 0 0 0 0
1420502400 0 0 0 0
1420416000 0 0 0 0
1420329600 0 0 0 0
1420243200 0 0 0 0
1420156800 0 0 0 0
1420070400 0 0 0 0
1419984000 0 0 0 0
1419897600 0 0 0 0
1419811200 0 0 0 0
1419724800 0 0 0 0
1419638400 0 0 0 0
1419552000 0 0 0 0
1419465600 0 0 0 0
1419379200 0 0 0 0
1419292800 0 0 0 0
1419206400 0 0 0 0
1419120000 0 0 0 0
1419033600 0 0 0 0
1418947200 0 0 0 0
1418860800 0 0 0 0
1418774400 0 0 0 0
1418688000 0 0 0 0
1418601600 0 0 0 0
1418515200 0 0 0 0
1418428800 0 0 0 0
1418342400 0 0 0 0
1418256000 0 0 0 0
1418169600 0 0 0 0
1418083200 0 0 0 0
1417996800 0 0 0 0
1417910400 0 0 0 0
1417824000 0 0 0 0
1417737600 0 0 0 0
1417651200 0 0 0 0
1417564800 0 0 0 0
1417478400 0 0 0 0
1417392000 0 0 0 0
1417305600 0 0 0 0
1417219200 0 0 0 0
1417132800 0 0 0 0
1417046400 0 0 0 0
1416960000 0 0 0 0
1416873600 0 0 0 0
1416787200 0 0 0 0
1416700800 0 0 0 0
1416614400 0 0 0 0
1416528000 0 0 0 0
1416441600 0 0 0 0
1416355200 0 0 0 0
1416268800 0 0 0 0
1416182400 0 0 0 0
1416096000 0 0 0 0
1416009600 0 0 0 0
1415923200 0 0 0 0
1415836800 0 0 0 0
1415750400 0 0 0 0
1415664000 0 0 0 0
1415577600 0 0 0 0
1415491200 0 0 0 0
1415404800 0 0 0 0
1415318400 0 0 0 0
1415232000 0 0 0 0
1415145600 0 0 0 0
1415059200 0 0 0 0
1414972800 0 0 0 0
1414886400 0 0 0 0
1414800000 0 0 0 0
1414713600 0 0 0 0
1414627200 0 0 0 0
1414540800 0 0 0 0
1414454400 0 0 0 0
1414368000 0 0 0 0
1414281600 0 0 0 0
1414195200 0 0 0 0
1414108800 0 0 0 0
1414022400 0 0 0 0
1413936000 0 0 0 0
1413849600 0 0 0 0
1413763200 0 0 0 0
1413676800 0 0 0 0
1413590400 0 0 0 0
1413504000 0 0 0 0
1413417600 0 0 0 0
1413331200 0 0 0 0
1413244800 0 0 0 0
1413158400 0 0 0 0
1413072000 0 0 0 0
1412985600 0 0 0 0
1412899200 0 0 0 0
1412812800 0 0 0 0
1412726400 0 0 0 0
1412640000 0 0 0 0
1412553600 0 0 0 0
1412467200 0 0 0 0
1412380800 0 0 0 0
1412294400 0 0 0 0
1412208000 0 0 0 0
1412121600 0 0 0 0
1412035200 0 0 0 0
1411948800 0 0 0 0
1411862400 0 0 0 0
1411776000 0 0 0 0
1411689600 0 0 0 0
1411603200 0 0 0 0
1411516800 0 0 0 0
1411430400 0 0 0 0
1411344000 0 0 0 0
1411257600 0 0 0 0
1411171200 0 0 0 0
1411084800 0 0 0 0
1410998400 0 0 0 0
1410912000 0 0 0 0
1410825600 0 0 0 0
1410739200 0 0 0 0
1410652800 0 0 0 0
1410566400 0 0 0 0
1410480000 0 0 0 0
1410393600 0 0 0 0
1410307200 0 0 0 0
1410220800 0 0 0 0
1410134400 0 0 0 0
1410048000 0 0 0 0
1409961600 0 0 0 0
1409875200 0 0 0 0
1409788800 0 0 0 0
1409702400 0 0 0 0
1409616000 0 0 0 0
1409529600 0 0 0 0
1409443200 0 0 0 0
1409356800 0 0 0 0
1409270400 0 0 0 0
1409184000 0 0 0 0
1409097600 0 0 0 0
1409011200 0 0 0 0
1408924800 0 0 0 0
1408838400 0 0 0 0
1408752000 0 0 0 0
1408665600 0 0 0 0
1408579200 0 0 0 0
1408492800 0 0 0 0
1408406400 0 0 0 0
1408320000 0 0 0 0
1408233600 0 0 0 0
1408147200 0 0 0 0
1408060800 0 0 0 0
1407974400 0 0 0 0
1407888000 0 0 0 0
1407801600 0 0 0 0
1407715200 0 0 0 0
1407628800 0 0 0 0
1407542400 0 0 0 0
1407456000 0 0 0 0
1407369600 0 0 0 0
1407283200 0 0 0 0
1407196800 0 0 0 0
1407110400 0 0 0 0
1407024000 0 0 0 0
1406937600 0 0 0 0
1406851200 0 0 0 0
1406764800 0 0 0 0
1406678400 0 0 0 0
1406592000 0 0 0 0
1406505600 0 0 0 0
1406419200 0 0 0 0
1406332800 0 0 0 0
1406246400 0 0 0 0
1406160000 0 0 0 0
1406073600 0 0 0 0
1405987200 0 0 0 0
1405900800 0 0 0 0
1405814400 0 0 0 0
1405728000 0 0 0 0
1405641600 0 0 0 0
1405555200 0 0 0 0
1405468800 0 0 0 0
1405382400 0 0 0 0
1405296000 0 0 0 0
1405209600 0 0 0 0
1405123200 0 0 0 0
1405036800 0 0 0 0
1404950400 0 0 0 0
1404864000 0 0 0 0
1404777600 0 0 0 0
1404691200 0 0 0 0
1404604800 0 0 0 0
1404518400 0 0 0 0
1404432000 0 0 0 0
1404345600 0 0 0 0
1404259200 0 0 0 0
1404172800 0 0 0 0
1404086400 0 0 0 0
1404000000 0 0 0 0
1403913600 0 0 0 0
1403827200 0 0 0 0
1403740800 0 0 0 0
1403654400 0 0 0 0
1403568000 0 0 0 0
1403481600 0 0 0 0
1403395200 0 0 0 0
1403308800 0 0 0 0
1403222400 0 0 0 0
1403136000 0 0 0 0
1403049600 0 0 0 0
1402963200 0 0 0 0
1402876800 0 0 0 0
1402790400 0 0 0 0
1402704000 0 0 0 0
1402617600 0 0 0 0
1402531200 0 0 0 0
1402444800 0 0 0 0
1402358400 0 0 0 0
1402272000 0 0 0 0
1402185600 0 0 0 0
1402099200 0 0 0 0
1402012800 0 0 0 0
1401926400 0 0 0 0
1401840000 0 0 0 0
1401753600 0 0 0 0
1401667200 0 0 0 0
1401580800 0 0 0 0
1401494400 0 0 0 0
1401408000 0 0 0 0
1401321600 0 0 0 0
1401235200 0 0 0 0
1401148800 0 0 0 0
1401062400 0 0 0 0
1400976000 0 0 0 0
1400889600 0 0 0 0
1400803200 0 0 0 0
1400716800 0 0 0 0
1400630400 0 0 0 0
1400544000 0 0 0 0
1400457600 0 0 0 0
1400371200 0 0 0 0
1400284800 0 0 0 0
1400198400 0 0 0 0
1400112000 0 0 0 0
1400025600 0 0 0 0
1399939200 0 0 0 0
1399852800 0 0 0 0
1399766400 0 0 0 0
1399680000 0 0 0 0
1399593600 0 0 0 0
1399507200 0 0 0 0
1399420800 0 0 0 0
1399334400 0 0 0 0
1399248000 0 0 0 0
1399161600 0 0 0 0
1399075200 0 0 0 0
1398988800 0 0 0 0
1398902400 0 0 0 0
1398816000 0 0 0 0
1398729600 0 0 0 0
1398643200 0 0 0 0
1398556800 0 0 0 0
1398470400 0 0 0 0
1398384000 0 0 0 0
1398297600 0 0 0 0
1398211200 0 0 0 0
1398124800 0 0 0 0
1398038400 0 0 0 0
1397952000 0 0 0 0
1397865600 0 0 0 0
1397779200 0 0 0 0
1397692800 0 0 0 0
1397606400 0 0 0 0
1397520000 0 0 0 0
1397433600 0 0 0 0
1397347200 0 0 0 0
1397260800 0 0 0 0
1397174400 0 0 0 0
1397088000 0 0 0 0
1397001600 0 0 0 0
1396915200 0 0 0 0
1396828800 0 0 0 0
1396742400 0 0 0 0
1396656000 0 0 0 0
1396569600 0 0 0 0
1396483200 0 0 0 0
1396396800 0 0 0 0
1396310400 0 0 0 0
1396224000 0 0 0 0
1396137600 0 0 0 0
1396051200 0 0 0 0
1395964800 0 0 0 0
1395878400 0 0 0 0
1395792000 0 0 0 0
1395705600 0 0 0 0
1395619200 0 0 0 0
1395532800 0 0 0 0
1395446400 0 0 0 0
1395360000 0 0 0 0
1395273600 0 0 0 0
1395187200 0 0 0 0
1395100800 0 0 0 0
1395014400 0 0 0 0
1394928000 0 0 0 0
1394841600 0 0 0 0
1394755200 0 0 0 0
1394668800 0 0 0 0
1394582400 0 0 0 0
1394496000 0 0 0 0
1394409600 0 0 0 0
1394323200 0 0 0 0
1394236800 0 0 0 0
1394150400 0 0 0 0
1394064000 0 0 0 0
1393977600 0 0 0 0
1393891200 0 0 0 0
1393804800 0 0 0 0
1393718400 0 0 0 0
1393632000 0 0 0 0
1393545600 0 0 0 0
1393459200 0 0 0 0
1393372800 0 0 0 0
1393286400 0 0 0 0
1393200000 0 0 0 0
1393113600 0 0 0 0
1393027200 0 0 0 0
1392940800 0 0 0 0
1392854400 0 0 0 0
1392768000 0 0 0 0
1392681600 0 0 0 0
1392595200 0 0 0 0
1392508800 0 0 0 0
1392422400 0 0 0 0
1392336000 0 0 0 0
1392249600 0 0 0 0
1392163200 0 0 0 0
1392076800 0 0 0 0
1391990400 0 0 0 0
1391904000 0 0 0 0
1391817600 0 0 0 0
