1460685978 -1 -1
1460685978 0 0 0 0
1460601740 0 0 0 0
1460601600 0 0 0 0
1460601300 0 0 0 0
1460601000 0 0 0 0
1460600700 0 0 0 0
1460600400 0 0 0 0
1460600100 0 0 0 0
1460599800 0 0 0 0
1460599500 0 0 0 0
1460599200 0 0 0 0
1460598900 0 0 0 0
1460598600 0 0 0 0
1460598300 0 0 0 0
1460598000 0 0 0 0
1460597700 0 0 0 0
1460597400 0 0 0 0
1460597100 0 0 0 0
1460596800 0 0 0 0
1460596500 0 0 0 0
1460596200 0 0 0 0
1460595900 0 0 0 0
1460595600 0 0 0 0
1460595300 0 0 0 0
1460595000 0 0 0 0
1460594700 0 0 0 0
1460594400 0 0 0 0
1460594100 0 0 0 0
1460593800 0 0 0 0
1460593500 0 0 0 0
1460593200 0 0 0 0
1460592900 0 0 0 0
1460592600 0 0 0 0
1460592300 0 0 0 0
1460592000 0 0 0 0
1460591700 0 0 0 0
1460591400 0 0 0 0
1460591100 0 0 0 0
1460590800 0 0 0 0
1460590500 0 0 0 0
1460590200 0 0 0 0
1460589900 0 0 0 0
1460589600 0 0 0 0
1460589300 0 0 0 0
1460589000 0 0 0 0
1460588700 0 0 0 0
1460588400 0 0 0 0
1460588100 0 0 0 0
1460587800 0 0 0 0
1460587500 0 0 0 0
1460587200 0 0 0 0
1460586900 0 0 0 0
1460586600 0 0 0 0
1460586300 0 0 0 0
1460586000 0 0 0 0
1460585700 0 0 0 0
1460585400 0 0 0 0
1460585100 0 0 0 0
1460584800 0 0 0 0
1460584500 0 0 0 0
1460584200 0 0 0 0
1460583900 0 0 0 0
1460583600 0 0 0 0
1460583300 0 0 0 0
1460583000 0 0 0 0
1460582700 0 0 0 0
1460582400 0 0 0 0
1460582100 0 0 0 0
1460581800 0 0 0 0
1460581500 0 0 0 0
1460581200 0 0 0 0
1460580900 0 0 0 0
1460580600 0 0 0 0
1460580300 0 0 0 0
1460580000 0 0 0 0
1460579700 0 0 0 0
1460579400 0 0 0 0
1460579100 0 0 0 0
1460578800 0 0 0 0
1460578500 0 0 0 0
1460578200 0 0 0 0
1460577900 0 0 0 0
1460577600 0 0 0 0
1460577300 0 0 0 0
1460577000 0 0 0 0
1460576700 0 0 0 0
1460576400 0 0 0 0
1460576100 0 0 0 0
1460575800 0 0 0 0
1460575500 0 0 0 0
1460575200 0 0 0 0
1460574900 0 0 0 0
1460574600 0 0 0 0
1460574300 0 0 0 0
1460574000 0 0 0 0
1460573700 0 0 0 0
1460573400 0 0 0 0
1460573100 0 0 0 0
1460572800 0 0 0 0
1460572500 0 0 0 0
1460572200 0 0 0 0
1460571900 0 0 0 0
1460571600 0 0 0 0
1460571300 0 0 0 0
1460571000 0 0 0 0
1460570700 0 0 0 0
1460570400 0 0 0 0
1460570100 0 0 0 0
1460569800 0 0 0 0
1460569500 0 0 0 0
1460569200 0 0 0 0
1460568900 0 0 0 0
1460568600 0 0 0 0
1460568300 0 0 0 0
1460568000 0 0 0 0
1460567700 0 0 0 0
1460567400 0 0 0 0
1460567100 0 0 0 0
1460566800 0 0 0 0
1460566500 0 0 0 0
1460566200 0 0 0 0
1460565900 0 0 0 0
1460565600 0 0 0 0
1460565300 0 0 0 0
1460565000 0 0 0 0
1460564700 0 0 0 0
1460564400 0 0 0 0
1460564100 0 0 0 0
1460563800 0 0 0 0
1460563500 0 0 0 0
1460563200 0 0 0 0
1460562900 0 0 0 0
1460562600 0 0 0 0
1460562300 0 0 0 0
1460562000 0 0 0 0
1460561700 0 0 0 0
1460561400 0 0 0 0
1460561100 0 0 0 0
1460560800 0 0 0 0
1460560500 0 0 0 0
1460560200 0 0 0 0
1460559900 0 0 0 0
1460559600 0 0 0 0
1460559300 0 0 0 0
1460559000 0 0 0 0
1460558700 0 0 0 0
1460558400 0 0 0 0
1460558100 0 0 0 0
1460557800 0 0 0 0
1460557500 0 0 0 0
1460557200 0 0 0 0
1460556900 0 0 0 0
1460556600 0 0 0 0
1460556300 0 0 0 0
1460556000 0 0 0 0
1460555700 0 0 0 0
1460555400 0 0 0 0
1460555100 0 0 0 0
1460554800 0 0 0 0
1460554500 0 0 0 0
1460554200 0 0 0 0
1460553900 0 0 0 0
1460553600 0 0 0 0
1460553300 0 0 0 0
1460553000 0 0 0 0
1460552700 0 0 0 0
1460552400 0 0 0 0
1460552100 0 0 0 0
1460551800 0 0 0 0
1460551500 0 0 0 0
1460551200 0 0 0 0
1460550900 0 0 0 0
1460550600 0 0 0 0
1460550300 0 0 0 0
1460550000 0 0 0 0
1460549700 0 0 0 0
1460549400 0 0 0 0
1460549100 0 0 0 0
1460548800 0 0 0 0
1460548500 0 0 0 0
1460548200 0 0 0 0
1460547900 0 0 0 0
1460547600 0 0 0 0
1460547300 0 0 0 0
1460547000 0 0 0 0
1460546700 0 0 0 0
1460546400 0 0 0 0
1460546100 0 0 0 0
1460545800 0 0 0 0
1460545500 0 0 0 0
1460545200 0 0 0 0
1460544900 0 0 0 0
1460544600 0 0 0 0
1460544300 0 0 0 0
1460544000 0 0 0 0
1460543700 0 0 0 0
1460543400 0 0 0 0
1460543100 0 0 0 0
1460542800 0 0 0 0
1460542500 0 0 0 0
1460542200 0 0 0 0
1460541900 0 0 0 0
1460541600 0 0 0 0
1460541300 0 0 0 0
1460541000 0 0 0 0
1460540700 0 0 0 0
1460540400 0 0 0 0
1460540100 0 0 0 0
1460539800 0 0 0 0
1460539500 0 0 0 0
1460539200 0 0 0 0
1460538900 0 0 0 0
1460538600 0 0 0 0
1460538300 0 0 0 0
1460538000 0 0 0 0
1460537700 0 0 0 0
1460537400 0 0 0 0
1460537100 0 0 0 0
1460536800 0 0 0 0
1460536500 0 0 0 0
1460536200 0 0 0 0
1460535900 0 0 0 0
1460535600 0 0 0 0
1460535300 0 0 0 0
1460535000 0 0 0 0
1460534700 0 0 0 0
1460534400 0 0 0 0
1460534100 0 0 0 0
1460533800 0 0 0 0
1460533500 0 0 0 0
1460533200 0 0 0 0
1460532900 0 0 0 0
1460532600 0 0 0 0
1460532300 0 0 0 0
1460532000 0 0 0 0
1460531700 0 0 0 0
1460531400 0 0 0 0
1460531100 0 0 0 0
1460530800 0 0 0 0
1460530500 0 0 0 0
1460530200 0 0 0 0
1460529900 0 0 0 0
1460529600 0 0 0 0
1460529300 0 0 0 0
1460529000 0 0 0 0
1460528700 0 0 0 0
1460528400 0 0 0 0
1460528100 0 0 0 0
1460527800 0 0 0 0
1460527500 0 0 0 0
1460527200 0 0 0 0
1460526900 0 0 0 0
1460526600 0 0 0 0
1460526300 0 0 0 0
1460526000 0 0 0 0
1460525700 0 0 0 0
1460525400 0 0 0 0
1460525100 0 0 0 0
1460524800 0 0 0 0
1460524500 0 0 0 0
1460524200 0 0 0 0
1460523900 0 0 0 0
1460523600 0 0 0 0
1460523300 0 0 0 0
1460523000 0 0 0 0
1460522700 0 0 0 0
1460522400 0 0 0 0
1460522100 0 0 0 0
1460521800 0 0 0 0
1460521500 0 0 0 0
1460521200 0 0 0 0
1460520900 0 0 0 0
1460520600 0 0 0 0
1460520300 0 0 0 0
1460520000 0 0 0 0
1460519700 0 0 0 0
1460519400 0 0 0 0
1460519100 0 0 0 0
1460518800 0 0 0 0
1460518500 0 0 0 0
1460518200 0 0 0 0
1460517900 0 0 0 0
1460517600 0 0 0 0
1460517300 0 0 0 0
1460517000 0 0 0 0
1460516700 0 0 0 0
1460516400 0 0 0 0
1460516100 0 0 0 0
1460515800 0 0 0 0
1460515500 0 0 0 0
1460515200 0 0 0 0
1460514900 0 0 0 0
1460514600 0 0 0 0
1460514300 0 0 0 0
1460514000 0 0 0 0
1460513700 0 0 0 0
1460513400 0 0 0 0
1460513100 0 0 0 0
1460512800 0 0 0 0
1460512500 0 0 0 0
1460512200 0 0 0 0
1460511900 0 0 0 0
1460511600 0 0 0 0
1460511300 0 0 0 0
1460511000 0 0 0 0
1460510700 0 0 0 0
1460510400 0 0 0 0
1460510100 0 0 0 0
1460509800 0 0 0 0
1460509500 0 0 0 0
1460509200 0 0 0 0
1460508900 0 0 0 0
1460508600 0 0 0 0
1460508300 0 0 0 0
1460508000 0 0 0 0
1460507700 0 0 0 0
1460507400 0 0 0 0
1460507100 0 0 0 0
1460506800 0 0 0 0
1460506500 0 0 0 0
1460506200 0 0 0 0
1460505900 0 0 0 0
1460505600 0 0 0 0
1460505300 0 0 0 0
1460505000 0 0 0 0
1460504700 0 0 0 0
1460504400 0 0 0 0
1460504100 0 0 0 0
1460503800 0 0 0 0
1460503500 0 0 0 0
1460503200 0 0 0 0
1460502900 0 0 0 0
1460502600 0 0 0 0
1460502300 0 0 0 0
1460502000 0 0 0 0
1460501700 0 0 0 0
1460501400 0 0 0 0
1460501100 0 0 0 0
1460500800 0 0 0 0
1460500500 0 0 0 0
1460500200 0 0 0 0
1460499900 0 0 0 0
1460499600 0 0 0 0
1460499300 0 0 0 0
1460499000 0 0 0 0
1460498700 0 0 0 0
1460498400 0 0 0 0
1460498100 0 0 0 0
1460497800 0 0 0 0
1460497500 0 0 0 0
1460497200 0 0 0 0
1460496900 0 0 0 0
1460496600 0 0 0 0
1460496300 0 0 0 0
1460496000 0 0 0 0
1460495700 0 0 0 0
1460495400 0 0 0 0
1460495100 0 0 0 0
1460494800 0 0 0 0
1460494500 0 0 0 0
1460494200 0 0 0 0
1460493900 0 0 0 0
1460493600 0 0 0 0
1460493300 0 0 0 0
1460493000 0 0 0 0
1460492700 0 0 0 0
1460492400 0 0 0 0
1460492100 0 0 0 0
1460491800 0 0 0 0
1460491500 0 0 0 0
1460491200 0 0 0 0
1460490900 0 0 0 0
1460490600 0 0 0 0
1460490300 0 0 0 0
1460490000 0 0 0 0
1460489700 0 0 0 0
1460489400 0 0 0 0
1460489100 0 0 0 0
1460488800 0 0 0 0
1460488500 0 0 0 0
1460488200 0 0 0 0
1460487900 0 0 0 0
1460487600 0 0 0 0
1460487300 0 0 0 0
1460487000 0 0 0 0
1460486700 0 0 0 0
1460486400 0 0 0 0
1460486100 0 0 0 0
1460485800 0 0 0 0
1460485500 0 0 0 0
1460485200 0 0 0 0
1460484900 0 0 0 0
1460484600 0 0 0 0
1460484300 0 0 0 0
1460484000 0 0 0 0
1460483700 0 0 0 0
1460483400 0 0 0 0
1460483100 0 0 0 0
1460482800 0 0 0 0
1460482500 0 0 0 0
1460482200 0 0 0 0
1460481900 0 0 0 0
1460481600 0 0 0 0
1460481300 0 0 0 0
1460481000 0 0 0 0
1460480700 0 0 0 0
1460480400 0 0 0 0
1460480100 0 0 0 0
1460479800 0 0 0 0
1460479500 0 0 0 0
1460479200 0 0 0 0
1460478900 0 0 0 0
1460478600 0 0 0 0
1460478300 0 0 0 0
1460478000 0 0 0 0
1460477700 0 0 0 0
1460477400 0 0 0 0
1460477100 0 0 0 0
1460476800 0 0 0 0
1460476500 0 0 0 0
1460476200 0 0 0 0
1460475900 0 0 0 0
1460475600 0 0 0 0
1460475300 0 0 0 0
1460475000 0 0 0 0
1460474700 0 0 0 0
1460474400 0 0 0 0
1460474100 0 0 0 0
1460473800 0 0 0 0
1460473500 0 0 0 0
1460473200 0 0 0 0
1460472900 0 0 0 0
1460472600 0 0 0 0
1460472300 0 0 0 0
1460472000 0 0 0 0
1460471700 0 0 0 0
1460471400 0 0 0 0
1460471100 0 0 0 0
1460470800 0 0 0 0
1460470500 0 0 0 0
1460470200 0 0 0 0
1460469900 0 0 0 0
1460469600 0 0 0 0
1460469300 0 0 0 0
1460469000 0 0 0 0
1460468700 0 0 0 0
1460468400 0 0 0 0
1460468100 0 0 0 0
1460467800 0 0 0 0
1460467500 0 0 0 0
1460467200 0 0 0 0
1460466900 0 0 0 0
1460466600 0 0 0 0
1460466300 0 0 0 0
1460466000 0 0 0 0
1460465700 0 0 0 0
1460465400 0 0 0 0
1460465100 0 0 0 0
1460464800 0 0 0 0
1460464500 0 0 0 0
1460464200 0 0 0 0
1460463900 0 0 0 0
1460463600 0 0 0 0
1460463300 0 0 0 0
1460463000 0 0 0 0
1460462700 0 0 0 0
1460462400 0 0 0 0
1460462100 0 0 0 0
1460461800 0 0 0 0
1460461500 0 0 0 0
1460461200 0 0 0 0
1460460900 0 0 0 0
1460460600 0 0 0 0
1460460300 0 0 0 0
1460460000 0 0 0 0
1460459700 0 0 0 0
1460459400 0 0 0 0
1460459100 0 0 0 0
1460458800 0 0 0 0
1460458500 0 0 0 0
1460458200 0 0 0 0
1460457900 0 0 0 0
1460457600 0 0 0 0
1460457300 0 0 0 0
1460457000 0 0 0 0
1460456700 0 0 0 0
1460456400 0 0 0 0
1460456100 0 0 0 0
1460455800 0 0 0 0
1460455500 0 0 0 0
1460455200 0 0 0 0
1460454900 0 0 0 0
1460454600 0 0 0 0
1460454300 0 0 0 0
1460454000 0 0 0 0
1460453700 0 0 0 0
1460453400 0 0 0 0
1460453100 0 0 0 0
1460452800 0 0 0 0
1460452500 0 0 0 0
1460452200 0 0 0 0
1460451900 0 0 0 0
1460451600 0 0 0 0
1460451300 0 0 0 0
1460451000 0 0 0 0
1460450700 0 0 0 0
1460450400 0 0 0 0
1460450100 0 0 0 0
1460449800 0 0 0 0
1460449500 0 0 0 0
1460449200 0 0 0 0
1460448900 0 0 0 0
1460448600 0 0 0 0
1460448300 0 0 0 0
1460448000 0 0 0 0
1460447700 0 0 0 0
1460447400 0 0 0 0
1460447100 0 0 0 0
1460446800 0 0 0 0
1460446500 0 0 0 0
1460446200 0 0 0 0
1460445900 0 0 0 0
1460445600 0 0 0 0
1460445300 0 0 0 0
1460445000 0 0 0 0
1460444700 0 0 0 0
1460444400 0 0 0 0
1460444100 0 0 0 0
1460443800 0 0 0 0
1460443500 0 0 0 0
1460443200 0 0 0 0
1460442900 0 0 0 0
1460442600 0 0 0 0
1460442300 0 0 0 0
1460442000 0 0 0 0
1460441700 0 0 0 0
1460441400 0 0 0 0
1460441100 0 0 0 0
1460440800 0 0 0 0
1460440500 0 0 0 0
1460440200 0 0 0 0
1460439900 0 0 0 0
1460439600 0 0 0 0
1460439300 0 0 0 0
1460439000 0 0 0 0
1460438700 0 0 0 0
1460438400 0 0 0 0
1460438100 0 0 0 0
1460437800 0 0 0 0
1460437500 0 0 0 0
1460437200 0 0 0 0
1460436900 0 0 0 0
1460436600 0 0 0 0
1460436300 0 0 0 0
1460436000 0 0 0 0
1460435700 0 0 0 0
1460435400 0 0 0 0
1460435100 0 0 0 0
1460434800 0 0 0 0
1460434500 0 0 0 0
1460434200 0 0 0 0
1460433900 0 0 0 0
1460433600 0 0 0 0
1460433300 0 0 0 0
1460433000 0 0 0 0
1460432700 0 0 0 0
1460432400 0 0 0 0
1460432100 0 0 0 0
1460431800 0 0 0 0
1460431500 0 0 0 0
1460431200 0 0 0 0
1460430900 0 0 0 0
1460430600 0 0 0 0
1460430300 0 0 0 0
1460430000 0 0 0 0
1460429700 0 0 0 0
1460429400 0 0 0 0
1460429100 0 0 0 0
1460428800 0 0 0 0
1460428500 0 0 0 0
1460428200 0 0 0 0
1460427900 0 0 0 0
1460427600 0 0 0 0
1460427300 0 0 0 0
1460427000 0 0 0 0
1460426700 0 0 0 0
1460426400 0 0 0 0
1460426100 0 0 0 0
1460425800 0 0 0 0
1460425500 0 0 0 0
1460425200 0 0 0 0
1460424900 0 0 0 0
1460424600 0 0 0 0
1460424300 0 0 0 0
1460424000 0 0 0 0
1460423700 0 0 0 0
1460423400 0 0 0 0
1460423100 0 0 0 0
1460422800 0 0 0 0
1460422500 0 0 0 0
1460422200 0 0 0 0
1460421900 0 0 0 0
1460421000 0 0 0 0
1460419200 0 0 0 0
1460417400 0 0 0 0
1460415600 0 0 0 0
1460413800 0 0 0 0
1460412000 0 0 0 0
1460410200 0 0 0 0
1460408400 0 0 0 0
1460406600 0 0 0 0
1460404800 0 0 0 0
1460403000 0 0 0 0
1460401200 0 0 0 0
1460399400 0 0 0 0
1460397600 0 0 0 0
1460395800 0 0 0 0
1460394000 0 0 0 0
1460392200 0 0 0 0
1460390400 0 0 0 0
1460388600 0 0 0 0
1460386800 0 0 0 0
1460385000 0 0 0 0
1460383200 0 0 0 0
1460381400 0 0 0 0
1460379600 0 0 0 0
1460377800 0 0 0 0
1460376000 0 0 0 0
1460374200 0 0 0 0
1460372400 0 0 0 0
1460370600 0 0 0 0
1460368800 0 0 0 0
1460367000 0 0 0 0
1460365200 0 0 0 0
1460363400 0 0 0 0
1460361600 0 0 0 0
1460359800 0 0 0 0
1460358000 0 0 0 0
1460356200 0 0 0 0
1460354400 0 0 0 0
1460352600 0 0 0 0
1460350800 0 0 0 0
1460349000 0 0 0 0
1460347200 0 0 0 0
1460345400 0 0 0 0
1460343600 0 0 0 0
1460341800 0 0 0 0
1460340000 0 0 0 0
1460338200 0 0 0 0
1460336400 0 0 0 0
1460334600 0 0 0 0
1460332800 0 0 0 0
1460331000 0 0 0 0
1460329200 0 0 0 0
1460327400 0 0 0 0
1460325600 0 0 0 0
1460323800 0 0 0 0
1460322000 0 0 0 0
1460320200 0 0 0 0
1460318400 0 0 0 0
1460316600 0 0 0 0
1460314800 0 0 0 0
1460313000 0 0 0 0
1460311200 0 0 0 0
1460309400 0 0 0 0
1460307600 0 0 0 0
1460305800 0 0 0 0
1460304000 0 0 0 0
1460302200 0 0 0 0
1460300400 0 0 0 0
1460298600 0 0 0 0
1460296800 0 0 0 0
1460295000 0 0 0 0
1460293200 0 0 0 0
1460291400 0 0 0 0
1460289600 0 0 0 0
1460287800 0 0 0 0
1460286000 0 0 0 0
1460284200 0 0 0 0
1460282400 0 0 0 0
1460280600 0 0 0 0
1460278800 0 0 0 0
1460277000 0 0 0 0
1460275200 0 0 0 0
1460273400 0 0 0 0
1460271600 0 0 0 0
1460269800 0 0 0 0
1460268000 0 0 0 0
1460266200 0 0 0 0
1460264400 0 0 0 0
1460262600 0 0 0 0
1460260800 0 0 0 0
1460259000 0 0 0 0
1460257200 0 0 0 0
1460255400 0 0 0 0
1460253600 0 0 0 0
1460251800 0 0 0 0
1460250000 0 0 0 0
1460248200 0 0 0 0
1460246400 0 0 0 0
1460244600 0 0 0 0
1460242800 0 0 0 0
1460241000 0 0 0 0
1460239200 0 0 0 0
1460237400 0 0 0 0
1460235600 0 0 0 0
1460233800 0 0 0 0
1460232000 0 0 0 0
1460230200 0 0 0 0
1460228400 0 0 0 0
1460226600 0 0 0 0
1460224800 0 0 0 0
1460223000 0 0 0 0
1460221200 0 0 0 0
1460219400 0 0 0 0
1460217600 0 0 0 0
1460215800 0 0 0 0
1460214000 0 0 0 0
1460212200 0 0 0 0
1460210400 0 0 0 0
1460208600 0 0 0 0
1460206800 0 0 0 0
1460205000 0 0 0 0
1460203200 0 0 0 0
1460201400 0 0 0 0
1460199600 0 0 0 0
1460197800 0 0 0 0
1460196000 0 0 0 0
1460194200 0 0 0 0
1460192400 0 0 0 0
1460190600 0 0 0 0
1460188800 0 0 0 0
1460187000 0 0 0 0
1460185200 0 0 0 0
1460183400 0 0 0 0
1460181600 0 0 0 0
1460179800 0 0 0 0
1460178000 0 0 0 0
1460176200 0 0 0 0
1460174400 0 0 0 0
1460172600 0 0 0 0
1460170800 0 0 0 0
1460169000 0 0 0 0
1460167200 0 0 0 0
1460165400 0 0 0 0
1460163600 0 0 0 0
1460161800 0 0 0 0
1460160000 0 0 0 0
1460158200 0 0 0 0
1460156400 0 0 0 0
1460154600 0 0 0 0
1460152800 0 0 0 0
1460151000 0 0 0 0
1460149200 0 0 0 0
1460147400 0 0 0 0
1460145600 0 0 0 0
1460143800 0 0 0 0
1460142000 0 0 0 0
1460140200 0 0 0 0
1460138400 0 0 0 0
1460136600 0 0 0 0
1460134800 0 0 0 0
1460133000 5 570 11 1052
1460131200 10 1064 10 1444
1460129400 10 976 11 1024
1460127600 10 962 11 1061
1460125800 10 992 11 1096
1460124000 10 1014 10 1085
1460122200 10 1086 12 1400
1460120400 10 991 11 1177
1460118600 10 945 11 1151
1460116800 10 787 10 961
1460115000 10 686 11 992
1460113200 10 477 11 577
1460111400 10 454 11 573
1460109600 10 432 11 507
1460107800 10 423 10 457
1460106000 10 428 11 524
1460104200 10 432 11 524
1460102400 10 449 11 488
1460100600 10 436 11 472
1460098800 10 440 11 494
1460097000 10 420 11 439
1460095200 10 421 10 446
1460093400 10 433 11 495
1460091600 10 437 11 495
1460089800 10 416 11 450
1460088000 10 442 10 503
1460086200 10 429 11 483
1460084400 10 426 11 485
1460082600 10 446 11 485
1460080800 10 422 10 470
1460079000 10 458 12 508
1460077200 10 515 11 580
1460075400 10 483 11 580
1460073600 10 490 10 544
1460071800 10 507 11 580
1460070000 10 526 11 571
1460068200 10 550 11 787
1460066400 10 595 10 676
1460064600 10 807 11 1049
1460062800 170 1085 974 1751
1460061000 934 1886 4240 4298
1460059200 6873 20981 13260 153292
1460057400 7768 99252 15393 420191
1460055600 8543 103407 15393 420191
1460053800 7461 98366 8502 121456
1460052000 8918 16309 22388 57021
1460050200 6897 20371 12487 65981
1460048400 11610 50095 28585 103871
1460046600 1503 6914 5650 17791
1460044800 5537 36116 9070 128594
1460043000 8400 109963 13268 379085
1460041200 6123 79513 13268 379085
1460039400 60 2008 863 5883
1460037600 2674 15364 5439 40941
1460035800 4416 25186 10006 80849
1460034000 4519 38602 14627 154286
1460032200 10 884 11 1146
1460030400 10 560 10 940
1460028600 10 438 10 466
1460026800 10 459 10 530
1460025000 10 443 10 473
1460023200 10 434 10 468
1460021400 10 425 10 448
1460019600 10 429 10 456
1460017800 10 440 10 495
1460016000 10 427 10 452
1460014200 10 443 11 524
1460012400 10 430 11 449
1460010600 10 425 10 447
1460008800 9 439 10 467
1460007000 10 431 10 467
1460005200 10 413 10 439
1460003400 10 443 11 479
1460001600 10 433 10 483
1459999800 10 433 10 490
1459998000 10 421 10 454
1459996200 10 443 10 494
1459994400 10 427 10 462
1459992600 10 440 12 466
1459990800 10 424 10 452
1459989000 10 430 10 440
1459987200 10 445 10 474
1459985400 10 417 10 464
1459983600 10 412 11 450
1459981800 10 469 10 526
1459980000 10 566 10 675
1459978200 10 971 10 1308
1459976400 10 1117 10 1291
1459974600 10 1203 10 1555
1459972800 10 1290 10 1895
1459971000 10 1076 10 1377
1459969200 10 1243 10 1512
1459967400 10 1033 10 1098
1459965600 10 1104 10 1204
1459963800 10 942 10 1160
1459962000 10 963 11 1160
1459960200 10 1002 11 1416
1459958400 10 824 10 919
1459956600 10 823 11 997
1459954800 10 768 11 880
1459953000 10 831 10 1080
1459951200 10 844 10 1095
1459949400 10 1024 12 1514
1459947600 10 972 10 1232
1459945800 10 755 10 1268
1459944000 10 555 10 918
1459942200 10 491 10 539
1459940400 10 520 10 566
1459938600 10 485 10 509
1459936800 10 473 10 502
1459935000 10 505 11 541
1459933200 10 486 10 537
1459931400 10 480 10 508
1459929600 10 502 10 529
1459927800 10 511 11 679
1459926000 10 484 11 538
1459924200 10 499 10 620
1459922400 10 496 10 537
1459920600 10 478 10 525
1459918800 10 483 10 539
1459917000 10 493 11 539
1459915200 10 476 11 538
1459913400 10 484 10 514
1459911600 10 493 11 558
1459909800 10 491 11 534
1459908000 10 482 11 578
1459906200 10 482 12 578
1459904400 10 486 11 562
1459902600 10 481 11 529
1459900800 10 488 11 589
1459899000 10 490 10 542
1459897200 10 484 10 503
1459895400 11 536 28 603
1459893600 10 532 10 562
1459891800 10 740 10 1160
1459890000 10 943 10 1185
1459888200 10 943 10 1087
1459886400 370 1623 2712 4328
1459884600 2972 8258 8973 30049
1459882800 2131 13684 7165 83283
1459881000 3191 19839 7165 83283
1459879200 2586 11391 5317 108535
1459877400 4271 14982 16727 108535
1459875600 2922 24098 4230 63298
1459873800 2950 5172 9450 18608
1459872000 1014 1944 2252 3421
1459870200 10 982 10 1106
1459868400 2846 7814 4931 29125
1459866600 2696 12664 5494 32522
1459864800 1878 11423 3681 40845
1459863000 4152 16272 9029 40647
1459861200 3101 23586 7488 56140
1459859400 444 1506 558 2193
1459857600 445 909 538 1325
1459855800 445 907 602 1325
1459854000 479 1369 583 3777
1459852200 541 1069 774 1832
1459850400 440 1009 534 1667
1459848600 432 1253 553 3565
1459846800 441 865 664 1209
1459845000 430 972 548 1664
1459843200 465 868 781 1248
1459841400 8223 1101 134404 5819
1459839600 14957 1405 134404 5819
1459837800 426 837 491 968
1459836000 446 919 505 1118
1459834200 430 845 540 965
1459832400 442 877 650 1166
1459830600 392 815 512 917
1459828800 337 804 450 1127
1459827000 293 705 397 799
1459825200 446 1322 889 3472
1459823400 347 776 889 1173
1459821600 337 820 441 1089
1459819800 337 725 385 786
1459818000 398 1116 545 1737
1459816200 381 872 471 1104
1459814400 539 1942 799 6911
1459812600 542 921 994 1280
1459810800 414 838 551 962
1459809000 612 1082 1831 1714
1459807200 473 1087 602 1974
1459805400 451 1145 777 1974
1459803600 529 1580 1644 4229
1459801800 603 10266 3885 68336
1459800000 3457 26737 6328 68336
1459798200 2004 15698 3264 57125
1459796400 4259 69615 13364 351401
1459794600 1771 8842 3849 51651
1459792800 4118 15560 7120 51651
1459791000 24 886 283 1259
1459789200 4845 40255 10464 90513
1459787400 5834 39279 13303 90513
1459785600 2915 15657 5150 43680
1459783800 3709 97362 7532 271911
1459782000 3318 61223 5271 151635
1459780200 2735 13027 6720 36320
1459778400 3130 14907 6720 31477
1459776600 1414 10436 5930 34177
1459774800 680 1852 1876 4090
1459773000 270 1040 387 1617
1459771200 261 673 461 991
1459769400 340 948 488 1932
1459767600 281 739 488 1008
1459765800 571 984 1274 1561
1459764000 289 848 489 1733
1459762200 316 700 450 783
1459760400 386 742 1481 1329
1459758600 411 773 1481 1329
1459756800 287 688 463 899
1459755000 8154 1320 134096 5677
1459753200 14839 1248 134096 5677
1459751400 261 665 415 736
1459749600 265 683 482 841
1459747800 295 727 482 866
1459746000 276 709 436 769
1459744200 297 719 436 859
1459742400 272 670 415 779
1459740600 316 923 522 1991
1459738800 285 675 522 794
1459737000 334 793 612 1105
1459735200 609 926 1649 1510
1459733400 606 930 1915 1884
1459731600 291 693 580 942
1459729800 339 759 580 968
1459728000 592 889 2016 1858
1459726200 24998 6549 147038 19703
1459724400 10 371 10 395
1459722600 10 383 10 432
1459720800 10 385 10 440
1459719000 10 378 10 426
1459717200 10 378 10 412
1459715400 10 383 10 412
1459713600 10 383 10 418
1459711800 10 381 10 417
1459710000 10 376 10 405
1459708200 10 378 10 409
1459706400 10 390 10 433
1459704600 10 377 10 418
1459702800 10 374 10 448
1459701000 10 408 10 464
1459699200 10 397 10 444
1459697400 10 395 10 460
1459695600 10 411 10 492
1459693800 10 406 10 451
1459692000 10 379 10 404
1459690200 10 371 12 404
1459688400 10 378 10 436
1459686600 10 381 10 420
1459684800 10 373 10 386
1459683000 10 383 10 423
1459681200 10 381 10 422
1459679400 10 378 10 403
1459677600 10 411 10 482
1459675800 10 372 10 417
1459674000 10 383 10 411
1459672200 10 396 10 427
1459670400 10 382 10 408
1459668600 10 390 11 454
1459666800 10 384 11 399
1459665000 10 380 10 405
1459663200 10 373 10 430
1459661400 10 389 10 449
1459659600 10 378 10 452
1459657800 10 394 11 456
1459656000 10 400 11 415
1459654200 10 388 10 414
1459652400 10 405 10 464
1459650600 10 428 10 496
1459648800 10 401 10 469
1459647000 10 387 12 422
1459645200 10 379 10 422
1459643400 10 396 10 484
1459641600 10 380 10 420
1459639800 10 369 10 386
1459638000 10 375 10 431
1459636200 10 380 10 420
1459634400 10 380 10 445
1459632600 10 384 10 479
1459630800 10 383 10 442
1459629000 10 375 11 412
1459627200 10 385 11 454
1459625400 10 387 10 430
1459623600 10 366 10 387
1459621800 10 375 10 400
1459620000 10 383 10 410
1459618200 10 381 10 432
1459616400 10 379 10 452
1459614600 10 397 10 444
1459612800 10 411 10 449
1459611000 10 399 10 449
1459609200 10 369 10 413
1459607400 10 407 10 461
1459605600 10 388 10 417
1459603800 10 380 12 417
1459602000 10 361 10 417
1459600200 10 382 10 423
1459598400 10 382 10 414
1459596600 10 366 10 402
1459594800 10 375 10 402
1459593000 10 380 10 413
1459591200 10 381 10 417
1459589400 10 364 10 417
1459587600 10 386 10 447
1459585800 10 377 10 400
1459584000 10 376 10 424
1459582200 10 372 10 443
1459580400 10 366 10 400
1459578600 10 374 10 409
1459576800 10 381 10 438
1459575000 10 371 11 388
1459573200 10 382 10 441
1459571400 10 388 11 490
1459569600 10 374 10 407
1459567800 10 371 10 408
1459566000 10 384 10 467
1459564200 10 388 10 426
1459562400 10 382 10 437
1459560600 10 399 12 455
1459558800 10 385 10 423
1459557000 10 396 10 418
1459555200 10 409 10 490
1459553400 10 391 10 442
1459551600 10 387 10 443
1459549800 353 1584 657 6126
1459548000 462 943 552 1098
1459546200 457 1050 558 1274
1459544400 470 1454 567 2121
1459542600 494 1815 559 3015
1459540800 473 1622 552 1830
1459539000 524 2528 644 5219
1459537200 3038 19685 6191 67557
1459535400 2493 14310 4255 67557
1459533600 2305 12698 4933 23960
1459531800 2314 10189 5601 38463
1459530000 3235 55811 7706 175092
1459528200 1669 7172 4674 30386
1459526400 10 1100 10 1266
1459524600 31 1383 383 8135
1459522800 3673 86339 4959 122441
1459521000 3293 52756 5485 134846
1459519200 4151 42469 10186 188653
1459517400 5891 86796 18020 188653
1459515600 26633 31194 139146 104857
1459513800 10 1015 10 1293
1459512000 10 791 10 1283
1459510200 10 618 10 1269
1459508400 10 504 10 562
1459506600 10 484 10 531
1459504800 10 486 10 547
1459503000 10 474 10 524
1459501200 10 492 10 558
1459499400 10 487 10 546
1459497600 10 487 10 508
1459495800 10 486 11 519
1459494000 10 524 11 601
1459492200 10 567 11 748
1459490400 9 487 11 523
1459488600 10 480 10 522
1459486800 10 477 10 526
1459485000 10 496 11 530
1459483200 10 483 10 551
1459481400 10 535 11 570
1459479600 10 547 10 586
1459477800 10 550 10 578
1459476000 10 545 11 590
1459474200 10 544 12 590
1459472400 10 547 11 588
1459470600 10 550 11 577
1459468800 10 531 11 568
1459467000 10 536 11 572
1459465200 10 536 10 576
1459463400 10 557 10 777
1459461600 10 634 10 911
1459459800 10 740 10 1101
1459458000 10 909 10 1182
1459456200 3640 55021 6102 129562
1459454400 3173 47125 4652 108247
1459452600 2669 22005 5072 64557
1459450800 3047 75329 9387 361721
1459449000 2899 72010 8659 390144
1459447200 2200 29824 5567 113915
1459445400 6349 106305 10614 317315
1459443600 6301 124698 10614 317315
1459441800 3474 8256 15678 34939
1459440000 1358 1600 9877 2955
1459438200 619 2215 1653 6622
1459436400 1441 4374 2195 20881
1459434600 4792 98844 10897 235551
1459432800 5954 61533 13254 230573
1459431000 4656 7133 13254 17218
1459429200 3261 26319 8138 79772
1459427400 342 1207 1473 1719
1459425600 488 1078 1473 1719
1459423800 297 829 386 970
1459422000 320 913 589 1660
1459420200 434 983 862 1483
1459418400 583 999 1827 1825
1459416600 318 997 447 1952
1459414800 360 901 447 1952
1459413000 521 952 896 1127
1459411200 378 773 806 883
1459409400 7839 1089 133300 5936
1459407600 14971 1275 133300 5936
1459405800 313 940 385 1763
1459404000 328 800 453 1177
1459402200 445 872 752 1125
1459400400 393 821 759 1198
1459398600 524 1591 1060 4764
1459396800 556 949 1670 1555
1459395000 339 820 459 983
1459393200 363 864 519 1858
1459391400 615 2937 3064 11238
1459389600 344 994 3064 5206
1459387800 10 471 12 503
1459386000 10 475 10 511
1459384200 10 486 10 554
1459382400 10 466 10 480
1459380600 10 476 10 515
1459378800 10 465 10 501
1459377000 10 493 10 518
1459375200 10 560 10 904
1459373400 10 590 10 786
1459371600 2637 22360 10356 65794
1459369800 3730 39049 15243 198503
1459368000 2084 15564 4053 38447
1459366200 1651 9722 3482 32953
1459364400 2808 22958 4274 36288
1459362600 3471 117643 8947 388564
1459360800 2572 49598 5276 137425
1459359000 2067 11452 4160 31977
1459357200 2081 22143 5138 88362
1459355400 6599 12074 31173 43900
1459353600 1523 8589 3701 49499
1459351800 2692 15894 4148 49499
1459350000 24555 13524 71849 21090
1459348200 3551 12376 20434 43793
1459346400 1542 10955 4243 45502
1459344600 6175 105461 9618 170906
1459342800 3136 43598 7244 170906
1459341000 10 892 10 1174
1459339200 10 538 10 1375
1459332000 10 435 10 514
1459324800 10 435 11 518
1459317600 10 431 11 464
1459310400 10 434 10 526
1459303200 10 454 12 510
1459296000 10 477 10 621
1459288800 946 14773 8098 233323
1459281600 3232 44966 11108 211655
1459274400 56407 54393 1092901 412268
1459267200 150991 130163 1618396 1687325
1459260000 8332 36983 134003 237135
1459252800 10 449 11 764
1459245600 10 387 10 454
1459238400 10 383 11 438
1459231200 10 383 11 445
1459224000 10 390 11 456
1459216800 10 401 12 482
1459209600 10 437 10 490
1459202400 832 5367 6099 49076
1459195200 3813 32299 10734 155299
1459188000 4220 65379 19095 345950
1459180800 2835 44693 9826 416945
1459173600 8736 34603 135990 237302
1459166400 10 501 10 1211
1459159200 10 392 10 443
1459152000 10 396 11 464
1459144800 10 390 11 435
1459137600 10 392 11 475
1459130400 10 396 12 458
1459123200 10 391 10 434
1459116000 10 393 10 452
1459108800 10 392 10 492
1459101600 10 398 10 488
1459094400 10 389 10 449
1459087200 10 391 12 461
1459080000 10 398 10 471
1459072800 10 391 10 429
1459065600 10 389 11 440
1459058400 10 393 11 442
1459051200 10 391 10 450
1459044000 10 390 12 450
1459036800 10 387 10 467
1459029600 10 390 10 447
1459022400 10 390 10 443
1459015200 10 389 10 437
1459008000 10 389 10 458
1459000800 10 399 12 505
1458993600 10 402 10 453
1458986400 10 407 10 487
1458979200 10 422 11 529
1458972000 10 413 21 523
1458964800 10 409 10 451
1458957600 10 403 12 473
1458950400 10 406 10 454
1458943200 10 425 10 565
1458936000 10 425 10 597
1458928800 10 415 10 478
1458921600 10 426 10 627
1458914400 10 429 12 651
1458907200 10 412 10 476
1458900000 10 412 10 472
1458892800 10 422 11 570
1458885600 10 432 11 627
1458878400 10 454 11 735
1458871200 10 413 12 459
1458864000 10 425 10 592
1458856800 10 804 10 1615
1458849600 10 1093 10 2136
1458842400 10 918 10 1241
1458835200 10 905 10 1223
1458828000 10 914 12 2869
1458820800 10 496 10 683
1458813600 10 449 10 539
1458806400 10 459 11 600
1458799200 10 450 11 598
1458792000 10 445 11 574
1458784800 10 441 12 541
1458777600 10 442 10 535
1458770400 710 4143 7191 46317
1458763200 3009 25995 13729 137640
1458756000 3114 17120 41728 127690
1458748800 3291 37870 11298 290895
1458741600 7138 17121 137852 105212
1458734400 10 573 11 1009
1458727200 10 513 10 564
1458720000 10 515 11 565
1458712800 10 518 11 602
1458705600 10 566 10 700
1458698400 10 526 12 686
1458691200 10 552 10 764
1458684000 1227 8623 9495 94075
1458676800 1938 8995 6634 47767
1458669600 890 3878 9820 33564
1458662400 2596 45828 11810 472830
1458655200 8565 57155 132890 473847
1458648000 10 656 10 1017
1458640800 10 588 10 643
1458633600 10 582 11 699
1458626400 10 584 11 657
1458619200 10 575 11 665
1458612000 10 624 12 677
1458604800 10 637 11 784
1458597600 40 984 769 2112
1458590400 1327 32404 12502 522729
1458583200 2453 25596 7906 245319
1458576000 698 2200 3743 6827
1458568800 7188 12313 135440 120170
1458561600 10 412 11 691
1458554400 10 328 11 436
1458547200 10 337 11 439
1458540000 10 345 11 451
1458532800 10 334 11 395
1458525600 10 374 12 660
1458518400 10 338 11 400
1458511200 10 321 11 444
1458504000 10 318 11 388
1458496800 10 351 11 537
1458489600 10 327 11 434
1458482400 10 304 12 378
1458475200 10 262 11 427
1458468000 10 241 11 297
1458460800 10 244 11 299
1458453600 10 259 11 354
1458446400 10 237 11 308
1458439200 10 256 12 380
1458432000 10 247 10 334
1458424800 10 240 10 368
1458417600 10 235 10 293
1458410400 10 243 11 314
1458403200 10 238 11 323
1458396000 10 232 12 285
1458388800 10 231 10 302
1458381600 10 235 10 305
1458374400 10 236 11 291
1458367200 10 232 11 297
1458360000 10 243 11 315
1458352800 10 249 12 321
1458345600 10 373 11 1152
1458338400 10 599 11 1567
1458331200 10 958 11 1468
1458324000 10 950 11 1409
1458316800 10 936 11 1593
1458309600 10 1071 12 1593
1458302400 10 623 11 1146
1458295200 10 515 11 576
1458288000 10 533 11 774
1458280800 10 545 17 1500
1458273600 10 498 11 595
1458266400 10 495 12 771
1458259200 10 547 11 714
1458252000 1792 16717 10237 384503
1458244800 1904 37346 10237 384503
1458237600 2821 20695 22179 74375
1458230400 2613 45157 10358 268823
1458223200 1501 23459 5471 144498
1458216000 306 940 1570 6427
1458208800 231 578 682 790
1458201600 5611 804 129586 5567
1458194400 202 572 308 845
1458187200 404 6667 2806 105830
1458180000 10 385 12 453
1458172800 10 365 10 428
1458165600 1775 18040 5936 86074
1458158400 1337 5292 3473 22407
1458151200 1520 6431 17992 48594
1458144000 332 1229 876 1699
1458136800 6243 6914 134247 49210
1458129600 10 472 10 806
1458122400 10 422 10 509
1458115200 10 423 11 504
1458108000 10 415 14 506
1458100800 10 438 11 654
1458093600 10 385 12 503
1458086400 10 382 11 618
1458079200 539 1777 2875 8988
1458072000 1064 3320 3689 15829
1458064800 2432 21847 15706 126164
1458057600 5253 9678 36321 42804
1458050400 1928 50165 22308 860290
1458043200 10 494 11 695
1458036000 10 470 11 623
1458028800 10 452 11 603
1458021600 10 439 11 484
1458014400 10 431 11 564
1458007200 10 405 12 482
1458000000 10 468 11 799
1457992800 580 2388 1915 17071
1457985600 1003 6986 3569 51185
1457978400 971 11325 5891 89510
1457971200 759 2841 3449 17835
1457964000 81 918 962 2051
1457956800 57 666 213 5313
1457949600 50 400 109 624
1457942400 5431 593 129706 5226
1457935200 71 399 570 666
1457928000 47 390 157 606
1457920800 44 391 116 519
1457913600 47 398 118 607
1457906400 49 402 127 724
1457899200 53 419 127 862
1457892000 54 413 151 923
1457884800 57 489 356 2852
1457877600 60 550 229 4184
1457870400 70 402 512 732
1457863200 1822 522 128809 5409
1457856000 3694 514 128809 5409
1457848800 46 366 96 617
1457841600 59 387 230 700
1457834400 47 360 100 498
1457827200 56 390 221 648
1457820000 61 390 289 942
1457812800 49 480 210 2934
1457805600 101 504 808 3510
1457798400 46 371 170 637
1457791200 43 359 126 543
1457784000 55 380 358 954
1457776800 4360 560 128670 5171
1457769600 1116 399 128670 5171
1457762400 46 363 175 609
1457755200 46 379 189 675
1457748000 50 413 173 1748
1457740800 308 1609 7373 53149
1457733600 1136 17500 7557 251146
1457726400 27 891 256 1329
1457719200 195 918 3746 2717
1457712000 709 1802 21156 8585
1457704800 2868 4829 33575 47944
1457697600 10 330 11 449
1457690400 10 318 11 361
1457683200 10 322 12 396
1457676000 10 320 11 406
1457668800 10 317 11 469
1457661600 10 293 11 338
1457654400 10 396 11 916
1457647200 2147 13123 9097 73683
1457640000 14210 16772 281965 62489
1457632800 8637 10422 71102 20646
1457625600 32217 15717 611046 49831
1457618400 1240 8298 9595 61978
1457611200 10 327 11 501
1457604000 10 319 11 389
1457596800 10 319 14 385
1457589600 10 383 11 694
1457582400 10 309 11 423
1457575200 10 348 11 672
1457568000 10 468 11 780
1457560800 24727 10923 504001 61778
1457553600 12747 18103 165541 74192
1457546400 5114 13220 31540 23831
1457539200 13826 12282 185698 38013
1457532000 2780 14651 36823 163280
1457524800 10 372 11 611
1457517600 10 370 11 532
1457510400 10 377 12 482
1457503200 10 374 11 421
1457496000 10 346 10 561
1457488800 10 351 11 444
1457481600 9 392 11 921
1457474400 9 754 11 1075
1457467200 10 762 12 1140
1457460000 16400 5541 359779 22376
1457452800 526 2514 2425 11141
1457445600 3954 8435 64631 62009
1457438400 10 347 10 489
1457431200 10 356 11 516
1457424000 9 345 12 438
1457416800 10 349 11 538
1457409600 10 371 11 498
1457402400 10 429 10 640
1457395200 10 517 11 936
1457388000 1402 8559 6719 87372
1457380800 1672 2790 17765 38029
1457373600 2955 16932 10389 81266
1457366400 33504 13440 591510 81266
1457359200 1225 13006 11556 219062
1457352000 10 292 11 426
1457344800 10 286 11 354
1457337600 10 286 12 358
1457330400 10 282 11 307
1457323200 10 280 11 335
1457316000 10 281 11 351
1457308800 10 284 11 343
1457301600 10 282 11 376
1457294400 10 285 12 335
1457287200 10 286 11 335
1457280000 10 291 11 429
1457272800 10 281 11 353
1457265600 10 285 11 349
1457258400 10 282 11 356
1457251200 10 300 12 515
1457244000 10 279 11 345
1457236800 10 277 11 318
1457229600 10 274 11 329
1457222400 10 272 11 326
1457215200 10 276 11 340
1457208000 10 274 12 356
1457200800 10 283 11 462
1457193600 10 276 11 325
1457186400 10 275 11 335
1457179200 10 272 11 322
1457172000 10 278 11 352
1457164800 10 278 12 330
1457157600 10 281 11 342
1457150400 10 281 11 343
1457143200 10 281 11 339
1457136000 10 357 11 590
1457128800 10 710 11 1192
1457121600 10 805 12 1072
1457114400 10 827 11 1097
1457107200 10 878 11 1361
1457100000 10 626 11 1361
1457092800 10 355 11 466
1457085600 10 355 11 411
1457078400 10 351 14 1243
1457071200 10 352 11 421
1457064000 10 389 11 620
1457056800 10 398 11 488
1457049600 10 435 11 598
1457042400 6631 8837 83617 29287
1457035200 3309 17549 7161 47210
1457028000 3551 17401 8936 65264
1457020800 18946 23817 297679 75978
1457013600 1387 8664 6739 52168
1457006400 10 336 11 439
1456999200 10 324 11 383
1456992000 10 337 12 477
1456984800 10 330 11 401
1456977600 10 333 11 383
1456970400 10 361 11 415
1456963200 10 353 11 443
1456956000 1669 13389 8108 118832
1456948800 2755 21072 7104 95431
1456941600 5069 37944 19693 313291
1456934400 3493 3244 53489 21283
1456927200 160 830 5172 14773
1456920000 10 239 10 325
1456912800 10 246 10 566
1456905600 10 236 12 306
1456898400 10 230 11 288
1456891200 10 232 10 299
1456884000 10 234 10 299
1456876800 10 273 10 575
1456869600 1721 19729 8628 162433
1456862400 4100 27468 9183 88704
1456855200 2778 12482 36289 165427
1456848000 19612 24779 339318 187760
1456840800 9552 6473 205395 48084
1456833600 10 334 10 399
1456826400 10 324 10 355
1456819200 10 329 12 370
1456812000 10 329 11 382
1456804800 10 332 10 402
1456797600 10 331 10 372
1456790400 10 405 10 761
1456783200 10 778 10 1219
1456776000 10 784 12 1079
1456768800 852 2097 6527 9847
1456761600 243104 13326 4647748 177278
1456754400 1347 9578 12863 132957
1456747200 10 264 10 356
1456740000 10 259 10 315
1456732800 9 261 12 314
1456725600 10 260 11 326
1456718400 10 256 10 292
1456711200 10 261 10 368
1456704000 10 256 10 323
1456696800 10 260 10 305
1456689600 10 258 12 317
1456682400 10 260 10 346
1456675200 10 264 11 346
1456668000 10 303 11 368
1456660800 10 308 11 372
1456653600 10 289 11 372
1456646400 10 257 12 318
1456639200 10 260 11 335
1456632000 10 263 10 360
1456624800 10 260 10 326
1456617600 10 256 10 307
1456610400 10 260 10 313
1456603200 10 255 12 348
1456596000 10 288 10 455
1456588800 10 338 10 511
1456581600 10 258 10 307
1456574400 10 256 10 310
1456567200 10 259 11 315
1456560000 10 257 16 314
1456552800 10 259 11 302
1456545600 10 258 10 299
1456538400 10 261 10 304
1456531200 10 314 10 478
1456524000 61132 8313 1124342 69194
1456516800 1260 2796 11355 12419
1456509600 1273 4337 13590 18376
1456502400 216620 12737 3594249 135792
1456495200 635 3469 6813 30091
1456488000 83 571 150 994
1456480800 140 756 1228 4668
1456473600 170 628 1278 1597
1456466400 143 615 1231 1527
1456459200 94 569 1245 1605
1456452000 8392 1586 194582 8005
1456444800 241 1070 1446 8071
1456437600 361 1276 2263 3208
1456430400 12091 4534 282498 27091
1456423200 1834 10338 5138 14641
1456416000 35940 15102 780667 106146
1456408800 820 5661 7874 41003
1456401600 10 524 10 607
1456394400 10 522 10 598
1456387200 10 507 12 597
1456380000 10 486 11 695
1456372800 10 481 10 605
1456365600 10 548 11 726
1456358400 10 847 11 1069
1456351200 920 5118 6193 47466
1456344000 2751 7453 13765 53582
1456336800 901 2855 4560 7905
1456329600 50460 6023 1155309 50424
1456322400 513 2136 4318 13419
1456315200 10 466 10 676
1456308000 10 456 10 561
1456300800 10 455 12 552
1456293600 10 469 11 630
1456286400 10 484 11 624
1456279200 10 488 11 688
1456272000 10 608 11 1077
1456264800 1734 11486 5339 49513
1456257600 6491 193158 50254 1950118
1456250400 2793 15243 9121 74080
1456243200 40213 10766 889273 74080
1456236000 1632 7236 7842 40021
1456228800 10 342 11 463
1456221600 10 345 10 381
1456214400 9 358 12 478
1456207200 10 371 11 494
1456200000 10 478 11 740
1456192800 10 477 11 595
1456185600 10 537 10 890
1456178400 397 2157 3389 10257
1456171200 655 2955 2083 10959
1456164000 1390 3795 6959 14303
1456156800 25598 12115 586710 219620
1456149600 666 2637 7199 24319
1456142400 10 351 10 402
1456135200 10 363 11 458
1456128000 10 359 12 463
1456120800 10 352 11 412
1456113600 10 348 10 399
1456106400 10 349 10 425
1456099200 10 352 10 425
1456092000 10 352 10 412
1456084800 10 351 12 410
1456077600 10 354 10 398
1456070400 10 347 10 410
1456063200 10 337 10 380
1456056000 10 336 10 374
1456048800 10 337 11 393
1456041600 10 336 16 413
1456034400 10 338 11 397
1456027200 10 337 10 393
1456020000 10 336 10 393
1456012800 10 341 10 384
1456005600 10 338 10 367
1455998400 10 338 12 388
1455991200 10 339 10 384
1455984000 10 341 10 409
1455976800 10 335 10 366
1455969600 10 338 10 394
1455962400 10 337 11 406
1455955200 10 341 12 408
1455948000 10 350 11 469
1455940800 10 349 10 401
1455933600 10 357 10 410
1455926400 10 384 10 570
1455919200 10 806 10 1208
1455912000 10 854 12 1006
1455904800 343 2074 2105 15599
1455897600 88817 22599 2056045 114764
1455890400 10 712 10 1587
1455883200 10 448 10 693
1455876000 10 428 11 482
1455868800 9 430 12 556
1455861600 10 425 11 460
1455854400 10 482 10 631
1455847200 10 491 27 559
1455840000 1112 4818 5889 18501
1455832800 2649 12076 8378 28257
1455825600 2464 12323 4924 22798
1455818400 2201 11642 12629 77373
1455811200 54362 15518 1157054 63010
1455804000 1021 6700 4584 29937
1455796800 10 445 11 526
1455789600 10 439 11 505
1455782400 10 429 12 492
1455775200 10 439 11 555
1455768000 10 479 11 565
1455760800 10 481 11 568
1455753600 10 583 11 859
1455746400 1441 7408 5163 19458
1455739200 3306 22923 8500 83759
1455732000 2048 13503 4431 46119
1455724800 24122 13774 411868 49048
1455717600 540 4407 4587 38022
1455710400 10 455 10 530
1455703200 10 463 11 520
1455696000 10 465 12 544
1455688800 10 472 11 622
1455681600 10 483 10 566
1455674400 10 492 10 668
1455667200 467 2110 6201 28419
1455660000 2938 17405 7525 75633
1455652800 2368 14689 7278 48112
1455645600 2233 12261 6378 21651
1455638400 9380 11500 134343 36077
1455631200 1102 6369 7322 78281
1455624000 10 272 10 364
1455616800 10 270 11 341
1455609600 10 267 12 333
1455602400 10 311 10 476
1455595200 10 324 10 832
1455588000 10 260 10 313
1455580800 10 274 10 330
1455573600 10 271 10 321
1455566400 10 268 12 314
1455559200 10 269 10 435
1455552000 10 268 10 353
1455544800 10 258 10 315
1455537600 10 262 10 328
1455530400 10 262 11 338
1455523200 10 262 12 321
1455516000 10 263 11 331
1455508800 10 259 10 328
1455501600 10 260 10 305
1455494400 10 258 10 305
1455487200 10 260 10 321
1455480000 10 258 12 337
1455472800 10 256 10 304
1455465600 10 262 10 316
1455458400 10 263 10 327
1455451200 10 261 10 357
1455444000 10 281 11 480
1455436800 10 262 12 367
1455429600 10 250 10 460
1455422400 10 229 10 283
1455415200 10 234 10 310
1455408000 10 232 10 276
1455400800 10 232 10 302
1455393600 10 246 12 321
1455386400 10 230 10 283
1455379200 10 242 10 301
1455372000 10 254 10 481
1455364800 10 291 10 431
1455357600 10 406 11 800
1455350400 9 305 11 383
1455343200 10 335 10 517
1455336000 10 341 10 505
1455328800 10 343 10 607
1455321600 10 421 10 707
1455314400 435 3671 3830 32731
1455307200 1270 6466 5267 25791
1455300000 1874 6492 8368 44312
1455292800 39027 13106 890892 199645
1455285600 10 672 10 1963
1455278400 10 290 10 399
1455271200 10 292 11 402
1455264000 10 281 12 326
1455256800 10 287 11 352
1455249600 10 290 11 368
1455242400 10 333 10 466
1455235200 11 490 169 991
1455228000 2330 14734 15043 99025
1455220800 2057 12626 5079 29722
1455213600 7980 18444 13953 33949
1455206400 42642 14039 929275 31612
1455199200 8929 5084 198975 44798
1455192000 10 232 10 277
1455184800 10 285 11 773
1455177600 10 235 12 314
1455170400 10 272 11 523
1455163200 10 276 10 390
1455156000 10 287 10 355
1455148800 337 2296 2131 12048
1455141600 4179 14040 12809 28830
1455134400 2116 12150 8804 27985
1455127200 2328 16530 6324 48554
1455120000 23706 29442 487672 404893
1455112800 9 569 11 1027
1455105600 10 251 11 355
1455098400 10 302 11 787
1455091200 10 294 12 435
1455084000 10 362 10 586
1455076800 10 387 10 529
1455069600 10 452 10 914
1455062400 137 922 2733 10883
1455055200 1998 11670 4510 25039
1455048000 2215 12845 4836 24321
1455040800 3052 14531 10441 29762
1455033600 15294 10593 268893 29762
1455026400 9200 6162 197590 32407
1455019200 10 309 12 402
1454976000 1971 4619 338172 93275
1454889600 10 233 14 417
1454803200 10 228 12 352
1454716800 18515 5809 4305182 172469
1454630400 11363 5110 1852303 88050
1454544000 14759 5229 2743984 103502
1454457600 3528 7057 641708 172101
1454371200 1601 2926 242001 65190
1454284800 10 289 12 350
1454198400 9 289 12 458
1454112000 10 486 12 1344
1454025600 475 2958 9070 39237
1453939200 7501 1877 1841436 91211
1453852800 101487 12529 7712604 1607979
1453766400 1616 3765 171968 223654
1453680000 9 267 12 338
1453593600 10 267 12 342
1453507200 3699 4426 619412 42343
1453420800 14690 6351 1195669 86205
1453334400 4542 16488 881362 1637866
1453248000 3991 1110 509322 36016
1453161600 921 882 158933 29873
1453075200 10 243 12 394
1452988800 9 211 12 295
1452902400 10 475 12 1268
1452816000 2780 1873 571209 169321
1452729600 1224 4137 155948 211926
1452643200 2919 6030 466383 95532
1452556800 4289 3433 474915 87486
1452470400 10 248 12 706
1452384000 10 314 11 5606
1452297600 7349 5721 621435 443341
1452211200 4353 4915 594370 166898
1452124800 6289 6453 991545 84707
1452038400 2794 4706 390438 157171
1451952000 1906 5817 162088 90945
1451865600 10 249 12 573
1451779200 10 242 11 325
1451692800 10 244 40 402
1451606400 9842 8937 1266494 333944
1451520000 2352 4971 208329 155335
1451433600 1980 7022 164119 98882
1451347200 10 220 17 695
1451260800 10 188 12 269
1451174400 10 196 12 324
1451088000 10 186 12 262
1451001600 1417 2207 156934 61653
1450915200 2937 8768 152593 107238
1450828800 2307 5721 158260 169396
1450742400 2240 7718 160358 140851
1450656000 10 217 12 266
1450569600 10 226 12 347
1450483200 2255 7517 161165 426635
1450396800 1791 4747 161154 72637
1450310400 3170 8292 293982 149054
1450224000 7659 7462 881990 366440
1450137600 1300 3537 127276 82410
1450051200 9 389 12 446
1449964800 9 363 12 668
1449878400 2684 3844 251337 70533
1449792000 10360 7389 1253810 154150
1449705600 2151 12528 153648 1050229
1449619200 1439 4167 158651 101362
1449532800 2873 6446 163418 146360
1449446400 9 350 12 400
1449360000 10 349 12 416
1449273600 2055 5912 156767 216335
1449187200 10 616 12 1507
1449100800 1610 3798 155439 78125
1449014400 2260 7119 170156 397442
1448928000 1859 6387 155884 297347
1448841600 9 407 12 675
1448755200 10 409 12 676
1448668800 2337 7412 160823 90027
1448582400 2702 8980 157003 251571
1448496000 3106 12842 164951 869165
1448409600 3530 8799 153571 171040
1448323200 512 2602 14180 48225
1448236800 10 335 12 386
1448150400 10 335 12 381
1448064000 1759 5496 160642 138978
1447977600 10 651 12 1773
1447891200 10 670 12 2023
1447804800 9 724 12 1820
1447718400 9 764 12 1540
1447632000 10 569 12 674
1447545600 10 547 12 646
1447459200 1130 3367 159361 143455
1447372800 3755 9407 160261 147095
1447286400 2998 7636 225167 454091
1447200000 3740 8852 393879 234729
1447113600 4810 17877 306694 1263695
1447027200 10 387 12 660
1446940800 10 385 12 608
1446854400 3509 13060 271019 257596
1446768000 5404 8642 439525 279912
1446681600 1720 4993 154804 99491
1446595200 4136 3805 404371 85642
1446508800 1457 8729 149581 1317056
1446422400 10 457 12 613
1446336000 10 452 12 576
1446249600 4949 10197 289295 147593
1446163200 22464 13737 1346310 831480
1446076800 4304 10661 460304 1078095
1445990400 12119 9658 830909 204353
1445904000 4398 24805 496158 722768
1445817600 10 422 12 497
1445731200 10 428 26 612
1445644800 5059 13803 493663 338209
1445558400 1860 6910 132732 139274
1445472000 2604 3129 302031 89511
1445385600 3063 9789 151217 203961
1445299200 4553 11823 271414 218916
1445212800 10 480 12 588
1445126400 10 445 12 548
1445040000 10 668 12 1616
1444953600 2217 16199 114005 327320
1444867200 1702 6735 168274 295564
1444780800 2342 7783 87555 299110
1444694400 10 379 12 653
1444608000 9 400 12 912
1444521600 9 417 12 549
1444435200 2436 11925 129930 728491
1444348800 1804 6651 126287 81991
1444262400 3641 5579 413298 213106
1444176000 484 2870 9500 57541
1444089600 2965 5086 281420 116387
1444003200 10 488 12 593
1443916800 10 489 12 575
1443830400 1842 7733 102128 602156
1443744000 2638 8208 143572 79574
1443657600 2572 6887 213718 81740
1443571200 3836 7807 137556 172849
1443484800 3322 8135 273314 86055
1443398400 10 696 11 1098
1443312000 10 654 11 756
1443225600 7464 10814 858853 258086
1443139200 3550 3278 189991 113407
1443052800 2265 4380 244141 106769
1442966400 2595 6209 133376 204980
1442880000 1172 10784 93096 1747501
1442793600 10 566 12 842
1442707200 10 594 12 1361
1442620800 10 843 12 2488
1442534400 10 820 12 1448
1442448000 141389 5499 8656572 355352
1442361600 10 784 12 1729
1442275200 9 679 12 1635
1442188800 9 394 12 686
1442102400 10 468 12 974
1442016000 1989 4775 72023 372919
1441929600 2142 6878 115787 124884
1441843200 2952 8245 220631 106505
1441756800 855 6551 35644 290774
1441670400 9 441 12 496
1441584000 10 442 12 516
1441497600 10 434 12 857
1441411200 1744 2834 142839 47686
1441324800 1870 2566 113512 77885
1441238400 2019 4311 156721 151413
1441152000 2133 6120 125107 56597
1441065600 1594 3007 99897 91033
1440979200 10 442 12 517
1440892800 10 443 12 514
1440806400 2894 4854 297857 134295
1440720000 2955 6039 167149 272037
1440633600 6905 7603 1067226 223081
1440547200 17807 7075 1352628 794002
1440460800 3294 5088 536590 75764
1440374400 10 418 12 463
1440288000 10 421 12 522
1440201600 3730 4012 552955 69216
1440115200 4941 6045 880894 114800
1440028800 2097 9325 84734 124051
1439942400 2452 7121 180797 113935
1439856000 3946 8880 196791 169349
1439769600 9 405 12 459
1439683200 10 399 12 492
1439596800 1825 5554 80989 60788
1439510400 4101 8301 648616 110435
1439424000 2475 8696 223992 269574
1439337600 3907 9832 220700 116890
1439251200 4312 7631 642366 83192
1439164800 10 415 12 483
1439078400 10 422 12 513
1438992000 3789 4235 501833 186488
1438905600 2288 6530 261412 227325
1438819200 3103 7603 365982 1188980
1438732800 4244 23199 505374 2837754
1438646400 10 422 12 755
1438560000 249 500 66510 21682
1438473600 9 402 12 472
1438387200 3717 6686 648092 112988
1438300800 2826 3817 451420 72778
1438214400 2693 4200 228389 73865
1438128000 1282 3334 87118 69643
1438041600 1634 3982 168352 130987
1437955200 10 370 12 421
1437868800 10 379 12 958
1437782400 2012 4051 206826 59291
1437696000 2996 6093 314433 130585
1437609600 1607 7946 94653 318780
1437523200 1375 5354 91308 126463
1437436800 1243 3138 105522 52608
1437350400 8 380 12 440
1437264000 10 388 12 492
1437177600 1314 3044 76773 58189
1437091200 1407 4976 58411 164584
1437004800 1218 4296 93703 62449
1436918400 1657 1570 415093 164468
1436832000 314 2222 26021 327030
1436745600 10 365 12 453
1436659200 204 408 46137 2241
1436572800 4265 4067 547050 58183
1436486400 1710 4002 201290 106421
1436400000 1421 2574 143940 72387
1436313600 1394 6352 97914 154580
1436227200 1476 4340 93106 165038
1436140800 10 376 12 426
1436054400 10 378 12 581
1435968000 1320 7768 60350 214934
1435881600 2571 4928 281229 253619
1435795200 9 379 12 630
1435708800 1105 3625 77314 92446
1435622400 1047 3349 34701 87746
1435536000 608 1290 36018 10206
1435449600 831 1399 59332 15321
1435363200 12887 3793 3358165 105026
1435276800 2850 6286 392940 258039
1435190400 3400 3029 258041 68125
1435104000 2351 5002 217192 204389
1435017600 2751 4382 427948 240359
1434931200 10 363 12 570
1434844800 10 372 12 509
1434758400 1144 4771 61552 168274
1434672000 1109 5346 82475 251744
1434585600 1746 2701 265237 76447
1434499200 302 1404 24952 41289
1434412800 501 1526 46976 70167
1434326400 10 407 12 461
1434240000 10 411 12 503
1434153600 3649 2352 566632 36196
1434067200 1535 5768 181204 249155
1433980800 1679 4778 291542 288671
1433894400 978 2677 107602 66295
1433808000 622 2049 33798 45679
1433721600 10 269 12 356
1433635200 10 274 12 520
1433548800 1216 2355 85796 99708
1433462400 789 1949 42418 23845
1433376000 982 1778 72511 34974
1433289600 1149 2275 129753 45941
1433203200 2838 6807 171152 512984
1433116800 76 1032 4601 149023
1433030400 1164 36658 134084 6450700
1432944000 200 6538 23734 1040342
1432857600 191 2911 8863 260686
1432771200 2575 108468 180949 8496472
1432684800 15 600 940 6288
1432598400 26 905 3227 131736
1432512000 10 212 12 253
1432425600 10 235 124 961
1432339200 140 4955 18329 650720
1432252800 395 20165 73985 3994116
1432166400 10 489 12 1195
1432080000 25 525 4779 17625
1431993600 9 207 12 349
1431907200 9 201 12 250
1431820800 10 201 12 262
1431734400 10 450 12 1017
1431648000 9 497 12 1711
1431561600 10 466 12 1567
1431475200 10 459 12 1502
1431388800 17 579 113 2172
1431302400 26 480 27 582
1431216000 84 401 5161 5626
1431129600 112 611 5155 5017
1431043200 123 690 5071 10885
1430956800 318 1333 4963 44208
1430870400 862 2089 29107 116079
1430784000 900 3352 107155 287573
1430697600 10 204 12 269
1430611200 10 204 12 357
1430524800 10 514 12 1366
1430438400 213 763 44516 9219
1430352000 38 646 1888 2650
1430265600 0 0 0 0
1430179200 0 0 0 0
1430092800 0 0 0 0
1430006400 0 0 0 0
1429920000 0 0 0 0
1429833600 0 0 0 0
1429747200 0 0 0 0
1429660800 0 0 0 0
1429574400 0 0 0 0
1429488000 0 0 0 0
1429401600 0 0 0 0
1429315200 0 0 0 0
1429228800 0 0 0 0
1429142400 0 0 0 0
1429056000 0 0 0 0
1428969600 0 0 0 0
1428883200 0 0 0 0
1428796800 0 0 0 0
1428710400 0 0 0 0
1428624000 0 0 0 0
1428537600 0 0 0 0
1428451200 0 0 0 0
1428364800 0 0 0 0
1428278400 0 0 0 0
1428192000 0 0 0 0
1428105600 0 0 0 0
1428019200 0 0 0 0
1427932800 0 0 0 0
1427846400 0 0 0 0
1427760000 0 0 0 0
1427673600 0 0 0 0
1427587200 0 0 0 0
1427500800 0 0 0 0
1427414400 0 0 0 0
1427328000 0 0 0 0
1427241600 0 0 0 0
1427155200 0 0 0 0
1427068800 0 0 0 0
1426982400 0 0 0 0
1426896000 0 0 0 0
1426809600 0 0 0 0
1426723200 0 0 0 0
1426636800 0 0 0 0
1426550400 0 0 0 0
1426464000 0 0 0 0
1426377600 0 0 0 0
1426291200 0 0 0 0
1426204800 0 0 0 0
1426118400 0 0 0 0
1426032000 0 0 0 0
1425945600 0 0 0 0
1425859200 0 0 0 0
1425772800 0 0 0 0
1425686400 0 0 0 0
1425600000 0 0 0 0
1425513600 0 0 0 0
1425427200 0 0 0 0
1425340800 0 0 0 0
1425254400 0 0 0 0
1425168000 0 0 0 0
1425081600 0 0 0 0
1424995200 0 0 0 0
1424908800 0 0 0 0
1424822400 0 0 0 0
1424736000 0 0 0 0
1424649600 0 0 0 0
1424563200 0 0 0 0
1424476800 0 0 0 0
1424390400 0 0 0 0
1424304000 0 0 0 0
1424217600 0 0 0 0
1424131200 0 0 0 0
1424044800 0 0 0 0
1423958400 0 0 0 0
1423872000 0 0 0 0
1423785600 0 0 0 0
1423699200 0 0 0 0
1423612800 0 0 0 0
1423526400 0 0 0 0
1423440000 0 0 0 0
1423353600 0 0 0 0
1423267200 0 0 0 0
1423180800 0 0 0 0
1423094400 0 0 0 0
1423008000 0 0 0 0
1422921600 0 0 0 0
1422835200 0 0 0 0
1422748800 0 0 0 0
1422662400 0 0 0 0
1422576000 0 0 0 0
1422489600 0 0 0 0
1422403200 0 0 0 0
1422316800 0 0 0 0
1422230400 0 0 0 0
1422144000 0 0 0 0
1422057600 0 0 0 0
1421971200 0 0 0 0
1421884800 0 0 0 0
1421798400 0 0 0 0
1421712000 0 0 0 0
1421625600 0 0 0 0
1421539200 0 0 0 0
1421452800 0 0 0 0
1421366400 0 0 0 0
1421280000 0 0 0 0
1421193600 0 0 0 0
1421107200 0 0 0 0
1421020800 0 0 0 0
1420934400 0 0 0 0
1420848000 0 0 0 0
1420761600 0 0 0 0
1420675200 0 0 0 0
1420588800 0 0 0 0
1420502400 0 0 0 0
1420416000 0 0 0 0
1420329600 0 0 0 0
1420243200 0 0 0 0
1420156800 0 0 0 0
1420070400 0 0 0 0
1419984000 0 0 0 0
1419897600 0 0 0 0
1419811200 0 0 0 0
1419724800 0 0 0 0
1419638400 0 0 0 0
1419552000 0 0 0 0
1419465600 0 0 0 0
1419379200 0 0 0 0
1419292800 0 0 0 0
1419206400 0 0 0 0
1419120000 0 0 0 0
1419033600 0 0 0 0
1418947200 0 0 0 0
1418860800 0 0 0 0
1418774400 0 0 0 0
1418688000 0 0 0 0
1418601600 0 0 0 0
1418515200 0 0 0 0
1418428800 0 0 0 0
1418342400 0 0 0 0
1418256000 0 0 0 0
1418169600 0 0 0 0
1418083200 0 0 0 0
1417996800 0 0 0 0
1417910400 0 0 0 0
1417824000 0 0 0 0
1417737600 0 0 0 0
1417651200 0 0 0 0
1417564800 0 0 0 0
1417478400 0 0 0 0
1417392000 0 0 0 0
1417305600 0 0 0 0
1417219200 0 0 0 0
1417132800 0 0 0 0
1417046400 0 0 0 0
1416960000 0 0 0 0
1416873600 0 0 0 0
1416787200 0 0 0 0
1416700800 0 0 0 0
1416614400 0 0 0 0
1416528000 0 0 0 0
1416441600 0 0 0 0
1416355200 0 0 0 0
1416268800 0 0 0 0
1416182400 0 0 0 0
1416096000 0 0 0 0
1416009600 0 0 0 0
1415923200 0 0 0 0
1415836800 0 0 0 0
1415750400 0 0 0 0
1415664000 0 0 0 0
1415577600 0 0 0 0
1415491200 0 0 0 0
1415404800 0 0 0 0
1415318400 0 0 0 0
1415232000 0 0 0 0
1415145600 0 0 0 0
1415059200 0 0 0 0
1414972800 0 0 0 0
1414886400 0 0 0 0
1414800000 0 0 0 0
1414713600 0 0 0 0
1414627200 0 0 0 0
1414540800 0 0 0 0
1414454400 0 0 0 0
1414368000 0 0 0 0
1414281600 0 0 0 0
1414195200 0 0 0 0
1414108800 0 0 0 0
1414022400 0 0 0 0
1413936000 0 0 0 0
1413849600 0 0 0 0
1413763200 0 0 0 0
1413676800 0 0 0 0
1413590400 0 0 0 0
1413504000 0 0 0 0
1413417600 0 0 0 0
1413331200 0 0 0 0
1413244800 0 0 0 0
1413158400 0 0 0 0
1413072000 0 0 0 0
1412985600 0 0 0 0
1412899200 0 0 0 0
1412812800 0 0 0 0
1412726400 0 0 0 0
1412640000 0 0 0 0
1412553600 0 0 0 0
1412467200 0 0 0 0
1412380800 0 0 0 0
1412294400 0 0 0 0
1412208000 0 0 0 0
1412121600 0 0 0 0
1412035200 0 0 0 0
1411948800 0 0 0 0
1411862400 0 0 0 0
1411776000 0 0 0 0
1411689600 0 0 0 0
1411603200 0 0 0 0
1411516800 0 0 0 0
1411430400 0 0 0 0
1411344000 0 0 0 0
1411257600 0 0 0 0
1411171200 0 0 0 0
1411084800 0 0 0 0
1410998400 0 0 0 0
1410912000 0 0 0 0
1410825600 0 0 0 0
1410739200 0 0 0 0
1410652800 0 0 0 0
1410566400 0 0 0 0
1410480000 0 0 0 0
1410393600 0 0 0 0
1410307200 0 0 0 0
1410220800 0 0 0 0
1410134400 0 0 0 0
1410048000 0 0 0 0
1409961600 0 0 0 0
1409875200 0 0 0 0
1409788800 0 0 0 0
1409702400 0 0 0 0
1409616000 0 0 0 0
1409529600 0 0 0 0
1409443200 0 0 0 0
1409356800 0 0 0 0
1409270400 0 0 0 0
1409184000 0 0 0 0
1409097600 0 0 0 0
1409011200 0 0 0 0
1408924800 0 0 0 0
1408838400 0 0 0 0
1408752000 0 0 0 0
1408665600 0 0 0 0
1408579200 0 0 0 0
1408492800 0 0 0 0
1408406400 0 0 0 0
1408320000 0 0 0 0
1408233600 0 0 0 0
1408147200 0 0 0 0
1408060800 0 0 0 0
1407974400 0 0 0 0
1407888000 0 0 0 0
1407801600 0 0 0 0
1407715200 0 0 0 0
1407628800 0 0 0 0
1407542400 0 0 0 0
1407456000 0 0 0 0
1407369600 0 0 0 0
1407283200 0 0 0 0
1407196800 0 0 0 0
1407110400 0 0 0 0
1407024000 0 0 0 0
1406937600 0 0 0 0
1406851200 0 0 0 0
1406764800 0 0 0 0
1406678400 0 0 0 0
1406592000 0 0 0 0
1406505600 0 0 0 0
1406419200 0 0 0 0
1406332800 0 0 0 0
1406246400 0 0 0 0
1406160000 0 0 0 0
1406073600 0 0 0 0
1405987200 0 0 0 0
1405900800 0 0 0 0
1405814400 0 0 0 0
1405728000 0 0 0 0
1405641600 0 0 0 0
1405555200 0 0 0 0
1405468800 0 0 0 0
1405382400 0 0 0 0
1405296000 0 0 0 0
1405209600 0 0 0 0
1405123200 0 0 0 0
1405036800 0 0 0 0
1404950400 0 0 0 0
1404864000 0 0 0 0
1404777600 0 0 0 0
1404691200 0 0 0 0
1404604800 0 0 0 0
1404518400 0 0 0 0
1404432000 0 0 0 0
1404345600 0 0 0 0
1404259200 0 0 0 0
1404172800 0 0 0 0
1404086400 0 0 0 0
1404000000 0 0 0 0
1403913600 0 0 0 0
1403827200 0 0 0 0
1403740800 0 0 0 0
1403654400 0 0 0 0
1403568000 0 0 0 0
1403481600 0 0 0 0
1403395200 0 0 0 0
1403308800 0 0 0 0
1403222400 0 0 0 0
1403136000 0 0 0 0
1403049600 0 0 0 0
1402963200 0 0 0 0
1402876800 0 0 0 0
1402790400 0 0 0 0
1402704000 0 0 0 0
1402617600 0 0 0 0
1402531200 0 0 0 0
1402444800 0 0 0 0
1402358400 0 0 0 0
1402272000 0 0 0 0
1402185600 0 0 0 0
1402099200 0 0 0 0
1402012800 0 0 0 0
1401926400 0 0 0 0
1401840000 0 0 0 0
1401753600 0 0 0 0
1401667200 0 0 0 0
1401580800 0 0 0 0
1401494400 0 0 0 0
1401408000 0 0 0 0
1401321600 0 0 0 0
1401235200 0 0 0 0
1401148800 0 0 0 0
1401062400 0 0 0 0
1400976000 0 0 0 0
1400889600 0 0 0 0
1400803200 0 0 0 0
1400716800 0 0 0 0
1400630400 0 0 0 0
1400544000 0 0 0 0
1400457600 0 0 0 0
1400371200 0 0 0 0
1400284800 0 0 0 0
1400198400 0 0 0 0
1400112000 0 0 0 0
1400025600 0 0 0 0
1399939200 0 0 0 0
1399852800 0 0 0 0
1399766400 0 0 0 0
1399680000 0 0 0 0
1399593600 0 0 0 0
1399507200 0 0 0 0
1399420800 0 0 0 0
1399334400 0 0 0 0
1399248000 0 0 0 0
1399161600 0 0 0 0
1399075200 0 0 0 0
1398988800 0 0 0 0
1398902400 0 0 0 0
1398816000 0 0 0 0
1398729600 0 0 0 0
1398643200 0 0 0 0
1398556800 0 0 0 0
1398470400 0 0 0 0
1398384000 0 0 0 0
1398297600 0 0 0 0
1398211200 0 0 0 0
1398124800 0 0 0 0
1398038400 0 0 0 0
1397952000 0 0 0 0
1397865600 0 0 0 0
1397779200 0 0 0 0
1397692800 0 0 0 0
1397606400 0 0 0 0
1397520000 0 0 0 0
1397433600 0 0 0 0
1397347200 0 0 0 0
1397260800 0 0 0 0
1397174400 0 0 0 0
1397088000 0 0 0 0
1397001600 0 0 0 0
1396915200 0 0 0 0
1396828800 0 0 0 0
1396742400 0 0 0 0
1396656000 0 0 0 0
1396569600 0 0 0 0
1396483200 0 0 0 0
1396396800 0 0 0 0
1396310400 0 0 0 0
1396224000 0 0 0 0
1396137600 0 0 0 0
1396051200 0 0 0 0
1395964800 0 0 0 0
1395878400 0 0 0 0
1395792000 0 0 0 0
1395705600 0 0 0 0
1395619200 0 0 0 0
1395532800 0 0 0 0
1395446400 0 0 0 0
1395360000 0 0 0 0
1395273600 0 0 0 0
1395187200 0 0 0 0
1395100800 0 0 0 0
1395014400 0 0 0 0
1394928000 0 0 0 0
1394841600 0 0 0 0
1394755200 0 0 0 0
1394668800 0 0 0 0
1394582400 0 0 0 0
1394496000 0 0 0 0
1394409600 0 0 0 0
1394323200 0 0 0 0
1394236800 0 0 0 0
1394150400 0 0 0 0
1394064000 0 0 0 0
1393977600 0 0 0 0
1393891200 0 0 0 0
1393804800 0 0 0 0
1393718400 0 0 0 0
1393632000 0 0 0 0
1393545600 0 0 0 0
1393459200 0 0 0 0
1393372800 0 0 0 0
1393286400 0 0 0 0
1393200000 0 0 0 0
1393113600 0 0 0 0
1393027200 0 0 0 0
1392940800 0 0 0 0
1392854400 0 0 0 0
1392768000 0 0 0 0
1392681600 0 0 0 0
1392595200 0 0 0 0
1392508800 0 0 0 0
1392422400 0 0 0 0
1392336000 0 0 0 0
1392249600 0 0 0 0
1392163200 0 0 0 0
1392076800 0 0 0 0
1391990400 0 0 0 0
1391904000 0 0 0 0
1391817600 0 0 0 0
