1460685978 -1 -1
1460685978 0 0 0 0
1460601740 0 0 0 0
1460601600 0 0 0 0
1460601300 0 0 0 0
1460601000 0 0 0 0
1460600700 0 0 0 0
1460600400 0 0 0 0
1460600100 0 0 0 0
1460599800 0 0 0 0
1460599500 0 0 0 0
1460599200 0 0 0 0
1460598900 0 0 0 0
1460598600 0 0 0 0
1460598300 0 0 0 0
1460598000 0 0 0 0
1460597700 0 0 0 0
1460597400 0 0 0 0
1460597100 0 0 0 0
1460596800 0 0 0 0
1460596500 0 0 0 0
1460596200 0 0 0 0
1460595900 0 0 0 0
1460595600 0 0 0 0
1460595300 0 0 0 0
1460595000 0 0 0 0
1460594700 0 0 0 0
1460594400 0 0 0 0
1460594100 0 0 0 0
1460593800 0 0 0 0
1460593500 0 0 0 0
1460593200 0 0 0 0
1460592900 0 0 0 0
1460592600 0 0 0 0
1460592300 0 0 0 0
1460592000 0 0 0 0
1460591700 0 0 0 0
1460591400 0 0 0 0
1460591100 0 0 0 0
1460590800 0 0 0 0
1460590500 0 0 0 0
1460590200 0 0 0 0
1460589900 0 0 0 0
1460589600 0 0 0 0
1460589300 0 0 0 0
1460589000 0 0 0 0
1460588700 0 0 0 0
1460588400 0 0 0 0
1460588100 0 0 0 0
1460587800 0 0 0 0
1460587500 0 0 0 0
1460587200 0 0 0 0
1460586900 0 0 0 0
1460586600 0 0 0 0
1460586300 0 0 0 0
1460586000 0 0 0 0
1460585700 0 0 0 0
1460585400 0 0 0 0
1460585100 0 0 0 0
1460584800 0 0 0 0
1460584500 0 0 0 0
1460584200 0 0 0 0
1460583900 0 0 0 0
1460583600 0 0 0 0
1460583300 0 0 0 0
1460583000 0 0 0 0
1460582700 0 0 0 0
1460582400 0 0 0 0
1460582100 0 0 0 0
1460581800 0 0 0 0
1460581500 0 0 0 0
1460581200 0 0 0 0
1460580900 0 0 0 0
1460580600 0 0 0 0
1460580300 0 0 0 0
1460580000 0 0 0 0
1460579700 0 0 0 0
1460579400 0 0 0 0
1460579100 0 0 0 0
1460578800 0 0 0 0
1460578500 0 0 0 0
1460578200 0 0 0 0
1460577900 0 0 0 0
1460577600 0 0 0 0
1460577300 0 0 0 0
1460577000 0 0 0 0
1460576700 0 0 0 0
1460576400 0 0 0 0
1460576100 0 0 0 0
1460575800 0 0 0 0
1460575500 0 0 0 0
1460575200 0 0 0 0
1460574900 0 0 0 0
1460574600 0 0 0 0
1460574300 0 0 0 0
1460574000 0 0 0 0
1460573700 0 0 0 0
1460573400 0 0 0 0
1460573100 0 0 0 0
1460572800 0 0 0 0
1460572500 0 0 0 0
1460572200 0 0 0 0
1460571900 0 0 0 0
1460571600 0 0 0 0
1460571300 0 0 0 0
1460571000 0 0 0 0
1460570700 0 0 0 0
1460570400 0 0 0 0
1460570100 0 0 0 0
1460569800 0 0 0 0
1460569500 0 0 0 0
1460569200 0 0 0 0
1460568900 0 0 0 0
1460568600 0 0 0 0
1460568300 0 0 0 0
1460568000 0 0 0 0
1460567700 0 0 0 0
1460567400 0 0 0 0
1460567100 0 0 0 0
1460566800 0 0 0 0
1460566500 0 0 0 0
1460566200 0 0 0 0
1460565900 0 0 0 0
1460565600 0 0 0 0
1460565300 0 0 0 0
1460565000 0 0 0 0
1460564700 0 0 0 0
1460564400 0 0 0 0
1460564100 0 0 0 0
1460563800 0 0 0 0
1460563500 0 0 0 0
1460563200 0 0 0 0
1460562900 0 0 0 0
1460562600 0 0 0 0
1460562300 0 0 0 0
1460562000 0 0 0 0
1460561700 0 0 0 0
1460561400 0 0 0 0
1460561100 0 0 0 0
1460560800 0 0 0 0
1460560500 0 0 0 0
1460560200 0 0 0 0
1460559900 0 0 0 0
1460559600 0 0 0 0
1460559300 0 0 0 0
1460559000 0 0 0 0
1460558700 0 0 0 0
1460558400 0 0 0 0
1460558100 0 0 0 0
1460557800 0 0 0 0
1460557500 0 0 0 0
1460557200 0 0 0 0
1460556900 0 0 0 0
1460556600 0 0 0 0
1460556300 0 0 0 0
1460556000 0 0 0 0
1460555700 0 0 0 0
1460555400 0 0 0 0
1460555100 0 0 0 0
1460554800 0 0 0 0
1460554500 0 0 0 0
1460554200 0 0 0 0
1460553900 0 0 0 0
1460553600 0 0 0 0
1460553300 0 0 0 0
1460553000 0 0 0 0
1460552700 0 0 0 0
1460552400 0 0 0 0
1460552100 0 0 0 0
1460551800 0 0 0 0
1460551500 0 0 0 0
1460551200 0 0 0 0
1460550900 0 0 0 0
1460550600 0 0 0 0
1460550300 0 0 0 0
1460550000 0 0 0 0
1460549700 0 0 0 0
1460549400 0 0 0 0
1460549100 0 0 0 0
1460548800 0 0 0 0
1460548500 0 0 0 0
1460548200 0 0 0 0
1460547900 0 0 0 0
1460547600 0 0 0 0
1460547300 0 0 0 0
1460547000 0 0 0 0
1460546700 0 0 0 0
1460546400 0 0 0 0
1460546100 0 0 0 0
1460545800 0 0 0 0
1460545500 0 0 0 0
1460545200 0 0 0 0
1460544900 0 0 0 0
1460544600 0 0 0 0
1460544300 0 0 0 0
1460544000 0 0 0 0
1460543700 0 0 0 0
1460543400 0 0 0 0
1460543100 0 0 0 0
1460542800 0 0 0 0
1460542500 0 0 0 0
1460542200 0 0 0 0
1460541900 0 0 0 0
1460541600 0 0 0 0
1460541300 0 0 0 0
1460541000 0 0 0 0
1460540700 0 0 0 0
1460540400 0 0 0 0
1460540100 0 0 0 0
1460539800 0 0 0 0
1460539500 0 0 0 0
1460539200 0 0 0 0
1460538900 0 0 0 0
1460538600 0 0 0 0
1460538300 0 0 0 0
1460538000 0 0 0 0
1460537700 0 0 0 0
1460537400 0 0 0 0
1460537100 0 0 0 0
1460536800 0 0 0 0
1460536500 0 0 0 0
1460536200 0 0 0 0
1460535900 0 0 0 0
1460535600 0 0 0 0
1460535300 0 0 0 0
1460535000 0 0 0 0
1460534700 0 0 0 0
1460534400 0 0 0 0
1460534100 0 0 0 0
1460533800 0 0 0 0
1460533500 0 0 0 0
1460533200 0 0 0 0
1460532900 0 0 0 0
1460532600 0 0 0 0
1460532300 0 0 0 0
1460532000 0 0 0 0
1460531700 0 0 0 0
1460531400 0 0 0 0
1460531100 0 0 0 0
1460530800 0 0 0 0
1460530500 0 0 0 0
1460530200 0 0 0 0
1460529900 0 0 0 0
1460529600 0 0 0 0
1460529300 0 0 0 0
1460529000 0 0 0 0
1460528700 0 0 0 0
1460528400 0 0 0 0
1460528100 0 0 0 0
1460527800 0 0 0 0
1460527500 0 0 0 0
1460527200 0 0 0 0
1460526900 0 0 0 0
1460526600 0 0 0 0
1460526300 0 0 0 0
1460526000 0 0 0 0
1460525700 0 0 0 0
1460525400 0 0 0 0
1460525100 0 0 0 0
1460524800 0 0 0 0
1460524500 0 0 0 0
1460524200 0 0 0 0
1460523900 0 0 0 0
1460523600 0 0 0 0
1460523300 0 0 0 0
1460523000 0 0 0 0
1460522700 0 0 0 0
1460522400 0 0 0 0
1460522100 0 0 0 0
1460521800 0 0 0 0
1460521500 0 0 0 0
1460521200 0 0 0 0
1460520900 0 0 0 0
1460520600 0 0 0 0
1460520300 0 0 0 0
1460520000 0 0 0 0
1460519700 0 0 0 0
1460519400 0 0 0 0
1460519100 0 0 0 0
1460518800 0 0 0 0
1460518500 0 0 0 0
1460518200 0 0 0 0
1460517900 0 0 0 0
1460517600 0 0 0 0
1460517300 0 0 0 0
1460517000 0 0 0 0
1460516700 0 0 0 0
1460516400 0 0 0 0
1460516100 0 0 0 0
1460515800 0 0 0 0
1460515500 0 0 0 0
1460515200 0 0 0 0
1460514900 0 0 0 0
1460514600 0 0 0 0
1460514300 0 0 0 0
1460514000 0 0 0 0
1460513700 0 0 0 0
1460513400 0 0 0 0
1460513100 0 0 0 0
1460512800 0 0 0 0
1460512500 0 0 0 0
1460512200 0 0 0 0
1460511900 0 0 0 0
1460511600 0 0 0 0
1460511300 0 0 0 0
1460511000 0 0 0 0
1460510700 0 0 0 0
1460510400 0 0 0 0
1460510100 0 0 0 0
1460509800 0 0 0 0
1460509500 0 0 0 0
1460509200 0 0 0 0
1460508900 0 0 0 0
1460508600 0 0 0 0
1460508300 0 0 0 0
1460508000 0 0 0 0
1460507700 0 0 0 0
1460507400 0 0 0 0
1460507100 0 0 0 0
1460506800 0 0 0 0
1460506500 0 0 0 0
1460506200 0 0 0 0
1460505900 0 0 0 0
1460505600 0 0 0 0
1460505300 0 0 0 0
1460505000 0 0 0 0
1460504700 0 0 0 0
1460504400 0 0 0 0
1460504100 0 0 0 0
1460503800 0 0 0 0
1460503500 0 0 0 0
1460503200 0 0 0 0
1460502900 0 0 0 0
1460502600 0 0 0 0
1460502300 0 0 0 0
1460502000 0 0 0 0
1460501700 0 0 0 0
1460501400 0 0 0 0
1460501100 0 0 0 0
1460500800 0 0 0 0
1460500500 0 0 0 0
1460500200 0 0 0 0
1460499900 0 0 0 0
1460499600 0 0 0 0
1460499300 0 0 0 0
1460499000 0 0 0 0
1460498700 0 0 0 0
1460498400 0 0 0 0
1460498100 0 0 0 0
1460497800 0 0 0 0
1460497500 0 0 0 0
1460497200 0 0 0 0
1460496900 0 0 0 0
1460496600 0 0 0 0
1460496300 0 0 0 0
1460496000 0 0 0 0
1460495700 0 0 0 0
1460495400 0 0 0 0
1460495100 0 0 0 0
1460494800 0 0 0 0
1460494500 0 0 0 0
1460494200 0 0 0 0
1460493900 0 0 0 0
1460493600 0 0 0 0
1460493300 0 0 0 0
1460493000 0 0 0 0
1460492700 0 0 0 0
1460492400 0 0 0 0
1460492100 0 0 0 0
1460491800 0 0 0 0
1460491500 0 0 0 0
1460491200 0 0 0 0
1460490900 0 0 0 0
1460490600 0 0 0 0
1460490300 0 0 0 0
1460490000 0 0 0 0
1460489700 0 0 0 0
1460489400 0 0 0 0
1460489100 0 0 0 0
1460488800 0 0 0 0
1460488500 0 0 0 0
1460488200 0 0 0 0
1460487900 0 0 0 0
1460487600 0 0 0 0
1460487300 0 0 0 0
1460487000 0 0 0 0
1460486700 0 0 0 0
1460486400 0 0 0 0
1460486100 0 0 0 0
1460485800 0 0 0 0
1460485500 0 0 0 0
1460485200 0 0 0 0
1460484900 0 0 0 0
1460484600 0 0 0 0
1460484300 0 0 0 0
1460484000 0 0 0 0
1460483700 0 0 0 0
1460483400 0 0 0 0
1460483100 0 0 0 0
1460482800 0 0 0 0
1460482500 0 0 0 0
1460482200 0 0 0 0
1460481900 0 0 0 0
1460481600 0 0 0 0
1460481300 0 0 0 0
1460481000 0 0 0 0
1460480700 0 0 0 0
1460480400 0 0 0 0
1460480100 0 0 0 0
1460479800 0 0 0 0
1460479500 0 0 0 0
1460479200 0 0 0 0
1460478900 0 0 0 0
1460478600 0 0 0 0
1460478300 0 0 0 0
1460478000 0 0 0 0
1460477700 0 0 0 0
1460477400 0 0 0 0
1460477100 0 0 0 0
1460476800 0 0 0 0
1460476500 0 0 0 0
1460476200 0 0 0 0
1460475900 0 0 0 0
1460475600 0 0 0 0
1460475300 0 0 0 0
1460475000 0 0 0 0
1460474700 0 0 0 0
1460474400 0 0 0 0
1460474100 0 0 0 0
1460473800 0 0 0 0
1460473500 0 0 0 0
1460473200 0 0 0 0
1460472900 0 0 0 0
1460472600 0 0 0 0
1460472300 0 0 0 0
1460472000 0 0 0 0
1460471700 0 0 0 0
1460471400 0 0 0 0
1460471100 0 0 0 0
1460470800 0 0 0 0
1460470500 0 0 0 0
1460470200 0 0 0 0
1460469900 0 0 0 0
1460469600 0 0 0 0
1460469300 0 0 0 0
1460469000 0 0 0 0
1460468700 0 0 0 0
1460468400 0 0 0 0
1460468100 0 0 0 0
1460467800 0 0 0 0
1460467500 0 0 0 0
1460467200 0 0 0 0
1460466900 0 0 0 0
1460466600 0 0 0 0
1460466300 0 0 0 0
1460466000 0 0 0 0
1460465700 0 0 0 0
1460465400 0 0 0 0
1460465100 0 0 0 0
1460464800 0 0 0 0
1460464500 0 0 0 0
1460464200 0 0 0 0
1460463900 0 0 0 0
1460463600 0 0 0 0
1460463300 0 0 0 0
1460463000 0 0 0 0
1460462700 0 0 0 0
1460462400 0 0 0 0
1460462100 0 0 0 0
1460461800 0 0 0 0
1460461500 0 0 0 0
1460461200 0 0 0 0
1460460900 0 0 0 0
1460460600 0 0 0 0
1460460300 0 0 0 0
1460460000 0 0 0 0
1460459700 0 0 0 0
1460459400 0 0 0 0
1460459100 0 0 0 0
1460458800 0 0 0 0
1460458500 0 0 0 0
1460458200 0 0 0 0
1460457900 0 0 0 0
1460457600 0 0 0 0
1460457300 0 0 0 0
1460457000 0 0 0 0
1460456700 0 0 0 0
1460456400 0 0 0 0
1460456100 0 0 0 0
1460455800 0 0 0 0
1460455500 0 0 0 0
1460455200 0 0 0 0
1460454900 0 0 0 0
1460454600 0 0 0 0
1460454300 0 0 0 0
1460454000 0 0 0 0
1460453700 0 0 0 0
1460453400 0 0 0 0
1460453100 0 0 0 0
1460452800 0 0 0 0
1460452500 0 0 0 0
1460452200 0 0 0 0
1460451900 0 0 0 0
1460451600 0 0 0 0
1460451300 0 0 0 0
1460451000 0 0 0 0
1460450700 0 0 0 0
1460450400 0 0 0 0
1460450100 0 0 0 0
1460449800 0 0 0 0
1460449500 0 0 0 0
1460449200 0 0 0 0
1460448900 0 0 0 0
1460448600 0 0 0 0
1460448300 0 0 0 0
1460448000 0 0 0 0
1460447700 0 0 0 0
1460447400 0 0 0 0
1460447100 0 0 0 0
1460446800 0 0 0 0
1460446500 0 0 0 0
1460446200 0 0 0 0
1460445900 0 0 0 0
1460445600 0 0 0 0
1460445300 0 0 0 0
1460445000 0 0 0 0
1460444700 0 0 0 0
1460444400 0 0 0 0
1460444100 0 0 0 0
1460443800 0 0 0 0
1460443500 0 0 0 0
1460443200 0 0 0 0
1460442900 0 0 0 0
1460442600 0 0 0 0
1460442300 0 0 0 0
1460442000 0 0 0 0
1460441700 0 0 0 0
1460441400 0 0 0 0
1460441100 0 0 0 0
1460440800 0 0 0 0
1460440500 0 0 0 0
1460440200 0 0 0 0
1460439900 0 0 0 0
1460439600 0 0 0 0
1460439300 0 0 0 0
1460439000 0 0 0 0
1460438700 0 0 0 0
1460438400 0 0 0 0
1460438100 0 0 0 0
1460437800 0 0 0 0
1460437500 0 0 0 0
1460437200 0 0 0 0
1460436900 0 0 0 0
1460436600 0 0 0 0
1460436300 0 0 0 0
1460436000 0 0 0 0
1460435700 0 0 0 0
1460435400 0 0 0 0
1460435100 0 0 0 0
1460434800 0 0 0 0
1460434500 0 0 0 0
1460434200 0 0 0 0
1460433900 0 0 0 0
1460433600 0 0 0 0
1460433300 0 0 0 0
1460433000 0 0 0 0
1460432700 0 0 0 0
1460432400 0 0 0 0
1460432100 0 0 0 0
1460431800 0 0 0 0
1460431500 0 0 0 0
1460431200 0 0 0 0
1460430900 0 0 0 0
1460430600 0 0 0 0
1460430300 0 0 0 0
1460430000 0 0 0 0
1460429700 0 0 0 0
1460429400 0 0 0 0
1460429100 0 0 0 0
1460428800 0 0 0 0
1460428500 0 0 0 0
1460428200 0 0 0 0
1460427900 0 0 0 0
1460427600 0 0 0 0
1460427300 0 0 0 0
1460427000 0 0 0 0
1460426700 0 0 0 0
1460426400 0 0 0 0
1460426100 0 0 0 0
1460425800 0 0 0 0
1460425500 0 0 0 0
1460425200 0 0 0 0
1460424900 0 0 0 0
1460424600 0 0 0 0
1460424300 0 0 0 0
1460424000 0 0 0 0
1460423700 0 0 0 0
1460423400 0 0 0 0
1460423100 0 0 0 0
1460422800 0 0 0 0
1460422500 0 0 0 0
1460422200 0 0 0 0
1460421900 0 0 0 0
1460421000 0 0 0 0
1460419200 0 0 0 0
1460417400 0 0 0 0
1460415600 0 0 0 0
1460413800 0 0 0 0
1460412000 0 0 0 0
1460410200 0 0 0 0
1460408400 0 0 0 0
1460406600 0 0 0 0
1460404800 0 0 0 0
1460403000 0 0 0 0
1460401200 0 0 0 0
1460399400 0 0 0 0
1460397600 0 0 0 0
1460395800 0 0 0 0
1460394000 0 0 0 0
1460392200 0 0 0 0
1460390400 0 0 0 0
1460388600 0 0 0 0
1460386800 0 0 0 0
1460385000 0 0 0 0
1460383200 0 0 0 0
1460381400 0 0 0 0
1460379600 0 0 0 0
1460377800 0 0 0 0
1460376000 0 0 0 0
1460374200 0 0 0 0
1460372400 0 0 0 0
1460370600 0 0 0 0
1460368800 0 0 0 0
1460367000 0 0 0 0
1460365200 0 0 0 0
1460363400 0 0 0 0
1460361600 0 0 0 0
1460359800 0 0 0 0
1460358000 0 0 0 0
1460356200 0 0 0 0
1460354400 0 0 0 0
1460352600 0 0 0 0
1460350800 0 0 0 0
1460349000 0 0 0 0
1460347200 0 0 0 0
1460345400 0 0 0 0
1460343600 0 0 0 0
1460341800 0 0 0 0
1460340000 0 0 0 0
1460338200 0 0 0 0
1460336400 0 0 0 0
1460334600 0 0 0 0
1460332800 0 0 0 0
1460331000 0 0 0 0
1460329200 0 0 0 0
1460327400 0 0 0 0
1460325600 0 0 0 0
1460323800 0 0 0 0
1460322000 0 0 0 0
1460320200 0 0 0 0
1460318400 0 0 0 0
1460316600 0 0 0 0
1460314800 0 0 0 0
1460313000 0 0 0 0
1460311200 0 0 0 0
1460309400 0 0 0 0
1460307600 0 0 0 0
1460305800 0 0 0 0
1460304000 0 0 0 0
1460302200 0 0 0 0
1460300400 0 0 0 0
1460298600 0 0 0 0
1460296800 0 0 0 0
1460295000 0 0 0 0
1460293200 0 0 0 0
1460291400 0 0 0 0
1460289600 0 0 0 0
1460287800 0 0 0 0
1460286000 0 0 0 0
1460284200 0 0 0 0
1460282400 0 0 0 0
1460280600 0 0 0 0
1460278800 0 0 0 0
1460277000 0 0 0 0
1460275200 0 0 0 0
1460273400 0 0 0 0
1460271600 0 0 0 0
1460269800 0 0 0 0
1460268000 0 0 0 0
1460266200 0 0 0 0
1460264400 0 0 0 0
1460262600 0 0 0 0
1460260800 0 0 0 0
1460259000 0 0 0 0
1460257200 0 0 0 0
1460255400 0 0 0 0
1460253600 0 0 0 0
1460251800 0 0 0 0
1460250000 0 0 0 0
1460248200 0 0 0 0
1460246400 0 0 0 0
1460244600 0 0 0 0
1460242800 0 0 0 0
1460241000 0 0 0 0
1460239200 0 0 0 0
1460237400 0 0 0 0
1460235600 0 0 0 0
1460233800 0 0 0 0
1460232000 0 0 0 0
1460230200 0 0 0 0
1460228400 0 0 0 0
1460226600 0 0 0 0
1460224800 0 0 0 0
1460223000 0 0 0 0
1460221200 0 0 0 0
1460219400 0 0 0 0
1460217600 0 0 0 0
1460215800 0 0 0 0
1460214000 0 0 0 0
1460212200 0 0 0 0
1460210400 0 0 0 0
1460208600 0 0 0 0
1460206800 0 0 0 0
1460205000 0 0 0 0
1460203200 0 0 0 0
1460201400 0 0 0 0
1460199600 0 0 0 0
1460197800 0 0 0 0
1460196000 0 0 0 0
1460194200 0 0 0 0
1460192400 0 0 0 0
1460190600 0 0 0 0
1460188800 0 0 0 0
1460187000 0 0 0 0
1460185200 0 0 0 0
1460183400 0 0 0 0
1460181600 0 0 0 0
1460179800 0 0 0 0
1460178000 0 0 0 0
1460176200 0 0 0 0
1460174400 0 0 0 0
1460172600 0 0 0 0
1460170800 0 0 0 0
1460169000 0 0 0 0
1460167200 0 0 0 0
1460165400 0 0 0 0
1460163600 0 0 0 0
1460161800 0 0 0 0
1460160000 0 0 0 0
1460158200 0 0 0 0
1460156400 0 0 0 0
1460154600 0 0 0 0
1460152800 0 0 0 0
1460151000 0 0 0 0
1460149200 0 0 0 0
1460147400 0 0 0 0
1460145600 0 0 0 0
1460143800 0 0 0 0
1460142000 0 0 0 0
1460140200 0 0 0 0
1460138400 0 0 0 0
1460136600 0 0 0 0
1460134800 0 0 0 0
1460133000 0 0 0 0
1460131200 0 0 0 0
1460129400 0 0 0 0
1460127600 0 0 0 0
1460125800 0 0 0 0
1460124000 0 0 0 0
1460122200 0 0 0 0
1460120400 0 0 0 0
1460118600 0 0 0 0
1460116800 0 0 0 0
1460115000 0 0 0 0
1460113200 0 0 0 0
1460111400 0 0 0 0
1460109600 0 0 0 0
1460107800 0 0 0 0
1460106000 0 0 0 0
1460104200 0 0 0 0
1460102400 0 0 0 0
1460100600 0 0 0 0
1460098800 0 0 0 0
1460097000 0 0 0 0
1460095200 0 0 0 0
1460093400 0 0 0 0
1460091600 0 0 0 0
1460089800 0 0 0 0
1460088000 0 0 0 0
1460086200 0 0 0 0
1460084400 0 0 0 0
1460082600 0 0 0 0
1460080800 0 0 0 0
1460079000 0 0 0 0
1460077200 0 0 0 0
1460075400 0 0 0 0
1460073600 0 0 0 0
1460071800 0 0 0 0
1460070000 0 0 0 0
1460068200 0 0 0 0
1460066400 0 0 0 0
1460064600 2 307 10 1043
1460062800 10 966 12 1062
1460061000 10 1239 11 1502
1460059200 2421 18390 6484 50488
1460057400 1003 8389 3544 35525
1460055600 1014 6171 4314 26216
1460053800 269 2008 354 2100
1460052000 344 2211 533 2773
1460050200 929 7766 4786 36565
1460048400 4125 34877 8521 71705
1460046600 1865 13579 4945 38639
1460044800 6153 10748 13401 36444
1460043000 10368 19177 13401 36444
1460041200 969 5487 3271 15160
1460039400 2378 14660 3959 38835
1460037600 1600 3302 8035 9873
1460035800 1136 9395 3150 23884
1460034000 2440 16614 6268 48668
1460032200 594 2709 1978 6484
1460030400 10 561 10 876
1460028600 10 437 10 462
1460026800 10 460 10 549
1460025000 10 443 10 480
1460023200 10 435 10 482
1460021400 10 424 10 444
1460019600 10 428 10 463
1460017800 10 441 10 491
1460016000 10 426 10 450
1460014200 10 443 12 536
1460012400 10 430 12 465
1460010600 10 425 10 445
1460008800 9 440 10 920
1460007000 10 431 10 472
1460005200 10 412 11 441
1460003400 10 443 11 472
1460001600 10 435 11 486
1459999800 10 433 11 489
1459998000 10 421 10 452
1459996200 10 443 10 494
1459994400 10 427 10 458
1459992600 10 441 10 466
1459990800 10 425 10 456
1459989000 10 431 10 445
1459987200 10 445 10 481
1459985400 10 416 10 466
1459983600 10 412 10 448
1459981800 10 469 10 527
1459980000 10 566 10 670
1459978200 10 971 10 1312
1459976400 10 1113 10 1295
1459974600 10 1208 10 1554
1459972800 10 1289 10 1893
1459971000 10 1076 12 1384
1459969200 10 1244 12 1506
1459967400 10 1034 10 1103
1459965600 10 1104 10 1206
1459963800 10 942 10 1162
1459962000 10 961 10 1162
1459960200 10 1004 10 1441
1459958400 10 822 10 1033
1459956600 10 824 10 979
1459954800 10 754 10 880
1459953000 10 840 10 1075
1459951200 10 843 10 1090
1459949400 10 1028 10 1511
1459947600 10 971 10 1225
1459945800 10 754 10 1254
1459944000 10 557 10 928
1459942200 10 491 10 543
1459940400 10 520 10 569
1459938600 10 484 10 510
1459936800 10 474 10 502
1459935000 10 504 10 549
1459933200 10 484 10 539
1459931400 10 480 10 507
1459929600 10 502 10 528
1459927800 10 511 12 682
1459926000 10 486 12 552
1459924200 10 498 10 611
1459922400 10 497 11 552
1459920600 10 479 11 525
1459918800 10 483 10 538
1459917000 10 493 11 538
1459915200 10 475 11 537
1459913400 10 482 10 514
1459911600 10 493 10 558
1459909800 10 492 10 550
1459908000 10 483 10 566
1459906200 10 478 10 566
1459904400 10 487 10 564
1459902600 10 481 10 521
1459900800 10 487 10 573
1459899000 10 490 10 546
1459897200 10 483 10 513
1459895400 11 538 26 617
1459893600 10 530 11 561
1459891800 10 739 11 1161
1459890000 10 944 10 1149
1459888200 10 941 11 1102
1459886400 10 990 11 1163
1459884600 10 962 11 1026
1459882800 10 1021 11 1496
1459881000 10 1102 11 1496
1459879200 10 1035 11 1177
1459877400 10 1037 11 1151
1459875600 10 955 11 1187
1459873800 10 978 11 1080
1459872000 10 920 11 1150
1459870200 10 981 11 1100
1459868400 10 1082 10 1442
1459866600 10 1171 11 1450
1459864800 10 1226 11 1450
1459863000 10 1769 11 2145
1459861200 10 1093 10 1371
1459859400 10 1086 11 1746
1459857600 10 502 11 883
1459855800 10 502 11 883
1459854000 10 467 10 492
1459852200 10 489 11 592
1459850400 10 453 11 482
1459848600 10 456 11 499
1459846800 10 458 10 489
1459845000 10 464 11 494
1459843200 10 453 11 479
1459841400 10 474 11 540
1459839600 10 460 11 540
1459837800 10 463 11 505
1459836000 10 461 11 499
1459834200 10 465 11 492
1459832400 10 514 10 653
1459830600 10 455 11 505
1459828800 10 406 11 435
1459827000 10 415 11 483
1459825200 10 456 10 526
1459823400 10 426 11 482
1459821600 10 410 11 454
1459819800 10 422 11 454
1459818000 10 418 10 455
1459816200 10 474 11 636
1459814400 10 418 11 456
1459812600 10 423 11 463
1459810800 10 420 10 456
1459809000 10 446 11 511
1459807200 10 518 11 774
1459805400 10 669 11 891
1459803600 10 756 10 883
1459801800 10 878 11 1149
1459800000 10 980 11 1172
1459798200 10 970 12 1090
1459796400 10 899 12 1028
1459794600 10 885 11 1178
1459792800 10 1050 11 1564
1459791000 10 867 11 990
1459789200 10 1021 10 1205
1459787400 10 855 11 1044
1459785600 10 885 11 1044
1459783800 10 866 11 1036
1459782000 10 825 10 946
1459780200 10 803 10 916
1459778400 10 749 11 910
1459776600 10 1264 11 1577
1459774800 10 956 10 1411
1459773000 10 666 10 1213
1459771200 10 419 10 624
1459769400 10 418 11 624
1459767600 10 401 11 535
1459765800 10 426 11 471
1459764000 10 378 11 413
1459762200 10 382 11 400
1459760400 10 410 11 433
1459758600 10 404 10 462
1459756800 10 411 10 499
1459755000 10 414 12 490
1459753200 10 412 12 445
1459751400 10 402 10 433
1459749600 10 404 10 437
1459747800 10 400 10 439
1459746000 10 425 10 478
1459744200 10 401 11 471
1459742400 10 392 11 431
1459740600 10 393 10 438
1459738800 10 392 10 456
1459737000 10 398 10 454
1459735200 10 422 10 500
1459733400 10 413 10 463
1459731600 10 400 10 430
1459729800 10 417 10 464
1459728000 10 429 10 481
1459726200 10 507 10 1070
1459724400 10 371 10 391
1459722600 10 383 10 434
1459720800 10 385 10 445
1459719000 10 376 10 428
1459717200 10 379 10 406
1459715400 10 382 10 410
1459713600 10 383 10 420
1459711800 10 383 12 417
1459710000 10 375 12 401
1459708200 10 380 10 413
1459706400 10 391 10 436
1459704600 10 376 10 417
1459702800 10 374 10 447
1459701000 10 409 10 467
1459699200 10 397 10 446
1459697400 10 394 10 461
1459695600 10 411 10 495
1459693800 10 405 10 449
1459692000 10 381 10 410
1459690200 10 371 10 408
1459688400 10 378 10 440
1459686600 10 382 10 425
1459684800 10 372 10 384
1459683000 10 381 10 427
1459681200 10 382 10 423
1459679400 10 377 10 400
1459677600 10 411 10 478
1459675800 10 373 10 413
1459674000 10 383 10 410
1459672200 10 397 10 421
1459670400 10 383 10 411
1459668600 10 391 12 459
1459666800 10 384 12 402
1459665000 10 380 10 405
1459663200 10 372 10 417
1459661400 10 388 10 451
1459659600 10 380 10 454
1459657800 10 394 10 456
1459656000 10 400 10 418
1459654200 10 387 10 413
1459652400 10 405 10 462
1459650600 10 428 10 502
1459648800 10 401 10 470
1459647000 10 387 10 424
1459645200 10 379 10 424
1459643400 10 395 10 483
1459641600 10 380 10 416
1459639800 10 368 10 386
1459638000 10 377 10 432
1459636200 10 381 10 422
1459634400 10 378 10 450
1459632600 10 383 10 479
1459630800 10 382 10 443
1459629000 10 376 10 410
1459627200 10 385 10 453
1459625400 10 387 12 431
1459623600 10 366 12 384
1459621800 10 375 10 402
1459620000 10 383 10 406
1459618200 10 382 11 432
1459616400 10 377 10 454
1459614600 10 396 10 428
1459612800 10 410 10 447
1459611000 10 399 10 447
1459609200 10 369 10 413
1459607400 10 406 10 459
1459605600 10 388 10 419
1459603800 10 380 10 416
1459602000 10 361 10 416
1459600200 10 382 10 422
1459598400 10 382 11 420
1459596600 10 366 10 402
1459594800 10 374 10 402
1459593000 10 379 10 410
1459591200 10 381 10 414
1459589400 10 365 10 414
1459587600 10 385 10 452
1459585800 10 377 10 402
1459584000 10 375 10 424
1459582200 10 373 12 442
1459580400 10 367 12 405
1459578600 10 373 10 414
1459576800 9 381 11 423
1459575000 10 371 10 390
1459573200 10 382 10 440
1459571400 10 388 11 493
1459569600 10 374 11 405
1459567800 10 370 10 409
1459566000 10 385 10 470
1459564200 10 388 10 422
1459562400 10 382 10 439
1459560600 10 398 10 459
1459558800 10 386 10 423
1459557000 10 395 10 417
1459555200 10 409 10 497
1459553400 10 390 10 440
1459551600 10 387 10 442
1459549800 10 468 10 496
1459548000 10 573 10 747
1459546200 10 702 10 874
1459544400 10 757 10 1005
1459542600 10 1148 10 1406
1459540800 10 1133 10 1516
1459539000 10 1204 12 1655
1459537200 10 1111 12 1252
1459535400 2606 26391 8437 77001
1459533600 1797 16950 5161 49518
1459531800 1656 14649 5088 52114
1459530000 2773 25086 5088 52114
1459528200 1813 17537 4667 56562
1459526400 883 5802 2606 19690
1459524600 3791 28164 6096 48963
1459522800 4043 28468 6956 45808
1459521000 1598 9553 3699 23364
1459519200 404 1690 571 1970
1459517400 303 1639 482 2466
1459515600 508 2914 2567 21018
1459513800 359 3259 2567 21018
1459512000 10 790 10 1282
1459510200 10 618 10 1268
1459508400 10 503 10 559
1459506600 10 485 10 531
1459504800 10 486 10 544
1459503000 10 474 10 523
1459501200 10 491 10 555
1459499400 10 487 10 544
1459497600 10 487 10 507
1459495800 10 487 12 518
1459494000 10 525 12 600
1459492200 10 566 10 750
1459490400 10 488 25 522
1459488600 10 479 10 522
1459486800 10 476 10 527
1459485000 10 496 11 530
1459483200 10 483 11 551
1459481400 10 535 10 569
1459479600 10 547 10 586
1459477800 10 550 10 577
1459476000 10 542 10 590
1459474200 10 546 10 590
1459472400 10 545 10 589
1459470600 10 551 10 583
1459468800 10 531 10 580
1459467000 10 534 10 586
1459465200 10 538 10 574
1459463400 10 555 10 758
1459461600 10 634 10 914
1459459800 10 736 10 1062
1459458000 10 911 10 1185
1459456200 2648 19338 6950 63168
1459454400 2552 19317 6718 63302
1459452600 5525 49476 8144 81642
1459450800 3046 23568 5668 47463
1459449000 4170 32426 9670 92228
1459447200 1965 13794 4102 33664
1459445400 1692 10289 3117 17157
1459443600 2514 18441 5180 33822
1459441800 863 5215 3351 23011
1459440000 348 1431 580 1864
1459438200 442 2579 2645 24087
1459436400 3004 21519 6375 56757
1459434600 856 5239 3925 23242
1459432800 5683 7950 11336 22963
1459431000 620 4024 3271 22963
1459429200 688 2296 1893 4664
1459427400 105 1016 346 2439
1459425600 10 658 10 850
1459423800 10 485 10 661
1459422000 10 450 10 491
1459420200 10 477 10 534
1459418400 10 476 10 534
1459416600 10 432 10 512
1459414800 10 423 10 476
1459413000 10 461 10 543
1459411200 10 451 10 508
1459409400 10 432 12 475
1459407600 10 427 11 459
1459405800 10 433 10 463
1459404000 10 447 10 497
1459402200 10 441 10 490
1459400400 10 426 10 434
1459398600 10 474 11 573
1459396800 10 473 11 557
1459395000 10 433 10 468
1459393200 10 446 10 492
1459391400 10 525 10 841
1459389600 10 517 10 841
1459387800 10 470 10 515
1459386000 10 477 10 515
1459384200 10 484 11 558
1459382400 10 467 11 479
1459380600 10 477 10 516
1459378800 10 464 11 501
1459377000 10 493 10 514
1459375200 10 560 10 909
1459373400 10 588 10 790
1459371600 10 833 10 1032
1459369800 10 1001 10 1102
1459368000 10 925 10 1119
1459366200 10 1274 12 1612
1459364400 10 1176 10 1432
1459362600 10 1249 10 1482
1459360800 10 1003 10 1235
1459359000 10 1019 10 1211
1459357200 10 982 10 1090
1459355400 10 1144 10 1554
1459353600 10 964 10 1137
1459351800 10 1052 10 1338
1459350000 10 1070 10 1234
1459348200 10 1036 10 1150
1459346400 10 1071 10 1759
1459344600 10 1242 10 2049
1459342800 10 1060 10 1361
1459341000 10 892 10 1180
1459339200 10 537 10 1378
1459332000 10 436 10 522
1459324800 10 435 12 519
1459317600 10 430 11 463
1459310400 10 434 11 519
1459303200 10 454 10 508
1459296000 10 476 10 622
1459288800 10 779 27 1357
1459281600 10 1137 27 1517
1459274400 10 1117 11 1503
1459267200 10 1135 11 1509
1459260000 10 1027 11 1509
1459252800 10 449 11 748
1459245600 10 387 11 451
1459238400 10 383 12 446
1459231200 10 383 11 449
1459224000 10 389 11 456
1459216800 10 400 11 491
1459209600 10 437 11 495
1459202400 10 754 11 1486
1459195200 10 1036 12 1580
1459188000 10 1066 11 2075
1459180800 10 1044 11 1913
1459173600 10 1057 11 1763
1459166400 10 500 11 1209
1459159200 10 392 11 443
1459152000 10 396 12 462
1459144800 10 390 11 443
1459137600 10 391 11 480
1459130400 10 396 11 460
1459123200 10 391 11 423
1459116000 10 393 11 453
1459108800 10 392 12 502
1459101600 10 398 11 478
1459094400 10 389 11 449
1459087200 10 391 11 459
1459080000 10 398 11 468
1459072800 10 391 11 429
1459065600 10 389 12 442
1459058400 10 392 11 442
1459051200 10 391 11 453
1459044000 10 390 11 451
1459036800 10 386 11 469
1459029600 10 390 11 450
1459022400 10 390 12 446
1459015200 10 389 11 435
1459008000 10 389 11 455
1459000800 10 399 11 510
1458993600 10 402 11 460
1458986400 10 407 11 485
1458979200 10 422 12 526
1458972000 10 413 11 497
1458964800 10 408 11 460
1458957600 10 404 11 479
1458950400 10 406 11 455
1458943200 10 425 11 561
1458936000 10 425 12 594
1458928800 10 414 11 472
1458921600 10 427 11 626
1458914400 10 429 11 652
1458907200 10 413 11 476
1458900000 10 411 11 470
1458892800 10 422 12 586
1458885600 10 432 11 628
1458878400 10 453 11 737
1458871200 10 414 11 462
1458864000 10 424 11 583
1458856800 11 805 169 1613
1458849600 2166 15180 9858 46073
1458842400 3196 24064 9858 69022
1458835200 2666 17958 5834 48421
1458828000 1340 9708 3768 39344
1458820800 10 495 11 681
1458813600 10 449 10 541
1458806400 10 459 12 598
1458799200 10 450 11 599
1458792000 10 445 11 579
1458784800 10 441 10 538
1458777600 10 442 10 538
1458770400 10 687 10 1130
1458763200 10 1228 12 1830
1458756000 10 1143 10 1685
1458748800 10 1101 10 1545
1458741600 10 1097 10 1581
1458734400 10 573 10 1002
1458727200 10 514 10 559
1458720000 10 516 12 576
1458712800 10 518 45 608
1458705600 10 565 11 707
1458698400 10 526 11 686
1458691200 10 552 10 754
1458684000 116 1325 4497 28588
1458676800 3448 22481 7862 62457
1458669600 1567 11857 7862 62457
1458662400 2188 13976 15913 77469
1458655200 770 5005 2897 23593
1458648000 12 656 107 1006
1458640800 10 589 10 644
1458633600 10 581 12 696
1458626400 10 584 11 664
1458619200 10 575 11 657
1458612000 10 624 10 685
1458604800 10 636 10 791
1458597600 10 936 10 1696
1458590400 10 1070 12 1395
1458583200 10 1046 11 1233
1458576000 10 1020 11 1309
1458568800 10 982 10 2224
1458561600 10 412 10 692
1458554400 10 328 10 439
1458547200 10 337 12 438
1458540000 10 345 11 455
1458532800 10 334 11 408
1458525600 10 373 10 656
1458518400 10 338 10 402
1458511200 10 322 10 442
1458504000 10 319 12 384
1458496800 10 351 10 530
1458489600 10 326 11 435
1458482400 10 304 11 379
1458475200 10 262 11 432
1458468000 10 240 10 301
1458460800 10 243 12 299
1458453600 10 259 10 354
1458446400 10 237 10 307
1458439200 10 256 10 380
1458432000 10 247 10 333
1458424800 10 240 10 365
1458417600 10 235 12 290
1458410400 10 242 10 315
1458403200 10 238 10 323
1458396000 10 233 10 280
1458388800 10 231 10 298
1458381600 10 235 11 306
1458374400 10 236 12 291
1458367200 10 231 11 296
1458360000 10 243 11 314
1458352800 10 249 10 318
1458345600 10 373 10 1165
1458338400 113 856 2430 11905
1458331200 2134 17183 5223 49799
1458324000 1986 15692 5162 57757
1458316800 1867 14469 5402 50634
1458309600 1460 11447 8079 72447
1458302400 10 624 10 1140
1458295200 10 514 10 577
1458288000 10 533 12 774
1458280800 10 545 17 680
1458273600 10 498 10 599
1458266400 10 495 10 768
1458259200 10 547 10 713
1458252000 117 1391 2734 17235
1458244800 1361 9242 4354 29750
1458237600 1869 12662 6123 46348
1458230400 3231 23286 8246 65442
1458223200 1064 7148 4138 30738
1458216000 10 469 10 880
1458208800 10 398 10 448
1458201600 10 426 12 746
1458194400 10 407 11 452
1458187200 10 411 11 680
1458180000 10 385 10 443
1458172800 10 365 10 430
1458165600 10 696 10 1297
1458158400 10 878 12 1297
1458151200 10 964 10 2170
1458144000 10 834 11 1077
1458136800 10 940 11 1996
1458129600 10 472 11 810
1458122400 10 422 10 511
1458115200 10 422 12 497
1458108000 10 415 11 505
1458100800 10 438 11 659
1458093600 10 385 11 507
1458086400 10 382 11 622
1458079200 327 730 7565 2227
1458072000 1185 9761 3572 58377
1458064800 1581 11134 4609 52000
1458057600 3844 31033 11697 80846
1458050400 1360 9126 4389 40325
1458043200 10 494 11 693
1458036000 10 469 11 622
1458028800 10 452 12 604
1458021600 10 438 11 483
1458014400 10 431 11 566
1458007200 10 405 11 482
1458000000 10 468 11 803
1457992800 10 757 11 1279
1457985600 10 962 12 1319
1457978400 10 876 11 1197
1457971200 10 825 11 1151
1457964000 429 1242 8559 9682
1457956800 10 404 11 645
1457949600 10 340 11 406
1457942400 10 338 12 366
1457935200 10 336 11 389
1457928000 10 336 11 414
1457920800 10 337 11 390
1457913600 10 339 11 424
1457906400 10 337 11 435
1457899200 10 336 12 386
1457892000 10 334 11 397
1457884800 10 339 11 420
1457877600 10 334 11 377
1457870400 10 337 11 386
1457863200 10 330 11 431
1457856000 10 318 12 476
1457848800 10 312 11 366
1457841600 10 309 10 354
1457834400 10 309 10 348
1457827200 10 316 10 412
1457820000 10 318 10 440
1457812800 10 320 12 398
1457805600 10 317 10 366
1457798400 10 315 10 390
1457791200 10 307 11 368
1457784000 10 311 11 349
1457776800 10 323 11 711
1457769600 10 304 11 358
1457762400 10 307 11 372
1457755200 10 317 11 384
1457748000 10 310 11 444
1457740800 10 399 11 1220
1457733600 1641 12229 6872 61540
1457726400 1277 8409 6477 61540
1457719200 804 4380 3581 26603
1457712000 2205 19623 7496 80491
1457704800 582 3573 4518 34719
1457697600 10 330 11 454
1457690400 10 319 11 361
1457683200 10 322 12 396
1457676000 10 321 11 405
1457668800 10 317 11 469
1457661600 10 293 11 333
1457654400 10 396 11 915
1457647200 10 731 24 958
1457640000 10 848 12 1168
1457632800 10 816 10 1054
1457625600 10 935 10 2004
1457618400 10 628 10 922
1457611200 10 327 10 500
1457604000 10 318 11 389
1457596800 10 318 14 387
1457589600 10 383 11 692
1457582400 10 309 11 423
1457575200 10 347 11 672
1457568000 10 468 11 771
1457560800 10 704 11 1294
1457553600 10 778 12 1224
1457546400 10 870 11 1340
1457539200 10 1252 11 3786
1457532000 10 632 11 1465
1457524800 10 372 11 606
1457517600 10 370 11 532
1457510400 10 378 12 481
1457503200 10 373 11 421
1457496000 10 346 10 559
1457488800 10 352 10 444
1457481600 10 392 10 918
1457474400 865 5978 7183 44953
1457467200 2086 10918 11428 39792
1457460000 762 4502 3686 38181
1457452800 1977 16316 9954 139791
1457445600 687 3603 5221 30796
1457438400 10 347 10 493
1457431200 10 357 11 520
1457424000 10 345 12 431
1457416800 10 349 11 528
1457409600 10 370 11 497
1457402400 10 434 11 649
1457395200 10 520 11 933
1457388000 10 762 11 1040
1457380800 10 671 12 968
1457373600 10 668 11 846
1457366400 10 944 11 1806
1457359200 10 582 12 1155
1457352000 10 292 11 427
1457344800 10 286 11 353
1457337600 10 286 12 361
1457330400 10 282 11 311
1457323200 10 281 11 335
1457316000 10 280 11 353
1457308800 10 284 11 344
1457301600 10 282 11 374
1457294400 10 285 12 334
1457287200 10 286 11 335
1457280000 10 291 11 429
1457272800 10 281 11 352
1457265600 10 285 11 354
1457258400 10 281 11 356
1457251200 10 302 12 536
1457244000 10 279 11 345
1457236800 10 277 11 315
1457229600 10 274 11 327
1457222400 10 272 11 332
1457215200 10 276 11 339
1457208000 10 273 12 350
1457200800 10 282 11 458
1457193600 10 276 11 326
1457186400 10 275 11 337
1457179200 10 273 11 318
1457172000 10 277 11 354
1457164800 10 278 12 328
1457157600 10 281 11 352
1457150400 10 280 11 341
1457143200 10 281 11 333
1457136000 10 357 11 594
1457128800 10 710 11 1190
1457121600 10 804 12 1070
1457114400 10 828 11 1095
1457107200 10 878 11 1359
1457100000 10 627 11 1359
1457092800 10 355 11 465
1457085600 10 355 11 411
1457078400 10 352 40 464
1457071200 10 351 11 416
1457064000 10 389 11 623
1457056800 10 398 11 492
1457049600 10 435 11 599
1457042400 1882 16661 8248 73795
1457035200 2219 14849 6469 55513
1457028000 1012 7684 6263 57988
1457020800 970 6727 4593 34398
1457013600 2058 13688 11155 64092
1457006400 10 335 11 440
1456999200 10 324 11 383
1456992000 10 336 12 478
1456984800 10 329 11 400
1456977600 10 332 11 373
1456970400 10 360 11 427
1456963200 10 354 11 451
1456956000 10 527 11 861
1456948800 10 573 12 944
1456941600 10 554 11 882
1456934400 10 677 11 1251
1456927200 10 448 11 919
1456920000 10 238 11 324
1456912800 10 246 11 513
1456905600 10 236 12 309
1456898400 10 231 11 284
1456891200 10 231 11 299
1456884000 10 234 11 297
1456876800 10 272 11 576
1456869600 10 593 11 746
1456862400 2685 21417 6100 62147
1456855200 2542 20320 5588 44142
1456848000 2283 19320 7207 78837
1456840800 1767 16603 8925 97168
1456833600 10 333 11 397
1456826400 10 324 10 357
1456819200 10 328 12 368
1456812000 10 330 11 386
1456804800 10 332 10 401
1456797600 10 331 11 371
1456790400 10 405 11 761
1456783200 10 778 10 1218
1456776000 10 784 12 1074
1456768800 10 766 10 1377
1456761600 10 1062 10 2008
1456754400 10 651 10 1464
1456747200 10 264 10 347
1456740000 10 260 10 315
1456732800 9 261 12 535
1456725600 10 260 11 328
1456718400 10 256 11 291
1456711200 10 260 11 375
1456704000 10 256 10 324
1456696800 10 259 10 307
1456689600 10 258 12 317
1456682400 10 261 10 344
1456675200 10 263 10 344
1456668000 10 302 10 369
1456660800 10 308 10 369
1456653600 10 289 10 384
1456646400 10 258 12 328
1456639200 10 260 11 336
1456632000 10 263 10 358
1456624800 10 260 10 331
1456617600 10 257 10 305
1456610400 10 260 10 314
1456603200 10 255 12 349
1456596000 10 288 10 453
1456588800 10 338 10 510
1456581600 10 257 10 308
1456574400 10 256 10 311
1456567200 10 259 10 311
1456560000 9 257 12 314
1456552800 10 258 11 301
1456545600 10 257 10 300
1456538400 10 261 10 303
1456531200 10 314 10 475
1456524000 10 764 10 1092
1456516800 10 1040 12 1727
1456509600 10 1097 10 1495
1456502400 10 1037 10 1410
1456495200 10 787 10 1745
1456488000 10 501 10 583
1456480800 10 500 10 568
1456473600 10 509 12 617
1456466400 10 499 11 578
1456459200 10 510 11 594
1456452000 10 513 10 611
1456444800 10 556 10 774
1456437600 10 862 11 1257
1456430400 10 903 12 1657
1456423200 496 3383 3602 20722
1456416000 2763 17048 13459 85976
1456408800 764 1980 11294 12780
1456401600 10 523 10 602
1456394400 10 522 10 600
1456387200 10 507 12 600
1456380000 10 486 14 695
1456372800 10 480 10 606
1456365600 10 549 10 740
1456358400 10 846 10 1066
1456351200 10 1031 10 1261
1456344000 10 1063 12 1253
1456336800 9 1057 11 1455
1456329600 9 1233 11 1953
1456322400 9 806 11 1721
1456315200 10 466 10 667
1456308000 10 455 10 564
1456300800 9 455 12 545
1456293600 10 469 11 631
1456286400 10 483 10 622
1456279200 10 488 11 687
1456272000 10 607 11 1098
1456264800 1582 12602 6964 64325
1456257600 2080 12162 11147 46851
1456250400 1441 9663 5776 50872
1456243200 2934 19827 7807 50001
1456236000 979 6029 6199 39805
1456228800 10 343 10 463
1456221600 10 345 10 380
1456214400 10 358 14 642
1456207200 10 371 11 505
1456200000 10 477 10 732
1456192800 10 479 10 583
1456185600 10 536 10 883
1456178400 10 945 10 1256
1456171200 10 1002 12 1242
1456164000 10 1028 11 1204
1456156800 10 1012 10 1267
1456149600 10 805 10 1339
1456142400 10 352 10 406
1456135200 10 362 10 457
1456128000 10 359 12 453
1456120800 10 350 11 403
1456113600 10 348 10 401
1456106400 10 348 10 428
1456099200 10 352 10 428
1456092000 10 351 11 419
1456084800 10 352 12 404
1456077600 10 354 10 400
1456070400 10 346 10 406
1456063200 10 337 10 389
1456056000 10 336 11 377
1456048800 10 337 11 389
1456041600 9 336 12 392
1456034400 10 337 11 394
1456027200 10 337 11 390
1456020000 10 336 11 390
1456012800 10 341 11 384
1456005600 10 337 11 367
1455998400 10 338 12 392
1455991200 10 338 11 385
1455984000 10 341 11 410
1455976800 10 335 11 365
1455969600 10 338 11 400
1455962400 10 337 11 406
1455955200 10 341 12 410
1455948000 10 350 11 476
1455940800 10 350 11 408
1455933600 10 357 11 412
1455926400 10 384 11 577
1455919200 2658 21090 12428 87779
1455912000 1530 9612 7486 25190
1455904800 1890 17809 9565 138175
1455897600 2339 19995 7522 60967
1455890400 961 6190 4868 31728
1455883200 10 448 11 694
1455876000 10 428 11 482
1455868800 9 429 12 556
1455861600 10 424 11 464
1455854400 10 482 11 643
1455847200 10 491 28 543
1455840000 10 614 10 1096
1455832800 1366 12030 5709 58996
1455825600 529 3181 2632 19890
1455818400 7059 31696 50367 105327
1455811200 2038 15026 6423 56518
1455804000 1910 16952 6051 60754
1455796800 10 445 11 534
1455789600 10 438 11 508
1455782400 10 430 11 489
1455775200 10 438 11 557
1455768000 10 479 11 566
1455760800 10 481 11 568
1455753600 10 582 11 862
1455746400 10 1018 11 1525
1455739200 10 1009 11 1773
1455732000 10 958 11 1265
1455724800 10 1126 11 2070
1455717600 10 755 11 1364
1455710400 10 456 11 532
1455703200 10 463 11 521
1455696000 10 464 11 550
1455688800 10 472 11 620
1455681600 10 483 11 567
1455674400 10 492 11 669
1455667200 10 658 11 1228
1455660000 2302 15522 10730 88146
1455652800 1949 14165 5527 45590
1455645600 1959 14462 6696 57614
1455638400 3351 26070 8687 81692
1455631200 923 6640 4854 45157
1455624000 10 272 11 365
1455616800 10 269 11 342
1455609600 10 267 12 334
1455602400 10 311 11 484
1455595200 10 324 11 837
1455588000 10 259 11 309
1455580800 10 274 11 331
1455573600 10 270 11 319
1455566400 10 268 11 312
1455559200 10 270 11 432
1455552000 10 268 11 355
1455544800 10 257 11 313
1455537600 10 262 11 329
1455530400 10 262 11 337
1455523200 10 261 12 319
1455516000 10 264 11 330
1455508800 10 258 11 328
1455501600 10 260 11 307
1455494400 10 258 11 304
1455487200 10 260 11 321
1455480000 10 258 11 334
1455472800 10 256 11 305
1455465600 10 262 11 318
1455458400 10 262 11 324
1455451200 10 261 11 359
1455444000 10 281 11 483
1455436800 10 262 12 365
1455429600 10 250 11 460
1455422400 10 228 11 281
1455415200 10 234 11 314
1455408000 10 232 11 276
1455400800 10 232 11 301
1455393600 10 245 12 319
1455386400 10 230 11 283
1455379200 10 242 11 299
1455372000 10 254 11 481
1455364800 10 291 11 432
1455357600 10 406 11 799
1455350400 9 305 12 383
1455343200 10 335 11 517
1455336000 10 340 11 507
1455328800 10 342 11 625
1455321600 10 421 11 708
1455314400 238 2278 4150 31398
1455307200 477 2129 1996 9521
1455300000 1761 12625 3932 29385
1455292800 1403 10596 4269 39185
1455285600 1010 9930 5379 73661
1455278400 10 290 10 403
1455271200 10 292 11 399
1455264000 10 280 12 325
1455256800 10 288 11 352
1455249600 10 289 10 380
1455242400 10 333 10 470
1455235200 10 486 10 844
1455228000 10 907 10 1273
1455220800 10 1054 12 1821
1455213600 10 947 10 1345
1455206400 10 1175 10 1845
1455199200 10 750 10 1646
1455192000 10 232 10 278
1455184800 10 285 11 782
1455177600 10 235 12 313
1455170400 10 272 11 533
1455163200 10 275 10 389
1455156000 10 288 10 357
1455148800 10 396 10 579
1455141600 10 696 10 1066
1455134400 10 804 12 1334
1455127200 10 779 11 1193
1455120000 10 823 10 1456
1455112800 10 568 10 1023
1455105600 10 251 10 356
1455098400 10 302 11 782
1455091200 10 295 12 443
1455084000 10 362 11 586
1455076800 10 386 10 528
1455069600 10 452 10 908
1455062400 10 483 10 1009
1455055200 121 1401 945 8361
1455048000 2121 17049 7234 68459
1455040800 3571 26488 7071 72448
1455033600 3471 20546 18051 76000
1455026400 579 3788 4826 38630
1455019200 10 309 12 396
1454976000 10 498 12 1789
1454889600 9 233 12 457
1454803200 10 228 23 351
1454716800 566 5018 12092 208856
1454630400 519 3810 11480 58756
1454544000 10 575 12 2283
1454457600 648 3608 11406 51144
1454371200 10 533 12 1508
1454284800 10 289 12 350
1454198400 10 289 17 460
1454112000 533 3268 9658 61547
1454025600 10 573 12 1770
1453939200 983 7717 10590 137223
1453852800 777 5177 12784 79879
1453766400 10 592 12 2660
1453680000 9 267 12 338
1453593600 10 267 12 347
1453507200 10 531 12 1416
1453420800 642 4730 8194 68633
1453334400 584 4491 9655 88506
1453248000 10 502 12 1343
1453161600 10 444 12 1468
1453075200 9 243 12 394
1452988800 10 211 12 296
1452902400 953 4365 12500 65840
1452816000 494 3802 7598 84648
1452729600 10 514 12 1611
1452643200 781 6621 9176 89479
1452556800 10 545 12 1529
1452470400 10 248 14 708
1452384000 10 315 12 5476
1452297600 494 3277 16948 62809
1452211200 583 3323 8958 37932
1452124800 10 830 12 54950
1452038400 10 542 39 1658
1451952000 10 524 12 16586
1451865600 10 249 12 573
1451779200 10 242 12 323
1451692800 10 244 12 339
1451606400 10 314 12 922
1451520000 10 355 12 1129
1451433600 10 341 12 1087
1451347200 9 219 12 694
1451260800 9 188 12 269
1451174400 10 196 11 324
1451088000 10 186 11 261
1451001600 9 242 11 781
1450915200 10 561 11 1757
1450828800 409 2695 5995 54583
1450742400 951 7473 18311 79275
1450656000 10 217 12 265
1450569600 10 227 12 346
1450483200 605 4323 6416 49307
1450396800 677 4476 9328 67427
1450310400 9 485 12 1342
1450224000 576 3554 22489 55963
1450137600 10 672 12 2297
1450051200 10 389 12 450
1449964800 10 363 16 669
1449878400 759 6250 7503 81171
1449792000 10 702 12 1729
1449705600 714 5221 12860 112469
1449619200 596 4313 6798 67024
1449532800 10 620 24 1966
1449446400 10 349 17 414
1449360000 10 349 12 415
1449273600 493 4139 5758 59778
1449187200 622 4704 6453 64784
1449100800 10 718 12 1725
1449014400 612 4566 6681 70136
1448928000 9 655 12 1518
1448841600 9 407 12 673
1448755200 10 409 12 678
1448668800 495 3615 7191 51172
1448582400 593 2869 13865 46510
1448496000 10 679 12 2066
1448409600 10 700 12 1533
1448323200 9 616 12 1843
1448236800 10 335 12 385
1448150400 10 335 12 380
1448064000 457 3431 7261 38818
1447977600 667 5371 14947 263355
1447891200 10 670 12 2029
1447804800 716 5966 10136 125722
1447718400 10 764 12 1544
1447632000 10 569 12 661
1447545600 10 546 12 642
1447459200 1021 5149 13921 108410
1447372800 9 642 12 1383
1447286400 10 700 12 1832
1447200000 901 7443 18177 138118
1447113600 10 641 11 3341
1447027200 10 387 12 659
1446940800 10 385 12 605
1446854400 448 2995 5857 35131
1446768000 545 3679 12115 49750
1446681600 10 895 34 2074
1446595200 385 2947 7669 74017
1446508800 10 715 12 1524
1446422400 10 458 12 617
1446336000 10 452 12 554
1446249600 177 1912 5065 36447
1446163200 318 2614 6546 60110
1446076800 835 4628 14506 63940
1445990400 594 3799 6371 53791
1445904000 10 612 12 1270
1445817600 10 421 12 503
1445731200 9 428 12 614
1445644800 10 746 12 1812
1445558400 583 4422 7057 60736
1445472000 477 3841 7362 63725
1445385600 620 5018 11597 185954
1445299200 701 4677 9627 69582
1445212800 10 480 12 589
1445126400 10 444 12 551
1445040000 541 3577 8853 54006
1444953600 692 6045 12568 155813
1444867200 10 695 12 1938
1444780800 778 5664 7373 61015
1444694400 10 378 12 651
1444608000 9 400 12 915
1444521600 10 417 12 549
1444435200 109 1251 4357 34095
1444348800 530 4001 6844 54339
1444262400 527 4267 5653 41558
1444176000 611 4278 9449 95409
1444089600 9 663 26 1559
1444003200 10 488 12 579
1443916800 10 489 12 575
1443830400 10 812 12 1487
1443744000 740 6321 9141 113207
1443657600 516 4206 6232 58198
1443571200 813 5568 12321 70165
1443484800 559 4468 6423 59366
1443398400 9 696 12 1004
1443312000 10 654 12 760
1443225600 835 6617 14187 221137
1443139200 459 3485 5369 42841
1443052800 681 5533 7235 68018
1442966400 642 4302 11512 59989
1442880000 832 5755 18052 70907
1442793600 10 566 11 839
1442707200 10 594 11 1357
1442620800 553 4091 11426 85619
1442534400 609 4912 6731 58551
1442448000 668 5376 6643 65838
1442361600 10 784 12 1728
1442275200 781 6022 10374 86156
1442188800 10 394 12 686
1442102400 10 468 12 973
1442016000 413 2912 5914 41808
1441929600 422 2810 5325 38334
1441843200 620 3910 7339 55565
1441756800 910 6009 11981 63637
1441670400 9 442 12 622
1441584000 10 441 12 518
1441497600 10 433 20 765
1441411200 9 695 12 1469
1441324800 1053 9315 29510 450901
1441238400 763 4850 10300 58273
1441152000 10 770 12 1777
1441065600 10 729 12 1851
1440979200 10 442 12 516
1440892800 10 442 12 513
1440806400 10 636 12 1678
1440720000 829 6009 7070 59529
1440633600 463 3016 11128 55671
1440547200 781 5604 6695 57191
1440460800 1000 7389 14877 90229
1440374400 10 418 12 463
1440288000 10 421 67 1010
1440201600 924 6994 11100 126873
1440115200 725 4249 7824 72037
1440028800 1020 8370 14249 191328
1439942400 1066 6359 13211 68522
1439856000 10 710 12 1705
1439769600 10 405 12 452
1439683200 10 399 12 491
1439596800 10 652 17 1271
1439510400 10 708 12 1421
1439424000 835 5318 10403 71002
1439337600 780 5745 7446 74382
1439251200 905 5994 10801 61956
1439164800 10 416 14 483
1439078400 10 422 23 513
1438992000 773 5874 6751 71518
1438905600 865 5698 6300 53084
1438819200 10 709 12 1803
1438732800 740 5205 9084 72083
1438646400 10 422 12 751
1438560000 10 402 12 529
1438473600 10 402 26 467
1438387200 512 3190 6338 73716
1438300800 997 7476 12154 176645
1438214400 873 6353 11217 121497
1438128000 1227 6141 73978 98990
1438041600 857 5268 10541 49430
1437955200 9 370 12 424
1437868800 10 379 12 915
1437782400 794 5084 8444 62464
1437696000 693 4702 8304 62434
1437609600 781 4816 8413 46215
1437523200 894 5727 6984 52495
1437436800 10 630 23 1637
1437350400 8 379 12 439
1437264000 10 388 11 491
1437177600 10 540 27 1281
1437091200 747 3470 12548 56236
1437004800 747 4831 7973 84304
1436918400 10 681 12 1811
1436832000 10 571 12 1406
1436745600 10 365 12 437
1436659200 10 367 12 443
1436572800 10 596 12 1435
1436486400 10 653 23 1402
1436400000 759 4723 5727 42473
1436313600 897 5544 9179 67003
1436227200 706 4278 9649 60230
1436140800 10 376 12 425
1436054400 10 378 12 431
1435968000 10 567 12 1213
1435881600 901 6689 13887 221105
1435795200 10 378 12 633
1435708800 693 3713 12127 55747
1435622400 770 4900 11088 73081
1435536000 10 509 12 606
1435449600 10 523 12 769
1435363200 504 3288 7344 62340
1435276800 1061 5908 8284 85640
1435190400 744 3548 7584 55921
1435104000 810 4691 10218 53619
1435017600 1177 6793 11934 124040
1434931200 9 363 12 570
1434844800 10 372 12 511
1434758400 892 5717 12146 108529
1434672000 800 4921 8229 61618
1434585600 1030 4516 21270 176715
1434499200 550 3477 5887 67003
1434412800 1061 6602 9966 63648
1434326400 10 407 12 462
1434240000 10 411 17 685
1434153600 10 673 12 1431
1434067200 10 846 12 1757
1433980800 10 700 34 1899
1433894400 889 5691 15402 98036
1433808000 9 542 12 1495
1433721600 10 269 12 353
1433635200 10 274 14 788
1433548800 795 5486 10212 83266
1433462400 526 3199 6103 49892
1433376000 835 5240 15058 195541
1433289600 10 568 12 1305
1433203200 9 465 12 1453
1433116800 10 238 12 765
1433030400 10 321 36 3888
1432944000 10 608 12 2175
1432857600 10 588 12 1983
1432771200 10 629 12 1928
1432684800 10 579 12 1509
1432598400 10 444 17 1196
1432512000 9 212 12 251
1432425600 10 212 17 336
1432339200 10 507 12 1235
1432252800 584 3037 7185 40097
1432166400 10 489 12 1216
1432080000 376 2095 7652 42210
1431993600 10 207 12 356
1431907200 9 200 12 251
1431820800 10 201 12 261
1431734400 726 3300 12980 75927
1431648000 458 2262 7982 62378
1431561600 10 466 12 1575
1431475200 863 5070 10817 64402
1431388800 783 4496 11545 86492
1431302400 10 242 12 307
1431216000 1 70 10 380
1431129600 0 0 0 0
1431043200 0 0 0 0
1430956800 0 0 0 0
1430870400 0 0 0 0
1430784000 0 0 0 0
1430697600 0 0 0 0
1430611200 0 0 0 0
1430524800 0 0 0 0
1430438400 0 0 0 0
1430352000 0 19 43 594
1430265600 42 521 71 1305
1430179200 42 463 44 1232
1430092800 42 281 44 542
1430006400 42 308 44 1050
1429920000 42 575 44 1584
1429833600 42 578 53 1636
1429747200 42 515 65 1477
1429660800 41 632 44 1567
1429574400 93 658 9668 13744
1429488000 42 367 44 569
1429401600 42 350 58 475
1429315200 608 2025 17530 88498
1429228800 978 3036 19376 64713
1429142400 642 3584 14044 205086
1429056000 42 748 44 1492
1428969600 199 1310 18874 136111
1428883200 0 0 0 0
1428796800 0 0 0 0
1428710400 0 0 0 0
1428624000 0 0 0 0
1428537600 0 0 0 0
1428451200 0 0 0 0
1428364800 0 0 0 0
1428278400 0 0 0 0
1428192000 0 0 0 0
1428105600 0 0 0 0
1428019200 0 0 0 0
1427932800 0 0 0 0
1427846400 0 0 0 0
1427760000 0 0 0 0
1427673600 0 0 0 0
1427587200 0 0 0 0
1427500800 0 0 0 0
1427414400 0 0 0 0
1427328000 0 0 0 0
1427241600 0 0 0 0
1427155200 0 0 0 0
1427068800 0 0 0 0
1426982400 0 0 0 0
1426896000 0 0 0 0
1426809600 0 0 0 0
1426723200 0 0 0 0
1426636800 0 0 0 0
1426550400 0 0 0 0
1426464000 0 0 0 0
1426377600 0 0 0 0
1426291200 0 0 0 0
1426204800 0 0 0 0
1426118400 26 304 44 2237
1426032000 41 477 44 1662
1425945600 41 494 58 4567
1425859200 41 209 44 292
1425772800 41 206 44 351
1425686400 41 459 44 1684
1425600000 41 472 44 1585
1425513600 41 431 44 1813
1425427200 41 434 44 1527
1425340800 41 393 44 1651
1425254400 41 176 44 233
1425168000 41 173 43 212
1425081600 41 387 44 1333
1424995200 41 385 44 1471
1424908800 41 456 46 1830
1424822400 41 530 44 1414
1424736000 42 449 44 2260
1424649600 42 169 44 230
1424563200 42 169 44 213
1424476800 42 505 44 1708
1424390400 42 495 44 1634
1424304000 42 569 44 1651
1424217600 42 434 44 1499
1424131200 42 168 44 341
1424044800 42 170 44 291
1423958400 42 177 83 310
1423872000 42 485 44 1534
1423785600 41 503 44 1537
1423699200 416 2251 26435 279016
1423612800 800 2651 8822 121009
1423526400 367352 11837 10167983 437817
1423440000 42 181 44 227
1423353600 42 241 44 18001
1423267200 41 489 44 1494
1423180800 42 570 44 1928
1423094400 154555 3749 11617695 259759
1423008000 42 562 44 32186
1422921600 42 403 44 1605
1422835200 42 169 44 244
1422748800 42 174 44 807
1422662400 42 555 44 1752
1422576000 42 617 54 1703
1422489600 42 693 44 2105
1422403200 42 572 67 9478
1422316800 41 439 44 1512
1422230400 41 174 66 400
1422144000 41 172 43 302
1422057600 41 487 43 1649
1421971200 41 502 43 6116
1421884800 41 665 43 2109
1421798400 41 554 44 1834
1421712000 41 444 43 1468
1421625600 41 173 43 206
1421539200 41 173 43 385
1421452800 41 436 43 2189
1421366400 41 630 89 2161
1421280000 41 588 46 4527
1421193600 41 671 44 1982
1421107200 41 651 44 2302
1421020800 41 348 44 1243
1420934400 41 331 44 844
1420848000 41 654 44 2071
1420761600 41 631 49 1805
1420675200 41 670 44 2107
1420588800 41 699 44 2201
1420502400 42 751 44 2790
1420416000 42 312 44 576
1420329600 42 319 46 847
1420243200 42 436 44 2468
1420156800 42 271 44 1435
1420070400 42 307 46 1201
1419984000 42 674 44 7896
1419897600 42 497 44 1921
1419811200 42 157 46 203
1419724800 41 157 44 198
1419638400 42 157 44 194
1419552000 41 157 45 193
1419465600 42 157 44 239
1419379200 42 455 44 1378
1419292800 42 1046 44 34891
1419206400 42 171 44 461
1419120000 42 164 44 293
1419033600 42 500 44 1757
1418947200 42 701 44 36555
1418860800 550 1530 66860 44716
1418774400 511 1263 65588 85795
1418688000 42 500 44 1504
1418601600 42 280 44 396
1418515200 42 272 44 511
1418428800 41 487 44 2709
1418342400 41 603 44 1618
1418256000 41 583 49 2130
1418169600 41 681 45 1613
1418083200 41 638 44 4877
1417996800 41 178 44 438
1417910400 41 178 44 432
1417824000 41 567 43 1912
1417737600 41 565 48 1690
1417651200 41 510 43 1446
1417564800 41 509 46 1604
1417478400 41 462 44 1479
1417392000 41 183 44 337
1417305600 41 185 43 415
1417219200 41 649 44 1467
1417132800 41 645 66 1439
1417046400 41 982 44 2376
1416960000 41 769 44 2385
1416873600 41 520 44 1687
1416787200 41 231 44 954
1416700800 41 221 44 1054
1416614400 41 540 59 1551
1416528000 41 669 44 1753
1416441600 41 504 43 1920
1416355200 41 371 44 1324
1416268800 88 853 3653 72108
1416182400 42 199 64 247
1416096000 42 198 44 348
1416009600 42 510 44 1583
1415923200 59 653 102 1983
1415836800 80 679 449 2468
1415750400 80 598 438 2268
1415664000 81 445 435 2041
1415577600 95 336 1199 7620
1415491200 280 1023 2326 12125
1415404800 150 801 4633 16810
1415318400 171 854 7673 19134
1415232000 313 1260 5447 25126
1415145600 201 933 3791 15519
1415059200 168 806 4653 30237
1414972800 72 355 461 1627
1414886400 222 998 1835 10986
1414800000 371 1503 5731 24345
1414713600 442 1821 7151 24397
1414627200 332 1464 5968 11473
1414540800 440 2370 3174 17420
1414454400 306 2038 4537 66756
1414368000 0 0 0 0
1414281600 0 0 0 0
1414195200 0 0 0 0
1414108800 0 0 0 0
1414022400 0 0 0 0
1413936000 0 0 0 0
1413849600 0 0 0 0
1413763200 0 0 0 0
1413676800 0 0 0 0
1413590400 0 0 0 0
1413504000 0 0 0 0
1413417600 0 0 0 0
1413331200 0 0 0 0
1413244800 0 0 0 0
1413158400 0 0 0 0
1413072000 0 0 0 0
1412985600 0 0 0 0
1412899200 0 0 0 0
1412812800 0 0 0 0
1412726400 0 0 0 0
1412640000 0 0 0 0
1412553600 0 0 0 0
1412467200 0 0 0 0
1412380800 0 0 0 0
1412294400 0 0 0 0
1412208000 0 0 0 0
1412121600 0 0 0 0
1412035200 0 0 0 0
1411948800 0 0 0 0
1411862400 0 0 0 0
1411776000 0 0 0 0
1411689600 0 0 0 0
1411603200 0 0 0 0
1411516800 0 0 0 0
1411430400 175 655 409 1695
1411344000 323 918 501 6956
1411257600 383 1420 493 3898
1411171200 380 1488 585 2115
1411084800 324 1129 2582 10262
1410998400 294 1996 6163 259207
1410912000 81 648 3817 9892
1410825600 10 399 12 1184
1410739200 10 314 12 628
1410652800 10 375 12 801
1410566400 10 463 34 1019
1410480000 10 512 12 1328
1410393600 10 537 12 1255
1410307200 10 544 11 1509
1410220800 10 475 11 1255
1410134400 10 332 11 596
1410048000 10 350 27 1330
1409961600 12 496 31 1456
1409875200 12 496 14 1221
1409788800 12 558 14 1638
1409702400 12 426 23 1199
1409616000 12 319 14 496
1409529600 12 308 14 432
1409443200 12 343 14 739
1409356800 12 464 14 1884
1409270400 12 413 15 1359
1409184000 12 441 14 1323
1409097600 12 436 14 1315
1409011200 12 364 14 1145
1408924800 12 202 14 304
1408838400 12 199 14 424
1408752000 12 391 14 1223
1408665600 12 415 14 1288
1408579200 12 420 14 1503
1408492800 12 482 14 1266
1408406400 12 355 14 1024
1408320000 12 182 14 227
1408233600 12 184 14 444
1408147200 12 391 14 1213
1408060800 12 462 76 1299
1407974400 12 530 14 4265
1407888000 12 415 14 1153
1407801600 21 325 1854 1605
1407715200 10 160 12 229
1407628800 10 161 14 227
1407542400 10 367 12 861
1407456000 9 526 12 1722
1407369600 10 576 12 1919
1407283200 10 533 12 1990
1407196800 10 318 12 568
1407110400 9 298 12 401
1407024000 10 297 12 428
1406937600 10 410 34 1091
1406851200 10 521 12 1257
1406764800 10 549 12 1494
1406678400 9 597 12 1478
1406592000 10 519 12 1289
1406505600 10 324 12 468
1406419200 10 335 12 458
1406332800 10 329 12 857
1406246400 10 423 12 1185
1406160000 10 476 34 1200
1406073600 10 512 12 1346
1405987200 10 491 12 1165
1405900800 9 337 12 664
1405814400 10 342 12 476
1405728000 9 420 12 1063
1405641600 10 528 12 1301
1405555200 10 449 12 981
1405468800 10 645 12 2683
1405382400 10 437 12 1449
1405296000 10 174 12 216
1405209600 10 184 12 374
1405123200 10 275 26 970
1405036800 10 445 12 1226
1404950400 2111 2793 302911 188317
1404864000 10 481 12 1245
1404777600 10 384 12 1198
1404691200 10 192 12 280
1404604800 10 189 12 251
1404518400 10 376 12 1235
1404432000 10 410 12 1247
1404345600 10 394 165 1139
1404259200 10 232 12 617
1404172800 10 299 12 731
1404086400 9 211 12 264
1404000000 10 212 12 310
1403913600 10 287 12 854
1403827200 9 543 34 5937
1403740800 10 591 12 1270
1403654400 10 567 12 1515
1403568000 10 490 12 1775
1403481600 10 230 23 543
1403395200 10 233 26 331
1403308800 10 619 34 1524
1403222400 10 643 12 2288
1403136000 10 613 29 3303
1403049600 10 608 12 1551
1402963200 10 579 12 1584
1402876800 10 496 101 815
1402790400 10 414 12 693
1402704000 10 553 13 1341
1402617600 10 636 12 1937
1402531200 9 521 12 1008
1402444800 10 546 12 1768
1402358400 10 601 26 1602
1402272000 10 459 12 866
1402185600 9 460 12 718
1402099200 309 670 18950 34947
1402012800 154 191 18439 9272
1401926400 365 814 28689 36348
1401840000 0 0 0 0
1401753600 447 576 65195 13894
1401667200 0 0 0 0
1401580800 0 0 0 0
1401494400 0 0 0 0
1401408000 0 0 0 0
1401321600 3 218 233 986
1401235200 2447 787 612329 26802
1401148800 671 1118 27680 24301
1401062400 10 341 12 419
1400976000 10 341 12 458
1400889600 69 208 4123 6900
1400803200 0 0 0 0
1400716800 0 0 0 0
1400630400 0 193 0 1146
1400544000 0 214 0 309
1400457600 0 210 0 245
1400371200 0 205 0 516
1400284800 99 848 4036 13439
1400198400 100 880 7122 23500
1400112000 96 540 4294 9414
1400025600 27 149 3075 23251
1399939200 0 0 0 0
1399852800 0 0 0 0
1399766400 0 0 0 0
1399680000 0 0 0 0
1399593600 0 0 0 0
1399507200 0 0 0 0
1399420800 0 0 0 0
1399334400 0 0 0 0
1399248000 0 0 0 0
1399161600 0 0 0 0
1399075200 0 0 0 0
1398988800 0 0 0 0
1398902400 0 0 0 0
1398816000 0 0 0 0
1398729600 0 0 0 0
1398643200 0 0 0 0
1398556800 0 0 0 0
1398470400 0 0 0 0
1398384000 0 0 0 0
1398297600 0 0 0 0
1398211200 0 0 0 0
1398124800 0 0 0 0
1398038400 0 0 0 0
1397952000 0 0 0 0
1397865600 0 0 0 0
1397779200 0 0 0 0
1397692800 0 0 0 0
1397606400 0 0 0 0
1397520000 0 0 0 0
1397433600 0 0 0 0
1397347200 0 0 0 0
1397260800 0 0 0 0
1397174400 0 0 0 0
1397088000 0 0 0 0
1397001600 0 0 0 0
1396915200 0 0 0 0
1396828800 0 0 0 0
1396742400 0 0 0 0
1396656000 0 0 0 0
1396569600 0 0 0 0
1396483200 0 0 0 0
1396396800 0 0 0 0
1396310400 0 0 0 0
1396224000 0 0 0 0
1396137600 0 0 0 0
1396051200 0 0 0 0
1395964800 0 0 0 0
1395878400 0 0 0 0
1395792000 0 0 0 0
1395705600 0 0 0 0
1395619200 0 0 0 0
1395532800 0 0 0 0
1395446400 0 0 0 0
1395360000 0 0 0 0
1395273600 0 0 0 0
1395187200 0 0 0 0
1395100800 0 0 0 0
1395014400 0 0 0 0
1394928000 0 0 0 0
1394841600 0 0 0 0
1394755200 0 0 0 0
1394668800 0 0 0 0
1394582400 0 0 0 0
1394496000 0 0 0 0
1394409600 0 0 0 0
1394323200 0 0 0 0
1394236800 0 0 0 0
1394150400 0 0 0 0
1394064000 0 0 0 0
1393977600 0 0 0 0
1393891200 0 0 0 0
1393804800 0 0 0 0
1393718400 0 0 0 0
1393632000 0 0 0 0
1393545600 0 0 0 0
1393459200 0 0 0 0
1393372800 0 0 0 0
1393286400 0 0 0 0
1393200000 0 0 0 0
1393113600 0 0 0 0
1393027200 0 0 0 0
1392940800 0 0 0 0
1392854400 0 0 0 0
1392768000 0 0 0 0
1392681600 0 0 0 0
1392595200 0 0 0 0
1392508800 0 0 0 0
1392422400 0 0 0 0
1392336000 0 0 0 0
1392249600 0 0 0 0
1392163200 0 0 0 0
1392076800 0 0 0 0
1391990400 0 0 0 0
1391904000 0 0 0 0
1391817600 0 0 0 0
