1460685978 -1 -1
1460685978 10 396 10 396
1460601740 10 396 10 396
1460601600 10 396 10 396
1460601300 10 396 10 396
1460601000 10 396 10 396
1460600700 10 396 10 396
1460600400 10 396 10 396
1460600100 10 396 10 396
1460599800 10 396 10 396
1460599500 10 396 10 396
1460599200 10 396 10 396
1460598900 10 396 10 396
1460598600 10 396 10 396
1460598300 10 396 10 396
1460598000 10 396 10 396
1460597700 10 396 10 396
1460597400 10 396 10 396
1460597100 10 396 10 396
1460596800 10 396 10 396
1460596500 10 396 10 396
1460596200 10 396 10 396
1460595900 10 396 10 396
1460595600 10 396 10 396
1460595300 10 396 10 396
1460595000 10 396 10 396
1460594700 10 396 10 396
1460594400 10 396 10 396
1460594100 10 396 10 396
1460593800 10 396 10 396
1460593500 10 396 10 396
1460593200 10 396 10 396
1460592900 10 396 10 396
1460592600 10 396 10 396
1460592300 10 396 10 396
1460592000 10 396 10 396
1460591700 10 396 10 396
1460591400 10 396 10 396
1460591100 10 396 10 396
1460590800 10 396 10 396
1460590500 10 396 10 396
1460590200 10 396 10 396
1460589900 10 396 10 396
1460589600 10 396 10 396
1460589300 10 396 10 396
1460589000 10 396 10 396
1460588700 10 396 10 396
1460588400 10 396 10 396
1460588100 10 396 10 396
1460587800 10 396 10 396
1460587500 10 396 10 396
1460587200 10 396 10 396
1460586900 10 396 10 396
1460586600 10 396 10 396
1460586300 10 396 10 396
1460586000 10 396 10 396
1460585700 10 396 10 396
1460585400 10 396 10 396
1460585100 10 396 10 396
1460584800 10 396 10 396
1460584500 10 396 10 396
1460584200 10 396 10 396
1460583900 10 396 10 396
1460583600 10 396 10 396
1460583300 10 396 10 396
1460583000 10 396 10 396
1460582700 10 396 10 396
1460582400 10 396 10 396
1460582100 10 396 10 396
1460581800 10 396 10 396
1460581500 10 396 10 396
1460581200 10 396 10 396
1460580900 10 396 10 396
1460580600 10 396 10 396
1460580300 10 396 10 396
1460580000 10 396 10 396
1460579700 10 396 10 396
1460579400 10 396 10 396
1460579100 10 396 10 396
1460578800 10 396 10 396
1460578500 10 396 10 396
1460578200 10 396 10 396
1460577900 10 396 10 396
1460577600 10 396 10 396
1460577300 10 396 10 396
1460577000 10 396 10 396
1460576700 10 396 10 396
1460576400 10 396 10 396
1460576100 10 396 10 396
1460575800 10 396 10 396
1460575500 10 396 10 396
1460575200 10 396 10 396
1460574900 10 396 10 396
1460574600 10 396 10 396
1460574300 10 396 10 396
1460574000 10 396 10 396
1460573700 10 396 10 396
1460573400 10 396 10 396
1460573100 10 396 10 396
1460572800 10 396 10 396
1460572500 10 396 10 396
1460572200 10 396 10 396
1460571900 10 396 10 396
1460571600 10 396 10 396
1460571300 10 396 10 396
1460571000 10 396 10 396
1460570700 10 396 10 396
1460570400 10 396 10 396
1460570100 10 396 10 396
1460569800 10 396 10 396
1460569500 10 396 10 396
1460569200 10 396 10 396
1460568900 10 396 10 396
1460568600 10 396 10 396
1460568300 10 396 10 396
1460568000 10 396 10 396
1460567700 10 396 10 396
1460567400 10 396 10 396
1460567100 10 396 10 396
1460566800 10 396 10 396
1460566500 10 396 10 396
1460566200 10 396 10 396
1460565900 10 396 10 396
1460565600 10 396 10 396
1460565300 10 396 10 396
1460565000 10 396 10 396
1460564700 10 396 10 396
1460564400 10 396 10 396
1460564100 10 396 10 396
1460563800 10 396 10 396
1460563500 10 396 10 396
1460563200 10 396 10 396
1460562900 10 396 10 396
1460562600 10 396 10 396
1460562300 10 396 10 396
1460562000 10 396 10 396
1460561700 10 396 10 396
1460561400 10 396 10 396
1460561100 10 396 10 396
1460560800 10 396 10 396
1460560500 10 396 10 396
1460560200 10 396 10 396
1460559900 10 396 10 396
1460559600 10 396 10 396
1460559300 10 396 10 396
1460559000 10 396 10 396
1460558700 10 396 10 396
1460558400 10 396 10 396
1460558100 10 396 10 396
1460557800 10 396 10 396
1460557500 10 396 10 396
1460557200 10 396 10 396
1460556900 10 396 10 396
1460556600 10 396 10 396
1460556300 10 396 10 396
1460556000 10 396 10 396
1460555700 10 396 10 396
1460555400 10 396 10 396
1460555100 10 396 10 396
1460554800 10 396 10 396
1460554500 10 396 10 396
1460554200 10 396 10 396
1460553900 10 396 10 396
1460553600 10 396 10 396
1460553300 10 396 10 396
1460553000 10 396 10 396
1460552700 10 396 10 396
1460552400 10 396 10 396
1460552100 10 396 10 396
1460551800 10 396 10 396
1460551500 10 396 10 396
1460551200 10 396 10 396
1460550900 10 396 10 396
1460550600 10 396 10 396
1460550300 10 396 10 396
1460550000 10 396 10 396
1460549700 10 396 10 396
1460549400 10 396 10 396
1460549100 10 396 10 396
1460548800 10 396 10 396
1460548500 10 396 10 396
1460548200 10 396 10 396
1460547900 10 396 10 396
1460547600 10 396 10 396
1460547300 10 396 10 396
1460547000 10 396 10 396
1460546700 10 396 10 396
1460546400 10 396 10 396
1460546100 10 396 10 396
1460545800 10 396 10 396
1460545500 10 396 10 396
1460545200 10 396 10 396
1460544900 10 396 10 396
1460544600 10 396 10 396
1460544300 10 396 10 396
1460544000 10 396 10 396
1460543700 10 396 10 396
1460543400 10 396 10 396
1460543100 10 396 10 396
1460542800 10 396 10 396
1460542500 10 396 10 396
1460542200 10 396 10 396
1460541900 10 396 10 396
1460541600 10 396 10 396
1460541300 10 396 10 396
1460541000 10 396 10 396
1460540700 10 396 10 396
1460540400 10 396 10 396
1460540100 10 396 10 396
1460539800 10 396 10 396
1460539500 10 396 10 396
1460539200 10 396 10 396
1460538900 10 396 10 396
1460538600 10 396 10 396
1460538300 10 396 10 396
1460538000 10 396 10 396
1460537700 10 396 10 396
1460537400 10 396 10 396
1460537100 10 396 10 396
1460536800 10 396 10 396
1460536500 10 396 10 396
1460536200 10 396 10 396
1460535900 10 396 10 396
1460535600 10 396 10 396
1460535300 10 396 10 396
1460535000 10 396 10 396
1460534700 10 396 10 396
1460534400 10 396 10 396
1460534100 10 396 10 396
1460533800 10 396 10 396
1460533500 10 396 10 396
1460533200 10 396 10 396
1460532900 10 396 10 396
1460532600 10 396 10 396
1460532300 10 396 10 396
1460532000 10 396 10 396
1460531700 10 396 10 396
1460531400 10 396 10 396
1460531100 10 396 10 396
1460530800 10 396 10 396
1460530500 10 396 10 396
1460530200 10 396 10 396
1460529900 10 396 10 396
1460529600 10 396 10 396
1460529300 10 396 10 396
1460529000 10 396 10 396
1460528700 10 396 10 396
1460528400 10 396 10 396
1460528100 10 396 10 396
1460527800 10 396 10 396
1460527500 10 396 10 396
1460527200 10 396 10 396
1460526900 10 396 10 396
1460526600 10 396 10 396
1460526300 10 396 10 396
1460526000 10 396 10 396
1460525700 10 396 10 396
1460525400 10 396 10 396
1460525100 10 396 10 396
1460524800 10 396 10 396
1460524500 10 396 10 396
1460524200 10 396 10 396
1460523900 10 396 10 396
1460523600 10 396 10 396
1460523300 10 396 10 396
1460523000 10 396 10 396
1460522700 10 396 10 396
1460522400 10 396 10 396
1460522100 10 396 10 396
1460521800 10 396 10 396
1460521500 10 396 10 396
1460521200 10 396 10 396
1460520900 10 396 10 396
1460520600 10 396 10 396
1460520300 10 396 10 396
1460520000 10 396 10 396
1460519700 10 396 10 396
1460519400 10 396 10 396
1460519100 10 396 10 396
1460518800 10 396 10 396
1460518500 10 396 10 396
1460518200 10 396 10 396
1460517900 10 396 10 396
1460517600 10 396 10 396
1460517300 10 396 10 396
1460517000 10 396 10 396
1460516700 10 396 10 396
1460516400 10 396 10 396
1460516100 10 396 10 396
1460515800 10 396 10 396
1460515500 10 396 10 396
1460515200 10 396 10 396
1460514900 10 396 10 396
1460514600 10 396 10 396
1460514300 10 396 10 396
1460514000 10 396 10 396
1460513700 10 396 10 396
1460513400 10 396 10 396
1460513100 10 396 10 396
1460512800 10 396 10 396
1460512500 10 396 10 396
1460512200 10 396 10 396
1460511900 10 396 10 396
1460511600 10 396 10 396
1460511300 10 396 10 396
1460511000 10 396 10 396
1460510700 10 396 10 396
1460510400 10 396 10 396
1460510100 10 396 10 396
1460509800 10 396 10 396
1460509500 10 396 10 396
1460509200 10 396 10 396
1460508900 10 396 10 396
1460508600 10 396 10 396
1460508300 10 396 10 396
1460508000 10 396 10 396
1460507700 10 396 10 396
1460507400 10 396 10 396
1460507100 10 396 10 396
1460506800 10 396 10 396
1460506500 10 396 10 396
1460506200 10 396 10 396
1460505900 10 396 10 396
1460505600 10 396 10 396
1460505300 10 396 10 396
1460505000 10 396 10 396
1460504700 10 396 10 396
1460504400 10 396 10 396
1460504100 10 396 10 396
1460503800 10 396 10 396
1460503500 10 396 10 396
1460503200 10 396 10 396
1460502900 10 396 10 396
1460502600 10 396 10 396
1460502300 10 396 10 396
1460502000 10 396 10 396
1460501700 10 396 10 396
1460501400 10 396 10 396
1460501100 10 396 10 396
1460500800 10 396 10 396
1460500500 10 396 10 396
1460500200 10 396 10 396
1460499900 10 396 10 396
1460499600 10 396 10 396
1460499300 10 396 10 396
1460499000 10 396 10 396
1460498700 10 396 10 396
1460498400 10 396 10 396
1460498100 10 396 10 396
1460497800 10 396 10 396
1460497500 10 396 10 396
1460497200 10 396 10 396
1460496900 10 396 10 396
1460496600 10 396 10 396
1460496300 10 396 10 396
1460496000 10 396 10 396
1460495700 10 396 10 396
1460495400 10 396 10 396
1460495100 10 396 10 396
1460494800 10 396 10 396
1460494500 10 396 10 396
1460494200 10 396 10 396
1460493900 10 396 10 396
1460493600 10 396 10 396
1460493300 10 396 10 396
1460493000 10 396 10 396
1460492700 10 396 10 396
1460492400 10 396 10 396
1460492100 10 396 10 396
1460491800 10 396 10 396
1460491500 10 396 10 396
1460491200 10 396 10 396
1460490900 10 396 10 396
1460490600 10 396 10 396
1460490300 10 396 10 396
1460490000 10 396 10 396
1460489700 10 396 10 396
1460489400 10 396 10 396
1460489100 10 396 10 396
1460488800 10 396 10 396
1460488500 10 396 10 396
1460488200 10 396 10 396
1460487900 10 396 10 396
1460487600 10 396 10 396
1460487300 10 396 10 396
1460487000 10 396 10 396
1460486700 10 396 10 396
1460486400 10 396 10 396
1460486100 10 396 10 396
1460485800 10 396 10 396
1460485500 10 396 10 396
1460485200 10 396 10 396
1460484900 10 396 10 396
1460484600 10 396 10 396
1460484300 10 396 10 396
1460484000 10 396 10 396
1460483700 10 396 10 396
1460483400 10 396 10 396
1460483100 10 396 10 396
1460482800 10 396 10 396
1460482500 10 396 10 396
1460482200 10 396 10 396
1460481900 10 396 10 396
1460481600 10 396 10 396
1460481300 10 396 10 396
1460481000 10 396 10 396
1460480700 10 396 10 396
1460480400 10 396 10 396
1460480100 10 396 10 396
1460479800 10 396 10 396
1460479500 10 396 10 396
1460479200 10 396 10 396
1460478900 10 396 10 396
1460478600 10 396 10 396
1460478300 10 396 10 396
1460478000 10 396 10 396
1460477700 10 396 10 396
1460477400 10 396 10 396
1460477100 10 396 10 396
1460476800 10 396 10 396
1460476500 10 396 10 396
1460476200 10 396 10 396
1460475900 10 396 10 396
1460475600 10 396 10 396
1460475300 10 396 10 396
1460475000 10 396 10 396
1460474700 10 396 10 396
1460474400 10 396 10 396
1460474100 10 396 10 396
1460473800 10 396 10 396
1460473500 10 396 10 396
1460473200 10 396 10 396
1460472900 10 396 10 396
1460472600 10 396 10 396
1460472300 10 396 10 396
1460472000 10 396 10 396
1460471700 10 396 10 396
1460471400 10 396 10 396
1460471100 10 396 10 396
1460470800 10 396 10 396
1460470500 10 396 10 396
1460470200 10 396 10 396
1460469900 10 396 10 396
1460469600 10 396 10 396
1460469300 10 396 10 396
1460469000 10 396 10 396
1460468700 10 396 10 396
1460468400 10 396 10 396
1460468100 10 396 10 396
1460467800 10 396 10 396
1460467500 10 396 10 396
1460467200 10 396 10 396
1460466900 10 396 10 396
1460466600 10 396 10 396
1460466300 10 396 10 396
1460466000 10 396 10 396
1460465700 10 396 10 396
1460465400 10 396 10 396
1460465100 10 396 10 396
1460464800 10 396 10 396
1460464500 10 396 10 396
1460464200 10 396 10 396
1460463900 10 396 10 396
1460463600 10 396 10 396
1460463300 10 396 10 396
1460463000 10 396 10 396
1460462700 10 396 10 396
1460462400 10 396 10 396
1460462100 10 396 10 396
1460461800 10 396 10 396
1460461500 10 396 10 396
1460461200 10 396 10 396
1460460900 10 396 10 396
1460460600 10 396 10 396
1460460300 10 396 10 396
1460460000 10 396 10 396
1460459700 10 396 10 396
1460459400 10 396 10 396
1460459100 10 396 10 396
1460458800 10 396 10 396
1460458500 10 396 10 396
1460458200 10 396 10 396
1460457900 10 396 10 396
1460457600 10 396 10 396
1460457300 10 396 10 396
1460457000 10 396 10 396
1460456700 10 396 10 396
1460456400 10 396 10 396
1460456100 10 396 10 396
1460455800 10 396 10 396
1460455500 10 396 10 396
1460455200 10 396 10 396
1460454900 10 396 10 396
1460454600 10 396 10 396
1460454300 10 396 10 396
1460454000 10 396 10 396
1460453700 10 396 10 396
1460453400 10 396 10 396
1460453100 10 396 10 396
1460452800 10 396 10 396
1460452500 10 396 10 396
1460452200 10 396 10 396
1460451900 10 396 10 396
1460451600 10 396 10 396
1460451300 10 396 10 396
1460451000 10 396 10 396
1460450700 10 396 10 396
1460450400 10 396 10 396
1460450100 10 396 10 396
1460449800 10 396 10 396
1460449500 10 396 10 396
1460449200 10 396 10 396
1460448900 10 396 10 396
1460448600 10 396 10 396
1460448300 10 396 10 396
1460448000 10 396 10 396
1460447700 10 396 10 396
1460447400 10 396 10 396
1460447100 10 396 10 396
1460446800 10 396 10 396
1460446500 10 396 10 396
1460446200 10 396 10 396
1460445900 10 396 10 396
1460445600 10 396 10 396
1460445300 10 396 10 396
1460445000 10 396 10 396
1460444700 10 396 10 396
1460444400 10 396 10 396
1460444100 10 396 10 396
1460443800 10 396 10 396
1460443500 10 396 10 396
1460443200 10 396 10 396
1460442900 10 396 10 396
1460442600 10 396 10 396
1460442300 10 396 10 396
1460442000 10 396 10 396
1460441700 10 396 10 396
1460441400 10 396 10 396
1460441100 10 396 10 396
1460440800 10 396 10 396
1460440500 10 396 10 396
1460440200 10 396 10 396
1460439900 10 396 10 396
1460439600 10 396 10 396
1460439300 10 396 10 396
1460439000 10 396 10 396
1460438700 10 396 10 396
1460438400 10 396 10 396
1460438100 10 396 10 396
1460437800 10 396 10 396
1460437500 10 396 10 396
1460437200 10 396 10 396
1460436900 10 396 10 396
1460436600 10 396 10 396
1460436300 10 396 10 396
1460436000 10 396 10 396
1460435700 10 396 10 396
1460435400 10 396 10 396
1460435100 10 396 10 396
1460434800 10 396 10 396
1460434500 10 396 10 396
1460434200 10 396 10 396
1460433900 10 396 10 396
1460433600 10 396 10 396
1460433300 10 396 10 396
1460433000 10 396 10 396
1460432700 10 396 10 396
1460432400 10 396 10 396
1460432100 10 396 10 396
1460431800 10 396 10 396
1460431500 10 396 10 396
1460431200 10 396 10 396
1460430900 10 396 10 396
1460430600 10 396 10 396
1460430300 10 396 10 396
1460430000 10 396 10 396
1460429700 10 396 10 396
1460429400 10 396 10 396
1460429100 10 396 10 396
1460428800 10 396 10 396
1460428500 10 396 10 396
1460428200 10 396 10 396
1460427900 10 396 10 396
1460427600 10 396 10 396
1460427300 10 396 10 396
1460427000 10 396 10 396
1460426700 10 396 10 396
1460426400 10 396 10 396
1460426100 10 396 10 396
1460425800 10 396 10 396
1460425500 10 396 10 396
1460425200 10 396 10 396
1460424900 10 396 10 396
1460424600 10 396 10 396
1460424300 10 396 10 396
1460424000 10 396 10 396
1460423700 10 396 10 396
1460423400 10 396 10 396
1460423100 10 396 10 396
1460422800 10 396 10 396
1460422500 10 396 10 396
1460422200 10 396 10 396
1460421900 10 396 10 396
1460421000 10 396 10 396
1460419200 10 396 10 396
1460417400 10 396 10 396
1460415600 10 396 10 396
1460413800 10 396 10 396
1460412000 10 396 10 396
1460410200 10 396 10 396
1460408400 10 396 10 396
1460406600 10 396 10 396
1460404800 10 396 10 396
1460403000 10 396 10 396
1460401200 10 396 10 396
1460399400 10 396 10 396
1460397600 10 396 10 396
1460395800 10 396 10 396
1460394000 10 396 10 396
1460392200 10 396 10 396
1460390400 10 396 10 396
1460388600 10 396 10 396
1460386800 10 396 10 396
1460385000 10 396 10 396
1460383200 10 396 10 396
1460381400 10 396 10 396
1460379600 10 396 10 396
1460377800 10 396 10 396
1460376000 10 396 10 396
1460374200 10 396 10 396
1460372400 10 396 10 396
1460370600 10 396 10 396
1460368800 10 396 10 396
1460367000 10 396 10 396
1460365200 10 396 10 396
1460363400 10 396 10 396
1460361600 10 396 10 396
1460359800 10 396 10 396
1460358000 10 396 10 396
1460356200 10 396 10 396
1460354400 10 396 10 396
1460352600 10 396 10 396
1460350800 10 396 10 396
1460349000 10 396 10 396
1460347200 10 396 10 396
1460345400 10 396 10 396
1460343600 10 396 10 396
1460341800 10 396 10 396
1460340000 10 396 10 396
1460338200 10 396 10 396
1460336400 10 396 10 396
1460334600 10 396 10 396
1460332800 10 396 10 396
1460331000 10 396 10 396
1460329200 10 396 10 396
1460327400 10 396 10 396
1460325600 10 396 10 396
1460323800 10 396 10 396
1460322000 10 396 10 396
1460320200 10 396 10 396
1460318400 10 396 10 396
1460316600 10 396 10 396
1460314800 10 396 10 396
1460313000 10 396 10 396
1460311200 10 396 10 396
1460309400 10 396 10 396
1460307600 10 396 10 396
1460305800 10 396 10 396
1460304000 10 396 10 396
1460302200 10 396 10 396
1460300400 10 396 10 396
1460298600 10 396 10 396
1460296800 10 396 10 396
1460295000 10 396 10 396
1460293200 10 396 10 396
1460291400 10 396 10 396
1460289600 10 396 10 396
1460287800 10 396 10 396
1460286000 10 396 10 396
1460284200 10 396 10 396
1460282400 10 396 10 396
1460280600 10 396 10 396
1460278800 10 396 10 396
1460277000 10 396 10 396
1460275200 10 396 10 396
1460273400 10 396 10 396
1460271600 10 396 10 396
1460269800 10 396 10 396
1460268000 10 396 10 396
1460266200 10 396 10 396
1460264400 10 396 10 396
1460262600 10 396 10 396
1460260800 10 396 10 396
1460259000 10 396 10 396
1460257200 10 396 10 396
1460255400 10 396 10 396
1460253600 10 396 10 396
1460251800 10 396 10 396
1460250000 10 396 10 396
1460248200 10 396 10 396
1460246400 10 396 10 396
1460244600 10 396 10 396
1460242800 10 396 10 396
1460241000 10 396 10 396
1460239200 10 396 10 396
1460237400 10 396 10 396
1460235600 10 396 10 396
1460233800 10 396 10 396
1460232000 10 396 10 396
1460230200 10 396 10 396
1460228400 10 396 10 396
1460226600 10 396 10 396
1460224800 10 396 10 396
1460223000 10 396 10 396
1460221200 10 396 10 396
1460219400 10 396 10 396
1460217600 10 396 10 396
1460215800 10 396 10 396
1460214000 10 396 10 396
1460212200 10 396 10 396
1460210400 10 396 10 396
1460208600 10 396 10 396
1460206800 10 396 10 396
1460205000 10 396 10 396
1460203200 10 396 10 396
1460201400 10 396 10 396
1460199600 10 396 10 396
1460197800 10 396 10 396
1460196000 10 396 10 396
1460194200 10 396 10 396
1460192400 10 396 10 396
1460190600 10 396 10 396
1460188800 10 396 10 396
1460187000 10 396 10 396
1460185200 10 396 10 396
1460183400 10 396 10 396
1460181600 10 396 10 396
1460179800 10 396 10 396
1460178000 10 396 10 396
1460176200 10 396 10 396
1460174400 10 396 10 396
1460172600 10 396 10 396
1460170800 10 396 10 396
1460169000 10 396 10 396
1460167200 10 396 10 396
1460165400 10 396 10 396
1460163600 10 396 10 396
1460161800 10 396 10 396
1460160000 10 396 10 396
1460158200 10 396 10 396
1460156400 10 396 10 396
1460154600 10 396 10 396
1460152800 10 396 10 396
1460151000 10 396 10 396
1460149200 10 396 10 396
1460147400 10 396 10 396
1460145600 10 396 10 396
1460143800 10 396 10 396
1460142000 10 396 10 396
1460140200 778 1554 2401 3454
1460138400 681 2201 1492 5566
1460136600 11347 62106 28970 222718
1460134800 8577 13815 15884 35188
1460133000 15604 20133 18826 25291
1460131200 591 2202 822 2679
1460129400 774 2161 1417 2684
1460127600 17143 14041 58917 27118
1460125800 1928 4996 3344 8173
1460124000 10 1014 11 1085
1460122200 10 1086 11 1399
1460120400 67 1087 1045 2428
1460118600 1059 3500 6458 26925
1460116800 14945 11269 74518 26925
1460115000 173495 18566 1039649 105454
1460113200 10 477 10 577
1460111400 10 454 11 573
1460109600 9 432 11 507
1460107800 9 423 11 471
1460106000 9 428 11 524
1460104200 9 432 11 524
1460102400 9 449 11 488
1460100600 9 436 12 472
1460098800 9 440 11 494
1460097000 9 419 11 439
1460095200 9 421 10 446
1460093400 9 433 11 495
1460091600 10 437 10 495
1460089800 10 416 11 450
1460088000 10 442 11 503
1460086200 10 429 11 483
1460084400 10 426 10 485
1460082600 10 445 11 485
1460080800 10 422 11 470
1460079000 10 458 11 508
1460077200 10 515 10 580
1460075400 10 483 11 580
1460073600 10 489 11 545
1460071800 10 508 11 579
1460070000 10 526 10 571
1460068200 10 550 11 787
1460066400 10 595 11 676
1460064600 205 1029 1088 2155
1460062800 363 1544 602 2225
1460061000 368 2538 580 5734
1460059200 801 3211 3234 6570
1460057400 786 3064 4699 8140
1460055600 10748 14931 12806 27648
1460053800 1635 4345 3791 6741
1460052000 4078 28531 11743 125968
1460050200 11768 13781 12830 14652
1460048400 981 2815 3912 5403
1460046600 6917 4781 36800 9332
1460044800 5065 70070 16922 327696
1460043000 12059 16499 13863 30704
1460041200 36651 18047 191103 42443
1460039400 1880 4194 9281 13372
1460037600 4717 14958 6228 39002
1460035800 6065 19874 11461 37289
1460034000 176231 23831 1045166 118318
1460032200 9 884 11 1146
1460030400 10 560 10 940
1460028600 10 438 10 466
1460026800 10 459 10 530
1460025000 10 443 10 471
1460023200 10 434 10 468
1460021400 10 425 10 448
1460019600 10 429 10 454
1460017800 10 440 10 495
1460016000 10 427 10 452
1460014200 10 444 12 524
1460012400 10 430 11 449
1460010600 10 425 10 447
1460008800 9 438 10 467
1460007000 10 431 10 467
1460005200 10 413 10 437
1460003400 10 443 10 479
1460001600 10 433 10 483
1459999800 10 433 10 489
1459998000 10 421 10 454
1459996200 10 443 10 495
1459994400 10 427 10 462
1459992600 10 440 10 466
1459990800 10 424 10 452
1459989000 10 430 10 440
1459987200 10 445 10 474
1459985400 10 416 10 463
1459983600 10 412 10 450
1459981800 10 469 10 526
1459980000 10 566 10 675
1459978200 10 971 10 1308
1459976400 10 1117 10 1291
1459974600 10 1203 10 1555
1459972800 10 1290 10 1895
1459971000 10 1076 12 1377
1459969200 10 1243 10 1512
1459967400 10 1033 10 1098
1459965600 10 1104 10 1204
1459963800 10 943 11 1184
1459962000 10 962 11 1184
1459960200 10 1004 11 1416
1459958400 10 823 11 919
1459956600 10 823 11 997
1459954800 10 767 11 880
1459953000 10 831 10 1081
1459951200 10 844 10 1094
1459949400 10 1024 10 1514
1459947600 10 972 10 1232
1459945800 10 755 10 1269
1459944000 10 555 10 918
1459942200 10 491 10 539
1459940400 10 520 10 566
1459938600 10 485 10 508
1459936800 10 473 10 502
1459935000 10 505 11 541
1459933200 10 486 10 537
1459931400 10 480 10 508
1459929600 10 502 10 529
1459927800 10 511 12 679
1459926000 10 484 11 540
1459924200 10 499 10 620
1459922400 10 496 10 537
1459920600 10 478 10 525
1459918800 10 483 10 539
1459917000 10 493 11 539
1459915200 10 476 11 538
1459913400 10 484 11 514
1459911600 10 493 11 558
1459909800 10 491 11 534
1459908000 10 483 11 578
1459906200 10 481 11 578
1459904400 10 486 10 562
1459902600 10 481 11 529
1459900800 10 488 11 587
1459899000 10 490 10 542
1459897200 10 484 10 503
1459895400 11 537 25 615
1459893600 10 532 10 562
1459891800 10 740 10 1160
1459890000 10 943 10 1185
1459888200 10 943 10 1087
1459886400 10 990 10 1164
1459884600 10 962 12 1024
1459882800 10 1024 10 1477
1459881000 10 1098 10 1477
1459879200 10 1034 10 1186
1459877400 10 1041 10 1162
1459875600 10 951 10 1162
1459873800 10 981 10 1087
1459872000 10 918 10 1164
1459870200 10 982 10 1106
1459868400 10 1084 10 1443
1459866600 10 1172 10 1451
1459864800 10 1229 10 1451
1459863000 10 1769 10 2138
1459861200 10 1100 10 1397
1459859400 10 1077 10 1789
1459857600 10 504 10 857
1459855800 10 500 10 857
1459854000 10 466 10 492
1459852200 10 490 10 595
1459850400 10 454 10 478
1459848600 10 456 10 498
1459846800 10 459 10 486
1459845000 10 464 10 490
1459843200 10 453 10 476
1459841400 10 476 12 537
1459839600 10 459 11 537
1459837800 10 464 10 501
1459836000 10 460 10 494
1459834200 10 465 10 495
1459832400 10 515 10 655
1459830600 10 455 10 503
1459828800 10 406 10 435
1459827000 10 416 10 480
1459825200 10 456 10 524
1459823400 10 426 10 484
1459821600 10 410 10 449
1459819800 10 422 10 451
1459818000 10 418 10 463
1459816200 10 475 10 637
1459814400 10 419 10 456
1459812600 10 423 10 459
1459810800 10 419 10 454
1459809000 10 447 10 500
1459807200 10 519 10 784
1459805400 10 668 10 894
1459803600 10 756 10 877
1459801800 10 879 10 1149
1459800000 10 981 10 1170
1459798200 10 969 12 1090
1459796400 10 898 10 1025
1459794600 10 886 10 1180
1459792800 10 1048 10 1566
1459791000 10 866 10 990
1459789200 10 1022 10 1203
1459787400 10 856 10 1045
1459785600 10 885 11 1045
1459783800 10 866 10 1036
1459782000 10 826 10 945
1459780200 10 803 10 916
1459778400 10 751 10 911
1459776600 10 1263 10 1573
1459774800 10 956 10 1411
1459773000 10 667 10 1214
1459771200 10 419 10 622
1459769400 10 418 10 622
1459767600 10 401 11 533
1459765800 10 427 11 484
1459764000 10 377 10 413
1459762200 10 383 11 402
1459760400 10 409 11 438
1459758600 10 405 11 475
1459756800 10 411 10 513
1459755000 10 414 12 497
1459753200 10 411 11 455
1459751400 10 401 10 438
1459749600 10 405 10 439
1459747800 10 400 10 437
1459746000 10 426 10 477
1459744200 10 401 10 466
1459742400 10 394 10 422
1459740600 10 393 10 440
1459738800 10 395 10 461
1459737000 10 395 10 437
1459735200 10 421 10 492
1459733400 10 413 10 459
1459731600 10 400 10 428
1459729800 10 417 10 461
1459728000 10 428 10 481
1459726200 10 507 10 1073
1459724400 10 371 10 395
1459722600 10 383 10 432
1459720800 10 385 10 440
1459719000 10 378 10 426
1459717200 10 378 10 412
1459715400 10 383 10 412
1459713600 10 383 10 418
1459711800 10 381 12 417
1459710000 10 377 10 406
1459708200 10 378 10 409
1459706400 10 390 10 433
1459704600 10 377 10 418
1459702800 10 374 10 448
1459701000 10 408 10 463
1459699200 10 397 10 444
1459697400 10 395 10 460
1459695600 10 411 10 492
1459693800 10 406 10 451
1459692000 10 379 10 404
1459690200 10 371 10 404
1459688400 10 378 10 436
1459686600 10 381 10 420
1459684800 10 373 10 386
1459683000 10 383 10 423
1459681200 10 381 10 422
1459679400 10 378 10 403
1459677600 10 411 10 482
1459675800 10 372 10 417
1459674000 10 383 10 411
1459672200 10 396 10 426
1459670400 10 382 10 408
1459668600 10 390 12 454
1459666800 10 384 11 399
1459665000 10 380 10 405
1459663200 10 373 10 430
1459661400 10 389 10 449
1459659600 10 379 10 452
1459657800 10 394 10 456
1459656000 10 400 10 415
1459654200 10 388 10 414
1459652400 10 405 10 464
1459650600 10 428 10 496
1459648800 10 401 10 469
1459647000 10 386 10 421
1459645200 10 379 10 421
1459643400 10 396 10 484
1459641600 10 380 10 420
1459639800 10 369 10 386
1459638000 10 375 10 431
1459636200 10 380 10 420
1459634400 10 379 10 445
1459632600 10 384 10 479
1459630800 10 383 10 442
1459629000 10 375 10 412
1459627200 10 385 10 454
1459625400 10 387 12 430
1459623600 10 366 12 387
1459621800 10 375 10 400
1459620000 10 383 10 410
1459618200 10 381 10 432
1459616400 10 379 10 452
1459614600 10 397 10 444
1459612800 10 411 10 449
1459611000 10 399 10 449
1459609200 10 369 10 413
1459607400 10 406 10 462
1459605600 10 388 10 417
1459603800 10 380 10 417
1459602000 10 361 10 417
1459600200 10 382 10 423
1459598400 10 382 10 414
1459596600 10 367 10 402
1459594800 10 375 10 402
1459593000 10 380 10 413
1459591200 10 381 10 417
1459589400 10 364 10 417
1459587600 10 386 10 447
1459585800 10 377 10 400
1459584000 10 376 10 424
1459582200 10 371 12 443
1459580400 10 366 12 400
1459578600 10 374 10 409
1459576800 10 381 10 441
1459575000 10 371 10 387
1459573200 10 382 10 441
1459571400 10 388 10 490
1459569600 10 374 10 407
1459567800 10 371 10 408
1459566000 10 384 10 465
1459564200 10 388 10 426
1459562400 10 382 10 437
1459560600 10 398 10 455
1459558800 10 385 10 423
1459557000 10 395 10 418
1459555200 10 409 10 490
1459553400 10 391 10 442
1459551600 10 387 10 443
1459549800 10 468 10 497
1459548000 10 574 10 743
1459546200 56 829 777 2413
1459544400 1266 3624 2765 17416
1459542600 3749 18041 6925 49884
1459540800 1320 3919 6925 13097
1459539000 6497 2806 36569 8449
1459537200 9225 11880 13164 17624
1459535400 2125 7123 5607 15832
1459533600 3692 6131 12550 13043
1459531800 9991 31439 12550 117881
1459530000 11279 13057 12097 15033
1459528200 15010 14776 53913 52451
1459526400 561 2023 1430 3348
1459524600 594 2853 978 6538
1459522800 3023 2239 15316 2531
1459521000 690 2932 2080 7005
1459519200 1314 3114 2080 4943
1459517400 12918 4272 72639 26887
1459515600 177621 43496 1044511 130009
1459513800 10 1015 10 1293
1459512000 10 791 10 1283
1459510200 10 617 10 1269
1459508400 10 503 10 560
1459506600 10 484 10 530
1459504800 10 486 10 547
1459503000 10 474 10 524
1459501200 10 492 10 558
1459499400 10 487 10 546
1459497600 10 487 10 508
1459495800 10 486 12 520
1459494000 10 526 11 600
1459492200 10 566 10 748
1459490400 9 487 11 523
1459488600 10 480 10 522
1459486800 10 477 10 526
1459485000 10 496 10 530
1459483200 10 483 10 551
1459481400 10 535 11 570
1459479600 10 547 10 586
1459477800 10 550 10 578
1459476000 10 545 11 590
1459474200 10 543 10 590
1459472400 10 547 11 588
1459470600 10 550 11 577
1459468800 10 531 11 568
1459467000 10 536 11 572
1459465200 10 538 10 576
1459463400 10 555 10 757
1459461600 10 634 10 911
1459459800 1477 3390 7043 11535
1459458000 3035 13694 6916 31370
1459456200 8568 11103 11836 14479
1459454400 5484 3690 72828 5294
1459452600 9521 3517 72828 6300
1459450800 1565 3498 3379 4809
1459449000 2271 5326 2999 8031
1459447200 2033 7828 7384 22493
1459445400 6924 11741 13109 16606
1459443600 5649 48937 13616 230211
1459441800 9839 6468 23672 13577
1459440000 4701 6776 11732 16058
1459438200 2045 7522 4318 16058
1459436400 9932 12995 36991 27180
1459434600 4083 8149 8553 18750
1459432800 4381 9854 8553 19182
1459431000 8909 11808 21475 28424
1459429200 174609 18688 1038355 58712
1459427400 10 841 10 1427
1459425600 10 656 10 847
1459423800 10 487 10 658
1459422000 10 451 10 504
1459420200 10 477 10 546
1459418400 10 474 10 519
1459416600 10 433 10 510
1459414800 10 423 10 476
1459413000 10 462 10 545
1459411200 10 451 10 503
1459409400 10 433 12 476
1459407600 10 427 11 460
1459405800 10 433 10 467
1459404000 10 447 10 497
1459402200 10 442 10 486
1459400400 10 426 10 438
1459398600 10 475 11 576
1459396800 10 475 11 554
1459395000 10 431 10 469
1459393200 10 446 10 492
1459391400 10 525 10 843
1459389600 10 517 10 843
1459387800 10 471 10 503
1459386000 10 475 10 511
1459384200 10 486 10 554
1459382400 10 466 10 480
1459380600 10 476 10 515
1459378800 10 465 10 502
1459377000 10 493 10 518
1459375200 10 561 10 904
1459373400 9258 9947 12571 14166
1459371600 2373 3534 12571 14166
1459369800 959 2421 1492 3241
1459368000 993 2383 2093 4495
1459366200 3342 5286 6844 10290
1459364400 4746 6423 12171 14042
1459362600 1169 3485 2011 6726
1459360800 3122 29930 10352 117163
1459359000 781 2114 1444 3101
1459357200 432 1693 898 3190
1459355400 1396 3485 2176 13996
1459353600 955 5597 5634 13996
1459351800 1435 2835 5634 6937
1459350000 15608 93689 59606 352171
1459348200 6706 8685 11386 12774
1459346400 11486 326919 17625 553943
1459344600 14459 445672 15113 455755
1459342800 113800 304069 653031 479768
1459341000 71479 6572 653031 53069
1459339200 10 538 10 1375
1459332000 10 435 10 514
1459324800 10 435 12 518
1459317600 10 431 11 464
1459310400 10 434 10 524
1459303200 10 454 10 510
1459296000 10 477 10 621
1459288800 1553 2754 7846 10072
1459281600 4404 6434 36602 16693
1459274400 6521 41894 73041 414545
1459267200 2850 2822 45040 12844
1459260000 47701 7684 1037646 78351
1459252800 10 449 11 740
1459245600 10 387 11 454
1459238400 10 383 12 438
1459231200 10 383 11 447
1459224000 10 390 11 456
1459216800 10 401 11 482
1459209600 10 437 11 490
1459202400 18 781 626 2146
1459195200 3844 8489 37904 37247
1459188000 6994 5022 84215 15776
1459180800 7162 4673 92957 14795
1459173600 47416 17002 1039296 137385
1459166400 10 501 11 1211
1459159200 10 391 11 443
1459152000 10 396 12 464
1459144800 10 390 11 436
1459137600 10 391 11 475
1459130400 10 396 11 460
1459123200 10 391 11 434
1459116000 10 393 11 453
1459108800 10 392 12 493
1459101600 10 398 11 489
1459094400 10 389 11 449
1459087200 10 391 11 461
1459080000 10 398 11 472
1459072800 10 391 11 428
1459065600 10 389 12 441
1459058400 10 392 11 443
1459051200 10 391 11 450
1459044000 10 389 11 451
1459036800 10 387 11 467
1459029600 10 391 11 446
1459022400 10 390 12 443
1459015200 10 389 11 438
1459008000 10 389 11 458
1459000800 10 399 11 505
1458993600 10 402 11 453
1458986400 10 407 11 485
1458979200 10 422 12 528
1458972000 10 413 11 523
1458964800 10 409 10 451
1458957600 10 404 10 473
1458950400 10 406 10 454
1458943200 10 425 10 565
1458936000 10 425 12 597
1458928800 10 415 10 478
1458921600 10 426 10 627
1458914400 10 429 10 651
1458907200 10 412 10 476
1458900000 10 412 10 472
1458892800 10 422 12 570
1458885600 10 432 11 627
1458878400 10 453 11 735
1458871200 10 413 10 459
1458864000 10 425 10 593
1458856800 398 2398 1092 19756
1458849600 778 2495 7915 14526
1458842400 5849 12128 14073 60360
1458835200 11849 7131 146912 19817
1458828000 45495 15401 1041889 89744
1458820800 10 496 10 683
1458813600 10 449 10 539
1458806400 10 459 12 600
1458799200 10 450 11 598
1458792000 10 445 11 574
1458784800 10 441 10 540
1458777600 10 442 10 535
1458770400 774 2675 5021 12354
1458763200 1492 7008 5746 89866
1458756000 5332 22041 26036 202819
1458748800 12 1106 228 1851
1458741600 47508 13868 1013268 164960
1458734400 10 573 11 1009
1458727200 10 514 10 563
1458720000 10 516 12 565
1458712800 10 518 10 602
1458705600 10 565 10 700
1458698400 10 526 10 684
1458691200 10 552 10 765
1458684000 1175 2687 6427 19325
1458676800 3379 11451 11735 50789
1458669600 5537 53899 22290 450905
1458662400 3848 5497 30855 12336
1458655200 47462 40625 695216 178121
1458648000 10 656 10 1017
1458640800 10 588 11 643
1458633600 10 582 12 699
1458626400 10 584 11 657
1458619200 10 575 11 665
1458612000 10 624 10 677
1458604800 10 637 10 785
1458597600 937 4785 5255 30065
1458590400 4378 7763 12015 17097
1458583200 3451 15960 13551 257418
1458576000 4286 4986 38250 14440
1458568800 3049 5535 40007 43100
1458561600 10 412 10 689
1458554400 10 328 10 436
1458547200 10 337 12 440
1458540000 10 345 11 451
1458532800 10 334 11 396
1458525600 10 374 11 659
1458518400 10 338 10 402
1458511200 10 322 10 445
1458504000 10 319 12 389
1458496800 10 351 10 537
1458489600 10 327 10 435
1458482400 10 304 10 378
1458475200 10 262 10 428
1458468000 10 240 10 298
1458460800 10 243 12 300
1458453600 10 259 10 353
1458446400 10 238 10 307
1458439200 10 256 10 380
1458432000 10 247 10 334
1458424800 10 240 10 367
1458417600 10 236 12 292
1458410400 9 242 11 314
1458403200 9 239 11 322
1458396000 9 233 11 284
1458388800 10 231 10 301
1458381600 10 236 10 305
1458374400 10 236 12 291
1458367200 10 232 11 298
1458360000 10 243 10 314
1458352800 10 249 10 321
1458345600 10 373 10 1153
1458338400 10 599 10 1567
1458331200 10 959 12 1468
1458324000 10 950 10 1410
1458316800 496 1640 6939 13238
1458309600 10 1071 10 1593
1458302400 10 623 10 1145
1458295200 10 515 10 575
1458288000 10 534 12 774
1458280800 10 545 53 1536
1458273600 10 498 11 595
1458266400 10 495 11 771
1458259200 10 548 11 714
1458252000 1625 4331 6479 23936
1458244800 2946 17002 14750 262726
1458237600 958 2420 13689 23207
1458230400 3688 3240 34663 20483
1458223200 45528 11510 1038294 101602
1458216000 10 468 11 872
1458208800 10 398 11 448
1458201600 10 426 12 746
1458194400 10 408 11 461
1458187200 10 411 11 671
1458180000 10 385 10 453
1458172800 10 365 10 428
1458165600 488 1754 4144 7846
1458158400 1193 2549 5843 7915
1458151200 485 1977 901 6139
1458144000 2841 4518 43115 14846
1458136800 46414 28251 1044605 264391
1458129600 10 472 10 806
1458122400 10 422 10 507
1458115200 10 423 12 504
1458108000 10 415 14 506
1458100800 10 438 11 654
1458093600 10 385 11 503
1458086400 10 382 11 618
1458079200 2871 3938 13061 15614
1458072000 8110 12093 16270 36681
1458064800 3550 5424 11581 14158
1458057600 2360 2136 42634 8056
1458050400 44509 5882 1041408 41030
1458043200 10 494 11 695
1458036000 10 470 11 623
1458028800 10 452 12 603
1458021600 10 439 11 484
1458014400 10 431 11 564
1458007200 10 405 11 482
1458000000 10 468 11 802
1457992800 1060 2757 4103 8428
1457985600 3036 42509 26281 931037
1457978400 1273 3273 7877 12573
1457971200 8097 75442 61382 982340
1457964000 46169 47734 1045195 861060
1457956800 10 405 11 651
1457949600 10 340 11 396
1457942400 10 338 12 370
1457935200 10 336 11 396
1457928000 10 336 10 418
1457920800 10 336 11 387
1457913600 10 339 11 422
1457906400 10 338 11 434
1457899200 10 336 12 391
1457892000 10 335 11 397
1457884800 10 340 11 420
1457877600 10 334 11 377
1457870400 10 337 11 391
1457863200 10 330 11 435
1457856000 10 318 12 475
1457848800 10 312 11 361
1457841600 10 310 11 353
1457834400 10 309 11 346
1457827200 10 318 11 412
1457820000 10 318 11 440
1457812800 10 320 12 398
1457805600 10 317 11 360
1457798400 10 315 11 390
1457791200 10 307 11 367
1457784000 10 311 11 359
1457776800 10 324 11 711
1457769600 9 303 12 359
1457762400 10 307 11 374
1457755200 10 317 11 383
1457748000 10 310 11 444
1457740800 10 399 11 1220
1457733600 3496 14550 8588 81884
1457726400 4666 8695 13018 44169
1457719200 32413 22536 68101 76104
1457712000 69125 65057 112503 532613
1457704800 51684 10254 1046511 77418
1457697600 10 330 11 449
1457690400 10 318 11 361
1457683200 10 322 12 396
1457676000 10 320 11 406
1457668800 10 317 11 469
1457661600 10 293 11 338
1457654400 10 396 11 916
1457647200 1329 13074 14537 164998
1457640000 3407 4669 13110 13190
1457632800 5662 33071 12302 226022
1457625600 8973 9203 49590 29359
1457618400 1620 16088 20249 284290
1457611200 10 327 11 501
1457604000 10 319 11 389
1457596800 10 319 14 385
1457589600 10 383 11 694
1457582400 10 309 11 423
1457575200 10 348 11 672
1457568000 10 468 11 780
1457560800 10 704 11 1224
1457553600 10 778 12 1227
1457546400 10 870 11 1354
1457539200 10 1251 11 3839
1457532000 10 631 11 1493
1457524800 10 372 11 611
1457517600 10 370 11 532
1457510400 10 377 12 482
1457503200 10 374 11 421
1457496000 10 346 10 561
1457488800 10 351 10 444
1457481600 9 392 11 921
1457474400 9 754 11 1075
1457467200 10 762 12 1140
1457460000 10 747 10 916
1457452800 10 883 10 1389
1457445600 10 534 10 1389
1457438400 10 347 10 489
1457431200 10 356 11 516
1457424000 9 345 12 436
1457416800 10 349 11 538
1457409600 10 371 11 498
1457402400 10 429 10 640
1457395200 10 517 11 936
1457388000 10 762 11 1056
1457380800 10 671 12 972
1457373600 10 667 11 859
1457366400 10 945 11 1792
1457359200 10 583 11 1152
1457352000 10 292 11 426
1457344800 10 286 11 354
1457337600 10 286 12 358
1457330400 10 282 11 307
1457323200 10 280 11 335
1457316000 10 281 11 351
1457308800 10 284 11 343
1457301600 10 282 11 376
1457294400 10 285 12 335
1457287200 10 286 11 335
1457280000 10 291 11 429
1457272800 10 281 11 353
1457265600 10 285 11 349
1457258400 10 283 11 356
1457251200 10 300 12 515
1457244000 10 279 11 345
1457236800 10 277 11 318
1457229600 10 274 11 329
1457222400 10 272 11 326
1457215200 10 276 11 340
1457208000 10 274 12 356
1457200800 10 283 11 462
1457193600 10 276 11 325
1457186400 10 275 11 335
1457179200 10 272 11 322
1457172000 10 278 11 352
1457164800 10 278 12 330
1457157600 10 281 11 342
1457150400 10 281 11 343
1457143200 10 281 11 339
1457136000 10 357 11 590
1457128800 5609 7104 13252 18806
1457121600 7015 8233 13543 18806
1457114400 3942 5864 13543 17523
1457107200 12413 3284 263166 27770
1457100000 9984 13816 28959 45962
1457092800 10 355 11 466
1457085600 10 355 11 411
1457078400 10 351 42 1272
1457071200 10 352 11 420
1457064000 10 389 10 620
1457056800 10 397 10 489
1457049600 373 871 5035 5489
1457042400 517 2001 5334 8157
1457035200 2665 6366 11514 23592
1457028000 2903 48689 30480 875923
1457020800 13714 4289 275173 12848
1457013600 1073 2647 10224 18834
1457006400 10 336 10 438
1456999200 10 324 10 384
1456992000 10 337 12 477
1456984800 10 330 11 401
1456977600 10 333 11 383
1456970400 10 360 11 429
1456963200 10 353 11 445
1456956000 10 527 10 868
1456948800 10 573 12 946
1456941600 10 555 10 888
1456934400 10 678 11 1249
1456927200 10 447 10 938
1456920000 10 239 10 325
1456912800 10 246 10 566
1456905600 10 236 12 306
1456898400 10 231 11 288
1456891200 10 232 10 299
1456884000 10 234 10 299
1456876800 10 273 10 575
1456869600 10 593 11 746
1456862400 10 688 12 869
1456855200 10 696 11 838
1456848000 10 770 10 1085
1456840800 10 591 10 1261
1456833600 10 334 10 399
1456826400 10 324 10 355
1456819200 10 328 12 370
1456812000 10 329 11 382
1456804800 10 332 10 402
1456797600 10 331 10 372
1456790400 10 405 10 761
1456783200 4074 12809 12975 168619
1456776000 2907 5266 11677 26292
1456768800 2009 3792 11456 24239
1456761600 3626 4856 34818 23370
1456754400 1934 6855 17065 89814
1456747200 10 264 10 356
1456740000 10 259 10 315
1456732800 9 261 12 314
1456725600 10 260 11 326
1456718400 10 256 10 292
1456711200 10 261 10 368
1456704000 10 256 10 323
1456696800 10 260 10 305
1456689600 10 258 12 317
1456682400 10 260 10 346
1456675200 10 264 11 346
1456668000 9 303 11 368
1456660800 9 308 11 372
1456653600 10 289 11 372
1456646400 10 257 12 318
1456639200 10 260 11 335
1456632000 10 263 10 360
1456624800 10 260 10 326
1456617600 10 256 10 307
1456610400 10 260 10 313
1456603200 10 255 12 348
1456596000 10 288 10 455
1456588800 10 338 10 511
1456581600 10 258 10 307
1456574400 10 256 10 310
1456567200 10 259 11 315
1456560000 10 257 16 315
1456552800 10 259 11 302
1456545600 10 258 10 299
1456538400 10 261 10 304
1456531200 10 314 10 510
1456524000 3661 6075 17337 35974
1456516800 5495 7792 24105 17904
1456509600 2497 2642 24105 10072
1456502400 5461 4504 30743 19166
1456495200 672 3206 2513 26562
1456488000 310 976 462 1627
1456480800 44131 3099 1047106 43164
1456473600 345 1660 1334 17241
1456466400 357 1082 1594 2660
1456459200 1838 1170 36505 3341
1456452000 383 1672 1790 13693
1456444800 1832 1443 35875 7180
1456437600 1903 3376 35756 37727
1456430400 421 1748 1744 3778
1456423200 2991 3848 35817 16849
1456416000 9276 7367 110480 95516
1456408800 47123 5496 1062713 74509
1456401600 10 523 10 607
1456394400 10 522 10 598
1456387200 10 507 12 597
1456380000 10 486 11 695
1456372800 10 481 10 605
1456365600 3077 722 72175 3411
1456358400 1700 31986 12139 475823
1456351200 5782 8487 71536 145417
1456344000 3070 22810 24881 277207
1456336800 794 2229 5214 9207
1456329600 6036 4868 111752 30713
1456322400 46668 5938 1058097 64739
1456315200 10 466 10 676
1456308000 10 456 10 561
1456300800 10 455 12 552
1456293600 10 469 11 630
1456286400 10 484 11 624
1456279200 10 488 11 688
1456272000 25 629 1082 2286
1456264800 1036 2874 3907 11403
1456257600 2794 11778 36100 165763
1456250400 2775 53183 28753 772263
1456243200 18424 4691 365157 18710
1456236000 46034 40500 1062515 658248
1456228800 10 342 11 463
1456221600 10 345 10 381
1456214400 9 358 12 478
1456207200 10 371 11 494
1456200000 10 478 11 740
1456192800 10 477 11 595
1456185600 10 537 10 890
1456178400 4953 6539 36240 15936
1456171200 1813 7811 7918 84994
1456164000 54076 35321 71177 71763
1456156800 25150 20543 103617 49497
1456149600 45085 7226 1061855 96980
1456142400 10 351 10 402
1456135200 10 363 11 458
1456128000 10 359 12 463
1456120800 10 351 11 412
1456113600 10 348 10 400
1456106400 10 349 10 425
1456099200 10 352 10 425
1456092000 10 352 10 412
1456084800 10 351 12 410
1456077600 10 354 10 398
1456070400 10 347 10 410
1456063200 10 337 10 380
1456056000 10 336 10 374
1456048800 10 337 11 393
1456041600 10 336 16 413
1456034400 10 338 11 397
1456027200 10 337 10 393
1456020000 10 336 10 393
1456012800 10 341 10 384
1456005600 10 338 10 367
1455998400 10 338 12 388
1455991200 10 339 10 384
1455984000 10 341 10 409
1455976800 10 335 10 366
1455969600 10 338 10 394
1455962400 10 337 11 406
1455955200 10 341 12 408
1455948000 10 350 11 469
1455940800 10 349 10 401
1455933600 10 357 10 412
1455926400 10 384 10 570
1455919200 2314 2123 32326 9212
1455912000 4998 5334 36116 16315
1455904800 4462 6653 12454 14218
1455897600 2158 4462 11575 24296
1455890400 1584 3505 11454 15764
1455883200 6478 33804 95726 660884
1455876000 44203 3400 1053498 41097
1455868800 271 857 521 1615
1455861600 282 928 434 1904
1455854400 281 1064 594 4817
1455847200 301 1466 887 7225
1455840000 1862 1523 35933 5728
1455832800 3256 4177 35859 21292
1455825600 2092 21721 15782 254817
1455818400 2453 9353 33106 254817
1455811200 1912 7398 11506 108407
1455804000 48196 6645 1064748 74969
1455796800 10 444 10 526
1455789600 10 438 11 505
1455782400 10 430 12 493
1455775200 10 438 11 556
1455768000 10 479 10 565
1455760800 10 481 10 568
1455753600 10 582 10 862
1455746400 1922 11751 12420 211197
1455739200 843 4521 3664 25633
1455732000 4140 74712 15796 369233
1455724800 4354 6030 46670 28038
1455717600 46551 5544 1064925 73888
1455710400 10 455 10 530
1455703200 10 463 11 520
1455696000 10 465 12 544
1455688800 10 472 11 622
1455681600 10 483 10 566
1455674400 10 492 10 668
1455667200 118 877 2377 6185
1455660000 2931 21496 12355 189821
1455652800 3745 4621 36523 16602
1455645600 2011 5045 7136 16184
1455638400 2061 3677 13087 11531
1455631200 443 1425 6604 11025
1455624000 10 272 10 364
1455616800 10 270 11 341
1455609600 10 267 12 333
1455602400 10 311 11 476
1455595200 10 324 10 832
1455588000 10 260 10 313
1455580800 10 274 10 330
1455573600 10 271 10 321
1455566400 10 268 12 314
1455559200 10 270 10 435
1455552000 10 268 10 353
1455544800 10 258 10 315
1455537600 10 262 10 328
1455530400 10 262 11 338
1455523200 10 262 12 321
1455516000 10 263 11 331
1455508800 10 259 10 328
1455501600 10 260 10 305
1455494400 10 258 10 305
1455487200 10 260 10 321
1455480000 10 258 12 337
1455472800 10 256 10 304
1455465600 10 262 10 316
1455458400 10 263 10 327
1455451200 10 261 10 357
1455444000 10 281 11 480
1455436800 10 262 12 367
1455429600 10 250 11 460
1455422400 10 229 10 283
1455415200 10 234 10 310
1455408000 10 232 10 276
1455400800 10 232 10 302
1455393600 10 246 12 321
1455386400 10 230 10 283
1455379200 10 242 10 301
1455372000 10 254 10 481
1455364800 10 291 10 431
1455357600 10 406 11 800
1455350400 9 305 11 383
1455343200 10 335 11 518
1455336000 10 341 10 505
1455328800 10 343 10 607
1455321600 10 421 10 707
1455314400 2484 6435 8157 36878
1455307200 3610 7814 12358 44794
1455300000 4368 7547 36037 25020
1455292800 1493 2045 22481 11202
1455285600 45030 5548 1071769 71992
1455278400 10 290 10 399
1455271200 10 292 11 402
1455264000 10 281 12 326
1455256800 10 287 11 353
1455249600 10 289 11 368
1455242400 163 744 2180 7450
1455235200 656 1278 854 1897
1455228000 1900 4186 10816 24305
1455220800 1766 3755 11835 13596
1455213600 6504 9102 15168 24559
1455206400 7667 6649 102660 18048
1455199200 47265 7054 1061419 52416
1455192000 10 232 10 277
1455184800 10 285 11 773
1455177600 10 235 12 314
1455170400 10 272 11 523
1455163200 10 276 10 390
1455156000 10 287 10 355
1455148800 322 1042 3451 13064
1455141600 1725 6359 8563 33071
1455134400 5660 135494 48995 1186794
1455127200 2554 16287 48995 499760
1455120000 3688 4704 41556 10960
1455112800 45490 8629 1077011 145628
1455105600 10 251 11 355
1455098400 10 302 11 787
1455091200 10 294 12 435
1455084000 10 362 11 586
1455076800 10 387 10 529
1455069600 10 452 10 914
1455062400 83 589 1295 2738
1455055200 2920 7156 14760 30877
1455048000 5380 7198 118398 28261
1455040800 3342 2031 118398 28261
1455033600 2051 2677 12111 13651
1455026400 45695 7786 1073772 76038
1455019200 10 309 12 402
1454976000 13821 9332 1079083 202143
1454889600 10 233 21 424
1454803200 10 228 12 351
1454716800 5619 7314 1076445 1199042
1454630400 9 580 12 1854
1454544000 5752 3506 1074753 104189
1454457600 1888 4119 24604 178459
1454371200 9 533 12 1499
1454284800 10 289 12 350
1454198400 9 289 12 458
1454112000 150069 11952 5599729 312170
1454025600 696 2238 31191 76735
1453939200 10 551 12 1521
1453852800 9 614 12 1462
1453766400 13358 4000 1352521 128025
1453680000 9 267 12 338
1453593600 10 267 12 342
1453507200 1592 2811 30458 54992
1453420800 674 1632 41849 41903
1453334400 1105 3442 14591 238761
1453248000 1844 2757 188636 178961
1453161600 10 444 12 1471
1453075200 10 243 12 394
1452988800 9 211 12 295
1452902400 10 475 12 1268
1452816000 10 516 12 1675
1452729600 2529 13755 176783 2417885
1452643200 10 521 12 1409
1452556800 1027 3257 46982 210843
1452470400 10 248 12 706
1452384000 10 314 11 5606
1452297600 1397 2975 71702 131742
1452211200 4695 3496 928917 195153
1452124800 4036 2559 534061 211184
1452038400 1619 2285 59516 44999
1451952000 1456 2616 39341 74414
1451865600 10 248 12 573
1451779200 10 242 12 324
1451692800 10 244 40 402
1451606400 10 314 11 923
1451520000 1914 5426 95439 110451
1451433600 10 341 11 1089
1451347200 10 220 17 695
1451260800 10 188 12 269
1451174400 10 196 12 324
1451088000 10 186 12 262
1451001600 9 243 12 786
1450915200 673 1687 85113 138475
1450828800 1895 7617 71437 558104
1450742400 1382 4055 42123 161267
1450656000 10 217 12 266
1450569600 48 322 1198 7510
1450483200 1728 5443 71909 468894
1450396800 1842 3862 45114 114591
1450310400 1932 4145 36336 189239
1450224000 889 1950 37462 50311
1450137600 10 671 12 2291
1450051200 10 389 12 446
1449964800 10 363 16 668
1449878400 1471 4826 62327 387721
1449792000 4089 3661 930062 127003
1449705600 1028 12021 59980 1146490
1449619200 651 2271 28903 66618
1449532800 929 3417 47111 219187
1449446400 9 350 12 400
1449360000 10 349 12 416
1449273600 2114 4599 277736 214225
1449187200 1200 3878 44814 106473
1449100800 815 2533 42345 116407
1449014400 1151 3036 46864 59509
1448928000 1549 4671 59652 183064
1448841600 9 407 12 675
1448755200 10 409 12 676
1448668800 803 2333 66363 150723
1448582400 10 687 12 1727
1448496000 152 1479 11227 158036
1448409600 10193 12084 172987 363374
1448323200 9552 7221 1208367 1239184
1448236800 10 335 12 387
1448150400 10 335 12 382
1448064000 877 3569 35882 281169
1447977600 10 651 12 1773
1447891200 995 2240 19801 33057
1447804800 782 2900 58456 180708
1447718400 1219 4569 18308 249604
1447632000 10 569 12 674
1447545600 10 547 12 646
1447459200 10 634 12 1896
1447372800 1009 2298 46168 140793
1447286400 1943 16213 115667 1593330
1447200000 598 2672 17492 91107
1447113600 671 6017 31090 1214487
1447027200 10 387 12 660
1446940800 10 385 12 608
1446854400 9 762 12 2081
1446768000 1525 3265 40580 85469
1446681600 1409 7341 54477 345593
1446595200 10 775 12 1937
1446508800 10 715 12 1518
1446422400 10 457 12 613
1446336000 10 452 12 576
1446249600 1133 2337 46014 31340
1446163200 782 3610 34811 121407
1446076800 923 2697 27182 48671
1445990400 567 4066 28146 133298
1445904000 10 612 12 1269
1445817600 10 422 12 497
1445731200 10 428 26 612
1445644800 1991 6189 62255 233945
1445558400 1315 2662 18403 53633
1445472000 4911 5793 741084 284075
1445385600 892 3408 12681 106727
1445299200 10 714 29 1796
1445212800 10 480 12 588
1445126400 10 445 12 548
1445040000 10 668 12 1616
1444953600 10 725 12 1803
1444867200 10 695 12 1917
1444780800 9 690 12 1542
1444694400 10 379 12 653
1444608000 9 400 12 912
1444521600 9 417 12 549
1444435200 10 705 12 1710
1444348800 1327 2819 115619 92006
1444262400 1450 4616 120505 339139
1444176000 4304 7859 863639 945111
1444089600 10 664 31 1705
1444003200 10 488 12 593
1443916800 10 489 12 575
1443830400 1065 2383 69923 29216
1443744000 677 2583 14873 95912
1443657600 10 1096 12 2469
1443571200 10 883 14 1835
1443484800 10 969 12 2006
1443398400 10 696 12 1098
1443312000 10 654 11 756
1443225600 9 813 11 1980
1443139200 1412 5293 98942 239052
1443052800 1307 5987 36894 201646
1442966400 719 1951 54274 58948
1442880000 824 2581 12564 57645
1442793600 3292 712 474201 19379
1442707200 3482 1092 642815 27009
1442620800 1761 9362 64777 1317726
1442534400 4501 7004 499802 691545
1442448000 1479 3673 52952 58848
1442361600 1089 8553 128669 1097436
1442275200 1146 4851 49083 299128
1442188800 9 394 12 686
1442102400 10 468 12 974
1442016000 882 2586 49946 113314
1441929600 1401 8905 71963 989042
1441843200 1343 11787 70181 1520925
1441756800 1789 7970 75717 350931
1441670400 9 441 12 496
1441584000 10 442 12 516
1441497600 10 434 12 857
1441411200 1544 14972 61677 2367094
1441324800 988 2614 31501 53802
1441238400 779 3088 82036 150209
1441152000 4470 3827 1053292 205958
1441065600 860 5021 16624 281686
1440979200 10 442 12 517
1440892800 10 443 12 514
1440806400 10 636 12 1663
1440720000 10 730 12 1545
1440633600 10 893 12 2328
1440547200 9 859 12 1933
1440460800 13 755 1580 2441
1440374400 10 418 12 463
1440288000 10 421 12 522
1440201600 886 2779 24785 62497
1440115200 1591 5905 61660 248804
1440028800 1388 7505 63375 619114
1439942400 1021 3526 51924 97454
1439856000 2989 3336 344800 110595
1439769600 9 405 12 459
1439683200 10 399 12 492
1439596800 19212 2824 2798762 59013
1439510400 1572 5117 149124 298975
1439424000 3042 15547 318104 1299509
1439337600 10200 3064 1478289 69079
1439251200 10 723 36 1697
1439164800 10 415 11 483
1439078400 10 422 12 513
1438992000 4853 3830 677936 167370
1438905600 1612 11092 71609 526104
1438819200 995 4422 68670 189928
1438732800 1262 4709 16478 321096
1438646400 10 422 12 755
1438560000 10 402 12 544
1438473600 9 402 12 472
1438387200 10 737 12 1627
1438300800 926 5377 31699 245011
1438214400 1043 2257 94897 55932
1438128000 10 841 12 2045
1438041600 4403 7426 534150 1157667
1437955200 10 370 12 421
1437868800 10 379 12 958
1437782400 10 671 12 1805
1437696000 650 2161 50343 76624
1437609600 1130 4004 46747 334296
1437523200 1516 2794 197304 85873
1437436800 1160 3715 55702 103148
1437350400 8 379 12 440
1437264000 10 388 12 492
1437177600 972 3045 75804 130287
1437091200 1132 4559 120504 208898
1437004800 272 3311 9436 312023
1436918400 1369 3959 75877 162011
1436832000 15634 10208 587645 190743
1436745600 10 365 12 453
1436659200 10 367 12 442
1436572800 9 596 12 1472
1436486400 10 654 12 1406
1436400000 10 742 12 2189
1436313600 1267 4257 127626 223054
1436227200 1895 4840 34787 315457
1436140800 10 376 12 426
1436054400 10 378 12 581
1435968000 10 567 12 1170
1435881600 10 576 12 1507
1435795200 9 379 12 630
1435708800 9 671 12 2469
1435622400 9 683 12 1415
1435536000 10 509 12 603
1435449600 10 523 12 774
1435363200 6972 11319 1622397 328879
1435276800 853 2877 25374 147092
1435190400 4331 2173 919566 95881
1435104000 1062 2557 50153 75618
1435017600 3958 10453 917947 1188087
1434931200 9 363 12 570
1434844800 10 372 12 509
1434758400 1212 3196 61038 149559
1434672000 1103 2897 45972 139243
1434585600 847 2429 41032 134539
1434499200 1929 3397 78391 42216
1434412800 10 594 12 1456
1434326400 10 408 12 460
1434240000 10 411 12 503
1434153600 608 2133 16577 120426
1434067200 475 2621 21592 298879
1433980800 802 17307 47196 1472025
1433894400 692 1428 87566 27853
1433808000 1186 4758 46620 271756
1433721600 10 269 12 355
1433635200 10 274 12 519
1433548800 1477 2930 13024 97383
1433462400 872 2026 43428 116488
1433376000 4133 3479 817888 148901
1433289600 10 568 12 1298
1433203200 82 538 11148 11941
1433116800 10 238 12 767
1433030400 9 322 12 3695
1432944000 1275 3022 65912 127424
1432857600 819 1813 60755 54595
1432771200 7818 6560 63327 187290
1432684800 1129 2534 35057 79156
1432598400 932 1767 21689 56557
1432512000 9 212 12 253
1432425600 10 212 17 961
1432339200 1066 4487 95668 103770
1432252800 1077 2542 13494 96390
1432166400 10 489 12 1194
1432080000 1253 2125 121372 79287
1431993600 10 207 12 349
1431907200 10 200 12 250
1431820800 10 201 12 261
1431734400 9 450 12 1017
1431648000 9 497 12 1712
1431561600 10 466 12 1567
1431475200 10 459 12 1502
1431388800 1417 3766 33788 127466
1431302400 26 480 26 582
1431216000 6 311 26 670
1431129600 0 487 8 1612
1431043200 1 540 104 1362
1430956800 1 568 271 2515
1430870400 0 480 28 1924
1430784000 1 494 99 2443
1430697600 0 197 4 260
1430611200 0 197 101 352
1430524800 0 543 102 10409
1430438400 0 651 82 3678
1430352000 1 597 288 2245
1430265600 0 0 0 0
1430179200 0 0 0 0
1430092800 0 0 0 0
1430006400 0 0 0 0
1429920000 0 0 0 0
1429833600 0 0 0 0
1429747200 0 0 0 0
1429660800 0 0 0 0
1429574400 0 0 0 0
1429488000 0 0 0 0
1429401600 0 0 0 0
1429315200 0 0 0 0
1429228800 0 0 0 0
1429142400 0 0 0 0
1429056000 0 0 0 0
1428969600 0 0 0 0
1428883200 0 0 0 0
1428796800 0 0 0 0
1428710400 0 0 0 0
1428624000 0 0 0 0
1428537600 0 0 0 0
1428451200 0 0 0 0
1428364800 0 0 0 0
1428278400 0 0 0 0
1428192000 0 0 0 0
1428105600 0 0 0 0
1428019200 0 0 0 0
1427932800 0 0 0 0
1427846400 0 0 0 0
1427760000 0 0 0 0
1427673600 0 0 0 0
1427587200 0 0 0 0
1427500800 0 0 0 0
1427414400 0 0 0 0
1427328000 0 0 0 0
1427241600 0 0 0 0
1427155200 0 0 0 0
1427068800 0 0 0 0
1426982400 0 0 0 0
1426896000 0 0 0 0
1426809600 0 0 0 0
1426723200 0 0 0 0
1426636800 0 0 0 0
1426550400 0 0 0 0
1426464000 0 0 0 0
1426377600 0 0 0 0
1426291200 0 0 0 0
1426204800 0 0 0 0
1426118400 0 0 0 0
1426032000 0 0 0 0
1425945600 0 0 0 0
1425859200 0 0 0 0
1425772800 0 0 0 0
1425686400 0 0 0 0
1425600000 0 0 0 0
1425513600 0 0 0 0
1425427200 0 0 0 0
1425340800 0 0 0 0
1425254400 0 0 0 0
1425168000 0 0 0 0
1425081600 0 0 0 0
1424995200 0 0 0 0
1424908800 0 0 0 0
1424822400 0 0 0 0
1424736000 0 0 0 0
1424649600 0 0 0 0
1424563200 0 0 0 0
1424476800 0 0 0 0
1424390400 0 0 0 0
1424304000 0 0 0 0
1424217600 0 0 0 0
1424131200 0 0 0 0
1424044800 0 0 0 0
1423958400 0 0 0 0
1423872000 0 0 0 0
1423785600 0 0 0 0
1423699200 0 0 0 0
1423612800 0 0 0 0
1423526400 0 0 0 0
1423440000 0 0 0 0
1423353600 0 0 0 0
1423267200 0 0 0 0
1423180800 0 0 0 0
1423094400 0 0 0 0
1423008000 0 0 0 0
1422921600 0 0 0 0
1422835200 0 0 0 0
1422748800 0 0 0 0
1422662400 0 0 0 0
1422576000 0 0 0 0
1422489600 0 0 0 0
1422403200 0 0 0 0
1422316800 0 0 0 0
1422230400 0 0 0 0
1422144000 0 0 0 0
1422057600 0 0 0 0
1421971200 0 0 0 0
1421884800 0 0 0 0
1421798400 0 0 0 0
1421712000 0 0 0 0
1421625600 0 0 0 0
1421539200 0 0 0 0
1421452800 0 0 0 0
1421366400 0 0 0 0
1421280000 0 0 0 0
1421193600 0 0 0 0
1421107200 0 0 0 0
1421020800 0 0 0 0
1420934400 0 0 0 0
1420848000 0 0 0 0
1420761600 0 0 0 0
1420675200 0 0 0 0
1420588800 0 0 0 0
1420502400 0 0 0 0
1420416000 0 0 0 0
1420329600 0 0 0 0
1420243200 0 0 0 0
1420156800 0 0 0 0
1420070400 0 0 0 0
1419984000 0 0 0 0
1419897600 0 0 0 0
1419811200 0 0 0 0
1419724800 0 0 0 0
1419638400 0 0 0 0
1419552000 0 0 0 0
1419465600 0 0 0 0
1419379200 0 0 0 0
1419292800 0 0 0 0
1419206400 0 0 0 0
1419120000 0 0 0 0
1419033600 0 0 0 0
1418947200 0 0 0 0
1418860800 0 0 0 0
1418774400 0 0 0 0
1418688000 0 0 0 0
1418601600 0 0 0 0
1418515200 0 0 0 0
1418428800 0 0 0 0
1418342400 0 0 0 0
1418256000 0 0 0 0
1418169600 0 0 0 0
1418083200 0 0 0 0
1417996800 0 0 0 0
1417910400 0 0 0 0
1417824000 0 0 0 0
1417737600 0 0 0 0
1417651200 0 0 0 0
1417564800 0 0 0 0
1417478400 0 0 0 0
1417392000 0 0 0 0
1417305600 0 0 0 0
1417219200 0 0 0 0
1417132800 0 0 0 0
1417046400 0 0 0 0
1416960000 0 0 0 0
1416873600 0 0 0 0
1416787200 0 0 0 0
1416700800 0 0 0 0
1416614400 0 0 0 0
1416528000 0 0 0 0
1416441600 0 0 0 0
1416355200 0 0 0 0
1416268800 0 0 0 0
1416182400 0 0 0 0
1416096000 0 0 0 0
1416009600 0 0 0 0
1415923200 0 0 0 0
1415836800 0 0 0 0
1415750400 0 0 0 0
1415664000 0 0 0 0
1415577600 0 0 0 0
1415491200 0 0 0 0
1415404800 0 0 0 0
1415318400 0 0 0 0
1415232000 0 0 0 0
1415145600 0 0 0 0
1415059200 0 0 0 0
1414972800 0 0 0 0
1414886400 0 0 0 0
1414800000 0 0 0 0
1414713600 0 0 0 0
1414627200 0 0 0 0
1414540800 0 0 0 0
1414454400 0 0 0 0
1414368000 0 0 0 0
1414281600 0 0 0 0
1414195200 0 0 0 0
1414108800 0 0 0 0
1414022400 0 0 0 0
1413936000 0 0 0 0
1413849600 0 0 0 0
1413763200 0 0 0 0
1413676800 0 0 0 0
1413590400 0 0 0 0
1413504000 0 0 0 0
1413417600 0 0 0 0
1413331200 0 0 0 0
1413244800 0 0 0 0
1413158400 0 0 0 0
1413072000 0 0 0 0
1412985600 0 0 0 0
1412899200 0 0 0 0
1412812800 0 0 0 0
1412726400 0 0 0 0
1412640000 0 0 0 0
1412553600 0 0 0 0
1412467200 0 0 0 0
1412380800 0 0 0 0
1412294400 0 0 0 0
1412208000 0 0 0 0
1412121600 0 0 0 0
1412035200 0 0 0 0
1411948800 0 0 0 0
1411862400 0 0 0 0
1411776000 0 0 0 0
1411689600 0 0 0 0
1411603200 0 0 0 0
1411516800 0 0 0 0
1411430400 0 0 0 0
1411344000 0 0 0 0
1411257600 0 0 0 0
1411171200 0 0 0 0
1411084800 0 0 0 0
1410998400 0 0 0 0
1410912000 0 0 0 0
1410825600 0 0 0 0
1410739200 0 0 0 0
1410652800 0 0 0 0
1410566400 0 0 0 0
1410480000 0 0 0 0
1410393600 0 0 0 0
1410307200 0 0 0 0
1410220800 0 0 0 0
1410134400 0 0 0 0
1410048000 0 0 0 0
1409961600 0 0 0 0
1409875200 0 0 0 0
1409788800 0 0 0 0
1409702400 0 0 0 0
1409616000 0 0 0 0
1409529600 0 0 0 0
1409443200 0 0 0 0
1409356800 0 0 0 0
1409270400 0 0 0 0
1409184000 0 0 0 0
1409097600 0 0 0 0
1409011200 0 0 0 0
1408924800 0 0 0 0
1408838400 0 0 0 0
1408752000 0 0 0 0
1408665600 0 0 0 0
1408579200 0 0 0 0
1408492800 0 0 0 0
1408406400 0 0 0 0
1408320000 0 0 0 0
1408233600 0 0 0 0
1408147200 0 0 0 0
1408060800 0 0 0 0
1407974400 0 0 0 0
1407888000 0 0 0 0
1407801600 0 0 0 0
1407715200 0 0 0 0
1407628800 0 0 0 0
1407542400 0 0 0 0
1407456000 0 0 0 0
1407369600 0 0 0 0
1407283200 0 0 0 0
1407196800 0 0 0 0
1407110400 0 0 0 0
1407024000 0 0 0 0
1406937600 0 0 0 0
1406851200 0 0 0 0
1406764800 0 0 0 0
1406678400 0 0 0 0
1406592000 0 0 0 0
1406505600 0 0 0 0
1406419200 0 0 0 0
1406332800 0 0 0 0
1406246400 0 0 0 0
1406160000 0 0 0 0
1406073600 0 0 0 0
1405987200 0 0 0 0
1405900800 0 0 0 0
1405814400 0 0 0 0
1405728000 0 0 0 0
1405641600 0 0 0 0
1405555200 0 0 0 0
1405468800 0 0 0 0
1405382400 0 0 0 0
1405296000 0 0 0 0
1405209600 0 0 0 0
1405123200 0 0 0 0
1405036800 0 0 0 0
1404950400 0 0 0 0
1404864000 0 0 0 0
1404777600 0 0 0 0
1404691200 0 0 0 0
1404604800 0 0 0 0
1404518400 0 0 0 0
1404432000 0 0 0 0
1404345600 0 0 0 0
1404259200 0 0 0 0
1404172800 0 0 0 0
1404086400 0 0 0 0
1404000000 0 0 0 0
1403913600 0 0 0 0
1403827200 0 0 0 0
1403740800 0 0 0 0
1403654400 0 0 0 0
1403568000 0 0 0 0
1403481600 0 0 0 0
1403395200 0 0 0 0
1403308800 0 0 0 0
1403222400 0 0 0 0
1403136000 0 0 0 0
1403049600 0 0 0 0
1402963200 0 0 0 0
1402876800 0 0 0 0
1402790400 0 0 0 0
1402704000 0 0 0 0
1402617600 0 0 0 0
1402531200 0 0 0 0
1402444800 0 0 0 0
1402358400 0 0 0 0
1402272000 0 0 0 0
1402185600 0 0 0 0
1402099200 0 0 0 0
1402012800 0 0 0 0
1401926400 0 0 0 0
1401840000 0 0 0 0
1401753600 0 0 0 0
1401667200 0 0 0 0
1401580800 0 0 0 0
1401494400 0 0 0 0
1401408000 0 0 0 0
1401321600 0 0 0 0
1401235200 0 0 0 0
1401148800 0 0 0 0
1401062400 0 0 0 0
1400976000 0 0 0 0
1400889600 0 0 0 0
1400803200 0 0 0 0
1400716800 0 0 0 0
1400630400 0 0 0 0
1400544000 0 0 0 0
1400457600 0 0 0 0
1400371200 0 0 0 0
1400284800 0 0 0 0
1400198400 0 0 0 0
1400112000 0 0 0 0
1400025600 0 0 0 0
1399939200 0 0 0 0
1399852800 0 0 0 0
1399766400 0 0 0 0
1399680000 0 0 0 0
1399593600 0 0 0 0
1399507200 0 0 0 0
1399420800 0 0 0 0
1399334400 0 0 0 0
1399248000 0 0 0 0
1399161600 0 0 0 0
1399075200 0 0 0 0
1398988800 0 0 0 0
1398902400 0 0 0 0
1398816000 0 0 0 0
1398729600 0 0 0 0
1398643200 0 0 0 0
1398556800 0 0 0 0
1398470400 0 0 0 0
1398384000 0 0 0 0
1398297600 0 0 0 0
1398211200 0 0 0 0
1398124800 0 0 0 0
1398038400 0 0 0 0
1397952000 0 0 0 0
1397865600 0 0 0 0
1397779200 0 0 0 0
1397692800 0 0 0 0
1397606400 0 0 0 0
1397520000 0 0 0 0
1397433600 0 0 0 0
1397347200 0 0 0 0
1397260800 0 0 0 0
1397174400 0 0 0 0
1397088000 0 0 0 0
1397001600 0 0 0 0
1396915200 0 0 0 0
1396828800 0 0 0 0
1396742400 0 0 0 0
1396656000 0 0 0 0
1396569600 0 0 0 0
1396483200 0 0 0 0
1396396800 0 0 0 0
1396310400 0 0 0 0
1396224000 0 0 0 0
1396137600 0 0 0 0
1396051200 0 0 0 0
1395964800 0 0 0 0
1395878400 0 0 0 0
1395792000 0 0 0 0
1395705600 0 0 0 0
1395619200 0 0 0 0
1395532800 0 0 0 0
1395446400 0 0 0 0
1395360000 0 0 0 0
1395273600 0 0 0 0
1395187200 0 0 0 0
1395100800 0 0 0 0
1395014400 0 0 0 0
1394928000 0 0 0 0
1394841600 0 0 0 0
1394755200 0 0 0 0
1394668800 0 0 0 0
1394582400 0 0 0 0
1394496000 0 0 0 0
1394409600 0 0 0 0
1394323200 0 0 0 0
1394236800 0 0 0 0
1394150400 0 0 0 0
1394064000 0 0 0 0
1393977600 0 0 0 0
1393891200 0 0 0 0
1393804800 0 0 0 0
1393718400 0 0 0 0
1393632000 0 0 0 0
1393545600 0 0 0 0
1393459200 0 0 0 0
1393372800 0 0 0 0
1393286400 0 0 0 0
1393200000 0 0 0 0
1393113600 0 0 0 0
1393027200 0 0 0 0
1392940800 0 0 0 0
1392854400 0 0 0 0
1392768000 0 0 0 0
1392681600 0 0 0 0
1392595200 0 0 0 0
1392508800 0 0 0 0
1392422400 0 0 0 0
1392336000 0 0 0 0
1392249600 0 0 0 0
1392163200 0 0 0 0
1392076800 0 0 0 0
1391990400 0 0 0 0
1391904000 0 0 0 0
1391817600 0 0 0 0
