1430268844 -1 -1
1430268844 0 0 0 0
1430256966 0 0 0 0
1430256900 0 0 0 0
1430256600 0 0 0 0
1430256300 0 0 0 0
1430256000 0 0 0 0
1430255700 0 0 0 0
1430255400 0 0 0 0
1430255100 0 0 0 0
1430254800 0 0 0 0
1430254500 0 0 0 0
1430254200 0 0 0 0
1430253900 0 0 0 0
1430253600 0 0 0 0
1430253300 0 0 0 0
1430253000 0 0 0 0
1430252700 0 0 0 0
1430252400 0 0 0 0
1430252100 0 0 0 0
1430251800 0 0 0 0
1430251500 0 0 0 0
1430251200 0 0 0 0
1430250900 0 0 0 0
1430250600 0 0 0 0
1430250300 0 0 0 0
1430250000 0 0 0 0
1430249700 0 0 0 0
1430249400 0 0 0 0
1430249100 0 0 0 0
1430248800 0 0 0 0
1430248500 0 0 0 0
1430248200 0 0 0 0
1430247900 0 0 0 0
1430247600 0 0 0 0
1430247300 0 0 0 0
1430247000 0 0 0 0
1430246700 0 0 0 0
1430246400 0 0 0 0
1430246100 0 0 0 0
1430245800 0 0 0 0
1430245500 0 0 0 0
1430245200 0 0 0 0
1430244900 0 0 0 0
1430244600 0 0 0 0
1430244300 0 0 0 0
1430244000 0 0 0 0
1430243700 0 0 0 0
1430243400 0 0 0 0
1430243100 0 0 0 0
1430242800 0 0 0 0
1430242500 0 0 0 0
1430242200 0 0 0 0
1430241900 0 0 0 0
1430241600 0 0 0 0
1430241300 0 0 0 0
1430241000 0 0 0 0
1430240700 0 0 0 0
1430240400 0 0 0 0
1430240100 0 0 0 0
1430239800 0 0 0 0
1430239500 0 0 0 0
1430239200 0 0 0 0
1430238900 0 0 0 0
1430238600 0 0 0 0
1430238300 0 0 0 0
1430238000 0 0 0 0
1430237700 0 0 0 0
1430237400 0 0 0 0
1430237100 0 0 0 0
1430236800 0 0 0 0
1430236500 0 0 0 0
1430236200 0 0 0 0
1430235900 0 0 0 0
1430235600 0 0 0 0
1430235300 0 0 0 0
1430235000 0 0 0 0
1430234700 0 0 0 0
1430234400 0 0 0 0
1430234100 0 0 0 0
1430233800 0 0 0 0
1430233500 0 0 0 0
1430233200 0 0 0 0
1430232900 0 0 0 0
1430232600 0 0 0 0
1430232300 0 0 0 0
1430232000 0 0 0 0
1430231700 0 0 0 0
1430231400 0 0 0 0
1430231100 0 0 0 0
1430230800 0 0 0 0
1430230500 0 0 0 0
1430230200 0 0 0 0
1430229900 0 0 0 0
1430229600 0 0 0 0
1430229300 0 0 0 0
1430229000 0 0 0 0
1430228700 0 0 0 0
1430228400 0 0 0 0
1430228100 0 0 0 0
1430227800 0 0 0 0
1430227500 0 0 0 0
1430227200 0 0 0 0
1430226900 0 0 0 0
1430226600 0 0 0 0
1430226300 0 0 0 0
1430226000 0 0 0 0
1430225700 0 0 0 0
1430225400 0 0 0 0
1430225100 0 0 0 0
1430224800 0 0 0 0
1430224500 0 0 0 0
1430224200 0 0 0 0
1430223900 0 0 0 0
1430223600 0 0 0 0
1430223300 0 0 0 0
1430223000 0 0 0 0
1430222700 0 0 0 0
1430222400 0 0 0 0
1430222100 0 0 0 0
1430221800 0 0 0 0
1430221500 0 0 0 0
1430221200 0 0 0 0
1430220900 0 0 0 0
1430220600 0 0 0 0
1430220300 0 0 0 0
1430220000 0 0 0 0
1430219700 0 0 0 0
1430219400 0 0 0 0
1430219100 0 0 0 0
1430218800 0 0 0 0
1430218500 0 0 0 0
1430218200 0 0 0 0
1430217900 0 0 0 0
1430217600 0 0 0 0
1430217300 0 0 0 0
1430217000 0 0 0 0
1430216700 0 0 0 0
1430216400 0 0 0 0
1430216100 0 0 0 0
1430215800 0 0 0 0
1430215500 0 0 0 0
1430215200 0 0 0 0
1430214900 0 0 0 0
1430214600 0 0 0 0
1430214300 0 0 0 0
1430214000 0 0 0 0
1430213700 0 0 0 0
1430213400 0 0 0 0
1430213100 0 0 0 0
1430212800 0 0 0 0
1430212500 0 0 0 0
1430212200 0 0 0 0
1430211900 0 0 0 0
1430211600 0 0 0 0
1430211300 0 0 0 0
1430211000 0 0 0 0
1430210700 0 0 0 0
1430210400 0 0 0 0
1430210100 0 0 0 0
1430209800 0 0 0 0
1430209500 0 0 0 0
1430209200 0 0 0 0
1430208900 0 0 0 0
1430208600 0 0 0 0
1430208300 0 0 0 0
1430208000 0 0 0 0
1430207700 0 0 0 0
1430207400 0 0 0 0
1430207100 0 0 0 0
1430206800 0 0 0 0
1430206500 0 0 0 0
1430206200 0 0 0 0
1430205900 0 0 0 0
1430205600 0 0 0 0
1430205300 0 0 0 0
1430205000 0 0 0 0
1430204700 0 0 0 0
1430204400 0 0 0 0
1430204100 0 0 0 0
1430203800 0 0 0 0
1430203500 0 0 0 0
1430203200 0 0 0 0
1430202900 0 0 0 0
1430202600 0 0 0 0
1430202300 0 0 0 0
1430202000 0 0 0 0
1430201700 0 0 0 0
1430201400 0 0 0 0
1430201100 0 0 0 0
1430200800 0 0 0 0
1430200500 0 0 0 0
1430200200 0 0 0 0
1430199900 0 0 0 0
1430199600 0 0 0 0
1430199300 0 0 0 0
1430199000 0 0 0 0
1430198700 0 0 0 0
1430198400 0 0 0 0
1430198100 0 0 0 0
1430197800 0 0 0 0
1430197500 0 0 0 0
1430197200 0 0 0 0
1430196900 0 0 0 0
1430196600 0 0 0 0
1430196300 0 0 0 0
1430196000 0 0 0 0
1430195700 0 0 0 0
1430195400 0 0 0 0
1430195100 0 0 0 0
1430194800 0 0 0 0
1430194500 0 0 0 0
1430194200 0 0 0 0
1430193900 0 0 0 0
1430193600 0 0 0 0
1430193300 0 0 0 0
1430193000 0 0 0 0
1430192700 0 0 0 0
1430192400 0 0 0 0
1430192100 0 0 0 0
1430191800 0 0 0 0
1430191500 0 0 0 0
1430191200 0 0 0 0
1430190900 0 0 0 0
1430190600 0 0 0 0
1430190300 0 0 0 0
1430190000 0 0 0 0
1430189700 0 0 0 0
1430189400 0 0 0 0
1430189100 0 0 0 0
1430188800 0 0 0 0
1430188500 0 0 0 0
1430188200 0 0 0 0
1430187900 0 0 0 0
1430187600 0 0 0 0
1430187300 0 0 0 0
1430187000 0 0 0 0
1430186700 0 0 0 0
1430186400 0 0 0 0
1430186100 0 0 0 0
1430185800 0 0 0 0
1430185500 0 0 0 0
1430185200 0 0 0 0
1430184900 0 0 0 0
1430184600 0 0 0 0
1430184300 0 0 0 0
1430184000 0 0 0 0
1430183700 0 0 0 0
1430183400 0 0 0 0
1430183100 0 0 0 0
1430182800 0 0 0 0
1430182500 0 0 0 0
1430182200 0 0 0 0
1430181900 0 0 0 0
1430181600 0 0 0 0
1430181300 0 0 0 0
1430181000 0 0 0 0
1430180700 0 0 0 0
1430180400 0 0 0 0
1430180100 0 0 0 0
1430179800 0 0 0 0
1430179500 0 0 0 0
1430179200 0 0 0 0
1430178900 0 0 0 0
1430178600 0 0 0 0
1430178300 0 0 0 0
1430178000 0 0 0 0
1430177700 0 0 0 0
1430177400 0 0 0 0
1430177100 0 0 0 0
1430176800 0 0 0 0
1430176500 0 0 0 0
1430176200 0 0 0 0
1430175900 0 0 0 0
1430175600 0 0 0 0
1430175300 0 0 0 0
1430175000 0 0 0 0
1430174700 0 0 0 0
1430174400 0 0 0 0
1430174100 0 0 0 0
1430173800 0 0 0 0
1430173500 0 0 0 0
1430173200 0 0 0 0
1430172900 0 0 0 0
1430172600 0 0 0 0
1430172300 0 0 0 0
1430172000 0 0 0 0
1430171700 0 0 0 0
1430171400 0 0 0 0
1430171100 0 0 0 0
1430170800 0 0 0 0
1430170500 0 0 0 0
1430170200 0 0 0 0
1430169900 0 0 0 0
1430169600 0 0 0 0
1430169300 0 0 0 0
1430169000 0 0 0 0
1430168700 0 0 0 0
1430168400 0 0 0 0
1430168100 0 0 0 0
1430167800 0 0 0 0
1430167500 0 0 0 0
1430167200 0 0 0 0
1430166900 0 0 0 0
1430166600 0 0 0 0
1430166300 0 0 0 0
1430166000 0 0 0 0
1430165700 0 0 0 0
1430165400 0 0 0 0
1430165100 0 0 0 0
1430164800 0 0 0 0
1430164500 0 0 0 0
1430164200 0 0 0 0
1430163900 0 0 0 0
1430163600 0 0 0 0
1430163300 0 0 0 0
1430163000 0 0 0 0
1430162700 0 0 0 0
1430162400 0 0 0 0
1430162100 0 0 0 0
1430161800 0 0 0 0
1430161500 0 0 0 0
1430161200 0 0 0 0
1430160900 0 0 0 0
1430160600 0 0 0 0
1430160300 0 0 0 0
1430160000 0 0 0 0
1430159700 0 0 0 0
1430159400 0 0 0 0
1430159100 0 0 0 0
1430158800 0 0 0 0
1430158500 0 0 0 0
1430158200 0 0 0 0
1430157900 0 0 0 0
1430157600 0 0 0 0
1430157300 0 0 0 0
1430157000 0 0 0 0
1430156700 0 0 0 0
1430156400 0 0 0 0
1430156100 0 0 0 0
1430155800 0 0 0 0
1430155500 0 0 0 0
1430155200 0 0 0 0
1430154900 0 0 0 0
1430154600 0 0 0 0
1430154300 0 0 0 0
1430154000 0 0 0 0
1430153700 0 0 0 0
1430153400 0 0 0 0
1430153100 0 0 0 0
1430152800 0 0 0 0
1430152500 0 0 0 0
1430152200 0 0 0 0
1430151900 0 0 0 0
1430151600 0 0 0 0
1430151300 0 0 0 0
1430151000 0 0 0 0
1430150700 0 0 0 0
1430150400 0 0 0 0
1430150100 0 0 0 0
1430149800 0 0 0 0
1430149500 0 0 0 0
1430149200 0 0 0 0
1430148900 0 0 0 0
1430148600 0 0 0 0
1430148300 0 0 0 0
1430148000 0 0 0 0
1430147700 0 0 0 0
1430147400 0 0 0 0
1430147100 0 0 0 0
1430146800 0 0 0 0
1430146500 0 0 0 0
1430146200 0 0 0 0
1430145900 0 0 0 0
1430145600 0 0 0 0
1430145300 0 0 0 0
1430145000 0 0 0 0
1430144700 0 0 0 0
1430144400 0 0 0 0
1430144100 0 0 0 0
1430143800 0 0 0 0
1430143500 0 0 0 0
1430143200 0 0 0 0
1430142900 0 0 0 0
1430142600 0 0 0 0
1430142300 0 0 0 0
1430142000 0 0 0 0
1430141700 0 0 0 0
1430141400 0 0 0 0
1430141100 0 0 0 0
1430140800 0 0 0 0
1430140500 0 0 0 0
1430140200 0 0 0 0
1430139900 0 0 0 0
1430139600 0 0 0 0
1430139300 0 0 0 0
1430139000 0 0 0 0
1430138700 0 0 0 0
1430138400 0 0 0 0
1430138100 0 0 0 0
1430137800 0 0 0 0
1430137500 0 0 0 0
1430137200 0 0 0 0
1430136900 0 0 0 0
1430136600 0 0 0 0
1430136300 0 0 0 0
1430136000 0 0 0 0
1430135700 0 0 0 0
1430135400 0 0 0 0
1430135100 0 0 0 0
1430134800 0 0 0 0
1430134500 0 0 0 0
1430134200 0 0 0 0
1430133900 0 0 0 0
1430133600 0 0 0 0
1430133300 0 0 0 0
1430133000 0 0 0 0
1430132700 0 0 0 0
1430132400 0 0 0 0
1430132100 0 0 0 0
1430131800 0 0 0 0
1430131500 0 0 0 0
1430131200 0 0 0 0
1430130900 0 0 0 0
1430130600 0 0 0 0
1430130300 0 0 0 0
1430130000 0 0 0 0
1430129700 0 0 0 0
1430129400 0 0 0 0
1430129100 0 0 0 0
1430128800 0 0 0 0
1430128500 0 0 0 0
1430128200 0 0 0 0
1430127900 0 0 0 0
1430127600 0 0 0 0
1430127300 0 0 0 0
1430127000 0 0 0 0
1430126700 0 0 0 0
1430126400 0 0 0 0
1430126100 0 0 0 0
1430125800 0 0 0 0
1430125500 0 0 0 0
1430125200 0 0 0 0
1430124900 0 0 0 0
1430124600 0 0 0 0
1430124300 0 0 0 0
1430124000 0 0 0 0
1430123700 0 0 0 0
1430123400 0 0 0 0
1430123100 0 0 0 0
1430122800 0 0 0 0
1430122500 0 0 0 0
1430122200 0 0 0 0
1430121900 0 0 0 0
1430121600 0 0 0 0
1430121300 0 0 0 0
1430121000 0 0 0 0
1430120700 0 0 0 0
1430120400 0 0 0 0
1430120100 0 0 0 0
1430119800 0 0 0 0
1430119500 0 0 0 0
1430119200 0 0 0 0
1430118900 0 0 0 0
1430118600 0 0 0 0
1430118300 0 0 0 0
1430118000 0 0 0 0
1430117700 0 0 0 0
1430117400 0 0 0 0
1430117100 0 0 0 0
1430116800 0 0 0 0
1430116500 0 0 0 0
1430116200 0 0 0 0
1430115900 0 0 0 0
1430115600 0 0 0 0
1430115300 0 0 0 0
1430115000 0 0 0 0
1430114700 0 0 0 0
1430114400 0 0 0 0
1430114100 0 0 0 0
1430113800 0 0 0 0
1430113500 0 0 0 0
1430113200 0 0 0 0
1430112900 0 0 0 0
1430112600 0 0 0 0
1430112300 0 0 0 0
1430112000 0 0 0 0
1430111700 0 0 0 0
1430111400 0 0 0 0
1430111100 0 0 0 0
1430110800 0 0 0 0
1430110500 0 0 0 0
1430110200 0 0 0 0
1430109900 0 0 0 0
1430109600 0 0 0 0
1430109300 0 0 0 0
1430109000 0 0 0 0
1430108700 0 0 0 0
1430108400 0 0 0 0
1430108100 0 0 0 0
1430107800 0 0 0 0
1430107500 0 0 0 0
1430107200 0 0 0 0
1430106900 0 0 0 0
1430106600 0 0 0 0
1430106300 0 0 0 0
1430106000 0 0 0 0
1430105700 0 0 0 0
1430105400 0 0 0 0
1430105100 0 0 0 0
1430104800 0 0 0 0
1430104500 0 0 0 0
1430104200 0 0 0 0
1430103900 0 0 0 0
1430103600 0 0 0 0
1430103300 0 0 0 0
1430103000 0 0 0 0
1430102700 0 0 0 0
1430102400 0 0 0 0
1430102100 0 0 0 0
1430101800 0 0 0 0
1430101500 0 0 0 0
1430101200 0 0 0 0
1430100900 0 0 0 0
1430100600 0 0 0 0
1430100300 0 0 0 0
1430100000 0 0 0 0
1430099700 0 0 0 0
1430099400 0 0 0 0
1430099100 0 0 0 0
1430098800 0 0 0 0
1430098500 0 0 0 0
1430098200 0 0 0 0
1430097900 0 0 0 0
1430097600 0 0 0 0
1430097300 0 0 0 0
1430097000 0 0 0 0
1430096700 0 0 0 0
1430096400 0 0 0 0
1430096100 0 0 0 0
1430095800 0 0 0 0
1430095500 0 0 0 0
1430095200 0 0 0 0
1430094900 0 0 0 0
1430094600 0 0 0 0
1430094300 0 0 0 0
1430094000 0 0 0 0
1430093700 0 0 0 0
1430093400 0 0 0 0
1430093100 0 0 0 0
1430092800 0 0 0 0
1430092500 0 0 0 0
1430092200 0 0 0 0
1430091900 0 0 0 0
1430091600 0 0 0 0
1430091300 0 0 0 0
1430091000 0 0 0 0
1430090700 0 0 0 0
1430090400 0 0 0 0
1430090100 0 0 0 0
1430089800 0 0 0 0
1430089500 0 0 0 0
1430089200 0 0 0 0
1430088900 0 0 0 0
1430088600 0 0 0 0
1430088300 0 0 0 0
1430088000 0 0 0 0
1430087700 0 0 0 0
1430087400 0 0 0 0
1430087100 0 0 0 0
1430086800 0 0 0 0
1430086500 0 0 0 0
1430086200 0 0 0 0
1430085900 0 0 0 0
1430085600 0 0 0 0
1430085300 0 0 0 0
1430085000 0 0 0 0
1430084700 0 0 0 0
1430084400 0 0 0 0
1430084100 0 0 0 0
1430083800 0 0 0 0
1430083500 0 0 0 0
1430083200 0 0 0 0
1430082900 0 0 0 0
1430082600 0 0 0 0
1430082300 0 0 0 0
1430082000 0 0 0 0
1430081700 0 0 0 0
1430081400 0 0 0 0
1430081100 0 0 0 0
1430080800 0 0 0 0
1430080500 0 0 0 0
1430080200 0 0 0 0
1430079900 0 0 0 0
1430079600 0 0 0 0
1430079300 0 0 0 0
1430079000 0 0 0 0
1430078700 0 0 0 0
1430078400 0 0 0 0
1430078100 0 0 0 0
1430077800 0 0 0 0
1430077500 0 0 0 0
1430077200 0 0 0 0
1430076600 0 0 0 0
1430074800 0 0 0 0
1430073000 0 0 0 0
1430071200 0 0 0 0
1430069400 0 0 0 0
1430067600 0 0 0 0
1430065800 0 0 0 0
1430064000 0 0 0 0
1430062200 0 0 0 0
1430060400 0 0 0 0
1430058600 0 0 0 0
1430056800 0 0 0 0
1430055000 0 0 0 0
1430053200 0 0 0 0
1430051400 0 0 0 0
1430049600 0 0 0 0
1430047800 0 0 0 0
1430046000 0 0 0 0
1430044200 0 0 0 0
1430042400 0 0 0 0
1430040600 0 0 0 0
1430038800 0 0 0 0
1430037000 0 0 0 0
1430035200 0 0 0 0
1430033400 0 0 0 0
1430031600 0 0 0 0
1430029800 0 0 0 0
1430028000 0 0 0 0
1430026200 0 0 0 0
1430024400 0 0 0 0
1430022600 0 0 0 0
1430020800 0 0 0 0
1430019000 0 0 0 0
1430017200 0 0 0 0
1430015400 0 0 0 0
1430013600 0 0 0 0
1430011800 0 0 0 0
1430010000 0 0 0 0
1430008200 0 0 0 0
1430006400 0 0 0 0
1430004600 0 0 0 0
1430002800 0 0 0 0
1430001000 0 0 0 0
1429999200 0 0 0 0
1429997400 0 0 0 0
1429995600 0 0 0 0
1429993800 0 0 0 0
1429992000 0 0 0 0
1429990200 0 0 0 0
1429988400 0 0 0 0
1429986600 0 0 0 0
1429984800 0 0 0 0
1429983000 0 0 0 0
1429981200 0 0 0 0
1429979400 0 0 0 0
1429977600 0 0 0 0
1429975800 0 0 0 0
1429974000 0 0 0 0
1429972200 0 0 0 0
1429970400 0 0 0 0
1429968600 0 0 0 0
1429966800 0 0 0 0
1429965000 0 0 0 0
1429963200 0 0 0 0
1429961400 0 0 0 0
1429959600 0 0 0 0
1429957800 0 0 0 0
1429956000 0 0 0 0
1429954200 0 0 0 0
1429952400 0 0 0 0
1429950600 0 0 0 0
1429948800 0 0 0 0
1429947000 0 0 0 0
1429945200 0 0 0 0
1429943400 0 0 0 0
1429941600 0 0 0 0
1429939800 0 0 0 0
1429938000 0 0 0 0
1429936200 0 0 0 0
1429934400 0 0 0 0
1429932600 0 0 0 0
1429930800 0 0 0 0
1429929000 0 0 0 0
1429927200 0 0 0 0
1429925400 0 0 0 0
1429923600 0 0 0 0
1429921800 0 0 0 0
1429920000 0 0 0 0
1429918200 0 0 0 0
1429916400 0 0 0 0
1429914600 0 0 0 0
1429912800 0 0 0 0
1429911000 0 0 0 0
1429909200 0 0 0 0
1429907400 0 0 0 0
1429905600 0 0 0 0
1429903800 0 0 0 0
1429902000 0 0 0 0
1429900200 0 0 0 0
1429898400 0 0 0 0
1429896600 0 0 0 0
1429894800 0 0 0 0
1429893000 0 0 0 0
1429891200 0 0 0 0
1429889400 0 0 0 0
1429887600 0 0 0 0
1429885800 0 0 0 0
1429884000 0 0 0 0
1429882200 0 0 0 0
1429880400 0 0 0 0
1429878600 0 0 0 0
1429876800 0 0 0 0
1429875000 0 0 0 0
1429873200 0 0 0 0
1429871400 0 0 0 0
1429869600 0 0 0 0
1429867800 0 0 0 0
1429866000 0 0 0 0
1429864200 0 0 0 0
1429862400 0 0 0 0
1429860600 0 0 0 0
1429858800 0 0 0 0
1429857000 0 0 0 0
1429855200 0 0 0 0
1429853400 0 0 0 0
1429851600 0 0 0 0
1429849800 0 0 0 0
1429848000 0 0 0 0
1429846200 0 0 0 0
1429844400 0 0 0 0
1429842600 0 0 0 0
1429840800 0 0 0 0
1429839000 0 0 0 0
1429837200 0 0 0 0
1429835400 0 0 0 0
1429833600 0 0 0 0
1429831800 0 0 0 0
1429830000 0 0 0 0
1429828200 0 0 0 0
1429826400 0 0 0 0
1429824600 0 0 0 0
1429822800 0 0 0 0
1429821000 0 0 0 0
1429819200 0 0 0 0
1429817400 0 0 0 0
1429815600 0 0 0 0
1429813800 0 0 0 0
1429812000 0 0 0 0
1429810200 0 0 0 0
1429808400 0 0 0 0
1429806600 0 0 0 0
1429804800 0 0 0 0
1429803000 0 0 0 0
1429801200 0 0 0 0
1429799400 0 0 0 0
1429797600 0 0 0 0
1429795800 0 0 0 0
1429794000 0 0 0 0
1429792200 0 0 0 0
1429790400 0 0 0 0
1429788600 0 0 0 0
1429786800 0 0 0 0
1429785000 0 0 0 0
1429783200 0 0 0 0
1429781400 0 0 0 0
1429779600 0 0 0 0
1429777800 0 0 0 0
1429776000 0 0 0 0
1429774200 0 0 0 0
1429772400 0 0 0 0
1429770600 0 0 0 0
1429768800 0 0 0 0
1429767000 0 0 0 0
1429765200 0 0 0 0
1429763400 0 0 0 0
1429761600 0 0 0 0
1429759800 0 0 0 0
1429758000 0 0 0 0
1429756200 0 0 0 0
1429754400 0 0 0 0
1429752600 0 0 0 0
1429750800 0 0 0 0
1429749000 0 0 0 0
1429747200 0 0 0 0
1429745400 0 0 0 0
1429743600 0 0 0 0
1429741800 0 0 0 0
1429740000 0 0 0 0
1429738200 0 0 0 0
1429736400 0 0 0 0
1429734600 0 0 0 0
1429732800 0 0 0 0
1429731000 0 0 0 0
1429729200 0 0 0 0
1429727400 0 0 0 0
1429725600 0 0 0 0
1429723800 0 0 0 0
1429722000 0 0 0 0
1429720200 0 0 0 0
1429718400 0 0 0 0
1429716600 0 0 0 0
1429714800 0 0 0 0
1429713000 0 0 0 0
1429711200 0 0 0 0
1429709400 0 0 0 0
1429707600 0 0 0 0
1429705800 0 0 0 0
1429704000 0 0 0 0
1429702200 0 0 0 0
1429700400 0 0 0 0
1429698600 0 0 0 0
1429696800 0 0 0 0
1429695000 0 0 0 0
1429693200 0 0 0 0
1429691400 0 0 0 0
1429689600 0 0 0 0
1429687800 0 0 0 0
1429686000 0 0 0 0
1429684200 0 0 0 0
1429682400 0 0 0 0
1429680600 0 0 0 0
1429678800 0 0 0 0
1429677000 0 0 0 0
1429675200 0 0 0 0
1429673400 0 0 0 0
1429671600 0 0 0 0
1429669800 0 0 0 0
1429668000 0 0 0 0
1429666200 0 0 0 0
1429664400 0 0 0 0
1429662600 0 0 0 0
1429660800 0 0 0 0
1429659000 0 0 0 0
1429657200 0 0 0 0
1429655400 0 0 0 0
1429653600 0 0 0 0
1429651800 0 0 0 0
1429650000 0 0 0 0
1429648200 0 0 0 0
1429646400 0 0 0 0
1429644600 0 0 0 0
1429642800 0 0 0 0
1429641000 0 0 0 0
1429639200 0 0 0 0
1429637400 0 0 0 0
1429635600 0 0 0 0
1429633800 0 0 0 0
1429632000 0 0 0 0
1429630200 0 0 0 0
1429628400 0 0 0 0
1429626600 0 0 0 0
1429624800 0 0 0 0
1429623000 0 0 0 0
1429621200 0 0 0 0
1429619400 0 0 0 0
1429617600 0 0 0 0
1429615800 0 0 0 0
1429614000 0 0 0 0
1429612200 0 0 0 0
1429610400 0 0 0 0
1429608600 0 0 0 0
1429606800 0 0 0 0
1429605000 0 0 0 0
1429603200 0 0 0 0
1429601400 0 0 0 0
1429599600 0 0 0 0
1429597800 0 0 0 0
1429596000 0 0 0 0
1429594200 0 0 0 0
1429592400 0 0 0 0
1429590600 0 0 0 0
1429588800 0 0 0 0
1429587000 0 0 0 0
1429585200 0 0 0 0
1429583400 0 0 0 0
1429581600 0 0 0 0
1429579800 0 0 0 0
1429578000 0 0 0 0
1429576200 0 0 0 0
1429574400 0 0 0 0
1429572600 0 0 0 0
1429570800 0 0 0 0
1429569000 0 0 0 0
1429567200 0 0 0 0
1429565400 0 0 0 0
1429563600 0 0 0 0
1429561800 0 0 0 0
1429560000 0 0 0 0
1429558200 0 0 0 0
1429556400 0 0 0 0
1429554600 0 0 0 0
1429552800 0 0 0 0
1429551000 0 0 0 0
1429549200 0 0 0 0
1429547400 0 0 0 0
1429545600 0 0 0 0
1429543800 0 0 0 0
1429542000 0 0 0 0
1429540200 0 0 0 0
1429538400 0 0 0 0
1429536600 0 0 0 0
1429534800 0 0 0 0
1429533000 0 0 0 0
1429531200 0 0 0 0
1429529400 0 0 0 0
1429527600 0 0 0 0
1429525800 0 0 0 0
1429524000 0 0 0 0
1429522200 0 0 0 0
1429520400 0 0 0 0
1429518600 0 0 0 0
1429516800 0 0 0 0
1429515000 0 0 0 0
1429513200 0 0 0 0
1429511400 0 0 0 0
1429509600 0 0 0 0
1429507800 0 0 0 0
1429506000 0 0 0 0
1429504200 0 0 0 0
1429502400 0 0 0 0
1429500600 0 0 0 0
1429498800 0 0 0 0
1429497000 0 0 0 0
1429495200 0 0 0 0
1429493400 0 0 0 0
1429491600 0 0 0 0
1429489800 0 0 0 0
1429488000 0 0 0 0
1429486200 0 0 0 0
1429484400 0 0 0 0
1429482600 0 0 0 0
1429480800 0 0 0 0
1429479000 0 0 0 0
1429477200 0 0 0 0
1429475400 0 0 0 0
1429473600 0 0 0 0
1429471800 0 0 0 0
1429470000 0 0 0 0
1429468200 0 0 0 0
1429466400 0 0 0 0
1429464600 0 0 0 0
1429462800 0 0 0 0
1429461000 0 0 0 0
1429459200 0 0 0 0
1429457400 0 0 0 0
1429455600 0 0 0 0
1429453800 0 0 0 0
1429452000 0 0 0 0
1429450200 0 0 0 0
1429448400 0 0 0 0
1429446600 0 0 0 0
1429444800 0 0 0 0
1429443000 0 0 0 0
1429441200 0 0 0 0
1429439400 0 0 0 0
1429437600 0 0 0 0
1429435800 0 0 0 0
1429434000 0 0 0 0
1429432200 0 0 0 0
1429430400 0 0 0 0
1429428600 0 0 0 0
1429426800 0 0 0 0
1429425000 0 0 0 0
1429423200 0 0 0 0
1429421400 0 0 0 0
1429419600 0 0 0 0
1429417800 0 0 0 0
1429416000 0 0 0 0
1429414200 0 0 0 0
1429412400 0 0 0 0
1429410600 0 0 0 0
1429408800 0 0 0 0
1429407000 0 0 0 0
1429405200 0 0 0 0
1429403400 0 0 0 0
1429401600 0 0 0 0
1429399800 0 0 0 0
1429398000 0 0 0 0
1429396200 0 0 0 0
1429394400 0 0 0 0
1429392600 0 0 0 0
1429390800 0 0 0 0
1429389000 0 0 0 0
1429387200 0 0 0 0
1429385400 0 0 0 0
1429383600 0 0 0 0
1429381800 0 0 0 0
1429380000 0 0 0 0
1429378200 0 0 0 0
1429376400 0 0 0 0
1429374600 0 0 0 0
1429372800 0 0 0 0
1429371000 0 0 0 0
1429369200 0 0 0 0
1429367400 0 0 0 0
1429365600 0 0 0 0
1429363800 0 0 0 0
1429362000 0 0 0 0
1429360200 0 0 0 0
1429358400 0 0 0 0
1429356600 0 0 0 0
1429354800 0 0 0 0
1429353000 0 0 0 0
1429351200 0 0 0 0
1429349400 0 0 0 0
1429347600 0 0 0 0
1429345800 0 0 0 0
1429344000 0 0 0 0
1429342200 0 0 0 0
1429340400 0 0 0 0
1429338600 0 0 0 0
1429336800 0 0 0 0
1429335000 0 0 0 0
1429333200 0 0 0 0
1429331400 0 0 0 0
1429329600 0 0 0 0
1429327800 0 0 0 0
1429326000 0 0 0 0
1429324200 0 0 0 0
1429322400 0 0 0 0
1429320600 0 0 0 0
1429318800 0 0 0 0
1429317000 0 0 0 0
1429315200 0 0 0 0
1429313400 0 0 0 0
1429311600 0 0 0 0
1429309800 0 0 0 0
1429308000 0 0 0 0
1429306200 0 0 0 0
1429304400 0 0 0 0
1429302600 0 0 0 0
1429300800 0 0 0 0
1429299000 0 0 0 0
1429297200 0 0 0 0
1429295400 0 0 0 0
1429293600 0 0 0 0
1429291800 0 0 0 0
1429290000 0 0 0 0
1429288200 0 0 0 0
1429286400 0 0 0 0
1429284600 0 0 0 0
1429282800 0 0 0 0
1429281000 0 0 0 0
1429279200 0 0 0 0
1429277400 0 0 0 0
1429275600 0 0 0 0
1429273800 0 0 0 0
1429272000 0 0 0 0
1429270200 0 0 0 0
1429268400 0 0 0 0
1429266600 0 0 0 0
1429264800 0 0 0 0
1429263000 0 0 0 0
1429261200 0 0 0 0
1429259400 0 0 0 0
1429257600 0 0 0 0
1429255800 0 0 0 0
1429254000 0 0 0 0
1429252200 0 0 0 0
1429250400 0 0 0 0
1429248600 0 0 0 0
1429246800 0 0 0 0
1429245000 0 0 0 0
1429243200 0 0 0 0
1429241400 0 0 0 0
1429239600 0 0 0 0
1429237800 0 0 0 0
1429236000 0 0 0 0
1429234200 0 0 0 0
1429232400 0 0 0 0
1429230600 0 0 0 0
1429228800 0 0 0 0
1429227000 0 0 0 0
1429225200 0 0 0 0
1429223400 0 0 0 0
1429221600 0 0 0 0
1429219800 0 0 0 0
1429218000 0 0 0 0
1429216200 0 0 0 0
1429214400 0 0 0 0
1429212600 0 0 0 0
1429210800 0 0 0 0
1429209000 0 0 0 0
1429207200 0 0 0 0
1429205400 0 0 0 0
1429203600 0 0 0 0
1429201800 0 0 0 0
1429200000 0 0 0 0
1429198200 0 0 0 0
1429196400 0 0 0 0
1429194600 0 0 0 0
1429192800 0 0 0 0
1429191000 0 0 0 0
1429189200 0 0 0 0
1429187400 0 0 0 0
1429185600 0 0 0 0
1429183800 0 0 0 0
1429182000 0 0 0 0
1429180200 0 0 0 0
1429178400 0 0 0 0
1429176600 0 0 0 0
1429174800 0 0 0 0
1429173000 0 0 0 0
1429171200 0 0 0 0
1429169400 0 0 0 0
1429167600 0 0 0 0
1429165800 0 0 0 0
1429164000 0 0 0 0
1429162200 0 0 0 0
1429160400 0 0 0 0
1429158600 0 0 0 0
1429156800 0 0 0 0
1429155000 0 0 0 0
1429153200 0 0 0 0
1429151400 0 0 0 0
1429149600 0 0 0 0
1429147800 0 0 0 0
1429146000 0 0 0 0
1429144200 0 0 0 0
1429142400 0 0 0 0
1429140600 0 0 0 0
1429138800 0 0 0 0
1429137000 0 0 0 0
1429135200 0 0 0 0
1429133400 0 0 0 0
1429131600 0 0 0 0
1429129800 0 0 0 0
1429128000 0 0 0 0
1429126200 0 0 0 0
1429124400 0 0 0 0
1429122600 0 0 0 0
1429120800 0 0 0 0
1429119000 0 0 0 0
1429117200 0 0 0 0
1429115400 0 0 0 0
1429113600 0 0 0 0
1429111800 0 0 0 0
1429110000 0 0 0 0
1429108200 0 0 0 0
1429106400 0 0 0 0
1429104600 0 0 0 0
1429102800 0 0 0 0
1429101000 0 0 0 0
1429099200 0 0 0 0
1429097400 0 0 0 0
1429095600 0 0 0 0
1429093800 0 0 0 0
1429092000 0 0 0 0
1429090200 0 0 0 0
1429088400 0 0 0 0
1429086600 0 0 0 0
1429084800 0 0 0 0
1429083000 0 0 0 0
1429081200 0 0 0 0
1429079400 0 0 0 0
1429077600 0 0 0 0
1429075800 0 0 0 0
1429074000 0 0 0 0
1429072200 0 0 0 0
1429070400 0 0 0 0
1429068600 0 0 0 0
1429066800 0 0 0 0
1429065000 0 0 0 0
1429063200 0 0 0 0
1429061400 0 0 0 0
1429059600 0 0 0 0
1429057800 0 0 0 0
1429056000 0 0 0 0
1429054200 0 0 0 0
1429052400 0 0 0 0
1429050600 0 0 0 0
1429048800 0 0 0 0
1429047000 0 0 0 0
1429045200 0 0 0 0
1429043400 0 0 0 0
1429041600 0 0 0 0
1429039800 0 0 0 0
1429038000 0 0 0 0
1429036200 0 0 0 0
1429034400 0 0 0 0
1429032600 0 0 0 0
1429030800 0 0 0 0
1429029000 0 0 0 0
1429027200 0 0 0 0
1429025400 0 0 0 0
1429023600 0 0 0 0
1429021800 0 0 0 0
1429020000 0 0 0 0
1429018200 0 0 0 0
1429016400 0 0 0 0
1429014600 0 0 0 0
1429012800 0 0 0 0
1429011000 0 0 0 0
1429009200 0 0 0 0
1429007400 0 0 0 0
1429005600 0 0 0 0
1429003800 0 0 0 0
1429002000 0 0 0 0
1429000200 0 0 0 0
1428998400 0 0 0 0
1428996600 0 0 0 0
1428991200 0 0 0 0
1428984000 0 0 0 0
1428976800 0 0 0 0
1428969600 0 0 0 0
1428962400 0 0 0 0
1428955200 0 0 0 0
1428948000 0 0 0 0
1428940800 0 0 0 0
1428933600 0 0 0 0
1428926400 0 0 0 0
1428919200 0 0 0 0
1428912000 0 0 0 0
1428904800 0 0 0 0
1428897600 0 0 0 0
1428890400 0 0 0 0
1428883200 0 0 0 0
1428876000 0 0 0 0
1428868800 0 0 0 0
1428861600 0 0 0 0
1428854400 0 0 0 0
1428847200 0 0 0 0
1428840000 0 0 0 0
1428832800 0 0 0 0
1428825600 0 0 0 0
1428818400 0 0 0 0
1428811200 0 0 0 0
1428804000 0 0 0 0
1428796800 0 0 0 0
1428789600 0 0 0 0
1428782400 0 0 0 0
1428775200 0 0 0 0
1428768000 0 0 0 0
1428760800 0 0 0 0
1428753600 0 0 0 0
1428746400 0 0 0 0
1428739200 0 0 0 0
1428732000 0 0 0 0
1428724800 0 0 0 0
1428717600 0 0 0 0
1428710400 0 0 0 0
1428703200 0 0 0 0
1428696000 0 0 0 0
1428688800 0 0 0 0
1428681600 0 0 0 0
1428674400 0 0 0 0
1428667200 0 0 0 0
1428660000 0 0 0 0
1428652800 0 0 0 0
1428645600 0 0 0 0
1428638400 0 0 0 0
1428631200 0 0 0 0
1428624000 0 0 0 0
1428616800 0 0 0 0
1428609600 0 0 0 0
1428602400 0 0 0 0
1428595200 0 0 0 0
1428588000 0 0 0 0
1428580800 0 0 0 0
1428573600 0 0 0 0
1428566400 0 0 0 0
1428559200 0 0 0 0
1428552000 0 0 0 0
1428544800 0 0 0 0
1428537600 0 0 0 0
1428530400 0 0 0 0
1428523200 0 0 0 0
1428516000 0 0 0 0
1428508800 0 0 0 0
1428501600 0 0 0 0
1428494400 0 0 0 0
1428487200 0 0 0 0
1428480000 0 0 0 0
1428472800 0 0 0 0
1428465600 0 0 0 0
1428458400 0 0 0 0
1428451200 0 0 0 0
1428444000 0 0 0 0
1428436800 0 0 0 0
1428429600 0 0 0 0
1428422400 0 0 0 0
1428415200 0 0 0 0
1428408000 0 0 0 0
1428400800 0 0 0 0
1428393600 0 0 0 0
1428386400 0 0 0 0
1428379200 0 0 0 0
1428372000 0 0 0 0
1428364800 0 0 0 0
1428357600 0 0 0 0
1428350400 0 0 0 0
1428343200 0 0 0 0
1428336000 0 0 0 0
1428328800 0 0 0 0
1428321600 0 0 0 0
1428314400 0 0 0 0
1428307200 0 0 0 0
1428300000 0 0 0 0
1428292800 0 0 0 0
1428285600 0 0 0 0
1428278400 0 0 0 0
1428271200 0 0 0 0
1428264000 0 0 0 0
1428256800 0 0 0 0
1428249600 0 0 0 0
1428242400 0 0 0 0
1428235200 0 0 0 0
1428228000 0 0 0 0
1428220800 0 0 0 0
1428213600 0 0 0 0
1428206400 0 0 0 0
1428199200 0 0 0 0
1428192000 0 0 0 0
1428184800 0 0 0 0
1428177600 0 0 0 0
1428170400 0 0 0 0
1428163200 0 0 0 0
1428156000 0 0 0 0
1428148800 0 0 0 0
1428141600 0 0 0 0
1428134400 0 0 0 0
1428127200 0 0 0 0
1428120000 0 0 0 0
1428112800 0 0 0 0
1428105600 0 0 0 0
1428098400 0 0 0 0
1428091200 0 0 0 0
1428084000 0 0 0 0
1428076800 0 0 0 0
1428069600 0 0 0 0
1428062400 0 0 0 0
1428055200 0 0 0 0
1428048000 0 0 0 0
1428040800 0 0 0 0
1428033600 0 0 0 0
1428026400 0 0 0 0
1428019200 0 0 0 0
1428012000 0 0 0 0
1428004800 0 0 0 0
1427997600 0 0 0 0
1427990400 0 0 0 0
1427983200 0 0 0 0
1427976000 0 0 0 0
1427968800 0 0 0 0
1427961600 0 0 0 0
1427954400 0 0 0 0
1427947200 0 0 0 0
1427940000 0 0 0 0
1427932800 0 0 0 0
1427925600 0 0 0 0
1427918400 0 0 0 0
1427911200 0 0 0 0
1427904000 0 0 0 0
1427896800 0 0 0 0
1427889600 0 0 0 0
1427882400 0 0 0 0
1427875200 0 0 0 0
1427868000 0 0 0 0
1427860800 0 0 0 0
1427853600 0 0 0 0
1427846400 0 0 0 0
1427839200 0 0 0 0
1427832000 0 0 0 0
1427824800 0 0 0 0
1427817600 0 0 0 0
1427810400 0 0 0 0
1427803200 0 0 0 0
1427796000 0 0 0 0
1427788800 0 0 0 0
1427781600 0 0 0 0
1427774400 0 0 0 0
1427767200 0 0 0 0
1427760000 0 0 0 0
1427752800 0 0 0 0
1427745600 0 0 0 0
1427738400 0 0 0 0
1427731200 0 0 0 0
1427724000 0 0 0 0
1427716800 0 0 0 0
1427709600 0 0 0 0
1427702400 0 0 0 0
1427695200 0 0 0 0
1427688000 0 0 0 0
1427680800 0 0 0 0
1427673600 0 0 0 0
1427666400 0 0 0 0
1427659200 0 0 0 0
1427652000 0 0 0 0
1427644800 0 0 0 0
1427637600 0 0 0 0
1427630400 0 0 0 0
1427623200 0 0 0 0
1427616000 0 0 0 0
1427608800 0 0 0 0
1427601600 0 0 0 0
1427594400 0 0 0 0
1427587200 0 0 0 0
1427580000 0 0 0 0
1427572800 0 0 0 0
1427565600 0 0 0 0
1427558400 0 0 0 0
1427551200 0 0 0 0
1427544000 0 0 0 0
1427536800 0 0 0 0
1427529600 0 0 0 0
1427522400 0 0 0 0
1427515200 0 0 0 0
1427508000 0 0 0 0
1427500800 0 0 0 0
1427493600 0 0 0 0
1427486400 0 0 0 0
1427479200 0 0 0 0
1427472000 0 0 0 0
1427464800 0 0 0 0
1427457600 0 0 0 0
1427450400 0 0 0 0
1427443200 0 0 0 0
1427436000 0 0 0 0
1427428800 0 0 0 0
1427421600 0 0 0 0
1427414400 0 0 0 0
1427407200 0 0 0 0
1427400000 0 0 0 0
1427392800 0 0 0 0
1427385600 0 0 0 0
1427378400 0 0 0 0
1427371200 0 0 0 0
1427364000 0 0 0 0
1427356800 0 0 0 0
1427349600 0 0 0 0
1427342400 0 0 0 0
1427335200 0 0 0 0
1427328000 0 0 0 0
1427320800 0 0 0 0
1427313600 0 0 0 0
1427306400 0 0 0 0
1427299200 0 0 0 0
1427292000 0 0 0 0
1427284800 0 0 0 0
1427277600 0 0 0 0
1427270400 0 0 0 0
1427263200 0 0 0 0
1427256000 0 0 0 0
1427248800 0 0 0 0
1427241600 0 0 0 0
1427234400 0 0 0 0
1427227200 0 0 0 0
1427220000 0 0 0 0
1427212800 0 0 0 0
1427205600 0 0 0 0
1427198400 0 0 0 0
1427191200 0 0 0 0
1427184000 0 0 0 0
1427176800 0 0 0 0
1427169600 0 0 0 0
1427162400 0 0 0 0
1427155200 0 0 0 0
1427148000 0 0 0 0
1427140800 0 0 0 0
1427133600 0 0 0 0
1427126400 0 0 0 0
1427119200 0 0 0 0
1427112000 0 0 0 0
1427104800 0 0 0 0
1427097600 0 0 0 0
1427090400 0 0 0 0
1427083200 0 0 0 0
1427076000 0 0 0 0
1427068800 0 0 0 0
1427061600 0 0 0 0
1427054400 0 0 0 0
1427047200 0 0 0 0
1427040000 0 0 0 0
1427032800 0 0 0 0
1427025600 0 0 0 0
1427018400 0 0 0 0
1427011200 0 0 0 0
1427004000 0 0 0 0
1426996800 0 0 0 0
1426989600 0 0 0 0
1426982400 0 0 0 0
1426975200 0 0 0 0
1426968000 0 0 0 0
1426960800 0 0 0 0
1426953600 0 0 0 0
1426946400 0 0 0 0
1426939200 0 0 0 0
1426932000 0 0 0 0
1426924800 0 0 0 0
1426917600 0 0 0 0
1426910400 0 0 0 0
1426903200 0 0 0 0
1426896000 0 0 0 0
1426888800 0 0 0 0
1426881600 0 0 0 0
1426874400 0 0 0 0
1426867200 0 0 0 0
1426860000 0 0 0 0
1426852800 0 0 0 0
1426845600 0 0 0 0
1426838400 0 0 0 0
1426831200 0 0 0 0
1426824000 0 0 0 0
1426816800 0 0 0 0
1426809600 0 0 0 0
1426802400 0 0 0 0
1426795200 0 0 0 0
1426788000 0 0 0 0
1426780800 0 0 0 0
1426773600 0 0 0 0
1426766400 0 0 0 0
1426759200 0 0 0 0
1426752000 0 0 0 0
1426744800 0 0 0 0
1426737600 0 0 0 0
1426730400 0 0 0 0
1426723200 0 0 0 0
1426716000 0 0 0 0
1426708800 0 0 0 0
1426701600 0 0 0 0
1426694400 0 0 0 0
1426687200 0 0 0 0
1426680000 0 0 0 0
1426672800 0 0 0 0
1426665600 0 0 0 0
1426658400 0 0 0 0
1426651200 0 0 0 0
1426644000 0 0 0 0
1426636800 0 0 0 0
1426629600 0 0 0 0
1426622400 0 0 0 0
1426615200 0 0 0 0
1426608000 0 0 0 0
1426600800 0 0 0 0
1426593600 0 0 0 0
1426586400 0 0 0 0
1426579200 0 0 0 0
1426572000 0 0 0 0
1426564800 0 0 0 0
1426557600 0 0 0 0
1426550400 0 0 0 0
1426543200 0 0 0 0
1426536000 0 0 0 0
1426528800 0 0 0 0
1426521600 0 0 0 0
1426514400 0 0 0 0
1426507200 0 0 0 0
1426500000 0 0 0 0
1426492800 0 0 0 0
1426485600 0 0 0 0
1426478400 0 0 0 0
1426471200 0 0 0 0
1426464000 0 0 0 0
1426456800 0 0 0 0
1426449600 0 0 0 0
1426442400 0 0 0 0
1426435200 0 0 0 0
1426428000 0 0 0 0
1426420800 0 0 0 0
1426413600 0 0 0 0
1426406400 0 0 0 0
1426399200 0 0 0 0
1426392000 0 0 0 0
1426384800 0 0 0 0
1426377600 0 0 0 0
1426370400 0 0 0 0
1426363200 0 0 0 0
1426356000 0 0 0 0
1426348800 0 0 0 0
1426341600 0 0 0 0
1426334400 0 0 0 0
1426327200 0 0 0 0
1426320000 0 0 0 0
1426312800 0 0 0 0
1426305600 0 0 0 0
1426298400 0 0 0 0
1426291200 0 0 0 0
1426284000 0 0 0 0
1426276800 0 0 0 0
1426269600 0 0 0 0
1426262400 0 0 0 0
1426255200 0 0 0 0
1426248000 0 0 0 0
1426240800 0 0 0 0
1426233600 0 0 0 0
1426226400 0 0 0 0
1426219200 0 0 0 0
1426212000 0 0 0 0
1426204800 0 0 0 0
1426197600 0 0 0 0
1426190400 0 0 0 0
1426183200 0 0 0 0
1426176000 0 0 0 0
1426168800 0 0 0 0
1426161600 0 0 0 0
1426154400 0 0 0 0
1426147200 0 0 0 0
1426140000 0 0 0 0
1426132800 0 0 0 0
1426125600 0 0 0 0
1426118400 0 0 0 0
1426111200 0 0 0 0
1426104000 0 0 0 0
1426096800 0 0 0 0
1426089600 0 0 0 0
1426082400 0 0 0 0
1426075200 0 0 0 0
1426068000 0 0 0 0
1426060800 0 0 0 0
1426053600 0 0 0 0
1426046400 0 0 0 0
1426039200 0 0 0 0
1426032000 0 0 0 0
1426024800 0 0 0 0
1426017600 0 0 0 0
1426010400 0 0 0 0
1426003200 0 0 0 0
1425996000 0 0 0 0
1425988800 0 0 0 0
1425981600 0 0 0 0
1425974400 0 0 0 0
1425967200 0 0 0 0
1425960000 0 0 0 0
1425952800 0 0 0 0
1425945600 0 0 0 0
1425938400 0 0 0 0
1425931200 0 0 0 0
1425924000 0 0 0 0
1425916800 0 0 0 0
1425909600 0 0 0 0
1425902400 0 0 0 0
1425895200 0 0 0 0
1425888000 0 0 0 0
1425880800 0 0 0 0
1425873600 0 0 0 0
1425866400 0 0 0 0
1425859200 0 0 0 0
1425852000 0 0 0 0
1425844800 0 0 0 0
1425837600 0 0 0 0
1425830400 0 0 0 0
1425823200 0 0 0 0
1425816000 0 0 0 0
1425808800 0 0 0 0
1425801600 0 0 0 0
1425794400 0 0 0 0
1425787200 0 0 0 0
1425780000 0 0 0 0
1425772800 0 0 0 0
1425765600 0 0 0 0
1425758400 0 0 0 0
1425751200 0 0 0 0
1425744000 0 0 0 0
1425736800 0 0 0 0
1425729600 0 0 0 0
1425722400 0 0 0 0
1425715200 0 0 0 0
1425708000 0 0 0 0
1425700800 0 0 0 0
1425693600 0 0 0 0
1425686400 0 0 0 0
1425679200 0 0 0 0
1425672000 0 0 0 0
1425664800 0 0 0 0
1425657600 0 0 0 0
1425650400 0 0 0 0
1425643200 0 0 0 0
1425636000 0 0 0 0
1425628800 0 0 0 0
1425621600 0 0 0 0
1425614400 0 0 0 0
1425607200 0 0 0 0
1425600000 0 0 0 0
1425592800 0 0 0 0
1425585600 0 0 0 0
1425578400 0 0 0 0
1425571200 0 0 0 0
1425564000 0 0 0 0
1425556800 0 0 0 0
1425549600 0 0 0 0
1425542400 0 0 0 0
1425535200 0 0 0 0
1425528000 0 0 0 0
1425520800 0 0 0 0
1425513600 0 0 0 0
1425506400 0 0 0 0
1425499200 0 0 0 0
1425492000 0 0 0 0
1425484800 0 0 0 0
1425477600 0 0 0 0
1425470400 0 0 0 0
1425463200 0 0 0 0
1425456000 0 0 0 0
1425448800 0 0 0 0
1425441600 0 0 0 0
1425434400 0 0 0 0
1425427200 0 0 0 0
1425420000 0 0 0 0
1425412800 0 0 0 0
1425405600 0 0 0 0
1425398400 0 0 0 0
1425391200 0 0 0 0
1425384000 0 0 0 0
1425376800 0 0 0 0
1425369600 0 0 0 0
1425362400 0 0 0 0
1425355200 0 0 0 0
1425348000 0 0 0 0
1425340800 0 0 0 0
1425333600 0 0 0 0
1425326400 0 0 0 0
1425319200 0 0 0 0
1425312000 0 0 0 0
1425304800 0 0 0 0
1425297600 0 0 0 0
1425290400 0 0 0 0
1425283200 0 0 0 0
1425276000 0 0 0 0
1425268800 0 0 0 0
1425261600 0 0 0 0
1425254400 0 0 0 0
1425247200 0 0 0 0
1425240000 0 0 0 0
1425232800 0 0 0 0
1425225600 0 0 0 0
1425218400 0 0 0 0
1425211200 0 0 0 0
1425204000 0 0 0 0
1425196800 0 0 0 0
1425189600 0 0 0 0
1425182400 0 0 0 0
1425175200 0 0 0 0
1425168000 0 0 0 0
1425160800 0 0 0 0
1425153600 0 0 0 0
1425146400 0 0 0 0
1425139200 0 0 0 0
1425132000 0 0 0 0
1425124800 0 0 0 0
1425117600 0 0 0 0
1425110400 0 0 0 0
1425103200 0 0 0 0
1425096000 0 0 0 0
1425088800 0 0 0 0
1425081600 0 0 0 0
1425074400 0 0 0 0
1425067200 0 0 0 0
1425060000 0 0 0 0
1425052800 0 0 0 0
1425045600 0 0 0 0
1425038400 0 0 0 0
1425031200 0 0 0 0
1425024000 0 0 0 0
1425016800 0 0 0 0
1425009600 0 0 0 0
1425002400 0 0 0 0
1424995200 0 0 0 0
1424988000 0 0 0 0
1424980800 0 0 0 0
1424973600 0 0 0 0
1424966400 0 0 0 0
1424959200 0 0 0 0
1424952000 0 0 0 0
1424944800 0 0 0 0
1424937600 0 0 0 0
1424930400 0 0 0 0
1424923200 0 0 0 0
1424916000 0 0 0 0
1424908800 0 0 0 0
1424901600 0 0 0 0
1424894400 0 0 0 0
1424887200 0 0 0 0
1424880000 0 0 0 0
1424872800 0 0 0 0
1424865600 0 0 0 0
1424858400 0 0 0 0
1424851200 0 0 0 0
1424844000 0 0 0 0
1424836800 0 0 0 0
1424829600 0 0 0 0
1424822400 0 0 0 0
1424815200 0 0 0 0
1424808000 0 0 0 0
1424800800 0 0 0 0
1424793600 0 0 0 0
1424786400 0 0 0 0
1424779200 0 0 0 0
1424772000 0 0 0 0
1424764800 0 0 0 0
1424757600 0 0 0 0
1424750400 0 0 0 0
1424743200 0 0 0 0
1424736000 0 0 0 0
1424728800 0 0 0 0
1424721600 0 0 0 0
1424714400 0 0 0 0
1424707200 0 0 0 0
1424700000 0 0 0 0
1424692800 0 0 0 0
1424685600 0 0 0 0
1424678400 0 0 0 0
1424671200 0 0 0 0
1424649600 0 0 0 0
1424563200 0 0 0 0
1424476800 0 0 0 0
1424390400 0 0 0 0
1424304000 0 0 0 0
1424217600 0 0 0 0
1424131200 0 0 0 0
1424044800 0 0 0 0
1423958400 0 0 0 0
1423872000 0 0 0 0
1423785600 0 0 0 0
1423699200 0 0 0 0
1423612800 0 0 0 0
1423526400 0 0 0 0
1423440000 0 0 0 0
1423353600 0 0 0 0
1423267200 0 0 0 0
1423180800 0 0 0 0
1423094400 0 0 0 0
1423008000 0 0 0 0
1422921600 0 0 0 0
1422835200 0 0 0 0
1422748800 0 0 0 0
1422662400 0 0 0 0
1422576000 0 0 0 0
1422489600 0 0 0 0
1422403200 0 0 0 0
1422316800 0 0 0 0
1422230400 0 0 0 0
1422144000 0 0 0 0
1422057600 0 0 0 0
1421971200 0 0 0 0
1421884800 0 0 0 0
1421798400 0 0 0 0
1421712000 0 0 0 0
1421625600 0 0 0 0
1421539200 0 0 0 0
1421452800 0 0 0 0
1421366400 0 0 0 0
1421280000 0 0 0 0
1421193600 0 0 0 0
1421107200 0 0 0 0
1421020800 0 0 0 0
1420934400 0 0 0 0
1420848000 0 0 0 0
1420761600 0 0 0 0
1420675200 0 0 0 0
1420588800 0 0 0 0
1420502400 0 0 0 0
1420416000 0 0 0 0
1420329600 0 0 0 0
1420243200 0 0 0 0
1420156800 0 0 0 0
1420070400 0 0 0 0
1419984000 0 0 0 0
1419897600 0 0 0 0
1419811200 0 0 0 0
1419724800 0 0 0 0
1419638400 0 0 0 0
1419552000 0 0 0 0
1419465600 0 0 0 0
1419379200 0 0 0 0
1419292800 0 0 0 0
1419206400 0 0 0 0
1419120000 0 0 0 0
1419033600 0 0 0 0
1418947200 0 0 0 0
1418860800 0 0 0 0
1418774400 0 0 0 0
1418688000 0 0 0 0
1418601600 0 0 0 0
1418515200 0 0 0 0
1418428800 0 0 0 0
1418342400 0 0 0 0
1418256000 0 0 0 0
1418169600 0 0 0 0
1418083200 0 0 0 0
1417996800 0 0 0 0
1417910400 0 0 0 0
1417824000 0 0 0 0
1417737600 0 0 0 0
1417651200 0 0 0 0
1417564800 0 0 0 0
1417478400 0 0 0 0
1417392000 0 0 0 0
1417305600 0 0 0 0
1417219200 0 0 0 0
1417132800 0 0 0 0
1417046400 0 0 0 0
1416960000 0 0 0 0
1416873600 0 0 0 0
1416787200 0 0 0 0
1416700800 0 0 0 0
1416614400 0 0 0 0
1416528000 0 0 0 0
1416441600 0 0 0 0
1416355200 0 0 0 0
1416268800 0 0 0 0
1416182400 0 0 0 0
1416096000 0 0 0 0
1416009600 0 0 0 0
1415923200 0 0 0 0
1415836800 0 0 0 0
1415750400 0 0 0 0
1415664000 0 0 0 0
1415577600 0 0 0 0
1415491200 0 0 0 0
1415404800 0 0 0 0
1415318400 0 0 0 0
1415232000 0 0 0 0
1415145600 0 0 0 0
1415059200 0 0 0 0
1414972800 0 0 0 0
1414886400 0 0 0 0
1414800000 0 0 0 0
1414713600 0 0 0 0
1414627200 0 0 0 0
1414540800 0 0 0 0
1414454400 0 0 0 0
1414368000 0 0 0 0
1414281600 0 0 0 0
1414195200 0 0 0 0
1414108800 0 0 0 0
1414022400 0 0 0 0
1413936000 0 0 0 0
1413849600 0 0 0 0
1413763200 0 0 0 0
1413676800 0 0 0 0
1413590400 0 0 0 0
1413504000 0 0 0 0
1413417600 0 0 0 0
1413331200 0 0 0 0
1413244800 0 0 0 0
1413158400 0 0 0 0
1413072000 0 0 0 0
1412985600 0 0 0 0
1412899200 0 0 0 0
1412812800 0 0 0 0
1412726400 0 0 0 0
1412640000 0 0 0 0
1412553600 0 0 0 0
1412467200 0 0 0 0
1412380800 0 0 0 0
1412294400 0 0 0 0
1412208000 0 0 0 0
1412121600 0 0 0 0
1412035200 0 0 0 0
1411948800 0 0 0 0
1411862400 0 0 0 0
1411776000 0 0 0 0
1411689600 0 0 0 0
1411603200 0 0 0 0
1411516800 0 0 0 0
1411430400 0 0 0 0
1411344000 0 0 0 0
1411257600 0 0 0 0
1411171200 0 0 0 0
1411084800 0 0 0 0
1410998400 0 0 0 0
1410912000 0 0 0 0
1410825600 0 0 0 0
1410739200 0 0 0 0
1410652800 0 0 0 0
1410566400 0 0 0 0
1410480000 0 0 0 0
1410393600 0 0 0 0
1410307200 0 0 0 0
1410220800 0 0 0 0
1410134400 0 0 0 0
1410048000 0 0 0 0
1409961600 0 0 0 0
1409875200 0 0 0 0
1409788800 0 0 0 0
1409702400 0 0 0 0
1409616000 0 0 0 0
1409529600 0 0 0 0
1409443200 0 0 0 0
1409356800 0 0 0 0
1409270400 0 0 0 0
1409184000 0 0 0 0
1409097600 0 0 0 0
1409011200 0 0 0 0
1408924800 0 0 0 0
1408838400 0 0 0 0
1408752000 0 0 0 0
1408665600 0 0 0 0
1408579200 0 0 0 0
1408492800 0 0 0 0
1408406400 0 0 0 0
1408320000 0 0 0 0
1408233600 0 0 0 0
1408147200 0 0 0 0
1408060800 0 0 0 0
1407974400 0 0 0 0
1407888000 0 0 0 0
1407801600 0 0 0 0
1407715200 0 0 0 0
1407628800 0 0 0 0
1407542400 0 0 0 0
1407456000 0 0 0 0
1407369600 0 0 0 0
1407283200 0 0 0 0
1407196800 0 0 0 0
1407110400 0 0 0 0
1407024000 0 0 0 0
1406937600 0 0 0 0
1406851200 0 0 0 0
1406764800 0 0 0 0
1406678400 0 0 0 0
1406592000 0 0 0 0
1406505600 0 0 0 0
1406419200 0 0 0 0
1406332800 0 0 0 0
1406246400 0 0 0 0
1406160000 0 0 0 0
1406073600 0 0 0 0
1405987200 0 0 0 0
1405900800 0 0 0 0
1405814400 0 0 0 0
1405728000 0 0 0 0
1405641600 0 0 0 0
1405555200 0 0 0 0
1405468800 0 0 0 0
1405382400 0 0 0 0
1405296000 0 0 0 0
1405209600 0 0 0 0
1405123200 0 0 0 0
1405036800 0 0 0 0
1404950400 0 0 0 0
1404864000 0 0 0 0
1404777600 0 0 0 0
1404691200 0 0 0 0
1404604800 0 0 0 0
1404518400 0 0 0 0
1404432000 0 0 0 0
1404345600 0 0 0 0
1404259200 0 0 0 0
1404172800 0 0 0 0
1404086400 0 0 0 0
1404000000 0 0 0 0
1403913600 0 0 0 0
1403827200 0 0 0 0
1403740800 0 0 0 0
1403654400 0 0 0 0
1403568000 0 0 0 0
1403481600 0 0 0 0
1403395200 0 0 0 0
1403308800 0 0 0 0
1403222400 0 0 0 0
1403136000 0 0 0 0
1403049600 0 0 0 0
1402963200 0 0 0 0
1402876800 0 0 0 0
1402790400 0 0 0 0
1402704000 0 0 0 0
1402617600 0 0 0 0
1402531200 0 0 0 0
1402444800 0 0 0 0
1402358400 0 0 0 0
1402272000 0 0 0 0
1402185600 0 0 0 0
1402099200 0 0 0 0
1402012800 0 0 0 0
1401926400 0 0 0 0
1401840000 0 0 0 0
1401753600 0 0 0 0
1401667200 0 0 0 0
1401580800 0 0 0 0
1401494400 0 0 0 0
1401408000 0 0 0 0
1401321600 0 0 0 0
1401235200 0 0 0 0
1401148800 0 0 0 0
1401062400 0 0 0 0
1400976000 0 0 0 0
1400889600 0 0 0 0
1400803200 0 0 0 0
1400716800 0 0 0 0
1400630400 0 0 0 0
1400544000 0 0 0 0
1400457600 0 0 0 0
1400371200 0 0 0 0
1400284800 0 0 0 0
1400198400 0 0 0 0
1400112000 0 0 0 0
1400025600 0 0 0 0
1399939200 0 0 0 0
1399852800 0 0 0 0
1399766400 0 0 0 0
1399680000 0 0 0 0
1399593600 0 0 0 0
1399507200 0 0 0 0
1399420800 0 0 0 0
1399334400 0 0 0 0
1399248000 0 0 0 0
1399161600 0 0 0 0
1399075200 0 0 0 0
1398988800 0 0 0 0
1398902400 0 0 0 0
1398816000 0 0 0 0
1398729600 0 0 0 0
1398643200 0 0 0 0
1398556800 0 0 0 0
1398470400 0 0 0 0
1398384000 0 0 0 0
1398297600 0 0 0 0
1398211200 0 0 0 0
1398124800 0 0 0 0
1398038400 0 0 0 0
1397952000 0 0 0 0
1397865600 0 0 0 0
1397779200 0 0 0 0
1397692800 0 0 0 0
1397606400 0 0 0 0
1397520000 0 0 0 0
1397433600 0 0 0 0
1397347200 0 0 0 0
1397260800 0 0 0 0
1397174400 0 0 0 0
1397088000 0 0 0 0
1397001600 0 0 0 0
1396915200 0 0 0 0
1396828800 0 0 0 0
1396742400 0 0 0 0
1396656000 0 0 0 0
1396569600 0 0 0 0
1396483200 0 0 0 0
1396396800 0 0 0 0
1396310400 0 0 0 0
1396224000 0 0 0 0
1396137600 0 0 0 0
1396051200 0 0 0 0
1395964800 0 0 0 0
1395878400 0 0 0 0
1395792000 0 0 0 0
1395705600 0 0 0 0
1395619200 0 0 0 0
1395532800 0 0 0 0
1395446400 0 0 0 0
1395360000 0 0 0 0
1395273600 0 0 0 0
1395187200 0 0 0 0
1395100800 0 0 0 0
1395014400 0 0 0 0
1394928000 0 0 0 0
1394841600 0 0 0 0
1394755200 0 0 0 0
1394668800 0 0 0 0
1394582400 0 0 0 0
1394496000 0 0 0 0
1394409600 0 0 0 0
1394323200 0 0 0 0
1394236800 0 0 0 0
1394150400 0 0 0 0
1394064000 0 0 0 0
1393977600 0 0 0 0
1393891200 0 0 0 0
1393804800 0 0 0 0
1393718400 0 0 0 0
1393632000 0 0 0 0
1393545600 0 0 0 0
1393459200 0 0 0 0
1393372800 0 0 0 0
1393286400 0 0 0 0
1393200000 0 0 0 0
1393113600 0 0 0 0
1393027200 0 0 0 0
1392940800 0 0 0 0
1392854400 0 0 0 0
1392768000 0 0 0 0
1392681600 0 0 0 0
1392595200 0 0 0 0
1392508800 0 0 0 0
1392422400 0 0 0 0
1392336000 0 0 0 0
1392249600 0 0 0 0
1392163200 0 0 0 0
1392076800 0 0 0 0
1391990400 0 0 0 0
1391904000 0 0 0 0
1391817600 0 0 0 0
1391731200 0 0 0 0
1391644800 0 0 0 0
1391558400 0 0 0 0
1391472000 0 0 0 0
1391385600 0 0 0 0
1391299200 0 0 0 0
1391212800 0 0 0 0
1391126400 0 0 0 0
1391040000 0 0 0 0
1390953600 0 0 0 0
1390867200 0 0 0 0
1390780800 0 0 0 0
1390694400 0 0 0 0
1390608000 0 0 0 0
1390521600 0 0 0 0
1390435200 0 0 0 0
1390348800 0 0 0 0
1390262400 0 0 0 0
1390176000 0 0 0 0
1390089600 0 0 0 0
1390003200 0 0 0 0
1389916800 0 0 0 0
1389830400 0 0 0 0
1389744000 0 0 0 0
1389657600 0 0 0 0
1389571200 0 0 0 0
1389484800 0 0 0 0
1389398400 0 0 0 0
1389312000 0 0 0 0
1389225600 0 0 0 0
1389139200 0 0 0 0
1389052800 0 0 0 0
1388966400 0 0 0 0
1388880000 0 0 0 0
1388793600 0 0 0 0
1388707200 0 0 0 0
1388620800 0 0 0 0
1388534400 0 0 0 0
1388448000 0 0 0 0
1388361600 0 0 0 0
1388275200 0 0 0 0
1388188800 0 0 0 0
1388102400 0 0 0 0
1388016000 0 0 0 0
1387929600 0 0 0 0
1387843200 0 0 0 0
1387756800 0 0 0 0
1387670400 0 0 0 0
1387584000 0 0 0 0
1387497600 0 0 0 0
1387411200 0 0 0 0
1387324800 0 0 0 0
1387238400 0 0 0 0
1387152000 0 0 0 0
1387065600 0 0 0 0
1386979200 0 0 0 0
1386892800 0 0 0 0
1386806400 0 0 0 0
1386720000 0 0 0 0
1386633600 0 0 0 0
1386547200 0 0 0 0
1386460800 0 0 0 0
1386374400 0 0 0 0
1386288000 0 0 0 0
1386201600 0 0 0 0
1386115200 0 0 0 0
1386028800 0 0 0 0
1385942400 0 0 0 0
1385856000 0 0 0 0
1385769600 0 0 0 0
1385683200 0 0 0 0
1385596800 0 0 0 0
1385510400 0 0 0 0
1385424000 0 0 0 0
1385337600 0 0 0 0
1385251200 0 0 0 0
1385164800 0 0 0 0
1385078400 0 0 0 0
1384992000 0 0 0 0
1384905600 0 0 0 0
1384819200 0 0 0 0
1384732800 0 0 0 0
1384646400 0 0 0 0
1384560000 0 0 0 0
1384473600 0 0 0 0
1384387200 0 0 0 0
1384300800 0 0 0 0
1384214400 0 0 0 0
1384128000 0 0 0 0
1384041600 0 0 0 0
1383955200 0 0 0 0
1383868800 0 0 0 0
1383782400 0 0 0 0
1383696000 0 0 0 0
1383609600 0 0 0 0
1383523200 0 0 0 0
1383436800 0 0 0 0
1383350400 0 0 0 0
1383264000 0 0 0 0
1383177600 0 0 0 0
1383091200 0 0 0 0
1383004800 0 0 0 0
1382918400 0 0 0 0
1382832000 0 0 0 0
1382745600 0 0 0 0
1382659200 0 0 0 0
1382572800 0 0 0 0
1382486400 0 0 0 0
1382400000 0 0 0 0
1382313600 0 0 0 0
1382227200 0 0 0 0
1382140800 0 0 0 0
1382054400 0 0 0 0
1381968000 0 0 0 0
1381881600 0 0 0 0
1381795200 0 0 0 0
1381708800 0 0 0 0
1381622400 0 0 0 0
1381536000 0 0 0 0
1381449600 0 0 0 0
1381363200 0 0 0 0
1381276800 0 0 0 0
1381190400 0 0 0 0
1381104000 0 0 0 0
1381017600 0 0 0 0
1380931200 0 0 0 0
1380844800 0 0 0 0
1380758400 0 0 0 0
1380672000 0 0 0 0
1380585600 0 0 0 0
1380499200 0 0 0 0
1380412800 0 0 0 0
1380326400 0 0 0 0
1380240000 0 0 0 0
1380153600 0 0 0 0
1380067200 0 0 0 0
1379980800 0 0 0 0
1379894400 0 0 0 0
1379808000 0 0 0 0
1379721600 0 0 0 0
1379635200 0 0 0 0
1379548800 0 0 0 0
1379462400 0 0 0 0
1379376000 0 0 0 0
1379289600 0 0 0 0
1379203200 0 0 0 0
1379116800 0 0 0 0
1379030400 0 0 0 0
1378944000 0 0 0 0
1378857600 0 0 0 0
1378771200 0 0 0 0
1378684800 0 0 0 0
1378598400 0 0 0 0
1378512000 0 0 0 0
1378425600 0 0 0 0
1378339200 0 0 0 0
1378252800 0 0 0 0
1378166400 0 0 0 0
1378080000 0 0 0 0
1377993600 0 0 0 0
1377907200 0 0 0 0
1377820800 0 0 0 0
1377734400 0 0 0 0
1377648000 0 0 0 0
1377561600 0 0 0 0
1377475200 0 0 0 0
1377388800 0 0 0 0
1377302400 0 0 0 0
1377216000 0 0 0 0
1377129600 0 0 0 0
1377043200 0 0 0 0
1376956800 0 0 0 0
1376870400 0 0 0 0
1376784000 0 0 0 0
1376697600 0 0 0 0
1376611200 0 0 0 0
1376524800 0 0 0 0
1376438400 0 0 0 0
1376352000 0 0 0 0
1376265600 0 0 0 0
1376179200 0 0 0 0
1376092800 0 0 0 0
1376006400 0 0 0 0
1375920000 0 0 0 0
1375833600 0 0 0 0
1375747200 0 0 0 0
1375660800 0 0 0 0
1375574400 0 0 0 0
1375488000 0 0 0 0
1375401600 0 0 0 0
1375315200 0 0 0 0
1375228800 0 0 0 0
1375142400 0 0 0 0
1375056000 0 0 0 0
1374969600 0 0 0 0
1374883200 0 0 0 0
1374796800 0 0 0 0
1374710400 0 0 0 0
1374624000 0 0 0 0
1374537600 0 0 0 0
1374451200 0 0 0 0
1374364800 0 0 0 0
1374278400 0 0 0 0
1374192000 0 0 0 0
1374105600 0 0 0 0
1374019200 0 0 0 0
1373932800 0 0 0 0
1373846400 0 0 0 0
1373760000 0 0 0 0
1373673600 0 0 0 0
1373587200 0 0 0 0
1373500800 0 0 0 0
1373414400 0 0 0 0
1373328000 0 0 0 0
1373241600 0 0 0 0
1373155200 0 0 0 0
1373068800 0 0 0 0
1372982400 0 0 0 0
1372896000 0 0 0 0
1372809600 0 0 0 0
1372723200 0 0 0 0
1372636800 0 0 0 0
1372550400 0 0 0 0
1372464000 0 0 0 0
1372377600 0 0 0 0
1372291200 0 0 0 0
1372204800 0 0 0 0
1372118400 0 0 0 0
1372032000 0 0 0 0
1371945600 0 0 0 0
1371859200 0 0 0 0
1371772800 0 0 0 0
1371686400 0 0 0 0
1371600000 0 0 0 0
1371513600 0 0 0 0
1371427200 0 0 0 0
1371340800 0 0 0 0
1371254400 0 0 0 0
1371168000 0 0 0 0
1371081600 0 0 0 0
1370995200 0 0 0 0
1370908800 0 0 0 0
1370822400 0 0 0 0
1370736000 0 0 0 0
1370649600 0 0 0 0
1370563200 0 0 0 0
1370476800 0 0 0 0
1370390400 0 0 0 0
1370304000 0 0 0 0
1370217600 0 0 0 0
1370131200 0 0 0 0
1370044800 0 0 0 0
1369958400 0 0 0 0
1369872000 0 0 0 0
1369785600 0 0 0 0
1369699200 0 0 0 0
1369612800 0 0 0 0
1369526400 0 0 0 0
1369440000 0 0 0 0
1369353600 0 0 0 0
1369267200 0 0 0 0
1369180800 0 0 0 0
1369094400 0 0 0 0
1369008000 0 0 0 0
1368921600 0 0 0 0
1368835200 0 0 0 0
1368748800 0 0 0 0
1368662400 0 0 0 0
1368576000 0 0 0 0
1368489600 0 0 0 0
1368403200 0 0 0 0
1368316800 0 0 0 0
1368230400 0 0 0 0
1368144000 0 0 0 0
1368057600 0 0 0 0
1367971200 0 0 0 0
1367884800 0 0 0 0
1367798400 0 0 0 0
1367712000 0 0 0 0
1367625600 0 0 0 0
1367539200 0 0 0 0
1367452800 0 0 0 0
1367366400 0 0 0 0
1367280000 0 0 0 0
1367193600 0 0 0 0
1367107200 0 0 0 0
1367020800 0 0 0 0
1366934400 0 0 0 0
1366848000 0 0 0 0
1366761600 0 0 0 0
1366675200 0 0 0 0
1366588800 0 0 0 0
1366502400 0 0 0 0
1366416000 0 0 0 0
1366329600 0 0 0 0
1366243200 0 0 0 0
1366156800 0 0 0 0
1366070400 0 0 0 0
1365984000 0 0 0 0
1365897600 0 0 0 0
1365811200 0 0 0 0
1365724800 0 0 0 0
1365638400 0 0 0 0
1365552000 0 0 0 0
1365465600 0 0 0 0
1365379200 0 0 0 0
1365292800 0 0 0 0
1365206400 0 0 0 0
1365120000 0 0 0 0
1365033600 0 0 0 0
1364947200 0 0 0 0
1364860800 0 0 0 0
1364774400 0 0 0 0
1364688000 0 0 0 0
1364601600 0 0 0 0
1364515200 0 0 0 0
1364428800 0 0 0 0
1364342400 0 0 0 0
1364256000 0 0 0 0
1364169600 0 0 0 0
1364083200 0 0 0 0
1363996800 0 0 0 0
1363910400 0 0 0 0
1363824000 0 0 0 0
1363737600 0 0 0 0
1363651200 0 0 0 0
1363564800 0 0 0 0
1363478400 0 0 0 0
1363392000 0 0 0 0
1363305600 0 0 0 0
1363219200 0 0 0 0
1363132800 0 0 0 0
1363046400 0 0 0 0
1362960000 0 0 0 0
1362873600 0 0 0 0
1362787200 0 0 0 0
1362700800 0 0 0 0
1362614400 0 0 0 0
1362528000 0 0 0 0
1362441600 0 0 0 0
1362355200 0 0 0 0
1362268800 0 0 0 0
1362182400 0 0 0 0
1362096000 0 0 0 0
1362009600 0 0 0 0
1361923200 0 0 0 0
1361836800 0 0 0 0
1361750400 0 0 0 0
1361664000 0 0 0 0
1361577600 0 0 0 0
1361491200 0 0 0 0
