1460685978 -1 -1
1460685978 0 0 0 0
1460601740 0 0 0 0
1460601600 0 0 0 0
1460601300 0 0 0 0
1460601000 0 0 0 0
1460600700 0 0 0 0
1460600400 0 0 0 0
1460600100 0 0 0 0
1460599800 0 0 0 0
1460599500 0 0 0 0
1460599200 0 0 0 0
1460598900 0 0 0 0
1460598600 0 0 0 0
1460598300 0 0 0 0
1460598000 0 0 0 0
1460597700 0 0 0 0
1460597400 0 0 0 0
1460597100 0 0 0 0
1460596800 0 0 0 0
1460596500 0 0 0 0
1460596200 0 0 0 0
1460595900 0 0 0 0
1460595600 0 0 0 0
1460595300 0 0 0 0
1460595000 0 0 0 0
1460594700 0 0 0 0
1460594400 0 0 0 0
1460594100 0 0 0 0
1460593800 0 0 0 0
1460593500 0 0 0 0
1460593200 0 0 0 0
1460592900 0 0 0 0
1460592600 0 0 0 0
1460592300 0 0 0 0
1460592000 0 0 0 0
1460591700 0 0 0 0
1460591400 0 0 0 0
1460591100 0 0 0 0
1460590800 0 0 0 0
1460590500 0 0 0 0
1460590200 0 0 0 0
1460589900 0 0 0 0
1460589600 0 0 0 0
1460589300 0 0 0 0
1460589000 0 0 0 0
1460588700 0 0 0 0
1460588400 0 0 0 0
1460588100 0 0 0 0
1460587800 0 0 0 0
1460587500 0 0 0 0
1460587200 0 0 0 0
1460586900 0 0 0 0
1460586600 0 0 0 0
1460586300 0 0 0 0
1460586000 0 0 0 0
1460585700 0 0 0 0
1460585400 0 0 0 0
1460585100 0 0 0 0
1460584800 0 0 0 0
1460584500 0 0 0 0
1460584200 0 0 0 0
1460583900 0 0 0 0
1460583600 0 0 0 0
1460583300 0 0 0 0
1460583000 0 0 0 0
1460582700 0 0 0 0
1460582400 0 0 0 0
1460582100 0 0 0 0
1460581800 0 0 0 0
1460581500 0 0 0 0
1460581200 0 0 0 0
1460580900 0 0 0 0
1460580600 0 0 0 0
1460580300 0 0 0 0
1460580000 0 0 0 0
1460579700 0 0 0 0
1460579400 0 0 0 0
1460579100 0 0 0 0
1460578800 0 0 0 0
1460578500 0 0 0 0
1460578200 0 0 0 0
1460577900 0 0 0 0
1460577600 0 0 0 0
1460577300 0 0 0 0
1460577000 0 0 0 0
1460576700 0 0 0 0
1460576400 0 0 0 0
1460576100 0 0 0 0
1460575800 0 0 0 0
1460575500 0 0 0 0
1460575200 0 0 0 0
1460574900 0 0 0 0
1460574600 0 0 0 0
1460574300 0 0 0 0
1460574000 0 0 0 0
1460573700 0 0 0 0
1460573400 0 0 0 0
1460573100 0 0 0 0
1460572800 0 0 0 0
1460572500 0 0 0 0
1460572200 0 0 0 0
1460571900 0 0 0 0
1460571600 0 0 0 0
1460571300 0 0 0 0
1460571000 0 0 0 0
1460570700 0 0 0 0
1460570400 0 0 0 0
1460570100 0 0 0 0
1460569800 0 0 0 0
1460569500 0 0 0 0
1460569200 0 0 0 0
1460568900 0 0 0 0
1460568600 0 0 0 0
1460568300 0 0 0 0
1460568000 0 0 0 0
1460567700 0 0 0 0
1460567400 0 0 0 0
1460567100 0 0 0 0
1460566800 0 0 0 0
1460566500 0 0 0 0
1460566200 0 0 0 0
1460565900 0 0 0 0
1460565600 0 0 0 0
1460565300 0 0 0 0
1460565000 0 0 0 0
1460564700 0 0 0 0
1460564400 0 0 0 0
1460564100 0 0 0 0
1460563800 0 0 0 0
1460563500 0 0 0 0
1460563200 0 0 0 0
1460562900 0 0 0 0
1460562600 0 0 0 0
1460562300 0 0 0 0
1460562000 0 0 0 0
1460561700 0 0 0 0
1460561400 0 0 0 0
1460561100 0 0 0 0
1460560800 0 0 0 0
1460560500 0 0 0 0
1460560200 0 0 0 0
1460559900 0 0 0 0
1460559600 0 0 0 0
1460559300 0 0 0 0
1460559000 0 0 0 0
1460558700 0 0 0 0
1460558400 0 0 0 0
1460558100 0 0 0 0
1460557800 0 0 0 0
1460557500 0 0 0 0
1460557200 0 0 0 0
1460556900 0 0 0 0
1460556600 0 0 0 0
1460556300 0 0 0 0
1460556000 0 0 0 0
1460555700 0 0 0 0
1460555400 0 0 0 0
1460555100 0 0 0 0
1460554800 0 0 0 0
1460554500 0 0 0 0
1460554200 0 0 0 0
1460553900 0 0 0 0
1460553600 0 0 0 0
1460553300 0 0 0 0
1460553000 0 0 0 0
1460552700 0 0 0 0
1460552400 0 0 0 0
1460552100 0 0 0 0
1460551800 0 0 0 0
1460551500 0 0 0 0
1460551200 0 0 0 0
1460550900 0 0 0 0
1460550600 0 0 0 0
1460550300 0 0 0 0
1460550000 0 0 0 0
1460549700 0 0 0 0
1460549400 0 0 0 0
1460549100 0 0 0 0
1460548800 0 0 0 0
1460548500 0 0 0 0
1460548200 0 0 0 0
1460547900 0 0 0 0
1460547600 0 0 0 0
1460547300 0 0 0 0
1460547000 0 0 0 0
1460546700 0 0 0 0
1460546400 0 0 0 0
1460546100 0 0 0 0
1460545800 0 0 0 0
1460545500 0 0 0 0
1460545200 0 0 0 0
1460544900 0 0 0 0
1460544600 0 0 0 0
1460544300 0 0 0 0
1460544000 0 0 0 0
1460543700 0 0 0 0
1460543400 0 0 0 0
1460543100 0 0 0 0
1460542800 0 0 0 0
1460542500 0 0 0 0
1460542200 0 0 0 0
1460541900 0 0 0 0
1460541600 0 0 0 0
1460541300 0 0 0 0
1460541000 0 0 0 0
1460540700 0 0 0 0
1460540400 0 0 0 0
1460540100 0 0 0 0
1460539800 0 0 0 0
1460539500 0 0 0 0
1460539200 0 0 0 0
1460538900 0 0 0 0
1460538600 0 0 0 0
1460538300 0 0 0 0
1460538000 0 0 0 0
1460537700 0 0 0 0
1460537400 0 0 0 0
1460537100 0 0 0 0
1460536800 0 0 0 0
1460536500 0 0 0 0
1460536200 0 0 0 0
1460535900 0 0 0 0
1460535600 0 0 0 0
1460535300 0 0 0 0
1460535000 0 0 0 0
1460534700 0 0 0 0
1460534400 0 0 0 0
1460534100 0 0 0 0
1460533800 0 0 0 0
1460533500 0 0 0 0
1460533200 0 0 0 0
1460532900 0 0 0 0
1460532600 0 0 0 0
1460532300 0 0 0 0
1460532000 0 0 0 0
1460531700 0 0 0 0
1460531400 0 0 0 0
1460531100 0 0 0 0
1460530800 0 0 0 0
1460530500 0 0 0 0
1460530200 0 0 0 0
1460529900 0 0 0 0
1460529600 0 0 0 0
1460529300 0 0 0 0
1460529000 0 0 0 0
1460528700 0 0 0 0
1460528400 0 0 0 0
1460528100 0 0 0 0
1460527800 0 0 0 0
1460527500 0 0 0 0
1460527200 0 0 0 0
1460526900 0 0 0 0
1460526600 0 0 0 0
1460526300 0 0 0 0
1460526000 0 0 0 0
1460525700 0 0 0 0
1460525400 0 0 0 0
1460525100 0 0 0 0
1460524800 0 0 0 0
1460524500 0 0 0 0
1460524200 0 0 0 0
1460523900 0 0 0 0
1460523600 0 0 0 0
1460523300 0 0 0 0
1460523000 0 0 0 0
1460522700 0 0 0 0
1460522400 0 0 0 0
1460522100 0 0 0 0
1460521800 0 0 0 0
1460521500 0 0 0 0
1460521200 0 0 0 0
1460520900 0 0 0 0
1460520600 0 0 0 0
1460520300 0 0 0 0
1460520000 0 0 0 0
1460519700 0 0 0 0
1460519400 0 0 0 0
1460519100 0 0 0 0
1460518800 0 0 0 0
1460518500 0 0 0 0
1460518200 0 0 0 0
1460517900 0 0 0 0
1460517600 0 0 0 0
1460517300 0 0 0 0
1460517000 0 0 0 0
1460516700 0 0 0 0
1460516400 0 0 0 0
1460516100 0 0 0 0
1460515800 0 0 0 0
1460515500 0 0 0 0
1460515200 0 0 0 0
1460514900 0 0 0 0
1460514600 0 0 0 0
1460514300 0 0 0 0
1460514000 0 0 0 0
1460513700 0 0 0 0
1460513400 0 0 0 0
1460513100 0 0 0 0
1460512800 0 0 0 0
1460512500 0 0 0 0
1460512200 0 0 0 0
1460511900 0 0 0 0
1460511600 0 0 0 0
1460511300 0 0 0 0
1460511000 0 0 0 0
1460510700 0 0 0 0
1460510400 0 0 0 0
1460510100 0 0 0 0
1460509800 0 0 0 0
1460509500 0 0 0 0
1460509200 0 0 0 0
1460508900 0 0 0 0
1460508600 0 0 0 0
1460508300 0 0 0 0
1460508000 0 0 0 0
1460507700 0 0 0 0
1460507400 0 0 0 0
1460507100 0 0 0 0
1460506800 0 0 0 0
1460506500 0 0 0 0
1460506200 0 0 0 0
1460505900 0 0 0 0
1460505600 0 0 0 0
1460505300 0 0 0 0
1460505000 0 0 0 0
1460504700 0 0 0 0
1460504400 0 0 0 0
1460504100 0 0 0 0
1460503800 0 0 0 0
1460503500 0 0 0 0
1460503200 0 0 0 0
1460502900 0 0 0 0
1460502600 0 0 0 0
1460502300 0 0 0 0
1460502000 0 0 0 0
1460501700 0 0 0 0
1460501400 0 0 0 0
1460501100 0 0 0 0
1460500800 0 0 0 0
1460500500 0 0 0 0
1460500200 0 0 0 0
1460499900 0 0 0 0
1460499600 0 0 0 0
1460499300 0 0 0 0
1460499000 0 0 0 0
1460498700 0 0 0 0
1460498400 0 0 0 0
1460498100 0 0 0 0
1460497800 0 0 0 0
1460497500 0 0 0 0
1460497200 0 0 0 0
1460496900 0 0 0 0
1460496600 0 0 0 0
1460496300 0 0 0 0
1460496000 0 0 0 0
1460495700 0 0 0 0
1460495400 0 0 0 0
1460495100 0 0 0 0
1460494800 0 0 0 0
1460494500 0 0 0 0
1460494200 0 0 0 0
1460493900 0 0 0 0
1460493600 0 0 0 0
1460493300 0 0 0 0
1460493000 0 0 0 0
1460492700 0 0 0 0
1460492400 0 0 0 0
1460492100 0 0 0 0
1460491800 0 0 0 0
1460491500 0 0 0 0
1460491200 0 0 0 0
1460490900 0 0 0 0
1460490600 0 0 0 0
1460490300 0 0 0 0
1460490000 0 0 0 0
1460489700 0 0 0 0
1460489400 0 0 0 0
1460489100 0 0 0 0
1460488800 0 0 0 0
1460488500 0 0 0 0
1460488200 0 0 0 0
1460487900 0 0 0 0
1460487600 0 0 0 0
1460487300 0 0 0 0
1460487000 0 0 0 0
1460486700 0 0 0 0
1460486400 0 0 0 0
1460486100 0 0 0 0
1460485800 0 0 0 0
1460485500 0 0 0 0
1460485200 0 0 0 0
1460484900 0 0 0 0
1460484600 0 0 0 0
1460484300 0 0 0 0
1460484000 0 0 0 0
1460483700 0 0 0 0
1460483400 0 0 0 0
1460483100 0 0 0 0
1460482800 0 0 0 0
1460482500 0 0 0 0
1460482200 0 0 0 0
1460481900 0 0 0 0
1460481600 0 0 0 0
1460481300 0 0 0 0
1460481000 0 0 0 0
1460480700 0 0 0 0
1460480400 0 0 0 0
1460480100 0 0 0 0
1460479800 0 0 0 0
1460479500 0 0 0 0
1460479200 0 0 0 0
1460478900 0 0 0 0
1460478600 0 0 0 0
1460478300 0 0 0 0
1460478000 0 0 0 0
1460477700 0 0 0 0
1460477400 0 0 0 0
1460477100 0 0 0 0
1460476800 0 0 0 0
1460476500 0 0 0 0
1460476200 0 0 0 0
1460475900 0 0 0 0
1460475600 0 0 0 0
1460475300 0 0 0 0
1460475000 0 0 0 0
1460474700 0 0 0 0
1460474400 0 0 0 0
1460474100 0 0 0 0
1460473800 0 0 0 0
1460473500 0 0 0 0
1460473200 0 0 0 0
1460472900 0 0 0 0
1460472600 0 0 0 0
1460472300 0 0 0 0
1460472000 0 0 0 0
1460471700 0 0 0 0
1460471400 0 0 0 0
1460471100 0 0 0 0
1460470800 0 0 0 0
1460470500 0 0 0 0
1460470200 0 0 0 0
1460469900 0 0 0 0
1460469600 0 0 0 0
1460469300 0 0 0 0
1460469000 0 0 0 0
1460468700 0 0 0 0
1460468400 0 0 0 0
1460468100 0 0 0 0
1460467800 0 0 0 0
1460467500 0 0 0 0
1460467200 0 0 0 0
1460466900 0 0 0 0
1460466600 0 0 0 0
1460466300 0 0 0 0
1460466000 0 0 0 0
1460465700 0 0 0 0
1460465400 0 0 0 0
1460465100 0 0 0 0
1460464800 0 0 0 0
1460464500 0 0 0 0
1460464200 0 0 0 0
1460463900 0 0 0 0
1460463600 0 0 0 0
1460463300 0 0 0 0
1460463000 0 0 0 0
1460462700 0 0 0 0
1460462400 0 0 0 0
1460462100 0 0 0 0
1460461800 0 0 0 0
1460461500 0 0 0 0
1460461200 0 0 0 0
1460460900 0 0 0 0
1460460600 0 0 0 0
1460460300 0 0 0 0
1460460000 0 0 0 0
1460459700 0 0 0 0
1460459400 0 0 0 0
1460459100 0 0 0 0
1460458800 0 0 0 0
1460458500 0 0 0 0
1460458200 0 0 0 0
1460457900 0 0 0 0
1460457600 0 0 0 0
1460457300 0 0 0 0
1460457000 0 0 0 0
1460456700 0 0 0 0
1460456400 0 0 0 0
1460456100 0 0 0 0
1460455800 0 0 0 0
1460455500 0 0 0 0
1460455200 0 0 0 0
1460454900 0 0 0 0
1460454600 0 0 0 0
1460454300 0 0 0 0
1460454000 0 0 0 0
1460453700 0 0 0 0
1460453400 0 0 0 0
1460453100 0 0 0 0
1460452800 0 0 0 0
1460452500 0 0 0 0
1460452200 0 0 0 0
1460451900 0 0 0 0
1460451600 0 0 0 0
1460451300 0 0 0 0
1460451000 0 0 0 0
1460450700 0 0 0 0
1460450400 0 0 0 0
1460450100 0 0 0 0
1460449800 0 0 0 0
1460449500 0 0 0 0
1460449200 0 0 0 0
1460448900 0 0 0 0
1460448600 0 0 0 0
1460448300 0 0 0 0
1460448000 0 0 0 0
1460447700 0 0 0 0
1460447400 0 0 0 0
1460447100 0 0 0 0
1460446800 0 0 0 0
1460446500 0 0 0 0
1460446200 0 0 0 0
1460445900 0 0 0 0
1460445600 0 0 0 0
1460445300 0 0 0 0
1460445000 0 0 0 0
1460444700 0 0 0 0
1460444400 0 0 0 0
1460444100 0 0 0 0
1460443800 0 0 0 0
1460443500 0 0 0 0
1460443200 0 0 0 0
1460442900 0 0 0 0
1460442600 0 0 0 0
1460442300 0 0 0 0
1460442000 0 0 0 0
1460441700 0 0 0 0
1460441400 0 0 0 0
1460441100 0 0 0 0
1460440800 0 0 0 0
1460440500 0 0 0 0
1460440200 0 0 0 0
1460439900 0 0 0 0
1460439600 0 0 0 0
1460439300 0 0 0 0
1460439000 0 0 0 0
1460438700 0 0 0 0
1460438400 0 0 0 0
1460438100 0 0 0 0
1460437800 0 0 0 0
1460437500 0 0 0 0
1460437200 0 0 0 0
1460436900 0 0 0 0
1460436600 0 0 0 0
1460436300 0 0 0 0
1460436000 0 0 0 0
1460435700 0 0 0 0
1460435400 0 0 0 0
1460435100 0 0 0 0
1460434800 0 0 0 0
1460434500 0 0 0 0
1460434200 0 0 0 0
1460433900 0 0 0 0
1460433600 0 0 0 0
1460433300 0 0 0 0
1460433000 0 0 0 0
1460432700 0 0 0 0
1460432400 0 0 0 0
1460432100 0 0 0 0
1460431800 0 0 0 0
1460431500 0 0 0 0
1460431200 0 0 0 0
1460430900 0 0 0 0
1460430600 0 0 0 0
1460430300 0 0 0 0
1460430000 0 0 0 0
1460429700 0 0 0 0
1460429400 0 0 0 0
1460429100 0 0 0 0
1460428800 0 0 0 0
1460428500 0 0 0 0
1460428200 0 0 0 0
1460427900 0 0 0 0
1460427600 0 0 0 0
1460427300 0 0 0 0
1460427000 0 0 0 0
1460426700 0 0 0 0
1460426400 0 0 0 0
1460426100 0 0 0 0
1460425800 0 0 0 0
1460425500 0 0 0 0
1460425200 0 0 0 0
1460424900 0 0 0 0
1460424600 0 0 0 0
1460424300 0 0 0 0
1460424000 0 0 0 0
1460423700 0 0 0 0
1460423400 0 0 0 0
1460423100 0 0 0 0
1460422800 0 0 0 0
1460422500 0 0 0 0
1460422200 0 0 0 0
1460421900 0 0 0 0
1460421000 0 0 0 0
1460419200 0 0 0 0
1460417400 0 0 0 0
1460415600 0 0 0 0
1460413800 0 0 0 0
1460412000 0 0 0 0
1460410200 0 0 0 0
1460408400 0 0 0 0
1460406600 0 0 0 0
1460404800 0 0 0 0
1460403000 0 0 0 0
1460401200 0 0 0 0
1460399400 0 0 0 0
1460397600 0 0 0 0
1460395800 0 0 0 0
1460394000 0 0 0 0
1460392200 0 0 0 0
1460390400 0 0 0 0
1460388600 0 0 0 0
1460386800 0 0 0 0
1460385000 0 0 0 0
1460383200 0 0 0 0
1460381400 0 0 0 0
1460379600 0 0 0 0
1460377800 0 0 0 0
1460376000 0 0 0 0
1460374200 0 0 0 0
1460372400 0 0 0 0
1460370600 0 0 0 0
1460368800 0 0 0 0
1460367000 0 0 0 0
1460365200 0 0 0 0
1460363400 0 0 0 0
1460361600 0 0 0 0
1460359800 0 0 0 0
1460358000 0 0 0 0
1460356200 0 0 0 0
1460354400 0 0 0 0
1460352600 0 0 0 0
1460350800 0 0 0 0
1460349000 0 0 0 0
1460347200 0 0 0 0
1460345400 0 0 0 0
1460343600 0 0 0 0
1460341800 0 0 0 0
1460340000 0 0 0 0
1460338200 0 0 0 0
1460336400 0 0 0 0
1460334600 0 0 0 0
1460332800 0 0 0 0
1460331000 0 0 0 0
1460329200 0 0 0 0
1460327400 0 0 0 0
1460325600 0 0 0 0
1460323800 0 0 0 0
1460322000 0 0 0 0
1460320200 0 0 0 0
1460318400 0 0 0 0
1460316600 0 0 0 0
1460314800 0 0 0 0
1460313000 0 0 0 0
1460311200 0 0 0 0
1460309400 0 0 0 0
1460307600 0 0 0 0
1460305800 0 0 0 0
1460304000 0 0 0 0
1460302200 0 0 0 0
1460300400 0 0 0 0
1460298600 0 0 0 0
1460296800 0 0 0 0
1460295000 0 0 0 0
1460293200 0 0 0 0
1460291400 0 0 0 0
1460289600 0 0 0 0
1460287800 0 0 0 0
1460286000 0 0 0 0
1460284200 0 0 0 0
1460282400 0 0 0 0
1460280600 0 0 0 0
1460278800 0 0 0 0
1460277000 0 0 0 0
1460275200 0 0 0 0
1460273400 0 0 0 0
1460271600 0 0 0 0
1460269800 0 0 0 0
1460268000 0 0 0 0
1460266200 0 0 0 0
1460264400 0 0 0 0
1460262600 0 0 0 0
1460260800 0 0 0 0
1460259000 0 0 0 0
1460257200 0 0 0 0
1460255400 0 0 0 0
1460253600 0 0 0 0
1460251800 0 0 0 0
1460250000 0 0 0 0
1460248200 0 0 0 0
1460246400 0 0 0 0
1460244600 0 0 0 0
1460242800 0 0 0 0
1460241000 0 0 0 0
1460239200 0 0 0 0
1460237400 0 0 0 0
1460235600 0 0 0 0
1460233800 0 0 0 0
1460232000 0 0 0 0
1460230200 0 0 0 0
1460228400 0 0 0 0
1460226600 0 0 0 0
1460224800 0 0 0 0
1460223000 0 0 0 0
1460221200 0 0 0 0
1460219400 0 0 0 0
1460217600 0 0 0 0
1460215800 0 0 0 0
1460214000 0 0 0 0
1460212200 0 0 0 0
1460210400 0 0 0 0
1460208600 0 0 0 0
1460206800 0 0 0 0
1460205000 0 0 0 0
1460203200 0 0 0 0
1460201400 0 0 0 0
1460199600 0 0 0 0
1460197800 0 0 0 0
1460196000 0 0 0 0
1460194200 0 0 0 0
1460192400 0 0 0 0
1460190600 0 0 0 0
1460188800 0 0 0 0
1460187000 0 0 0 0
1460185200 0 0 0 0
1460183400 0 0 0 0
1460181600 0 0 0 0
1460179800 0 0 0 0
1460178000 0 0 0 0
1460176200 0 0 0 0
1460174400 0 0 0 0
1460172600 0 0 0 0
1460170800 0 0 0 0
1460169000 0 0 0 0
1460167200 0 0 0 0
1460165400 0 0 0 0
1460163600 0 0 0 0
1460161800 0 0 0 0
1460160000 0 0 0 0
1460158200 0 0 0 0
1460156400 0 0 0 0
1460154600 0 0 0 0
1460152800 0 0 0 0
1460151000 0 0 0 0
1460149200 0 0 0 0
1460147400 0 0 0 0
1460145600 0 0 0 0
1460143800 0 0 0 0
1460142000 0 0 0 0
1460140200 566 3694 4029 24173
1460138400 2214 27663 4029 49894
1460136600 602 2512 1072 5408
1460134800 594 1718 1287 3851
1460133000 369 1822 1287 3851
1460131200 896 2412 2938 4196
1460129400 1760 4150 5097 14668
1460127600 2718 10175 4880 17121
1460125800 2086 14689 9526 56896
1460124000 4117 24427 10259 56896
1460122200 3254 4581 10259 6748
1460120400 1791 18424 3042 71356
1460118600 1448 8187 3555 20596
1460116800 10 787 11 960
1460115000 10 687 11 989
1460113200 10 476 10 581
1460111400 10 453 11 575
1460109600 10 430 11 489
1460107800 10 425 11 458
1460106000 10 426 10 506
1460104200 10 431 11 506
1460102400 10 451 11 484
1460100600 10 435 11 480
1460098800 10 441 11 497
1460097000 10 419 11 429
1460095200 10 423 11 456
1460093400 10 434 11 497
1460091600 10 438 10 497
1460089800 10 416 11 450
1460088000 10 442 11 501
1460086200 10 429 11 478
1460084400 10 425 10 493
1460082600 10 447 11 493
1460080800 10 423 11 471
1460079000 10 458 11 508
1460077200 10 514 10 583
1460075400 10 485 11 583
1460073600 10 488 11 543
1460071800 240 909 1105 2196
1460070000 170 880 288 1274
1460068200 265 4425 740 22407
1460066400 179 957 235 1175
1460064600 261 4578 708 21090
1460062800 179 1886 312 4955
1460061000 242 1885 466 2750
1460059200 646 3475 940 6175
1460057400 788 3648 1905 6719
1460055600 704 2934 1971 4037
1460053800 243 2343 449 2983
1460052000 181 2089 374 2684
1460050200 464 2912 1386 5865
1460048400 1752 17599 4048 81380
1460046600 619 3204 815 3625
1460044800 743 3810 2776 6070
1460043000 1293 6704 3880 21212
1460041200 21077 27466 29247 62236
1460039400 2228 15686 7786 49788
1460037600 1808 9362 3508 20183
1460035800 2138 9595 7025 27043
1460034000 2489 22873 4071 58957
1460032200 2009 13062 4856 58957
1460030400 532 3018 4856 23387
1460028600 10 437 11 464
1460026800 10 460 10 549
1460025000 10 443 11 480
1460023200 10 435 11 482
1460021400 10 425 11 444
1460019600 10 428 10 463
1460017800 10 441 11 489
1460016000 10 427 11 457
1460014200 10 443 12 536
1460012400 10 430 10 464
1460010600 10 425 11 447
1460008800 10 441 40 1148
1460007000 10 431 10 466
1460005200 10 411 11 442
1460003400 10 444 11 476
1460001600 10 435 11 486
1459999800 10 433 11 489
1459998000 10 421 10 450
1459996200 10 443 10 492
1459994400 10 427 10 458
1459992600 10 441 10 466
1459990800 10 425 10 457
1459989000 10 431 10 440
1459987200 10 444 10 479
1459985400 10 417 10 466
1459983600 10 412 10 448
1459981800 10 468 10 528
1459980000 10 566 10 670
1459978200 10 971 10 1303
1459976400 10 1121 10 1310
1459974600 503 2373 2515 7642
1459972800 1005 3588 2515 7642
1459971000 1356 5446 3018 41894
1459969200 1121 6830 3018 41894
1459967400 6659 6548 17935 13487
1459965600 600 2203 768 2794
1459963800 6492 6136 23236 17156
1459962000 4405 5019 19521 14086
1459960200 1795 5701 3668 16742
1459958400 2476 2990 4347 5298
1459956600 2851 13958 5564 47564
1459954800 3108 19755 7199 47564
1459953000 2583 19317 4310 32183
1459951200 2333 7646 14508 24433
1459949400 2832 9689 14508 28949
1459947600 2320 7404 5424 12408
1459945800 7421 23617 22203 57186
1459944000 667 6745 5985 57186
1459942200 10 491 10 542
1459940400 10 520 10 569
1459938600 10 483 10 510
1459936800 10 474 10 502
1459935000 10 504 10 549
1459933200 10 485 10 538
1459931400 10 481 10 507
1459929600 10 502 10 528
1459927800 10 511 12 682
1459926000 10 485 11 550
1459924200 10 498 10 611
1459922400 10 497 11 552
1459920600 10 479 11 525
1459918800 10 483 10 536
1459917000 10 493 11 538
1459915200 10 476 11 537
1459913400 10 483 10 514
1459911600 10 494 10 560
1459909800 10 492 10 550
1459908000 10 483 10 567
1459906200 10 479 10 567
1459904400 10 488 10 564
1459902600 10 481 10 521
1459900800 10 487 10 575
1459899000 10 490 10 544
1459897200 10 483 10 513
1459895400 11 538 25 617
1459893600 10 530 11 559
1459891800 10 740 11 1157
1459890000 945 2351 2051 3679
1459888200 516 1657 1493 2701
1459886400 914 2209 2066 3070
1459884600 604 6536 1102 23054
1459882800 524 3669 1102 13423
1459881000 2208 12333 4664 33342
1459879200 1444 9195 2519 18580
1459877400 714 3699 1690 7024
1459875600 3478 20559 5719 39532
1459873800 1717 13347 3212 42945
1459872000 3269 32411 7443 113236
1459870200 1401 7893 3576 27508
1459868400 198 1772 307 2091
1459866600 321 2232 972 6717
1459864800 641 4308 1772 12150
1459863000 2135 4351 8372 7135
1459861200 2819 21014 3966 40323
1459859400 1872 14388 5950 40323
1459857600 10 502 11 883
1459855800 10 502 11 883
1459854000 10 467 10 492
1459852200 10 488 11 592
1459850400 10 453 11 481
1459848600 10 456 11 499
1459846800 10 458 10 489
1459845000 10 464 11 493
1459843200 10 453 11 478
1459841400 10 474 12 539
1459839600 10 460 10 539
1459837800 10 463 11 505
1459836000 10 460 11 497
1459834200 10 465 11 492
1459832400 10 514 10 651
1459830600 10 455 11 505
1459828800 10 406 11 434
1459827000 10 414 10 481
1459825200 10 455 10 528
1459823400 10 426 11 482
1459821600 10 411 11 455
1459819800 10 422 10 453
1459818000 10 418 10 455
1459816200 10 474 10 634
1459814400 10 418 11 456
1459812600 10 423 11 465
1459810800 10 420 11 457
1459809000 10 446 11 511
1459807200 10 517 11 771
1459805400 10 669 11 892
1459803600 891 2224 4384 7602
1459801800 1832 3553 3146 7093
1459800000 2432 10479 4097 23011
1459798200 1382 5158 3300 14605
1459796400 524 1729 1168 3342
1459794600 580 2640 2258 7639
1459792800 1089 2745 2258 4019
1459791000 792 2281 1964 3552
1459789200 623 2127 1574 2875
1459787400 2460 8215 6251 21262
1459785600 2181 10977 4935 24562
1459783800 2923 27373 3560 61302
1459782000 1893 11489 3175 40226
1459780200 1212 3451 3145 8892
1459778400 2420 7203 7008 13299
1459776600 1842 5721 6748 15150
1459774800 2855 13871 15562 21389
1459773000 2736 4824 15562 19370
1459771200 10 419 10 624
1459769400 10 418 10 624
1459767600 10 400 10 535
1459765800 10 426 10 471
1459764000 10 378 10 413
1459762200 10 381 10 400
1459760400 10 409 10 433
1459758600 10 404 10 462
1459756800 10 411 10 499
1459755000 10 414 12 490
1459753200 10 412 11 445
1459751400 10 402 10 434
1459749600 10 404 10 437
1459747800 10 400 10 439
1459746000 10 425 10 476
1459744200 10 401 11 471
1459742400 10 393 11 431
1459740600 10 394 10 440
1459738800 10 392 10 459
1459737000 10 398 10 454
1459735200 10 422 10 502
1459733400 10 413 10 463
1459731600 10 400 10 428
1459729800 10 417 10 464
1459728000 10 428 10 483
1459726200 10 507 10 1066
1459724400 10 371 10 392
1459722600 10 383 10 433
1459720800 10 385 10 445
1459719000 10 377 10 429
1459717200 10 378 10 410
1459715400 10 383 10 410
1459713600 10 382 10 422
1459711800 10 384 12 418
1459710000 10 374 10 401
1459708200 10 380 10 413
1459706400 10 391 10 435
1459704600 10 376 10 417
1459702800 10 374 10 447
1459701000 10 409 10 467
1459699200 10 397 10 448
1459697400 10 394 10 461
1459695600 10 411 10 497
1459693800 10 405 10 450
1459692000 10 381 10 410
1459690200 10 370 10 409
1459688400 10 378 10 440
1459686600 10 382 10 425
1459684800 10 372 10 384
1459683000 10 382 10 426
1459681200 10 382 10 422
1459679400 10 377 10 398
1459677600 10 411 10 479
1459675800 10 373 10 411
1459674000 10 383 11 410
1459672200 10 396 11 420
1459670400 10 383 11 411
1459668600 10 391 12 457
1459666800 10 384 11 402
1459665000 10 380 11 404
1459663200 10 372 10 420
1459661400 10 388 10 451
1459659600 10 380 10 452
1459657800 10 395 10 456
1459656000 10 400 10 418
1459654200 10 387 10 413
1459652400 10 406 10 462
1459650600 10 428 10 502
1459648800 10 401 10 470
1459647000 10 386 10 422
1459645200 10 380 10 422
1459643400 10 395 10 483
1459641600 10 380 10 416
1459639800 10 368 10 386
1459638000 10 377 10 431
1459636200 10 381 10 422
1459634400 10 379 10 450
1459632600 10 383 10 479
1459630800 10 382 10 443
1459629000 10 376 10 410
1459627200 10 385 10 453
1459625400 10 387 12 431
1459623600 10 366 12 382
1459621800 10 375 10 401
1459620000 10 383 10 406
1459618200 10 382 10 432
1459616400 10 378 10 452
1459614600 10 397 10 428
1459612800 10 410 10 447
1459611000 10 399 10 447
1459609200 10 369 10 412
1459607400 10 406 10 459
1459605600 10 388 11 419
1459603800 10 380 10 416
1459602000 10 361 11 416
1459600200 10 382 10 422
1459598400 10 381 11 420
1459596600 10 366 10 402
1459594800 10 374 10 402
1459593000 10 379 10 410
1459591200 10 381 10 414
1459589400 10 364 10 414
1459587600 10 386 10 453
1459585800 10 377 10 402
1459584000 10 375 10 424
1459582200 10 372 12 441
1459580400 10 367 12 405
1459578600 10 373 10 414
1459576800 10 381 10 431
1459575000 10 371 10 390
1459573200 10 382 10 440
1459571400 10 388 10 493
1459569600 10 374 10 406
1459567800 10 370 11 409
1459566000 10 385 10 470
1459564200 10 388 10 423
1459562400 10 382 10 439
1459560600 10 398 11 459
1459558800 10 385 10 423
1459557000 10 395 11 417
1459555200 10 409 11 497
1459553400 10 390 10 440
1459551600 10 386 10 443
1459549800 10 468 10 495
1459548000 110 781 551 1617
1459546200 196 1121 314 1577
1459544400 232 2141 465 7024
1459542600 470 2587 952 5573
1459540800 363 2337 894 4094
1459539000 474 2533 992 5717
1459537200 1188 2688 2839 4260
1459535400 1118 4600 3485 14234
1459533600 81 1315 1199 3420
1459531800 362 2019 1199 3420
1459530000 642 3096 1454 6622
1459528200 375 1866 938 3360
1459526400 650 2675 2118 7048
1459524600 5263 5134 22784 16531
1459522800 2734 6418 16634 22473
1459521000 4216 45585 6810 89317
1459519200 2923 14873 9396 37960
1459517400 4110 29503 9396 65747
1459515600 853 11880 2537 37389
1459513800 2533 25065 5314 46855
1459512000 566 3155 5314 23321
1459510200 10 618 10 1268
1459508400 10 503 10 560
1459506600 10 485 10 532
1459504800 10 486 10 545
1459503000 10 474 10 523
1459501200 10 491 10 556
1459499400 10 487 10 544
1459497600 10 487 10 507
1459495800 10 487 12 518
1459494000 10 524 11 600
1459492200 10 566 10 750
1459490400 9 488 10 522
1459488600 10 479 10 522
1459486800 10 477 10 527
1459485000 10 495 11 528
1459483200 10 483 11 550
1459481400 10 535 10 567
1459479600 10 547 10 586
1459477800 10 550 10 579
1459476000 10 542 10 590
1459474200 10 546 10 590
1459472400 10 545 10 591
1459470600 10 551 10 583
1459468800 10 531 10 580
1459467000 10 534 10 586
1459465200 10 538 10 569
1459463400 10 555 10 759
1459461600 10 634 10 917
1459459800 10 736 10 1063
1459458000 10 912 10 1189
1459456200 1388 11832 3538 35486
1459454400 851 4093 2230 8767
1459452600 283 2008 602 2755
1459450800 7838 14985 17210 36095
1459449000 1490 4888 2945 7964
1459447200 929 3413 1550 4851
1459445400 881 4161 1283 9465
1459443600 1295 7499 2174 20354
1459441800 635 4288 2174 20354
1459440000 185 1670 281 2102
1459438200 260 1800 626 2736
1459436400 2696 21309 4490 62149
1459434600 2093 17462 3670 42634
1459432800 569 2393 1239 3106
1459431000 7063 3158 40474 8305
1459429200 1934 14556 4483 58410
1459427400 3229 56912 7541 166617
1459425600 10 658 10 850
1459423800 10 486 10 663
1459422000 10 451 10 490
1459420200 10 476 10 535
1459418400 10 476 10 532
1459416600 10 432 10 512
1459414800 10 423 10 476
1459413000 10 461 10 544
1459411200 10 451 10 508
1459409400 10 432 12 475
1459407600 10 428 11 460
1459405800 10 433 10 463
1459404000 10 446 10 498
1459402200 10 441 10 490
1459400400 10 426 10 432
1459398600 10 474 11 575
1459396800 10 473 11 557
1459395000 10 433 10 468
1459393200 10 446 10 490
1459391400 10 525 10 841
1459389600 10 517 10 841
1459387800 10 470 10 515
1459386000 10 477 11 515
1459384200 10 485 11 556
1459382400 10 467 11 479
1459380600 10 477 10 516
1459378800 10 464 10 501
1459377000 10 493 10 516
1459375200 10 560 10 909
1459373400 10 588 10 790
1459371600 1189 3837 6444 20509
1459369800 3821 29271 6444 43146
1459368000 3029 18101 5435 41249
1459366200 1185 8342 2521 18044
1459364400 1545 16501 3273 72377
1459362600 6963 7258 20568 16258
1459360800 559 2562 916 4371
1459359000 4260 4809 13917 16136
1459357200 3749 5351 13917 16136
1459355400 2298 4186 8564 6437
1459353600 655 3165 2166 9524
1459351800 930 4047 3372 15811
1459350000 2108 10730 3563 19439
1459348200 2326 24526 3642 51048
1459346400 13774 8343 215765 14218
1459344600 26489 27516 215765 88267
1459342800 2011 37977 3275 112318
1459341000 1842 9437 5165 26914
1459339200 42 1090 1201 21042
1459332000 10 436 10 522
1459324800 10 435 12 519
1459317600 10 431 11 463
1459310400 10 434 10 520
1459303200 10 454 10 507
1459296000 10 477 10 622
1459288800 242 1629 2187 9221
1459281600 1402 7181 6385 27651
1459274400 2426 5517 11629 17617
1459267200 995 3674 2871 14076
1459260000 5169 21813 48877 190658
1459252800 122 1127 4158 25523
1459245600 10 387 11 451
1459238400 10 382 12 446
1459231200 10 383 11 447
1459224000 10 389 11 456
1459216800 10 401 11 491
1459209600 10 437 11 494
1459202400 371 1778 1448 5470
1459195200 2526 20093 5023 97802
1459188000 970 2803 2986 19256
1459180800 738 4097 1838 16833
1459173600 14443 24208 291683 171667
1459166400 70 578 2239 4062
1459159200 10 392 11 445
1459152000 10 396 12 462
1459144800 9 389 11 443
1459137600 10 392 11 478
1459130400 10 395 11 459
1459123200 10 391 11 421
1459116000 10 393 11 452
1459108800 10 392 12 502
1459101600 10 398 11 480
1459094400 10 389 11 449
1459087200 10 392 11 459
1459080000 10 398 11 468
1459072800 10 391 11 429
1459065600 10 389 12 443
1459058400 10 392 11 442
1459051200 10 391 11 453
1459044000 10 390 11 452
1459036800 10 386 11 468
1459029600 10 391 11 450
1459022400 10 390 12 446
1459015200 10 389 11 434
1459008000 10 389 11 455
1459000800 10 399 11 510
1458993600 10 402 11 460
1458986400 10 407 11 485
1458979200 10 421 12 526
1458972000 9 412 11 498
1458964800 10 408 10 460
1458957600 10 404 10 477
1458950400 10 406 11 454
1458943200 10 425 11 562
1458936000 10 425 12 592
1458928800 10 414 10 472
1458921600 10 427 10 627
1458914400 10 429 10 652
1458907200 10 413 10 476
1458900000 10 412 10 469
1458892800 10 422 12 584
1458885600 10 432 11 626
1458878400 10 454 11 738
1458871200 10 414 10 460
1458864000 17 441 548 1693
1458856800 256 1837 1679 12275
1458849600 509 2147 1789 3933
1458842400 1152 3582 9221 10371
1458835200 1197 9908 6140 71615
1458828000 2377 16724 13222 94491
1458820800 10 495 10 681
1458813600 10 448 10 541
1458806400 10 459 12 597
1458799200 10 450 11 598
1458792000 10 444 11 577
1458784800 10 440 10 540
1458777600 10 442 10 537
1458770400 15 702 414 2038
1458763200 3093 5128 18036 13132
1458756000 1034 2202 12617 5043
1458748800 557 2749 2006 12552
1458741600 2894 11350 35601 59905
1458734400 95 1302 3196 27810
1458727200 10 514 11 559
1458720000 10 515 12 574
1458712800 9 518 10 643
1458705600 10 565 10 705
1458698400 10 526 10 686
1458691200 10 552 10 756
1458684000 568 2293 2799 9986
1458676800 2375 3768 42581 23054
1458669600 3069 2259 42496 6499
1458662400 797 2108 11465 8421
1458655200 2401 15517 9211 88947
1458648000 87 1155 2828 19228
1458640800 10 589 11 644
1458633600 10 581 12 691
1458626400 10 584 11 664
1458619200 10 575 11 657
1458612000 10 625 10 685
1458604800 10 636 10 791
1458597600 519 2627 3234 12336
1458590400 594 2600 2367 14616
1458583200 412 2284 2019 14183
1458576000 1381 6825 3699 42881
1458568800 1597 5732 11766 22249
1458561600 146 1005 4959 22249
1458554400 10 328 10 439
1458547200 10 337 12 438
1458540000 10 345 11 454
1458532800 10 334 11 407
1458525600 10 373 10 656
1458518400 10 338 10 402
1458511200 10 322 10 442
1458504000 10 318 12 382
1458496800 10 351 10 528
1458489600 10 327 10 435
1458482400 10 304 10 380
1458475200 10 262 10 432
1458468000 10 240 10 302
1458460800 10 243 12 299
1458453600 10 259 10 354
1458446400 10 237 11 308
1458439200 10 256 11 380
1458432000 10 247 10 331
1458424800 10 240 10 365
1458417600 10 235 12 290
1458410400 10 243 10 315
1458403200 10 238 10 323
1458396000 10 233 10 280
1458388800 10 231 10 298
1458381600 10 235 10 306
1458374400 10 236 12 291
1458367200 10 231 10 297
1458360000 10 243 10 315
1458352800 10 249 10 318
1458345600 10 373 10 1165
1458338400 55 732 802 3324
1458331200 2462 15255 6766 71096
1458324000 1683 9231 5958 37260
1458316800 2061 10619 5139 46052
1458309600 5560 20281 45684 153091
1458302400 10 623 10 1136
1458295200 10 515 11 577
1458288000 10 533 12 771
1458280800 9 545 10 680
1458273600 10 498 10 601
1458266400 10 494 10 768
1458259200 10 547 10 711
1458252000 184 1418 1807 10014
1458244800 347 1790 2453 6423
1458237600 1106 2422 5782 7612
1458230400 2689 22130 5089 67823
1458223200 1141 8842 3130 67823
1458216000 289 3550 5440 72836
1458208800 10 397 10 448
1458201600 10 426 12 746
1458194400 10 407 11 452
1458187200 10 411 11 680
1458180000 10 385 11 453
1458172800 10 365 10 430
1458165600 175 1312 1429 6387
1458158400 1066 5061 2278 10990
1458151200 1077 4819 4197 42341
1458144000 2805 27617 4943 98286
1458136800 2173 38734 16044 605780
1458129600 451 10020 5924 262981
1458122400 10 422 10 512
1458115200 10 422 12 497
1458108000 10 415 13 504
1458100800 10 438 11 659
1458093600 10 385 11 507
1458086400 10 382 11 621
1458079200 10 680 11 1240
1458072000 10 828 12 1211
1458064800 10 789 11 1211
1458057600 10 830 11 1035
1458050400 10 903 11 1343
1458043200 10 494 11 690
1458036000 10 470 11 620
1458028800 10 452 12 604
1458021600 10 438 11 482
1458014400 10 431 11 566
1458007200 10 405 11 482
1458000000 10 467 11 803
1457992800 10 757 11 1283
1457985600 10 962 12 1319
1457978400 10 876 11 1195
1457971200 10 826 11 1151
1457964000 10 838 11 1585
1457956800 10 404 11 645
1457949600 10 341 11 406
1457942400 10 337 12 366
1457935200 10 336 11 388
1457928000 10 336 11 416
1457920800 10 336 11 390
1457913600 10 339 11 424
1457906400 10 337 11 435
1457899200 10 336 12 393
1457892000 10 334 11 397
1457884800 10 340 11 420
1457877600 10 334 11 377
1457870400 10 337 11 386
1457863200 10 330 11 431
1457856000 10 318 12 476
1457848800 10 313 11 365
1457841600 10 310 10 354
1457834400 10 309 11 348
1457827200 10 317 11 412
1457820000 10 318 11 440
1457812800 10 320 12 400
1457805600 10 316 11 366
1457798400 10 314 11 389
1457791200 10 307 11 367
1457784000 10 311 11 349
1457776800 10 323 11 711
1457769600 10 304 12 358
1457762400 10 307 11 371
1457755200 10 318 11 384
1457748000 10 310 11 445
1457740800 10 399 11 1220
1457733600 10 969 11 1332
1457726400 10 872 12 1312
1457719200 10 815 11 1373
1457712000 10 881 11 1439
1457704800 10 646 11 1439
1457697600 10 330 11 454
1457690400 10 319 11 361
1457683200 10 322 12 396
1457676000 10 320 11 405
1457668800 10 317 11 470
1457661600 10 293 11 333
1457654400 10 396 11 915
1457647200 3575 3897 21564 15765
1457640000 1261 4821 7568 19904
1457632800 2549 23728 7568 84933
1457625600 2974 18323 13204 77800
1457618400 664 5320 6803 94040
1457611200 10 327 11 500
1457604000 10 319 11 390
1457596800 9 318 12 387
1457589600 10 383 11 692
1457582400 10 309 11 423
1457575200 10 347 11 670
1457568000 10 468 11 771
1457560800 4038 5841 18229 20633
1457553600 1140 2988 5759 9153
1457546400 855 3914 5677 47362
1457539200 3468 22891 8949 60825
1457532000 1425 13924 4979 90547
1457524800 10 372 11 606
1457517600 10 370 11 532
1457510400 10 378 12 483
1457503200 10 373 11 422
1457496000 10 346 10 559
1457488800 10 351 11 445
1457481600 10 392 11 918
1457474400 2932 3841 21443 15644
1457467200 3908 4973 21733 16716
1457460000 1646 3482 14270 15031
1457452800 2609 17154 4676 66072
1457445600 1176 12566 4500 91514
1457438400 10 347 10 494
1457431200 10 357 11 520
1457424000 10 345 12 431
1457416800 10 349 11 528
1457409600 10 370 11 497
1457402400 10 435 11 649
1457395200 10 521 11 930
1457388000 1871 3910 20009 21880
1457380800 2096 16411 6415 134300
1457373600 1458 17950 5441 81440
1457366400 2620 13318 8280 63548
1457359200 1821 10809 6784 73152
1457352000 10 292 11 427
1457344800 10 286 11 353
1457337600 10 286 12 362
1457330400 10 282 11 311
1457323200 10 280 11 335
1457316000 10 280 11 353
1457308800 10 284 11 344
1457301600 10 282 11 374
1457294400 10 286 12 334
1457287200 10 286 11 334
1457280000 10 291 11 429
1457272800 10 281 11 352
1457265600 10 285 11 356
1457258400 10 282 11 356
1457251200 10 302 12 536
1457244000 10 279 11 345
1457236800 10 276 11 315
1457229600 10 274 11 328
1457222400 10 272 11 326
1457215200 10 276 11 339
1457208000 10 273 12 350
1457200800 10 283 11 458
1457193600 10 276 11 326
1457186400 10 275 11 337
1457179200 10 273 11 318
1457172000 10 276 11 353
1457164800 9 277 12 328
1457157600 10 281 11 352
1457150400 10 281 11 344
1457143200 10 281 11 333
1457136000 218 1114 910 2407
1457128800 856 4938 3977 31767
1457121600 2212 5209 20238 17256
1457114400 1629 12526 4495 98475
1457107200 1147 5232 4914 27711
1457100000 1323 11391 5271 103730
1457092800 10 355 11 465
1457085600 10 355 11 409
1457078400 9 351 12 422
1457071200 10 351 11 415
1457064000 10 389 11 623
1457056800 10 398 11 493
1457049600 10 435 11 599
1457042400 1527 10523 4650 39137
1457035200 1821 8667 7509 32431
1457028000 872 4326 3036 13515
1457020800 2023 6979 17713 46891
1457013600 1822 11409 11686 47464
1457006400 10 335 11 440
1456999200 10 324 11 383
1456992000 10 336 12 480
1456984800 10 330 11 400
1456977600 10 332 10 373
1456970400 10 360 10 428
1456963200 10 354 10 451
1456956000 4160 4065 14992 11133
1456948800 2402 6873 8627 34639
1456941600 1406 11298 4955 52144
1456934400 2627 15871 9851 44990
1456927200 850 5453 4056 52204
1456920000 10 238 10 325
1456912800 10 246 11 512
1456905600 10 236 12 310
1456898400 10 231 11 287
1456891200 10 231 10 299
1456884000 10 234 10 298
1456876800 10 273 10 576
1456869600 258 1550 1499 7404
1456862400 528 3016 1660 15317
1456855200 1548 8418 4271 30137
1456848000 3601 15691 42033 66366
1456840800 988 4268 5537 22226
1456833600 10 334 10 396
1456826400 10 324 10 357
1456819200 10 329 12 368
1456812000 10 330 11 388
1456804800 10 331 10 401
1456797600 10 330 10 370
1456790400 10 404 10 761
1456783200 715 2500 4324 12234
1456776000 382 1707 4088 10258
1456768800 2043 5384 9601 27870
1456761600 2375 11323 8550 27904
1456754400 3501 22089 10744 147311
1456747200 10 263 10 347
1456740000 10 260 10 314
1456732800 10 261 17 552
1456725600 10 260 11 328
1456718400 10 256 10 291
1456711200 10 260 10 375
1456704000 10 256 10 325
1456696800 10 259 10 307
1456689600 10 258 12 317
1456682400 10 261 10 344
1456675200 10 264 10 344
1456668000 10 302 10 369
1456660800 10 307 10 369
1456653600 10 289 11 384
1456646400 10 258 12 327
1456639200 10 260 11 337
1456632000 10 263 10 358
1456624800 10 260 10 331
1456617600 10 257 10 305
1456610400 10 260 10 314
1456603200 10 254 12 347
1456596000 10 289 10 453
1456588800 10 338 10 507
1456581600 10 257 10 308
1456574400 10 256 10 311
1456567200 10 259 10 310
1456560000 10 257 15 314
1456552800 10 258 11 301
1456545600 10 257 10 300
1456538400 10 261 10 304
1456531200 10 314 10 474
1456524000 370 2021 1281 9175
1456516800 1099 3154 10429 12292
1456509600 1708 12385 5329 72454
1456502400 2024 5529 34581 33598
1456495200 1094 8769 4190 42876
1456488000 10 501 11 583
1456480800 10 500 10 568
1456473600 10 508 12 617
1456466400 10 499 11 578
1456459200 10 509 10 592
1456452000 10 513 10 611
1456444800 10 557 10 776
1456437600 10 862 11 1248
1456430400 10 903 12 1657
1456423200 329 1600 2089 3825
1456416000 1672 13522 6846 110052
1456408800 1098 8794 4242 33163
1456401600 10 524 10 603
1456394400 10 522 10 600
1456387200 10 507 12 600
1456380000 10 486 11 699
1456372800 10 481 11 606
1456365600 10 549 11 738
1456358400 10 846 10 1066
1456351200 409 1884 1228 4500
1456344000 723 2445 2898 7160
1456336800 822 2895 2413 6504
1456329600 1952 12744 4533 51927
1456322400 1830 45864 15017 796772
1456315200 10 466 10 667
1456308000 10 456 10 564
1456300800 10 455 12 545
1456293600 10 469 11 631
1456286400 10 483 10 623
1456279200 10 488 10 689
1456272000 10 607 10 1100
1456264800 877 4691 3593 55430
1456257600 1156 2323 4516 5814
1456250400 611 1672 2810 3996
1456243200 1993 5064 13320 31212
1456236000 1327 20932 5596 223984
1456228800 10 343 10 463
1456221600 10 345 10 380
1456214400 10 358 14 642
1456207200 10 371 11 504
1456200000 10 477 10 737
1456192800 10 478 10 581
1456185600 10 537 10 883
1456178400 795 2394 2645 7058
1456171200 691 2781 1819 10243
1456164000 927 2606 3338 10978
1456156800 3839 18890 35453 56960
1456149600 1278 9467 3992 98579
1456142400 10 352 11 404
1456135200 10 362 11 458
1456128000 10 359 12 453
1456120800 10 351 11 403
1456113600 10 348 10 399
1456106400 10 348 10 429
1456099200 10 352 11 429
1456092000 10 351 11 419
1456084800 10 352 12 403
1456077600 10 354 11 401
1456070400 10 346 11 407
1456063200 10 337 11 389
1456056000 10 336 11 377
1456048800 10 337 11 391
1456041600 9 336 12 393
1456034400 10 337 11 392
1456027200 10 337 10 390
1456020000 10 336 10 390
1456012800 10 341 10 384
1456005600 10 337 10 367
1455998400 10 338 12 391
1455991200 10 338 11 385
1455984000 10 341 11 409
1455976800 10 335 10 365
1455969600 10 338 10 398
1455962400 10 336 11 405
1455955200 10 341 12 411
1455948000 10 350 11 476
1455940800 10 350 11 408
1455933600 10 357 10 411
1455926400 10 384 10 577
1455919200 325 1545 2000 6085
1455912000 2180 58731 20184 1015644
1455904800 909 6402 3028 43261
1455897600 2740 17054 35554 133392
1455890400 802 10602 5454 142095
1455883200 10 448 10 696
1455876000 10 428 11 483
1455868800 9 429 12 558
1455861600 10 424 11 463
1455854400 10 482 10 643
1455847200 10 491 26 554
1455840000 10 614 11 1095
1455832800 256 1386 1174 3040
1455825600 982 5041 3618 40209
1455818400 793 9221 3537 60711
1455811200 1193 6419 6908 51103
1455804000 1373 9067 3721 51103
1455796800 10 445 11 534
1455789600 10 438 11 506
1455782400 10 430 12 489
1455775200 10 438 11 557
1455768000 10 479 11 566
1455760800 10 481 11 568
1455753600 10 582 11 862
1455746400 10 1018 11 1530
1455739200 10 1009 12 1778
1455732000 10 958 11 1265
1455724800 1344 8110 10921 34137
1455717600 1678 32020 13038 425062
1455710400 10 456 11 531
1455703200 10 462 11 520
1455696000 10 464 12 548
1455688800 10 472 11 622
1455681600 10 483 11 567
1455674400 10 492 11 668
1455667200 10 658 11 1226
1455660000 348 2939 781 20869
1455652800 649 4299 3852 22022
1455645600 801 4348 4040 25346
1455638400 2309 20181 4756 82540
1455631200 943 6009 4521 38668
1455624000 10 272 11 365
1455616800 10 270 11 342
1455609600 10 267 12 334
1455602400 10 311 11 482
1455595200 10 324 11 840
1455588000 10 259 11 310
1455580800 10 274 11 330
1455573600 10 270 11 321
1455566400 10 268 12 313
1455559200 10 270 11 433
1455552000 10 268 10 355
1455544800 10 257 10 314
1455537600 10 262 10 330
1455530400 10 262 11 338
1455523200 10 261 12 321
1455516000 10 263 11 330
1455508800 10 258 11 328
1455501600 10 260 11 307
1455494400 10 258 11 304
1455487200 10 260 11 321
1455480000 10 258 12 335
1455472800 10 256 11 305
1455465600 10 262 11 318
1455458400 10 263 11 324
1455451200 10 261 11 359
1455444000 10 281 11 482
1455436800 10 262 12 365
1455429600 10 250 11 460
1455422400 10 229 11 281
1455415200 10 234 11 313
1455408000 10 232 10 275
1455400800 10 232 10 302
1455393600 10 245 12 319
1455386400 10 230 10 283
1455379200 10 243 10 300
1455372000 10 255 10 481
1455364800 10 290 11 431
1455357600 10 406 11 801
1455350400 9 304 12 379
1455343200 10 335 11 517
1455336000 10 340 10 506
1455328800 10 342 10 625
1455321600 10 421 11 708
1455314400 10 745 10 1057
1455307200 10 898 12 1323
1455300000 10 894 10 1891
1455292800 10 1007 10 1774
1455285600 10 672 10 1900
1455278400 10 290 10 403
1455271200 10 292 11 399
1455264000 10 280 12 328
1455256800 10 288 11 352
1455249600 10 289 10 380
1455242400 10 333 10 470
1455235200 10 486 10 844
1455228000 10 907 10 1273
1455220800 10 1055 12 1821
1455213600 10 947 10 1345
1455206400 10 1174 10 1845
1455199200 10 750 10 1647
1455192000 10 232 10 278
1455184800 10 285 11 782
1455177600 10 236 12 313
1455170400 10 272 11 533
1455163200 10 275 10 389
1455156000 10 288 10 356
1455148800 10 396 11 579
1455141600 10 696 11 1070
1455134400 10 805 12 1334
1455127200 10 779 10 1193
1455120000 10 822 10 1451
1455112800 10 568 10 1026
1455105600 10 251 10 356
1455098400 10 302 11 782
1455091200 10 295 12 443
1455084000 10 362 11 584
1455076800 10 387 10 530
1455069600 10 452 10 908
1455062400 10 483 10 1009
1455055200 10 995 10 1322
1455048000 10 1037 12 1502
1455040800 10 1089 11 2087
1455033600 10 1045 22 1605
1455026400 10 661 10 1439
1455019200 10 309 12 396
1454976000 1308 10179 97211 459278
1454889600 10 233 14 474
1454803200 10 228 47 351
1454716800 780 3622 12649 195307
1454630400 521 3973 8333 188059
1454544000 189 1153 3032 76497
1454457600 389 2384 19789 120814
1454371200 593 3726 15997 183327
1454284800 10 289 12 352
1454198400 10 289 13 460
1454112000 2535 4206 508345 171067
1454025600 692 7447 23175 1197023
1453939200 399 3424 5979 197563
1453852800 791 2886 102194 193192
1453766400 509 2513 11075 177330
1453680000 9 267 12 338
1453593600 10 267 12 348
1453507200 287 2219 5408 194143
1453420800 329 1846 12754 188687
1453334400 478 5116 18511 732092
1453248000 420 3654 14094 196609
1453161600 677 8591 20691 1217256
1453075200 9 243 12 394
1452988800 10 211 12 296
1452902400 402 1893 14362 172287
1452816000 833 5983 20791 1134792
1452729600 527 4094 19445 210417
1452643200 485 2583 6815 189056
1452556800 590 2874 15624 171861
1452470400 10 249 14 708
1452384000 10 317 302 5476
1452297600 744 5251 41259 481944
1452211200 446 2328 14583 189925
1452124800 743 4009 50704 180631
1452038400 2012 2901 280477 182644
1451952000 513 3466 15176 187704
1451865600 10 249 12 573
1451779200 10 242 12 323
1451692800 9 244 12 339
1451606400 10 314 12 925
1451520000 19 365 2911 3119
1451433600 10 341 12 1083
1451347200 10 219 17 694
1451260800 10 188 23 269
1451174400 10 196 12 324
1451088000 10 186 12 261
1451001600 203 578 15835 32394
1450915200 354 2112 6625 188715
1450828800 325 2558 8761 174162
1450742400 527 2861 24332 192384
1450656000 10 217 12 265
1450569600 10 227 89 434
1450483200 623 1895 45741 152754
1450396800 439 2240 8441 192184
1450310400 581 3175 25186 192210
1450224000 629 5689 16736 783466
1450137600 492 5851 14658 653768
1450051200 10 389 12 450
1449964800 10 363 16 669
1449878400 503 1847 9539 27285
1449792000 424 2204 4965 59031
1449705600 443 2814 13171 194424
1449619200 633 2711 7606 32419
1449532800 498 2082 3993 16951
1449446400 9 350 12 402
1449360000 10 349 12 415
1449273600 441 2217 8053 34171
1449187200 562 2638 4302 26007
1449100800 642 2811 8361 29399
1449014400 720 2835 25559 20714
1448928000 681 2376 28476 21501
1448841600 9 407 12 673
1448755200 10 409 12 678
1448668800 647 2735 6726 20668
1448582400 520 2130 6727 23313
1448496000 727 4137 18218 216985
1448409600 945 7460 38423 991860
1448323200 721 2751 32413 32954
1448236800 10 335 12 385
1448150400 10 335 12 380
1448064000 619 3955 8743 170291
1447977600 660 2584 18079 21080
1447891200 637 2770 13421 25312
1447804800 688 2494 29684 17672
1447718400 746 3575 8496 71026
1447632000 10 569 12 661
1447545600 10 547 12 642
1447459200 10 634 12 1891
1447372800 645 2475 19581 22713
1447286400 713 3860 13905 113652
1447200000 736 2792 22225 18818
1447113600 695 2637 19594 31543
1447027200 10 387 12 659
1446940800 10 385 12 607
1446854400 610 2913 4253 57057
1446768000 315 1286 53403 28431
1446681600 637 3136 6546 29929
1446595200 620 3398 6544 191395
1446508800 631 2689 4707 24668
1446422400 10 458 34 612
1446336000 10 452 12 556
1446249600 410 2164 4314 32176
1446163200 525 2246 4942 17821
1446076800 565 2721 4943 79657
1445990400 660 2661 3982 21382
1445904000 587 2643 4303 36968
1445817600 10 421 12 503
1445731200 9 428 12 612
1445644800 639 2583 16937 18927
1445558400 885 2769 85390 31452
1445472000 643 3248 25574 99670
1445385600 629 2553 10673 38563
1445299200 694 3819 8777 146514
1445212800 10 480 12 589
1445126400 10 444 12 549
1445040000 582 2521 5428 27231
1444953600 683 5190 14288 188433
1444867200 618 4063 6443 138225
1444780800 656 2673 7118 79422
1444694400 10 378 12 653
1444608000 9 400 12 915
1444521600 10 417 12 549
1444435200 24 720 3364 4262
1444348800 461 2092 5906 23183
1444262400 551 2870 9463 185039
1444176000 659 3735 14299 185314
1444089600 889 4409 26350 169351
1444003200 10 488 12 579
1443916800 10 489 12 572
1443830400 576 3495 8415 184513
1443744000 443 3336 5063 170655
1443657600 751 4854 8816 184466
1443571200 777 4944 9043 180253
1443484800 714 4163 5504 169523
1443398400 9 696 12 1003
1443312000 10 654 12 757
1443225600 584 3847 9933 181834
1443139200 814 8454 7172 223472
1443052800 860 5862 9471 183139
1442966400 603 4818 5856 188556
1442880000 846 3622 31198 197963
1442793600 10 566 12 839
1442707200 361 1404 19202 129823
1442620800 611 3278 12753 187648
1442534400 658 7880 23682 1198039
1442448000 811 3760 39200 194434
1442361600 1243 4334 116696 189045
1442275200 1066 7528 13282 282097
1442188800 10 394 12 684
1442102400 10 468 12 973
1442016000 10 686 12 1671
1441929600 10 680 12 1632
1441843200 9 801 12 2029
1441756800 10 724 12 1566
1441670400 10 441 14 635
1441584000 10 441 12 518
1441497600 9 434 12 736
1441411200 10 695 17 1469
1441324800 10 836 12 2084
1441238400 582 2678 5675 50878
1441152000 730 4024 36609 180173
1441065600 827 5689 12117 185358
1440979200 10 442 12 517
1440892800 10 442 12 512
1440806400 505 2536 10926 183847
1440720000 790 4544 14615 189323
1440633600 542 3628 9692 201528
1440547200 555 2693 9186 79018
1440460800 755 3356 17341 42948
1440374400 10 418 12 462
1440288000 9 421 12 732
1440201600 585 3676 5668 168151
1440115200 631 6484 26386 1179450
1440028800 548 3201 8864 75108
1439942400 736 3859 7251 217376
1439856000 667 3425 7868 228014
1439769600 10 405 12 453
1439683200 10 399 12 489
1439596800 682 2599 5842 15698
1439510400 773 6911 24631 1178537
1439424000 762 3909 6647 110251
1439337600 751 3288 11891 79031
1439251200 663 2363 9411 19157
1439164800 10 415 14 483
1439078400 10 422 23 513
1438992000 688 2556 11702 21694
1438905600 818 3602 19108 64771
1438819200 723 2467 20092 22011
1438732800 784 3169 9464 55860
1438646400 10 423 12 751
1438560000 10 402 12 531
1438473600 9 402 12 466
1438387200 661 2138 17892 20043
1438300800 772 3464 7767 68304
1438214400 783 3737 7912 102858
1438128000 770 3045 14065 76825
1438041600 741 2785 5717 60439
1437955200 9 370 12 422
1437868800 10 379 12 909
1437782400 738 2706 10540 53512
1437696000 835 2915 9958 35988
1437609600 681 2844 6010 31810
1437523200 1027 4006 20527 41859
1437436800 633 2214 5551 19597
1437350400 8 379 12 439
1437264000 10 388 12 492
1437177600 898 3831 7252 51965
1437091200 806 2660 9720 55605
1437004800 669 3714 12044 219997
1436918400 635 2389 30364 154745
1436832000 771 2547 10272 82333
1436745600 10 365 12 437
1436659200 10 367 12 443
1436572800 658 1816 17169 15992
1436486400 737 2162 37408 26973
1436400000 641 2253 13568 31912
1436313600 663 2111 10785 27327
1436227200 787 2467 10013 25795
1436140800 10 377 12 426
1436054400 9 378 12 431
1435968000 10 567 12 1213
1435881600 9 575 12 1522
1435795200 10 378 12 633
1435708800 10 670 12 2461
1435622400 10 683 25 1443
1435536000 10 509 12 606
1435449600 10 523 12 766
1435363200 706 2477 5961 78706
1435276800 732 2560 6629 27784
1435190400 628 2262 5333 22900
1435104000 911 2890 17193 27892
1435017600 685 2258 8561 29228
1434931200 9 362 12 573
1434844800 9 372 12 511
1434758400 753 2502 5124 26075
1434672000 634 2491 5179 22205
1434585600 719 2455 10537 25024
1434499200 795 2576 16902 82571
1434412800 732 2537 16427 65495
1434326400 10 407 12 461
1434240000 9 411 12 668
1434153600 10 673 12 1431
1434067200 725 2561 8647 30705
1433980800 1092 2911 51921 134840
1433894400 653 2256 10277 19474
1433808000 534 1666 12355 21100
1433721600 10 269 12 353
1433635200 10 274 14 788
1433548800 733 2628 6679 45912
1433462400 916 2494 19100 30003
1433376000 2165 5251 366888 392003
1433289600 810 2595 25502 64675
1433203200 1018 2393 66374 25776
1433116800 10 238 12 768
1433030400 10 321 36 3888
1432944000 953 2506 28577 51532
1432857600 655 2077 11526 21769
1432771200 989 2553 14317 18471
1432684800 751 2899 6895 72135
1432598400 10 444 17 1196
1432512000 10 212 12 252
1432425600 9 212 12 336
1432339200 10 507 12 1240
1432252800 749 2387 4006 17322
1432166400 629 2254 4675 29962
1432080000 1079 7373 67180 553499
1431993600 10 207 12 353
1431907200 10 200 23 250
1431820800 10 201 12 262
1431734400 648 2003 56311 60754
1431648000 636 2218 58342 81858
1431561600 1284 3637 71076 357716
1431475200 1022 3220 59170 86595
1431388800 1099 7211 61382 245931
1431302400 10 242 12 307
1431216000 10 242 40 432
1431129600 531 2244 57353 108183
1431043200 936 3891 57460 119415
1430956800 913 7128 60482 358487
1430870400 856 4416 62463 517991
1430784000 1348 8216 59166 197885
1430697600 10 204 12 270
1430611200 10 205 12 354
1430524800 1210 5540 57289 92287
1430438400 726 2094 57825 26791
1430352000 799 2460 54674 57882
1430265600 0 0 0 0
1430179200 0 0 0 0
1430092800 0 0 0 0
1430006400 0 0 0 0
1429920000 0 0 0 0
1429833600 0 0 0 0
1429747200 0 0 0 0
1429660800 0 0 0 0
1429574400 0 0 0 0
1429488000 0 0 0 0
1429401600 0 0 0 0
1429315200 0 0 0 0
1429228800 0 0 0 0
1429142400 0 1 361 1077
1429056000 0 0 0 0
1428969600 0 0 0 0
1428883200 0 0 0 0
1428796800 0 0 0 0
1428710400 0 0 0 0
1428624000 0 0 0 0
1428537600 0 0 0 0
1428451200 0 0 0 0
1428364800 0 0 0 0
1428278400 0 0 0 0
1428192000 0 0 0 0
1428105600 0 0 0 0
1428019200 0 0 0 0
1427932800 0 0 0 0
1427846400 0 0 0 0
1427760000 0 0 0 0
1427673600 0 0 0 0
1427587200 0 0 0 0
1427500800 0 0 0 0
1427414400 0 0 0 0
1427328000 0 0 0 0
1427241600 0 0 0 0
1427155200 0 0 0 0
1427068800 0 0 0 0
1426982400 0 0 0 0
1426896000 0 0 0 0
1426809600 0 0 0 0
1426723200 0 0 0 0
1426636800 0 0 0 0
1426550400 0 0 0 0
1426464000 0 0 0 0
1426377600 0 0 0 0
1426291200 0 0 0 0
1426204800 0 0 0 0
1426118400 0 0 0 0
1426032000 0 0 0 0
1425945600 0 0 0 0
1425859200 0 0 0 0
1425772800 0 0 0 0
1425686400 0 0 0 0
1425600000 0 0 0 0
1425513600 0 0 0 0
1425427200 0 0 0 0
1425340800 0 0 0 0
1425254400 0 0 0 0
1425168000 0 0 0 0
1425081600 0 0 0 0
1424995200 0 0 0 0
1424908800 0 0 0 0
1424822400 0 0 0 0
1424736000 0 0 0 0
1424649600 0 0 0 0
1424563200 0 0 0 0
1424476800 0 0 0 0
1424390400 0 0 0 0
1424304000 0 0 0 0
1424217600 0 0 0 0
1424131200 0 0 0 0
1424044800 0 0 0 0
1423958400 0 0 0 0
1423872000 0 0 0 0
1423785600 0 0 0 0
1423699200 0 0 0 0
1423612800 0 0 0 0
1423526400 0 0 0 0
1423440000 0 0 0 0
1423353600 0 0 0 0
1423267200 0 0 0 0
1423180800 0 0 0 0
1423094400 0 0 0 0
1423008000 0 0 0 0
1422921600 0 0 0 0
1422835200 0 0 0 0
1422748800 0 0 0 0
1422662400 0 0 0 0
1422576000 0 0 0 0
1422489600 0 0 0 0
1422403200 0 0 0 0
1422316800 0 0 0 0
1422230400 0 0 0 0
1422144000 0 0 0 0
1422057600 0 0 0 0
1421971200 0 0 0 0
1421884800 0 0 0 0
1421798400 0 0 0 0
1421712000 0 0 0 0
1421625600 0 0 0 0
1421539200 0 0 0 0
1421452800 0 0 0 0
1421366400 0 0 0 0
1421280000 0 0 0 0
1421193600 0 0 0 0
1421107200 0 0 0 0
1421020800 0 0 0 0
1420934400 0 0 0 0
1420848000 0 0 0 0
1420761600 0 0 0 0
1420675200 0 0 0 0
1420588800 0 0 0 0
1420502400 0 0 0 0
1420416000 0 0 0 0
1420329600 0 0 0 0
1420243200 0 0 0 0
1420156800 0 0 0 0
1420070400 0 0 0 0
1419984000 0 0 0 0
1419897600 0 0 0 0
1419811200 0 0 0 0
1419724800 0 0 0 0
1419638400 0 0 0 0
1419552000 0 0 0 0
1419465600 0 0 0 0
1419379200 0 0 0 0
1419292800 0 0 0 0
1419206400 0 0 0 0
1419120000 0 0 0 0
1419033600 0 0 0 0
1418947200 0 0 0 0
1418860800 0 0 0 0
1418774400 0 0 0 0
1418688000 0 0 0 0
1418601600 0 0 0 0
1418515200 0 0 0 0
1418428800 0 0 0 0
1418342400 0 0 0 0
1418256000 0 0 0 0
1418169600 0 0 0 0
1418083200 0 0 0 0
1417996800 0 0 0 0
1417910400 0 0 0 0
1417824000 0 0 0 0
1417737600 0 0 0 0
1417651200 0 0 0 0
1417564800 0 0 0 0
1417478400 0 0 0 0
1417392000 0 0 0 0
1417305600 0 0 0 0
1417219200 0 0 0 0
1417132800 0 0 0 0
1417046400 0 0 0 0
1416960000 0 0 0 0
1416873600 0 0 0 0
1416787200 0 0 0 0
1416700800 0 0 0 0
1416614400 0 0 0 0
1416528000 0 0 0 0
1416441600 0 0 0 0
1416355200 0 0 0 0
1416268800 0 0 0 0
1416182400 0 0 0 0
1416096000 0 0 0 0
1416009600 0 0 0 0
1415923200 0 0 0 0
1415836800 0 0 0 0
1415750400 0 0 0 0
1415664000 0 0 0 0
1415577600 0 0 0 0
1415491200 0 0 0 0
1415404800 0 0 0 0
1415318400 0 0 0 0
1415232000 0 0 0 0
1415145600 0 0 0 0
1415059200 0 0 0 0
1414972800 0 0 0 0
1414886400 0 0 0 0
1414800000 0 0 0 0
1414713600 0 0 0 0
1414627200 0 0 0 0
1414540800 0 0 0 0
1414454400 0 0 0 0
1414368000 0 0 0 0
1414281600 0 0 0 0
1414195200 0 0 0 0
1414108800 0 0 0 0
1414022400 0 0 0 0
1413936000 0 0 0 0
1413849600 0 0 0 0
1413763200 0 0 0 0
1413676800 0 0 0 0
1413590400 0 0 0 0
1413504000 0 0 0 0
1413417600 0 0 0 0
1413331200 0 0 0 0
1413244800 0 0 0 0
1413158400 0 0 0 0
1413072000 0 0 0 0
1412985600 0 0 0 0
1412899200 0 0 0 0
1412812800 0 0 0 0
1412726400 0 0 0 0
1412640000 0 0 0 0
1412553600 0 0 0 0
1412467200 0 0 0 0
1412380800 0 0 0 0
1412294400 0 0 0 0
1412208000 0 0 0 0
1412121600 0 0 0 0
1412035200 0 0 0 0
1411948800 0 0 0 0
1411862400 0 0 0 0
1411776000 0 0 0 0
1411689600 0 0 0 0
1411603200 0 0 0 0
1411516800 0 0 0 0
1411430400 0 0 0 0
1411344000 0 0 0 0
1411257600 0 0 0 0
1411171200 0 0 0 0
1411084800 0 0 0 0
1410998400 0 0 0 0
1410912000 0 0 0 0
1410825600 0 0 0 0
1410739200 0 0 0 0
1410652800 0 0 0 0
1410566400 0 0 0 0
1410480000 0 0 0 0
1410393600 0 0 0 0
1410307200 0 0 0 0
1410220800 0 0 0 0
1410134400 0 0 0 0
1410048000 0 0 0 0
1409961600 0 0 0 0
1409875200 0 0 0 0
1409788800 0 0 0 0
1409702400 0 0 0 0
1409616000 0 0 0 0
1409529600 0 0 0 0
1409443200 0 0 0 0
1409356800 0 0 0 0
1409270400 0 0 0 0
1409184000 0 0 0 0
1409097600 0 0 0 0
1409011200 0 0 0 0
1408924800 0 0 0 0
1408838400 0 0 0 0
1408752000 0 0 0 0
1408665600 0 0 0 0
1408579200 0 0 0 0
1408492800 0 0 0 0
1408406400 0 0 0 0
1408320000 0 0 0 0
1408233600 0 0 0 0
1408147200 0 0 0 0
1408060800 0 0 0 0
1407974400 0 0 0 0
1407888000 0 0 0 0
1407801600 0 0 0 0
1407715200 0 0 0 0
1407628800 0 0 0 0
1407542400 0 0 0 0
1407456000 0 0 0 0
1407369600 0 0 0 0
1407283200 0 0 0 0
1407196800 0 0 0 0
1407110400 0 0 0 0
1407024000 0 0 0 0
1406937600 0 0 0 0
1406851200 0 0 0 0
1406764800 0 0 0 0
1406678400 0 0 0 0
1406592000 0 0 0 0
1406505600 0 0 0 0
1406419200 0 0 0 0
1406332800 0 0 0 0
1406246400 0 0 0 0
1406160000 0 0 0 0
1406073600 0 0 0 0
1405987200 0 0 0 0
1405900800 0 0 0 0
1405814400 0 0 0 0
1405728000 0 0 0 0
1405641600 0 0 0 0
1405555200 0 0 0 0
1405468800 0 0 0 0
1405382400 0 0 0 0
1405296000 0 0 0 0
1405209600 0 0 0 0
1405123200 0 0 0 0
1405036800 0 0 0 0
1404950400 0 0 0 0
1404864000 0 0 0 0
1404777600 0 0 0 0
1404691200 0 0 0 0
1404604800 0 0 0 0
1404518400 0 0 0 0
1404432000 0 0 0 0
1404345600 0 0 0 0
1404259200 0 0 0 0
1404172800 0 0 0 0
1404086400 0 0 0 0
1404000000 0 0 0 0
1403913600 0 0 0 0
1403827200 0 0 0 0
1403740800 0 0 0 0
1403654400 0 0 0 0
1403568000 0 0 0 0
1403481600 0 0 0 0
1403395200 0 0 0 0
1403308800 0 0 0 0
1403222400 0 0 0 0
1403136000 0 0 0 0
1403049600 0 0 0 0
1402963200 0 0 0 0
1402876800 0 0 0 0
1402790400 0 0 0 0
1402704000 0 0 0 0
1402617600 0 0 0 0
1402531200 0 0 0 0
1402444800 0 0 0 0
1402358400 0 0 0 0
1402272000 0 0 0 0
1402185600 0 0 0 0
1402099200 0 0 0 0
1402012800 0 0 0 0
1401926400 0 0 0 0
1401840000 0 0 0 0
1401753600 0 0 0 0
1401667200 0 0 0 0
1401580800 0 0 0 0
1401494400 0 0 0 0
1401408000 0 0 0 0
1401321600 0 0 0 0
1401235200 0 0 0 0
1401148800 0 0 0 0
1401062400 0 0 0 0
1400976000 0 0 0 0
1400889600 0 0 0 9
1400803200 0 0 0 0
1400716800 0 0 0 0
1400630400 0 0 0 0
1400544000 0 0 0 0
1400457600 0 0 0 0
1400371200 0 0 0 0
1400284800 1354 4045 68738 166562
1400198400 3421 39420 91806 365296
1400112000 2504 13421 94472 333654
1400025600 11796 7177 998057 75687
1399939200 2742 5396 102661 91166
1399852800 892 1328 68003 10970
1399766400 829 1233 68521 4121
1399680000 2110 6083 96680 159609
1399593600 1936 4834 101835 59498
1399507200 3168 90465 67961 355693
1399420800 3026 33128 241128 1068126
1399334400 8047 37121 321125 229628
1399248000 996 336 236504 10497
1399161600 991 362 236560 10448
1399075200 5085 76281 236229 381497
1398988800 3856 66786 236291 439697
1398902400 4559 87328 237032 844267
1398816000 4483 97785 238009 414626
1398729600 2698 4927 238074 76385
1398643200 1389 756 238314 10656
1398556800 1490 861 239051 11270
1398470400 4211 56796 239526 303756
1398384000 4260 6518 239695 84061
1398297600 2553 44488 85659 758064
1398211200 6835 104047 240098 455988
1398124800 13167 42058 239546 332098
1398038400 6525 2201 618618 257796
1397952000 1451 625 252038 11298
1397865600 1465 901 251589 31145
1397779200 6568 38945 101232 229401
1397692800 5231 54851 98292 355957
1397606400 6848 71188 95878 396243
1397520000 3685 94568 36005 1119683
1397433600 72 224 80 416
1397347200 72 228 399 943
1397260800 1646 33694 39168 396456
1397174400 2925 65196 99101 1083875
1397088000 2506 52839 96159 854955
1397001600 1464 13504 67695 166325
1396915200 733 2552 733 2552
1396828800 733 2552 733 2552
1396742400 733 2552 733 2552
1396656000 626 2163 1060 3640
1396569600 4366 100868 345752 776539
1396483200 2515 51537 65138 283519
1396396800 2563 62779 115319 914496
1396310400 3505 63784 210340 314382
1396224000 463 683 65085 13081
1396137600 467 580 65051 3592
1396051200 4108 84294 246106 779921
1395964800 4771 61909 255224 610658
1395878400 7092 54141 858002 250273
1395792000 5078 136719 181754 547361
1395705600 5581 60697 296379 313543
1395619200 474 562 61390 10617
1395532800 2171 10691 219424 97456
1395446400 3314 99355 61763 644261
1395360000 2358 75886 62102 339471
1395273600 1987 9857 97298 850737
1395187200 1691 4560 101376 216711
1395100800 4185 6215 255105 196506
1395014400 599 6458 83579 860651
1394928000 474 710 63687 9984
1394841600 3569 33099 255141 348983
1394755200 1688 3731 102059 88238
1394668800 2776 12869 172554 1191394
1394582400 2326 6125 254880 154595
1394496000 2779 3129 254157 96749
1394409600 426 406 65328 5449
1394323200 428 420 66027 5027
1394236800 3129 7287 254507 110496
1394150400 2627 8481 255381 695361
1394064000 2689 42910 182970 234898
1393977600 4439 8110 505895 724543
1393891200 4770 16611 501394 707012
1393804800 470 1573 64788 6413
1393718400 597 1601 65516 7975
1393632000 13623 35818 656312 705619
1393545600 5687 55421 211937 1075806
1393459200 3654 26619 250229 692790
1393372800 4806 80853 255710 606184
1393286400 8913 22525 1138559 263332
1393200000 422 621 63548 5510
1393113600 511 581 63805 4757
1393027200 24560 14851 1075362 650900
1392940800 4704 34880 267901 1190881
1392854400 4746 17081 353122 1117516
1392768000 2333 7138 100060 137514
1392681600 742 474 99574 12011
1392595200 755 474 100945 14160
1392508800 1492 5626 251022 734301
1392422400 2599 5438 147142 202513
1392336000 2265 7637 102951 288163
1392249600 1940 7968 103740 373090
1392163200 1638 5779 105322 226966
1392076800 5130 10425 489124 576937
1391990400 71 235 78 427
1391904000 71 228 77 484
1391817600 4562 13318 134757 385541
