1460685978 -1 -1
1460685978 9073 9517 9073 9517
1460601740 9073 9517 9073 9517
1460601600 9073 9517 9073 9517
1460601300 9073 9517 9073 9517
1460601000 9073 9517 9073 9517
1460600700 9073 9517 9073 9517
1460600400 9073 9517 9073 9517
1460600100 9073 9517 9073 9517
1460599800 9073 9517 9073 9517
1460599500 9073 9517 9073 9517
1460599200 9073 9517 9073 9517
1460598900 9073 9517 9073 9517
1460598600 9073 9517 9073 9517
1460598300 9073 9517 9073 9517
1460598000 9073 9517 9073 9517
1460597700 9073 9517 9073 9517
1460597400 9073 9517 9073 9517
1460597100 9073 9517 9073 9517
1460596800 9073 9517 9073 9517
1460596500 9073 9517 9073 9517
1460596200 9073 9517 9073 9517
1460595900 9073 9517 9073 9517
1460595600 9073 9517 9073 9517
1460595300 9073 9517 9073 9517
1460595000 9073 9517 9073 9517
1460594700 9073 9517 9073 9517
1460594400 9073 9517 9073 9517
1460594100 9073 9517 9073 9517
1460593800 9073 9517 9073 9517
1460593500 9073 9517 9073 9517
1460593200 9073 9517 9073 9517
1460592900 9073 9517 9073 9517
1460592600 9073 9517 9073 9517
1460592300 9073 9517 9073 9517
1460592000 9073 9517 9073 9517
1460591700 9073 9517 9073 9517
1460591400 9073 9517 9073 9517
1460591100 9073 9517 9073 9517
1460590800 9073 9517 9073 9517
1460590500 9073 9517 9073 9517
1460590200 9073 9517 9073 9517
1460589900 9073 9517 9073 9517
1460589600 9073 9517 9073 9517
1460589300 9073 9517 9073 9517
1460589000 9073 9517 9073 9517
1460588700 9073 9517 9073 9517
1460588400 9073 9517 9073 9517
1460588100 9073 9517 9073 9517
1460587800 9073 9517 9073 9517
1460587500 9073 9517 9073 9517
1460587200 9073 9517 9073 9517
1460586900 9073 9517 9073 9517
1460586600 9073 9517 9073 9517
1460586300 9073 9517 9073 9517
1460586000 9073 9517 9073 9517
1460585700 9073 9517 9073 9517
1460585400 9073 9517 9073 9517
1460585100 9073 9517 9073 9517
1460584800 9073 9517 9073 9517
1460584500 9073 9517 9073 9517
1460584200 9073 9517 9073 9517
1460583900 9073 9517 9073 9517
1460583600 9073 9517 9073 9517
1460583300 9073 9517 9073 9517
1460583000 9073 9517 9073 9517
1460582700 9073 9517 9073 9517
1460582400 9073 9517 9073 9517
1460582100 9073 9517 9073 9517
1460581800 9073 9517 9073 9517
1460581500 9073 9517 9073 9517
1460581200 9073 9517 9073 9517
1460580900 9073 9517 9073 9517
1460580600 9073 9517 9073 9517
1460580300 9073 9517 9073 9517
1460580000 9073 9517 9073 9517
1460579700 9073 9517 9073 9517
1460579400 9073 9517 9073 9517
1460579100 9073 9517 9073 9517
1460578800 9073 9517 9073 9517
1460578500 9073 9517 9073 9517
1460578200 9073 9517 9073 9517
1460577900 9073 9517 9073 9517
1460577600 9073 9517 9073 9517
1460577300 9073 9517 9073 9517
1460577000 9073 9517 9073 9517
1460576700 9073 9517 9073 9517
1460576400 9073 9517 9073 9517
1460576100 9073 9517 9073 9517
1460575800 9073 9517 9073 9517
1460575500 9073 9517 9073 9517
1460575200 9073 9517 9073 9517
1460574900 9073 9517 9073 9517
1460574600 9073 9517 9073 9517
1460574300 9073 9517 9073 9517
1460574000 9073 9517 9073 9517
1460573700 9073 9517 9073 9517
1460573400 9073 9517 9073 9517
1460573100 9073 9517 9073 9517
1460572800 9073 9517 9073 9517
1460572500 9073 9517 9073 9517
1460572200 9073 9517 9073 9517
1460571900 9073 9517 9073 9517
1460571600 9073 9517 9073 9517
1460571300 9073 9517 9073 9517
1460571000 9073 9517 9073 9517
1460570700 9073 9517 9073 9517
1460570400 9073 9517 9073 9517
1460570100 9073 9517 9073 9517
1460569800 9073 9517 9073 9517
1460569500 9073 9517 9073 9517
1460569200 9073 9517 9073 9517
1460568900 9073 9517 9073 9517
1460568600 9073 9517 9073 9517
1460568300 9073 9517 9073 9517
1460568000 9073 9517 9073 9517
1460567700 9073 9517 9073 9517
1460567400 9073 9517 9073 9517
1460567100 9073 9517 9073 9517
1460566800 9073 9517 9073 9517
1460566500 9073 9517 9073 9517
1460566200 9073 9517 9073 9517
1460565900 9073 9517 9073 9517
1460565600 9073 9517 9073 9517
1460565300 9073 9517 9073 9517
1460565000 9073 9517 9073 9517
1460564700 9073 9517 9073 9517
1460564400 9073 9517 9073 9517
1460564100 9073 9517 9073 9517
1460563800 9073 9517 9073 9517
1460563500 9073 9517 9073 9517
1460563200 9073 9517 9073 9517
1460562900 9073 9517 9073 9517
1460562600 9073 9517 9073 9517
1460562300 9073 9517 9073 9517
1460562000 9073 9517 9073 9517
1460561700 9073 9517 9073 9517
1460561400 9073 9517 9073 9517
1460561100 9073 9517 9073 9517
1460560800 9073 9517 9073 9517
1460560500 9073 9517 9073 9517
1460560200 9073 9517 9073 9517
1460559900 9073 9517 9073 9517
1460559600 9073 9517 9073 9517
1460559300 9073 9517 9073 9517
1460559000 9073 9517 9073 9517
1460558700 9073 9517 9073 9517
1460558400 9073 9517 9073 9517
1460558100 9073 9517 9073 9517
1460557800 9073 9517 9073 9517
1460557500 9073 9517 9073 9517
1460557200 9073 9517 9073 9517
1460556900 9073 9517 9073 9517
1460556600 9073 9517 9073 9517
1460556300 9073 9517 9073 9517
1460556000 9073 9517 9073 9517
1460555700 9073 9517 9073 9517
1460555400 9073 9517 9073 9517
1460555100 9073 9517 9073 9517
1460554800 9073 9517 9073 9517
1460554500 9073 9517 9073 9517
1460554200 9073 9517 9073 9517
1460553900 9073 9517 9073 9517
1460553600 9073 9517 9073 9517
1460553300 9073 9517 9073 9517
1460553000 9073 9517 9073 9517
1460552700 9073 9517 9073 9517
1460552400 9073 9517 9073 9517
1460552100 9073 9517 9073 9517
1460551800 9073 9517 9073 9517
1460551500 9073 9517 9073 9517
1460551200 9073 9517 9073 9517
1460550900 9073 9517 9073 9517
1460550600 9073 9517 9073 9517
1460550300 9073 9517 9073 9517
1460550000 9073 9517 9073 9517
1460549700 9073 9517 9073 9517
1460549400 9073 9517 9073 9517
1460549100 9073 9517 9073 9517
1460548800 9073 9517 9073 9517
1460548500 9073 9517 9073 9517
1460548200 9073 9517 9073 9517
1460547900 9073 9517 9073 9517
1460547600 9073 9517 9073 9517
1460547300 9073 9517 9073 9517
1460547000 9073 9517 9073 9517
1460546700 9073 9517 9073 9517
1460546400 9073 9517 9073 9517
1460546100 9073 9517 9073 9517
1460545800 9073 9517 9073 9517
1460545500 9073 9517 9073 9517
1460545200 9073 9517 9073 9517
1460544900 9073 9517 9073 9517
1460544600 9073 9517 9073 9517
1460544300 9073 9517 9073 9517
1460544000 9073 9517 9073 9517
1460543700 9073 9517 9073 9517
1460543400 9073 9517 9073 9517
1460543100 9073 9517 9073 9517
1460542800 9073 9517 9073 9517
1460542500 9073 9517 9073 9517
1460542200 9073 9517 9073 9517
1460541900 9073 9517 9073 9517
1460541600 9073 9517 9073 9517
1460541300 9073 9517 9073 9517
1460541000 9073 9517 9073 9517
1460540700 9073 9517 9073 9517
1460540400 9073 9517 9073 9517
1460540100 9073 9517 9073 9517
1460539800 9073 9517 9073 9517
1460539500 9073 9517 9073 9517
1460539200 9073 9517 9073 9517
1460538900 9073 9517 9073 9517
1460538600 9073 9517 9073 9517
1460538300 9073 9517 9073 9517
1460538000 9073 9517 9073 9517
1460537700 9073 9517 9073 9517
1460537400 9073 9517 9073 9517
1460537100 9073 9517 9073 9517
1460536800 9073 9517 9073 9517
1460536500 9073 9517 9073 9517
1460536200 9073 9517 9073 9517
1460535900 9073 9517 9073 9517
1460535600 9073 9517 9073 9517
1460535300 9073 9517 9073 9517
1460535000 9073 9517 9073 9517
1460534700 9073 9517 9073 9517
1460534400 9073 9517 9073 9517
1460534100 9073 9517 9073 9517
1460533800 9073 9517 9073 9517
1460533500 9073 9517 9073 9517
1460533200 9073 9517 9073 9517
1460532900 9073 9517 9073 9517
1460532600 9073 9517 9073 9517
1460532300 9073 9517 9073 9517
1460532000 9073 9517 9073 9517
1460531700 9073 9517 9073 9517
1460531400 9073 9517 9073 9517
1460531100 9073 9517 9073 9517
1460530800 9073 9517 9073 9517
1460530500 9073 9517 9073 9517
1460530200 9073 9517 9073 9517
1460529900 9073 9517 9073 9517
1460529600 9073 9517 9073 9517
1460529300 9073 9517 9073 9517
1460529000 9073 9517 9073 9517
1460528700 9073 9517 9073 9517
1460528400 9073 9517 9073 9517
1460528100 9073 9517 9073 9517
1460527800 9073 9517 9073 9517
1460527500 9073 9517 9073 9517
1460527200 9073 9517 9073 9517
1460526900 9073 9517 9073 9517
1460526600 9073 9517 9073 9517
1460526300 9073 9517 9073 9517
1460526000 9073 9517 9073 9517
1460525700 9073 9517 9073 9517
1460525400 9073 9517 9073 9517
1460525100 9073 9517 9073 9517
1460524800 9073 9517 9073 9517
1460524500 9073 9517 9073 9517
1460524200 9073 9517 9073 9517
1460523900 9073 9517 9073 9517
1460523600 9073 9517 9073 9517
1460523300 9073 9517 9073 9517
1460523000 9073 9517 9073 9517
1460522700 9073 9517 9073 9517
1460522400 9073 9517 9073 9517
1460522100 9073 9517 9073 9517
1460521800 9073 9517 9073 9517
1460521500 9073 9517 9073 9517
1460521200 9073 9517 9073 9517
1460520900 9073 9517 9073 9517
1460520600 9073 9517 9073 9517
1460520300 9073 9517 9073 9517
1460520000 9073 9517 9073 9517
1460519700 9073 9517 9073 9517
1460519400 9073 9517 9073 9517
1460519100 9073 9517 9073 9517
1460518800 9073 9517 9073 9517
1460518500 9073 9517 9073 9517
1460518200 9073 9517 9073 9517
1460517900 9073 9517 9073 9517
1460517600 9073 9517 9073 9517
1460517300 9073 9517 9073 9517
1460517000 9073 9517 9073 9517
1460516700 9073 9517 9073 9517
1460516400 9073 9517 9073 9517
1460516100 9073 9517 9073 9517
1460515800 9073 9517 9073 9517
1460515500 9073 9517 9073 9517
1460515200 9073 9517 9073 9517
1460514900 9073 9517 9073 9517
1460514600 9073 9517 9073 9517
1460514300 9073 9517 9073 9517
1460514000 9073 9517 9073 9517
1460513700 9073 9517 9073 9517
1460513400 9073 9517 9073 9517
1460513100 9073 9517 9073 9517
1460512800 9073 9517 9073 9517
1460512500 9073 9517 9073 9517
1460512200 9073 9517 9073 9517
1460511900 9073 9517 9073 9517
1460511600 9073 9517 9073 9517
1460511300 9073 9517 9073 9517
1460511000 9073 9517 9073 9517
1460510700 9073 9517 9073 9517
1460510400 9073 9517 9073 9517
1460510100 9073 9517 9073 9517
1460509800 9073 9517 9073 9517
1460509500 9073 9517 9073 9517
1460509200 9073 9517 9073 9517
1460508900 9073 9517 9073 9517
1460508600 9073 9517 9073 9517
1460508300 9073 9517 9073 9517
1460508000 9073 9517 9073 9517
1460507700 9073 9517 9073 9517
1460507400 9073 9517 9073 9517
1460507100 9073 9517 9073 9517
1460506800 9073 9517 9073 9517
1460506500 9073 9517 9073 9517
1460506200 9073 9517 9073 9517
1460505900 9073 9517 9073 9517
1460505600 9073 9517 9073 9517
1460505300 9073 9517 9073 9517
1460505000 9073 9517 9073 9517
1460504700 9073 9517 9073 9517
1460504400 9073 9517 9073 9517
1460504100 9073 9517 9073 9517
1460503800 9073 9517 9073 9517
1460503500 9073 9517 9073 9517
1460503200 9073 9517 9073 9517
1460502900 9073 9517 9073 9517
1460502600 9073 9517 9073 9517
1460502300 9073 9517 9073 9517
1460502000 9073 9517 9073 9517
1460501700 9073 9517 9073 9517
1460501400 9073 9517 9073 9517
1460501100 9073 9517 9073 9517
1460500800 9073 9517 9073 9517
1460500500 9073 9517 9073 9517
1460500200 9073 9517 9073 9517
1460499900 9073 9517 9073 9517
1460499600 9073 9517 9073 9517
1460499300 9073 9517 9073 9517
1460499000 9073 9517 9073 9517
1460498700 9073 9517 9073 9517
1460498400 9073 9517 9073 9517
1460498100 9073 9517 9073 9517
1460497800 9073 9517 9073 9517
1460497500 9073 9517 9073 9517
1460497200 9073 9517 9073 9517
1460496900 9073 9517 9073 9517
1460496600 9073 9517 9073 9517
1460496300 9073 9517 9073 9517
1460496000 9073 9517 9073 9517
1460495700 9073 9517 9073 9517
1460495400 9073 9517 9073 9517
1460495100 9073 9517 9073 9517
1460494800 9073 9517 9073 9517
1460494500 9073 9517 9073 9517
1460494200 9073 9517 9073 9517
1460493900 9073 9517 9073 9517
1460493600 9073 9517 9073 9517
1460493300 9073 9517 9073 9517
1460493000 9073 9517 9073 9517
1460492700 9073 9517 9073 9517
1460492400 9073 9517 9073 9517
1460492100 9073 9517 9073 9517
1460491800 9073 9517 9073 9517
1460491500 9073 9517 9073 9517
1460491200 9073 9517 9073 9517
1460490900 9073 9517 9073 9517
1460490600 9073 9517 9073 9517
1460490300 9073 9517 9073 9517
1460490000 9073 9517 9073 9517
1460489700 9073 9517 9073 9517
1460489400 9073 9517 9073 9517
1460489100 9073 9517 9073 9517
1460488800 9073 9517 9073 9517
1460488500 9073 9517 9073 9517
1460488200 9073 9517 9073 9517
1460487900 9073 9517 9073 9517
1460487600 9073 9517 9073 9517
1460487300 9073 9517 9073 9517
1460487000 9073 9517 9073 9517
1460486700 9073 9517 9073 9517
1460486400 9073 9517 9073 9517
1460486100 9073 9517 9073 9517
1460485800 9073 9517 9073 9517
1460485500 9073 9517 9073 9517
1460485200 9073 9517 9073 9517
1460484900 9073 9517 9073 9517
1460484600 9073 9517 9073 9517
1460484300 9073 9517 9073 9517
1460484000 9073 9517 9073 9517
1460483700 9073 9517 9073 9517
1460483400 9073 9517 9073 9517
1460483100 9073 9517 9073 9517
1460482800 9073 9517 9073 9517
1460482500 9073 9517 9073 9517
1460482200 9073 9517 9073 9517
1460481900 9073 9517 9073 9517
1460481600 9073 9517 9073 9517
1460481300 9073 9517 9073 9517
1460481000 9073 9517 9073 9517
1460480700 9073 9517 9073 9517
1460480400 9073 9517 9073 9517
1460480100 9073 9517 9073 9517
1460479800 9073 9517 9073 9517
1460479500 9073 9517 9073 9517
1460479200 9073 9517 9073 9517
1460478900 9073 9517 9073 9517
1460478600 9073 9517 9073 9517
1460478300 9073 9517 9073 9517
1460478000 9073 9517 9073 9517
1460477700 9073 9517 9073 9517
1460477400 9073 9517 9073 9517
1460477100 9073 9517 9073 9517
1460476800 9073 9517 9073 9517
1460476500 9073 9517 9073 9517
1460476200 9073 9517 9073 9517
1460475900 9073 9517 9073 9517
1460475600 9073 9517 9073 9517
1460475300 9073 9517 9073 9517
1460475000 9073 9517 9073 9517
1460474700 9073 9517 9073 9517
1460474400 9073 9517 9073 9517
1460474100 9073 9517 9073 9517
1460473800 9073 9517 9073 9517
1460473500 9073 9517 9073 9517
1460473200 9073 9517 9073 9517
1460472900 9073 9517 9073 9517
1460472600 9073 9517 9073 9517
1460472300 9073 9517 9073 9517
1460472000 9073 9517 9073 9517
1460471700 9073 9517 9073 9517
1460471400 9073 9517 9073 9517
1460471100 9073 9517 9073 9517
1460470800 9073 9517 9073 9517
1460470500 9073 9517 9073 9517
1460470200 9073 9517 9073 9517
1460469900 9073 9517 9073 9517
1460469600 9073 9517 9073 9517
1460469300 9073 9517 9073 9517
1460469000 9073 9517 9073 9517
1460468700 9073 9517 9073 9517
1460468400 9073 9517 9073 9517
1460468100 9073 9517 9073 9517
1460467800 9073 9517 9073 9517
1460467500 9073 9517 9073 9517
1460467200 9073 9517 9073 9517
1460466900 9073 9517 9073 9517
1460466600 9073 9517 9073 9517
1460466300 9073 9517 9073 9517
1460466000 9073 9517 9073 9517
1460465700 9073 9517 9073 9517
1460465400 9073 9517 9073 9517
1460465100 9073 9517 9073 9517
1460464800 9073 9517 9073 9517
1460464500 9073 9517 9073 9517
1460464200 9073 9517 9073 9517
1460463900 9073 9517 9073 9517
1460463600 9073 9517 9073 9517
1460463300 9073 9517 9073 9517
1460463000 9073 9517 9073 9517
1460462700 9073 9517 9073 9517
1460462400 9073 9517 9073 9517
1460462100 9073 9517 9073 9517
1460461800 9073 9517 9073 9517
1460461500 9073 9517 9073 9517
1460461200 9073 9517 9073 9517
1460460900 9073 9517 9073 9517
1460460600 9073 9517 9073 9517
1460460300 9073 9517 9073 9517
1460460000 9073 9517 9073 9517
1460459700 9073 9517 9073 9517
1460459400 9073 9517 9073 9517
1460459100 9073 9517 9073 9517
1460458800 9073 9517 9073 9517
1460458500 9073 9517 9073 9517
1460458200 9073 9517 9073 9517
1460457900 9073 9517 9073 9517
1460457600 9073 9517 9073 9517
1460457300 9073 9517 9073 9517
1460457000 9073 9517 9073 9517
1460456700 9073 9517 9073 9517
1460456400 9073 9517 9073 9517
1460456100 9073 9517 9073 9517
1460455800 9073 9517 9073 9517
1460455500 9073 9517 9073 9517
1460455200 9073 9517 9073 9517
1460454900 9073 9517 9073 9517
1460454600 9073 9517 9073 9517
1460454300 9073 9517 9073 9517
1460454000 9073 9517 9073 9517
1460453700 9073 9517 9073 9517
1460453400 9073 9517 9073 9517
1460453100 9073 9517 9073 9517
1460452800 9073 9517 9073 9517
1460452500 9073 9517 9073 9517
1460452200 9073 9517 9073 9517
1460451900 9073 9517 9073 9517
1460451600 9073 9517 9073 9517
1460451300 9073 9517 9073 9517
1460451000 9073 9517 9073 9517
1460450700 9073 9517 9073 9517
1460450400 9073 9517 9073 9517
1460450100 9073 9517 9073 9517
1460449800 9073 9517 9073 9517
1460449500 9073 9517 9073 9517
1460449200 9073 9517 9073 9517
1460448900 9073 9517 9073 9517
1460448600 9073 9517 9073 9517
1460448300 9073 9517 9073 9517
1460448000 9073 9517 9073 9517
1460447700 9073 9517 9073 9517
1460447400 9073 9517 9073 9517
1460447100 9073 9517 9073 9517
1460446800 9073 9517 9073 9517
1460446500 9073 9517 9073 9517
1460446200 9073 9517 9073 9517
1460445900 9073 9517 9073 9517
1460445600 9073 9517 9073 9517
1460445300 9073 9517 9073 9517
1460445000 9073 9517 9073 9517
1460444700 9073 9517 9073 9517
1460444400 9073 9517 9073 9517
1460444100 9073 9517 9073 9517
1460443800 9073 9517 9073 9517
1460443500 9073 9517 9073 9517
1460443200 9073 9517 9073 9517
1460442900 9073 9517 9073 9517
1460442600 9073 9517 9073 9517
1460442300 9073 9517 9073 9517
1460442000 9073 9517 9073 9517
1460441700 9073 9517 9073 9517
1460441400 9073 9517 9073 9517
1460441100 9073 9517 9073 9517
1460440800 9073 9517 9073 9517
1460440500 9073 9517 9073 9517
1460440200 9073 9517 9073 9517
1460439900 9073 9517 9073 9517
1460439600 9073 9517 9073 9517
1460439300 9073 9517 9073 9517
1460439000 9073 9517 9073 9517
1460438700 9073 9517 9073 9517
1460438400 9073 9517 9073 9517
1460438100 9073 9517 9073 9517
1460437800 9073 9517 9073 9517
1460437500 9073 9517 9073 9517
1460437200 9073 9517 9073 9517
1460436900 9073 9517 9073 9517
1460436600 9073 9517 9073 9517
1460436300 9073 9517 9073 9517
1460436000 9073 9517 9073 9517
1460435700 9073 9517 9073 9517
1460435400 9073 9517 9073 9517
1460435100 9073 9517 9073 9517
1460434800 9073 9517 9073 9517
1460434500 9073 9517 9073 9517
1460434200 9073 9517 9073 9517
1460433900 9073 9517 9073 9517
1460433600 9073 9517 9073 9517
1460433300 9073 9517 9073 9517
1460433000 9073 9517 9073 9517
1460432700 9073 9517 9073 9517
1460432400 9073 9517 9073 9517
1460432100 9073 9517 9073 9517
1460431800 9073 9517 9073 9517
1460431500 9073 9517 9073 9517
1460431200 9073 9517 9073 9517
1460430900 9073 9517 9073 9517
1460430600 9073 9517 9073 9517
1460430300 9073 9517 9073 9517
1460430000 9073 9517 9073 9517
1460429700 9073 9517 9073 9517
1460429400 9073 9517 9073 9517
1460429100 9073 9517 9073 9517
1460428800 9073 9517 9073 9517
1460428500 9073 9517 9073 9517
1460428200 9073 9517 9073 9517
1460427900 9073 9517 9073 9517
1460427600 9073 9517 9073 9517
1460427300 9073 9517 9073 9517
1460427000 9073 9517 9073 9517
1460426700 9073 9517 9073 9517
1460426400 9073 9517 9073 9517
1460426100 9073 9517 9073 9517
1460425800 9073 9517 9073 9517
1460425500 9073 9517 9073 9517
1460425200 9073 9517 9073 9517
1460424900 9073 9517 9073 9517
1460424600 9073 9517 9073 9517
1460424300 9073 9517 9073 9517
1460424000 9073 9517 9073 9517
1460423700 9073 9517 9073 9517
1460423400 9073 9517 9073 9517
1460423100 9073 9517 9073 9517
1460422800 9073 9517 9073 9517
1460422500 9073 9517 9073 9517
1460422200 9073 9517 9073 9517
1460421900 9073 9517 9073 9517
1460421000 9073 9517 9073 9517
1460419200 9073 9517 9073 9517
1460417400 9073 9517 9073 9517
1460415600 9073 9517 9073 9517
1460413800 9073 9517 9073 9517
1460412000 9073 9517 9073 9517
1460410200 9073 9517 9073 9517
1460408400 9073 9517 9073 9517
1460406600 9073 9517 9073 9517
1460404800 9073 9517 9073 9517
1460403000 9073 9517 9073 9517
1460401200 9073 9517 9073 9517
1460399400 9073 9517 9073 9517
1460397600 9073 9517 9073 9517
1460395800 9073 9517 9073 9517
1460394000 9073 9517 9073 9517
1460392200 9073 9517 9073 9517
1460390400 9073 9517 9073 9517
1460388600 9073 9517 9073 9517
1460386800 9073 9517 9073 9517
1460385000 9073 9517 9073 9517
1460383200 9073 9517 9073 9517
1460381400 9073 9517 9073 9517
1460379600 9073 9517 9073 9517
1460377800 9073 9517 9073 9517
1460376000 9073 9517 9073 9517
1460374200 9073 9517 9073 9517
1460372400 9073 9517 9073 9517
1460370600 9073 9517 9073 9517
1460368800 9073 9517 9073 9517
1460367000 9073 9517 9073 9517
1460365200 9073 9517 9073 9517
1460363400 9073 9517 9073 9517
1460361600 9073 9517 9073 9517
1460359800 9073 9517 9073 9517
1460358000 9073 9517 9073 9517
1460356200 9073 9517 9073 9517
1460354400 9073 9517 9073 9517
1460352600 9073 9517 9073 9517
1460350800 9073 9517 9073 9517
1460349000 9073 9517 9073 9517
1460347200 9073 9517 9073 9517
1460345400 9073 9517 9073 9517
1460343600 9073 9517 9073 9517
1460341800 9073 9517 9073 9517
1460340000 9073 9517 9073 9517
1460338200 9073 9517 9073 9517
1460336400 9073 9517 9073 9517
1460334600 9073 9517 9073 9517
1460332800 9073 9517 9073 9517
1460331000 9073 9517 9073 9517
1460329200 9073 9517 9073 9517
1460327400 9073 9517 9073 9517
1460325600 9073 9517 9073 9517
1460323800 9073 9517 9073 9517
1460322000 9073 9517 9073 9517
1460320200 9073 9517 9073 9517
1460318400 9073 9517 9073 9517
1460316600 9073 9517 9073 9517
1460314800 9073 9517 9073 9517
1460313000 9073 9517 9073 9517
1460311200 9073 9517 9073 9517
1460309400 9073 9517 9073 9517
1460307600 9073 9517 9073 9517
1460305800 9073 9517 9073 9517
1460304000 9073 9517 9073 9517
1460302200 9073 9517 9073 9517
1460300400 9073 9517 9073 9517
1460298600 9073 9517 9073 9517
1460296800 9073 9517 9073 9517
1460295000 9073 9517 9073 9517
1460293200 9073 9517 9073 9517
1460291400 9073 9517 9073 9517
1460289600 9073 9517 9073 9517
1460287800 9073 9517 9073 9517
1460286000 9073 9517 9073 9517
1460284200 9073 9517 9073 9517
1460282400 9073 9517 9073 9517
1460280600 9073 9517 9073 9517
1460278800 9073 9517 9073 9517
1460277000 9073 9517 9073 9517
1460275200 9073 9517 9073 9517
1460273400 9073 9517 9073 9517
1460271600 9073 9517 9073 9517
1460269800 9073 9517 9073 9517
1460268000 9073 9517 9073 9517
1460266200 9073 9517 9073 9517
1460264400 9073 9517 9073 9517
1460262600 9073 9517 9073 9517
1460260800 9073 9517 9073 9517
1460259000 9073 9517 9073 9517
1460257200 9073 9517 9073 9517
1460255400 9073 9517 9073 9517
1460253600 9073 9517 9073 9517
1460251800 9073 9517 9073 9517
1460250000 9073 9517 9073 9517
1460248200 9073 9517 9073 9517
1460246400 9073 9517 9073 9517
1460244600 9073 9517 9073 9517
1460242800 9073 9517 9073 9517
1460241000 9073 9517 9073 9517
1460239200 9073 9517 9073 9517
1460237400 9073 9517 9073 9517
1460235600 9073 9517 9073 9517
1460233800 9073 9517 9073 9517
1460232000 9073 9517 9073 9517
1460230200 9073 9517 9073 9517
1460228400 9073 9517 9073 9517
1460226600 9073 9517 9073 9517
1460224800 9073 9517 9073 9517
1460223000 9073 9517 9073 9517
1460221200 9073 9517 9073 9517
1460219400 9073 9517 9073 9517
1460217600 9073 9517 9073 9517
1460215800 9073 9517 9073 9517
1460214000 9073 9517 9073 9517
1460212200 9073 9517 9073 9517
1460210400 9073 9517 9073 9517
1460208600 9073 9517 9073 9517
1460206800 9073 9517 9073 9517
1460205000 9073 9517 9073 9517
1460203200 9073 9517 9073 9517
1460201400 9073 9517 9073 9517
1460199600 9073 9517 9073 9517
1460197800 9073 9517 9073 9517
1460196000 9073 9517 9073 9517
1460194200 9073 9517 9073 9517
1460192400 9073 9517 9073 9517
1460190600 9073 9517 9073 9517
1460188800 9073 9517 9073 9517
1460187000 9073 9517 9073 9517
1460185200 9073 9517 9073 9517
1460183400 9073 9517 9073 9517
1460181600 9073 9517 9073 9517
1460179800 9073 9517 9073 9517
1460178000 9073 9517 9073 9517
1460176200 9073 9517 9073 9517
1460174400 9073 9517 9073 9517
1460172600 9073 9517 9073 9517
1460170800 9073 9517 9073 9517
1460169000 9073 9517 9073 9517
1460167200 9073 9517 9073 9517
1460165400 9073 9517 9073 9517
1460163600 9073 9517 9073 9517
1460161800 9073 9517 9073 9517
1460160000 9073 9517 9073 9517
1460158200 9073 9517 9073 9517
1460156400 9073 9517 9073 9517
1460154600 9073 9517 9073 9517
1460152800 9073 9517 9073 9517
1460151000 9073 9517 9073 9517
1460149200 9073 9517 9073 9517
1460147400 9073 9517 9073 9517
1460145600 9073 9517 9073 9517
1460143800 9073 9517 9073 9517
1460142000 9073 9517 9073 9517
1460140200 5176 5344 9073 9517
1460138400 863 2280 3347 18397
1460136600 516 4222 1032 18397
1460134800 1298 2241 3587 4591
1460133000 20345 9023 78783 17158
1460131200 7225 4155 37904 14271
1460129400 239 1613 482 2228
1460127600 4439 6187 21465 15339
1460125800 2388 3337 5423 6214
1460124000 35382 5759 205192 14872
1460122200 1593 4859 2532 14538
1460120400 13394 5513 74133 14206
1460118600 16325 47973 88146 245854
1460116800 10 788 11 957
1460115000 10 686 11 989
1460113200 10 477 10 581
1460111400 10 453 11 573
1460109600 10 430 11 490
1460107800 10 425 11 458
1460106000 10 426 10 506
1460104200 10 431 11 506
1460102400 10 451 11 485
1460100600 10 435 11 483
1460098800 10 440 11 495
1460097000 10 419 11 430
1460095200 10 423 11 456
1460093400 10 434 11 496
1460091600 10 437 10 496
1460089800 10 415 11 449
1460088000 10 441 11 501
1460086200 10 429 11 478
1460084400 10 424 10 491
1460082600 10 447 11 491
1460080800 10 423 11 471
1460079000 10 459 11 510
1460077200 10 514 10 583
1460075400 10 485 11 583
1460073600 10 489 11 543
1460071800 10 507 11 580
1460070000 10 528 10 572
1460068200 10 550 11 787
1460066400 199 1428 2105 13244
1460064600 3371 5912 9818 13244
1460062800 189 1504 361 1994
1460061000 282 2581 762 5834
1460059200 1569 2823 6874 4453
1460057400 830 3670 1355 4453
1460055600 21611 8005 120902 17173
1460053800 9115 7974 23002 16265
1460052000 21159 7976 86454 21288
1460050200 233 2643 410 3417
1460048400 183 2489 235 3142
1460046600 6389 3495 35554 8310
1460044800 3354 3990 10194 6355
1460043000 4869 4435 20931 7730
1460041200 4310 3468 23415 5727
1460039400 2120 9749 5902 28853
1460037600 2060 5821 8807 15022
1460035800 8555 13248 11672 23337
1460034000 13462 7541 59115 21406
1460032200 14973 4010 88950 18627
1460030400 10 561 11 876
1460028600 10 437 11 462
1460026800 10 460 10 549
1460025000 10 443 11 480
1460023200 10 435 11 482
1460021400 10 425 11 444
1460019600 10 428 10 463
1460017800 10 441 11 491
1460016000 10 426 11 450
1460014200 10 443 11 536
1460012400 10 430 11 465
1460010600 10 425 11 446
1460008800 10 440 14 934
1460007000 10 431 10 472
1460005200 10 412 10 442
1460003400 10 443 11 472
1460001600 10 435 11 486
1459999800 10 433 10 489
1459998000 10 421 10 452
1459996200 10 443 10 494
1459994400 10 427 10 458
1459992600 10 441 10 466
1459990800 10 425 10 456
1459989000 10 431 10 440
1459987200 10 445 10 479
1459985400 10 416 10 466
1459983600 10 412 10 448
1459981800 10 469 10 528
1459980000 260 1397 1205 9878
1459978200 938 2982 2713 9878
1459976400 1727 3319 10596 12105
1459974600 7223 9065 12049 13299
1459972800 1472 2626 5236 5056
1459971000 245 1177 4215 3159
1459969200 17506 2694 100551 5275
1459967400 867 4825 2035 15752
1459965600 1147 2955 3569 8363
1459963800 10 942 10 1162
1459962000 10 961 10 1162
1459960200 10 1004 10 1441
1459958400 10 822 10 1033
1459956600 329 1279 1081 2632
1459954800 10933 11660 14755 14018
1459953000 12188 14278 18526 25982
1459951200 1901 3149 5615 6828
1459949400 1588 2197 14359 5564
1459947600 4560 2593 45499 11264
1459945800 23300 13676 89587 40816
1459944000 10 557 10 928
1459942200 10 491 10 543
1459940400 10 520 10 569
1459938600 10 484 10 510
1459936800 10 474 10 502
1459935000 10 504 10 549
1459933200 10 484 10 539
1459931400 10 480 10 507
1459929600 10 502 10 528
1459927800 10 511 12 682
1459926000 10 486 12 552
1459924200 10 498 10 611
1459922400 10 497 11 552
1459920600 10 479 11 525
1459918800 10 483 10 538
1459917000 10 493 11 538
1459915200 10 475 11 537
1459913400 10 482 10 514
1459911600 10 493 10 558
1459909800 10 492 10 550
1459908000 10 483 10 566
1459906200 10 478 10 566
1459904400 10 487 10 564
1459902600 10 481 10 521
1459900800 10 488 10 573
1459899000 10 490 10 546
1459897200 10 483 10 513
1459895400 11 538 25 617
1459893600 185 771 563 1226
1459891800 350 2583 728 6785
1459890000 5949 7493 11787 12753
1459888200 3588 4658 10482 10456
1459886400 4284 5140 14245 10833
1459884600 1812 2630 14245 10833
1459882800 6456 2246 36271 5613
1459881000 6820 9179 11286 13174
1459879200 220 1481 594 1678
1459877400 745 1900 1401 2444
1459875600 210 1446 437 1977
1459873800 629 4460 1869 18349
1459872000 6905 2083 34465 3002
1459870200 1364 1987 2749 2432
1459868400 1877 18745 5579 99458
1459866600 1511 4772 3402 14084
1459864800 325956 14038 1272834 49426
1459863000 17728 3784 67597 7859
1459861200 8964 12106 31890 37520
1459859400 20754 11751 92856 32328
1459857600 10 502 11 883
1459855800 10 502 11 883
1459854000 10 467 10 492
1459852200 10 489 11 592
1459850400 10 453 11 482
1459848600 10 456 11 499
1459846800 10 458 10 489
1459845000 10 464 11 494
1459843200 10 453 11 479
1459841400 10 474 11 540
1459839600 10 460 11 540
1459837800 10 463 11 505
1459836000 10 460 11 497
1459834200 10 465 11 492
1459832400 10 514 10 653
1459830600 10 455 11 505
1459828800 10 406 11 434
1459827000 10 414 11 481
1459825200 10 456 10 526
1459823400 10 426 11 482
1459821600 10 411 11 454
1459819800 10 422 11 454
1459818000 10 418 10 455
1459816200 10 474 11 636
1459814400 10 418 11 456
1459812600 10 423 11 463
1459810800 10 420 10 456
1459809000 10 446 11 511
1459807200 1007 1582 6177 6210
1459805400 681 1261 6177 6210
1459803600 10 756 10 883
1459801800 338 1214 5768 7006
1459800000 2577 3724 7966 8501
1459798200 7394 8771 11402 12866
1459796400 1192 4225 5910 12470
1459794600 1167 6454 1610 15963
1459792800 2638 3890 7589 8579
1459791000 867 4896 2903 19630
1459789200 760 4009 1659 19630
1459787400 10 855 11 1044
1459785600 60 934 907 1658
1459783800 1567 2791 3316 5209
1459782000 1104 4346 4065 17413
1459780200 619 4438 1852 14213
1459778400 3672 7637 14640 28771
1459776600 8054 11354 20574 34051
1459774800 14144 8717 78247 44460
1459773000 10 666 11 1213
1459771200 10 419 11 624
1459769400 10 419 11 624
1459767600 10 400 10 535
1459765800 10 427 11 471
1459764000 10 378 10 413
1459762200 10 381 10 400
1459760400 10 409 10 433
1459758600 10 404 10 462
1459756800 10 411 10 499
1459755000 10 414 12 490
1459753200 10 412 11 445
1459751400 10 402 10 434
1459749600 10 404 10 437
1459747800 10 400 10 439
1459746000 10 425 10 476
1459744200 10 401 11 471
1459742400 10 392 11 431
1459740600 10 394 11 439
1459738800 10 392 11 456
1459737000 10 398 11 454
1459735200 10 422 11 502
1459733400 10 413 11 463
1459731600 10 400 11 430
1459729800 10 417 10 464
1459728000 10 428 10 482
1459726200 10 507 10 1070
1459724400 10 371 10 391
1459722600 10 383 10 434
1459720800 10 385 10 445
1459719000 10 376 10 428
1459717200 10 379 10 406
1459715400 10 382 10 410
1459713600 10 383 10 420
1459711800 10 383 12 417
1459710000 10 375 10 401
1459708200 10 380 10 413
1459706400 10 391 10 435
1459704600 10 376 10 417
1459702800 10 374 10 447
1459701000 10 409 10 467
1459699200 10 397 10 446
1459697400 10 394 10 461
1459695600 10 411 10 495
1459693800 10 405 10 449
1459692000 10 381 10 410
1459690200 10 371 10 408
1459688400 10 378 11 440
1459686600 10 382 11 425
1459684800 10 372 11 384
1459683000 10 381 11 427
1459681200 10 382 11 423
1459679400 10 377 11 400
1459677600 10 411 11 478
1459675800 10 373 11 413
1459674000 10 383 10 410
1459672200 10 397 10 421
1459670400 10 383 10 411
1459668600 10 391 12 459
1459666800 10 384 11 402
1459665000 10 380 10 405
1459663200 10 372 10 417
1459661400 10 388 10 451
1459659600 10 380 10 454
1459657800 10 394 10 456
1459656000 10 400 10 418
1459654200 10 387 10 413
1459652400 10 405 10 462
1459650600 10 428 10 502
1459648800 10 401 10 470
1459647000 10 387 10 424
1459645200 10 379 10 424
1459643400 10 395 10 483
1459641600 10 380 10 416
1459639800 10 368 10 386
1459638000 10 377 10 432
1459636200 10 380 10 420
1459634400 10 378 10 450
1459632600 10 383 10 479
1459630800 10 382 10 443
1459629000 10 376 10 410
1459627200 10 385 10 453
1459625400 10 387 12 431
1459623600 10 366 12 384
1459621800 10 375 10 401
1459620000 10 383 10 406
1459618200 10 382 10 432
1459616400 10 377 10 454
1459614600 10 396 10 428
1459612800 10 410 10 447
1459611000 10 399 10 447
1459609200 10 369 10 413
1459607400 10 406 10 459
1459605600 10 388 10 419
1459603800 10 380 10 416
1459602000 10 361 10 416
1459600200 10 382 10 422
1459598400 10 382 10 420
1459596600 10 366 10 402
1459594800 10 374 10 402
1459593000 10 379 10 410
1459591200 10 381 10 414
1459589400 10 365 10 414
1459587600 10 385 10 452
1459585800 10 377 10 402
1459584000 10 375 10 424
1459582200 10 373 12 442
1459580400 10 367 12 405
1459578600 10 373 10 414
1459576800 9 381 11 423
1459575000 10 371 11 390
1459573200 10 382 10 440
1459571400 10 388 10 493
1459569600 10 374 10 406
1459567800 10 370 10 409
1459566000 10 385 10 470
1459564200 10 388 10 422
1459562400 10 382 10 439
1459560600 10 398 10 459
1459558800 10 386 10 423
1459557000 10 395 10 417
1459555200 10 409 10 497
1459553400 10 390 10 440
1459551600 10 387 10 442
1459549800 10 468 10 495
1459548000 10 573 10 747
1459546200 15 710 113 874
1459544400 649 1637 1741 2396
1459542600 285 1724 605 2045
1459540800 725 2146 1365 2729
1459539000 255 2293 403 5253
1459537200 561 1905 1588 2869
1459535400 504 2121 1186 2983
1459533600 365 2310 1186 4759
1459531800 233 1547 474 2298
1459530000 166 1501 269 2187
1459528200 206 1837 407 5738
1459526400 496 2086 649 5738
1459524600 400 3457 1030 13249
1459522800 612 1784 2601 2642
1459521000 1318 5389 2224 14763
1459519200 1723 1917 7619 2465
1459517400 203 1789 262 2439
1459515600 6335 3245 36624 11035
1459513800 14049 4393 79951 7631
1459512000 10 790 10 1282
1459510200 10 618 10 1268
1459508400 10 503 10 559
1459506600 10 485 10 531
1459504800 10 486 10 544
1459503000 10 474 10 523
1459501200 10 491 10 558
1459499400 10 487 10 544
1459497600 10 487 10 507
1459495800 10 487 12 518
1459494000 10 524 11 600
1459492200 10 566 10 750
1459490400 9 488 10 522
1459488600 10 479 10 522
1459486800 10 476 10 527
1459485000 10 496 11 528
1459483200 10 483 11 551
1459481400 10 535 10 569
1459479600 10 547 10 586
1459477800 10 550 10 577
1459476000 10 542 10 590
1459474200 10 546 10 590
1459472400 10 545 10 589
1459470600 10 551 10 583
1459468800 10 531 10 580
1459467000 10 534 10 586
1459465200 10 538 10 574
1459463400 10 555 10 758
1459461600 340 1061 1201 2012
1459459800 835 4748 3242 15137
1459458000 516 1762 1601 3428
1459456200 567 6462 1257 30268
1459454400 1861 4587 3856 8918
1459452600 1948 3646 3955 5297
1459450800 1887 4852 3795 10309
1459449000 13704 4810 68895 12631
1459447200 2269 6489 11598 19577
1459445400 6774 10800 12158 27146
1459443600 1138 7029 3614 16071
1459441800 1050 9706 2419 28746
1459440000 2437 4497 8858 16622
1459438200 464 3437 1066 13254
1459436400 1643 2046 5385 3008
1459434600 301 1585 524 2154
1459432800 1525 2050 5919 2560
1459431000 237 1847 349 2158
1459429200 13073 5922 72948 20246
1459427400 14516 6599 81333 17130
1459425600 10 658 10 850
1459423800 10 485 10 661
1459422000 10 450 10 491
1459420200 10 477 10 534
1459418400 10 476 10 534
1459416600 10 432 10 512
1459414800 10 423 10 476
1459413000 10 461 10 543
1459411200 10 451 10 508
1459409400 10 432 12 475
1459407600 10 427 11 459
1459405800 10 433 10 463
1459404000 10 447 10 497
1459402200 10 441 10 490
1459400400 10 426 10 434
1459398600 10 474 11 573
1459396800 10 473 11 557
1459395000 10 433 10 468
1459393200 10 446 10 492
1459391400 10 525 10 841
1459389600 10 517 11 841
1459387800 10 470 10 515
1459386000 10 477 10 515
1459384200 10 485 10 558
1459382400 10 467 10 479
1459380600 10 477 10 516
1459378800 10 464 10 501
1459377000 10 493 10 514
1459375200 287 1578 1447 6212
1459373400 2604 3591 5714 10636
1459371600 1381 1959 3293 2584
1459369800 1048 2368 1616 3921
1459368000 6955 6533 21140 13404
1459366200 15783 12918 26432 13404
1459364400 2095 4011 8931 8811
1459362600 649 3704 1283 10555
1459360800 776 4113 1639 6967
1459359000 495 3931 1123 14389
1459357200 9705 9377 18211 13792
1459355400 7774 10766 12944 22125
1459353600 602 1696 1310 2369
1459351800 323 3442 966 13559
1459350000 9142 1898 53876 3703
1459348200 220 1516 342 1916
1459346400 940 1574 3902 2578
1459344600 341 2359 1723 4650
1459342800 12804 4442 73795 16592
1459341000 14783 13007 81200 36411
1459339200 10 538 11 1378
1459332000 10 436 11 522
1459324800 10 435 12 519
1459317600 10 431 10 463
1459310400 10 434 10 519
1459303200 10 454 11 508
1459296000 10 476 11 622
1459288800 52 838 553 1740
1459281600 2728 2857 36530 9882
1459274400 2076 3952 11523 16588
1459267200 921 2097 10890 12305
1459260000 8297 8675 78263 125268
1459252800 10 449 11 748
1459245600 10 387 11 451
1459238400 10 383 12 446
1459231200 10 383 11 448
1459224000 10 389 11 456
1459216800 10 401 11 491
1459209600 10 437 11 495
1459202400 5034 8109 109672 118646
1459195200 3422 3495 72809 53288
1459188000 1047 3467 12630 14232
1459180800 1217 5004 12832 50323
1459173600 7731 4988 76810 29056
1459166400 10 499 11 1209
1459159200 10 392 11 443
1459152000 10 396 12 462
1459144800 10 390 11 443
1459137600 10 391 11 480
1459130400 10 396 11 460
1459123200 10 391 11 423
1459116000 10 393 11 453
1459108800 10 392 12 502
1459101600 10 398 11 478
1459094400 10 389 11 449
1459087200 10 391 11 459
1459080000 10 398 11 468
1459072800 10 391 11 429
1459065600 10 389 12 442
1459058400 10 392 11 442
1459051200 10 391 11 453
1459044000 10 390 11 451
1459036800 10 386 11 469
1459029600 10 390 11 450
1459022400 10 390 12 446
1459015200 10 389 11 435
1459008000 10 389 11 455
1459000800 10 399 11 510
1458993600 10 402 11 460
1458986400 10 407 11 485
1458979200 10 422 12 526
1458972000 9 413 11 497
1458964800 10 408 10 460
1458957600 10 404 10 478
1458950400 10 406 10 456
1458943200 10 425 11 562
1458936000 10 425 12 592
1458928800 10 414 10 472
1458921600 10 426 10 627
1458914400 10 429 11 652
1458907200 10 413 11 476
1458900000 10 412 11 469
1458892800 10 422 12 586
1458885600 10 432 11 628
1458878400 10 454 11 738
1458871200 10 414 11 460
1458864000 10 424 11 583
1458856800 13069 10145 141486 48257
1458849600 4290 3636 47974 12743
1458842400 8063 11688 12944 41494
1458835200 2406 5823 12448 17861
1458828000 8881 8557 83015 46156
1458820800 10 495 10 681
1458813600 10 449 10 541
1458806400 10 459 12 598
1458799200 10 450 11 599
1458792000 10 445 11 579
1458784800 10 441 10 538
1458777600 10 442 10 538
1458770400 116 847 2226 4010
1458763200 14 1241 158 1830
1458756000 1742 3229 9208 10164
1458748800 5128 5961 20288 13655
1458741600 10091 7518 81577 16408
1458734400 10 572 10 1002
1458727200 10 514 10 559
1458720000 10 516 12 574
1458712800 10 518 23 608
1458705600 10 565 10 707
1458698400 10 526 10 686
1458691200 10 552 10 754
1458684000 1900 2940 11479 12741
1458676800 206 1503 1057 2419
1458669600 320 1590 1179 4334
1458662400 2185 2534 30138 11279
1458655200 5190 8725 76637 106276
1458648000 10 656 10 1016
1458640800 10 589 10 644
1458633600 10 581 12 691
1458626400 10 584 11 664
1458619200 10 575 11 657
1458612000 10 624 11 685
1458604800 10 636 10 791
1458597600 10 936 10 1696
1458590400 10 1070 12 1395
1458583200 10 1046 10 1233
1458576000 10 1020 10 1309
1458568800 10 982 10 2224
1458561600 10 412 10 692
1458554400 10 328 10 439
1458547200 10 337 12 438
1458540000 10 345 11 455
1458532800 10 334 11 408
1458525600 10 373 11 656
1458518400 10 338 10 402
1458511200 10 322 10 442
1458504000 10 319 12 384
1458496800 10 351 10 530
1458489600 10 326 10 435
1458482400 10 304 10 379
1458475200 10 262 10 432
1458468000 10 240 10 301
1458460800 10 243 12 299
1458453600 10 259 10 354
1458446400 10 237 10 307
1458439200 10 256 10 380
1458432000 10 247 10 333
1458424800 10 240 10 365
1458417600 10 235 12 290
1458410400 10 242 11 315
1458403200 10 238 10 323
1458396000 10 233 10 280
1458388800 10 231 10 298
1458381600 10 235 10 307
1458374400 10 236 12 291
1458367200 10 231 10 296
1458360000 10 243 10 314
1458352800 10 249 10 318
1458345600 10 373 10 1165
1458338400 956 1544 10651 11731
1458331200 791 2823 9485 11517
1458324000 1710 3292 11453 17101
1458316800 2063 4635 11331 25467
1458309600 5810 4829 83356 31491
1458302400 10 624 11 1139
1458295200 10 515 11 577
1458288000 10 533 12 774
1458280800 9 545 10 680
1458273600 10 498 10 599
1458266400 10 495 10 768
1458259200 10 547 10 713
1458252000 4280 4947 23692 16371
1458244800 1159 2780 10533 11457
1458237600 1744 4033 11595 32327
1458230400 10 927 10 1393
1458223200 3715 3116 55568 19612
1458216000 10 469 11 880
1458208800 10 398 10 448
1458201600 10 426 12 746
1458194400 10 408 11 452
1458187200 10 411 11 680
1458180000 10 385 10 443
1458172800 12 367 145 528
1458165600 4814 6398 11789 15616
1458158400 1236 4020 6858 19313
1458151200 1108 3442 4658 13409
1458144000 1818 4328 6643 22305
1458136800 8206 51668 76051 753531
1458129600 10 472 10 810
1458122400 10 422 10 511
1458115200 10 422 12 497
1458108000 10 415 13 505
1458100800 10 438 11 659
1458093600 10 385 11 507
1458086400 10 382 11 622
1458079200 19 690 778 1547
1458072000 947 2385 4240 7134
1458064800 2153 3704 11529 13004
1458057600 10 830 11 1032
1458050400 4279 4721 81307 29060
1458043200 14 492 155 693
1458036000 10 469 11 622
1458028800 10 452 12 604
1458021600 10 438 11 483
1458014400 10 431 11 566
1458007200 10 405 11 482
1458000000 56 576 527 1775
1457992800 1530 2743 10292 10986
1457985600 445 2029 6304 11370
1457978400 144 1715 631 12214
1457971200 3584 69402 43069 1321892
1457964000 4952 5372 76428 41263
1457956800 10 404 11 645
1457949600 10 341 11 406
1457942400 10 338 12 366
1457935200 10 336 11 389
1457928000 10 336 11 414
1457920800 10 337 11 390
1457913600 10 339 11 424
1457906400 10 337 11 435
1457899200 10 336 12 386
1457892000 10 334 11 397
1457884800 10 339 11 420
1457877600 10 334 11 377
1457870400 10 337 11 386
1457863200 10 330 11 431
1457856000 10 318 12 476
1457848800 10 312 11 366
1457841600 10 309 10 354
1457834400 10 309 10 348
1457827200 10 316 10 412
1457820000 10 318 10 440
1457812800 10 320 12 398
1457805600 10 317 11 366
1457798400 10 314 11 390
1457791200 10 307 11 368
1457784000 10 311 11 349
1457776800 10 323 11 711
1457769600 10 304 12 358
1457762400 10 307 11 372
1457755200 10 317 11 384
1457748000 10 310 11 444
1457740800 616 3654 6386 60499
1457733600 7727 9297 11896 16567
1457726400 1835 8961 11518 103938
1457719200 1494 5315 8581 38536
1457712000 2896 5138 12680 15075
1457704800 3358 1508 76872 13550
1457697600 10 330 11 454
1457690400 10 319 11 361
1457683200 10 322 12 396
1457676000 10 321 11 405
1457668800 10 317 11 469
1457661600 10 293 11 333
1457654400 102 481 2237 2966
1457647200 17 745 494 1493
1457640000 683 8081 3925 96491
1457632800 1095 3242 6206 13658
1457625600 1141 1453 21128 6755
1457618400 3682 4046 75251 48394
1457611200 10 328 11 500
1457604000 10 319 11 389
1457596800 9 318 12 387
1457589600 10 383 11 692
1457582400 10 309 11 423
1457575200 10 347 11 672
1457568000 10 468 11 771
1457560800 10 704 11 1294
1457553600 496 1729 3688 5558
1457546400 1010 3194 6545 24938
1457539200 4348 6993 14956 33427
1457532000 4882 39578 81200 495311
1457524800 10 372 11 606
1457517600 10 370 11 532
1457510400 10 378 12 481
1457503200 10 373 11 421
1457496000 10 346 10 559
1457488800 10 351 10 444
1457481600 10 392 10 918
1457474400 1042 2064 10235 8503
1457467200 1296 2894 8998 9698
1457460000 576 1443 3532 3912
1457452800 981 1594 12636 3017
1457445600 3765 2400 83389 20454
1457438400 10 347 10 493
1457431200 10 357 11 520
1457424000 10 345 12 431
1457416800 10 349 11 528
1457409600 10 370 11 498
1457402400 10 434 11 649
1457395200 143 826 1528 3721
1457388000 416 1792 2501 16221
1457380800 394 1869 3878 16221
1457373600 424 1944 2201 13001
1457366400 1032 2706 4852 9000
1457359200 4166 5295 77154 58368
1457352000 10 292 11 427
1457344800 10 286 11 353
1457337600 10 286 12 361
1457330400 10 282 11 311
1457323200 10 281 11 335
1457316000 10 280 11 353
1457308800 10 284 11 344
1457301600 10 282 11 374
1457294400 10 285 12 334
1457287200 10 286 11 335
1457280000 10 291 11 429
1457272800 10 281 11 352
1457265600 10 285 11 356
1457258400 10 281 11 356
1457251200 10 302 12 536
1457244000 10 279 11 345
1457236800 10 277 11 315
1457229600 10 274 11 327
1457222400 10 272 11 332
1457215200 10 276 11 339
1457208000 10 273 12 350
1457200800 10 283 11 458
1457193600 10 276 11 326
1457186400 10 275 11 337
1457179200 10 273 11 318
1457172000 10 277 11 354
1457164800 10 277 29 328
1457157600 10 281 11 352
1457150400 10 280 11 341
1457143200 10 281 11 333
1457136000 70 679 1005 18591
1457128800 2685 5043 12081 18591
1457121600 6076 5015 84265 34157
1457114400 10 828 11 1095
1457107200 10 878 12 1359
1457100000 10 627 11 1359
1457092800 10 355 11 465
1457085600 10 355 11 411
1457078400 9 352 12 451
1457071200 10 351 11 416
1457064000 10 389 11 623
1457056800 10 398 11 492
1457049600 1194 1763 11164 11905
1457042400 1403 2622 10753 12110
1457035200 1525 2600 11798 12911
1457028000 9517 6165 169459 25232
1457020800 1559 2685 11747 13499
1457013600 7008 5425 84125 24087
1457006400 10 335 11 440
1456999200 10 324 11 383
1456992000 10 336 12 478
1456984800 10 329 11 400
1456977600 10 332 11 373
1456970400 10 360 11 427
1456963200 10 354 11 451
1456956000 10 527 11 861
1456948800 10 573 12 944
1456941600 10 554 11 882
1456934400 10 678 11 1251
1456927200 10 448 10 918
1456920000 10 238 10 325
1456912800 10 246 10 513
1456905600 10 236 12 310
1456898400 10 231 11 285
1456891200 10 231 10 299
1456884000 10 234 11 298
1456876800 10 272 10 576
1456869600 10 593 11 746
1456862400 10 689 12 873
1456855200 10 695 10 834
1456848000 10 769 10 1087
1456840800 10 590 11 1259
1456833600 10 334 10 397
1456826400 10 324 10 357
1456819200 10 328 12 368
1456812000 10 330 11 386
1456804800 10 332 10 401
1456797600 10 331 10 371
1456790400 1427 1890 14153 18320
1456783200 3683 5284 14153 18320
1456776000 1825 2848 8362 8808
1456768800 603 2256 1698 11949
1456761600 2129 4670 11512 21050
1456754400 3879 5940 80970 108751
1456747200 10 264 10 347
1456740000 10 260 10 315
1456732800 10 261 17 552
1456725600 10 260 11 328
1456718400 10 256 10 291
1456711200 10 260 10 375
1456704000 10 256 10 324
1456696800 10 259 10 307
1456689600 10 258 12 317
1456682400 10 261 10 344
1456675200 10 263 10 344
1456668000 10 302 10 369
1456660800 10 308 10 369
1456653600 10 289 10 384
1456646400 10 257 12 328
1456639200 10 260 11 336
1456632000 10 263 10 358
1456624800 10 260 10 331
1456617600 10 257 10 305
1456610400 10 260 10 314
1456603200 10 255 12 349
1456596000 10 288 10 453
1456588800 10 338 10 510
1456581600 10 257 10 308
1456574400 10 256 10 311
1456567200 10 259 10 310
1456560000 9 257 12 314
1456552800 10 258 11 301
1456545600 10 257 10 300
1456538400 10 261 10 304
1456531200 577 975 14280 22011
1456524000 1512 3405 14280 22011
1456516800 2812 2891 29906 9715
1456509600 1028 2960 11305 12600
1456502400 2185 3569 11479 12750
1456495200 4327 5443 73837 32946
1456488000 10 501 10 583
1456480800 10 500 11 568
1456473600 10 509 11 617
1456466400 10 499 11 578
1456459200 10 510 10 594
1456452000 10 513 11 611
1456444800 10 557 11 774
1456437600 960 3669 12100 38314
1456430400 228 2694 2180 85451
1456423200 1856 11075 18662 141957
1456416000 669 5649 8815 98893
1456408800 877 2728 8563 29000
1456401600 10 523 10 602
1456394400 10 522 10 600
1456387200 10 507 12 600
1456380000 3094 648 73757 3564
1456372800 1534 580 35709 1626
1456365600 62 980 284 6093
1456358400 2698 21800 35743 473074
1456351200 10 1031 11 1261
1456344000 10 1063 12 1253
1456336800 3437 2581 54268 12603
1456329600 10 1233 11 1953
1456322400 3390 2399 75784 28435
1456315200 10 466 10 667
1456308000 10 455 10 564
1456300800 10 455 12 545
1456293600 10 469 11 631
1456286400 10 483 11 621
1456279200 10 488 10 686
1456272000 57 911 516 6722
1456264800 3381 1955 72111 9353
1456257600 550 2208 2917 14638
1456250400 5967 6939 36835 36368
1456243200 3510 3379 43582 21490
1456236000 4317 36661 73710 689918
1456228800 10 343 10 463
1456221600 10 345 10 380
1456214400 10 358 14 642
1456207200 10 371 11 505
1456200000 10 477 10 732
1456192800 10 479 10 583
1456185600 10 536 11 883
1456178400 10 945 10 1256
1456171200 10 1002 12 1242
1456164000 1655 2175 25666 7375
1456156800 2953 2566 38631 6308
1456149600 4695 4980 79075 57816
1456142400 10 352 11 406
1456135200 10 362 11 458
1456128000 10 359 12 453
1456120800 10 351 11 403
1456113600 10 348 10 399
1456106400 10 348 10 428
1456099200 10 352 10 428
1456092000 10 351 11 419
1456084800 10 352 12 404
1456077600 10 354 11 401
1456070400 10 347 11 407
1456063200 10 337 11 389
1456056000 10 336 11 377
1456048800 10 337 11 389
1456041600 9 336 12 392
1456034400 10 337 11 394
1456027200 10 337 10 390
1456020000 10 336 10 390
1456012800 10 341 10 384
1456005600 10 337 10 367
1455998400 10 338 12 392
1455991200 10 338 11 385
1455984000 10 341 11 409
1455976800 10 335 11 365
1455969600 10 338 10 400
1455962400 10 337 11 406
1455955200 10 341 12 411
1455948000 10 350 11 476
1455940800 10 350 11 408
1455933600 10 357 11 411
1455926400 370 685 4736 6128
1455919200 8893 11053 12419 30782
1455912000 784 2305 5083 9178
1455904800 3266 4405 20381 13404
1455897600 7398 6891 55727 20616
1455890400 5047 3380 74693 22004
1455883200 10 447 10 693
1455876000 10 428 11 482
1455868800 9 429 12 556
1455861600 10 424 11 463
1455854400 10 482 10 643
1455847200 10 491 26 554
1455840000 4971 5930 11995 20966
1455832800 1646 3129 7572 9797
1455825600 7875 10544 90171 196836
1455818400 15669 7813 313325 196836
1455811200 2976 3115 26865 12902
1455804000 4447 6834 80025 113151
1455796800 10 445 11 534
1455789600 10 438 11 508
1455782400 10 429 12 489
1455775200 10 438 11 557
1455768000 10 479 11 566
1455760800 10 481 11 568
1455753600 825 2422 5036 12138
1455746400 4871 8139 13595 28894
1455739200 4023 5600 11621 14257
1455732000 1990 2502 35822 12374
1455724800 3809 4119 22958 16078
1455717600 5301 6251 79032 40009
1455710400 10 456 10 533
1455703200 10 463 11 522
1455696000 10 465 12 549
1455688800 10 472 11 620
1455681600 10 483 11 567
1455674400 10 492 11 668
1455667200 1803 2658 11886 13017
1455660000 2244 5485 12588 28625
1455652800 6189 55880 35868 813959
1455645600 567 2946 3918 14635
1455638400 1027 2624 11330 17116
1455631200 3939 14735 75931 194355
1455624000 10 272 10 364
1455616800 10 270 11 343
1455609600 10 267 12 334
1455602400 10 311 11 484
1455595200 10 324 10 837
1455588000 10 259 10 310
1455580800 10 274 10 331
1455573600 10 270 11 320
1455566400 10 268 12 312
1455559200 10 269 10 432
1455552000 10 268 10 355
1455544800 10 257 10 314
1455537600 10 262 10 329
1455530400 10 262 11 338
1455523200 10 261 12 319
1455516000 10 263 11 330
1455508800 10 258 10 329
1455501600 10 260 10 307
1455494400 10 257 11 305
1455487200 10 260 10 322
1455480000 10 258 12 335
1455472800 10 256 11 304
1455465600 10 262 11 318
1455458400 10 263 10 323
1455451200 10 261 10 359
1455444000 10 281 11 483
1455436800 10 262 12 365
1455429600 10 250 11 460
1455422400 10 229 10 281
1455415200 10 234 10 314
1455408000 10 232 10 275
1455400800 10 232 10 302
1455393600 10 245 12 319
1455386400 10 230 10 283
1455379200 10 243 10 300
1455372000 10 255 10 481
1455364800 10 290 10 431
1455357600 10 406 11 798
1455350400 9 305 12 384
1455343200 10 335 11 517
1455336000 10 341 10 506
1455328800 10 342 10 625
1455321600 10 421 10 708
1455314400 1764 3279 15341 28509
1455307200 4316 4178 47079 13587
1455300000 444 2076 2424 12450
1455292800 7014 4020 72840 28323
1455285600 3699 2367 70827 20892
1455278400 10 290 10 403
1455271200 10 292 11 399
1455264000 10 280 12 325
1455256800 10 288 11 352
1455249600 10 289 10 380
1455242400 10 333 10 470
1455235200 991 3141 12536 34140
1455228000 867 3635 2993 25181
1455220800 3079 4154 25831 52870
1455213600 706 4994 3399 54299
1455206400 1290 2129 11277 12353
1455199200 5147 2693 70217 15543
1455192000 10 232 10 278
1455184800 10 285 11 782
1455177600 10 235 12 313
1455170400 10 272 11 533
1455163200 10 275 10 389
1455156000 10 288 10 357
1455148800 2242 2380 11668 12408
1455141600 1403 3988 11271 20643
1455134400 3721 5062 21235 22146
1455127200 182 1540 1870 15254
1455120000 23 836 979 1843
1455112800 3962 13149 78957 249389
1455105600 10 251 11 356
1455098400 10 302 11 782
1455091200 10 295 12 443
1455084000 10 362 11 586
1455076800 10 386 10 528
1455069600 10 452 10 908
1455062400 10 483 10 1009
1455055200 911 2054 11643 12470
1455048000 7011 2638 117655 8457
1455040800 1263 7598 6557 34445
1455033600 2546 2459 26904 16005
1455026400 3274 1957 71114 18570
1455019200 10 309 12 396
1454976000 1203 1999 72443 43102
1454889600 10 233 14 450
1454803200 10 228 47 351
1454716800 874 1497 69811 28037
1454630400 941 2380 73521 118979
1454544000 1093 2016 74308 35222
1454457600 956 1879 71258 71012
1454371200 2542 2865 128325 61244
1454284800 10 289 12 350
1454198400 10 289 17 460
1454112000 521 1000 68550 25044
1454025600 718 1718 79940 133986
1453939200 2950 4414 81248 104454
1453852800 1479 3223 74241 79970
1453766400 1691 1532 225404 74330
1453680000 9 267 12 338
1453593600 10 267 12 347
1453507200 1770 2280 105446 133877
1453420800 1510 5175 91962 672820
1453334400 35682 5922 6913281 401847
1453248000 795 1631 106046 133266
1453161600 787 5525 111808 1203826
1453075200 9 243 12 394
1452988800 10 211 12 295
1452902400 1062 1816 35775 54451
1452816000 1404 2731 73876 171932
1452729600 803 14172 72289 1548765
1452643200 810 1840 15640 34477
1452556800 1815 7535 65608 1200327
1452470400 10 248 14 708
1452384000 10 315 11 5476
1452297600 818 1583 36186 37629
1452211200 634 1703 49232 113045
1452124800 232 1089 35880 55987
1452038400 940 979 136299 44125
1451952000 612 1097 71047 29165
1451865600 10 249 12 573
1451779200 10 242 12 323
1451692800 9 244 12 339
1451606400 10 314 12 922
1451520000 10 355 12 1129
1451433600 10 341 11 1087
1451347200 10 219 17 694
1451260800 10 188 23 269
1451174400 10 196 11 324
1451088000 10 186 12 261
1451001600 10 242 34 781
1450915200 923 1483 57372 14745
1450828800 930 5971 120125 1207125
1450742400 953 8823 64825 1407722
1450656000 10 217 12 265
1450569600 10 227 12 346
1450483200 9 546 12 1388
1450396800 1466 2148 79108 79324
1450310400 2909 7433 131453 729505
1450224000 1736 5579 16006 427060
1450137600 964 1833 39907 82904
1450051200 10 389 12 450
1449964800 9 363 12 669
1449878400 1277 1980 67299 79669
1449792000 590 1495 47321 55356
1449705600 742 11283 54239 2109510
1449619200 426 1241 47313 24355
1449532800 628 1815 11858 62795
1449446400 9 350 12 401
1449360000 10 349 12 415
1449273600 38 674 4179 1702
1449187200 497 1425 47565 39615
1449100800 740 1636 47569 39032
1449014400 1026 2155 47605 62268
1448928000 967 1912 51088 21216
1448841600 10 407 14 673
1448755200 201 471 47714 3739
1448668800 563 2994 12819 131476
1448582400 668 4517 46975 863071
1448496000 305 1063 46986 25019
1448409600 1536 1518 254748 14689
1448323200 811 1990 42644 54754
1448236800 10 335 12 385
1448150400 10 335 12 380
1448064000 9 664 12 2147
1447977600 10 650 12 1697
1447891200 10 670 12 2029
1447804800 3955 3248 227005 158849
1447718400 2636 2223 135899 51738
1447632000 10 569 12 661
1447545600 173 576 43536 3796
1447459200 1465 2412 44057 97979
1447372800 1062 1735 43774 44699
1447286400 568 1741 43427 51834
1447200000 1057 13715 42229 1254074
1447113600 1055 2241 47446 76079
1447027200 10 387 12 659
1446940800 171 432 43292 8038
1446854400 791 1727 61034 43880
1446768000 486 1602 42685 15377
1446681600 1777 2561 118974 28529
1446595200 1216 2348 55471 50167
1446508800 988 6469 42658 1198742
1446422400 10 458 12 617
1446336000 162 511 41851 11500
1446249600 2356 3005 161152 236464
1446163200 751 1690 84055 90168
1446076800 741 5026 41429 922510
1445990400 10 647 12 1380
1445904000 10 612 12 1270
1445817600 10 421 12 503
1445731200 9 428 12 612
1445644800 1065 3022 96634 157688
1445558400 1547 3218 57263 130719
1445472000 1720 1657 276397 33814
1445385600 892 3920 36659 323456
1445299200 859 2231 17191 76163
1445212800 10 480 12 589
1445126400 10 444 12 551
1445040000 944 1763 37294 44051
1444953600 3700 7384 186601 522541
1444867200 3555 16358 153063 1399180
1444780800 1412 8944 204022 1173332
1444694400 10 378 12 651
1444608000 9 400 12 915
1444521600 144 448 36292 5875
1444435200 664 1565 35674 26427
1444348800 907 3266 35900 108738
1444262400 631 1680 35668 43766
1444176000 1145 6689 47652 811826
1444089600 10 663 38 1554
1444003200 10 488 12 580
1443916800 144 514 35583 3846
1443830400 424 1379 35606 25834
1443744000 1386 2263 204785 41556
1443657600 2701 7263 75227 159488
1443571200 560 1813 34906 133036
1443484800 812 2119 41703 64642
1443398400 10 696 29 1004
1443312000 138 690 34582 7268
1443225600 886 6239 43221 880393
1443139200 713 1940 33790 26204
1443052800 606 1441 33731 13919
1442966400 944 2461 33590 43959
1442880000 741 6777 29598 1192841
1442793600 10 566 12 839
1442707200 143 620 33623 2107
1442620800 439 1936 33197 84172
1442534400 3829 8680 337434 478471
1442448000 2385 5227 116716 589521
1442361600 862 2299 30885 52957
1442275200 8051 12773 1307690 1713531
1442188800 10 394 12 686
1442102400 126 511 30292 7791
1442016000 292 858 11790 13347
1441929600 8 648 19 1616
1441843200 8 714 25 1938
1441756800 8 665 22 1565
1441670400 5 313 23 481
1441584000 5 316 23 504
1441497600 8 422 23 755
1441411200 9 695 26 1469
1441324800 142 895 5369 15343
1441238400 449 1203 32930 12995
1441152000 842 3300 20773 78820
1441065600 655 1781 26749 64701
1440979200 10 442 12 517
1440892800 10 442 12 513
1440806400 10 635 12 1679
1440720000 10 730 34 1545
1440633600 10 893 12 2320
1440547200 10 859 12 1928
1440460800 10 751 45 1624
1440374400 10 418 14 463
1440288000 9 422 12 1010
1440201600 10 829 12 2220
1440115200 8 743 36 1948
1440028800 9 993 12 2541
1439942400 9 851 23 2156
1439856000 10 710 12 1705
1439769600 9 397 22 453
1439683200 9 394 23 491
1439596800 9 651 12 1271
1439510400 10 708 12 1421
1439424000 591 2870 41829 172749
1439337600 443 1721 10808 66481
1439251200 476 1401 34674 60067
1439164800 9 411 18 483
1439078400 9 409 23 513
1438992000 10 668 12 1688
1438905600 10 798 587 1626
1438819200 9 708 12 1803
1438732800 9 778 12 2132
1438646400 10 423 12 751
1438560000 10 402 12 529
1438473600 10 402 12 467
1438387200 10 737 12 1648
1438300800 10 838 12 1985
1438214400 612 1790 145821 132758
1438128000 10 841 23 2047
1438041600 10 697 12 1953
1437955200 9 370 12 423
1437868800 10 379 12 913
1437782400 10 671 25 1806
1437696000 22 713 3464 4917
1437609600 186 1013 4329 7531
1437523200 887 2179 52669 67951
1437436800 862 1071 151972 29734
1437350400 8 379 12 438
1437264000 10 388 12 491
1437177600 52336 1847 8762259 218624
1437091200 11 625 624 1430
1437004800 6 753 24 2332
1436918400 7 649 29 1812
1436832000 9 571 26 1406
1436745600 2 150 35 415
1436659200 8 322 22 443
1436572800 10 596 12 1435
1436486400 9 654 12 1402
1436400000 10 742 12 2129
1436313600 9 690 27 1714
1436227200 10 663 12 1642
1436140800 10 376 12 426
1436054400 10 378 29 431
1435968000 10 567 12 1214
1435881600 10 576 12 1521
1435795200 10 378 12 632
1435708800 1090 3895 18771 99089
1435622400 1587 8116 71213 461949
1435536000 10 509 12 605
1435449600 10 523 12 767
1435363200 10 805 34 2018
1435276800 10 702 12 1676
1435190400 12737 925 2716271 49529
1435104000 10 637 12 1570
1435017600 10 651 12 1591
1434931200 10 362 34 571
1434844800 10 372 12 512
1434758400 10 658 12 1398
1434672000 9 660 12 1649
1434585600 10 690 12 1651
1434499200 10 679 12 1748
1434412800 9 594 12 1447
1434326400 10 407 12 461
1434240000 10 411 17 685
1434153600 525 1009 82222 71011
1434067200 772 2592 29377 92116
1433980800 884 3396 26291 265725
1433894400 26395 83734 1385135 5724084
1433808000 25 551 498 1505
1433721600 24 277 476 402
1433635200 24 283 473 757
1433548800 26 582 503 5268
1433462400 25 587 480 1517
1433376000 25 601 509 1411
1433289600 24 601 469 7520
1433203200 553 11076 86404 2524477
1433116800 20 241 512 886
1433030400 43 811 6350 101126
1432944000 18 629 427 5193
1432857600 163 2046 14185 404157
1432771200 999 40150 194879 8867462
1432684800 10 579 12 1509
1432598400 10 444 17 1196
1432512000 10 212 12 252
1432425600 10 212 12 336
1432339200 10 507 12 1235
1432252800 10 562 12 1419
1432166400 10 489 12 1216
1432080000 10 469 12 1300
1431993600 10 207 12 356
1431907200 10 200 12 250
1431820800 10 201 27 276
1431734400 419 1001 84158 62835
1431648000 741 2379 92749 91816
1431561600 1062 3169 83944 122920
1431475200 1224 15925 88181 2769681
1431388800 101 529 580 4603
1431302400 147 317 6238 5781
1431216000 27 100 305 5867
1431129600 0 0 0 0
1431043200 0 0 0 0
1430956800 0 0 0 0
1430870400 0 0 0 0
1430784000 0 0 0 0
1430697600 0 0 0 0
1430611200 0 0 0 0
1430524800 0 0 0 0
1430438400 0 0 0 0
1430352000 6 22 231 705
1430265600 2423 2032 294261 49034
1430179200 592 1597 11150 130716
1430092800 10 281 12 542
1430006400 10 308 12 1050
1429920000 1561 1551 290567 76269
1429833600 4966 5133 594764 644335
1429747200 10 515 12 1477
1429660800 1323 2250 14959 26160
1429574400 1960 5081 43172 303049
1429488000 10 367 12 570
1429401600 10 350 12 474
1429315200 10 533 12 1270
1429228800 778 11022 25805 1002040
1429142400 2306 19587 294638 823402
1429056000 1013 818 184725 6929
1428969600 1197 2095 173522 273997
1428883200 10 251 12 454
1428796800 10 248 12 632
1428710400 1570 6136 77045 1108598
1428624000 11 789 34 2118
1428537600 9 485 12 1348
1428451200 10 445 12 1124
1428364800 9 448 12 1602
1428278400 10 189 12 257
1428192000 10 187 12 339
1428105600 9 198 12 710
1428019200 10 490 12 1642
1427932800 10 615 23 2311
1427846400 10 493 12 1756
1427760000 10 447 12 1386
1427673600 10 269 12 764
1427587200 10 269 12 431
1427500800 2267 2696 273367 134023
1427414400 2210 2540 87471 25719
1427328000 10 492 12 1269
1427241600 1465 1223 193571 15979
1427155200 2110 3191 39614 25082
1427068800 25 1386 28 1444
1426982400 19 951 28 1405
1426896000 2446 5476 274839 695593
1426809600 2232 4294 217161 99384
1426723200 9 567 12 2474
1426636800 1446 3250 138926 306466
1426550400 1039 1700 27010 54858
1426464000 10 221 12 331
1426377600 10 222 12 325
1426291200 2636 5327 272344 302431
1426204800 1168 2128 79128 129081
1426118400 10 505 12 2238
1426032000 1830 2431 267000 193133
1425945600 1444 2315 180700 134407
1425859200 10 209 12 292
1425772800 9 206 12 351
1425686400 2001 2829 265043 131135
1425600000 942 1527 20292 30178
1425513600 10 431 12 1813
1425427200 3707 4097 199489 113614
1425340800 594 1408 14497 38099
1425254400 9 176 12 233
1425168000 10 173 12 212
1425081600 1667 1240 219161 34825
1424995200 1825 2999 205846 344208
1424908800 1267 2370 18219 63192
1424822400 10 530 12 1414
1424736000 10 449 12 2260
1424649600 10 169 12 230
1424563200 10 169 12 213
1424476800 10 505 12 1708
1424390400 10 495 12 1634
1424304000 9 569 12 1651
1424217600 10 434 12 1499
1424131200 10 168 12 341
1424044800 10 170 12 291
1423958400 10 177 17 310
1423872000 10 485 12 1534
1423785600 925 1873 27698 36538
1423699200 10 454 12 1458
1423612800 2456 2763 219667 52634
1423526400 739 1420 12382 48708
1423440000 10 181 12 227
1423353600 9 241 12 18001
1423267200 1565 1441 257617 30879
1423180800 711 1467 12175 16874
1423094400 9 539 12 1817
1423008000 595 1663 34843 65161
1422921600 10 403 12 1605
1422835200 10 169 12 244
1422748800 10 174 12 807
1422662400 1333 1493 259444 50303
1422576000 2301 3275 253316 301881
1422489600 1903 2911 251701 142932
1422403200 755 1995 35069 106590
1422316800 10 439 12 1512
1422230400 10 174 38 400
1422144000 10 172 12 302
1422057600 9 487 12 1649
1421971200 691 1234 40017 32266
1421884800 10 665 12 2109
1421798400 2036 2155 250443 46384
1421712000 675 6253 22870 933103
1421625600 10 173 12 206
1421539200 10 173 12 385
1421452800 2201 4068 249965 386969
1421366400 779 1684 12228 17341
1421280000 9 589 12 4527
1421193600 1923 2639 248806 106207
1421107200 564 1271 27098 12901
1421020800 10 348 12 1243
1420934400 10 331 12 844
1420848000 1933 1963 247540 26192
1420761600 889 1641 12296 17434
1420675200 10 670 12 2107
1420588800 1604 1845 246462 31348
1420502400 717 1932 12003 70326
1420416000 10 312 12 576
1420329600 9 319 12 847
1420243200 10 436 12 2468
1420156800 10 271 12 1435
1420070400 10 307 12 1201
1419984000 1763 1215 245864 16693
1419897600 371 1690 10272 106980
1419811200 10 157 49 204
1419724800 10 157 12 198
1419638400 10 157 12 194
1419552000 10 157 14 194
1419465600 10 158 12 239
1419379200 9 455 12 1378
1419292800 5318 1957 520467 49266
1419206400 10 171 12 461
1419120000 10 164 12 293
1419033600 10 500 12 1757
1418947200 1558 1538 242869 41435
1418860800 1970 1390 242734 29011
1418774400 1621 6495 241434 883882
1418688000 485 1908 11841 107003
1418601600 10 280 12 396
1418515200 10 272 12 511
1418428800 10 487 12 2709
1418342400 1793 1529 239812 13339
1418256000 10 583 12 2130
1418169600 2083 2111 238633 53299
1418083200 669 1382 31185 16984
1417996800 10 178 12 438
1417910400 10 178 12 431
1417824000 2562 2042 238040 119623
1417737600 827 2426 12567 106760
1417651200 10 510 12 1446
1417564800 1809 1527 233177 57482
1417478400 778 5416 18366 757817
1417392000 10 183 12 337
1417305600 10 185 12 416
1417219200 10 649 12 1467
1417132800 450 1521 8885 26809
1417046400 10 982 12 2376
1416960000 1895 3628 229673 387145
1416873600 783 2150 11848 85826
1416787200 10 231 12 954
1416700800 10 222 12 1054
1416614400 10 540 26 1551
1416528000 10 669 12 1752
1416441600 10 504 12 1920
1416355200 10 371 12 1324
1416268800 10 401 12 1298
1416182400 10 199 34 247
1416096000 10 198 12 348
1416009600 2919 8099 222271 1034775
1415923200 803 5449 59808 363605
1415836800 9 627 12 2076
1415750400 1726 2473 218982 135287
1415664000 869 1673 12041 26541
1415577600 10 181 25 266
1415491200 10 190 12 416
1415404800 469 1116 10483 12941
1415318400 10 524 12 1579
1415232000 10 521 26 1430
1415145600 10 475 12 1225
1415059200 10 426 12 1183
1414972800 9 312 12 410
1414886400 10 311 12 517
1414800000 1355 1667 217969 78944
1414713600 1434 2162 36164 20933
1414627200 10 737 12 1700
1414540800 1346 1486 149336 18928
1414454400 959 5167 21418 432916
1414368000 10 306 12 466
1414281600 10 315 11 733
1414195200 10 461 11 967
1414108800 10 529 11 1334
1414022400 10 568 12 1928
1413936000 10 525 11 1634
1413849600 10 480 11 1486
1413763200 10 285 11 464
1413676800 10 284 11 365
1413590400 10 384 12 1235
1413504000 2085 3102 207932 309989
1413417600 2980 11903 206757 973796
1413331200 1658 4531 77687 373138
1413244800 10 375 12 557
1413158400 9 367 12 509
1413072000 10 367 12 509
1412985600 2324 3056 208812 91253
1412899200 892 2431 12171 227942
1412812800 10 588 12 1679
1412726400 1570 2073 201805 88147
1412640000 1906 4226 184615 215089
1412553600 10 309 25 1001
1412467200 10 304 12 606
1412380800 10 540 12 1143
1412294400 1815 3167 22791 144552
1412208000 10 489 23 1363
1412121600 2176 2503 197877 32100
1412035200 1013 1374 113536 28425
1411948800 10 412 12 558
1411862400 10 413 12 635
1411776000 2429 2567 196879 30707
1411689600 1360 2227 49012 57174
1411603200 10 566 12 1597
1411516800 2482 7987 192590 868511
1411430400 2397 1845 176409 41864
1411344000 9 404 12 7068
1411257600 10 364 12 628
1411171200 1739 1919 191155 22930
1411084800 4093 4616 310178 257324
1410998400 1256 1516 189283 64865
1410912000 1696 2173 189816 49480
1410825600 3800 2470 791337 61578
1410739200 10 314 34 631
1410652800 10 375 12 801
1410566400 10 463 12 1019
1410480000 10 512 12 1333
1410393600 9 537 12 1255
1410307200 10 544 14 1509
1410220800 10 475 11 1255
1410134400 10 332 11 596
1410048000 10 350 28 1330
1409961600 727 1227 10209 10702
1409875200 1258 1848 12489 16895
1409788800 1427 5444 16865 544886
1409702400 3559 73209 128022 531323
1409616000 10 317 12 494
1409529600 9 305 12 429
1409443200 10 340 12 735
1409356800 10 461 12 1882
1409270400 835 1354 11755 12705
1409184000 571 1690 12009 102488
1409097600 1354 2080 12327 39996
1409011200 1446 3875 17120 115414
1408924800 10 199 12 302
1408838400 10 197 12 422
1408752000 10 388 12 1220
1408665600 10 412 12 1286
1408579200 10 418 12 1500
1408492800 10 479 12 1264
1408406400 10 353 12 1021
1408320000 10 180 12 226
1408233600 10 181 12 442
1408147200 10 388 12 1210
1408060800 9 460 12 1302
1407974400 9 527 12 4263
1407888000 210 614 11110 11582
1407801600 23 331 2510 2813
1407715200 10 161 11 228
1407628800 10 161 14 264
1407542400 1317 1842 14733 19647
1407456000 553 1074 26343 26803
1407369600 1671 3645 22588 273562
1407283200 9833 344795 309375 12199916
1407196800 10 318 12 568
1407110400 10 298 17 400
1407024000 10 298 12 428
1406937600 9 410 12 1090
1406851200 3279 1615 465894 20340
1406764800 3228 4570 589371 841478
1406678400 3439 1862 492529 21504
1406592000 1154 1792 186597 174022
1406505600 10 324 12 467
1406419200 10 335 12 458
1406332800 32 389 5344 14336
1406246400 10 423 12 1184
1406160000 9 476 12 1201
1406073600 10 513 12 1346
1405987200 694 1214 13081 21529
1405900800 9 337 12 664
1405814400 10 341 12 476
1405728000 9 420 12 1063
1405641600 848 1412 18868 15595
1405555200 10 448 28 981
1405468800 3163 1912 539924 44087
1405382400 808 1149 16864 12851
1405296000 10 174 12 216
1405209600 10 184 12 373
1405123200 9 275 12 970
1405036800 2835 1032 566624 24645
1404950400 4221 6216 606135 770399
1404864000 3340 1377 659831 37863
1404777600 537 697 28263 9581
1404691200 10 192 12 281
1404604800 10 189 12 251
1404518400 9 376 12 1235
1404432000 3052 1246 616482 26901
1404345600 840 1140 24459 14931
1404259200 10 232 12 618
1404172800 15 304 2075 2430
1404086400 10 211 17 264
1404000000 10 212 12 309
1403913600 10 287 12 854
1403827200 3620 2188 662970 29008
1403740800 3191 1525 660718 28855
1403654400 3323 1657 663150 28950
1403568000 1745 2711 12758 14613
1403481600 10 230 23 543
1403395200 10 233 29 324
1403308800 2686 1044 659521 27508
1403222400 3205 1496 659026 27901
1403136000 3372 1701 661190 28995
1403049600 2857 1190 661948 44913
1402963200 1311 1847 11901 16399
1402876800 10 496 12 815
1402790400 10 414 12 694
1402704000 10 553 12 1342
1402617600 3373 1957 665878 44146
1402531200 10 521 12 1008
1402444800 10 546 12 1768
1402358400 10 601 12 1602
1402272000 9 459 12 866
1402185600 10 460 12 718
1402099200 10 466 12 1594
1402012800 1005 5257 27443 902103
1401926400 9 416 12 1212
1401840000 10 405 12 1195
1401753600 9 402 12 1191
1401667200 9 187 12 222
1401580800 10 186 12 267
1401494400 478 1327 10053 60492
1401408000 435 684 56186 14605
1401321600 782 755 107388 44985
1401235200 0 0 0 0
1401148800 0 0 0 0
1401062400 0 0 0 0
1400976000 0 0 0 0
1400889600 0 0 30 417
1400803200 0 0 0 0
1400716800 0 0 0 0
1400630400 0 0 0 0
1400544000 0 0 0 0
1400457600 0 0 0 0
1400371200 0 0 0 0
1400284800 0 0 0 0
1400198400 0 0 0 0
1400112000 0 0 0 0
1400025600 0 0 0 0
1399939200 0 0 0 0
1399852800 0 0 0 0
1399766400 0 0 0 0
1399680000 0 0 0 0
1399593600 0 0 0 0
1399507200 0 0 0 0
1399420800 0 0 0 0
1399334400 0 0 0 0
1399248000 0 0 0 0
1399161600 0 0 0 0
1399075200 0 0 0 0
1398988800 0 0 0 0
1398902400 0 0 0 0
1398816000 0 0 0 0
1398729600 0 0 0 0
1398643200 0 0 0 0
1398556800 0 0 0 0
1398470400 0 0 0 0
1398384000 0 0 0 0
1398297600 0 0 0 0
1398211200 0 0 0 0
1398124800 0 0 0 0
1398038400 0 0 0 0
1397952000 0 0 0 0
1397865600 0 0 0 0
1397779200 0 0 0 0
1397692800 0 0 0 0
1397606400 0 0 0 0
1397520000 0 0 0 0
1397433600 0 0 0 0
1397347200 0 0 0 0
1397260800 0 0 0 0
1397174400 0 0 0 0
1397088000 0 0 0 0
1397001600 0 0 0 0
1396915200 0 0 0 0
1396828800 0 0 0 0
1396742400 0 0 0 0
1396656000 0 0 0 0
1396569600 0 0 0 0
1396483200 0 0 0 0
1396396800 0 0 0 0
1396310400 0 0 0 0
1396224000 0 0 0 0
1396137600 0 0 0 0
1396051200 0 0 0 0
1395964800 0 0 0 0
1395878400 0 0 0 0
1395792000 0 0 0 0
1395705600 0 0 0 0
1395619200 0 0 0 0
1395532800 0 0 0 0
1395446400 0 0 0 0
1395360000 0 0 0 0
1395273600 0 0 0 0
1395187200 0 0 0 0
1395100800 0 0 0 0
1395014400 0 0 0 0
1394928000 0 0 0 0
1394841600 0 0 0 0
1394755200 0 0 0 0
1394668800 0 0 0 0
1394582400 0 0 0 0
1394496000 0 0 0 0
1394409600 0 0 0 0
1394323200 0 0 0 0
1394236800 0 0 0 0
1394150400 0 0 0 0
1394064000 0 0 0 0
1393977600 0 0 0 0
1393891200 0 0 0 0
1393804800 0 0 0 0
1393718400 0 0 0 0
1393632000 0 0 0 0
1393545600 0 0 0 0
1393459200 0 0 0 0
1393372800 0 0 0 0
1393286400 0 0 0 0
1393200000 0 0 0 0
1393113600 0 0 0 0
1393027200 0 0 0 0
1392940800 0 0 0 0
1392854400 0 0 0 0
1392768000 0 0 0 0
1392681600 0 0 0 0
1392595200 0 0 0 0
1392508800 0 0 0 0
1392422400 0 0 0 0
1392336000 0 0 0 0
1392249600 0 0 0 0
1392163200 0 0 0 0
1392076800 0 0 0 0
1391990400 0 0 0 0
1391904000 0 0 0 0
1391817600 0 0 0 0
