1460685973 -1 -1
1460685973 0 0 0 0
1460602034 0 0 0 0
1460601900 0 0 0 0
1460601600 0 0 0 0
1460601300 0 0 0 0
1460601000 0 0 0 0
1460600700 0 0 0 0
1460600400 0 0 0 0
1460600100 0 0 0 0
1460599800 0 0 0 0
1460599500 0 0 0 0
1460599200 0 0 0 0
1460598900 0 0 0 0
1460598600 0 0 0 0
1460598300 0 0 0 0
1460598000 0 0 0 0
1460597700 0 0 0 0
1460597400 0 0 0 0
1460597100 0 0 0 0
1460596800 0 0 0 0
1460596500 0 0 0 0
1460596200 0 0 0 0
1460595900 0 0 0 0
1460595600 0 0 0 0
1460595300 0 0 0 0
1460595000 0 0 0 0
1460594700 0 0 0 0
1460594400 0 0 0 0
1460594100 0 0 0 0
1460593800 0 0 0 0
1460593500 0 0 0 0
1460593200 0 0 0 0
1460592900 0 0 0 0
1460592600 0 0 0 0
1460592300 0 0 0 0
1460592000 0 0 0 0
1460591700 0 0 0 0
1460591400 0 0 0 0
1460591100 0 0 0 0
1460590800 0 0 0 0
1460590500 0 0 0 0
1460590200 0 0 0 0
1460589900 0 0 0 0
1460589600 0 0 0 0
1460589300 0 0 0 0
1460589000 0 0 0 0
1460588700 0 0 0 0
1460588400 0 0 0 0
1460588100 0 0 0 0
1460587800 0 0 0 0
1460587500 0 0 0 0
1460587200 0 0 0 0
1460586900 0 0 0 0
1460586600 0 0 0 0
1460586300 0 0 0 0
1460586000 0 0 0 0
1460585700 0 0 0 0
1460585400 0 0 0 0
1460585100 0 0 0 0
1460584800 0 0 0 0
1460584500 0 0 0 0
1460584200 0 0 0 0
1460583900 0 0 0 0
1460583600 0 0 0 0
1460583300 0 0 0 0
1460583000 0 0 0 0
1460582700 0 0 0 0
1460582400 0 0 0 0
1460582100 0 0 0 0
1460581800 0 0 0 0
1460581500 0 0 0 0
1460581200 0 0 0 0
1460580900 0 0 0 0
1460580600 0 0 0 0
1460580300 0 0 0 0
1460580000 0 0 0 0
1460579700 0 0 0 0
1460579400 0 0 0 0
1460579100 0 0 0 0
1460578800 0 0 0 0
1460578500 0 0 0 0
1460578200 0 0 0 0
1460577900 0 0 0 0
1460577600 0 0 0 0
1460577300 0 0 0 0
1460577000 0 0 0 0
1460576700 0 0 0 0
1460576400 0 0 0 0
1460576100 0 0 0 0
1460575800 0 0 0 0
1460575500 0 0 0 0
1460575200 0 0 0 0
1460574900 0 0 0 0
1460574600 0 0 0 0
1460574300 0 0 0 0
1460574000 0 0 0 0
1460573700 0 0 0 0
1460573400 0 0 0 0
1460573100 0 0 0 0
1460572800 0 0 0 0
1460572500 0 0 0 0
1460572200 0 0 0 0
1460571900 0 0 0 0
1460571600 0 0 0 0
1460571300 0 0 0 0
1460571000 0 0 0 0
1460570700 0 0 0 0
1460570400 0 0 0 0
1460570100 0 0 0 0
1460569800 0 0 0 0
1460569500 0 0 0 0
1460569200 0 0 0 0
1460568900 0 0 0 0
1460568600 0 0 0 0
1460568300 0 0 0 0
1460568000 0 0 0 0
1460567700 0 0 0 0
1460567400 0 0 0 0
1460567100 0 0 0 0
1460566800 0 0 0 0
1460566500 0 0 0 0
1460566200 0 0 0 0
1460565900 0 0 0 0
1460565600 0 0 0 0
1460565300 0 0 0 0
1460565000 0 0 0 0
1460564700 0 0 0 0
1460564400 0 0 0 0
1460564100 0 0 0 0
1460563800 0 0 0 0
1460563500 0 0 0 0
1460563200 0 0 0 0
1460562900 0 0 0 0
1460562600 0 0 0 0
1460562300 0 0 0 0
1460562000 0 0 0 0
1460561700 0 0 0 0
1460561400 0 0 0 0
1460561100 0 0 0 0
1460560800 0 0 0 0
1460560500 0 0 0 0
1460560200 0 0 0 0
1460559900 0 0 0 0
1460559600 0 0 0 0
1460559300 0 0 0 0
1460559000 0 0 0 0
1460558700 0 0 0 0
1460558400 0 0 0 0
1460558100 0 0 0 0
1460557800 0 0 0 0
1460557500 0 0 0 0
1460557200 0 0 0 0
1460556900 0 0 0 0
1460556600 0 0 0 0
1460556300 0 0 0 0
1460556000 0 0 0 0
1460555700 0 0 0 0
1460555400 0 0 0 0
1460555100 0 0 0 0
1460554800 0 0 0 0
1460554500 0 0 0 0
1460554200 0 0 0 0
1460553900 0 0 0 0
1460553600 0 0 0 0
1460553300 0 0 0 0
1460553000 0 0 0 0
1460552700 0 0 0 0
1460552400 0 0 0 0
1460552100 0 0 0 0
1460551800 0 0 0 0
1460551500 0 0 0 0
1460551200 0 0 0 0
1460550900 0 0 0 0
1460550600 0 0 0 0
1460550300 0 0 0 0
1460550000 0 0 0 0
1460549700 0 0 0 0
1460549400 0 0 0 0
1460549100 0 0 0 0
1460548800 0 0 0 0
1460548500 0 0 0 0
1460548200 0 0 0 0
1460547900 0 0 0 0
1460547600 0 0 0 0
1460547300 0 0 0 0
1460547000 0 0 0 0
1460546700 0 0 0 0
1460546400 0 0 0 0
1460546100 0 0 0 0
1460545800 0 0 0 0
1460545500 0 0 0 0
1460545200 0 0 0 0
1460544900 0 0 0 0
1460544600 0 0 0 0
1460544300 0 0 0 0
1460544000 0 0 0 0
1460543700 0 0 0 0
1460543400 0 0 0 0
1460543100 0 0 0 0
1460542800 0 0 0 0
1460542500 0 0 0 0
1460542200 0 0 0 0
1460541900 0 0 0 0
1460541600 0 0 0 0
1460541300 0 0 0 0
1460541000 0 0 0 0
1460540700 0 0 0 0
1460540400 0 0 0 0
1460540100 0 0 0 0
1460539800 0 0 0 0
1460539500 0 0 0 0
1460539200 0 0 0 0
1460538900 0 0 0 0
1460538600 0 0 0 0
1460538300 0 0 0 0
1460538000 0 0 0 0
1460537700 0 0 0 0
1460537400 0 0 0 0
1460537100 0 0 0 0
1460536800 0 0 0 0
1460536500 0 0 0 0
1460536200 0 0 0 0
1460535900 0 0 0 0
1460535600 0 0 0 0
1460535300 0 0 0 0
1460535000 0 0 0 0
1460534700 0 0 0 0
1460534400 0 0 0 0
1460534100 0 0 0 0
1460533800 0 0 0 0
1460533500 0 0 0 0
1460533200 0 0 0 0
1460532900 0 0 0 0
1460532600 0 0 0 0
1460532300 0 0 0 0
1460532000 0 0 0 0
1460531700 0 0 0 0
1460531400 0 0 0 0
1460531100 0 0 0 0
1460530800 0 0 0 0
1460530500 0 0 0 0
1460530200 0 0 0 0
1460529900 0 0 0 0
1460529600 0 0 0 0
1460529300 0 0 0 0
1460529000 0 0 0 0
1460528700 0 0 0 0
1460528400 0 0 0 0
1460528100 0 0 0 0
1460527800 0 0 0 0
1460527500 0 0 0 0
1460527200 0 0 0 0
1460526900 0 0 0 0
1460526600 0 0 0 0
1460526300 0 0 0 0
1460526000 0 0 0 0
1460525700 0 0 0 0
1460525400 0 0 0 0
1460525100 0 0 0 0
1460524800 0 0 0 0
1460524500 0 0 0 0
1460524200 0 0 0 0
1460523900 0 0 0 0
1460523600 0 0 0 0
1460523300 0 0 0 0
1460523000 0 0 0 0
1460522700 0 0 0 0
1460522400 0 0 0 0
1460522100 0 0 0 0
1460521800 0 0 0 0
1460521500 0 0 0 0
1460521200 0 0 0 0
1460520900 0 0 0 0
1460520600 0 0 0 0
1460520300 0 0 0 0
1460520000 0 0 0 0
1460519700 0 0 0 0
1460519400 0 0 0 0
1460519100 0 0 0 0
1460518800 0 0 0 0
1460518500 0 0 0 0
1460518200 0 0 0 0
1460517900 0 0 0 0
1460517600 0 0 0 0
1460517300 0 0 0 0
1460517000 0 0 0 0
1460516700 0 0 0 0
1460516400 0 0 0 0
1460516100 0 0 0 0
1460515800 0 0 0 0
1460515500 0 0 0 0
1460515200 0 0 0 0
1460514900 0 0 0 0
1460514600 0 0 0 0
1460514300 0 0 0 0
1460514000 0 0 0 0
1460513700 0 0 0 0
1460513400 0 0 0 0
1460513100 0 0 0 0
1460512800 0 0 0 0
1460512500 0 0 0 0
1460512200 0 0 0 0
1460511900 0 0 0 0
1460511600 0 0 0 0
1460511300 0 0 0 0
1460511000 0 0 0 0
1460510700 0 0 0 0
1460510400 0 0 0 0
1460510100 0 0 0 0
1460509800 0 0 0 0
1460509500 0 0 0 0
1460509200 0 0 0 0
1460508900 0 0 0 0
1460508600 0 0 0 0
1460508300 0 0 0 0
1460508000 0 0 0 0
1460507700 0 0 0 0
1460507400 0 0 0 0
1460507100 0 0 0 0
1460506800 0 0 0 0
1460506500 0 0 0 0
1460506200 0 0 0 0
1460505900 0 0 0 0
1460505600 0 0 0 0
1460505300 0 0 0 0
1460505000 0 0 0 0
1460504700 0 0 0 0
1460504400 0 0 0 0
1460504100 0 0 0 0
1460503800 0 0 0 0
1460503500 0 0 0 0
1460503200 0 0 0 0
1460502900 0 0 0 0
1460502600 0 0 0 0
1460502300 0 0 0 0
1460502000 0 0 0 0
1460501700 0 0 0 0
1460501400 0 0 0 0
1460501100 0 0 0 0
1460500800 0 0 0 0
1460500500 0 0 0 0
1460500200 0 0 0 0
1460499900 0 0 0 0
1460499600 0 0 0 0
1460499300 0 0 0 0
1460499000 0 0 0 0
1460498700 0 0 0 0
1460498400 0 0 0 0
1460498100 0 0 0 0
1460497800 0 0 0 0
1460497500 0 0 0 0
1460497200 0 0 0 0
1460496900 0 0 0 0
1460496600 0 0 0 0
1460496300 0 0 0 0
1460496000 0 0 0 0
1460495700 0 0 0 0
1460495400 0 0 0 0
1460495100 0 0 0 0
1460494800 0 0 0 0
1460494500 0 0 0 0
1460494200 0 0 0 0
1460493900 0 0 0 0
1460493600 0 0 0 0
1460493300 0 0 0 0
1460493000 0 0 0 0
1460492700 0 0 0 0
1460492400 0 0 0 0
1460492100 0 0 0 0
1460491800 0 0 0 0
1460491500 0 0 0 0
1460491200 0 0 0 0
1460490900 0 0 0 0
1460490600 0 0 0 0
1460490300 0 0 0 0
1460490000 0 0 0 0
1460489700 0 0 0 0
1460489400 0 0 0 0
1460489100 0 0 0 0
1460488800 0 0 0 0
1460488500 0 0 0 0
1460488200 0 0 0 0
1460487900 0 0 0 0
1460487600 0 0 0 0
1460487300 0 0 0 0
1460487000 0 0 0 0
1460486700 0 0 0 0
1460486400 0 0 0 0
1460486100 0 0 0 0
1460485800 0 0 0 0
1460485500 0 0 0 0
1460485200 0 0 0 0
1460484900 0 0 0 0
1460484600 0 0 0 0
1460484300 0 0 0 0
1460484000 0 0 0 0
1460483700 0 0 0 0
1460483400 0 0 0 0
1460483100 0 0 0 0
1460482800 0 0 0 0
1460482500 0 0 0 0
1460482200 0 0 0 0
1460481900 0 0 0 0
1460481600 0 0 0 0
1460481300 0 0 0 0
1460481000 0 0 0 0
1460480700 0 0 0 0
1460480400 0 0 0 0
1460480100 0 0 0 0
1460479800 0 0 0 0
1460479500 0 0 0 0
1460479200 0 0 0 0
1460478900 0 0 0 0
1460478600 0 0 0 0
1460478300 0 0 0 0
1460478000 0 0 0 0
1460477700 0 0 0 0
1460477400 0 0 0 0
1460477100 0 0 0 0
1460476800 0 0 0 0
1460476500 0 0 0 0
1460476200 0 0 0 0
1460475900 0 0 0 0
1460475600 0 0 0 0
1460475300 0 0 0 0
1460475000 0 0 0 0
1460474700 0 0 0 0
1460474400 0 0 0 0
1460474100 0 0 0 0
1460473800 0 0 0 0
1460473500 0 0 0 0
1460473200 0 0 0 0
1460472900 0 0 0 0
1460472600 0 0 0 0
1460472300 0 0 0 0
1460472000 0 0 0 0
1460471700 0 0 0 0
1460471400 0 0 0 0
1460471100 0 0 0 0
1460470800 0 0 0 0
1460470500 0 0 0 0
1460470200 0 0 0 0
1460469900 0 0 0 0
1460469600 0 0 0 0
1460469300 0 0 0 0
1460469000 0 0 0 0
1460468700 0 0 0 0
1460468400 0 0 0 0
1460468100 0 0 0 0
1460467800 0 0 0 0
1460467500 0 0 0 0
1460467200 0 0 0 0
1460466900 0 0 0 0
1460466600 0 0 0 0
1460466300 0 0 0 0
1460466000 0 0 0 0
1460465700 0 0 0 0
1460465400 0 0 0 0
1460465100 0 0 0 0
1460464800 0 0 0 0
1460464500 0 0 0 0
1460464200 0 0 0 0
1460463900 0 0 0 0
1460463600 0 0 0 0
1460463300 0 0 0 0
1460463000 0 0 0 0
1460462700 0 0 0 0
1460462400 0 0 0 0
1460462100 0 0 0 0
1460461800 0 0 0 0
1460461500 0 0 0 0
1460461200 0 0 0 0
1460460900 0 0 0 0
1460460600 0 0 0 0
1460460300 0 0 0 0
1460460000 0 0 0 0
1460459700 0 0 0 0
1460459400 0 0 0 0
1460459100 0 0 0 0
1460458800 0 0 0 0
1460458500 0 0 0 0
1460458200 0 0 0 0
1460457900 0 0 0 0
1460457600 0 0 0 0
1460457300 0 0 0 0
1460457000 0 0 0 0
1460456700 0 0 0 0
1460456400 0 0 0 0
1460456100 0 0 0 0
1460455800 0 0 0 0
1460455500 0 0 0 0
1460455200 0 0 0 0
1460454900 0 0 0 0
1460454600 0 0 0 0
1460454300 0 0 0 0
1460454000 0 0 0 0
1460453700 0 0 0 0
1460453400 0 0 0 0
1460453100 0 0 0 0
1460452800 0 0 0 0
1460452500 0 0 0 0
1460452200 0 0 0 0
1460451900 0 0 0 0
1460451600 0 0 0 0
1460451300 0 0 0 0
1460451000 0 0 0 0
1460450700 0 0 0 0
1460450400 0 0 0 0
1460450100 0 0 0 0
1460449800 0 0 0 0
1460449500 0 0 0 0
1460449200 0 0 0 0
1460448900 0 0 0 0
1460448600 0 0 0 0
1460448300 0 0 0 0
1460448000 0 0 0 0
1460447700 0 0 0 0
1460447400 0 0 0 0
1460447100 0 0 0 0
1460446800 0 0 0 0
1460446500 0 0 0 0
1460446200 0 0 0 0
1460445900 0 0 0 0
1460445600 0 0 0 0
1460445300 0 0 0 0
1460445000 0 0 0 0
1460444700 0 0 0 0
1460444400 0 0 0 0
1460444100 0 0 0 0
1460443800 0 0 0 0
1460443500 0 0 0 0
1460443200 0 0 0 0
1460442900 0 0 0 0
1460442600 0 0 0 0
1460442300 0 0 0 0
1460442000 0 0 0 0
1460441700 0 0 0 0
1460441400 0 0 0 0
1460441100 0 0 0 0
1460440800 0 0 0 0
1460440500 0 0 0 0
1460440200 0 0 0 0
1460439900 0 0 0 0
1460439600 0 0 0 0
1460439300 0 0 0 0
1460439000 0 0 0 0
1460438700 0 0 0 0
1460438400 0 0 0 0
1460438100 0 0 0 0
1460437800 0 0 0 0
1460437500 0 0 0 0
1460437200 0 0 0 0
1460436900 0 0 0 0
1460436600 0 0 0 0
1460436300 0 0 0 0
1460436000 0 0 0 0
1460435700 0 0 0 0
1460435400 0 0 0 0
1460435100 0 0 0 0
1460434800 0 0 0 0
1460434500 0 0 0 0
1460434200 0 0 0 0
1460433900 0 0 0 0
1460433600 0 0 0 0
1460433300 0 0 0 0
1460433000 0 0 0 0
1460432700 0 0 0 0
1460432400 0 0 0 0
1460432100 0 0 0 0
1460431800 0 0 0 0
1460431500 0 0 0 0
1460431200 0 0 0 0
1460430900 0 0 0 0
1460430600 0 0 0 0
1460430300 0 0 0 0
1460430000 0 0 0 0
1460429700 0 0 0 0
1460429400 0 0 0 0
1460429100 0 0 0 0
1460428800 0 0 0 0
1460428500 0 0 0 0
1460428200 0 0 0 0
1460427900 0 0 0 0
1460427600 0 0 0 0
1460427300 0 0 0 0
1460427000 0 0 0 0
1460426700 0 0 0 0
1460426400 0 0 0 0
1460426100 0 0 0 0
1460425800 0 0 0 0
1460425500 0 0 0 0
1460425200 0 0 0 0
1460424900 0 0 0 0
1460424600 0 0 0 0
1460424300 0 0 0 0
1460424000 0 0 0 0
1460423700 0 0 0 0
1460423400 0 0 0 0
1460423100 0 0 0 0
1460422800 0 0 0 0
1460422500 0 0 0 0
1460422200 0 0 0 0
1460421000 0 0 0 0
1460419200 0 0 0 0
1460417400 0 0 0 0
1460415600 0 0 0 0
1460413800 0 0 0 0
1460412000 0 0 0 0
1460410200 0 0 0 0
1460408400 0 0 0 0
1460406600 0 0 0 0
1460404800 0 0 0 0
1460403000 0 0 0 0
1460401200 0 0 0 0
1460399400 0 0 0 0
1460397600 0 0 0 0
1460395800 0 0 0 0
1460394000 0 0 0 0
1460392200 0 0 0 0
1460390400 0 0 0 0
1460388600 0 0 0 0
1460386800 0 0 0 0
1460385000 0 0 0 0
1460383200 0 0 0 0
1460381400 0 0 0 0
1460379600 0 0 0 0
1460377800 0 0 0 0
1460376000 0 0 0 0
1460374200 0 0 0 0
1460372400 0 0 0 0
1460370600 0 0 0 0
1460368800 0 0 0 0
1460367000 0 0 0 0
1460365200 0 0 0 0
1460363400 0 0 0 0
1460361600 0 0 0 0
1460359800 0 0 0 0
1460358000 0 0 0 0
1460356200 0 0 0 0
1460354400 0 0 0 0
1460352600 0 0 0 0
1460350800 0 0 0 0
1460349000 0 0 0 0
1460347200 0 0 0 0
1460345400 0 0 0 0
1460343600 0 0 0 0
1460341800 0 0 0 0
1460340000 0 0 0 0
1460338200 0 0 0 0
1460336400 0 0 0 0
1460334600 0 0 0 0
1460332800 0 0 0 0
1460331000 0 0 0 0
1460329200 0 0 0 0
1460327400 0 0 0 0
1460325600 0 0 0 0
1460323800 0 0 0 0
1460322000 0 0 0 0
1460320200 0 0 0 0
1460318400 0 0 0 0
1460316600 0 0 0 0
1460314800 0 0 0 0
1460313000 0 0 0 0
1460311200 0 0 0 0
1460309400 0 0 0 0
1460307600 0 0 0 0
1460305800 0 0 0 0
1460304000 0 0 0 0
1460302200 0 0 0 0
1460300400 0 0 0 0
1460298600 0 0 0 0
1460296800 0 0 0 0
1460295000 0 0 0 0
1460293200 0 0 0 0
1460291400 0 0 0 0
1460289600 0 0 0 0
1460287800 0 0 0 0
1460286000 0 0 0 0
1460284200 0 0 0 0
1460282400 0 0 0 0
1460280600 0 0 0 0
1460278800 0 0 0 0
1460277000 0 0 0 0
1460275200 0 0 0 0
1460273400 0 0 0 0
1460271600 0 0 0 0
1460269800 0 0 0 0
1460268000 0 0 0 0
1460266200 0 0 0 0
1460264400 0 0 0 0
1460262600 0 0 0 0
1460260800 0 0 0 0
1460259000 0 0 0 0
1460257200 0 0 0 0
1460255400 0 0 0 0
1460253600 0 0 0 0
1460251800 0 0 0 0
1460250000 0 0 0 0
1460248200 0 0 0 0
1460246400 0 0 0 0
1460244600 0 0 0 0
1460242800 0 0 0 0
1460241000 0 0 0 0
1460239200 0 0 0 0
1460237400 0 0 0 0
1460235600 0 0 0 0
1460233800 0 0 0 0
1460232000 0 0 0 0
1460230200 0 0 0 0
1460228400 0 0 0 0
1460226600 0 0 0 0
1460224800 0 0 0 0
1460223000 0 0 0 0
1460221200 0 0 0 0
1460219400 0 0 0 0
1460217600 0 0 0 0
1460215800 0 0 0 0
1460214000 0 0 0 0
1460212200 0 0 0 0
1460210400 0 0 0 0
1460208600 0 0 0 0
1460206800 0 0 0 0
1460205000 0 0 0 0
1460203200 0 0 0 0
1460201400 0 0 0 0
1460199600 0 0 0 0
1460197800 0 0 0 0
1460196000 0 0 0 0
1460194200 0 0 0 0
1460192400 0 0 0 0
1460190600 0 0 0 0
1460188800 0 0 0 0
1460187000 0 0 0 0
1460185200 0 0 0 0
1460183400 0 0 0 0
1460181600 0 0 0 0
1460179800 0 0 0 0
1460178000 0 0 0 0
1460176200 0 0 0 0
1460174400 0 0 0 0
1460172600 0 0 0 0
1460170800 0 0 0 0
1460169000 0 0 0 0
1460167200 0 0 0 0
1460165400 0 0 0 0
1460163600 0 0 0 0
1460161800 0 0 0 0
1460160000 0 0 0 0
1460158200 0 0 0 0
1460156400 0 0 0 0
1460154600 0 0 0 0
1460152800 0 0 0 0
1460151000 0 0 0 0
1460149200 0 0 0 0
1460147400 0 0 0 0
1460145600 0 0 0 0
1460143800 0 0 0 0
1460142000 0 0 0 0
1460140200 506 162 1205 347
1460138400 814 220 850 243
1460136600 894 217 960 235
1460134800 947 256 1060 289
1460133000 990 270 1110 302
1460131200 942 277 1102 336
1460129400 706 213 770 234
1460127600 837 247 950 295
1460125800 762 260 899 301
1460124000 753 245 887 295
1460122200 735 236 855 304
1460120400 722 223 842 256
1460118600 827 281 1023 347
1460116800 624 216 761 322
1460115000 514 200 609 252
1460113200 451 173 507 263
1460111400 454 198 507 273
1460109600 407 187 460 241
1460107800 372 173 426 227
1460106000 402 178 472 240
1460104200 379 161 465 245
1460102400 361 170 451 223
1460100600 382 161 487 230
1460098800 399 184 491 232
1460097000 387 174 449 245
1460095200 381 184 434 245
1460093400 336 179 419 245
1460091600 419 180 503 256
1460089800 465 180 529 245
1460088000 474 175 529 246
1460086200 436 175 552 255
1460084400 494 176 559 237
1460082600 520 162 598 231
1460080800 538 175 592 250
1460079000 522 162 638 196
1460077200 611 191 713 256
1460075400 573 176 642 241
1460073600 630 205 675 281
1460071800 554 209 651 315
1460070000 530 219 643 327
1460068200 592 255 785 460
1460066400 533 256 593 441
1460064600 712 353 897 614
1460062800 747 411 833 646
1460061000 898 365 1534 754
1460059200 1401 688 1546 1045
1460057400 1286 501 1556 914
1460055600 1132 517 1330 858
1460053800 1236 474 1370 912
1460052000 1251 532 1470 872
1460050200 987 470 1265 826
1460048400 1001 447 1151 759
1460046600 1085 499 1439 1023
1460044800 1350 588 1487 971
1460043000 1247 577 1474 999
1460041200 1159 517 1642 862
1460039400 1551 539 2024 921
1460037600 1814 558 2239 820
1460035800 1441 366 1806 509
1460034000 1309 1756 3675 9169
1460032200 465 199 696 290
1460030400 555 195 724 283
1460028600 358 166 719 249
1460026800 252 140 276 185
1460025000 226 139 268 181
1460023200 241 143 310 188
1460021400 151 115 166 133
1460019600 151 113 184 142
1460017800 209 122 278 134
1460016000 152 118 187 134
1460014200 185 117 234 129
1460012400 167 120 234 138
1460010600 153 117 171 136
1460008800 152 117 168 138
1460007000 149 111 165 116
1460005200 206 119 231 142
1460003400 183 120 224 136
1460001600 196 117 231 146
1459999800 195 116 236 139
1459998000 183 118 217 139
1459996200 210 118 253 148
1459994400 269 119 329 148
1459992600 286 118 332 142
1459990800 262 114 312 122
1459989000 313 116 343 126
1459987200 323 122 405 146
1459985400 319 119 358 138
1459983600 261 120 291 143
1459981800 344 135 397 171
1459980000 414 158 469 214
1459978200 642 220 835 351
1459976400 789 259 923 339
1459974600 990 249 1348 296
1459972800 1032 267 1486 364
1459971000 798 231 1210 328
1459969200 1133 265 1223 328
1459967400 1089 253 1204 301
1459965600 1180 299 1340 355
1459963800 774 210 942 256
1459962000 548 220 615 296
1459960200 1285 4003 4743 53089
1459958400 1947 12933 4743 53089
1459956600 10372 67051 15145 138197
1459954800 4167 30208 14700 204789
1459953000 11069 41615 19380 204789
1459951200 3400 11419 8152 33745
1459949400 2611 4398 5599 7671
1459947600 2992 4715 8701 11547
1459945800 2693 54637 11725 323774
1459944000 258 127 296 143
1459942200 207 116 247 145
1459940400 184 125 207 143
1459938600 186 118 219 138
1459936800 164 114 200 133
1459935000 168 114 197 123
1459933200 178 119 209 149
1459931400 184 122 200 135
1459929600 181 118 194 136
1459927800 167 115 182 131
1459926000 178 117 198 127
1459924200 179 125 213 149
1459922400 172 125 192 133
1459920600 182 126 211 152
1459918800 195 126 228 146
1459917000 177 124 200 140
1459915200 188 121 220 129
1459913400 226 122 244 150
1459911600 239 121 279 148
1459909800 210 125 256 148
1459908000 223 120 308 143
1459906200 319 121 373 138
1459904400 329 124 357 137
1459902600 333 125 361 137
1459900800 279 126 322 138
1459899000 330 151 405 195
1459897200 304 142 335 187
1459895400 309 129 341 150
1459893600 852 1838 1567 6326
1459891800 3625 10017 11449 37175
1459890000 12023 46348 16721 116252
1459888200 4772 24358 9821 64622
1459886400 7170 33872 12168 109693
1459884600 3603 18209 5515 51752
1459882800 3913 15587 5650 38941
1459881000 5423 30056 9477 122481
1459879200 4225 20334 10696 122481
1459877400 7972 63257 17004 123344
1459875600 2898 11634 14027 35305
1459873800 8089 11560 20867 29015
1459872000 4084 19425 5867 45065
1459870200 3703 19082 5265 37340
1459868400 4368 9644 9452 22745
1459866600 13532 29996 142914 86035
1459864800 19278 67447 142914 226490
1459863000 3665 50619 10089 162416
1459861200 6106 47029 10089 78522
1459859400 4700 7620 21038 47621
1459857600 51073 3456 739773 42682
1459855800 74122 6842 739773 42682
1459854000 337 305 774 844
1459852200 276 652 797 3124
1459850400 220 164 246 188
1459848600 202 163 275 220
1459846800 200 158 224 179
1459845000 267 223 316 309
1459843200 229 181 268 225
1459841400 196 168 219 191
1459839600 205 162 285 233
1459837800 207 159 236 202
1459836000 206 161 243 202
1459834200 219 163 282 191
1459832400 219 170 309 238
1459830600 200 156 250 169
1459828800 226 170 275 194
1459827000 269 172 326 203
1459825200 257 207 270 244
1459823400 245 165 284 244
1459821600 278 169 314 190
1459819800 273 163 353 191
1459818000 296 177 330 221
1459816200 275 176 341 234
1459814400 262 177 339 220
1459812600 258 179 308 222
1459810800 296 179 354 205
1459809000 298 182 357 251
1459807200 390 278 625 626
1459805400 686 1971 1582 20149
1459803600 3753 22583 6467 57852
1459801800 5421 33561 12078 104745
1459800000 5820 20280 8143 39502
1459798200 5688 29660 13901 76785
1459796400 9494 46055 17337 145349
1459794600 5304 26516 7998 60162
1459792800 10403 22067 25115 56471
1459791000 5511 9630 25115 40626
1459789200 2498 8938 6868 40626
1459787400 7026 83498 19174 423490
1459785600 2455 10413 5321 48057
1459783800 4362 7810 11789 15976
1459782000 2322 6835 3098 12506
1459780200 1800 12670 2829 36901
1459778400 3008 18988 7534 97542
1459776600 4336 31827 7534 97542
1459774800 2610 8742 4166 38495
1459773000 3672 4801 9070 21488
1459771200 489 473 791 823
1459769400 260 170 281 213
1459767600 219 162 256 191
1459765800 214 189 232 229
1459764000 212 165 246 184
1459762200 198 162 232 186
1459760400 191 178 210 223
1459758600 200 166 226 205
1459756800 177 168 188 197
1459755000 184 177 207 252
1459753200 180 159 207 177
1459751400 167 150 194 164
1459749600 196 166 228 185
1459747800 202 164 226 182
1459746000 201 167 235 183
1459744200 204 160 233 177
1459742400 198 160 215 169
1459740600 221 164 249 202
1459738800 212 163 237 179
1459737000 206 158 273 185
1459735200 220 190 278 266
1459733400 236 188 283 213
1459731600 246 164 285 192
1459729800 259 173 317 196
1459728000 260 193 314 247
1459726200 314 209 416 404
1459724400 260 158 313 187
1459722600 256 159 304 187
1459720800 251 161 299 186
1459719000 237 153 286 176
1459717200 255 153 304 182
1459715400 239 159 322 176
1459713600 257 159 324 207
1459711800 255 154 301 182
1459710000 284 156 354 197
1459708200 302 153 328 192
1459706400 350 161 422 221
1459704600 342 161 396 208
1459702800 369 153 424 167
1459701000 340 158 393 192
1459699200 296 155 347 188
1459697400 291 157 355 204
1459695600 236 160 323 215
1459693800 229 156 266 178
1459692000 243 163 303 196
1459690200 224 158 278 191
1459688400 227 160 272 198
1459686600 202 156 236 180
1459684800 192 155 221 173
1459683000 201 159 246 187
1459681200 227 175 296 212
1459679400 191 153 237 173
1459677600 196 160 280 223
1459675800 202 161 268 210
1459674000 196 158 254 211
1459672200 187 155 239 191
1459670400 213 161 264 190
1459668600 216 160 252 185
1459666800 215 156 251 181
1459665000 209 158 250 182
1459663200 196 159 232 184
1459661400 217 162 259 181
1459659600 251 158 317 176
1459657800 277 157 309 178
1459656000 309 166 364 188
1459654200 293 157 356 186
1459652400 297 156 357 193
1459650600 304 158 346 188
1459648800 325 160 368 197
1459647000 340 163 411 196
1459645200 364 159 403 177
1459643400 327 156 352 177
1459641600 310 160 375 183
1459639800 317 158 343 172
1459638000 308 157 380 181
1459636200 322 164 380 182
1459634400 302 159 368 173
1459632600 291 162 330 219
1459630800 265 156 295 188
1459629000 255 154 276 164
1459627200 262 161 289 186
1459625400 281 158 301 186
1459623600 270 150 288 178
1459621800 301 160 315 172
1459620000 309 157 348 180
1459618200 311 160 328 180
1459616400 291 154 334 173
1459614600 327 161 404 186
1459612800 323 162 361 180
1459611000 288 155 333 188
1459609200 261 159 332 202
1459607400 245 162 285 189
1459605600 276 178 336 236
1459603800 273 186 337 207
1459602000 221 154 314 175
1459600200 227 156 273 179
1459598400 209 156 288 198
1459596600 213 159 274 183
1459594800 208 162 249 185
1459593000 187 157 267 199
1459591200 192 158 257 211
1459589400 188 154 233 195
1459587600 195 160 239 186
1459585800 185 149 206 188
1459584000 197 160 230 198
1459582200 204 154 238 184
1459580400 207 155 258 202
1459578600 210 163 262 192
1459576800 246 178 268 203
1459575000 222 156 254 176
1459573200 273 170 379 232
1459571400 295 192 359 241
1459569600 269 159 309 191
1459567800 264 158 317 193
1459566000 2114 328 26784 2543
1459564200 3344 863 26784 2543
1459562400 828 715 981 943
1459560600 791 700 956 943
1459558800 822 727 941 902
1459557000 756 943 885 1545
1459555200 767 660 955 899
1459553400 1342 1606 4069 5227
1459551600 798 734 924 921
1459549800 1035 993 1129 1212
1459548000 1177 1241 4093 4794
1459546200 1466 1614 4093 4794
1459544400 1067 2320 1961 15988
1459542600 2041 11690 3815 46558
1459540800 2126 8004 3720 41884
1459539000 2103 18171 3720 71653
1459537200 3794 24027 6113 61171
1459535400 4873 9567 9647 21372
1459533600 3125 14263 6710 49202
1459531800 3760 24186 5467 48964
1459530000 2076 15853 3507 48964
1459528200 2249 10144 3891 30809
1459526400 3607 29964 10024 156434
1459524600 2209 5966 3532 9994
1459522800 4757 26707 20334 319708
1459521000 7156 44452 20334 319708
1459519200 8352 18464 72877 51636
1459517400 16074 95479 72877 284316
1459515600 3723 17972 8127 54606
1459513800 26766 11238 149912 45582
1459512000 459 376 569 561
1459510200 529 499 1736 1959
1459508400 235 158 283 197
1459506600 213 147 246 177
1459504800 221 155 289 188
1459503000 214 154 297 208
1459501200 215 156 277 198
1459499400 204 152 249 169
1459497600 220 161 254 195
1459495800 222 160 283 190
1459494000 220 158 259 180
1459492200 222 159 260 172
1459490400 225 158 257 168
1459488600 232 158 278 186
1459486800 228 154 288 174
1459485000 234 160 286 194
1459483200 251 161 322 194
1459481400 245 160 321 195
1459479600 279 155 362 205
1459477800 294 161 382 202
1459476000 331 159 380 177
1459474200 372 159 476 211
1459472400 369 156 449 191
1459470600 345 155 385 194
1459468800 368 158 429 189
1459467000 375 156 439 208
1459465200 394 159 535 217
1459463400 377 160 438 194
1459461600 1605 5591 5862 24002
1459459800 1286 3455 2694 21596
1459458000 4241 44323 16498 270342
1459456200 5091 47483 16498 270342
1459454400 6269 60072 31469 505863
1459452600 6163 74673 31469 505863
1459450800 5894 62921 9133 97434
1459449000 3423 44170 6826 98898
1459447200 5706 174284 10604 518074
1459445400 5184 64026 10909 105811
1459443600 9504 75761 21735 209443
1459441800 7499 13904 30020 33769
1459440000 6658 36951 22829 88570
1459438200 4963 27866 17153 88570
1459436400 5204 16687 17153 52137
1459434600 7486 31420 10775 88730
1459432800 5110 53222 8158 96589
1459431000 19062 29986 86059 56613
1459429200 6581 11731 12538 38927
1459427400 4735 18854 8936 49968
1459425600 23714 4775 300820 16667
1459423800 110448 27090 445902 73467
1459422000 188 143 205 178
1459420200 183 148 195 204
1459418400 160 155 193 196
1459416600 170 123 192 138
1459414800 174 125 192 177
1459413000 171 150 192 177
1459411200 155 122 192 148
1459409400 160 125 230 186
1459407600 155 120 230 186
1459405800 163 123 185 156
1459404000 158 126 199 156
1459402200 160 138 194 198
1459400400 183 124 224 142
1459398600 188 162 204 234
1459396800 193 156 260 214
1459395000 205 133 311 198
1459393200 200 139 223 173
1459391400 219 145 246 374
1459389600 231 152 255 374
1459387800 227 125 285 172
1459386000 233 121 263 143
1459384200 216 121 245 145
1459382400 262 146 273 208
1459380600 242 144 286 188
1459378800 273 145 307 165
1459377000 287 150 324 185
1459375200 513 1054 3125 12405
1459373400 3235 9894 10279 26744
1459371600 3666 11613 7855 37276
1459369800 65157 25451 232840 53653
1459368000 4346 13054 14771 47030
1459366200 17376 24780 198820 83481
1459364400 87590 197174 224899 1006343
1459362600 1654 8960 4444 32350
1459360800 10192 15117 36408 59289
1459359000 46358 18609 147457 62356
1459357200 3046 7240 11085 18130
1459355400 6457 20526 45733 80418
1459353600 28571 46518 57752 151567
1459351800 15960 15797 84111 72642
1459350000 9362 58981 33749 220964
1459348200 6075 31883 18219 99537
1459346400 4509 33107 10631 66759
1459344600 51470 28097 207575 56481
1459342800 19406 306975 56110 924991
1459341000 979 1158 2635 1760
1459339200 266 216 506 691
1459332000 169 117 216 137
1459324800 170 119 192 137
1459317600 176 124 228 197
1459310400 202 121 274 177
1459303200 266 121 340 144
1459296000 461 944 1835 14963
1459288800 5466 37785 28380 134687
1459281600 4563 40822 11873 174876
1459274400 5687 24696 11285 91343
1459267200 3760 19299 8417 88597
1459260000 11990 9910 84798 35340
1459252800 454 453 1992 3240
1459245600 168 125 221 171
1459238400 168 123 197 147
1459231200 169 125 214 162
1459224000 173 125 206 163
1459216800 183 120 234 155
1459209600 205 127 269 199
1459202400 1784 2936 25713 22177
1459195200 5411 20263 25713 42138
1459188000 11985 36391 124973 215538
1459180800 4037 18656 7597 61140
1459173600 8583 7573 123189 41691
1459166400 632 1272 7420 19166
1459159200 182 156 222 183
1459152000 180 157 293 253
1459144800 182 152 224 208
1459137600 209 164 271 204
1459130400 204 162 270 225
1459123200 213 160 297 220
1459116000 231 157 311 221
1459108800 267 161 355 201
1459101600 352 165 534 245
1459094400 275 155 365 217
1459087200 210 159 276 222
1459080000 192 166 307 222
1459072800 170 154 214 196
1459065600 192 156 242 208
1459058400 208 155 286 191
1459051200 263 154 399 206
1459044000 353 155 423 200
1459036800 261 155 364 204
1459029600 263 159 344 231
1459022400 328 159 456 255
1459015200 1173 1003 20194 20420
1459008000 281 158 385 209
1459000800 234 163 347 271
1458993600 189 153 219 206
1458986400 187 156 236 195
1458979200 191 159 275 214
1458972000 218 164 278 224
1458964800 286 159 365 190
1458957600 307 155 395 218
1458950400 297 158 367 218
1458943200 244 153 323 204
1458936000 255 153 315 258
1458928800 265 152 373 196
1458921600 207 148 288 211
1458914400 193 151 259 190
1458907200 171 150 219 182
1458900000 174 150 230 184
1458892800 180 147 249 188
1458885600 177 149 223 170
1458878400 229 151 314 182
1458871200 255 152 332 182
1458864000 581 475 6244 5568
1458856800 1960 9226 5840 52983
1458849600 3896 31412 24063 123632
1458842400 13461 48848 115724 487403
1458835200 2832 15849 9579 73456
1458828000 60110 19802 801958 137497
1458820800 309 1580 1892 30838
1458813600 142 119 164 150
1458806400 338 377 745 947
1458799200 521 628 850 1505
1458792000 690 738 898 1098
1458784800 645 699 926 1845
1458777600 585 572 910 1845
1458770400 2004 17266 5859 71066
1458763200 17684 13756 219604 99960
1458756000 7837 59543 91347 454590
1458748800 5911 45698 24045 578691
1458741600 12546 26370 234441 168879
1458734400 248 402 601 6500
1458727200 148 113 175 128
1458720000 148 113 168 147
1458712800 152 111 171 135
1458705600 220 112 304 125
1458698400 288 127 413 262
1458691200 6581 258400 39788 1689910
1458684000 32771 4750 716677 40075
1458676800 6205 14503 69707 96887
1458669600 4258 17135 24425 182084
1458662400 6226 10602 62200 48168
1458655200 2808 9168 7712 37531
1458648000 1039 10421 14869 222809
1458640800 189 207 213 323
1458633600 190 211 220 326
1458626400 331 366 586 740
1458619200 198 198 244 273
1458612000 227 202 276 276
1458604800 460 3928 3098 54697
1458597600 8387 89044 57473 620134
1458590400 26355 20617 503179 64532
1458583200 6098 40179 25268 418326
1458576000 5715 7069 64105 28507
1458568800 3730 11973 15419 53332
1458561600 679 2616 4203 20441
1458554400 176 137 214 204
1458547200 172 136 213 192
1458540000 178 124 211 149
1458532800 204 123 237 153
1458525600 217 144 476 294
1458518400 200 126 257 167
1458511200 215 113 300 138
1458504000 239 107 314 150
1458496800 285 107 319 151
1458489600 216 115 296 166
1458482400 150 111 175 149
1458475200 150 112 169 156
1458468000 156 109 249 153
1458460800 185 117 266 189
1458453600 415 2090 4224 47017
1458446400 314 138 367 339
1458439200 407 156 702 404
1458432000 362 111 452 152
1458424800 309 109 398 178
1458417600 343 106 421 139
1458410400 398 118 540 192
1458403200 351 109 540 192
1458396000 281 105 304 130
1458388800 264 107 304 129
1458381600 251 105 291 140
1458374400 265 108 306 142
1458367200 275 110 328 178
1458360000 321 118 410 163
1458352800 384 121 487 207
1458345600 440 225 963 1192
1458338400 2961 9136 14581 86013
1458331200 14176 95517 56319 520988
1458324000 16709 73896 59977 312721
1458316800 11811 51878 38336 249742
1458309600 8165 15741 104675 62408
1458302400 1775 8110 12533 66277
1458295200 345 233 392 289
1458288000 369 247 605 423
1458280800 407 254 869 564
1458273600 380 228 441 255
1458266400 434 238 542 302
1458259200 487 246 627 352
1458252000 4203 20098 14146 232219
1458244800 13993 39786 72249 212344
1458237600 13079 60311 31431 255578
1458230400 26943 76717 91788 224026
1458223200 18743 61034 144081 326922
1458216000 2157 17588 10391 176419
1458208800 1283 758 33863 4112
1458201600 1500 676 33863 2965
1458194400 746 746 2178 4083
1458187200 1287 1264 11002 6758
1458180000 1033 956 2733 4074
1458172800 838 796 2358 2802
1458165600 4865 20519 45309 92646
1458158400 18113 204187 45309 852022
1458151200 5266 21020 11040 78287
1458144000 15100 29605 142575 125117
1458136800 8158 56290 33638 465345
1458129600 1790 14658 9465 159885
1458122400 1216 545 32934 2654
1458115200 1512 689 32934 2654
1458108000 692 585 809 2055
1458100800 724 967 1039 6699
1458093600 1132 967 5293 3150
1458086400 1212 966 7531 4055
1458079200 6832 50553 44018 351114
1458072000 11096 62724 42860 594980
1458064800 14264 52432 124273 201581
1458057600 11703 39323 52755 164117
1458050400 12043 44891 111149 394732
1458043200 1531 7064 6380 86279
1458036000 1279 657 32924 2933
1458028800 1581 740 32924 2933
1458021600 765 758 1031 2151
1458014400 767 723 998 3750
1458007200 859 928 1287 6696
1458000000 1810 3541 7860 41536
1457992800 4304 23311 11810 152589
1457985600 16566 121611 98974 975092
1457978400 8104 43213 15267 103499
1457971200 14056 93090 34362 606686
1457964000 14844 113680 81158 1057862
1457956800 2518 23306 21475 365475
1457949600 1238 730 32828 2987
1457942400 1444 667 32828 3059
1457935200 676 663 940 3059
1457928000 1009 885 4189 3986
1457920800 755 650 1015 1638
1457913600 718 585 981 818
1457906400 780 735 1144 3298
1457899200 892 723 4071 2533
1457892000 821 624 1130 1514
1457884800 760 719 919 2721
1457877600 2136 1049 32941 3629
1457870400 700 719 1405 4233
1457863200 696 594 1266 952
1457856000 715 661 937 1505
1457848800 713 590 907 818
1457841600 836 802 1068 3836
1457834400 1133 808 7398 5249
1457827200 789 592 966 972
1457820000 1050 837 5753 3510
1457812800 859 685 1118 3063
1457805600 918 771 2578 3902
1457798400 757 644 933 1286
1457791200 734 732 971 3645
1457784000 673 586 824 1435
1457776800 2063 843 32494 3321
1457769600 715 606 1194 882
1457762400 769 669 962 1620
1457755200 877 838 1276 3877
1457748000 1029 948 4035 6775
1457740800 2972 4035 39786 35799
1457733600 7460 50718 19646 200086
1457726400 14310 68670 151227 806069
1457719200 7360 22741 44174 107622
1457712000 26860 59695 174491 184070
1457704800 3729 11564 11104 54912
1457697600 692 769 1377 3558
1457690400 1968 737 33004 4445
1457683200 637 557 887 848
1457676000 642 651 813 1652
1457668800 723 780 1038 4015
1457661600 758 730 970 3681
1457654400 2424 6376 27863 87401
1457647200 10827 36067 22844 221433
1457640000 13914 67933 75144 337518
1457632800 11510 53461 26855 204785
1457625600 34511 73017 157588 371865
1457618400 9830 18012 88574 145062
1457611200 423 313 927 1428
1457604000 1692 470 32338 4166
1457596800 353 241 457 534
1457589600 395 254 691 709
1457582400 451 241 596 570
1457575200 487 223 594 448
1457568000 993 2075 6017 30578
1457560800 8471 36262 14765 134625
1457553600 11600 47535 67395 207351
1457546400 14245 43377 53135 176499
1457539200 14039 101812 49304 817782
1457532000 2100 34275 12159 483274
1457524800 451 475 779 5937
1457517600 1754 319 32050 2523
1457510400 451 283 611 1866
1457503200 477 238 622 542
1457496000 533 232 735 616
1457488800 578 522 1023 6615
1457481600 1745 22637 10969 200436
1457474400 7801 24868 19565 64050
1457467200 11551 34359 43568 199547
1457460000 18147 75617 145902 224088
1457452800 22630 132528 93429 411887
1457445600 8296 6849 130285 41856
1457438400 751 1116 5461 13665
1457431200 1835 2117 30977 36288
1457424000 369 486 738 6576
1457416800 20458 1885 401988 28759
1457409600 639 724 5313 12179
1457402400 73809 1687606 91790 2107321
1457395200 67778 1539097 92253 2111841
1457388000 8311 31178 42166 105315
1457380800 9598 39310 26640 108796
1457373600 14268 50490 61078 225872
1457366400 19187 130580 181790 921426
1457359200 1766 10427 8760 71571
1457352000 327 161 761 701
1457344800 262 105 334 181
1457337600 268 103 334 136
1457330400 262 101 298 129
1457323200 280 102 333 141
1457316000 299 103 359 141
1457308800 299 105 361 127
1457301600 305 107 373 172
1457294400 353 104 467 126
1457287200 414 107 469 144
1457280000 296 112 368 156
1457272800 278 103 342 129
1457265600 253 106 337 189
1457258400 251 104 294 136
1457251200 296 122 368 257
1457244000 301 101 378 162
1457236800 394 105 475 140
1457229600 423 105 514 148
1457222400 381 107 446 145
1457215200 320 104 390 145
1457208000 394 108 503 145
1457200800 388 107 532 213
1457193600 311 108 362 162
1457186400 283 108 401 179
1457179200 250 101 289 138
1457172000 248 104 318 140
1457164800 281 105 327 160
1457157600 306 103 346 126
1457150400 349 105 480 154
1457143200 427 126 613 396
1457136000 2723 15995 10527 99910
1457128800 11272 42604 27858 128969
1457121600 14122 97688 33721 223995
1457114400 10753 61368 20530 200551
1457107200 71580 143327 539169 935657
1457100000 5702 16778 95686 279636
1457092800 297 174 1014 1466
1457085600 247 99 292 129
1457078400 253 100 301 129
1457071200 262 99 310 126
1457064000 307 99 395 116
1457056800 375 108 442 176
1457049600 2480 17728 14055 224270
1457042400 8231 78916 26228 384496
1457035200 16808 154446 59194 919643
1457028000 35737 69940 521544 669436
1457020800 18883 90855 140033 498688
1457013600 8978 15936 84311 191488
1457006400 280 145 657 751
1456999200 254 95 296 112
1456992000 262 104 325 272
1456984800 251 95 290 121
1456977600 280 93 352 110
1456970400 334 94 379 125
1456963200 695 6107 2563 39710
1456956000 5979 20301 11429 54501
1456948800 6898 44772 23062 214022
1456941600 6473 23082 33170 184685
1456934400 9563 32266 42055 220103
1456927200 3118 6190 25893 38827
1456920000 680 6378 6533 102743
1456912800 240 92 259 105
1456905600 237 102 259 204
1456898400 240 97 268 109
1456891200 262 95 317 146
1456884000 290 100 330 163
1456876800 1132 3704 7102 33313
1456869600 18332 63132 65941 268731
1456862400 12543 60852 34583 338546
1456855200 12122 82284 27018 402565
1456848000 15323 71179 69979 389487
1456840800 4528 10060 11692 28650
1456833600 254 104 358 148
1456826400 237 94 264 114
1456819200 239 101 277 165
1456812000 264 102 318 124
1456804800 277 107 341 205
1456797600 325 99 374 131
1456790400 3472 49930 37141 629541
1456783200 7434 51466 33388 132083
1456776000 39519 55543 410314 163259
1456768800 10647 67115 24940 215535
1456761600 20382 52938 196763 259227
1456754400 2374 15986 10438 162438
1456747200 273 113 386 315
1456740000 260 109 307 144
1456732800 261 107 297 131
1456725600 264 107 312 130
1456718400 262 109 316 154
1456711200 299 116 474 249
1456704000 338 108 421 133
1456696800 330 108 399 128
1456689600 415 108 460 147
1456682400 389 108 483 193
1456675200 292 118 541 284
1456668000 271 117 473 279
1456660800 260 108 300 141
1456653600 265 109 347 188
1456646400 269 108 324 139
1456639200 297 107 350 137
1456632000 384 116 516 241
1456624800 484 113 543 187
1456617600 351 106 464 125
1456610400 314 106 375 129
1456603200 387 106 496 131
1456596000 425 136 496 286
1456588800 314 205 416 344
1456581600 270 106 317 124
1456574400 259 106 311 131
1456567200 257 105 301 134
1456560000 272 109 329 143
1456552800 292 105 372 127
1456545600 365 108 455 139
1456538400 440 162 798 794
1456531200 5106 52669 63951 1072996
1456524000 7265 48366 18250 293570
1456516800 502367 83467 813675 164994
1456509600 34330 58413 338607 279304
1456502400 18640 40229 156112 182788
1456495200 36492 41117 609601 380704
1456488000 274 108 362 162
1456480800 270 108 362 162
1456473600 257 107 328 155
1456466400 277 112 452 247
1456459200 1878 1492 37532 33317
1456452000 348 109 425 163
1456444800 474 429 3086 14159
1456437600 6729 56889 16820 274400
1456430400 6038 38453 10649 109154
1456423200 100130 60372 1046918 219839
1456416000 20653 96564 159162 1124444
1456408800 5648 14102 28465 123318
1456401600 295 121 415 274
1456394400 279 117 318 140
1456387200 287 120 345 156
1456380000 283 120 346 168
1456372800 345 120 433 145
1456365600 487 243 1564 4907
1456358400 1919 17717 7626 182299
1456351200 4283 41916 27086 681813
1456344000 5022 35102 18760 306086
1456336800 10626 187777 48495 2059640
1456329600 7220 65281 25252 360496
1456322400 1300 2266 7505 10442
1456315200 336 159 594 626
1456308000 318 136 436 214
1456300800 311 138 386 211
1456293600 312 144 410 268
1456286400 362 148 605 327
1456279200 456 183 586 416
1456272000 3320 5113 40460 44011
1456264800 4098 30457 7719 179885
1456257600 4005 17292 7165 52511
1456250400 4192 23240 23722 107837
1456243200 14850 57066 58666 306275
1456236000 108953 93842 990454 1299123
1456228800 267 108 313 144
1456221600 259 107 318 147
1456214400 296 135 651 401
1456207200 250 103 319 157
1456200000 310 110 398 157
1456192800 375 106 443 152
1456185600 2154 12638 5698 150241
1456178400 6262 59967 45962 652366
1456171200 5164 35461 45962 652366
1456164000 6826 35783 20000 338394
1456156800 8841 9879 128654 30528
1456149600 9551 5211 166847 35958
1456142400 254 99 300 127
1456135200 264 114 508 291
1456128000 288 130 688 430
1456120800 242 100 296 126
1456113600 273 99 336 131
1456106400 299 103 429 183
1456099200 302 101 406 161
1456092000 315 99 384 116
1456084800 382 99 441 117
1456077600 404 105 542 192
1456070400 285 103 340 145
1456063200 276 107 336 145
1456056000 274 108 343 160
1456048800 280 108 332 134
1456041600 276 106 320 133
1456034400 320 108 411 150
1456027200 385 105 442 144
1456020000 406 105 461 125
1456012800 381 107 458 129
1456005600 318 106 362 131
1455998400 389 105 493 140
1455991200 353 107 441 163
1455984000 278 106 350 140
1455976800 266 107 309 142
1455969600 245 105 281 123
1455962400 251 105 286 128
1455955200 270 109 311 171
1455948000 299 106 363 132
1455940800 374 108 457 142
1455933600 413 108 482 137
1455926400 883 3182 2597 34642
1455919200 3405 7460 7337 30763
1455912000 15397 42773 167830 287225
1455904800 16684 45782 119189 359092
1455897600 14188 67890 103707 352238
1455890400 4590 35712 29888 496746
1455883200 287 115 450 285
1455876000 274 106 362 167
1455868800 282 105 333 140
1455861600 295 104 325 128
1455854400 359 108 416 125
1455847200 391 109 448 134
1455840000 1821 33806 20515 750356
1455832800 19133 47670 146291 226815
1455825600 12109 34730 57373 202547
1455818400 5511 23885 14388 113469
1455811200 6544 38682 27484 270648
1455804000 21356 28994 176156 443643
1455796800 341 170 447 307
1455789600 320 158 367 201
1455782400 322 155 365 195
1455775200 330 165 400 216
1455768000 343 164 429 203
1455760800 428 162 521 242
1455753600 1145 3909 3747 56119
1455746400 21109 269562 116219 1167015
1455739200 5574 15532 28344 100534
1455732000 23072 40019 248235 234375
1455724800 14082 85669 67056 611846
1455717600 6353 18885 90884 205373
1455710400 308 163 766 1106
1455703200 269 110 328 151
1455696000 271 108 337 151
1455688800 294 126 630 365
1455681600 311 118 382 168
1455674400 365 117 437 171
1455667200 52051 103756 288750 676045
1455660000 59554 134905 236940 1135528
1455652800 14392 75391 194112 549417
1455645600 15362 72279 194112 663952
1455638400 13391 54682 81768 273457
1455631200 3813 18708 12682 153691
1455624000 290 136 466 568
1455616800 270 106 338 145
1455609600 281 104 323 136
1455602400 291 124 620 395
1455595200 260 108 301 143
1455588000 258 106 310 126
1455580800 289 107 344 129
1455573600 294 107 358 152
1455566400 291 107 327 133
1455559200 303 218 510 2458
1455552000 290 112 371 178
1455544800 275 107 313 139
1455537600 268 104 316 136
1455530400 270 108 309 136
1455523200 275 107 319 152
1455516000 302 107 337 140
1455508800 426 107 540 213
1455501600 488 105 539 139
1455494400 397 107 502 142
1455487200 358 111 444 168
1455480000 389 107 444 156
1455472800 373 106 431 133
1455465600 295 107 346 133
1455458400 278 107 351 169
1455451200 258 109 349 154
1455444000 261 105 293 121
1455436800 334 185 458 342
1455429600 359 223 423 351
1455422400 429 204 561 344
1455415200 4869 534 105536 7593
1455408000 427 236 510 428
1455400800 387 198 459 425
1455393600 494 253 737 1209
1455386400 461 226 649 398
1455379200 441 287 1238 1471
1455372000 385 230 597 338
1455364800 387 235 879 372
1455357600 12837 83329 128336 1270917
1455350400 378 249 471 379
1455343200 408 264 496 399
1455336000 473 297 635 525
1455328800 511 292 658 556
1455321600 895 1455 2420 7448
1455314400 29459 59547 119106 392881
1455307200 36148 146444 314832 821152
1455300000 6739 83276 25978 927899
1455292800 7882 47023 77553 555567
1455285600 1889 6284 5168 32658
1455278400 625 10936 7388 258896
1455271200 307 149 428 247
1455264000 318 158 419 319
1455256800 321 151 412 326
1455249600 418 169 518 422
1455242400 508 217 722 959
1455235200 2566 9769 27750 123217
1455228000 7946 61275 54437 844035
1455220800 18176 107716 142989 809520
1455213600 10521 67267 59642 385995
1455206400 78557 203652 560385 1516990
1455199200 14387 58246 111521 1155600
1455192000 350 554 596 9800
1455184800 320 157 405 322
1455177600 336 173 417 275
1455170400 356 242 487 655
1455163200 453 351 658 968
1455156000 1053 8479 7735 105066
1455148800 1099 3448 4412 29437
1455141600 4929 11466 21654 60596
1455134400 3900 31349 20147 171871
1455127200 2661 30940 9917 202141
1455120000 36141 20767 485022 268847
1455112800 4078 74468 23136 652051
1455105600 497 1095 1572 21213
1455098400 445 419 759 949
1455091200 448 437 729 1167
1455084000 494 433 1093 965
1455076800 522 462 783 988
1455069600 595 510 841 1094
1455062400 17622 27157 245303 284745
1455055200 10989 63719 53001 385518
1455048000 12550 27623 97197 77827
1455040800 10950 19457 49791 69465
1455033600 21681 68180 171569 242673
1455026400 2087 13403 10742 58047
1455019200 382 1762 7135 231940
1454976000 14858 23632 428436 903783
1454889600 367 142 714 919
1454803200 376 157 2267 2167
1454716800 13755 17174 724544 238883
1454630400 17636 39069 926135 841436
1454544000 6880 21069 230590 1259407
1454457600 5664 32771 172850 1130771
1454371200 5294 6960 503721 186315
1454284800 450 309 861 1640
1454198400 8627 747 533074 27124
1454112000 48836 52832 781747 2072248
1454025600 12390 24560 880293 659295
1453939200 9752 31378 448799 687395
1453852800 13945 11571 509572 218734
1453766400 3321 7789 197137 332919
1453680000 341 136 643 397
1453593600 342 159 1327 1554
1453507200 3371 11357 109979 443821
1453420800 4296 22824 236011 1920069
1453334400 34980 27329 1061501 1213650
1453248000 3575 5438 209363 322074
1453161600 8602 4275 1021664 111863
1453075200 327 174 623 568
1452988800 330 181 490 400
1452902400 6503 18050 269588 581345
1452816000 2215 4828 83475 159689
1452729600 2586 16039 76537 1346260
1452643200 2939 6215 184860 262747
1452556800 3050 5138 167878 268895
1452470400 277 134 501 365
1452384000 304 157 1129 900
1452297600 3192 12342 167490 966013
1452211200 5034 11091 215452 382718
1452124800 7996 12120 495011 320034
1452038400 3168 15052 59990 839760
1451952000 2676 3969 198406 54778
1451865600 351 382 2871 21791
1451779200 291 149 455 374
1451692800 328 150 595 624
1451606400 326 169 1832 1709
1451520000 753 545 71356 28198
1451433600 401 312 8955 10158
1451347200 318 144 1845 2180
1451260800 310 132 487 505
1451174400 291 132 546 525
1451088000 292 133 438 458
1451001600 1274 812 129955 30507
1450915200 2167 4928 226450 269714
1450828800 963 3853 13195 214306
1450742400 1989 4431 161832 247113
1450656000 429 545 3249 86899
1450569600 400 286 1359 13072
1450483200 1953 15331 59283 1070572
1450396800 1049 4597 15869 356865
1450310400 5595 33662 350064 2018667
1450224000 1914 5930 201823 258750
1450137600 3313 4879 267828 187658
1450051200 336 191 688 905
1449964800 383 1082 7710 259222
1449878400 2502 5412 363133 253586
1449792000 3309 18103 244024 1710614
1449705600 3856 11176 241421 221305
1449619200 34721 16029 1075893 798697
1449532800 5066 5137 671966 349025
1449446400 349 173 1553 2995
1449360000 345 169 1200 1190
1449273600 2267 9705 128899 659982
1449187200 1876 7683 40003 615002
1449100800 3024 9437 181304 391984
1449014400 4116 11021 397374 649038
1448928000 5091 16392 331873 1559053
1448841600 327 101 489 170
1448755200 8558 4870 718871 795208
1448668800 3279 18080 65259 934303
1448582400 2764 3220 199636 138561
1448496000 1675 3228 165490 151275
1448409600 3183 8797 178970 417509
1448323200 2833 5745 154002 224542
1448236800 338 176 627 784
1448150400 343 166 537 818
1448064000 1220 6419 41632 705661
1447977600 1479 12025 27222 485715
1447891200 3695 9730 192667 248446
1447804800 1480 3582 58755 172085
1447718400 3357 5004 242672 165017
1447632000 287 102 433 140
1447545600 287 100 417 134
1447459200 10128 5402 987865 246023
1447372800 6178 8344 368557 259793
1447286400 4165 8464 228373 1080227
1447200000 3548 8372 499469 413975
1447113600 3356 9347 337839 209202
1447027200 1496 858 200087 64995
1446940800 269 100 428 432
1446854400 21277 8636 986754 293008
1446768000 19897 11177 629581 359861
1446681600 3103 5092 280250 117842
1446595200 5545 4864 487826 109664
1446508800 12280 4957 862254 168950
1446422400 264 103 426 160
1446336000 278 102 428 160
1446249600 1930 11511 66362 1223046
1446163200 3869 7824 316561 231737
1446076800 5266 15043 422851 325016
1445990400 1230 4015 32242 111630
1445904000 1888 2440 154170 161873
1445817600 264 105 418 182
1445731200 252 104 462 182
1445644800 3407 13106 197466 1593077
1445558400 4977 8340 459039 1242948
1445472000 1577 6075 44663 114523
1445385600 25262 17148 1073669 1853396
1445299200 2714 8440 159626 498497
1445212800 340 112 531 207
1445126400 341 109 524 170
1445040000 3188 5171 319818 276495
1444953600 1519 6329 51200 290442
1444867200 1768 4335 64872 166448
1444780800 2601 16643 59510 1781026
1444694400 258 103 333 137
1444608000 273 98 425 189
1444521600 272 96 467 112
1444435200 1611 2013 128739 111696
1444348800 1469 1413 195539 20589
1444262400 1431 15304 35683 896819
1444176000 3916 20919 451147 1828086
1444089600 1387 10782 46456 1281537
1444003200 273 95 469 113
1443916800 276 95 442 113
1443830400 3126 18508 82988 1209802
1443744000 2043 7204 96714 737155
1443657600 5642 48512 293891 1964143
1443571200 2335 5280 78212 354081
1443484800 1093 4907 11614 165137
1443398400 258 100 606 2102
1443312000 259 93 437 112
1443225600 3415 29245 116676 1351361
1443139200 23264 16603 867874 393182
1443052800 1653 10090 53196 219679
1442966400 4493 17757 132149 1146485
1442880000 5606 50984 206529 2000768
1442793600 279 106 427 171
1442707200 275 105 425 322
1442620800 2811 4373 205136 290382
1442534400 3479 10043 364053 693252
1442448000 1890 16827 38286 869613
1442361600 1523 8099 40331 802478
1442275200 2481 27944 107356 1887892
1442188800 253 93 472 186
1442102400 263 94 530 202
1442016000 949 7466 39945 1355638
1441929600 817 4393 25487 506813
1441843200 762 1835 10231 50645
1441756800 947 3239 12819 190633
1441670400 166 89 236 195
1441584000 174 89 254 113
1441497600 184 136 1521 13572
1441411200 1050 2590 18161 74293
1441324800 5124 13959 573110 1741909
1441238400 2114 12603 35749 413674
1441152000 945 5038 20682 507455
1441065600 4555 56149 127963 2110670
1440979200 168 88 236 108
1440892800 172 89 256 109
1440806400 766 4478 37514 552094
1440720000 2930 5934 362013 270921
1440633600 594 1565 10775 39031
1440547200 4906 8860 743712 413972
1440460800 2666 9887 111575 1148382
1440374400 184 88 311 369
1440288000 186 91 683 1559
1440201600 905 1869 29581 46516
1440115200 1132 2894 14806 44144
1440028800 1218 3116 26918 232823
1439942400 1249 2411 50138 67360
1439856000 2626 4694 376772 273422
1439769600 165 91 231 158
1439683200 184 93 2476 1295
1439596800 11102 7556 943053 200379
1439510400 76432 18689 754395 407949
1439424000 76221 19143 739430 1739741
1439337600 64878 15771 726159 433863
1439251200 8759 11888 904583 818781
1439164800 200 95 277 133
1439078400 210 95 316 129
1438992000 1171 3133 19065 113646
1438905600 2024 7411 66825 254056
1438819200 996 3349 57083 242688
1438732800 5484 11849 656138 403168
1438646400 174 88 219 132
1438560000 174 88 227 112
1438473600 184 92 471 627
1438387200 2332 3578 157223 193886
1438300800 3053 33272 127258 2010328
1438214400 13668 13603 788862 856108
1438128000 2746 13202 90573 340377
1438041600 1261 5496 14685 241958
1437955200 193 92 288 123
1437868800 196 92 295 133
1437782400 2653 14794 91428 621621
1437696000 3977 30508 160065 700890
1437609600 2011 6953 72768 455432
1437523200 1381 8919 45537 818049
1437436800 3278 17656 86292 1321180
1437350400 186 86 273 111
1437264000 192 90 311 111
1437177600 994 5396 96210 1010786
1437091200 2344 8339 47876 149386
1437004800 1712 5972 87425 218874
1436918400 1822 7056 147775 338897
1436832000 4033 44937 58579 579496
1436745600 179 89 270 111
1436659200 217 238 2096 15777
1436572800 1445 6468 40536 572647
1436486400 1631 19615 54532 1892581
1436400000 1159 9218 29443 776537
1436313600 1189 3255 29174 199283
1436227200 2173 4036 106591 141576
1436140800 188 90 243 130
1436054400 198 91 280 144
1435968000 839 4895 25317 621618
1435881600 1670 1696 259745 79350
1435795200 192 103 3569 4829
1435708800 1139 4073 64312 181423
1435622400 1553 24619 65908 1483777
1435536000 194 105 340 218
1435449600 181 106 252 193
1435363200 907 1615 23070 43784
1435276800 3408 4500 650187 213715
1435190400 3862 4376 615198 188248
1435104000 2219 4300 177411 205651
1435017600 993 8215 27435 965630
1434931200 181 98 2315 2910
1434844800 518 193 66033 6143
1434758400 1361 3560 21739 77615
1434672000 2031 5239 123621 332471
1434585600 1827 3713 79323 217533
1434499200 960 3143 48827 153552
1434412800 780 2458 33380 244312
1434326400 224 172 614 866
1434240000 217 177 543 641
1434153600 2032 18401 85213 836889
1434067200 2481 7166 219096 510331
1433980800 1167 5862 18579 437414
1433894400 4615 15572 458971 721894
1433808000 1986 4345 250064 452547
1433721600 224 167 445 634
1433635200 218 156 577 623
1433548800 3322 5057 228390 326800
1433462400 2128 8519 199342 1232610
1433376000 2187 2055 356478 214796
1433289600 1142 3080 87380 183309
1433203200 1156 8117 46911 880598
1433116800 181 89 297 111
1433030400 172 89 254 113
1432944000 6242 2694 382987 163611
1432857600 5848 3736 194695 158947
1432771200 1844 12560 31424 533078
1432684800 559 1292 7841 19505
1432598400 1937 2866 114113 116700
1432512000 192 89 335 110
1432425600 209 91 931 423
1432339200 3143 23159 107336 615976
1432252800 2716 10465 195911 821026
1432166400 274 1041 5732 62503
1432080000 0 0 0 0
1431993600 0 0 0 0
1431907200 0 0 0 0
1431820800 0 0 0 0
1431734400 0 0 0 0
1431648000 0 0 0 0
1431561600 0 0 0 0
1431475200 0 0 0 0
1431388800 0 0 0 0
1431302400 0 0 0 0
1431216000 0 0 0 0
1431129600 0 0 0 0
1431043200 0 0 0 0
1430956800 0 0 0 0
1430870400 0 0 0 0
1430784000 0 0 0 0
1430697600 0 0 0 0
1430611200 0 0 0 0
1430524800 0 0 0 0
1430438400 0 0 0 0
1430352000 0 19 8 601
1430265600 8 521 16 1212
1430179200 8 461 15 1186
1430092800 7 280 16 542
1430006400 0 123 15 1156
1429920000 0 0 0 0
1429833600 0 0 0 0
1429747200 0 0 0 0
1429660800 0 0 0 0
1429574400 0 0 0 0
1429488000 0 0 0 0
1429401600 0 0 0 0
1429315200 0 0 0 0
1429228800 0 0 0 0
1429142400 0 0 0 0
1429056000 0 0 0 0
1428969600 0 0 0 0
1428883200 0 0 0 0
1428796800 0 0 0 0
1428710400 0 0 0 0
1428624000 0 0 0 0
1428537600 0 0 0 0
1428451200 0 0 0 0
1428364800 0 0 0 0
1428278400 0 0 0 0
1428192000 0 0 0 0
1428105600 0 0 0 0
1428019200 0 0 0 0
1427932800 0 0 0 0
1427846400 0 0 0 0
1427760000 0 0 0 0
1427673600 0 0 0 0
1427587200 0 0 0 0
1427500800 0 0 0 0
1427414400 0 0 0 0
1427328000 0 0 0 0
1427241600 0 0 0 0
1427155200 0 0 0 0
1427068800 0 0 0 0
1426982400 0 0 0 0
1426896000 0 0 0 0
1426809600 0 0 0 0
1426723200 0 0 0 0
1426636800 0 0 0 0
1426550400 0 0 0 0
1426464000 0 0 0 0
1426377600 0 0 0 0
1426291200 0 0 0 0
1426204800 0 0 0 0
1426118400 0 0 0 0
1426032000 0 0 0 0
1425945600 0 0 0 0
1425859200 0 0 0 0
1425772800 0 0 0 0
1425686400 0 0 0 0
1425600000 0 0 0 0
1425513600 0 0 0 0
1425427200 0 0 0 0
1425340800 0 0 0 0
1425254400 0 0 0 0
1425168000 0 0 0 0
1425081600 0 0 0 0
1424995200 0 0 0 0
1424908800 0 0 0 0
1424822400 0 0 0 0
1424736000 0 0 0 0
1424649600 0 0 0 0
1424563200 0 0 0 0
1424476800 0 0 0 0
1424390400 0 0 0 0
1424304000 0 0 0 0
1424217600 0 0 0 0
1424131200 0 0 0 0
1424044800 0 0 0 0
1423958400 0 0 0 0
1423872000 0 0 0 0
1423785600 0 0 0 0
1423699200 0 0 0 0
1423612800 0 0 0 0
1423526400 0 0 0 0
1423440000 0 0 0 0
1423353600 0 0 0 0
1423267200 0 0 0 0
1423180800 0 0 0 0
1423094400 0 0 0 0
1423008000 0 0 0 0
1422921600 0 0 0 0
1422835200 0 0 0 0
1422748800 0 0 0 0
1422662400 0 0 0 0
1422576000 0 0 0 0
1422489600 0 0 0 0
1422403200 0 0 0 0
1422316800 0 0 0 0
1422230400 0 0 0 0
1422144000 0 0 0 0
1422057600 0 0 0 0
1421971200 0 0 0 0
1421884800 0 0 0 0
1421798400 0 0 0 0
1421712000 0 0 0 0
1421625600 0 0 0 0
1421539200 0 0 0 0
1421452800 0 0 0 0
1421366400 0 0 0 0
1421280000 0 0 0 0
1421193600 0 0 0 0
1421107200 0 0 0 0
1421020800 0 0 0 0
1420934400 0 0 0 0
1420848000 0 0 0 0
1420761600 0 0 0 0
1420675200 0 0 0 0
1420588800 0 0 0 0
1420502400 0 0 0 0
1420416000 0 0 0 0
1420329600 0 0 0 0
1420243200 0 0 0 0
1420156800 0 0 0 0
1420070400 0 0 0 0
1419984000 0 0 0 0
1419897600 0 0 0 0
1419811200 0 0 0 0
1419724800 0 0 0 0
1419638400 0 0 0 0
1419552000 0 0 0 0
1419465600 0 0 0 0
1419379200 0 0 0 0
1419292800 0 0 0 0
1419206400 0 0 0 0
1419120000 0 0 0 0
1419033600 0 0 0 0
1418947200 0 0 0 0
1418860800 0 0 0 0
1418774400 0 0 0 0
1418688000 0 0 0 0
1418601600 0 0 0 0
1418515200 0 0 0 0
1418428800 0 0 0 0
1418342400 0 0 0 0
1418256000 0 0 0 0
1418169600 0 0 0 0
1418083200 0 0 0 0
1417996800 0 0 0 0
1417910400 0 0 0 0
1417824000 0 0 0 0
1417737600 0 0 0 0
1417651200 0 0 0 0
1417564800 0 0 0 0
1417478400 0 0 0 0
1417392000 0 0 0 0
1417305600 0 0 0 0
1417219200 0 0 0 0
1417132800 0 0 0 0
1417046400 0 0 0 0
1416960000 0 0 0 0
1416873600 0 0 0 0
1416787200 0 0 0 0
1416700800 0 0 0 0
1416614400 0 0 0 0
1416528000 0 0 0 0
1416441600 0 0 0 0
1416355200 0 0 0 0
1416268800 0 0 0 0
1416182400 0 0 0 0
1416096000 0 0 0 0
1416009600 0 0 0 0
1415923200 0 0 0 0
1415836800 0 0 0 0
1415750400 0 0 0 0
1415664000 0 0 0 0
1415577600 0 0 0 0
1415491200 0 0 0 0
1415404800 0 0 0 0
1415318400 0 0 0 0
1415232000 0 0 0 0
1415145600 0 0 0 0
1415059200 0 0 0 0
1414972800 0 0 0 0
1414886400 0 0 0 0
1414800000 0 0 0 0
1414713600 0 0 0 0
1414627200 0 0 0 0
1414540800 0 0 0 0
1414454400 0 0 0 0
1414368000 0 0 0 0
1414281600 0 0 0 0
1414195200 0 0 0 0
1414108800 0 0 0 0
1414022400 0 0 0 0
1413936000 0 0 0 0
1413849600 0 0 0 0
1413763200 0 0 0 0
1413676800 0 0 0 0
1413590400 0 0 0 0
1413504000 0 0 0 0
1413417600 0 0 0 0
1413331200 0 0 0 0
1413244800 0 0 0 0
1413158400 0 0 0 0
1413072000 0 0 0 0
1412985600 0 0 0 0
1412899200 0 0 0 0
1412812800 0 0 0 0
1412726400 0 0 0 0
1412640000 0 0 0 0
1412553600 0 0 0 0
1412467200 0 0 0 0
1412380800 0 0 0 0
1412294400 0 0 0 0
1412208000 0 0 0 0
1412121600 0 0 0 0
1412035200 0 0 0 0
1411948800 0 0 0 0
1411862400 0 0 0 0
1411776000 0 0 0 0
1411689600 0 0 0 0
1411603200 0 0 0 0
1411516800 0 0 0 0
1411430400 0 0 0 0
1411344000 0 0 0 0
1411257600 0 0 0 0
1411171200 0 0 0 0
1411084800 0 0 0 0
1410998400 0 0 0 0
1410912000 0 0 0 0
1410825600 0 0 0 0
1410739200 0 0 0 0
1410652800 0 0 0 0
1410566400 0 0 0 0
1410480000 0 0 0 0
1410393600 0 0 0 0
1410307200 0 0 0 0
1410220800 0 0 0 0
1410134400 0 0 0 0
1410048000 0 0 0 0
1409961600 0 0 0 0
1409875200 0 0 0 0
1409788800 0 0 0 0
1409702400 0 0 0 0
1409616000 0 0 0 0
1409529600 0 0 0 0
1409443200 0 0 0 0
1409356800 0 0 0 0
1409270400 0 0 0 0
1409184000 0 0 0 0
1409097600 0 0 0 0
1409011200 0 0 0 0
1408924800 0 0 0 0
1408838400 0 0 0 0
1408752000 0 0 0 0
1408665600 0 0 0 0
1408579200 0 0 0 0
1408492800 0 0 0 0
1408406400 0 0 0 0
1408320000 0 0 0 0
1408233600 0 0 0 0
1408147200 0 0 0 0
1408060800 0 0 0 0
1407974400 0 0 0 0
1407888000 0 0 0 0
1407801600 0 0 0 0
1407715200 0 0 0 0
1407628800 0 0 0 0
1407542400 0 0 0 0
1407456000 0 0 0 0
1407369600 0 0 0 0
1407283200 0 0 0 0
1407196800 0 0 0 0
1407110400 0 0 0 0
1407024000 0 0 0 0
1406937600 0 0 0 0
1406851200 0 0 0 0
1406764800 0 0 0 0
1406678400 0 0 0 0
1406592000 0 0 0 0
1406505600 0 0 0 0
1406419200 0 0 0 0
1406332800 0 0 0 0
1406246400 0 0 0 0
1406160000 0 0 0 0
1406073600 0 0 0 0
1405987200 0 0 0 0
1405900800 0 0 0 0
1405814400 0 0 0 0
1405728000 0 0 0 0
1405641600 0 0 0 0
1405555200 0 0 0 0
1405468800 0 0 0 0
1405382400 0 0 0 0
1405296000 0 0 0 0
1405209600 0 0 0 0
1405123200 0 0 0 0
1405036800 0 0 0 0
1404950400 0 0 0 0
1404864000 0 0 0 0
1404777600 0 0 0 0
1404691200 0 0 0 0
1404604800 0 0 0 0
1404518400 0 0 0 0
1404432000 0 0 0 0
1404345600 0 0 0 0
1404259200 0 0 0 0
1404172800 0 0 0 0
1404086400 0 0 0 0
1404000000 0 0 0 0
1403913600 0 0 0 0
1403827200 0 0 0 0
1403740800 0 0 0 0
1403654400 0 0 0 0
1403568000 0 0 0 0
1403481600 0 0 0 0
1403395200 0 0 0 0
1403308800 0 0 0 0
1403222400 0 0 0 0
1403136000 0 0 0 0
1403049600 0 0 0 0
1402963200 0 0 0 0
1402876800 0 0 0 0
1402790400 0 0 0 0
1402704000 0 0 0 0
1402617600 0 0 0 0
1402531200 0 0 0 0
1402444800 0 0 0 0
1402358400 0 0 0 0
1402272000 0 0 0 0
1402185600 0 0 0 0
1402099200 0 0 0 0
1402012800 0 0 0 0
1401926400 0 0 0 0
1401840000 0 0 0 0
1401753600 0 0 0 0
1401667200 0 0 0 0
1401580800 0 0 0 0
1401494400 0 0 0 0
1401408000 0 0 0 0
1401321600 0 0 0 0
1401235200 0 0 0 0
1401148800 0 0 0 0
1401062400 0 0 0 0
1400976000 0 0 0 0
1400889600 0 0 0 0
1400803200 0 0 0 0
1400716800 0 0 0 0
1400630400 0 0 0 0
1400544000 0 0 0 0
1400457600 0 0 0 0
1400371200 0 0 0 0
1400284800 0 0 0 0
1400198400 0 0 0 0
1400112000 0 0 0 0
1400025600 0 0 0 0
1399939200 0 0 0 0
1399852800 0 0 0 0
1399766400 0 0 0 0
1399680000 0 0 0 0
1399593600 0 0 0 0
1399507200 0 0 0 0
1399420800 0 0 0 0
1399334400 0 0 0 0
1399248000 0 0 0 0
1399161600 0 0 0 0
1399075200 0 0 0 0
1398988800 0 0 0 0
1398902400 0 0 0 0
1398816000 0 0 0 0
1398729600 0 0 0 0
1398643200 0 0 0 0
1398556800 0 0 0 0
1398470400 0 0 0 0
1398384000 0 0 0 0
1398297600 0 0 0 0
1398211200 0 0 0 0
1398124800 0 0 0 0
1398038400 0 0 0 0
1397952000 0 0 0 0
1397865600 0 0 0 0
1397779200 0 0 0 0
1397692800 0 0 0 0
1397606400 0 0 0 0
1397520000 0 0 0 0
1397433600 0 0 0 0
1397347200 0 0 0 0
1397260800 0 0 0 0
1397174400 0 0 0 0
1397088000 0 0 0 0
1397001600 0 0 0 0
1396915200 0 0 0 0
1396828800 0 0 0 0
1396742400 0 0 0 0
1396656000 0 0 0 0
1396569600 0 0 0 0
1396483200 0 0 0 0
1396396800 0 0 0 0
1396310400 0 0 0 0
1396224000 0 0 0 0
1396137600 0 0 0 0
1396051200 0 0 0 0
1395964800 0 0 0 0
1395878400 0 0 0 0
1395792000 0 0 0 0
1395705600 0 0 0 0
1395619200 0 0 0 0
1395532800 0 0 0 0
1395446400 0 0 0 0
1395360000 0 0 0 0
1395273600 0 0 0 0
1395187200 0 0 0 0
1395100800 0 0 0 0
1395014400 0 0 0 0
1394928000 0 0 0 0
1394841600 0 0 0 0
1394755200 0 0 0 0
1394668800 0 0 0 0
1394582400 0 0 0 0
1394496000 0 0 0 0
1394409600 0 0 0 0
1394323200 0 0 0 0
1394236800 0 0 0 0
1394150400 0 0 0 0
1394064000 0 0 0 0
1393977600 0 0 0 0
1393891200 0 0 0 0
1393804800 0 0 0 0
1393718400 0 0 0 0
1393632000 0 0 0 0
1393545600 0 0 0 0
1393459200 0 0 0 0
1393372800 0 0 0 0
1393286400 0 0 0 0
1393200000 0 0 0 0
1393113600 0 0 0 0
1393027200 0 0 0 0
1392940800 0 0 0 0
1392854400 0 0 0 0
1392768000 0 0 0 0
1392681600 0 0 0 0
1392595200 0 0 0 0
1392508800 0 0 0 0
1392422400 0 0 0 0
1392336000 0 0 0 0
1392249600 0 0 0 0
1392163200 0 0 0 0
1392076800 0 0 0 0
1391990400 0 0 0 0
1391904000 0 0 0 0
1391817600 0 0 0 0
