1460685973 -1 -1
1460685973 0 0 0 0
1460602034 0 0 0 0
1460601900 0 0 0 0
1460601600 0 0 0 0
1460601300 0 0 0 0
1460601000 0 0 0 0
1460600700 0 0 0 0
1460600400 0 0 0 0
1460600100 0 0 0 0
1460599800 0 0 0 0
1460599500 0 0 0 0
1460599200 0 0 0 0
1460598900 0 0 0 0
1460598600 0 0 0 0
1460598300 0 0 0 0
1460598000 0 0 0 0
1460597700 0 0 0 0
1460597400 0 0 0 0
1460597100 0 0 0 0
1460596800 0 0 0 0
1460596500 0 0 0 0
1460596200 0 0 0 0
1460595900 0 0 0 0
1460595600 0 0 0 0
1460595300 0 0 0 0
1460595000 0 0 0 0
1460594700 0 0 0 0
1460594400 0 0 0 0
1460594100 0 0 0 0
1460593800 0 0 0 0
1460593500 0 0 0 0
1460593200 0 0 0 0
1460592900 0 0 0 0
1460592600 0 0 0 0
1460592300 0 0 0 0
1460592000 0 0 0 0
1460591700 0 0 0 0
1460591400 0 0 0 0
1460591100 0 0 0 0
1460590800 0 0 0 0
1460590500 0 0 0 0
1460590200 0 0 0 0
1460589900 0 0 0 0
1460589600 0 0 0 0
1460589300 0 0 0 0
1460589000 0 0 0 0
1460588700 0 0 0 0
1460588400 0 0 0 0
1460588100 0 0 0 0
1460587800 0 0 0 0
1460587500 0 0 0 0
1460587200 0 0 0 0
1460586900 0 0 0 0
1460586600 0 0 0 0
1460586300 0 0 0 0
1460586000 0 0 0 0
1460585700 0 0 0 0
1460585400 0 0 0 0
1460585100 0 0 0 0
1460584800 0 0 0 0
1460584500 0 0 0 0
1460584200 0 0 0 0
1460583900 0 0 0 0
1460583600 0 0 0 0
1460583300 0 0 0 0
1460583000 0 0 0 0
1460582700 0 0 0 0
1460582400 0 0 0 0
1460582100 0 0 0 0
1460581800 0 0 0 0
1460581500 0 0 0 0
1460581200 0 0 0 0
1460580900 0 0 0 0
1460580600 0 0 0 0
1460580300 0 0 0 0
1460580000 0 0 0 0
1460579700 0 0 0 0
1460579400 0 0 0 0
1460579100 0 0 0 0
1460578800 0 0 0 0
1460578500 0 0 0 0
1460578200 0 0 0 0
1460577900 0 0 0 0
1460577600 0 0 0 0
1460577300 0 0 0 0
1460577000 0 0 0 0
1460576700 0 0 0 0
1460576400 0 0 0 0
1460576100 0 0 0 0
1460575800 0 0 0 0
1460575500 0 0 0 0
1460575200 0 0 0 0
1460574900 0 0 0 0
1460574600 0 0 0 0
1460574300 0 0 0 0
1460574000 0 0 0 0
1460573700 0 0 0 0
1460573400 0 0 0 0
1460573100 0 0 0 0
1460572800 0 0 0 0
1460572500 0 0 0 0
1460572200 0 0 0 0
1460571900 0 0 0 0
1460571600 0 0 0 0
1460571300 0 0 0 0
1460571000 0 0 0 0
1460570700 0 0 0 0
1460570400 0 0 0 0
1460570100 0 0 0 0
1460569800 0 0 0 0
1460569500 0 0 0 0
1460569200 0 0 0 0
1460568900 0 0 0 0
1460568600 0 0 0 0
1460568300 0 0 0 0
1460568000 0 0 0 0
1460567700 0 0 0 0
1460567400 0 0 0 0
1460567100 0 0 0 0
1460566800 0 0 0 0
1460566500 0 0 0 0
1460566200 0 0 0 0
1460565900 0 0 0 0
1460565600 0 0 0 0
1460565300 0 0 0 0
1460565000 0 0 0 0
1460564700 0 0 0 0
1460564400 0 0 0 0
1460564100 0 0 0 0
1460563800 0 0 0 0
1460563500 0 0 0 0
1460563200 0 0 0 0
1460562900 0 0 0 0
1460562600 0 0 0 0
1460562300 0 0 0 0
1460562000 0 0 0 0
1460561700 0 0 0 0
1460561400 0 0 0 0
1460561100 0 0 0 0
1460560800 0 0 0 0
1460560500 0 0 0 0
1460560200 0 0 0 0
1460559900 0 0 0 0
1460559600 0 0 0 0
1460559300 0 0 0 0
1460559000 0 0 0 0
1460558700 0 0 0 0
1460558400 0 0 0 0
1460558100 0 0 0 0
1460557800 0 0 0 0
1460557500 0 0 0 0
1460557200 0 0 0 0
1460556900 0 0 0 0
1460556600 0 0 0 0
1460556300 0 0 0 0
1460556000 0 0 0 0
1460555700 0 0 0 0
1460555400 0 0 0 0
1460555100 0 0 0 0
1460554800 0 0 0 0
1460554500 0 0 0 0
1460554200 0 0 0 0
1460553900 0 0 0 0
1460553600 0 0 0 0
1460553300 0 0 0 0
1460553000 0 0 0 0
1460552700 0 0 0 0
1460552400 0 0 0 0
1460552100 0 0 0 0
1460551800 0 0 0 0
1460551500 0 0 0 0
1460551200 0 0 0 0
1460550900 0 0 0 0
1460550600 0 0 0 0
1460550300 0 0 0 0
1460550000 0 0 0 0
1460549700 0 0 0 0
1460549400 0 0 0 0
1460549100 0 0 0 0
1460548800 0 0 0 0
1460548500 0 0 0 0
1460548200 0 0 0 0
1460547900 0 0 0 0
1460547600 0 0 0 0
1460547300 0 0 0 0
1460547000 0 0 0 0
1460546700 0 0 0 0
1460546400 0 0 0 0
1460546100 0 0 0 0
1460545800 0 0 0 0
1460545500 0 0 0 0
1460545200 0 0 0 0
1460544900 0 0 0 0
1460544600 0 0 0 0
1460544300 0 0 0 0
1460544000 0 0 0 0
1460543700 0 0 0 0
1460543400 0 0 0 0
1460543100 0 0 0 0
1460542800 0 0 0 0
1460542500 0 0 0 0
1460542200 0 0 0 0
1460541900 0 0 0 0
1460541600 0 0 0 0
1460541300 0 0 0 0
1460541000 0 0 0 0
1460540700 0 0 0 0
1460540400 0 0 0 0
1460540100 0 0 0 0
1460539800 0 0 0 0
1460539500 0 0 0 0
1460539200 0 0 0 0
1460538900 0 0 0 0
1460538600 0 0 0 0
1460538300 0 0 0 0
1460538000 0 0 0 0
1460537700 0 0 0 0
1460537400 0 0 0 0
1460537100 0 0 0 0
1460536800 0 0 0 0
1460536500 0 0 0 0
1460536200 0 0 0 0
1460535900 0 0 0 0
1460535600 0 0 0 0
1460535300 0 0 0 0
1460535000 0 0 0 0
1460534700 0 0 0 0
1460534400 0 0 0 0
1460534100 0 0 0 0
1460533800 0 0 0 0
1460533500 0 0 0 0
1460533200 0 0 0 0
1460532900 0 0 0 0
1460532600 0 0 0 0
1460532300 0 0 0 0
1460532000 0 0 0 0
1460531700 0 0 0 0
1460531400 0 0 0 0
1460531100 0 0 0 0
1460530800 0 0 0 0
1460530500 0 0 0 0
1460530200 0 0 0 0
1460529900 0 0 0 0
1460529600 0 0 0 0
1460529300 0 0 0 0
1460529000 0 0 0 0
1460528700 0 0 0 0
1460528400 0 0 0 0
1460528100 0 0 0 0
1460527800 0 0 0 0
1460527500 0 0 0 0
1460527200 0 0 0 0
1460526900 0 0 0 0
1460526600 0 0 0 0
1460526300 0 0 0 0
1460526000 0 0 0 0
1460525700 0 0 0 0
1460525400 0 0 0 0
1460525100 0 0 0 0
1460524800 0 0 0 0
1460524500 0 0 0 0
1460524200 0 0 0 0
1460523900 0 0 0 0
1460523600 0 0 0 0
1460523300 0 0 0 0
1460523000 0 0 0 0
1460522700 0 0 0 0
1460522400 0 0 0 0
1460522100 0 0 0 0
1460521800 0 0 0 0
1460521500 0 0 0 0
1460521200 0 0 0 0
1460520900 0 0 0 0
1460520600 0 0 0 0
1460520300 0 0 0 0
1460520000 0 0 0 0
1460519700 0 0 0 0
1460519400 0 0 0 0
1460519100 0 0 0 0
1460518800 0 0 0 0
1460518500 0 0 0 0
1460518200 0 0 0 0
1460517900 0 0 0 0
1460517600 0 0 0 0
1460517300 0 0 0 0
1460517000 0 0 0 0
1460516700 0 0 0 0
1460516400 0 0 0 0
1460516100 0 0 0 0
1460515800 0 0 0 0
1460515500 0 0 0 0
1460515200 0 0 0 0
1460514900 0 0 0 0
1460514600 0 0 0 0
1460514300 0 0 0 0
1460514000 0 0 0 0
1460513700 0 0 0 0
1460513400 0 0 0 0
1460513100 0 0 0 0
1460512800 0 0 0 0
1460512500 0 0 0 0
1460512200 0 0 0 0
1460511900 0 0 0 0
1460511600 0 0 0 0
1460511300 0 0 0 0
1460511000 0 0 0 0
1460510700 0 0 0 0
1460510400 0 0 0 0
1460510100 0 0 0 0
1460509800 0 0 0 0
1460509500 0 0 0 0
1460509200 0 0 0 0
1460508900 0 0 0 0
1460508600 0 0 0 0
1460508300 0 0 0 0
1460508000 0 0 0 0
1460507700 0 0 0 0
1460507400 0 0 0 0
1460507100 0 0 0 0
1460506800 0 0 0 0
1460506500 0 0 0 0
1460506200 0 0 0 0
1460505900 0 0 0 0
1460505600 0 0 0 0
1460505300 0 0 0 0
1460505000 0 0 0 0
1460504700 0 0 0 0
1460504400 0 0 0 0
1460504100 0 0 0 0
1460503800 0 0 0 0
1460503500 0 0 0 0
1460503200 0 0 0 0
1460502900 0 0 0 0
1460502600 0 0 0 0
1460502300 0 0 0 0
1460502000 0 0 0 0
1460501700 0 0 0 0
1460501400 0 0 0 0
1460501100 0 0 0 0
1460500800 0 0 0 0
1460500500 0 0 0 0
1460500200 0 0 0 0
1460499900 0 0 0 0
1460499600 0 0 0 0
1460499300 0 0 0 0
1460499000 0 0 0 0
1460498700 0 0 0 0
1460498400 0 0 0 0
1460498100 0 0 0 0
1460497800 0 0 0 0
1460497500 0 0 0 0
1460497200 0 0 0 0
1460496900 0 0 0 0
1460496600 0 0 0 0
1460496300 0 0 0 0
1460496000 0 0 0 0
1460495700 0 0 0 0
1460495400 0 0 0 0
1460495100 0 0 0 0
1460494800 0 0 0 0
1460494500 0 0 0 0
1460494200 0 0 0 0
1460493900 0 0 0 0
1460493600 0 0 0 0
1460493300 0 0 0 0
1460493000 0 0 0 0
1460492700 0 0 0 0
1460492400 0 0 0 0
1460492100 0 0 0 0
1460491800 0 0 0 0
1460491500 0 0 0 0
1460491200 0 0 0 0
1460490900 0 0 0 0
1460490600 0 0 0 0
1460490300 0 0 0 0
1460490000 0 0 0 0
1460489700 0 0 0 0
1460489400 0 0 0 0
1460489100 0 0 0 0
1460488800 0 0 0 0
1460488500 0 0 0 0
1460488200 0 0 0 0
1460487900 0 0 0 0
1460487600 0 0 0 0
1460487300 0 0 0 0
1460487000 0 0 0 0
1460486700 0 0 0 0
1460486400 0 0 0 0
1460486100 0 0 0 0
1460485800 0 0 0 0
1460485500 0 0 0 0
1460485200 0 0 0 0
1460484900 0 0 0 0
1460484600 0 0 0 0
1460484300 0 0 0 0
1460484000 0 0 0 0
1460483700 0 0 0 0
1460483400 0 0 0 0
1460483100 0 0 0 0
1460482800 0 0 0 0
1460482500 0 0 0 0
1460482200 0 0 0 0
1460481900 0 0 0 0
1460481600 0 0 0 0
1460481300 0 0 0 0
1460481000 0 0 0 0
1460480700 0 0 0 0
1460480400 0 0 0 0
1460480100 0 0 0 0
1460479800 0 0 0 0
1460479500 0 0 0 0
1460479200 0 0 0 0
1460478900 0 0 0 0
1460478600 0 0 0 0
1460478300 0 0 0 0
1460478000 0 0 0 0
1460477700 0 0 0 0
1460477400 0 0 0 0
1460477100 0 0 0 0
1460476800 0 0 0 0
1460476500 0 0 0 0
1460476200 0 0 0 0
1460475900 0 0 0 0
1460475600 0 0 0 0
1460475300 0 0 0 0
1460475000 0 0 0 0
1460474700 0 0 0 0
1460474400 0 0 0 0
1460474100 0 0 0 0
1460473800 0 0 0 0
1460473500 0 0 0 0
1460473200 0 0 0 0
1460472900 0 0 0 0
1460472600 0 0 0 0
1460472300 0 0 0 0
1460472000 0 0 0 0
1460471700 0 0 0 0
1460471400 0 0 0 0
1460471100 0 0 0 0
1460470800 0 0 0 0
1460470500 0 0 0 0
1460470200 0 0 0 0
1460469900 0 0 0 0
1460469600 0 0 0 0
1460469300 0 0 0 0
1460469000 0 0 0 0
1460468700 0 0 0 0
1460468400 0 0 0 0
1460468100 0 0 0 0
1460467800 0 0 0 0
1460467500 0 0 0 0
1460467200 0 0 0 0
1460466900 0 0 0 0
1460466600 0 0 0 0
1460466300 0 0 0 0
1460466000 0 0 0 0
1460465700 0 0 0 0
1460465400 0 0 0 0
1460465100 0 0 0 0
1460464800 0 0 0 0
1460464500 0 0 0 0
1460464200 0 0 0 0
1460463900 0 0 0 0
1460463600 0 0 0 0
1460463300 0 0 0 0
1460463000 0 0 0 0
1460462700 0 0 0 0
1460462400 0 0 0 0
1460462100 0 0 0 0
1460461800 0 0 0 0
1460461500 0 0 0 0
1460461200 0 0 0 0
1460460900 0 0 0 0
1460460600 0 0 0 0
1460460300 0 0 0 0
1460460000 0 0 0 0
1460459700 0 0 0 0
1460459400 0 0 0 0
1460459100 0 0 0 0
1460458800 0 0 0 0
1460458500 0 0 0 0
1460458200 0 0 0 0
1460457900 0 0 0 0
1460457600 0 0 0 0
1460457300 0 0 0 0
1460457000 0 0 0 0
1460456700 0 0 0 0
1460456400 0 0 0 0
1460456100 0 0 0 0
1460455800 0 0 0 0
1460455500 0 0 0 0
1460455200 0 0 0 0
1460454900 0 0 0 0
1460454600 0 0 0 0
1460454300 0 0 0 0
1460454000 0 0 0 0
1460453700 0 0 0 0
1460453400 0 0 0 0
1460453100 0 0 0 0
1460452800 0 0 0 0
1460452500 0 0 0 0
1460452200 0 0 0 0
1460451900 0 0 0 0
1460451600 0 0 0 0
1460451300 0 0 0 0
1460451000 0 0 0 0
1460450700 0 0 0 0
1460450400 0 0 0 0
1460450100 0 0 0 0
1460449800 0 0 0 0
1460449500 0 0 0 0
1460449200 0 0 0 0
1460448900 0 0 0 0
1460448600 0 0 0 0
1460448300 0 0 0 0
1460448000 0 0 0 0
1460447700 0 0 0 0
1460447400 0 0 0 0
1460447100 0 0 0 0
1460446800 0 0 0 0
1460446500 0 0 0 0
1460446200 0 0 0 0
1460445900 0 0 0 0
1460445600 0 0 0 0
1460445300 0 0 0 0
1460445000 0 0 0 0
1460444700 0 0 0 0
1460444400 0 0 0 0
1460444100 0 0 0 0
1460443800 0 0 0 0
1460443500 0 0 0 0
1460443200 0 0 0 0
1460442900 0 0 0 0
1460442600 0 0 0 0
1460442300 0 0 0 0
1460442000 0 0 0 0
1460441700 0 0 0 0
1460441400 0 0 0 0
1460441100 0 0 0 0
1460440800 0 0 0 0
1460440500 0 0 0 0
1460440200 0 0 0 0
1460439900 0 0 0 0
1460439600 0 0 0 0
1460439300 0 0 0 0
1460439000 0 0 0 0
1460438700 0 0 0 0
1460438400 0 0 0 0
1460438100 0 0 0 0
1460437800 0 0 0 0
1460437500 0 0 0 0
1460437200 0 0 0 0
1460436900 0 0 0 0
1460436600 0 0 0 0
1460436300 0 0 0 0
1460436000 0 0 0 0
1460435700 0 0 0 0
1460435400 0 0 0 0
1460435100 0 0 0 0
1460434800 0 0 0 0
1460434500 0 0 0 0
1460434200 0 0 0 0
1460433900 0 0 0 0
1460433600 0 0 0 0
1460433300 0 0 0 0
1460433000 0 0 0 0
1460432700 0 0 0 0
1460432400 0 0 0 0
1460432100 0 0 0 0
1460431800 0 0 0 0
1460431500 0 0 0 0
1460431200 0 0 0 0
1460430900 0 0 0 0
1460430600 0 0 0 0
1460430300 0 0 0 0
1460430000 0 0 0 0
1460429700 0 0 0 0
1460429400 0 0 0 0
1460429100 0 0 0 0
1460428800 0 0 0 0
1460428500 0 0 0 0
1460428200 0 0 0 0
1460427900 0 0 0 0
1460427600 0 0 0 0
1460427300 0 0 0 0
1460427000 0 0 0 0
1460426700 0 0 0 0
1460426400 0 0 0 0
1460426100 0 0 0 0
1460425800 0 0 0 0
1460425500 0 0 0 0
1460425200 0 0 0 0
1460424900 0 0 0 0
1460424600 0 0 0 0
1460424300 0 0 0 0
1460424000 0 0 0 0
1460423700 0 0 0 0
1460423400 0 0 0 0
1460423100 0 0 0 0
1460422800 0 0 0 0
1460422500 0 0 0 0
1460422200 0 0 0 0
1460421000 0 0 0 0
1460419200 0 0 0 0
1460417400 0 0 0 0
1460415600 0 0 0 0
1460413800 0 0 0 0
1460412000 0 0 0 0
1460410200 0 0 0 0
1460408400 0 0 0 0
1460406600 0 0 0 0
1460404800 0 0 0 0
1460403000 0 0 0 0
1460401200 0 0 0 0
1460399400 0 0 0 0
1460397600 0 0 0 0
1460395800 0 0 0 0
1460394000 0 0 0 0
1460392200 0 0 0 0
1460390400 0 0 0 0
1460388600 0 0 0 0
1460386800 0 0 0 0
1460385000 0 0 0 0
1460383200 0 0 0 0
1460381400 0 0 0 0
1460379600 0 0 0 0
1460377800 0 0 0 0
1460376000 0 0 0 0
1460374200 0 0 0 0
1460372400 0 0 0 0
1460370600 0 0 0 0
1460368800 0 0 0 0
1460367000 0 0 0 0
1460365200 0 0 0 0
1460363400 0 0 0 0
1460361600 0 0 0 0
1460359800 0 0 0 0
1460358000 0 0 0 0
1460356200 0 0 0 0
1460354400 0 0 0 0
1460352600 0 0 0 0
1460350800 0 0 0 0
1460349000 0 0 0 0
1460347200 0 0 0 0
1460345400 0 0 0 0
1460343600 0 0 0 0
1460341800 0 0 0 0
1460340000 0 0 0 0
1460338200 0 0 0 0
1460336400 0 0 0 0
1460334600 0 0 0 0
1460332800 0 0 0 0
1460331000 0 0 0 0
1460329200 0 0 0 0
1460327400 0 0 0 0
1460325600 0 0 0 0
1460323800 0 0 0 0
1460322000 0 0 0 0
1460320200 0 0 0 0
1460318400 0 0 0 0
1460316600 0 0 0 0
1460314800 0 0 0 0
1460313000 0 0 0 0
1460311200 0 0 0 0
1460309400 0 0 0 0
1460307600 0 0 0 0
1460305800 0 0 0 0
1460304000 0 0 0 0
1460302200 0 0 0 0
1460300400 0 0 0 0
1460298600 0 0 0 0
1460296800 0 0 0 0
1460295000 0 0 0 0
1460293200 0 0 0 0
1460291400 0 0 0 0
1460289600 0 0 0 0
1460287800 0 0 0 0
1460286000 0 0 0 0
1460284200 0 0 0 0
1460282400 0 0 0 0
1460280600 0 0 0 0
1460278800 0 0 0 0
1460277000 0 0 0 0
1460275200 0 0 0 0
1460273400 0 0 0 0
1460271600 0 0 0 0
1460269800 0 0 0 0
1460268000 0 0 0 0
1460266200 0 0 0 0
1460264400 0 0 0 0
1460262600 0 0 0 0
1460260800 0 0 0 0
1460259000 0 0 0 0
1460257200 0 0 0 0
1460255400 0 0 0 0
1460253600 0 0 0 0
1460251800 0 0 0 0
1460250000 0 0 0 0
1460248200 0 0 0 0
1460246400 0 0 0 0
1460244600 0 0 0 0
1460242800 0 0 0 0
1460241000 0 0 0 0
1460239200 0 0 0 0
1460237400 0 0 0 0
1460235600 0 0 0 0
1460233800 0 0 0 0
1460232000 0 0 0 0
1460230200 0 0 0 0
1460228400 0 0 0 0
1460226600 0 0 0 0
1460224800 0 0 0 0
1460223000 0 0 0 0
1460221200 0 0 0 0
1460219400 0 0 0 0
1460217600 0 0 0 0
1460215800 0 0 0 0
1460214000 0 0 0 0
1460212200 0 0 0 0
1460210400 0 0 0 0
1460208600 0 0 0 0
1460206800 0 0 0 0
1460205000 0 0 0 0
1460203200 0 0 0 0
1460201400 0 0 0 0
1460199600 0 0 0 0
1460197800 0 0 0 0
1460196000 0 0 0 0
1460194200 0 0 0 0
1460192400 0 0 0 0
1460190600 0 0 0 0
1460188800 0 0 0 0
1460187000 0 0 0 0
1460185200 0 0 0 0
1460183400 0 0 0 0
1460181600 0 0 0 0
1460179800 0 0 0 0
1460178000 0 0 0 0
1460176200 0 0 0 0
1460174400 0 0 0 0
1460172600 0 0 0 0
1460170800 0 0 0 0
1460169000 0 0 0 0
1460167200 0 0 0 0
1460165400 0 0 0 0
1460163600 0 0 0 0
1460161800 0 0 0 0
1460160000 0 0 0 0
1460158200 0 0 0 0
1460156400 0 0 0 0
1460154600 0 0 0 0
1460152800 0 0 0 0
1460151000 0 0 0 0
1460149200 0 0 0 0
1460147400 0 0 0 0
1460145600 0 0 0 0
1460143800 0 0 0 0
1460142000 0 0 0 0
1460140200 265 95 660 190
1460138400 334 136 529 176
1460136600 328 132 369 148
1460134800 351 141 406 162
1460133000 645 206 809 247
1460131200 709 210 895 267
1460129400 656 178 810 201
1460127600 630 186 736 218
1460125800 631 191 736 218
1460124000 606 196 758 221
1460122200 891 279 1368 736
1460120400 653 200 726 306
1460118600 567 260 838 773
1460116800 340 138 515 201
1460115000 327 171 538 237
1460113200 223 144 238 249
1460111400 253 200 298 281
1460109600 168 169 211 222
1460107800 143 149 158 208
1460106000 142 150 165 199
1460104200 143 136 161 208
1460102400 163 148 196 202
1460100600 154 137 173 204
1460098800 147 158 166 215
1460097000 157 147 184 209
1460095200 158 160 184 204
1460093400 164 156 185 212
1460091600 181 154 208 214
1460089800 200 150 238 203
1460088000 197 146 223 212
1460086200 214 154 245 214
1460084400 225 153 244 213
1460082600 245 139 265 213
1460080800 246 150 273 210
1460079000 256 140 282 184
1460077200 250 160 267 229
1460075400 256 148 277 212
1460073600 278 170 315 233
1460071800 313 191 369 294
1460070000 424 238 566 397
1460068200 502 274 798 479
1460066400 690 289 820 457
1460064600 810 398 1005 592
1460062800 880 527 1150 830
1460061000 964 445 1190 935
1460059200 926 600 1409 1001
1460057400 676 394 1122 794
1460055600 634 430 1122 778
1460053800 520 338 719 751
1460052000 660 437 1136 840
1460050200 988 433 1110 840
1460048400 534 361 700 715
1460046600 655 417 834 834
1460044800 601 416 794 765
1460043000 567 389 695 781
1460041200 567 400 655 769
1460039400 577 378 669 735
1460037600 723 370 819 680
1460035800 590 235 789 355
1460034000 430 234 630 464
1460032200 311 159 351 250
1460030400 301 148 326 246
1460028600 257 137 297 218
1460026800 227 133 329 188
1460025000 225 135 242 188
1460023200 229 149 273 182
1460021400 193 120 213 136
1460019600 192 121 208 146
1460017800 167 122 199 135
1460016000 149 117 161 134
1460014200 193 118 304 127
1460012400 175 122 208 141
1460010600 155 117 183 135
1460008800 211 122 277 143
1460007000 197 117 218 123
1460005200 160 118 180 140
1460003400 180 122 226 139
1460001600 236 124 253 151
1459999800 241 122 272 152
1459998000 251 126 285 152
1459996200 236 121 262 152
1459994400 211 116 237 142
1459992600 248 119 266 144
1459990800 258 118 312 127
1459989000 220 113 262 121
1459987200 252 123 287 146
1459985400 280 119 301 136
1459983600 275 124 301 146
1459981800 330 129 374 149
1459980000 353 150 384 188
1459978200 359 161 394 286
1459976400 379 169 462 276
1459974600 642 180 812 208
1459972800 941 252 1077 294
1459971000 899 229 1048 304
1459969200 1042 381 1187 507
1459967400 1011 452 1457 1004
1459965600 1149 506 1415 765
1459963800 1142 469 1571 1203
1459962000 550 213 747 299
1459960200 434 229 610 383
1459958400 9834 22228 21208 62858
1459956600 3756 12166 21208 106567
1459954800 5198 91828 10619 151984
1459953000 5277 102505 8118 217422
1459951200 59759 319730 294955 756081
1459949400 7506 158494 17280 336900
1459947600 2161 52095 7430 268250
1459945800 609 1139 2261 11330
1459944000 473 1253 2261 11330
1459942200 205 113 219 133
1459940400 209 126 248 141
1459938600 185 120 206 130
1459936800 155 113 162 123
1459935000 171 116 187 125
1459933200 178 121 185 143
1459931400 172 121 181 133
1459929600 179 118 194 133
1459927800 176 119 200 129
1459926000 178 117 187 127
1459924200 180 124 209 153
1459922400 152 122 164 131
1459920600 150 121 171 137
1459918800 189 126 210 142
1459917000 188 127 235 145
1459915200 191 124 223 137
1459913400 200 120 235 136
1459911600 236 127 262 149
1459909800 224 122 248 149
1459908000 253 124 285 142
1459906200 244 120 271 142
1459904400 264 128 292 144
1459902600 282 126 313 144
1459900800 258 122 289 136
1459899000 287 123 335 134
1459897200 301 127 313 147
1459895400 318 131 349 146
1459893600 415 354 805 1077
1459891800 966 4076 3386 21694
1459890000 1504 2948 3050 5549
1459888200 2849 7629 5493 19590
1459886400 9876 49656 22485 102008
1459884600 4009 14820 6779 29153
1459882800 3750 6963 24389 14854
1459881000 6890 6684 24389 21631
1459879200 1101 1761 1630 3436
1459877400 1547 2909 2027 6391
1459875600 2391 12450 7473 61946
1459873800 1784 2584 3568 5442
1459872000 2545 4151 5687 8103
1459870200 4649 14361 11477 33508
1459868400 13064 10357 55659 23200
1459866600 1367 3487 1926 7412
1459864800 4766 52912 13493 228984
1459863000 2599 25455 8454 117737
1459861200 642 2284 1673 16887
1459859400 467 651 707 1961
1459857600 269 363 518 1961
1459855800 193 216 228 509
1459854000 171 151 248 166
1459852200 142 148 168 170
1459850400 145 150 167 170
1459848600 149 156 182 202
1459846800 133 146 148 170
1459845000 149 157 173 212
1459843200 143 164 185 213
1459841400 154 166 177 199
1459839600 144 150 168 194
1459837800 140 146 157 179
1459836000 162 156 191 179
1459834200 154 152 181 190
1459832400 154 154 173 198
1459830600 158 147 180 165
1459828800 168 157 184 175
1459827000 176 151 194 175
1459825200 180 192 210 227
1459823400 171 156 185 227
1459821600 192 157 218 177
1459819800 200 154 244 177
1459818000 198 159 220 186
1459816200 205 161 238 209
1459814400 203 168 225 202
1459812600 217 173 242 206
1459810800 240 167 270 200
1459809000 252 173 273 232
1459807200 314 227 403 478
1459805400 330 320 813 1109
1459803600 2324 11657 6553 53345
1459801800 6354 38503 12138 180451
1459800000 8435 50887 15976 113448
1459798200 12606 16223 64831 36293
1459796400 3785 10886 10535 33837
1459794600 6701 36247 12453 153787
1459792800 3121 7917 6339 16153
1459791000 8783 47180 26978 139101
1459789200 1512 2635 4192 6743
1459787400 2177 8772 4261 30464
1459785600 2175 3578 5607 5932
1459783800 1224 3107 2082 6421
1459782000 4001 32542 25526 167049
1459780200 63885 45063 240562 167049
1459778400 2271 8487 8118 28881
1459776600 2093 4888 7533 31288
1459774800 1320 4422 4664 31288
1459773000 240 281 263 486
1459771200 221 162 247 177
1459769400 176 151 199 174
1459767600 224 250 554 742
1459765800 145 177 168 208
1459764000 137 151 154 161
1459762200 135 150 151 168
1459760400 134 167 149 210
1459758600 134 154 151 194
1459756800 134 162 147 196
1459755000 137 171 151 247
1459753200 138 153 156 165
1459751400 133 148 148 159
1459749600 137 155 149 164
1459747800 147 152 168 170
1459746000 141 154 158 165
1459744200 138 147 151 165
1459742400 156 150 172 162
1459740600 159 152 181 180
1459738800 147 148 167 162
1459737000 154 150 182 168
1459735200 149 178 162 240
1459733400 158 173 182 197
1459731600 172 153 195 186
1459729800 183 160 209 186
1459728000 186 183 238 247
1459726200 216 193 255 395
1459724400 187 143 206 164
1459722600 179 144 195 165
1459720800 183 144 203 163
1459719000 180 139 205 157
1459717200 188 139 215 160
1459715400 190 145 215 156
1459713600 184 144 200 179
1459711800 184 144 209 166
1459710000 190 142 213 163
1459708200 204 142 217 172
1459706400 222 145 248 188
1459704600 229 145 256 172
1459702800 243 138 270 152
1459701000 210 145 228 169
1459699200 196 143 219 164
1459697400 172 141 193 170
1459695600 180 146 207 184
1459693800 167 143 185 155
1459692000 177 145 204 170
1459690200 148 142 165 165
1459688400 149 145 165 174
1459686600 143 144 161 161
1459684800 140 146 168 166
1459683000 136 145 153 163
1459681200 137 154 153 173
1459679400 132 142 148 152
1459677600 134 148 153 195
1459675800 133 147 157 176
1459674000 143 145 160 184
1459672200 144 145 161 168
1459670400 156 146 172 166
1459668600 161 145 183 164
1459666800 164 143 182 160
1459665000 166 145 195 162
1459663200 165 151 190 176
1459661400 167 148 188 155
1459659600 181 145 225 157
1459657800 220 146 245 156
1459656000 230 149 273 165
1459654200 212 144 251 167
1459652400 216 145 260 168
1459650600 220 147 242 173
1459648800 226 149 247 173
1459647000 219 150 252 174
1459645200 241 149 333 159
1459643400 225 146 256 159
1459641600 211 148 259 163
1459639800 209 144 231 155
1459638000 218 144 243 158
1459636200 217 148 241 158
1459634400 220 148 241 166
1459632600 221 150 243 192
1459630800 211 141 230 161
1459629000 199 143 226 156
1459627200 209 148 233 168
1459625400 206 143 229 164
1459623600 207 141 243 164
1459621800 210 144 230 152
1459620000 219 146 261 169
1459618200 217 147 236 169
1459616400 231 144 261 153
1459614600 228 149 258 159
1459612800 243 150 265 173
1459611000 227 145 251 173
1459609200 200 146 227 170
1459607400 187 147 209 165
1459605600 192 151 235 173
1459603800 176 151 211 171
1459602000 183 144 216 168
1459600200 172 142 216 158
1459598400 166 145 189 171
1459596600 153 143 171 162
1459594800 149 149 162 161
1459593000 149 147 164 167
1459591200 151 149 166 186
1459589400 144 144 156 164
1459587600 150 148 173 165
1459585800 150 140 172 168
1459584000 153 148 171 168
1459582200 173 144 192 161
1459580400 168 144 181 170
1459578600 162 144 180 160
1459576800 167 150 180 161
1459575000 186 144 204 156
1459573200 205 148 234 176
1459571400 196 146 212 178
1459569600 217 150 255 174
1459567800 215 144 226 170
1459566000 224 147 245 171
1459564200 231 151 254 176
1459562400 268 160 304 225
1459560600 238 145 262 207
1459558800 236 161 261 207
1459557000 243 162 288 213
1459555200 235 160 262 218
1459553400 379 429 748 1575
1459551600 2013 17595 4238 59732
1459549800 1486 10938 4238 59732
1459548000 2297 12916 4503 37201
1459546200 2404 9315 6014 19450
1459544400 20208 11741 86314 22037
1459542600 2624 17555 6055 60638
1459540800 7071 13869 19625 41515
1459539000 8296 41054 20241 200108
1459537200 18256 6791 82269 10873
1459535400 2887 6132 12540 45892
1459533600 5564 54750 17434 280661
1459531800 4416 3717 12210 8221
1459530000 24019 6228 98239 11075
1459528200 38351 29586 104792 93871
1459526400 2886 8788 4735 34315
1459524600 2541 9487 3696 34315
1459522800 8160 13113 13464 26034
1459521000 3913 10309 13464 34022
1459519200 46105 54118 243540 244934
1459517400 8084 85011 10747 108409
1459515600 10953 52752 29734 196444
1459513800 413 378 511 683
1459512000 302 266 384 530
1459510200 212 235 254 689
1459508400 191 153 209 187
1459506600 153 135 162 158
1459504800 156 143 181 156
1459503000 156 143 181 180
1459501200 151 144 178 169
1459499400 162 145 176 160
1459497600 160 152 190 175
1459495800 164 148 184 166
1459494000 161 146 184 166
1459492200 168 148 203 160
1459490400 172 147 207 158
1459488600 171 146 198 167
1459486800 163 141 183 150
1459485000 195 150 236 168
1459483200 179 150 210 173
1459481400 193 147 226 160
1459479600 202 143 240 181
1459477800 201 146 230 169
1459476000 241 150 284 174
1459474200 255 146 295 174
1459472400 236 140 260 158
1459470600 264 143 295 161
1459468800 278 149 297 167
1459467000 275 141 310 173
1459465200 283 146 303 183
1459463400 292 147 310 172
1459461600 358 364 481 630
1459459800 582 2404 1797 13124
1459458000 986 2983 1950 8651
1459456200 4878 59116 19746 308977
1459454400 620 1184 1017 2720
1459452600 654 1231 1067 3085
1459450800 3878 13383 6309 39347
1459449000 5252 15252 5862 21585
1459447200 5423 19700 8418 44532
1459445400 5848 17761 11721 44532
1459443600 887 4499 3723 37773
1459441800 933 2427 2305 16073
1459440000 1528 3618 6980 16073
1459438200 55953 12826 217560 25655
1459436400 9229 30104 20643 103033
1459434600 4745 4025 24836 14474
1459432800 1099 1508 2974 3998
1459431000 1605 2813 12865 20399
1459429200 3521 4776 12865 20399
1459427400 295 242 386 408
1459425600 245 229 265 418
1459423800 212 254 242 684
1459422000 177 141 200 165
1459420200 178 146 215 201
1459418400 163 158 192 199
1459416600 166 123 189 142
1459414800 153 122 178 161
1459413000 167 149 195 167
1459411200 152 123 169 140
1459409400 146 121 165 150
1459407600 146 118 166 150
1459405800 152 123 185 142
1459404000 149 124 167 142
1459402200 151 137 162 189
1459400400 161 119 180 129
1459398600 189 163 208 234
1459396800 189 154 217 198
1459395000 195 126 219 156
1459393200 182 133 203 167
1459391400 225 143 266 373
1459389600 204 147 259 373
1459387800 221 124 245 163
1459386000 198 115 221 133
1459384200 212 120 252 143
1459382400 308 192 549 481
1459380600 269 149 334 202
1459378800 266 144 292 166
1459377000 313 150 368 176
1459375200 308 164 361 269
1459373400 514 578 1070 1793
1459371600 2378 5857 6740 16132
1459369800 1519 2734 3222 8052
1459368000 16705 3876 74156 8052
1459366200 6600 72450 17642 128408
1459364400 5524 115818 9724 226408
1459362600 7022 121698 13162 209328
1459360800 4794 54255 13162 140872
1459359000 10502 9215 25860 71068
1459357200 3811 54146 6260 141209
1459355400 6954 121014 19771 509630
1459353600 4882 57015 19771 509630
1459351800 4836 9960 7944 23537
1459350000 22388 12115 104939 28109
1459348200 5628 10642 8858 36840
1459346400 9663 128962 13793 222714
1459344600 8355 109659 13793 178320
1459342800 1794 2552 7153 8876
1459341000 348 174 482 371
1459339200 239 127 357 212
1459332000 169 116 224 137
1459324800 158 116 205 142
1459317600 187 127 238 217
1459310400 200 121 257 167
1459303200 233 121 314 146
1459296000 289 184 490 622
1459288800 773 4811 7638 101019
1459281600 3435 35338 11102 196151
1459274400 3004 10236 8963 51118
1459267200 5887 77475 29159 586141
1459260000 2562 30656 24334 470458
1459252800 1615 33065 34136 792895
1459245600 145 120 168 171
1459238400 147 117 172 141
1459231200 156 120 184 149
1459224000 163 119 193 152
1459216800 175 116 222 140
1459209600 202 130 278 308
1459202400 924 5973 5151 50949
1459195200 2383 9627 8372 147160
1459188000 3226 11606 8893 87792
1459180800 3962 15539 31931 137154
1459173600 895 1407 4462 8676
1459166400 184 184 470 669
1459159200 134 146 158 174
1459152000 135 147 153 220
1459144800 148 144 178 192
1459137600 156 149 190 182
1459130400 159 151 197 196
1459123200 185 148 221 188
1459116000 184 147 219 204
1459108800 195 147 232 181
1459101600 232 150 282 197
1459094400 201 141 254 183
1459087200 160 145 196 188
1459080000 149 154 172 192
1459072800 149 145 175 173
1459065600 165 146 198 181
1459058400 180 143 220 174
1459051200 219 144 256 186
1459044000 242 147 283 177
1459036800 206 142 256 182
1459029600 213 146 248 186
1459022400 219 145 254 187
1459015200 253 154 352 255
1459008000 213 144 289 175
1459000800 186 152 284 332
1458993600 155 143 180 191
1458986400 145 145 165 170
1458979200 158 149 208 189
1458972000 170 147 206 197
1458964800 184 144 224 164
1458957600 210 144 250 187
1458950400 210 144 241 181
1458943200 189 141 236 175
1458936000 197 144 226 234
1458928800 213 140 269 175
1458921600 185 142 236 191
1458914400 160 141 194 171
1458907200 136 142 157 171
1458900000 133 141 156 160
1458892800 155 139 199 164
1458885600 165 142 197 163
1458878400 195 143 258 172
1458871200 210 143 257 161
1458864000 235 168 370 528
1458856800 4492 27860 19487 294909
1458849600 6107 20789 49732 294909
1458842400 5068 14250 25250 119269
1458835200 2242 13608 7810 119269
1458828000 2098 9012 14375 61572
1458820800 204 482 956 8685
1458813600 137 115 158 147
1458806400 143 117 171 150
1458799200 160 125 217 192
1458792000 209 120 247 163
1458784800 257 117 306 136
1458777600 256 119 300 157
1458770400 1424 5274 5234 47920
1458763200 4825 86162 12329 255445
1458756000 4477 34350 13054 125856
1458748800 5297 10232 61671 76463
1458741600 3391 61524 8985 277287
1458734400 401 2014 2039 19099
1458727200 161 113 189 139
1458720000 166 115 220 141
1458712800 174 112 209 133
1458705600 225 113 288 130
1458698400 243 118 280 151
1458691200 257 154 336 363
1458684000 1044 2078 5264 16944
1458676800 7555 48228 23988 162201
1458669600 6771 103967 18330 437796
1458662400 4143 48938 10468 177490
1458655200 3553 30932 21517 145336
1458648000 216 209 495 530
1458640800 168 200 191 315
1458633600 179 205 223 316
1458626400 185 200 222 300
1458619200 195 192 233 260
1458612000 204 196 269 269
1458604800 230 215 280 433
1458597600 2168 4184 17524 23151
1458590400 4552 11908 27308 100205
1458583200 16038 13522 233430 144803
1458576000 5146 17773 26758 137182
1458568800 2517 22687 16394 240760
1458561600 187 189 260 339
1458554400 154 132 184 199
1458547200 164 133 196 190
1458540000 163 120 188 142
1458532800 174 121 212 141
1458525600 311 2056 4117 46866
1458518400 0 0 0 0
1458511200 0 0 0 0
1458504000 0 0 0 0
1458496800 0 0 0 0
1458489600 0 0 0 0
1458482400 0 0 0 0
1458475200 0 0 0 0
1458468000 0 0 0 0
1458460800 0 0 0 0
1458453600 0 0 0 0
1458446400 0 0 0 0
1458439200 0 0 0 0
1458432000 0 0 0 0
1458424800 0 0 0 0
1458417600 0 0 0 0
1458410400 0 0 0 0
1458403200 0 0 0 0
1458396000 0 0 0 0
1458388800 0 0 0 0
1458381600 0 0 0 0
1458374400 0 0 0 0
1458367200 0 0 0 0
1458360000 0 0 0 0
1458352800 0 0 0 0
1458345600 0 0 0 0
1458338400 0 0 0 0
1458331200 0 0 0 0
1458324000 0 0 0 0
1458316800 0 0 0 0
1458309600 0 0 0 0
1458302400 0 0 0 0
1458295200 0 0 0 0
1458288000 0 0 0 0
1458280800 0 0 0 0
1458273600 0 0 0 0
1458266400 0 0 0 0
1458259200 0 0 0 0
1458252000 0 0 0 0
1458244800 0 0 0 0
1458237600 0 0 0 0
1458230400 0 0 0 0
1458223200 0 0 0 0
1458216000 0 0 0 0
1458208800 0 0 0 0
1458201600 0 0 0 0
1458194400 0 0 0 0
1458187200 0 0 0 0
1458180000 0 0 0 0
1458172800 0 0 0 0
1458165600 0 0 0 0
1458158400 0 0 0 0
1458151200 0 0 0 0
1458144000 0 0 0 0
1458136800 0 0 0 0
1458129600 0 0 0 0
1458122400 0 0 0 0
1458115200 0 0 0 0
1458108000 0 0 0 0
1458100800 0 0 0 0
1458093600 0 0 0 0
1458086400 0 0 0 0
1458079200 0 0 0 0
1458072000 0 0 0 0
1458064800 0 0 0 0
1458057600 0 0 0 0
1458050400 0 0 0 0
1458043200 0 0 0 0
1458036000 0 0 0 0
1458028800 0 0 0 0
1458021600 0 0 0 0
1458014400 0 0 0 0
1458007200 0 0 0 0
1458000000 0 0 0 0
1457992800 0 0 0 0
1457985600 0 0 0 0
1457978400 0 0 0 0
1457971200 0 0 0 0
1457964000 0 0 0 0
1457956800 0 0 0 0
1457949600 0 0 0 0
1457942400 0 0 0 0
1457935200 0 0 0 0
1457928000 0 0 0 0
1457920800 0 0 0 0
1457913600 0 0 0 0
1457906400 0 0 0 0
1457899200 0 0 0 0
1457892000 0 0 0 0
1457884800 0 0 0 0
1457877600 0 0 0 0
1457870400 0 0 0 0
1457863200 0 0 0 0
1457856000 0 0 0 0
1457848800 0 0 0 0
1457841600 0 0 0 0
1457834400 0 0 0 0
1457827200 0 0 0 0
1457820000 0 0 0 0
1457812800 0 0 0 0
1457805600 0 0 0 0
1457798400 0 0 0 0
1457791200 0 0 0 0
1457784000 0 0 0 0
1457776800 0 0 0 0
1457769600 0 0 0 0
1457762400 0 0 0 0
1457755200 0 0 0 0
1457748000 0 0 0 0
1457740800 0 0 0 0
1457733600 0 0 0 0
1457726400 0 0 0 0
1457719200 0 0 0 0
1457712000 0 0 0 0
1457704800 0 0 0 0
1457697600 0 0 0 0
1457690400 0 0 0 0
1457683200 0 0 0 0
1457676000 0 0 0 0
1457668800 0 0 0 0
1457661600 0 0 0 0
1457654400 0 0 0 0
1457647200 0 0 0 0
1457640000 0 0 0 0
1457632800 0 0 0 0
1457625600 0 0 0 0
1457618400 0 0 0 0
1457611200 0 0 0 0
1457604000 0 0 0 0
1457596800 0 0 0 0
1457589600 0 0 0 0
1457582400 0 0 0 0
1457575200 0 0 0 0
1457568000 0 0 0 0
1457560800 0 0 0 0
1457553600 0 0 0 0
1457546400 0 0 0 0
1457539200 0 0 0 0
1457532000 0 0 0 0
1457524800 0 0 0 0
1457517600 0 0 0 0
1457510400 0 0 0 0
1457503200 0 0 0 0
1457496000 0 0 0 0
1457488800 0 0 0 0
1457481600 0 0 0 0
1457474400 0 0 0 0
1457467200 0 0 0 0
1457460000 0 0 0 0
1457452800 0 0 0 0
1457445600 0 0 0 0
1457438400 0 0 0 0
1457431200 0 0 0 0
1457424000 0 0 0 0
1457416800 0 0 0 0
1457409600 0 0 0 0
1457402400 0 0 0 0
1457395200 0 0 0 0
1457388000 0 0 0 0
1457380800 0 0 0 0
1457373600 0 0 0 0
1457366400 0 0 0 0
1457359200 0 0 0 0
1457352000 0 0 0 0
1457344800 0 0 0 0
1457337600 0 0 0 0
1457330400 0 0 0 0
1457323200 0 0 0 0
1457316000 0 0 0 0
1457308800 0 0 0 0
1457301600 0 0 0 0
1457294400 0 0 0 0
1457287200 0 0 0 0
1457280000 0 0 0 0
1457272800 0 0 0 0
1457265600 0 0 0 0
1457258400 0 0 0 0
1457251200 0 0 0 0
1457244000 0 0 0 0
1457236800 0 0 0 0
1457229600 0 0 0 0
1457222400 0 0 0 0
1457215200 0 0 0 0
1457208000 0 0 0 0
1457200800 0 0 0 0
1457193600 0 0 0 0
1457186400 0 0 0 0
1457179200 0 0 0 0
1457172000 0 0 0 0
1457164800 0 0 0 0
1457157600 0 0 0 0
1457150400 0 0 0 0
1457143200 0 0 0 0
1457136000 0 0 0 0
1457128800 0 0 0 0
1457121600 0 0 0 0
1457114400 0 0 0 0
1457107200 0 0 0 0
1457100000 0 0 0 0
1457092800 0 0 0 0
1457085600 0 0 0 0
1457078400 0 0 0 0
1457071200 0 0 0 0
1457064000 0 0 0 0
1457056800 0 0 0 0
1457049600 0 0 0 0
1457042400 0 0 0 0
1457035200 0 0 0 0
1457028000 0 0 0 0
1457020800 0 0 0 0
1457013600 0 0 0 0
1457006400 0 0 0 0
1456999200 0 0 0 0
1456992000 0 0 0 0
1456984800 0 0 0 0
1456977600 0 0 0 0
1456970400 0 0 0 0
1456963200 0 0 0 0
1456956000 0 0 0 0
1456948800 0 0 0 0
1456941600 0 0 0 0
1456934400 0 0 0 0
1456927200 0 0 0 0
1456920000 0 0 0 0
1456912800 0 0 0 0
1456905600 0 0 0 0
1456898400 0 0 0 0
1456891200 0 0 0 0
1456884000 0 0 0 0
1456876800 0 0 0 0
1456869600 0 0 0 0
1456862400 0 0 0 0
1456855200 0 0 0 0
1456848000 0 0 0 0
1456840800 0 0 0 0
1456833600 0 0 0 0
1456826400 0 0 0 0
1456819200 0 0 0 0
1456812000 0 0 0 0
1456804800 0 0 0 0
1456797600 0 0 0 0
1456790400 0 0 0 0
1456783200 0 0 0 0
1456776000 0 0 0 0
1456768800 0 0 0 0
1456761600 0 0 0 0
1456754400 0 0 0 0
1456747200 0 0 0 0
1456740000 0 0 0 0
1456732800 0 0 0 0
1456725600 0 0 0 0
1456718400 0 0 0 0
1456711200 0 0 0 0
1456704000 0 0 0 0
1456696800 0 0 0 0
1456689600 0 0 0 0
1456682400 0 0 0 0
1456675200 0 0 0 0
1456668000 0 0 0 0
1456660800 0 0 0 0
1456653600 0 0 0 0
1456646400 0 0 0 0
1456639200 0 0 0 0
1456632000 0 0 0 0
1456624800 0 0 0 0
1456617600 0 0 0 0
1456610400 0 0 0 0
1456603200 0 0 0 0
1456596000 0 0 0 0
1456588800 0 0 0 0
1456581600 0 0 0 0
1456574400 0 0 0 0
1456567200 0 0 0 0
1456560000 0 0 0 0
1456552800 0 0 0 0
1456545600 0 0 0 0
1456538400 0 0 0 0
1456531200 0 0 0 0
1456524000 0 0 0 0
1456516800 0 0 0 0
1456509600 0 0 0 0
1456502400 0 0 0 0
1456495200 0 0 0 0
1456488000 0 0 0 0
1456480800 0 0 0 0
1456473600 0 0 0 0
1456466400 0 0 0 0
1456459200 0 0 0 0
1456452000 0 0 0 0
1456444800 0 0 0 0
1456437600 0 0 0 0
1456430400 0 0 0 0
1456423200 0 0 0 0
1456416000 0 0 0 0
1456408800 0 0 0 0
1456401600 0 0 0 0
1456394400 0 0 0 0
1456387200 0 0 0 0
1456380000 0 0 0 0
1456372800 0 0 0 0
1456365600 0 0 0 0
1456358400 0 0 0 0
1456351200 0 0 0 0
1456344000 0 0 0 0
1456336800 0 0 0 0
1456329600 0 0 0 0
1456322400 0 0 0 0
1456315200 0 0 0 0
1456308000 0 0 0 0
1456300800 0 0 0 0
1456293600 0 0 0 0
1456286400 0 0 0 0
1456279200 0 0 0 0
1456272000 0 0 0 0
1456264800 0 0 0 0
1456257600 0 0 0 0
1456250400 0 0 0 0
1456243200 0 0 0 0
1456236000 0 0 0 0
1456228800 0 0 0 0
1456221600 0 0 0 0
1456214400 0 0 0 0
1456207200 0 0 0 0
1456200000 0 0 0 0
1456192800 0 0 0 0
1456185600 0 0 0 0
1456178400 0 0 0 0
1456171200 0 0 0 0
1456164000 0 0 0 0
1456156800 0 0 0 0
1456149600 0 0 0 0
1456142400 0 0 0 0
1456135200 0 0 0 0
1456128000 0 0 0 0
1456120800 0 0 0 0
1456113600 0 0 0 0
1456106400 0 0 0 0
1456099200 0 0 0 0
1456092000 0 0 0 0
1456084800 0 0 0 0
1456077600 0 0 0 0
1456070400 0 0 0 0
1456063200 0 0 0 0
1456056000 0 0 0 0
1456048800 0 0 0 0
1456041600 0 0 0 0
1456034400 0 0 0 0
1456027200 0 0 0 0
1456020000 0 0 0 0
1456012800 0 0 0 0
1456005600 0 0 0 0
1455998400 0 0 0 0
1455991200 0 0 0 0
1455984000 0 0 0 0
1455976800 0 0 0 0
1455969600 0 0 0 0
1455962400 0 0 0 0
1455955200 0 0 0 0
1455948000 0 0 0 0
1455940800 0 0 0 0
1455933600 0 0 0 0
1455926400 0 0 0 0
1455919200 0 0 0 0
1455912000 0 0 0 0
1455904800 0 0 0 0
1455897600 0 0 0 0
1455890400 0 0 0 0
1455883200 0 0 0 0
1455876000 0 0 0 0
1455868800 0 0 0 0
1455861600 0 0 0 0
1455854400 0 0 0 0
1455847200 0 0 0 0
1455840000 0 0 0 0
1455832800 0 0 0 0
1455825600 0 0 0 0
1455818400 0 0 0 0
1455811200 0 0 0 0
1455804000 0 0 0 0
1455796800 0 0 0 0
1455789600 0 0 0 0
1455782400 0 0 0 0
1455775200 0 0 0 0
1455768000 0 0 0 0
1455760800 0 0 0 0
1455753600 0 0 0 0
1455746400 0 0 0 0
1455739200 0 0 0 0
1455732000 0 0 0 0
1455724800 0 0 0 0
1455717600 0 0 0 0
1455710400 0 0 0 0
1455703200 0 0 0 0
1455696000 0 0 0 0
1455688800 0 0 0 0
1455681600 0 0 0 0
1455674400 0 0 0 0
1455667200 0 0 0 0
1455660000 0 0 0 0
1455652800 0 0 0 0
1455645600 0 0 0 0
1455638400 0 0 0 0
1455631200 0 0 0 0
1455624000 0 0 0 0
1455616800 0 0 0 0
1455609600 0 0 0 0
1455602400 0 0 0 0
1455595200 0 0 0 0
1455588000 0 0 0 0
1455580800 0 0 0 0
1455573600 0 0 0 0
1455566400 0 0 0 0
1455559200 0 0 0 0
1455552000 0 0 0 0
1455544800 0 0 0 0
1455537600 0 0 0 0
1455530400 0 0 0 0
1455523200 0 0 0 0
1455516000 0 0 0 0
1455508800 0 0 0 0
1455501600 0 0 0 0
1455494400 0 0 0 0
1455487200 0 0 0 0
1455480000 0 0 0 0
1455472800 0 0 0 0
1455465600 0 0 0 0
1455458400 0 0 0 0
1455451200 0 0 0 0
1455444000 0 0 0 0
1455436800 0 0 0 0
1455429600 0 0 0 0
1455422400 0 0 0 0
1455415200 0 0 0 0
1455408000 0 0 0 0
1455400800 0 0 0 0
1455393600 0 0 0 0
1455386400 0 0 0 0
1455379200 0 0 0 0
1455372000 0 0 0 0
1455364800 0 0 0 0
1455357600 0 0 0 0
1455350400 0 0 0 0
1455343200 0 0 0 0
1455336000 0 0 0 0
1455328800 0 0 0 0
1455321600 0 0 0 0
1455314400 0 0 0 0
1455307200 0 0 0 0
1455300000 0 0 0 0
1455292800 0 0 0 0
1455285600 0 0 0 0
1455278400 0 0 0 0
1455271200 0 0 0 0
1455264000 0 0 0 0
1455256800 0 0 0 0
1455249600 0 0 0 0
1455242400 0 0 0 0
1455235200 0 0 0 0
1455228000 0 0 0 0
1455220800 0 0 0 0
1455213600 0 0 0 0
1455206400 0 0 0 0
1455199200 0 0 0 0
1455192000 0 0 0 0
1455184800 0 0 0 0
1455177600 0 0 0 0
1455170400 0 0 0 0
1455163200 0 0 0 0
1455156000 0 0 0 0
1455148800 0 0 0 0
1455141600 0 0 0 0
1455134400 0 0 0 0
1455127200 0 0 0 0
1455120000 0 0 0 0
1455112800 0 0 0 0
1455105600 0 0 0 0
1455098400 0 0 0 0
1455091200 0 0 0 0
1455084000 0 0 0 0
1455076800 0 0 0 0
1455069600 0 0 0 0
1455062400 0 0 0 0
1455055200 0 0 0 0
1455048000 0 0 0 0
1455040800 0 0 0 0
1455033600 0 0 0 0
1455026400 0 0 0 0
1455019200 0 0 0 0
1454976000 0 0 0 0
1454889600 0 0 0 0
1454803200 0 0 0 0
1454716800 0 0 0 0
1454630400 0 0 0 0
1454544000 0 0 0 0
1454457600 0 0 0 0
1454371200 0 0 0 0
1454284800 0 0 0 0
1454198400 0 0 0 0
1454112000 0 0 0 0
1454025600 0 0 0 0
1453939200 0 0 0 0
1453852800 0 0 0 0
1453766400 0 0 0 0
1453680000 0 0 0 0
1453593600 0 0 0 0
1453507200 0 0 0 0
1453420800 0 0 0 0
1453334400 0 0 0 0
1453248000 0 0 0 0
1453161600 0 0 0 0
1453075200 0 0 0 0
1452988800 0 0 0 0
1452902400 0 0 0 0
1452816000 0 0 0 0
1452729600 0 0 0 0
1452643200 0 0 0 0
1452556800 0 0 0 0
1452470400 0 0 0 0
1452384000 0 0 0 0
1452297600 0 0 0 0
1452211200 0 0 0 0
1452124800 0 0 0 0
1452038400 0 0 0 0
1451952000 0 0 0 0
1451865600 0 0 0 0
1451779200 0 0 0 0
1451692800 0 0 0 0
1451606400 0 0 0 0
1451520000 0 0 0 0
1451433600 0 0 0 0
1451347200 0 0 0 0
1451260800 0 0 0 0
1451174400 0 0 0 0
1451088000 0 0 0 0
1451001600 0 0 0 0
1450915200 0 0 0 0
1450828800 0 0 0 0
1450742400 0 0 0 0
1450656000 0 0 0 0
1450569600 0 0 0 0
1450483200 0 0 0 0
1450396800 0 0 0 0
1450310400 0 0 0 0
1450224000 0 0 0 0
1450137600 0 0 0 0
1450051200 0 0 0 0
1449964800 0 0 0 0
1449878400 0 0 0 0
1449792000 0 0 0 0
1449705600 0 0 0 0
1449619200 0 0 0 0
1449532800 0 0 0 0
1449446400 0 0 0 0
1449360000 0 0 0 0
1449273600 0 0 0 0
1449187200 0 0 0 0
1449100800 0 0 0 0
1449014400 0 0 0 0
1448928000 0 0 0 0
1448841600 0 0 0 0
1448755200 0 0 0 0
1448668800 0 0 0 0
1448582400 0 0 0 0
1448496000 0 0 0 0
1448409600 0 0 0 0
1448323200 0 0 0 0
1448236800 0 0 0 0
1448150400 0 0 0 0
1448064000 0 0 0 0
1447977600 0 0 0 0
1447891200 0 0 0 0
1447804800 0 0 0 0
1447718400 0 0 0 0
1447632000 0 0 0 0
1447545600 0 0 0 0
1447459200 0 0 0 0
1447372800 0 0 0 0
1447286400 0 0 0 0
1447200000 0 0 0 0
1447113600 0 0 0 0
1447027200 0 0 0 0
1446940800 0 0 0 0
1446854400 0 0 0 0
1446768000 0 0 0 0
1446681600 0 0 0 0
1446595200 0 0 0 0
1446508800 0 0 0 0
1446422400 0 0 0 0
1446336000 0 0 0 0
1446249600 0 0 0 0
1446163200 0 0 0 0
1446076800 0 0 0 0
1445990400 0 0 0 0
1445904000 0 0 0 0
1445817600 0 0 0 0
1445731200 0 0 0 0
1445644800 0 0 0 0
1445558400 0 0 0 0
1445472000 17 107 523 10844
1445385600 30 227 560 6530
1445299200 30 229 576 6550
1445212800 51 127 3354 1788
1445126400 31 179 539 12701
1445040000 31 253 542 5213
1444953600 31 267 559 5552
1444867200 39 499 770 31795
1444780800 46 712 3088 126948
1444694400 39 354 1688 64720
1444608000 30 163 524 7348
1444521600 31 154 518 7039
1444435200 32 220 531 6892
1444348800 33 254 539 9076
1444262400 30 207 542 5106
1444176000 31 236 536 5472
1444089600 30 194 533 3039
1444003200 31 136 532 3999
1443916800 31 168 531 4335
1443830400 33 284 527 8665
1443744000 31 277 787 7466
1443657600 33 267 536 8736
1443571200 33 292 535 8871
1443484800 32 223 515 9464
1443398400 31 179 509 6669
1443312000 31 176 552 6769
1443225600 50 913 4034 163649
1443139200 31 279 529 8796
1443052800 33 345 1305 42787
1442966400 37 524 1498 63820
1442880000 31 242 530 3532
1442793600 30 131 543 3212
1442707200 34 203 565 7807
1442620800 31 251 516 6887
1442534400 35 316 770 10115
1442448000 32 230 991 6578
1442361600 183 4593 23916 986425
1442275200 30 204 575 8123
1442188800 30 116 508 1796
1442102400 30 167 503 6720
1442016000 34 245 622 11618
1441929600 86 1702 5114 225508
1441843200 354 505 50205 34364
1441756800 752 3925 33084 467876
1441670400 0 0 0 0
1441584000 0 0 0 0
1441497600 0 0 0 0
1441411200 0 0 0 0
1441324800 0 0 0 0
1441238400 0 0 0 0
1441152000 0 0 0 0
1441065600 0 0 0 0
1440979200 0 0 0 0
1440892800 0 0 0 0
1440806400 0 0 0 0
1440720000 0 0 0 0
1440633600 0 0 0 0
1440547200 0 0 0 0
1440460800 0 0 0 0
1440374400 0 0 0 0
1440288000 0 0 0 0
1440201600 0 0 0 0
1440115200 0 0 0 0
1440028800 0 0 0 0
1439942400 0 0 0 0
1439856000 0 0 0 0
1439769600 0 0 0 0
1439683200 0 0 0 0
1439596800 0 0 0 0
1439510400 0 0 0 0
1439424000 0 0 0 0
1439337600 0 0 0 0
1439251200 0 0 0 0
1439164800 0 0 0 0
1439078400 0 0 0 0
1438992000 0 0 0 0
1438905600 0 0 0 0
1438819200 0 0 0 0
1438732800 0 0 0 0
1438646400 0 0 0 0
1438560000 0 0 0 0
1438473600 0 0 0 0
1438387200 0 0 0 0
1438300800 0 0 0 0
1438214400 0 0 0 0
1438128000 0 0 0 0
1438041600 0 0 0 0
1437955200 0 0 0 0
1437868800 0 0 0 0
1437782400 0 0 0 0
1437696000 0 0 0 0
1437609600 0 0 0 0
1437523200 0 0 0 0
1437436800 0 0 0 0
1437350400 0 0 0 0
1437264000 0 0 0 0
1437177600 0 0 0 0
1437091200 0 0 0 0
1437004800 0 0 0 0
1436918400 0 0 0 0
1436832000 0 0 0 0
1436745600 0 0 0 0
1436659200 0 0 0 0
1436572800 0 0 0 0
1436486400 0 0 0 0
1436400000 0 0 0 0
1436313600 0 0 0 0
1436227200 0 0 0 0
1436140800 0 0 0 0
1436054400 0 0 0 0
1435968000 0 0 0 0
1435881600 0 0 0 0
1435795200 0 0 0 0
1435708800 0 0 0 0
1435622400 0 0 0 0
1435536000 0 0 0 0
1435449600 0 0 0 0
1435363200 0 0 0 0
1435276800 0 0 0 0
1435190400 0 0 0 0
1435104000 0 0 0 0
1435017600 0 0 0 0
1434931200 0 0 0 0
1434844800 0 0 0 0
1434758400 0 0 0 0
1434672000 0 0 0 0
1434585600 0 0 0 0
1434499200 0 0 0 0
1434412800 0 0 0 0
1434326400 0 0 0 0
1434240000 0 0 0 0
1434153600 0 0 0 0
1434067200 0 0 0 0
1433980800 0 0 0 0
1433894400 0 0 0 0
1433808000 0 0 0 0
1433721600 0 0 0 0
1433635200 0 0 0 0
1433548800 0 0 0 0
1433462400 0 0 0 0
1433376000 0 0 0 0
1433289600 0 0 0 0
1433203200 0 0 0 0
1433116800 0 0 0 0
1433030400 0 0 0 0
1432944000 0 0 0 0
1432857600 0 0 0 0
1432771200 0 0 0 0
1432684800 0 0 0 0
1432598400 0 0 0 0
1432512000 0 0 0 0
1432425600 0 0 0 0
1432339200 0 0 0 0
1432252800 0 0 0 0
1432166400 441 2324 9178 174386
1432080000 2103 7976 157168 441979
1431993600 197 92 283 137
1431907200 211 92 306 130
1431820800 214 92 305 131
1431734400 1050 1419 81319 58145
1431648000 1250 968 171230 24809
1431561600 2784 16712 103606 1357061
1431475200 2121 2308 224786 43509
1431388800 14719 8630 1072399 130851
1431302400 180 87 279 111
1431216000 54 29 709 758
1431129600 0 0 0 0
1431043200 0 0 0 0
1430956800 0 0 0 0
1430870400 0 0 0 0
1430784000 0 0 0 0
1430697600 0 0 0 0
1430611200 0 0 0 0
1430524800 0 0 0 0
1430438400 0 0 0 0
1430352000 0 0 0 0
1430265600 0 0 0 0
1430179200 0 0 0 0
1430092800 0 0 0 0
1430006400 0 0 0 0
1429920000 0 0 0 0
1429833600 0 0 0 0
1429747200 0 0 0 0
1429660800 0 0 0 0
1429574400 0 0 0 0
1429488000 0 0 0 0
1429401600 0 0 0 0
1429315200 0 0 0 0
1429228800 0 0 0 0
1429142400 0 0 0 0
1429056000 0 0 0 0
1428969600 0 0 0 0
1428883200 0 0 0 0
1428796800 0 0 0 0
1428710400 0 0 0 0
1428624000 0 0 0 0
1428537600 0 0 0 0
1428451200 0 0 0 0
1428364800 0 0 0 0
1428278400 0 0 0 0
1428192000 0 0 0 0
1428105600 0 0 0 0
1428019200 0 0 0 0
1427932800 0 0 0 0
1427846400 0 0 0 0
1427760000 0 0 0 0
1427673600 0 0 0 0
1427587200 0 0 0 0
1427500800 0 0 0 0
1427414400 0 0 0 0
1427328000 0 0 0 0
1427241600 0 0 0 0
1427155200 0 0 0 0
1427068800 0 0 0 0
1426982400 0 0 0 0
1426896000 0 0 0 0
1426809600 0 0 0 0
1426723200 0 0 0 0
1426636800 0 0 0 0
1426550400 0 0 0 0
1426464000 0 0 0 0
1426377600 0 0 0 0
1426291200 0 0 0 0
1426204800 0 0 0 0
1426118400 0 0 0 0
1426032000 0 0 0 0
1425945600 0 0 0 0
1425859200 0 0 0 0
1425772800 0 0 0 0
1425686400 0 0 0 0
1425600000 0 0 0 0
1425513600 0 0 0 0
1425427200 0 0 0 0
1425340800 0 0 0 0
1425254400 0 0 0 0
1425168000 0 0 0 0
1425081600 0 0 0 0
1424995200 0 0 0 0
1424908800 0 0 0 0
1424822400 0 0 0 0
1424736000 0 0 0 0
1424649600 0 0 0 0
1424563200 0 0 0 0
1424476800 0 0 0 0
1424390400 0 0 0 0
1424304000 0 0 0 0
1424217600 0 0 0 0
1424131200 0 0 0 0
1424044800 0 0 0 0
1423958400 0 0 0 0
1423872000 0 0 0 0
1423785600 0 0 0 0
1423699200 0 0 0 0
1423612800 0 0 0 0
1423526400 0 0 0 0
1423440000 0 0 0 0
1423353600 0 0 0 0
1423267200 0 0 0 0
1423180800 0 0 0 0
1423094400 0 0 0 0
1423008000 0 0 0 0
1422921600 0 0 0 0
1422835200 0 0 0 0
1422748800 0 0 0 0
1422662400 0 0 0 0
1422576000 0 0 0 0
1422489600 0 0 0 0
1422403200 0 0 0 0
1422316800 0 0 0 0
1422230400 0 0 0 0
1422144000 0 0 0 0
1422057600 0 0 0 0
1421971200 0 0 0 0
1421884800 0 0 0 0
1421798400 0 0 0 0
1421712000 0 0 0 0
1421625600 0 0 0 0
1421539200 0 0 0 0
1421452800 0 0 0 0
1421366400 0 0 0 0
1421280000 0 0 0 0
1421193600 0 0 0 0
1421107200 0 0 0 0
1421020800 0 0 0 0
1420934400 0 0 0 0
1420848000 0 0 0 0
1420761600 0 0 0 0
1420675200 0 0 0 0
1420588800 0 0 0 0
1420502400 0 0 0 0
1420416000 0 0 0 0
1420329600 0 0 0 0
1420243200 0 0 0 0
1420156800 0 0 0 0
1420070400 0 0 0 0
1419984000 0 0 0 0
1419897600 0 0 0 0
1419811200 0 0 0 0
1419724800 0 0 0 0
1419638400 0 0 0 0
1419552000 0 0 0 0
1419465600 0 0 0 0
1419379200 0 0 0 0
1419292800 0 0 0 0
1419206400 0 0 0 0
1419120000 0 0 0 0
1419033600 0 0 0 0
1418947200 0 0 0 0
1418860800 0 0 0 0
1418774400 0 0 0 0
1418688000 0 0 0 0
1418601600 0 0 0 0
1418515200 0 0 0 0
1418428800 0 0 0 0
1418342400 0 0 0 0
1418256000 0 0 0 0
1418169600 0 0 0 0
1418083200 0 0 0 0
1417996800 0 0 0 0
1417910400 0 0 0 0
1417824000 0 0 0 0
1417737600 0 0 0 0
1417651200 0 0 0 0
1417564800 0 0 0 0
1417478400 0 0 0 0
1417392000 0 0 0 0
1417305600 0 0 0 0
1417219200 0 0 0 0
1417132800 0 0 0 0
1417046400 0 0 0 0
1416960000 0 0 0 0
1416873600 0 0 0 0
1416787200 0 0 0 0
1416700800 0 0 0 0
1416614400 0 0 0 0
1416528000 0 0 0 0
1416441600 0 0 0 0
1416355200 0 0 0 0
1416268800 0 0 0 0
1416182400 0 0 0 0
1416096000 0 0 0 0
1416009600 0 0 0 0
1415923200 0 0 0 0
1415836800 0 0 0 0
1415750400 0 0 0 0
1415664000 0 0 0 0
1415577600 0 0 0 0
1415491200 0 0 0 0
1415404800 0 0 0 0
1415318400 0 0 0 0
1415232000 0 0 0 0
1415145600 0 0 0 0
1415059200 0 0 0 0
1414972800 0 0 0 0
1414886400 0 0 0 0
1414800000 0 0 0 0
1414713600 0 0 0 0
1414627200 0 0 0 0
1414540800 0 0 0 0
1414454400 0 0 0 0
1414368000 0 0 0 0
1414281600 0 0 0 0
1414195200 0 0 0 0
1414108800 0 0 0 0
1414022400 0 0 0 0
1413936000 0 0 0 0
1413849600 0 0 0 0
1413763200 0 0 0 0
1413676800 0 0 0 0
1413590400 0 0 0 0
1413504000 0 0 0 0
1413417600 0 0 0 0
1413331200 0 0 0 0
1413244800 0 0 0 0
1413158400 0 0 0 0
1413072000 0 0 0 0
1412985600 0 0 0 0
1412899200 0 0 0 0
1412812800 0 0 0 0
1412726400 0 0 0 0
1412640000 0 0 0 0
1412553600 0 0 0 0
1412467200 0 0 0 0
1412380800 0 0 0 0
1412294400 0 0 0 0
1412208000 0 0 0 0
1412121600 0 0 0 0
1412035200 0 0 0 0
1411948800 0 0 0 0
1411862400 0 0 0 0
1411776000 0 0 0 0
1411689600 0 0 0 0
1411603200 0 0 0 0
1411516800 0 0 0 0
1411430400 0 0 0 0
1411344000 0 0 0 0
1411257600 0 0 0 0
1411171200 0 0 0 0
1411084800 0 0 0 0
1410998400 0 0 0 0
1410912000 0 0 0 0
1410825600 0 0 0 0
1410739200 0 0 0 0
1410652800 0 0 0 0
1410566400 0 0 0 0
1410480000 0 0 0 0
1410393600 0 0 0 0
1410307200 0 0 0 0
1410220800 0 0 0 0
1410134400 0 0 0 0
1410048000 0 0 0 0
1409961600 0 0 0 0
1409875200 0 0 0 0
1409788800 0 0 0 0
1409702400 0 0 0 0
1409616000 0 0 0 0
1409529600 0 0 0 0
1409443200 0 0 0 0
1409356800 0 0 0 0
1409270400 0 0 0 0
1409184000 0 0 0 0
1409097600 0 0 0 0
1409011200 0 0 0 0
1408924800 0 0 0 0
1408838400 0 0 0 0
1408752000 0 0 0 0
1408665600 0 0 0 0
1408579200 0 0 0 0
1408492800 0 0 0 0
1408406400 0 0 0 0
1408320000 0 0 0 0
1408233600 0 0 0 0
1408147200 0 0 0 0
1408060800 0 0 0 0
1407974400 0 0 0 0
1407888000 0 0 0 0
1407801600 0 0 0 0
1407715200 0 0 0 0
1407628800 0 0 0 0
1407542400 0 0 0 0
1407456000 0 0 0 0
1407369600 0 0 0 0
1407283200 0 0 0 0
1407196800 0 0 0 0
1407110400 0 0 0 0
1407024000 0 0 0 0
1406937600 0 0 0 0
1406851200 0 0 0 0
1406764800 0 0 0 0
1406678400 0 0 0 0
1406592000 0 0 0 0
1406505600 0 0 0 0
1406419200 0 0 0 0
1406332800 0 0 0 0
1406246400 0 0 0 0
1406160000 0 0 0 0
1406073600 0 0 0 0
1405987200 0 0 0 0
1405900800 0 0 0 0
1405814400 0 0 0 0
1405728000 0 0 0 0
1405641600 0 0 0 0
1405555200 0 0 0 0
1405468800 0 0 0 0
1405382400 0 0 0 0
1405296000 0 0 0 0
1405209600 0 0 0 0
1405123200 0 0 0 0
1405036800 0 0 0 0
1404950400 0 0 0 0
1404864000 0 0 0 0
1404777600 0 0 0 0
1404691200 0 0 0 0
1404604800 0 0 0 0
1404518400 0 0 0 0
1404432000 0 0 0 0
1404345600 0 0 0 0
1404259200 0 0 0 0
1404172800 0 0 0 0
1404086400 0 0 0 0
1404000000 0 0 0 0
1403913600 0 0 0 0
1403827200 0 0 0 0
1403740800 0 0 0 0
1403654400 0 0 0 0
1403568000 0 0 0 0
1403481600 0 0 0 0
1403395200 0 0 0 0
1403308800 0 0 0 0
1403222400 0 0 0 0
1403136000 0 0 0 0
1403049600 0 0 0 0
1402963200 0 0 0 0
1402876800 0 0 0 0
1402790400 0 0 0 0
1402704000 0 0 0 0
1402617600 0 0 0 0
1402531200 0 0 0 0
1402444800 0 0 0 0
1402358400 0 0 0 0
1402272000 0 0 0 0
1402185600 0 0 0 0
1402099200 0 0 0 0
1402012800 0 0 0 0
1401926400 0 0 0 0
1401840000 0 0 0 0
1401753600 0 0 0 0
1401667200 0 0 0 0
1401580800 0 0 0 0
1401494400 0 0 0 0
1401408000 0 0 0 0
1401321600 0 0 0 0
1401235200 0 0 0 0
1401148800 0 0 0 0
1401062400 0 0 0 0
1400976000 0 0 0 0
1400889600 0 0 0 0
1400803200 0 0 0 0
1400716800 0 0 0 0
1400630400 1172 2242 29475 31300
1400544000 10 222 12 326
1400457600 9 217 12 277
1400371200 10 213 12 554
1400284800 10 514 12 1502
1400198400 9 496 12 1432
1400112000 10 424 12 1244
1400025600 10 536 12 1633
1399939200 921 2487 13853 46888
1399852800 10 397 12 456
1399766400 10 398 12 504
1399680000 10 450 12 1155
1399593600 1031 5319 11510 112544
1399507200 995 3447 26214 225704
1399420800 10 415 12 1992
1399334400 10 305 12 1088
1399248000 10 182 12 227
1399161600 10 200 12 498
1399075200 1757 2846 92928 83874
1398988800 0 61 24 952
1398902400 0 0 0 0
1398816000 0 0 0 0
1398729600 0 0 0 0
1398643200 0 0 0 0
1398556800 0 0 0 0
1398470400 0 0 0 0
1398384000 0 0 0 0
1398297600 0 0 0 0
1398211200 0 0 0 0
1398124800 0 0 0 0
1398038400 0 0 0 0
1397952000 0 0 0 0
1397865600 0 0 0 0
1397779200 0 0 0 0
1397692800 0 0 0 0
1397606400 0 0 0 0
1397520000 0 0 0 0
1397433600 0 0 0 0
1397347200 0 0 0 0
1397260800 0 0 0 0
1397174400 0 0 0 0
1397088000 0 0 0 0
1397001600 0 0 0 0
1396915200 0 0 0 0
1396828800 0 0 0 0
1396742400 0 0 0 0
1396656000 0 0 0 0
1396569600 0 0 0 0
1396483200 0 0 0 0
1396396800 0 0 0 0
1396310400 0 0 0 0
1396224000 0 0 0 0
1396137600 0 0 0 0
1396051200 0 0 0 0
1395964800 0 0 0 0
1395878400 0 0 0 0
1395792000 0 0 0 0
1395705600 0 0 0 0
1395619200 0 0 0 0
1395532800 0 0 0 0
1395446400 0 0 0 0
1395360000 0 0 0 0
1395273600 0 0 0 0
1395187200 0 0 0 0
1395100800 0 0 0 0
1395014400 0 0 0 0
1394928000 0 0 0 0
1394841600 0 0 0 0
1394755200 0 0 0 0
1394668800 0 0 0 0
1394582400 0 0 0 0
1394496000 0 0 0 0
1394409600 0 0 0 0
1394323200 0 0 0 0
1394236800 0 0 0 0
1394150400 0 0 0 0
1394064000 0 0 0 0
1393977600 0 0 0 0
1393891200 0 0 0 0
1393804800 0 0 0 0
1393718400 0 0 0 0
1393632000 0 0 0 0
1393545600 0 0 0 0
1393459200 0 0 0 0
1393372800 0 0 0 0
1393286400 0 0 0 0
1393200000 0 0 0 0
1393113600 0 0 0 0
1393027200 0 0 0 0
1392940800 0 0 0 0
1392854400 0 0 0 0
1392768000 0 0 0 0
1392681600 0 0 0 0
1392595200 0 0 0 0
1392508800 0 0 0 0
1392422400 0 0 0 0
1392336000 0 0 0 0
1392249600 0 0 0 0
1392163200 0 0 0 0
1392076800 0 0 0 0
1391990400 0 0 0 0
1391904000 0 0 0 0
1391817600 0 0 0 0
