1460685973 -1 -1
1460685973 0 0 0 0
1460602034 0 0 0 0
1460601900 0 0 0 0
1460601600 0 0 0 0
1460601300 0 0 0 0
1460601000 0 0 0 0
1460600700 0 0 0 0
1460600400 0 0 0 0
1460600100 0 0 0 0
1460599800 0 0 0 0
1460599500 0 0 0 0
1460599200 0 0 0 0
1460598900 0 0 0 0
1460598600 0 0 0 0
1460598300 0 0 0 0
1460598000 0 0 0 0
1460597700 0 0 0 0
1460597400 0 0 0 0
1460597100 0 0 0 0
1460596800 0 0 0 0
1460596500 0 0 0 0
1460596200 0 0 0 0
1460595900 0 0 0 0
1460595600 0 0 0 0
1460595300 0 0 0 0
1460595000 0 0 0 0
1460594700 0 0 0 0
1460594400 0 0 0 0
1460594100 0 0 0 0
1460593800 0 0 0 0
1460593500 0 0 0 0
1460593200 0 0 0 0
1460592900 0 0 0 0
1460592600 0 0 0 0
1460592300 0 0 0 0
1460592000 0 0 0 0
1460591700 0 0 0 0
1460591400 0 0 0 0
1460591100 0 0 0 0
1460590800 0 0 0 0
1460590500 0 0 0 0
1460590200 0 0 0 0
1460589900 0 0 0 0
1460589600 0 0 0 0
1460589300 0 0 0 0
1460589000 0 0 0 0
1460588700 0 0 0 0
1460588400 0 0 0 0
1460588100 0 0 0 0
1460587800 0 0 0 0
1460587500 0 0 0 0
1460587200 0 0 0 0
1460586900 0 0 0 0
1460586600 0 0 0 0
1460586300 0 0 0 0
1460586000 0 0 0 0
1460585700 0 0 0 0
1460585400 0 0 0 0
1460585100 0 0 0 0
1460584800 0 0 0 0
1460584500 0 0 0 0
1460584200 0 0 0 0
1460583900 0 0 0 0
1460583600 0 0 0 0
1460583300 0 0 0 0
1460583000 0 0 0 0
1460582700 0 0 0 0
1460582400 0 0 0 0
1460582100 0 0 0 0
1460581800 0 0 0 0
1460581500 0 0 0 0
1460581200 0 0 0 0
1460580900 0 0 0 0
1460580600 0 0 0 0
1460580300 0 0 0 0
1460580000 0 0 0 0
1460579700 0 0 0 0
1460579400 0 0 0 0
1460579100 0 0 0 0
1460578800 0 0 0 0
1460578500 0 0 0 0
1460578200 0 0 0 0
1460577900 0 0 0 0
1460577600 0 0 0 0
1460577300 0 0 0 0
1460577000 0 0 0 0
1460576700 0 0 0 0
1460576400 0 0 0 0
1460576100 0 0 0 0
1460575800 0 0 0 0
1460575500 0 0 0 0
1460575200 0 0 0 0
1460574900 0 0 0 0
1460574600 0 0 0 0
1460574300 0 0 0 0
1460574000 0 0 0 0
1460573700 0 0 0 0
1460573400 0 0 0 0
1460573100 0 0 0 0
1460572800 0 0 0 0
1460572500 0 0 0 0
1460572200 0 0 0 0
1460571900 0 0 0 0
1460571600 0 0 0 0
1460571300 0 0 0 0
1460571000 0 0 0 0
1460570700 0 0 0 0
1460570400 0 0 0 0
1460570100 0 0 0 0
1460569800 0 0 0 0
1460569500 0 0 0 0
1460569200 0 0 0 0
1460568900 0 0 0 0
1460568600 0 0 0 0
1460568300 0 0 0 0
1460568000 0 0 0 0
1460567700 0 0 0 0
1460567400 0 0 0 0
1460567100 0 0 0 0
1460566800 0 0 0 0
1460566500 0 0 0 0
1460566200 0 0 0 0
1460565900 0 0 0 0
1460565600 0 0 0 0
1460565300 0 0 0 0
1460565000 0 0 0 0
1460564700 0 0 0 0
1460564400 0 0 0 0
1460564100 0 0 0 0
1460563800 0 0 0 0
1460563500 0 0 0 0
1460563200 0 0 0 0
1460562900 0 0 0 0
1460562600 0 0 0 0
1460562300 0 0 0 0
1460562000 0 0 0 0
1460561700 0 0 0 0
1460561400 0 0 0 0
1460561100 0 0 0 0
1460560800 0 0 0 0
1460560500 0 0 0 0
1460560200 0 0 0 0
1460559900 0 0 0 0
1460559600 0 0 0 0
1460559300 0 0 0 0
1460559000 0 0 0 0
1460558700 0 0 0 0
1460558400 0 0 0 0
1460558100 0 0 0 0
1460557800 0 0 0 0
1460557500 0 0 0 0
1460557200 0 0 0 0
1460556900 0 0 0 0
1460556600 0 0 0 0
1460556300 0 0 0 0
1460556000 0 0 0 0
1460555700 0 0 0 0
1460555400 0 0 0 0
1460555100 0 0 0 0
1460554800 0 0 0 0
1460554500 0 0 0 0
1460554200 0 0 0 0
1460553900 0 0 0 0
1460553600 0 0 0 0
1460553300 0 0 0 0
1460553000 0 0 0 0
1460552700 0 0 0 0
1460552400 0 0 0 0
1460552100 0 0 0 0
1460551800 0 0 0 0
1460551500 0 0 0 0
1460551200 0 0 0 0
1460550900 0 0 0 0
1460550600 0 0 0 0
1460550300 0 0 0 0
1460550000 0 0 0 0
1460549700 0 0 0 0
1460549400 0 0 0 0
1460549100 0 0 0 0
1460548800 0 0 0 0
1460548500 0 0 0 0
1460548200 0 0 0 0
1460547900 0 0 0 0
1460547600 0 0 0 0
1460547300 0 0 0 0
1460547000 0 0 0 0
1460546700 0 0 0 0
1460546400 0 0 0 0
1460546100 0 0 0 0
1460545800 0 0 0 0
1460545500 0 0 0 0
1460545200 0 0 0 0
1460544900 0 0 0 0
1460544600 0 0 0 0
1460544300 0 0 0 0
1460544000 0 0 0 0
1460543700 0 0 0 0
1460543400 0 0 0 0
1460543100 0 0 0 0
1460542800 0 0 0 0
1460542500 0 0 0 0
1460542200 0 0 0 0
1460541900 0 0 0 0
1460541600 0 0 0 0
1460541300 0 0 0 0
1460541000 0 0 0 0
1460540700 0 0 0 0
1460540400 0 0 0 0
1460540100 0 0 0 0
1460539800 0 0 0 0
1460539500 0 0 0 0
1460539200 0 0 0 0
1460538900 0 0 0 0
1460538600 0 0 0 0
1460538300 0 0 0 0
1460538000 0 0 0 0
1460537700 0 0 0 0
1460537400 0 0 0 0
1460537100 0 0 0 0
1460536800 0 0 0 0
1460536500 0 0 0 0
1460536200 0 0 0 0
1460535900 0 0 0 0
1460535600 0 0 0 0
1460535300 0 0 0 0
1460535000 0 0 0 0
1460534700 0 0 0 0
1460534400 0 0 0 0
1460534100 0 0 0 0
1460533800 0 0 0 0
1460533500 0 0 0 0
1460533200 0 0 0 0
1460532900 0 0 0 0
1460532600 0 0 0 0
1460532300 0 0 0 0
1460532000 0 0 0 0
1460531700 0 0 0 0
1460531400 0 0 0 0
1460531100 0 0 0 0
1460530800 0 0 0 0
1460530500 0 0 0 0
1460530200 0 0 0 0
1460529900 0 0 0 0
1460529600 0 0 0 0
1460529300 0 0 0 0
1460529000 0 0 0 0
1460528700 0 0 0 0
1460528400 0 0 0 0
1460528100 0 0 0 0
1460527800 0 0 0 0
1460527500 0 0 0 0
1460527200 0 0 0 0
1460526900 0 0 0 0
1460526600 0 0 0 0
1460526300 0 0 0 0
1460526000 0 0 0 0
1460525700 0 0 0 0
1460525400 0 0 0 0
1460525100 0 0 0 0
1460524800 0 0 0 0
1460524500 0 0 0 0
1460524200 0 0 0 0
1460523900 0 0 0 0
1460523600 0 0 0 0
1460523300 0 0 0 0
1460523000 0 0 0 0
1460522700 0 0 0 0
1460522400 0 0 0 0
1460522100 0 0 0 0
1460521800 0 0 0 0
1460521500 0 0 0 0
1460521200 0 0 0 0
1460520900 0 0 0 0
1460520600 0 0 0 0
1460520300 0 0 0 0
1460520000 0 0 0 0
1460519700 0 0 0 0
1460519400 0 0 0 0
1460519100 0 0 0 0
1460518800 0 0 0 0
1460518500 0 0 0 0
1460518200 0 0 0 0
1460517900 0 0 0 0
1460517600 0 0 0 0
1460517300 0 0 0 0
1460517000 0 0 0 0
1460516700 0 0 0 0
1460516400 0 0 0 0
1460516100 0 0 0 0
1460515800 0 0 0 0
1460515500 0 0 0 0
1460515200 0 0 0 0
1460514900 0 0 0 0
1460514600 0 0 0 0
1460514300 0 0 0 0
1460514000 0 0 0 0
1460513700 0 0 0 0
1460513400 0 0 0 0
1460513100 0 0 0 0
1460512800 0 0 0 0
1460512500 0 0 0 0
1460512200 0 0 0 0
1460511900 0 0 0 0
1460511600 0 0 0 0
1460511300 0 0 0 0
1460511000 0 0 0 0
1460510700 0 0 0 0
1460510400 0 0 0 0
1460510100 0 0 0 0
1460509800 0 0 0 0
1460509500 0 0 0 0
1460509200 0 0 0 0
1460508900 0 0 0 0
1460508600 0 0 0 0
1460508300 0 0 0 0
1460508000 0 0 0 0
1460507700 0 0 0 0
1460507400 0 0 0 0
1460507100 0 0 0 0
1460506800 0 0 0 0
1460506500 0 0 0 0
1460506200 0 0 0 0
1460505900 0 0 0 0
1460505600 0 0 0 0
1460505300 0 0 0 0
1460505000 0 0 0 0
1460504700 0 0 0 0
1460504400 0 0 0 0
1460504100 0 0 0 0
1460503800 0 0 0 0
1460503500 0 0 0 0
1460503200 0 0 0 0
1460502900 0 0 0 0
1460502600 0 0 0 0
1460502300 0 0 0 0
1460502000 0 0 0 0
1460501700 0 0 0 0
1460501400 0 0 0 0
1460501100 0 0 0 0
1460500800 0 0 0 0
1460500500 0 0 0 0
1460500200 0 0 0 0
1460499900 0 0 0 0
1460499600 0 0 0 0
1460499300 0 0 0 0
1460499000 0 0 0 0
1460498700 0 0 0 0
1460498400 0 0 0 0
1460498100 0 0 0 0
1460497800 0 0 0 0
1460497500 0 0 0 0
1460497200 0 0 0 0
1460496900 0 0 0 0
1460496600 0 0 0 0
1460496300 0 0 0 0
1460496000 0 0 0 0
1460495700 0 0 0 0
1460495400 0 0 0 0
1460495100 0 0 0 0
1460494800 0 0 0 0
1460494500 0 0 0 0
1460494200 0 0 0 0
1460493900 0 0 0 0
1460493600 0 0 0 0
1460493300 0 0 0 0
1460493000 0 0 0 0
1460492700 0 0 0 0
1460492400 0 0 0 0
1460492100 0 0 0 0
1460491800 0 0 0 0
1460491500 0 0 0 0
1460491200 0 0 0 0
1460490900 0 0 0 0
1460490600 0 0 0 0
1460490300 0 0 0 0
1460490000 0 0 0 0
1460489700 0 0 0 0
1460489400 0 0 0 0
1460489100 0 0 0 0
1460488800 0 0 0 0
1460488500 0 0 0 0
1460488200 0 0 0 0
1460487900 0 0 0 0
1460487600 0 0 0 0
1460487300 0 0 0 0
1460487000 0 0 0 0
1460486700 0 0 0 0
1460486400 0 0 0 0
1460486100 0 0 0 0
1460485800 0 0 0 0
1460485500 0 0 0 0
1460485200 0 0 0 0
1460484900 0 0 0 0
1460484600 0 0 0 0
1460484300 0 0 0 0
1460484000 0 0 0 0
1460483700 0 0 0 0
1460483400 0 0 0 0
1460483100 0 0 0 0
1460482800 0 0 0 0
1460482500 0 0 0 0
1460482200 0 0 0 0
1460481900 0 0 0 0
1460481600 0 0 0 0
1460481300 0 0 0 0
1460481000 0 0 0 0
1460480700 0 0 0 0
1460480400 0 0 0 0
1460480100 0 0 0 0
1460479800 0 0 0 0
1460479500 0 0 0 0
1460479200 0 0 0 0
1460478900 0 0 0 0
1460478600 0 0 0 0
1460478300 0 0 0 0
1460478000 0 0 0 0
1460477700 0 0 0 0
1460477400 0 0 0 0
1460477100 0 0 0 0
1460476800 0 0 0 0
1460476500 0 0 0 0
1460476200 0 0 0 0
1460475900 0 0 0 0
1460475600 0 0 0 0
1460475300 0 0 0 0
1460475000 0 0 0 0
1460474700 0 0 0 0
1460474400 0 0 0 0
1460474100 0 0 0 0
1460473800 0 0 0 0
1460473500 0 0 0 0
1460473200 0 0 0 0
1460472900 0 0 0 0
1460472600 0 0 0 0
1460472300 0 0 0 0
1460472000 0 0 0 0
1460471700 0 0 0 0
1460471400 0 0 0 0
1460471100 0 0 0 0
1460470800 0 0 0 0
1460470500 0 0 0 0
1460470200 0 0 0 0
1460469900 0 0 0 0
1460469600 0 0 0 0
1460469300 0 0 0 0
1460469000 0 0 0 0
1460468700 0 0 0 0
1460468400 0 0 0 0
1460468100 0 0 0 0
1460467800 0 0 0 0
1460467500 0 0 0 0
1460467200 0 0 0 0
1460466900 0 0 0 0
1460466600 0 0 0 0
1460466300 0 0 0 0
1460466000 0 0 0 0
1460465700 0 0 0 0
1460465400 0 0 0 0
1460465100 0 0 0 0
1460464800 0 0 0 0
1460464500 0 0 0 0
1460464200 0 0 0 0
1460463900 0 0 0 0
1460463600 0 0 0 0
1460463300 0 0 0 0
1460463000 0 0 0 0
1460462700 0 0 0 0
1460462400 0 0 0 0
1460462100 0 0 0 0
1460461800 0 0 0 0
1460461500 0 0 0 0
1460461200 0 0 0 0
1460460900 0 0 0 0
1460460600 0 0 0 0
1460460300 0 0 0 0
1460460000 0 0 0 0
1460459700 0 0 0 0
1460459400 0 0 0 0
1460459100 0 0 0 0
1460458800 0 0 0 0
1460458500 0 0 0 0
1460458200 0 0 0 0
1460457900 0 0 0 0
1460457600 0 0 0 0
1460457300 0 0 0 0
1460457000 0 0 0 0
1460456700 0 0 0 0
1460456400 0 0 0 0
1460456100 0 0 0 0
1460455800 0 0 0 0
1460455500 0 0 0 0
1460455200 0 0 0 0
1460454900 0 0 0 0
1460454600 0 0 0 0
1460454300 0 0 0 0
1460454000 0 0 0 0
1460453700 0 0 0 0
1460453400 0 0 0 0
1460453100 0 0 0 0
1460452800 0 0 0 0
1460452500 0 0 0 0
1460452200 0 0 0 0
1460451900 0 0 0 0
1460451600 0 0 0 0
1460451300 0 0 0 0
1460451000 0 0 0 0
1460450700 0 0 0 0
1460450400 0 0 0 0
1460450100 0 0 0 0
1460449800 0 0 0 0
1460449500 0 0 0 0
1460449200 0 0 0 0
1460448900 0 0 0 0
1460448600 0 0 0 0
1460448300 0 0 0 0
1460448000 0 0 0 0
1460447700 0 0 0 0
1460447400 0 0 0 0
1460447100 0 0 0 0
1460446800 0 0 0 0
1460446500 0 0 0 0
1460446200 0 0 0 0
1460445900 0 0 0 0
1460445600 0 0 0 0
1460445300 0 0 0 0
1460445000 0 0 0 0
1460444700 0 0 0 0
1460444400 0 0 0 0
1460444100 0 0 0 0
1460443800 0 0 0 0
1460443500 0 0 0 0
1460443200 0 0 0 0
1460442900 0 0 0 0
1460442600 0 0 0 0
1460442300 0 0 0 0
1460442000 0 0 0 0
1460441700 0 0 0 0
1460441400 0 0 0 0
1460441100 0 0 0 0
1460440800 0 0 0 0
1460440500 0 0 0 0
1460440200 0 0 0 0
1460439900 0 0 0 0
1460439600 0 0 0 0
1460439300 0 0 0 0
1460439000 0 0 0 0
1460438700 0 0 0 0
1460438400 0 0 0 0
1460438100 0 0 0 0
1460437800 0 0 0 0
1460437500 0 0 0 0
1460437200 0 0 0 0
1460436900 0 0 0 0
1460436600 0 0 0 0
1460436300 0 0 0 0
1460436000 0 0 0 0
1460435700 0 0 0 0
1460435400 0 0 0 0
1460435100 0 0 0 0
1460434800 0 0 0 0
1460434500 0 0 0 0
1460434200 0 0 0 0
1460433900 0 0 0 0
1460433600 0 0 0 0
1460433300 0 0 0 0
1460433000 0 0 0 0
1460432700 0 0 0 0
1460432400 0 0 0 0
1460432100 0 0 0 0
1460431800 0 0 0 0
1460431500 0 0 0 0
1460431200 0 0 0 0
1460430900 0 0 0 0
1460430600 0 0 0 0
1460430300 0 0 0 0
1460430000 0 0 0 0
1460429700 0 0 0 0
1460429400 0 0 0 0
1460429100 0 0 0 0
1460428800 0 0 0 0
1460428500 0 0 0 0
1460428200 0 0 0 0
1460427900 0 0 0 0
1460427600 0 0 0 0
1460427300 0 0 0 0
1460427000 0 0 0 0
1460426700 0 0 0 0
1460426400 0 0 0 0
1460426100 0 0 0 0
1460425800 0 0 0 0
1460425500 0 0 0 0
1460425200 0 0 0 0
1460424900 0 0 0 0
1460424600 0 0 0 0
1460424300 0 0 0 0
1460424000 0 0 0 0
1460423700 0 0 0 0
1460423400 0 0 0 0
1460423100 0 0 0 0
1460422800 0 0 0 0
1460422500 0 0 0 0
1460422200 0 0 0 0
1460421000 0 0 0 0
1460419200 0 0 0 0
1460417400 0 0 0 0
1460415600 0 0 0 0
1460413800 0 0 0 0
1460412000 0 0 0 0
1460410200 0 0 0 0
1460408400 0 0 0 0
1460406600 0 0 0 0
1460404800 0 0 0 0
1460403000 0 0 0 0
1460401200 0 0 0 0
1460399400 0 0 0 0
1460397600 0 0 0 0
1460395800 0 0 0 0
1460394000 0 0 0 0
1460392200 0 0 0 0
1460390400 0 0 0 0
1460388600 0 0 0 0
1460386800 0 0 0 0
1460385000 0 0 0 0
1460383200 0 0 0 0
1460381400 0 0 0 0
1460379600 0 0 0 0
1460377800 0 0 0 0
1460376000 0 0 0 0
1460374200 0 0 0 0
1460372400 0 0 0 0
1460370600 0 0 0 0
1460368800 0 0 0 0
1460367000 0 0 0 0
1460365200 0 0 0 0
1460363400 0 0 0 0
1460361600 0 0 0 0
1460359800 0 0 0 0
1460358000 0 0 0 0
1460356200 0 0 0 0
1460354400 0 0 0 0
1460352600 0 0 0 0
1460350800 0 0 0 0
1460349000 0 0 0 0
1460347200 0 0 0 0
1460345400 0 0 0 0
1460343600 0 0 0 0
1460341800 0 0 0 0
1460340000 0 0 0 0
1460338200 0 0 0 0
1460336400 0 0 0 0
1460334600 0 0 0 0
1460332800 0 0 0 0
1460331000 0 0 0 0
1460329200 0 0 0 0
1460327400 0 0 0 0
1460325600 0 0 0 0
1460323800 0 0 0 0
1460322000 0 0 0 0
1460320200 0 0 0 0
1460318400 0 0 0 0
1460316600 0 0 0 0
1460314800 0 0 0 0
1460313000 0 0 0 0
1460311200 0 0 0 0
1460309400 0 0 0 0
1460307600 0 0 0 0
1460305800 0 0 0 0
1460304000 0 0 0 0
1460302200 0 0 0 0
1460300400 0 0 0 0
1460298600 0 0 0 0
1460296800 0 0 0 0
1460295000 0 0 0 0
1460293200 0 0 0 0
1460291400 0 0 0 0
1460289600 0 0 0 0
1460287800 0 0 0 0
1460286000 0 0 0 0
1460284200 0 0 0 0
1460282400 0 0 0 0
1460280600 0 0 0 0
1460278800 0 0 0 0
1460277000 0 0 0 0
1460275200 0 0 0 0
1460273400 0 0 0 0
1460271600 0 0 0 0
1460269800 0 0 0 0
1460268000 0 0 0 0
1460266200 0 0 0 0
1460264400 0 0 0 0
1460262600 0 0 0 0
1460260800 0 0 0 0
1460259000 0 0 0 0
1460257200 0 0 0 0
1460255400 0 0 0 0
1460253600 0 0 0 0
1460251800 0 0 0 0
1460250000 0 0 0 0
1460248200 0 0 0 0
1460246400 0 0 0 0
1460244600 0 0 0 0
1460242800 0 0 0 0
1460241000 0 0 0 0
1460239200 0 0 0 0
1460237400 0 0 0 0
1460235600 0 0 0 0
1460233800 0 0 0 0
1460232000 0 0 0 0
1460230200 0 0 0 0
1460228400 0 0 0 0
1460226600 0 0 0 0
1460224800 0 0 0 0
1460223000 0 0 0 0
1460221200 0 0 0 0
1460219400 0 0 0 0
1460217600 0 0 0 0
1460215800 0 0 0 0
1460214000 0 0 0 0
1460212200 0 0 0 0
1460210400 0 0 0 0
1460208600 0 0 0 0
1460206800 0 0 0 0
1460205000 0 0 0 0
1460203200 0 0 0 0
1460201400 0 0 0 0
1460199600 0 0 0 0
1460197800 0 0 0 0
1460196000 0 0 0 0
1460194200 0 0 0 0
1460192400 0 0 0 0
1460190600 0 0 0 0
1460188800 0 0 0 0
1460187000 0 0 0 0
1460185200 0 0 0 0
1460183400 0 0 0 0
1460181600 0 0 0 0
1460179800 0 0 0 0
1460178000 0 0 0 0
1460176200 0 0 0 0
1460174400 0 0 0 0
1460172600 0 0 0 0
1460170800 0 0 0 0
1460169000 0 0 0 0
1460167200 0 0 0 0
1460165400 0 0 0 0
1460163600 0 0 0 0
1460161800 0 0 0 0
1460160000 0 0 0 0
1460158200 0 0 0 0
1460156400 0 0 0 0
1460154600 0 0 0 0
1460152800 0 0 0 0
1460151000 0 0 0 0
1460149200 0 0 0 0
1460147400 0 0 0 0
1460145600 0 0 0 0
1460143800 0 0 0 0
1460142000 0 0 0 0
1460140200 0 0 0 0
1460138400 0 0 0 0
1460136600 0 0 0 0
1460134800 0 0 0 0
1460133000 0 0 0 0
1460131200 0 0 0 0
1460129400 0 0 0 0
1460127600 0 0 0 0
1460125800 0 0 0 0
1460124000 0 0 0 0
1460122200 0 0 0 0
1460120400 0 0 0 0
1460118600 0 0 0 0
1460116800 0 0 0 0
1460115000 0 0 0 0
1460113200 0 0 0 0
1460111400 0 0 0 0
1460109600 0 0 0 0
1460107800 0 0 0 0
1460106000 0 0 0 0
1460104200 0 0 0 0
1460102400 0 0 0 0
1460100600 0 0 0 0
1460098800 0 0 0 0
1460097000 0 0 0 0
1460095200 0 0 0 0
1460093400 0 0 0 0
1460091600 0 0 0 0
1460089800 0 0 0 0
1460088000 0 0 0 0
1460086200 0 0 0 0
1460084400 0 0 0 0
1460082600 0 0 0 0
1460080800 0 0 0 0
1460079000 0 0 0 0
1460077200 0 0 0 0
1460075400 0 0 0 0
1460073600 0 0 0 0
1460071800 0 0 0 0
1460070000 0 0 0 0
1460068200 0 0 0 0
1460066400 0 0 0 0
1460064600 0 0 0 0
1460062800 0 0 0 0
1460061000 0 0 0 0
1460059200 0 0 0 0
1460057400 0 0 0 0
1460055600 0 0 0 0
1460053800 0 0 0 0
1460052000 0 0 0 0
1460050200 0 0 0 0
1460048400 0 0 0 0
1460046600 0 0 0 0
1460044800 0 0 0 0
1460043000 0 0 0 0
1460041200 0 0 0 0
1460039400 0 0 0 0
1460037600 0 0 0 0
1460035800 0 0 0 0
1460034000 0 0 0 0
1460032200 0 0 0 0
1460030400 0 0 0 0
1460028600 0 0 0 0
1460026800 0 0 0 0
1460025000 0 0 0 0
1460023200 0 0 0 0
1460021400 0 0 0 0
1460019600 0 0 0 0
1460017800 0 0 0 0
1460016000 0 0 0 0
1460014200 0 0 0 0
1460012400 0 0 0 0
1460010600 0 0 0 0
1460008800 0 0 0 0
1460007000 0 0 0 0
1460005200 0 0 0 0
1460003400 0 0 0 0
1460001600 0 0 0 0
1459999800 0 0 0 0
1459998000 0 0 0 0
1459996200 0 0 0 0
1459994400 0 0 0 0
1459992600 0 0 0 0
1459990800 0 0 0 0
1459989000 0 0 0 0
1459987200 0 0 0 0
1459985400 0 0 0 0
1459983600 0 0 0 0
1459981800 0 0 0 0
1459980000 0 0 0 0
1459978200 0 0 0 0
1459976400 0 0 0 0
1459974600 0 0 0 0
1459972800 0 0 0 0
1459971000 0 0 0 0
1459969200 0 0 0 0
1459967400 0 0 0 0
1459965600 0 0 0 0
1459963800 0 0 0 0
1459962000 0 0 0 0
1459960200 0 0 0 0
1459958400 0 0 0 0
1459956600 0 0 0 0
1459954800 0 0 0 0
1459953000 0 0 0 0
1459951200 0 0 0 0
1459949400 0 0 0 0
1459947600 0 0 0 0
1459945800 0 0 0 0
1459944000 0 0 0 0
1459942200 0 0 0 0
1459940400 0 0 0 0
1459938600 0 0 0 0
1459936800 0 0 0 0
1459935000 0 0 0 0
1459933200 0 0 0 0
1459931400 0 0 0 0
1459929600 0 0 0 0
1459927800 0 0 0 0
1459926000 0 0 0 0
1459924200 0 0 0 0
1459922400 0 0 0 0
1459920600 0 0 0 0
1459918800 0 0 0 0
1459917000 0 0 0 0
1459915200 0 0 0 0
1459913400 0 0 0 0
1459911600 0 0 0 0
1459909800 0 0 0 0
1459908000 0 0 0 0
1459906200 0 0 0 0
1459904400 0 0 0 0
1459902600 0 0 0 0
1459900800 0 0 0 0
1459899000 0 0 0 0
1459897200 0 0 0 0
1459895400 0 0 0 0
1459893600 0 0 0 0
1459891800 0 0 0 0
1459890000 0 0 0 0
1459888200 0 0 0 0
1459886400 0 0 0 0
1459884600 0 0 0 0
1459882800 0 0 0 0
1459881000 0 0 0 0
1459879200 0 0 0 0
1459877400 0 0 0 0
1459875600 0 0 0 0
1459873800 0 0 0 0
1459872000 0 0 0 0
1459870200 0 0 0 0
1459868400 0 0 0 0
1459866600 0 0 0 0
1459864800 0 0 0 0
1459863000 0 0 0 0
1459861200 0 0 0 0
1459859400 0 0 0 0
1459857600 0 0 0 0
1459855800 0 0 0 0
1459854000 0 0 0 0
1459852200 0 0 0 0
1459850400 0 0 0 0
1459848600 0 0 0 0
1459846800 0 0 0 0
1459845000 0 0 0 0
1459843200 0 0 0 0
1459841400 0 0 0 0
1459839600 0 0 0 0
1459837800 0 0 0 0
1459836000 0 0 0 0
1459834200 0 0 0 0
1459832400 0 0 0 0
1459830600 0 0 0 0
1459828800 0 0 0 0
1459827000 0 0 0 0
1459825200 0 0 0 0
1459823400 0 0 0 0
1459821600 0 0 0 0
1459819800 0 0 0 0
1459818000 0 0 0 0
1459816200 0 0 0 0
1459814400 0 0 0 0
1459812600 0 0 0 0
1459810800 0 0 0 0
1459809000 0 0 0 0
1459807200 0 0 0 0
1459805400 0 0 0 0
1459803600 0 0 0 0
1459801800 0 0 0 0
1459800000 0 0 0 0
1459798200 0 0 0 0
1459796400 0 0 0 0
1459794600 0 0 0 0
1459792800 0 0 0 0
1459791000 0 0 0 0
1459789200 0 0 0 0
1459787400 0 0 0 0
1459785600 0 0 0 0
1459783800 0 0 0 0
1459782000 0 0 0 0
1459780200 0 0 0 0
1459778400 0 0 0 0
1459776600 0 0 0 0
1459774800 0 0 0 0
1459773000 0 0 0 0
1459771200 0 0 0 0
1459769400 0 0 0 0
1459767600 0 0 0 0
1459765800 0 0 0 0
1459764000 0 0 0 0
1459762200 0 0 0 0
1459760400 0 0 0 0
1459758600 0 0 0 0
1459756800 0 0 0 0
1459755000 0 0 0 0
1459753200 0 0 0 0
1459751400 0 0 0 0
1459749600 0 0 0 0
1459747800 0 0 0 0
1459746000 0 0 0 0
1459744200 0 0 0 0
1459742400 0 0 0 0
1459740600 0 0 0 0
1459738800 0 0 0 0
1459737000 0 0 0 0
1459735200 0 0 0 0
1459733400 0 0 0 0
1459731600 0 0 0 0
1459729800 0 0 0 0
1459728000 0 0 0 0
1459726200 0 0 0 0
1459724400 0 0 0 0
1459722600 0 0 0 0
1459720800 0 0 0 0
1459719000 0 0 0 0
1459717200 0 0 0 0
1459715400 0 0 0 0
1459713600 0 0 0 0
1459711800 0 0 0 0
1459710000 0 0 0 0
1459708200 0 0 0 0
1459706400 0 0 0 0
1459704600 0 0 0 0
1459702800 0 0 0 0
1459701000 0 0 0 0
1459699200 0 0 0 0
1459697400 0 0 0 0
1459695600 0 0 0 0
1459693800 0 0 0 0
1459692000 0 0 0 0
1459690200 0 0 0 0
1459688400 0 0 0 0
1459686600 0 0 0 0
1459684800 0 0 0 0
1459683000 0 0 0 0
1459681200 0 0 0 0
1459679400 0 0 0 0
1459677600 0 0 0 0
1459675800 0 0 0 0
1459674000 0 0 0 0
1459672200 0 0 0 0
1459670400 0 0 0 0
1459668600 0 0 0 0
1459666800 0 0 0 0
1459665000 0 0 0 0
1459663200 0 0 0 0
1459661400 0 0 0 0
1459659600 0 0 0 0
1459657800 0 0 0 0
1459656000 0 0 0 0
1459654200 0 0 0 0
1459652400 0 0 0 0
1459650600 0 0 0 0
1459648800 0 0 0 0
1459647000 0 0 0 0
1459645200 0 0 0 0
1459643400 0 0 0 0
1459641600 0 0 0 0
1459639800 0 0 0 0
1459638000 0 0 0 0
1459636200 0 0 0 0
1459634400 0 0 0 0
1459632600 0 0 0 0
1459630800 0 0 0 0
1459629000 0 0 0 0
1459627200 0 0 0 0
1459625400 0 0 0 0
1459623600 0 0 0 0
1459621800 0 0 0 0
1459620000 0 0 0 0
1459618200 0 0 0 0
1459616400 0 0 0 0
1459614600 0 0 0 0
1459612800 0 0 0 0
1459611000 0 0 0 0
1459609200 0 0 0 0
1459607400 0 0 0 0
1459605600 0 0 0 0
1459603800 0 0 0 0
1459602000 0 0 0 0
1459600200 0 0 0 0
1459598400 0 0 0 0
1459596600 0 0 0 0
1459594800 0 0 0 0
1459593000 0 0 0 0
1459591200 0 0 0 0
1459589400 0 0 0 0
1459587600 0 0 0 0
1459585800 0 0 0 0
1459584000 0 0 0 0
1459582200 0 0 0 0
1459580400 0 0 0 0
1459578600 0 0 0 0
1459576800 0 0 0 0
1459575000 0 0 0 0
1459573200 0 0 0 0
1459571400 0 0 0 0
1459569600 0 0 0 0
1459567800 0 0 0 0
1459566000 0 0 0 0
1459564200 0 0 0 0
1459562400 0 0 0 0
1459560600 0 0 0 0
1459558800 0 0 0 0
1459557000 0 0 0 0
1459555200 0 0 0 0
1459553400 0 0 0 0
1459551600 0 0 0 0
1459549800 0 0 0 0
1459548000 0 0 0 0
1459546200 0 0 0 0
1459544400 0 0 0 0
1459542600 0 0 0 0
1459540800 0 0 0 0
1459539000 0 0 0 0
1459537200 0 0 0 0
1459535400 0 0 0 0
1459533600 0 0 0 0
1459531800 0 0 0 0
1459530000 0 0 0 0
1459528200 0 0 0 0
1459526400 0 0 0 0
1459524600 0 0 0 0
1459522800 0 0 0 0
1459521000 0 0 0 0
1459519200 0 0 0 0
1459517400 0 0 0 0
1459515600 0 0 0 0
1459513800 0 0 0 0
1459512000 0 0 0 0
1459510200 0 0 0 0
1459508400 0 0 0 0
1459506600 0 0 0 0
1459504800 0 0 0 0
1459503000 0 0 0 0
1459501200 0 0 0 0
1459499400 0 0 0 0
1459497600 0 0 0 0
1459495800 0 0 0 0
1459494000 0 0 0 0
1459492200 0 0 0 0
1459490400 0 0 0 0
1459488600 0 0 0 0
1459486800 0 0 0 0
1459485000 0 0 0 0
1459483200 0 0 0 0
1459481400 0 0 0 0
1459479600 0 0 0 0
1459477800 0 0 0 0
1459476000 0 0 0 0
1459474200 0 0 0 0
1459472400 0 0 0 0
1459470600 0 0 0 0
1459468800 0 0 0 0
1459467000 0 0 0 0
1459465200 0 0 0 0
1459463400 0 0 0 0
1459461600 0 0 0 0
1459459800 0 0 0 0
1459458000 0 0 0 0
1459456200 0 0 0 0
1459454400 0 0 0 0
1459452600 0 0 0 0
1459450800 0 0 0 0
1459449000 0 0 0 0
1459447200 0 0 0 0
1459445400 0 0 0 0
1459443600 0 0 0 0
1459441800 0 0 0 0
1459440000 0 0 0 0
1459438200 0 0 0 0
1459436400 0 0 0 0
1459434600 0 0 0 0
1459432800 0 0 0 0
1459431000 0 0 0 0
1459429200 0 0 0 0
1459427400 0 0 0 0
1459425600 0 0 0 0
1459423800 0 0 0 0
1459422000 0 0 0 0
1459420200 0 0 0 0
1459418400 0 0 0 0
1459416600 0 0 0 0
1459414800 0 0 0 0
1459413000 0 0 0 0
1459411200 0 0 0 0
1459409400 0 0 0 0
1459407600 0 0 0 0
1459405800 0 0 0 0
1459404000 0 0 0 0
1459402200 0 0 0 0
1459400400 0 0 0 0
1459398600 0 0 0 0
1459396800 0 0 0 0
1459395000 0 0 0 0
1459393200 0 0 0 0
1459391400 0 0 0 0
1459389600 0 0 0 0
1459387800 0 0 0 0
1459386000 0 0 0 0
1459384200 0 0 0 0
1459382400 0 0 0 0
1459380600 0 0 0 0
1459378800 0 0 0 0
1459377000 0 0 0 0
1459375200 0 0 0 0
1459373400 0 0 0 0
1459371600 0 0 0 0
1459369800 0 0 0 0
1459368000 0 0 0 0
1459366200 0 0 0 0
1459364400 0 0 0 0
1459362600 0 0 0 0
1459360800 0 0 0 0
1459359000 0 0 0 0
1459357200 0 0 0 0
1459355400 0 0 0 0
1459353600 0 0 0 0
1459351800 0 0 0 0
1459350000 0 0 0 0
1459348200 0 0 0 0
1459346400 0 0 0 0
1459344600 0 0 0 0
1459342800 0 0 0 0
1459341000 0 0 0 0
1459339200 0 0 0 0
1459332000 0 0 0 0
1459324800 0 0 0 0
1459317600 0 0 0 0
1459310400 0 0 0 0
1459303200 0 0 0 0
1459296000 0 0 0 0
1459288800 0 0 0 0
1459281600 0 0 0 0
1459274400 0 0 0 0
1459267200 0 0 0 0
1459260000 0 0 0 0
1459252800 0 0 0 0
1459245600 0 0 0 0
1459238400 0 0 0 0
1459231200 0 0 0 0
1459224000 0 0 0 0
1459216800 0 0 0 0
1459209600 0 0 0 0
1459202400 0 0 0 0
1459195200 0 0 0 0
1459188000 0 0 0 0
1459180800 0 0 0 0
1459173600 0 0 0 0
1459166400 0 0 0 0
1459159200 0 0 0 0
1459152000 0 0 0 0
1459144800 0 0 0 0
1459137600 0 0 0 0
1459130400 0 0 0 0
1459123200 0 0 0 0
1459116000 0 0 0 0
1459108800 0 0 0 0
1459101600 0 0 0 0
1459094400 0 0 0 0
1459087200 0 0 0 0
1459080000 0 0 0 0
1459072800 0 0 0 0
1459065600 0 0 0 0
1459058400 0 0 0 0
1459051200 0 0 0 0
1459044000 0 0 0 0
1459036800 0 0 0 0
1459029600 0 0 0 0
1459022400 0 0 0 0
1459015200 0 0 0 0
1459008000 0 0 0 0
1459000800 0 0 0 0
1458993600 0 0 0 0
1458986400 0 0 0 0
1458979200 0 0 0 0
1458972000 0 0 0 0
1458964800 0 0 0 0
1458957600 0 0 0 0
1458950400 0 0 0 0
1458943200 0 0 0 0
1458936000 0 0 0 0
1458928800 0 0 0 0
1458921600 0 0 0 0
1458914400 0 0 0 0
1458907200 0 0 0 0
1458900000 0 0 0 0
1458892800 0 0 0 0
1458885600 0 0 0 0
1458878400 0 0 0 0
1458871200 0 0 0 0
1458864000 0 0 0 0
1458856800 0 0 0 0
1458849600 0 0 0 0
1458842400 0 0 0 0
1458835200 0 0 0 0
1458828000 0 0 0 0
1458820800 0 0 0 0
1458813600 0 0 0 0
1458806400 0 0 0 0
1458799200 0 0 0 0
1458792000 0 0 0 0
1458784800 0 0 0 0
1458777600 0 0 0 0
1458770400 0 0 0 0
1458763200 0 0 0 0
1458756000 0 0 0 0
1458748800 0 0 0 0
1458741600 0 0 0 0
1458734400 0 0 0 0
1458727200 0 0 0 0
1458720000 0 0 0 0
1458712800 0 0 0 0
1458705600 0 0 0 0
1458698400 0 0 0 0
1458691200 0 0 0 0
1458684000 0 0 0 0
1458676800 0 0 0 0
1458669600 0 0 0 0
1458662400 0 0 0 0
1458655200 0 0 0 0
1458648000 0 0 0 0
1458640800 0 0 0 0
1458633600 0 0 0 0
1458626400 0 0 0 0
1458619200 0 0 0 0
1458612000 0 0 0 0
1458604800 0 0 0 0
1458597600 0 0 0 0
1458590400 0 0 0 0
1458583200 0 0 0 0
1458576000 0 0 0 0
1458568800 0 0 0 0
1458561600 0 0 0 0
1458554400 0 0 0 0
1458547200 0 0 0 0
1458540000 0 0 0 0
1458532800 0 0 0 0
1458525600 0 0 0 0
1458518400 0 0 0 0
1458511200 0 0 0 0
1458504000 0 0 0 0
1458496800 0 0 0 0
1458489600 0 0 0 0
1458482400 0 0 0 0
1458475200 0 0 0 0
1458468000 0 0 0 0
1458460800 0 0 0 0
1458453600 0 0 0 0
1458446400 0 0 0 0
1458439200 176 1961 3122 35563
1458432000 0 0 0 0
1458424800 0 0 0 0
1458417600 0 0 0 0
1458410400 0 0 0 0
1458403200 0 0 0 0
1458396000 0 0 0 0
1458388800 0 0 0 0
1458381600 0 0 0 0
1458374400 0 0 0 0
1458367200 0 0 0 0
1458360000 0 0 0 0
1458352800 0 0 0 0
1458345600 0 0 0 0
1458338400 0 0 0 0
1458331200 0 0 0 0
1458324000 0 0 0 0
1458316800 0 0 0 0
1458309600 0 0 0 0
1458302400 0 0 0 0
1458295200 0 0 0 0
1458288000 0 0 0 0
1458280800 0 0 0 0
1458273600 0 0 0 0
1458266400 0 0 0 0
1458259200 0 0 0 0
1458252000 0 0 0 0
1458244800 0 0 0 0
1458237600 0 0 0 0
1458230400 0 0 0 0
1458223200 0 0 0 0
1458216000 0 0 0 0
1458208800 0 0 0 0
1458201600 0 0 0 0
1458194400 0 0 0 0
1458187200 0 0 0 0
1458180000 0 0 0 0
1458172800 0 0 0 0
1458165600 0 0 0 0
1458158400 0 0 0 0
1458151200 0 0 0 0
1458144000 0 0 0 0
1458136800 0 0 0 0
1458129600 0 0 0 0
1458122400 0 0 0 0
1458115200 0 0 0 0
1458108000 0 0 0 0
1458100800 0 0 0 0
1458093600 0 0 0 0
1458086400 0 0 0 0
1458079200 0 0 0 0
1458072000 0 0 0 0
1458064800 0 0 0 0
1458057600 0 0 0 0
1458050400 0 0 0 0
1458043200 0 0 0 0
1458036000 0 0 0 0
1458028800 0 0 0 0
1458021600 0 0 0 0
1458014400 0 0 0 0
1458007200 0 0 0 0
1458000000 0 0 0 0
1457992800 0 0 0 0
1457985600 0 0 0 0
1457978400 0 0 0 0
1457971200 0 0 0 0
1457964000 0 0 0 0
1457956800 0 0 0 0
1457949600 0 0 0 0
1457942400 0 0 0 0
1457935200 0 0 0 0
1457928000 0 0 0 0
1457920800 0 0 0 0
1457913600 0 0 0 0
1457906400 0 0 0 0
1457899200 0 0 0 0
1457892000 0 0 0 0
1457884800 0 0 0 0
1457877600 0 0 0 0
1457870400 0 0 0 0
1457863200 0 0 0 0
1457856000 0 0 0 0
1457848800 0 0 0 0
1457841600 0 0 0 0
1457834400 0 0 0 0
1457827200 0 0 0 0
1457820000 0 0 0 0
1457812800 0 0 0 0
1457805600 0 0 0 0
1457798400 0 0 0 0
1457791200 0 0 0 0
1457784000 0 0 0 0
1457776800 0 0 0 0
1457769600 0 0 0 0
1457762400 0 0 0 0
1457755200 0 0 0 0
1457748000 0 0 0 0
1457740800 0 0 0 0
1457733600 0 0 0 0
1457726400 0 0 0 0
1457719200 0 0 0 0
1457712000 0 0 0 0
1457704800 0 0 0 0
1457697600 0 0 0 0
1457690400 0 0 0 0
1457683200 0 0 0 0
1457676000 0 0 0 0
1457668800 0 0 0 0
1457661600 0 0 0 0
1457654400 0 0 0 0
1457647200 0 0 0 0
1457640000 0 0 0 0
1457632800 0 0 0 0
1457625600 0 0 0 0
1457618400 0 0 0 0
1457611200 0 0 0 0
1457604000 0 0 0 0
1457596800 0 0 0 0
1457589600 0 0 0 0
1457582400 0 0 0 0
1457575200 0 0 0 0
1457568000 0 0 0 0
1457560800 0 0 0 0
1457553600 0 0 0 0
1457546400 0 0 0 0
1457539200 0 0 0 0
1457532000 0 0 0 0
1457524800 0 0 0 0
1457517600 0 0 0 0
1457510400 0 0 0 0
1457503200 0 0 0 0
1457496000 0 0 0 0
1457488800 0 0 0 0
1457481600 0 0 0 0
1457474400 0 0 0 0
1457467200 0 0 0 0
1457460000 0 0 0 0
1457452800 0 0 0 0
1457445600 0 0 0 0
1457438400 0 0 0 0
1457431200 0 0 0 0
1457424000 0 0 0 0
1457416800 0 0 0 0
1457409600 0 0 0 0
1457402400 0 0 0 0
1457395200 0 0 0 0
1457388000 0 0 0 0
1457380800 0 0 0 0
1457373600 0 0 0 0
1457366400 0 0 0 0
1457359200 0 0 0 0
1457352000 0 0 0 0
1457344800 0 0 0 0
1457337600 0 0 0 0
1457330400 0 0 0 0
1457323200 0 0 0 0
1457316000 0 0 0 0
1457308800 0 0 0 0
1457301600 0 0 0 0
1457294400 0 0 0 0
1457287200 0 0 0 0
1457280000 0 0 0 0
1457272800 0 0 0 0
1457265600 0 0 0 0
1457258400 0 0 0 0
1457251200 0 0 0 0
1457244000 0 0 0 0
1457236800 0 0 0 0
1457229600 0 0 0 0
1457222400 0 0 0 0
1457215200 0 0 0 0
1457208000 0 0 0 0
1457200800 0 0 0 0
1457193600 0 0 0 0
1457186400 0 0 0 0
1457179200 0 0 0 0
1457172000 0 0 0 0
1457164800 0 0 0 0
1457157600 0 0 0 0
1457150400 0 0 0 0
1457143200 0 0 0 0
1457136000 0 0 0 0
1457128800 0 0 0 0
1457121600 0 0 0 0
1457114400 0 0 0 0
1457107200 0 0 0 0
1457100000 0 0 0 0
1457092800 0 0 0 0
1457085600 0 0 0 0
1457078400 0 0 0 0
1457071200 0 0 0 0
1457064000 0 0 0 0
1457056800 0 0 0 0
1457049600 0 0 0 0
1457042400 0 0 0 0
1457035200 0 0 0 0
1457028000 0 0 0 0
1457020800 0 0 0 0
1457013600 0 0 0 0
1457006400 0 0 0 0
1456999200 0 0 0 0
1456992000 0 0 0 0
1456984800 0 0 0 0
1456977600 0 0 0 0
1456970400 0 0 0 0
1456963200 0 0 0 0
1456956000 0 0 0 0
1456948800 0 0 0 0
1456941600 0 0 0 0
1456934400 0 0 0 0
1456927200 0 0 0 0
1456920000 0 0 0 0
1456912800 0 0 0 0
1456905600 0 0 0 0
1456898400 0 0 0 0
1456891200 0 0 0 0
1456884000 0 0 0 0
1456876800 0 0 0 0
1456869600 0 0 0 0
1456862400 0 0 0 0
1456855200 0 0 0 0
1456848000 0 0 0 0
1456840800 0 0 0 0
1456833600 0 0 0 0
1456826400 0 0 0 0
1456819200 0 0 0 0
1456812000 0 0 0 0
1456804800 0 0 0 0
1456797600 0 0 0 0
1456790400 0 0 0 0
1456783200 0 0 0 0
1456776000 0 0 0 0
1456768800 0 0 0 0
1456761600 0 0 0 0
1456754400 0 0 0 0
1456747200 0 0 0 0
1456740000 0 0 0 0
1456732800 0 0 0 0
1456725600 0 0 0 0
1456718400 0 0 0 0
1456711200 0 0 0 0
1456704000 0 0 0 0
1456696800 0 0 0 0
1456689600 0 0 0 0
1456682400 0 0 0 0
1456675200 0 0 0 0
1456668000 0 0 0 0
1456660800 0 0 0 0
1456653600 0 0 0 0
1456646400 0 0 0 0
1456639200 0 0 0 0
1456632000 0 0 0 0
1456624800 0 0 0 0
1456617600 0 0 0 0
1456610400 0 0 0 0
1456603200 0 0 0 0
1456596000 0 0 0 0
1456588800 0 0 0 0
1456581600 0 0 0 0
1456574400 0 0 0 0
1456567200 0 0 0 0
1456560000 0 0 0 0
1456552800 0 0 0 0
1456545600 0 0 0 0
1456538400 0 0 0 0
1456531200 0 0 0 0
1456524000 0 0 0 0
1456516800 0 0 0 0
1456509600 0 0 0 0
1456502400 0 0 0 0
1456495200 0 0 0 0
1456488000 0 0 0 0
1456480800 0 0 0 0
1456473600 0 0 0 0
1456466400 0 0 0 0
1456459200 0 0 0 0
1456452000 0 0 0 0
1456444800 0 0 0 0
1456437600 0 0 0 0
1456430400 0 0 0 0
1456423200 0 0 0 0
1456416000 0 0 0 0
1456408800 0 0 0 0
1456401600 0 0 0 0
1456394400 0 0 0 0
1456387200 0 0 0 0
1456380000 0 0 0 0
1456372800 0 0 0 0
1456365600 0 0 0 0
1456358400 0 0 0 0
1456351200 0 0 0 0
1456344000 0 0 0 0
1456336800 0 0 0 0
1456329600 0 0 0 0
1456322400 0 0 0 0
1456315200 0 0 0 0
1456308000 0 0 0 0
1456300800 0 0 0 0
1456293600 0 0 0 0
1456286400 0 0 0 0
1456279200 0 0 0 0
1456272000 0 0 0 0
1456264800 0 0 0 0
1456257600 0 0 0 0
1456250400 0 0 0 0
1456243200 0 0 0 0
1456236000 0 0 0 0
1456228800 0 0 0 0
1456221600 0 0 0 0
1456214400 0 0 0 0
1456207200 0 0 0 0
1456200000 0 0 0 0
1456192800 0 0 0 0
1456185600 0 0 0 0
1456178400 0 0 0 0
1456171200 0 0 0 0
1456164000 0 0 0 0
1456156800 0 0 0 0
1456149600 0 0 0 0
1456142400 0 0 0 0
1456135200 0 0 0 0
1456128000 0 0 0 0
1456120800 0 0 0 0
1456113600 0 0 0 0
1456106400 0 0 0 0
1456099200 0 0 0 0
1456092000 0 0 0 0
1456084800 0 0 0 0
1456077600 0 0 0 0
1456070400 0 0 0 0
1456063200 0 0 0 0
1456056000 0 0 0 0
1456048800 0 0 0 0
1456041600 0 0 0 0
1456034400 0 0 0 0
1456027200 0 0 0 0
1456020000 0 0 0 0
1456012800 0 0 0 0
1456005600 0 0 0 0
1455998400 0 0 0 0
1455991200 0 0 0 0
1455984000 0 0 0 0
1455976800 0 0 0 0
1455969600 0 0 0 0
1455962400 0 0 0 0
1455955200 0 0 0 0
1455948000 0 0 0 0
1455940800 0 0 0 0
1455933600 0 0 0 0
1455926400 0 0 0 0
1455919200 0 0 0 0
1455912000 0 0 0 0
1455904800 0 0 0 0
1455897600 0 0 0 0
1455890400 0 0 0 0
1455883200 0 0 0 0
1455876000 0 0 0 0
1455868800 0 0 0 0
1455861600 0 0 0 0
1455854400 0 0 0 0
1455847200 0 0 0 0
1455840000 0 0 0 0
1455832800 0 0 0 0
1455825600 0 0 0 0
1455818400 0 0 0 0
1455811200 0 0 0 0
1455804000 0 0 0 0
1455796800 0 0 0 0
1455789600 0 0 0 0
1455782400 0 0 0 0
1455775200 0 0 0 0
1455768000 0 0 0 0
1455760800 0 0 0 0
1455753600 0 0 0 0
1455746400 0 0 0 0
1455739200 0 0 0 0
1455732000 0 0 0 0
1455724800 0 0 0 0
1455717600 0 0 0 0
1455710400 0 0 0 0
1455703200 0 0 0 0
1455696000 0 0 0 0
1455688800 0 0 0 0
1455681600 0 0 0 0
1455674400 0 0 0 0
1455667200 0 0 0 0
1455660000 0 0 0 0
1455652800 0 0 0 0
1455645600 0 0 0 0
1455638400 0 0 0 0
1455631200 0 0 0 0
1455624000 0 0 0 0
1455616800 0 0 0 0
1455609600 0 0 0 0
1455602400 0 0 0 0
1455595200 0 0 0 0
1455588000 0 0 0 0
1455580800 0 0 0 0
1455573600 0 0 0 0
1455566400 0 0 0 0
1455559200 0 0 0 0
1455552000 0 0 0 0
1455544800 0 0 0 0
1455537600 0 0 0 0
1455530400 0 0 0 0
1455523200 0 0 0 0
1455516000 0 0 0 0
1455508800 0 0 0 0
1455501600 0 0 0 0
1455494400 0 0 0 0
1455487200 0 0 0 0
1455480000 0 0 0 0
1455472800 0 0 0 0
1455465600 0 0 0 0
1455458400 0 0 0 0
1455451200 0 0 0 0
1455444000 0 0 0 0
1455436800 0 0 0 0
1455429600 0 0 0 0
1455422400 0 0 0 0
1455415200 0 0 0 0
1455408000 0 0 0 0
1455400800 0 0 0 0
1455393600 0 0 0 0
1455386400 0 0 0 0
1455379200 0 0 0 0
1455372000 0 0 0 0
1455364800 0 0 0 0
1455357600 0 0 0 0
1455350400 0 0 0 0
1455343200 0 0 0 0
1455336000 0 0 0 0
1455328800 0 0 0 0
1455321600 0 0 0 0
1455314400 0 0 0 0
1455307200 0 0 0 0
1455300000 0 0 0 0
1455292800 0 0 0 0
1455285600 0 0 0 0
1455278400 0 0 0 0
1455271200 0 0 0 0
1455264000 0 0 0 0
1455256800 0 0 0 0
1455249600 0 0 0 0
1455242400 0 0 0 0
1455235200 0 0 0 0
1455228000 0 0 0 0
1455220800 0 0 0 0
1455213600 0 0 0 0
1455206400 0 0 0 0
1455199200 0 0 0 0
1455192000 0 0 0 0
1455184800 0 0 0 0
1455177600 0 0 0 0
1455170400 0 0 0 0
1455163200 0 0 0 0
1455156000 0 0 0 0
1455148800 0 0 0 0
1455141600 0 0 0 0
1455134400 0 0 0 0
1455127200 0 0 0 0
1455120000 0 0 0 0
1455112800 0 0 0 0
1455105600 0 0 0 0
1455098400 0 0 0 0
1455091200 0 0 0 0
1455084000 0 0 0 0
1455076800 0 0 0 0
1455069600 0 0 0 0
1455062400 0 0 0 0
1455055200 0 0 0 0
1455048000 0 0 0 0
1455040800 0 0 0 0
1455033600 0 0 0 0
1455026400 0 0 0 0
1455019200 0 0 0 0
1454976000 0 0 0 0
1454889600 0 0 0 0
1454803200 0 0 0 0
1454716800 0 0 0 0
1454630400 0 0 0 0
1454544000 0 0 0 0
1454457600 0 0 0 0
1454371200 0 0 0 0
1454284800 0 0 0 0
1454198400 0 0 0 0
1454112000 0 0 0 0
1454025600 0 0 0 0
1453939200 0 0 0 0
1453852800 0 0 0 0
1453766400 0 0 0 0
1453680000 0 0 0 0
1453593600 0 0 0 0
1453507200 0 0 0 0
1453420800 0 0 0 0
1453334400 33536 5476 973132 704905
1453248000 1244 2949 145566 203540
1453161600 302 766 6344 16590
1453075200 20 100 22 139
1452988800 20 104 22 173
1452902400 33 193 172 579
1452816000 52 179 150 653
1452729600 1535 11143 73290 328685
1452643200 2587 15323 40951 729603
1452556800 765 3874 61870 401036
1452470400 30 97 61 124
1452384000 29 106 73 806
1452297600 2713 26416 90079 798746
1452211200 5683 12686 181271 561352
1452124800 2460 20834 83762 717548
1452038400 2842 10008 163915 540679
1451952000 3364 40788 67988 973444
1451865600 29 102 62 141
1451779200 29 102 63 146
1451692800 29 101 62 127
1451606400 34 115 111 578
1451520000 39 121 121 301
1451433600 35 116 112 382
1451347200 33 102 112 254
1451260800 29 94 61 126
1451174400 29 94 62 141
1451088000 29 94 61 126
1451001600 30 99 97 290
1450915200 43 160 137 572
1450828800 46 159 171 643
1450742400 53 197 204 746
1450656000 29 104 62 150
1450569600 29 106 82 270
1450483200 61 213 225 620
1450396800 51 197 217 1012
1450310400 2335 24669 84875 996398
1450224000 3191 20070 65205 843796
1450137600 3192 21609 111474 611579
1450051200 30 95 62 143
1449964800 30 95 80 174
1449878400 53 158 207 531
1449792000 47 192 174 576
1449705600 65 270 410 1102
1449619200 60 198 206 774
1449532800 56 178 178 654
1449446400 29 95 62 120
1449360000 30 95 85 278
1449273600 1093 4560 25415 103663
1449187200 3520 10826 173537 340433
1449100800 2789 16951 101440 881787
1449014400 52 158 225 586
1448928000 51 196 197 812
1448841600 30 95 63 154
1448755200 30 96 84 179
1448668800 50 158 159 444
1448582400 47 157 159 483
1448496000 44 160 158 508
1448409600 41 174 146 621
1448323200 36 191 160 853
1448236800 30 97 62 136
1448150400 30 97 61 129
1448064000 45 154 183 699
1447977600 42 150 176 816
1447891200 48 147 157 449
1447804800 40 144 131 472
1447718400 38 195 153 717
1447632000 29 95 62 122
1447545600 29 95 61 119
1447459200 67 221 775 8372
1447372800 1375 7993 25621 337506
1447286400 1406 4391 37483 168680
1447200000 581 2618 28773 320372
1447113600 36 189 126 648
1447027200 29 95 59 119
1446940800 29 95 59 225
1446854400 45 174 146 501
1446768000 47 167 153 614
1446681600 48 170 220 713
1446595200 42 166 135 498
1446508800 45 204 145 748
1446422400 30 96 63 129
1446336000 29 96 62 129
1446249600 45 179 159 867
1446163200 44 249 180 798
1446076800 40 259 171 909
1445990400 678 2805 34515 199973
1445904000 3024 21727 129816 936508
1445817600 65 212 1577 25816
1445731200 204 282 1483 3444
1445644800 1553 7351 27300 230934
1445558400 38 144 118 403
1445472000 36 177 101 587
1445385600 1624 7386 131255 475925
1445299200 1420 6453 47738 504665
1445212800 135 242 1100 12662
1445126400 30 101 420 819
1445040000 1663 8599 35087 351215
1444953600 970 4426 32048 171948
1444867200 50 194 311 802
1444780800 54 192 380 897
1444694400 29 98 62 127
1444608000 30 96 63 184
1444521600 29 95 62 118
1444435200 52 168 467 956
1444348800 51 171 200 532
1444262400 42 158 171 458
1444176000 44 156 173 844
1444089600 38 164 135 556
1444003200 29 95 62 116
1443916800 29 95 62 117
1443830400 38 188 111 666
1443744000 48 204 148 602
1443657600 54 223 177 818
1443571200 55 224 219 1026
1443484800 52 173 234 592
1443398400 29 95 62 142
1443312000 29 95 62 119
1443225600 49 166 189 581
1443139200 47 205 148 677
1443052800 49 176 165 599
1442966400 46 214 143 776
1442880000 46 236 149 993
1442793600 30 100 62 159
1442707200 30 98 62 211
1442620800 763 2855 27565 153151
1442534400 4711 39932 87505 1021561
1442448000 1634 6417 87447 252800
1442361600 42 226 159 657
1442275200 44 183 148 709
1442188800 30 96 69 170
1442102400 30 97 76 145
1442016000 48 172 147 560
1441929600 1901 6636 65909 291052
1441843200 6778 17288 599279 612176
1441756800 77 176 190 770
1441670400 64 94 110 120
1441584000 64 94 112 114
1441497600 64 95 93 120
1441411200 81 160 199 597
1441324800 79 158 174 553
1441238400 84 161 213 614
1441152000 77 161 187 565
1441065600 85 188 188 616
1440979200 64 94 105 120
1440892800 64 94 106 123
1440806400 70 136 150 471
1440720000 77 163 212 574
1440633600 77 156 168 867
1440547200 89 187 247 564
1440460800 85 194 200 856
1440374400 64 94 96 141
1440288000 64 94 97 137
1440201600 2203 13200 137506 714049
1440115200 4124 36533 73392 985882
1440028800 477 1862 62839 219253
1439942400 96 165 259 659
1439856000 537 2575 24396 271227
1439769600 147 258 1253 12959
1439683200 143 209 834 5673
1439596800 4310 17612 257527 578481
1439510400 5011 11865 344143 416528
1439424000 5941 23333 412935 969633
1439337600 3575 23455 51783 570187
1439251200 1026 4490 54365 186498
1439164800 62 94 96 121
1439078400 62 94 98 126
1438992000 3755 14971 233034 796028
1438905600 5106 19371 194223 439280
1438819200 1175 5222 46246 523138
1438732800 1422 8558 50191 738288
1438646400 120 139 16526 13710
1438560000 63 92 92 120
1438473600 63 93 95 209
1438387200 5365 31044 177244 711692
1438300800 2142 10781 28467 291829
1438214400 87 259 227 7150
1438128000 111 243 355 919
1438041600 97 204 248 686
1437955200 62 95 101 112
1437868800 63 94 100 121
1437782400 98 199 323 607
1437696000 109 277 347 1132
1437609600 88 247 219 960
1437523200 93 224 223 733
1437436800 86 219 213 699
1437350400 60 90 93 108
1437264000 63 93 89 110
1437177600 76 168 202 932
1437091200 88 237 233 905
1437004800 95 244 274 1558
1436918400 98 207 307 663
1436832000 84 207 230 662
1436745600 63 93 100 116
1436659200 63 92 100 118
1436572800 95 222 285 1423
1436486400 93 157 259 573
1436400000 92 162 357 638
1436313600 88 160 222 772
1436227200 89 170 231 742
1436140800 63 92 95 126
1436054400 63 92 96 130
1435968000 86 175 209 558
1435881600 82 182 223 605
1435795200 181 228 15642 12126
1435708800 3089 25148 74355 968296
1435622400 2001 22453 44493 850778
1435536000 175 246 1120 9949
1435449600 142 278 1613 17907
1435363200 162 496 2806 13214
1435276800 3565 7669 404998 520541
1435190400 2737 10836 107422 271064
1435104000 1 111 100 415
1435017600 88 175 236 727
1434931200 63 92 100 184
1434844800 62 92 100 111
1434758400 81 184 204 663
1434672000 90 178 268 689
1434585600 90 177 289 685
1434499200 1482 6621 68270 259122
1434412800 2368 8873 151473 215672
1434326400 64 97 198 283
1434240000 62 96 124 127
1434153600 3708 17762 94648 894896
1434067200 114 303 2611 8611
1433980800 83 171 209 551
1433894400 86 200 210 703
1433808000 84 173 180 544
1433721600 63 95 100 114
1433635200 62 94 100 121
1433548800 81 168 186 558
1433462400 83 171 216 479
1433376000 85 175 204 668
1433289600 81 165 196 577
1433203200 74 140 174 592
1433116800 63 95 97 124
1433030400 63 95 97 124
1432944000 83 169 209 883
1432857600 77 167 197 663
1432771200 77 210 173 890
1432684800 614 3232 24692 301734
1432598400 2385 17344 34547 539571
1432512000 63 93 87 113
1432425600 63 94 87 116
1432339200 1147 6074 15911 111763
1432252800 3027 28481 169847 581965
1432166400 3144 38492 84308 895912
1432080000 113 231 23042 22573
1431993600 20 69 23 104
1431907200 20 69 23 93
1431820800 20 69 23 98
1431734400 19 97 23 342
1431648000 20 105 22 501
1431561600 20 135 23 814
1431475200 526 926 17458 25485
1431388800 914 1033 68979 36705
1431302400 0 0 0 0
1431216000 0 0 0 0
1431129600 0 0 0 0
1431043200 0 0 0 0
1430956800 0 0 0 0
1430870400 0 0 0 0
1430784000 0 0 0 0
1430697600 0 0 0 0
1430611200 0 0 0 0
1430524800 0 0 0 0
1430438400 0 0 0 0
1430352000 0 19 10 601
1430265600 829 3734 58858 112827
1430179200 1052 5676 63297 553589
1430092800 10 281 12 543
1430006400 10 308 12 1158
1429920000 741 2617 56049 56486
1429833600 906 3398 53570 103102
1429747200 780 2683 53281 73794
1429660800 1047 5915 54702 245049
1429574400 956 8213 55137 159712
1429488000 10 366 12 531
1429401600 10 349 12 452
1429315200 2014 11032 53725 237699
1429228800 750 2507 50288 51419
1429142400 1452 6460 56163 262068
1429056000 3831 4546 712207 258725
1428969600 656 5420 12605 134898
1428883200 10 250 12 456
1428796800 10 249 12 541
1428710400 712 3953 9198 144562
1428624000 507 2370 4892 42853
1428537600 730 3161 9962 82009
1428451200 758 4931 19316 364861
1428364800 1340 30167 27199 1125083
1428278400 15 183 17 259
1428192000 15 181 17 328
1428105600 15 192 17 670
1428019200 669 3563 7670 104199
1427932800 628 3299 19162 121821
1427846400 714 3109 48870 183444
1427760000 581 2484 7474 120080
1427673600 15 263 17 755
1427587200 15 263 17 441
1427500800 512 2453 8117 100685
1427414400 631 3643 13506 179587
1427328000 647 3103 12497 98816
1427241600 598 2543 7767 44754
1427155200 761 8861 13423 290408
1427068800 15 1412 17 1460
1426982400 15 969 17 1439
1426896000 354 1797 7654 41096
1426809600 446 3527 11329 175984
1426723200 890 9461 37532 843089
1426636800 636 4208 16937 317494
1426550400 609 2909 6954 56227
1426464000 9 221 12 311
1426377600 10 221 12 318
1426291200 631 3207 5768 65363
1426204800 588 5236 10894 243803
1426118400 651 4740 7682 158689
1426032000 672 2571 6687 48646
1425945600 664 2869 4389 38746
1425859200 10 208 12 319
1425772800 9 206 12 384
1425686400 539 2794 4021 60374
1425600000 607 2363 5183 24150
1425513600 574 3537 4073 130981
1425427200 679 4200 20153 407835
1425340800 661 4284 9039 199696
1425254400 9 175 12 222
1425168000 10 173 12 206
1425081600 398 1759 7902 42267
1424995200 677 3027 46361 208947
1424908800 768 14615 17843 707590
1424822400 915 5321 27774 477427
1424736000 1409 3287 37814 99728
1424649600 10 169 12 227
1424563200 10 169 12 226
1424476800 636 2200 14344 41770
1424390400 1302 15559 43877 816808
1424304000 639 7302 16829 356822
1424217600 851 7692 34381 469098
1424131200 10 168 12 294
1424044800 10 170 12 292
1423958400 9 177 12 326
1423872000 947 10997 20188 290936
1423785600 840 12994 35254 777019
1423699200 10 452 12 1488
1423612800 521 9226 32898 768829
1423526400 361 5384 16250 356554
1423440000 10 180 12 227
1423353600 9 240 12 18168
1423267200 970 11365 70193 680430
1423180800 705 7059 26690 218406
1423094400 381 4234 13881 303650
1423008000 272 5064 25706 446599
1422921600 1086 14578 24170 542196
1422835200 64 231 4746 6211
1422748800 65 226 4673 2353
1422662400 528 787 121827 33802
1422576000 46 621 10399 1815
1422489600 620 3966 29766 207848
1422403200 9 571 12 9495
1422316800 10 439 12 1565
1422230400 10 174 68 410
1422144000 10 171 12 300
1422057600 10 486 12 1545
1421971200 10 500 12 4691
1421884800 10 664 12 2258
1421798400 10 554 12 2127
1421712000 10 443 68 1432
1421625600 9 172 12 212
1421539200 10 173 12 360
1421452800 10 436 12 1849
1421366400 10 628 12 2396
1421280000 519 4639 7943 191350
1421193600 721 2805 36615 75479
1421107200 494 6347 5459 142780
1421020800 10 348 12 1147
1420934400 10 332 12 974
1420848000 395 2691 3961 66648
1420761600 417 2374 4541 86482
1420675200 456 2486 12649 74935
1420588800 9 700 12 2248
1420502400 32 1582 4303 177894
1420416000 10 311 12 611
1420329600 10 318 34 794
1420243200 10 436 12 1987
1420156800 10 269 12 1477
1420070400 10 308 12 1201
1419984000 10 673 11 7843
1419897600 10 494 11 1876
1419811200 9 157 12 194
1419724800 10 156 12 189
1419638400 10 156 12 185
1419552000 9 156 12 184
1419465600 10 157 12 224
1419379200 10 454 12 1919
1419292800 10 1045 12 36043
1419206400 10 170 12 679
1419120000 10 163 12 291
1419033600 10 498 12 1579
1418947200 10 698 12 36823
1418860800 10 538 12 1755
1418774400 10 466 12 2881
1418688000 10 499 12 1832
1418601600 10 280 12 403
1418515200 10 272 12 526
1418428800 9 486 12 3095
1418342400 10 602 12 1479
1418256000 10 583 68 1952
1418169600 10 681 12 1856
1418083200 10 637 12 4855
1417996800 9 178 12 477
1417910400 10 178 12 440
1417824000 10 566 12 2080
1417737600 10 563 12 1637
1417651200 10 509 12 1774
1417564800 10 508 12 1864
1417478400 10 462 12 1460
1417392000 10 183 12 335
1417305600 10 185 12 420
1417219200 1073 3240 124779 93479
1417132800 1076 2382 125632 105873
1417046400 1337 7127 125447 251969
1416960000 1584 7036 124808 196435
1416873600 1186 3995 124544 94835
1416787200 553 1929 125117 410391
1416700800 702 389 124336 5490
1416614400 1315 4946 122727 152805
1416528000 1107 4048 123379 38922
1416441600 1275 3177 123844 81319
1416355200 2150 23117 122924 370175
1416268800 2971 7939 232192 731267
1416182400 10 198 12 256
1416096000 10 197 12 347
1416009600 1477 7624 119819 145746
1415923200 1159 2290 119675 48212
1415836800 1191 5182 118592 60263
1415750400 2196 3462 367764 62541
1415664000 1492 7766 116691 154832
1415577600 551 463 116605 6978
1415491200 844 479 114522 4646
1415404800 1589 10719 115711 592391
1415318400 1228 4631 115585 134155
1415232000 2475 2978 385870 29517
1415145600 2259 10803 243818 83724
1415059200 1394 6567 113423 217890
1414972800 573 625 113405 6779
1414886400 723 700 113740 5794
1414800000 1075 5219 113800 132604
1414713600 1041 6845 112870 104650
1414627200 1595 10300 112703 106667
1414540800 2904 6722 158318 122988
1414454400 1152 7473 111371 191618
1414368000 511 513 110553 4812
1414281600 1018 554 109113 5438
1414195200 1469 10926 108954 79488
1414108800 1125 3895 108645 62802
1414022400 1808 14526 55798 100839
1413936000 1308 7023 107665 98072
1413849600 588 2154 7530 37992
1413763200 10 285 12 392
1413676800 9 284 12 393
1413590400 10 383 12 1233
1413504000 436 1765 28933 129207
1413417600 10 411 12 1349
1413331200 10 477 12 1242
1413244800 10 374 12 631
1413158400 10 366 12 506
1413072000 10 366 12 512
1412985600 10 520 12 1069
1412899200 10 504 12 1042
1412812800 2438 6989 111541 121242
1412726400 2246 6516 112063 130076
1412640000 1224 13088 34749 202916
1412553600 512 650 104168 17238
1412467200 727 612 103812 11841
1412380800 1408 9176 103173 149701
1412294400 759 1723 71035 60521
1412208000 1399 7599 103077 91513
1412121600 1188 4702 102500 75811
1412035200 780 9755 14286 91200
1411948800 10 412 12 559
1411862400 10 412 12 572
1411776000 1257 9939 80528 138189
1411689600 1492 19447 101348 157399
1411603200 1011 4320 101171 128176
1411516800 3594 7256 604600 643358
1411430400 1402 8711 98838 244488
1411344000 499 599 98881 7305
1411257600 725 706 98643 6186
1411171200 1044 4729 98341 86444
1411084800 857 6300 98114 175225
1410998400 4203 5238 454706 373284
1410912000 2211 11586 93460 200121
1410825600 2083 14468 105042 137781
1410739200 90973 6087 1216476 224776
1410652800 308 1534 20489 208635
1410566400 724 5161 4680 89690
1410480000 672 3792 13595 162574
1410393600 632 5344 7789 165529
1410307200 1176 17178 17442 644944
1410220800 770 7751 9805 106078
1410134400 128 429 818 5038
1410048000 122 409 680 996
1409961600 948 12778 6862 183844
1409875200 812 9066 13168 114454
1409788800 10 554 12 1819
1409702400 854 14840 9774 295833
1409616000 134 434 1154 7040
1409529600 137 457 1279 13738
1409443200 138 443 966 3749
1409356800 6327 22838 24722 284050
1409270400 658 8424 18050 643295
1409184000 751 9336 20711 759781
1409097600 1042 13150 11441 232230
1409011200 549 2137 6806 116728
1408924800 138 315 941 4326
1408838400 114 285 986 2731
1408752000 554 5103 6544 110195
1408665600 572 2370 4127 33135
1408579200 1055 12333 11002 64421
1408492800 790 8105 8097 311944
1408406400 768 8425 5261 149951
1408320000 134 292 647 8317
1408233600 138 306 1085 5076
1408147200 1226 8754 74806 133640
1408060800 702 5424 5432 43304
1407974400 1098 5399 7415 123900
1407888000 892 6244 24335 121437
1407801600 944 6591 12064 286909
1407715200 222 472 1408 10776
1407628800 219 446 1702 5064
1407542400 705 6006 24692 926740
1407456000 671 4439 6283 169158
1407369600 127 704 730 6162
1407283200 106 664 955 9514
1407196800 85 402 859 4585
1407110400 132 404 941 6480
1407024000 133 382 945 2941
1406937600 822 8334 10057 153249
1406851200 400 1396 4058 20761
1406764800 1121 12871 20306 795749
1406678400 1058 12031 9400 119112
1406592000 926 8932 6616 180987
1406505600 207 515 1899 2617
1406419200 189 541 1448 3610
1406332800 431 4102 10008 186634
1406246400 749 10866 10205 405608
1406160000 862 15961 6983 185680
1406073600 630 7042 10554 376240
1405987200 180 709 740 8926
1405900800 206 511 1368 4970
1405814400 200 540 1875 7406
1405728000 1001 15739 30436 586357
1405641600 775 10988 6215 146375
1405555200 836 10790 7941 189791
1405468800 841 8983 9945 161541
1405382400 830 9796 7692 130303
1405296000 197 340 837 5741
1405209600 193 353 781 3498
1405123200 813 6805 22705 131693
1405036800 622 6785 8825 102925
1404950400 349 3764 5162 50881
1404864000 0 0 0 0
1404777600 0 0 0 0
1404691200 0 0 0 0
1404604800 0 0 0 0
1404518400 0 0 0 0
1404432000 0 0 0 0
1404345600 0 0 0 0
1404259200 0 0 0 0
1404172800 0 0 0 0
1404086400 0 0 0 0
1404000000 0 0 0 0
1403913600 0 0 0 0
1403827200 0 0 0 0
1403740800 0 0 0 0
1403654400 0 0 0 0
1403568000 0 0 0 0
1403481600 0 0 0 0
1403395200 0 0 0 0
1403308800 0 0 0 0
1403222400 0 0 0 0
1403136000 0 0 0 0
1403049600 0 0 0 0
1402963200 0 0 0 0
1402876800 0 0 0 0
1402790400 0 0 0 0
1402704000 0 0 0 0
1402617600 0 0 0 0
1402531200 0 0 0 0
1402444800 0 0 0 0
1402358400 0 0 0 0
1402272000 0 0 0 0
1402185600 0 0 0 0
1402099200 0 0 0 0
1402012800 0 0 0 0
1401926400 0 0 0 0
1401840000 0 0 0 0
1401753600 0 0 0 0
1401667200 0 0 0 0
1401580800 0 0 0 0
1401494400 0 0 0 0
1401408000 0 0 0 0
1401321600 0 0 0 0
1401235200 0 0 0 0
1401148800 0 0 0 0
1401062400 0 0 0 0
1400976000 0 0 0 0
1400889600 0 0 0 0
1400803200 0 0 0 0
1400716800 0 0 0 0
1400630400 0 0 0 0
1400544000 0 0 0 0
1400457600 0 0 0 0
1400371200 0 0 0 0
1400284800 0 0 0 0
1400198400 0 0 0 0
1400112000 0 0 0 0
1400025600 0 0 0 0
1399939200 0 0 0 0
1399852800 0 0 0 0
1399766400 0 0 0 0
1399680000 0 0 0 0
1399593600 0 0 0 0
1399507200 0 0 0 0
1399420800 0 0 0 0
1399334400 0 0 0 0
1399248000 0 0 0 0
1399161600 0 0 0 0
1399075200 0 0 0 0
1398988800 0 0 0 0
1398902400 0 0 0 0
1398816000 0 0 0 0
1398729600 0 0 0 0
1398643200 0 0 0 0
1398556800 0 0 0 0
1398470400 0 0 0 0
1398384000 0 0 0 0
1398297600 0 0 0 0
1398211200 0 0 0 0
1398124800 0 0 0 0
1398038400 0 0 0 0
1397952000 0 0 0 0
1397865600 0 0 0 0
1397779200 0 0 0 0
1397692800 0 0 0 0
1397606400 0 0 0 0
1397520000 0 0 0 0
1397433600 0 0 0 0
1397347200 0 0 0 0
1397260800 0 0 0 0
1397174400 0 0 0 0
1397088000 0 0 0 0
1397001600 0 0 0 0
1396915200 0 0 0 0
1396828800 0 0 0 0
1396742400 0 0 0 0
1396656000 0 0 0 0
1396569600 0 0 0 0
1396483200 0 0 0 0
1396396800 0 0 0 0
1396310400 0 0 0 0
1396224000 0 0 0 0
1396137600 0 0 0 0
1396051200 0 0 0 0
1395964800 0 0 0 0
1395878400 0 0 0 0
1395792000 0 0 0 0
1395705600 0 0 0 0
1395619200 0 0 0 0
1395532800 0 0 0 0
1395446400 0 0 0 0
1395360000 0 0 0 0
1395273600 0 0 0 0
1395187200 0 0 0 0
1395100800 0 0 0 0
1395014400 0 0 0 0
1394928000 0 0 0 0
1394841600 0 0 0 0
1394755200 0 0 0 0
1394668800 0 0 0 0
1394582400 0 0 0 0
1394496000 0 0 0 0
1394409600 0 0 0 0
1394323200 0 0 0 0
1394236800 0 0 0 0
1394150400 0 0 0 0
1394064000 0 0 0 0
1393977600 0 0 0 0
1393891200 0 0 0 0
1393804800 0 0 0 0
1393718400 0 0 0 0
1393632000 0 0 0 0
1393545600 0 0 0 0
1393459200 0 0 0 0
1393372800 0 0 0 0
1393286400 0 0 0 0
1393200000 0 0 0 0
1393113600 0 0 0 0
1393027200 0 0 0 0
1392940800 0 0 0 0
1392854400 0 0 0 0
1392768000 0 0 0 0
1392681600 0 0 0 0
1392595200 0 0 0 0
1392508800 0 0 0 0
1392422400 0 0 0 0
1392336000 0 0 0 0
1392249600 0 0 0 0
1392163200 0 0 0 0
1392076800 0 0 0 0
1391990400 0 0 0 0
1391904000 0 0 0 0
1391817600 0 0 0 0
