1491024782 42 42
1491024782 42 42 42 42
1491024482 92 92 92 92
1491024300 41 41 92 92
1491024000 9 9 10 10
1491023700 13 13 15 15
1491023400 65 65 99 99
1491023100 99 99 100 100
1491022800 41 41 100 100
1491022500 62 62 100 100
1491022200 100 100 100 100
1491021900 96 96 100 100
1491021600 64 64 95 95
1491021300 19 19 44 44
1491021000 4 4 5 5
1491020700 62 62 100 100
1491020400 96 96 100 100
1491020100 98 98 100 100
1491019800 57 57 100 100
1491019500 14 14 30 30
1491019200 62 62 100 100
1491018900 41 41 100 100
1491018600 44 44 70 70
1491018300 29 29 70 70
1491018000 61 61 98 98
1491017700 96 96 98 98
1491017400 98 98 100 100
1491017100 96 96 100 100
1491016800 39 39 95 95
1491016500 62 62 100 100
1491016200 63 63 100 100
1491015900 76 76 100 100
1491015600 44 44 100 100
1491015300 7 7 9 9
1491015000 5 5 6 6
1491014700 60 60 97 97
1491014400 43 43 97 97
1491014100 10 10 11 11
1491013800 6 6 11 11
1491013500 61 61 99 99
1491013200 44 44 99 99
1491012900 8 8 9 9
1491012600 37 37 57 57
1491012300 26 26 57 57
1491012000 32 32 50 50
1491011700 61 61 69 69
1491011400 29 29 69 69
1491011100 4 4 4 4
1491010800 25 25 39 39
1491010500 30 30 39 39
1491010200 68 68 96 96
1491009900 54 54 96 96
1491009600 14 14 28 28
1491009300 63 63 100 100
1491009000 41 41 100 100
1491008700 4 4 4 4
1491008400 47 47 76 76
1491008100 88 88 96 96
1491007800 96 96 96 96
1491007500 96 96 96 96
1491007200 48 48 96 96
1491006900 17 17 17 17
1491006600 17 17 17 17
1491006300 17 17 17 17
1491006000 17 17 17 17
1491005700 17 17 17 17
1491005400 17 17 17 17
1491005100 65 65 96 96
1491004800 62 62 96 96
1491004500 31 31 41 41
1491004200 69 69 99 99
1491003900 99 99 100 100
1491003600 41 41 100 100
1491003300 34 34 55 55
1491003000 36 36 55 55
1491002700 40 40 51 51
1491002400 22 22 51 51
1491002100 57 57 91 91
1491001800 75 75 91 91
1491001500 85 85 99 99
1491001200 97 97 99 99
1491000900 40 40 96 96
1491000600 4 4 4 4
1491000300 58 58 94 94
1491000000 39 39 94 94
1490999700 7 7 9 9
1490999400 5 5 9 9
1490999100 4 4 4 4
1490998800 54 54 87 87
1490998500 39 39 87 87
1490998200 13 13 17 17
1490997900 9 9 17 17
1490997600 55 55 89 89
1490997300 67 67 89 89
1490997000 23 23 54 54
1490996700 45 45 72 72
1490996400 85 85 94 94
1490996100 66 66 94 94
1490995800 35 35 48 48
1490995500 13 13 27 27
1490995200 30 30 47 47
1490994900 21 21 47 47
1490994600 27 27 42 42
1490994300 75 75 98 98
1490994000 63 63 98 98
1490993700 76 76 100 100
1490993400 43 43 100 100
1490993100 13 13 18 18
1490992800 59 59 87 87
1490992500 38 38 87 87
1490992200 5 5 7 7
1490991900 42 42 68 68
1490991600 29 29 68 68
1490991300 25 25 40 40
1490991000 70 70 90 90
1490990700 41 41 90 90
1490990400 64 64 100 100
1490990100 100 100 100 100
1490989800 95 95 100 100
1490989500 52 52 93 93
1490989200 13 13 27 27
1490988900 4 4 5 5
1490988600 8 8 11 11
1490988300 63 63 97 97
1490988000 68 68 97 97
1490987700 66 66 77 77
1490987400 32 32 77 77
1490987100 5 5 6 6
1490986800 7 7 9 9
1490986500 46 46 70 70
1490986200 85 85 96 96
1490985900 98 98 100 100
1490985600 98 98 100 100
1490985300 87 87 97 97
1490985000 90 90 96 96
1490984700 43 43 96 96
1490984400 16 16 22 22
1490984100 11 11 22 22
1490983800 4 4 4 4
1490983500 4 4 4 4
1490983200 27 27 42 42
1490982900 72 72 93 93
1490982600 76 76 93 93
1490982300 31 31 65 65
1490982000 10 10 10 10
1490981700 59 59 92 92
1490981400 96 96 99 99
1490981100 94 94 99 99
1490980800 87 87 92 92
1490980500 90 90 95 95
1490980200 98 98 100 100
1490979900 98 98 100 100
1490979600 40 40 97 97
1490979300 4 4 4 4
1490979000 62 62 100 100
1490978700 41 41 100 100
1490978400 20 20 32 32
1490978100 67 67 91 91
1490977800 96 96 100 100
1490977500 100 100 100 100
1490977200 49 49 100 100
1490976900 66 66 100 100
1490976600 41 41 100 100
1490976300 33 33 53 53
1490976000 60 60 66 66
1490975700 28 28 66 66
1490975400 56 56 91 91
1490975100 96 96 100 100
1490974800 70 70 100 100
1490974500 22 22 51 51
1490974200 57 57 92 92
1490973900 38 38 92 92
1490973600 4 4 4 4
1490973300 27 27 42 42
1490973000 19 19 42 42
1490972700 49 49 79 79
1490972400 91 91 99 99
1490972100 96 96 99 99
1490971800 51 51 95 95
1490971500 11 11 23 23
1490971200 37 37 60 60
1490970900 44 44 60 60
1490970600 36 36 38 38
1490970300 37 37 38 38
1490970000 16 16 37 37
1490969700 62 62 100 100
1490969400 42 42 100 100
1490969100 30 30 46 46
1490968800 77 77 98 98
1490968500 42 42 98 98
1490968200 4 4 6 6
1490967900 6 6 8 8
1490967600 63 63 100 100
1490967300 100 100 100 100
1490967000 99 99 100 100
1490966700 41 41 99 99
1490966400 62 62 100 100
1490966100 70 70 100 100
1490965800 44 44 52 52
1490965500 17 17 39 39
1490965200 56 56 91 91
1490964900 40 40 91 91
1490964600 5 5 7 7
1490964300 4 4 4 4
1490964000 5 5 6 6
1490963700 46 46 72 72
1490963400 59 59 72 72
1490963100 77 77 95 95
1490962800 93 93 95 95
1490962500 91 91 93 93
1490962200 63 63 90 90
1490961900 79 79 100 100
1490961600 75 75 100 100
1490961300 80 80 94 94
1490961000 96 96 98 98
1490960700 40 40 98 98
1490960400 43 43 69 69
1490960100 84 84 95 95
1490959800 93 93 95 95
1490959500 96 96 100 100
1490959200 41 41 100 100
1490958900 62 62 100 100
1490958600 97 97 100 100
1490958300 55 55 96 96
1490958000 67 67 92 92
1490957700 63 63 92 92
1490957400 75 75 95 95
1490957100 39 39 95 95
1490956800 35 35 56 56
1490956500 82 82 100 100
1490956200 70 70 100 100
1490955900 22 22 51 51
1490955600 4 4 4 4
1490955300 6 6 8 8
1490955000 61 61 96 96
1490954700 69 69 96 96
1490954400 23 23 53 53
1490954100 60 60 97 97
1490953800 98 98 100 100
1490953500 47 47 100 100
1490953200 66 66 100 100
1490952900 99 99 100 100
1490952600 41 41 99 99
1490952300 50 50 81 81
1490952000 36 36 81 81
1490951700 62 62 98 98
1490951400 99 99 100 100
1490951100 100 100 100 100
1490950800 100 100 100 100
1490950500 95 95 100 100
1490950200 60 60 93 93
1490949900 76 76 100 100
1490949600 43 43 100 100
1490949300 63 63 100 100
1490949000 41 41 100 100
1490948700 24 24 38 38
1490948400 48 48 56 56
1490948100 27 27 56 56
1490947800 7 7 9 9
1490947500 63 63 100 100
1490947200 43 43 100 100
1490946900 5 5 7 7
1490946600 4 4 4 4
1490946300 57 57 92 92
1490946000 39 39 92 92
1490945700 8 8 10 10
1490945400 60 60 93 93
1490945100 41 41 93 93
1490944800 36 36 55 55
1490944500 31 31 55 55
1490944200 62 62 92 92
1490943900 84 84 92 92
1490943600 91 91 100 100
1490943300 98 98 100 100
1490943000 98 98 100 100
1490942700 100 100 100 100
1490942400 41 41 100 100
1490942100 4 4 4 4
1490941800 43 43 68 68
1490941500 29 29 68 68
1490941200 17 17 27 27
1490940900 27 27 27 27
1490940600 27 27 27 27
1490940300 27 27 27 27
1490940000 27 27 27 27
1490939700 27 27 27 27
1490939400 27 27 27 27
1490939100 27 27 27 27
1490938800 27 27 27 27
1490938500 27 27 27 27
1490938200 27 27 27 27
1490937900 27 27 27 27
1490937600 27 27 27 27
1490937300 27 27 27 27
1490937000 27 27 27 27
1490936700 27 27 27 27
1490936400 27 27 27 27
1490936100 27 27 27 27
1490935800 27 27 27 27
1490935500 27 27 27 27
1490935200 27 27 27 27
1490934900 27 27 27 27
1490934600 27 27 27 27
1490934300 27 27 27 27
1490934000 27 27 27 27
1490933700 27 27 27 27
1490933400 27 27 27 27
1490933100 27 27 28 28
1490932800 28 28 28 28
1490932500 28 28 28 28
1490932200 28 28 28 28
1490931900 28 28 28 28
1490931600 28 28 29 29
1490931300 29 29 29 29
1490931000 29 29 29 29
1490930700 29 29 29 29
1490930400 29 29 29 29
1490930100 29 29 30 30
1490929800 30 30 30 30
1490929500 30 30 31 31
1490929200 31 31 32 32
1490928900 32 32 32 32
1490928600 32 32 32 32
1490928300 31 31 32 32
1490928000 31 31 31 31
1490927700 31 31 32 32
1490927400 32 32 32 32
1490927100 31 31 32 32
1490926800 31 31 31 31
1490926500 31 31 32 32
1490926200 32 32 32 32
1490925900 31 31 32 32
1490925600 30 30 31 31
1490925300 30 30 31 31
1490925000 31 31 32 32
1490924700 31 31 32 32
1490924400 30 30 31 31
1490924100 30 30 30 30
1490923800 30 30 31 31
1490923500 31 31 32 32
1490923200 32 32 32 32
1490922900 30 30 32 32
1490922600 30 30 30 30
1490922300 30 30 31 31
1490922000 31 31 32 32
1490921700 31 31 32 32
1490921400 30 30 31 31
1490921100 30 30 30 30
1490920800 30 30 31 31
1490920500 31 31 31 31
1490920200 30 30 31 31
1490919900 30 30 30 30
1490919600 30 30 31 31
1490919300 31 31 32 32
1490919000 31 31 32 32
1490918700 30 30 31 31
1490918400 30 30 30 30
1490918100 30 30 31 31
1490917800 31 31 31 31
1490917500 30 30 31 31
1490917200 30 30 30 30
1490916900 30 30 31 31
1490916600 31 31 31 31
1490916300 30 30 31 31
1490916000 30 30 30 30
1490915700 30 30 31 31
1490915400 31 31 31 31
1490915100 30 30 31 31
1490914800 30 30 30 30
1490914500 30 30 31 31
1490914200 31 31 31 31
1490913900 30 30 31 31
1490913600 30 30 30 30
1490913300 30 30 30 30
1490913000 30 30 31 31
1490912700 30 30 31 31
1490912400 29 29 30 30
1490912100 29 29 30 30
1490911800 30 30 31 31
1490911500 30 30 31 31
1490911200 29 29 30 30
1490910900 29 29 30 30
1490910600 30 30 31 31
1490910300 30 30 31 31
1490910000 29 29 30 30
1490909700 29 29 30 30
1490909400 30 30 31 31
1490909100 30 30 31 31
1490908800 29 29 30 30
1490908500 30 30 31 31
1490908200 31 31 31 31
1490907900 30 30 31 31
1490907600 30 30 30 30
1490907300 30 30 31 31
1490907000 31 31 31 31
1490906700 30 30 31 31
1490906400 30 30 30 30
1490906100 30 30 31 31
1490905800 31 31 31 31
1490905500 30 30 31 31
1490905200 30 30 30 30
1490904900 30 30 31 31
1490904600 31 31 31 31
1490904300 30 30 31 31
1490904000 30 30 31 31
1490903700 31 31 32 32
1490903400 31 31 32 32
1490903100 31 31 31 31
1490902800 31 31 31 31
1490902500 31 31 32 32
1490902200 32 32 32 32
1490901900 31 31 32 32
1490901600 31 31 31 31
1490901300 31 31 32 32
1490901000 32 32 32 32
1490900700 31 31 32 32
1490900400 31 31 31 31
1490900100 31 31 32 32
1490899800 32 32 32 32
1490899500 31 31 32 32
1490899200 31 31 31 31
1490898900 31 31 32 32
1490898600 32 32 32 32
1490898300 31 31 32 32
1490898000 31 31 31 31
1490897700 32 32 33 33
1490897400 32 32 33 33
1490897100 31 31 32 32
1490896800 31 31 32 32
1490896500 32 32 33 33
1490896200 32 32 33 33
1490895900 31 31 32 32
1490895600 31 31 32 32
1490895300 32 32 32 32
1490895000 32 32 32 32
1490894700 31 31 32 32
1490894400 31 31 31 31
1490894100 31 31 32 32
1490893800 32 32 32 32
1490893500 31 31 32 32
1490893200 31 31 31 31
1490892900 31 31 32 32
1490892600 31 31 32 32
1490892300 31 31 31 31
1490892000 31 31 31 31
1490891700 31 31 32 32
1490891400 31 31 32 32
1490891100 31 31 31 31
1490890800 31 31 32 32
1490890500 32 32 32 32
1490890200 32 32 32 32
1490889900 31 31 32 32
1490889600 31 31 32 32
1490889300 32 32 33 33
1490889000 32 32 33 33
1490888700 31 31 32 32
1490888400 31 31 32 32
1490888100 32 32 33 33
1490887800 32 32 33 33
1490887500 32 32 32 32
1490887200 32 32 32 32
1490886900 32 32 33 33
1490886600 33 33 33 33
1490886300 32 32 33 33
1490886000 32 32 32 32
1490885700 32 32 33 33
1490885400 33 33 33 33
1490885100 32 32 33 33
1490884800 32 32 32 32
1490884500 32 32 33 33
1490884200 33 33 33 33
1490883900 32 32 33 33
1490883600 31 31 32 32
1490883300 31 31 32 32
1490883000 32 32 33 33
1490882700 31 31 33 33
1490882400 31 31 31 31
1490882100 31 31 32 32
1490881800 32 32 32 32
1490881500 31 31 32 32
1490881200 31 31 31 31
1490880900 31 31 32 32
1490880600 32 32 32 32
1490880300 31 31 32 32
1490880000 31 31 31 31
1490879700 31 31 32 32
1490879400 32 32 32 32
1490879100 31 31 32 32
1490878800 31 31 31 31
1490878500 31 31 32 32
1490878200 32 32 32 32
1490877900 31 31 32 32
1490877600 31 31 31 31
1490877300 31 31 32 32
1490877000 32 32 32 32
1490876700 31 31 32 32
1490876400 31 31 31 31
1490876100 31 31 32 32
1490875800 32 32 33 33
1490875500 31 31 33 33
1490875200 31 31 31 31
1490874900 31 31 32 32
1490874600 32 32 33 33
1490874300 32 32 33 33
1490874000 31 31 32 32
1490873700 31 31 32 32
1490873400 32 32 33 33
1490873100 32 32 33 33
1490872800 32 32 32 32
1490872500 32 32 33 33
1490872200 33 33 33 33
1490871900 33 33 33 33
1490871600 32 32 33 33
1490871300 32 32 33 33
1490871000 33 33 34 34
1490870700 33 33 34 34
1490870400 32 32 33 33
1490870100 32 32 33 33
1490869800 33 33 34 34
1490869500 33 33 34 34
1490869200 32 32 33 33
1490868900 32 32 33 33
1490868600 33 33 34 34
1490868300 33 33 34 34
1490868000 32 32 33 33
1490867700 32 32 33 33
1490867400 33 33 34 34
1490867100 33 33 34 34
1490866800 32 32 33 33
1490866500 32 32 33 33
1490866200 33 33 34 34
1490865900 33 33 34 34
1490865600 32 32 33 33
1490865300 32 32 33 33
1490865000 33 33 34 34
1490864700 33 33 34 34
1490864400 32 32 33 33
1490864100 32 32 33 33
1490863800 33 33 34 34
1490863500 33 33 34 34
1490863200 32 32 33 33
1490862900 32 32 33 33
1490862600 33 33 33 33
1490862300 32 32 33 33
1490862000 32 32 33 33
1490861700 33 33 34 34
1490861400 33 33 34 34
1490861100 32 32 33 33
1490860800 32 32 33 33
1490860500 33 33 34 34
1490860200 33 33 34 34
1490859900 32 32 33 33
1490859600 32 32 33 33
1490859300 33 33 34 34
1490859000 33 33 34 34
1490858700 32 32 33 33
1490858400 32 32 33 33
1490858100 33 33 33 33
1490857800 33 33 33 33
1490857500 32 32 33 33
1490857200 32 32 33 33
1490856900 33 33 33 33
1490856600 32 32 33 33
1490856300 32 32 32 32
1490856000 32 32 33 33
1490855700 33 33 33 33
1490855400 32 32 33 33
1490855100 32 32 32 32
1490854800 32 32 33 33
1490854500 33 33 33 33
1490854200 32 32 33 33
1490853900 32 32 33 33
1490853600 33 33 33 33
1490853300 33 33 33 33
1490853000 32 32 33 33
1490852700 32 32 33 33
1490852400 33 33 33 33
1490852100 32 32 33 33
1490851800 32 32 32 32
1490851500 32 32 33 33
1490851200 33 33 33 33
1490850900 32 32 33 33
1490850600 32 32 32 32
1490850300 32 32 33 33
1490850000 33 33 33 33
1490849700 32 32 33 33
1490849400 32 32 32 32
1490849100 32 32 33 33
1490848800 32 32 33 33
1490848500 32 32 32 32
1490848200 32 32 32 32
1490847900 32 32 33 33
1490847600 32 32 33 33
1490847300 31 31 32 32
1490847000 31 31 32 32
1490846700 32 32 33 33
1490846400 32 32 33 33
1490846100 32 32 32 32
1490845800 32 32 32 32
1490845500 32 32 33 33
1490845200 32 32 33 33
1490844900 31 31 32 32
1490844600 31 31 33 33
1490842800 31 31 32 32
1490841000 31 31 32 32
1490839200 31 31 32 32
1490837400 31 31 32 32
1490835600 31 31 32 32
1490833800 30 30 32 32
1490832000 30 30 32 32
1490830200 30 30 32 32
1490828400 30 30 32 32
1490826600 30 30 32 32
1490824800 31 31 32 32
1490823000 31 31 32 32
1490821200 31 31 33 33
1490819400 31 31 33 33
1490817600 30 30 32 32
1490815800 31 31 32 32
1490814000 31 31 33 33
1490812200 32 32 33 33
1490810400 32 32 33 33
1490808600 32 32 33 33
1490806800 32 32 33 33
1490805000 32 32 34 34
1490803200 32 32 34 34
1490801400 32 32 34 34
1490799600 32 32 34 34
1490797800 33 33 34 34
1490796000 33 33 34 34
1490794200 33 33 34 34
1490792400 33 33 34 34
1490790600 33 33 35 35
1490788800 34 34 35 35
1490787000 34 34 36 36
1490785200 35 35 36 36
1490783400 35 35 36 36
1490781600 35 35 37 37
1490779800 36 36 37 37
1490778000 36 36 37 37
1490776200 36 36 37 37
1490774400 36 36 37 37
1490772600 35 35 37 37
1490770800 36 36 37 37
1490769000 36 36 37 37
1490767200 36 36 37 37
1490765400 36 36 37 37
1490763600 36 36 37 37
1490761800 36 36 37 37
1490760000 36 36 37 37
1490758200 36 36 38 38
1490756400 37 37 38 38
1490754600 37 37 39 39
1490752800 37 37 39 39
1490751000 38 38 39 39
1490749200 38 38 40 40
1490747400 38 38 40 40
1490745600 39 39 40 40
1490743800 39 39 41 41
1490742000 39 39 41 41
1490740200 40 40 42 42
1490738400 41 41 42 42
1490736600 41 41 43 43
1490734800 41 41 43 43
1490733000 42 42 43 43
1490731200 42 42 43 43
1490729400 42 42 44 44
1490727600 42 42 44 44
1490725800 43 43 44 44
1490724000 43 43 44 44
1490722200 43 43 44 44
1490720400 43 43 45 45
1490718600 43 43 44 44
1490716800 44 44 45 45
1490715000 44 44 45 45
1490713200 44 44 45 45
1490711400 44 44 46 46
1490709600 44 44 46 46
1490707800 44 44 45 45
1490706000 44 44 46 46
1490704200 44 44 46 46
1490702400 45 45 46 46
1490700600 45 45 46 46
1490698800 45 45 46 46
1490697000 45 45 47 47
1490695200 45 45 47 47
1490693400 45 45 46 46
1490691600 45 45 47 47
1490689800 45 45 47 47
1490688000 45 45 47 47
1490686200 46 46 46 46
1490684400 46 46 48 48
1490682600 46 46 48 48
1490680800 46 46 47 47
1490679000 45 45 47 47
1490677200 46 46 47 47
1490675400 45 45 49 49
1490673600 45 45 49 49
1490671800 46 46 48 48
1490670000 46 46 48 48
1490668200 46 46 47 47
1490666400 46 46 47 47
1490664600 19 19 19 19
1490662800 19 19 19 19
1490661000 19 19 19 19
1490659200 19 19 19 19
1490657400 19 19 19 19
1490655600 19 19 19 19
1490653800 19 19 19 19
1490652000 19 19 19 19
1490650200 19 19 19 19
1490648400 19 19 19 19
1490646600 19 19 19 19
1490644800 19 19 19 19
1490643000 19 19 19 19
1490641200 19 19 19 19
1490639400 19 19 19 19
1490637600 19 19 19 19
1490635800 19 19 19 19
1490634000 19 19 19 19
1490632200 19 19 19 19
1490630400 19 19 19 19
1490628600 19 19 19 19
1490626800 19 19 19 19
1490625000 19 19 19 19
1490623200 19 19 19 19
1490621400 19 19 19 19
1490619600 19 19 19 19
1490617800 19 19 19 19
1490616000 19 19 19 19
1490614200 19 19 19 19
1490612400 19 19 19 19
1490610600 19 19 19 19
1490608800 19 19 19 19
1490607000 19 19 19 19
1490605200 19 19 19 19
1490603400 19 19 19 19
1490601600 19 19 19 19
1490599800 19 19 19 19
1490598000 19 19 19 19
1490596200 19 19 19 19
1490594400 19 19 19 19
1490592600 19 19 19 19
1490590800 19 19 19 19
1490589000 19 19 19 19
1490587200 19 19 19 19
1490585400 19 19 19 19
1490583600 19 19 19 19
1490581800 19 19 19 19
1490580000 19 19 19 19
1490578200 19 19 19 19
1490576400 19 19 19 19
1490574600 19 19 19 19
1490572800 19 19 19 19
1490571000 19 19 19 19
1490569200 19 19 19 19
1490567400 19 19 19 19
1490565600 19 19 19 19
1490563800 19 19 19 19
1490562000 19 19 19 19
1490560200 19 19 19 19
1490558400 19 19 19 19
1490556600 19 19 19 19
1490554800 19 19 19 19
1490553000 19 19 19 19
1490551200 19 19 19 19
1490549400 19 19 19 19
1490547600 19 19 19 19
1490545800 19 19 19 19
1490544000 19 19 19 19
1490542200 19 19 19 19
1490540400 19 19 19 19
1490538600 19 19 19 19
1490536800 19 19 19 19
1490535000 19 19 19 19
1490533200 19 19 19 19
1490531400 19 19 19 19
1490529600 19 19 19 19
1490527800 19 19 19 19
1490526000 19 19 19 19
1490524200 19 19 19 19
1490522400 19 19 19 19
1490520600 19 19 19 19
1490518800 19 19 19 19
1490517000 19 19 19 19
1490515200 19 19 19 19
1490513400 19 19 19 19
1490511600 19 19 19 19
1490509800 19 19 19 19
1490508000 19 19 19 19
1490506200 19 19 19 19
1490504400 19 19 19 19
1490502600 19 19 19 19
1490500800 19 19 19 19
1490499000 19 19 19 19
1490497200 19 19 19 19
1490495400 19 19 19 19
1490493600 19 19 19 19
1490491800 19 19 19 19
1490490000 19 19 19 19
1490488200 19 19 19 19
1490486400 19 19 19 19
1490484600 19 19 19 19
1490482800 19 19 19 19
1490481000 19 19 19 19
1490479200 19 19 19 19
1490477400 19 19 19 19
1490475600 19 19 19 19
1490473800 19 19 19 19
1490472000 19 19 19 19
1490470200 19 19 19 19
1490468400 19 19 19 19
1490466600 19 19 19 19
1490464800 19 19 19 19
1490463000 19 19 19 19
1490461200 19 19 19 19
1490459400 19 19 19 19
1490457600 19 19 19 19
1490455800 19 19 19 19
1490454000 19 19 19 19
1490452200 19 19 19 19
1490450400 19 19 19 19
1490448600 19 19 19 19
1490446800 19 19 19 19
1490445000 19 19 19 19
1490443200 19 19 19 19
1490441400 19 19 19 19
1490439600 19 19 19 19
1490437800 19 19 19 19
1490436000 19 19 19 19
1490434200 19 19 19 19
1490432400 19 19 19 19
1490430600 19 19 19 19
1490428800 19 19 19 19
1490427000 19 19 19 19
1490425200 19 19 19 19
1490423400 19 19 19 19
1490421600 19 19 19 19
1490419800 19 19 19 19
1490418000 19 19 19 19
1490416200 19 19 19 19
1490414400 19 19 19 19
1490412600 19 19 19 19
1490410800 19 19 19 19
1490409000 19 19 19 19
1490407200 19 19 19 19
1490405400 19 19 19 19
1490403600 19 19 19 19
1490401800 19 19 19 19
1490400000 19 19 19 19
1490398200 19 19 19 19
1490396400 19 19 19 19
1490394600 19 19 19 19
1490392800 19 19 19 19
1490391000 19 19 19 19
1490389200 19 19 19 19
1490387400 19 19 19 19
1490385600 19 19 19 19
1490383800 19 19 19 19
1490382000 19 19 19 19
1490380200 19 19 19 19
1490378400 19 19 19 19
1490376600 19 19 19 19
1490374800 19 19 19 19
1490373000 19 19 19 19
1490371200 19 19 19 19
1490369400 19 19 19 19
1490367600 19 19 19 19
1490365800 19 19 19 19
1490364000 19 19 19 19
1490362200 19 19 19 19
1490360400 19 19 19 19
1490358600 19 19 19 19
1490356800 19 19 19 19
1490355000 19 19 19 19
1490353200 19 19 19 19
1490351400 19 19 19 19
1490349600 19 19 19 19
1490347800 19 19 19 19
1490346000 19 19 19 19
1490344200 19 19 19 19
1490342400 19 19 19 19
1490340600 19 19 19 19
1490338800 19 19 19 19
1490337000 19 19 19 19
1490335200 19 19 19 19
1490333400 19 19 19 19
1490331600 19 19 19 19
1490329800 19 19 19 19
1490328000 19 19 19 19
1490326200 19 19 19 19
1490324400 19 19 19 19
1490322600 19 19 19 19
1490320800 19 19 19 19
1490319000 19 19 19 19
1490317200 19 19 19 19
1490315400 19 19 19 19
1490313600 19 19 19 19
1490311800 19 19 19 19
1490310000 19 19 19 19
1490308200 19 19 19 19
1490306400 19 19 19 19
1490304600 19 19 19 19
1490302800 19 19 19 19
1490301000 19 19 19 19
1490299200 19 19 19 19
1490297400 19 19 19 19
1490295600 19 19 19 19
1490293800 19 19 19 19
1490292000 19 19 19 19
1490290200 19 19 19 19
1490288400 19 19 19 19
1490286600 19 19 19 19
1490284800 19 19 19 19
1490283000 19 19 19 19
1490281200 19 19 19 19
1490279400 19 19 19 19
1490277600 19 19 19 19
1490275800 19 19 19 19
1490274000 19 19 19 19
1490272200 19 19 19 19
1490270400 19 19 19 19
1490268600 19 19 19 19
1490266800 19 19 19 19
1490265000 19 19 19 19
1490263200 19 19 19 19
1490261400 19 19 19 19
1490259600 19 19 19 19
1490257800 19 19 19 19
1490256000 19 19 19 19
1490254200 19 19 19 19
1490252400 19 19 19 19
1490250600 19 19 19 19
1490248800 19 19 19 19
1490247000 19 19 19 19
1490245200 19 19 19 19
1490243400 19 19 19 19
1490241600 19 19 19 19
1490239800 19 19 19 19
1490238000 19 19 19 19
1490236200 19 19 19 19
1490234400 19 19 19 19
1490232600 19 19 19 19
1490230800 19 19 19 19
1490229000 19 19 19 19
1490227200 19 19 19 19
1490225400 19 19 19 19
1490223600 19 19 19 19
1490221800 19 19 19 19
1490220000 19 19 19 19
1490218200 19 19 19 19
1490216400 19 19 19 19
1490214600 19 19 19 19
1490212800 19 19 19 19
1490211000 19 19 19 19
1490209200 19 19 19 19
1490207400 19 19 19 19
1490205600 19 19 19 19
1490203800 19 19 19 19
1490202000 19 19 19 19
1490200200 19 19 19 19
1490198400 19 19 19 19
1490196600 19 19 19 19
1490194800 19 19 19 19
1490193000 19 19 19 19
1490191200 19 19 19 19
1490189400 19 19 19 19
1490187600 19 19 19 19
1490185800 19 19 19 19
1490184000 19 19 19 19
1490182200 19 19 19 19
1490180400 19 19 19 19
1490178600 19 19 19 19
1490176800 19 19 19 19
1490175000 19 19 19 19
1490173200 19 19 19 19
1490171400 19 19 19 19
1490169600 19 19 19 19
1490167800 19 19 19 19
1490166000 19 19 19 19
1490164200 19 19 19 19
1490162400 19 19 19 19
1490160600 19 19 19 19
1490158800 19 19 19 19
1490157000 19 19 19 19
1490155200 19 19 19 19
1490153400 19 19 19 19
1490151600 19 19 19 19
1490149800 19 19 19 19
1490148000 19 19 19 19
1490146200 19 19 19 19
1490144400 19 19 19 19
1490142600 19 19 19 19
1490140800 19 19 19 19
1490139000 19 19 19 19
1490137200 19 19 19 19
1490135400 19 19 19 19
1490133600 19 19 19 19
1490131800 19 19 19 19
1490130000 19 19 19 19
1490128200 19 19 19 19
1490126400 19 19 19 19
1490124600 19 19 19 19
1490122800 19 19 19 19
1490121000 19 19 19 19
1490119200 19 19 19 19
1490117400 19 19 19 19
1490115600 19 19 19 19
1490113800 19 19 19 19
1490112000 19 19 19 19
1490110200 19 19 19 19
1490108400 19 19 19 19
1490106600 19 19 19 19
1490104800 19 19 19 19
1490103000 19 19 19 19
1490101200 19 19 19 19
1490099400 19 19 19 19
1490097600 19 19 19 19
1490095800 19 19 19 19
1490094000 19 19 19 19
1490092200 19 19 19 19
1490090400 19 19 19 19
1490088600 19 19 19 19
1490086800 19 19 19 19
1490085000 19 19 19 19
1490083200 19 19 19 19
1490081400 19 19 19 19
1490079600 19 19 19 19
1490077800 19 19 19 19
1490076000 19 19 19 19
1490074200 19 19 19 19
1490072400 19 19 19 19
1490070600 19 19 19 19
1490068800 19 19 19 19
1490067000 19 19 19 19
1490065200 19 19 19 19
1490063400 19 19 19 19
1490061600 19 19 19 19
1490059800 19 19 19 19
1490058000 19 19 19 19
1490056200 19 19 19 19
1490054400 19 19 19 19
1490052600 19 19 19 19
1490050800 19 19 19 19
1490049000 19 19 19 19
1490047200 19 19 19 19
1490045400 19 19 19 19
1490043600 19 19 19 19
1490041800 19 19 19 19
1490040000 19 19 19 19
1490038200 19 19 19 19
1490036400 19 19 19 19
1490034600 19 19 19 19
1490032800 19 19 19 19
1490031000 19 19 19 19
1490029200 19 19 19 19
1490027400 19 19 19 19
1490025600 19 19 19 19
1490023800 19 19 19 19
1490022000 19 19 19 19
1490020200 19 19 19 19
1490018400 19 19 19 19
1490016600 19 19 19 19
1490014800 19 19 19 19
1490013000 19 19 19 19
1490011200 19 19 19 19
1490009400 19 19 19 19
1490007600 19 19 19 19
1490005800 19 19 19 19
1490004000 19 19 19 19
1490002200 19 19 19 19
1490000400 19 19 19 19
1489998600 19 19 19 19
1489996800 19 19 19 19
1489995000 19 19 19 19
1489993200 19 19 19 19
1489991400 19 19 19 19
1489989600 19 19 19 19
1489987800 19 19 19 19
1489986000 19 19 19 19
1489984200 19 19 19 19
1489982400 19 19 19 19
1489980600 19 19 19 19
1489978800 19 19 19 19
1489977000 19 19 19 19
1489975200 19 19 19 19
1489973400 19 19 19 19
1489971600 19 19 19 19
1489969800 19 19 19 19
1489968000 19 19 19 19
1489966200 19 19 19 19
1489964400 19 19 19 19
1489962600 19 19 19 19
1489960800 19 19 19 19
1489959000 19 19 19 19
1489957200 19 19 19 19
1489955400 19 19 19 19
1489953600 19 19 19 19
1489951800 19 19 19 19
1489950000 19 19 19 19
1489948200 19 19 19 19
1489946400 19 19 19 19
1489944600 19 19 19 19
1489942800 19 19 19 19
1489941000 19 19 19 19
1489939200 19 19 19 19
1489937400 19 19 19 19
1489935600 19 19 19 19
1489933800 19 19 19 19
1489932000 19 19 19 19
1489930200 19 19 19 19
1489928400 19 19 19 19
1489926600 19 19 19 19
1489924800 19 19 19 19
1489923000 19 19 19 19
1489921200 19 19 19 19
1489919400 19 19 19 19
1489917600 19 19 19 19
1489915800 19 19 19 19
1489914000 19 19 19 19
1489912200 19 19 19 19
1489910400 19 19 19 19
1489908600 19 19 19 19
1489906800 19 19 19 19
1489905000 19 19 19 19
1489903200 19 19 19 19
1489901400 19 19 19 19
1489899600 19 19 19 19
1489897800 19 19 19 19
1489896000 19 19 19 19
1489894200 19 19 19 19
1489892400 19 19 19 19
1489890600 19 19 19 19
1489888800 19 19 19 19
1489887000 19 19 19 19
1489885200 19 19 19 19
1489883400 19 19 19 19
1489881600 19 19 19 19
1489879800 19 19 19 19
1489878000 19 19 19 19
1489876200 19 19 19 19
1489874400 19 19 19 19
1489872600 19 19 19 19
1489870800 19 19 19 19
1489869000 19 19 19 19
1489867200 19 19 19 19
1489865400 19 19 19 19
1489863600 19 19 19 19
1489861800 19 19 19 19
1489860000 19 19 19 19
1489858200 19 19 19 19
1489856400 19 19 19 19
1489854600 19 19 19 19
1489852800 19 19 19 19
1489851000 19 19 19 19
1489849200 19 19 19 19
1489847400 19 19 19 19
1489845600 19 19 19 19
1489843800 19 19 19 19
1489842000 19 19 19 19
1489840200 19 19 19 19
1489838400 19 19 19 19
1489836600 19 19 19 19
1489834800 19 19 19 19
1489833000 19 19 19 19
1489831200 19 19 19 19
1489829400 19 19 19 19
1489827600 19 19 19 19
1489825800 19 19 19 19
1489824000 19 19 19 19
1489822200 19 19 19 19
1489820400 19 19 19 19
1489818600 19 19 19 19
1489816800 19 19 19 19
1489815000 19 19 19 19
1489813200 19 19 19 19
1489811400 19 19 19 19
1489809600 19 19 19 19
1489807800 19 19 19 19
1489806000 19 19 19 19
1489804200 19 19 19 19
1489802400 19 19 19 19
1489800600 19 19 19 19
1489798800 19 19 19 19
1489797000 19 19 19 19
1489795200 19 19 19 19
1489793400 19 19 19 19
1489791600 19 19 19 19
1489789800 19 19 19 19
1489788000 19 19 19 19
1489786200 19 19 19 19
1489784400 19 19 19 19
1489782600 19 19 19 19
1489780800 19 19 19 19
1489779000 19 19 19 19
1489777200 19 19 19 19
1489775400 19 19 19 19
1489773600 19 19 19 19
1489771800 19 19 19 19
1489770000 19 19 19 19
1489768200 19 19 19 19
1489766400 19 19 19 19
1489764600 19 19 19 19
1489759200 19 19 19 19
1489752000 19 19 19 19
1489744800 19 19 19 19
1489737600 19 19 19 19
1489730400 19 19 19 19
1489723200 19 19 19 19
1489716000 19 19 19 19
1489708800 19 19 19 19
1489701600 19 19 19 19
1489694400 19 19 19 19
1489687200 19 19 19 19
1489680000 19 19 19 19
1489672800 19 19 19 19
1489665600 19 19 19 19
1489658400 19 19 19 19
1489651200 19 19 19 19
1489644000 19 19 19 19
1489636800 19 19 19 19
1489629600 19 19 19 19
1489622400 19 19 19 19
1489615200 19 19 20 20
1489608000 19 19 20 20
1489600800 19 19 20 20
1489593600 19 19 22 22
1489586400 18 18 19 19
1489579200 18 18 20 20
1489572000 19 19 20 20
1489564800 19 19 20 20
1489557600 19 19 20 20
1489550400 18 18 19 19
1489543200 18 18 19 19
1489536000 18 18 20 20
1489528800 19 19 20 20
1489521600 19 19 20 20
1489514400 19 19 20 20
1489507200 18 18 20 20
1489500000 17 17 19 19
1489492800 18 18 20 20
1489485600 19 19 20 20
1489478400 19 19 20 20
1489471200 18 18 20 20
1489464000 18 18 19 19
1489456800 18 18 19 19
1489449600 18 18 19 19
1489442400 19 19 20 20
1489435200 19 19 20 20
1489428000 16 16 19 19
1489420800 15 15 17 17
1489413600 14 14 15 15
1489406400 15 15 17 17
1489399200 16 16 17 17
1489392000 16 16 17 17
1489384800 15 15 16 16
1489377600 14 14 16 16
1489370400 13 13 15 15
1489363200 13 13 15 15
1489356000 13 13 15 15
1489348800 13 13 15 15
1489341600 13 13 15 15
1489334400 13 13 16 16
1489327200 16 16 18 18
1489320000 17 17 18 18
1489312800 17 17 18 18
1489305600 17 17 18 18
1489298400 16 16 17 17
1489291200 15 15 17 17
1489284000 14 14 16 16
1489276800 14 14 16 16
1489269600 14 14 16 16
1489262400 14 14 16 16
1489255200 15 15 16 16
1489248000 16 16 18 18
1489240800 18 18 19 19
1489233600 18 18 20 20
1489226400 18 18 19 19
1489219200 18 18 19 19
1489212000 17 17 19 19
1489204800 16 16 18 18
1489197600 17 17 18 18
1489190400 17 17 20 20
1489183200 19 19 22 22
1489176000 21 21 23 23
1489168800 22 22 24 24
1489161600 22 22 24 24
1489154400 23 23 26 26
1489147200 25 25 26 26
1489140000 24 24 26 26
1489132800 24 24 25 25
1489125600 23 23 25 25
1489118400 22 22 24 24
1489111200 23 23 24 24
1489104000 23 23 26 26
1489096800 25 25 27 27
1489089600 26 26 28 28
1489082400 27 27 30 30
1489075200 27 27 31 31
1489068000 27 27 32 32
1489060800 31 31 32 32
1489053600 31 31 32 32
1489046400 30 30 32 32
1489039200 29 29 32 32
1489032000 29 29 31 31
1489024800 28 28 31 31
1489017600 29 29 32 32
1489010400 31 31 34 34
1489003200 33 33 35 35
1488996000 35 35 39 39
1488988800 38 38 41 41
1488981600 40 40 46 46
1488974400 45 45 49 49
1488967200 47 47 50 50
1488960000 47 47 51 51
1488952800 48 48 51 51
1488945600 48 48 54 54
1488938400 52 52 58 58
1488931200 54 54 59 59
1488924000 53 53 60 60
1488916800 52 52 58 58
1488909600 52 52 56 56
1488902400 46 46 51 51
1488895200 40 40 47 47
1488888000 35 35 39 39
1488880800 34 34 37 37
1488873600 33 33 36 36
1488866400 33 33 35 35
1488859200 32 32 34 34
1488852000 32 32 34 34
1488844800 33 33 35 35
1488837600 32 32 35 35
1488830400 30 30 33 33
1488823200 29 29 31 31
1488816000 26 26 31 31
1488808800 24 24 25 25
1488801600 23 23 24 24
1488794400 23 23 24 24
1488787200 22 22 23 23
1488780000 22 22 23 23
1488772800 20 20 22 22
1488765600 20 20 22 22
1488758400 19 19 21 21
1488751200 19 19 20 20
1488744000 18 18 19 19
1488736800 17 17 18 18
1488729600 16 16 18 18
1488722400 16 16 17 17
1488715200 15 15 16 16
1488708000 15 15 16 16
1488700800 14 14 16 16
1488693600 13 13 15 15
1488686400 12 12 14 14
1488679200 12 12 13 13
1488672000 12 12 13 13
1488664800 12 12 13 13
1488657600 13 13 14 14
1488650400 13 13 16 16
1488643200 16 16 18 18
1488636000 18 18 22 22
1488628800 20 20 22 22
1488621600 19 19 20 20
1488614400 19 19 20 20
1488607200 18 18 19 19
1488600000 17 17 18 18
1488592800 17 17 18 18
1488585600 18 18 19 19
1488578400 19 19 21 21
1488571200 20 20 22 22
1488564000 21 21 23 23
1488556800 22 22 24 24
1488549600 23 23 26 26
1488542400 25 25 26 26
1488535200 24 24 26 26
1488528000 24 24 25 25
1488520800 23 23 25 25
1488513600 22 22 24 24
1488506400 22 22 24 24
1488499200 24 24 26 26
1488492000 25 25 27 27
1488484800 28 28 31 31
1488477600 30 30 33 33
1488470400 32 32 34 34
1488463200 35 35 42 42
1488456000 41 41 45 45
1488448800 44 44 48 48
1488441600 34 34 50 50
1488434400 0 0 0 0
1488427200 0 0 0 0
1488420000 0 0 0 0
1488412800 0 0 0 0
1488405600 0 0 0 0
1488398400 0 0 0 0
1488391200 0 0 0 0
1488384000 0 0 0 0
1488376800 0 0 0 0
1488369600 0 0 0 0
1488362400 0 0 0 0
1488355200 0 0 0 0
1488348000 0 0 0 0
1488340800 0 0 0 0
1488333600 0 0 0 0
1488326400 0 0 0 0
1488319200 0 0 0 0
1488312000 0 0 0 0
1488304800 0 0 0 0
1488297600 0 0 0 0
1488290400 0 0 0 0
1488283200 0 0 0 0
1488276000 0 0 0 0
1488268800 0 0 0 0
1488261600 0 0 0 0
1488254400 0 0 0 0
1488247200 0 0 0 0
1488240000 0 0 0 0
1488232800 0 0 0 0
1488225600 0 0 0 0
1488218400 0 0 0 0
1488211200 0 0 0 0
1488204000 0 0 0 0
1488196800 0 0 0 0
1488189600 0 0 0 0
1488182400 0 0 0 0
1488175200 0 0 0 0
1488168000 0 0 0 0
1488160800 0 0 0 0
1488153600 0 0 0 0
1488146400 0 0 0 0
1488139200 0 0 0 0
1488132000 0 0 0 0
1488124800 0 0 0 0
1488117600 0 0 0 0
1488110400 0 0 0 0
1488103200 0 0 0 0
1488096000 0 0 0 0
1488088800 0 0 0 0
1488081600 0 0 0 0
1488074400 0 0 0 0
1488067200 0 0 0 0
1488060000 0 0 0 0
1488052800 0 0 0 0
1488045600 0 0 0 0
1488038400 0 0 0 0
1488031200 0 0 0 0
1488024000 0 0 0 0
1488016800 0 0 0 0
1488009600 0 0 0 0
1488002400 0 0 0 0
1487995200 0 0 0 0
1487988000 0 0 0 0
1487980800 0 0 0 0
1487973600 0 0 0 0
1487966400 0 0 0 0
1487959200 0 0 0 0
1487952000 0 0 0 0
1487944800 0 0 0 0
1487937600 0 0 0 0
1487930400 0 0 0 0
1487923200 0 0 0 0
1487916000 0 0 0 0
1487908800 0 0 0 0
1487901600 0 0 0 0
1487894400 0 0 0 0
1487887200 0 0 0 0
1487880000 0 0 0 0
1487872800 0 0 0 0
1487865600 0 0 0 0
1487858400 0 0 0 0
1487851200 0 0 0 0
1487844000 0 0 0 0
1487836800 0 0 0 0
1487829600 0 0 0 0
1487822400 0 0 0 0
1487815200 0 0 0 0
1487808000 0 0 0 0
1487800800 0 0 0 0
1487793600 0 0 0 0
1487786400 0 0 0 0
1487779200 0 0 0 0
1487772000 0 0 0 0
1487764800 0 0 0 0
1487757600 0 0 0 0
1487750400 0 0 0 0
1487743200 0 0 0 0
1487736000 0 0 0 0
1487728800 0 0 0 0
1487721600 0 0 0 0
1487714400 0 0 0 0
1487707200 0 0 0 0
1487700000 0 0 0 0
1487692800 0 0 0 0
1487685600 0 0 0 0
1487678400 0 0 0 0
1487671200 0 0 0 0
1487664000 0 0 0 0
1487656800 0 0 0 0
1487649600 0 0 0 0
1487642400 0 0 0 0
1487635200 0 0 0 0
1487628000 0 0 0 0
1487620800 0 0 0 0
1487613600 0 0 0 0
1487606400 0 0 0 0
1487599200 0 0 0 0
1487592000 0 0 0 0
1487584800 0 0 0 0
1487577600 0 0 0 0
1487570400 0 0 0 0
1487563200 0 0 0 0
1487556000 0 0 0 0
1487548800 0 0 0 0
1487541600 0 0 0 0
1487534400 0 0 0 0
1487527200 0 0 0 0
1487520000 0 0 0 0
1487512800 0 0 0 0
1487505600 0 0 0 0
1487498400 0 0 0 0
1487491200 0 0 0 0
1487484000 0 0 0 0
1487476800 0 0 0 0
1487469600 0 0 0 0
1487462400 0 0 0 0
1487455200 0 0 0 0
1487448000 0 0 0 0
1487440800 0 0 0 0
1487433600 0 0 0 0
1487426400 0 0 0 0
1487419200 0 0 0 0
1487412000 0 0 0 0
1487404800 0 0 0 0
1487397600 0 0 0 0
1487390400 0 0 0 0
1487383200 0 0 0 0
1487376000 0 0 0 0
1487368800 0 0 0 0
1487361600 0 0 0 0
1487354400 0 0 0 0
1487347200 0 0 0 0
1487340000 0 0 0 0
1487332800 0 0 0 0
1487325600 0 0 0 0
1487318400 0 0 0 0
1487311200 0 0 0 0
1487304000 0 0 0 0
1487296800 0 0 0 0
1487289600 0 0 0 0
1487282400 0 0 0 0
1487275200 0 0 0 0
1487268000 0 0 0 0
1487260800 0 0 0 0
1487253600 0 0 0 0
1487246400 0 0 0 0
1487239200 0 0 0 0
1487232000 0 0 0 0
1487224800 0 0 0 0
1487217600 0 0 0 0
1487210400 0 0 0 0
1487203200 0 0 0 0
1487196000 0 0 0 0
1487188800 0 0 0 0
1487181600 0 0 0 0
1487174400 0 0 0 0
1487167200 0 0 0 0
1487160000 0 0 0 0
1487152800 0 0 0 0
1487145600 0 0 0 0
1487138400 0 0 0 0
1487131200 0 0 0 0
1487124000 0 0 0 0
1487116800 0 0 0 0
1487109600 0 0 0 0
1487102400 0 0 0 0
1487095200 0 0 0 0
1487088000 0 0 0 0
1487080800 0 0 0 0
1487073600 0 0 0 0
1487066400 0 0 0 0
1487059200 0 0 0 0
1487052000 0 0 0 0
1487044800 0 0 0 0
1487037600 0 0 0 0
1487030400 0 0 0 0
1487023200 0 0 0 0
1487016000 0 0 0 0
1487008800 0 0 0 0
1487001600 0 0 0 0
1486994400 0 0 0 0
1486987200 0 0 0 0
1486980000 0 0 0 0
1486972800 0 0 0 0
1486965600 0 0 0 0
1486958400 0 0 0 0
1486951200 0 0 0 0
1486944000 0 0 0 0
1486936800 0 0 0 0
1486929600 0 0 0 0
1486922400 0 0 0 0
1486915200 0 0 0 0
1486908000 0 0 0 0
1486900800 0 0 0 0
1486893600 0 0 0 0
1486886400 0 0 0 0
1486879200 0 0 0 0
1486872000 0 0 0 0
1486864800 0 0 0 0
1486857600 0 0 0 0
1486850400 0 0 0 0
1486843200 0 0 0 0
1486836000 0 0 0 0
1486828800 0 0 0 0
1486821600 0 0 0 0
1486814400 0 0 0 0
1486807200 0 0 0 0
1486800000 0 0 0 0
1486792800 0 0 0 0
1486785600 0 0 0 0
1486778400 0 0 0 0
1486771200 0 0 0 0
1486764000 0 0 0 0
1486756800 0 0 0 0
1486749600 0 0 0 0
1486742400 0 0 0 0
1486735200 0 0 0 0
1486728000 0 0 0 0
1486720800 0 0 0 0
1486713600 0 0 0 0
1486706400 0 0 0 0
1486699200 0 0 0 0
1486692000 0 0 0 0
1486684800 0 0 0 0
1486677600 0 0 0 0
1486670400 0 0 0 0
1486663200 0 0 0 0
1486656000 0 0 0 0
1486648800 0 0 0 0
1486641600 0 0 0 0
1486634400 0 0 0 0
1486627200 0 0 0 0
1486620000 0 0 0 0
1486612800 0 0 0 0
1486605600 0 0 0 0
1486598400 0 0 0 0
1486591200 0 0 0 0
1486584000 0 0 0 0
1486576800 0 0 0 0
1486569600 0 0 0 0
1486562400 0 0 0 0
1486555200 0 0 0 0
1486548000 0 0 0 0
1486540800 0 0 0 0
1486533600 0 0 0 0
1486526400 0 0 0 0
1486519200 0 0 0 0
1486512000 0 0 0 0
1486504800 0 0 0 0
1486497600 0 0 0 0
1486490400 0 0 0 0
1486483200 0 0 0 0
1486476000 0 0 0 0
1486468800 0 0 0 0
1486461600 0 0 0 0
1486454400 0 0 0 0
1486447200 0 0 0 0
1486440000 0 0 0 0
1486432800 0 0 0 0
1486425600 0 0 0 0
1486418400 0 0 0 0
1486411200 0 0 0 0
1486404000 0 0 0 0
1486396800 0 0 0 0
1486389600 0 0 0 0
1486382400 0 0 0 0
1486375200 0 0 0 0
1486368000 0 0 0 0
1486360800 0 0 0 0
1486353600 0 0 0 0
1486346400 0 0 0 0
1486339200 0 0 0 0
1486332000 0 0 0 0
1486324800 0 0 0 0
1486317600 0 0 0 0
1486310400 0 0 0 0
1486303200 0 0 0 0
1486296000 0 0 0 0
1486288800 0 0 0 0
1486281600 0 0 0 0
1486274400 0 0 0 0
1486267200 0 0 0 0
1486260000 0 0 0 0
1486252800 0 0 0 0
1486245600 0 0 0 0
1486238400 0 0 0 0
1486231200 0 0 0 0
1486224000 0 0 0 0
1486216800 0 0 0 0
1486209600 0 0 0 0
1486202400 0 0 0 0
1486195200 0 0 0 0
1486188000 0 0 0 0
1486180800 0 0 0 0
1486173600 0 0 0 0
1486166400 0 0 0 0
1486159200 0 0 0 0
1486152000 0 0 0 0
1486144800 0 0 0 0
1486137600 0 0 0 0
1486130400 0 0 0 0
1486123200 0 0 0 0
1486116000 0 0 0 0
1486108800 0 0 0 0
1486101600 0 0 0 0
1486094400 0 0 0 0
1486087200 0 0 0 0
1486080000 0 0 0 0
1486072800 0 0 0 0
1486065600 0 0 0 0
1486058400 0 0 0 0
1486051200 0 0 0 0
1486044000 0 0 0 0
1486036800 0 0 0 0
1486029600 0 0 0 0
1486022400 0 0 0 0
1486015200 0 0 0 0
1486008000 0 0 0 0
1486000800 0 0 0 0
1485993600 0 0 0 0
1485986400 0 0 0 0
1485979200 0 0 0 0
1485972000 0 0 0 0
1485964800 0 0 0 0
1485957600 0 0 0 0
1485950400 0 0 0 0
1485943200 0 0 0 0
1485936000 0 0 0 0
1485928800 0 0 0 0
1485921600 0 0 0 0
1485914400 0 0 0 0
1485907200 0 0 0 0
1485900000 0 0 0 0
1485892800 0 0 0 0
1485885600 0 0 0 0
1485878400 0 0 0 0
1485871200 0 0 0 0
1485864000 0 0 0 0
1485856800 0 0 0 0
1485849600 0 0 0 0
1485842400 0 0 0 0
1485835200 0 0 0 0
1485828000 0 0 0 0
1485820800 0 0 0 0
1485813600 0 0 0 0
1485806400 0 0 0 0
1485799200 0 0 0 0
1485792000 0 0 0 0
1485784800 0 0 0 0
1485777600 0 0 0 0
1485770400 0 0 0 0
1485763200 0 0 0 0
1485756000 0 0 0 0
1485748800 0 0 0 0
1485741600 0 0 0 0
1485734400 0 0 0 0
1485727200 0 0 0 0
1485720000 0 0 0 0
1485712800 0 0 0 0
1485705600 0 0 0 0
1485698400 0 0 0 0
1485691200 0 0 0 0
1485684000 0 0 0 0
1485676800 0 0 0 0
1485669600 0 0 0 0
1485662400 0 0 0 0
1485655200 0 0 0 0
1485648000 0 0 0 0
1485640800 0 0 0 0
1485633600 0 0 0 0
1485626400 0 0 0 0
1485619200 0 0 0 0
1485612000 0 0 0 0
1485604800 0 0 0 0
1485597600 0 0 0 0
1485590400 0 0 0 0
1485583200 0 0 0 0
1485576000 0 0 0 0
1485568800 0 0 0 0
1485561600 0 0 0 0
1485554400 0 0 0 0
1485547200 0 0 0 0
1485540000 0 0 0 0
1485532800 0 0 0 0
1485525600 0 0 0 0
1485518400 0 0 0 0
1485511200 0 0 0 0
1485504000 0 0 0 0
1485496800 0 0 0 0
1485489600 0 0 0 0
1485482400 0 0 0 0
1485475200 0 0 0 0
1485468000 0 0 0 0
1485460800 0 0 0 0
1485453600 0 0 0 0
1485446400 0 0 0 0
1485439200 0 0 0 0
1485388800 0 0 0 0
1485302400 0 0 0 0
1485216000 0 0 0 0
1485129600 0 0 0 0
1485043200 0 0 0 0
1484956800 0 0 0 0
1484870400 0 0 0 0
1484784000 0 0 0 0
1484697600 0 0 0 0
1484611200 0 0 0 0
1484524800 0 0 0 0
1484438400 0 0 0 0
1484352000 0 0 0 0
1484265600 0 0 0 0
1484179200 0 0 0 0
1484092800 0 0 0 0
1484006400 0 0 0 0
1483920000 0 0 0 0
1483833600 0 0 0 0
1483747200 0 0 0 0
1483660800 0 0 0 0
1483574400 0 0 0 0
1483488000 0 0 0 0
1483401600 0 0 0 0
1483315200 0 0 0 0
1483228800 0 0 0 0
1483142400 0 0 0 0
1483056000 0 0 0 0
1482969600 0 0 0 0
1482883200 0 0 0 0
1482796800 0 0 0 0
1482710400 0 0 0 0
1482624000 0 0 0 0
1482537600 0 0 0 0
1482451200 0 0 0 0
1482364800 0 0 0 0
1482278400 0 0 0 0
1482192000 0 0 0 0
1482105600 0 0 0 0
1482019200 0 0 0 0
1481932800 0 0 0 0
1481846400 0 0 0 0
1481760000 0 0 0 0
1481673600 0 0 0 0
1481587200 0 0 0 0
1481500800 0 0 0 0
1481414400 0 0 0 0
1481328000 0 0 0 0
1481241600 0 0 0 0
1481155200 0 0 0 0
1481068800 0 0 0 0
1480982400 0 0 0 0
1480896000 0 0 0 0
1480809600 0 0 0 0
1480723200 0 0 0 0
1480636800 0 0 0 0
1480550400 0 0 0 0
1480464000 0 0 0 0
1480377600 0 0 0 0
1480291200 0 0 0 0
1480204800 0 0 0 0
1480118400 0 0 0 0
1480032000 0 0 0 0
1479945600 0 0 0 0
1479859200 0 0 0 0
1479772800 0 0 0 0
1479686400 0 0 0 0
1479600000 0 0 0 0
1479513600 0 0 0 0
1479427200 0 0 0 0
1479340800 0 0 0 0
1479254400 0 0 0 0
1479168000 0 0 0 0
1479081600 0 0 0 0
1478995200 0 0 0 0
1478908800 0 0 0 0
1478822400 0 0 0 0
1478736000 0 0 0 0
1478649600 0 0 0 0
1478563200 0 0 0 0
1478476800 0 0 0 0
1478390400 0 0 0 0
1478304000 0 0 0 0
1478217600 0 0 0 0
1478131200 0 0 0 0
1478044800 0 0 0 0
1477958400 0 0 0 0
1477872000 0 0 0 0
1477785600 0 0 0 0
1477699200 0 0 0 0
1477612800 0 0 0 0
1477526400 0 0 0 0
1477440000 0 0 0 0
1477353600 0 0 0 0
1477267200 0 0 0 0
1477180800 0 0 0 0
1477094400 0 0 0 0
1477008000 0 0 0 0
1476921600 0 0 0 0
1476835200 0 0 0 0
1476748800 0 0 0 0
1476662400 0 0 0 0
1476576000 0 0 0 0
1476489600 0 0 0 0
1476403200 0 0 0 0
1476316800 0 0 0 0
1476230400 0 0 0 0
1476144000 0 0 0 0
1476057600 0 0 0 0
1475971200 0 0 0 0
1475884800 0 0 0 0
1475798400 0 0 0 0
1475712000 0 0 0 0
1475625600 0 0 0 0
1475539200 0 0 0 0
1475452800 0 0 0 0
1475366400 0 0 0 0
1475280000 0 0 0 0
1475193600 0 0 0 0
1475107200 0 0 0 0
1475020800 0 0 0 0
1474934400 0 0 0 0
1474848000 0 0 0 0
1474761600 0 0 0 0
1474675200 0 0 0 0
1474588800 0 0 0 0
1474502400 0 0 0 0
1474416000 0 0 0 0
1474329600 0 0 0 0
1474243200 0 0 0 0
1474156800 0 0 0 0
1474070400 0 0 0 0
1473984000 0 0 0 0
1473897600 0 0 0 0
1473811200 0 0 0 0
1473724800 0 0 0 0
1473638400 0 0 0 0
1473552000 0 0 0 0
1473465600 0 0 0 0
1473379200 0 0 0 0
1473292800 0 0 0 0
1473206400 0 0 0 0
1473120000 0 0 0 0
1473033600 0 0 0 0
1472947200 0 0 0 0
1472860800 0 0 0 0
1472774400 0 0 0 0
1472688000 0 0 0 0
1472601600 0 0 0 0
1472515200 0 0 0 0
1472428800 0 0 0 0
1472342400 0 0 0 0
1472256000 0 0 0 0
1472169600 0 0 0 0
1472083200 0 0 0 0
1471996800 0 0 0 0
1471910400 0 0 0 0
1471824000 0 0 0 0
1471737600 0 0 0 0
1471651200 0 0 0 0
1471564800 0 0 0 0
1471478400 0 0 0 0
1471392000 0 0 0 0
1471305600 0 0 0 0
1471219200 0 0 0 0
1471132800 0 0 0 0
1471046400 0 0 0 0
1470960000 0 0 0 0
1470873600 0 0 0 0
1470787200 0 0 0 0
1470700800 0 0 0 0
1470614400 0 0 0 0
1470528000 0 0 0 0
1470441600 0 0 0 0
1470355200 0 0 0 0
1470268800 0 0 0 0
1470182400 0 0 0 0
1470096000 0 0 0 0
1470009600 0 0 0 0
1469923200 0 0 0 0
1469836800 0 0 0 0
1469750400 0 0 0 0
1469664000 0 0 0 0
1469577600 0 0 0 0
1469491200 0 0 0 0
1469404800 0 0 0 0
1469318400 0 0 0 0
1469232000 0 0 0 0
1469145600 0 0 0 0
1469059200 0 0 0 0
1468972800 0 0 0 0
1468886400 0 0 0 0
1468800000 0 0 0 0
1468713600 0 0 0 0
1468627200 0 0 0 0
1468540800 0 0 0 0
1468454400 0 0 0 0
1468368000 0 0 0 0
1468281600 0 0 0 0
1468195200 0 0 0 0
1468108800 0 0 0 0
1468022400 0 0 0 0
1467936000 0 0 0 0
1467849600 0 0 0 0
1467763200 0 0 0 0
1467676800 0 0 0 0
1467590400 0 0 0 0
1467504000 0 0 0 0
1467417600 0 0 0 0
1467331200 0 0 0 0
1467244800 0 0 0 0
1467158400 0 0 0 0
1467072000 0 0 0 0
1466985600 0 0 0 0
1466899200 0 0 0 0
1466812800 0 0 0 0
1466726400 0 0 0 0
1466640000 0 0 0 0
1466553600 0 0 0 0
1466467200 0 0 0 0
1466380800 0 0 0 0
1466294400 0 0 0 0
1466208000 0 0 0 0
1466121600 0 0 0 0
1466035200 0 0 0 0
1465948800 0 0 0 0
1465862400 0 0 0 0
1465776000 0 0 0 0
1465689600 0 0 0 0
1465603200 0 0 0 0
1465516800 0 0 0 0
1465430400 0 0 0 0
1465344000 0 0 0 0
1465257600 0 0 0 0
1465171200 0 0 0 0
1465084800 0 0 0 0
1464998400 0 0 0 0
1464912000 0 0 0 0
1464825600 0 0 0 0
1464739200 0 0 0 0
1464652800 0 0 0 0
1464566400 0 0 0 0
1464480000 0 0 0 0
1464393600 0 0 0 0
1464307200 0 0 0 0
1464220800 0 0 0 0
1464134400 0 0 0 0
1464048000 0 0 0 0
1463961600 0 0 0 0
1463875200 0 0 0 0
1463788800 0 0 0 0
1463702400 0 0 0 0
1463616000 0 0 0 0
1463529600 0 0 0 0
1463443200 0 0 0 0
1463356800 0 0 0 0
1463270400 0 0 0 0
1463184000 0 0 0 0
1463097600 0 0 0 0
1463011200 0 0 0 0
1462924800 0 0 0 0
1462838400 0 0 0 0
1462752000 0 0 0 0
1462665600 0 0 0 0
1462579200 0 0 0 0
1462492800 0 0 0 0
1462406400 0 0 0 0
1462320000 0 0 0 0
1462233600 0 0 0 0
1462147200 0 0 0 0
1462060800 0 0 0 0
1461974400 0 0 0 0
1461888000 0 0 0 0
1461801600 0 0 0 0
1461715200 0 0 0 0
1461628800 0 0 0 0
1461542400 0 0 0 0
1461456000 0 0 0 0
1461369600 0 0 0 0
1461283200 0 0 0 0
1461196800 0 0 0 0
1461110400 0 0 0 0
1461024000 0 0 0 0
1460937600 0 0 0 0
1460851200 0 0 0 0
1460764800 0 0 0 0
1460678400 0 0 0 0
1460592000 0 0 0 0
1460505600 0 0 0 0
1460419200 0 0 0 0
1460332800 0 0 0 0
1460246400 0 0 0 0
1460160000 0 0 0 0
1460073600 0 0 0 0
1459987200 0 0 0 0
1459900800 0 0 0 0
1459814400 0 0 0 0
1459728000 0 0 0 0
1459641600 0 0 0 0
1459555200 0 0 0 0
1459468800 0 0 0 0
1459382400 0 0 0 0
1459296000 0 0 0 0
1459209600 0 0 0 0
1459123200 0 0 0 0
1459036800 0 0 0 0
1458950400 0 0 0 0
1458864000 0 0 0 0
1458777600 0 0 0 0
1458691200 0 0 0 0
1458604800 0 0 0 0
1458518400 0 0 0 0
1458432000 0 0 0 0
1458345600 0 0 0 0
1458259200 0 0 0 0
1458172800 0 0 0 0
1458086400 0 0 0 0
1458000000 0 0 0 0
1457913600 0 0 0 0
1457827200 0 0 0 0
1457740800 0 0 0 0
1457654400 0 0 0 0
1457568000 0 0 0 0
1457481600 0 0 0 0
1457395200 0 0 0 0
1457308800 0 0 0 0
1457222400 0 0 0 0
1457136000 0 0 0 0
1457049600 0 0 0 0
1456963200 0 0 0 0
1456876800 0 0 0 0
1456790400 0 0 0 0
1456704000 0 0 0 0
1456617600 0 0 0 0
1456531200 0 0 0 0
1456444800 0 0 0 0
1456358400 0 0 0 0
1456272000 0 0 0 0
1456185600 0 0 0 0
1456099200 0 0 0 0
1456012800 0 0 0 0
1455926400 0 0 0 0
1455840000 0 0 0 0
1455753600 0 0 0 0
1455667200 0 0 0 0
1455580800 0 0 0 0
1455494400 0 0 0 0
1455408000 0 0 0 0
1455321600 0 0 0 0
1455235200 0 0 0 0
1455148800 0 0 0 0
1455062400 0 0 0 0
1454976000 0 0 0 0
1454889600 0 0 0 0
1454803200 0 0 0 0
1454716800 0 0 0 0
1454630400 0 0 0 0
1454544000 0 0 0 0
1454457600 0 0 0 0
1454371200 0 0 0 0
1454284800 0 0 0 0
1454198400 0 0 0 0
1454112000 0 0 0 0
1454025600 0 0 0 0
1453939200 0 0 0 0
1453852800 0 0 0 0
1453766400 0 0 0 0
1453680000 0 0 0 0
1453593600 0 0 0 0
1453507200 0 0 0 0
1453420800 0 0 0 0
1453334400 0 0 0 0
1453248000 0 0 0 0
1453161600 0 0 0 0
1453075200 0 0 0 0
1452988800 0 0 0 0
1452902400 0 0 0 0
1452816000 0 0 0 0
1452729600 0 0 0 0
1452643200 0 0 0 0
1452556800 0 0 0 0
1452470400 0 0 0 0
1452384000 0 0 0 0
1452297600 0 0 0 0
1452211200 0 0 0 0
1452124800 0 0 0 0
1452038400 0 0 0 0
1451952000 0 0 0 0
1451865600 0 0 0 0
1451779200 0 0 0 0
1451692800 0 0 0 0
1451606400 0 0 0 0
1451520000 0 0 0 0
1451433600 0 0 0 0
1451347200 0 0 0 0
1451260800 0 0 0 0
1451174400 0 0 0 0
1451088000 0 0 0 0
1451001600 0 0 0 0
1450915200 0 0 0 0
1450828800 0 0 0 0
1450742400 0 0 0 0
1450656000 0 0 0 0
1450569600 0 0 0 0
1450483200 0 0 0 0
1450396800 0 0 0 0
1450310400 0 0 0 0
1450224000 0 0 0 0
1450137600 0 0 0 0
1450051200 0 0 0 0
1449964800 0 0 0 0
1449878400 0 0 0 0
1449792000 0 0 0 0
1449705600 0 0 0 0
1449619200 0 0 0 0
1449532800 0 0 0 0
1449446400 0 0 0 0
1449360000 0 0 0 0
1449273600 0 0 0 0
1449187200 0 0 0 0
1449100800 0 0 0 0
1449014400 0 0 0 0
1448928000 0 0 0 0
1448841600 0 0 0 0
1448755200 0 0 0 0
1448668800 0 0 0 0
1448582400 0 0 0 0
1448496000 0 0 0 0
1448409600 0 0 0 0
1448323200 0 0 0 0
1448236800 0 0 0 0
1448150400 0 0 0 0
1448064000 0 0 0 0
1447977600 0 0 0 0
1447891200 0 0 0 0
1447804800 0 0 0 0
1447718400 0 0 0 0
1447632000 0 0 0 0
1447545600 0 0 0 0
1447459200 0 0 0 0
1447372800 0 0 0 0
1447286400 0 0 0 0
1447200000 0 0 0 0
1447113600 0 0 0 0
1447027200 0 0 0 0
1446940800 0 0 0 0
1446854400 0 0 0 0
1446768000 0 0 0 0
1446681600 0 0 0 0
1446595200 0 0 0 0
1446508800 0 0 0 0
1446422400 0 0 0 0
1446336000 0 0 0 0
1446249600 0 0 0 0
1446163200 0 0 0 0
1446076800 0 0 0 0
1445990400 0 0 0 0
1445904000 0 0 0 0
1445817600 0 0 0 0
1445731200 0 0 0 0
1445644800 0 0 0 0
1445558400 0 0 0 0
1445472000 0 0 0 0
1445385600 0 0 0 0
1445299200 0 0 0 0
1445212800 0 0 0 0
1445126400 0 0 0 0
1445040000 0 0 0 0
1444953600 0 0 0 0
1444867200 0 0 0 0
1444780800 0 0 0 0
1444694400 0 0 0 0
1444608000 0 0 0 0
1444521600 0 0 0 0
1444435200 0 0 0 0
1444348800 0 0 0 0
1444262400 0 0 0 0
1444176000 0 0 0 0
1444089600 0 0 0 0
1444003200 0 0 0 0
1443916800 0 0 0 0
1443830400 0 0 0 0
1443744000 0 0 0 0
1443657600 0 0 0 0
1443571200 0 0 0 0
1443484800 0 0 0 0
1443398400 0 0 0 0
1443312000 0 0 0 0
1443225600 0 0 0 0
1443139200 0 0 0 0
1443052800 0 0 0 0
1442966400 0 0 0 0
1442880000 0 0 0 0
1442793600 0 0 0 0
1442707200 0 0 0 0
1442620800 0 0 0 0
1442534400 0 0 0 0
1442448000 0 0 0 0
1442361600 0 0 0 0
1442275200 0 0 0 0
1442188800 0 0 0 0
1442102400 0 0 0 0
1442016000 0 0 0 0
1441929600 0 0 0 0
1441843200 0 0 0 0
1441756800 0 0 0 0
1441670400 0 0 0 0
1441584000 0 0 0 0
1441497600 0 0 0 0
1441411200 0 0 0 0
1441324800 0 0 0 0
1441238400 0 0 0 0
1441152000 0 0 0 0
1441065600 0 0 0 0
1440979200 0 0 0 0
1440892800 0 0 0 0
1440806400 0 0 0 0
1440720000 0 0 0 0
1440633600 0 0 0 0
1440547200 0 0 0 0
1440460800 0 0 0 0
1440374400 0 0 0 0
1440288000 0 0 0 0
1440201600 0 0 0 0
1440115200 0 0 0 0
1440028800 0 0 0 0
1439942400 0 0 0 0
1439856000 0 0 0 0
1439769600 0 0 0 0
1439683200 0 0 0 0
1439596800 0 0 0 0
1439510400 0 0 0 0
1439424000 0 0 0 0
1439337600 0 0 0 0
1439251200 0 0 0 0
1439164800 0 0 0 0
1439078400 0 0 0 0
1438992000 0 0 0 0
1438905600 0 0 0 0
1438819200 0 0 0 0
1438732800 0 0 0 0
1438646400 0 0 0 0
1438560000 0 0 0 0
1438473600 0 0 0 0
1438387200 0 0 0 0
1438300800 0 0 0 0
1438214400 0 0 0 0
1438128000 0 0 0 0
1438041600 0 0 0 0
1437955200 0 0 0 0
1437868800 0 0 0 0
1437782400 0 0 0 0
1437696000 0 0 0 0
1437609600 0 0 0 0
1437523200 0 0 0 0
1437436800 0 0 0 0
1437350400 0 0 0 0
1437264000 0 0 0 0
1437177600 0 0 0 0
1437091200 0 0 0 0
1437004800 0 0 0 0
1436918400 0 0 0 0
1436832000 0 0 0 0
1436745600 0 0 0 0
1436659200 0 0 0 0
1436572800 0 0 0 0
1436486400 0 0 0 0
1436400000 0 0 0 0
1436313600 0 0 0 0
1436227200 0 0 0 0
1436140800 0 0 0 0
1436054400 0 0 0 0
1435968000 0 0 0 0
1435881600 0 0 0 0
1435795200 0 0 0 0
1435708800 0 0 0 0
1435622400 0 0 0 0
1435536000 0 0 0 0
1435449600 0 0 0 0
1435363200 0 0 0 0
1435276800 0 0 0 0
1435190400 0 0 0 0
1435104000 0 0 0 0
1435017600 0 0 0 0
1434931200 0 0 0 0
1434844800 0 0 0 0
1434758400 0 0 0 0
1434672000 0 0 0 0
1434585600 0 0 0 0
1434499200 0 0 0 0
1434412800 0 0 0 0
1434326400 0 0 0 0
1434240000 0 0 0 0
1434153600 0 0 0 0
1434067200 0 0 0 0
1433980800 0 0 0 0
1433894400 0 0 0 0
1433808000 0 0 0 0
1433721600 0 0 0 0
1433635200 0 0 0 0
1433548800 0 0 0 0
1433462400 0 0 0 0
1433376000 0 0 0 0
1433289600 0 0 0 0
1433203200 0 0 0 0
1433116800 0 0 0 0
1433030400 0 0 0 0
1432944000 0 0 0 0
1432857600 0 0 0 0
1432771200 0 0 0 0
1432684800 0 0 0 0
1432598400 0 0 0 0
1432512000 0 0 0 0
1432425600 0 0 0 0
1432339200 0 0 0 0
1432252800 0 0 0 0
1432166400 0 0 0 0
1432080000 0 0 0 0
1431993600 0 0 0 0
1431907200 0 0 0 0
1431820800 0 0 0 0
1431734400 0 0 0 0
1431648000 0 0 0 0
1431561600 0 0 0 0
1431475200 0 0 0 0
1431388800 0 0 0 0
1431302400 0 0 0 0
1431216000 0 0 0 0
1431129600 0 0 0 0
1431043200 0 0 0 0
1430956800 0 0 0 0
1430870400 0 0 0 0
1430784000 0 0 0 0
1430697600 0 0 0 0
1430611200 0 0 0 0
1430524800 0 0 0 0
1430438400 0 0 0 0
1430352000 0 0 0 0
1430265600 0 0 0 0
1430179200 0 0 0 0
1430092800 0 0 0 0
1430006400 0 0 0 0
1429920000 0 0 0 0
1429833600 0 0 0 0
1429747200 0 0 0 0
1429660800 0 0 0 0
1429574400 0 0 0 0
1429488000 0 0 0 0
1429401600 0 0 0 0
1429315200 0 0 0 0
1429228800 0 0 0 0
1429142400 0 0 0 0
1429056000 0 0 0 0
1428969600 0 0 0 0
1428883200 0 0 0 0
1428796800 0 0 0 0
1428710400 0 0 0 0
1428624000 0 0 0 0
1428537600 0 0 0 0
1428451200 0 0 0 0
1428364800 0 0 0 0
1428278400 0 0 0 0
1428192000 0 0 0 0
1428105600 0 0 0 0
1428019200 0 0 0 0
1427932800 0 0 0 0
1427846400 0 0 0 0
1427760000 0 0 0 0
1427673600 0 0 0 0
1427587200 0 0 0 0
1427500800 0 0 0 0
1427414400 0 0 0 0
1427328000 0 0 0 0
1427241600 0 0 0 0
1427155200 0 0 0 0
1427068800 0 0 0 0
1426982400 0 0 0 0
1426896000 0 0 0 0
1426809600 0 0 0 0
1426723200 0 0 0 0
1426636800 0 0 0 0
1426550400 0 0 0 0
1426464000 0 0 0 0
1426377600 0 0 0 0
1426291200 0 0 0 0
1426204800 0 0 0 0
1426118400 0 0 0 0
1426032000 0 0 0 0
1425945600 0 0 0 0
1425859200 0 0 0 0
1425772800 0 0 0 0
1425686400 0 0 0 0
1425600000 0 0 0 0
1425513600 0 0 0 0
1425427200 0 0 0 0
1425340800 0 0 0 0
1425254400 0 0 0 0
1425168000 0 0 0 0
1425081600 0 0 0 0
1424995200 0 0 0 0
1424908800 0 0 0 0
1424822400 0 0 0 0
1424736000 0 0 0 0
1424649600 0 0 0 0
1424563200 0 0 0 0
1424476800 0 0 0 0
1424390400 0 0 0 0
1424304000 0 0 0 0
1424217600 0 0 0 0
1424131200 0 0 0 0
1424044800 0 0 0 0
1423958400 0 0 0 0
1423872000 0 0 0 0
1423785600 0 0 0 0
1423699200 0 0 0 0
1423612800 0 0 0 0
1423526400 0 0 0 0
1423440000 0 0 0 0
1423353600 0 0 0 0
1423267200 0 0 0 0
1423180800 0 0 0 0
1423094400 0 0 0 0
1423008000 0 0 0 0
1422921600 0 0 0 0
1422835200 0 0 0 0
1422748800 0 0 0 0
1422662400 0 0 0 0
1422576000 0 0 0 0
1422489600 0 0 0 0
1422403200 0 0 0 0
1422316800 0 0 0 0
1422230400 0 0 0 0
