1461179062 -1 -1
1461179062 7228 7764 7228 7764
1461178762 7228 7764 7228 7764
1461178500 7228 7764 7228 7764
1461178200 7228 7764 7228 7764
1461177900 7228 7764 7228 7764
1461177600 7228 7764 7228 7764
1461177300 7228 7764 7228 7764
1461177000 7228 7764 7228 7764
1461176700 7228 7764 7228 7764
1461176400 7228 7764 7228 7764
1461176100 7228 7764 7228 7764
1461175800 7228 7764 7228 7764
1461175500 7228 7764 7228 7764
1461175200 7228 7764 7228 7764
1461174900 7228 7764 7228 7764
1461174600 7228 7764 7228 7764
1461174300 7228 7764 7228 7764
1461174000 7228 7764 7228 7764
1461173700 7228 7764 7228 7764
1461173400 7228 7764 7228 7764
1461173100 7228 7764 7228 7764
1461172800 7228 7764 7228 7764
1461172500 7228 7764 7228 7764
1461172200 7228 7764 7228 7764
1461171900 7228 7764 7228 7764
1461171600 7228 7764 7228 7764
1461171300 7228 7764 7228 7764
1461171000 7228 7764 7228 7764
1461170700 7228 7764 7228 7764
1461170400 7228 7764 7228 7764
1461170100 7228 7764 7228 7764
1461169800 7228 7764 7228 7764
1461169500 7228 7764 7228 7764
1461169200 7228 7764 7228 7764
1461168900 7228 7764 7228 7764
1461168600 7228 7764 7228 7764
1461168300 7228 7764 7228 7764
1461168000 7228 7764 7228 7764
1461167700 7228 7764 7228 7764
1461167400 7228 7764 7228 7764
1461167100 7228 7764 7228 7764
1461166800 7228 7764 7228 7764
1461166500 7228 7764 7228 7764
1461166200 7228 7764 7228 7764
1461165900 7228 7764 7228 7764
1461165600 7228 7764 7228 7764
1461165300 7228 7764 7228 7764
1461165000 7228 7764 7228 7764
1461164700 7228 7764 7228 7764
1461164400 7228 7764 7228 7764
1461164100 7228 7764 7228 7764
1461163800 7228 7764 7228 7764
1461163500 7228 7764 7228 7764
1461163200 7228 7764 7228 7764
1461162900 7228 7764 7228 7764
1461162600 7228 7764 7228 7764
1461162300 7228 7764 7228 7764
1461162000 7228 7764 7228 7764
1461161700 7228 7764 7228 7764
1461161400 7228 7764 7228 7764
1461161100 7228 7764 7228 7764
1461160800 7228 7764 7228 7764
1461160500 7228 7764 7228 7764
1461160200 7228 7764 7228 7764
1461159900 7228 7764 7228 7764
1461159600 7228 7764 7228 7764
1461159300 7228 7764 7228 7764
1461159000 7228 7764 7228 7764
1461158700 7228 7764 7228 7764
1461158400 7228 7764 7228 7764
1461158100 7228 7764 7228 7764
1461157800 7228 7764 7228 7764
1461157500 7228 7764 7228 7764
1461157200 7228 7764 7228 7764
1461156900 7228 7764 7228 7764
1461156600 7228 7764 7228 7764
1461156300 7228 7764 7228 7764
1461156000 7228 7764 7228 7764
1461155700 7228 7764 7228 7764
1461155400 7228 7764 7228 7764
1461155100 7228 7764 7228 7764
1461154800 7228 7764 7228 7764
1461154500 7228 7764 7228 7764
1461154200 7228 7764 7228 7764
1461153900 7228 7764 7228 7764
1461153600 7228 7764 7228 7764
1461153300 7228 7764 7228 7764
1461153000 7228 7764 7228 7764
1461152700 7228 7764 7228 7764
1461152400 7228 7764 7228 7764
1461152100 7228 7764 7228 7764
1461151800 7228 7764 7228 7764
1461151500 7228 7764 7228 7764
1461151200 7228 7764 7228 7764
1461150900 7228 7764 7228 7764
1461150600 7228 7764 7228 7764
1461150300 7228 7764 7228 7764
1461150000 7228 7764 7228 7764
1461149700 7228 7764 7228 7764
1461149400 7228 7764 7228 7764
1461149100 7228 7764 7228 7764
1461148800 7228 7764 7228 7764
1461148500 7228 7764 7228 7764
1461148200 7228 7764 7228 7764
1461147900 7228 7764 7228 7764
1461147600 7228 7764 7228 7764
1461147300 7228 7764 7228 7764
1461147000 7228 7764 7228 7764
1461146700 7228 7764 7228 7764
1461146400 7228 7764 7228 7764
1461146100 7228 7764 7228 7764
1461145800 7228 7764 7228 7764
1461145500 7228 7764 7228 7764
1461145200 7228 7764 7228 7764
1461144900 7228 7764 7228 7764
1461144600 7228 7764 7228 7764
1461144300 7228 7764 7228 7764
1461144000 7228 7764 7228 7764
1461143700 7228 7764 7228 7764
1461143400 7228 7764 7228 7764
1461143100 7228 7764 7228 7764
1461142800 7228 7764 7228 7764
1461142500 7228 7764 7228 7764
1461142200 7228 7764 7228 7764
1461141900 7228 7764 7228 7764
1461141600 7228 7764 7228 7764
1461141300 7228 7764 7228 7764
1461141000 7228 7764 7228 7764
1461140700 7228 7764 7228 7764
1461140400 7228 7764 7228 7764
1461140100 7228 7764 7228 7764
1461139800 7228 7764 7228 7764
1461139500 7228 7764 7228 7764
1461139200 7228 7764 7228 7764
1461138900 7228 7764 7228 7764
1461138600 7228 7764 7228 7764
1461138300 7228 7764 7228 7764
1461138000 7228 7764 7228 7764
1461137700 7228 7764 7228 7764
1461137400 7228 7764 7228 7764
1461137100 7228 7764 7228 7764
1461136800 7228 7764 7228 7764
1461136500 7228 7764 7228 7764
1461136200 7228 7764 7228 7764
1461135900 7228 7764 7228 7764
1461135600 7228 7764 7228 7764
1461135300 7228 7764 7228 7764
1461135000 7228 7764 7228 7764
1461134700 7228 7764 7228 7764
1461134400 7228 7764 7228 7764
1461134100 7228 7764 7228 7764
1461133800 7228 7764 7228 7764
1461133500 7228 7764 7228 7764
1461133200 7228 7764 7228 7764
1461132900 7228 7764 7228 7764
1461132600 7228 7764 7228 7764
1461132300 7228 7764 7228 7764
1461132000 7228 7764 7228 7764
1461131700 7228 7764 7228 7764
1461131400 7228 7764 7228 7764
1461131100 7228 7764 7228 7764
1461130800 7228 7764 7228 7764
1461130500 7228 7764 7228 7764
1461130200 7228 7764 7228 7764
1461129900 7228 7764 7228 7764
1461129600 7228 7764 7228 7764
1461129300 7228 7764 7228 7764
1461129000 7228 7764 7228 7764
1461128700 7228 7764 7228 7764
1461128400 7228 7764 7228 7764
1461128100 7228 7764 7228 7764
1461127800 7228 7764 7228 7764
1461127500 7228 7764 7228 7764
1461127200 7228 7764 7228 7764
1461126900 7228 7764 7228 7764
1461126600 7228 7764 7228 7764
1461126300 7228 7764 7228 7764
1461126000 7228 7764 7228 7764
1461125700 7228 7764 7228 7764
1461125400 7228 7764 7228 7764
1461125100 7228 7764 7228 7764
1461124800 7228 7764 7228 7764
1461124500 7228 7764 7228 7764
1461124200 7228 7764 7228 7764
1461123900 7228 7764 7228 7764
1461123600 7228 7764 7228 7764
1461123300 7228 7764 7228 7764
1461123000 7228 7764 7228 7764
1461122700 7228 7764 7228 7764
1461122400 7228 7764 7228 7764
1461122100 7228 7764 7228 7764
1461121800 7228 7764 7228 7764
1461121500 7228 7764 7228 7764
1461121200 7228 7764 7228 7764
1461120900 7228 7764 7228 7764
1461120600 7228 7764 7228 7764
1461120300 7228 7764 7228 7764
1461120000 7228 7764 7228 7764
1461119700 7228 7764 7228 7764
1461119400 7228 7764 7228 7764
1461119100 7228 7764 7228 7764
1461118800 7228 7764 7228 7764
1461118500 7228 7764 7228 7764
1461118200 7228 7764 7228 7764
1461117900 7228 7764 7228 7764
1461117600 7228 7764 7228 7764
1461117300 7228 7764 7228 7764
1461117000 7228 7764 7228 7764
1461116700 7228 7764 7228 7764
1461116400 7228 7764 7228 7764
1461116100 7228 7764 7228 7764
1461115800 7228 7764 7228 7764
1461115500 7228 7764 7228 7764
1461115200 7228 7764 7228 7764
1461114900 7228 7764 7228 7764
1461114600 7228 7764 7228 7764
1461114300 7228 7764 7228 7764
1461114000 7228 7764 7228 7764
1461113700 7228 7764 7228 7764
1461113400 7228 7764 7228 7764
1461113100 7228 7764 7228 7764
1461112800 7228 7764 7228 7764
1461112500 7228 7764 7228 7764
1461112200 7228 7764 7228 7764
1461111900 7228 7764 7228 7764
1461111600 7228 7764 7228 7764
1461111300 7228 7764 7228 7764
1461111000 7228 7764 7228 7764
1461110700 7228 7764 7228 7764
1461110400 7228 7764 7228 7764
1461110100 7228 7764 7228 7764
1461109800 7228 7764 7228 7764
1461109500 7228 7764 7228 7764
1461109200 7228 7764 7228 7764
1461108900 7228 7764 7228 7764
1461108600 7228 7764 7228 7764
1461108300 7228 7764 7228 7764
1461108000 7228 7764 7228 7764
1461107700 7228 7764 7228 7764
1461107400 7228 7764 7228 7764
1461107100 7228 7764 7228 7764
1461106800 7228 7764 7228 7764
1461106500 7228 7764 7228 7764
1461106200 7228 7764 7228 7764
1461105900 7228 7764 7228 7764
1461105600 7228 7764 7228 7764
1461105300 7228 7764 7228 7764
1461105000 7228 7764 7228 7764
1461104700 7228 7764 7228 7764
1461104400 7228 7764 7228 7764
1461104100 7228 7764 7228 7764
1461103800 7228 7764 7228 7764
1461103500 7228 7764 7228 7764
1461103200 7228 7764 7228 7764
1461102900 7228 7764 7228 7764
1461102600 7228 7764 7228 7764
1461102300 7228 7764 7228 7764
1461102000 7228 7764 7228 7764
1461101700 7228 7764 7228 7764
1461101400 7228 7764 7228 7764
1461101100 7228 7764 7228 7764
1461100800 7228 7764 7228 7764
1461100500 7228 7764 7228 7764
1461100200 7228 7764 7228 7764
1461099900 7228 7764 7228 7764
1461099600 7228 7764 7228 7764
1461099300 7228 7764 7228 7764
1461099000 7228 7764 7228 7764
1461098700 7228 7764 7228 7764
1461098400 7228 7764 7228 7764
1461098100 7228 7764 7228 7764
1461097800 7228 7764 7228 7764
1461097500 7228 7764 7228 7764
1461097200 7228 7764 7228 7764
1461096900 7228 7764 7228 7764
1461096600 7228 7764 7228 7764
1461096300 7228 7764 7228 7764
1461096000 7228 7764 7228 7764
1461095700 7228 7764 7228 7764
1461095400 7228 7764 7228 7764
1461095100 7228 7764 7228 7764
1461094800 7228 7764 7228 7764
1461094500 7228 7764 7228 7764
1461094200 7228 7764 7228 7764
1461093900 7228 7764 7228 7764
1461093600 7228 7764 7228 7764
1461093300 7228 7764 7228 7764
1461093000 7228 7764 7228 7764
1461092700 7228 7764 7228 7764
1461092400 7228 7764 7228 7764
1461092100 7228 7764 7228 7764
1461091800 7228 7764 7228 7764
1461091500 7228 7764 7228 7764
1461091200 7228 7764 7228 7764
1461090900 7228 7764 7228 7764
1461090600 7228 7764 7228 7764
1461090300 7228 7764 7228 7764
1461090000 7228 7764 7228 7764
1461089700 7228 7764 7228 7764
1461089400 7228 7764 7228 7764
1461089100 7228 7764 7228 7764
1461088800 7228 7764 7228 7764
1461088500 7228 7764 7228 7764
1461088200 7228 7764 7228 7764
1461087900 7228 7764 7228 7764
1461087600 7228 7764 7228 7764
1461087300 7228 7764 7228 7764
1461087000 7228 7764 7228 7764
1461086700 7228 7764 7228 7764
1461086400 7228 7764 7228 7764
1461086100 7228 7764 7228 7764
1461085800 7228 7764 7228 7764
1461085500 7228 7764 7228 7764
1461085200 7228 7764 7228 7764
1461084900 7228 7764 7228 7764
1461084600 7228 7764 7228 7764
1461084300 7228 7764 7228 7764
1461084000 7228 7764 7228 7764
1461083700 7228 7764 7228 7764
1461083400 7228 7764 7228 7764
1461083100 7228 7764 7228 7764
1461082800 7228 7764 7228 7764
1461082500 7228 7764 7228 7764
1461082200 7228 7764 7228 7764
1461081900 7228 7764 7228 7764
1461081600 7228 7764 7228 7764
1461081300 7228 7764 7228 7764
1461081000 7228 7764 7228 7764
1461080700 7228 7764 7228 7764
1461080400 7228 7764 7228 7764
1461080100 7228 7764 7228 7764
1461079800 7228 7764 7228 7764
1461079500 7228 7764 7228 7764
1461079200 7228 7764 7228 7764
1461078900 7228 7764 7228 7764
1461078600 7228 7764 7228 7764
1461078300 7228 7764 7228 7764
1461078000 7228 7764 7228 7764
1461077700 7228 7764 7228 7764
1461077400 7228 7764 7228 7764
1461077100 7228 7764 7228 7764
1461076800 7228 7764 7228 7764
1461076500 7228 7764 7228 7764
1461076200 7228 7764 7228 7764
1461075900 7228 7764 7228 7764
1461075600 7228 7764 7228 7764
1461075300 7228 7764 7228 7764
1461075000 7228 7764 7228 7764
1461074700 7228 7764 7228 7764
1461074400 7228 7764 7228 7764
1461074100 7228 7764 7228 7764
1461073800 7228 7764 7228 7764
1461073500 7228 7764 7228 7764
1461073200 7228 7764 7228 7764
1461072900 7228 7764 7228 7764
1461072600 7228 7764 7228 7764
1461072300 7228 7764 7228 7764
1461072000 7228 7764 7228 7764
1461071700 7228 7764 7228 7764
1461071400 7228 7764 7228 7764
1461071100 7228 7764 7228 7764
1461070800 7228 7764 7228 7764
1461070500 7228 7764 7228 7764
1461070200 7228 7764 7228 7764
1461069900 7228 7764 7228 7764
1461069600 7228 7764 7228 7764
1461069300 7228 7764 7228 7764
1461069000 7228 7764 7228 7764
1461068700 7228 7764 7228 7764
1461068400 7228 7764 7228 7764
1461068100 7228 7764 7228 7764
1461067800 7228 7764 7228 7764
1461067500 7228 7764 7228 7764
1461067200 7228 7764 7228 7764
1461066900 7228 7764 7228 7764
1461066600 7228 7764 7228 7764
1461066300 7228 7764 7228 7764
1461066000 7228 7764 7228 7764
1461065700 7228 7764 7228 7764
1461065400 7228 7764 7228 7764
1461065100 7228 7764 7228 7764
1461064800 7228 7764 7228 7764
1461064500 7228 7764 7228 7764
1461064200 7228 7764 7228 7764
1461063900 7228 7764 7228 7764
1461063600 7228 7764 7228 7764
1461063300 7228 7764 7228 7764
1461063000 7228 7764 7228 7764
1461062700 7228 7764 7228 7764
1461062400 7228 7764 7228 7764
1461062100 7228 7764 7228 7764
1461061800 7228 7764 7228 7764
1461061500 7228 7764 7228 7764
1461061200 7228 7764 7228 7764
1461060900 7228 7764 7228 7764
1461060600 7228 7764 7228 7764
1461060300 7228 7764 7228 7764
1461060000 7228 7764 7228 7764
1461059700 7228 7764 7228 7764
1461059400 7228 7764 7228 7764
1461059100 7228 7764 7228 7764
1461058800 7228 7764 7228 7764
1461058500 7228 7764 7228 7764
1461058200 7228 7764 7228 7764
1461057900 7228 7764 7228 7764
1461057600 7228 7764 7228 7764
1461057300 7228 7764 7228 7764
1461057000 7228 7764 7228 7764
1461056700 7228 7764 7228 7764
1461056400 7228 7764 7228 7764
1461056100 7228 7764 7228 7764
1461055800 7228 7764 7228 7764
1461055500 7228 7764 7228 7764
1461055200 7228 7764 7228 7764
1461054900 7228 7764 7228 7764
1461054600 7228 7764 7228 7764
1461054300 7228 7764 7228 7764
1461054000 7228 7764 7228 7764
1461053700 7228 7764 7228 7764
1461053400 7228 7764 7228 7764
1461053100 7228 7764 7228 7764
1461052800 7228 7764 7228 7764
1461052500 7228 7764 7228 7764
1461052200 7228 7764 7228 7764
1461051900 7228 7764 7228 7764
1461051600 7228 7764 7228 7764
1461051300 7228 7764 7228 7764
1461051000 7228 7764 7228 7764
1461050700 7228 7764 7228 7764
1461050400 7228 7764 7228 7764
1461050100 7228 7764 7228 7764
1461049800 7228 7764 7228 7764
1461049500 7228 7764 7228 7764
1461049200 7228 7764 7228 7764
1461048900 7228 7764 7228 7764
1461048600 7228 7764 7228 7764
1461048300 7228 7764 7228 7764
1461048000 7228 7764 7228 7764
1461047700 7228 7764 7228 7764
1461047400 7228 7764 7228 7764
1461047100 7228 7764 7228 7764
1461046800 7228 7764 7228 7764
1461046500 7228 7764 7228 7764
1461046200 7228 7764 7228 7764
1461045900 7228 7764 7228 7764
1461045600 7228 7764 7228 7764
1461045300 7228 7764 7228 7764
1461045000 7228 7764 7228 7764
1461044700 7228 7764 7228 7764
1461044400 7228 7764 7228 7764
1461044100 7228 7764 7228 7764
1461043800 7228 7764 7228 7764
1461043500 7228 7764 7228 7764
1461043200 7228 7764 7228 7764
1461042900 7228 7764 7228 7764
1461042600 7228 7764 7228 7764
1461042300 7228 7764 7228 7764
1461042000 7228 7764 7228 7764
1461041700 7228 7764 7228 7764
1461041400 7228 7764 7228 7764
1461041100 7228 7764 7228 7764
1461040800 7228 7764 7228 7764
1461040500 7228 7764 7228 7764
1461040200 7228 7764 7228 7764
1461039900 7228 7764 7228 7764
1461039600 7228 7764 7228 7764
1461039300 7228 7764 7228 7764
1461039000 7228 7764 7228 7764
1461038700 7228 7764 7228 7764
1461038400 7228 7764 7228 7764
1461038100 7228 7764 7228 7764
1461037800 7228 7764 7228 7764
1461037500 7228 7764 7228 7764
1461037200 7228 7764 7228 7764
1461036900 7228 7764 7228 7764
1461036600 7228 7764 7228 7764
1461036300 7228 7764 7228 7764
1461036000 7228 7764 7228 7764
1461035700 7228 7764 7228 7764
1461035400 7228 7764 7228 7764
1461035100 7228 7764 7228 7764
1461034800 7228 7764 7228 7764
1461034500 7228 7764 7228 7764
1461034200 7228 7764 7228 7764
1461033900 7228 7764 7228 7764
1461033600 7228 7764 7228 7764
1461033300 7228 7764 7228 7764
1461033000 7228 7764 7228 7764
1461032700 7228 7764 7228 7764
1461032400 7228 7764 7228 7764
1461032100 7228 7764 7228 7764
1461031800 7228 7764 7228 7764
1461031500 7228 7764 7228 7764
1461031200 7228 7764 7228 7764
1461030900 7228 7764 7228 7764
1461030600 7228 7764 7228 7764
1461030300 7228 7764 7228 7764
1461030000 7228 7764 7228 7764
1461029700 7228 7764 7228 7764
1461029400 7228 7764 7228 7764
1461029100 7228 7764 7228 7764
1461028800 7228 7764 7228 7764
1461028500 7228 7764 7228 7764
1461028200 7228 7764 7228 7764
1461027900 7228 7764 7228 7764
1461027600 7228 7764 7228 7764
1461027300 7228 7764 7228 7764
1461027000 7228 7764 7228 7764
1461026700 7228 7764 7228 7764
1461026400 7228 7764 7228 7764
1461026100 7228 7764 7228 7764
1461025800 7228 7764 7228 7764
1461025500 7228 7764 7228 7764
1461025200 7228 7764 7228 7764
1461024900 7228 7764 7228 7764
1461024600 7228 7764 7228 7764
1461024300 7228 7764 7228 7764
1461024000 7228 7764 7228 7764
1461023700 7228 7764 7228 7764
1461023400 7228 7764 7228 7764
1461023100 7228 7764 7228 7764
1461022800 7228 7764 7228 7764
1461022500 7228 7764 7228 7764
1461022200 7228 7764 7228 7764
1461021900 7228 7764 7228 7764
1461021600 7228 7764 7228 7764
1461021300 7228 7764 7228 7764
1461021000 7228 7764 7228 7764
1461020700 7228 7764 7228 7764
1461020400 7228 7764 7228 7764
1461020100 7228 7764 7228 7764
1461019800 7228 7764 7228 7764
1461019500 7228 7764 7228 7764
1461019200 7228 7764 7228 7764
1461018900 7228 7764 7228 7764
1461018600 7228 7764 7228 7764
1461018300 7228 7764 7228 7764
1461018000 7228 7764 7228 7764
1461017700 7228 7764 7228 7764
1461017400 7228 7764 7228 7764
1461017100 7228 7764 7228 7764
1461016800 7228 7764 7228 7764
1461016500 7228 7764 7228 7764
1461016200 7228 7764 7228 7764
1461015900 7228 7764 7228 7764
1461015600 7228 7764 7228 7764
1461015300 7228 7764 7228 7764
1461015000 7228 7764 7228 7764
1461014700 7228 7764 7228 7764
1461014400 7228 7764 7228 7764
1461014100 7228 7764 7228 7764
1461013800 7228 7764 7228 7764
1461013500 7228 7764 7228 7764
1461013200 7228 7764 7228 7764
1461012900 7228 7764 7228 7764
1461012600 7228 7764 7228 7764
1461012300 7228 7764 7228 7764
1461012000 7228 7764 7228 7764
1461011700 7228 7764 7228 7764
1461011400 7228 7764 7228 7764
1461011100 7228 7764 7228 7764
1461010800 7228 7764 7228 7764
1461010500 7228 7764 7228 7764
1461010200 7228 7764 7228 7764
1461009900 7228 7764 7228 7764
1461009600 7228 7764 7228 7764
1461009300 7228 7764 7228 7764
1461009000 7228 7764 7228 7764
1461008700 7228 7764 7228 7764
1461008400 7228 7764 7228 7764
1461008100 7228 7764 7228 7764
1461007800 7228 7764 7228 7764
1461007500 7228 7764 7228 7764
1461007200 7228 7764 7228 7764
1461006900 7228 7764 7228 7764
1461006600 7228 7764 7228 7764
1461006300 7228 7764 7228 7764
1461006000 7228 7764 7228 7764
1461005700 7228 7764 7228 7764
1461005400 7228 7764 7228 7764
1461005100 7228 7764 7228 7764
1461004800 7228 7764 7228 7764
1461004500 7228 7764 7228 7764
1461004200 7228 7764 7228 7764
1461003900 7228 7764 7228 7764
1461003600 7228 7764 7228 7764
1461003300 7228 7764 7228 7764
1461003000 7228 7764 7228 7764
1461002700 7228 7764 7228 7764
1461002400 7228 7764 7228 7764
1461002100 7228 7764 7228 7764
1461001800 7228 7764 7228 7764
1461001500 7228 7764 7228 7764
1461001200 7228 7764 7228 7764
1461000900 7228 7764 7228 7764
1461000600 7228 7764 7228 7764
1461000300 7228 7764 7228 7764
1461000000 7228 7764 7228 7764
1460999700 7228 7764 7228 7764
1460999400 7228 7764 7228 7764
1460999100 7228 7764 7228 7764
1460998800 7228 7764 7228 7764
1460997000 7228 7764 7228 7764
1460995200 7228 7764 7228 7764
1460993400 7228 7764 7228 7764
1460991600 7228 7764 7228 7764
1460989800 7228 7764 7228 7764
1460988000 7228 7764 7228 7764
1460986200 7228 7764 7228 7764
1460984400 7228 7764 7228 7764
1460982600 7228 7764 7228 7764
1460980800 7228 7764 7228 7764
1460979000 7228 7764 7228 7764
1460977200 7228 7764 7228 7764
1460975400 7228 7764 7228 7764
1460973600 7228 7764 7228 7764
1460971800 7228 7764 7228 7764
1460970000 7228 7764 7228 7764
1460968200 7228 7764 7228 7764
1460966400 7228 7764 7228 7764
1460964600 7228 7764 7228 7764
1460962800 7228 7764 7228 7764
1460961000 7228 7764 7228 7764
1460959200 7228 7764 7228 7764
1460957400 7228 7764 7228 7764
1460955600 7228 7764 7228 7764
1460953800 7228 7764 7228 7764
1460952000 7228 7764 7228 7764
1460950200 7228 7764 7228 7764
1460948400 7228 7764 7228 7764
1460946600 7228 7764 7228 7764
1460944800 7228 7764 7228 7764
1460943000 7228 7764 7228 7764
1460941200 7228 7764 7228 7764
1460939400 7228 7764 7228 7764
1460937600 7228 7764 7228 7764
1460935800 7228 7764 7228 7764
1460934000 7228 7764 7228 7764
1460932200 7228 7764 7228 7764
1460930400 7228 7764 7228 7764
1460928600 7228 7764 7228 7764
1460926800 7228 7764 7228 7764
1460925000 7228 7764 7228 7764
1460923200 7228 7764 7228 7764
1460921400 7228 7764 7228 7764
1460919600 7228 7764 7228 7764
1460917800 7228 7764 7228 7764
1460916000 7228 7764 7228 7764
1460914200 7228 7764 7228 7764
1460912400 7228 7764 7228 7764
1460910600 7228 7764 7228 7764
1460908800 7228 7764 7228 7764
1460907000 7228 7764 7228 7764
1460905200 7228 7764 7228 7764
1460903400 7228 7764 7228 7764
1460901600 7228 7764 7228 7764
1460899800 7228 7764 7228 7764
1460898000 7228 7764 7228 7764
1460896200 7228 7764 7228 7764
1460894400 7228 7764 7228 7764
1460892600 7228 7764 7228 7764
1460890800 7228 7764 7228 7764
1460889000 7228 7764 7228 7764
1460887200 7228 7764 7228 7764
1460885400 7228 7764 7228 7764
1460883600 7228 7764 7228 7764
1460881800 7228 7764 7228 7764
1460880000 7228 7764 7228 7764
1460878200 7228 7764 7228 7764
1460876400 7228 7764 7228 7764
1460874600 7228 7764 7228 7764
1460872800 7228 7764 7228 7764
1460871000 7228 7764 7228 7764
1460869200 7228 7764 7228 7764
1460867400 7228 7764 7228 7764
1460865600 7228 7764 7228 7764
1460863800 7228 7764 7228 7764
1460862000 7228 7764 7228 7764
1460860200 7228 7764 7228 7764
1460858400 7228 7764 7228 7764
1460856600 7228 7764 7228 7764
1460854800 7228 7764 7228 7764
1460853000 7228 7764 7228 7764
1460851200 7228 7764 7228 7764
1460849400 7228 7764 7228 7764
1460847600 7228 7764 7228 7764
1460845800 7228 7764 7228 7764
1460844000 7228 7764 7228 7764
1460842200 7228 7764 7228 7764
1460840400 7228 7764 7228 7764
1460838600 7228 7764 7228 7764
1460836800 7228 7764 7228 7764
1460835000 7228 7764 7228 7764
1460833200 7228 7764 7228 7764
1460831400 7228 7764 7228 7764
1460829600 7228 7764 7228 7764
1460827800 7228 7764 7228 7764
1460826000 7228 7764 7228 7764
1460824200 7228 7764 7228 7764
1460822400 7228 7764 7228 7764
1460820600 7228 7764 7228 7764
1460818800 7228 7764 7228 7764
1460817000 7228 7764 7228 7764
1460815200 7228 7764 7228 7764
1460813400 7228 7764 7228 7764
1460811600 7228 7764 7228 7764
1460809800 7228 7764 7228 7764
1460808000 7228 7764 7228 7764
1460806200 7228 7764 7228 7764
1460804400 7228 7764 7228 7764
1460802600 7228 7764 7228 7764
1460800800 7228 7764 7228 7764
1460799000 7228 7764 7228 7764
1460797200 7228 7764 7228 7764
1460795400 7228 7764 7228 7764
1460793600 7228 7764 7228 7764
1460791800 7228 7764 7228 7764
1460790000 7228 7764 7228 7764
1460788200 7228 7764 7228 7764
1460786400 7228 7764 7228 7764
1460784600 7228 7764 7228 7764
1460782800 7228 7764 7228 7764
1460781000 7228 7764 7228 7764
1460779200 7228 7764 7228 7764
1460777400 7228 7764 7228 7764
1460775600 7228 7764 7228 7764
1460773800 7228 7764 7228 7764
1460772000 7228 7764 7228 7764
1460770200 7228 7764 7228 7764
1460768400 7228 7764 7228 7764
1460766600 7228 7764 7228 7764
1460764800 7228 7764 7228 7764
1460763000 7228 7764 7228 7764
1460761200 7228 7764 7228 7764
1460759400 7228 7764 7228 7764
1460757600 7228 7764 7228 7764
1460755800 7228 7764 7228 7764
1460754000 7228 7764 7228 7764
1460752200 7228 7764 7228 7764
1460750400 7228 7764 7228 7764
1460748600 7228 7764 7228 7764
1460746800 7228 7764 7228 7764
1460745000 7228 7764 7228 7764
1460743200 7228 7764 7228 7764
1460741400 7228 7764 7228 7764
1460739600 7228 7764 7228 7764
1460737800 7228 7764 7228 7764
1460736000 7228 7764 7228 7764
1460734200 7228 7764 7228 7764
1460732400 7228 7764 7228 7764
1460730600 7228 7764 7228 7764
1460728800 7228 7764 7228 7764
1460727000 7228 7764 7228 7764
1460725200 7228 7764 7228 7764
1460723400 7228 7764 7228 7764
1460721600 7228 7764 7228 7764
1460719800 7228 7764 7228 7764
1460718000 7228 7764 7228 7764
1460716200 7228 7764 7228 7764
1460714400 7228 7764 7228 7764
1460712600 7228 7764 7228 7764
1460710800 7228 7764 7228 7764
1460709000 7228 7764 7228 7764
1460707200 7228 7764 7228 7764
1460705400 7228 7764 7228 7764
1460703600 7228 7764 7228 7764
1460701800 7228 7764 7228 7764
1460700000 7228 7764 7228 7764
1460698200 7228 7764 7228 7764
1460696400 7228 7764 7228 7764
1460694600 7228 7764 7228 7764
1460692800 7228 7764 7228 7764
1460691000 7228 7764 7228 7764
1460689200 7228 7764 7228 7764
1460687400 7228 7764 7228 7764
1460685600 7228 7764 7228 7764
1460683800 7228 7764 7228 7764
1460682000 7228 7764 7228 7764
1460680200 7228 7764 7228 7764
1460678400 7228 7764 7228 7764
1460676600 7228 7764 7228 7764
1460674800 7228 7764 7228 7764
1460673000 7228 7764 7228 7764
1460671200 7228 7764 7228 7764
1460669400 7228 7764 7228 7764
1460667600 7228 7764 7228 7764
1460665800 7228 7764 7228 7764
1460664000 7228 7764 7228 7764
1460662200 7228 7764 7228 7764
1460660400 7228 7764 7228 7764
1460658600 7228 7764 7228 7764
1460656800 7228 7764 7228 7764
1460655000 7228 7764 7228 7764
1460653200 7228 7764 7228 7764
1460651400 7228 7764 7228 7764
1460649600 7228 7764 7228 7764
1460647800 7228 7764 7228 7764
1460646000 7228 7764 7228 7764
1460644200 7228 7764 7228 7764
1460642400 7228 7764 7228 7764
1460640600 7228 7764 7228 7764
1460638800 7228 7764 7228 7764
1460637000 7228 7764 7228 7764
1460635200 7228 7764 7228 7764
1460633400 7228 7764 7228 7764
1460631600 7228 7764 7228 7764
1460629800 7228 7764 7228 7764
1460628000 7228 7764 7228 7764
1460626200 7228 7764 7228 7764
1460624400 7228 7764 7228 7764
1460622600 7228 7764 7228 7764
1460620800 7228 7764 7228 7764
1460619000 7228 7764 7228 7764
1460617200 7228 7764 7228 7764
1460615400 7228 7764 7228 7764
1460613600 7228 7764 7228 7764
1460611800 7228 7764 7228 7764
1460610000 7228 7764 7228 7764
1460608200 7228 7764 7228 7764
1460606400 7228 7764 7228 7764
1460604600 7228 7764 7228 7764
1460602800 7228 7764 7228 7764
1460601000 7228 7764 7228 7764
1460599200 7228 7764 7228 7764
1460597400 7228 7764 7228 7764
1460595600 7228 7764 7228 7764
1460593800 7228 7764 7228 7764
1460592000 7228 7764 7228 7764
1460590200 7228 7764 7228 7764
1460588400 7228 7764 7228 7764
1460586600 7228 7764 7228 7764
1460584800 7228 7764 7228 7764
1460583000 7228 7764 7228 7764
1460581200 7228 7764 7228 7764
1460579400 7228 7764 7228 7764
1460577600 7228 7764 7228 7764
1460575800 7228 7764 7228 7764
1460574000 7228 7764 7228 7764
1460572200 7228 7764 7228 7764
1460570400 7228 7764 7228 7764
1460568600 7228 7764 7228 7764
1460566800 7228 7764 7228 7764
1460565000 7228 7764 7228 7764
1460563200 7228 7764 7228 7764
1460561400 7228 7764 7228 7764
1460559600 7228 7764 7228 7764
1460557800 7228 7764 7228 7764
1460556000 7228 7764 7228 7764
1460554200 7228 7764 7228 7764
1460552400 7228 7764 7228 7764
1460550600 7228 7764 7228 7764
1460548800 7228 7764 7228 7764
1460547000 7228 7764 7228 7764
1460545200 7228 7764 7228 7764
1460543400 7228 7764 7228 7764
1460541600 7228 7764 7228 7764
1460539800 7228 7764 7228 7764
1460538000 7228 7764 7228 7764
1460536200 7228 7764 7228 7764
1460534400 7228 7764 7228 7764
1460532600 7228 7764 7228 7764
1460530800 7228 7764 7228 7764
1460529000 7228 7764 7228 7764
1460527200 7228 7764 7228 7764
1460525400 7228 7764 7228 7764
1460523600 7228 7764 7228 7764
1460521800 7228 7764 7228 7764
1460520000 7228 7764 7228 7764
1460518200 7228 7764 7228 7764
1460516400 7228 7764 7228 7764
1460514600 7228 7764 7228 7764
1460512800 7228 7764 7228 7764
1460511000 7228 7764 7228 7764
1460509200 7228 7764 7228 7764
1460507400 7228 7764 7228 7764
1460505600 7228 7764 7228 7764
1460503800 7228 7764 7228 7764
1460502000 7228 7764 7228 7764
1460500200 7228 7764 7228 7764
1460498400 7228 7764 7228 7764
1460496600 7228 7764 7228 7764
1460494800 7228 7764 7228 7764
1460493000 7228 7764 7228 7764
1460491200 7228 7764 7228 7764
1460489400 7228 7764 7228 7764
1460487600 7228 7764 7228 7764
1460485800 7228 7764 7228 7764
1460484000 7228 7764 7228 7764
1460482200 7228 7764 7228 7764
1460480400 7228 7764 7228 7764
1460478600 7228 7764 7228 7764
1460476800 7228 7764 7228 7764
1460475000 7228 7764 7228 7764
1460473200 7228 7764 7228 7764
1460471400 7228 7764 7228 7764
1460469600 7228 7764 7228 7764
1460467800 7228 7764 7228 7764
1460466000 7228 7764 7228 7764
1460464200 7228 7764 7228 7764
1460462400 7228 7764 7228 7764
1460460600 7228 7764 7228 7764
1460458800 7228 7764 7228 7764
1460457000 7228 7764 7228 7764
1460455200 7228 7764 7228 7764
1460453400 7228 7764 7228 7764
1460451600 7228 7764 7228 7764
1460449800 7228 7764 7228 7764
1460448000 7228 7764 7228 7764
1460446200 7228 7764 7228 7764
1460444400 7228 7764 7228 7764
1460442600 7228 7764 7228 7764
1460440800 7228 7764 7228 7764
1460439000 7228 7764 7228 7764
1460437200 7228 7764 7228 7764
1460435400 7228 7764 7228 7764
1460433600 7228 7764 7228 7764
1460431800 7228 7764 7228 7764
1460430000 7228 7764 7228 7764
1460428200 7228 7764 7228 7764
1460426400 7228 7764 7228 7764
1460424600 7228 7764 7228 7764
1460422800 7228 7764 7228 7764
1460421000 7228 7764 7228 7764
1460419200 7228 7764 7228 7764
1460417400 7228 7764 7228 7764
1460415600 7228 7764 7228 7764
1460413800 7228 7764 7228 7764
1460412000 7228 7764 7228 7764
1460410200 7228 7764 7228 7764
1460408400 7228 7764 7228 7764
1460406600 7228 7764 7228 7764
1460404800 7228 7764 7228 7764
1460403000 7228 7764 7228 7764
1460401200 7228 7764 7228 7764
1460399400 7228 7764 7228 7764
1460397600 7228 7764 7228 7764
1460395800 7228 7764 7228 7764
1460394000 7228 7764 7228 7764
1460392200 7228 7764 7228 7764
1460390400 7228 7764 7228 7764
1460388600 7228 7764 7228 7764
1460386800 7228 7764 7228 7764
1460385000 7228 7764 7228 7764
1460383200 7228 7764 7228 7764
1460381400 7228 7764 7228 7764
1460379600 7228 7764 7228 7764
1460377800 7228 7764 7228 7764
1460376000 7228 7764 7228 7764
1460374200 7228 7764 7228 7764
1460372400 7228 7764 7228 7764
1460370600 7228 7764 7228 7764
1460368800 7228 7764 7228 7764
1460367000 7228 7764 7228 7764
1460365200 7228 7764 7228 7764
1460363400 7228 7764 7228 7764
1460361600 7228 7764 7228 7764
1460359800 7228 7764 7228 7764
1460358000 7228 7764 7228 7764
1460356200 7228 7764 7228 7764
1460354400 7228 7764 7228 7764
1460352600 7228 7764 7228 7764
1460350800 7228 7764 7228 7764
1460349000 7228 7764 7228 7764
1460347200 7228 7764 7228 7764
1460345400 7228 7764 7228 7764
1460343600 7228 7764 7228 7764
1460341800 7228 7764 7228 7764
1460340000 7228 7764 7228 7764
1460338200 7228 7764 7228 7764
1460336400 7228 7764 7228 7764
1460334600 7228 7764 7228 7764
1460332800 7228 7764 7228 7764
1460331000 7228 7764 7228 7764
1460329200 7228 7764 7228 7764
1460327400 7228 7764 7228 7764
1460325600 7228 7764 7228 7764
1460323800 7228 7764 7228 7764
1460322000 7228 7764 7228 7764
1460320200 7228 7764 7228 7764
1460318400 7228 7764 7228 7764
1460316600 7228 7764 7228 7764
1460314800 7228 7764 7228 7764
1460313000 7228 7764 7228 7764
1460311200 7228 7764 7228 7764
1460309400 7228 7764 7228 7764
1460307600 7228 7764 7228 7764
1460305800 7228 7764 7228 7764
1460304000 7228 7764 7228 7764
1460302200 7228 7764 7228 7764
1460300400 7228 7764 7228 7764
1460298600 7228 7764 7228 7764
1460296800 7228 7764 7228 7764
1460295000 7228 7764 7228 7764
1460293200 7228 7764 7228 7764
1460291400 7228 7764 7228 7764
1460289600 7228 7764 7228 7764
1460287800 7228 7764 7228 7764
1460286000 7228 7764 7228 7764
1460284200 7228 7764 7228 7764
1460282400 7228 7764 7228 7764
1460280600 7228 7764 7228 7764
1460278800 7228 7764 7228 7764
1460277000 7228 7764 7228 7764
1460275200 7228 7764 7228 7764
1460273400 7228 7764 7228 7764
1460271600 7228 7764 7228 7764
1460269800 7228 7764 7228 7764
1460268000 7228 7764 7228 7764
1460266200 7228 7764 7228 7764
1460264400 7228 7764 7228 7764
1460262600 7228 7764 7228 7764
1460260800 7228 7764 7228 7764
1460259000 7228 7764 7228 7764
1460257200 7228 7764 7228 7764
1460255400 7228 7764 7228 7764
1460253600 7228 7764 7228 7764
1460251800 7228 7764 7228 7764
1460250000 7228 7764 7228 7764
1460248200 7228 7764 7228 7764
1460246400 7228 7764 7228 7764
1460244600 7228 7764 7228 7764
1460242800 7228 7764 7228 7764
1460241000 7228 7764 7228 7764
1460239200 7228 7764 7228 7764
1460237400 7228 7764 7228 7764
1460235600 7228 7764 7228 7764
1460233800 7228 7764 7228 7764
1460232000 7228 7764 7228 7764
1460230200 7228 7764 7228 7764
1460228400 7228 7764 7228 7764
1460226600 7228 7764 7228 7764
1460224800 7228 7764 7228 7764
1460223000 7228 7764 7228 7764
1460221200 7228 7764 7228 7764
1460219400 7228 7764 7228 7764
1460217600 7228 7764 7228 7764
1460215800 7228 7764 7228 7764
1460214000 7228 7764 7228 7764
1460212200 7228 7764 7228 7764
1460210400 7228 7764 7228 7764
1460208600 7228 7764 7228 7764
1460206800 7228 7764 7228 7764
1460205000 7228 7764 7228 7764
1460203200 7228 7764 7228 7764
1460201400 7228 7764 7228 7764
1460199600 7228 7764 7228 7764
1460197800 7228 7764 7228 7764
1460196000 7228 7764 7228 7764
1460194200 7228 7764 7228 7764
1460192400 7228 7764 7228 7764
1460190600 7228 7764 7228 7764
1460188800 7228 7764 7228 7764
1460187000 7228 7764 7228 7764
1460185200 7228 7764 7228 7764
1460183400 7228 7764 7228 7764
1460181600 7228 7764 7228 7764
1460179800 7228 7764 7228 7764
1460178000 7228 7764 7228 7764
1460176200 7228 7764 7228 7764
1460174400 7228 7764 7228 7764
1460172600 7228 7764 7228 7764
1460170800 7228 7764 7228 7764
1460169000 7228 7764 7228 7764
1460167200 7228 7764 7228 7764
1460165400 7228 7764 7228 7764
1460163600 7228 7764 7228 7764
1460161800 7228 7764 7228 7764
1460160000 7228 7764 7228 7764
1460158200 7228 7764 7228 7764
1460156400 7228 7764 7228 7764
1460154600 7228 7764 7228 7764
1460152800 7228 7764 7228 7764
1460151000 7228 7764 7228 7764
1460149200 7228 7764 7228 7764
1460147400 7228 7764 7228 7764
1460145600 7228 7764 7228 7764
1460143800 7228 7764 7228 7764
1460142000 7228 7764 7228 7764
1460140200 7228 7764 7228 7764
1460138400 7228 7764 7228 7764
1460136600 7228 7764 7228 7764
1460134800 7228 7764 7228 7764
1460133000 7228 7764 7228 7764
1460131200 7228 7764 7228 7764
1460129400 7228 7764 7228 7764
1460127600 7228 7764 7228 7764
1460125800 7228 7764 7228 7764
1460124000 7228 7764 7228 7764
1460122200 7228 7764 7228 7764
1460120400 7228 7764 7228 7764
1460118600 7228 7764 7228 7764
1460116800 7228 7764 7228 7764
1460115000 7228 7764 7228 7764
1460113200 7228 7764 7228 7764
1460111400 7228 7764 7228 7764
1460109600 7228 7764 7228 7764
1460107800 7228 7764 7228 7764
1460106000 7228 7764 7228 7764
1460104200 7228 7764 7228 7764
1460102400 7228 7764 7228 7764
1460100600 7228 7764 7228 7764
1460098800 7228 7764 7228 7764
1460097000 7228 7764 7228 7764
1460095200 7228 7764 7228 7764
1460093400 7228 7764 7228 7764
1460091600 7228 7764 7228 7764
1460089800 7228 7764 7228 7764
1460088000 7228 7764 7228 7764
1460086200 7228 7764 7228 7764
1460084400 7228 7764 7228 7764
1460082600 7228 7764 7228 7764
1460080800 7228 7764 7228 7764
1460079000 7228 7764 7228 7764
1460077200 7228 7764 7228 7764
1460075400 7228 7764 7228 7764
1460073600 7228 7764 7228 7764
1460071800 7228 7764 7228 7764
1460070000 7228 7764 7228 7764
1460068200 7228 7764 7228 7764
1460066400 7228 7764 7228 7764
1460064600 7228 7764 7228 7764
1460062800 7228 7764 7228 7764
1460061000 7228 7764 7228 7764
1460059200 7228 7764 7228 7764
1460057400 7228 7764 7228 7764
1460055600 7228 7764 7228 7764
1460053800 7228 7764 7228 7764
1460052000 7228 7764 7228 7764
1460050200 7228 7764 7228 7764
1460048400 7228 7764 7228 7764
1460046600 7228 7764 7228 7764
1460044800 7228 7764 7228 7764
1460043000 7228 7764 7228 7764
1460041200 7228 7764 7228 7764
1460039400 7228 7764 7228 7764
1460037600 7228 7764 7228 7764
1460035800 7228 7764 7228 7764
1460034000 7228 7764 7228 7764
1460032200 7228 7764 7228 7764
1460030400 7228 7764 7228 7764
1460028600 7228 7764 7228 7764
1460026800 7228 7764 7228 7764
1460025000 7228 7764 7228 7764
1460023200 7228 7764 7228 7764
1460021400 7228 7764 7228 7764
1460019600 7228 7764 7228 7764
1460017800 7228 7764 7228 7764
1460016000 7228 7764 7228 7764
1460014200 7228 7764 7228 7764
1460012400 7228 7764 7228 7764
1460010600 7228 7764 7228 7764
1460008800 7228 7764 7228 7764
1460007000 7228 7764 7228 7764
1460005200 7228 7764 7228 7764
1460003400 7228 7764 7228 7764
1460001600 7228 7764 7228 7764
1459999800 7228 7764 7228 7764
1459998000 7228 7764 7228 7764
1459996200 7228 7764 7228 7764
1459994400 7228 7764 7228 7764
1459992600 7228 7764 7228 7764
1459990800 7228 7764 7228 7764
1459989000 7228 7764 7228 7764
1459987200 7228 7764 7228 7764
1459985400 7228 7764 7228 7764
1459983600 7228 7764 7228 7764
1459981800 7228 7764 7228 7764
1459980000 7228 7764 7228 7764
1459978200 7228 7764 7228 7764
1459976400 7228 7764 7228 7764
1459974600 7228 7764 7228 7764
1459972800 7228 7764 7228 7764
1459971000 7228 7764 7228 7764
1459969200 7228 7764 7228 7764
1459967400 7228 7764 7228 7764
1459965600 7228 7764 7228 7764
1459963800 7228 7764 7228 7764
1459962000 7228 7764 7228 7764
1459960200 7228 7764 7228 7764
1459958400 7228 7764 7228 7764
1459956600 7228 7764 7228 7764
1459954800 7228 7764 7228 7764
1459953000 7228 7764 7228 7764
1459951200 7228 7764 7228 7764
1459949400 7228 7764 7228 7764
1459947600 7228 7764 7228 7764
1459945800 7228 7764 7228 7764
1459944000 7228 7764 7228 7764
1459942200 7228 7764 7228 7764
1459940400 7228 7764 7228 7764
1459938600 7228 7764 7228 7764
1459936800 7228 7764 7228 7764
1459935000 7228 7764 7228 7764
1459933200 7228 7764 7228 7764
1459931400 7228 7764 7228 7764
1459929600 7228 7764 7228 7764
1459927800 7228 7764 7228 7764
1459926000 7228 7764 7228 7764
1459924200 7228 7764 7228 7764
1459922400 7228 7764 7228 7764
1459920600 7228 7764 7228 7764
1459918800 7228 7764 7228 7764
1459915200 7228 7764 7228 7764
1459908000 7228 7764 7228 7764
1459900800 7228 7764 7228 7764
1459893600 7228 7764 7228 7764
1459886400 7228 7764 7228 7764
1459879200 7228 7764 7228 7764
1459872000 7228 7764 7228 7764
1459864800 7228 7764 7228 7764
1459857600 7228 7764 7228 7764
1459850400 7228 7764 7228 7764
1459843200 7228 7764 7228 7764
1459836000 7228 7764 7228 7764
1459828800 7228 7764 7228 7764
1459821600 7228 7764 7228 7764
1459814400 7228 7764 7228 7764
1459807200 7228 7764 7228 7764
1459800000 7228 7764 7228 7764
1459792800 7228 7764 7228 7764
1459785600 7228 7764 7228 7764
1459778400 7228 7764 7228 7764
1459771200 7228 7764 7228 7764
1459764000 7228 7764 7228 7764
1459756800 7228 7764 7228 7764
1459749600 7228 7764 7228 7764
1459742400 7228 7764 7228 7764
1459735200 7228 7764 7228 7764
1459728000 7228 7764 7228 7764
1459720800 7228 7764 7228 7764
1459713600 7228 7764 7228 7764
1459706400 7228 7764 7228 7764
1459699200 7228 7764 7228 7764
1459692000 7228 7764 7228 7764
1459684800 7228 7764 7228 7764
1459677600 7228 7764 7228 7764
1459670400 7228 7764 7228 7764
1459663200 7228 7764 7228 7764
1459656000 7228 7764 7228 7764
1459648800 7228 7764 7228 7764
1459641600 7228 7764 7228 7764
1459634400 7228 7764 7228 7764
1459627200 7228 7764 7228 7764
1459620000 7228 7764 7228 7764
1459612800 7228 7764 7228 7764
1459605600 7228 7764 7228 7764
1459598400 7228 7764 7228 7764
1459591200 7228 7764 7228 7764
1459584000 7228 7764 7228 7764
1459576800 7228 7764 7228 7764
1459569600 7228 7764 7228 7764
1459562400 7228 7764 7228 7764
1459555200 7228 7764 7228 7764
1459548000 7228 7764 7228 7764
1459540800 7228 7764 7228 7764
1459533600 7228 7764 7228 7764
1459526400 7228 7764 7228 7764
1459519200 7228 7764 7228 7764
1459512000 7228 7764 7228 7764
1459504800 7228 7764 7228 7764
1459497600 7228 7764 7228 7764
1459490400 7228 7764 7228 7764
1459483200 7228 7764 7228 7764
1459476000 7228 7764 7228 7764
1459468800 7228 7764 7228 7764
1459461600 7228 7764 7228 7764
1459454400 7228 7764 7228 7764
1459447200 7228 7764 7228 7764
1459440000 7228 7764 7228 7764
1459432800 7228 7764 7228 7764
1459425600 7228 7764 7228 7764
1459418400 7228 7764 7228 7764
1459411200 7228 7764 7228 7764
1459404000 7228 7764 7228 7764
1459396800 7228 7764 7228 7764
1459389600 7228 7764 7228 7764
1459382400 7228 7764 7228 7764
1459375200 7228 7764 7228 7764
1459368000 7228 7764 7228 7764
1459360800 7228 7764 7228 7764
1459353600 7228 7764 7228 7764
1459346400 7228 7764 7228 7764
1459339200 7228 7764 7228 7764
1459332000 7228 7764 7228 7764
1459324800 7228 7764 7228 7764
1459317600 7228 7764 7228 7764
1459310400 7228 7764 7228 7764
1459303200 7228 7764 7228 7764
1459296000 7228 7764 7228 7764
1459288800 7228 7764 7228 7764
1459281600 7228 7764 7228 7764
1459274400 7228 7764 7228 7764
1459267200 7228 7764 7228 7764
1459260000 7228 7764 7228 7764
1459252800 7228 7764 7228 7764
1459245600 7228 7764 7228 7764
1459238400 7228 7764 7228 7764
1459231200 7228 7764 7228 7764
1459224000 7228 7764 7228 7764
1459216800 7228 7764 7228 7764
1459209600 7228 7764 7228 7764
1459202400 7228 7764 7228 7764
1459195200 7228 7764 7228 7764
1459188000 7228 7764 7228 7764
1459180800 7228 7764 7228 7764
1459173600 7228 7764 7228 7764
1459166400 7228 7764 7228 7764
1459159200 7228 7764 7228 7764
1459152000 7228 7764 7228 7764
1459144800 7228 7764 7228 7764
1459137600 7228 7764 7228 7764
1459130400 7228 7764 7228 7764
1459123200 7228 7764 7228 7764
1459116000 7228 7764 7228 7764
1459108800 7228 7764 7228 7764
1459101600 7228 7764 7228 7764
1459094400 7228 7764 7228 7764
1459087200 7228 7764 7228 7764
1459080000 7228 7764 7228 7764
1459072800 7228 7764 7228 7764
1459065600 7228 7764 7228 7764
1459058400 7228 7764 7228 7764
1459051200 7228 7764 7228 7764
1459044000 7228 7764 7228 7764
1459036800 7228 7764 7228 7764
1459029600 7228 7764 7228 7764
1459022400 7228 7764 7228 7764
1459015200 7228 7764 7228 7764
1459008000 7228 7764 7228 7764
1459000800 7228 7764 7228 7764
1458993600 7228 7764 7228 7764
1458986400 7228 7764 7228 7764
1458979200 7228 7764 7228 7764
1458972000 7228 7764 7228 7764
1458964800 7228 7764 7228 7764
1458957600 7228 7764 7228 7764
1458950400 7228 7764 7228 7764
1458943200 7228 7764 7228 7764
1458936000 7228 7764 7228 7764
1458928800 7228 7764 7228 7764
1458921600 7228 7764 7228 7764
1458914400 7228 7764 7228 7764
1458907200 7228 7764 7228 7764
1458900000 7228 7764 7228 7764
1458892800 7228 7764 7228 7764
1458885600 7228 7764 7228 7764
1458878400 7228 7764 7228 7764
1458871200 7228 7764 7228 7764
1458864000 7228 7764 7228 7764
1458856800 7228 7764 7228 7764
1458849600 7228 7764 7228 7764
1458842400 7228 7764 7228 7764
1458835200 7228 7764 7228 7764
1458828000 7228 7764 7228 7764
1458820800 7228 7764 7228 7764
1458813600 7228 7764 7228 7764
1458806400 7228 7764 7228 7764
1458799200 7228 7764 7228 7764
1458792000 7228 7764 7228 7764
1458784800 7228 7764 7228 7764
1458777600 7228 7764 7228 7764
1458770400 7228 7764 7228 7764
1458763200 7228 7764 7228 7764
1458756000 7228 7764 7228 7764
1458748800 7228 7764 7228 7764
1458741600 7228 7764 7228 7764
1458734400 7228 7764 7228 7764
1458727200 7228 7764 7228 7764
1458720000 7228 7764 7228 7764
1458712800 7228 7764 7228 7764
1458705600 7228 7764 7228 7764
1458698400 7228 7764 7228 7764
1458691200 7228 7764 7228 7764
1458684000 7228 7764 7228 7764
1458676800 7228 7764 7228 7764
1458669600 7228 7764 7228 7764
1458662400 7228 7764 7228 7764
1458655200 7228 7764 7228 7764
1458648000 7228 7764 7228 7764
1458640800 7228 7764 7228 7764
1458633600 7228 7764 7228 7764
1458626400 7228 7764 7228 7764
1458619200 7228 7764 7228 7764
1458612000 7228 7764 7228 7764
1458604800 7228 7764 7228 7764
1458597600 7228 7764 7228 7764
1458590400 7228 7764 7228 7764
1458583200 7228 7764 7228 7764
1458576000 7228 7764 7228 7764
1458568800 7228 7764 7228 7764
1458561600 7228 7764 7228 7764
1458554400 7228 7764 7228 7764
1458547200 7228 7764 7228 7764
1458540000 7228 7764 7228 7764
1458532800 7228 7764 7228 7764
1458525600 7228 7764 7228 7764
1458518400 7228 7764 7228 7764
1458511200 7228 7764 7228 7764
1458504000 7228 7764 7228 7764
1458496800 7228 7764 7228 7764
1458489600 7228 7764 7228 7764
1458482400 7228 7764 7228 7764
1458475200 7228 7764 7228 7764
1458468000 7228 7764 7228 7764
1458460800 7228 7764 7228 7764
1458453600 7228 7764 7228 7764
1458446400 7228 7764 7228 7764
1458439200 7228 7764 7228 7764
1458432000 7228 7764 7228 7764
1458424800 7228 7764 7228 7764
1458417600 7228 7764 7228 7764
1458410400 7228 7764 7228 7764
1458403200 7228 7764 7228 7764
1458396000 7228 7764 7228 7764
1458388800 7228 7764 7228 7764
1458381600 7228 7764 7228 7764
1458374400 7228 7764 7228 7764
1458367200 7228 7764 7228 7764
1458360000 7228 7764 7228 7764
1458352800 7228 7764 7228 7764
1458345600 7228 7764 7228 7764
1458338400 7228 7764 7228 7764
1458331200 7228 7764 7228 7764
1458324000 7228 7764 7228 7764
1458316800 7228 7764 7228 7764
1458309600 7228 7764 7228 7764
1458302400 7228 7764 7228 7764
1458295200 7228 7764 7228 7764
1458288000 7228 7764 7228 7764
1458280800 7228 7764 7228 7764
1458273600 7228 7764 7228 7764
1458266400 7228 7764 7228 7764
1458259200 7228 7764 7228 7764
1458252000 7228 7764 7228 7764
1458244800 7228 7764 7228 7764
1458237600 7228 7764 7228 7764
1458230400 7228 7764 7228 7764
1458223200 7228 7764 7228 7764
1458216000 7228 7764 7228 7764
1458208800 7228 7764 7228 7764
1458201600 7228 7764 7228 7764
1458194400 7228 7764 7228 7764
1458187200 7228 7764 7228 7764
1458180000 7228 7764 7228 7764
1458172800 7228 7764 7228 7764
1458165600 7228 7764 7228 7764
1458158400 7228 7764 7228 7764
1458151200 7228 7764 7228 7764
1458144000 7228 7764 7228 7764
1458136800 7228 7764 7228 7764
1458129600 7228 7764 7228 7764
1458122400 7228 7764 7228 7764
1458115200 7228 7764 7228 7764
1458108000 7228 7764 7228 7764
1458100800 7228 7764 7228 7764
1458093600 7228 7764 7228 7764
1458086400 7228 7764 7228 7764
1458079200 7228 7764 7228 7764
1458072000 7228 7764 7228 7764
1458064800 7228 7764 7228 7764
1458057600 7228 7764 7228 7764
1458050400 7228 7764 7228 7764
1458043200 7228 7764 7228 7764
1458036000 7228 7764 7228 7764
1458028800 7228 7764 7228 7764
1458021600 7228 7764 7228 7764
1458014400 7228 7764 7228 7764
1458007200 7228 7764 7228 7764
1458000000 7228 7764 7228 7764
1457992800 7228 7764 7228 7764
1457985600 7228 7764 7228 7764
1457978400 7228 7764 7228 7764
1457971200 7228 7764 7228 7764
1457964000 7228 7764 7228 7764
1457956800 7228 7764 7228 7764
1457949600 7228 7764 7228 7764
1457942400 7228 7764 7228 7764
1457935200 7228 7764 7228 7764
1457928000 7228 7764 7228 7764
1457920800 6560 5305 14582 13159
1457913600 6167 11653 12934 186001
1457906400 54634 5255 590348 18552
1457899200 6055 3893 8015 6782
1457892000 6453 10173 14107 108440
1457884800 30888 7275 559236 71966
1457877600 34439 21512 507847 61495
1457870400 5478 3912 17340 16681
1457863200 29597 19603 538679 355147
1457856000 53160 21822 559730 310637
1457848800 5098 3131 8556 4797
1457841600 37779 13026 691279 189618
1457834400 5365 6177 8712 72219
1457827200 5223 3328 6645 4283
1457820000 6192 5873 19343 39671
1457812800 8769 5179 52426 47726
1457805600 7305 4565 23476 10788
1457798400 11538 19691 109561 283077
1457791200 29942 4959 422363 21588
1457784000 26878 3916 508466 14778
1457776800 30860 13962 557409 225566
1457769600 28676 21046 509837 188017
1457762400 6157 6387 19513 38852
1457755200 43198 21681 617007 311823
1457748000 75864 1615961 255335 5391562
1457740800 44521 10278 538876 60793
1457733600 364037 88348 1163527 400595
1457726400 454962 98532 957158 339095
1457719200 661120 211894 2362200 409362
1457712000 429029 237055 782774 1608711
1457704800 159782 141366 655673 1085347
1457697600 15767 47011 84402 818128
1457690400 37389 17427 624416 281445
1457683200 32182 12570 547608 110423
1457676000 35422 52357 217816 448937
1457668800 60897 30416 447995 201925
1457661600 54410 110569 236112 1674394
1457654400 63081 22549 418182 148536
1457647200 472840 128688 1056826 228158
1457640000 522870 121491 2101033 384193
1457632800 441799 264214 806769 1849993
1457625600 511147 272585 1273123 1463139
1457618400 134122 85599 465744 614533
1457611200 19788 37022 82266 610379
1457604000 9485 11332 36787 164890
1457596800 15273 13345 198624 129301
1457589600 107499 31683 632209 436954
1457582400 51731 18231 450838 193048
1457575200 46190 72842 595951 1043373
1457568000 105922 14575 634322 53326
1457560800 356618 87996 703171 360526
1457553600 814167 89019 5104413 360526
1457546400 880566 151010 3837571 573927
1457539200 1014729 319543 3768405 2334899
1457532000 785588 89431 8134846 473657
1457524800 108091 14679 814913 161205
1457517600 33490 23743 214460 265801
1457510400 150941 19889 1191313 138394
1457503200 53489 45082 611542 479551
1457496000 85790 60658 670808 313054
1457488800 60268 16961 556388 76446
1457481600 60650 12299 217988 43295
1457474400 446852 99268 1060922 265916
1457467200 324364 74934 604497 147129
1457460000 392926 120697 805516 474976
1457452800 330394 179307 842250 1124044
1457445600 104653 79494 326848 642403
1457438400 13757 14424 40522 146405
1457431200 23489 27236 150166 266844
1457424000 39085 11882 383026 110841
1457416800 17124 31250 137659 452077
1457409600 66162 38967 772033 359892
1457402400 52389 11832 495724 78345
1457395200 73202 13982 517980 41192
1457388000 296111 70021 918536 132160
1457380800 405092 66495 665381 133038
1457373600 310863 114148 781400 2488317
1457366400 493074 362188 909113 2488317
1457359200 108768 75255 343460 641733
1457352000 40437 49603 564171 514626
1457344800 35286 9011 563718 226834
1457337600 8195 14947 15778 226834
1457330400 10585 7060 39223 34085
1457323200 42341 27635 568420 307074
1457316000 14021 16058 32699 186298
1457308800 35665 15771 545724 186298
1457301600 30176 24510 389287 244398
1457294400 9211 5133 36591 29304
1457287200 10363 10262 32148 61385
1457280000 8495 7041 14393 72907
1457272800 8241 7731 16007 72907
1457265600 8166 9970 20720 142816
1457258400 8879 4515 36257 226898
1457251200 8459 29965 15337 330822
1457244000 7816 4192 13142 6123
1457236800 41617 13464 556369 197203
1457229600 8804 12903 15281 132592
1457222400 11790 5066 18525 21804
1457215200 12719 6790 71750 29537
1457208000 7644 4482 16862 6404
1457200800 9633 9586 27141 74407
1457193600 57670 12311 566289 47020
1457186400 8546 5149 16978 13827
1457179200 7698 9736 12448 132203
1457172000 7865 4509 19291 226803
1457164800 39852 22440 300527 226803
1457157600 9001 9167 21657 121095
1457150400 64563 20413 805916 306318
1457143200 34006 64109 271289 431290
1457136000 30963 23560 200778 268892
1457128800 233271 161363 530650 2444506
1457121600 449755 118901 1004240 426800
1457114400 479583 837260 913216 10482907
1457107200 359452 191598 706844 1533375
1457100000 138106 104074 596173 773833
1457092800 36373 41237 515888 826884
1457085600 43420 7616 618526 270345
1457078400 47492 17744 550254 270345
1457071200 22086 121345 113994 2355108
1457064000 78623 29095 592316 286052
1457056800 46576 685598 271964 6738210
1457049600 46554 21454 204881 137827
1457042400 366274 99255 982621 213368
1457035200 1385602 128021 6402874 269319
1457028000 641702 155809 3465780 508867
1457020800 421770 176611 933486 813433
1457013600 150068 114150 562641 644419
1457006400 24352 54910 128318 890657
1456999200 9435 5129 20483 352020
1456992000 57948 26353 567344 352020
1456984800 9641 4671 24833 6945
1456977600 47167 22712 533520 285229
1456970400 17483 13484 140592 241647
1456963200 20509 21958 142642 241647
1456956000 250460 60492 742311 104798
1456948800 256801 81909 637133 307370
1456941600 236119 64888 543461 101331
1456934400 263576 186679 519791 925143
1456927200 62885 21909 229199 55678
1456920000 8541 39011 47780 814372
1456912800 11194 8184 90585 351108
1456905600 31811 19878 239705 351108
1456898400 23414 4183 415893 14612
1456891200 41598 6509 543262 70624
1456884000 54937 21189 561450 298556
1456876800 65050 36356 320662 217327
1456869600 459684 4627942 939311 12319466
1456862400 546146 91090 1013686 175581
1456855200 370290 174819 584808 563745
1456848000 568232 1307312 1152102 6683672
1456840800 154387 157826 1032930 796297
1456833600 26567 46250 323956 817873
1456826400 48990 6826 528208 352465
1456819200 33823 23884 549005 352465
1456812000 31418 24331 511945 432543
1456804800 49647 28308 606261 202106
1456797600 12891 22372 69698 331986
1456790400 169052 25694 600847 175838
1456783200 505962 575888 1222789 7560167
1456776000 569971 1094403 1528045 7575637
1456768800 428849 84090 877820 234954
1456761600 411008 375776 1265532 4452756
1456754400 241173 95978 1130375 480338
1456747200 21150 10536 312642 140280
1456740000 42791 6298 524893 239106
1456732800 27461 13143 524893 239106
1456725600 6954 4220 14883 21596
1456718400 7942 15307 16173 201680
1456711200 8061 8117 18034 97598
1456704000 6473 7805 10156 97598
1456696800 52879 6430 577527 31829
1456689600 6492 4366 11143 10233
1456682400 8494 10463 29721 53096
1456675200 12766 12269 63188 82210
1456668000 13213 16382 28973 82210
1456660800 30812 12187 552519 139069
1456653600 6710 4117 18051 227383
1456646400 27871 13214 521580 227383
1456639200 6926 3787 17987 13418
1456632000 8378 13824 17593 201332
1456624800 8708 16443 14690 187539
1456617600 8918 13981 17440 187539
1456610400 6878 4390 11277 14139
1456603200 30173 4841 577136 20820
1456596000 6903 5793 10074 37759
1456588800 9164 10270 56675 73352
1456581600 15835 5072 118664 12150
1456574400 37626 15445 575761 129684
1456567200 8710 5137 39742 227328
1456560000 8260 22487 125948 227328
1456552800 7547 4072 22929 5800
1456545600 8524 7164 22967 70547
1456538400 59181 34711 556652 405017
1456531200 23147 24008 161281 405017
1456524000 358188 153703 1061613 701307
1456516800 464005 81967 1900297 141527
1456509600 825144 112745 1518734 292609
1456502400 336008 384524 818767 3925731
1456495200 222854 101976 775176 864523
1456488000 242167 22353 2373387 1053218
1456480800 29361 51145 65653 1053218
1456473600 52389 18984 609655 229363
1456466400 31631 105189 99693 1920133
1456459200 34763 40945 92680 486465
1456452000 39211 125368 97172 1733811
1456444800 113485 37833 518246 341608
1456437600 357944 55187 1552591 121980
1456430400 198602 82957 856010 591281
1456423200 341453 111320 815278 344721
1456416000 788656 693581 4564904 3579737
1456408800 178918 145224 837829 1118191
1456401600 114606 51120 517210 822011
1456394400 43139 8045 524326 266929
1456387200 13867 35956 48649 266929
1456380000 15866 106582 85405 1916848
1456372800 16021 38174 35964 476116
1456365600 41262 49169 501050 366755
1456358400 227061 43695 645347 274977
1456351200 333418 1471453 544849 2457743
1456344000 984562 2608807 1893452 4753049
1456336800 802314 742898 1422240 2540657
1456329600 799079 232504 2694359 1300452
1456322400 249356 173263 1187987 1460579
1456315200 57095 11850 492520 138968
1456308000 42541 7318 553329 265587
1456300800 41662 24522 522755 265587
1456293600 59372 423947 522755 1399040
1456286400 53413 44344 353229 614508
1456279200 20673 90907 81249 1635976
1456272000 234206 43542 1256072 271417
1456264800 553699 117675 1762357 236540
1456257600 657093 88485 3082599 159830
1456250400 630583 156474 3560644 587784
1456243200 678758 346145 3560644 1655810
1456236000 422612 173770 1415526 1179483
1456228800 100146 6664 881123 25135
1456221600 113874 9338 561369 265608
1456214400 32774 19890 566041 265608
1456207200 21299 32369 108736 471769
1456200000 39486 53205 243790 240690
1456192800 50273 796410 280608 6931319
1456185600 189263 23169 779795 111593
1456178400 353344 73275 777104 184656
1456171200 780635 92906 1811538 147554
1456164000 595582 149707 2562552 389152
1456156800 1061174 473394 3448969 3939874
1456149600 219104 230378 678881 1159499
1456142400 29343 5690 435442 27680
1456135200 31546 6157 555950 227329
1456128000 29482 19496 571107 227329
1456120800 32875 4591 571107 18847
1456113600 43963 15479 537320 203046
1456106400 18329 6972 279260 89897
1456099200 29544 9331 547044 89897
1456092000 7276 5203 39292 35503
1456084800 10458 18357 40869 80220
1456077600 14139 30427 35424 132679
1456070400 14115 38610 39487 181628
1456063200 10920 27393 39487 113357
1456056000 46543 5201 493527 15629
1456048800 29157 4911 560066 265802
1456041600 32722 15770 434953 265802
1456034400 7960 9669 130577 51752
1456027200 32084 17230 478638 202386
1456020000 6242 7081 9193 71756
1456012800 6132 5227 15896 29895
1456005600 6976 7059 14286 40495
1455998400 6243 5176 11248 13500
1455991200 17365 9278 204057 62206
1455984000 50554 6648 576397 21904
1455976800 54561 8258 402578 40288
1455969600 6933 6118 20490 40142
1455962400 28717 5950 531613 267147
1455955200 9151 30731 171120 267147
1455948000 14963 6972 171120 43406
1455940800 35584 5734 472754 70731
1455933600 13045 35246 46972 326387
1455926400 67796 29679 598430 326387
1455919200 276902 88238 717104 357968
1455912000 465810 141929 1440415 321710
1455904800 485666 128801 844739 323099
1455897600 616536 453228 2021134 3455196
1455890400 153630 216348 519518 1903453
1455883200 92432 52929 641407 1071114
1455876000 37335 49608 605089 1071114
1455868800 42831 23655 485260 267161
1455861600 23577 65874 90031 444294
1455854400 63839 19612 613530 203361
1455847200 18221 34566 58757 1298437
1455840000 93366 74158 378957 1298437
1455832800 432360 83749 831337 152056
1455825600 548736 147621 1635062 456777
1455818400 460008 187679 969029 392890
1455811200 306617 304334 637398 1582958
1455804000 179793 244694 1470011 1940519
1455796800 39861 48303 572509 818527
1455789600 30526 10274 273004 268015
1455782400 38809 52753 589015 513471
1455775200 60317 45607 589015 443905
1455768000 30689 66241 179547 819882
1455760800 22421 47722 64704 422965
1455753600 81749 29196 700554 247200
1455746400 263257 78021 700554 144832
1455739200 317857 79573 1583670 133256
1455732000 313524 97307 667067 304565
1455724800 382170 345475 1130715 2117387
1455717600 203818 152620 585222 1137316
1455710400 23240 42178 211521 814954
1455703200 57180 6502 562611 228527
1455696000 34688 13791 499219 228527
1455688800 23458 90570 87778 709554
1455681600 67033 47005 709881 291880
1455674400 68539 31302 809503 320960
1455667200 261157 53973 1102937 230975
1455660000 391648 82510 810421 165484
1455652800 400491 211676 986610 1411159
1455645600 457616 262510 1247773 3903410
1455638400 574228 368827 1745042 3113624
1455631200 217299 74712 1299188 394860
1455624000 12678 45174 632401 818340
1455616800 144183 9868 1352491 78584
1455609600 29357 3340 282164 12587
1455602400 43594 4317 390787 14170
1455595200 16581 12012 307649 201797
1455580800 26012 13371 577746 1558843
1455494400 23038 72204 567463 7116852
1455408000 107803 71541 3178325 3770211
1455321600 255930 81828 4189405 3027576
1455235200 197965 98133 2601797 1735279
1455148800 358689 88470 7450652 2361721
1455062400 176765 72014 927984 2439601
1454976000 167198 67321 1607890 823501
1454889600 13082 9245 560051 300301
1454803200 29600 14034 715970 1066034
1454716800 152875 142585 1867052 8673567
1454630400 168747 554273 1477849 11027918
1454544000 191331 906879 1599589 11090015
1454457600 330532 3313999 2892668 7011389
1454371200 416457 6165169 1898831 11547264
1454284800 38620 387322 591890 6714965
1454198400 23535 12039 583282 349045
1454112000 227721 2126280 2865846 11659159
1454025600 190853 73017 1377605 1536399
1453939200 141015 85409 1122745 2103450
1453852800 176492 195213 1794653 7963872
1453766400 205045 93541 4002718 3488246
1453680000 31439 24931 571366 1093403
1453593600 90437 22006 1399129 1001556
1453507200 141447 88744 1270136 2461072
1453420800 288748 615623 1911288 8588627
1453334400 447182 2234185 7923118 11613607
1453248000 175455 549727 983876 10219103
1453161600 184384 58549 2680245 672844
1453075200 59011 12847 5825389 249951
1452988800 23467 13371 626943 413831
1452902400 270940 72324 2809741 706443
1452816000 181622 144065 1472634 5109181
1452729600 330759 83086 4512544 1201814
1452643200 214630 332523 1384956 7754791
1452556800 231826 97449 2560299 3433029
1452470400 28297 8973 604232 88892
1452384000 32687 17017 646726 833391
1452297600 235188 319527 2322183 2687414
1452211200 171214 115629 1978809 1581217
1452124800 355779 111886 9271421 1530937
1452038400 178973 121543 1563304 3698885
1451952000 246525 75120 5171049 2965377
1451865600 28638 58558 583109 4671180
1451779200 24144 24124 549583 1290176
1451692800 24913 23142 590375 1287996
1451606400 71620 65171 769929 1363286
1451520000 128605 71294 2417166 1318680
1451433600 114861 79144 810355 1430659
1451347200 41831 26042 585116 1124957
1451260800 32751 15721 584956 712675
1451174400 26334 23379 717806 1362176
1451088000 17269 23475 542748 1128297
1451001600 51650 114316 591882 1927733
1450915200 136537 197313 2641506 2585032
1450828800 169971 126029 1140209 5134128
1450742400 250935 99547 2909134 1672418
1450656000 23248 17623 559229 685999
1450569600 19690 30049 632521 1339351
1450483200 173419 104339 1320878 1586470
1450396800 164408 98214 1651241 1382373
1450310400 187940 88889 1454373 1288989
1450224000 230156 117743 3007465 1502170
1450137600 244092 110081 3104483 2215483
1450051200 33613 22464 570544 1148855
1449964800 22044 29466 591361 1179397
1449878400 182577 114634 2870976 1375692
1449792000 159869 185574 1751174 2622616
1449705600 291344 100596 4480970 1946779
1449619200 159524 123881 1655524 2478551
1449532800 153670 133555 1212765 2384276
1449446400 15903 18167 561053 1198376
1449360000 32257 26504 601695 1230819
1449273600 181103 83455 1490584 1199925
1449187200 231530 89836 2235290 2355713
1449100800 268129 151909 1650612 2744554
1449014400 226849 88675 2359918 1349383
1448928000 207470 74417 1861752 2292901
1448841600 36255 35731 513501 1311965
1448755200 41406 48869 861288 1381359
1448668800 178308 99650 1428763 1762970
1448582400 182514 300748 1011771 3739455
1448496000 244142 165867 5555366 1377737
1448409600 223457 459508 1869253 2758311
1448323200 178215 109972 2570598 1324488
1448236800 26368 20545 386510 1408044
1448150400 25742 22912 428580 1292047
1448064000 190125 85223 1275582 1255182
1447977600 152535 87872 1300453 2142596
1447891200 181367 84562 2268430 1382296
1447804800 163246 84667 1701774 1315857
1447718400 169016 84057 1070008 2698585
1447632000 23339 30649 400734 1101214
1447545600 26696 28986 387728 1274159
1447459200 153178 88766 1106766 1679318
1447372800 217891 113178 2138699 1968063
1447286400 322463 397184 2380371 2854382
1447200000 407166 563573 4507476 2718067
1447113600 216292 64916 2484716 1235949
1447027200 32871 19833 399771 1295321
1446940800 29093 25692 397637 1329484
1446854400 180628 142404 1246652 2062966
1446768000 174285 97775 1238430 1494696
1446681600 199461 124667 3945223 2734831
1446595200 181949 163403 1353615 3456044
1446508800 192043 108554 3445325 4012629
1446422400 21027 22215 390542 1191295
1446336000 24159 23671 380746 1364275
1446249600 233205 99308 1310008 1467446
1446163200 189734 202511 1555672 2707582
1446076800 271118 114677 3389405 1845076
1445990400 151258 126485 923287 2593379
1445904000 180472 50941 1567529 1190282
1445817600 18364 20426 363312 1234042
1445731200 20210 29192 381669 1322980
1445644800 153117 72921 1257949 1287453
1445558400 210454 166761 1549152 2725794
1445472000 229244 116371 2675253 2818705
1445385600 172250 83410 1517723 1291049
1445299200 165339 70976 1402236 1091585
1445212800 21291 20822 383876 1089287
1445126400 21205 27185 376960 1322503
1445040000 180490 86174 3337737 2288952
1444953600 249458 134917 3080875 2957345
1444867200 333918 99397 4699214 2268222
1444780800 237583 90999 2156822 1430342
1444694400 26556 28361 392065 1310561
1444608000 27483 26357 379993 1317025
1444521600 27784 24645 405389 1329333
1444435200 130640 93895 897036 1296840
1444348800 130469 88363 1967161 1935844
1444262400 147101 87666 1829038 2275073
1444176000 151431 73807 1207176 1779573
1444089600 140041 91443 1181395 1284263
1444003200 28951 27733 385059 1213209
1443916800 25524 31204 382940 1242526
1443830400 139276 296712 1873253 2589947
1443744000 186705 839957 1985650 2678681
1443657600 191769 157155 3071036 1558925
1443571200 148396 127756 2051032 1703729
1443484800 140686 195690 1440239 2617525
1443398400 30311 30541 403246 1350955
1443312000 26197 35257 411694 1351934
1443225600 236809 107259 3413791 2540308
1443139200 181136 100086 777820 1490619
1443052800 230482 134244 2936436 1384117
1442966400 201930 169315 1488632 2042060
1442880000 233650 83604 2501227 1160598
1442793600 20451 31716 412714 1275355
1442707200 42501 38939 931152 1292936
1442620800 309952 111353 2882949 1406986
1442534400 164048 228618 1070410 2339697
1442448000 245939 138829 3018237 1520983
1442361600 160628 77873 1631531 1696480
1442275200 160666 71954 1641237 1484342
1442188800 30029 24517 878021 918153
1442102400 71906 53371 5990230 2097807
1442016000 147862 87879 2900475 629536
1441929600 184229 258965 2143251 2444609
1441843200 272155 135131 2964376 1418727
1441756800 185614 76858 2681584 1285300
1441670400 30546 23523 436885 1227413
1441584000 27037 24422 461416 1097448
1441497600 31341 24804 1259181 1134990
1441411200 154372 107460 1805554 2674035
1441324800 204875 139299 1363692 5204549
1441238400 215745 126150 2024497 1715782
1441152000 237782 88275 3605002 1758941
1441065600 224358 121038 2233171 2412814
1440979200 29937 26797 487931 1222319
1440892800 31040 30113 408446 1234372
1440806400 107643 85396 873017 1770312
1440720000 162095 90192 1270891 1682419
1440633600 168241 94242 1128024 1589478
1440547200 175921 106410 1141997 1335561
1440460800 231692 107167 2114283 1407750
1440374400 38429 26438 494558 1321999
1440288000 29344 32010 433228 1241503
1440201600 158121 100111 1781866 1461480
1440115200 185493 267631 1333420 2588733
1440028800 219675 159770 1129705 1526180
1439942400 178733 112284 1528619 1672697
1439856000 159970 92329 2697848 2137841
1439769600 27697 24180 418215 1309598
1439683200 33268 65221 416103 1565248
1439596800 125533 151563 736315 2865529
1439510400 183021 107847 1746727 2376607
1439424000 399799 115842 5253338 2078191
1439337600 171587 107494 1922180 3253882
1439251200 153472 86327 944164 2434093
1439164800 23740 23925 386326 1332211
1439078400 33264 27966 427376 1366471
1438992000 136667 98419 1142309 1922581
1438905600 225957 113437 991261 2232761
1438819200 206417 118157 1236072 1437296
1438732800 221654 83655 3130486 1332500
1438646400 30193 25797 346914 1224795
1438560000 27886 25018 324780 1232857
1438473600 33207 31105 387441 1249355
1438387200 123905 131915 810533 2394107
1438300800 196995 171730 1607548 1399929
1438214400 225959 155289 1846928 1700841
1438128000 201659 161987 1531423 2676316
1438041600 219645 91320 1990908 1540651
1437955200 7022 17775 684248 1306876
1437868800 25913 17677 2704887 1223914
1437782400 113776 86800 727422 1337354
1437696000 294888 277355 4732996 2466424
1437609600 292324 156769 3235511 2295274
1437523200 158931 104560 1142305 1335689
1437436800 115374 64396 1352133 1337857
1437350400 5562 16473 125665 1188896
1437264000 7213 19560 295755 1245127
1437177600 124754 80237 915230 1476549
1437091200 203108 216115 1484129 2533039
1437004800 466684 221947 4515704 2650594
1436918400 208392 108135 2068575 1396375
1436832000 166293 70907 1617536 1258631
1436745600 5189 14518 227188 1074134
1436659200 5160 20717 49333 1227830
1436572800 111112 69959 1420282 1903734
1436486400 147913 86055 1479233 2458579
1436400000 185059 84197 1373670 2079452
1436313600 221958 139638 3211009 2402416
1436227200 164456 111953 1917022 2123127
1436140800 5589 17091 47946 1194070
1436054400 6705 38531 69078 1233026
1435968000 133598 62813 1453834 1517429
1435881600 156669 78939 2172021 1491578
1435795200 20130 26241 200561 1357599
1435708800 228481 135107 5365740 2507035
1435622400 155178 68094 1544846 1264051
1435536000 13696 21847 1108459 1236650
1435449600 12298 32304 176863 1333621
1435363200 182357 90333 2748942 1362308
1435276800 232000 169542 3785569 1345551
1435190400 364331 193461 8319002 2100085
1435104000 128579 130082 1265551 1720590
1435017600 186356 75791 1700596 1244425
1434931200 10449 22964 57259 1147145
1434844800 14187 28230 105958 1231366
1434758400 180259 78766 2077063 1398276
1434672000 181947 85448 1354814 1338125
1434585600 159504 106835 919078 2857874
1434499200 302628 87937 1911190 2103819
1434412800 170952 84050 1307585 1349042
1434326400 7462 21888 54667 1297332
1434240000 8339 24078 55711 1308754
1434153600 201520 611357 1693529 2553706
1434067200 286007 166577 3735932 1595602
1433980800 359149 292997 3945567 2289981
1433894400 298820 154330 3582306 2615732
1433808000 137167 63444 1943427 1321451
1433721600 5009 19718 50361 1240219
1433635200 6798 35193 82724 1942480
1433548800 192388 86999 4097171 2255448
1433462400 158341 77095 1401548 2149546
1433376000 139854 108621 1375267 1577165
1433289600 164559 153185 4153207 2150845
1433203200 173026 192920 3267248 3200770
1433116800 28694 21403 2025763 1228987
1433030400 76046 24011 9084472 1318226
1432944000 119819 80791 1100115 1627827
1432857600 84429 85456 511404 1766441
1432771200 249530 119672 2291275 1323222
1432684800 136676 95853 847772 1631115
1432598400 113339 66583 1461803 1324267
1432512000 5742 16481 51723 1238534
1432425600 6272 20594 51152 1221256
1432339200 113978 71523 1170421 1382747
1432252800 152334 65401 3707093 1548275
1432166400 210433 73327 5140988 1467571
1432080000 131239 62174 1376589 1156927
1431993600 13829 27785 482748 1330087
1431907200 5124 16888 48051 1211812
1431820800 5428 15294 47702 1203036
1431734400 80313 67787 587107 1464372
1431648000 93624 119292 870692 2560706
1431561600 284380 126340 5402242 2853090
1431475200 194121 64999 6601705 1438207
1431388800 99731 66351 1617928 2193068
1431302400 7180 7236 79683 432565
1431216000 6965 21101 55361 1337028
1431129600 104114 69784 1616803 1427420
1431043200 146624 92910 2493736 1543951
1430956800 339171 204528 3708777 3087846
1430870400 141072 68951 2084976 1343765
1430784000 165197 199427 2162290 2009533
1430697600 6573 15801 332784 1223856
1430611200 5940 18865 62732 1229646
1430524800 85455 64042 1597177 1459032
1430438400 140522 149285 1582465 1907632
1430352000 101646 59231 1310566 1520318
1430265600 102029 56760 790638 1460184
1430179200 149170 58114 2069404 1244654
1430092800 14916 17488 1434591 1361618
1430006400 251264 45552 7849616 1218697
1429920000 191827 77362 1234327 1217642
1429833600 110905 97314 895929 1217348
1429747200 129929 66501 1234585 1220381
1429660800 128594 77027 1114903 1217093
1429574400 99974 48845 1222896 1213531
1429488000 10024 19872 62955 1213208
1429401600 13126 28557 59455 1214812
1429315200 85908 100108 1060640 1210575
1429228800 151261 110326 1183336 1217686
1429142400 308441 150282 1230990 1190792
1429056000 142166 275750 1233686 1231706
1428969600 110843 50580 1230594 1212453
1428883200 5430 13653 56352 1215884
1428796800 5933 15355 65144 1219884
1428710400 171164 88746 1216297 1220808
1428624000 262050 58230 1221923 1217455
1428537600 181486 425897 1232959 1216813
1428451200 207445 245453 1227070 1244168
1428364800 165067 93896 1230778 1219162
1428278400 5582 12272 288671 1216724
1428192000 5181 54323 51737 1217137
1428105600 12533 5977 759369 343999
1428019200 126236 59159 668713 1159112
1427932800 219012 73182 1224787 1157418
1427846400 124148 129871 1092120 1170207
1427760000 219955 83378 1230262 1215437
1427673600 3830 7240 38086 571839
1427587200 4330 8597 40312 476709
1427500800 127546 308334 1179108 1218382
1427414400 294221 232600 1230166 1213013
1427328000 103972 137664 1031150 1158495
1427241600 122502 393419 1182511 1212772
1427155200 114489 115344 1017764 1184058
1427068800 3430 2547 27298 50072
1426982400 5181 4382 176462 232152
1426896000 48803 133074 986649 1191052
1426809600 134889 233856 1220602 1215934
1426723200 196307 176694 1128122 1207916
1426636800 122167 79123 1072585 1193973
1426550400 135889 72912 939327 1209956
1426464000 4651 3505 28898 58820
1426377600 4854 3851 24982 58116
1426291200 84904 60691 970297 1210845
1426204800 100442 99483 877399 1216327
1426118400 364772 91325 1230772 1215518
1426032000 83545 79119 1164846 1215665
1425945600 219032 67680 1205264 1053768
1425859200 4918 12125 53321 1214070
1425772800 4658 12279 56908 1143057
1425686400 214465 260364 1230270 1215884
1425600000 238126 820198 1224870 1220660
1425513600 139505 129561 1071852 1215499
1425427200 120023 44090 1063063 889456
1425340800 85829 43306 799238 1173988
1425254400 5907 17934 57403 1088037
1425168000 6610 21243 56220 1213440
1425081600 56695 40258 752186 1045688
1424995200 59122 45521 756241 1167115
1424908800 116746 52718 984751 1067600
1424822400 101137 42036 979321 863084
1424736000 109779 49114 1049170 1117631
1424649600 6463 7236 254789 685374
1424563200 4584 7426 48219 662944
1424476800 96680 125307 772089 1171836
1424390400 109440 264203 1011284 1190201
1424304000 96799 194489 821154 1181714
1424217600 120417 40704 940853 767104
1424131200 7411 11892 171750 1062437
1424044800 4334 6570 31179 760002
1423958400 6955 8207 338013 680254
1423872000 137543 51947 1143145 1103404
1423785600 399635 57000 1230129 710670
1423699200 270038 81581 1231009 846745
1423612800 114780 121466 1153281 1212512
1423526400 140377 132493 1209341 1212512
1423440000 6057 8402 30989 638653
1423353600 6363 10437 30953 532562
1423267200 104397 43545 1229345 976998
1423180800 235747 51782 966549 719378
1423094400 204662 42419 1183072 591834
1423008000 94584 62684 892554 1206476
1422921600 83957 275980 993518 1206865
1422835200 3815 6050 38846 649876
1422748800 6512 9453 147754 742488
1422662400 90667 58461 784643 1164903
1422576000 92004 53421 1212685 783910
1422489600 153405 52141 1230434 1038691
1422403200 80865 42193 1060014 572786
1422316800 158896 37631 1215317 678961
1422230400 5245 6390 52376 473071
1422144000 7166 52332 52533 1117233
1422057600 112592 168360 757389 1209707
1421971200 125483 359739 1047813 1219582
1421884800 168841 129383 1248904 1213503
1421798400 89553 55717 965537 1102894
1421712000 81765 35288 913796 767923
1421625600 4409 6432 23962 540393
1421539200 7856 10625 102165 688818
1421452800 109914 46274 1232044 1203550
1421366400 116449 47802 1230060 675743
1421280000 92105 95706 1174968 1220098
1421193600 104199 60502 1061141 1156732
1421107200 184324 58304 1170084 1045261
1421020800 5889 9313 44669 619266
1420934400 6083 11254 40815 653863
1420848000 108278 40933 1021172 721960
1420761600 146104 55266 1038784 1168450
1420675200 168583 43617 1184378 661051
1420588800 72543 39622 832874 665915
1420502400 106669 101370 1231318 1169673
1420416000 9327 86554 56536 624849
1420329600 9430 88683 39229 564188
1420243200 69853 99623 736366 1116782
1420156800 8518 73197 34949 679182
1420070400 33261 91786 562870 920524
1419984000 114791 107567 1054214 1192954
1419897600 125870 48441 1230251 929968
1419811200 4090 5549 500403 508289
1419724800 4066 7530 42930 484067
1419638400 6352 6790 541264 529184
1419552000 7754 6588 621392 592375
1419465600 7817 13496 326798 578298
1419379200 184663 108369 1219060 1175406
1419292800 110322 74953 1075427 573092
1419206400 5817 8525 98274 477389
1419120000 5866 9479 62869 624506
1419033600 79458 70409 495772 1097067
1418947200 108344 312380 697350 1214582
1418860800 132832 86937 1181362 734949
1418774400 103891 48101 1117491 887405
1418688000 100173 48356 766330 887219
1418601600 5543 9188 41491 628319
1418515200 6037 11542 83988 514069
1418428800 72949 79975 693909 818466
1418342400 105808 262419 940315 1193082
1418256000 239722 107891 1230495 754799
1418169600 135168 75386 1121628 774790
1418083200 132475 66751 1055493 1142667
1417996800 5811 8572 47280 669998
1417910400 9301 15050 374464 466233
1417824000 74816 169030 765332 1194094
1417737600 90754 161559 494368 1068172
1417651200 115799 81281 843410 1210967
1417564800 105948 98456 1192723 1212580
1417478400 116898 56318 1223318 1132454
1417392000 8742 7100 893113 701789
1417305600 6109 8847 252410 597997
1417219200 80335 52813 687337 760553
1417132800 94922 50709 1039891 1197670
1417046400 222272 91105 1106474 1115118
1416960000 133969 119707 1138156 901501
1416873600 88332 78569 835198 861580
1416787200 5609 4555 436189 172448
1416700800 4029 7713 29698 375612
1416614400 117688 34247 885109 404384
1416528000 105934 75463 878029 972164
1416441600 105204 62790 780338 914820
1416355200 119785 36683 974963 779070
1416268800 128710 77144 1164841 770192
1416182400 9680 8545 483043 605944
1416096000 17278 86902 1058223 1214911
1416009600 204019 275410 1190740 1213101
1415923200 122002 82355 1221271 787587
1415836800 196215 68674 1231604 782248
1415750400 112734 74349 888819 998213
1415664000 125729 111202 1218089 1157610
1415577600 5182 7375 38199 871148
1415491200 13552 9789 35295 632396
1415404800 145100 76216 788091 706476
1415318400 101292 64131 869142 623294
1415232000 129970 69225 813967 796499
1415145600 121060 69396 1108122 878312
1415059200 108111 72781 1066800 1177035
1414972800 6044 9066 49344 937463
1414886400 7736 11925 124634 609310
1414800000 82116 51302 1069324 1086875
1414713600 102199 77275 688117 1157268
1414627200 149826 225683 1047201 1149730
1414540800 87187 72640 1070116 1191273
1414454400 127780 50001 1231070 520879
1414368000 12223 18592 415577 898165
1414281600 7459 22908 106039 1179521
1414195200 98243 66293 1090730 1196210
1414108800 102618 71652 1078834 1188568
1414022400 117506 92411 760492 1184105
1413936000 90094 61050 702952 1033912
1413849600 99009 49716 1192676 875810
1413763200 8938 8012 405686 874615
1413676800 6212 9608 111659 582359
1413590400 51319 32845 597498 707391
1413504000 89430 86619 1048575 1207072
1413417600 218232 160923 1248048 1180017
1413331200 90618 187497 1229655 1226915
1413244800 5595 9221 46229 713635
1413158400 4694 7360 157851 819487
1413072000 4250 8464 38512 822358
1412985600 71011 45394 653203 720865
1412899200 69694 162296 593974 1173221
1412812800 75875 59057 471415 1070616
1412726400 86114 75581 771958 1075760
1412640000 92182 184281 1127935 1182246
1412553600 7494 13689 511900 658756
1412467200 5831 11323 34958 795398
1412380800 92735 382569 650952 1246348
1412294400 114029 712006 881576 1240889
1412208000 149802 215965 1173799 1249573
1412121600 92211 115470 1142349 1173124
1412035200 87133 126364 1076102 1181614
1411948800 6172 8411 47319 1053174
1411862400 7151 11502 46295 777321
1411776000 103592 119393 1050408 1170762
1411689600 111071 70491 1061770 908802
1411603200 103138 43522 1218044 823817
1411516800 105792 42934 979306 875745
1411430400 87227 38301 843768 1211608
1411344000 4775 6557 188343 183033
1411257600 7121 17301 53121 1185203
1411171200 104743 184182 1068909 1169871
1411084800 96472 279677 1125120 1212920
1410998400 87955 227100 1163909 1218726
1410912000 101814 136690 1094255 1163995
1410825600 68834 226467 578294 1216216
1410739200 42619 237511 638371 1245148
1410652800 27594 171486 217240 1219349
1410566400 80109 150201 1178948 1164738
1410480000 158681 141486 1229419 1216353
1410393600 177851 184610 1227849 1169126
1410307200 130633 48447 852001 1217483
1410220800 59588 34611 599070 1217348
1410134400 5054 16136 52080 1217451
1410048000 13544 15397 305798 1205821
1409961600 92990 44084 1213345 1217494
1409875200 71847 50033 468578 1112915
1409788800 97531 53504 1010432 1147473
1409702400 180532 48861 1065389 1149632
1409616000 7746 16533 49452 1136854
1409529600 5770 14440 72597 1132507
1409443200 8836 22023 200227 1128408
1409356800 207666 83735 1187149 910734
1409270400 86003 33179 1025454 1160073
1409184000 88398 39347 985569 1149073
1409097600 104313 39841 912219 1145668
1409011200 99984 56266 1170098 1134241
1408924800 18619 10898 1080156 1143136
1408838400 7514 12374 280167 1133792
1408752000 58241 32619 467284 1106277
1408665600 78048 40477 440628 1123932
1408579200 89570 38627 1035658 1101632
1408492800 130854 42727 1061730 1141746
1408406400 164222 42666 1231750 1126509
1408320000 4051 8428 41479 974612
1408233600 10272 11144 672614 999219
1408147200 81391 31539 1061721 1014827
1408060800 163213 54226 1014504 1152696
1407974400 180121 47055 1230874 1146379
1407888000 100200 39054 804502 882242
1407801600 78079 32606 1014483 837466
1407715200 4855 8894 36997 837791
1407628800 5122 10854 38071 787644
1407542400 85630 39800 1185371 700668
1407456000 66015 39989 915363 1144696
1407369600 95579 52999 895340 1117977
1407283200 144427 31531 1223242 604282
1407196800 29418 18117 411476 901207
1407110400 4467 12866 53343 884999
1407024000 4039 10460 46521 918449
1406937600 77871 22694 849734 374668
1406851200 79977 42377 661080 885567
1406764800 107355 105708 962603 1229849
1406678400 164380 48745 1036757 920385
1406592000 99832 38834 952412 936914
1406505600 5532 23415 131592 1203418
1406419200 5167 15616 45783 988503
1406332800 76872 33027 840269 1097024
1406246400 120766 41382 956919 1061828
1406160000 236465 62570 1115627 1148641
1406073600 170921 75594 1172377 1130145
1405987200 81445 34173 908244 911881
1405900800 6453 10584 42050 911499
1405814400 7255 13231 67099 892056
1405728000 76170 36808 675834 948188
1405641600 91785 45745 971177 886557
1405555200 111143 89884 954982 1199675
1405468800 318955 88051 1230045 1201601
1405382400 143084 46028 1188012 1050207
1405296000 3885 7354 55415 1107604
1405209600 3983 7512 49186 1165068
1405123200 149688 88396 1235892 1216614
1405036800 88038 45557 708943 984768
1404950400 147577 51748 1231485 840701
1404864000 68245 35233 348875 829982
1404777600 75443 73446 694324 1178426
1404691200 4384 11765 53511 829075
1404604800 7900 12075 53921 779293
1404518400 51212 31898 935043 818331
1404432000 58080 38302 790227 839825
1404345600 80875 40347 946911 839242
1404259200 55345 20815 512220 785910
1404172800 87394 64228 902784 1161513
1404086400 5096 13354 37853 840115
1404000000 5516 16510 43304 839691
1403913600 66354 54158 603099 1160676
1403827200 76311 98854 642332 1225432
1403740800 160052 52858 1107966 790058
1403654400 100363 52327 1009587 924547
1403568000 110500 57872 1183245 1053214
1403481600 4096 6448 35114 810911
1403395200 4728 13433 35779 797254
1403308800 119185 48866 1215156 838808
1403222400 89956 49563 1039948 930663
1403136000 88218 45973 1157125 892920
1403049600 88639 126818 891520 1184988
1402963200 74280 35572 993282 1019599
1402876800 4815 9207 138374 1031527
1402790400 3737 11547 44740 1041398
1402704000 56868 34936 683082 1051149
1402617600 80259 108507 1170779 1160661
1402531200 170153 76236 1231453 1203098
1402444800 77099 37119 949149 1094845
1402358400 85374 143367 1080238 1153504
1402272000 4037 8480 33945 674759
1402185600 5749 16116 83591 977137
1402099200 77399 41974 1081906 1066370
1402012800 70840 34869 717536 981946
1401926400 57033 35096 974745 1164370
1401840000 75935 37278 1138230 919844
1401753600 75000 36640 821036 939529
1401667200 4385 8134 43438 672135
1401580800 4563 14368 40416 999846
1401494400 69615 40424 806447 1189659
1401408000 94307 52098 1058403 1196441
1401321600 92168 57839 1072183 1162905
1401235200 92407 49478 1208826 1184882
1401148800 130275 69946 1196195 1201058
1401062400 14745 12056 1015395 947402
1400976000 5473 14350 79307 894500
1400889600 48847 30175 939386 1051848
1400803200 45656 41275 667913 1211939
1400716800 88674 46048 1158414 1203364
1400630400 68367 45491 1099390 1084071
1400544000 8979 15902 606443 814729
1400457600 4207 8638 59558 661933
1400371200 12687 15200 598331 728801
1400284800 68274 43262 526050 736080
1400198400 91085 44714 862046 912059
1400112000 170865 55703 1202194 1106328
1400025600 126773 76792 1023083 1202151
1399939200 93318 41773 1211224 932375
1399852800 4829 8403 43549 653805
1399766400 6558 16381 102121 962280
1399680000 45577 35544 387872 1109970
1399593600 76246 49739 933642 1034392
1399507200 80189 38976 854824 1121800
1399420800 70873 43293 1138673 1035784
1399334400 66035 54188 1051216 1072807
1399248000 2825 12110 41156 1055160
1399161600 4249 14249 74777 1091855
1399075200 72393 41716 950047 1108524
1398988800 84927 46164 977393 980998
1398902400 136548 96484 1151304 1209363
1398816000 178401 79960 1197976 1201432
1398729600 66118 36254 1116815 963363
1398643200 5311 10943 145524 892842
1398556800 10844 16675 477196 1060321
1398470400 67760 40970 1138151 1138024
1398384000 49502 43478 265062 961832
1398297600 53935 30382 784020 1202461
1398211200 131085 49158 1223579 1158777
1398124800 125392 64895 1226764 1200244
1398038400 6125 25196 296429 1122338
1397952000 3819 16626 156167 1151964
1397865600 12529 23416 104702 1172173
1397779200 52206 49695 695694 1193859
1397692800 64295 132109 1013138 1208326
1397606400 92940 99963 1160826 1214331
1397520000 168239 40132 1221108 1046123
1397433600 29108 9147 1206167 1022411
1397347200 3722 13276 44114 1061029
1397260800 84333 37012 962253 1034058
1397174400 128665 103961 1232207 1213908
1397088000 137932 35680 1232616 792882
1397001600 61420 21840 1180104 986033
1396915200 0 0 0 0
1396828800 0 0 0 0
1396742400 0 0 0 0
1396656000 4604 8361 410533 771031
1396569600 264346 157234 1213313 1215952
1396483200 116027 142998 942685 1245558
1396396800 77645 36671 837655 532628
1396310400 67117 24507 739282 543159
1396224000 3918 5696 37035 392090
1396137600 5638 5534 428690 245157
1396051200 67204 28762 813510 744939
1395964800 77331 28352 889089 1013693
1395878400 56812 29599 406818 992715
1395792000 85202 34229 994005 538443
1395705600 218730 35324 1163689 495356
1395619200 3093 3069 33321 145271
1395532800 4071 7588 24409 245684
1395446400 245269 39358 1218343 1015541
1395360000 84294 23733 947181 514823
1395273600 99548 30126 1221023 907923
1395187200 77736 26362 1226880 393578
1395100800 71183 29006 1018769 667787
1395014400 8715 2491 835016 142658
1394928000 4536 6839 135402 741408
1394841600 90713 34267 1229433 818058
1394755200 115697 21614 1213639 422595
1394668800 100570 23248 1218553 441751
1394582400 77588 30592 1228239 1167047
1394496000 63099 25261 457991 644926
1394409600 3134 2794 27328 132705
1394323200 3360 5665 45289 380668
1394236800 56539 27836 1077806 689187
1394150400 55221 32772 832466 650820
1394064000 44526 33792 417223 905621
1393977600 60495 25635 805449 576124
1393891200 89688 23715 931926 518785
1393804800 14472 4339 1030234 129617
1393718400 5764 3682 178503 266438
1393632000 95310 41600 1220373 830633
1393545600 103354 28176 1149861 675608
1393459200 117194 28199 766100 664676
1393372800 50240 30885 681504 1087948
1393286400 61908 39781 717170 1136634
1393200000 10913 1888 552395 65832
1393113600 3338 4460 28548 259799
1393027200 137716 49825 1088911 1119466
1392940800 115652 29617 1230226 612161
1392854400 72099 32310 1185620 702060
1392768000 61109 46196 975814 1155188
1392681600 6528 7123 247637 231567
1392595200 3208 5423 83823 199252
1392508800 41199 87368 1111279 1144739
1392422400 37592 31072 333219 1050681
