1460685973 -1 -1
1460685973 661 218 661 218
1460602034 661 218 661 218
1460601900 661 218 661 218
1460601600 661 218 661 218
1460601300 661 218 661 218
1460601000 661 218 661 218
1460600700 661 218 661 218
1460600400 661 218 661 218
1460600100 661 218 661 218
1460599800 661 218 661 218
1460599500 661 218 661 218
1460599200 661 218 661 218
1460598900 661 218 661 218
1460598600 661 218 661 218
1460598300 661 218 661 218
1460598000 661 218 661 218
1460597700 661 218 661 218
1460597400 661 218 661 218
1460597100 661 218 661 218
1460596800 661 218 661 218
1460596500 661 218 661 218
1460596200 661 218 661 218
1460595900 661 218 661 218
1460595600 661 218 661 218
1460595300 661 218 661 218
1460595000 661 218 661 218
1460594700 661 218 661 218
1460594400 661 218 661 218
1460594100 661 218 661 218
1460593800 661 218 661 218
1460593500 661 218 661 218
1460593200 661 218 661 218
1460592900 661 218 661 218
1460592600 661 218 661 218
1460592300 661 218 661 218
1460592000 661 218 661 218
1460591700 661 218 661 218
1460591400 661 218 661 218
1460591100 661 218 661 218
1460590800 661 218 661 218
1460590500 661 218 661 218
1460590200 661 218 661 218
1460589900 661 218 661 218
1460589600 661 218 661 218
1460589300 661 218 661 218
1460589000 661 218 661 218
1460588700 661 218 661 218
1460588400 661 218 661 218
1460588100 661 218 661 218
1460587800 661 218 661 218
1460587500 661 218 661 218
1460587200 661 218 661 218
1460586900 661 218 661 218
1460586600 661 218 661 218
1460586300 661 218 661 218
1460586000 661 218 661 218
1460585700 661 218 661 218
1460585400 661 218 661 218
1460585100 661 218 661 218
1460584800 661 218 661 218
1460584500 661 218 661 218
1460584200 661 218 661 218
1460583900 661 218 661 218
1460583600 661 218 661 218
1460583300 661 218 661 218
1460583000 661 218 661 218
1460582700 661 218 661 218
1460582400 661 218 661 218
1460582100 661 218 661 218
1460581800 661 218 661 218
1460581500 661 218 661 218
1460581200 661 218 661 218
1460580900 661 218 661 218
1460580600 661 218 661 218
1460580300 661 218 661 218
1460580000 661 218 661 218
1460579700 661 218 661 218
1460579400 661 218 661 218
1460579100 661 218 661 218
1460578800 661 218 661 218
1460578500 661 218 661 218
1460578200 661 218 661 218
1460577900 661 218 661 218
1460577600 661 218 661 218
1460577300 661 218 661 218
1460577000 661 218 661 218
1460576700 661 218 661 218
1460576400 661 218 661 218
1460576100 661 218 661 218
1460575800 661 218 661 218
1460575500 661 218 661 218
1460575200 661 218 661 218
1460574900 661 218 661 218
1460574600 661 218 661 218
1460574300 661 218 661 218
1460574000 661 218 661 218
1460573700 661 218 661 218
1460573400 661 218 661 218
1460573100 661 218 661 218
1460572800 661 218 661 218
1460572500 661 218 661 218
1460572200 661 218 661 218
1460571900 661 218 661 218
1460571600 661 218 661 218
1460571300 661 218 661 218
1460571000 661 218 661 218
1460570700 661 218 661 218
1460570400 661 218 661 218
1460570100 661 218 661 218
1460569800 661 218 661 218
1460569500 661 218 661 218
1460569200 661 218 661 218
1460568900 661 218 661 218
1460568600 661 218 661 218
1460568300 661 218 661 218
1460568000 661 218 661 218
1460567700 661 218 661 218
1460567400 661 218 661 218
1460567100 661 218 661 218
1460566800 661 218 661 218
1460566500 661 218 661 218
1460566200 661 218 661 218
1460565900 661 218 661 218
1460565600 661 218 661 218
1460565300 661 218 661 218
1460565000 661 218 661 218
1460564700 661 218 661 218
1460564400 661 218 661 218
1460564100 661 218 661 218
1460563800 661 218 661 218
1460563500 661 218 661 218
1460563200 661 218 661 218
1460562900 661 218 661 218
1460562600 661 218 661 218
1460562300 661 218 661 218
1460562000 661 218 661 218
1460561700 661 218 661 218
1460561400 661 218 661 218
1460561100 661 218 661 218
1460560800 661 218 661 218
1460560500 661 218 661 218
1460560200 661 218 661 218
1460559900 661 218 661 218
1460559600 661 218 661 218
1460559300 661 218 661 218
1460559000 661 218 661 218
1460558700 661 218 661 218
1460558400 661 218 661 218
1460558100 661 218 661 218
1460557800 661 218 661 218
1460557500 661 218 661 218
1460557200 661 218 661 218
1460556900 661 218 661 218
1460556600 661 218 661 218
1460556300 661 218 661 218
1460556000 661 218 661 218
1460555700 661 218 661 218
1460555400 661 218 661 218
1460555100 661 218 661 218
1460554800 661 218 661 218
1460554500 661 218 661 218
1460554200 661 218 661 218
1460553900 661 218 661 218
1460553600 661 218 661 218
1460553300 661 218 661 218
1460553000 661 218 661 218
1460552700 661 218 661 218
1460552400 661 218 661 218
1460552100 661 218 661 218
1460551800 661 218 661 218
1460551500 661 218 661 218
1460551200 661 218 661 218
1460550900 661 218 661 218
1460550600 661 218 661 218
1460550300 661 218 661 218
1460550000 661 218 661 218
1460549700 661 218 661 218
1460549400 661 218 661 218
1460549100 661 218 661 218
1460548800 661 218 661 218
1460548500 661 218 661 218
1460548200 661 218 661 218
1460547900 661 218 661 218
1460547600 661 218 661 218
1460547300 661 218 661 218
1460547000 661 218 661 218
1460546700 661 218 661 218
1460546400 661 218 661 218
1460546100 661 218 661 218
1460545800 661 218 661 218
1460545500 661 218 661 218
1460545200 661 218 661 218
1460544900 661 218 661 218
1460544600 661 218 661 218
1460544300 661 218 661 218
1460544000 661 218 661 218
1460543700 661 218 661 218
1460543400 661 218 661 218
1460543100 661 218 661 218
1460542800 661 218 661 218
1460542500 661 218 661 218
1460542200 661 218 661 218
1460541900 661 218 661 218
1460541600 661 218 661 218
1460541300 661 218 661 218
1460541000 661 218 661 218
1460540700 661 218 661 218
1460540400 661 218 661 218
1460540100 661 218 661 218
1460539800 661 218 661 218
1460539500 661 218 661 218
1460539200 661 218 661 218
1460538900 661 218 661 218
1460538600 661 218 661 218
1460538300 661 218 661 218
1460538000 661 218 661 218
1460537700 661 218 661 218
1460537400 661 218 661 218
1460537100 661 218 661 218
1460536800 661 218 661 218
1460536500 661 218 661 218
1460536200 661 218 661 218
1460535900 661 218 661 218
1460535600 661 218 661 218
1460535300 661 218 661 218
1460535000 661 218 661 218
1460534700 661 218 661 218
1460534400 661 218 661 218
1460534100 661 218 661 218
1460533800 661 218 661 218
1460533500 661 218 661 218
1460533200 661 218 661 218
1460532900 661 218 661 218
1460532600 661 218 661 218
1460532300 661 218 661 218
1460532000 661 218 661 218
1460531700 661 218 661 218
1460531400 661 218 661 218
1460531100 661 218 661 218
1460530800 661 218 661 218
1460530500 661 218 661 218
1460530200 661 218 661 218
1460529900 661 218 661 218
1460529600 661 218 661 218
1460529300 661 218 661 218
1460529000 661 218 661 218
1460528700 661 218 661 218
1460528400 661 218 661 218
1460528100 661 218 661 218
1460527800 661 218 661 218
1460527500 661 218 661 218
1460527200 661 218 661 218
1460526900 661 218 661 218
1460526600 661 218 661 218
1460526300 661 218 661 218
1460526000 661 218 661 218
1460525700 661 218 661 218
1460525400 661 218 661 218
1460525100 661 218 661 218
1460524800 661 218 661 218
1460524500 661 218 661 218
1460524200 661 218 661 218
1460523900 661 218 661 218
1460523600 661 218 661 218
1460523300 661 218 661 218
1460523000 661 218 661 218
1460522700 661 218 661 218
1460522400 661 218 661 218
1460522100 661 218 661 218
1460521800 661 218 661 218
1460521500 661 218 661 218
1460521200 661 218 661 218
1460520900 661 218 661 218
1460520600 661 218 661 218
1460520300 661 218 661 218
1460520000 661 218 661 218
1460519700 661 218 661 218
1460519400 661 218 661 218
1460519100 661 218 661 218
1460518800 661 218 661 218
1460518500 661 218 661 218
1460518200 661 218 661 218
1460517900 661 218 661 218
1460517600 661 218 661 218
1460517300 661 218 661 218
1460517000 661 218 661 218
1460516700 661 218 661 218
1460516400 661 218 661 218
1460516100 661 218 661 218
1460515800 661 218 661 218
1460515500 661 218 661 218
1460515200 661 218 661 218
1460514900 661 218 661 218
1460514600 661 218 661 218
1460514300 661 218 661 218
1460514000 661 218 661 218
1460513700 661 218 661 218
1460513400 661 218 661 218
1460513100 661 218 661 218
1460512800 661 218 661 218
1460512500 661 218 661 218
1460512200 661 218 661 218
1460511900 661 218 661 218
1460511600 661 218 661 218
1460511300 661 218 661 218
1460511000 661 218 661 218
1460510700 661 218 661 218
1460510400 661 218 661 218
1460510100 661 218 661 218
1460509800 661 218 661 218
1460509500 661 218 661 218
1460509200 661 218 661 218
1460508900 661 218 661 218
1460508600 661 218 661 218
1460508300 661 218 661 218
1460508000 661 218 661 218
1460507700 661 218 661 218
1460507400 661 218 661 218
1460507100 661 218 661 218
1460506800 661 218 661 218
1460506500 661 218 661 218
1460506200 661 218 661 218
1460505900 661 218 661 218
1460505600 661 218 661 218
1460505300 661 218 661 218
1460505000 661 218 661 218
1460504700 661 218 661 218
1460504400 661 218 661 218
1460504100 661 218 661 218
1460503800 661 218 661 218
1460503500 661 218 661 218
1460503200 661 218 661 218
1460502900 661 218 661 218
1460502600 661 218 661 218
1460502300 661 218 661 218
1460502000 661 218 661 218
1460501700 661 218 661 218
1460501400 661 218 661 218
1460501100 661 218 661 218
1460500800 661 218 661 218
1460500500 661 218 661 218
1460500200 661 218 661 218
1460499900 661 218 661 218
1460499600 661 218 661 218
1460499300 661 218 661 218
1460499000 661 218 661 218
1460498700 661 218 661 218
1460498400 661 218 661 218
1460498100 661 218 661 218
1460497800 661 218 661 218
1460497500 661 218 661 218
1460497200 661 218 661 218
1460496900 661 218 661 218
1460496600 661 218 661 218
1460496300 661 218 661 218
1460496000 661 218 661 218
1460495700 661 218 661 218
1460495400 661 218 661 218
1460495100 661 218 661 218
1460494800 661 218 661 218
1460494500 661 218 661 218
1460494200 661 218 661 218
1460493900 661 218 661 218
1460493600 661 218 661 218
1460493300 661 218 661 218
1460493000 661 218 661 218
1460492700 661 218 661 218
1460492400 661 218 661 218
1460492100 661 218 661 218
1460491800 661 218 661 218
1460491500 661 218 661 218
1460491200 661 218 661 218
1460490900 661 218 661 218
1460490600 661 218 661 218
1460490300 661 218 661 218
1460490000 661 218 661 218
1460489700 661 218 661 218
1460489400 661 218 661 218
1460489100 661 218 661 218
1460488800 661 218 661 218
1460488500 661 218 661 218
1460488200 661 218 661 218
1460487900 661 218 661 218
1460487600 661 218 661 218
1460487300 661 218 661 218
1460487000 661 218 661 218
1460486700 661 218 661 218
1460486400 661 218 661 218
1460486100 661 218 661 218
1460485800 661 218 661 218
1460485500 661 218 661 218
1460485200 661 218 661 218
1460484900 661 218 661 218
1460484600 661 218 661 218
1460484300 661 218 661 218
1460484000 661 218 661 218
1460483700 661 218 661 218
1460483400 661 218 661 218
1460483100 661 218 661 218
1460482800 661 218 661 218
1460482500 661 218 661 218
1460482200 661 218 661 218
1460481900 661 218 661 218
1460481600 661 218 661 218
1460481300 661 218 661 218
1460481000 661 218 661 218
1460480700 661 218 661 218
1460480400 661 218 661 218
1460480100 661 218 661 218
1460479800 661 218 661 218
1460479500 661 218 661 218
1460479200 661 218 661 218
1460478900 661 218 661 218
1460478600 661 218 661 218
1460478300 661 218 661 218
1460478000 661 218 661 218
1460477700 661 218 661 218
1460477400 661 218 661 218
1460477100 661 218 661 218
1460476800 661 218 661 218
1460476500 661 218 661 218
1460476200 661 218 661 218
1460475900 661 218 661 218
1460475600 661 218 661 218
1460475300 661 218 661 218
1460475000 661 218 661 218
1460474700 661 218 661 218
1460474400 661 218 661 218
1460474100 661 218 661 218
1460473800 661 218 661 218
1460473500 661 218 661 218
1460473200 661 218 661 218
1460472900 661 218 661 218
1460472600 661 218 661 218
1460472300 661 218 661 218
1460472000 661 218 661 218
1460471700 661 218 661 218
1460471400 661 218 661 218
1460471100 661 218 661 218
1460470800 661 218 661 218
1460470500 661 218 661 218
1460470200 661 218 661 218
1460469900 661 218 661 218
1460469600 661 218 661 218
1460469300 661 218 661 218
1460469000 661 218 661 218
1460468700 661 218 661 218
1460468400 661 218 661 218
1460468100 661 218 661 218
1460467800 661 218 661 218
1460467500 661 218 661 218
1460467200 661 218 661 218
1460466900 661 218 661 218
1460466600 661 218 661 218
1460466300 661 218 661 218
1460466000 661 218 661 218
1460465700 661 218 661 218
1460465400 661 218 661 218
1460465100 661 218 661 218
1460464800 661 218 661 218
1460464500 661 218 661 218
1460464200 661 218 661 218
1460463900 661 218 661 218
1460463600 661 218 661 218
1460463300 661 218 661 218
1460463000 661 218 661 218
1460462700 661 218 661 218
1460462400 661 218 661 218
1460462100 661 218 661 218
1460461800 661 218 661 218
1460461500 661 218 661 218
1460461200 661 218 661 218
1460460900 661 218 661 218
1460460600 661 218 661 218
1460460300 661 218 661 218
1460460000 661 218 661 218
1460459700 661 218 661 218
1460459400 661 218 661 218
1460459100 661 218 661 218
1460458800 661 218 661 218
1460458500 661 218 661 218
1460458200 661 218 661 218
1460457900 661 218 661 218
1460457600 661 218 661 218
1460457300 661 218 661 218
1460457000 661 218 661 218
1460456700 661 218 661 218
1460456400 661 218 661 218
1460456100 661 218 661 218
1460455800 661 218 661 218
1460455500 661 218 661 218
1460455200 661 218 661 218
1460454900 661 218 661 218
1460454600 661 218 661 218
1460454300 661 218 661 218
1460454000 661 218 661 218
1460453700 661 218 661 218
1460453400 661 218 661 218
1460453100 661 218 661 218
1460452800 661 218 661 218
1460452500 661 218 661 218
1460452200 661 218 661 218
1460451900 661 218 661 218
1460451600 661 218 661 218
1460451300 661 218 661 218
1460451000 661 218 661 218
1460450700 661 218 661 218
1460450400 661 218 661 218
1460450100 661 218 661 218
1460449800 661 218 661 218
1460449500 661 218 661 218
1460449200 661 218 661 218
1460448900 661 218 661 218
1460448600 661 218 661 218
1460448300 661 218 661 218
1460448000 661 218 661 218
1460447700 661 218 661 218
1460447400 661 218 661 218
1460447100 661 218 661 218
1460446800 661 218 661 218
1460446500 661 218 661 218
1460446200 661 218 661 218
1460445900 661 218 661 218
1460445600 661 218 661 218
1460445300 661 218 661 218
1460445000 661 218 661 218
1460444700 661 218 661 218
1460444400 661 218 661 218
1460444100 661 218 661 218
1460443800 661 218 661 218
1460443500 661 218 661 218
1460443200 661 218 661 218
1460442900 661 218 661 218
1460442600 661 218 661 218
1460442300 661 218 661 218
1460442000 661 218 661 218
1460441700 661 218 661 218
1460441400 661 218 661 218
1460441100 661 218 661 218
1460440800 661 218 661 218
1460440500 661 218 661 218
1460440200 661 218 661 218
1460439900 661 218 661 218
1460439600 661 218 661 218
1460439300 661 218 661 218
1460439000 661 218 661 218
1460438700 661 218 661 218
1460438400 661 218 661 218
1460438100 661 218 661 218
1460437800 661 218 661 218
1460437500 661 218 661 218
1460437200 661 218 661 218
1460436900 661 218 661 218
1460436600 661 218 661 218
1460436300 661 218 661 218
1460436000 661 218 661 218
1460435700 661 218 661 218
1460435400 661 218 661 218
1460435100 661 218 661 218
1460434800 661 218 661 218
1460434500 661 218 661 218
1460434200 661 218 661 218
1460433900 661 218 661 218
1460433600 661 218 661 218
1460433300 661 218 661 218
1460433000 661 218 661 218
1460432700 661 218 661 218
1460432400 661 218 661 218
1460432100 661 218 661 218
1460431800 661 218 661 218
1460431500 661 218 661 218
1460431200 661 218 661 218
1460430900 661 218 661 218
1460430600 661 218 661 218
1460430300 661 218 661 218
1460430000 661 218 661 218
1460429700 661 218 661 218
1460429400 661 218 661 218
1460429100 661 218 661 218
1460428800 661 218 661 218
1460428500 661 218 661 218
1460428200 661 218 661 218
1460427900 661 218 661 218
1460427600 661 218 661 218
1460427300 661 218 661 218
1460427000 661 218 661 218
1460426700 661 218 661 218
1460426400 661 218 661 218
1460426100 661 218 661 218
1460425800 661 218 661 218
1460425500 661 218 661 218
1460425200 661 218 661 218
1460424900 661 218 661 218
1460424600 661 218 661 218
1460424300 661 218 661 218
1460424000 661 218 661 218
1460423700 661 218 661 218
1460423400 661 218 661 218
1460423100 661 218 661 218
1460422800 661 218 661 218
1460422500 661 218 661 218
1460422200 661 218 661 218
1460421000 661 218 661 218
1460419200 661 218 661 218
1460417400 661 218 661 218
1460415600 661 218 661 218
1460413800 661 218 661 218
1460412000 661 218 661 218
1460410200 661 218 661 218
1460408400 661 218 661 218
1460406600 661 218 661 218
1460404800 661 218 661 218
1460403000 661 218 661 218
1460401200 661 218 661 218
1460399400 661 218 661 218
1460397600 661 218 661 218
1460395800 661 218 661 218
1460394000 661 218 661 218
1460392200 661 218 661 218
1460390400 661 218 661 218
1460388600 661 218 661 218
1460386800 661 218 661 218
1460385000 661 218 661 218
1460383200 661 218 661 218
1460381400 661 218 661 218
1460379600 661 218 661 218
1460377800 661 218 661 218
1460376000 661 218 661 218
1460374200 661 218 661 218
1460372400 661 218 661 218
1460370600 661 218 661 218
1460368800 661 218 661 218
1460367000 661 218 661 218
1460365200 661 218 661 218
1460363400 661 218 661 218
1460361600 661 218 661 218
1460359800 661 218 661 218
1460358000 661 218 661 218
1460356200 661 218 661 218
1460354400 661 218 661 218
1460352600 661 218 661 218
1460350800 661 218 661 218
1460349000 661 218 661 218
1460347200 661 218 661 218
1460345400 661 218 661 218
1460343600 661 218 661 218
1460341800 661 218 661 218
1460340000 661 218 661 218
1460338200 661 218 661 218
1460336400 661 218 661 218
1460334600 661 218 661 218
1460332800 661 218 661 218
1460331000 661 218 661 218
1460329200 661 218 661 218
1460327400 661 218 661 218
1460325600 661 218 661 218
1460323800 661 218 661 218
1460322000 661 218 661 218
1460320200 661 218 661 218
1460318400 661 218 661 218
1460316600 661 218 661 218
1460314800 661 218 661 218
1460313000 661 218 661 218
1460311200 661 218 661 218
1460309400 661 218 661 218
1460307600 661 218 661 218
1460305800 661 218 661 218
1460304000 661 218 661 218
1460302200 661 218 661 218
1460300400 661 218 661 218
1460298600 661 218 661 218
1460296800 661 218 661 218
1460295000 661 218 661 218
1460293200 661 218 661 218
1460291400 661 218 661 218
1460289600 661 218 661 218
1460287800 661 218 661 218
1460286000 661 218 661 218
1460284200 661 218 661 218
1460282400 661 218 661 218
1460280600 661 218 661 218
1460278800 661 218 661 218
1460277000 661 218 661 218
1460275200 661 218 661 218
1460273400 661 218 661 218
1460271600 661 218 661 218
1460269800 661 218 661 218
1460268000 661 218 661 218
1460266200 661 218 661 218
1460264400 661 218 661 218
1460262600 661 218 661 218
1460260800 661 218 661 218
1460259000 661 218 661 218
1460257200 661 218 661 218
1460255400 661 218 661 218
1460253600 661 218 661 218
1460251800 661 218 661 218
1460250000 661 218 661 218
1460248200 661 218 661 218
1460246400 661 218 661 218
1460244600 661 218 661 218
1460242800 661 218 661 218
1460241000 661 218 661 218
1460239200 661 218 661 218
1460237400 661 218 661 218
1460235600 661 218 661 218
1460233800 661 218 661 218
1460232000 661 218 661 218
1460230200 661 218 661 218
1460228400 661 218 661 218
1460226600 661 218 661 218
1460224800 661 218 661 218
1460223000 661 218 661 218
1460221200 661 218 661 218
1460219400 661 218 661 218
1460217600 661 218 661 218
1460215800 661 218 661 218
1460214000 661 218 661 218
1460212200 661 218 661 218
1460210400 661 218 661 218
1460208600 661 218 661 218
1460206800 661 218 661 218
1460205000 661 218 661 218
1460203200 661 218 661 218
1460201400 661 218 661 218
1460199600 661 218 661 218
1460197800 661 218 661 218
1460196000 661 218 661 218
1460194200 661 218 661 218
1460192400 661 218 661 218
1460190600 661 218 661 218
1460188800 661 218 661 218
1460187000 661 218 661 218
1460185200 661 218 661 218
1460183400 661 218 661 218
1460181600 661 218 661 218
1460179800 661 218 661 218
1460178000 661 218 661 218
1460176200 661 218 661 218
1460174400 661 218 661 218
1460172600 661 218 661 218
1460170800 661 218 661 218
1460169000 661 218 661 218
1460167200 661 218 661 218
1460165400 661 218 661 218
1460163600 661 218 661 218
1460161800 661 218 661 218
1460160000 661 218 661 218
1460158200 661 218 661 218
1460156400 661 218 661 218
1460154600 661 218 661 218
1460152800 661 218 661 218
1460151000 661 218 661 218
1460149200 661 218 661 218
1460147400 661 218 661 218
1460145600 661 218 661 218
1460143800 661 218 661 218
1460142000 661 218 661 218
1460140200 595 234 661 433
1460138400 466 136 499 150
1460136600 428 136 546 181
1460134800 538 169 759 243
1460133000 453 167 710 243
1460131200 391 146 490 184
1460129400 347 134 436 145
1460127600 347 143 403 156
1460125800 325 141 486 183
1460124000 394 147 486 183
1460122200 415 155 472 201
1460120400 434 144 506 158
1460118600 381 142 424 190
1460116800 355 140 394 191
1460115000 404 177 538 218
1460113200 332 217 675 652
1460111400 209 165 244 239
1460109600 216 165 245 228
1460107800 231 157 269 218
1460106000 200 154 283 202
1460104200 203 141 283 211
1460102400 216 153 278 210
1460100600 193 139 257 206
1460098800 193 162 242 223
1460097000 223 153 273 219
1460095200 217 163 251 206
1460093400 263 163 317 219
1460091600 254 157 298 215
1460089800 245 150 298 205
1460088000 265 150 309 214
1460086200 317 161 351 213
1460084400 301 154 401 212
1460082600 368 145 401 220
1460080800 359 153 416 217
1460079000 357 145 426 189
1460077200 329 161 368 227
1460075400 347 150 408 221
1460073600 373 170 438 230
1460071800 440 195 513 283
1460070000 369 203 402 319
1460068200 506 243 774 446
1460066400 410 230 464 399
1460064600 467 307 528 527
1460062800 408 372 502 652
1460061000 388 281 502 691
1460059200 388 499 463 889
1460057400 419 357 463 739
1460055600 374 384 454 727
1460053800 398 315 479 725
1460052000 392 382 431 727
1460050200 396 336 430 727
1460048400 477 349 568 698
1460046600 525 399 708 823
1460044800 482 400 541 751
1460043000 404 374 448 740
1460041200 412 372 447 752
1460039400 361 356 447 711
1460037600 339 335 449 633
1460035800 381 215 449 346
1460034000 464 228 1050 433
1460032200 313 159 381 272
1460030400 281 144 311 243
1460028600 206 134 259 222
1460026800 195 129 219 168
1460025000 168 128 195 169
1460023200 156 133 191 175
1460021400 142 114 157 130
1460019600 141 113 159 139
1460017800 141 117 156 128
1460016000 140 116 156 131
1460014200 142 114 156 126
1460012400 145 118 164 133
1460010600 143 116 159 137
1460008800 146 117 160 140
1460007000 142 110 165 117
1460005200 147 116 176 140
1460003400 175 120 209 135
1460001600 193 117 218 145
1459999800 202 116 242 141
1459998000 207 119 238 141
1459996200 209 116 239 144
1459994400 219 116 240 140
1459992600 234 114 266 134
1459990800 239 114 265 122
1459989000 246 111 286 123
1459987200 265 117 329 143
1459985400 278 116 323 146
1459983600 262 119 313 143
1459981800 298 125 341 144
1459980000 357 153 420 182
1459978200 381 171 435 282
1459976400 393 197 723 492
1459974600 384 172 723 492
1459972800 420 160 561 209
1459971000 489 160 548 170
1459969200 364 137 505 155
1459967400 338 130 482 143
1459965600 367 145 556 183
1459963800 461 160 556 166
1459962000 437 231 718 486
1459960200 574 426 1283 1224
1459958400 718 1134 1283 2372
1459956600 487 1460 1037 5831
1459954800 762 837 2725 1863
1459953000 292 453 446 603
1459951200 1350 958 4235 3138
1459949400 689 2627 1230 11217
1459947600 547 657 654 869
1459945800 395 477 619 1502
1459944000 270 146 355 401
1459942200 219 112 268 135
1459940400 184 118 207 135
1459938600 165 112 194 124
1459936800 154 112 177 121
1459935000 148 111 168 121
1459933200 148 113 171 133
1459931400 147 114 161 121
1459929600 149 110 163 121
1459927800 144 112 159 121
1459926000 150 110 161 123
1459924200 147 116 166 142
1459922400 148 119 164 128
1459920600 155 119 186 136
1459918800 170 120 190 135
1459917000 158 120 178 136
1459915200 172 117 210 125
1459913400 211 118 286 133
1459911600 252 121 286 142
1459909800 244 119 279 142
1459908000 266 118 307 133
1459906200 294 117 344 133
1459904400 297 120 344 133
1459902600 308 118 353 132
1459900800 283 120 330 134
1459899000 307 116 357 125
1459897200 303 120 329 139
1459895400 321 123 356 133
1459893600 492 395 719 617
1459891800 482 647 804 1410
1459890000 511 1106 850 1664
1459888200 523 1090 1205 1831
1459886400 387 878 605 1243
1459884600 644 1973 1299 6484
1459882800 32537 18822 77769 69991
1459881000 559 1142 1225 2265
1459879200 361 661 445 890
1459877400 539 1138 899 1965
1459875600 1203 2290 2567 5205
1459873800 11420 2288 63262 4798
1459872000 6527 1167 63262 4798
1459870200 3745 20350 9554 61621
1459868400 2041 6890 5967 19518
1459866600 1203 1255 4130 1906
1459864800 3305 2566 11301 6076
1459863000 4445 75052 20923 418486
1459861200 2532 41882 20923 418486
1459859400 450 480 649 1030
1459857600 294 203 397 718
1459855800 319 341 638 892
1459854000 219 160 269 182
1459852200 197 160 260 180
1459850400 149 148 197 177
1459848600 159 156 174 203
1459846800 146 148 171 183
1459845000 134 149 150 186
1459843200 153 163 173 196
1459841400 165 167 196 187
1459839600 165 156 196 198
1459837800 144 146 167 178
1459836000 169 153 186 180
1459834200 161 152 173 190
1459832400 178 159 204 204
1459830600 186 154 205 169
1459828800 190 162 227 176
1459827000 195 153 225 173
1459825200 193 191 220 230
1459823400 212 161 283 230
1459821600 239 161 283 187
1459819800 258 160 300 195
1459818000 265 159 294 187
1459816200 241 162 269 210
1459814400 235 167 251 201
1459812600 260 178 319 223
1459810800 280 170 319 207
1459809000 297 176 347 237
1459807200 354 302 447 867
1459805400 593 815 934 1634
1459803600 5372 10501 28123 56962
1459801800 1585 2331 2608 4116
1459800000 311 602 348 776
1459798200 399 793 991 1811
1459796400 1465 1779 17068 17480
1459794600 2211 2928 17068 17480
1459792800 7486 2533 39635 5157
1459791000 5052 2559 20961 7445
1459789200 2618 12934 7001 59968
1459787400 26647 27747 104809 69246
1459785600 4207 7354 7320 16943
1459783800 5142 11588 7320 24655
1459782000 5521 13943 11271 45368
1459780200 3023 8421 4618 21033
1459778400 2483 4646 4934 15520
1459776600 3048 5536 7241 10744
1459774800 9063 8250 41756 27439
1459773000 1041 3096 7163 27439
1459771200 298 229 487 581
1459769400 243 206 487 581
1459767600 287 357 588 835
1459765800 149 177 167 207
1459764000 138 150 159 159
1459762200 135 150 152 165
1459760400 135 167 150 207
1459758600 139 154 159 195
1459756800 139 160 158 195
1459755000 139 170 158 244
1459753200 155 155 215 172
1459751400 142 147 159 161
1459749600 140 153 163 162
1459747800 144 150 157 168
1459746000 144 153 163 165
1459744200 146 146 167 165
1459742400 155 149 185 159
1459740600 176 150 202 176
1459738800 157 147 174 162
1459737000 191 156 245 174
1459735200 178 182 217 240
1459733400 184 174 207 196
1459731600 196 153 217 185
1459729800 206 159 220 185
1459728000 214 182 264 239
1459726200 267 192 310 393
1459724400 213 141 270 164
1459722600 217 143 256 161
1459720800 221 144 256 162
1459719000 214 138 239 155
1459717200 224 138 237 159
1459715400 212 144 255 154
1459713600 220 143 255 177
1459711800 224 142 241 164
1459710000 237 141 273 163
1459708200 271 141 306 173
1459706400 290 144 323 189
1459704600 292 145 330 172
1459702800 312 138 334 152
1459701000 270 145 308 168
1459699200 246 142 280 160
1459697400 221 140 259 168
1459695600 217 145 250 179
1459693800 200 142 240 155
1459692000 195 144 219 165
1459690200 168 142 204 161
1459688400 167 144 186 170
1459686600 155 144 176 159
1459684800 153 147 169 163
1459683000 144 146 165 164
1459681200 143 152 160 171
1459679400 139 141 155 154
1459677600 140 147 162 196
1459675800 137 147 162 176
1459674000 141 145 154 183
1459672200 140 145 152 166
1459670400 148 145 162 165
1459668600 158 145 179 163
1459666800 166 142 188 159
1459665000 171 147 213 162
1459663200 198 158 220 188
1459661400 173 147 193 155
1459659600 197 144 261 157
1459657800 240 145 261 156
1459656000 264 148 310 165
1459654200 263 144 310 168
1459652400 251 145 284 166
1459650600 266 146 299 170
1459648800 269 149 307 170
1459647000 273 148 316 172
1459645200 282 144 308 158
1459643400 275 146 309 160
1459641600 240 148 270 162
1459639800 249 143 272 155
1459638000 259 145 330 158
1459636200 278 151 330 168
1459634400 272 148 310 164
1459632600 275 151 320 191
1459630800 251 139 284 161
1459629000 236 143 260 152
1459627200 239 148 273 169
1459625400 249 142 265 164
1459623600 245 140 282 164
1459621800 249 144 282 153
1459620000 270 146 294 171
1459618200 264 145 292 171
1459616400 267 144 301 155
1459614600 279 149 307 162
1459612800 292 150 325 172
1459611000 261 146 290 174
1459609200 230 145 248 167
1459607400 208 146 230 163
1459605600 218 152 251 184
1459603800 197 150 251 169
1459602000 202 144 260 166
1459600200 193 141 260 157
1459598400 176 145 207 172
1459596600 159 142 185 162
1459594800 153 148 175 161
1459593000 147 146 164 168
1459591200 155 148 177 185
1459589400 144 143 165 164
1459587600 147 147 164 163
1459585800 146 138 162 168
1459584000 151 147 176 169
1459582200 170 143 190 161
1459580400 175 144 192 172
1459578600 163 145 184 163
1459576800 169 148 187 158
1459575000 194 143 215 155
1459573200 211 147 241 174
1459571400 204 146 233 177
1459569600 236 150 272 171
1459567800 230 144 256 168
1459566000 248 147 282 172
1459564200 284 153 320 172
1459562400 325 160 354 221
1459560600 303 145 354 207
1459558800 298 161 335 207
1459557000 320 203 580 440
1459555200 290 158 322 215
1459553400 408 757 842 3209
1459551600 334 211 391 265
1459549800 357 249 467 520
1459548000 401 309 552 486
1459546200 432 517 694 1225
1459544400 413 457 747 1258
1459542600 501 1458 747 5307
1459540800 425 1106 653 4170
1459539000 551 748 1337 1534
1459537200 1470 1834 2153 2763
1459535400 897 3878 2409 12109
1459533600 823 1618 1691 2840
1459531800 687 1213 963 1903
1459530000 1133 1660 3656 4198
1459528200 1879 2256 4985 5744
1459526400 1243 1795 4378 5744
1459524600 2617 5835 4299 16555
1459522800 1325 3262 5908 17169
1459521000 5424 6005 12537 17169
1459519200 3246 8993 6361 39221
1459517400 960 7138 2567 39221
1459515600 981 5579 2304 31482
1459513800 5062 1319 26912 3238
1459512000 382 278 675 602
1459510200 260 277 412 965
1459508400 188 144 213 175
1459506600 168 134 187 157
1459504800 160 141 183 153
1459503000 153 140 172 174
1459501200 151 142 164 166
1459499400 142 137 162 148
1459497600 153 148 168 177
1459495800 163 143 190 167
1459494000 159 144 175 167
1459492200 159 144 181 150
1459490400 162 143 182 151
1459488600 166 142 186 162
1459486800 170 140 189 151
1459485000 192 145 229 164
1459483200 189 146 222 161
1459481400 192 144 222 160
1459479600 208 139 235 167
1459477800 219 145 249 166
1459476000 267 145 299 165
1459474200 306 142 341 168
1459472400 305 141 339 160
1459470600 316 140 335 163
1459468800 340 145 384 160
1459467000 337 141 355 175
1459465200 350 144 387 184
1459463400 353 146 413 171
1459461600 423 501 668 1297
1459459800 506 452 980 1211
1459458000 1171 11923 9677 162846
1459456200 2171 17985 9677 162846
1459454400 846 1528 1431 2419
1459452600 667 10776 1334 54305
1459450800 519 1002 1128 2689
1459449000 530 961 965 1969
1459447200 72549 4798 206289 11326
1459445400 358 487 470 658
1459443600 328 502 365 666
1459441800 701 1237 1812 3441
1459440000 1335 6007 4105 62235
1459438200 1128 7222 4105 62235
1459436400 1904 5586 3439 10241
1459434600 692 1401 1478 3355
1459432800 616 3381 1303 12205
1459431000 2179 5171 4952 12205
1459429200 1039 1054 4952 2649
1459427400 383 466 974 2649
1459425600 287 227 335 421
1459423800 253 261 316 690
1459422000 192 140 238 167
1459420200 165 144 187 199
1459418400 160 154 174 197
1459416600 155 118 182 134
1459414800 148 119 164 161
1459413000 145 146 160 165
1459411200 148 122 169 142
1459409400 152 122 175 149
1459407600 150 118 164 149
1459405800 147 120 162 139
1459404000 154 124 170 139
1459402200 165 136 190 189
1459400400 177 117 196 130
1459398600 190 157 224 221
1459396800 206 152 236 194
1459395000 206 121 236 155
1459393200 201 132 230 167
1459391400 224 138 243 371
1459389600 228 144 244 371
1459387800 240 118 283 151
1459386000 250 114 287 131
1459384200 263 119 289 143
1459382400 292 162 387 340
1459380600 286 141 346 187
1459378800 312 139 400 170
1459377000 343 146 400 171
1459375200 351 167 395 277
1459373400 809 1140 2009 3077
1459371600 1352 1849 3064 3259
1459369800 831 1256 3064 3259
1459368000 529 806 909 1432
1459366200 1240 1581 3703 4871
1459364400 1659 2513 2730 4897
1459362600 4406 4733 10850 12170
1459360800 3269 1416 15221 6075
1459359000 2367 1476 7854 6075
1459357200 26803 2297 91026 5800
1459355400 4986 1324 61976 4872
1459353600 40332 4805 93495 7534
1459351800 5409 1311 25224 2436
1459350000 728 1153 2083 5242
1459348200 1529 1764 4488 5242
1459346400 775 1528 1345 3007
1459344600 1421 4399 3658 14506
1459342800 864 2067 1836 12511
1459341000 631 2232 1836 12511
1459339200 276 148 525 460
1459332000 187 118 241 142
1459324800 162 116 196 143
1459317600 207 170 679 1287
1459310400 226 121 300 177
1459303200 283 119 347 140
1459296000 836 1249 10475 16582
1459288800 935 2335 3798 14086
1459281600 1407 10308 6969 90967
1459274400 1345 6583 5566 72382
1459267200 1466 8376 7013 90095
1459260000 1187 5759 5446 81352
1459252800 242 139 551 433
1459245600 159 122 191 177
1459238400 154 119 195 144
1459231200 159 121 209 148
1459224000 185 123 230 166
1459216800 207 120 270 143
1459209600 257 149 537 652
1459202400 690 1272 1821 4399
1459195200 2252 6148 6823 57673
1459188000 3796 45213 23189 457880
1459180800 2759 13608 8279 71575
1459173600 5789 7477 61381 29653
1459166400 349 399 3038 5229
1459159200 180 156 258 197
1459152000 181 156 234 246
1459144800 195 154 251 206
1459137600 187 152 250 202
1459130400 223 161 291 223
1459123200 226 156 297 200
1459116000 246 154 316 217
1459108800 269 158 335 209
1459101600 329 160 437 210
1459094400 284 151 385 197
1459087200 203 161 324 329
1459080000 187 164 251 207
1459072800 180 154 218 187
1459065600 199 154 238 185
1459058400 211 150 284 190
1459051200 262 152 357 202
1459044000 341 156 452 192
1459036800 247 146 303 196
1459029600 280 154 350 201
1459022400 294 153 361 208
1459015200 1051 907 18060 17961
1459008000 263 153 356 178
1459000800 230 171 492 435
1458993600 192 151 270 211
1458986400 175 152 231 179
1458979200 193 158 228 197
1458972000 194 153 230 212
1458964800 244 148 330 181
1458957600 291 152 367 210
1458950400 274 147 330 191
1458943200 259 150 328 193
1458936000 256 149 328 263
1458928800 236 142 291 186
1458921600 228 149 290 207
1458914400 189 146 256 174
1458907200 168 148 215 185
1458900000 155 144 213 171
1458892800 167 140 235 177
1458885600 190 147 227 170
1458878400 236 146 344 177
1458871200 270 148 341 168
1458864000 335 223 649 798
1458856800 1872 10478 15185 154789
1458849600 684 1443 1953 6305
1458842400 2051 835 37557 4815
1458835200 927 2261 10034 61739
1458828000 669 2726 4035 61739
1458820800 222 159 480 491
1458813600 147 115 173 147
1458806400 150 117 171 149
1458799200 175 126 232 193
1458792000 251 132 473 446
1458784800 307 118 358 137
1458777600 449 314 947 1114
1458770400 916 1586 6406 10662
1458763200 8197 1535 141587 8465
1458756000 1165 10436 5377 124837
1458748800 1428 6933 6870 53223
1458741600 796 2033 3131 24419
1458734400 217 138 454 593
1458727200 154 111 182 126
1458720000 151 113 182 142
1458712800 156 112 182 136
1458705600 223 112 284 127
1458698400 272 118 341 152
1458691200 288 146 382 204
1458684000 6489 5061 105423 24221
1458676800 9045 14229 56464 93558
1458669600 4866 11346 35963 79434
1458662400 1910 14178 9308 156445
1458655200 1116 6700 7004 121881
1458648000 262 233 903 752
1458640800 176 200 203 314
1458633600 185 204 208 316
1458626400 186 199 213 298
1458619200 206 191 253 255
1458612000 237 195 294 259
1458604800 282 244 467 952
1458597600 870 1747 3500 5616
1458590400 1506 4480 19835 142619
1458583200 15719 13238 127500 142619
1458576000 6482 5706 83569 58258
1458568800 19521 333203 107969 2062566
1458561600 290 335 847 1554
1458554400 171 134 207 199
1458547200 185 134 225 213
1458540000 185 122 219 147
1458532800 208 122 258 147
1458525600 180 132 308 211
1458518400 29 130 54 174
1458511200 31 115 64 139
1458504000 49 117 96 167
1458496800 47 117 96 169
1458489600 48 121 113 187
1458482400 48 120 96 168
1458475200 49 121 95 172
1458468000 44 117 93 165
1458460800 33 117 93 181
1458453600 90 748 1424 14745
1458446400 34 122 129 334
1458439200 0 0 0 0
1458432000 0 0 0 0
1458424800 0 0 0 0
1458417600 0 0 0 0
1458410400 0 0 0 0
1458403200 0 0 0 0
1458396000 0 0 0 0
1458388800 0 0 0 0
1458381600 0 0 0 0
1458374400 0 0 0 0
1458367200 0 0 0 0
1458360000 0 0 0 0
1458352800 0 0 0 0
1458345600 0 0 0 0
1458338400 0 0 0 0
1458331200 0 0 0 0
1458324000 0 0 0 0
1458316800 0 0 0 0
1458309600 0 0 0 0
1458302400 0 0 0 0
1458295200 0 0 0 0
1458288000 0 0 0 0
1458280800 0 0 0 0
1458273600 0 0 0 0
1458266400 0 0 0 0
1458259200 0 0 0 0
1458252000 0 0 0 0
1458244800 0 0 0 0
1458237600 0 0 0 0
1458230400 0 0 0 0
1458223200 0 0 0 0
1458216000 0 0 0 0
1458208800 0 0 0 0
1458201600 0 0 0 0
1458194400 0 0 0 0
1458187200 0 0 0 0
1458180000 0 0 0 0
1458172800 0 0 0 0
1458165600 0 0 0 0
1458158400 0 0 0 0
1458151200 0 0 0 0
1458144000 0 0 0 0
1458136800 0 0 0 0
1458129600 0 0 0 0
1458122400 0 0 0 0
1458115200 0 0 0 0
1458108000 0 0 0 0
1458100800 0 0 0 0
1458093600 0 0 0 0
1458086400 0 0 0 0
1458079200 0 0 0 0
1458072000 0 0 0 0
1458064800 0 0 0 0
1458057600 0 0 0 0
1458050400 0 0 0 0
1458043200 0 0 0 0
1458036000 0 0 0 0
1458028800 0 0 0 0
1458021600 0 0 0 0
1458014400 0 0 0 0
1458007200 0 0 0 0
1458000000 0 0 0 0
1457992800 0 0 0 0
1457985600 0 0 0 0
1457978400 0 0 0 0
1457971200 0 0 0 0
1457964000 0 0 0 0
1457956800 0 0 0 0
1457949600 0 0 0 0
1457942400 0 0 0 0
1457935200 0 0 0 0
1457928000 0 0 0 0
1457920800 0 0 0 0
1457913600 0 0 0 0
1457906400 0 0 0 0
1457899200 0 0 0 0
1457892000 0 0 0 0
1457884800 0 0 0 0
1457877600 0 0 0 0
1457870400 0 0 0 0
1457863200 0 0 0 0
1457856000 0 0 0 0
1457848800 0 0 0 0
1457841600 0 0 0 0
1457834400 0 0 0 0
1457827200 0 0 0 0
1457820000 0 0 0 0
1457812800 0 0 0 0
1457805600 0 0 0 0
1457798400 0 0 0 0
1457791200 0 0 0 0
1457784000 0 0 0 0
1457776800 0 0 0 0
1457769600 0 0 0 0
1457762400 0 0 0 0
1457755200 0 0 0 0
1457748000 0 0 0 0
1457740800 0 0 0 0
1457733600 0 0 0 0
1457726400 0 0 0 0
1457719200 0 0 0 0
1457712000 0 0 0 0
1457704800 0 0 0 0
1457697600 0 0 0 0
1457690400 0 0 0 0
1457683200 0 0 0 0
1457676000 0 0 0 0
1457668800 0 0 0 0
1457661600 0 0 0 0
1457654400 0 0 0 0
1457647200 0 0 0 0
1457640000 0 0 0 0
1457632800 0 0 0 0
1457625600 0 0 0 0
1457618400 0 0 0 0
1457611200 0 0 0 0
1457604000 0 0 0 0
1457596800 0 0 0 0
1457589600 0 0 0 0
1457582400 0 0 0 0
1457575200 0 0 0 0
1457568000 0 0 0 0
1457560800 0 0 0 0
1457553600 0 0 0 0
1457546400 0 0 0 0
1457539200 0 0 0 0
1457532000 0 0 0 0
1457524800 0 0 0 0
1457517600 0 0 0 0
1457510400 0 0 0 0
1457503200 0 0 0 0
1457496000 0 0 0 0
1457488800 0 0 0 0
1457481600 0 0 0 0
1457474400 0 0 0 0
1457467200 0 0 0 0
1457460000 0 0 0 0
1457452800 0 0 0 0
1457445600 0 0 0 0
1457438400 0 0 0 0
1457431200 0 0 0 0
1457424000 0 0 0 0
1457416800 0 0 0 0
1457409600 0 0 0 0
1457402400 0 0 0 0
1457395200 0 0 0 0
1457388000 0 0 0 0
1457380800 0 0 0 0
1457373600 0 0 0 0
1457366400 0 0 0 0
1457359200 0 0 0 0
1457352000 0 0 0 0
1457344800 0 0 0 0
1457337600 0 0 0 0
1457330400 0 0 0 0
1457323200 0 0 0 0
1457316000 0 0 0 0
1457308800 0 0 0 0
1457301600 0 0 0 0
1457294400 0 0 0 0
1457287200 0 0 0 0
1457280000 0 0 0 0
1457272800 0 0 0 0
1457265600 0 0 0 0
1457258400 0 0 0 0
1457251200 0 0 0 0
1457244000 0 0 0 0
1457236800 0 0 0 0
1457229600 0 0 0 0
1457222400 0 0 0 0
1457215200 0 0 0 0
1457208000 0 0 0 0
1457200800 0 0 0 0
1457193600 0 0 0 0
1457186400 0 0 0 0
1457179200 0 0 0 0
1457172000 0 0 0 0
1457164800 0 0 0 0
1457157600 0 0 0 0
1457150400 0 0 0 0
1457143200 0 0 0 0
1457136000 0 0 0 0
1457128800 0 0 0 0
1457121600 0 0 0 0
1457114400 0 0 0 0
1457107200 0 0 0 0
1457100000 0 0 0 0
1457092800 0 0 0 0
1457085600 0 0 0 0
1457078400 0 0 0 0
1457071200 0 0 0 0
1457064000 0 0 0 0
1457056800 0 0 0 0
1457049600 0 0 0 0
1457042400 0 0 0 0
1457035200 0 0 0 0
1457028000 0 0 0 0
1457020800 0 0 0 0
1457013600 0 0 0 0
1457006400 0 0 0 0
1456999200 0 0 0 0
1456992000 0 0 0 0
1456984800 0 0 0 0
1456977600 0 0 0 0
1456970400 0 0 0 0
1456963200 0 0 0 0
1456956000 0 0 0 0
1456948800 0 0 0 0
1456941600 0 0 0 0
1456934400 0 0 0 0
1456927200 0 0 0 0
1456920000 0 0 0 0
1456912800 0 0 0 0
1456905600 0 0 0 0
1456898400 0 0 0 0
1456891200 0 0 0 0
1456884000 0 0 0 0
1456876800 0 0 0 0
1456869600 0 0 0 0
1456862400 0 0 0 0
1456855200 0 0 0 0
1456848000 0 0 0 0
1456840800 0 0 0 0
1456833600 0 0 0 0
1456826400 0 0 0 0
1456819200 0 0 0 0
1456812000 0 0 0 0
1456804800 0 0 0 0
1456797600 0 0 0 0
1456790400 0 0 0 0
1456783200 0 0 0 0
1456776000 0 0 0 0
1456768800 0 0 0 0
1456761600 0 0 0 0
1456754400 0 0 0 0
1456747200 0 0 0 0
1456740000 0 0 0 0
1456732800 0 0 0 0
1456725600 0 0 0 0
1456718400 0 0 0 0
1456711200 0 0 0 0
1456704000 0 0 0 0
1456696800 0 0 0 0
1456689600 0 0 0 0
1456682400 0 0 0 0
1456675200 0 0 0 0
1456668000 0 0 0 0
1456660800 0 0 0 0
1456653600 0 0 0 0
1456646400 0 0 0 0
1456639200 0 0 0 0
1456632000 0 0 0 0
1456624800 0 0 0 0
1456617600 0 0 0 0
1456610400 0 0 0 0
1456603200 0 0 0 0
1456596000 0 0 0 0
1456588800 0 0 0 0
1456581600 0 0 0 0
1456574400 0 0 0 0
1456567200 0 0 0 0
1456560000 0 0 0 0
1456552800 0 0 0 0
1456545600 0 0 0 0
1456538400 0 0 0 0
1456531200 0 0 0 0
1456524000 0 0 0 0
1456516800 0 0 0 0
1456509600 0 0 0 0
1456502400 0 0 0 0
1456495200 0 0 0 0
1456488000 0 0 0 0
1456480800 0 0 0 0
1456473600 0 0 0 0
1456466400 0 0 0 0
1456459200 0 0 0 0
1456452000 0 0 0 0
1456444800 0 0 0 0
1456437600 0 0 0 0
1456430400 0 0 0 0
1456423200 0 0 0 0
1456416000 0 0 0 0
1456408800 0 0 0 0
1456401600 0 0 0 0
1456394400 0 0 0 0
1456387200 0 0 0 0
1456380000 0 0 0 0
1456372800 0 0 0 0
1456365600 0 0 0 0
1456358400 0 0 0 0
1456351200 0 0 0 0
1456344000 0 0 0 0
1456336800 0 0 0 0
1456329600 0 0 0 0
1456322400 0 0 0 0
1456315200 0 0 0 0
1456308000 0 0 0 0
1456300800 0 0 0 0
1456293600 0 0 0 0
1456286400 0 0 0 0
1456279200 0 0 0 0
1456272000 0 0 0 0
1456264800 0 0 0 0
1456257600 0 0 0 0
1456250400 0 0 0 0
1456243200 0 0 0 0
1456236000 0 0 0 0
1456228800 0 0 0 0
1456221600 0 0 0 0
1456214400 0 0 0 0
1456207200 0 0 0 0
1456200000 0 0 0 0
1456192800 0 0 0 0
1456185600 0 0 0 0
1456178400 0 0 0 0
1456171200 0 0 0 0
1456164000 0 0 0 0
1456156800 0 0 0 0
1456149600 0 0 0 0
1456142400 0 0 0 0
1456135200 0 0 0 0
1456128000 0 0 0 0
1456120800 0 0 0 0
1456113600 0 0 0 0
1456106400 0 0 0 0
1456099200 0 0 0 0
1456092000 0 0 0 0
1456084800 0 0 0 0
1456077600 0 0 0 0
1456070400 0 0 0 0
1456063200 0 0 0 0
1456056000 0 0 0 0
1456048800 0 0 0 0
1456041600 0 0 0 0
1456034400 0 0 0 0
1456027200 0 0 0 0
1456020000 0 0 0 0
1456012800 0 0 0 0
1456005600 0 0 0 0
1455998400 0 0 0 0
1455991200 0 0 0 0
1455984000 0 0 0 0
1455976800 0 0 0 0
1455969600 0 0 0 0
1455962400 0 0 0 0
1455955200 0 0 0 0
1455948000 0 0 0 0
1455940800 0 0 0 0
1455933600 0 0 0 0
1455926400 0 0 0 0
1455919200 0 0 0 0
1455912000 0 0 0 0
1455904800 0 0 0 0
1455897600 0 0 0 0
1455890400 0 0 0 0
1455883200 0 0 0 0
1455876000 0 0 0 0
1455868800 0 0 0 0
1455861600 0 0 0 0
1455854400 0 0 0 0
1455847200 0 0 0 0
1455840000 0 0 0 0
1455832800 0 0 0 0
1455825600 0 0 0 0
1455818400 0 0 0 0
1455811200 0 0 0 0
1455804000 0 0 0 0
1455796800 0 0 0 0
1455789600 0 0 0 0
1455782400 0 0 0 0
1455775200 0 0 0 0
1455768000 0 0 0 0
1455760800 0 0 0 0
1455753600 0 0 0 0
1455746400 0 0 0 0
1455739200 0 0 0 0
1455732000 0 0 0 0
1455724800 0 0 0 0
1455717600 0 0 0 0
1455710400 0 0 0 0
1455703200 0 0 0 0
1455696000 0 0 0 0
1455688800 0 0 0 0
1455681600 0 0 0 0
1455674400 0 0 0 0
1455667200 0 0 0 0
1455660000 0 0 0 0
1455652800 0 0 0 0
1455645600 0 0 0 0
1455638400 0 0 0 0
1455631200 0 0 0 0
1455624000 0 0 0 0
1455616800 0 0 0 0
1455609600 0 0 0 0
1455602400 0 0 0 0
1455595200 0 0 0 0
1455588000 0 0 0 0
1455580800 0 0 0 0
1455573600 0 0 0 0
1455566400 0 0 0 0
1455559200 0 0 0 0
1455552000 0 0 0 0
1455544800 0 0 0 0
1455537600 0 0 0 0
1455530400 0 0 0 0
1455523200 0 0 0 0
1455516000 0 0 0 0
1455508800 0 0 0 0
1455501600 0 0 0 0
1455494400 0 0 0 0
1455487200 0 0 0 0
1455480000 0 0 0 0
1455472800 0 0 0 0
1455465600 0 0 0 0
1455458400 0 0 0 0
1455451200 0 0 0 0
1455444000 0 0 0 0
1455436800 0 0 0 0
1455429600 0 0 0 0
1455422400 0 0 0 0
1455415200 0 0 0 0
1455408000 0 0 0 0
1455400800 0 0 0 0
1455393600 0 0 0 0
1455386400 0 0 0 0
1455379200 0 0 0 0
1455372000 0 0 0 0
1455364800 0 0 0 0
1455357600 0 0 0 0
1455350400 0 0 0 0
1455343200 0 0 0 0
1455336000 0 0 0 0
1455328800 0 0 0 0
1455321600 0 0 0 0
1455314400 0 0 0 0
1455307200 0 0 0 0
1455300000 0 0 0 0
1455292800 0 0 0 0
1455285600 0 0 0 0
1455278400 0 0 0 0
1455271200 0 0 0 0
1455264000 0 0 0 0
1455256800 0 0 0 0
1455249600 0 0 0 0
1455242400 0 0 0 0
1455235200 0 0 0 0
1455228000 0 0 0 0
1455220800 0 0 0 0
1455213600 0 0 0 0
1455206400 0 0 0 0
1455199200 0 0 0 0
1455192000 0 0 0 0
1455184800 0 0 0 0
1455177600 0 0 0 0
1455170400 0 0 0 0
1455163200 0 0 0 0
1455156000 0 0 0 0
1455148800 0 0 0 0
1455141600 0 0 0 0
1455134400 0 0 0 0
1455127200 0 0 0 0
1455120000 0 0 0 0
1455112800 0 0 0 0
1455105600 0 0 0 0
1455098400 0 0 0 0
1455091200 0 0 0 0
1455084000 0 0 0 0
1455076800 0 0 0 0
1455069600 0 0 0 0
1455062400 0 0 0 0
1455055200 0 0 0 0
1455048000 0 0 0 0
1455040800 0 0 0 0
1455033600 0 0 0 0
1455026400 0 0 0 0
1455019200 0 0 0 0
1454976000 0 0 0 0
1454889600 0 0 0 0
1454803200 0 0 0 0
1454716800 0 0 0 0
1454630400 0 0 0 0
1454544000 0 0 0 0
1454457600 0 0 0 0
1454371200 0 0 0 0
1454284800 0 0 0 0
1454198400 0 0 0 0
1454112000 0 0 0 0
1454025600 0 0 0 0
1453939200 0 0 0 0
1453852800 0 0 0 0
1453766400 0 0 0 0
1453680000 0 0 0 0
1453593600 0 0 0 0
1453507200 0 0 0 0
1453420800 0 0 0 0
1453334400 0 0 0 0
1453248000 0 0 0 0
1453161600 0 0 0 0
1453075200 0 0 0 0
1452988800 0 0 0 0
1452902400 0 0 0 0
1452816000 0 0 0 0
1452729600 0 0 0 0
1452643200 0 0 0 0
1452556800 0 0 0 0
1452470400 0 0 0 0
1452384000 0 0 0 0
1452297600 0 0 0 0
1452211200 0 0 0 0
1452124800 0 0 0 0
1452038400 0 0 0 0
1451952000 0 0 0 0
1451865600 0 0 0 0
1451779200 0 0 0 0
1451692800 0 0 0 0
1451606400 0 0 0 0
1451520000 0 0 0 0
1451433600 0 0 0 0
1451347200 0 0 0 0
1451260800 0 0 0 0
1451174400 0 0 0 0
1451088000 0 0 0 0
1451001600 0 0 0 0
1450915200 0 0 0 0
1450828800 0 0 0 0
1450742400 0 0 0 0
1450656000 0 0 0 0
1450569600 0 0 0 0
1450483200 0 0 0 0
1450396800 0 0 0 0
1450310400 0 0 0 0
1450224000 0 0 0 0
1450137600 0 0 0 0
1450051200 0 0 0 0
1449964800 0 0 0 0
1449878400 0 0 0 0
1449792000 0 0 0 0
1449705600 0 0 0 0
1449619200 0 0 0 0
1449532800 0 0 0 0
1449446400 0 0 0 0
1449360000 0 0 0 0
1449273600 0 0 0 0
1449187200 0 0 0 0
1449100800 0 0 0 0
1449014400 0 0 0 0
1448928000 0 0 0 0
1448841600 0 0 0 0
1448755200 0 0 0 0
1448668800 0 0 0 0
1448582400 0 0 0 0
1448496000 0 0 0 0
1448409600 0 0 0 0
1448323200 0 0 0 0
1448236800 0 0 0 0
1448150400 0 0 0 0
1448064000 0 0 0 0
1447977600 0 0 0 0
1447891200 0 0 0 0
1447804800 0 0 0 0
1447718400 0 0 0 0
1447632000 0 0 0 0
1447545600 0 0 0 0
1447459200 0 0 0 0
1447372800 0 0 0 0
1447286400 0 0 0 0
1447200000 0 0 0 0
1447113600 0 0 0 0
1447027200 0 0 0 0
1446940800 0 0 0 0
1446854400 0 0 0 0
1446768000 0 0 0 0
1446681600 0 0 0 0
1446595200 0 0 0 0
1446508800 0 0 0 0
1446422400 0 0 0 0
1446336000 0 0 0 0
1446249600 0 0 0 0
1446163200 0 0 0 0
1446076800 0 0 0 0
1445990400 0 0 0 0
1445904000 0 0 0 0
1445817600 0 0 0 0
1445731200 0 0 0 0
1445644800 0 0 0 0
1445558400 0 0 0 0
1445472000 0 0 0 0
1445385600 0 0 0 0
1445299200 0 0 0 0
1445212800 0 0 0 0
1445126400 0 0 0 0
1445040000 0 0 0 0
1444953600 0 0 0 0
1444867200 0 0 0 0
1444780800 0 0 0 0
1444694400 0 0 0 0
1444608000 0 0 0 0
1444521600 0 0 0 0
1444435200 0 0 0 0
1444348800 0 0 0 0
1444262400 0 0 0 0
1444176000 0 0 0 0
1444089600 0 0 0 0
1444003200 0 0 0 0
1443916800 0 0 0 0
1443830400 0 0 0 0
1443744000 0 0 0 0
1443657600 0 0 0 0
1443571200 0 0 0 0
1443484800 0 0 0 0
1443398400 0 0 0 0
1443312000 0 0 0 0
1443225600 0 0 0 0
1443139200 0 0 0 0
1443052800 0 0 0 0
1442966400 0 0 0 0
1442880000 0 0 0 0
1442793600 0 0 0 0
1442707200 0 0 0 0
1442620800 0 0 0 0
1442534400 0 0 0 0
1442448000 0 0 0 0
1442361600 0 0 0 0
1442275200 0 0 0 0
1442188800 0 0 0 0
1442102400 0 0 0 0
1442016000 0 0 0 0
1441929600 0 0 0 0
1441843200 0 0 0 0
1441756800 0 0 0 0
1441670400 0 0 0 0
1441584000 0 0 0 0
1441497600 0 0 0 0
1441411200 0 0 0 0
1441324800 0 0 0 0
1441238400 0 0 0 0
1441152000 0 0 0 0
1441065600 0 0 0 0
1440979200 0 0 0 0
1440892800 0 0 0 0
1440806400 0 0 0 0
1440720000 0 0 0 0
1440633600 0 0 0 0
1440547200 0 0 0 0
1440460800 0 0 0 0
1440374400 0 0 0 0
1440288000 0 0 0 0
1440201600 0 0 0 0
1440115200 0 0 0 0
1440028800 0 0 0 0
1439942400 0 0 0 0
1439856000 0 0 0 0
1439769600 0 0 0 0
1439683200 0 0 0 0
1439596800 0 0 0 0
1439510400 0 0 0 0
1439424000 0 0 0 0
1439337600 0 0 0 0
1439251200 0 0 0 0
1439164800 0 0 0 0
1439078400 0 0 0 0
1438992000 0 0 0 0
1438905600 0 0 0 0
1438819200 0 0 0 0
1438732800 0 0 0 0
1438646400 0 0 0 0
1438560000 0 0 0 0
1438473600 0 0 0 0
1438387200 0 0 0 0
1438300800 0 0 0 0
1438214400 0 0 0 0
1438128000 0 0 0 0
1438041600 0 0 0 0
1437955200 0 0 0 0
1437868800 0 0 0 0
1437782400 0 0 0 0
1437696000 0 0 0 0
1437609600 0 0 0 0
1437523200 0 0 0 0
1437436800 0 0 0 0
1437350400 0 0 0 0
1437264000 0 0 0 0
1437177600 0 0 0 0
1437091200 0 0 0 0
1437004800 0 0 0 0
1436918400 0 0 0 0
1436832000 0 0 0 0
1436745600 0 0 0 0
1436659200 0 0 0 0
1436572800 0 0 0 0
1436486400 0 0 0 0
1436400000 0 0 0 0
1436313600 0 0 0 0
1436227200 0 0 0 0
1436140800 0 0 0 0
1436054400 0 0 0 0
1435968000 0 0 0 0
1435881600 0 0 0 0
1435795200 0 0 0 0
1435708800 0 0 0 0
1435622400 0 0 0 0
1435536000 0 0 0 0
1435449600 0 0 0 0
1435363200 0 0 0 0
1435276800 0 0 0 0
1435190400 0 0 0 0
1435104000 0 0 0 0
1435017600 0 0 0 0
1434931200 0 0 0 0
1434844800 0 0 0 0
1434758400 0 0 0 0
1434672000 0 0 0 0
1434585600 0 0 0 0
1434499200 0 0 0 0
1434412800 0 0 0 0
1434326400 0 0 0 0
1434240000 0 0 0 0
1434153600 0 0 0 0
1434067200 0 0 0 0
1433980800 0 0 0 0
1433894400 0 0 0 0
1433808000 0 0 0 0
1433721600 0 0 0 0
1433635200 0 0 0 0
1433548800 0 0 0 0
1433462400 0 0 0 0
1433376000 0 0 0 0
1433289600 0 0 0 0
1433203200 0 0 0 0
1433116800 0 0 0 0
1433030400 0 0 0 0
1432944000 0 0 0 0
1432857600 0 0 0 0
1432771200 0 0 0 0
1432684800 0 0 0 0
1432598400 0 0 0 0
1432512000 0 0 0 0
1432425600 0 0 0 0
1432339200 0 0 0 0
1432252800 0 0 0 0
1432166400 0 0 0 0
1432080000 0 0 0 0
1431993600 0 0 0 0
1431907200 0 0 0 0
1431820800 0 0 0 0
1431734400 0 0 0 0
1431648000 0 0 0 0
1431561600 0 0 0 0
1431475200 0 0 0 0
1431388800 0 0 0 0
1431302400 0 0 0 0
1431216000 0 0 0 0
1431129600 0 0 0 0
1431043200 0 0 0 0
1430956800 0 0 0 0
1430870400 0 0 0 0
1430784000 0 0 0 0
1430697600 0 0 0 0
1430611200 0 0 0 0
1430524800 0 0 0 0
1430438400 0 0 0 0
1430352000 0 0 0 0
1430265600 0 0 0 0
1430179200 0 0 0 0
1430092800 0 0 0 0
1430006400 0 0 0 0
1429920000 0 0 0 0
1429833600 0 0 0 0
1429747200 0 0 0 0
1429660800 0 0 0 0
1429574400 0 0 0 0
1429488000 0 0 0 0
1429401600 0 0 0 0
1429315200 0 0 0 0
1429228800 0 0 0 0
1429142400 0 0 0 0
1429056000 0 0 0 0
1428969600 0 0 0 0
1428883200 0 0 0 0
1428796800 0 0 0 0
1428710400 0 0 0 0
1428624000 0 0 0 0
1428537600 0 0 0 0
1428451200 0 0 0 0
1428364800 0 0 0 0
1428278400 0 0 0 0
1428192000 0 0 0 0
1428105600 0 0 0 0
1428019200 0 0 0 0
1427932800 0 0 0 0
1427846400 0 0 0 0
1427760000 0 0 0 0
1427673600 0 0 0 0
1427587200 0 0 0 0
1427500800 0 0 0 0
1427414400 0 0 0 0
1427328000 0 0 0 0
1427241600 0 0 0 0
1427155200 0 0 0 0
1427068800 0 0 0 0
1426982400 0 0 0 0
1426896000 0 0 0 0
1426809600 0 0 0 0
1426723200 0 0 0 0
1426636800 0 0 0 0
1426550400 0 0 0 0
1426464000 0 0 0 0
1426377600 0 0 0 0
1426291200 0 0 0 0
1426204800 0 0 0 0
1426118400 0 0 0 0
1426032000 0 0 0 0
1425945600 0 0 0 0
1425859200 0 0 0 0
1425772800 0 0 0 0
1425686400 0 0 0 0
1425600000 0 0 0 0
1425513600 0 0 0 0
1425427200 0 0 0 0
1425340800 0 0 0 0
1425254400 0 0 0 0
1425168000 0 0 0 0
1425081600 0 0 0 0
1424995200 0 0 0 0
1424908800 0 0 0 0
1424822400 0 0 0 0
1424736000 0 0 0 0
1424649600 0 0 0 0
1424563200 0 0 0 0
1424476800 0 0 0 0
1424390400 0 0 0 0
1424304000 0 0 0 0
1424217600 0 0 0 0
1424131200 0 0 0 0
1424044800 0 0 0 0
1423958400 0 0 0 0
1423872000 0 0 0 0
1423785600 0 0 0 0
1423699200 0 0 0 0
1423612800 0 0 0 0
1423526400 0 0 0 0
1423440000 0 0 0 0
1423353600 0 0 0 0
1423267200 0 0 0 0
1423180800 0 0 0 0
1423094400 0 0 0 0
1423008000 0 0 0 0
1422921600 0 0 0 0
1422835200 0 0 0 0
1422748800 0 0 0 0
1422662400 0 0 0 0
1422576000 0 0 0 0
1422489600 0 0 0 0
1422403200 0 0 0 0
1422316800 0 0 0 0
1422230400 0 0 0 0
1422144000 0 0 0 0
1422057600 0 0 0 0
1421971200 0 0 0 0
1421884800 0 0 0 0
1421798400 0 0 0 0
1421712000 0 0 0 0
1421625600 0 0 0 0
1421539200 0 0 0 0
1421452800 0 0 0 0
1421366400 0 0 0 0
1421280000 0 0 0 0
1421193600 0 0 0 0
1421107200 0 0 0 0
1421020800 0 0 0 0
1420934400 0 0 0 0
1420848000 0 0 0 0
1420761600 0 0 0 0
1420675200 0 0 0 0
1420588800 0 0 0 0
1420502400 0 0 0 0
1420416000 0 0 0 0
1420329600 0 0 0 0
1420243200 0 0 0 0
1420156800 0 0 0 0
1420070400 0 0 0 0
1419984000 0 0 0 0
1419897600 0 0 0 0
1419811200 0 0 0 0
1419724800 0 0 0 0
1419638400 0 0 0 0
1419552000 0 0 0 0
1419465600 0 0 0 0
1419379200 0 0 0 0
1419292800 0 0 0 0
1419206400 0 0 0 0
1419120000 0 0 0 0
1419033600 0 0 0 0
1418947200 0 0 0 0
1418860800 0 0 0 0
1418774400 0 0 0 0
1418688000 0 0 0 0
1418601600 0 0 0 0
1418515200 0 0 0 0
1418428800 0 0 0 0
1418342400 0 0 0 0
1418256000 0 0 0 0
1418169600 0 0 0 0
1418083200 0 0 0 0
1417996800 0 0 0 0
1417910400 0 0 0 0
1417824000 0 0 0 0
1417737600 0 0 0 0
1417651200 0 0 0 0
1417564800 0 0 0 0
1417478400 0 0 0 0
1417392000 0 0 0 0
1417305600 0 0 0 0
1417219200 0 0 0 0
1417132800 0 0 0 0
1417046400 0 0 0 0
1416960000 0 0 0 0
1416873600 0 0 0 0
1416787200 0 0 0 0
1416700800 0 0 0 0
1416614400 0 0 0 0
1416528000 0 0 0 0
1416441600 0 0 0 0
1416355200 0 0 0 0
1416268800 0 0 0 0
1416182400 0 0 0 0
1416096000 0 0 0 0
1416009600 0 0 0 0
1415923200 0 0 0 0
1415836800 0 0 0 0
1415750400 0 0 0 0
1415664000 0 0 0 0
1415577600 0 0 0 0
1415491200 0 0 0 0
1415404800 0 0 0 0
1415318400 0 0 0 0
1415232000 0 0 0 0
1415145600 0 0 0 0
1415059200 0 0 0 0
1414972800 0 0 0 0
1414886400 0 0 0 0
1414800000 0 0 0 0
1414713600 0 0 0 0
1414627200 0 0 0 0
1414540800 0 0 0 0
1414454400 0 0 0 0
1414368000 0 0 0 0
1414281600 0 0 0 0
1414195200 0 0 0 0
1414108800 0 0 0 0
1414022400 0 0 0 0
1413936000 0 0 0 0
1413849600 0 0 0 0
1413763200 0 0 0 0
1413676800 0 0 0 0
1413590400 0 0 0 0
1413504000 0 0 0 0
1413417600 0 0 0 0
1413331200 0 0 0 0
1413244800 0 0 0 0
1413158400 0 0 0 0
1413072000 0 0 0 0
1412985600 0 0 0 0
1412899200 0 0 0 0
1412812800 0 0 0 0
1412726400 0 0 0 0
1412640000 0 0 0 0
1412553600 0 0 0 0
1412467200 0 0 0 0
1412380800 0 0 0 0
1412294400 0 0 0 0
1412208000 0 0 0 0
1412121600 0 0 0 0
1412035200 0 0 0 0
1411948800 0 0 0 0
1411862400 0 0 0 0
1411776000 0 0 0 0
1411689600 0 0 0 0
1411603200 0 0 0 0
1411516800 0 0 0 0
1411430400 0 0 0 0
1411344000 0 0 0 0
1411257600 0 0 0 0
1411171200 0 0 0 0
1411084800 0 0 0 0
1410998400 0 0 0 0
1410912000 0 0 0 0
1410825600 0 0 0 0
1410739200 0 0 0 0
1410652800 0 0 0 0
1410566400 0 0 0 0
1410480000 0 0 0 0
1410393600 0 0 0 0
1410307200 0 0 0 0
1410220800 0 0 0 0
1410134400 0 0 0 0
1410048000 0 0 0 0
1409961600 0 0 0 0
1409875200 0 0 0 0
1409788800 0 0 0 0
1409702400 0 0 0 0
1409616000 0 0 0 0
1409529600 0 0 0 0
1409443200 0 0 0 0
1409356800 0 0 0 0
1409270400 0 0 0 0
1409184000 0 0 0 0
1409097600 0 0 0 0
1409011200 0 0 0 0
1408924800 0 0 0 0
1408838400 0 0 0 0
1408752000 0 0 0 0
1408665600 0 0 0 0
1408579200 0 0 0 0
1408492800 0 0 0 0
1408406400 0 0 0 0
1408320000 0 0 0 0
1408233600 0 0 0 0
1408147200 0 0 0 0
1408060800 0 0 0 0
1407974400 0 0 0 0
1407888000 0 0 0 0
1407801600 0 0 0 0
1407715200 0 0 0 0
1407628800 0 0 0 0
1407542400 0 0 0 0
1407456000 0 0 0 0
1407369600 0 0 0 0
1407283200 0 0 0 0
1407196800 0 0 0 0
1407110400 0 0 0 0
1407024000 0 0 0 0
1406937600 0 0 0 0
1406851200 0 0 0 0
1406764800 0 0 0 0
1406678400 0 0 0 0
1406592000 0 0 0 0
1406505600 0 0 0 0
1406419200 0 0 0 0
1406332800 0 0 0 0
1406246400 0 0 0 0
1406160000 0 0 0 0
1406073600 0 0 0 0
1405987200 0 0 0 0
1405900800 0 0 0 0
1405814400 0 0 0 0
1405728000 0 0 0 0
1405641600 0 0 0 0
1405555200 0 0 0 0
1405468800 0 0 0 0
1405382400 0 0 0 0
1405296000 0 0 0 0
1405209600 0 0 0 0
1405123200 0 0 0 0
1405036800 0 0 0 0
1404950400 0 0 0 0
1404864000 0 0 0 0
1404777600 0 0 0 0
1404691200 0 0 0 0
1404604800 0 0 0 0
1404518400 0 0 0 0
1404432000 0 0 0 0
1404345600 0 0 0 0
1404259200 0 0 0 0
1404172800 0 0 0 0
1404086400 0 0 0 0
1404000000 0 0 0 0
1403913600 0 0 0 0
1403827200 0 0 0 0
1403740800 0 0 0 0
1403654400 0 0 0 0
1403568000 0 0 0 0
1403481600 0 0 0 0
1403395200 0 0 0 0
1403308800 0 0 0 0
1403222400 0 0 0 0
1403136000 0 0 0 0
1403049600 0 0 0 0
1402963200 0 0 0 0
1402876800 0 0 0 0
1402790400 0 0 0 0
1402704000 0 0 0 0
1402617600 0 0 0 0
1402531200 0 0 0 0
1402444800 0 0 0 0
1402358400 0 0 0 0
1402272000 0 0 0 0
1402185600 0 0 0 0
1402099200 0 0 0 0
1402012800 0 0 0 0
1401926400 0 0 0 0
1401840000 0 0 0 0
1401753600 0 0 0 0
1401667200 0 0 0 0
1401580800 0 0 0 0
1401494400 0 0 0 0
1401408000 0 0 0 0
1401321600 0 0 0 0
1401235200 0 0 0 0
1401148800 0 0 0 0
1401062400 0 0 0 0
1400976000 0 0 0 0
1400889600 107 615 4691 12845
1400803200 121 676 2221 6664
1400716800 214 543 6220 8558
1400630400 0 0 0 0
1400544000 0 0 0 0
1400457600 0 0 0 0
1400371200 0 0 0 0
1400284800 0 0 0 0
1400198400 0 0 0 0
1400112000 0 0 0 0
1400025600 0 0 0 0
1399939200 0 0 0 0
1399852800 0 0 0 0
1399766400 0 0 0 0
1399680000 0 0 0 0
1399593600 0 0 0 0
1399507200 0 0 0 0
1399420800 0 0 0 0
1399334400 0 0 0 0
1399248000 0 0 0 0
1399161600 0 0 0 0
1399075200 0 0 0 0
1398988800 0 0 0 0
1398902400 0 0 0 0
1398816000 0 0 0 0
1398729600 0 0 0 0
1398643200 0 0 0 0
1398556800 0 0 0 0
1398470400 0 0 0 0
1398384000 0 0 0 0
1398297600 0 0 0 0
1398211200 0 0 0 0
1398124800 0 0 0 0
1398038400 0 0 0 0
1397952000 0 0 0 0
1397865600 0 0 0 0
1397779200 0 0 0 0
1397692800 0 0 0 0
1397606400 0 0 0 0
1397520000 0 0 0 0
1397433600 0 0 0 0
1397347200 0 0 0 0
1397260800 0 0 0 0
1397174400 0 0 0 0
1397088000 0 0 0 0
1397001600 0 0 0 0
1396915200 0 0 0 0
1396828800 0 0 0 0
1396742400 0 0 0 0
1396656000 0 0 0 0
1396569600 0 0 0 0
1396483200 0 0 0 0
1396396800 0 0 0 0
1396310400 0 0 0 0
1396224000 0 0 0 0
1396137600 0 0 0 0
1396051200 0 0 0 0
1395964800 0 0 0 0
1395878400 0 0 0 0
1395792000 0 0 0 0
1395705600 0 0 0 0
1395619200 0 0 0 0
1395532800 0 0 0 0
1395446400 0 0 0 0
1395360000 0 0 0 0
1395273600 0 0 0 0
1395187200 0 0 0 0
1395100800 0 0 0 0
1395014400 0 0 0 0
1394928000 0 0 0 0
1394841600 0 0 0 0
1394755200 0 0 0 0
1394668800 0 0 0 0
1394582400 0 0 0 0
1394496000 0 0 0 0
1394409600 0 0 0 0
1394323200 0 0 0 0
1394236800 0 0 0 0
1394150400 0 0 0 0
1394064000 0 0 0 0
1393977600 0 0 0 0
1393891200 0 0 0 0
1393804800 0 0 0 0
1393718400 0 0 0 0
1393632000 0 0 0 0
1393545600 0 0 0 0
1393459200 0 0 0 0
1393372800 0 0 0 0
1393286400 0 0 0 0
1393200000 0 0 0 0
1393113600 0 0 0 0
1393027200 0 0 0 0
1392940800 0 0 0 0
1392854400 0 0 0 0
1392768000 0 0 0 0
1392681600 0 0 0 0
1392595200 0 0 0 0
1392508800 0 0 0 0
1392422400 0 0 0 0
1392336000 0 0 0 0
1392249600 0 0 0 0
1392163200 0 0 0 0
1392076800 0 0 0 0
1391990400 0 0 0 0
1391904000 0 0 0 0
1391817600 0 0 0 0
