1431190809 248898 4854058
1431190809 55 416 55 416
1431176643 55 416 55 416
1431176400 55 268 56 416
1431176100 56 212 57 234
1431175800 56 207 57 208
1431175500 56 219 56 222
1431175200 56 209 56 222
1431174900 56 210 56 211
1431174600 56 224 56 228
1431174300 56 218 56 228
1431174000 56 207 56 216
1431173700 56 212 56 214
1431173400 56 213 56 214
1431173100 56 208 56 213
1431172800 56 222 56 226
1431172500 56 211 56 226
1431172200 56 213 56 215
1431171900 56 217 56 218
1431171600 56 204 56 218
1431171300 56 215 56 219
1431171000 56 228 56 231
1431170700 56 210 56 231
1431170400 56 201 56 206
1431170100 56 231 56 239
1431169800 56 212 56 239
1431169500 56 208 56 209
1431169200 56 223 56 227
1431168900 56 204 56 227
1431168600 56 200 56 201
1431168300 56 237 56 246
1431168000 56 209 56 246
1431167700 56 205 56 207
1431167400 56 223 56 227
1431167100 56 209 56 227
1431166800 56 183 56 205
1431166500 56 225 56 236
1431166200 56 210 56 236
1431165900 56 193 56 205
1431165600 56 214 56 220
1431165300 56 213 56 220
1431165000 56 196 56 212
1431164700 56 218 56 225
1431164400 56 203 56 225
1431164100 56 234 56 243
1431163800 56 217 56 243
1431163500 56 225 56 229
1431163200 56 211 56 229
1431162900 56 227 56 232
1431162600 56 195 56 232
1431162300 56 216 56 223
1431162000 56 228 56 230
1431161700 56 203 56 230
1431161400 56 203 56 205
1431161100 56 237 56 245
1431160800 56 199 56 245
1431160500 56 218 56 225
1431160200 56 230 56 232
1431159900 56 227 56 232
1431159600 56 176 56 227
1431159300 56 222 56 236
1431159000 56 218 56 236
1431158700 56 202 56 215
1431158400 56 228 56 235
1431158100 56 215 56 235
1431157800 56 192 56 211
1431157500 56 229 56 239
1431157200 56 221 56 239
1431156900 56 208 56 218
1431156600 56 235 56 242
1431156300 56 218 56 242
1431156000 56 211 56 213
1431155700 56 220 56 223
1431155400 56 200 56 223
1431155100 56 209 56 213
1431154800 56 232 56 237
1431154500 56 198 56 237
1431154200 56 199 56 202
1431153900 56 226 56 232
1431153600 56 201 56 232
1431153300 56 202 56 204
1431153000 56 230 56 237
1431152700 56 213 56 237
1431152400 56 201 56 208
1431152100 56 213 56 217
1431151800 56 214 56 217
1431151500 56 203 56 214
1431151200 56 218 56 223
1431150900 56 211 56 223
1431150600 56 198 56 209
1431150300 56 236 56 246
1431150000 56 203 56 246
1431149700 134 285 153 307
1431149400 74 272 153 307
1431149100 56 224 56 264
1431148800 56 210 56 215
1431148500 56 218 56 221
1431148200 56 210 56 221
1431147900 56 214 56 216
1431147600 56 224 56 226
1431147300 56 215 56 226
1431147000 56 203 56 213
1431146700 56 231 56 239
1431146400 56 220 56 239
1431146100 56 207 56 216
1431145800 56 229 56 235
1431145500 56 217 56 235
1431145200 56 200 56 213
1431144900 56 215 56 219
1431144600 56 219 56 220
1431144300 56 215 56 220
1431144000 56 230 56 234
1431143700 56 211 56 234
1431143400 56 201 56 206
1431143100 56 234 56 242
1431142800 56 220 56 242
1431142500 56 205 56 215
1431142200 56 243 56 253
1431141900 56 225 56 253
1431141600 56 197 56 219
1431141300 56 249 56 263
1431141000 56 224 56 263
1431140700 56 219 56 220
1431140400 56 226 56 228
1431140100 56 215 56 228
1431139800 56 207 56 212
1431139500 56 222 56 226
1431139200 56 226 56 226
1431138900 56 231 56 233
1431138600 56 229 56 233
1431138300 56 213 56 229
1431138000 56 207 56 210
1431137700 56 229 56 235
1431137400 56 243 56 245
1431137100 56 215 56 245
1431136800 56 251 56 261
1431136500 56 205 56 261
1431136200 56 210 56 215
1431135900 56 234 56 239
1431135600 56 213 56 239
1431135300 56 215 56 217
1431135000 56 246 56 253
1431134700 56 234 56 253
1431134400 56 206 56 230
1431134100 56 235 56 244
1431133800 56 370 56 400
1431133500 56 270 56 400
1431133200 56 238 56 240
1431132900 56 221 56 238
1431132600 56 209 56 218
1431132300 56 231 56 237
1431132000 56 212 56 237
1431131700 56 232 56 238
1431131400 56 247 56 250
1431131100 56 218 56 250
1431130800 56 215 56 217
1431130500 56 242 56 249
1431130200 56 214 56 249
1431129900 56 219 56 222
1431129600 56 244 56 250
1431129300 56 217 56 250
1431129000 56 215 56 217
1431128700 56 238 56 243
1431128400 56 205 56 243
1431128100 56 227 56 235
1431127800 56 256 56 261
1431127500 56 211 56 261
1431127200 56 214 56 218
1431126900 56 286 56 302
1431126600 56 266 56 302
1431126300 56 214 56 258
1431126000 56 242 56 251
1431125700 56 212 56 251
1431125400 56 212 56 214
1431125100 56 224 56 227
1431124800 56 216 56 227
1431124500 56 217 56 218
1431124200 56 247 56 255
1431123900 56 212 56 255
1431123600 56 221 56 226
1431123300 56 241 56 245
1431123000 56 227 56 245
1431122700 56 231 56 234
1431122400 56 269 56 278
1431122100 56 234 56 278
1431121800 56 249 56 256
1431121500 56 230 56 256
1431121200 56 238 56 242
1431120900 56 232 56 242
1431120600 56 277 56 289
1431120300 56 228 56 289
1431120000 56 244 56 252
1431119700 56 236 56 252
1431119400 56 284 56 296
1431119100 56 443 56 478
1431118800 56 358 56 478
1431118500 56 307 56 331
1431118200 56 353 56 365
1431117900 56 368 56 369
1431117600 56 356 56 369
1431117300 56 319 56 353
1431117000 56 375 56 391
1431116700 56 567 56 609
1431116400 56 572 56 609
1431116100 56 589 56 595
1431115800 56 507 56 595
1431115500 56 503 56 507
1431115200 56 536 56 543
1431114900 56 609 56 625
1431114600 56 503 56 625
1431114300 56 498 56 504
1431114000 56 542 56 551
1431113700 56 576 56 582
1431113400 56 721 56 754
1431113100 56 682 56 754
1431112800 56 580 56 666
1431112500 56 636 56 654
1431112200 56 906 56 966
1431111900 56 801 56 966
1431111600 56 877 56 904
1431111300 56 647 56 904
1431111000 56 732 56 767
1431110700 56 984 56 1036
1431110400 56 1112 56 1131
1431110100 56 1084 56 1131
1431109800 56 925 56 1074
1431109500 56 1037 56 1072
1431109200 56 684 56 1072
1431108900 56 971 56 1060
1431108600 56 1147 56 1168
1431108300 56 1300 56 1332
1431108000 56 798 56 1332
1431107700 56 600 56 673
1431107400 56 689 56 714
1431107100 56 789 56 807
1431106800 56 889 56 909
1431106500 56 764 56 909
1431106200 56 682 56 731
1431105900 56 619 56 671
1431105600 56 870 56 932
1431105300 56 828 56 932
1431105000 56 651 56 804
1431104700 56 777 56 815
1431104400 56 739 56 815
1431104100 56 636 56 722
1431103800 56 710 56 733
1431103500 56 916 56 959
1431103200 56 965 56 967
1431102900 56 647 56 967
1431102600 56 639 56 655
1431102300 56 768 56 795
1431102000 56 567 56 795
1431101700 56 624 56 651
1431101400 56 709 56 723
1431101100 56 715 56 723
1431100800 56 848 57 880
1431100500 56 794 57 880
1431100200 56 1044 56 1108
1431099900 56 849 56 1108
1431099600 56 771 56 789
1431099300 56 796 56 803
1431099000 56 750 56 803
1431098700 54 808 56 825
1431098400 55 1009 56 1053
1431098100 56 1151 56 1174
1431097800 57 828 58 1174
1431097500 56 750 58 751
1431097200 56 678 56 751
1431096900 54 990 56 1068
1431096600 57 1001 58 1068
1431096300 54 996 58 999
1431096000 55 755 56 999
1431095700 56 667 56 698
1431095400 56 668 56 671
1431095100 56 696 56 702
1431094800 56 684 56 702
1431094500 56 882 56 930
1431094200 56 781 56 930
1431093900 56 769 56 775
1431093600 56 1094 56 1169
1431093300 56 1018 56 1169
1431093000 56 982 56 983
1431092700 56 776 56 982
1431092400 56 779 56 791
1431092100 56 712 56 791
1431091800 56 764 56 781
1431091500 56 742 56 781
1431091200 56 1007 56 1072
1431090900 56 969 56 1072
1431090600 56 786 56 946
1431090300 56 863 56 890
1431090000 56 1015 56 1045
1431089700 56 1108 56 1123
1431089400 56 1076 56 1123
1431089100 56 1060 56 1066
1431088800 56 691 56 1059
1431088500 56 805 56 853
1431088200 56 861 56 864
1431087900 56 855 56 864
1431087600 56 536 56 853
1431087300 56 842 56 932
1431087000 56 789 56 932
1431086700 56 609 56 756
1431086400 56 691 56 719
1431086100 56 486 56 719
1431085800 56 683 56 743
1431085500 56 667 56 743
1431085200 56 610 56 650
1431084900 56 700 56 724
1431084600 56 783 56 797
1431084300 56 430 56 797
1431084000 56 420 56 439
1431083700 56 439 56 440
1431083400 56 344 56 440
1431083100 56 370 56 382
1431082800 56 410 56 417
1431082500 56 371 56 417
1431082200 56 383 56 389
1431081900 56 384 56 389
1431081600 56 327 56 383
1431081300 56 364 56 376
1431081000 56 474 56 498
1431080700 56 436 56 498
1431080400 56 300 56 422
1431080100 56 292 56 297
1431079800 56 278 56 297
1431079500 56 269 56 274
1431079200 56 296 56 303
1431078900 56 277 56 303
1431078600 56 266 56 271
1431078300 56 312 56 324
1431078000 56 271 56 324
1431077700 56 284 56 290
1431077400 56 302 56 305
1431077100 56 292 56 305
1431076800 56 295 56 297
1431076500 56 275 56 297
1431076200 56 283 56 286
1431075900 56 305 56 310
1431075600 56 297 56 310
1431075300 56 289 56 295
1431075000 56 296 56 299
1431074700 56 304 56 306
1431074400 56 266 56 306
1431074100 56 299 56 310
1431073800 56 296 56 310
1431073500 56 285 56 293
1431073200 56 277 56 284
1431072900 56 287 56 290
1431072600 56 325 56 334
1431072300 56 308 56 334
1431072000 56 298 56 302
1431071700 56 303 56 305
1431071400 56 276 56 305
1431071100 56 291 56 297
1431070800 56 279 56 297
1431070500 56 284 56 286
1431070200 56 307 56 312
1431069900 56 282 56 312
1431069600 56 290 56 294
1431069300 56 294 56 295
1431069000 56 272 56 295
1431068700 56 297 56 305
1431068400 56 300 56 305
1431068100 56 292 56 300
1431067800 56 269 56 291
1431067500 56 299 56 307
1431067200 56 285 56 307
1431066900 56 284 56 286
1431066600 56 300 56 304
1431066300 56 284 56 304
1431066000 56 275 56 280
1431065700 56 278 56 279
1431065400 56 284 56 286
1431065100 56 274 56 286
1431064800 56 286 56 290
1431064500 56 290 56 291
1431064200 56 297 56 299
1431063900 56 311 56 314
1431063600 56 288 56 314
1431063300 114 330 128 342
1431063000 69 297 128 342
1431062700 56 295 56 298
1431062400 56 291 56 298
1431062100 56 294 56 296
1431061800 56 282 56 296
1431061500 56 300 56 306
1431061200 56 314 56 317
1431060900 56 299 56 317
1431060600 56 282 56 296
1431060300 56 300 56 306
1431060000 56 288 56 306
1431059700 56 286 56 287
1431059400 56 291 56 293
1431059100 56 292 56 293
1431058800 56 274 56 292
1431058500 56 274 56 276
1431058200 56 294 56 299
1431057900 56 281 56 299
1431057600 56 313 56 322
1431057300 56 294 56 322
1431057000 56 292 56 294
1431056700 56 302 56 304
1431056400 56 279 56 304
1431056100 56 316 56 326
1431055800 56 311 56 326
1431055500 56 280 56 308
1431055200 56 309 56 318
1431054900 56 291 56 318
1431054600 56 278 56 285
1431054300 56 289 56 293
1431054000 56 403 56 429
1431053700 56 315 56 429
1431053400 56 293 56 294
1431053100 56 303 56 306
1431052800 56 298 56 306
1431052500 56 291 56 297
1431052200 56 297 56 299
1431051900 56 274 56 299
1431051600 56 286 56 290
1431051300 56 304 56 308
1431051000 56 299 56 308
1431050700 56 277 56 298
1431050400 56 318 56 329
1431050100 56 324 56 329
1431049800 56 338 56 342
1431049500 56 356 56 360
1431049200 56 322 56 360
1431048900 56 321 56 323
1431048600 56 365 56 376
1431048300 56 325 56 376
1431048000 56 335 56 341
1431047700 56 329 56 341
1431047400 56 313 56 327
1431047100 56 332 56 338
1431046800 56 365 56 372
1431046500 56 348 56 372
1431046200 56 313 56 343
1431045900 56 328 56 334
1431045600 56 365 56 373
1431045300 56 320 56 373
1431045000 56 376 56 392
1431044700 56 337 56 392
1431044400 56 325 56 325
1431044100 56 329 56 331
1431043800 56 343 56 346
1431043500 56 326 56 346
1431043200 56 341 56 346
1431042900 56 347 56 348
1431042600 56 344 56 348
1431042300 56 320 56 344
1431042000 56 321 56 323
1431041700 56 318 56 323
1431041400 56 437 56 465
1431041100 56 337 56 465
1431040800 56 329 56 335
1431040500 56 330 56 335
1431040200 56 317 56 329
1431039900 56 383 56 399
1431039600 56 352 56 399
1431039300 56 334 56 342
1431039000 56 308 56 333
1431038700 56 319 56 323
1431038400 56 338 56 342
1431038100 56 375 56 383
1431037800 56 335 56 383
1431037500 56 315 56 324
1431037200 56 311 56 314
1431036900 56 304 56 311
1431036600 56 316 56 320
1431036300 56 322 56 323
1431036000 56 325 56 326
1431035700 56 395 56 412
1431035400 56 365 56 412
1431035100 56 323 56 354
1431034800 56 324 56 327
1431034500 56 314 56 327
1431034200 56 354 56 364
1431033900 56 325 56 364
1431033600 56 328 56 331
1431033300 56 340 56 343
1431033000 56 411 56 428
1431032700 56 750 56 826
1431032400 56 457 56 826
1431032100 56 372 56 373
1431031800 56 410 56 419
1431031500 56 510 56 532
1431031200 56 398 56 532
1431030900 56 401 56 410
1431030600 56 612 56 660
1431030300 56 585 56 660
1431030000 56 502 56 568
1431029700 56 522 56 531
1431029400 56 590 56 604
1431029100 56 601 56 604
1431028800 56 995 56 1088
1431028500 56 1024 56 1088
1431028200 56 933 56 1010
1431027900 56 756 56 916
1431027600 56 856 56 889
1431027300 56 832 56 889
1431027000 56 758 56 819
1431026700 56 850 56 875
1431026400 56 900 56 906
1431026100 56 974 56 991
1431025800 56 949 56 991
1431025500 56 944 56 946
1431025200 56 902 56 946
1431024900 56 680 56 892
1431024600 56 788 56 826
1431024300 56 634 56 826
1431024000 56 675 56 695
1431023700 56 888 56 934
1431023400 56 918 56 934
1431023100 56 685 56 915
1431022800 56 608 56 632
1431022500 56 667 56 683
1431022200 56 661 56 683
1431021900 56 591 56 656
1431021600 56 883 56 956
1431021300 56 990 56 998
1431021000 56 895 56 998
1431020700 56 1296 56 1396
1431020400 56 796 57 1396
1431020100 56 709 57 722
1431019800 56 728 56 730
1431019500 56 904 56 945
1431019200 56 1289 56 1370
1431018900 56 832 56 1370
1431018600 56 789 56 809
1431018300 56 999 56 1044
1431018000 56 1007 56 1044
1431017700 56 928 56 999
1431017400 56 782 56 912
1431017100 56 845 56 867
1431016800 56 653 56 867
1431016500 56 637 56 645
1431016200 56 724 56 743
1431015900 56 725 56 743
1431015600 56 664 56 721
1431015300 56 714 56 730
1431015000 56 832 56 857
1431014700 56 854 56 857
1431014400 56 1148 56 1218
1431014100 56 1115 56 1218
1431013800 56 925 56 1092
1431013500 56 722 56 886
1431013200 56 730 56 742
1431012900 56 704 56 742
1431012600 56 909 56 959
1431012300 56 800 56 959
1431012000 56 672 56 763
1431011700 56 770 56 799
1431011400 56 840 56 850
1431011100 56 742 56 850
1431010800 56 729 56 732
1431010500 56 801 56 818
1431010200 56 901 56 921
1431009900 56 766 56 921
1431009600 56 824 56 847
1431009300 56 697 56 847
1431009000 56 654 56 663
1431008700 56 787 56 819
1431008400 56 1074 56 1135
1431008100 56 863 56 1135
1431007800 56 739 56 800
1431007500 56 843 56 871
1431007200 56 719 56 871
1431006900 56 931 56 990
1431006600 56 1039 56 1051
1431006300 56 1040 56 1051
1431006000 56 1014 56 1038
1431005700 56 929 56 1009
1431005400 56 858 56 911
1431005100 56 812 56 846
1431004800 56 779 56 805
1431004500 56 832 56 846
1431004200 56 839 56 846
1431003900 56 933 56 956
1431003600 56 875 56 956
1431003300 56 794 56 857
1431003000 56 766 56 780
1431002700 56 766 56 767
1431002400 56 817 56 829
1431002100 56 1072 56 1129
1431001800 56 1081 56 1129
1431001500 56 865 56 1070
1431001200 56 970 56 1007
1431000900 56 1045 56 1054
1431000600 56 1088 56 1096
1431000300 56 776 56 1096
1431000000 56 777 56 795
1430999700 56 893 56 916
1430999400 56 876 56 916
1430999100 56 1010 56 1044
1430998800 56 609 56 1044
1430998500 56 600 56 622
1430998200 56 638 56 642
1430997900 56 723 56 743
1430997600 56 515 56 743
1430997300 56 429 56 462
1430997000 56 366 56 422
1430996700 56 420 56 436
1430996400 56 366 56 460
1430994600 56 332 56 374
1430992800 56 334 56 365
1430991000 56 339 56 371
1430989200 56 333 56 360
1430987400 56 337 57 385
1430985600 56 336 57 404
1430983800 56 344 56 372
1430982000 56 331 56 368
1430980200 56 329 56 366
1430978400 64 345 126 468
1430976600 58 347 126 468
1430974800 56 335 56 373
1430973000 56 343 56 370
1430971200 56 334 57 375
1430969400 56 358 56 401
1430967600 56 381 56 519
1430965800 56 362 56 409
1430964000 56 356 56 400
1430962200 56 358 56 397
1430960400 56 360 56 404
1430958600 56 368 56 474
1430956800 56 358 56 418
1430955000 56 357 56 399
1430953200 56 356 56 406
1430951400 56 361 56 395
1430949600 56 350 56 394
1430947800 56 419 56 575
1430946000 56 438 56 644
1430944200 56 616 56 725
1430942400 55 822 58 954
1430940600 54 842 56 1128
1430938800 56 717 56 810
1430937000 56 903 56 1248
1430935200 56 930 56 1248
1430933400 56 804 56 1008
1430931600 56 884 56 1008
1430929800 56 898 56 1178
1430928000 56 854 56 963
1430926200 56 936 56 1244
1430924400 56 977 56 1146
1430922600 56 924 56 1305
1430920800 56 920 57 1356
1430919000 56 1156 62 1497
1430917200 56 1146 56 1497
1430915400 56 802 56 1010
1430913600 56 638 56 895
1430911800 56 502 56 676
1430910000 56 340 56 664
1430908200 53 405 56 573
1430906400 56 324 56 351
1430904600 56 333 56 365
1430902800 56 326 56 364
1430901000 56 333 56 368
1430899200 56 327 56 368
1430897400 56 324 56 351
1430895600 56 358 56 504
1430893800 56 327 56 358
1430892000 64 335 126 373
1430890200 58 342 126 387
1430888400 56 328 56 361
1430886600 56 329 56 368
1430884800 56 334 56 371
1430883000 56 338 56 378
1430881200 56 326 56 373
1430879400 56 369 56 463
1430877600 56 328 56 418
1430875800 56 354 56 470
1430874000 56 330 56 470
1430872200 56 327 56 359
1430870400 56 317 56 358
1430868600 56 320 56 360
1430866800 56 320 56 375
1430865000 56 324 56 355
1430863200 56 322 57 363
1430861400 56 355 56 441
1430859600 56 479 56 685
1430857800 56 608 57 713
1430856000 56 579 59 669
1430854200 56 636 56 815
1430852400 56 638 56 783
1430850600 56 725 56 902
1430848800 56 836 56 1007
1430847000 56 805 56 1072
1430845200 56 798 56 1017
1430843400 56 843 56 1004
1430841600 56 953 56 1203
1430839800 56 829 56 1060
1430838000 56 732 56 808
1430836200 56 971 56 1204
1430834400 56 857 56 1204
1430832600 56 1112 56 1630
1430830800 56 991 56 1630
1430829000 56 802 56 1066
1430827200 56 730 56 922
1430825400 56 337 56 555
1430823600 56 260 56 359
1430821800 56 265 56 402
1430820000 56 245 56 265
1430818200 56 239 56 258
1430816400 56 241 56 266
1430814600 56 244 56 269
1430812800 56 241 56 269
1430811000 56 241 56 273
1430809200 56 239 56 282
1430807400 56 240 56 299
1430805600 68 251 153 349
1430803800 59 247 153 349
1430802000 56 265 56 318
1430800200 56 238 56 277
1430798400 56 238 56 268
1430796600 56 279 56 402
1430794800 56 240 56 275
1430793000 56 264 56 354
1430791200 56 262 56 290
1430789400 56 268 56 309
1430787600 54 267 56 312
1430785800 54 281 58 314
1430784000 56 273 56 317
1430782200 56 271 56 346
1430780400 56 263 56 286
1430778600 56 270 56 296
1430776800 56 273 56 313
1430775000 56 319 56 388
1430773200 56 626 56 969
1430771400 56 704 56 814
1430769600 56 868 56 1112
1430767800 56 745 56 1112
1430766000 56 901 56 1044
1430764200 56 1018 56 1237
1430762400 56 861 56 1257
1430760600 56 768 56 969
1430758800 56 695 56 775
1430757000 56 827 56 1012
1430755200 56 958 56 1266
1430753400 56 971 56 1410
1430751600 56 960 56 1186
1430749800 56 1243 56 1469
1430748000 56 1029 56 1206
1430746200 56 1140 56 1319
1430744400 56 1065 56 1318
1430742600 56 699 56 1310
1430740800 56 457 56 743
1430739000 56 242 56 255
1430737200 56 266 56 411
1430735400 56 283 56 499
1430733600 56 193 56 208
1430731800 56 194 56 209
1430730000 56 192 56 209
1430728200 56 198 56 205
1430726400 56 198 56 216
1430724600 56 194 56 218
1430722800 56 188 56 218
1430721000 56 195 56 213
1430719200 66 202 137 265
1430717400 58 196 137 265
1430715600 56 196 56 210
1430713800 56 201 56 221
1430712000 56 193 56 208
1430710200 56 197 57 215
1430708400 55 192 57 203
1430706600 56 191 56 212
1430704800 56 203 56 220
1430703000 56 195 56 225
1430701200 56 192 56 226
1430699400 56 193 56 210
1430697600 56 192 56 209
1430695800 56 193 56 204
1430694000 56 192 56 205
1430692200 56 192 56 222
1430690400 56 191 56 210
1430688600 56 190 56 206
1430686800 56 188 56 203
1430685000 56 195 56 212
1430683200 56 196 56 218
1430681400 56 191 56 204
1430679600 56 192 56 207
1430677800 56 192 56 211
1430676000 56 188 56 228
1430674200 56 191 56 207
1430672400 56 188 56 214
1430670600 56 194 56 212
1430668800 56 191 56 217
1430667000 56 191 56 212
1430665200 56 189 56 205
1430663400 56 192 56 218
1430661600 56 193 56 206
1430659800 56 192 56 202
1430658000 56 189 56 202
1430656200 56 197 56 212
1430654400 56 190 56 198
1430652600 56 191 56 215
1430650800 56 186 56 215
1430649000 56 191 56 208
1430647200 56 195 56 217
1430645400 56 190 56 215
1430643600 56 184 56 204
1430641800 56 195 56 211
1430640000 56 189 56 203
1430638200 56 189 56 205
1430636400 56 189 56 210
1430634600 56 200 56 214
1430632800 64 199 126 267
1430631000 56 191 126 267
1430629200 56 194 56 227
1430627400 56 197 56 221
1430625600 56 195 56 214
1430623800 56 194 56 211
1430622000 56 188 56 204
1430620200 56 189 56 211
1430618400 56 190 56 201
1430616600 56 189 56 201
1430614800 56 191 56 209
1430613000 56 195 56 207
1430611200 56 190 56 201
1430609400 56 189 56 209
1430607600 56 188 56 209
1430605800 56 192 56 213
1430604000 56 191 56 208
1430602200 56 191 56 216
1430600400 56 191 56 211
1430598600 56 194 56 218
1430596800 56 191 56 206
1430595000 56 188 56 212
1430593200 56 193 56 223
1430591400 56 191 56 210
1430589600 56 191 56 200
1430587800 56 189 56 207
1430586000 56 189 56 205
1430584200 56 192 56 213
1430582400 56 190 56 205
1430580600 56 186 56 202
1430578800 56 189 56 209
1430577000 56 194 56 218
1430575200 56 191 56 200
1430573400 56 188 56 202
1430571600 56 192 56 209
1430569800 56 196 56 220
1430568000 56 190 56 208
1430566200 56 189 56 201
1430564400 56 191 56 214
1430562600 56 191 56 218
1430560800 56 191 56 216
1430559000 56 188 56 213
1430557200 56 188 56 197
1430555400 56 192 56 219
1430553600 56 191 56 210
1430551800 56 188 57 199
1430550000 56 187 56 193
1430548200 56 198 56 212
1430546400 64 199 127 242
1430544600 57 193 127 242
1430542800 56 189 56 209
1430541000 56 196 56 208
1430539200 56 188 56 206
1430537400 56 211 56 338
1430535600 56 187 56 205
1430533800 56 199 56 232
1430532000 56 209 56 341
1430530200 56 185 56 210
1430528400 56 183 56 210
1430526600 56 198 56 209
1430524800 56 190 56 204
1430523000 56 212 56 297
1430521200 56 193 56 212
1430519400 56 191 56 217
1430517600 56 190 56 202
1430515800 56 254 56 419
1430514000 56 346 56 469
1430512200 56 569 56 684
1430510400 56 718 56 947
1430508600 56 683 56 730
1430506800 56 785 56 997
1430505000 56 754 56 1121
1430503200 56 838 62 1471
1430501400 56 811 62 1471
1430499600 56 781 56 935
1430497800 56 781 56 1016
1430496000 56 789 56 1016
1430494200 56 828 56 969
1430492400 56 775 56 969
1430490600 56 922 56 1193
1430488800 56 825 56 949
1430487000 56 955 56 1395
1430485200 56 917 56 1084
1430483400 56 789 56 897
1430481600 56 729 56 915
1430479800 56 576 56 895
1430478000 56 523 56 717
1430476200 55 362 56 429
1430474400 55 338 56 389
1430472600 56 330 56 389
1430470800 56 327 56 379
1430469000 56 353 56 408
1430467200 56 362 56 467
1430465400 56 330 56 375
1430463600 56 332 56 381
1430461800 56 328 56 374
1430460000 64 343 126 389
1430458200 58 351 126 397
1430456400 56 332 56 390
1430454600 56 340 56 398
1430452800 56 335 56 389
1430451000 56 360 56 514
1430449200 56 341 56 514
1430447400 56 345 56 389
1430445600 56 348 56 368
1430443800 56 350 56 501
1430442000 56 340 56 376
1430440200 56 366 56 419
1430438400 56 348 56 417
1430436600 56 357 56 436
1430434800 56 368 56 443
1430433000 56 340 56 430
1430431200 56 353 56 432
1430429400 56 438 56 627
1430427600 56 546 56 749
1430425800 56 674 56 852
1430424000 56 883 56 1002
1430422200 56 980 56 1195
1430420400 56 870 56 1042
1430418600 56 857 56 1021
1430416800 56 928 56 1162
1430415000 56 956 56 1113
1430413200 56 986 56 1113
1430411400 56 1855 56 3346
1430409600 56 1048 56 1329
1430407800 56 1256 56 1876
1430406000 56 933 56 1250
1430404200 56 917 56 1040
1430402400 56 1005 56 1738
1430400600 56 962 56 1124
1430398800 56 1058 56 1358
1430397000 56 1149 56 1826
1430395200 56 597 56 1826
1430393400 56 451 56 588
1430391600 56 435 56 545
1430389800 56 438 56 715
1430388000 56 378 56 424
1430386200 56 369 56 415
1430384400 56 395 56 416
1430382600 56 399 56 450
1430380800 56 403 56 441
1430379000 56 387 56 426
1430377200 56 396 56 432
1430375400 56 394 56 427
1430373600 66 475 137 554
1430371800 58 472 137 557
1430370000 56 462 56 522
1430368200 56 461 56 495
1430366400 56 478 56 513
1430364600 56 461 56 506
1430362800 56 475 56 506
1430361000 56 491 56 604
1430359200 56 494 56 575
1430357400 56 464 56 507
1430355600 56 490 56 524
1430353800 56 481 56 533
1430352000 56 489 56 520
1430350200 56 486 56 592
1430348400 56 481 56 592
1430346600 56 471 56 549
1430344800 56 495 56 562
1430343000 56 603 56 872
1430341200 56 644 56 949
1430339400 56 713 57 990
1430337600 56 966 56 1244
1430335800 56 901 56 1171
1430334000 56 750 56 907
1430332200 56 870 56 1062
1430330400 56 1103 56 1509
1430328600 56 755 56 880
1430326800 56 970 57 1152
1430325000 56 832 56 913
1430323200 56 868 56 928
1430321400 56 855 56 1184
1430319600 55 858 56 1036
1430317800 55 1035 58 1296
1430316000 54 1020 58 1753
1430314200 56 1138 56 1479
1430312400 56 985 57 1308
1430310600 56 795 56 1017
1430308800 56 716 56 991
1430307000 56 438 56 628
1430305200 56 346 56 386
1430303400 56 340 56 391
1430301600 56 348 56 409
1430299800 56 340 56 409
1430298000 56 341 57 377
1430296200 56 339 56 405
1430294400 56 336 56 405
1430292600 56 336 56 390
1430290800 56 348 56 408
1430289000 56 349 56 424
1430287200 64 342 126 422
1430285400 58 367 126 459
1430283600 56 472 57 587
1430281800 56 411 56 446
1430280000 56 413 56 447
1430278200 56 414 56 446
1430276400 56 442 56 487
1430274600 56 563 56 637
1430272800 56 556 56 615
1430271000 56 558 67 615
1430269200 10390 2017 12933 2357
1430267400 12933 2357 12933 2357
1430265600 12933 2357 12933 2357
1430263800 12933 2357 12933 2357
1430262000 12933 2357 12933 2357
1430260200 12933 2357 12933 2357
1430258400 12503 2317 12933 2357
1430256600 3996 1516 16134 2386
1430254800 17101 14596 37577 24686
1430253000 18960 28009 23601 44158
1430251200 13071 17060 21341 44158
1430249400 15602 23195 19840 34622
1430247600 13848 22149 18386 28230
1430245800 5150 11262 9655 21643
1430244000 8966 31152 23530 157114
1430242200 15317 46166 35690 157114
1430240400 16895 18573 48112 61574
1430238600 10956 16334 19501 52429
1430236800 10933 6115 13178 10958
1430235000 6970 10136 12527 27756
1430233200 12041 17861 25165 25875
1430231400 17227 18857 68701 26505
1430229600 8344 10851 17404 17046
1430227800 16803 24895 22665 91634
1430226000 18106 9711 23923 24279
1430224200 17479 28265 19859 122608
1430222400 25480 46849 43554 124451
1430220600 13160 2429 19940 2813
1430218800 10174 2278 14374 2503
1430217000 9233 2177 9339 2205
1430215200 9253 2172 9309 2241
1430213400 9277 2173 9324 2254
1430211600 9239 2179 9310 2229
1430209800 9251 2188 9291 2266
1430208000 9188 2172 9305 2269
1430206200 9294 2186 9313 2269
1430204400 9289 2173 9317 2254
1430202600 9325 2180 9352 2273
1430200800 9347 2201 9431 2280
1430199000 9340 2195 9431 2264
1430197200 9249 2187 9332 2229
1430195400 9328 2197 9381 2287
1430193600 9292 2177 9328 2212
1430191800 9250 2175 9286 2232
1430190000 9257 2210 9315 2304
1430188200 9364 2287 9859 2378
1430186400 9185 2262 9289 2315
1430184600 9252 2265 9312 2319
1430182800 9260 2327 9317 2386
1430181000 9224 2308 9264 2427
1430179200 9215 2308 9279 2391
1430177400 9198 2287 9312 2334
1430175600 9298 2318 9362 2364
1430173800 9257 2306 9283 2395
1430172000 12348 2485 21683 3094
1430170200 11711 5080 16182 18521
1430168400 19980 6613 32406 21624
1430166600 15380 4870 20487 8861
1430164800 16657 7857 22553 13016
1430163000 12370 9481 13976 19601
1430161200 15341 9352 31803 13406
1430159400 27714 24196 90765 86662
1430157600 15856 21628 27885 77675
1430155800 16159 7611 27271 18728
1430154000 19065 7656 37430 15678
1430152200 14758 10204 27111 17465
1430150400 23003 14357 41029 52030
1430148600 18413 28165 24422 57697
1430146800 18171 19290 21987 57697
1430145000 20581 23761 26359 32376
1430143200 20636 16519 24093 31137
1430141400 20899 171544 50204 527026
1430139600 18411 13536 40503 21831
1430137800 18004 30592 28124 65362
1430136000 15602 12210 20074 35859
1430134200 11327 2695 14646 4748
1430132400 9891 2169 14288 2374
1430130600 9048 2098 9078 2142
1430128800 8995 2087 9113 2122
1430127000 9097 2092 9115 2118
1430125200 9067 2103 9108 2137
1430123400 9018 2091 9074 2160
1430121600 8981 2089 9011 2147
1430119800 8942 2081 9051 2127
1430118000 9015 2106 9044 2149
1430116200 9012 2132 9040 2368
1430114400 9035 2098 9104 2145
1430112600 9054 2089 9104 2137
1430110800 9025 2097 9074 2143
1430109000 9025 2117 9146 2199
1430107200 9070 2088 9120 2147
1430105400 9026 2081 9043 2103
1430103600 9052 2090 9083 2132
1430101800 9160 2110 9680 2153
1430100000 8992 2085 9125 2158
1430098200 9062 2078 9085 2096
1430096400 9020 2103 9057 2141
1430094600 8997 2098 9045 2189
1430092800 9012 2090 9053 2123
1430091000 8967 2080 9071 2133
1430089200 9063 2095 9112 2135
1430087400 9043 2094 9063 2133
1430085600 9036 2082 9098 2102
1430083800 9061 2092 9110 2131
1430082000 9088 2092 9107 2127
1430080200 9069 2110 9236 2229
1430078400 9127 2094 9168 2129
1430076600 9086 2087 9145 2126
1430074800 9057 2100 9079 2143
1430073000 9021 2097 9055 2160
1430071200 9689 2137 13546 2440
1430069400 9028 2079 9057 2102
1430067600 9056 2116 9086 2181
1430065800 9065 2097 9091 2129
1430064000 9513 2132 11854 2352
1430062200 9060 2086 9119 2127
1430060400 9411 2139 11474 2259
1430058600 9075 2112 9100 2135
1430056800 9190 2314 9462 2712
1430055000 9046 2095 9067 2145
1430053200 9021 2091 9046 2102
1430051400 8953 2107 9072 2192
1430049600 8974 2108 9055 2155
1430047800 9086 2085 9129 2110
1430046000 9089 2108 9112 2131
1430044200 9058 2109 9088 2160
1430042400 9070 2102 9091 2123
1430040600 8987 2076 9109 2097
1430038800 9086 2100 9123 2140
1430037000 9054 2106 9103 2166
1430035200 9055 2100 9066 2138
1430033400 9064 2134 9090 2308
1430031600 8984 2119 9070 2224
1430029800 9050 2103 9088 2165
1430028000 9104 2116 10100 2606
1430026200 9094 2100 9125 2118
1430024400 9005 2101 9121 2145
1430022600 9063 2111 9144 2248
1430020800 9049 2103 9103 2136
1430019000 9062 2099 9098 2131
1430017200 9052 2102 9080 2140
1430015400 9161 2109 9616 2173
1430013600 9070 2093 9251 2135
1430011800 9172 2088 9213 2135
1430010000 9140 2156 9174 2359
1430008200 9151 2144 9174 2197
1430006400 9138 2116 9188 2189
1430004600 9094 2104 9187 2164
1430002800 9145 2109 9184 2124
1430001000 9149 2122 9171 2158
1429999200 9132 2107 9179 2155
1429997400 9198 2110 9252 2140
1429995600 11715 2240 25013 2868
1429993800 2791 1480 10695 2446
1429992000 1276 1266 1393 1331
1429990200 1293 1340 1393 1554
1429988400 1336 1387 1383 2032
1429986600 2820 1423 6659 1841
1429984800 2035 1345 5844 1952
1429983000 1270 1325 1373 1821
1429981200 2047 1340 5848 1508
1429979400 2525 50403 8550 295913
1429977600 1157 4842 1385 9978
1429975800 439 3436 928 9978
1429974000 238 537 257 577
1429972200 236 595 253 791
1429970400 379 832 723 1521
1429968600 237 735 303 1233
1429966800 217 485 235 507
1429965000 216 478 232 503
1429963200 215 483 227 501
1429961400 214 478 227 503
1429959600 216 485 237 529
1429957800 216 475 229 536
1429956000 219 489 228 536
1429954200 217 489 226 532
1429952400 216 487 234 513
1429950600 215 480 223 488
1429948800 218 489 224 500
1429947000 222 491 270 523
1429945200 217 526 237 735
1429943400 215 478 230 499
1429941600 221 486 321 601
1429939800 225 489 321 601
1429938000 220 491 234 518
1429936200 213 484 241 535
1429934400 230 522 271 610
1429932600 210 476 228 513
1429930800 222 489 241 529
1429929000 311 495 817 549
1429927200 214 483 237 529
1429925400 212 498 224 557
1429923600 217 492 230 514
1429921800 214 490 223 510
1429920000 218 486 251 506
1429918200 237 487 263 533
1429916400 228 479 249 523
1429912800 427 1345 1074 8743
1429905600 5504 15575 13732 131373
1429898400 7279 13438 16245 29488
1429891200 11170 17268 20053 40473
1429884000 15562 26658 70229 58481
1429876800 3478 5060 17138 37080
1429869600 449 929 1255 5261
1429862400 448 935 1502 6296
1429855200 569 1679 1819 9508
1429848000 584 2456 1505 12992
1429840800 490 1591 2327 14024
1429833600 514 1711 1372 9383
1429826400 1452 3124 4508 12393
1429819200 8997 18757 15974 42208
1429812000 4243 12995 25099 49344
1429804800 6414 18254 56770 62997
1429797600 18217 20229 307353 79998
1429790400 2766 1818 51478 11606
1429783200 248 585 272 641
1429776000 251 585 298 676
1429768800 252 599 441 709
1429761600 273 620 841 692
1429754400 248 669 270 821
1429747200 254 677 290 821
1429740000 2513 3526 13915 17360
1429732800 5758 11751 14381 36836
1429725600 2979 9894 5770 31141
1429718400 9673 17745 31997 44220
1429711200 16526 17431 188416 84542
1429704000 10494 2610 239206 26412
1429696800 243 565 267 636
1429689600 246 570 320 668
1429682400 248 574 326 682
1429675200 268 574 822 663
1429668000 245 571 298 666
1429660800 411 1359 1212 9288
1429653600 1663 13974 19281 225234
1429646400 5175 18411 10649 57199
1429639200 8840 17459 17959 46503
1429632000 7681 33822 24141 429865
1429624800 15004 20074 193082 77753
1429617600 1033 1995 2788 9709
1429610400 10460 1605 232402 11868
1429603200 840 1475 1639 9519
1429596000 845 2086 1687 9575
1429588800 821 1517 1662 9600
1429581600 974 3929 1813 10234
1429574400 947 3969 1992 8809
1429567200 1033 4744 5643 48606
1429560000 3959 17925 7178 62627
1429552800 6103 18653 17947 47529
1429545600 9668 22305 16284 50732
1429538400 8568 70753 57470 165810
1429531200 1145 2443 4404 18317
1429524000 10237 1365 127386 6122
1429516800 638 821 817 1121
1429509600 635 964 914 4706
1429502400 655 809 1154 1045
1429495200 628 798 824 961
1429488000 637 794 886 951
1429480800 627 796 838 1054
1429473600 633 1035 968 6861
1429466400 632 814 820 1273
1429459200 674 864 1115 2119
1429452000 692 878 1284 1763
1429444800 628 802 805 958
1429437600 10235 1206 224937 10191
1429430400 640 829 853 1135
1429423200 644 952 904 4472
1429416000 656 789 1154 1020
1429408800 628 780 926 1269
1429401600 685 1128 1388 7746
1429394400 625 771 713 928
1429387200 648 771 1148 933
1429380000 10254 1262 214683 9785
1429372800 671 778 2881 921
1429365600 7079 1095 153331 7215
1429358400 631 863 765 3102
1429351200 627 770 750 960
1429344000 629 781 767 890
1429336800 639 943 773 4670
1429329600 655 949 1158 4681
1429322400 625 772 713 952
1429315200 1222 1117 11762 5964
1429308000 3299 947 11762 1808
1429300800 4127 9810 7174 33972
1429293600 13007 63421 30398 225414
1429286400 12129 61162 32101 248571
1429279200 8642 12881 56910 73094
1429272000 1388 1443 4727 10973
1429264800 10702 1576 231184 10635
1429257600 1134 861 1424 942
1429250400 1145 879 1674 1087
1429243200 1280 1102 1962 6323
1429236000 1179 875 1526 1011
1429228800 1136 1439 1798 9472
1429221600 3969 11786 14647 40495
1429214400 17086 42245 43371 99763
1429207200 9746 30588 21937 97228
1429200000 10288 20104 34308 46442
1429192800 20182 20693 103514 50765
1429185600 56093 9722 394046 61114
1429178400 414 1009 1103 5242
1429171200 726 1458 2124 5531
1429164000 785 1912 1474 9605
1429156800 864 2263 2401 14319
1429149600 879 3032 2205 19041
1429142400 941 3558 2010 39637
1429135200 3526 4571 31574 33702
1429128000 8201 43272 31574 166418
1429120800 8881 30317 23572 83249
1429113600 12804 28576 61590 94303
1429106400 15683 144532 62213 318992
1429099200 999 8428 6452 173074
1429092000 614 988 1184 5347
1429084800 2827 12285 54519 187901
1429077600 510 2154 1352 10007
1429070400 516 2125 1258 9567
1429063200 599 2598 2043 9886
1429056000 531 2449 1250 9578
1429048800 38989 10105 776454 104758
1429041600 9425 17966 17620 55750
1429034400 6118 13856 18466 33753
1429027200 7841 16257 54068 58526
1429020000 17310 41520 104697 260595
1429012800 1179 5947 11683 109041
1429005600 211 764 233 840
1428998400 212 776 283 905
1428991200 212 842 269 963
1428984000 234 878 787 1048
1428976800 268 1248 1095 9658
1428969600 486 2415 2017 15146
1428962400 2065 6060 5793 30449
1428955200 4902 24673 9525 113263
1428948000 4296 14076 14464 45139
1428940800 4506 24147 10325 229345
1428933600 9074 50233 23335 156209
1428926400 606 2243 6566 36894
1428919200 208 435 239 480
1428912000 208 446 226 620
1428904800 214 448 566 766
1428897600 234 433 819 546
1428890400 207 440 234 516
1428883200 207 436 221 532
1428876000 209 442 270 566
1428868800 209 444 234 532
1428861600 214 444 237 510
1428854400 228 468 280 675
1428847200 257 614 663 2955
1428840000 216 443 336 686
1428832800 209 440 236 540
1428825600 210 436 238 503
1428818400 212 445 270 531
1428811200 232 436 777 519
1428804000 208 440 232 521
1428796800 211 433 284 514
1428789600 209 439 233 521
1428782400 208 438 227 503
1428775200 219 596 328 4115
1428768000 228 447 258 514
1428760800 249 498 677 1200
1428753600 209 435 244 547
1428746400 208 433 235 502
1428739200 213 448 266 557
1428732000 211 466 290 845
1428724800 233 442 796 510
1428717600 207 439 235 544
1428710400 211 449 274 524
1428703200 282 866 4697 8567
1428696000 6028 22584 14128 192728
1428688800 7143 14094 13335 65570
1428681600 10673 21783 23125 50460
1428674400 9737 24533 19436 65818
1428667200 365 2494 3562 20585
1428660000 208 514 240 644
1428652800 209 537 261 707
1428645600 212 529 302 593
1428638400 232 536 787 736
1428631200 286 1707 447 2174
1428624000 313 2174 313 2174
1428616800 3014 4249 18748 40484
1428609600 9459 13379 18748 40484
1428602400 5181 11621 10038 39555
1428595200 5161 12491 9808 40668
1428588000 5009 13823 9634 95749
1428580800 517 1526 3543 7298
1428573600 272 605 454 813
1428566400 285 781 702 4742
1428559200 274 611 432 839
1428552000 352 666 881 876
1428544800 342 872 582 5350
1428537600 342 860 520 4691
1428530400 4577 11682 14626 109724
1428523200 11713 19301 27530 45503
1428516000 4664 22167 80719 280316
1428508800 5776 16762 80719 39810
1428501600 10810 22579 96001 83163
1428494400 522 1238 9060 14264
1428487200 480 470 9060 1340
1428480000 213 440 253 525
1428472800 213 446 905 1372
1428465600 235 446 787 564
1428458400 215 453 243 497
1428451200 217 463 320 741
1428444000 6171 6905 13661 16622
1428436800 5154 13969 14662 44780
1428429600 6332 13008 30747 46276
1428422400 6668 40912 22328 367249
1428415200 4291 17630 7491 59445
1428408000 762 1716 3271 6552
1428400800 434 848 1106 5104
1428393600 584 1500 1883 9211
1428386400 553 1980 1333 10236
1428379200 589 1937 1452 9551
1428372000 609 2479 1521 11754
1428364800 6423 133957 50767 1230356
1428357600 2378 5837 8626 27686
1428350400 5941 16384 8482 39832
1428343200 5338 17576 11508 61687
1428336000 7487 87162 13620 211795
1428328800 7441 142589 24542 972326
1428321600 3624 132894 27535 1081867
1428314400 202 414 224 485
1428307200 203 416 240 465
1428300000 206 422 879 1020
1428292800 227 414 784 486
1428285600 202 359 222 412
1428278400 205 366 247 467
1428271200 203 360 223 404
1428264000 202 358 220 389
1428256800 492 12298 6010 244103
1428249600 224 374 296 433
1428242400 241 421 622 1085
1428235200 203 362 238 406
1428228000 203 358 221 390
1428220800 205 367 232 444
1428213600 207 360 303 452
1428206400 229 368 788 443
1428199200 206 363 234 431
1428192000 208 365 253 421
1428184800 206 363 222 401
1428177600 205 361 231 398
1428170400 213 372 235 433
1428163200 231 465 313 2486
1428156000 243 424 617 1053
1428148800 205 363 232 405
1428141600 207 365 222 453
1428134400 206 363 232 394
1428127200 209 367 291 423
1428120000 230 375 777 535
1428112800 207 367 245 408
1428105600 207 365 257 413
1428098400 206 361 231 418
1428091200 205 366 221 405
1428084000 216 429 291 1721
1428076800 227 383 272 490
1428069600 240 452 562 959
1428062400 205 456 240 904
1428055200 205 365 234 437
1428048000 208 369 249 435
1428040800 210 370 1333 2166
1428033600 228 373 792 437
1428026400 527 2976 4755 37313
1428019200 4449 36814 5142 44637
1428012000 4746 36882 10208 46508
1428004800 10423 54888 21836 88079
1427997600 10902 52091 61632 101383
1427990400 15535 58092 61632 167144
1427983200 16407 46435 32605 169587
1427976000 842 4173 5451 32816
1427968800 3454 27698 5105 34019
1427961600 961 6598 4385 36935
1427954400 4184 34904 4971 42709
1427947200 4329 35869 5312 44775
1427940000 4281 35482 6272 46934
1427932800 3391 27843 5120 45202
1427925600 4052 32203 8196 52909
1427918400 7778 41760 10688 68767
1427911200 5314 27140 10338 41703
1427904000 2384 10789 12585 123877
1427896800 5126 30420 22946 123877
1427889600 294 971 2927 6765
1427882400 217 532 314 601
1427875200 2806 14648 7427 40990
1427868000 7007 38468 9180 51109
1427860800 1596 7898 7550 41480
1427853600 424 1841 1713 13498
1427846400 479 1648 1759 13925
1427839200 623 1684 2846 8777
1427832000 4931 16762 8888 43686
1427824800 6373 37302 14816 233980
1427817600 6400 15111 14421 53729
1427810400 5222 25650 11747 161872
1427803200 489 1408 3327 12709
1427796000 211 462 250 516
1427788800 211 465 246 533
1427781600 215 461 308 570
1427774400 258 493 784 686
1427767200 212 481 240 525
1427760000 212 478 240 624
1427752800 476 865 3101 3487
1427745600 4531 11801 16269 44688
1427738400 2965 13066 8764 120885
1427731200 3616 10583 6222 53714
1427724000 4267 13039 8449 53714
1427716800 882 3128 8449 41224
1427709600 213 454 255 550
1427702400 212 448 239 552
1427695200 219 470 323 753
1427688000 239 457 790 744
1427680800 216 442 265 503
1427673600 216 441 247 512
1427666400 216 460 271 571
1427659200 215 444 256 495
1427652000 225 526 288 2167
1427644800 1378 30509 8364 213499
1427637600 255 532 579 1011
1427630400 219 506 257 938
1427623200 217 467 271 576
1427616000 215 461 240 539
1427608800 220 471 315 586
1427601600 240 463 790 533
1427594400 215 464 251 566
1427587200 215 460 245 534
1427580000 216 463 254 584
1427572800 215 461 243 504
1427565600 222 468 263 543
1427558400 235 546 304 2252
1427551200 255 519 578 1100
1427544000 217 463 263 559
1427536800 216 457 259 516
1427529600 215 456 243 532
1427522400 219 466 314 616
1427515200 240 481 789 604
1427508000 383 626 2684 6994
1427500800 1367 2393 6863 13699
1427493600 598 1446 3801 6183
1427486400 7145 16167 17400 40355
1427479200 5143 21969 18340 79614
1427472000 7363 18745 26556 105060
1427464800 4403 15041 7184 43544
1427457600 450 1228 3514 9630
1427450400 218 567 244 706
1427443200 222 578 279 987
1427436000 225 557 904 1088
1427428800 240 554 804 644
1427421600 215 553 251 674
1427414400 214 567 240 686
1427407200 761 1860 6475 19068
1427400000 5798 17603 18645 68805
1427392800 7148 22773 18136 184462
1427385600 11103 16665 21803 28160
1427378400 7430 27384 17734 185051
1427371200 505 1918 5039 19105
1427364000 215 511 250 557
1427356800 215 514 239 578
1427349600 220 528 310 642
1427342400 239 537 795 696
1427335200 214 534 251 980
1427328000 215 551 243 980
1427320800 2762 8420 13845 63832
1427313600 7847 17369 17048 68864
1427306400 4661 17946 7948 70484
1427299200 5252 18444 9848 103069
1427292000 3956 12183 12505 54701
1427284800 215 560 243 1197
1427277600 214 470 245 543
1427270400 216 507 251 588
1427263200 221 515 301 635
1427256000 240 522 793 594
1427248800 214 519 235 999
1427241600 216 563 249 999
1427234400 885 3871 3671 45784
1427227200 4431 20270 10936 62631
1427220000 5399 14800 14904 39941
1427212800 12666 16548 33292 61811
1427205600 3301 10934 8923 30037
1427198400 454 1125 4870 9587
1427191200 216 514 249 671
1427184000 215 499 236 560
1427176800 221 510 296 659
1427169600 241 511 797 572
1427162400 214 516 236 578
1427155200 216 514 247 588
1427148000 521 2723 7972 43809
1427140800 6396 18248 12837 73689
1427133600 5468 15971 18617 40146
1427126400 5579 19941 9883 54961
1427119200 7260 93141 21534 347828
1427112000 592 3584 3066 38723
1427104800 281 1491 345 1549
1427097600 276 1486 301 1516
1427090400 279 1492 407 1621
1427083200 300 1486 860 1527
1427076000 276 1491 309 1557
1427068800 275 1487 303 1528
1427061600 275 1484 307 1527
1427054400 277 1487 319 1540
1427047200 288 1643 372 4683
1427040000 293 1496 310 1525
1427032800 313 1547 679 2171
1427025600 276 1486 293 1520
1427018400 284 1500 399 1659
1427011200 281 1504 367 1652
1427004000 280 1499 359 1593
1426996800 299 1486 849 1532
1426989600 279 1492 322 1528
1426982400 273 1477 424 1669
1426975200 263 1465 281 1493
1426968000 263 1466 288 1489
1426960800 265 1443 284 1470
1426953600 265 1330 282 1392
1426946400 290 1223 619 1809
1426939200 255 1079 283 1122
1426932000 255 1045 274 1098
1426924800 255 992 277 1042
1426917600 212 431 319 647
1426910400 239 433 794 608
1426903200 222 463 309 711
1426896000 2631 536 6786 837
1426888800 6758 878 7097 1353
1426881600 6974 1599 7508 3028
1426874400 8319 6892 14430 15570
1426867200 3984 14161 11333 38432
1426860000 3926 18555 11164 70074
1426852800 227 721 482 3073
1426845600 213 499 244 640
1426838400 212 494 232 576
1426831200 215 495 456 734
1426824000 3162 936 11065 2350
1426816800 4136 1152 10446 2556
1426809600 2421 1088 13239 2397
1426802400 2015 5704 12157 22494
1426795200 10963 20899 25017 39932
1426788000 7788 16008 76712 47082
1426780800 4163 17809 17321 193169
1426773600 4499 37090 11764 136016
1426766400 502 1037 748 5353
1426759200 515 702 1040 1548
1426752000 558 745 1574 2493
1426744800 506 822 733 4370
1426737600 574 699 1116 890
1426730400 567 835 757 3988
1426723200 568 895 777 5659
1426716000 1592 5299 6455 41840
1426708800 11605 57918 50179 812355
1426701600 7039 33755 16183 180099
1426694400 5679 17134 15814 95989
1426687200 4482 44141 10651 303874
1426680000 709 1273 1818 4508
1426672800 590 1146 1299 5191
1426665600 585 952 1749 5253
1426658400 662 2000 1439 8483
1426651200 804 2353 1896 8696
1426644000 711 1801 1404 8167
1426636800 1716 1341 6708 5826
1426629600 9188 5678 21972 20734
1426622400 21043 26177 27219 52246
1426615200 22102 24079 33481 45202
1426608000 13093 30369 26551 316139
1426600800 10059 20561 15972 182260
1426593600 6461 973 6726 1919
1426586400 6521 868 6743 1069
1426579200 6422 855 6743 929
1426572000 6110 847 6264 1367
1426564800 6140 858 6733 968
1426557600 6307 858 6417 940
1426550400 6323 853 6565 890
1426543200 9180 6130 15221 27280
1426536000 14510 15373 23019 38148
1426528800 14280 15415 29638 31461
1426521600 16220 19629 29638 62209
1426514400 10552 18616 16230 42326
1426507200 6310 1882 9990 23743
1426500000 6159 768 6534 832
1426492800 6487 767 6585 834
1426485600 6092 768 6349 839
1426478400 6283 774 6889 859
1426471200 6252 766 6419 827
1426464000 6100 764 6490 812
1426456800 6285 770 6410 818
1426449600 6284 771 6479 822
1426442400 6346 869 6552 2682
1426435200 6336 782 6471 838
1426428000 6482 830 6713 1379
1426420800 6254 769 6486 867
1426413600 6116 766 6213 875
1426406400 6084 760 6215 821
1426399200 6208 778 10673 903
1426392000 6187 766 6777 810
1426384800 6210 765 6310 818
1426377600 6160 770 6239 816
1426370400 6165 773 6258 833
1426363200 6178 769 6282 849
1426356000 6191 773 6404 864
1426348800 6155 861 6364 2675
1426341600 6156 822 6566 1423
1426334400 6162 759 6310 801
1426327200 6079 755 6175 836
1426320000 6031 757 6121 811
1426312800 6120 773 6231 891
1426305600 6249 783 6816 870
1426298400 6208 772 6388 872
1426291200 6197 778 6354 813
1426284000 7754 2767 14073 12380
1426276800 13220 27566 24291 172708
1426269600 12215 15249 20599 60145
1426262400 12309 14126 47955 48942
1426255200 28109 27628 207602 80453
1426248000 6524 1601 11439 10381
1426240800 6326 1049 6858 4368
1426233600 6372 1089 8065 5557
1426226400 6318 1952 7199 9002
1426219200 6369 1936 7934 11863
1426212000 6417 2012 7203 8326
1426204800 6538 1264 7698 4688
1426197600 6727 2603 9311 10402
1426190400 11719 42845 19107 246914
1426183200 7015 17120 31206 45913
1426176000 5755 20630 17544 114263
1426168800 13621 21555 200240 71206
1426161600 5112 2762 101972 31731
1426154400 214 381 237 438
1426147200 213 401 240 503
1426140000 219 410 321 505
1426132800 237 431 791 628
1426125600 212 473 247 865
1426118400 215 444 251 596
1426111200 592 3160 4825 52013
1426104000 3876 28482 10728 180655
1426096800 4436 14200 16122 39161
1426089600 10283 19702 19246 137454
1426082400 7458 27106 103697 207413
1426075200 3452 2038 103697 27055
1426068000 218 425 261 522
1426060800 216 421 237 533
1426053600 220 426 317 497
1426046400 240 418 789 502
1426039200 217 419 250 463
1426032000 217 418 240 544
1426024800 890 2411 4647 11764
1426017600 4030 13171 6971 64603
1426010400 5035 18218 8960 64603
1426003200 11064 22895 18205 79671
1425996000 15076 16509 181968 29957
1425988800 668 3244 4797 34039
1425981600 437 936 1737 4056
1425974400 353 710 1049 4135
1425967200 407 1903 1776 15507
1425960000 466 2035 2627 15986
1425952800 460 2035 2627 15986
1425945600 346 893 933 4806
1425938400 1855 3608 4949 11793
1425931200 3849 16323 9164 52952
1425924000 4183 12925 11466 37957
1425916800 9978 34943 23088 254642
1425909600 5839 21567 15708 160892
1425902400 540 1807 4252 35399
1425895200 4534 672 98984 4649
1425888000 439 669 759 3955
1425880800 446 525 1174 986
1425873600 444 493 994 622
1425866400 447 504 908 619
1425859200 423 505 483 624
1425852000 428 498 553 566
1425844800 429 709 596 5201
1425837600 436 511 755 623
1425830400 420 502 479 584
1425823200 429 505 558 589
1425816000 422 504 467 607
1425808800 4532 684 59302 2967
1425801600 439 533 713 1059
1425794400 431 511 556 637
1425787200 465 498 1010 593
1425780000 438 906 595 6079
1425772800 425 496 508 586
1425765600 426 496 570 701
1425758400 892 566 40232 2151
1425751200 4138 725 59286 2963
1425744000 812 530 9763 1080
1425736800 426 499 561 645
1425729600 424 673 594 4789
1425722400 426 515 561 673
1425715200 449 511 1172 1221
1425708000 439 521 694 998
1425700800 2928 572 14463 911
1425693600 3280 921 5859 7924
1425686400 2545 599 3755 1790
1425679200 5126 6663 13368 25780
1425672000 6936 13952 18445 39259
1425664800 7417 11934 25101 33846
1425657600 37389 28244 357142 54501
1425650400 10293 8685 109522 49800
1425643200 174 372 182 545
1425636000 174 377 182 828
1425628800 177 364 362 519
1425621600 174 355 183 413
1425614400 194 370 756 535
1425607200 180 451 756 1135
1425600000 175 408 182 547
1425592800 2654 5740 26261 41230
1425513600 1853 5886 18360 148646
1425427200 2378 6787 22120 408539
1425340800 1547 6668 26983 197728
1425254400 219 383 800 2097
1425168000 221 385 810 2207
1425081600 2302 4827 26231 57313
1424995200 3524 7433 35276 168194
1424908800 3085 18150 26311 826487
1424822400 3345 9402 57758 510863
1424736000 3728 7174 63744 144235
1424649600 236 1246 3500 137072
1424563200 216 378 788 1022
1424476800 5540 8724 131900 281552
1424390400 2719 18671 74890 772200
1424304000 3477 12035 53082 443848
1424217600 2856 14904 29612 591230
1424131200 257 443 1809 2444
1424044800 242 425 796 1617
1423958400 242 432 912 1453
1423872000 3137 14584 52005 272993
1423785600 1823 15946 30968 640366
1423699200 479 1336 11363 109302
1423612800 1960 12434 30847 677182
1423526400 1842 7821 50833 394782
1423440000 242 417 6158 5518
1423353600 242 451 6234 18231
1423267200 1650 12915 72426 790943
1423180800 1544 9193 33774 223379
1423094400 1568 7910 126425 304764
1423008000 1224 6297 23742 457788
1422921600 1299 14940 22379 358155
1422835200 235 381 4936 6342
1422748800 234 374 4750 2462
1422662400 1878 2383 120330 33422
1422576000 985 1849 20140 59693
1422489600 2658 6321 38905 220229
1422403200 2660 3250 51243 52624
1422316800 1488 2322 20222 26918
1422230400 210 359 806 1450
1422144000 255 677 2045 18118
1422057600 701 1573 12066 38894
1421971200 573 2151 13621 114506
1421884800 1565 2640 80389 40604
1421798400 697 1534 80399 11930
1421712000 1779 2402 80374 39461
1421625600 557 629 81570 16354
1421539200 704 1883 81955 20664
1421452800 3109 4026 81514 33071
1421366400 9198 2944 1982462 105892
1421280000 2853 7768 81086 169610
1421193600 3739 5944 211598 97898
1421107200 2868 10723 85470 124846
1421020800 664 860 80240 5651
1420934400 1082 867 118491 6226
1420848000 2455 5756 83219 78906
1420761600 2258 4987 121180 71246
1420675200 1194 3749 16578 75487
1420588800 2773 7434 81985 237083
1420502400 1916 4068 94304 177736
1420416000 176 485 757 785
1420329600 176 490 757 1029
1420243200 486 2245 21600 87666
1420156800 175 434 753 1633
1420070400 188 583 2797 9308
1419984000 812 2113 22628 65056
1419897600 1553 3602 152002 80650
1419811200 174 303 753 751
1419724800 174 303 752 364
1419638400 174 302 754 360
1419552000 174 302 754 903
1419465600 174 303 760 398
1419379200 1140 3691 18073 338265
1419292800 1025 3639 13774 123737
1419206400 193 321 3806 771
1419120000 175 312 761 899
1419033600 2136 2509 197341 52916
1418947200 3538 7366 184359 282889
1418860800 1712 5824 23668 143794
1418774400 1815 2216 155927 71423
1418688000 3019 3700 169365 67077
1418601600 175 435 764 553
1418515200 175 429 754 848
1418428800 1561 2203 149958 25996
1418342400 2543 3346 119227 66799
1418256000 2522 6466 62870 83752
1418169600 2815 4274 266352 51817
1418083200 1871 10603 90668 1020425
1417996800 174 323 753 611
1417910400 173 325 1097 1335
1417824000 1590 2369 72076 26327
1417737600 5019 2654 35040 19337
1417651200 7338 2755 28527 27727
1417564800 8813 4250 95052 32104
1417478400 8578 7309 132024 933207
1417392000 6046 830 6727 1532
1417305600 6157 1697 11934 248756
1417219200 8680 5972 213967 84891
1417132800 8593 5629 132258 168398
1417046400 4993 17219 126252 285563
1416960000 3332 10788 126029 198945
1416873600 2963 5880 125322 94418
1416787200 722 2076 125484 272454
1416700800 875 542 125293 10942
1416614400 2717 7894 124073 149282
1416528000 6235 6465 124151 45146
1416441600 2584 6098 124224 121496
1416355200 2394 23588 123702 294772
1416268800 3383 8552 406475 810737
1416182400 174 359 761 796
1416096000 175 361 762 1549
1416009600 3598 11247 120927 175434
1415923200 3489 5574 120426 68019
1415836800 2644 7289 119347 74031
1415750400 4023 8916 371462 543733
1415664000 3486 9972 117328 182514
1415577600 724 614 117328 7134
1415491200 1021 631 115084 5039
1415404800 4734 14237 197593 570112
1415318400 4483 8394 127292 205248
1415232000 3674 5065 393853 95863
1415145600 3003 11867 254572 83885
1415059200 5904 8157 120239 217734
1414972800 6630 1513 120087 7951
1414886400 6750 1586 120345 6535
1414800000 3816 7421 114393 117391
1414713600 4007 12406 349516 365960
1414627200 5192 14260 332040 146904
1414540800 3499 9222 159170 278287
1414454400 1904 8624 112081 217811
1414368000 682 686 111258 5241
1414281600 1193 730 110342 5910
1414195200 3015 14043 109676 154310
1414108800 2143 6456 109338 211665
1414022400 3677 18221 109102 131494
1413936000 4441 12257 108376 155266
1413849600 2329 12872 27836 868457
1413763200 172 440 761 615
1413676800 172 438 753 592
1413590400 708 2895 17619 55699
1413504000 1097 4358 31243 127761
1413417600 769 2265 18981 53418
1413331200 1681 4342 68414 195194
1413244800 1079 1202 197263 36643
1413158400 177 547 756 2099
1413072000 177 541 757 699
1412985600 1675 2657 92025 63814
1412899200 2934 4560 201025 232445
1412812800 4121 10433 112632 292305
1412726400 4837 10260 212511 143432
1412640000 5335 17187 155309 224159
1412553600 686 808 104858 14417
1412467200 901 770 104511 12054
1412380800 3122 11364 103879 135911
1412294400 2089 3304 103139 71561
1412208000 654519 29521 12335093 666144
1412121600 2634 9156 103188 176608
1412035200 1935 11114 20364 96435
1411948800 176 574 757 770
1411862400 186 577 3077 910
1411776000 2633 19000 102326 323481
1411689600 2878 23432 102017 298997
1411603200 2811 11930 101830 196766
1411516800 4505 14472 610109 670983
1411430400 2969 10499 99508 256640
1411344000 676 775 99557 7477
1411257600 904 887 99395 6387
1411171200 1965 5897 98966 89711
1411084800 2282 15038 98769 613319
1410998400 5813 10500 439166 407779
1410912000 3579 19722 94083 349837
1410825600 3040 17289 99773 210301
1410739200 91601 6489 1222746 203332
1410652800 484 1710 20030 265955
1410566400 1823 6351 15480 105319
1410480000 1640 5178 14560 159070
1410393600 1808 18090 26844 883703
1410307200 2578 24846 42324 518030
1410220800 2200 12929 17123 174643
1410134400 302 611 965 5111
1410048000 424 616 12500 2805
1409961600 2284 14430 18200 200315
1409875200 2378 12950 20945 240496
1409788800 1164 4006 19767 106231
1409702400 2265 16342 20857 246670
1409616000 321 638 2003 7399
1409529600 314 641 1386 14030
1409443200 314 630 1508 3539
1409356800 7288 30059 27170 840418
1409270400 2087 12223 40165 676500
1409184000 1823 10979 26144 650676
1409097600 2414 23551 25090 1039557
1409011200 1851 9208 36440 865455
1408924800 313 494 1091 4487
1408838400 287 462 1216 3091
1408752000 1972 11542 12969 125323
1408665600 789 2859 4460 41822
1408579200 1924 13379 15017 53348
1408492800 2063 9931 15957 222829
1408406400 1253 10758 17454 368755
1408320000 300 454 1206 8453
1408233600 304 468 1237 5277
1408147200 2812 12474 73945 267014
1408060800 1968 7939 18480 62401
1407974400 3495 15272 23497 180139
1407888000 1859 10520 23974 253247
1407801600 1925 16589 38265 318491
1407715200 401 638 1716 11008
1407628800 400 610 1850 5296
1407542400 2234 15427 94889 1023529
1407456000 2514 9399 25247 167850
1407369600 857 1717 12716 47869
1407283200 2624 13995 74624 227194
1407196800 341 789 5122 10562
1407110400 312 576 1170 6704
1407024000 312 556 1089 2956
1406937600 2552 11976 51402 158403
1406851200 2231 5616 19371 100426
1406764800 2568 14490 30193 981881
1406678400 4331 15231 25959 172297
1406592000 3779 16658 33153 246116
1406505600 399 693 2286 2710
1406419200 377 715 1667 3765
1406332800 1957 8321 42855 184234
1406246400 4337 19188 28941 303030
1406160000 2485 18260 23693 202532
1406073600 3247 11974 18706 273110
1405987200 1480 5922 39618 117893
1405900800 386 700 1595 5067
1405814400 382 729 2124 7704
1405728000 2013 19796 32168 578051
1405641600 3351 15717 39945 172865
1405555200 2471 15326 77214 204032
1405468800 1439 9740 19432 182790
1405382400 2607 15523 18787 193105
1405296000 375 506 1065 5898
1405209600 409 536 1078 5067
1405123200 1142 7271 31200 154358
1405036800 1021 7707 14901 102781
1404950400 1810 5672 14707 56948
1404864000 832 1501 11603 19418
1404777600 789 1255 11317 14405
1404691200 160 345 741 447
1404604800 160 344 741 787
1404518400 359 2504 13173 345512
1404432000 1367 2579 22448 77235
1404345600 1171 2448 11447 94977
1404259200 286 500 11262 11450
1404172800 449 5981 14891 394278
1404086400 162 366 744 466
1404000000 162 368 741 473
1403913600 631 978 11273 11926
1403827200 444 1146 11278 12058
1403740800 1448 2764 16307 56166
1403654400 848 2293 11277 124195
1403568000 969 1717 11406 28305
1403481600 158 371 739 1133
1403395200 157 374 735 570
1403308800 836 1860 13965 36152
1403222400 1103 1864 13899 17007
1403136000 214 1497 6893 116164
1403049600 914 1723 19800 22324
1402963200 175 849 4611 8338
1402876800 156 664 739 996
1402790400 156 579 738 1023
1402704000 507 4476 26380 693720
1402617600 628 1516 11398 27522
1402531200 240 846 11272 18144
1402444800 567 1256 33606 14015
1402358400 665 2152 11528 227506
1402272000 155 610 743 1027
1402185600 155 612 737 871
1402099200 6599 2645 60742 109208
1402012800 1788 2481 22064 94368
1401926400 1189 2040 18795 36062
1401840000 747 1388 11311 32600
1401753600 673 1501 11282 94206
1401667200 146 317 726 441
1401580800 146 318 722 939
1401494400 566 1242 11282 12438
1401408000 1097 2905 19620 94319
1401321600 720 1347 22366 23098
1401235200 1186 2481 14237 95488
1401148800 196 1169 7013 50109
1401062400 146 473 725 842
1400976000 218 480 7894 1148
1400889600 2981 7196 142272 146427
1400803200 4597 12382 242402 465789
1400716800 4839 9490 238576 94062
1400630400 10080 27663 238853 881768
1400544000 4407 2918 238657 33009
1400457600 1762 1171 238746 23248
1400371200 3783 5492 247792 519149
1400284800 12124 16428 669044 186359
1400198400 15468 26713 667750 791458
1400112000 13547 37954 240651 860067
1400025600 11361 29747 245740 550293
1399939200 17531 14744 254495 109616
1399852800 9572 2048 11520 6084
1399766400 11357 2220 249563 17263
1399680000 16184 13741 248755 215156
1399593600 24136 18474 688732 95837
1399507200 15398 15197 240750 239417
1399420800 7340 10354 240559 79916
1399334400 4807 7809 240585 208172
1399248000 1016 853 57428 24761
1399161600 2328 961 241137 19177
1399075200 13561 20378 660222 831252
1398988800 33395 15024 1367555 224233
1398902400 64094 16652 1206779 492705
1398816000 31435 20968 1150743 291453
1398729600 21563 15078 288423 238346
1398643200 786 1197 2524 6339
1398556800 4201 5984 242386 173178
1398470400 11559 17972 244570 462720
1398384000 9523 18173 242213 208322
1398297600 8429 12361 242376 655290
1398211200 10518 21178 669985 964509
1398124800 26447 27258 1207507 928767
1398038400 5779 2526 91107 33407
1397952000 2743 1791 243171 157747
1397865600 9869 10670 243571 73298
1397779200 16578 17873 549134 657135
1397692800 12758 16710 467262 966606
1397606400 11258 14903 245094 162030
1397520000 14093 47995 243637 1176317
1397433600 2327 7796 53167 656534
1397347200 2671 1236 244274 11233
1397260800 8850 17901 671115 708754
1397174400 9245 36042 243912 1164376
1397088000 8975 35705 202130 1012197
1397001600 11444 18089 124159 348200
1396915200 9051 8374 9051 8374
1396828800 9051 8374 9051 8374
1396742400 9051 8374 9051 8374
1396656000 12759 8462 680161 38080
1396569600 41403 662317 1190649 12162817
1396483200 26618 22905 1164876 176195
1396396800 12573 16114 561470 825290
1396310400 8223 14852 245609 478737
1396224000 2906 1156 530321 24713
1396137600 2111 792 245319 10919
1396051200 10206 14270 413169 242154
1395964800 16721 11204 254144 139652
1395878400 17557 15591 472593 195860
1395792000 23438 19227 533306 540900
1395705600 413853 108213 11684732 1029540
1395619200 524 847 25607 38314
1395532800 2523 722 245855 10954
1395446400 111851 405724 8690360 10938202
1395360000 11910 20464 567819 820185
1395273600 11778 14091 988466 665895
1395187200 8274 7009 493266 160469
1395100800 9512 16236 270035 452633
1395014400 490 830 2280 5398
1394928000 2339 1142 253298 52702
1394841600 7309 21519 253008 733048
1394755200 11431 37142 259546 1178063
1394668800 6499 18022 415887 456265
1394582400 6858 27266 253637 857353
1394496000 5874 5978 253525 50409
1394409600 666 831 13276 9229
1394323200 2276 862 253937 11886
1394236800 9751 10699 401752 204512
1394150400 8296 8249 518378 66036
1394064000 6138 10228 254106 210353
1393977600 5671 12570 52883 580415
1393891200 6451 15080 254103 689642
1393804800 7030 2587 18029 6847
1393718400 9060 2755 261756 13020
1393632000 12174 11971 383642 158710
1393545600 9145 11764 675563 614144
1393459200 10051 14342 675534 571367
1393372800 7304 16426 390457 629272
1393286400 22960 24737 1047685 668246
1393200000 381 2873 8599 352496
1393113600 3117 1316 254595 27743
1393027200 12532 45237 676029 401798
1392940800 8347 26208 676767 732519
1392854400 12306 23394 389130 1039520
1392768000 8895 11939 497851 153650
1392681600 3686 1780 255220 31960
1392595200 2677 1702 199490 68301
1392508800 75589 11443 1144146 888170
1392422400 13581 14231 647280 235053
1392336000 10854 13315 673928 532952
1392249600 11847 12832 676539 343084
1392163200 7479 15545 282605 671584
1392076800 7601 12031 302751 496978
1391990400 183 512 1559 33836
1391904000 179 384 760 651
1391817600 130299 22604 1223164 174774
1391731200 5916 13335 279499 133036
1391644800 13447 15557 454356 209661
1391558400 8520 9528 441209 125261
1391472000 5963 13279 225365 305484
1391385600 179 385 762 456
1391299200 184 400 765 1480
1391212800 6692 7609 391757 86614
1391126400 8636 8279 327293 168323
1391040000 3467 7156 77045 126341
1390953600 3285 8610 31408 71084
1390867200 5843 12236 83981 133337
1390780800 175 307 754 417
1390694400 175 315 754 621
1390608000 3415 4777 207271 38937
1390521600 3760 5466 71358 130896
1390435200 1498 3969 195755 147807
1390348800 5026 7953 493563 283194
1390262400 8297 27360 1212152 1290678
1390176000 223 441 785 7362
1390089600 2043 897 259537 62574
1390003200 4297 3419 489315 78970
1389916800 6350 11939 485813 658934
1389830400 9433 24592 677700 1026136
1389744000 11593 18152 354973 265963
1389657600 13439 32420 1922980 1941778
1389571200 591 840 52082 18614
1389484800 2110 757 258071 11544
1389398400 7913 9360 392377 182285
1389312000 18977 27777 654867 1239922
1389225600 16989 35161 535443 422130
1389139200 10250 12254 677311 1203916
1389052800 31580 20741 678390 1137959
1388966400 688 1291 9743 63812
1388880000 2468 1186 257977 11854
1388793600 4849 9098 257092 92056
1388707200 11964 20549 597784 1249042
1388620800 1729 1013 256864 12135
1388534400 4691 10884 256506 102609
1388448000 8715 18450 573857 1214101
1388361600 183 355 757 520
1388275200 188 355 760 467
1388188800 1394 1717 18396 20332
1388102400 183 357 730 474
1388016000 370 544 11319 11492
1387929600 252 423 11280 11436
1387843200 13367 7006 1177731 121597
1387756800 184 410 749 541
1387670400 184 412 756 897
1387584000 11479 21920 434231 1185930
1387497600 20319 38301 576269 1233147
1387411200 14269 21721 681494 1416487
1387324800 30926 16002 1184963 294133
1387238400 8254 18016 517126 1079977
1387152000 335 639 1789 7456
1387065600 1236 991 256127 102320
1386979200 13575 7809 1166152 70367
1386892800 16110 50724 593553 1220621
1386806400 17287 39022 679150 1410095
1386720000 22384 14445 645401 151917
1386633600 19508 24759 1130233 1205722
1386547200 192 542 873 1112
1386460800 190 500 778 904
1386374400 11613 17040 517426 522246
1386288000 17271 55187 578145 1190094
1386201600 36918 25300 1177988 1649968
1386115200 12849 15785 406510 255645
1386028800 11238 23258 546972 878725
1385942400 183 517 767 1128
1385856000 183 544 767 1169
1385769600 3511 7820 180805 123580
1385683200 6255 10804 422879 385191
1385596800 7932 17405 370183 353095
1385510400 8337 10584 659748 143219
1385424000 5845 12118 49694 549539
1385337600 180 516 764 1010
1385251200 179 481 764 875
1385164800 3513 12496 480341 268250
1385078400 2748 16180 44395 474217
1384992000 2126 5914 44685 240153
1384905600 1812 11680 60271 102774
1384819200 12791 20181 1076645 357868
1384732800 219 696 6955 1268
1384646400 264 656 13015 1828
1384560000 8733 28313 351681 944514
1384473600 3449 6314 97667 94992
1384387200 2613 8303 57331 545084
1384300800 6580 9383 833969 100551
1384214400 2920 10100 63714 525782
1384128000 185 487 765 907
1384041600 187 500 769 856
1383955200 5610 12998 353193 199375
1383868800 20775 38883 1104182 2803220
1383782400 7916 14354 559638 1180758
1383696000 13580 22003 578820 1149830
1383609600 10338 63546 561737 1197445
1383523200 179 473 761 1074
1383436800 3209 620 6158 871
1383350400 15963 74949 367405 471393
1383264000 17887 46536 1120663 1672606
1383177600 70278 46330 7609248 2220187
1383091200 9889 9370 201991 191961
1383004800 10365 10932 288220 411237
1382918400 5790 776 6401 1552
1382832000 5960 793 6559 1412
1382745600 11550 19511 529301 364434
1382659200 20532 27119 735404 1284435
1382572800 7471 8279 533642 89443
1382486400 160221 17292 1182568 200410
1382400000 9338 12102 646891 1102096
1382313600 179 386 760 460
1382227200 178 385 761 480
1382140800 2687 11308 23716 440493
1382054400 7595 6044 446979 89611
1381968000 9567 9432 551265 165929
1381881600 10947 26786 193944 493493
1381795200 180 478 768 1260
1381708800 180 518 768 1212
1381622400 180 532 764 1371
1381536000 4694 69579 229521 11344421
1381449600 5807 24356 286061 809234
1381363200 6964 46478 684494 265778
1381276800 12836 34044 352186 833772
1381190400 85393 24153 7729886 529235
1381104000 178 392 757 798
1381017600 562 3361 15748 40067
1380931200 13095 15433 684908 100116
1380844800 8282 12995 685406 153635
1380758400 12989 17585 685322 240685
1380672000 12027 18656 685418 313189
1380585600 9997 14143 454143 355107
1380499200 478 3290 9573 46736
1380412800 2257 545 291844 12670
1380326400 13935 23087 476421 625205
1380240000 10161 8435 685909 180852
1380153600 13851 117052 688376 358587
1380067200 10971 80799 686136 660664
1379980800 4658 6685 278095 70169
1379894400 1564 488 313319 13581
1379808000 1645 570 268965 13679
1379721600 10446 7168 1123132 135611
1379635200 12138 14956 1035038 380872
1379548800 5596 9411 402754 265726
1379462400 291175 43055 1198000 969050
1379376000 7954 16307 478746 869357
1379289600 1161 647 145289 7493
1379203200 1437 856 216602 29147
1379116800 35318 442540 1174760 1709146
1379030400 24808 277769 647010 950037
1378944000 25282 221993 1177733 829140
1378857600 36514 195511 1174271 965254
1378771200 38056 190006 1192689 1204487
1378684800 2261 677 159740 7089
1378598400 2965 719 278421 12110
1378512000 23560 151324 1172564 1206758
1378425600 31419 209964 1173110 884712
1378339200 33081 340131 1167199 830160
1378252800 26150 259249 956961 2009647
1378166400 2896 5353 274684 182987
1378080000 2399 952 158557 7748
1377993600 3171 1180 274948 13030
1377907200 21439 110427 1163100 1072038
1377820800 29902 177562 1168020 1745033
1377734400 99171 187332 1909939 4567606
1377648000 38750 103247 1166416 1149818
1377561600 33422 169731 1200015 1559554
1377475200 9585 1230 1129923 46910
1377388800 9920 3881 1137849 47373
1377302400 24983 68761 1128250 506321
1377216000 29189 77209 1180906 496058
1377129600 32795 110792 1178661 1010120
1377043200 33995 182559 1207608 566707
1376956800 35094 172484 1184939 790929
1376870400 15620 1124 1205762 50322
1376784000 0 0 0 0
1376697600 0 0 0 0
1376611200 0 0 0 0
1376524800 0 0 0 0
1376438400 0 0 0 0
1376352000 0 0 0 0
1376265600 0 0 0 0
1376179200 0 0 0 0
1376092800 0 0 0 0
1376006400 0 0 0 0
1375920000 0 0 0 0
1375833600 0 0 0 0
1375747200 0 0 0 0
1375660800 0 0 0 0
1375574400 0 0 0 0
1375488000 0 0 0 0
1375401600 0 0 0 0
1375315200 0 0 0 0
1375228800 0 0 0 0
1375142400 0 0 0 0
1375056000 0 0 0 0
1374969600 0 0 0 0
1374883200 0 0 0 0
1374796800 0 0 0 0
1374710400 0 0 0 0
1374624000 0 0 0 0
1374537600 0 0 0 0
1374451200 0 0 0 0
1374364800 0 0 0 0
1374278400 0 0 0 0
1374192000 0 0 0 0
1374105600 0 0 0 0
1374019200 0 0 0 0
1373932800 0 0 0 0
1373846400 0 0 0 0
1373760000 0 0 0 0
1373673600 0 0 0 0
1373587200 0 0 0 0
1373500800 0 0 0 0
1373414400 0 0 0 0
1373328000 0 0 0 0
1373241600 0 0 0 0
1373155200 0 0 0 0
1373068800 0 0 0 0
1372982400 0 0 0 0
1372896000 0 0 0 0
1372809600 0 0 0 0
1372723200 0 0 0 0
1372636800 0 0 0 0
1372550400 0 0 0 0
1372464000 0 0 0 0
1372377600 0 0 0 0
1372291200 0 0 0 0
1372204800 0 0 0 0
1372118400 0 0 0 0
1372032000 0 0 0 0
1371945600 0 0 0 0
1371859200 0 0 0 0
1371772800 0 0 0 0
1371686400 0 0 0 0
1371600000 0 0 0 0
1371513600 0 0 0 0
1371427200 0 0 0 0
1371340800 0 0 0 0
1371254400 0 0 0 0
1371168000 0 0 0 0
1371081600 0 0 0 0
1370995200 0 0 0 0
1370908800 0 0 0 0
1370822400 0 0 0 0
1370736000 0 0 0 0
1370649600 0 0 0 0
1370563200 0 0 0 0
1370476800 0 0 0 0
1370390400 0 0 0 0
1370304000 0 0 0 0
1370217600 0 0 0 0
1370131200 0 0 0 0
1370044800 0 0 0 0
1369958400 0 0 0 0
1369872000 0 0 0 0
1369785600 0 0 0 0
1369699200 0 0 0 0
1369612800 0 0 0 0
1369526400 0 0 0 0
1369440000 0 0 0 0
1369353600 0 0 0 0
1369267200 0 0 0 0
1369180800 0 0 0 0
1369094400 0 0 0 0
1369008000 0 0 0 0
1368921600 0 0 0 0
1368835200 0 0 0 0
1368748800 0 0 0 0
1368662400 0 0 0 0
1368576000 0 0 0 0
1368489600 0 0 0 0
1368403200 0 0 0 0
1368316800 0 0 0 0
1368230400 0 0 0 0
1368144000 0 0 0 0
1368057600 0 0 0 0
1367971200 0 0 0 0
1367884800 0 0 0 0
1367798400 0 0 0 0
1367712000 0 0 0 0
1367625600 0 0 0 0
1367539200 0 0 0 0
1367452800 0 0 0 0
1367366400 0 0 0 0
1367280000 0 0 0 0
1367193600 0 0 0 0
1367107200 0 0 0 0
1367020800 0 0 0 0
1366934400 0 0 0 0
1366848000 0 0 0 0
1366761600 0 0 0 0
1366675200 0 0 0 0
1366588800 0 0 0 0
1366502400 0 0 0 0
1366416000 0 0 0 0
1366329600 0 0 0 0
1366243200 0 0 0 0
1366156800 0 0 0 0
1366070400 0 0 0 0
1365984000 0 0 0 0
1365897600 0 0 0 0
1365811200 0 0 0 0
1365724800 0 0 0 0
1365638400 0 0 0 0
1365552000 0 0 0 0
1365465600 0 0 0 0
1365379200 0 0 0 0
1365292800 0 0 0 0
1365206400 0 0 0 0
1365120000 0 0 0 0
1365033600 0 0 0 0
1364947200 0 0 0 0
1364860800 0 0 0 0
1364774400 0 0 0 0
1364688000 0 0 0 0
1364601600 0 0 0 0
1364515200 0 0 0 0
1364428800 0 0 0 0
1364342400 0 0 0 0
1364256000 0 0 0 0
1364169600 0 0 0 0
1364083200 0 0 0 0
1363996800 0 0 0 0
1363910400 0 0 0 0
1363824000 0 0 0 0
1363737600 0 0 0 0
1363651200 0 0 0 0
1363564800 0 0 0 0
1363478400 0 0 0 0
1363392000 0 0 0 0
1363305600 0 0 0 0
1363219200 0 0 0 0
1363132800 0 0 0 0
1363046400 0 0 0 0
1362960000 0 0 0 0
1362873600 0 0 0 0
1362787200 0 0 0 0
1362700800 0 0 0 0
1362614400 0 0 0 0
1362528000 0 0 0 0
1362441600 0 0 0 0
1362355200 0 0 0 0
