1431190809 4399775 8057948
1431190809 0 0 0 0
1431176643 0 0 0 0
1431176400 0 0 0 0
1431176100 0 0 0 0
1431175800 0 0 0 0
1431175500 0 0 0 0
1431175200 0 0 0 0
1431174900 0 0 0 0
1431174600 0 0 0 0
1431174300 0 0 0 0
1431174000 0 0 0 0
1431173700 0 0 0 0
1431173400 0 0 0 0
1431173100 0 0 0 0
1431172800 0 0 0 0
1431172500 0 0 0 0
1431172200 0 0 0 0
1431171900 0 0 0 0
1431171600 0 0 0 0
1431171300 0 0 0 0
1431171000 0 0 0 0
1431170700 0 0 0 0
1431170400 0 0 0 0
1431170100 0 0 0 0
1431169800 0 0 0 0
1431169500 0 0 0 0
1431169200 0 0 0 0
1431168900 0 0 0 0
1431168600 0 0 0 0
1431168300 0 0 0 0
1431168000 0 0 0 0
1431167700 0 0 0 0
1431167400 0 0 0 0
1431167100 0 0 0 0
1431166800 0 0 0 0
1431166500 0 0 0 0
1431166200 0 0 0 0
1431165900 0 0 0 0
1431165600 0 0 0 0
1431165300 0 0 0 0
1431165000 0 0 0 0
1431164700 0 0 0 0
1431164400 0 0 0 0
1431164100 0 0 0 0
1431163800 0 0 0 0
1431163500 0 0 0 0
1431163200 0 0 0 0
1431162900 0 0 0 0
1431162600 0 0 0 0
1431162300 0 0 0 0
1431162000 0 0 0 0
1431161700 0 0 0 0
1431161400 0 0 0 0
1431161100 0 0 0 0
1431160800 0 0 0 0
1431160500 0 0 0 0
1431160200 0 0 0 0
1431159900 0 0 0 0
1431159600 0 0 0 0
1431159300 0 0 0 0
1431159000 0 0 0 0
1431158700 0 0 0 0
1431158400 0 0 0 0
1431158100 0 0 0 0
1431157800 0 0 0 0
1431157500 0 0 0 0
1431157200 0 0 0 0
1431156900 0 0 0 0
1431156600 0 0 0 0
1431156300 0 0 0 0
1431156000 0 0 0 0
1431155700 0 0 0 0
1431155400 0 0 0 0
1431155100 0 0 0 0
1431154800 0 0 0 0
1431154500 0 0 0 0
1431154200 0 0 0 0
1431153900 0 0 0 0
1431153600 0 0 0 0
1431153300 0 0 0 0
1431153000 0 0 0 0
1431152700 0 0 0 0
1431152400 0 0 0 0
1431152100 0 0 0 0
1431151800 0 0 0 0
1431151500 0 0 0 0
1431151200 0 0 0 0
1431150900 0 0 0 0
1431150600 0 0 0 0
1431150300 0 0 0 0
1431150000 0 0 0 0
1431149700 0 0 0 0
1431149400 0 0 0 0
1431149100 0 0 0 0
1431148800 0 0 0 0
1431148500 0 0 0 0
1431148200 0 0 0 0
1431147900 0 0 0 0
1431147600 0 0 0 0
1431147300 0 0 0 0
1431147000 0 0 0 0
1431146700 0 0 0 0
1431146400 0 0 0 0
1431146100 0 0 0 0
1431145800 0 0 0 0
1431145500 0 0 0 0
1431145200 0 0 0 0
1431144900 0 0 0 0
1431144600 0 0 0 0
1431144300 0 0 0 0
1431144000 0 0 0 0
1431143700 0 0 0 0
1431143400 0 0 0 0
1431143100 0 0 0 0
1431142800 0 0 0 0
1431142500 0 0 0 0
1431142200 0 0 0 0
1431141900 0 0 0 0
1431141600 0 0 0 0
1431141300 0 0 0 0
1431141000 0 0 0 0
1431140700 0 0 0 0
1431140400 0 0 0 0
1431140100 0 0 0 0
1431139800 0 0 0 0
1431139500 0 0 0 0
1431139200 0 0 0 0
1431138900 0 0 0 0
1431138600 0 0 0 0
1431138300 0 0 0 0
1431138000 0 0 0 0
1431137700 0 0 0 0
1431137400 0 0 0 0
1431137100 0 0 0 0
1431136800 0 0 0 0
1431136500 0 0 0 0
1431136200 0 0 0 0
1431135900 0 0 0 0
1431135600 0 0 0 0
1431135300 0 0 0 0
1431135000 0 0 0 0
1431134700 0 0 0 0
1431134400 0 0 0 0
1431134100 0 0 0 0
1431133800 0 0 0 0
1431133500 0 0 0 0
1431133200 0 0 0 0
1431132900 0 0 0 0
1431132600 0 0 0 0
1431132300 0 0 0 0
1431132000 0 0 0 0
1431131700 0 0 0 0
1431131400 0 0 0 0
1431131100 0 0 0 0
1431130800 0 0 0 0
1431130500 0 0 0 0
1431130200 0 0 0 0
1431129900 0 0 0 0
1431129600 0 0 0 0
1431129300 0 0 0 0
1431129000 0 0 0 0
1431128700 0 0 0 0
1431128400 0 0 0 0
1431128100 0 0 0 0
1431127800 0 0 0 0
1431127500 0 0 0 0
1431127200 0 0 0 0
1431126900 0 0 0 0
1431126600 0 0 0 0
1431126300 0 0 0 0
1431126000 0 0 0 0
1431125700 0 0 0 0
1431125400 0 0 0 0
1431125100 0 0 0 0
1431124800 0 0 0 0
1431124500 0 0 0 0
1431124200 0 0 0 0
1431123900 0 0 0 0
1431123600 0 0 0 0
1431123300 0 0 0 0
1431123000 0 0 0 0
1431122700 0 0 0 0
1431122400 0 0 0 0
1431122100 0 0 0 0
1431121800 0 0 0 0
1431121500 0 0 0 0
1431121200 0 0 0 0
1431120900 0 0 0 0
1431120600 0 0 0 0
1431120300 0 0 0 0
1431120000 0 0 0 0
1431119700 0 0 0 0
1431119400 0 0 0 0
1431119100 0 0 0 0
1431118800 0 0 0 0
1431118500 0 0 0 0
1431118200 0 0 0 0
1431117900 0 0 0 0
1431117600 0 0 0 0
1431117300 0 0 0 0
1431117000 0 0 0 0
1431116700 0 0 0 0
1431116400 0 0 0 0
1431116100 0 0 0 0
1431115800 0 0 0 0
1431115500 0 0 0 0
1431115200 0 0 0 0
1431114900 0 0 0 0
1431114600 0 0 0 0
1431114300 0 0 0 0
1431114000 0 0 0 0
1431113700 0 0 0 0
1431113400 0 0 0 0
1431113100 0 0 0 0
1431112800 0 0 0 0
1431112500 0 0 0 0
1431112200 0 0 0 0
1431111900 0 0 0 0
1431111600 0 0 0 0
1431111300 0 0 0 0
1431111000 0 0 0 0
1431110700 0 0 0 0
1431110400 0 0 0 0
1431110100 0 0 0 0
1431109800 0 0 0 0
1431109500 0 0 0 0
1431109200 0 0 0 0
1431108900 0 0 0 0
1431108600 0 0 0 0
1431108300 0 0 0 0
1431108000 0 0 0 0
1431107700 0 0 0 0
1431107400 0 0 0 0
1431107100 0 0 0 0
1431106800 0 0 0 0
1431106500 0 0 0 0
1431106200 0 0 0 0
1431105900 0 0 0 0
1431105600 0 0 0 0
1431105300 0 0 0 0
1431105000 0 0 0 0
1431104700 0 0 0 0
1431104400 0 0 0 0
1431104100 0 0 0 0
1431103800 0 0 0 0
1431103500 0 0 0 0
1431103200 0 0 0 0
1431102900 0 0 0 0
1431102600 0 0 0 0
1431102300 0 0 0 0
1431102000 0 0 0 0
1431101700 0 0 0 0
1431101400 0 0 0 0
1431101100 0 0 0 0
1431100800 0 0 0 0
1431100500 0 0 0 0
1431100200 0 0 0 0
1431099900 0 0 0 0
1431099600 0 0 0 0
1431099300 0 0 0 0
1431099000 0 0 0 0
1431098700 0 0 0 0
1431098400 0 0 0 0
1431098100 0 0 0 0
1431097800 0 0 0 0
1431097500 0 0 0 0
1431097200 0 0 0 0
1431096900 0 0 0 0
1431096600 0 0 0 0
1431096300 0 0 0 0
1431096000 0 0 0 0
1431095700 0 0 0 0
1431095400 0 0 0 0
1431095100 0 0 0 0
1431094800 0 0 0 0
1431094500 0 0 0 0
1431094200 0 0 0 0
1431093900 0 0 0 0
1431093600 0 0 0 0
1431093300 0 0 0 0
1431093000 0 0 0 0
1431092700 0 0 0 0
1431092400 0 0 0 0
1431092100 0 0 0 0
1431091800 0 0 0 0
1431091500 0 0 0 0
1431091200 0 0 0 0
1431090900 0 0 0 0
1431090600 0 0 0 0
1431090300 0 0 0 0
1431090000 0 0 0 0
1431089700 0 0 0 0
1431089400 0 0 0 0
1431089100 0 0 0 0
1431088800 0 0 0 0
1431088500 0 0 0 0
1431088200 0 0 0 0
1431087900 0 0 0 0
1431087600 0 0 0 0
1431087300 0 0 0 0
1431087000 0 0 0 0
1431086700 0 0 0 0
1431086400 0 0 0 0
1431086100 0 0 0 0
1431085800 0 0 0 0
1431085500 0 0 0 0
1431085200 0 0 0 0
1431084900 0 0 0 0
1431084600 0 0 0 0
1431084300 0 0 0 0
1431084000 0 0 0 0
1431083700 0 0 0 0
1431083400 0 0 0 0
1431083100 0 0 0 0
1431082800 0 0 0 0
1431082500 0 0 0 0
1431082200 0 0 0 0
1431081900 0 0 0 0
1431081600 0 0 0 0
1431081300 0 0 0 0
1431081000 0 0 0 0
1431080700 0 0 0 0
1431080400 0 0 0 0
1431080100 0 0 0 0
1431079800 0 0 0 0
1431079500 0 0 0 0
1431079200 0 0 0 0
1431078900 0 0 0 0
1431078600 0 0 0 0
1431078300 0 0 0 0
1431078000 0 0 0 0
1431077700 0 0 0 0
1431077400 0 0 0 0
1431077100 0 0 0 0
1431076800 0 0 0 0
1431076500 0 0 0 0
1431076200 0 0 0 0
1431075900 0 0 0 0
1431075600 0 0 0 0
1431075300 0 0 0 0
1431075000 0 0 0 0
1431074700 0 0 0 0
1431074400 0 0 0 0
1431074100 0 0 0 0
1431073800 0 0 0 0
1431073500 0 0 0 0
1431073200 0 0 0 0
1431072900 0 0 0 0
1431072600 0 0 0 0
1431072300 0 0 0 0
1431072000 0 0 0 0
1431071700 0 0 0 0
1431071400 0 0 0 0
1431071100 0 0 0 0
1431070800 0 0 0 0
1431070500 0 0 0 0
1431070200 0 0 0 0
1431069900 0 0 0 0
1431069600 0 0 0 0
1431069300 0 0 0 0
1431069000 0 0 0 0
1431068700 0 0 0 0
1431068400 0 0 0 0
1431068100 0 0 0 0
1431067800 0 0 0 0
1431067500 0 0 0 0
1431067200 0 0 0 0
1431066900 0 0 0 0
1431066600 0 0 0 0
1431066300 0 0 0 0
1431066000 0 0 0 0
1431065700 0 0 0 0
1431065400 0 0 0 0
1431065100 0 0 0 0
1431064800 0 0 0 0
1431064500 0 0 0 0
1431064200 0 0 0 0
1431063900 0 0 0 0
1431063600 0 0 0 0
1431063300 0 0 0 0
1431063000 0 0 0 0
1431062700 0 0 0 0
1431062400 0 0 0 0
1431062100 0 0 0 0
1431061800 0 0 0 0
1431061500 0 0 0 0
1431061200 0 0 0 0
1431060900 0 0 0 0
1431060600 0 0 0 0
1431060300 0 0 0 0
1431060000 0 0 0 0
1431059700 0 0 0 0
1431059400 0 0 0 0
1431059100 0 0 0 0
1431058800 0 0 0 0
1431058500 0 0 0 0
1431058200 0 0 0 0
1431057900 0 0 0 0
1431057600 0 0 0 0
1431057300 0 0 0 0
1431057000 0 0 0 0
1431056700 0 0 0 0
1431056400 0 0 0 0
1431056100 0 0 0 0
1431055800 0 0 0 0
1431055500 0 0 0 0
1431055200 0 0 0 0
1431054900 0 0 0 0
1431054600 0 0 0 0
1431054300 0 0 0 0
1431054000 0 0 0 0
1431053700 0 0 0 0
1431053400 0 0 0 0
1431053100 0 0 0 0
1431052800 0 0 0 0
1431052500 0 0 0 0
1431052200 0 0 0 0
1431051900 0 0 0 0
1431051600 0 0 0 0
1431051300 0 0 0 0
1431051000 0 0 0 0
1431050700 0 0 0 0
1431050400 0 0 0 0
1431050100 0 0 0 0
1431049800 0 0 0 0
1431049500 0 0 0 0
1431049200 0 0 0 0
1431048900 0 0 0 0
1431048600 0 0 0 0
1431048300 0 0 0 0
1431048000 0 0 0 0
1431047700 0 0 0 0
1431047400 0 0 0 0
1431047100 0 0 0 0
1431046800 0 0 0 0
1431046500 0 0 0 0
1431046200 0 0 0 0
1431045900 0 0 0 0
1431045600 0 0 0 0
1431045300 0 0 0 0
1431045000 0 0 0 0
1431044700 0 0 0 0
1431044400 0 0 0 0
1431044100 0 0 0 0
1431043800 0 0 0 0
1431043500 0 0 0 0
1431043200 0 0 0 0
1431042900 0 0 0 0
1431042600 0 0 0 0
1431042300 0 0 0 0
1431042000 0 0 0 0
1431041700 0 0 0 0
1431041400 0 0 0 0
1431041100 0 0 0 0
1431040800 0 0 0 0
1431040500 0 0 0 0
1431040200 0 0 0 0
1431039900 0 0 0 0
1431039600 0 0 0 0
1431039300 0 0 0 0
1431039000 0 0 0 0
1431038700 0 0 0 0
1431038400 0 0 0 0
1431038100 0 0 0 0
1431037800 0 0 0 0
1431037500 0 0 0 0
1431037200 0 0 0 0
1431036900 0 0 0 0
1431036600 0 0 0 0
1431036300 0 0 0 0
1431036000 0 0 0 0
1431035700 0 0 0 0
1431035400 0 0 0 0
1431035100 0 0 0 0
1431034800 0 0 0 0
1431034500 0 0 0 0
1431034200 0 0 0 0
1431033900 0 0 0 0
1431033600 0 0 0 0
1431033300 0 0 0 0
1431033000 0 0 0 0
1431032700 0 0 0 0
1431032400 0 0 0 0
1431032100 0 0 0 0
1431031800 0 0 0 0
1431031500 0 0 0 0
1431031200 0 0 0 0
1431030900 0 0 0 0
1431030600 0 0 0 0
1431030300 0 0 0 0
1431030000 0 0 0 0
1431029700 0 0 0 0
1431029400 0 0 0 0
1431029100 0 0 0 0
1431028800 0 0 0 0
1431028500 0 0 0 0
1431028200 0 0 0 0
1431027900 0 0 0 0
1431027600 0 0 0 0
1431027300 0 0 0 0
1431027000 0 0 0 0
1431026700 0 0 0 0
1431026400 0 0 0 0
1431026100 0 0 0 0
1431025800 0 0 0 0
1431025500 0 0 0 0
1431025200 0 0 0 0
1431024900 0 0 0 0
1431024600 0 0 0 0
1431024300 0 0 0 0
1431024000 0 0 0 0
1431023700 0 0 0 0
1431023400 0 0 0 0
1431023100 0 0 0 0
1431022800 0 0 0 0
1431022500 0 0 0 0
1431022200 0 0 0 0
1431021900 0 0 0 0
1431021600 0 0 0 0
1431021300 0 0 0 0
1431021000 0 0 0 0
1431020700 0 0 0 0
1431020400 0 0 0 0
1431020100 0 0 0 0
1431019800 0 0 0 0
1431019500 0 0 0 0
1431019200 0 0 0 0
1431018900 0 0 0 0
1431018600 0 0 0 0
1431018300 0 0 0 0
1431018000 0 0 0 0
1431017700 0 0 0 0
1431017400 0 0 0 0
1431017100 0 0 0 0
1431016800 0 0 0 0
1431016500 0 0 0 0
1431016200 0 0 0 0
1431015900 0 0 0 0
1431015600 0 0 0 0
1431015300 0 0 0 0
1431015000 0 0 0 0
1431014700 0 0 0 0
1431014400 0 0 0 0
1431014100 0 0 0 0
1431013800 0 0 0 0
1431013500 0 0 0 0
1431013200 0 0 0 0
1431012900 0 0 0 0
1431012600 0 0 0 0
1431012300 0 0 0 0
1431012000 0 0 0 0
1431011700 0 0 0 0
1431011400 0 0 0 0
1431011100 0 0 0 0
1431010800 0 0 0 0
1431010500 0 0 0 0
1431010200 0 0 0 0
1431009900 0 0 0 0
1431009600 0 0 0 0
1431009300 0 0 0 0
1431009000 0 0 0 0
1431008700 0 0 0 0
1431008400 0 0 0 0
1431008100 0 0 0 0
1431007800 0 0 0 0
1431007500 0 0 0 0
1431007200 0 0 0 0
1431006900 0 0 0 0
1431006600 0 0 0 0
1431006300 0 0 0 0
1431006000 0 0 0 0
1431005700 0 0 0 0
1431005400 0 0 0 0
1431005100 0 0 0 0
1431004800 0 0 0 0
1431004500 0 0 0 0
1431004200 0 0 0 0
1431003900 0 0 0 0
1431003600 0 0 0 0
1431003300 0 0 0 0
1431003000 0 0 0 0
1431002700 0 0 0 0
1431002400 0 0 0 0
1431002100 0 0 0 0
1431001800 0 0 0 0
1431001500 0 0 0 0
1431001200 0 0 0 0
1431000900 0 0 0 0
1431000600 0 0 0 0
1431000300 0 0 0 0
1431000000 0 0 0 0
1430999700 0 0 0 0
1430999400 0 0 0 0
1430999100 0 0 0 0
1430998800 0 0 0 0
1430998500 0 0 0 0
1430998200 0 0 0 0
1430997900 0 0 0 0
1430997600 0 0 0 0
1430997300 0 0 0 0
1430997000 0 0 0 0
1430996700 0 0 0 0
1430996400 0 0 0 0
1430994600 0 0 0 0
1430992800 0 0 0 0
1430991000 0 0 0 0
1430989200 0 0 0 0
1430987400 0 0 0 0
1430985600 0 0 0 0
1430983800 0 0 0 0
1430982000 0 0 0 0
1430980200 0 0 0 0
1430978400 0 0 0 0
1430976600 0 0 0 0
1430974800 0 0 0 0
1430973000 0 0 0 0
1430971200 0 0 0 0
1430969400 0 0 0 0
1430967600 0 0 0 0
1430965800 0 0 0 0
1430964000 0 0 0 0
1430962200 0 0 0 0
1430960400 0 0 0 0
1430958600 0 0 0 0
1430956800 0 0 0 0
1430955000 0 0 0 0
1430953200 0 0 0 0
1430951400 0 0 0 0
1430949600 0 0 0 0
1430947800 0 0 0 0
1430946000 0 0 0 0
1430944200 0 0 0 0
1430942400 0 0 0 0
1430940600 0 0 0 0
1430938800 0 0 0 0
1430937000 0 0 0 0
1430935200 0 0 0 0
1430933400 0 0 0 0
1430931600 0 0 0 0
1430929800 0 0 0 0
1430928000 0 0 0 0
1430926200 0 0 0 0
1430924400 0 0 0 0
1430922600 0 0 0 0
1430920800 0 0 0 0
1430919000 0 0 0 0
1430917200 0 0 0 0
1430915400 0 0 0 0
1430913600 0 0 0 0
1430911800 0 0 0 0
1430910000 0 0 0 0
1430908200 0 0 0 0
1430906400 0 0 0 0
1430904600 0 0 0 0
1430902800 0 0 0 0
1430901000 0 0 0 0
1430899200 0 0 0 0
1430897400 0 0 0 0
1430895600 0 0 0 0
1430893800 0 0 0 0
1430892000 0 0 0 0
1430890200 0 0 0 0
1430888400 0 0 0 0
1430886600 0 0 0 0
1430884800 0 0 0 0
1430883000 0 0 0 0
1430881200 0 0 0 0
1430879400 0 0 0 0
1430877600 0 0 0 0
1430875800 0 0 0 0
1430874000 0 0 0 0
1430872200 0 0 0 0
1430870400 0 0 0 0
1430868600 0 0 0 0
1430866800 0 0 0 0
1430865000 0 0 0 0
1430863200 0 0 0 0
1430861400 0 0 0 0
1430859600 0 0 0 0
1430857800 0 0 0 0
1430856000 0 0 0 0
1430854200 0 0 0 0
1430852400 0 0 0 0
1430850600 0 0 0 0
1430848800 0 0 0 0
1430847000 0 0 0 0
1430845200 0 0 0 0
1430843400 0 0 0 0
1430841600 0 0 0 0
1430839800 0 0 0 0
1430838000 0 0 0 0
1430836200 0 0 0 0
1430834400 0 0 0 0
1430832600 0 0 0 0
1430830800 0 0 0 0
1430829000 0 0 0 0
1430827200 0 0 0 0
1430825400 0 0 0 0
1430823600 0 0 0 0
1430821800 0 0 0 0
1430820000 0 0 0 0
1430818200 0 0 0 0
1430816400 0 0 0 0
1430814600 0 0 0 0
1430812800 0 0 0 0
1430811000 0 0 0 0
1430809200 0 0 0 0
1430807400 0 0 0 0
1430805600 0 0 0 0
1430803800 0 0 0 0
1430802000 0 0 0 0
1430800200 0 0 0 0
1430798400 0 0 0 0
1430796600 0 0 0 0
1430794800 0 0 0 0
1430793000 0 0 0 0
1430791200 0 0 0 0
1430789400 0 0 0 0
1430787600 0 0 0 0
1430785800 0 0 0 0
1430784000 0 0 0 0
1430782200 0 0 0 0
1430780400 0 0 0 0
1430778600 0 0 0 0
1430776800 0 0 0 0
1430775000 0 0 0 0
1430773200 0 0 0 0
1430771400 0 0 0 0
1430769600 0 0 0 0
1430767800 0 0 0 0
1430766000 0 0 0 0
1430764200 0 0 0 0
1430762400 0 0 0 0
1430760600 0 0 0 0
1430758800 0 0 0 0
1430757000 0 0 0 0
1430755200 0 0 0 0
1430753400 0 0 0 0
1430751600 0 0 0 0
1430749800 0 0 0 0
1430748000 0 0 0 0
1430746200 0 0 0 0
1430744400 0 0 0 0
1430742600 0 0 0 0
1430740800 0 0 0 0
1430739000 0 0 0 0
1430737200 0 0 0 0
1430735400 0 0 0 0
1430733600 0 0 0 0
1430731800 0 0 0 0
1430730000 0 0 0 0
1430728200 0 0 0 0
1430726400 0 0 0 0
1430724600 0 0 0 0
1430722800 0 0 0 0
1430721000 0 0 0 0
1430719200 0 0 0 0
1430717400 0 0 0 0
1430715600 0 0 0 0
1430713800 0 0 0 0
1430712000 0 0 0 0
1430710200 0 0 0 0
1430708400 0 0 0 0
1430706600 0 0 0 0
1430704800 0 0 0 0
1430703000 0 0 0 0
1430701200 0 0 0 0
1430699400 0 0 0 0
1430697600 0 0 0 0
1430695800 0 0 0 0
1430694000 0 0 0 0
1430692200 0 0 0 0
1430690400 0 0 0 0
1430688600 0 0 0 0
1430686800 0 0 0 0
1430685000 0 0 0 0
1430683200 0 0 0 0
1430681400 0 0 0 0
1430679600 0 0 0 0
1430677800 0 0 0 0
1430676000 0 0 0 0
1430674200 0 0 0 0
1430672400 0 0 0 0
1430670600 0 0 0 0
1430668800 0 0 0 0
1430667000 0 0 0 0
1430665200 0 0 0 0
1430663400 0 0 0 0
1430661600 0 0 0 0
1430659800 0 0 0 0
1430658000 0 0 0 0
1430656200 0 0 0 0
1430654400 0 0 0 0
1430652600 0 0 0 0
1430650800 0 0 0 0
1430649000 0 0 0 0
1430647200 0 0 0 0
1430645400 0 0 0 0
1430643600 0 0 0 0
1430641800 0 0 0 0
1430640000 0 0 0 0
1430638200 0 0 0 0
1430636400 0 0 0 0
1430634600 0 0 0 0
1430632800 0 0 0 0
1430631000 0 0 0 0
1430629200 0 0 0 0
1430627400 0 0 0 0
1430625600 0 0 0 0
1430623800 0 0 0 0
1430622000 0 0 0 0
1430620200 0 0 0 0
1430618400 0 0 0 0
1430616600 0 0 0 0
1430614800 0 0 0 0
1430613000 0 0 0 0
1430611200 0 0 0 0
1430609400 0 0 0 0
1430607600 0 0 0 0
1430605800 0 0 0 0
1430604000 0 0 0 0
1430602200 0 0 0 0
1430600400 0 0 0 0
1430598600 0 0 0 0
1430596800 0 0 0 0
1430595000 0 0 0 0
1430593200 0 0 0 0
1430591400 0 0 0 0
1430589600 0 0 0 0
1430587800 0 0 0 0
1430586000 0 0 0 0
1430584200 0 0 0 0
1430582400 0 0 0 0
1430580600 0 0 0 0
1430578800 0 0 0 0
1430577000 0 0 0 0
1430575200 0 0 0 0
1430573400 0 0 0 0
1430571600 0 0 0 0
1430569800 0 0 0 0
1430568000 0 0 0 0
1430566200 0 0 0 0
1430564400 0 0 0 0
1430562600 0 0 0 0
1430560800 0 0 0 0
1430559000 0 0 0 0
1430557200 0 0 0 0
1430555400 0 0 0 0
1430553600 0 0 0 0
1430551800 0 0 0 0
1430550000 0 0 0 0
1430548200 0 0 0 0
1430546400 0 0 0 0
1430544600 0 0 0 0
1430542800 0 0 0 0
1430541000 0 0 0 0
1430539200 0 0 0 0
1430537400 0 0 0 0
1430535600 0 0 0 0
1430533800 0 0 0 0
1430532000 0 0 0 0
1430530200 0 0 0 0
1430528400 0 0 0 0
1430526600 0 0 0 0
1430524800 0 0 0 0
1430523000 0 0 0 0
1430521200 0 0 0 0
1430519400 0 0 0 0
1430517600 0 0 0 0
1430515800 0 0 0 0
1430514000 0 0 0 0
1430512200 0 0 0 0
1430510400 0 0 0 0
1430508600 0 0 0 0
1430506800 0 0 0 0
1430505000 0 0 0 0
1430503200 0 0 0 0
1430501400 0 0 0 0
1430499600 0 0 0 0
1430497800 0 0 0 0
1430496000 0 0 0 0
1430494200 0 0 0 0
1430492400 0 0 0 0
1430490600 0 0 0 0
1430488800 0 0 0 0
1430487000 0 0 0 0
1430485200 0 0 0 0
1430483400 0 0 0 0
1430481600 0 0 0 0
1430479800 0 0 0 0
1430478000 0 0 0 0
1430476200 0 0 0 0
1430474400 0 0 0 0
1430472600 0 0 0 0
1430470800 0 0 0 0
1430469000 0 0 0 0
1430467200 0 0 0 0
1430465400 0 0 0 0
1430463600 0 0 0 0
1430461800 0 0 0 0
1430460000 0 0 0 0
1430458200 0 0 0 0
1430456400 0 0 0 0
1430454600 0 0 0 0
1430452800 0 0 0 0
1430451000 0 0 0 0
1430449200 0 0 0 0
1430447400 0 0 0 0
1430445600 0 0 0 0
1430443800 0 0 0 0
1430442000 0 0 0 0
1430440200 0 0 0 0
1430438400 0 0 0 0
1430436600 0 0 0 0
1430434800 0 0 0 0
1430433000 0 0 0 0
1430431200 0 0 0 0
1430429400 0 0 0 0
1430427600 0 0 0 0
1430425800 0 0 0 0
1430424000 0 0 0 0
1430422200 0 0 0 0
1430420400 0 0 0 0
1430418600 0 0 0 0
1430416800 0 0 0 0
1430415000 0 0 0 0
1430413200 0 0 0 0
1430411400 0 0 0 0
1430409600 0 0 0 0
1430407800 0 0 0 0
1430406000 0 0 0 0
1430404200 0 0 0 0
1430402400 0 0 0 0
1430400600 0 0 0 0
1430398800 0 0 0 0
1430397000 0 0 0 0
1430395200 0 0 0 0
1430393400 0 0 0 0
1430391600 0 0 0 0
1430389800 0 0 0 0
1430388000 0 0 0 0
1430386200 0 0 0 0
1430384400 0 0 0 0
1430382600 0 0 0 0
1430380800 0 0 0 0
1430379000 0 0 0 0
1430377200 0 0 0 0
1430375400 0 0 0 0
1430373600 0 0 0 0
1430371800 0 0 0 0
1430370000 0 0 0 0
1430368200 0 0 0 0
1430366400 0 0 0 0
1430364600 0 0 0 0
1430362800 0 0 0 0
1430361000 0 0 0 0
1430359200 0 0 0 0
1430357400 0 0 0 0
1430355600 0 0 0 0
1430353800 0 0 0 0
1430352000 0 0 0 0
1430350200 0 0 0 0
1430348400 0 0 0 0
1430346600 0 0 0 0
1430344800 0 0 0 0
1430343000 0 0 0 0
1430341200 0 0 0 0
1430339400 0 0 0 0
1430337600 0 0 0 0
1430335800 0 0 0 0
1430334000 0 0 0 0
1430332200 0 0 0 0
1430330400 0 0 0 0
1430328600 0 0 0 0
1430326800 0 0 0 0
1430325000 0 0 0 0
1430323200 0 0 0 0
1430321400 0 0 0 0
1430319600 0 0 0 0
1430317800 0 0 0 0
1430316000 0 0 0 0
1430314200 0 0 0 0
1430312400 0 0 0 0
1430310600 0 0 0 0
1430308800 0 0 0 0
1430307000 0 0 0 0
1430305200 0 0 0 0
1430303400 0 0 0 0
1430301600 0 0 0 0
1430299800 0 0 0 0
1430298000 0 0 0 0
1430296200 0 0 0 0
1430294400 0 0 0 0
1430292600 0 0 0 0
1430290800 0 0 0 0
1430289000 0 0 0 0
1430287200 0 0 0 0
1430285400 0 0 0 0
1430283600 0 0 0 0
1430281800 0 0 0 0
1430280000 0 0 0 0
1430278200 0 0 0 0
1430276400 0 0 0 0
1430274600 0 0 0 0
1430272800 0 0 0 0
1430271000 0 0 0 0
1430269200 8 475 11 594
1430267400 11 594 11 594
1430265600 11 594 11 594
1430263800 11 594 11 594
1430262000 11 594 11 594
1430260200 11 594 11 594
1430258400 10 585 11 594
1430256600 10 416 10 566
1430254800 10 541 10 771
1430253000 10 683 12 797
1430251200 10 699 10 902
1430249400 10 735 10 902
1430247600 10 577 10 722
1430245800 10 715 11 917
1430244000 10 733 11 999
1430242200 10 691 10 755
1430240400 10 669 10 812
1430238600 10 623 10 747
1430236800 10 680 11 933
1430235000 10 648 11 838
1430233200 10 752 11 1079
1430231400 10 766 10 1124
1430229600 10 599 10 713
1430227800 10 778 10 1305
1430226000 10 897 10 1305
1430224200 10 560 10 716
1430222400 10 720 10 1136
1430220600 10 370 10 404
1430218800 10 392 10 544
1430217000 10 358 10 406
1430215200 10 346 10 394
1430213400 10 344 10 397
1430211600 10 352 10 399
1430209800 10 361 12 440
1430208000 10 352 10 420
1430206200 10 355 10 420
1430204400 10 350 10 408
1430202600 10 356 10 437
1430200800 10 357 34 382
1430199000 10 358 10 424
1430197200 10 363 10 396
1430195400 10 355 10 398
1430193600 10 348 11 376
1430191800 10 348 10 383
1430190000 10 387 10 456
1430188200 10 447 10 540
1430186400 10 444 10 470
1430184600 10 436 10 497
1430182800 10 496 10 551
1430181000 10 479 10 588
1430179200 10 478 10 547
1430177400 10 469 10 525
1430175600 10 481 10 538
1430173800 10 482 10 572
1430172000 10 456 10 551
1430170200 10 493 10 590
1430168400 10 631 10 972
1430166600 10 709 12 1232
1430164800 10 640 10 749
1430163000 10 641 11 768
1430161200 10 821 10 1095
1430159400 10 687 10 848
1430157600 10 709 10 1210
1430155800 10 720 10 946
1430154000 10 695 10 816
1430152200 10 601 10 667
1430150400 10 624 10 831
1430148600 10 644 10 831
1430146800 10 702 10 902
1430145000 10 643 10 714
1430143200 10 702 10 937
1430141400 10 708 10 881
1430139600 10 783 10 936
1430137800 10 683 10 864
1430136000 10 597 10 906
1430134200 10 347 10 486
1430132400 10 308 10 453
1430130600 10 283 10 331
1430128800 10 278 10 307
1430127000 10 275 10 305
1430125200 10 282 10 315
1430123400 10 282 12 337
1430121600 10 276 10 316
1430119800 10 272 10 297
1430118000 10 288 10 332
1430116200 10 323 10 548
1430114400 10 276 10 303
1430112600 10 270 10 290
1430110800 10 288 10 339
1430109000 10 296 10 343
1430107200 10 278 11 309
1430105400 10 270 10 290
1430103600 10 277 10 312
1430101800 10 284 10 326
1430100000 10 273 10 294
1430098200 10 270 10 292
1430096400 10 282 10 308
1430094600 10 289 10 341
1430092800 10 273 10 289
1430091000 10 272 10 298
1430089200 10 278 10 295
1430087400 10 283 10 325
1430085600 10 272 10 291
1430083800 10 277 10 303
1430082000 10 277 10 308
1430080200 10 288 12 341
1430078400 10 278 10 303
1430076600 10 272 11 285
1430074800 10 282 10 299
1430073000 10 284 11 318
1430071200 10 275 10 306
1430069400 10 267 11 281
1430067600 10 287 11 307
1430065800 10 283 11 321
1430064000 10 276 10 313
1430062200 10 266 10 296
1430060400 10 292 10 342
1430058600 10 291 10 317
1430056800 10 277 10 306
1430055000 10 278 10 300
1430053200 10 281 10 290
1430051400 10 289 10 320
1430049600 10 288 10 315
1430047800 10 273 10 293
1430046000 10 289 10 311
1430044200 10 292 10 318
1430042400 10 284 10 310
1430040600 10 274 10 294
1430038800 10 283 10 305
1430037000 10 291 12 342
1430035200 10 284 10 322
1430033400 10 309 10 458
1430031600 10 310 11 407
1430029800 10 286 10 326
1430028000 10 277 11 306
1430026200 10 280 10 307
1430024400 10 291 11 344
1430022600 10 285 11 347
1430020800 10 288 11 308
1430019000 10 285 10 315
1430017200 10 280 11 306
1430015400 10 292 11 362
1430013600 10 278 11 297
1430011800 10 271 11 302
1430010000 10 337 11 542
1430008200 10 326 11 369
1430006400 10 296 11 331
1430004600 10 291 11 324
1430002800 10 297 11 320
1430001000 10 307 11 342
1429999200 10 289 11 316
1429997400 10 294 10 321
1429995600 10 293 11 553
1429993800 10 402 10 553
1429992000 10 347 10 394
1429990200 10 414 10 601
1429988400 10 450 10 1050
1429986600 10 421 11 893
1429984800 10 385 11 996
1429983000 10 411 11 879
1429981200 10 382 11 496
1429979400 10 364 11 607
1429977600 10 430 11 607
1429975800 10 372 11 458
1429974000 10 301 11 355
1429972200 10 366 10 534
1429970400 10 378 11 573
1429968600 10 477 11 856
1429966800 10 268 11 303
1429965000 10 263 10 280
1429963200 10 265 11 275
1429961400 10 265 11 293
1429959600 10 265 12 287
1429957800 10 261 10 286
1429956000 10 265 11 286
1429954200 10 273 11 296
1429952400 10 267 11 284
1429950600 10 263 10 282
1429948800 10 271 11 287
1429947000 10 264 11 278
1429945200 10 308 11 518
1429943400 10 266 10 284
1429941600 10 262 11 279
1429939800 10 264 11 282
1429938000 10 273 11 289
1429936200 10 272 10 297
1429934400 10 280 11 331
1429932600 10 264 11 284
1429930800 10 260 11 285
1429929000 10 274 10 338
1429927200 10 272 11 297
1429925400 10 282 11 330
1429923600 10 270 11 283
1429921800 10 276 10 300
1429920000 10 269 11 292
1429918200 10 262 11 278
1429916400 10 263 12 285
1429912800 3186 7846 26663 25733
1429905600 4943 12393 13948 52786
1429898400 29890 6579 347757 34684
1429891200 2192 7982 35339 50969
1429884000 8393 21998 35339 131984
1429876800 910 2853 3060 16431
1429869600 547 1293 862 3241
1429862400 580 1220 2226 3677
1429855200 503 1242 864 5202
1429848000 45168 3059 738445 30661
1429840800 13026 1606 296162 12906
1429833600 527 1418 863 6038
1429826400 3375 7644 16718 48431
1429819200 8017 36440 17642 335522
1429812000 9244 6495 129540 24046
1429804800 1129 4171 5282 23526
1429797600 314 2188 3307 21794
1429790400 46094 13955 939803 160957
1429783200 10 325 11 364
1429776000 10 323 11 389
1429768800 9 337 11 424
1429761600 10 360 11 435
1429754400 10 413 11 548
1429747200 10 413 12 539
1429740000 3414 9572 12384 45701
1429732800 7085 11742 13558 22561
1429725600 3270 10721 9806 37616
1429718400 7213 15994 67810 77029
1429711200 10 864 11 1477
1429704000 10 452 12 1292
1429696800 10 309 11 351
1429689600 10 314 11 368
1429682400 10 314 11 392
1429675200 10 315 11 386
1429668000 10 321 11 433
1429660800 10 313 12 411
1429653600 1580 6042 5851 36935
1429646400 3437 19154 12442 202673
1429639200 3019 10464 6520 35057
1429632000 3185 13790 29612 71950
1429624800 8049 24752 29612 173527
1429617600 46576 10866 1072413 45571
1429610400 10 343 11 397
1429603200 10 337 11 386
1429596000 10 361 34 456
1429588800 10 408 11 510
1429581600 10 414 11 585
1429574400 10 405 12 460
1429567200 24 498 1379 2720
1429560000 3322 13686 26598 182254
1429552800 5712 12804 31385 60057
1429545600 4972 13316 211543 81762
1429538400 9396 8609 211543 41653
1429531200 1694 30082 11363 235683
1429524000 10 379 11 479
1429516800 10 380 11 441
1429509600 10 381 11 460
1429502400 10 377 11 491
1429495200 10 374 11 439
1429488000 10 368 12 432
1429480800 10 371 11 422
1429473600 10 367 11 412
1429466400 10 372 11 436
1429459200 10 371 11 434
1429452000 10 374 11 452
1429444800 10 379 12 422
1429437600 10 381 11 460
1429430400 10 375 11 569
1429423200 10 360 11 449
1429416000 10 356 11 449
1429408800 10 358 11 404
1429401600 10 355 12 456
1429394400 10 352 11 417
1429387200 10 350 11 400
1429380000 10 349 11 405
1429372800 10 350 11 402
1429365600 10 346 11 389
1429358400 10 351 12 409
1429351200 10 346 11 412
1429344000 10 356 11 474
1429336800 10 359 11 408
1429329600 10 366 11 444
1429322400 10 350 11 394
1429315200 10 358 12 479
1429308000 2581 1837 43148 12394
1429300800 2859 9383 17075 108922
1429293600 3468 8554 13705 35454
1429286400 6387 8853 82685 42880
1429279200 6959 15405 82685 56254
1429272000 46345 21989 826186 177316
1429264800 10 439 11 502
1429257600 10 445 11 534
1429250400 10 447 11 549
1429243200 10 451 11 581
1429236000 10 461 11 567
1429228800 10 461 12 741
1429221600 904 3161 5317 21730
1429214400 7053 13502 18677 41042
1429207200 2874 5950 12314 41578
1429200000 55514 9983 505235 48303
1429192800 20086 93950 505235 697164
1429185600 1549 7646 8529 60803
1429178400 10 417 11 518
1429171200 10 445 11 577
1429164000 10 468 11 593
1429156800 10 505 11 772
1429149600 10 580 10 936
1429142400 10 610 12 858
1429135200 1525 6850 5798 39153
1429128000 2888 42585 17401 668932
1429120800 3890 20745 43559 120629
1429113600 1175 4166 5732 21164
1429106400 1433 9248 5851 70782
1429099200 558 1512 1614 2600
1429092000 2264 68259 23606 970928
1429084800 539 1296 2202 3473
1429077600 545 1639 849 10536
1429070400 44728 3328 952526 39215
1429063200 554 1570 1249 6938
1429056000 563 1466 1261 2608
1429048800 518 1738 964 4561
1429041600 738 2107 1119 3747
1429034400 587 4977 1949 60504
1429027200 657 2278 6151 11663
1429020000 825 2655 6151 10369
1429012800 486 1430 979 5218
1429005600 476 1425 884 6080
1428998400 531 1359 931 2783
1428991200 484 1282 1311 2256
1428984000 44149 2817 470642 15776
1428976800 4351 1764 92466 6780
1428969600 503 1562 846 2663
1428962400 1579 6466 6282 54441
1428955200 2049 7788 5678 25514
1428948000 1777 5815 4486 19182
1428940800 2968 6948 108164 24009
1428933600 5965 15637 108164 114169
1428926400 10 369 12 843
1428919200 10 247 11 295
1428912000 10 253 11 318
1428904800 10 254 11 435
1428897600 10 245 11 329
1428890400 10 257 11 319
1428883200 10 251 12 333
1428876000 10 255 11 322
1428868800 10 255 11 338
1428861600 10 255 11 314
1428854400 10 269 11 454
1428847200 10 249 11 318
1428840000 10 246 12 306
1428832800 10 254 11 351
1428825600 10 246 11 321
1428818400 10 250 11 321
1428811200 10 248 11 337
1428804000 10 253 11 337
1428796800 9 244 12 301
1428789600 9 251 11 296
1428782400 10 250 11 317
1428775200 10 249 11 314
1428768000 10 249 11 322
1428760800 10 244 11 334
1428753600 10 245 12 345
1428746400 10 248 11 333
1428739200 10 256 11 377
1428732000 10 274 11 632
1428724800 10 251 11 312
1428717600 10 253 11 364
1428710400 10 257 12 336
1428703200 1051 3764 7082 55872
1428696000 7449 14227 52161 104589
1428688800 1297 6365 4378 40159
1428681600 3773 12692 17497 129806
1428674400 671 1183 14457 5913
1428667200 1112 2788 4697 9006
1428660000 462 1000 1310 1877
1428652800 414 988 992 2046
1428645600 401 1245 720 4390
1428638400 191097 8348 1211266 48302
1428631200 230146 12245 1211266 48079
1428624000 1480 4992 1480 4992
1428616800 3246 6846 13152 24849
1428609600 7016 10251 18072 18591
1428602400 2388 7334 10878 40222
1428595200 5687 9525 47871 22947
1428588000 8648 14082 47871 47467
1428580800 1583 7381 7412 76025
1428573600 10 371 11 435
1428566400 10 376 11 420
1428559200 9 373 10 451
1428552000 10 410 10 531
1428544800 10 435 12 619
1428537600 10 434 11 539
1428530400 10 518 11 886
1428523200 10 908 10 1326
1428516000 10 850 10 1348
1428508800 10 715 10 991
1428501600 10 769 12 1096
1428494400 10 344 10 788
1428487200 10 263 10 314
1428480000 10 261 11 311
1428472800 9 268 10 361
1428465600 10 265 10 350
1428458400 10 268 12 320
1428451200 10 270 11 564
1428444000 3131 4585 12430 12131
1428436800 53785 6383 660111 103845
1428429600 1863 9387 7551 103845
1428422400 4443 19778 11651 218405
1428415200 6400 11520 24480 54490
1428408000 2550 15153 11330 101280
1428400800 10 270 10 339
1428393600 10 292 11 441
1428386400 10 273 11 321
1428379200 10 276 11 359
1428372000 10 276 12 384
1428364800 288131 100697 1216158 1207763
1428357600 1775 7459 5853 48278
1428350400 2346 13719 5059 129317
1428343200 1457 4583 5194 24489
1428336000 7931 177286 27903 932759
1428328800 22285 38767 356180 230649
1428321600 27164 5564 359952 65599
1428314400 10 241 10 283
1428307200 10 242 11 289
1428300000 9 247 11 300
1428292800 10 241 11 303
1428285600 10 189 11 227
1428278400 10 193 11 236
1428271200 10 190 11 218
1428264000 10 189 11 218
1428256800 10 192 11 233
1428249600 10 192 11 231
1428242400 10 189 12 221
1428235200 10 190 11 224
1428228000 10 188 11 215
1428220800 10 193 11 255
1428213600 10 190 11 221
1428206400 10 193 11 255
1428199200 10 188 12 222
1428192000 10 188 11 221
1428184800 10 188 11 217
1428177600 10 186 11 211
1428170400 10 191 11 232
1428163200 10 190 11 219
1428156000 10 189 12 227
1428148800 10 189 11 219
1428141600 10 190 11 254
1428134400 10 188 11 217
1428127200 10 189 11 227
1428120000 10 197 11 339
1428112800 10 189 12 220
1428105600 10 187 11 224
1428098400 10 189 11 222
1428091200 10 188 11 220
1428084000 10 190 11 225
1428076800 10 192 11 244
1428069600 10 217 12 622
1428062400 10 276 11 710
1428055200 10 190 10 243
1428048000 10 191 10 254
1428040800 10 190 17 287
1428033600 10 197 11 256
1428026400 10 201 12 234
1428019200 10 196 10 229
1428012000 263 2075 8207 75036
1428004800 3152 21132 15764 167203
1427997600 2660 9784 7860 71245
1427990400 10245 19545 16283 40614
1427983200 1436 8938 4811 106800
1427976000 45861 20297 651007 178775
1427968800 10 275 10 396
1427961600 10 265 10 311
1427954400 10 276 11 336
1427947200 10 279 11 355
1427940000 10 293 12 413
1427932800 10 281 10 353
1427925600 2544 14843 8060 68127
1427918400 4336 17500 15980 80373
1427911200 6248 15331 91539 80980
1427904000 7037 10597 40353 22553
1427896800 3692 16662 40353 212663
1427889600 1080 3626 12456 55314
1427882400 435 1253 1164 4699
1427875200 371 1007 1061 2203
1427868000 400 1206 845 5155
1427860800 43566 2724 881929 35979
1427853600 475 1335 982 5987
1427846400 487 2727 1331 24393
1427839200 2261 15417 10189 136178
1427832000 3553 12401 20297 39975
1427824800 3590 10066 10767 46140
1427817600 8945 14288 91398 48350
1427810400 6409 14251 91398 58585
1427803200 45293 14663 931295 85329
1427796000 10 279 10 340
1427788800 10 280 10 352
1427781600 10 273 10 375
1427774400 10 287 11 375
1427767200 10 294 12 348
1427760000 10 293 11 433
1427752800 4285 11843 13130 39302
1427745600 3753 22186 13203 214586
1427738400 3641 14435 13203 62936
1427731200 2466 8976 29025 57016
1427724000 5097 24214 29041 107357
1427716800 43942 5880 995874 67646
1427709600 10 269 10 352
1427702400 10 263 10 339
1427695200 10 279 10 560
1427688000 10 269 11 563
1427680800 10 252 12 294
1427673600 10 252 10 305
1427666400 10 261 10 329
1427659200 10 255 10 309
1427652000 10 258 10 311
1427644800 10 283 10 450
1427637600 10 284 12 764
1427630400 10 316 10 696
1427623200 10 273 10 329
1427616000 10 268 11 333
1427608800 10 273 11 333
1427601600 10 272 11 340
1427594400 10 272 12 331
1427587200 10 270 10 334
1427580000 10 269 10 321
1427572800 10 269 10 318
1427565600 10 270 10 319
1427558400 10 271 10 352
1427551200 10 268 12 318
1427544000 10 268 10 329
1427536800 10 266 10 328
1427529600 10 265 11 338
1427522400 10 271 11 324
1427515200 10 285 11 396
1427508000 10 280 12 430
1427500800 10 293 10 354
1427493600 356 1673 1820 10444
1427486400 3660 14048 17867 53054
1427479200 2782 16251 7574 54628
1427472000 3658 19506 26731 179613
1427464800 2182 13522 7036 60489
1427457600 904 2598 4310 19857
1427450400 409 1224 1115 3135
1427443200 386 1052 958 2426
1427436000 401 1078 746 2426
1427428800 43540 2777 607659 25121
1427421600 455 1314 948 2795
1427414400 421 1401 809 8087
1427407200 1176 14137 8642 273100
1427400000 4378 11831 22794 39035
1427392800 2333 8853 7234 20182
1427385600 4383 8801 13400 19780
1427378400 1836 10667 7725 66556
1427371200 1783 7125 15350 62199
1427364000 10 318 10 366
1427356800 10 321 11 385
1427349600 10 329 11 386
1427342400 10 341 11 498
1427335200 10 340 12 777
1427328000 10 356 10 777
1427320800 1931 4122 11736 16599
1427313600 4078 11178 12297 45579
1427306400 2689 5998 12370 27111
1427299200 2438 13235 33260 131890
1427292000 2869 6049 33260 18657
1427284800 934 3013 3741 27279
1427277600 758 1630 2820 9052
1427270400 520 1164 1715 2748
1427263200 495 1276 2083 5790
1427256000 43613 2969 1004903 41268
1427248800 392 1049 714 1821
1427241600 394 1096 782 1699
1427234400 942953 39367 1212785 50378
1427227200 964604 44449 1118923 62798
1427220000 710794 32395 1088842 50365
1427212800 954523 40028 1153668 51732
1427205600 17180 6070 463409 22025
1427198400 1750 4636 6849 22025
1427191200 10 318 11 477
1427184000 10 305 11 369
1427176800 9 312 11 385
1427169600 10 314 11 380
1427162400 10 323 12 389
1427155200 9 321 12 403
1427148000 9 357 12 613
1427140800 10 639 11 1135
1427133600 10 667 11 965
1427126400 10 723 11 948
1427119200 14 1305 35 3087
1427112000 27 1508 28 1990
1427104800 27 1388 27 1410
1427097600 27 1387 27 1405
1427090400 26 1390 27 1450
1427083200 27 1389 27 1419
1427076000 26 1390 27 1415
1427068800 27 1388 27 1405
1427061600 27 1386 27 1411
1427054400 27 1388 27 1411
1427047200 27 1389 27 1411
1427040000 27 1389 27 1406
1427032800 27 1388 27 1419
1427025600 27 1386 27 1405
1427018400 27 1389 27 1420
1427011200 27 1388 27 1424
1427004000 27 1389 27 1444
1426996800 27 1386 27 1408
1426989600 27 1390 27 1408
1426982400 27 1385 27 1404
1426975200 27 1384 27 1401
1426968000 27 1386 27 1404
1426960800 27 1359 27 1386
1426953600 27 1231 27 1299
1426946400 27 1065 27 1162
1426939200 27 979 27 1022
1426932000 27 944 27 1010
1426924800 27 890 30 949
1426917600 10 263 21 482
1426910400 10 261 21 437
1426903200 10 290 15 452
1426896000 10 284 15 454
1426888800 31 472 444 944
1426881600 568 1390 5054 5571
1426874400 784571 41663 1166821 78883
1426867200 288033 28575 1158172 65077
1426860000 4974 21805 24829 149600
1426852800 1126 4245 5051 28651
1426845600 356 1101 602 6601
1426838400 436 1732 1246 14556
1426831200 374 1005 891 4829
1426824000 42505 3025 801373 39541
1426816800 763 1643 3970 6281
1426809600 853 2090 3983 8629
1426802400 2518 7819 15761 88155
1426795200 720 2710 1965 20610
1426788000 1455 5481 4469 30702
1426780800 6911 12812 15102 98296
1426773600 1076 5173 6343 38756
1426766400 2408 3119 40471 37327
1426759200 10 294 11 336
1426752000 10 303 12 420
1426744800 10 295 10 378
1426737600 10 310 11 486
1426730400 10 309 10 616
1426723200 10 295 10 358
1426716000 5078 9177 13739 45567
1426708800 4063 8638 19015 21723
1426701600 1354 5096 9825 31797
1426694400 5242 17948 13575 145849
1426687200 4558 8013 15638 38183
1426680000 43891 10682 867697 114046
1426672800 10 334 10 455
1426665600 10 327 12 372
1426658400 9 342 11 437
1426651200 10 347 11 495
1426644000 10 326 10 473
1426636800 10 320 10 403
1426629600 10 465 10 769
1426622400 10 939 12 1100
1426615200 10 910 10 1225
1426608000 10 970 10 1123
1426600800 10 1010 11 1424
1426593600 10 412 11 1325
1426586400 10 310 11 502
1426579200 10 297 12 380
1426572000 10 292 23 406
1426564800 10 306 11 406
1426557600 10 304 10 391
1426550400 10 301 10 340
1426543200 10 505 10 883
1426536000 10 817 12 1161
1426528800 10 912 10 1638
1426521600 10 851 10 1122
1426514400 10 902 10 1253
1426507200 10 392 10 867
1426500000 10 229 10 300
1426492800 10 223 12 276
1426485600 10 231 11 277
1426478400 10 232 11 294
1426471200 10 225 10 274
1426464000 10 224 10 253
1426456800 10 226 10 280
1426449600 10 224 12 259
1426442400 10 221 11 268
1426435200 10 225 10 266
1426428000 10 221 10 253
1426420800 10 225 10 262
1426413600 10 226 10 331
1426406400 10 219 12 247
1426399200 10 229 10 322
1426392000 10 223 10 263
1426384800 10 220 10 251
1426377600 10 228 10 265
1426370400 10 231 10 301
1426363200 10 227 12 310
1426356000 10 227 10 267
1426348800 10 228 11 267
1426341600 10 221 11 266
1426334400 10 218 10 248
1426327200 10 216 10 254
1426320000 10 216 12 241
1426312800 10 228 10 266
1426305600 10 237 11 325
1426298400 10 229 10 303
1426291200 10 229 10 269
1426284000 1492 6272 12749 39588
1426276800 1778 5956 12749 51719
1426269600 1937 7388 7547 51035
1426262400 11289 11680 21587 30433
1426255200 1475 6788 5708 44993
1426248000 42924 4213 1013408 49889
1426240800 10 263 11 328
1426233600 10 269 12 384
1426226400 10 261 10 346
1426219200 10 265 11 321
1426212000 10 266 11 324
1426204800 10 294 11 462
1426197600 10 481 11 1025
1426190400 10 1088 12 1689
1426183200 10 1134 11 1408
1426176000 10 1007 11 1695
1426168800 10 1026 11 1854
1426161600 10 379 11 1854
1426154400 10 187 11 248
1426147200 10 207 12 302
1426140000 9 213 11 275
1426132800 10 236 11 426
1426125600 10 280 11 654
1426118400 10 245 11 391
1426111200 10 309 11 536
1426104000 10 1045 12 1622
1426096800 10 873 11 2237
1426089600 10 942 11 2237
1426082400 10 1172 11 1942
1426075200 10 420 11 1942
1426068000 10 220 11 326
1426060800 10 220 12 311
1426053600 10 222 11 264
1426046400 10 218 11 289
1426039200 10 217 11 267
1426032000 10 216 11 340
1426024800 3056 12460 12355 175004
1426017600 8521 33223 15755 70813
1426010400 4808 21103 13734 106718
1426003200 8038 15086 15461 106718
1425996000 1362 3816 3924 13553
1425988800 1797 8990 5973 81666
1425981600 568 1110 1722 3020
1425974400 447 935 1105 3267
1425967200 428 1156 901 6104
1425960000 42549 2797 1010240 40913
1425952800 435 951 652 1764
1425945600 450 1064 1071 2583
1425938400 2262 9986 7150 60355
1425931200 10569 10800 26723 28680
1425924000 4418 17020 25791 53149
1425916800 2132 5072 5593 23349
1425909600 1949 6957 5720 28828
1425902400 690 1760 5936 11676
1425895200 10 207 11 264
1425888000 10 210 12 257
1425880800 9 215 11 285
1425873600 10 206 11 253
1425866400 10 208 11 241
1425859200 10 212 11 277
1425852000 10 212 11 261
1425844800 10 218 12 262
1425837600 10 213 11 283
1425830400 10 215 11 277
1425823200 10 212 11 265
1425816000 10 212 11 292
1425808800 10 212 11 274
1425801600 10 213 12 261
1425794400 10 210 11 253
1425787200 10 205 11 246
1425780000 10 203 11 240
1425772800 10 205 11 233
1425765600 10 204 11 252
1425758400 10 211 12 257
1425751200 10 208 11 267
1425744000 10 213 11 316
1425736800 10 208 11 263
1425729600 10 211 11 286
1425722400 10 222 11 351
1425715200 9 205 12 256
1425708000 10 210 11 260
1425700800 10 208 11 274
1425693600 10 211 11 276
1425686400 10 209 11 277
1425679200 4051 6454 14552 23825
1425672000 3750 6387 13063 19397
1425664800 2381 9736 21506 124130
1425657600 10 784 11 1355
1425650400 10 610 11 1343
1425643200 10 223 11 382
1425636000 10 231 11 676
1425628800 10 214 12 296
1425621600 10 210 11 268
1425614400 10 224 10 387
1425607200 10 306 11 968
1425600000 10 263 11 391
1425592800 5059 5554 479837 190487
1425513600 5343 10022 946904 870659
1425427200 10 434 12 1527
1425340800 10 393 12 1651
1425254400 9 176 12 231
1425168000 10 173 12 212
1425081600 5678 3124 858558 52207
1424995200 1764 4462 46603 124089
1424908800 10 456 12 1830
1424822400 4820 4581 757186 245487
1424736000 4557 4554 761452 118177
1424649600 10 169 12 230
1424563200 10 169 12 213
1424476800 1361 5537 16036 143559
1424390400 5175 6292 695852 413836
1424304000 5327 4917 802649 100894
1424217600 1849 5231 193711 327576
1424131200 10 168 12 342
1424044800 10 170 12 291
1423958400 10 177 17 310
1423872000 1277 5318 15722 81873
1423785600 5075 7115 688342 190164
1423699200 6201 15135 1017739 1022683
1423612800 4816 3930 1024174 103861
1423526400 2624 7049 305010 416856
1423440000 10 180 12 227
1423353600 10 241 12 18001
1423267200 8677 6429 939654 181468
1423180800 5106 6247 1020115 168725
1423094400 1520 5383 28361 154327
1423008000 10 562 12 32186
1422921600 1085 4776 19527 172945
1422835200 10 169 12 244
1422748800 10 174 12 807
1422662400 10 555 14 1752
1422576000 4938 4264 1035532 84966
1422489600 5965 5775 685216 134182
1422403200 1145 3308 41543 166959
1422316800 10 439 12 1512
1422230400 10 174 34 400
1422144000 10 172 12 302
1422057600 1456 2729 42688 54231
1421971200 10 502 12 6116
1421884800 5278 6104 941994 52437
1421798400 5740 10457 1012328 194111
1421712000 1348 2616 47507 55265
1421625600 10 173 12 206
1421539200 10 173 12 385
1421452800 947 3273 20636 80828
1421366400 10 630 35 2161
1421280000 4849 4736 523629 121692
1421193600 1130 4327 14476 64562
1421107200 1216 6824 74841 839782
1421020800 10 348 12 1243
1420934400 10 331 12 844
1420848000 1206 3899 20344 101936
1420761600 9 631 12 1805
1420675200 4820 4309 946882 65482
1420588800 1871 4464 14587 61754
1420502400 1125 5901 15069 550037
1420416000 10 312 12 576
1420329600 10 319 12 847
1420243200 10 436 12 2468
1420156800 10 271 12 1435
1420070400 10 307 12 1201
1419984000 10 674 12 7896
1419897600 10 497 12 1921
1419811200 10 157 20 242
1419724800 10 157 12 198
1419638400 10 157 12 194
1419552000 9 157 12 193
1419465600 10 157 12 239
1419379200 10 455 34 1378
1419292800 1912 7935 330020 799293
1419206400 147 205 15783 7336
1419120000 10 164 12 293
1419033600 5312 3695 762811 92865
1418947200 4845 2848 724243 38865
1418860800 929 4185 16430 203959
1418774400 1666 4658 112058 99963
1418688000 608 2875 8354 105098
1418601600 10 280 12 396
1418515200 9 272 12 511
1418428800 4460 2589 1044063 128990
1418342400 4339 3666 630978 87957
1418256000 2083 15386 79952 746041
1418169600 10 681 12 1613
1418083200 1390 10071 14768 462621
1417996800 10 178 12 438
1417910400 9 178 12 431
1417824000 5177 5322 916828 87597
1417737600 5790 6597 895260 127263
1417651200 1267 6386 17978 198801
1417564800 4934 4648 520626 100587
1417478400 1417 8752 28026 942669
1417392000 10 184 12 337
1417305600 10 185 12 415
1417219200 5205 12265 524237 190982
1417132800 4862 8101 754111 148174
1417046400 1005 5104 14864 109764
1416960000 10 770 12 2385
1416873600 1272 5021 15390 70413
1416787200 10 231 12 954
1416700800 10 221 12 1054
1416614400 10 540 26 1552
1416528000 4403 2798 1031085 70102
1416441600 10 504 12 1920
1416355200 10 371 12 1324
1416268800 773 4455 25253 340526
1416182400 10 199 67 247
1416096000 10 198 12 348
1416009600 190564 14816 1208376 536720
1415923200 1594 4734 15338 146870
1415836800 6541 13761 636284 830969
1415750400 3509 6167 397755 279984
1415664000 3459 3039 680712 78492
1415577600 10 181 25 257
1415491200 10 190 12 415
1415404800 814 2519 9077 32856
1415318400 10 524 12 1578
1415232000 4234 11369 581932 46633
1415145600 1606 6583 18673 112541
1415059200 1135 3893 39082 206595
1414972800 9 312 12 411
1414886400 10 311 12 517
1414800000 3552 7754 512200 164621
1414713600 3956 8775 531528 157092
1414627200 4116 6009 586953 89098
1414540800 1549 6059 21193 77765
1414454400 891 4535 13439 51542
1414368000 9 306 12 466
1414281600 10 316 12 733
1414195200 3823 5316 550025 255202
1414108800 5080 5085 586262 114557
1414022400 4366 5436 449634 83921
1413936000 3247 2381 387127 65286
1413849600 1161 3044 14146 78247
1413763200 10 285 12 465
1413676800 9 284 12 365
1413590400 10 384 12 1235
1413504000 10 329 12 1059
1413417600 9 412 12 1207
1413331200 10 478 12 1397
1413244800 10 375 12 557
1413158400 9 366 12 509
1413072000 10 368 12 509
1412985600 5111 6061 443963 182275
1412899200 5109 8930 480761 139601
1412812800 4112 5526 379317 81457
1412726400 4015 4868 709184 94382
1412640000 1434 5038 36790 78922
1412553600 9 309 12 993
1412467200 10 304 12 606
1412380800 4662 5702 394949 259542
1412294400 1309 6015 30094 86465
1412208000 4084 6006 705103 87241
1412121600 10 534 23 1476
1412035200 4036 9260 700267 653457
1411948800 10 412 12 558
1411862400 10 413 12 638
1411776000 10 444 26 1292
1411689600 4896 4445 405549 54431
1411603200 4535 6480 432288 366338
1411516800 5615 8941 451001 114319
1411430400 1428 6955 14508 181255
1411344000 10 404 12 605
1411257600 10 365 12 628
1411171200 857 3404 14178 157908
1411084800 10 447 12 1178
1410998400 10 518 12 1595
1410912000 10 497 12 1206
1410825600 10 399 12 1185
1410739200 10 314 12 628
1410652800 10 375 12 801
1410566400 533 2174 8783 45565
1410480000 1802 10577 19608 273010
1410393600 1698 8706 44123 904999
1410307200 1339 6324 46512 132431
1410220800 1288 3123 29265 87654
1410134400 9 333 11 596
1410048000 10 350 27 1329
1409961600 1271 3874 17952 57292
1409875200 1113 3314 45088 80855
1409788800 1874 5223 19637 135976
1409702400 1741 8884 82038 191807
1409616000 10 317 11 496
1409529600 10 305 34 429
1409443200 10 340 12 737
1409356800 2884 8000 122020 85033
1409270400 1979 9092 25089 111902
1409184000 2153 10727 18090 202520
1409097600 1245 3965 14124 81478
1409011200 2705 13383 33101 605614
1408924800 10 199 12 302
1408838400 10 196 12 422
1408752000 1265 3175 14375 45832
1408665600 2188 8674 19401 166074
1408579200 1031 3246 9224 79728
1408492800 10 479 12 1264
1408406400 1394 11017 13095 189486
1408320000 333 856 1605 12598
1408233600 324 804 1510 5484
1408147200 1016 4194 13625 113589
1408060800 1580 11202 24130 1028228
1407974400 1671 3937 17774 99303
1407888000 2048 4416 117686 101207
1407801600 443 1259 8223 18151
1407715200 10 161 12 229
1407628800 9 161 12 227
1407542400 10 367 12 860
1407456000 10 525 34 1717
1407369600 10 576 12 1919
1407283200 10 532 12 1997
1407196800 10 319 12 569
1407110400 9 298 12 401
1407024000 10 298 12 428
1406937600 1201 8152 49795 1077898
1406851200 1366 10286 32465 212569
1406764800 8168 13847 634178 930849
1406678400 984 2435 65771 43942
1406592000 1004 1981 78435 27630
1406505600 10 324 12 468
1406419200 10 335 12 458
1406332800 1531 5231 14547 89633
1406246400 10 423 12 1185
1406160000 4717 3055 596736 51905
1406073600 4451 4764 534672 110470
1405987200 975 7261 18321 86814
1405900800 9 337 12 664
1405814400 10 341 12 476
1405728000 9 420 12 1064
1405641600 3187 3676 656056 105945
1405555200 8498 17072 656315 290144
1405468800 21613 13709 1180026 121356
1405382400 1165 6618 9465 82980
1405296000 10 174 12 216
1405209600 10 184 12 374
1405123200 50971 5633 1213033 125861
1405036800 2134 4845 64443 137514
1404950400 1372 8926 17328 527054
1404864000 2804 11102 440965 63191
1404777600 979 5094 22952 72011
1404691200 10 192 12 281
1404604800 10 189 12 251
1404518400 1533 2996 45349 85886
1404432000 1083 6606 12250 90069
1404345600 1004 3897 15252 112245
1404259200 10 232 12 618
1404172800 10 299 12 731
1404086400 9 211 12 264
1404000000 10 212 12 310
1403913600 1552 3700 26774 107984
1403827200 1409 5666 46373 260350
1403740800 2305 9318 26594 155209
1403654400 556 2228 8541 30909
1403568000 2051 9621 56151 404138
1403481600 334 855 1081 10925
1403395200 342 869 1183 8928
1403308800 869 6155 39646 820742
1403222400 1165 3806 14562 111615
1403136000 10 613 12 3312
1403049600 881 2303 23873 46273
1402963200 1647 1825 289797 57935
1402876800 9 496 12 815
1402790400 29 438 2913 2121
1402704000 7163 1603 812809 31717
1402617600 6545 10727 567479 548368
1402531200 43119 12707 1199574 386485
1402444800 2332 4553 137842 96213
1402358400 10 601 12 1602
1402272000 10 458 12 866
1402185600 10 460 23 718
1402099200 11425 11695 1075882 1062809
1402012800 223 1174 5190 30553
1401926400 10 416 51 1211
1401840000 10 409 938 1402
1401753600 583 4939 9516 329694
1401667200 10 187 17 222
1401580800 10 186 12 267
1401494400 672 1446 67402 35834
1401408000 2978 5252 241848 102359
1401321600 10 523 12 1565
1401235200 1618 3606 184888 215915
1401148800 434 1568 14580 45114
1401062400 10 341 12 420
1400976000 10 341 20 457
1400889600 3 131 398 1333
1400803200 0 0 0 0
1400716800 0 0 0 0
1400630400 0 0 0 0
1400544000 0 0 0 0
1400457600 0 0 0 0
1400371200 0 0 0 0
1400284800 0 0 0 0
1400198400 0 0 0 0
1400112000 0 0 0 0
1400025600 0 0 0 0
1399939200 0 0 0 0
1399852800 0 0 0 0
1399766400 0 0 0 0
1399680000 0 0 0 0
1399593600 0 0 0 0
1399507200 0 0 0 0
1399420800 0 0 0 0
1399334400 0 0 0 0
1399248000 0 0 0 0
1399161600 0 0 0 0
1399075200 0 0 0 0
1398988800 0 0 0 0
1398902400 0 0 0 0
1398816000 0 0 0 0
1398729600 0 0 0 0
1398643200 0 0 0 0
1398556800 0 0 0 0
1398470400 0 0 0 0
1398384000 0 0 0 0
1398297600 0 0 0 0
1398211200 0 0 0 0
1398124800 0 0 0 0
1398038400 0 0 0 0
1397952000 0 0 0 0
1397865600 0 0 0 0
1397779200 0 0 0 0
1397692800 0 0 0 0
1397606400 0 0 0 0
1397520000 0 0 0 0
1397433600 0 0 0 0
1397347200 0 0 0 0
1397260800 0 0 0 0
1397174400 0 0 0 0
1397088000 0 0 0 0
1397001600 0 0 0 0
1396915200 0 0 0 0
1396828800 0 0 0 0
1396742400 0 0 0 0
1396656000 0 0 0 0
1396569600 0 0 0 0
1396483200 0 0 0 0
1396396800 0 0 0 0
1396310400 0 0 0 0
1396224000 0 0 0 0
1396137600 0 0 0 0
1396051200 0 0 0 0
1395964800 0 0 0 0
1395878400 0 0 0 0
1395792000 0 0 0 0
1395705600 0 0 0 0
1395619200 0 0 0 0
1395532800 0 0 0 0
1395446400 0 0 0 0
1395360000 0 0 0 0
1395273600 0 0 0 0
1395187200 0 0 0 0
1395100800 0 0 0 0
1395014400 0 0 0 0
1394928000 0 0 0 0
1394841600 0 0 0 0
1394755200 0 0 0 0
1394668800 0 0 0 0
1394582400 0 0 0 0
1394496000 0 0 0 0
1394409600 0 0 0 0
1394323200 0 0 0 0
1394236800 0 0 0 0
1394150400 0 0 0 0
1394064000 0 0 0 0
1393977600 0 0 0 0
1393891200 1452 4677 48349 580175
1393804800 2610 11592 132934 830075
1393718400 733 711 48363 2466
1393632000 1014 8049 39486 727968
1393545600 0 0 0 0
1393459200 0 0 0 0
1393372800 0 0 0 0
1393286400 0 0 0 0
1393200000 0 0 0 0
1393113600 0 0 0 0
1393027200 0 0 0 0
1392940800 0 0 0 0
1392854400 0 0 0 0
1392768000 0 0 0 0
1392681600 0 0 0 0
1392595200 0 0 0 0
1392508800 0 0 0 0
1392422400 0 0 0 0
1392336000 0 0 0 0
1392249600 0 0 0 0
1392163200 0 0 0 0
1392076800 0 0 0 0
1391990400 0 0 0 0
1391904000 0 0 0 0
1391817600 0 0 0 0
1391731200 0 0 0 0
1391644800 0 0 0 0
1391558400 0 0 0 0
1391472000 0 0 0 0
1391385600 0 0 0 0
1391299200 0 0 0 0
1391212800 0 0 0 0
1391126400 0 0 0 0
1391040000 0 0 0 0
1390953600 0 0 0 0
1390867200 0 0 0 0
1390780800 0 0 0 0
1390694400 0 0 0 0
1390608000 0 0 0 0
1390521600 0 0 0 0
1390435200 0 0 0 0
1390348800 0 0 0 0
1390262400 0 0 0 0
1390176000 0 0 0 0
1390089600 0 0 0 0
1390003200 0 0 0 0
1389916800 0 0 0 0
1389830400 0 0 0 0
1389744000 0 0 0 0
1389657600 0 0 0 0
1389571200 0 0 0 0
1389484800 0 0 0 0
1389398400 0 0 0 0
1389312000 0 0 0 0
1389225600 0 0 0 0
1389139200 0 0 0 0
1389052800 0 0 0 0
1388966400 0 0 0 0
1388880000 0 0 0 0
1388793600 0 0 0 0
1388707200 0 0 0 0
1388620800 0 0 0 0
1388534400 0 0 0 0
1388448000 0 0 0 0
1388361600 0 0 0 0
1388275200 0 0 0 0
1388188800 0 0 0 0
1388102400 0 0 0 0
1388016000 0 0 0 0
1387929600 0 0 0 0
1387843200 0 0 0 0
1387756800 0 0 0 0
1387670400 0 0 0 0
1387584000 0 0 0 0
1387497600 0 0 0 0
1387411200 0 0 0 0
1387324800 0 0 0 0
1387238400 0 0 0 0
1387152000 0 0 0 0
1387065600 0 0 0 0
1386979200 0 0 0 0
1386892800 0 0 0 0
1386806400 0 0 0 0
1386720000 0 0 0 0
1386633600 0 0 0 0
1386547200 0 0 0 0
1386460800 0 0 0 0
1386374400 0 0 0 0
1386288000 0 0 0 0
1386201600 0 0 0 0
1386115200 0 0 0 0
1386028800 0 0 0 0
1385942400 0 0 0 0
1385856000 0 0 0 0
1385769600 0 0 0 0
1385683200 0 0 0 0
1385596800 0 0 0 0
1385510400 0 0 0 0
1385424000 0 0 0 0
1385337600 0 0 0 0
1385251200 0 0 0 0
1385164800 0 0 0 0
1385078400 0 0 0 0
1384992000 0 0 0 0
1384905600 0 0 0 0
1384819200 0 0 0 0
1384732800 0 0 0 0
1384646400 0 0 0 0
1384560000 0 0 0 0
1384473600 0 0 0 0
1384387200 0 0 0 0
1384300800 0 0 0 0
1384214400 0 0 0 0
1384128000 0 0 0 0
1384041600 0 0 0 0
1383955200 0 0 0 0
1383868800 0 0 0 0
1383782400 0 0 0 0
1383696000 0 0 0 0
1383609600 0 0 0 0
1383523200 0 0 0 0
1383436800 0 0 0 0
1383350400 0 0 0 0
1383264000 0 0 0 0
1383177600 0 0 0 0
1383091200 0 0 0 0
1383004800 0 0 0 0
1382918400 0 0 0 0
1382832000 0 0 0 0
1382745600 0 0 0 0
1382659200 0 0 0 0
1382572800 0 0 0 0
1382486400 0 0 0 0
1382400000 0 0 0 0
1382313600 0 0 0 0
1382227200 0 0 0 0
1382140800 0 0 0 0
1382054400 0 0 0 0
1381968000 0 0 0 0
1381881600 0 0 0 0
1381795200 0 0 0 0
1381708800 0 0 0 0
1381622400 0 0 0 0
1381536000 0 0 0 0
1381449600 0 0 0 0
1381363200 0 0 0 0
1381276800 0 0 0 0
1381190400 0 0 0 0
1381104000 0 0 0 0
1381017600 0 0 0 0
1380931200 0 0 0 0
1380844800 0 0 0 0
1380758400 0 0 0 0
1380672000 0 0 0 0
1380585600 0 0 0 0
1380499200 0 0 0 0
1380412800 0 0 0 0
1380326400 0 0 0 0
1380240000 0 0 0 0
1380153600 0 0 0 0
1380067200 0 0 0 0
1379980800 0 0 0 0
1379894400 0 0 0 0
1379808000 0 0 0 0
1379721600 0 0 0 0
1379635200 0 0 0 0
1379548800 0 0 0 0
1379462400 0 0 0 0
1379376000 0 0 0 0
1379289600 0 0 0 0
1379203200 0 0 0 0
1379116800 0 0 0 0
1379030400 0 0 0 0
1378944000 0 0 0 0
1378857600 0 0 0 0
1378771200 0 0 0 0
1378684800 0 0 0 0
1378598400 0 0 0 0
1378512000 0 0 0 0
1378425600 0 0 0 0
1378339200 0 0 0 0
1378252800 0 0 0 0
1378166400 0 0 0 0
1378080000 0 0 0 0
1377993600 0 0 0 0
1377907200 0 0 0 0
1377820800 0 0 0 0
1377734400 0 0 0 0
1377648000 0 0 0 0
1377561600 0 0 0 0
1377475200 0 0 0 0
1377388800 0 0 0 0
1377302400 0 0 0 0
1377216000 0 0 0 0
1377129600 0 0 0 0
1377043200 0 0 0 0
1376956800 0 0 0 0
1376870400 0 0 0 0
1376784000 0 0 0 0
1376697600 0 0 0 0
1376611200 0 0 0 0
1376524800 0 0 0 0
1376438400 0 0 0 0
1376352000 0 0 0 0
1376265600 0 0 0 0
1376179200 0 0 0 0
1376092800 0 0 0 0
1376006400 0 0 0 0
1375920000 0 0 0 0
1375833600 0 0 0 0
1375747200 0 0 0 0
1375660800 0 0 0 0
1375574400 0 0 0 0
1375488000 0 0 0 0
1375401600 0 0 0 0
1375315200 0 0 0 0
1375228800 0 0 0 0
1375142400 0 0 0 0
1375056000 0 0 0 0
1374969600 0 0 0 0
1374883200 0 0 0 0
1374796800 0 0 0 0
1374710400 0 0 0 0
1374624000 0 0 0 0
1374537600 0 0 0 0
1374451200 0 0 0 0
1374364800 0 0 0 0
1374278400 0 0 0 0
1374192000 0 0 0 0
1374105600 0 0 0 0
1374019200 0 0 0 0
1373932800 0 0 0 0
1373846400 0 0 0 0
1373760000 0 0 0 0
1373673600 0 0 0 0
1373587200 0 0 0 0
1373500800 0 0 0 0
1373414400 0 0 0 0
1373328000 0 0 0 0
1373241600 0 0 0 0
1373155200 0 0 0 0
1373068800 0 0 0 0
1372982400 0 0 0 0
1372896000 0 0 0 0
1372809600 0 0 0 0
1372723200 0 0 0 0
1372636800 0 0 0 0
1372550400 0 0 0 0
1372464000 0 0 0 0
1372377600 0 0 0 0
1372291200 0 0 0 0
1372204800 0 0 0 0
1372118400 0 0 0 0
1372032000 0 0 0 0
1371945600 0 0 0 0
1371859200 0 0 0 0
1371772800 0 0 0 0
1371686400 0 0 0 0
1371600000 0 0 0 0
1371513600 0 0 0 0
1371427200 0 0 0 0
1371340800 0 0 0 0
1371254400 0 0 0 0
1371168000 0 0 0 0
1371081600 0 0 0 0
1370995200 0 0 0 0
1370908800 0 0 0 0
1370822400 0 0 0 0
1370736000 0 0 0 0
1370649600 0 0 0 0
1370563200 0 0 0 0
1370476800 0 0 0 0
1370390400 0 0 0 0
1370304000 0 0 0 0
1370217600 0 0 0 0
1370131200 0 0 0 0
1370044800 0 0 0 0
1369958400 0 0 0 0
1369872000 0 0 0 0
1369785600 0 0 0 0
1369699200 0 0 0 0
1369612800 0 0 0 0
1369526400 0 0 0 0
1369440000 0 0 0 0
1369353600 0 0 0 0
1369267200 0 0 0 0
1369180800 0 0 0 0
1369094400 0 0 0 0
1369008000 0 0 0 0
1368921600 0 0 0 0
1368835200 0 0 0 0
1368748800 0 0 0 0
1368662400 0 0 0 0
1368576000 0 0 0 0
1368489600 0 0 0 0
1368403200 0 0 0 0
1368316800 0 0 0 0
1368230400 0 0 0 0
1368144000 0 0 0 0
1368057600 0 0 0 0
1367971200 0 0 0 0
1367884800 0 0 0 0
1367798400 0 0 0 0
1367712000 0 0 0 0
1367625600 0 0 0 0
1367539200 0 0 0 0
1367452800 0 0 0 0
1367366400 0 0 0 0
1367280000 0 0 0 0
1367193600 0 0 0 0
1367107200 0 0 0 0
1367020800 0 0 0 0
1366934400 0 0 0 0
1366848000 0 0 0 0
1366761600 0 0 0 0
1366675200 0 0 0 0
1366588800 0 0 0 0
1366502400 0 0 0 0
1366416000 0 0 0 0
1366329600 0 0 0 0
1366243200 0 0 0 0
1366156800 0 0 0 0
1366070400 0 0 0 0
1365984000 0 0 0 0
1365897600 0 0 0 0
1365811200 0 0 0 0
1365724800 0 0 0 0
1365638400 0 0 0 0
1365552000 0 0 0 0
1365465600 0 0 0 0
1365379200 0 0 0 0
1365292800 0 0 0 0
1365206400 0 0 0 0
1365120000 0 0 0 0
1365033600 0 0 0 0
1364947200 0 0 0 0
1364860800 0 0 0 0
1364774400 0 0 0 0
1364688000 0 0 0 0
1364601600 0 0 0 0
1364515200 0 0 0 0
1364428800 0 0 0 0
1364342400 0 0 0 0
1364256000 0 0 0 0
1364169600 0 0 0 0
1364083200 0 0 0 0
1363996800 0 0 0 0
1363910400 0 0 0 0
1363824000 0 0 0 0
1363737600 0 0 0 0
1363651200 0 0 0 0
1363564800 0 0 0 0
1363478400 0 0 0 0
1363392000 0 0 0 0
1363305600 0 0 0 0
1363219200 0 0 0 0
1363132800 0 0 0 0
1363046400 0 0 0 0
1362960000 0 0 0 0
1362873600 0 0 0 0
1362787200 0 0 0 0
1362700800 0 0 0 0
1362614400 0 0 0 0
1362528000 0 0 0 0
1362441600 0 0 0 0
1362355200 0 0 0 0
