1460685977 -1 -1
1460685977 0 0 0 0
1460601736 0 0 0 0
1460601600 0 0 0 0
1460601300 0 0 0 0
1460601000 0 0 0 0
1460600700 0 0 0 0
1460600400 0 0 0 0
1460600100 0 0 0 0
1460599800 0 0 0 0
1460599500 0 0 0 0
1460599200 0 0 0 0
1460598900 0 0 0 0
1460598600 0 0 0 0
1460598300 0 0 0 0
1460598000 0 0 0 0
1460597700 0 0 0 0
1460597400 0 0 0 0
1460597100 0 0 0 0
1460596800 0 0 0 0
1460596500 0 0 0 0
1460596200 0 0 0 0
1460595900 0 0 0 0
1460595600 0 0 0 0
1460595300 0 0 0 0
1460595000 0 0 0 0
1460594700 0 0 0 0
1460594400 0 0 0 0
1460594100 0 0 0 0
1460593800 0 0 0 0
1460593500 0 0 0 0
1460593200 0 0 0 0
1460592900 0 0 0 0
1460592600 0 0 0 0
1460592300 0 0 0 0
1460592000 0 0 0 0
1460591700 0 0 0 0
1460591400 0 0 0 0
1460591100 0 0 0 0
1460590800 0 0 0 0
1460590500 0 0 0 0
1460590200 0 0 0 0
1460589900 0 0 0 0
1460589600 0 0 0 0
1460589300 0 0 0 0
1460589000 0 0 0 0
1460588700 0 0 0 0
1460588400 0 0 0 0
1460588100 0 0 0 0
1460587800 0 0 0 0
1460587500 0 0 0 0
1460587200 0 0 0 0
1460586900 0 0 0 0
1460586600 0 0 0 0
1460586300 0 0 0 0
1460586000 0 0 0 0
1460585700 0 0 0 0
1460585400 0 0 0 0
1460585100 0 0 0 0
1460584800 0 0 0 0
1460584500 0 0 0 0
1460584200 0 0 0 0
1460583900 0 0 0 0
1460583600 0 0 0 0
1460583300 0 0 0 0
1460583000 0 0 0 0
1460582700 0 0 0 0
1460582400 0 0 0 0
1460582100 0 0 0 0
1460581800 0 0 0 0
1460581500 0 0 0 0
1460581200 0 0 0 0
1460580900 0 0 0 0
1460580600 0 0 0 0
1460580300 0 0 0 0
1460580000 0 0 0 0
1460579700 0 0 0 0
1460579400 0 0 0 0
1460579100 0 0 0 0
1460578800 0 0 0 0
1460578500 0 0 0 0
1460578200 0 0 0 0
1460577900 0 0 0 0
1460577600 0 0 0 0
1460577300 0 0 0 0
1460577000 0 0 0 0
1460576700 0 0 0 0
1460576400 0 0 0 0
1460576100 0 0 0 0
1460575800 0 0 0 0
1460575500 0 0 0 0
1460575200 0 0 0 0
1460574900 0 0 0 0
1460574600 0 0 0 0
1460574300 0 0 0 0
1460574000 0 0 0 0
1460573700 0 0 0 0
1460573400 0 0 0 0
1460573100 0 0 0 0
1460572800 0 0 0 0
1460572500 0 0 0 0
1460572200 0 0 0 0
1460571900 0 0 0 0
1460571600 0 0 0 0
1460571300 0 0 0 0
1460571000 0 0 0 0
1460570700 0 0 0 0
1460570400 0 0 0 0
1460570100 0 0 0 0
1460569800 0 0 0 0
1460569500 0 0 0 0
1460569200 0 0 0 0
1460568900 0 0 0 0
1460568600 0 0 0 0
1460568300 0 0 0 0
1460568000 0 0 0 0
1460567700 0 0 0 0
1460567400 0 0 0 0
1460567100 0 0 0 0
1460566800 0 0 0 0
1460566500 0 0 0 0
1460566200 0 0 0 0
1460565900 0 0 0 0
1460565600 0 0 0 0
1460565300 0 0 0 0
1460565000 0 0 0 0
1460564700 0 0 0 0
1460564400 0 0 0 0
1460564100 0 0 0 0
1460563800 0 0 0 0
1460563500 0 0 0 0
1460563200 0 0 0 0
1460562900 0 0 0 0
1460562600 0 0 0 0
1460562300 0 0 0 0
1460562000 0 0 0 0
1460561700 0 0 0 0
1460561400 0 0 0 0
1460561100 0 0 0 0
1460560800 0 0 0 0
1460560500 0 0 0 0
1460560200 0 0 0 0
1460559900 0 0 0 0
1460559600 0 0 0 0
1460559300 0 0 0 0
1460559000 0 0 0 0
1460558700 0 0 0 0
1460558400 0 0 0 0
1460558100 0 0 0 0
1460557800 0 0 0 0
1460557500 0 0 0 0
1460557200 0 0 0 0
1460556900 0 0 0 0
1460556600 0 0 0 0
1460556300 0 0 0 0
1460556000 0 0 0 0
1460555700 0 0 0 0
1460555400 0 0 0 0
1460555100 0 0 0 0
1460554800 0 0 0 0
1460554500 0 0 0 0
1460554200 0 0 0 0
1460553900 0 0 0 0
1460553600 0 0 0 0
1460553300 0 0 0 0
1460553000 0 0 0 0
1460552700 0 0 0 0
1460552400 0 0 0 0
1460552100 0 0 0 0
1460551800 0 0 0 0
1460551500 0 0 0 0
1460551200 0 0 0 0
1460550900 0 0 0 0
1460550600 0 0 0 0
1460550300 0 0 0 0
1460550000 0 0 0 0
1460549700 0 0 0 0
1460549400 0 0 0 0
1460549100 0 0 0 0
1460548800 0 0 0 0
1460548500 0 0 0 0
1460548200 0 0 0 0
1460547900 0 0 0 0
1460547600 0 0 0 0
1460547300 0 0 0 0
1460547000 0 0 0 0
1460546700 0 0 0 0
1460546400 0 0 0 0
1460546100 0 0 0 0
1460545800 0 0 0 0
1460545500 0 0 0 0
1460545200 0 0 0 0
1460544900 0 0 0 0
1460544600 0 0 0 0
1460544300 0 0 0 0
1460544000 0 0 0 0
1460543700 0 0 0 0
1460543400 0 0 0 0
1460543100 0 0 0 0
1460542800 0 0 0 0
1460542500 0 0 0 0
1460542200 0 0 0 0
1460541900 0 0 0 0
1460541600 0 0 0 0
1460541300 0 0 0 0
1460541000 0 0 0 0
1460540700 0 0 0 0
1460540400 0 0 0 0
1460540100 0 0 0 0
1460539800 0 0 0 0
1460539500 0 0 0 0
1460539200 0 0 0 0
1460538900 0 0 0 0
1460538600 0 0 0 0
1460538300 0 0 0 0
1460538000 0 0 0 0
1460537700 0 0 0 0
1460537400 0 0 0 0
1460537100 0 0 0 0
1460536800 0 0 0 0
1460536500 0 0 0 0
1460536200 0 0 0 0
1460535900 0 0 0 0
1460535600 0 0 0 0
1460535300 0 0 0 0
1460535000 0 0 0 0
1460534700 0 0 0 0
1460534400 0 0 0 0
1460534100 0 0 0 0
1460533800 0 0 0 0
1460533500 0 0 0 0
1460533200 0 0 0 0
1460532900 0 0 0 0
1460532600 0 0 0 0
1460532300 0 0 0 0
1460532000 0 0 0 0
1460531700 0 0 0 0
1460531400 0 0 0 0
1460531100 0 0 0 0
1460530800 0 0 0 0
1460530500 0 0 0 0
1460530200 0 0 0 0
1460529900 0 0 0 0
1460529600 0 0 0 0
1460529300 0 0 0 0
1460529000 0 0 0 0
1460528700 0 0 0 0
1460528400 0 0 0 0
1460528100 0 0 0 0
1460527800 0 0 0 0
1460527500 0 0 0 0
1460527200 0 0 0 0
1460526900 0 0 0 0
1460526600 0 0 0 0
1460526300 0 0 0 0
1460526000 0 0 0 0
1460525700 0 0 0 0
1460525400 0 0 0 0
1460525100 0 0 0 0
1460524800 0 0 0 0
1460524500 0 0 0 0
1460524200 0 0 0 0
1460523900 0 0 0 0
1460523600 0 0 0 0
1460523300 0 0 0 0
1460523000 0 0 0 0
1460522700 0 0 0 0
1460522400 0 0 0 0
1460522100 0 0 0 0
1460521800 0 0 0 0
1460521500 0 0 0 0
1460521200 0 0 0 0
1460520900 0 0 0 0
1460520600 0 0 0 0
1460520300 0 0 0 0
1460520000 0 0 0 0
1460519700 0 0 0 0
1460519400 0 0 0 0
1460519100 0 0 0 0
1460518800 0 0 0 0
1460518500 0 0 0 0
1460518200 0 0 0 0
1460517900 0 0 0 0
1460517600 0 0 0 0
1460517300 0 0 0 0
1460517000 0 0 0 0
1460516700 0 0 0 0
1460516400 0 0 0 0
1460516100 0 0 0 0
1460515800 0 0 0 0
1460515500 0 0 0 0
1460515200 0 0 0 0
1460514900 0 0 0 0
1460514600 0 0 0 0
1460514300 0 0 0 0
1460514000 0 0 0 0
1460513700 0 0 0 0
1460513400 0 0 0 0
1460513100 0 0 0 0
1460512800 0 0 0 0
1460512500 0 0 0 0
1460512200 0 0 0 0
1460511900 0 0 0 0
1460511600 0 0 0 0
1460511300 0 0 0 0
1460511000 0 0 0 0
1460510700 0 0 0 0
1460510400 0 0 0 0
1460510100 0 0 0 0
1460509800 0 0 0 0
1460509500 0 0 0 0
1460509200 0 0 0 0
1460508900 0 0 0 0
1460508600 0 0 0 0
1460508300 0 0 0 0
1460508000 0 0 0 0
1460507700 0 0 0 0
1460507400 0 0 0 0
1460507100 0 0 0 0
1460506800 0 0 0 0
1460506500 0 0 0 0
1460506200 0 0 0 0
1460505900 0 0 0 0
1460505600 0 0 0 0
1460505300 0 0 0 0
1460505000 0 0 0 0
1460504700 0 0 0 0
1460504400 0 0 0 0
1460504100 0 0 0 0
1460503800 0 0 0 0
1460503500 0 0 0 0
1460503200 0 0 0 0
1460502900 0 0 0 0
1460502600 0 0 0 0
1460502300 0 0 0 0
1460502000 0 0 0 0
1460501700 0 0 0 0
1460501400 0 0 0 0
1460501100 0 0 0 0
1460500800 0 0 0 0
1460500500 0 0 0 0
1460500200 0 0 0 0
1460499900 0 0 0 0
1460499600 0 0 0 0
1460499300 0 0 0 0
1460499000 0 0 0 0
1460498700 0 0 0 0
1460498400 0 0 0 0
1460498100 0 0 0 0
1460497800 0 0 0 0
1460497500 0 0 0 0
1460497200 0 0 0 0
1460496900 0 0 0 0
1460496600 0 0 0 0
1460496300 0 0 0 0
1460496000 0 0 0 0
1460495700 0 0 0 0
1460495400 0 0 0 0
1460495100 0 0 0 0
1460494800 0 0 0 0
1460494500 0 0 0 0
1460494200 0 0 0 0
1460493900 0 0 0 0
1460493600 0 0 0 0
1460493300 0 0 0 0
1460493000 0 0 0 0
1460492700 0 0 0 0
1460492400 0 0 0 0
1460492100 0 0 0 0
1460491800 0 0 0 0
1460491500 0 0 0 0
1460491200 0 0 0 0
1460490900 0 0 0 0
1460490600 0 0 0 0
1460490300 0 0 0 0
1460490000 0 0 0 0
1460489700 0 0 0 0
1460489400 0 0 0 0
1460489100 0 0 0 0
1460488800 0 0 0 0
1460488500 0 0 0 0
1460488200 0 0 0 0
1460487900 0 0 0 0
1460487600 0 0 0 0
1460487300 0 0 0 0
1460487000 0 0 0 0
1460486700 0 0 0 0
1460486400 0 0 0 0
1460486100 0 0 0 0
1460485800 0 0 0 0
1460485500 0 0 0 0
1460485200 0 0 0 0
1460484900 0 0 0 0
1460484600 0 0 0 0
1460484300 0 0 0 0
1460484000 0 0 0 0
1460483700 0 0 0 0
1460483400 0 0 0 0
1460483100 0 0 0 0
1460482800 0 0 0 0
1460482500 0 0 0 0
1460482200 0 0 0 0
1460481900 0 0 0 0
1460481600 0 0 0 0
1460481300 0 0 0 0
1460481000 0 0 0 0
1460480700 0 0 0 0
1460480400 0 0 0 0
1460480100 0 0 0 0
1460479800 0 0 0 0
1460479500 0 0 0 0
1460479200 0 0 0 0
1460478900 0 0 0 0
1460478600 0 0 0 0
1460478300 0 0 0 0
1460478000 0 0 0 0
1460477700 0 0 0 0
1460477400 0 0 0 0
1460477100 0 0 0 0
1460476800 0 0 0 0
1460476500 0 0 0 0
1460476200 0 0 0 0
1460475900 0 0 0 0
1460475600 0 0 0 0
1460475300 0 0 0 0
1460475000 0 0 0 0
1460474700 0 0 0 0
1460474400 0 0 0 0
1460474100 0 0 0 0
1460473800 0 0 0 0
1460473500 0 0 0 0
1460473200 0 0 0 0
1460472900 0 0 0 0
1460472600 0 0 0 0
1460472300 0 0 0 0
1460472000 0 0 0 0
1460471700 0 0 0 0
1460471400 0 0 0 0
1460471100 0 0 0 0
1460470800 0 0 0 0
1460470500 0 0 0 0
1460470200 0 0 0 0
1460469900 0 0 0 0
1460469600 0 0 0 0
1460469300 0 0 0 0
1460469000 0 0 0 0
1460468700 0 0 0 0
1460468400 0 0 0 0
1460468100 0 0 0 0
1460467800 0 0 0 0
1460467500 0 0 0 0
1460467200 0 0 0 0
1460466900 0 0 0 0
1460466600 0 0 0 0
1460466300 0 0 0 0
1460466000 0 0 0 0
1460465700 0 0 0 0
1460465400 0 0 0 0
1460465100 0 0 0 0
1460464800 0 0 0 0
1460464500 0 0 0 0
1460464200 0 0 0 0
1460463900 0 0 0 0
1460463600 0 0 0 0
1460463300 0 0 0 0
1460463000 0 0 0 0
1460462700 0 0 0 0
1460462400 0 0 0 0
1460462100 0 0 0 0
1460461800 0 0 0 0
1460461500 0 0 0 0
1460461200 0 0 0 0
1460460900 0 0 0 0
1460460600 0 0 0 0
1460460300 0 0 0 0
1460460000 0 0 0 0
1460459700 0 0 0 0
1460459400 0 0 0 0
1460459100 0 0 0 0
1460458800 0 0 0 0
1460458500 0 0 0 0
1460458200 0 0 0 0
1460457900 0 0 0 0
1460457600 0 0 0 0
1460457300 0 0 0 0
1460457000 0 0 0 0
1460456700 0 0 0 0
1460456400 0 0 0 0
1460456100 0 0 0 0
1460455800 0 0 0 0
1460455500 0 0 0 0
1460455200 0 0 0 0
1460454900 0 0 0 0
1460454600 0 0 0 0
1460454300 0 0 0 0
1460454000 0 0 0 0
1460453700 0 0 0 0
1460453400 0 0 0 0
1460453100 0 0 0 0
1460452800 0 0 0 0
1460452500 0 0 0 0
1460452200 0 0 0 0
1460451900 0 0 0 0
1460451600 0 0 0 0
1460451300 0 0 0 0
1460451000 0 0 0 0
1460450700 0 0 0 0
1460450400 0 0 0 0
1460450100 0 0 0 0
1460449800 0 0 0 0
1460449500 0 0 0 0
1460449200 0 0 0 0
1460448900 0 0 0 0
1460448600 0 0 0 0
1460448300 0 0 0 0
1460448000 0 0 0 0
1460447700 0 0 0 0
1460447400 0 0 0 0
1460447100 0 0 0 0
1460446800 0 0 0 0
1460446500 0 0 0 0
1460446200 0 0 0 0
1460445900 0 0 0 0
1460445600 0 0 0 0
1460445300 0 0 0 0
1460445000 0 0 0 0
1460444700 0 0 0 0
1460444400 0 0 0 0
1460444100 0 0 0 0
1460443800 0 0 0 0
1460443500 0 0 0 0
1460443200 0 0 0 0
1460442900 0 0 0 0
1460442600 0 0 0 0
1460442300 0 0 0 0
1460442000 0 0 0 0
1460441700 0 0 0 0
1460441400 0 0 0 0
1460441100 0 0 0 0
1460440800 0 0 0 0
1460440500 0 0 0 0
1460440200 0 0 0 0
1460439900 0 0 0 0
1460439600 0 0 0 0
1460439300 0 0 0 0
1460439000 0 0 0 0
1460438700 0 0 0 0
1460438400 0 0 0 0
1460438100 0 0 0 0
1460437800 0 0 0 0
1460437500 0 0 0 0
1460437200 0 0 0 0
1460436900 0 0 0 0
1460436600 0 0 0 0
1460436300 0 0 0 0
1460436000 0 0 0 0
1460435700 0 0 0 0
1460435400 0 0 0 0
1460435100 0 0 0 0
1460434800 0 0 0 0
1460434500 0 0 0 0
1460434200 0 0 0 0
1460433900 0 0 0 0
1460433600 0 0 0 0
1460433300 0 0 0 0
1460433000 0 0 0 0
1460432700 0 0 0 0
1460432400 0 0 0 0
1460432100 0 0 0 0
1460431800 0 0 0 0
1460431500 0 0 0 0
1460431200 0 0 0 0
1460430900 0 0 0 0
1460430600 0 0 0 0
1460430300 0 0 0 0
1460430000 0 0 0 0
1460429700 0 0 0 0
1460429400 0 0 0 0
1460429100 0 0 0 0
1460428800 0 0 0 0
1460428500 0 0 0 0
1460428200 0 0 0 0
1460427900 0 0 0 0
1460427600 0 0 0 0
1460427300 0 0 0 0
1460427000 0 0 0 0
1460426700 0 0 0 0
1460426400 0 0 0 0
1460426100 0 0 0 0
1460425800 0 0 0 0
1460425500 0 0 0 0
1460425200 0 0 0 0
1460424900 0 0 0 0
1460424600 0 0 0 0
1460424300 0 0 0 0
1460424000 0 0 0 0
1460423700 0 0 0 0
1460423400 0 0 0 0
1460423100 0 0 0 0
1460422800 0 0 0 0
1460422500 0 0 0 0
1460422200 0 0 0 0
1460421900 0 0 0 0
1460421000 0 0 0 0
1460419200 0 0 0 0
1460417400 0 0 0 0
1460415600 0 0 0 0
1460413800 0 0 0 0
1460412000 0 0 0 0
1460410200 0 0 0 0
1460408400 0 0 0 0
1460406600 0 0 0 0
1460404800 0 0 0 0
1460403000 0 0 0 0
1460401200 0 0 0 0
1460399400 0 0 0 0
1460397600 0 0 0 0
1460395800 0 0 0 0
1460394000 0 0 0 0
1460392200 0 0 0 0
1460390400 0 0 0 0
1460388600 0 0 0 0
1460386800 0 0 0 0
1460385000 0 0 0 0
1460383200 0 0 0 0
1460381400 0 0 0 0
1460379600 0 0 0 0
1460377800 0 0 0 0
1460376000 0 0 0 0
1460374200 0 0 0 0
1460372400 0 0 0 0
1460370600 0 0 0 0
1460368800 0 0 0 0
1460367000 0 0 0 0
1460365200 0 0 0 0
1460363400 0 0 0 0
1460361600 0 0 0 0
1460359800 0 0 0 0
1460358000 0 0 0 0
1460356200 0 0 0 0
1460354400 0 0 0 0
1460352600 0 0 0 0
1460350800 0 0 0 0
1460349000 0 0 0 0
1460347200 0 0 0 0
1460345400 0 0 0 0
1460343600 0 0 0 0
1460341800 0 0 0 0
1460340000 0 0 0 0
1460338200 0 0 0 0
1460336400 0 0 0 0
1460334600 0 0 0 0
1460332800 0 0 0 0
1460331000 0 0 0 0
1460329200 0 0 0 0
1460327400 0 0 0 0
1460325600 0 0 0 0
1460323800 0 0 0 0
1460322000 0 0 0 0
1460320200 0 0 0 0
1460318400 0 0 0 0
1460316600 0 0 0 0
1460314800 0 0 0 0
1460313000 0 0 0 0
1460311200 0 0 0 0
1460309400 0 0 0 0
1460307600 0 0 0 0
1460305800 0 0 0 0
1460304000 0 0 0 0
1460302200 0 0 0 0
1460300400 0 0 0 0
1460298600 0 0 0 0
1460296800 0 0 0 0
1460295000 0 0 0 0
1460293200 0 0 0 0
1460291400 0 0 0 0
1460289600 0 0 0 0
1460287800 0 0 0 0
1460286000 0 0 0 0
1460284200 0 0 0 0
1460282400 0 0 0 0
1460280600 0 0 0 0
1460278800 0 0 0 0
1460277000 0 0 0 0
1460275200 0 0 0 0
1460273400 0 0 0 0
1460271600 0 0 0 0
1460269800 0 0 0 0
1460268000 0 0 0 0
1460266200 0 0 0 0
1460264400 0 0 0 0
1460262600 0 0 0 0
1460260800 0 0 0 0
1460259000 0 0 0 0
1460257200 0 0 0 0
1460255400 0 0 0 0
1460253600 0 0 0 0
1460251800 0 0 0 0
1460250000 0 0 0 0
1460248200 0 0 0 0
1460246400 0 0 0 0
1460244600 0 0 0 0
1460242800 0 0 0 0
1460241000 0 0 0 0
1460239200 0 0 0 0
1460237400 0 0 0 0
1460235600 0 0 0 0
1460233800 0 0 0 0
1460232000 0 0 0 0
1460230200 0 0 0 0
1460228400 0 0 0 0
1460226600 0 0 0 0
1460224800 0 0 0 0
1460223000 0 0 0 0
1460221200 0 0 0 0
1460219400 0 0 0 0
1460217600 0 0 0 0
1460215800 0 0 0 0
1460214000 0 0 0 0
1460212200 0 0 0 0
1460210400 0 0 0 0
1460208600 0 0 0 0
1460206800 0 0 0 0
1460205000 0 0 0 0
1460203200 0 0 0 0
1460201400 0 0 0 0
1460199600 0 0 0 0
1460197800 0 0 0 0
1460196000 0 0 0 0
1460194200 0 0 0 0
1460192400 0 0 0 0
1460190600 0 0 0 0
1460188800 0 0 0 0
1460187000 0 0 0 0
1460185200 0 0 0 0
1460183400 0 0 0 0
1460181600 0 0 0 0
1460179800 0 0 0 0
1460178000 0 0 0 0
1460176200 0 0 0 0
1460174400 0 0 0 0
1460172600 0 0 0 0
1460170800 0 0 0 0
1460169000 0 0 0 0
1460167200 0 0 0 0
1460165400 0 0 0 0
1460163600 0 0 0 0
1460161800 0 0 0 0
1460160000 0 0 0 0
1460158200 0 0 0 0
1460156400 0 0 0 0
1460154600 0 0 0 0
1460152800 0 0 0 0
1460151000 0 0 0 0
1460149200 0 0 0 0
1460147400 0 0 0 0
1460145600 0 0 0 0
1460143800 0 0 0 0
1460142000 0 0 0 0
1460140200 0 0 0 0
1460138400 0 0 0 0
1460136600 0 0 0 0
1460134800 6 680 10 1176
1460133000 10 981 10 1158
1460131200 10 1070 11 1382
1460129400 10 975 11 1062
1460127600 10 955 10 1044
1460125800 10 973 10 1083
1460124000 10 1022 11 1086
1460122200 10 1080 11 1352
1460120400 10 990 10 1115
1460118600 10 939 11 1119
1460116800 10 805 11 927
1460115000 10 681 11 904
1460113200 10 474 10 577
1460111400 10 461 11 577
1460109600 10 429 11 505
1460107800 10 421 11 455
1460106000 10 429 10 516
1460104200 10 435 11 516
1460102400 10 448 11 497
1460100600 10 430 11 485
1460098800 10 443 10 505
1460097000 10 420 12 442
1460095200 10 421 11 455
1460093400 10 430 11 505
1460091600 10 441 10 505
1460089800 10 415 11 457
1460088000 10 446 11 493
1460086200 10 428 11 466
1460084400 10 425 10 481
1460082600 10 447 11 481
1460080800 10 421 11 472
1460079000 10 458 11 512
1460077200 10 515 10 597
1460075400 10 494 11 590
1460073600 10 480 11 549
1460071800 10 510 11 613
1460070000 10 527 10 566
1460068200 10 549 11 760
1460066400 10 599 11 702
1460064600 10 810 11 1045
1460062800 10 970 10 1154
1460061000 10 1231 11 1534
1460059200 208 2065 7488 9135
1460057400 2047 3810 7488 9135
1460055600 10 1746 10 1960
1460053800 10 1658 12 1770
1460052000 10 1771 11 2511
1460050200 10 1778 11 2511
1460048400 10 1728 10 2008
1460046600 10 1599 11 1861
1460044800 10 1750 11 1843
1460043000 196 1971 1058 4502
1460041200 981 11052 2989 25595
1460039400 427 2999 2989 10662
1460037600 10 1536 11 2011
1460035800 10 1837 11 2782
1460034000 10 1451 10 1884
1460032200 10 881 11 1177
1460030400 10 561 11 1003
1460028600 10 440 11 460
1460026800 10 461 10 521
1460025000 10 444 11 475
1460023200 10 437 11 485
1460021400 10 424 11 452
1460019600 10 428 10 493
1460017800 10 438 11 493
1460016000 10 427 11 441
1460014200 10 446 11 487
1460012400 10 429 10 465
1460010600 10 424 12 435
1460008800 9 439 11 489
1460007000 10 434 11 471
1460005200 10 410 10 433
1460003400 10 445 11 529
1460001600 10 433 11 483
1459999800 10 434 11 483
1459998000 10 427 10 459
1459996200 10 440 11 496
1459994400 10 426 11 517
1459992600 10 442 11 517
1459990800 10 425 10 463
1459989000 10 432 11 483
1459987200 10 444 11 483
1459985400 10 416 11 462
1459983600 10 414 10 451
1459981800 10 479 11 563
1459980000 10 551 11 677
1459978200 10 938 11 1182
1459976400 10 1111 10 1289
1459974600 10 1180 11 1540
1459972800 491 2201 1239 2988
1459971000 2040 5082 2792 7502
1459969200 1980 5377 2824 8067
1459967400 4108 6705 9869 15575
1459965600 10 1107 11 1266
1459963800 182 1076 6746 6617
1459962000 2617 3561 9950 11377
1459960200 10 1012 11 1530
1459958400 10 818 11 928
1459956600 10 831 11 1020
1459954800 10 762 10 840
1459953000 10 829 11 1074
1459951200 10 859 11 1153
1459949400 10 1002 11 1464
1459947600 10 979 10 1209
1459945800 10 755 11 1298
1459944000 10 559 11 911
1459942200 10 489 11 542
1459940400 10 522 10 582
1459938600 10 483 11 501
1459936800 10 473 11 523
1459935000 10 506 11 575
1459933200 10 485 10 525
1459931400 10 481 11 520
1459929600 10 499 11 536
1459927800 10 509 11 663
1459926000 10 489 10 518
1459924200 10 496 12 608
1459922400 10 495 11 570
1459920600 10 481 11 521
1459918800 10 485 10 520
1459917000 10 491 11 521
1459915200 10 476 11 521
1459913400 10 484 11 509
1459911600 10 494 10 566
1459909800 10 491 11 558
1459908000 10 482 11 528
1459906200 10 482 11 528
1459904400 10 484 10 515
1459902600 10 480 11 519
1459900800 10 489 11 558
1459899000 10 490 11 530
1459897200 10 483 10 513
1459895400 11 539 27 657
1459893600 10 529 10 576
1459891800 10 735 10 1110
1459890000 36 961 70 1352
1459888200 52 955 100 1022
1459886400 44 1006 63 1242
1459884600 221 6616 921 19790
1459882800 1211 41990 3937 198834
1459881000 56 1039 241 1234
1459879200 76 1076 2557 3116
1459877400 367 1331 2557 3116
1459875600 10 955 10 1290
1459873800 10 977 10 1097
1459872000 10 931 10 1156
1459870200 10 974 10 1110
1459868400 225 1353 8269 9491
1459866600 10291 11436 11110 12436
1459864800 10 1223 10 1422
1459863000 2381 4169 11110 13134
1459861200 5106 6192 11110 12534
1459859400 10 1089 10 1758
1459857600 10 508 10 731
1459855800 10 497 10 731
1459854000 10 466 10 511
1459852200 10 488 10 603
1459850400 10 455 10 484
1459848600 10 454 10 529
1459846800 10 460 12 529
1459845000 10 468 10 497
1459843200 10 453 11 526
1459841400 10 476 11 526
1459839600 10 456 10 492
1459837800 10 466 10 523
1459836000 10 459 11 523
1459834200 10 468 11 515
1459832400 10 513 11 662
1459830600 10 454 11 494
1459828800 10 407 11 445
1459827000 10 418 11 447
1459825200 10 452 11 512
1459823400 10 426 10 487
1459821600 10 411 11 483
1459819800 10 426 11 454
1459818000 10 418 11 462
1459816200 10 472 10 605
1459814400 10 422 11 475
1459812600 10 423 11 458
1459810800 10 421 11 470
1459809000 10 445 10 487
1459807200 10 512 11 785
1459805400 10 658 11 1053
1459803600 10 760 12 862
1459801800 10 873 10 1307
1459800000 10 978 11 1307
1459798200 10 968 11 1086
1459796400 2350 3245 11111 11927
1459794600 10843 11727 11110 12199
1459792800 144 1169 972 1753
1459791000 10 866 11 958
1459789200 10 1016 11 1195
1459787400 10 831 10 1004
1459785600 10 898 11 1216
1459783800 10 860 11 1055
1459782000 10 825 11 963
1459780200 10 804 10 866
1459778400 10 756 11 1133
1459776600 4666 5877 11110 12536
1459774800 1117 2060 7891 9417
1459773000 10 662 10 1177
1459771200 10 411 11 644
1459769400 10 428 11 644
1459767600 10 400 11 483
1459765800 10 426 10 504
1459764000 10 380 11 418
1459762200 10 383 11 397
1459760400 10 409 12 451
1459758600 10 402 10 451
1459756800 10 412 11 504
1459755000 10 414 11 484
1459753200 10 411 11 472
1459751400 10 402 10 437
1459749600 10 406 11 428
1459747800 10 402 11 442
1459746000 10 424 11 455
1459744200 10 402 11 458
1459742400 10 390 11 468
1459740600 10 393 11 431
1459738800 10 395 11 437
1459737000 10 400 10 437
1459735200 10 419 11 493
1459733400 10 414 11 450
1459731600 10 400 11 443
1459729800 10 416 10 442
1459728000 10 429 11 480
1459726200 10 509 11 1076
1459724400 10 370 11 398
1459722600 10 381 10 420
1459720800 10 388 11 414
1459719000 10 378 11 426
1459717200 10 375 12 444
1459715400 10 385 10 444
1459713600 10 385 11 417
1459711800 10 382 11 411
1459710000 10 377 11 390
1459708200 10 381 10 399
1459706400 10 390 11 400
1459704600 10 376 11 405
1459702800 10 374 11 508
1459701000 10 407 10 508
1459699200 10 397 11 428
1459697400 10 397 11 445
1459695600 10 410 11 443
1459693800 10 410 10 483
1459692000 10 374 11 399
1459690200 10 372 11 399
1459688400 10 378 11 406
1459686600 10 382 10 411
1459684800 10 374 11 393
1459683000 10 381 11 435
1459681200 10 382 11 408
1459679400 10 378 10 402
1459677600 10 414 11 499
1459675800 10 372 11 415
1459674000 10 382 12 425
1459672200 10 399 10 418
1459670400 10 383 11 429
1459668600 10 389 11 423
1459666800 10 386 11 406
1459665000 10 378 10 416
1459663200 9 375 11 403
1459661400 9 388 11 438
1459659600 10 381 11 412
1459657800 10 396 10 430
1459656000 10 399 11 425
1459654200 10 389 11 431
1459652400 10 406 11 479
1459650600 10 429 10 503
1459648800 10 402 11 467
1459647000 10 385 11 431
1459645200 10 378 11 422
1459643400 10 397 10 475
1459641600 10 379 11 397
1459639800 10 371 11 396
1459638000 10 377 11 429
1459636200 10 384 10 418
1459634400 10 379 11 419
1459632600 10 383 11 459
1459630800 10 381 11 426
1459629000 10 376 11 406
1459627200 10 385 11 431
1459625400 10 388 11 432
1459623600 10 365 11 388
1459621800 10 376 11 396
1459620000 10 381 11 424
1459618200 10 384 11 435
1459616400 10 380 11 434
1459614600 10 395 10 452
1459612800 10 410 11 454
1459611000 10 402 11 451
1459609200 10 371 11 388
1459607400 10 407 10 437
1459605600 10 388 11 419
1459603800 10 377 11 402
1459602000 10 363 11 402
1459600200 10 386 11 459
1459598400 10 381 11 420
1459596600 10 363 11 394
1459594800 10 375 11 460
1459593000 10 382 10 410
1459591200 10 379 11 397
1459589400 10 365 11 378
1459587600 10 385 11 428
1459585800 10 377 11 395
1459584000 10 375 11 418
1459582200 10 374 11 416
1459580400 10 364 11 396
1459578600 10 375 10 423
1459576800 10 385 11 458
1459575000 10 371 11 401
1459573200 10 379 11 410
1459571400 10 388 11 435
1459569600 10 377 11 390
1459567800 10 369 11 389
1459566000 10 384 11 423
1459564200 10 387 10 417
1459562400 10 381 11 424
1459560600 10 401 11 452
1459558800 10 384 11 411
1459557000 10 396 10 419
1459555200 10 407 11 454
1459553400 10 393 11 445
1459551600 10 385 11 430
1459549800 10 469 10 549
1459548000 10 580 11 679
1459546200 10 695 11 1055
1459544400 10 764 12 1016
1459542600 10 1137 10 1397
1459540800 10 1127 11 1518
1459539000 10 1186 11 1624
1459537200 10 1111 11 1283
1459535400 10 1141 10 1265
1459533600 10 1159 11 1398
1459531800 10 963 11 1184
1459530000 10 1116 11 1321
1459528200 10 1088 10 1507
1459526400 10 1081 11 1280
1459524600 246 1204 8229 9500
1459522800 3590 4837 11110 12330
1459521000 10 1114 10 1339
1459519200 10 1238 11 1335
1459517400 10 1274 11 1432
1459515600 10 1259 11 1713
1459513800 10 1035 10 1368
1459512000 10 797 11 1403
1459510200 10 613 11 1008
1459508400 10 501 11 556
1459506600 10 483 10 522
1459504800 10 487 11 526
1459503000 10 476 11 496
1459501200 10 493 12 526
1459499400 10 486 10 525
1459497600 10 489 11 525
1459495800 10 488 11 526
1459494000 10 527 11 625
1459492200 10 562 11 792
1459490400 10 489 11 796
1459488600 10 483 11 526
1459486800 10 473 11 515
1459485000 10 498 11 516
1459483200 10 484 11 545
1459481400 10 534 11 560
1459479600 10 546 11 581
1459477800 10 552 10 581
1459476000 10 544 11 575
1459474200 10 548 11 585
1459472400 10 541 11 561
1459470600 10 551 10 576
1459468800 10 532 11 582
1459467000 10 535 11 582
1459465200 10 539 11 581
1459463400 10 553 10 701
1459461600 10 624 11 922
1459459800 10 743 11 1086
1459458000 10 920 12 1182
1459456200 10 978 11 1187
1459454400 10 988 11 1147
1459452600 10 1089 11 1449
1459450800 10 1048 11 1189
1459449000 10 1128 10 1544
1459447200 10 960 11 1135
1459445400 10 978 11 1193
1459443600 10 1004 11 1273
1459441800 10 935 10 1163
1459440000 10 1013 11 1259
1459438200 10 893 11 1209
1459436400 10 1052 11 1396
1459434600 10 1015 11 1418
1459432800 62 1099 2099 2972
1459431000 9540 10798 11111 12935
1459429200 905 1850 6357 7468
1459427400 10 838 10 1449
1459425600 10 657 11 817
1459423800 10 492 11 665
1459422000 10 449 11 539
1459420200 10 479 10 568
1459418400 10 474 11 490
1459416600 10 432 11 503
1459414800 10 423 12 480
1459413000 10 462 10 551
1459411200 10 450 11 518
1459409400 10 433 11 506
1459407600 10 425 11 443
1459405800 10 435 10 476
1459404000 10 448 11 531
1459402200 10 440 11 481
1459400400 10 425 11 455
1459398600 10 474 11 547
1459396800 10 477 11 536
1459395000 10 432 11 485
1459393200 10 443 11 493
1459391400 10 518 10 835
1459389600 10 528 11 835
1459387800 10 470 11 507
1459386000 10 477 11 517
1459384200 10 484 10 556
1459382400 10 467 11 482
1459380600 10 478 11 531
1459378800 10 464 11 478
1459377000 10 495 10 527
1459375200 10 559 11 845
1459373400 10 588 11 739
1459371600 10 831 12 1169
1459369800 63 1056 2057 2778
1459368000 297 1184 2057 2778
1459366200 10 1272 11 1494
1459364400 10 1183 11 1446
1459362600 10 1262 10 1552
1459360800 33 1028 924 2027
1459359000 1545 2551 5797 6683
1459357200 4268 5238 11110 12051
1459355400 10 1145 10 1480
1459353600 10 966 11 1248
1459351800 10 1050 11 1456
1459350000 10 1064 11 1218
1459348200 10 1052 10 1359
1459346400 10 1056 11 1405
1459344600 10 1267 11 1950
1459342800 10 1079 11 1233
1459341000 10 883 11 1050
1459339200 10 536 11 1411
1459332000 10 436 12 516
1459324800 10 437 11 509
1459317600 10 430 11 473
1459310400 10 434 11 531
1459303200 10 454 11 514
1459296000 10 476 11 608
1459288800 10 783 26 1311
1459281600 163 1288 3104 4170
1459274400 10 1105 10 1762
1459267200 2351 3471 11110 12203
1459260000 10 1025 10 1567
1459252800 10 449 11 710
1459245600 10 388 12 483
1459238400 10 384 10 422
1459231200 10 384 10 466
1459224000 10 389 10 468
1459216800 10 400 10 513
1459209600 10 437 10 495
1459202400 10 764 12 1522
1459195200 2939 3972 11148 12639
1459188000 10 1070 10 2129
1459180800 10 1048 10 2054
1459173600 425 1457 6842 7448
1459166400 10 503 10 1111
1459159200 10 393 12 457
1459152000 10 397 11 458
1459144800 10 391 11 469
1459137600 10 392 10 455
1459130400 10 398 10 482
1459123200 10 393 10 458
1459116000 10 394 12 451
1459108800 10 394 10 460
1459101600 10 400 10 472
1459094400 10 390 10 454
1459087200 10 393 11 455
1459080000 10 399 11 455
1459072800 10 393 12 437
1459065600 10 389 11 443
1459058400 10 393 10 470
1459051200 10 392 10 461
1459044000 10 391 10 480
1459036800 10 388 10 478
1459029600 10 393 12 468
1459022400 10 390 11 432
1459015200 10 392 10 450
1459008000 10 390 11 450
1459000800 10 400 11 451
1458993600 10 403 11 450
1458986400 10 408 12 452
1458979200 10 422 11 516
1458972000 10 413 23 509
1458964800 10 411 11 459
1458957600 10 405 11 460
1458950400 10 407 11 463
1458943200 10 427 12 694
1458936000 10 429 11 694
1458928800 10 416 11 481
1458921600 10 428 11 557
1458914400 10 431 11 660
1458907200 10 415 11 487
1458900000 10 412 12 493
1458892800 10 422 11 653
1458885600 10 437 11 650
1458878400 10 450 11 621
1458871200 10 415 11 482
1458864000 10 428 11 668
1458856800 127 925 2460 3040
1458849600 10 1070 11 2033
1458842400 1677 2586 11147 11993
1458835200 10 906 11 1248
1458828000 10 942 11 2903
1458820800 10 494 11 711
1458813600 10 449 12 524
1458806400 10 458 11 614
1458799200 10 450 11 601
1458792000 10 446 11 522
1458784800 10 441 11 524
1458777600 10 442 11 542
1458770400 10 689 12 1171
1458763200 2831 4049 11146 12610
1458756000 71 1202 1504 2487
1458748800 148 1233 3330 4437
1458741600 757 1844 11110 12362
1458734400 10 574 11 963
1458727200 10 514 12 585
1458720000 10 515 11 587
1458712800 10 519 11 581
1458705600 10 565 11 698
1458698400 10 527 11 716
1458691200 10 552 11 790
1458684000 10 871 12 1585
1458676800 1723 2927 11110 12193
1458669600 10 1079 11 1393
1458662400 1989 3091 11148 12388
1458655200 10 1314 11 1927
1458648000 10 654 11 974
1458640800 10 589 12 657
1458633600 10 582 11 678
1458626400 10 584 11 648
1458619200 10 574 11 677
1458612000 10 625 11 703
1458604800 10 636 11 735
1458597600 10 937 12 1696
1458590400 2462 3522 11147 12176
1458583200 216 1222 4711 5020
1458576000 7152 8171 11148 12376
1458568800 10 985 11 2365
1458561600 10 413 11 675
1458554400 10 329 12 401
1458547200 10 337 11 407
1458540000 10 345 11 441
1458532800 10 334 11 408
1458525600 10 373 11 701
1458518400 10 338 11 399
1458511200 10 322 12 405
1458504000 10 319 11 394
1458496800 10 352 11 513
1458489600 10 327 11 421
1458482400 10 303 11 360
1458475200 10 263 11 426
1458468000 10 239 12 325
1458460800 10 243 11 294
1458453600 10 261 11 368
1458446400 10 236 11 312
1458439200 10 257 11 354
1458432000 10 247 11 351
1458424800 10 241 12 387
1458417600 10 235 11 302
1458410400 10 243 11 308
1458403200 10 238 11 335
1458396000 10 233 11 303
1458388800 10 231 11 315
1458381600 10 236 12 323
1458374400 10 236 11 314
1458367200 10 232 11 282
1458360000 10 243 11 333
1458352800 10 249 11 318
1458345600 10 373 11 1248
1458338400 10 611 12 1782
1458331200 10 956 11 1514
1458324000 10 950 11 1251
1458316800 10 944 12 1453
1458309600 10 1068 11 1680
1458302400 10 625 11 1025
1458295200 10 515 12 573
1458288000 10 533 11 700
1458280800 10 547 11 732
1458273600 10 497 11 613
1458266400 10 494 11 760
1458259200 10 547 11 739
1458252000 10 854 12 1779
1458244800 10 1103 11 1779
1458237600 10 905 11 1400
1458230400 1274 2189 11147 12452
1458223200 32 1125 647 1703
1458216000 10 465 10 810
1458208800 10 397 12 458
1458201600 10 426 10 829
1458194400 10 407 11 454
1458187200 10 411 11 691
1458180000 10 385 11 434
1458172800 10 364 11 414
1458165600 10 703 12 1280
1458158400 10 880 11 1181
1458151200 163 1121 11110 11757
1458144000 5722 6549 11111 12056
1458136800 4286 5210 11147 12869
1458129600 10 473 11 689
1458122400 10 423 12 491
1458115200 10 422 11 535
1458108000 10 416 11 506
1458100800 10 438 11 653
1458093600 10 384 11 476
1458086400 10 382 10 606
1458079200 10 680 12 1221
1458072000 2881 3684 11111 12269
1458064800 4234 4999 11147 12269
1458057600 6128 6933 11147 12121
1458050400 10 906 10 1363
1458043200 10 491 10 695
1458036000 10 470 12 618
1458028800 10 452 10 540
1458021600 10 439 11 495
1458014400 10 432 10 574
1458007200 10 404 10 482
1458000000 10 468 10 730
1457992800 10 748 12 1102
1457985600 10 972 10 1192
1457978400 10 870 10 1161
1457971200 10 825 10 1108
1457964000 10 848 10 1423
1457956800 10 405 10 627
1457949600 10 341 12 386
1457942400 10 338 10 373
1457935200 10 335 11 395
1457928000 10 336 10 417
1457920800 10 337 11 390
1457913600 10 340 10 404
1457906400 10 337 12 406
1457899200 10 336 10 390
1457892000 10 334 10 380
1457884800 10 339 11 412
1457877600 10 335 11 387
1457870400 10 337 11 408
1457863200 10 330 12 444
1457856000 10 317 10 478
1457848800 10 313 11 375
1457841600 10 310 10 343
1457834400 10 308 10 351
1457827200 10 317 10 402
1457820000 10 317 12 401
1457812800 10 320 10 410
1457805600 10 317 10 393
1457798400 10 316 10 422
1457791200 10 307 10 350
1457784000 10 310 11 360
1457776800 10 323 12 705
1457769600 10 304 11 353
1457762400 10 307 11 358
1457755200 10 317 11 382
1457748000 10 311 11 428
1457740800 10 392 10 1216
1457733600 10 968 12 1283
1457726400 10 873 10 1235
1457719200 10 835 10 1312
1457712000 5764 6640 11147 12393
1457704800 10 650 13 1510
1457697600 10 330 10 413
1457690400 10 320 12 360
1457683200 10 322 11 404
1457676000 10 320 10 408
1457668800 10 317 10 516
1457661600 10 294 10 341
1457654400 10 393 10 817
1457647200 10 732 25 967
1457640000 10 856 10 1109
1457632800 10 816 10 1100
1457625600 562 1491 10411 11419
1457618400 10 629 10 1068
1457611200 10 328 10 500
1457604000 10 319 12 374
1457596800 9 319 10 409
1457589600 10 385 10 851
1457582400 10 308 10 420
1457575200 10 346 10 635
1457568000 1471 1931 11148 11633
1457560800 8136 8820 11148 12189
1457553600 1322 2079 11110 11862
1457546400 10 872 10 1323
1457539200 10 1250 10 3714
1457532000 10 634 10 1521
1457524800 10 372 11 618
1457517600 9 369 12 537
1457510400 9 378 11 471
1457503200 10 373 11 435
1457496000 10 346 11 512
1457488800 10 351 11 442
1457481600 10 393 11 759
1457474400 520 1256 8518 9198
1457467200 10 758 11 1096
1457460000 10 749 11 945
1457452800 1094 1973 11111 12393
1457445600 10 533 11 1045
1457438400 10 347 11 425
1457431200 10 357 12 495
1457424000 10 345 11 438
1457416800 10 349 11 526
1457409600 10 370 11 495
1457402400 8905 9309 11110 11514
1457395200 6463 6960 11110 11514
1457388000 10 796 12 1174
1457380800 10 674 10 988
1457373600 10 669 104 879
1457366400 1503 2451 11110 11798
1457359200 10 584 11 1119
1457352000 10 292 11 391
1457344800 10 287 12 361
1457337600 10 287 10 372
1457330400 10 282 10 335
1457323200 10 280 10 325
1457316000 10 282 10 343
1457308800 10 284 10 352
1457301600 10 283 12 367
1457294400 10 287 10 341
1457287200 10 287 10 364
1457280000 10 291 10 475
1457272800 10 281 10 377
1457265600 10 284 10 350
1457258400 10 282 12 331
1457251200 10 302 11 476
1457244000 10 278 11 345
1457236800 10 276 10 330
1457229600 10 275 10 321
1457222400 10 273 10 320
1457215200 10 276 12 310
1457208000 10 273 10 345
1457200800 10 283 10 466
1457193600 10 276 10 356
1457186400 10 275 10 328
1457179200 10 272 10 344
1457172000 10 277 12 375
1457164800 10 278 11 325
1457157600 10 282 10 344
1457150400 10 281 10 347
1457143200 10 282 10 363
1457136000 10 355 10 602
1457128800 324 1027 7594 8259
1457121600 5338 6138 11147 12110
1457114400 210 1025 5785 6497
1457107200 1346 2205 11110 11933
1457100000 10 627 10 1463
1457092800 10 355 10 451
1457085600 10 356 12 415
1457078400 9 352 11 410
1457071200 10 352 10 397
1457064000 10 392 10 600
1457056800 10 399 11 477
1457049600 10 435 10 677
1457042400 10 980 12 1427
1457035200 4774 5692 11111 12746
1457028000 10 845 11 1142
1457020800 10 1046 11 1614
1457013600 10 670 11 1566
1457006400 10 335 11 434
1456999200 10 325 12 361
1456992000 10 336 11 516
1456984800 10 330 11 404
1456977600 10 335 11 394
1456970400 10 361 11 468
1456963200 10 354 11 494
1456956000 10 530 12 854
1456948800 10 578 10 820
1456941600 10 574 11 964
1456934400 10 680 10 1371
1456927200 10 448 10 936
1456920000 10 238 10 344
1456912800 10 246 12 612
1456905600 10 237 11 317
1456898400 10 231 11 276
1456891200 10 231 10 318
1456884000 10 235 10 279
1456876800 10 273 10 557
1456869600 749 1342 11143 11846
1456862400 5927 6609 11147 12007
1456855200 46 733 5405 5977
1456848000 3048 3788 11110 11866
1456840800 26 607 420 1430
1456833600 10 333 11 461
1456826400 10 325 12 369
1456819200 10 329 11 355
1456812000 10 330 11 378
1456804800 10 346 11 677
1456797600 10 330 10 378
1456790400 10 405 10 720
1456783200 3400 4171 11147 12146
1456776000 4006 4796 11110 12297
1456768800 10 766 10 1274
1456761600 10 1062 10 1852
1456754400 10 649 10 1561
1456747200 10 264 10 380
1456740000 10 259 12 340
1456732800 9 262 11 305
1456725600 10 260 11 321
1456718400 10 256 11 312
1456711200 10 261 11 338
1456704000 10 256 11 294
1456696800 10 260 12 297
1456689600 10 259 10 311
1456682400 10 262 10 336
1456675200 10 264 10 336
1456668000 10 302 10 347
1456660800 10 309 10 374
1456653600 10 289 12 341
1456646400 10 258 11 296
1456639200 10 259 11 336
1456632000 10 264 10 375
1456624800 10 261 10 325
1456617600 10 257 10 318
1456610400 10 261 12 311
1456603200 10 255 10 308
1456596000 10 287 10 445
1456588800 10 339 10 466
1456581600 10 257 10 311
1456574400 10 256 11 313
1456567200 10 259 12 308
1456560000 10 256 11 301
1456552800 10 259 11 313
1456545600 10 259 10 337
1456538400 10 261 10 309
1456531200 10 314 10 440
1456524000 10 760 12 1164
1456516800 10 1052 10 1765
1456509600 10 1095 10 1478
1456502400 10 1044 10 1402
1456495200 10 784 10 1700
1456488000 10 502 10 582
1456480800 10 501 12 560
1456473600 10 509 11 595
1456466400 10 500 11 596
1456459200 10 510 11 599
1456452000 10 514 11 599
1456444800 10 556 10 721
1456437600 10 863 12 1288
1456430400 10 923 10 1735
1456423200 10 1090 10 1449
1456416000 1568 2928 11110 12833
1456408800 10 860 10 1903
1456401600 10 521 10 625
1456394400 10 523 12 597
1456387200 10 507 11 597
1456380000 10 485 11 701
1456372800 10 486 10 642
1456365600 10 548 10 724
1456358400 10 843 10 1071
1456351200 10 1070 12 1567
1456344000 10 1072 10 1445
1456336800 10 1052 10 1433
1456329600 59 1281 1144 2277
1456322400 10 814 11 1921
1456315200 10 464 10 760
1456308000 10 456 12 543
1456300800 10 457 11 527
1456293600 10 468 11 617
1456286400 10 486 10 632
1456279200 10 488 10 698
1456272000 10 606 10 1054
1456264800 10 820 12 1092
1456257600 9492 10362 11148 12525
1456250400 364 1325 10294 11069
1456243200 10 1011 10 1295
1456236000 10 792 10 1585
1456228800 10 343 10 440
1456221600 10 345 12 380
1456214400 10 359 47 443
1456207200 10 371 11 510
1456200000 10 479 11 675
1456192800 10 477 11 588
1456185600 10 538 11 865
1456178400 1250 2189 11147 12071
1456171200 9703 10690 11147 12363
1456164000 370 1391 10361 11571
1456156800 568 1573 8601 9554
1456149600 10 802 11 1398
1456142400 10 351 11 409
1456135200 10 363 12 435
1456128000 10 359 11 457
1456120800 10 352 11 401
1456113600 10 348 11 411
1456106400 10 349 11 408
1456099200 10 352 11 401
1456092000 10 351 12 403
1456084800 10 352 11 426
1456077600 10 353 11 406
1456070400 10 347 11 477
1456063200 10 337 11 388
1456056000 10 336 11 379
1456048800 10 337 12 418
1456041600 10 337 11 397
1456034400 10 338 11 385
1456027200 10 336 11 382
1456020000 10 337 11 386
1456012800 10 342 11 398
1456005600 10 338 12 375
1455998400 10 339 11 389
1455991200 10 338 11 383
1455984000 10 341 11 417
1455976800 10 336 11 374
1455969600 10 337 11 394
1455962400 10 337 12 413
1455955200 10 340 11 395
1455948000 10 350 11 443
1455940800 10 350 11 396
1455933600 10 357 11 417
1455926400 10 385 11 535
1455919200 934 1750 11147 12111
1455912000 432 1273 7524 8349
1455904800 910 1776 10989 12218
1455897600 10 953 11 1311
1455890400 10 716 11 1507
1455883200 10 447 11 652
1455876000 10 429 12 509
1455868800 10 429 11 563
1455861600 10 425 11 487
1455854400 10 487 11 596
1455847200 10 492 25 565
1455840000 10 613 11 1074
1455832800 10 1039 12 1565
1455825600 10 1065 11 1789
1455818400 10 1127 11 1299
1455811200 10 1108 11 1666
1455804000 10 868 11 1508
1455796800 10 445 11 545
1455789600 10 438 12 491
1455782400 10 430 11 502
1455775200 10 438 11 535
1455768000 10 480 11 540
1455760800 10 482 11 574
1455753600 10 580 11 902
1455746400 10 1026 12 1589
1455739200 10 1018 11 1747
1455732000 10 959 11 1346
1455724800 10 1142 11 2128
1455717600 10 751 11 1278
1455710400 10 456 11 525
1455703200 10 463 12 525
1455696000 10 465 11 528
1455688800 10 471 11 649
1455681600 10 484 11 595
1455674400 10 492 11 655
1455667200 10 658 11 1116
1455660000 2494 3637 11147 12584
1455652800 185 1388 5054 6445
1455645600 10 1190 11 1732
1455638400 5194 6455 11148 13149
1455631200 430 1082 11109 12092
1455624000 10 273 11 358
1455616800 10 270 12 332
1455609600 10 268 11 340
1455602400 10 311 11 438
1455595200 10 324 11 735
1455588000 10 259 11 336
1455580800 10 274 11 337
1455573600 10 271 12 321
1455566400 10 267 11 308
1455559200 10 270 11 447
1455552000 10 268 11 349
1455544800 10 257 11 308
1455537600 10 262 11 339
1455530400 10 263 12 355
1455523200 10 261 11 330
1455516000 10 265 11 330
1455508800 10 258 11 341
1455501600 10 260 11 314
1455494400 10 259 11 310
1455487200 10 260 12 323
1455480000 10 258 11 338
1455472800 10 256 11 299
1455465600 10 263 11 305
1455458400 10 263 11 332
1455451200 10 261 11 348
1455444000 10 281 12 452
1455436800 10 262 11 342
1455429600 10 250 11 398
1455422400 10 229 11 283
1455415200 10 234 11 301
1455408000 10 232 11 283
1455400800 10 232 12 293
1455393600 10 246 11 337
1455386400 10 230 11 300
1455379200 10 243 11 295
1455372000 10 255 11 442
1455364800 10 290 11 427
1455357600 10 405 12 801
1455350400 10 305 11 518
1455343200 10 335 11 438
1455336000 10 342 11 519
1455328800 10 343 11 660
1455321600 10 421 11 727
1455314400 10 751 12 1007
1455307200 10 897 11 1304
1455300000 10 894 11 1855
1455292800 1353 2353 11110 11933
1455285600 10 672 11 2237
1455278400 10 291 11 390
1455271200 10 291 12 376
1455264000 10 281 11 334
1455256800 10 288 11 403
1455249600 10 295 11 416
1455242400 10 332 11 480
1455235200 10 489 11 891
1455228000 10 901 12 1193
1455220800 10 1052 11 1752
1455213600 3916 4860 11148 12342
1455206400 535 1710 7251 8493
1455199200 10 745 11 1748
1455192000 10 233 11 292
1455184800 10 285 11 619
1455177600 10 236 11 301
1455170400 10 272 11 476
1455163200 10 279 10 369
1455156000 10 287 10 370
1455148800 10 394 10 682
1455141600 10 707 12 1006
1455134400 10 803 10 1340
1455127200 5950 6700 11148 12119
1455120000 1018 1839 11110 11953
1455112800 10 565 10 1136
1455105600 10 251 10 335
1455098400 10 302 12 783
1455091200 10 295 11 487
1455084000 10 361 11 604
1455076800 10 389 10 610
1455069600 10 457 10 1069
1455062400 10 483 10 982
1455055200 10 993 12 1440
1455048000 10 1050 11 1574
1455040800 10 1090 11 2156
1455033600 10 1043 11 1511
1455026400 10 665 10 1335
1455019200 10 309 12 396
1454976000 389 878 11148 12673
1454889600 10 233 12 382
1454803200 9 229 12 366
1454716800 354 879 11110 12132
1454630400 972 1547 11115 12642
1454544000 514 1079 11148 12271
1454457600 401 968 11148 12409
1454371200 108 634 11110 11964
1454284800 10 290 12 352
1454198400 10 289 12 458
1454112000 90 567 9881 10903
1454025600 167 729 11110 12233
1453939200 87 630 11111 12231
1453852800 786 1392 11147 12440
1453766400 291 875 11111 11964
1453680000 10 267 20 332
1453593600 9 267 12 337
1453507200 0 77 29 950
1453420800 0 0 0 0
1453334400 2675 899 331763 102604
1453248000 173 666 11110 12018
1453161600 10 443 11 1458
1453075200 10 243 11 368
1452988800 10 211 11 300
1452902400 10 475 11 1306
1452816000 10 519 12 1731
1452729600 661 1165 11147 12053
1452643200 305 818 11110 11993
1452556800 162 700 11147 12064
1452470400 10 249 11 594
1452384000 10 318 22 7296
1452297600 19 595 2622 3868
1452211200 144 797 10428 11173
1452124800 230 1028 55952 209058
1452038400 12353 1055 1892931 76714
1451952000 197 712 11146 16619
1451865600 10 249 12 563
1451779200 10 242 12 318
1451692800 9 244 12 358
1451606400 10 317 12 1046
1451520000 323 670 11111 11947
1451433600 94 427 10534 11133
1451347200 9 221 13 692
1451260800 10 188 12 268
1451174400 10 196 12 329
1451088000 10 187 12 258
1451001600 9 243 12 806
1450915200 23 578 4255 5367
1450828800 32 686 3455 4842
1450742400 96 701 11149 12080
1450656000 10 217 12 288
1450569600 10 227 12 365
1450483200 383 921 11148 12362
1450396800 710 1226 11148 12418
1450310400 729 1208 11147 11963
1450224000 732 1292 11147 12516
1450137600 763 1184 11111 12197
1450051200 0 0 0 0
1449964800 0 0 0 0
1449878400 0 0 0 0
1449792000 3968 80234 25335 728045
1449705600 9 635 11 1544
1449619200 452 1225 11146 12268
1449532800 101 717 999 2258
1449446400 10 351 11 377
1449360000 1246 1648 11110 11984
1449273600 2933 3575 11110 11984
1449187200 1611 2248 11148 12226
1449100800 1554 2229 11147 12274
1449014400 10 728 11 1541
1448928000 1588 2282 11110 11927
1448841600 10 436 10 463
1448755200 10 515 10 972
1448668800 475 1104 11110 12004
1448582400 2585 3149 11110 12004
1448496000 10 863 10 1352
1448409600 10 678 10 1039
1448323200 10 528 11 1251
1448236800 10 331 10 339
1448150400 10 418 11 797
1448064000 10 761 11 1718
1447977600 10 642 11 998
1447891200 10 570 11 937
1447804800 10 489 10 993
1447718400 10 829 11 1177
1447632000 10 565 11 596
1447545600 10 557 11 822
1447459200 10 668 11 1230
1447372800 220 846 10172 11225
1447286400 626 1205 11110 11847
1447200000 10 808 10 1581
1447113600 2059 3021 11147 12194
1447027200 10 373 10 434
1446940800 10 422 10 595
1446854400 10 582 11 603
1446768000 10 754 12 1443
1446681600 1278 2188 11148 12629
1446595200 1008 1786 11110 12266
1446508800 1699 2308 11110 12266
1446422400 10 452 10 522
1446336000 10 448 10 522
1446249600 10 1031 10 1256
1446163200 68 894 1244 2174
1446076800 10 424 10 424
1445990400 10 446 10 866
1445904000 10 678 11 1165
1445817600 10 425 10 448
1445731200 10 427 11 787
1445644800 10 666 11 1078
1445558400 10 703 11 1022
1445472000 10 665 12 1364
1445385600 10 565 10 1060
1445299200 9 636 11 1050
1445212800 10 460 10 513
1445126400 10 423 10 423
1445040000 10 483 10 1098
1444953600 10 763 10 1171
1444867200 1511 2294 11110 12079
1444780800 10 698 10 1259
1444694400 10 396 10 415
1444608000 10 406 10 461
1444521600 10 425 10 461
1444435200 1168 1930 11147 12029
1444348800 10 817 12 1480
1444262400 606 1671 11111 12336
1444176000 461 1147 2977 3941
1444089600 10 729 10 1193
1444003200 10 482 10 520
1443916800 10 513 11 583
1443830400 10 827 11 1446
1443744000 8837 10440 10687 12325
1443657600 2263 3333 10687 12325
1443571200 10 1085 12 1481
1443484800 10 950 12 1265
1443398400 10 688 11 752
1443312000 10 663 10 726
1443225600 10 941 11 1399
1443139200 587 1421 11147 12306
1443052800 10 764 10 1020
1442966400 10 830 11 1309
1442880000 47 867 647 1421
1442793600 10 572 10 656
1442707200 10 623 10 805
1442620800 528 1344 9371 10467
1442534400 22 818 686 1789
1442448000 10 761 10 1384
1442361600 10 777 11 1219
1442275200 2243 2947 11111 12591
1442188800 10 393 11 605
1442102400 10 518 10 605
1442016000 5018 5615 11110 11829
1441929600 92 905 3657 4588
1441843200 10 937 10 1258
1441756800 10 722 11 1074
1441670400 10 448 10 481
1441584000 10 441 11 473
1441497600 129 560 11073 11955
1441411200 4382 5105 11073 11955
1441324800 10 832 10 1759
1441238400 10 515 10 640
1441152000 10 772 10 1502
1441065600 10 942 10 1502
1440979200 10 434 11 485
1440892800 10 472 11 477
1440806400 1246 2011 11110 12216
1440720000 1777 2633 11110 12216
1440633600 10 913 10 1713
1440547200 10 681 11 1119
1440460800 10 969 11 1565
1440374400 10 518 10 518
1440288000 10 518 10 518
1440201600 10 518 10 518
1440115200 10 518 10 518
1440028800 10 518 10 518
1439942400 10 518 10 518
1439856000 10 518 10 518
1439769600 10 518 10 518
1439683200 10 518 10 518
1439596800 10 518 10 518
1439510400 1092 1860 11146 12227
1439424000 1936 2780 11109 12087
1439337600 10 726 11 1522
1439251200 10 761 10 1683
1439164800 10 423 23 447
1439078400 10 692 10 1046
1438992000 10 1046 10 1046
1438905600 10 748 11 1046
1438819200 10 566 10 964
1438732800 10 684 11 1766
1438646400 10 411 11 436
1438560000 10 402 10 430
1438473600 10 400 10 448
1438387200 3953 4718 11148 12273
1438300800 962 1850 4110 5205
1438214400 10 1613 10 1663
1438128000 10 826 10 1596
1438041600 10 594 10 911
1437955200 10 374 11 398
1437868800 10 516 10 1088
1437782400 10 610 11 1088
1437696000 1819 2458 11110 12069
1437609600 2205 2785 11110 12549
1437523200 10 771 11 1255
1437436800 10 384 10 399
1437350400 10 375 11 396
1437264000 10 394 10 442
1437177600 10 469 10 815
1437091200 1209 1891 11110 12196
1437004800 4011 4841 11110 12258
1436918400 10 682 10 1210
1436832000 10 693 10 1210
1436745600 10 360 11 409
1436659200 10 369 10 407
1436572800 10 430 10 490
1436486400 10 474 10 538
1436400000 10 806 10 1264
1436313600 10 882 10 1191
1436227200 10 665 10 1183
1436140800 10 383 10 399
1436054400 10 580 10 820
1435968000 10 647 10 968
1435881600 10 546 10 798
1435795200 10 360 10 399
1435708800 10 611 10 1031
1435622400 2 592 10 973
1435536000 10 513 10 513
1435449600 10 508 10 535
1435363200 1057 1634 11146 11867
1435276800 2011 2748 11146 12169
1435190400 6141 7008 11110 12505
1435104000 1931 2502 11110 11878
1435017600 10 420 10 1055
1434931200 10 363 10 369
1434844800 10 358 10 369
1434758400 10 532 10 831
1434672000 52 736 1931 2822
1434585600 1474 2209 11110 12037
1434499200 10 705 10 1380
1434412800 10 626 10 987
1434326400 10 415 11 434
1434240000 10 412 11 432
1434153600 10 639 11 1020
1434067200 10 862 10 1266
1433980800 10 874 12 2392
1433894400 10 736 12 2844
1433808000 13 548 1377 2381
1433721600 9 270 12 367
1433635200 9 274 142 564
1433548800 215 763 11147 12192
1433462400 353 925 11111 12144
1433376000 646 1223 11148 12391
1433289600 10 568 12 1418
1433203200 479 939 11110 12071
1433116800 10 239 12 827
1433030400 10 323 12 3392
1432944000 195 793 11110 11978
1432857600 892 1474 11148 12274
1432771200 1006 1627 11147 12378
1432684800 10 579 12 1515
1432598400 10 445 12 1072
1432512000 10 212 12 258
1432425600 10 213 12 344
1432339200 300 798 11110 11967
1432252800 269 841 11111 12126
1432166400 502 982 11147 11968
1432080000 648 1108 11148 12461
1431993600 10 208 12 344
1431907200 10 201 23 262
1431820800 10 201 12 267
1431734400 471 914 11148 11876
1431648000 324 814 11110 12801
1431561600 10 466 12 1529
1431475200 536 987 11112 11999
1431388800 440 903 11111 12428
1431302400 10 243 12 300
1431216000 1 70 11 382
1431129600 0 0 0 0
1431043200 0 0 0 0
1430956800 0 0 0 0
1430870400 0 0 0 0
1430784000 0 0 0 0
1430697600 0 0 0 0
1430611200 0 0 0 0
1430524800 0 0 0 0
1430438400 0 0 0 0
1430352000 0 0 0 0
1430265600 0 0 0 0
1430179200 0 0 0 0
1430092800 0 0 0 0
1430006400 0 0 0 0
1429920000 0 0 0 0
1429833600 0 0 0 0
1429747200 0 0 0 0
1429660800 0 0 0 0
1429574400 0 0 0 0
1429488000 0 0 0 0
1429401600 0 0 0 0
1429315200 0 0 0 0
1429228800 0 0 0 0
1429142400 0 0 0 0
1429056000 0 0 0 0
1428969600 0 0 0 0
1428883200 0 0 0 0
1428796800 0 0 0 0
1428710400 0 0 0 0
1428624000 0 0 0 0
1428537600 0 0 0 0
1428451200 0 0 0 0
1428364800 0 0 0 0
1428278400 0 0 0 0
1428192000 0 0 0 0
1428105600 0 0 0 0
1428019200 0 0 0 0
1427932800 0 0 0 0
1427846400 0 0 0 0
1427760000 0 0 0 0
1427673600 0 0 0 0
1427587200 0 0 0 0
1427500800 0 0 0 0
1427414400 0 0 0 0
1427328000 0 0 0 0
1427241600 0 0 0 0
1427155200 0 0 0 0
1427068800 0 0 0 0
1426982400 0 0 0 0
1426896000 0 0 0 0
1426809600 0 0 0 0
1426723200 0 0 0 0
1426636800 0 0 0 0
1426550400 0 0 0 0
1426464000 0 0 0 0
1426377600 0 0 0 0
1426291200 0 0 0 0
1426204800 0 0 0 0
1426118400 0 0 0 0
1426032000 0 0 0 0
1425945600 0 0 0 0
1425859200 0 0 0 0
1425772800 0 0 0 0
1425686400 0 0 0 0
1425600000 0 0 0 0
1425513600 0 0 0 0
1425427200 0 0 0 0
1425340800 0 0 0 0
1425254400 0 0 0 0
1425168000 0 0 0 0
1425081600 0 0 0 0
1424995200 0 0 0 0
1424908800 0 0 0 0
1424822400 0 0 0 0
1424736000 0 0 0 0
1424649600 0 0 0 0
1424563200 0 0 0 0
1424476800 0 0 0 0
1424390400 0 0 0 0
1424304000 0 0 0 0
1424217600 0 0 0 0
1424131200 0 0 0 0
1424044800 0 0 0 0
1423958400 0 0 0 0
1423872000 0 0 0 0
1423785600 0 0 0 0
1423699200 0 0 0 0
1423612800 0 0 0 0
1423526400 0 0 0 0
1423440000 0 0 0 0
1423353600 0 0 0 0
1423267200 0 0 0 0
1423180800 0 0 0 0
1423094400 0 0 0 0
1423008000 0 0 0 0
1422921600 0 0 0 0
1422835200 0 0 0 0
1422748800 0 0 0 0
1422662400 0 0 0 0
1422576000 0 0 0 0
1422489600 0 0 0 0
1422403200 0 0 0 0
1422316800 0 0 0 0
1422230400 0 0 0 0
1422144000 0 0 0 0
1422057600 0 0 0 0
1421971200 0 0 0 0
1421884800 0 0 0 0
1421798400 0 0 0 0
1421712000 0 0 0 0
1421625600 0 0 0 0
1421539200 0 0 0 0
1421452800 0 0 0 0
1421366400 0 0 0 0
1421280000 0 0 0 0
1421193600 0 0 0 0
1421107200 0 0 0 0
1421020800 0 0 0 0
1420934400 0 0 0 0
1420848000 0 0 0 0
1420761600 0 0 0 0
1420675200 0 0 0 0
1420588800 0 0 0 0
1420502400 0 0 0 0
1420416000 0 0 0 0
1420329600 0 0 0 0
1420243200 0 0 0 0
1420156800 0 0 0 0
1420070400 0 0 0 0
1419984000 0 0 0 0
1419897600 0 0 0 0
1419811200 0 0 0 0
1419724800 0 0 0 0
1419638400 0 0 0 0
1419552000 0 0 0 0
1419465600 0 0 0 0
1419379200 0 0 0 0
1419292800 0 0 0 0
1419206400 0 0 0 0
1419120000 0 0 0 0
1419033600 0 0 0 0
1418947200 0 0 0 0
1418860800 0 0 0 0
1418774400 0 0 0 0
1418688000 0 0 0 0
1418601600 0 0 0 0
1418515200 0 0 0 0
1418428800 0 0 0 0
1418342400 0 0 0 0
1418256000 0 0 0 0
1418169600 0 0 0 0
1418083200 0 0 0 0
1417996800 0 0 0 0
1417910400 0 0 0 0
1417824000 0 0 0 0
1417737600 0 0 0 0
1417651200 0 0 0 0
1417564800 0 0 0 0
1417478400 0 0 0 0
1417392000 0 0 0 0
1417305600 0 0 0 0
1417219200 0 0 0 0
1417132800 0 0 0 0
1417046400 0 0 0 0
1416960000 0 0 0 0
1416873600 0 0 0 0
1416787200 0 0 0 0
1416700800 0 0 0 0
1416614400 0 0 0 0
1416528000 0 0 0 0
1416441600 0 0 0 0
1416355200 0 0 0 0
1416268800 0 0 0 0
1416182400 0 0 0 0
1416096000 0 0 0 0
1416009600 0 0 0 0
1415923200 0 0 0 0
1415836800 0 0 0 0
1415750400 0 0 0 0
1415664000 0 0 0 0
1415577600 0 0 0 0
1415491200 0 0 0 0
1415404800 0 0 0 0
1415318400 0 0 0 0
1415232000 0 0 0 0
1415145600 0 0 0 0
1415059200 0 0 0 0
1414972800 0 0 0 0
1414886400 0 0 0 0
1414800000 0 0 0 0
1414713600 0 0 0 0
1414627200 0 0 0 0
1414540800 0 0 0 0
1414454400 0 0 0 0
1414368000 0 0 0 0
1414281600 0 0 0 0
1414195200 0 0 0 0
1414108800 0 0 0 0
1414022400 0 0 0 0
1413936000 0 0 0 0
1413849600 0 0 0 0
1413763200 0 0 0 0
1413676800 0 0 0 0
1413590400 0 0 0 0
1413504000 0 0 0 0
1413417600 0 0 0 0
1413331200 0 0 0 0
1413244800 0 0 0 0
1413158400 0 0 0 0
1413072000 0 0 0 0
1412985600 0 0 0 0
1412899200 0 0 0 0
1412812800 0 0 0 0
1412726400 0 0 0 0
1412640000 0 0 0 0
1412553600 0 0 0 0
1412467200 0 0 0 0
1412380800 0 0 0 0
1412294400 0 0 0 0
1412208000 0 0 0 0
1412121600 0 0 0 0
1412035200 0 0 0 0
1411948800 0 0 0 0
1411862400 0 0 0 0
1411776000 0 0 0 0
1411689600 0 0 0 0
1411603200 0 0 0 0
1411516800 0 0 0 0
1411430400 0 0 0 0
1411344000 0 0 0 0
1411257600 0 0 0 0
1411171200 0 0 0 0
1411084800 0 0 0 0
1410998400 0 0 0 0
1410912000 0 0 0 0
1410825600 0 0 0 0
1410739200 0 0 0 0
1410652800 0 0 0 0
1410566400 0 0 0 0
1410480000 0 0 0 0
1410393600 0 0 0 0
1410307200 0 0 0 0
1410220800 0 0 0 0
1410134400 0 0 0 0
1410048000 0 0 0 0
1409961600 0 0 0 0
1409875200 0 0 0 0
1409788800 0 0 0 0
1409702400 0 0 0 0
1409616000 0 0 0 0
1409529600 0 0 0 0
1409443200 0 0 0 0
1409356800 0 0 0 0
1409270400 0 0 0 0
1409184000 0 0 0 0
1409097600 0 0 0 0
1409011200 0 0 0 0
1408924800 0 0 0 0
1408838400 0 0 0 0
1408752000 0 0 0 0
1408665600 0 0 0 0
1408579200 0 0 0 0
1408492800 0 0 0 0
1408406400 0 0 0 0
1408320000 0 0 0 0
1408233600 0 0 0 0
1408147200 0 0 0 0
1408060800 0 0 0 0
1407974400 0 0 0 0
1407888000 0 0 0 0
1407801600 0 0 0 0
1407715200 0 0 0 0
1407628800 0 0 0 0
1407542400 0 0 0 0
1407456000 0 0 0 0
1407369600 0 0 0 0
1407283200 0 0 0 0
1407196800 0 0 0 0
1407110400 0 0 0 0
1407024000 0 0 0 0
1406937600 0 0 0 0
1406851200 0 0 0 0
1406764800 0 0 0 0
1406678400 0 0 0 0
1406592000 0 0 0 0
1406505600 0 0 0 0
1406419200 0 0 0 0
1406332800 0 0 0 0
1406246400 0 0 0 0
1406160000 0 0 0 0
1406073600 0 0 0 0
1405987200 0 0 0 0
1405900800 0 0 0 0
1405814400 0 0 0 0
1405728000 0 0 0 0
1405641600 0 0 0 0
1405555200 0 0 0 0
1405468800 0 0 0 0
1405382400 0 0 0 0
1405296000 0 0 0 0
1405209600 0 0 0 0
1405123200 0 0 0 0
1405036800 0 0 0 0
1404950400 0 0 0 0
1404864000 0 0 0 0
1404777600 0 0 0 0
1404691200 0 0 0 0
1404604800 0 0 0 0
1404518400 0 0 0 0
1404432000 0 0 0 0
1404345600 0 0 0 0
1404259200 0 0 0 0
1404172800 0 0 0 0
1404086400 0 0 0 0
1404000000 0 0 0 0
1403913600 0 0 0 0
1403827200 0 0 0 0
1403740800 0 0 0 0
1403654400 0 0 0 0
1403568000 0 0 0 0
1403481600 0 0 0 0
1403395200 0 0 0 0
1403308800 0 0 0 0
1403222400 0 0 0 0
1403136000 0 0 0 0
1403049600 0 0 0 0
1402963200 0 0 0 0
1402876800 0 0 0 0
1402790400 0 0 0 0
1402704000 0 0 0 0
1402617600 0 0 0 0
1402531200 0 0 0 0
1402444800 0 0 0 0
1402358400 0 0 0 0
1402272000 0 0 0 0
1402185600 0 0 0 0
1402099200 0 0 0 0
1402012800 0 0 0 0
1401926400 0 0 0 0
1401840000 0 0 0 0
1401753600 0 0 0 0
1401667200 0 0 0 0
1401580800 0 0 0 0
1401494400 0 0 0 0
1401408000 0 0 0 0
1401321600 0 0 0 0
1401235200 0 0 0 0
1401148800 0 0 0 0
1401062400 0 0 0 0
1400976000 0 0 0 0
1400889600 0 0 0 0
1400803200 0 0 0 0
1400716800 0 0 0 0
1400630400 0 0 0 0
1400544000 0 0 0 0
1400457600 0 0 0 0
1400371200 0 0 0 0
1400284800 0 0 0 0
1400198400 0 0 0 0
1400112000 0 0 0 0
1400025600 0 0 0 0
1399939200 0 0 0 0
1399852800 0 0 0 0
1399766400 0 0 0 0
1399680000 0 0 0 0
1399593600 0 0 0 0
1399507200 0 0 0 0
1399420800 0 0 0 0
1399334400 0 0 0 0
1399248000 0 0 0 0
1399161600 0 0 0 0
1399075200 0 0 0 0
1398988800 0 0 0 0
1398902400 0 0 0 0
1398816000 0 0 0 0
1398729600 0 0 0 0
1398643200 0 0 0 0
1398556800 0 0 0 0
1398470400 0 0 0 0
1398384000 0 0 0 0
1398297600 0 0 0 0
1398211200 0 0 0 0
1398124800 0 0 0 0
1398038400 0 0 0 0
1397952000 0 0 0 0
1397865600 0 0 0 0
1397779200 0 0 0 0
1397692800 0 0 0 0
1397606400 0 0 0 0
1397520000 0 0 0 0
1397433600 0 0 0 0
1397347200 0 0 0 0
1397260800 0 0 0 0
1397174400 0 0 0 0
1397088000 0 0 0 0
1397001600 0 0 0 0
1396915200 0 0 0 0
1396828800 0 0 0 0
1396742400 0 0 0 0
1396656000 0 0 0 0
1396569600 0 0 0 0
1396483200 0 0 0 0
1396396800 0 0 0 0
1396310400 0 0 0 0
1396224000 0 0 0 0
1396137600 0 0 0 0
1396051200 0 0 0 0
1395964800 0 0 0 0
1395878400 0 0 0 0
1395792000 0 0 0 0
1395705600 0 0 0 0
1395619200 0 0 0 0
1395532800 0 0 0 0
1395446400 0 0 0 0
1395360000 0 0 0 0
1395273600 0 0 0 0
1395187200 0 0 0 0
1395100800 0 0 0 0
1395014400 0 0 0 0
1394928000 0 0 0 0
1394841600 0 0 0 0
1394755200 0 0 0 0
1394668800 0 0 0 0
1394582400 0 0 0 0
1394496000 0 0 0 0
1394409600 0 0 0 0
1394323200 0 0 0 0
1394236800 0 0 0 0
1394150400 0 0 0 0
1394064000 0 0 0 0
1393977600 0 0 0 0
1393891200 0 0 0 0
1393804800 0 0 0 0
1393718400 0 0 0 0
1393632000 0 0 0 0
1393545600 0 0 0 0
1393459200 0 0 0 0
1393372800 0 0 0 0
1393286400 0 0 0 0
1393200000 0 0 0 0
1393113600 0 0 0 0
1393027200 0 0 0 0
1392940800 0 0 0 0
1392854400 0 0 0 0
1392768000 0 0 0 0
1392681600 0 0 0 0
1392595200 0 0 0 0
1392508800 0 0 0 0
1392422400 0 0 0 0
1392336000 0 0 0 0
1392249600 0 0 0 0
1392163200 0 0 0 0
1392076800 0 0 0 0
1391990400 0 0 0 0
1391904000 0 0 0 0
1391817600 0 0 0 0
