1431190809 0 0
1431190809 0 0 0 0
1431176643 0 0 0 0
1431176400 0 0 0 0
1431176100 0 0 0 0
1431175800 0 0 0 0
1431175500 0 0 0 0
1431175200 0 0 0 0
1431174900 0 0 0 0
1431174600 0 0 0 0
1431174300 0 0 0 0
1431174000 0 0 0 0
1431173700 0 0 0 0
1431173400 0 0 0 0
1431173100 0 0 0 0
1431172800 0 0 0 0
1431172500 0 0 0 0
1431172200 0 0 0 0
1431171900 0 0 0 0
1431171600 0 0 0 0
1431171300 0 0 0 0
1431171000 0 0 0 0
1431170700 0 0 0 0
1431170400 0 0 0 0
1431170100 0 0 0 0
1431169800 0 0 0 0
1431169500 0 0 0 0
1431169200 0 0 0 0
1431168900 0 0 0 0
1431168600 0 0 0 0
1431168300 0 0 0 0
1431168000 0 0 0 0
1431167700 0 0 0 0
1431167400 0 0 0 0
1431167100 0 0 0 0
1431166800 0 0 0 0
1431166500 0 0 0 0
1431166200 0 0 0 0
1431165900 0 0 0 0
1431165600 0 0 0 0
1431165300 0 0 0 0
1431165000 0 0 0 0
1431164700 0 0 0 0
1431164400 0 0 0 0
1431164100 0 0 0 0
1431163800 0 0 0 0
1431163500 0 0 0 0
1431163200 0 0 0 0
1431162900 0 0 0 0
1431162600 0 0 0 0
1431162300 0 0 0 0
1431162000 0 0 0 0
1431161700 0 0 0 0
1431161400 0 0 0 0
1431161100 0 0 0 0
1431160800 0 0 0 0
1431160500 0 0 0 0
1431160200 0 0 0 0
1431159900 0 0 0 0
1431159600 0 0 0 0
1431159300 0 0 0 0
1431159000 0 0 0 0
1431158700 0 0 0 0
1431158400 0 0 0 0
1431158100 0 0 0 0
1431157800 0 0 0 0
1431157500 0 0 0 0
1431157200 0 0 0 0
1431156900 0 0 0 0
1431156600 0 0 0 0
1431156300 0 0 0 0
1431156000 0 0 0 0
1431155700 0 0 0 0
1431155400 0 0 0 0
1431155100 0 0 0 0
1431154800 0 0 0 0
1431154500 0 0 0 0
1431154200 0 0 0 0
1431153900 0 0 0 0
1431153600 0 0 0 0
1431153300 0 0 0 0
1431153000 0 0 0 0
1431152700 0 0 0 0
1431152400 0 0 0 0
1431152100 0 0 0 0
1431151800 0 0 0 0
1431151500 0 0 0 0
1431151200 0 0 0 0
1431150900 0 0 0 0
1431150600 0 0 0 0
1431150300 0 0 0 0
1431150000 0 0 0 0
1431149700 0 0 0 0
1431149400 0 0 0 0
1431149100 0 0 0 0
1431148800 0 0 0 0
1431148500 0 0 0 0
1431148200 0 0 0 0
1431147900 0 0 0 0
1431147600 0 0 0 0
1431147300 0 0 0 0
1431147000 0 0 0 0
1431146700 0 0 0 0
1431146400 0 0 0 0
1431146100 0 0 0 0
1431145800 0 0 0 0
1431145500 0 0 0 0
1431145200 0 0 0 0
1431144900 0 0 0 0
1431144600 0 0 0 0
1431144300 0 0 0 0
1431144000 0 0 0 0
1431143700 0 0 0 0
1431143400 0 0 0 0
1431143100 0 0 0 0
1431142800 0 0 0 0
1431142500 0 0 0 0
1431142200 0 0 0 0
1431141900 0 0 0 0
1431141600 0 0 0 0
1431141300 0 0 0 0
1431141000 0 0 0 0
1431140700 0 0 0 0
1431140400 0 0 0 0
1431140100 0 0 0 0
1431139800 0 0 0 0
1431139500 0 0 0 0
1431139200 0 0 0 0
1431138900 0 0 0 0
1431138600 0 0 0 0
1431138300 0 0 0 0
1431138000 0 0 0 0
1431137700 0 0 0 0
1431137400 0 0 0 0
1431137100 0 0 0 0
1431136800 0 0 0 0
1431136500 0 0 0 0
1431136200 0 0 0 0
1431135900 0 0 0 0
1431135600 0 0 0 0
1431135300 0 0 0 0
1431135000 0 0 0 0
1431134700 0 0 0 0
1431134400 0 0 0 0
1431134100 0 0 0 0
1431133800 0 0 0 0
1431133500 0 0 0 0
1431133200 0 0 0 0
1431132900 0 0 0 0
1431132600 0 0 0 0
1431132300 0 0 0 0
1431132000 0 0 0 0
1431131700 0 0 0 0
1431131400 0 0 0 0
1431131100 0 0 0 0
1431130800 0 0 0 0
1431130500 0 0 0 0
1431130200 0 0 0 0
1431129900 0 0 0 0
1431129600 0 0 0 0
1431129300 0 0 0 0
1431129000 0 0 0 0
1431128700 0 0 0 0
1431128400 0 0 0 0
1431128100 0 0 0 0
1431127800 0 0 0 0
1431127500 0 0 0 0
1431127200 0 0 0 0
1431126900 0 0 0 0
1431126600 0 0 0 0
1431126300 0 0 0 0
1431126000 0 0 0 0
1431125700 0 0 0 0
1431125400 0 0 0 0
1431125100 0 0 0 0
1431124800 0 0 0 0
1431124500 0 0 0 0
1431124200 0 0 0 0
1431123900 0 0 0 0
1431123600 0 0 0 0
1431123300 0 0 0 0
1431123000 0 0 0 0
1431122700 0 0 0 0
1431122400 0 0 0 0
1431122100 0 0 0 0
1431121800 0 0 0 0
1431121500 0 0 0 0
1431121200 0 0 0 0
1431120900 0 0 0 0
1431120600 0 0 0 0
1431120300 0 0 0 0
1431120000 0 0 0 0
1431119700 0 0 0 0
1431119400 0 0 0 0
1431119100 0 0 0 0
1431118800 0 0 0 0
1431118500 0 0 0 0
1431118200 0 0 0 0
1431117900 0 0 0 0
1431117600 0 0 0 0
1431117300 0 0 0 0
1431117000 0 0 0 0
1431116700 0 0 0 0
1431116400 0 0 0 0
1431116100 0 0 0 0
1431115800 0 0 0 0
1431115500 0 0 0 0
1431115200 0 0 0 0
1431114900 0 0 0 0
1431114600 0 0 0 0
1431114300 0 0 0 0
1431114000 0 0 0 0
1431113700 0 0 0 0
1431113400 0 0 0 0
1431113100 0 0 0 0
1431112800 0 0 0 0
1431112500 0 0 0 0
1431112200 0 0 0 0
1431111900 0 0 0 0
1431111600 0 0 0 0
1431111300 0 0 0 0
1431111000 0 0 0 0
1431110700 0 0 0 0
1431110400 0 0 0 0
1431110100 0 0 0 0
1431109800 0 0 0 0
1431109500 0 0 0 0
1431109200 0 0 0 0
1431108900 0 0 0 0
1431108600 0 0 0 0
1431108300 0 0 0 0
1431108000 0 0 0 0
1431107700 0 0 0 0
1431107400 0 0 0 0
1431107100 0 0 0 0
1431106800 0 0 0 0
1431106500 0 0 0 0
1431106200 0 0 0 0
1431105900 0 0 0 0
1431105600 0 0 0 0
1431105300 0 0 0 0
1431105000 0 0 0 0
1431104700 0 0 0 0
1431104400 0 0 0 0
1431104100 0 0 0 0
1431103800 0 0 0 0
1431103500 0 0 0 0
1431103200 0 0 0 0
1431102900 0 0 0 0
1431102600 0 0 0 0
1431102300 0 0 0 0
1431102000 0 0 0 0
1431101700 0 0 0 0
1431101400 0 0 0 0
1431101100 0 0 0 0
1431100800 0 0 0 0
1431100500 0 0 0 0
1431100200 0 0 0 0
1431099900 0 0 0 0
1431099600 0 0 0 0
1431099300 0 0 0 0
1431099000 0 0 0 0
1431098700 0 0 0 0
1431098400 0 0 0 0
1431098100 0 0 0 0
1431097800 0 0 0 0
1431097500 0 0 0 0
1431097200 0 0 0 0
1431096900 0 0 0 0
1431096600 0 0 0 0
1431096300 0 0 0 0
1431096000 0 0 0 0
1431095700 0 0 0 0
1431095400 0 0 0 0
1431095100 0 0 0 0
1431094800 0 0 0 0
1431094500 0 0 0 0
1431094200 0 0 0 0
1431093900 0 0 0 0
1431093600 0 0 0 0
1431093300 0 0 0 0
1431093000 0 0 0 0
1431092700 0 0 0 0
1431092400 0 0 0 0
1431092100 0 0 0 0
1431091800 0 0 0 0
1431091500 0 0 0 0
1431091200 0 0 0 0
1431090900 0 0 0 0
1431090600 0 0 0 0
1431090300 0 0 0 0
1431090000 0 0 0 0
1431089700 0 0 0 0
1431089400 0 0 0 0
1431089100 0 0 0 0
1431088800 0 0 0 0
1431088500 0 0 0 0
1431088200 0 0 0 0
1431087900 0 0 0 0
1431087600 0 0 0 0
1431087300 0 0 0 0
1431087000 0 0 0 0
1431086700 0 0 0 0
1431086400 0 0 0 0
1431086100 0 0 0 0
1431085800 0 0 0 0
1431085500 0 0 0 0
1431085200 0 0 0 0
1431084900 0 0 0 0
1431084600 0 0 0 0
1431084300 0 0 0 0
1431084000 0 0 0 0
1431083700 0 0 0 0
1431083400 0 0 0 0
1431083100 0 0 0 0
1431082800 0 0 0 0
1431082500 0 0 0 0
1431082200 0 0 0 0
1431081900 0 0 0 0
1431081600 0 0 0 0
1431081300 0 0 0 0
1431081000 0 0 0 0
1431080700 0 0 0 0
1431080400 0 0 0 0
1431080100 0 0 0 0
1431079800 0 0 0 0
1431079500 0 0 0 0
1431079200 0 0 0 0
1431078900 0 0 0 0
1431078600 0 0 0 0
1431078300 0 0 0 0
1431078000 0 0 0 0
1431077700 0 0 0 0
1431077400 0 0 0 0
1431077100 0 0 0 0
1431076800 0 0 0 0
1431076500 0 0 0 0
1431076200 0 0 0 0
1431075900 0 0 0 0
1431075600 0 0 0 0
1431075300 0 0 0 0
1431075000 0 0 0 0
1431074700 0 0 0 0
1431074400 0 0 0 0
1431074100 0 0 0 0
1431073800 0 0 0 0
1431073500 0 0 0 0
1431073200 0 0 0 0
1431072900 0 0 0 0
1431072600 0 0 0 0
1431072300 0 0 0 0
1431072000 0 0 0 0
1431071700 0 0 0 0
1431071400 0 0 0 0
1431071100 0 0 0 0
1431070800 0 0 0 0
1431070500 0 0 0 0
1431070200 0 0 0 0
1431069900 0 0 0 0
1431069600 0 0 0 0
1431069300 0 0 0 0
1431069000 0 0 0 0
1431068700 0 0 0 0
1431068400 0 0 0 0
1431068100 0 0 0 0
1431067800 0 0 0 0
1431067500 0 0 0 0
1431067200 0 0 0 0
1431066900 0 0 0 0
1431066600 0 0 0 0
1431066300 0 0 0 0
1431066000 0 0 0 0
1431065700 0 0 0 0
1431065400 0 0 0 0
1431065100 0 0 0 0
1431064800 0 0 0 0
1431064500 0 0 0 0
1431064200 0 0 0 0
1431063900 0 0 0 0
1431063600 0 0 0 0
1431063300 0 0 0 0
1431063000 0 0 0 0
1431062700 0 0 0 0
1431062400 0 0 0 0
1431062100 0 0 0 0
1431061800 0 0 0 0
1431061500 0 0 0 0
1431061200 0 0 0 0
1431060900 0 0 0 0
1431060600 0 0 0 0
1431060300 0 0 0 0
1431060000 0 0 0 0
1431059700 0 0 0 0
1431059400 0 0 0 0
1431059100 0 0 0 0
1431058800 0 0 0 0
1431058500 0 0 0 0
1431058200 0 0 0 0
1431057900 0 0 0 0
1431057600 0 0 0 0
1431057300 0 0 0 0
1431057000 0 0 0 0
1431056700 0 0 0 0
1431056400 0 0 0 0
1431056100 0 0 0 0
1431055800 0 0 0 0
1431055500 0 0 0 0
1431055200 0 0 0 0
1431054900 0 0 0 0
1431054600 0 0 0 0
1431054300 0 0 0 0
1431054000 0 0 0 0
1431053700 0 0 0 0
1431053400 0 0 0 0
1431053100 0 0 0 0
1431052800 0 0 0 0
1431052500 0 0 0 0
1431052200 0 0 0 0
1431051900 0 0 0 0
1431051600 0 0 0 0
1431051300 0 0 0 0
1431051000 0 0 0 0
1431050700 0 0 0 0
1431050400 0 0 0 0
1431050100 0 0 0 0
1431049800 0 0 0 0
1431049500 0 0 0 0
1431049200 0 0 0 0
1431048900 0 0 0 0
1431048600 0 0 0 0
1431048300 0 0 0 0
1431048000 0 0 0 0
1431047700 0 0 0 0
1431047400 0 0 0 0
1431047100 0 0 0 0
1431046800 0 0 0 0
1431046500 0 0 0 0
1431046200 0 0 0 0
1431045900 0 0 0 0
1431045600 0 0 0 0
1431045300 0 0 0 0
1431045000 0 0 0 0
1431044700 0 0 0 0
1431044400 0 0 0 0
1431044100 0 0 0 0
1431043800 0 0 0 0
1431043500 0 0 0 0
1431043200 0 0 0 0
1431042900 0 0 0 0
1431042600 0 0 0 0
1431042300 0 0 0 0
1431042000 0 0 0 0
1431041700 0 0 0 0
1431041400 0 0 0 0
1431041100 0 0 0 0
1431040800 0 0 0 0
1431040500 0 0 0 0
1431040200 0 0 0 0
1431039900 0 0 0 0
1431039600 0 0 0 0
1431039300 0 0 0 0
1431039000 0 0 0 0
1431038700 0 0 0 0
1431038400 0 0 0 0
1431038100 0 0 0 0
1431037800 0 0 0 0
1431037500 0 0 0 0
1431037200 0 0 0 0
1431036900 0 0 0 0
1431036600 0 0 0 0
1431036300 0 0 0 0
1431036000 0 0 0 0
1431035700 0 0 0 0
1431035400 0 0 0 0
1431035100 0 0 0 0
1431034800 0 0 0 0
1431034500 0 0 0 0
1431034200 0 0 0 0
1431033900 0 0 0 0
1431033600 0 0 0 0
1431033300 0 0 0 0
1431033000 0 0 0 0
1431032700 0 0 0 0
1431032400 0 0 0 0
1431032100 0 0 0 0
1431031800 0 0 0 0
1431031500 0 0 0 0
1431031200 0 0 0 0
1431030900 0 0 0 0
1431030600 0 0 0 0
1431030300 0 0 0 0
1431030000 0 0 0 0
1431029700 0 0 0 0
1431029400 0 0 0 0
1431029100 0 0 0 0
1431028800 0 0 0 0
1431028500 0 0 0 0
1431028200 0 0 0 0
1431027900 0 0 0 0
1431027600 0 0 0 0
1431027300 0 0 0 0
1431027000 0 0 0 0
1431026700 0 0 0 0
1431026400 0 0 0 0
1431026100 0 0 0 0
1431025800 0 0 0 0
1431025500 0 0 0 0
1431025200 0 0 0 0
1431024900 0 0 0 0
1431024600 0 0 0 0
1431024300 0 0 0 0
1431024000 0 0 0 0
1431023700 0 0 0 0
1431023400 0 0 0 0
1431023100 0 0 0 0
1431022800 0 0 0 0
1431022500 0 0 0 0
1431022200 0 0 0 0
1431021900 0 0 0 0
1431021600 0 0 0 0
1431021300 0 0 0 0
1431021000 0 0 0 0
1431020700 0 0 0 0
1431020400 0 0 0 0
1431020100 0 0 0 0
1431019800 0 0 0 0
1431019500 0 0 0 0
1431019200 0 0 0 0
1431018900 0 0 0 0
1431018600 0 0 0 0
1431018300 0 0 0 0
1431018000 0 0 0 0
1431017700 0 0 0 0
1431017400 0 0 0 0
1431017100 0 0 0 0
1431016800 0 0 0 0
1431016500 0 0 0 0
1431016200 0 0 0 0
1431015900 0 0 0 0
1431015600 0 0 0 0
1431015300 0 0 0 0
1431015000 0 0 0 0
1431014700 0 0 0 0
1431014400 0 0 0 0
1431014100 0 0 0 0
1431013800 0 0 0 0
1431013500 0 0 0 0
1431013200 0 0 0 0
1431012900 0 0 0 0
1431012600 0 0 0 0
1431012300 0 0 0 0
1431012000 0 0 0 0
1431011700 0 0 0 0
1431011400 0 0 0 0
1431011100 0 0 0 0
1431010800 0 0 0 0
1431010500 0 0 0 0
1431010200 0 0 0 0
1431009900 0 0 0 0
1431009600 0 0 0 0
1431009300 0 0 0 0
1431009000 0 0 0 0
1431008700 0 0 0 0
1431008400 0 0 0 0
1431008100 0 0 0 0
1431007800 0 0 0 0
1431007500 0 0 0 0
1431007200 0 0 0 0
1431006900 0 0 0 0
1431006600 0 0 0 0
1431006300 0 0 0 0
1431006000 0 0 0 0
1431005700 0 0 0 0
1431005400 0 0 0 0
1431005100 0 0 0 0
1431004800 0 0 0 0
1431004500 0 0 0 0
1431004200 0 0 0 0
1431003900 0 0 0 0
1431003600 0 0 0 0
1431003300 0 0 0 0
1431003000 0 0 0 0
1431002700 0 0 0 0
1431002400 0 0 0 0
1431002100 0 0 0 0
1431001800 0 0 0 0
1431001500 0 0 0 0
1431001200 0 0 0 0
1431000900 0 0 0 0
1431000600 0 0 0 0
1431000300 0 0 0 0
1431000000 0 0 0 0
1430999700 0 0 0 0
1430999400 0 0 0 0
1430999100 0 0 0 0
1430998800 0 0 0 0
1430998500 0 0 0 0
1430998200 0 0 0 0
1430997900 0 0 0 0
1430997600 0 0 0 0
1430997300 0 0 0 0
1430997000 0 0 0 0
1430996700 0 0 0 0
1430996400 0 0 0 0
1430994600 0 0 0 0
1430992800 0 0 0 0
1430991000 0 0 0 0
1430989200 0 0 0 0
1430987400 0 0 0 0
1430985600 0 0 0 0
1430983800 0 0 0 0
1430982000 0 0 0 0
1430980200 0 0 0 0
1430978400 0 0 0 0
1430976600 0 0 0 0
1430974800 0 0 0 0
1430973000 0 0 0 0
1430971200 0 0 0 0
1430969400 0 0 0 0
1430967600 0 0 0 0
1430965800 0 0 0 0
1430964000 0 0 0 0
1430962200 0 0 0 0
1430960400 0 0 0 0
1430958600 0 0 0 0
1430956800 0 0 0 0
1430955000 0 0 0 0
1430953200 0 0 0 0
1430951400 0 0 0 0
1430949600 0 0 0 0
1430947800 0 0 0 0
1430946000 0 0 0 0
1430944200 0 0 0 0
1430942400 0 0 0 0
1430940600 0 0 0 0
1430938800 0 0 0 0
1430937000 0 0 0 0
1430935200 0 0 0 0
1430933400 0 0 0 0
1430931600 0 0 0 0
1430929800 0 0 0 0
1430928000 0 0 0 0
1430926200 0 0 0 0
1430924400 0 0 0 0
1430922600 0 0 0 0
1430920800 0 0 0 0
1430919000 0 0 0 0
1430917200 0 0 0 0
1430915400 0 0 0 0
1430913600 0 0 0 0
1430911800 0 0 0 0
1430910000 0 0 0 0
1430908200 0 0 0 0
1430906400 0 0 0 0
1430904600 0 0 0 0
1430902800 0 0 0 0
1430901000 0 0 0 0
1430899200 0 0 0 0
1430897400 0 0 0 0
1430895600 0 0 0 0
1430893800 0 0 0 0
1430892000 0 0 0 0
1430890200 0 0 0 0
1430888400 0 0 0 0
1430886600 0 0 0 0
1430884800 0 0 0 0
1430883000 0 0 0 0
1430881200 0 0 0 0
1430879400 0 0 0 0
1430877600 0 0 0 0
1430875800 0 0 0 0
1430874000 0 0 0 0
1430872200 0 0 0 0
1430870400 0 0 0 0
1430868600 0 0 0 0
1430866800 0 0 0 0
1430865000 0 0 0 0
1430863200 0 0 0 0
1430861400 0 0 0 0
1430859600 0 0 0 0
1430857800 0 0 0 0
1430856000 0 0 0 0
1430854200 0 0 0 0
1430852400 0 0 0 0
1430850600 0 0 0 0
1430848800 0 0 0 0
1430847000 0 0 0 0
1430845200 0 0 0 0
1430843400 0 0 0 0
1430841600 0 0 0 0
1430839800 0 0 0 0
1430838000 0 0 0 0
1430836200 0 0 0 0
1430834400 0 0 0 0
1430832600 0 0 0 0
1430830800 0 0 0 0
1430829000 0 0 0 0
1430827200 0 0 0 0
1430825400 0 0 0 0
1430823600 0 0 0 0
1430821800 0 0 0 0
1430820000 0 0 0 0
1430818200 0 0 0 0
1430816400 0 0 0 0
1430814600 0 0 0 0
1430812800 0 0 0 0
1430811000 0 0 0 0
1430809200 0 0 0 0
1430807400 0 0 0 0
1430805600 0 0 0 0
1430803800 0 0 0 0
1430802000 0 0 0 0
1430800200 0 0 0 0
1430798400 0 0 0 0
1430796600 0 0 0 0
1430794800 0 0 0 0
1430793000 0 0 0 0
1430791200 0 0 0 0
1430789400 0 0 0 0
1430787600 0 0 0 0
1430785800 0 0 0 0
1430784000 0 0 0 0
1430782200 0 0 0 0
1430780400 0 0 0 0
1430778600 0 0 0 0
1430776800 0 0 0 0
1430775000 0 0 0 0
1430773200 0 0 0 0
1430771400 0 0 0 0
1430769600 0 0 0 0
1430767800 0 0 0 0
1430766000 0 0 0 0
1430764200 0 0 0 0
1430762400 0 0 0 0
1430760600 0 0 0 0
1430758800 0 0 0 0
1430757000 0 0 0 0
1430755200 0 0 0 0
1430753400 0 0 0 0
1430751600 0 0 0 0
1430749800 0 0 0 0
1430748000 0 0 0 0
1430746200 0 0 0 0
1430744400 0 0 0 0
1430742600 0 0 0 0
1430740800 0 0 0 0
1430739000 0 0 0 0
1430737200 0 0 0 0
1430735400 0 0 0 0
1430733600 0 0 0 0
1430731800 0 0 0 0
1430730000 0 0 0 0
1430728200 0 0 0 0
1430726400 0 0 0 0
1430724600 0 0 0 0
1430722800 0 0 0 0
1430721000 0 0 0 0
1430719200 0 0 0 0
1430717400 0 0 0 0
1430715600 0 0 0 0
1430713800 0 0 0 0
1430712000 0 0 0 0
1430710200 0 0 0 0
1430708400 0 0 0 0
1430706600 0 0 0 0
1430704800 0 0 0 0
1430703000 0 0 0 0
1430701200 0 0 0 0
1430699400 0 0 0 0
1430697600 0 0 0 0
1430695800 0 0 0 0
1430694000 0 0 0 0
1430692200 0 0 0 0
1430690400 0 0 0 0
1430688600 0 0 0 0
1430686800 0 0 0 0
1430685000 0 0 0 0
1430683200 0 0 0 0
1430681400 0 0 0 0
1430679600 0 0 0 0
1430677800 0 0 0 0
1430676000 0 0 0 0
1430674200 0 0 0 0
1430672400 0 0 0 0
1430670600 0 0 0 0
1430668800 0 0 0 0
1430667000 0 0 0 0
1430665200 0 0 0 0
1430663400 0 0 0 0
1430661600 0 0 0 0
1430659800 0 0 0 0
1430658000 0 0 0 0
1430656200 0 0 0 0
1430654400 0 0 0 0
1430652600 0 0 0 0
1430650800 0 0 0 0
1430649000 0 0 0 0
1430647200 0 0 0 0
1430645400 0 0 0 0
1430643600 0 0 0 0
1430641800 0 0 0 0
1430640000 0 0 0 0
1430638200 0 0 0 0
1430636400 0 0 0 0
1430634600 0 0 0 0
1430632800 0 0 0 0
1430631000 0 0 0 0
1430629200 0 0 0 0
1430627400 0 0 0 0
1430625600 0 0 0 0
1430623800 0 0 0 0
1430622000 0 0 0 0
1430620200 0 0 0 0
1430618400 0 0 0 0
1430616600 0 0 0 0
1430614800 0 0 0 0
1430613000 0 0 0 0
1430611200 0 0 0 0
1430609400 0 0 0 0
1430607600 0 0 0 0
1430605800 0 0 0 0
1430604000 0 0 0 0
1430602200 0 0 0 0
1430600400 0 0 0 0
1430598600 0 0 0 0
1430596800 0 0 0 0
1430595000 0 0 0 0
1430593200 0 0 0 0
1430591400 0 0 0 0
1430589600 0 0 0 0
1430587800 0 0 0 0
1430586000 0 0 0 0
1430584200 0 0 0 0
1430582400 0 0 0 0
1430580600 0 0 0 0
1430578800 0 0 0 0
1430577000 0 0 0 0
1430575200 0 0 0 0
1430573400 0 0 0 0
1430571600 0 0 0 0
1430569800 0 0 0 0
1430568000 0 0 0 0
1430566200 0 0 0 0
1430564400 0 0 0 0
1430562600 0 0 0 0
1430560800 0 0 0 0
1430559000 0 0 0 0
1430557200 0 0 0 0
1430555400 0 0 0 0
1430553600 0 0 0 0
1430551800 0 0 0 0
1430550000 0 0 0 0
1430548200 0 0 0 0
1430546400 0 0 0 0
1430544600 0 0 0 0
1430542800 0 0 0 0
1430541000 0 0 0 0
1430539200 0 0 0 0
1430537400 0 0 0 0
1430535600 0 0 0 0
1430533800 0 0 0 0
1430532000 0 0 0 0
1430530200 0 0 0 0
1430528400 0 0 0 0
1430526600 0 0 0 0
1430524800 0 0 0 0
1430523000 0 0 0 0
1430521200 0 0 0 0
1430519400 0 0 0 0
1430517600 0 0 0 0
1430515800 0 0 0 0
1430514000 0 0 0 0
1430512200 0 0 0 0
1430510400 0 0 0 0
1430508600 0 0 0 0
1430506800 0 0 0 0
1430505000 0 0 0 0
1430503200 0 0 0 0
1430501400 0 0 0 0
1430499600 0 0 0 0
1430497800 0 0 0 0
1430496000 0 0 0 0
1430494200 0 0 0 0
1430492400 0 0 0 0
1430490600 0 0 0 0
1430488800 0 0 0 0
1430487000 0 0 0 0
1430485200 0 0 0 0
1430483400 0 0 0 0
1430481600 0 0 0 0
1430479800 0 0 0 0
1430478000 0 0 0 0
1430476200 0 0 0 0
1430474400 0 0 0 0
1430472600 0 0 0 0
1430470800 0 0 0 0
1430469000 0 0 0 0
1430467200 0 0 0 0
1430465400 0 0 0 0
1430463600 0 0 0 0
1430461800 0 0 0 0
1430460000 0 0 0 0
1430458200 0 0 0 0
1430456400 0 0 0 0
1430454600 0 0 0 0
1430452800 0 0 0 0
1430451000 0 0 0 0
1430449200 0 0 0 0
1430447400 0 0 0 0
1430445600 0 0 0 0
1430443800 0 0 0 0
1430442000 0 0 0 0
1430440200 0 0 0 0
1430438400 0 0 0 0
1430436600 0 0 0 0
1430434800 0 0 0 0
1430433000 0 0 0 0
1430431200 0 0 0 0
1430429400 0 0 0 0
1430427600 0 0 0 0
1430425800 0 0 0 0
1430424000 0 0 0 0
1430422200 0 0 0 0
1430420400 0 0 0 0
1430418600 0 0 0 0
1430416800 0 0 0 0
1430415000 0 0 0 0
1430413200 0 0 0 0
1430411400 0 0 0 0
1430409600 0 0 0 0
1430407800 0 0 0 0
1430406000 0 0 0 0
1430404200 0 0 0 0
1430402400 0 0 0 0
1430400600 0 0 0 0
1430398800 0 0 0 0
1430397000 0 0 0 0
1430395200 0 0 0 0
1430393400 0 0 0 0
1430391600 0 0 0 0
1430389800 0 0 0 0
1430388000 0 0 0 0
1430386200 0 0 0 0
1430384400 0 0 0 0
1430382600 0 0 0 0
1430380800 0 0 0 0
1430379000 0 0 0 0
1430377200 0 0 0 0
1430375400 0 0 0 0
1430373600 0 0 0 0
1430371800 0 0 0 0
1430370000 0 0 0 0
1430368200 0 0 0 0
1430366400 0 0 0 0
1430364600 0 0 0 0
1430362800 0 0 0 0
1430361000 0 0 0 0
1430359200 0 0 0 0
1430357400 0 0 0 0
1430355600 0 0 0 0
1430353800 0 0 0 0
1430352000 0 0 0 0
1430350200 0 0 0 0
1430348400 0 0 0 0
1430346600 0 0 0 0
1430344800 0 0 0 0
1430343000 0 0 0 0
1430341200 0 0 0 0
1430339400 0 0 0 0
1430337600 0 0 0 0
1430335800 0 0 0 0
1430334000 0 0 0 0
1430332200 0 0 0 0
1430330400 0 0 0 0
1430328600 0 0 0 0
1430326800 0 0 0 0
1430325000 0 0 0 0
1430323200 0 0 0 0
1430321400 0 0 0 0
1430319600 0 0 0 0
1430317800 0 0 0 0
1430316000 0 0 0 0
1430314200 0 0 0 0
1430312400 0 0 0 0
1430310600 0 0 0 0
1430308800 0 0 0 0
1430307000 0 0 0 0
1430305200 0 0 0 0
1430303400 0 0 0 0
1430301600 0 0 0 0
1430299800 0 0 0 0
1430298000 0 0 0 0
1430296200 0 0 0 0
1430294400 0 0 0 0
1430292600 0 0 0 0
1430290800 0 0 0 0
1430289000 0 0 0 0
1430287200 0 0 0 0
1430285400 0 0 0 0
1430283600 0 0 0 0
1430281800 0 0 0 0
1430280000 0 0 0 0
1430278200 0 0 0 0
1430276400 0 0 0 0
1430274600 0 0 0 0
1430272800 0 0 0 0
1430271000 0 0 0 0
1430269200 160 713 200 890
1430267400 200 890 200 890
1430265600 200 890 200 890
1430263800 200 890 200 890
1430262000 200 890 200 890
1430260200 200 890 200 890
1430258400 204 885 349 890
1430256600 285 865 373 1179
1430254800 449 1735 2301 4709
1430253000 3866 6321 10964 17666
1430251200 1836 7669 3916 17666
1430249400 4221 6441 11886 9618
1430247600 1159 4474 2974 14677
1430245800 2051 7585 3434 14677
1430244000 1806 12087 3182 25097
1430242200 2225 9249 4835 18276
1430240400 1575 5412 4835 16270
1430238600 742 5075 1863 14378
1430236800 519 1441 887 2107
1430235000 9309 3162 23077 7158
1430233200 919 2581 2121 14226
1430231400 2450 10064 6874 28411
1430229600 2124 4784 6183 11492
1430227800 7604 27840 19816 56087
1430226000 786 2855 3023 10096
1430224200 286 947 526 1248
1430222400 362 1243 1406 1421
1430220600 394 889 1406 1524
1430218800 318 838 557 1115
1430217000 283 745 472 1004
1430215200 291 730 410 927
1430213400 260 713 519 1712
1430211600 307 876 519 1712
1430209800 274 698 965 1309
1430208000 352 775 965 1309
1430206200 250 679 492 1024
1430204400 315 774 492 1024
1430202600 262 718 501 1120
1430200800 320 1974 501 7298
1430199000 279 1090 634 3983
1430197200 365 1164 634 3983
1430195400 457 969 1428 2278
1430193600 8039 1040 47009 2769
1430191800 275 710 323 878
1430190000 250 733 306 878
1430188200 285 898 405 1108
1430186400 239 786 301 970
1430184600 352 1100 823 2512
1430182800 263 935 405 1605
1430181000 246 818 457 1229
1430179200 307 1045 457 1595
1430177400 252 837 364 1138
1430175600 1459 2389 7262 9670
1430173800 293 1037 626 5367
1430172000 284 1379 626 5367
1430170200 270 1069 511 3701
1430168400 6629 14501 30516 59796
1430166600 1402 5778 3274 16655
1430164800 2082 3861 3274 10480
1430163000 1654 2499 2172 7376
1430161200 3296 16329 11564 42395
1430159400 10 686 10 849
1430157600 10 709 10 1210
1430155800 10 720 10 946
1430154000 62 774 1506 2541
1430152200 1363 3577 2181 15675
1430150400 1265 3933 15014 16977
1430148600 5651 9218 15014 17069
1430146800 2826 11772 4021 19574
1430145000 3056 11148 4002 19844
1430143200 3765 19465 5187 51721
1430141400 3338 17655 5187 51721
1430139600 1367 10745 3932 41419
1430137800 313 1103 420 1557
1430136000 302 988 415 1557
1430134200 286 735 375 1419
1430132400 289 704 399 1419
1430130600 280 661 348 876
1430128800 304 1052 476 3094
1430127000 283 675 442 1656
1430125200 338 813 537 1656
1430123400 323 684 980 1241
1430121600 369 704 980 1241
1430119800 281 643 347 898
1430118000 8174 1634 47558 4332
1430116200 280 693 367 1021
1430114400 291 648 420 978
1430112600 281 648 382 1202
1430110800 319 747 550 1202
1430109000 280 674 351 844
1430107200 290 651 424 844
1430105400 275 639 356 832
1430103600 283 648 435 832
1430101800 284 798 368 1520
1430100000 333 714 455 831
1430098200 277 644 374 1080
1430096400 287 684 439 1080
1430094600 272 649 374 886
1430092800 284 617 411 886
1430091000 290 660 339 830
1430089200 882 6749 2372 35496
1430087400 283 665 393 1035
1430085600 287 630 427 1035
1430083800 607 865 9622 7284
1430082000 1517 2176 9622 7284
1430080200 285 671 374 831
1430078400 292 649 407 816
1430076600 317 711 623 943
1430074800 285 666 440 943
1430073000 318 680 1163 996
1430071200 385 627 1163 996
1430069400 271 648 428 1390
1430067600 302 734 431 1390
1430065800 273 647 333 958
1430064000 280 1408 353 4535
1430062200 353 653 540 937
1430060400 735 1169 2786 3667
1430058600 287 679 407 1051
1430056800 284 646 371 1051
1430055000 293 690 438 1306
1430053200 284 701 337 1306
1430051400 345 750 720 1332
1430049600 302 693 383 1051
1430047800 268 628 351 956
1430046000 291 689 395 956
1430044200 258 639 351 1003
1430042400 292 726 351 1003
1430040600 256 637 388 1347
1430038800 518 979 1614 2161
1430037000 509 931 1721 2355
1430035200 349 715 857 1248
1430033400 246 639 362 929
1430031600 302 731 455 999
1430029800 480 897 1578 2166
1430028000 328 933 638 1755
1430026200 240 613 530 2218
1430024400 280 866 530 2218
1430022600 247 625 466 1234
1430020800 8309 1297 47007 2587
1430019000 261 632 463 1215
1430017200 279 734 463 1215
1430015400 231 607 461 1132
1430013600 274 670 461 1132
1430011800 240 614 461 1446
1430010000 271 789 461 1446
1430008200 231 649 421 1187
1430006400 279 722 421 1187
1430004600 283 733 555 6879
1430002800 327 1678 555 6879
1430001000 234 641 550 1388
1429999200 703 1122 1759 2464
1429997400 230 625 348 1299
1429995600 277 788 348 1299
1429993800 908 1698 3850 4781
1429992000 337 855 409 1121
1429990200 234 737 354 1090
1429988400 253 895 354 1527
1429986600 238 881 315 1514
1429984800 323 877 470 1393
1429983000 237 748 369 1360
1429981200 494 1097 1553 2479
1429979400 234 693 379 1328
1429977600 264 845 334 1328
1429975800 4267 892 24119 1713
1429974000 337 692 467 923
1429972200 233 696 299 939
1429970400 294 744 445 913
1429968600 2129 2924 10038 12203
1429966800 579 1052 1801 2459
1429965000 263 593 338 761
1429963200 318 731 412 1004
1429961400 254 590 387 638
1429959600 307 703 413 923
1429957800 241 570 378 748
1429956000 315 712 385 845
1429954200 242 594 298 902
1429952400 337 1240 626 3944
1429950600 240 570 300 801
1429948800 299 733 394 1438
1429947000 270 815 384 1438
1429945200 477 5316 1448 28149
1429943400 250 602 322 829
1429941600 314 727 428 829
1429939800 238 600 298 1025
1429938000 291 711 377 1025
1429936200 509 938 1743 2549
1429934400 8153 1135 46918 2625
1429932600 266 645 402 895
1429930800 411 857 984 1755
1429929000 334 617 1994 857
1429927200 505 697 1994 857
1429925400 260 637 327 1031
1429923600 293 731 396 1031
1429921800 252 614 307 762
1429920000 294 922 594 6296
1429918200 335 1355 594 6296
1429916400 427 1086 1687 4034
1429912800 1327 6264 6070 59719
1429905600 1570 8004 4562 27401
1429898400 1877 7585 3415 16946
1429891200 3612 7104 44271 30471
1429884000 1430 12105 5321 64235
1429876800 331 1046 706 2581
1429869600 357 751 1265 983
1429862400 352 2127 1031 27964
1429855200 288 894 496 4887
1429848000 2231 826 46846 2667
1429840800 296 978 526 6164
1429833600 348 811 887 1871
1429826400 1242 3029 6886 11180
1429819200 2492 8870 12099 23307
1429812000 1541 9260 5028 58634
1429804800 2887 10335 18316 55059
1429797600 1440 4359 5348 24276
1429790400 383 1387 1376 7910
1429783200 307 744 912 1433
1429776000 348 2396 1758 40598
1429768800 291 1077 575 8956
1429761600 2209 833 32697 1968
1429754400 278 1018 506 5906
1429747200 356 913 1835 2770
1429740000 976 5413 2989 27177
1429732800 1664 6501 5702 25594
1429725600 1726 9161 5776 48373
1429718400 2926 4911 24717 25906
1429711200 2019 8603 9338 40316
1429704000 783 1476 5110 6039
1429696800 838 1597 4715 7081
1429689600 467 5340 1868 59312
1429682400 838 1140 11557 8188
1429675200 2701 1131 46602 7812
1429668000 296 753 576 1592
1429660800 330 1031 1581 5859
1429653600 730 4240 2707 41491
1429646400 2328 16971 4442 94360
1429639200 2027 8410 7513 41297
1429632000 1983 5903 18172 30284
1429624800 2351 5617 11295 33483
1429617600 675 1300 9199 9666
1429610400 293 1003 1177 21837
1429603200 546 1785 2377 21837
1429596000 367 1067 1577 6454
1429588800 2860 1810 46716 9677
1429581600 307 841 1118 1906
1429574400 391 927 1706 2804
1429567200 890 4028 3858 42653
1429560000 2658 10453 7843 40985
1429552800 1808 5999 13080 22333
1429545600 2235 7821 5865 32528
1429538400 1548 6990 6357 27770
1429531200 334 920 800 1535
1429524000 387 1046 1405 4771
1429516800 2253 859 47135 2977
1429509600 287 964 520 4758
1429502400 328 824 1685 2681
1429495200 769 1195 6999 7272
1429488000 420 875 7092 5712
1429480800 594 999 7092 5712
1429473600 305 1039 552 6846
1429466400 357 855 1512 2487
1429459200 331 779 582 1070
1429452000 312 799 528 1161
1429444800 823 1787 5739 15102
1429437600 322 802 623 1456
1429430400 358 817 1249 1601
1429423200 312 924 536 4455
1429416000 2239 831 46803 2694
1429408800 322 773 661 1252
1429401600 329 1060 744 8012
1429394400 317 812 582 1721
1429387200 304 769 508 1072
1429380000 372 845 1440 2113
1429372800 720 831 5185 1535
1429365600 793 1026 12054 6965
1429358400 399 953 1692 2969
1429351200 342 909 1635 3230
1429344000 336 803 1384 2264
1429336800 295 922 1290 4742
1429329600 2466 1119 46862 3959
1429322400 322 956 730 4502
1429315200 293 1030 741 6164
1429308000 1708 53465 23671 971786
1429300800 2186 3692 35030 37499
1429293600 1399 3761 12126 20470
1429286400 4545 13898 41978 89910
1429279200 3311 30918 18461 154713
1429272000 104 606 173 951
1429264800 109 501 215 763
1429257600 112 801 256 4519
1429250400 107 498 215 615
1429243200 2051 802 46508 5838
1429236000 149 529 1669 864
1429228800 3139 5720 15652 49060
1429221600 1831 2150 11332 8894
1429214400 1279 5649 8740 63795
1429207200 1016 3915 4040 19188
1429200000 6473 14349 49466 79372
1429192800 3487 23030 24052 182489
1429185600 142 688 677 1188
1429178400 153 476 1036 653
1429171200 101 500 233 742
1429164000 108 674 244 4470
1429156800 2118 2354 47399 39338
1429149600 254 1122 866 6076
1429142400 2018 57198 25208 1008194
1429135200 1920 13098 11704 58594
1429128000 1904 5702 6921 18533
1429120800 2124 8273 17216 54254
1429113600 2951 20720 28799 337126
1429106400 4111 95499 10716 337126
1429099200 533 1410 1765 3000
1429092000 357 2148 1178 25061
1429084800 938 4264 7944 42343
1429077600 1475 4652 7390 33035
1429070400 3670 2037 46398 9874
1429063200 573 1957 2528 16530
1429056000 454 1568 875 10605
1429048800 695 4487 2150 27886
1429041600 3494 7729 34507 30958
1429034400 1696 6277 3831 28071
1429027200 5190 16350 31214 80759
1429020000 1931 12317 6393 103669
1429012800 320 1685 949 18763
1429005600 365 2134 1406 27872
1428998400 909 1864 6661 8283
1428991200 467 1226 2711 3962
1428984000 2285 1264 46115 3574
1428976800 394 1438 1679 6769
1428969600 368 1122 741 2083
1428962400 1751 5055 7730 28848
1428955200 2753 9476 7392 25094
1428948000 2193 12537 4149 57665
1428940800 5515 34837 46537 262858
1428933600 2738 11145 22062 87030
1428926400 283 749 596 1750
1428919200 272 580 404 926
1428912000 2192 734 46287 2563
1428904800 262 711 528 4261
1428897600 302 548 1522 1016
1428890400 329 632 698 1478
1428883200 277 590 503 1478
1428876000 281 578 644 1316
1428868800 315 615 1056 1409
1428861600 270 748 552 5213
1428854400 648 824 7522 5716
1428847200 294 1015 970 10574
1428840000 242 552 557 1296
1428832800 300 600 1370 1577
1428825600 299 617 1773 2660
1428818400 294 740 1166 4586
1428811200 2156 666 31844 2362
1428804000 324 649 823 1150
1428796800 252 782 511 6075
1428789600 237 552 431 1048
1428782400 307 615 845 1090
1428775200 308 640 1874 2387
1428768000 1192 672 22415 3968
1428760800 1214 1633 6338 6547
1428753600 880 1158 4873 5107
1428746400 1893 2322 10877 11926
1428739200 435 885 2070 3615
1428732000 254 779 592 4573
1428724800 2205 731 46243 2894
1428717600 323 673 789 4426
1428710400 270 726 533 4426
1428703200 760 6252 4338 70191
1428696000 2100 10049 5110 28922
1428688800 2946 8597 10212 53996
1428681600 4068 11080 46886 76871
1428674400 1963 6880 8871 45003
1428667200 432 1060 2504 3995
1428660000 768 1373 9609 9348
1428652800 281 719 491 1575
1428645600 538 1101 4077 4300
1428638400 2271 1035 46735 3512
1428631200 2016 3939 2729 5253
1428624000 2729 5253 2729 5253
1428616800 2425 2437 21074 6792
1428609600 1996 5606 7340 20448
1428602400 1052 5226 3602 32809
1428595200 5238 5559 46340 18775
1428588000 1436 8155 5498 32577
1428580800 353 1032 1865 2883
1428573600 471 1838 1908 20265
1428566400 590 1112 4645 5535
1428559200 801 1489 4353 5159
1428552000 2236 945 46349 2667
1428544800 380 1159 1357 5471
1428537600 314 880 647 1512
1428530400 492 1472 1596 5799
1428523200 2387 9457 9225 46435
1428516000 2372 14471 13416 94071
1428508800 4074 12826 23964 75211
1428501600 1615 9952 4581 64775
1428494400 279 721 451 1182
1428487200 940 1886 6911 15579
1428480000 565 888 4662 4645
1428472800 276 791 450 4458
1428465600 2384 1035 46521 4371
1428458400 5867 7527 15565 18183
1428451200 914 1495 8862 10689
1428444000 876 2477 4047 11957
1428436800 3398 14472 13600 62668
1428429600 1901 8262 4367 63808
1428422400 2065 5023 16201 22024
1428415200 1253 4237 5938 20276
1428408000 291 859 740 1698
1428400800 282 889 618 6237
1428393600 377 887 1722 2623
1428386400 441 892 1971 4936
1428379200 2208 885 46574 4936
1428372000 379 1080 870 5742
1428364800 340 988 1117 3152
1428357600 2294 7113 8986 43686
1428350400 2555 8773 7532 23759
1428343200 2764 8155 15303 21925
1428336000 2738 10786 8090 44141
1428328800 1427 5247 11108 24435
1428321600 92 535 168 1651
1428314400 131 387 998 2500
1428307200 2037 380 46732 2303
1428300000 100 443 208 3666
1428292800 92 294 179 469
1428285600 92 244 168 399
1428278400 92 246 182 386
1428271200 99 498 254 6352
1428264000 93 246 186 403
1428256800 91 240 174 308
1428249600 145 253 982 376
1428242400 101 245 357 379
1428235200 93 245 183 415
1428228000 92 242 174 390
1428220800 94 252 171 426
1428213600 95 387 337 3829
1428206400 2029 333 46498 2229
1428199200 91 239 274 396
1428192000 96 555 385 7918
1428184800 91 240 171 391
1428177600 128 247 910 438
1428170400 91 242 184 430
1428163200 113 248 607 410
1428156000 101 248 357 421
1428148800 93 240 183 406
1428141600 96 400 230 4196
1428134400 97 459 357 5603
1428127200 95 387 340 3858
1428120000 2037 337 46640 2220
1428112800 92 241 185 399
1428105600 129 336 1036 2638
1428098400 104 260 404 503
1428091200 91 242 179 383
1428084000 92 241 180 337
1428076800 210 339 2903 7582
1428069600 104 487 390 7582
1428062400 355 547 4131 3655
1428055200 5221 20208 65738 420991
1428048000 310 567 511 925
1428040800 306 851 1182 7659
1428033600 2320 674 46982 2576
1428026400 319 740 686 3647
1428019200 372 663 1174 1738
1428012000 764 4504 3454 57741
1428004800 2256 7338 10290 23709
1427997600 1602 7492 3233 25673
1427990400 3202 19308 14927 137639
1427983200 1897 9905 3729 43167
1427976000 326 1625 787 12692
1427968800 273 644 472 1046
1427961600 290 657 642 1210
1427954400 372 896 1875 4633
1427947200 2304 870 43756 2883
1427940000 357 996 975 5763
1427932800 410 994 1682 4288
1427925600 409 1028 1149 2785
1427918400 1915 7010 9568 24444
1427911200 1988 7287 7879 25642
1427904000 2623 9838 12008 35497
1427896800 2072 5740 8034 18636
1427889600 555 1376 5125 5517
1427882400 284 895 1046 4280
1427875200 313 719 1046 1147
1427868000 362 865 1515 2212
1427860800 2362 960 47264 2724
1427853600 834 1446 10832 9940
1427846400 717 1695 5133 11750
1427839200 1071 1502 10593 9384
1427832000 3324 51846 24655 997275
1427824800 2117 6614 4746 16518
1427817600 2431 6808 12318 44774
1427810400 3919 6186 48173 29877
1427803200 10 431 11 1756
1427796000 10 279 11 340
1427788800 10 280 11 352
1427781600 10 272 10 374
1427774400 10 287 10 374
1427767200 10 294 12 347
1427760000 10 293 10 436
1427752800 637 2074 3375 14367
1427745600 2238 7788 5444 26800
1427738400 2949 9608 9410 31825
1427731200 3423 14317 20043 79205
1427724000 2851 8809 10365 38295
1427716800 92 447 170 1094
1427709600 96 474 242 4052
1427702400 2074 400 47564 2373
1427695200 90 330 191 644
1427688000 90 318 169 612
1427680800 91 301 171 367
1427673600 91 303 282 441
1427666400 94 314 302 427
1427659200 94 509 247 5293
1427652000 128 310 1030 390
1427644800 110 345 389 659
1427637600 100 337 372 800
1427630400 91 363 172 747
1427623200 94 327 170 412
1427616000 93 324 173 514
1427608800 102 331 358 537
1427601600 2072 412 47543 2417
1427594400 91 322 271 472
1427587200 96 563 367 6274
1427580000 130 326 928 469
1427572800 92 326 171 584
1427565600 92 323 183 488
1427558400 424 519 6700 4520
1427551200 100 322 359 461
1427544000 91 319 164 460
1427536800 93 329 192 664
1427529600 91 316 186 437
1427522400 139 343 1050 704
1427515200 2070 419 47510 2362
1427508000 126 427 939 2701
1427500800 91 345 169 468
1427493600 461 2172 4765 21037
1427486400 1318 4609 4765 21037
1427479200 3948 11412 34629 45980
1427472000 2686 6121 16039 24899
1427464800 3164 15690 18974 145101
1427457600 279 882 428 1402
1427450400 625 1163 7955 7892
1427443200 294 739 1184 1103
1427436000 390 834 1479 2259
1427428800 2308 1142 48560 7782
1427421600 604 1065 5067 5307
1427414400 305 1037 557 6800
1427407200 984 1922 9555 16013
1427400000 2946 7155 19239 40905
1427392800 1277 4207 2655 16808
1427385600 4552 7614 64250 29185
1427378400 1589 5503 15530 24930
1427371200 91 541 266 1550
1427364000 126 372 1031 538
1427356800 109 407 509 1279
1427349600 86 383 168 607
1427342400 2098 633 48077 5350
1427335200 96 388 566 1104
1427328000 377 996 1778 3317
1427320800 2469 2850 46543 33880
1427313600 1220 6559 14447 37426
1427306400 698 3346 2870 17171
1427299200 3108 4626 24740 28467
1427292000 3608 8677 50206 56047
1427284800 11 361 15 988
1427277600 11 277 15 327
1427270400 12 308 47 373
1427263200 138 530 625 1174
1427256000 198 625 1133 1881
1427248800 160 590 336 1168
1427241600 285 1066 421 5988
1427234400 616 2057 2606 16141
1427227200 1648 8786 8991 115265
1427220000 3040 9710 7289 31793
1427212800 3602 7370 25692 39634
1427205600 1435 5274 4254 39634
1427198400 298 850 611 1496
1427191200 264 734 395 1904
1427184000 681 1192 4658 5867
1427176800 364 988 2235 3670
1427169600 3069 1920 47770 6301
1427162400 295 1015 810 5992
1427155200 279 727 648 1233
1427148000 639 1578 4883 12757
1427140800 730 3037 4253 15860
1427133600 1942 8040 4933 29579
1427126400 4139 7452 18179 16094
1427119200 3025 9609 22156 31958
1427112000 342 1944 746 2363
1427104800 310 1932 615 5590
1427097600 2324 2055 43566 5347
1427090400 643 2122 5962 6770
1427083200 335 1835 1508 2976
1427076000 363 1824 1128 2265
1427068800 301 1795 505 2119
1427061600 473 2010 4270 6914
1427054400 324 2127 824 8724
1427047200 490 2034 1821 3723
1427040000 326 1787 558 1941
1427032800 304 1779 576 2018
1427025600 402 1895 2024 3744
1427018400 575 2133 2643 4695
1427011200 658 2148 6126 8367
1427004000 384 1872 1600 3253
1426996800 3421 3171 48729 18319
1426989600 380 2109 1595 7717
1426982400 303 1816 547 2459
1426975200 302 1798 591 2261
1426968000 335 1832 985 2631
1426960800 297 1754 441 2080
1426953600 680 1660 8219 2080
1426946400 339 1503 1106 2534
1426939200 371 1574 1680 3785
1426932000 289 1329 421 1626
1426924800 353 1351 1664 2768
1426917600 723 1371 7373 9763
1426910400 3352 1995 48556 13430
1426903200 2516 2986 20963 16916
1426896000 205 312 261 555
1426888800 216 493 596 955
1426881600 62 1214 610 2633
1426874400 2263 6354 11997 19937
1426867200 3163 4896 29683 18803
1426860000 2603 6151 12384 26024
1426852800 372 982 679 3091
1426845600 349 1019 716 6967
1426838400 367 834 950 1450
1426831200 372 997 984 4729
1426824000 4493 3369 48442 24129
1426816800 4707 6158 23052 29007
1426809600 2992 4266 19398 23770
1426802400 2470 8571 10898 30084
1426795200 1492 5972 3724 24868
1426788000 3431 10541 22601 32295
1426780800 8271 69598 39852 548851
1426773600 7886 168842 22618 500488
1426766400 379 1174 1547 5290
1426759200 884 1492 5652 7448
1426752000 383 810 1304 1558
1426744800 514 1155 4270 5891
1426737600 2363 946 48748 2964
1426730400 395 1157 1328 8969
1426723200 678 1201 5109 5634
1426716000 7218 177740 20537 587410
1426708800 13848 358031 24562 738622
1426701600 2210 6898 6833 18841
1426694400 3247 8569 26616 57533
1426687200 1215 4943 3528 17717
1426680000 304 911 805 1841
1426672800 1503 2274 9064 10661
1426665600 697 982 6329 5223
1426658400 1985 2387 16913 16092
1426651200 2796 1437 49149 7067
1426644000 418 863 2018 2725
1426636800 328 914 573 6031
1426629600 1718 49052 23707 979401
1426622400 2399 11532 6306 46845
1426615200 1851 7005 5102 22602
1426608000 4506 8052 39892 65312
1426600800 1229 7792 7544 76635
1426593600 324 811 569 3560
1426586400 345 746 1132 3269
1426579200 364 671 1585 1826
1426572000 301 649 548 1274
1426564800 2344 1131 48839 5944
1426557600 338 677 847 995
1426550400 291 670 484 1266
1426543200 6063 4972 58574 34076
1426536000 664 2886 12822 19662
1426528800 7971 14600 34468 66731
1426521600 2165 7349 7960 50435
1426514400 2699 12264 9709 63641
1426507200 346 783 595 1587
1426500000 337 573 503 856
1426492800 2470 889 46772 3441
1426485600 315 708 432 3815
1426478400 380 671 1645 2279
1426471200 399 716 1752 2310
1426464000 293 576 429 1041
1426456800 320 776 672 4894
1426449600 352 804 4339 5471
1426442400 1007 1362 7671 7844
1426435200 359 629 1241 1137
1426428000 296 557 471 731
1426420800 307 600 538 1119
1426413600 348 633 1606 2152
1426406400 365 658 1745 2277
1426399200 281 557 415 779
1426392000 2446 841 49209 2680
1426384800 301 926 539 8140
1426377600 304 617 579 1056
1426370400 360 679 1706 2303
1426363200 324 618 1055 2085
1426356000 591 845 7870 8109
1426348800 882 683 5214 2844
1426341600 273 546 408 799
1426334400 269 551 470 983
1426327200 301 608 1636 2347
1426320000 806 1164 6527 6573
1426312800 957 1544 9054 10516
1426305600 2367 1119 49168 9199
1426298400 560 972 1868 3004
1426291200 315 582 1138 985
1426284000 529 1207 2742 6333
1426276800 2833 16868 8152 78575
1426269600 2485 23275 7938 216641
1426262400 2664 4754 22345 12957
1426255200 1143 6226 5812 38116
1426248000 620 1609 7369 12346
1426240800 323 785 803 1545
1426233600 268 646 654 1161
1426226400 458 1078 2757 5809
1426219200 2501 1153 50189 4849
1426212000 249 699 811 3355
1426204800 287 765 668 1674
1426197600 870 2556 7877 44131
1426190400 2746 15527 8981 67868
1426183200 1840 10386 9649 63393
1426176000 3274 8161 27667 19944
1426168800 2904 11919 14979 42393
1426161600 79 411 367 1682
1426154400 92 233 898 385
1426147200 62 384 185 3650
1426140000 56 248 127 439
1426132800 2116 869 48877 12393
1426125600 97 333 455 1188
1426118400 341 2473 1250 35880
1426111200 448 1100 3050 15757
1426104000 3414 12698 12192 36221
1426096800 1892 5025 10927 22356
1426089600 2094 4122 15663 22356
1426082400 1800 7655 8633 30306
1426075200 3611 117524 21125 846639
1426068000 208 463 1127 1612
1426060800 517 1045 2172 7716
1426053600 197 421 393 644
1426046400 2212 833 37896 4808
1426039200 181 432 778 950
1426032000 180 425 425 709
1426024800 1292 1420 11357 8314
1426017600 2361 11141 11015 39518
1426010400 1879 6887 6331 30911
1426003200 3434 9043 19615 35287
1425996000 1266 3735 4223 18771
1425988800 319 789 585 2186
1425981600 400 710 1584 2218
1425974400 327 765 1762 2625
1425967200 306 885 722 6006
1425960000 2337 902 49184 4251
1425952800 305 777 763 2043
1425945600 448 960 2088 2956
1425938400 987 4616 5708 33683
1425931200 3732 16386 11850 68414
1425924000 5160 8381 19211 24190
1425916800 3916 10596 26845 58339
1425909600 2140 11712 5238 56647
1425902400 283 880 576 4028
1425895200 302 607 706 837
1425888000 2337 816 49739 3952
1425880800 295 600 963 1109
1425873600 264 628 454 1214
1425866400 258 604 525 1230
1425859200 303 621 1227 1237
1425852000 574 925 4224 5091
1425844800 339 2729 1717 45804
1425837600 281 583 830 1021
1425830400 1555 2201 7178 9077
1425823200 270 582 479 951
1425816000 278 586 543 945
1425808800 279 609 529 1231
1425801600 266 597 512 1200
1425794400 2467 827 49485 3027
1425787200 262 614 811 1485
1425780000 257 1003 598 6267
1425772800 232 572 339 894
1425765600 640 1184 5957 7580
1425758400 253 585 423 1034
1425751200 730 639 6512 1543
1425744000 245 579 474 994
1425736800 267 775 496 4875
1425729600 264 632 687 1126
1425722400 318 624 1121 1196
1425715200 630 1097 3327 4549
1425708000 2482 949 49001 5421
1425700800 642 1104 3410 4728
1425693600 253 849 899 6019
1425686400 231 731 593 3735
1425679200 2263 9189 13041 63622
1425672000 2676 9408 10672 49710
1425664800 10 848 11 1209
1425657600 2274 9149 9078 60944
1425650400 641 2632 2511 26460
1425643200 478 888 2511 3345
1425636000 385 872 1821 3867
1425628800 294 648 748 1302
1425621600 2363 802 49110 2700
1425614400 305 849 595 3952
1425607200 288 673 365 1341
1425600000 291 713 425 2337
1425592800 1692 4271 48270 63460
1425513600 1242 2920 49425 50599
1425427200 1013 2994 49112 53316
1425340800 973 4762 14287 144007
1425254400 9 176 12 233
1425168000 10 173 12 211
1425081600 9 387 12 1333
1424995200 9 385 12 1466
1424908800 10 456 12 1837
1424822400 10 530 12 1413
1424736000 10 449 12 2260
1424649600 10 169 12 231
1424563200 10 169 12 213
1424476800 10 504 12 1708
1424390400 10 495 12 1628
1424304000 9 569 12 1651
1424217600 10 434 12 1499
1424131200 10 168 12 341
1424044800 10 170 12 290
1423958400 9 177 12 311
1423872000 1036 2599 49595 102804
1423785600 1339 3595 50824 154744
1423699200 1453 12510 49803 813242
1423612800 1096 3511 40568 38024
1423526400 1258 3915 50785 70732
1423440000 10 181 12 226
1423353600 10 241 22 18001
1423267200 1094 3395 49597 62909
1423180800 1308 3488 33977 53815
1423094400 1284 2710 49837 27742
1423008000 1362 3393 50233 39758
1422921600 1207 3175 52027 49486
1422835200 10 169 12 244
1422748800 10 174 12 805
1422662400 1559 3564 52055 46123
1422576000 2516 4341 177639 247150
1422489600 2232 5672 76731 193248
1422403200 963 1923 50744 21636
1422316800 890 2998 50844 71205
1422230400 10 174 32 403
1422144000 10 172 12 301
1422057600 1012 1804 51346 26145
1421971200 222 614 51813 19902
1421884800 943 2203 50432 38677
1421798400 1917 3026 68524 39585
1421712000 1038 2597 48815 94624
1421625600 10 173 12 205
1421539200 10 173 12 384
1421452800 960 1765 53861 52410
1421366400 787 2437 50708 54400
1421280000 1180 2959 83235 63713
1421193600 781 2442 48807 48744
1421107200 1015 3229 47162 51874
1421020800 10 348 12 1241
1420934400 10 332 12 844
1420848000 936 2359 46116 39152
1420761600 1276 4679 45599 115230
1420675200 1305 3801 45383 31135
1420588800 1300 3750 45243 81011
1420502400 1331 7116 45647 358521
1420416000 495 812 45410 9447
1420329600 626 852 45014 11917
1420243200 1247 3690 44910 57935
1420156800 471 782 45233 13928
1420070400 1016 2383 44723 64362
1419984000 1050 3264 44652 45522
1419897600 1079 3760 45274 95307
1419811200 10 157 12 203
1419724800 10 157 12 198
1419638400 10 157 12 195
1419552000 9 156 12 193
1419465600 10 157 12 238
1419379200 1290 3485 50659 46928
1419292800 786 3243 44113 44105
1419206400 10 171 12 460
1419120000 9 164 12 292
1419033600 1133 4057 43166 57637
1418947200 1872 4481 63594 73632
1418860800 1805 4240 114621 67271
1418774400 1100 3778 42277 65527
1418688000 1337 4751 45435 44093
1418601600 738 1069 42702 14903
1418515200 482 835 42669 20014
1418428800 1161 3096 45616 85403
1418342400 1139 3085 41070 27901
1418256000 1239 10913 53728 948099
1418169600 1154 3413 40591 40172
1418083200 1051 3340 40921 68636
1417996800 491 718 40838 13044
1417910400 739 820 40670 12457
1417824000 1079 3486 47356 75429
1417737600 1131 3930 39481 69584
1417651200 1065 3213 38926 38957
1417564800 1355 3627 49090 59541
1417478400 1241 3571 39236 93182
1417392000 422 637 39100 7235
1417305600 502 748 38123 9618
1417219200 993 3106 38646 43438
1417132800 1198 3706 50207 95807
1417046400 1350 4066 38052 70195
1416960000 1240 7819 37480 796705
1416873600 1205 3464 37431 30175
1416787200 474 733 37799 7191
1416700800 811 841 71087 6251
1416614400 1146 3483 37205 63800
1416528000 1361 3223 79492 39437
1416441600 1757 3568 60216 75661
1416355200 1360 2935 67547 60412
1416268800 1007 2562 35984 36323
1416182400 471 2221 35754 455228
1416096000 629 602 51226 4234
1416009600 1096 8413 35656 817441
1415923200 961 3115 34511 32386
1415836800 1368 12880 34087 683128
1415750400 1204 3208 38855 42352
1415664000 1117 3219 33921 62118
1415577600 351 573 33962 7098
1415491200 433 625 33982 7849
1415404800 1040 3464 33619 65385
1415318400 1462 3607 34617 65271
1415232000 1130 3114 33404 42556
1415145600 1210 3177 32962 33789
1415059200 484 1812 33652 65457
1414972800 410 794 33405 14426
1414886400 440 770 33005 7459
1414800000 1138 3161 41919 199570
1414713600 936 2964 32116 70528
1414627200 1269 3890 31840 98086
1414540800 1164 3210 34185 56231
1414454400 1260 4257 31512 156066
1414368000 460 2342 32418 386055
1414281600 1257 830 119489 7180
1414195200 965 3290 28975 77435
1414108800 1096 3549 29050 66831
1414022400 1590 4213 68359 74277
1413936000 1178 3547 27616 43427
1413849600 1105 3377 27860 31934
1413763200 363 710 27858 6621
1413676800 539 971 27432 39560
1413590400 982 2784 28910 58534
1413504000 805 4243 31053 307438
1413417600 1944 9509 69186 178315
1413331200 996 3351 25676 43000
1413244800 10 375 12 554
1413158400 9 366 12 509
1413072000 10 367 12 509
1412985600 1285 3574 25149 37816
1412899200 1228 3279 24589 43305
1412812800 1124 3302 24198 95919
1412726400 1011 3517 24045 41071
1412640000 1051 3656 24316 62338
1412553600 374 847 24340 14528
1412467200 439 873 26813 12210
1412380800 1325 3741 24072 44163
1412294400 1193 3967 23319 95350
1412208000 1191 4098 22987 59355
1412121600 1094 3215 22340 33983
1412035200 11054 4604 417536 91063
1411948800 1159 1123 219099 15841
1411862400 1089 1016 162848 10702
1411776000 2361 9368 218862 665286
1411689600 2605 7741 218246 228137
1411603200 1673 3065 219440 35050
1411516800 1377 2339 219380 29862
1411430400 1430 1964 219197 55286
1411344000 242 667 4454 7603
1411257600 1084 890 173132 8128
1411171200 1342 1851 219641 51613
1411084800 1515 2273 219860 31517
1410998400 1708 2479 220106 28952
1410912000 1540 2438 184698 48952
1410825600 1212 2481 220644 70082
1410739200 829 626 220905 63326
1410652800 1378 1593 221171 104498
1410566400 1297 2176 221610 37627
1410480000 1725 6508 221810 176182
1410393600 1535 11417 114268 599170
1410307200 1781 2963 221681 69735
1410220800 1465 3072 223078 108541
1410134400 10 333 11 598
1410048000 10 350 27 1330
1409961600 1149 1774 181487 42622
1409875200 3265 3376 222487 60089
1409788800 1470 2307 135951 31357
1409702400 1618 3003 222579 99362
1409616000 1008 735 160574 7513
1409529600 994 701 223110 10341
1409443200 1007 782 168476 11573
1409356800 3235 9699 136694 478012
1409270400 1779 3685 222654 70690
1409184000 2997 3113 223535 57630
1409097600 1444 4431 201551 508589
1409011200 1460 1509 223791 48857
1408924800 953 518 166221 7632
1408838400 995 588 150451 7121
1408752000 1064 914 169961 11092
1408665600 1206 1519 224392 23274
1408579200 1551 2446 123932 35312
1408492800 1695 6028 192587 668966
1408406400 1957 6508 193935 211294
1408320000 836 289 129651 8294
1408233600 987 4307 163639 705132
1408147200 1549 2141 187178 18624
1408060800 1379 1464 128115 18424
1407974400 1457 1940 176793 35139
1407888000 1457 2094 148261 36873
1407801600 1449 1638 142552 57919
1407715200 972 512 161829 10944
1407628800 977 496 190620 8390
1407542400 1190 4916 176382 754014
1407456000 1424 1689 166094 28336
1407369600 1447 2791 227213 47430
1407283200 762 2468 19000 67706
1407196800 1397 2252 227371 59003
1407110400 1029 686 228579 11282
1407024000 1043 690 228430 10320
1406937600 1260 2947 119232 78888
1406851200 404 1568 6517 39289
1406764800 624 2974 19162 61628
1406678400 747 3482 5639 32920
1406592000 487 2123 5514 32854
1406505600 123 469 912 1958
1406419200 124 502 949 3532
1406332800 534 2212 4572 38088
1406246400 1288 1789 226046 25631
1406160000 1516 2047 177178 58494
1406073600 1683 2647 224956 64455
1405987200 2540 3677 223639 56026
1405900800 923 558 227054 10190
1405814400 944 628 174822 8099
1405728000 1494 2691 226854 74270
1405641600 1372 2528 193274 56902
1405555200 1456 1979 224986 30324
1405468800 1923 3485 213266 27896
1405382400 1695 2851 228976 26140
1405296000 10 173 12 216
1405209600 10 184 12 373
1405123200 1485 5845 227066 151137
1405036800 1545 2134 212671 24782
1404950400 1605 5835 227188 620039
1404864000 1455 2198 228270 27937
1404777600 1569 3140 192600 118159
1404691200 946 541 228441 28417
1404604800 122 357 901 5372
1404518400 913 603 227766 10352
1404432000 2017 1857 228396 56199
1404345600 1684 1750 229594 38359
1404259200 1273 1596 229194 48718
1404172800 1713 2133 230369 38611
1404086400 934 436 231139 10193
1404000000 941 471 229897 9406
1403913600 1630 2176 231610 61932
1403827200 1482 2327 231192 33536
1403740800 1256 2124 232140 110533
1403654400 2153 2793 232117 39380
1403568000 2540 3134 232976 42044
1403481600 948 489 233903 12487
1403395200 963 489 232726 10358
1403308800 2523 9161 233877 799084
1403222400 2341 2590 233773 38692
1403136000 2329 2422 233798 57343
1403049600 1828 2966 196569 44558
1402963200 10 579 12 1577
1402876800 9 496 12 815
1402790400 10 414 12 694
1402704000 1301 2452 234140 101249
1402617600 1712 2226 234313 66180
1402531200 2089 9168 152947 344001
1402444800 1474 1840 237649 29667
1402358400 1180 1686 234295 31739
1402272000 965 688 234557 10609
1402185600 1146 835 235225 21602
1402099200 1608 2382 234327 63920
1402012800 1514 2301 234748 66724
1401926400 1557 2896 234927 57286
1401840000 1888 5150 234772 578884
1401753600 3310 2767 243654 59855
1401667200 10 187 67 229
1401580800 10 187 12 267
1401494400 2380 2336 234456 47244
1401408000 2758 2999 235529 56438
1401321600 1866 2439 69757 33468
1401235200 2507 2679 236333 31994
1401148800 2139 6693 242319 598250
1401062400 10 341 12 418
1400976000 10 341 12 457
1400889600 716 114 146711 13757
1400803200 0 0 0 0
1400716800 0 0 0 0
1400630400 0 0 0 0
1400544000 0 0 0 0
1400457600 0 0 0 0
1400371200 0 0 0 0
1400284800 0 0 0 0
1400198400 0 0 0 0
1400112000 0 0 0 0
1400025600 0 0 0 0
1399939200 0 0 0 0
1399852800 0 0 0 0
1399766400 0 0 0 0
1399680000 0 0 0 0
1399593600 0 0 0 0
1399507200 0 0 0 0
1399420800 0 0 0 0
1399334400 0 0 0 0
1399248000 0 0 0 0
1399161600 0 0 0 0
1399075200 0 0 0 0
1398988800 0 0 0 0
1398902400 0 0 0 0
1398816000 0 0 0 0
1398729600 0 0 0 0
1398643200 0 0 0 0
1398556800 0 0 0 0
1398470400 0 0 0 0
1398384000 0 0 0 0
1398297600 0 0 0 0
1398211200 0 0 0 0
1398124800 0 0 0 0
1398038400 0 0 0 0
1397952000 0 0 0 0
1397865600 0 0 0 0
1397779200 0 0 0 0
1397692800 0 0 0 0
1397606400 0 0 0 0
1397520000 0 0 0 0
1397433600 0 0 0 0
1397347200 0 0 0 0
1397260800 0 0 0 0
1397174400 0 0 0 0
1397088000 0 0 0 0
1397001600 0 0 0 0
1396915200 0 0 0 0
1396828800 0 0 0 0
1396742400 0 0 0 0
1396656000 0 0 0 0
1396569600 0 0 0 0
1396483200 0 0 0 0
1396396800 0 0 0 0
1396310400 0 0 0 0
1396224000 0 0 0 0
1396137600 0 0 0 0
1396051200 0 0 0 0
1395964800 0 0 0 0
1395878400 0 0 0 0
1395792000 0 0 0 0
1395705600 0 0 0 0
1395619200 0 0 0 0
1395532800 0 0 0 0
1395446400 0 0 0 0
1395360000 0 0 0 0
1395273600 0 0 0 0
1395187200 0 0 0 0
1395100800 0 0 0 0
1395014400 0 0 0 0
1394928000 0 0 0 0
1394841600 0 0 0 0
1394755200 0 0 0 0
1394668800 0 0 0 0
1394582400 0 0 0 0
1394496000 0 0 0 0
1394409600 0 0 0 0
1394323200 0 0 0 0
1394236800 0 0 0 0
1394150400 0 0 0 0
1394064000 0 0 0 0
1393977600 0 0 0 0
1393891200 0 0 0 0
1393804800 0 0 0 0
1393718400 0 0 0 0
1393632000 0 0 0 0
1393545600 0 0 0 0
1393459200 0 0 0 0
1393372800 0 0 0 0
1393286400 0 0 0 0
1393200000 0 0 0 0
1393113600 0 0 0 0
1393027200 0 0 0 0
1392940800 0 0 0 0
1392854400 0 0 0 0
1392768000 0 0 0 0
1392681600 0 0 0 0
1392595200 0 0 0 0
1392508800 0 0 0 0
1392422400 0 0 0 0
1392336000 0 0 0 0
1392249600 0 0 0 0
1392163200 0 0 0 0
1392076800 0 0 0 0
1391990400 0 0 0 0
1391904000 0 0 0 0
1391817600 0 0 0 0
1391731200 0 0 0 0
1391644800 0 0 0 0
1391558400 0 0 0 0
1391472000 0 0 0 0
1391385600 0 0 0 0
1391299200 0 0 0 0
1391212800 0 0 0 0
1391126400 0 0 0 0
1391040000 0 0 0 0
1390953600 0 0 0 0
1390867200 0 0 0 0
1390780800 0 0 0 0
1390694400 0 0 0 0
1390608000 0 0 0 0
1390521600 0 0 0 0
1390435200 0 0 0 0
1390348800 0 0 0 0
1390262400 0 0 0 0
1390176000 0 0 0 0
1390089600 0 0 0 0
1390003200 0 0 0 0
1389916800 0 0 0 0
1389830400 0 0 0 0
1389744000 0 0 0 0
1389657600 0 0 0 0
1389571200 0 0 0 0
1389484800 0 0 0 0
1389398400 0 0 0 0
1389312000 0 0 0 0
1389225600 0 0 0 0
1389139200 0 0 0 0
1389052800 0 0 0 0
1388966400 0 0 0 0
1388880000 0 0 0 0
1388793600 0 0 0 0
1388707200 0 0 0 0
1388620800 0 0 0 0
1388534400 0 0 0 0
1388448000 0 0 0 0
1388361600 0 0 0 0
1388275200 0 0 0 0
1388188800 0 0 0 0
1388102400 0 0 0 0
1388016000 0 0 0 0
1387929600 0 0 0 0
1387843200 0 0 0 0
1387756800 0 0 0 0
1387670400 0 0 0 0
1387584000 0 0 0 0
1387497600 0 0 0 0
1387411200 0 0 0 0
1387324800 0 0 0 0
1387238400 0 0 0 0
1387152000 0 0 0 0
1387065600 0 0 0 0
1386979200 0 0 0 0
1386892800 0 0 0 0
1386806400 0 0 0 0
1386720000 0 0 0 0
1386633600 0 0 0 0
1386547200 0 0 0 0
1386460800 0 0 0 0
1386374400 0 0 0 0
1386288000 0 0 0 0
1386201600 0 0 0 0
1386115200 0 0 0 0
1386028800 0 0 0 0
1385942400 0 0 0 0
1385856000 0 0 0 0
1385769600 0 0 0 0
1385683200 0 0 0 0
1385596800 0 0 0 0
1385510400 0 0 0 0
1385424000 0 0 0 0
1385337600 0 0 0 0
1385251200 0 0 0 0
1385164800 0 0 0 0
1385078400 0 0 0 0
1384992000 0 0 0 0
1384905600 0 0 0 0
1384819200 0 0 0 0
1384732800 0 0 0 0
1384646400 0 0 0 0
1384560000 0 0 0 0
1384473600 0 0 0 0
1384387200 0 0 0 0
1384300800 0 0 0 0
1384214400 0 0 0 0
1384128000 0 0 0 0
1384041600 0 0 0 0
1383955200 0 0 0 0
1383868800 0 0 0 0
1383782400 0 0 0 0
1383696000 0 0 0 0
1383609600 0 0 0 0
1383523200 0 0 0 0
1383436800 0 0 0 0
1383350400 0 0 0 0
1383264000 0 0 0 0
1383177600 0 0 0 0
1383091200 0 0 0 0
1383004800 0 0 0 0
1382918400 0 0 0 0
1382832000 0 0 0 0
1382745600 0 0 0 0
1382659200 0 0 0 0
1382572800 0 0 0 0
1382486400 0 0 0 0
1382400000 0 0 0 0
1382313600 0 0 0 0
1382227200 0 0 0 0
1382140800 0 0 0 0
1382054400 0 0 0 0
1381968000 0 0 0 0
1381881600 0 0 0 0
1381795200 0 0 0 0
1381708800 0 0 0 0
1381622400 0 0 0 0
1381536000 0 0 0 0
1381449600 0 0 0 0
1381363200 0 0 0 0
1381276800 0 0 0 0
1381190400 0 0 0 0
1381104000 0 0 0 0
1381017600 0 0 0 0
1380931200 0 0 0 0
1380844800 0 0 0 0
1380758400 0 0 0 0
1380672000 0 0 0 0
1380585600 0 0 0 0
1380499200 0 0 0 0
1380412800 0 0 0 0
1380326400 0 0 0 0
1380240000 0 0 0 0
1380153600 0 0 0 0
1380067200 0 0 0 0
1379980800 0 0 0 0
1379894400 0 0 0 0
1379808000 0 0 0 0
1379721600 0 0 0 0
1379635200 0 0 0 0
1379548800 0 0 0 0
1379462400 0 0 0 0
1379376000 0 0 0 0
1379289600 0 0 0 0
1379203200 0 0 0 0
1379116800 0 0 0 0
1379030400 0 0 0 0
1378944000 0 0 0 0
1378857600 0 0 0 0
1378771200 0 0 0 0
1378684800 0 0 0 0
1378598400 0 0 0 0
1378512000 0 0 0 0
1378425600 0 0 0 0
1378339200 0 0 0 0
1378252800 0 0 0 0
1378166400 0 0 0 0
1378080000 0 0 0 0
1377993600 0 0 0 0
1377907200 0 0 0 0
1377820800 0 0 0 0
1377734400 0 0 0 0
1377648000 0 0 0 0
1377561600 0 0 0 0
1377475200 0 0 0 0
1377388800 0 0 0 0
1377302400 0 0 0 0
1377216000 0 0 0 0
1377129600 0 0 0 0
1377043200 0 0 0 0
1376956800 0 0 0 0
1376870400 0 0 0 0
1376784000 0 0 0 0
1376697600 0 0 0 0
1376611200 0 0 0 0
1376524800 0 0 0 0
1376438400 0 0 0 0
1376352000 0 0 0 0
1376265600 0 0 0 0
1376179200 0 0 0 0
1376092800 0 0 0 0
1376006400 0 0 0 0
1375920000 0 0 0 0
1375833600 0 0 0 0
1375747200 0 0 0 0
1375660800 0 0 0 0
1375574400 0 0 0 0
1375488000 0 0 0 0
1375401600 0 0 0 0
1375315200 0 0 0 0
1375228800 0 0 0 0
1375142400 0 0 0 0
1375056000 0 0 0 0
1374969600 0 0 0 0
1374883200 0 0 0 0
1374796800 0 0 0 0
1374710400 0 0 0 0
1374624000 0 0 0 0
1374537600 0 0 0 0
1374451200 0 0 0 0
1374364800 0 0 0 0
1374278400 0 0 0 0
1374192000 0 0 0 0
1374105600 0 0 0 0
1374019200 0 0 0 0
1373932800 0 0 0 0
1373846400 0 0 0 0
1373760000 0 0 0 0
1373673600 0 0 0 0
1373587200 0 0 0 0
1373500800 0 0 0 0
1373414400 0 0 0 0
1373328000 0 0 0 0
1373241600 0 0 0 0
1373155200 0 0 0 0
1373068800 0 0 0 0
1372982400 0 0 0 0
1372896000 0 0 0 0
1372809600 0 0 0 0
1372723200 0 0 0 0
1372636800 0 0 0 0
1372550400 0 0 0 0
1372464000 0 0 0 0
1372377600 0 0 0 0
1372291200 0 0 0 0
1372204800 0 0 0 0
1372118400 0 0 0 0
1372032000 0 0 0 0
1371945600 0 0 0 0
1371859200 0 0 0 0
1371772800 0 0 0 0
1371686400 0 0 0 0
1371600000 0 0 0 0
1371513600 0 0 0 0
1371427200 0 0 0 0
1371340800 0 0 0 0
1371254400 0 0 0 0
1371168000 0 0 0 0
1371081600 0 0 0 0
1370995200 0 0 0 0
1370908800 0 0 0 0
1370822400 0 0 0 0
1370736000 0 0 0 0
1370649600 0 0 0 0
1370563200 0 0 0 0
1370476800 0 0 0 0
1370390400 0 0 0 0
1370304000 0 0 0 0
1370217600 0 0 0 0
1370131200 0 0 0 0
1370044800 0 0 0 0
1369958400 0 0 0 0
1369872000 0 0 0 0
1369785600 0 0 0 0
1369699200 0 0 0 0
1369612800 0 0 0 0
1369526400 0 0 0 0
1369440000 0 0 0 0
1369353600 0 0 0 0
1369267200 0 0 0 0
1369180800 0 0 0 0
1369094400 0 0 0 0
1369008000 0 0 0 0
1368921600 0 0 0 0
1368835200 0 0 0 0
1368748800 0 0 0 0
1368662400 0 0 0 0
1368576000 0 0 0 0
1368489600 0 0 0 0
1368403200 0 0 0 0
1368316800 0 0 0 0
1368230400 0 0 0 0
1368144000 0 0 0 0
1368057600 0 0 0 0
1367971200 0 0 0 0
1367884800 0 0 0 0
1367798400 0 0 0 0
1367712000 0 0 0 0
1367625600 0 0 0 0
1367539200 0 0 0 0
1367452800 0 0 0 0
1367366400 0 0 0 0
1367280000 0 0 0 0
1367193600 0 0 0 0
1367107200 0 0 0 0
1367020800 0 0 0 0
1366934400 0 0 0 0
1366848000 0 0 0 0
1366761600 0 0 0 0
1366675200 0 0 0 0
1366588800 0 0 0 0
1366502400 0 0 0 0
1366416000 0 0 0 0
1366329600 0 0 0 0
1366243200 0 0 0 0
1366156800 0 0 0 0
1366070400 0 0 0 0
1365984000 0 0 0 0
1365897600 0 0 0 0
1365811200 0 0 0 0
1365724800 0 0 0 0
1365638400 0 0 0 0
1365552000 0 0 0 0
1365465600 0 0 0 0
1365379200 0 0 0 0
1365292800 0 0 0 0
1365206400 0 0 0 0
1365120000 0 0 0 0
1365033600 0 0 0 0
1364947200 0 0 0 0
1364860800 0 0 0 0
1364774400 0 0 0 0
1364688000 0 0 0 0
1364601600 0 0 0 0
1364515200 0 0 0 0
1364428800 0 0 0 0
1364342400 0 0 0 0
1364256000 0 0 0 0
1364169600 0 0 0 0
1364083200 0 0 0 0
1363996800 0 0 0 0
1363910400 0 0 0 0
1363824000 0 0 0 0
1363737600 0 0 0 0
1363651200 0 0 0 0
1363564800 0 0 0 0
1363478400 0 0 0 0
1363392000 0 0 0 0
1363305600 0 0 0 0
1363219200 0 0 0 0
1363132800 0 0 0 0
1363046400 0 0 0 0
1362960000 0 0 0 0
1362873600 0 0 0 0
1362787200 0 0 0 0
1362700800 0 0 0 0
1362614400 0 0 0 0
1362528000 0 0 0 0
1362441600 0 0 0 0
1362355200 0 0 0 0
