1431190809 25835249 30922205
1431190809 10 424 10 424
1431176643 10 424 10 424
1431176400 10 275 10 424
1431176100 10 225 10 241
1431175800 10 221 10 222
1431175500 10 228 11 230
1431175200 10 217 11 230
1431174900 10 217 10 218
1431174600 10 231 11 235
1431174300 10 225 11 235
1431174000 10 214 10 223
1431173700 10 224 10 228
1431173400 10 228 10 228
1431173100 10 216 10 228
1431172800 10 230 11 234
1431172500 11 219 11 234
1431172200 10 219 11 220
1431171900 10 224 10 226
1431171600 10 212 11 226
1431171300 10 228 11 233
1431171000 10 242 10 245
1431170700 10 219 11 245
1431170400 10 209 11 214
1431170100 10 238 10 246
1431169800 10 218 11 246
1431169500 10 216 11 217
1431169200 10 229 10 233
1431168900 10 217 10 233
1431168600 11 216 12 217
1431168300 10 246 12 253
1431168000 10 217 10 253
1431167700 10 214 11 216
1431167400 10 228 11 232
1431167100 10 216 11 232
1431166800 11 191 11 213
1431166500 9 237 11 249
1431166200 9 224 10 249
1431165900 10 202 11 219
1431165600 9 221 11 227
1431165300 10 220 11 227
1431165000 11 202 11 219
1431164700 10 226 11 233
1431164400 10 210 10 233
1431164100 10 247 11 258
1431163800 10 232 11 258
1431163500 10 233 10 235
1431163200 10 218 11 235
1431162900 10 235 11 240
1431162600 10 201 10 240
1431162300 10 222 10 230
1431162000 10 236 10 238
1431161700 10 216 10 238
1431161400 10 216 11 218
1431161100 10 245 11 252
1431160800 10 208 10 252
1431160500 10 225 10 232
1431160200 10 237 11 239
1431159900 10 234 11 239
1431159600 10 183 10 234
1431159300 10 235 11 251
1431159000 10 233 11 251
1431158700 10 210 10 230
1431158400 10 235 11 242
1431158100 9 222 11 242
1431157800 9 199 10 218
1431157500 10 236 11 246
1431157200 10 228 11 246
1431156900 10 221 10 225
1431156600 10 247 10 254
1431156300 10 227 10 254
1431156000 10 218 10 221
1431155700 10 227 10 230
1431155400 10 207 10 230
1431155100 10 217 10 221
1431154800 10 238 10 243
1431154500 10 211 11 243
1431154200 10 213 11 216
1431153900 10 234 11 239
1431153600 10 208 11 239
1431153300 10 209 10 212
1431153000 10 237 10 243
1431152700 10 221 11 243
1431152400 10 209 11 216
1431152100 10 227 11 232
1431151800 10 227 11 232
1431151500 10 212 10 226
1431151200 10 226 10 230
1431150900 10 217 11 230
1431150600 10 205 11 215
1431150300 10 244 10 254
1431150000 10 210 11 254
1431149700 10 225 11 231
1431149400 10 269 10 279
1431149100 10 232 11 279
1431148800 10 217 11 221
1431148500 10 226 10 229
1431148200 10 216 10 229
1431147900 10 221 11 224
1431147600 10 232 11 234
1431147300 10 228 10 234
1431147000 10 216 11 227
1431146700 9 239 11 246
1431146400 10 228 11 246
1431146100 11 214 11 225
1431145800 9 236 11 242
1431145500 9 224 10 242
1431145200 10 208 11 221
1431144900 10 227 11 233
1431144600 10 233 10 234
1431144300 10 224 11 234
1431144000 10 237 11 241
1431143700 10 219 10 241
1431143400 10 207 10 214
1431143100 10 241 11 250
1431142800 10 228 11 250
1431142500 10 218 11 223
1431142200 10 256 11 266
1431141900 10 233 10 266
1431141600 10 204 10 226
1431141300 10 255 10 269
1431141000 10 230 10 269
1431140700 10 226 11 228
1431140400 11 232 11 234
1431140100 10 228 11 234
1431139800 10 222 10 227
1431139500 10 229 11 232
1431139200 10 232 11 232
1431138900 10 238 10 240
1431138600 10 235 11 240
1431138300 10 221 11 235
1431138000 10 215 10 218
1431137700 10 243 11 250
1431137400 10 256 11 258
1431137100 10 224 10 258
1431136800 10 259 11 269
1431136500 10 211 11 269
1431136200 10 217 10 222
1431135900 10 241 10 246
1431135600 10 220 11 246
1431135300 10 227 11 231
1431135000 10 260 10 267
1431134700 10 241 11 267
1431134400 9 214 11 235
1431134100 9 244 10 252
1431133800 10 376 11 406
1431133500 9 278 11 406
1431133200 9 246 10 248
1431132900 10 235 10 246
1431132600 10 223 10 233
1431132300 10 240 10 245
1431132000 10 219 10 245
1431131700 10 239 10 245
1431131400 10 254 10 257
1431131100 10 226 10 257
1431130800 10 222 10 223
1431130500 10 256 10 264
1431130200 10 229 11 264
1431129900 11 227 11 229
1431129600 10 251 11 257
1431129300 10 225 11 257
1431129000 10 221 11 222
1431128700 10 245 10 251
1431128400 10 212 10 251
1431128100 10 240 11 249
1431127800 10 269 11 274
1431127500 10 219 10 274
1431127200 10 222 11 226
1431126900 10 293 11 309
1431126600 10 273 10 309
1431126300 10 222 11 265
1431126000 10 248 11 257
1431125700 10 226 10 257
1431125400 12 227 13 230
1431125100 10 232 13 233
1431124800 10 224 10 233
1431124500 10 224 11 225
1431124200 10 253 11 260
1431123900 10 218 10 260
1431123600 10 229 10 234
1431123300 10 255 10 260
1431123000 10 241 10 260
1431122700 10 239 10 240
1431122400 10 277 11 286
1431122100 9 240 11 286
1431121800 10 256 11 263
1431121500 11 238 11 263
1431121200 9 245 11 248
1431120900 9 245 10 248
1431120600 10 292 11 304
1431120300 10 236 11 304
1431120000 10 251 10 259
1431119700 10 243 11 259
1431119400 10 289 11 301
1431119100 10 450 10 486
1431118800 10 366 10 486
1431118500 10 320 11 338
1431118200 10 366 11 378
1431117900 10 377 11 378
1431117600 11 364 11 377
1431117300 9 326 11 361
1431117000 9 382 10 398
1431116700 10 574 11 616
1431116400 10 578 11 616
1431116100 10 602 10 610
1431115800 10 521 11 610
1431115500 10 511 11 514
1431115200 10 543 10 550
1431114900 10 617 11 633
1431114600 10 509 11 633
1431114300 10 505 10 511
1431114000 10 549 11 559
1431113700 10 588 11 596
1431113400 10 735 10 768
1431113100 10 691 10 768
1431112800 10 588 11 673
1431112500 10 643 11 661
1431112200 10 913 10 973
1431111900 10 808 11 973
1431111600 10 883 11 910
1431111300 10 659 10 910
1431111000 10 747 11 782
1431110700 10 992 11 1042
1431110400 10 1119 10 1138
1431110100 10 1092 11 1138
1431109800 10 931 11 1082
1431109500 10 1045 10 1080
1431109200 10 692 10 1080
1431108900 10 984 11 1075
1431108600 10 1160 11 1181
1431108300 10 1308 10 1339
1431108000 10 806 11 1339
1431107700 10 607 11 681
1431107400 10 695 10 720
1431107100 10 797 11 816
1431106800 10 896 11 915
1431106500 10 778 10 915
1431106200 10 695 10 746
1431105900 10 628 11 684
1431105600 10 877 11 939
1431105300 10 836 10 939
1431105000 10 658 11 812
1431104700 10 784 11 822
1431104400 10 746 10 822
1431104100 10 649 11 729
1431103800 10 724 11 746
1431103500 10 924 10 966
1431103200 10 973 11 975
1431102900 10 654 11 975
1431102600 10 647 10 664
1431102300 10 775 11 801
1431102000 10 572 11 801
1431101700 10 638 10 666
1431101400 8794 9493 10855 11564
1431101100 11068 11767 11119 11815
1431100800 11156 11988 11165 12029
1431100500 11130 11909 11165 12029
1431100200 11122 12151 11123 12215
1431099900 11123 11954 11123 12215
1431099600 11123 11878 11123 11893
1431099300 11093 11877 11123 11878
1431099000 11115 11856 11123 11878
1431098700 8930 9732 11123 11852
1431098400 1607 2613 8416 9235
1431098100 10 1158 10 1182
1431097800 10 835 11 1182
1431097500 7987 8718 9859 10587
1431097200 10882 11542 11123 11767
1431096900 11092 12073 11123 12145
1431096600 11115 12106 11123 12145
1431096300 10113 11092 11123 12098
1431096000 10886 11624 11123 11805
1431095700 11123 11771 11123 11805
1431095400 11123 11772 11123 11774
1431095100 11123 11799 11123 11806
1431094800 11123 11789 11123 11806
1431094500 11122 11994 11123 12044
1431094200 11123 11894 11124 12044
1431093900 11122 11876 11124 11880
1431093600 11122 12202 11122 12278
1431093300 11123 12123 11124 12278
1431093000 11152 12118 11159 12126
1431092700 11129 11891 11159 12126
1431092400 6107 6880 11123 11836
1431092100 944 1660 4931 5718
1431091800 10 779 11 796
1431091500 9 750 11 796
1431091200 9 1014 10 1079
1431090900 10 978 11 1079
1431090600 9 793 11 955
1431090300 9 870 10 897
1431090000 10 1022 11 1052
1431089700 10 1121 11 1138
1431089400 10 1090 10 1138
1431089100 10 1068 10 1079
1431088800 10 698 10 1066
1431088500 10 810 10 857
1431088200 10 869 10 872
1431087900 10 863 11 872
1431087600 10 542 11 862
1431087300 10 855 10 947
1431087000 10 804 11 947
1431086700 10 617 11 771
1431086400 10 698 10 726
1431086100 10 494 11 726
1431085800 10 691 11 751
1431085500 10 675 10 751
1431085200 10 617 11 658
1431084900 10 714 11 739
1431084600 10 795 10 809
1431084300 10 438 11 809
1431084000 10 428 11 446
1431083700 10 446 10 447
1431083400 10 351 11 447
1431083100 10 379 11 391
1431082800 10 416 10 423
1431082500 10 384 11 423
1431082200 11 398 12 404
1431081900 10 392 12 404
1431081600 10 334 11 390
1431081300 10 371 11 383
1431081000 10 481 10 505
1431080700 10 442 10 505
1431080400 10 308 11 428
1431080100 10 305 11 312
1431079800 10 290 10 312
1431079500 10 277 11 286
1431079200 9 303 11 310
1431078900 10 284 11 310
1431078600 11 273 11 278
1431078300 9 320 11 332
1431078000 9 278 10 332
1431077700 10 296 11 304
1431077400 10 316 11 319
1431077100 10 301 10 319
1431076800 10 302 10 304
1431076500 10 283 10 304
1431076200 10 290 10 293
1431075900 10 312 10 317
1431075600 10 305 10 317
1431075300 10 303 10 303
1431075000 10 310 11 312
1431074700 11 313 11 314
1431074400 10 273 11 314
1431074100 10 306 10 317
1431073800 10 303 10 317
1431073500 10 293 10 300
1431073200 10 284 11 292
1431072900 11 300 11 304
1431072600 10 339 11 348
1431072300 10 315 10 348
1431072000 10 304 11 308
1431071700 10 311 11 313
1431071400 10 283 10 313
1431071100 10 298 11 304
1431070800 10 287 11 304
1431070500 10 297 10 301
1431070200 10 320 11 325
1431069900 10 290 11 325
1431069600 10 298 10 302
1431069300 10 301 10 302
1431069000 10 279 10 301
1431068700 10 305 10 313
1431068400 10 306 10 313
1431068100 10 305 11 306
1431067800 10 284 11 306
1431067500 10 307 11 314
1431067200 11 292 11 314
1431066900 9 291 11 293
1431066600 9 307 10 311
1431066300 10 291 11 311
1431066000 9 282 11 287
1431065700 10 291 11 294
1431065400 11 297 11 298
1431065100 10 283 11 298
1431064800 10 293 10 297
1431064500 10 297 11 298
1431064200 10 304 11 306
1431063900 10 318 10 322
1431063600 10 294 11 322
1431063300 10 288 11 289
1431063000 10 298 10 301
1431062700 10 304 11 305
1431062400 11 298 11 305
1431062100 10 302 11 304
1431061800 10 289 11 304
1431061500 10 307 11 312
1431061200 10 321 10 324
1431060900 10 313 10 324
1431060600 10 295 11 311
1431060300 10 309 11 314
1431060000 10 296 10 314
1431059700 10 293 11 294
1431059400 10 298 11 300
1431059100 10 300 10 300
1431058800 10 281 11 300
1431058500 10 288 11 291
1431058200 10 308 10 313
1431057900 10 288 11 313
1431057600 10 319 11 328
1431057300 10 302 10 328
1431057000 10 300 10 301
1431056700 10 309 11 312
1431056400 10 287 11 312
1431056100 10 329 11 341
1431055800 10 325 11 341
1431055500 10 289 10 322
1431055200 10 316 10 325
1431054900 10 298 11 325
1431054600 10 285 11 292
1431054300 10 297 10 301
1431054000 10 409 11 435
1431053700 9 328 11 435
1431053400 9 308 10 309
1431053100 10 311 11 312
1431052800 10 305 11 312
1431052500 10 299 11 304
1431052200 10 303 11 305
1431051900 10 281 10 305
1431051600 10 293 10 297
1431051300 10 318 11 323
1431051000 10 314 11 323
1431050700 10 286 10 312
1431050400 10 325 11 336
1431050100 10 331 11 336
1431049800 10 345 10 349
1431049500 10 364 11 368
1431049200 10 329 11 368
1431048900 10 334 10 338
1431048600 10 380 11 390
1431048300 10 333 11 390
1431048000 10 343 10 349
1431047700 10 337 10 349
1431047400 10 319 11 335
1431047100 10 339 11 345
1431046800 10 373 10 380
1431046500 10 362 11 380
1431046200 9 326 11 358
1431045900 9 337 10 342
1431045600 10 373 11 381
1431045300 10 327 11 381
1431045000 10 383 10 399
1431044700 10 345 10 399
1431044400 10 331 10 333
1431044100 10 343 10 346
1431043800 10 357 10 360
1431043500 10 335 11 360
1431043200 10 347 11 352
1431042900 10 355 10 356
1431042600 10 352 10 356
1431042300 10 327 10 352
1431042000 10 329 10 331
1431041700 10 332 11 333
1431041400 9 449 11 477
1431041100 10 346 11 477
1431040800 11 337 11 342
1431040500 10 339 11 342
1431040200 10 325 10 339
1431039900 10 390 11 407
1431039600 10 359 11 407
1431039300 10 348 10 349
1431039000 12 323 13 349
1431038700 10 328 13 331
1431038400 10 343 10 347
1431038100 10 382 11 391
1431037800 10 342 11 391
1431037500 10 322 10 331
1431037200 10 319 11 321
1431036900 10 318 11 319
1431036600 10 330 10 333
1431036300 10 330 10 333
1431036000 10 332 10 333
1431035700 10 402 10 419
1431035400 10 371 10 419
1431035100 10 331 11 360
1431034800 10 332 11 334
1431034500 10 327 10 334
1431034200 10 368 11 378
1431033900 9 334 11 378
1431033600 10 334 11 337
1431033300 11 348 11 351
1431033000 9 419 11 435
1431032700 9 757 10 833
1431032400 10 464 10 833
1431032100 10 386 10 388
1431031800 10 423 10 432
1431031500 10 519 10 540
1431031200 10 406 10 540
1431030900 10 408 10 416
1431030600 10 619 11 667
1431030300 11 593 11 667
1431030000 10 508 11 576
1431029700 10 535 11 546
1431029400 11 604 11 618
1431029100 9 609 11 618
1431028800 9 1001 10 1094
1431028500 10 1032 11 1094
1431028200 10 941 11 1018
1431027900 10 763 11 923
1431027600 11 863 11 896
1431027300 10 845 11 896
1431027000 10 771 10 834
1431026700 10 859 11 883
1431026400 10 907 11 913
1431026100 10 981 10 997
1431025800 10 956 10 997
1431025500 10 952 10 954
1431025200 8783 9667 10841 11711
1431024900 11070 11740 11124 11747
1431024600 11123 11902 11124 11939
1431024300 9431 10055 11123 11939
1431024000 1724 2394 9035 9614
1431023700 10 896 11 942
1431023400 10 925 11 942
1431023100 10 691 10 922
1431022800 10 615 11 637
1431022500 11 683 11 700
1431022200 9 674 11 700
1431021900 9 599 10 669
1431021600 10 889 11 961
1431021300 10 998 11 1007
1431021000 10 903 10 1007
1431020700 10 1303 11 1403
1431020400 10 803 11 1403
1431020100 10 722 10 736
1431019800 10 742 11 744
1431019500 10 913 11 953
1431019200 10 1294 10 1375
1431018900 10 840 11 1375
1431018600 10 796 11 816
1431018300 10 1006 10 1051
1431018000 10 1014 10 1051
1431017700 10 942 11 1006
1431017400 10 795 11 927
1431017100 10 853 10 874
1431016800 10 660 11 874
1431016500 10 644 11 652
1431016200 10 731 10 750
1431015900 10 732 11 750
1431015600 10 671 11 729
1431015300 10 728 10 745
1431015000 10 847 11 871
1431014700 10 863 11 871
1431014400 10 1155 10 1224
1431014100 10 1123 10 1224
1431013800 8954 9864 11053 11920
1431013500 11108 11815 11122 11920
1431013200 11122 11837 11123 11848
1431012900 11122 11817 11123 11848
1431012600 11123 12022 11124 12072
1431012300 11122 11908 11124 12072
1431012000 11122 11778 11123 11870
1431011700 11122 11876 11123 11905
1431011400 11123 11947 11124 11957
1431011100 11153 11879 11160 11957
1431010800 11130 11841 11160 11861
1431010500 11122 11914 11123 11933
1431010200 11122 12014 11123 12034
1431009900 11122 11874 11123 12034
1431009600 11122 11930 11123 11952
1431009300 11093 11772 11123 11952
1431009000 11146 11786 11161 11800
1431008700 10413 11211 11161 11800
1431008400 1953 3024 10238 11074
1431008100 10 882 10 1136
1431007800 10 754 10 823
1431007500 10 851 10 878
1431007200 10 726 10 878
1431006900 10 938 11 996
1431006600 10 1046 11 1058
1431006300 10 1047 10 1058
1431006000 10 1023 11 1045
1431005700 10 942 11 1018
1431005400 10 872 10 925
1431005100 10 821 11 860
1431004800 10 785 11 813
1431004500 10 840 10 855
1431004200 10 849 11 855
1431003900 10 940 11 962
1431003600 10 880 10 962
1431003300 10 806 10 862
1431003000 10 779 10 794
1431002700 10 776 10 776
1431002400 10 823 10 835
1431002100 10 1078 11 1136
1431001800 10 1089 11 1136
1431001500 2111 2968 2605 3412
1431001200 9505 10460 11124 12114
1431000900 10919 11956 11124 12114
1431000600 2077 3168 10871 11919
1431000300 10 787 15 1116
1431000000 10 783 10 801
1430999700 10 900 10 924
1430999400 10 883 10 924
1430999100 10 1017 11 1051
1430998800 10 617 11 1051
1430998500 10 614 10 637
1430998200 10 651 11 655
1430997900 9 732 11 751
1430997600 10 523 11 751
1430997300 11 436 11 470
1430997000 9 373 11 429
1430996700 9 428 10 445
1430996400 10 376 12 475
1430994600 10 341 11 381
1430992800 10 342 11 372
1430991000 9 347 11 379
1430989200 9 342 11 370
1430987400 10 346 10 399
1430985600 9 345 11 412
1430983800 10 352 11 379
1430982000 10 341 11 376
1430980200 10 338 11 374
1430978400 9 344 11 415
1430976600 9 354 11 415
1430974800 10 345 11 381
1430973000 10 353 11 384
1430971200 10 343 11 382
1430969400 10 365 11 409
1430967600 10 391 11 527
1430965800 9 371 11 424
1430964000 9 365 11 408
1430962200 10 367 11 406
1430960400 10 370 11 414
1430958600 10 377 11 488
1430956800 10 368 11 425
1430955000 10 366 11 406
1430953200 10 367 11 416
1430951400 10 372 10 411
1430949600 9 358 11 401
1430947800 10 428 11 582
1430946000 10 447 11 651
1430944200 10 626 11 732
1430942400 9 830 11 961
1430940600 10 851 11 1135
1430938800 1573 2288 11122 11897
1430937000 11116 12006 11124 12355
1430935200 11128 12043 11159 12391
1430933400 11120 11911 11160 12152
1430931600 7028 7901 11160 12152
1430929800 10 907 11 1185
1430928000 9 861 11 968
1430926200 10 945 11 1252
1430924400 9 986 11 1159
1430922600 10 934 11 1320
1430920800 9 928 11 1359
1430919000 10 1166 11 1504
1430917200 9 1156 11 1504
1430915400 10 812 11 1018
1430913600 10 646 11 903
1430911800 9 510 11 686
1430910000 10 351 13 672
1430908200 10 416 11 587
1430906400 10 333 11 363
1430904600 9 341 11 378
1430902800 10 335 11 372
1430901000 10 341 11 374
1430899200 10 335 11 374
1430897400 10 332 11 362
1430895600 10 368 11 511
1430893800 10 336 11 365
1430892000 9 334 11 380
1430890200 10 347 11 401
1430888400 10 338 11 376
1430886600 10 338 11 373
1430884800 10 341 11 378
1430883000 10 346 11 385
1430881200 10 336 11 379
1430879400 9 379 11 471
1430877600 10 337 11 424
1430875800 10 362 11 477
1430874000 10 339 11 477
1430872200 9 336 11 365
1430870400 10 324 11 364
1430868600 10 328 11 374
1430866800 10 330 12 383
1430865000 10 333 11 361
1430863200 10 331 11 369
1430861400 9 363 11 448
1430859600 9 489 11 690
1430857800 10 618 11 727
1430856000 8676 9245 11160 11761
1430854200 7097 7723 11123 11916
1430852400 10 648 11 797
1430850600 10 735 11 916
1430848800 10 844 11 1015
1430847000 9 813 11 1079
1430845200 9 808 11 1031
1430843400 10 852 11 1017
1430841600 10 962 11 1211
1430839800 10 837 11 1067
1430838000 20 752 87 898
1430836200 102 1044 555 1253
1430834400 10 865 11 1209
1430832600 10 1121 11 1638
1430830800 9 1001 11 1638
1430829000 10 811 11 1079
1430827200 9 739 11 930
1430825400 10 344 11 563
1430823600 10 270 11 370
1430821800 10 274 11 418
1430820000 9 253 11 273
1430818200 10 247 11 271
1430816400 10 252 11 281
1430814600 10 254 11 277
1430812800 9 250 11 285
1430811000 10 250 11 285
1430809200 10 248 11 296
1430807400 9 250 11 315
1430805600 10 248 11 274
1430803800 10 252 11 290
1430802000 10 274 11 334
1430800200 9 248 11 291
1430798400 9 245 11 278
1430796600 10 287 11 416
1430794800 10 249 11 289
1430793000 10 273 11 369
1430791200 10 270 11 297
1430789400 10 276 11 321
1430787600 9 277 11 319
1430785800 9 291 11 319
1430784000 10 280 11 327
1430782200 10 280 11 353
1430780400 10 272 13 294
1430778600 9 280 11 307
1430776800 10 280 11 318
1430775000 3698 3984 11123 11496
1430773200 11127 11741 11160 12044
1430771400 11122 11813 11123 11922
1430769600 7392 8227 11123 11901
1430767800 9 753 11 1127
1430766000 10 911 11 1058
1430764200 9 1026 11 1244
1430762400 10 869 11 1265
1430760600 9 777 11 975
1430758800 10 705 11 788
1430757000 10 836 11 1026
1430755200 10 966 11 1273
1430753400 10 979 11 1416
1430751600 1117 2076 8222 9227
1430749800 11030 12259 11123 12581
1430748000 7085 8106 11123 12305
1430746200 10 1149 11 1327
1430744400 9 1076 11 1327
1430742600 10 709 11 1317
1430740800 10 466 11 750
1430739000 10 250 11 271
1430737200 10 275 12 418
1430735400 10 293 11 514
1430733600 10 199 11 222
1430731800 10 202 11 222
1430730000 10 202 11 218
1430728200 10 208 11 218
1430726400 9 207 11 226
1430724600 9 202 11 226
1430722800 10 199 11 226
1430721000 10 205 11 223
1430719200 10 200 11 208
1430717400 10 202 11 225
1430715600 10 206 11 218
1430713800 9 210 11 228
1430712000 9 202 11 216
1430710200 10 205 11 228
1430708400 10 202 11 215
1430706600 10 202 11 221
1430704800 9 211 11 234
1430703000 10 204 11 237
1430701200 10 202 11 239
1430699400 9 203 11 222
1430697600 10 200 11 216
1430695800 10 201 11 217
1430694000 10 202 12 214
1430692200 9 202 11 229
1430690400 10 199 11 216
1430688600 10 198 11 219
1430686800 10 197 11 212
1430685000 10 204 11 216
1430683200 10 205 11 225
1430681400 10 198 11 217
1430679600 9 201 11 219
1430677800 10 202 11 224
1430676000 10 197 11 233
1430674200 10 198 11 218
1430672400 10 197 11 220
1430670600 10 204 11 224
1430668800 9 198 11 224
1430667000 10 199 11 226
1430665200 10 198 11 212
1430663400 9 201 11 233
1430661600 10 201 11 216
1430659800 10 200 11 216
1430658000 10 199 11 213
1430656200 10 206 11 227
1430654400 10 197 11 205
1430652600 10 199 11 223
1430650800 10 196 13 223
1430649000 10 199 11 223
1430647200 10 203 11 225
1430645400 10 199 11 222
1430643600 10 193 11 209
1430641800 9 205 11 225
1430640000 10 197 11 210
1430638200 10 197 11 213
1430636400 10 199 11 224
1430634600 9 210 11 228
1430632800 9 199 11 220
1430631000 10 198 11 219
1430629200 10 204 11 241
1430627400 10 207 11 229
1430625600 10 203 11 226
1430623800 10 202 11 226
1430622000 9 197 11 218
1430620200 10 199 11 226
1430618400 10 199 11 209
1430616600 10 197 11 208
1430614800 10 201 11 215
1430613000 9 204 11 220
1430611200 10 198 11 210
1430609400 9 197 11 217
1430607600 10 198 12 217
1430605800 10 201 11 226
1430604000 10 200 11 215
1430602200 9 199 11 223
1430600400 9 200 11 225
1430598600 10 203 10 226
1430596800 10 199 11 212
1430595000 10 197 11 219
1430593200 10 202 11 236
1430591400 10 201 11 223
1430589600 9 199 11 208
1430587800 9 197 11 215
1430586000 10 199 11 219
1430584200 10 202 11 223
1430582400 10 199 11 214
1430580600 10 195 11 209
1430578800 10 198 11 220
1430577000 10 204 11 231
1430575200 10 199 11 210
1430573400 9 196 11 209
1430571600 10 201 11 215
1430569800 10 206 11 230
1430568000 10 199 11 215
1430566200 10 197 11 208
1430564400 10 201 12 224
1430562600 10 201 11 230
1430560800 9 199 11 226
1430559000 10 197 10 219
1430557200 9 197 11 208
1430555400 10 202 11 231
1430553600 10 200 11 219
1430551800 10 195 11 205
1430550000 10 196 11 205
1430548200 10 207 11 225
1430546400 9 199 11 212
1430544600 10 200 11 222
1430542800 10 199 11 221
1430541000 10 205 11 219
1430539200 10 198 11 215
1430537400 10 219 11 344
1430535600 9 196 11 212
1430533800 9 210 11 242
1430532000 10 217 11 348
1430530200 10 194 11 221
1430528400 10 192 11 215
1430526600 10 208 11 220
1430524800 10 199 11 212
1430523000 9 221 11 305
1430521200 10 203 12 225
1430519400 10 201 11 229
1430517600 10 200 11 214
1430515800 10 262 11 426
1430514000 9 356 11 483
1430512200 10 579 10 696
1430510400 10 728 11 953
1430508600 10 691 11 741
1430506800 10 794 11 1004
1430505000 10 764 11 1135
1430503200 9 846 11 1483
1430501400 9 818 11 1483
1430499600 10 789 11 941
1430497800 10 791 11 1022
1430496000 10 797 11 1022
1430494200 4613 5431 11123 12076
1430492400 6640 7404 11160 12076
1430490600 10 932 11 1199
1430488800 10 835 11 955
1430487000 9 964 11 1402
1430485200 10 927 11 1093
1430483400 10 800 11 903
1430481600 10 737 11 922
1430479800 9 584 11 906
1430478000 10 532 12 724
1430476200 9 373 11 441
1430474400 9 345 11 402
1430472600 10 338 11 402
1430470800 10 336 11 387
1430469000 10 363 11 415
1430467200 9 370 11 473
1430465400 10 338 10 381
1430463600 9 342 11 394
1430461800 10 339 10 386
1430460000 9 342 11 396
1430458200 10 357 11 404
1430456400 10 340 11 402
1430454600 10 350 11 410
1430452800 9 343 11 403
1430451000 10 368 11 521
1430449200 10 351 11 521
1430447400 10 355 11 401
1430445600 10 357 11 373
1430443800 10 359 10 509
1430442000 9 349 11 383
1430440200 9 376 11 431
1430438400 10 356 11 428
1430436600 10 366 11 444
1430434800 10 378 12 456
1430433000 9 351 11 436
1430431200 10 360 10 437
1430429400 10 446 11 636
1430427600 10 555 11 757
1430425800 10 684 11 859
1430424000 10 892 11 1014
1430422200 9 988 11 1202
1430420400 7605 8468 11160 12110
1430418600 11126 11971 11161 12132
1430416800 6135 7056 11161 12304
1430415000 10 964 11 1117
1430413200 70 1051 378 1232
1430411400 10 1865 11 3358
1430409600 10 1057 11 1341
1430407800 930 2183 6832 7622
1430406000 10986 11906 11160 12320
1430404200 11127 12032 11159 12147
1430402400 2015 3012 11122 12110
1430400600 10 970 11 1131
1430398800 9 1068 11 1364
1430397000 10 1161 11 1846
1430395200 10 605 11 1846
1430393400 10 460 11 595
1430391600 10 444 12 552
1430389800 10 449 11 726
1430388000 9 386 11 432
1430386200 10 377 11 422
1430384400 10 404 11 428
1430382600 10 408 11 457
1430380800 10 412 11 453
1430379000 10 395 11 437
1430377200 9 405 11 444
1430375400 9 404 11 439
1430373600 10 473 11 533
1430371800 10 478 11 564
1430370000 10 472 11 534
1430368200 10 471 11 506
1430366400 10 486 11 518
1430364600 10 470 11 515
1430362800 10 485 11 515
1430361000 10 501 11 616
1430359200 9 501 11 582
1430357400 10 472 11 513
1430355600 10 500 11 529
1430353800 10 491 11 546
1430352000 10 498 11 527
1430350200 9 494 11 601
1430348400 10 491 12 601
1430346600 10 480 11 561
1430344800 10 503 11 569
1430343000 10 612 11 879
1430341200 10 652 11 962
1430339400 10 723 11 1002
1430337600 9 974 11 1256
1430335800 10 909 11 1178
1430334000 10 759 11 916
1430332200 10 880 11 1075
1430330400 10 1113 11 1515
1430328600 10 762 11 893
1430326800 9 979 11 1164
1430325000 9 843 11 921
1430323200 10 875 11 944
1430321400 10 863 11 1190
1430319600 10 868 11 1043
1430317800 10 1046 11 1309
1430316000 10 1031 11 1768
1430314200 9 1146 11 1492
1430312400 10 994 11 1320
1430310600 10 804 11 1023
1430308800 10 725 11 998
1430307000 159 528 910 994
1430305200 10 357 12 399
1430303400 10 350 11 404
1430301600 9 356 11 420
1430299800 9 347 11 420
1430298000 9 351 11 388
1430296200 10 349 11 410
1430294400 10 344 11 410
1430292600 10 344 11 397
1430290800 10 358 11 415
1430289000 10 357 11 437
1430287200 9 342 11 390
1430285400 9 372 11 467
1430283600 9 481 11 595
1430281800 9 420 11 459
1430280000 10 422 11 465
1430278200 9 422 11 453
1430276400 9 451 11 499
1430274600 9 573 11 650
1430272800 10 564 11 620
1430271000 10 567 11 622
1430269200 10 589 11 604
1430267400 10 587 10 587
1430265600 10 587 10 587
1430263800 10 587 10 587
1430262000 10 587 10 587
1430260200 10 587 10 587
1430258400 10 578 10 587
1430256600 10 409 11 559
1430254800 9 535 11 764
1430253000 9 676 12 788
1430251200 10 693 11 895
1430249400 10 728 11 895
1430247600 10 570 11 716
1430245800 9 709 11 912
1430244000 10 725 11 992
1430242200 9 685 11 752
1430240400 5622 6266 11123 11904
1430238600 11122 11716 11161 11840
1430236800 7954 8606 11124 12029
1430235000 10 641 11 827
1430233200 1718 2452 11124 11891
1430231400 5870 6614 11124 11891
1430229600 10 592 11 707
1430227800 1783 2543 11123 12401
1430226000 11128 11997 11161 12401
1430224200 7089 7623 11124 11770
1430222400 115 818 2919 3271
1430220600 752 1091 2919 3271
1430218800 10 383 11 538
1430217000 10 352 11 399
1430215200 10 339 11 388
1430213400 9 337 11 390
1430211600 9 345 11 391
1430209800 10 354 12 432
1430208000 10 345 11 411
1430206200 10 348 11 411
1430204400 10 343 11 402
1430202600 10 349 11 430
1430200800 10 350 11 375
1430199000 10 352 11 416
1430197200 10 356 11 389
1430195400 10 349 11 391
1430193600 10 340 11 369
1430191800 10 341 11 378
1430190000 9 379 11 447
1430188200 10 440 11 528
1430186400 9 437 11 463
1430184600 10 431 11 490
1430182800 9 489 11 545
1430181000 9 472 11 580
1430179200 10 472 11 537
1430177400 9 462 11 518
1430175600 10 473 11 530
1430173800 10 475 11 566
1430172000 10 450 11 544
1430170200 10 486 11 583
1430168400 1136 1748 8604 9115
1430166600 1141 1826 8604 9115
1430164800 10 633 11 742
1430163000 10 633 11 756
1430161200 10 813 11 1088
1430159400 9 679 11 843
1430157600 10 702 11 1204
1430155800 10 715 11 939
1430154000 10 685 11 810
1430152200 10 594 11 660
1430150400 9 617 11 824
1430148600 10 637 11 824
1430146800 10 696 11 895
1430145000 10 636 11 708
1430143200 10 697 11 933
1430141400 9 700 11 874
1430139600 10 776 11 932
1430137800 10 677 11 867
1430136000 10 591 11 899
1430134200 10 341 11 480
1430132400 10 301 11 445
1430130600 10 276 11 324
1430128800 9 271 11 298
1430127000 10 269 11 299
1430125200 10 276 11 310
1430123400 10 276 12 331
1430121600 10 269 11 311
1430119800 10 265 11 291
1430118000 10 281 12 327
1430116200 10 317 11 542
1430114400 9 270 11 296
1430112600 10 264 11 283
1430110800 10 280 11 332
1430109000 10 289 11 337
1430107200 10 271 11 304
1430105400 9 263 11 283
1430103600 10 271 11 305
1430101800 9 277 11 321
1430100000 10 266 11 289
1430098200 10 263 11 286
1430096400 10 275 11 302
1430094600 10 282 11 335
1430092800 10 266 11 282
1430091000 9 265 11 290
1430089200 10 272 11 288
1430087400 9 276 11 319
1430085600 10 265 10 285
1430083800 10 270 11 296
1430082000 9 271 11 302
1430080200 10 281 12 333
1430078400 10 271 11 297
1430076600 10 265 11 279
1430074800 10 275 11 293
1430073000 9 278 11 312
1430071200 9 268 11 299
1430069400 10 261 11 274
1430067600 10 280 11 303
1430065800 10 276 11 315
1430064000 9 269 11 305
1430062200 9 260 11 290
1430060400 10 285 11 336
1430058600 10 285 11 311
1430056800 10 270 11 300
1430055000 9 272 11 294
1430053200 9 273 11 283
1430051400 10 283 11 315
1430049600 9 281 11 308
1430047800 10 266 11 285
1430046000 10 283 11 305
1430044200 10 285 11 310
1430042400 10 279 11 304
1430040600 10 267 11 288
1430038800 10 276 11 299
1430037000 9 284 12 333
1430035200 9 278 11 316
1430033400 10 303 11 452
1430031600 9 303 11 400
1430029800 9 279 11 320
1430028000 10 271 11 297
1430026200 10 272 11 299
1430024400 10 284 11 336
1430022600 10 278 11 341
1430020800 10 282 11 301
1430019000 10 278 11 310
1430017200 10 274 11 298
1430015400 9 285 11 356
1430013600 10 272 11 291
1430011800 10 265 11 297
1430010000 10 330 11 535
1430008200 9 319 11 362
1430006400 10 289 11 324
1430004600 10 284 11 318
1430002800 9 290 11 314
1430001000 10 300 11 335
1429999200 10 282 11 309
1429997400 10 287 11 315
1429995600 10 287 11 549
1429993800 67 450 350 782
1429992000 10 340 11 387
1429990200 10 406 11 595
1429988400 10 444 11 1043
1429986600 10 415 11 890
1429984800 10 379 11 992
1429983000 10 404 11 875
1429981200 9 376 11 488
1429979400 10 356 10 603
1429977600 9 424 11 603
1429975800 10 365 11 452
1429974000 10 294 10 348
1429972200 593 944 3515 3915
1429970400 10 371 11 566
1429968600 10 471 11 850
1429966800 9 261 12 295
1429965000 10 257 12 273
1429963200 10 258 11 268
1429961400 10 258 11 286
1429959600 10 258 11 279
1429957800 10 254 11 279
1429956000 9 258 11 279
1429954200 10 266 11 290
1429952400 10 260 11 277
1429950600 10 256 11 275
1429948800 10 265 11 280
1429947000 9 258 11 273
1429945200 10 301 11 510
1429943400 9 258 11 279
1429941600 10 256 11 274
1429939800 9 257 11 275
1429938000 10 266 11 282
1429936200 9 266 11 290
1429934400 10 274 11 324
1429932600 10 257 11 278
1429930800 10 253 11 278
1429929000 10 268 11 332
1429927200 10 264 11 292
1429925400 9 276 11 323
1429923600 10 263 12 277
1429921800 10 270 12 294
1429920000 10 263 11 284
1429918200 10 256 11 271
1429916400 10 256 11 278
1429912800 9 467 11 916
1429905600 9 855 12 1247
1429898400 1275 2223 11086 11990
1429891200 2324 3316 11124 12228
1429884000 1981 3046 11161 12317
1429876800 9 542 11 1405
1429869600 9 331 11 388
1429862400 9 331 11 407
1429855200 9 337 11 454
1429848000 9 336 11 406
1429840800 9 341 11 389
1429833600 9 340 11 422
1429826400 9 541 11 828
1429819200 239 1210 11086 11927
1429812000 1576 2530 11160 12268
1429804800 7290 8253 11161 12730
1429797600 10007 10897 11162 12730
1429790400 9 451 11 793
1429783200 9 318 11 357
1429776000 9 316 11 382
1429768800 9 331 11 418
1429761600 9 354 11 428
1429754400 9 407 11 544
1429747200 10 407 11 533
1429740000 9 548 11 844
1429732800 9 746 11 1005
1429725600 9 768 11 1155
1429718400 4693 5508 11160 12222
1429711200 7315 8154 11161 12572
1429704000 9 446 11 1282
1429696800 9 303 11 343
1429689600 9 307 11 359
1429682400 10 307 11 387
1429675200 9 308 11 379
1429668000 10 314 11 424
1429660800 9 306 11 404
1429653600 9 604 11 902
1429646400 202 1279 11123 12197
1429639200 3537 4679 11161 12655
1429632000 7402 8414 11160 12448
1429624800 10 1052 11 1560
1429617600 9 482 11 1168
1429610400 9 337 11 390
1429603200 9 331 11 382
1429596000 9 354 38 529
1429588800 9 401 11 502
1429581600 9 408 12 578
1429574400 9 398 11 454
1429567200 10 468 11 1176
1429560000 5867 6748 11160 12145
1429552800 1385 2291 11123 12068
1429545600 1432 2407 11123 12229
1429538400 9 1019 12 1764
1429531200 10 489 11 891
1429524000 10 373 11 471
1429516800 9 373 11 436
1429509600 9 375 11 453
1429502400 9 371 11 484
1429495200 9 368 12 431
1429488000 10 361 11 423
1429480800 9 364 11 414
1429473600 10 360 11 406
1429466400 9 366 11 431
1429459200 10 364 11 428
1429452000 9 368 12 445
1429444800 9 371 11 416
1429437600 10 374 11 454
1429430400 9 368 11 562
1429423200 10 354 11 442
1429416000 9 349 11 442
1429408800 9 352 12 396
1429401600 9 348 11 449
1429394400 9 345 11 410
1429387200 9 344 11 395
1429380000 10 342 11 389
1429372800 9 343 11 397
1429365600 10 339 12 382
1429358400 9 345 11 405
1429351200 10 339 11 404
1429344000 9 350 11 465
1429336800 9 352 11 401
1429329600 9 359 11 438
1429322400 10 344 11 388
1429315200 9 352 11 472
1429308000 9 423 11 971
1429300800 1327 1961 11159 11789
1429293600 1581 2242 11124 12070
1429286400 5553 6200 11160 11900
1429279200 5808 6582 11161 12042
1429272000 9 548 11 784
1429264800 9 433 11 492
1429257600 9 438 11 527
1429250400 9 440 11 544
1429243200 10 444 11 574
1429236000 9 454 12 561
1429228800 9 455 11 734
1429221600 9 655 11 1102
1429214400 10 1139 11 1349
1429207200 5438 6575 11160 12616
1429200000 9 1152 11 1448
1429192800 816 2042 11124 12314
1429185600 9 664 11 1447
1429178400 9 410 11 513
1429171200 9 439 11 572
1429164000 9 461 11 586
1429156800 10 499 11 766
1429149600 9 573 12 930
1429142400 9 603 11 850
1429135200 10 1128 23 1523
1429128000 9 1491 11 2207
1429120800 2546 4048 11124 12861
1429113600 4969 6612 11160 13530
1429106400 788 2785 11123 12520
1429099200 9 701 11 1339
1429092000 10 545 11 650
1429084800 9 533 11 842
1429077600 9 510 11 700
1429070400 9 544 11 726
1429063200 9 591 12 739
1429056000 9 635 11 989
1429048800 10 673 11 928
1429041600 9 877 11 1222
1429034400 9 1069 11 1480
1429027200 1693 2670 11124 12294
1429020000 9 1005 13 1377
1429012800 9 620 11 926
1429005600 10 548 11 613
1428998400 9 557 11 694
1428991200 10 621 11 730
1428984000 9 656 11 829
1428976800 9 656 12 804
1428969600 9 769 11 1397
1428962400 9 874 11 1626
1428955200 9 1631 11 2122
1428948000 7826 9235 11161 12696
1428940800 7526 8933 11161 13063
1428933600 9 1085 12 1830
1428926400 9 362 11 839
1428919200 9 241 11 290
1428912000 9 246 11 312
1428904800 10 247 11 364
1428897600 9 238 11 323
1428890400 10 250 12 312
1428883200 9 244 11 322
1428876000 10 249 11 315
1428868800 9 248 11 329
1428861600 9 247 11 309
1428854400 9 263 11 447
1428847200 9 242 12 315
1428840000 9 240 11 299
1428832800 9 247 11 345
1428825600 9 239 11 315
1428818400 9 243 11 315
1428811200 9 240 11 330
1428804000 10 247 12 330
1428796800 9 237 11 295
1428789600 9 244 11 289
1428782400 9 244 11 310
1428775200 9 242 11 307
1428768000 9 242 11 315
1428760800 9 237 12 327
1428753600 9 239 11 337
1428746400 10 241 11 325
1428739200 9 250 11 371
1428732000 9 268 11 627
1428724800 9 244 11 306
1428717600 9 245 12 355
1428710400 9 251 11 329
1428703200 9 458 11 1029
1428696000 9 858 11 1130
1428688800 9 847 11 1257
1428681600 2649 3515 11124 12182
1428674400 6477 7294 11161 12252
1428667200 9 547 11 1047
1428660000 10 324 11 459
1428652800 9 339 11 481
1428645600 9 332 12 398
1428638400 9 341 11 512
1428631200 81 1607 112 2120
1428624000 112 2120 112 2120
1428616800 104 1381 1960 28679
1428609600 0 0 0 0
1428602400 0 0 0 0
1428595200 0 0 0 0
1428588000 0 0 0 0
1428580800 0 0 0 0
1428573600 0 0 0 0
1428566400 0 0 0 0
1428559200 0 0 0 0
1428552000 0 0 0 0
1428544800 0 0 0 0
1428537600 0 0 0 0
1428530400 0 0 0 0
1428523200 0 0 0 0
1428516000 0 0 0 0
1428508800 0 0 0 0
1428501600 0 0 0 0
1428494400 0 0 0 0
1428487200 0 0 0 0
1428480000 0 0 0 0
1428472800 0 0 0 0
1428465600 0 0 0 0
1428458400 0 0 0 0
1428451200 0 0 0 0
1428444000 0 0 0 0
1428436800 0 0 0 0
1428429600 0 0 0 0
1428422400 0 0 0 0
1428415200 0 0 0 0
1428408000 0 0 0 0
1428400800 0 0 0 0
1428393600 0 0 0 0
1428386400 0 0 0 0
1428379200 0 0 0 0
1428372000 0 0 0 0
1428364800 0 0 0 0
1428357600 0 0 0 0
1428350400 0 0 0 0
1428343200 0 0 0 0
1428336000 0 0 0 0
1428328800 0 0 0 0
1428321600 0 0 0 0
1428314400 0 0 0 0
1428307200 0 0 0 0
1428300000 0 0 0 0
1428292800 0 0 0 0
1428285600 0 0 0 0
1428278400 0 0 0 0
1428271200 0 0 0 0
1428264000 0 0 0 0
1428256800 0 0 0 0
1428249600 0 0 0 0
1428242400 0 0 0 0
1428235200 0 0 0 0
1428228000 0 0 0 0
1428220800 0 0 0 0
1428213600 0 0 0 0
1428206400 0 0 0 0
1428199200 0 0 0 0
1428192000 0 0 0 0
1428184800 0 0 0 0
1428177600 0 0 0 0
1428170400 0 0 0 0
1428163200 0 0 0 0
1428156000 0 0 0 0
1428148800 0 0 0 0
1428141600 0 0 0 0
1428134400 0 0 0 0
1428127200 0 0 0 0
1428120000 0 0 0 0
1428112800 0 0 0 0
1428105600 0 0 0 0
1428098400 0 0 0 0
1428091200 0 0 0 0
1428084000 0 0 0 0
1428076800 0 0 0 0
1428069600 0 0 0 0
1428062400 0 0 0 0
1428055200 0 0 0 0
1428048000 0 0 0 0
1428040800 0 0 0 0
1428033600 0 0 0 0
1428026400 0 0 0 0
1428019200 0 0 0 0
1428012000 0 0 0 0
1428004800 0 0 0 0
1427997600 0 0 0 0
1427990400 0 0 0 0
1427983200 0 0 0 0
1427976000 0 0 0 0
1427968800 0 0 0 0
1427961600 0 0 0 0
1427954400 0 0 0 0
1427947200 0 0 0 0
1427940000 0 0 0 0
1427932800 0 0 0 0
1427925600 0 0 0 0
1427918400 0 0 0 0
1427911200 0 0 0 0
1427904000 0 0 0 0
1427896800 0 0 0 0
1427889600 0 0 0 0
1427882400 0 0 0 0
1427875200 0 0 0 0
1427868000 0 0 0 0
1427860800 0 0 0 0
1427853600 0 0 0 0
1427846400 0 0 0 0
1427839200 0 0 0 0
1427832000 0 0 0 0
1427824800 0 0 0 0
1427817600 0 0 0 0
1427810400 0 0 0 0
1427803200 0 0 0 0
1427796000 0 0 0 0
1427788800 0 0 0 0
1427781600 0 0 0 0
1427774400 0 0 0 0
1427767200 0 0 0 0
1427760000 0 0 0 0
1427752800 0 0 0 0
1427745600 0 0 0 0
1427738400 0 0 0 0
1427731200 0 0 0 0
1427724000 0 0 0 0
1427716800 0 0 0 0
1427709600 0 0 0 0
1427702400 0 0 0 0
1427695200 0 0 0 0
1427688000 0 0 0 0
1427680800 0 0 0 0
1427673600 0 0 0 0
1427666400 0 0 0 0
1427659200 0 0 0 0
1427652000 0 0 0 0
1427644800 0 0 0 0
1427637600 0 0 0 0
1427630400 0 0 0 0
1427623200 0 0 0 0
1427616000 0 0 0 0
1427608800 0 0 0 0
1427601600 0 0 0 0
1427594400 0 0 0 0
1427587200 0 0 0 0
1427580000 0 0 0 0
1427572800 0 0 0 0
1427565600 0 0 0 0
1427558400 0 0 0 0
1427551200 0 0 0 0
1427544000 0 0 0 0
1427536800 0 0 0 0
1427529600 0 0 0 0
1427522400 0 0 0 0
1427515200 0 0 0 0
1427508000 0 0 0 0
1427500800 0 0 0 0
1427493600 0 0 0 0
1427486400 0 0 0 0
1427479200 0 0 0 0
1427472000 0 0 0 0
1427464800 0 0 0 0
1427457600 0 0 0 0
1427450400 0 0 0 0
1427443200 0 0 0 0
1427436000 0 0 0 0
1427428800 0 0 0 0
1427421600 0 0 0 0
1427414400 0 0 0 0
1427407200 0 0 0 0
1427400000 0 0 0 0
1427392800 0 0 0 0
1427385600 0 0 0 0
1427378400 0 0 0 0
1427371200 0 0 0 0
1427364000 0 0 0 0
1427356800 0 0 0 0
1427349600 0 0 0 0
1427342400 0 0 0 0
1427335200 0 0 0 0
1427328000 0 0 0 0
1427320800 0 0 0 0
1427313600 0 0 0 0
1427306400 0 0 0 0
1427299200 0 0 0 0
1427292000 0 0 0 0
1427284800 0 0 0 0
1427277600 0 0 0 0
1427270400 0 0 0 0
1427263200 0 0 0 0
1427256000 0 0 0 0
1427248800 0 0 0 0
1427241600 0 0 0 0
1427234400 0 0 0 0
1427227200 0 0 0 0
1427220000 0 0 0 0
1427212800 0 0 0 0
1427205600 0 0 0 0
1427198400 0 0 0 0
1427191200 0 0 0 0
1427184000 0 0 0 0
1427176800 0 0 0 0
1427169600 0 0 0 0
1427162400 0 0 0 0
1427155200 0 0 0 0
1427148000 0 0 0 0
1427140800 0 0 0 0
1427133600 0 0 0 0
1427126400 0 0 0 0
1427119200 0 0 0 0
1427112000 0 0 0 0
1427104800 0 0 0 0
1427097600 0 0 0 0
1427090400 0 0 0 0
1427083200 0 0 0 0
1427076000 0 0 0 0
1427068800 0 0 0 0
1427061600 0 0 0 0
1427054400 0 0 0 0
1427047200 0 0 0 0
1427040000 0 0 0 0
1427032800 0 0 0 0
1427025600 0 0 0 0
1427018400 0 0 0 0
1427011200 0 0 0 0
1427004000 0 0 0 0
1426996800 0 0 0 0
1426989600 0 0 0 0
1426982400 0 0 0 0
1426975200 0 0 0 0
1426968000 0 0 0 0
1426960800 0 0 0 0
1426953600 0 0 0 0
1426946400 0 0 0 0
1426939200 0 0 0 0
1426932000 0 0 0 0
1426924800 0 0 0 0
1426917600 0 0 0 0
1426910400 0 0 0 0
1426903200 0 0 0 0
1426896000 0 0 0 0
1426888800 0 0 0 0
1426881600 0 0 0 0
1426874400 0 0 0 0
1426867200 0 0 0 0
1426860000 0 0 0 0
1426852800 0 0 0 0
1426845600 0 0 0 0
1426838400 0 0 0 0
1426831200 0 0 0 0
1426824000 0 0 0 0
1426816800 0 0 0 0
1426809600 0 0 0 0
1426802400 0 0 0 0
1426795200 0 0 0 0
1426788000 0 0 0 0
1426780800 0 0 0 0
1426773600 0 0 0 0
1426766400 0 0 0 0
1426759200 0 0 0 0
1426752000 0 0 0 0
1426744800 0 0 0 0
1426737600 0 0 0 0
1426730400 0 0 0 0
1426723200 0 0 0 0
1426716000 0 0 0 0
1426708800 0 0 0 0
1426701600 0 0 0 0
1426694400 0 0 0 0
1426687200 0 0 0 0
1426680000 0 0 0 0
1426672800 0 0 0 0
1426665600 0 0 0 0
1426658400 0 0 0 0
1426651200 0 0 0 0
1426644000 0 0 0 0
1426636800 0 0 0 0
1426629600 0 0 0 0
1426622400 0 0 0 0
1426615200 0 0 0 0
1426608000 0 0 0 0
1426600800 0 0 0 0
1426593600 0 0 0 0
1426586400 0 0 0 0
1426579200 0 0 0 0
1426572000 0 0 0 0
1426564800 0 0 0 0
1426557600 0 0 0 0
1426550400 0 0 0 0
1426543200 0 0 0 0
1426536000 0 0 0 0
1426528800 0 0 0 0
1426521600 0 0 0 0
1426514400 0 0 0 0
1426507200 0 0 0 0
1426500000 0 0 0 0
1426492800 0 0 0 0
1426485600 0 0 0 0
1426478400 0 0 0 0
1426471200 0 0 0 0
1426464000 0 0 0 0
1426456800 0 0 0 0
1426449600 0 0 0 0
1426442400 0 0 0 0
1426435200 0 0 0 0
1426428000 0 0 0 0
1426420800 0 0 0 0
1426413600 0 0 0 0
1426406400 0 0 0 0
1426399200 0 0 0 0
1426392000 0 0 0 0
1426384800 0 0 0 0
1426377600 0 0 0 0
1426370400 0 0 0 0
1426363200 0 0 0 0
1426356000 0 0 0 0
1426348800 0 0 0 0
1426341600 0 0 0 0
1426334400 0 0 0 0
1426327200 0 0 0 0
1426320000 0 0 0 0
1426312800 0 0 0 0
1426305600 0 0 0 0
1426298400 0 0 0 0
1426291200 0 0 0 0
1426284000 0 0 0 0
1426276800 0 0 0 0
1426269600 0 0 0 0
1426262400 0 0 0 0
1426255200 0 0 0 0
1426248000 0 0 0 0
1426240800 0 0 0 0
1426233600 0 0 0 0
1426226400 0 0 0 0
1426219200 0 0 0 0
1426212000 0 0 0 0
1426204800 0 0 0 0
1426197600 0 0 0 0
1426190400 0 0 0 0
1426183200 0 0 0 0
1426176000 0 0 0 0
1426168800 0 0 0 0
1426161600 0 0 0 0
1426154400 0 0 0 0
1426147200 0 0 0 0
1426140000 0 0 0 0
1426132800 0 0 0 0
1426125600 0 0 0 0
1426118400 0 0 0 0
1426111200 0 0 0 0
1426104000 0 0 0 0
1426096800 0 0 0 0
1426089600 0 0 0 0
1426082400 0 0 0 0
1426075200 0 0 0 0
1426068000 0 0 0 0
1426060800 0 0 0 0
1426053600 0 0 0 0
1426046400 0 0 0 0
1426039200 0 0 0 0
1426032000 0 0 0 0
1426024800 0 0 0 0
1426017600 0 0 0 0
1426010400 0 0 0 0
1426003200 0 0 0 0
1425996000 0 0 0 0
1425988800 0 0 0 0
1425981600 0 0 0 0
1425974400 0 0 0 0
1425967200 0 0 0 0
1425960000 0 0 0 0
1425952800 0 0 0 0
1425945600 0 0 0 0
1425938400 0 0 0 0
1425931200 0 0 0 0
1425924000 0 0 0 0
1425916800 0 0 0 0
1425909600 0 0 0 0
1425902400 0 0 0 0
1425895200 0 0 0 0
1425888000 0 0 0 0
1425880800 0 0 0 0
1425873600 0 0 0 0
1425866400 0 0 0 0
1425859200 0 0 0 0
1425852000 0 0 0 0
1425844800 0 0 0 0
1425837600 0 0 0 0
1425830400 0 0 0 0
1425823200 0 0 0 0
1425816000 0 0 0 0
1425808800 0 0 0 0
1425801600 0 0 0 0
1425794400 0 0 0 0
1425787200 0 0 0 0
1425780000 0 0 0 0
1425772800 0 0 0 0
1425765600 0 0 0 0
1425758400 0 0 0 0
1425751200 0 0 0 0
1425744000 0 0 0 0
1425736800 0 0 0 0
1425729600 0 0 0 0
1425722400 0 0 0 0
1425715200 0 0 0 0
1425708000 0 0 0 0
1425700800 0 0 0 0
1425693600 0 0 0 0
1425686400 0 0 0 0
1425679200 0 0 0 0
1425672000 0 0 0 0
1425664800 0 0 0 0
1425657600 0 0 0 0
1425650400 0 0 0 0
1425643200 0 0 0 0
1425636000 0 0 0 0
1425628800 0 0 0 0
1425621600 0 0 0 0
1425614400 0 0 0 0
1425607200 0 0 0 0
1425600000 0 0 0 0
1425592800 0 0 0 0
1425513600 0 0 0 0
1425427200 0 0 0 0
1425340800 0 0 0 0
1425254400 0 0 0 0
1425168000 0 0 0 0
1425081600 0 0 0 0
1424995200 0 0 0 0
1424908800 0 0 0 0
1424822400 0 0 0 0
1424736000 0 0 0 0
1424649600 0 0 0 0
1424563200 0 0 0 0
1424476800 0 0 0 0
1424390400 0 0 0 0
1424304000 0 0 0 0
1424217600 0 0 0 0
1424131200 0 0 0 0
1424044800 0 0 0 0
1423958400 0 0 0 0
1423872000 0 0 0 0
1423785600 0 0 0 0
1423699200 0 0 0 0
1423612800 0 0 0 0
1423526400 0 0 0 0
1423440000 0 0 0 0
1423353600 0 0 0 0
1423267200 0 0 0 0
1423180800 0 0 0 0
1423094400 0 0 0 0
1423008000 0 0 0 0
1422921600 0 0 0 0
1422835200 0 0 0 0
1422748800 0 0 0 0
1422662400 0 0 0 0
1422576000 0 0 0 0
1422489600 0 0 0 0
1422403200 0 0 0 0
1422316800 0 0 0 0
1422230400 0 0 0 0
1422144000 0 0 0 0
1422057600 0 0 0 0
1421971200 0 0 0 0
1421884800 0 0 0 0
1421798400 0 0 0 0
1421712000 0 0 0 0
1421625600 0 0 0 0
1421539200 0 0 0 0
1421452800 0 0 0 0
1421366400 0 0 0 0
1421280000 0 0 0 0
1421193600 0 0 0 0
1421107200 0 0 0 0
1421020800 0 0 0 0
1420934400 0 0 0 0
1420848000 0 0 0 0
1420761600 0 0 0 0
1420675200 0 0 0 0
1420588800 0 0 0 0
1420502400 0 0 0 0
1420416000 0 0 0 0
1420329600 0 0 0 0
1420243200 0 0 0 0
1420156800 0 0 0 0
1420070400 0 0 0 0
1419984000 0 0 0 0
1419897600 0 0 0 0
1419811200 0 0 0 0
1419724800 0 0 0 0
1419638400 0 0 0 0
1419552000 0 0 0 0
1419465600 0 0 0 0
1419379200 0 0 0 0
1419292800 0 0 0 0
1419206400 0 0 0 0
1419120000 0 0 0 0
1419033600 0 0 0 0
1418947200 0 0 0 0
1418860800 0 0 0 0
1418774400 0 0 0 0
1418688000 0 0 0 0
1418601600 0 0 0 0
1418515200 0 0 0 0
1418428800 0 0 0 0
1418342400 0 0 0 0
1418256000 0 0 0 0
1418169600 0 0 0 0
1418083200 0 0 0 0
1417996800 0 0 0 0
1417910400 0 0 0 0
1417824000 0 0 0 0
1417737600 0 0 0 0
1417651200 0 0 0 0
1417564800 0 0 0 0
1417478400 0 0 0 0
1417392000 0 0 0 0
1417305600 0 0 0 0
1417219200 0 0 0 0
1417132800 0 0 0 0
1417046400 0 0 0 0
1416960000 0 0 0 0
1416873600 0 0 0 0
1416787200 0 0 0 0
1416700800 0 0 0 0
1416614400 0 0 0 0
1416528000 0 0 0 0
1416441600 0 0 0 0
1416355200 0 0 0 0
1416268800 0 0 0 0
1416182400 0 0 0 0
1416096000 0 0 0 0
1416009600 0 0 0 0
1415923200 0 0 0 0
1415836800 0 0 0 0
1415750400 0 0 0 0
1415664000 0 0 0 0
1415577600 0 0 0 0
1415491200 0 0 0 0
1415404800 0 0 0 0
1415318400 0 0 0 0
1415232000 0 0 0 0
1415145600 0 0 0 0
1415059200 0 0 0 0
1414972800 0 0 0 0
1414886400 0 0 0 0
1414800000 0 0 0 0
1414713600 0 0 0 0
1414627200 0 0 0 0
1414540800 0 0 0 0
1414454400 0 0 0 0
1414368000 0 0 0 0
1414281600 0 0 0 0
1414195200 0 0 0 0
1414108800 0 0 0 0
1414022400 0 0 0 0
1413936000 0 0 0 0
1413849600 0 0 0 0
1413763200 0 0 0 0
1413676800 0 0 0 0
1413590400 0 0 0 0
1413504000 0 0 0 0
1413417600 0 0 0 0
1413331200 0 0 0 0
1413244800 0 0 0 0
1413158400 0 0 0 0
1413072000 0 0 0 0
1412985600 0 0 0 0
1412899200 0 0 0 0
1412812800 0 0 0 0
1412726400 0 0 0 0
1412640000 0 0 0 0
1412553600 0 0 0 0
1412467200 0 0 0 0
1412380800 0 0 0 0
1412294400 0 0 0 0
1412208000 0 0 0 0
1412121600 0 0 0 0
1412035200 0 0 0 0
1411948800 0 0 0 0
1411862400 0 0 0 0
1411776000 0 0 0 0
1411689600 0 0 0 0
1411603200 0 0 0 0
1411516800 0 0 0 0
1411430400 0 0 0 0
1411344000 0 0 0 0
1411257600 0 0 0 0
1411171200 0 0 0 0
1411084800 0 0 0 0
1410998400 0 0 0 0
1410912000 0 0 0 0
1410825600 0 0 0 0
1410739200 0 0 0 0
1410652800 0 0 0 0
1410566400 0 0 0 0
1410480000 0 0 0 0
1410393600 0 0 0 0
1410307200 0 0 0 0
1410220800 0 0 0 0
1410134400 0 0 0 0
1410048000 0 0 0 0
1409961600 0 0 0 0
1409875200 0 0 0 0
1409788800 0 0 0 0
1409702400 0 0 0 0
1409616000 0 0 0 0
1409529600 0 0 0 0
1409443200 0 0 0 0
1409356800 0 0 0 0
1409270400 0 0 0 0
1409184000 0 0 0 0
1409097600 0 0 0 0
1409011200 0 0 0 0
1408924800 0 0 0 0
1408838400 0 0 0 0
1408752000 0 0 0 0
1408665600 0 0 0 0
1408579200 0 0 0 0
1408492800 0 0 0 0
1408406400 0 0 0 0
1408320000 0 0 0 0
1408233600 0 0 0 0
1408147200 0 0 0 0
1408060800 0 0 0 0
1407974400 0 0 0 0
1407888000 0 0 0 0
1407801600 0 0 0 0
1407715200 0 0 0 0
1407628800 0 0 0 0
1407542400 0 0 0 0
1407456000 0 0 0 0
1407369600 26 66 1943 4033
1407283200 0 0 0 0
1407196800 0 0 0 0
1407110400 0 0 0 0
1407024000 0 0 0 0
1406937600 0 0 0 0
1406851200 0 0 0 0
1406764800 0 0 0 0
1406678400 0 0 0 0
1406592000 0 0 0 0
1406505600 0 0 0 0
1406419200 0 0 0 0
1406332800 0 0 0 0
1406246400 0 0 0 0
1406160000 0 0 0 0
1406073600 0 0 0 0
1405987200 0 0 0 0
1405900800 0 0 0 0
1405814400 0 0 0 0
1405728000 0 0 0 0
1405641600 0 0 0 0
1405555200 0 0 0 0
1405468800 0 0 0 0
1405382400 0 0 0 0
1405296000 0 0 0 0
1405209600 0 0 0 0
1405123200 0 0 0 0
1405036800 0 0 0 0
1404950400 0 0 0 0
1404864000 0 0 0 0
1404777600 0 0 0 0
1404691200 0 0 0 0
1404604800 0 0 0 0
1404518400 0 0 0 0
1404432000 0 0 0 0
1404345600 0 0 0 0
1404259200 0 0 0 0
1404172800 0 0 0 0
1404086400 0 0 0 0
1404000000 0 0 0 0
1403913600 0 0 0 0
1403827200 0 0 0 0
1403740800 0 0 0 0
1403654400 0 0 0 0
1403568000 0 0 0 0
1403481600 0 0 0 0
1403395200 0 0 0 0
1403308800 0 0 0 0
1403222400 0 0 0 0
1403136000 0 0 0 0
1403049600 0 0 0 0
1402963200 0 0 0 0
1402876800 0 0 0 0
1402790400 0 0 0 0
1402704000 0 0 0 0
1402617600 0 0 0 0
1402531200 0 0 0 0
1402444800 0 0 0 0
1402358400 0 0 0 0
1402272000 0 0 0 0
1402185600 0 0 0 0
1402099200 0 0 0 0
1402012800 0 0 0 0
1401926400 0 0 0 0
1401840000 0 0 0 0
1401753600 0 0 0 0
1401667200 0 0 0 0
1401580800 0 0 0 0
1401494400 0 0 0 0
1401408000 0 0 0 0
1401321600 0 0 0 0
1401235200 0 0 0 0
1401148800 0 0 0 0
1401062400 0 0 0 0
1400976000 0 0 0 0
1400889600 1342 6611 40950 159409
1400803200 2520 6230 96328 108949
1400716800 1514 6389 89412 588407
1400630400 65 153 3331 6012
1400544000 0 0 0 0
1400457600 0 0 0 0
1400371200 0 0 0 0
1400284800 0 0 0 0
1400198400 0 0 0 0
1400112000 670 2295 18049 173208
1400025600 110 2129 4812 195565
1399939200 0 0 0 0
1399852800 0 0 0 0
1399766400 0 0 0 0
1399680000 0 0 0 0
1399593600 30 52 7242 9635
1399507200 27 214 2724 40580
1399420800 137 674 13149 28762
1399334400 344 6725 24409 973281
1399248000 0 0 0 0
1399161600 0 0 0 0
1399075200 0 0 0 0
1398988800 60 176 3753 7762
1398902400 244 1622 6181 76044
1398816000 13 55 1677 7729
1398729600 62 150 3441 6596
1398643200 0 0 0 0
1398556800 0 0 0 0
1398470400 73 257 3795 29607
1398384000 261 323 19133 29680
1398297600 268 1376 20234 52429
1398211200 276 1141 4588 36345
1398124800 0 0 0 0
1398038400 0 0 0 0
1397952000 0 0 0 0
1397865600 0 0 0 0
1397779200 142 83 23741 5049
1397692800 3179 3117 102056 131567
1397606400 21 182 2623 15299
1397520000 0 0 0 0
1397433600 0 0 0 0
1397347200 0 0 0 0
1397260800 701 3770 59429 100483
1397174400 429 503 37610 33587
1397088000 133 283 7607 14146
1397001600 5729 461 953947 39708
1396915200 0 0 0 0
1396828800 0 0 0 0
1396742400 0 0 0 0
1396656000 0 0 0 0
1396569600 73 295 5260 20944
1396483200 424 350 84949 8997
1396396800 66 189 3961 6679
1396310400 247 440 19657 35674
1396224000 0 0 0 0
1396137600 0 0 0 0
1396051200 48 1144 3400 78061
1395964800 429 638 43408 26906
1395878400 41 113 5290 10599
1395792000 110 575 3815 19406
1395705600 321 462 44214 15680
1395619200 0 0 0 0
1395532800 0 0 0 0
1395446400 654848 16457 62024106 1544259
1395360000 0 0 0 0
1395273600 40 129 2870 9790
1395187200 0 0 0 0
1395100800 110 333 4258 11017
1395014400 0 0 0 0
1394928000 0 0 0 0
1394841600 1327 442 60683 34213
1394755200 161 256 4201 6560
1394668800 56 143 3543 5632
1394582400 22 220 2023 11672
1394496000 306 131 18376 3992
1394409600 0 0 0 0
1394323200 0 0 0 0
1394236800 182 486 3876 36231
1394150400 12 25 2766 4905
1394064000 99 400 5176 44175
1393977600 186 366 4139 10998
1393891200 128 436 9223 41695
1393804800 253 1870 9854 125648
1393718400 0 0 0 0
1393632000 143 719 4945 18700
1393545600 0 0 0 0
1393459200 962 249 202434 8256
1393372800 0 0 0 0
1393286400 61 204 2665 18273
1393200000 0 0 0 0
1393113600 0 0 0 0
1393027200 138 1063 3801 35723
1392940800 24 49 4192 6454
1392854400 57 116 6166 7480
1392768000 0 0 0 0
1392681600 0 0 0 0
1392595200 0 0 0 0
1392508800 0 0 0 0
1392422400 95 201 12826 12483
1392336000 392 2294 15643 352784
1392249600 67 792 6006 130909
1392163200 359 187 29257 15068
1392076800 172 151 34263 5170
1391990400 0 0 0 0
1391904000 0 0 0 0
1391817600 121 497 4082 33892
1391731200 94 202 5526 9919
1391644800 115 1434 11960 263298
1391558400 43046 2193 1158389 69834
1391472000 147 239 18964 12224
1391385600 0 0 0 0
1391299200 0 0 0 0
1391212800 0 0 0 0
1391126400 729 674 69325 93054
1391040000 324 151 60418 25660
1390953600 22 67 3441 6325
1390867200 86 256 4182 21816
1390780800 0 0 0 0
1390694400 0 0 0 0
1390608000 0 0 0 0
1390521600 53 88 6944 6175
1390435200 26 35 3646 3704
1390348800 141 1680 10465 189154
1390262400 87 236 3703 9569
1390176000 0 0 0 0
1390089600 0 0 0 0
1390003200 88 96 12275 5644
1389916800 0 0 0 0
1389830400 0 0 0 0
1389744000 20 73 1477 9493
1389657600 206 106 51350 7242
1389571200 0 0 0 0
1389484800 0 0 0 0
1389398400 0 0 0 0
1389312000 0 0 0 0
1389225600 17 53 2067 4228
1389139200 0 0 0 0
1389052800 0 0 0 0
1388966400 0 0 0 0
1388880000 0 0 0 0
1388793600 0 0 0 0
1388707200 0 0 0 0
1388620800 0 0 0 0
1388534400 0 0 0 0
1388448000 15 46 1887 8627
1388361600 0 0 0 0
1388275200 0 0 0 0
1388188800 0 0 0 0
1388102400 0 0 0 0
1388016000 0 0 0 0
1387929600 0 0 0 0
1387843200 0 0 0 0
1387756800 0 0 0 0
1387670400 0 0 0 0
1387584000 612 2909 44556 79037
1387497600 165 401 14845 26549
1387411200 131 376 4876 13782
1387324800 27 132 3313 14528
1387238400 15 38 2468 4315
1387152000 0 0 0 0
1387065600 0 0 0 0
1386979200 0 0 0 0
1386892800 70 199 3139 5243
1386806400 78 815 4008 40316
1386720000 13 26 2300 4525
1386633600 33 135 3390 15216
1386547200 0 0 0 0
1386460800 0 0 0 0
1386374400 988 315 222761 12386
1386288000 0 0 0 0
1386201600 0 0 0 0
1386115200 0 0 0 0
1386028800 0 0 0 0
1385942400 0 0 0 0
1385856000 0 0 0 0
1385769600 180 60 33040 4764
1385683200 10 62 2491 14311
1385596800 0 0 0 0
1385510400 53 169 4638 26101
1385424000 760 564 37607 31477
1385337600 0 0 0 0
1385251200 0 0 0 0
1385164800 16 22 2064 1787
1385078400 9 14 1551 1918
1384992000 109 745 7733 121851
1384905600 347 1149 12416 112580
1384819200 74 552 8609 108992
1384732800 0 0 0 0
1384646400 0 0 0 0
1384560000 66 198 4341 10942
1384473600 187 259 19730 44610
1384387200 0 0 0 0
1384300800 155 381 6424 28785
1384214400 0 0 0 0
1384128000 0 0 0 0
1384041600 0 0 0 0
1383955200 50 594 3973 67973
1383868800 4102 8491 542985 1169670
1383782400 285 80 27198 3839
1383696000 456 264 16053 31651
1383609600 7 28 1448 2741
1383523200 0 0 0 0
1383436800 0 0 0 0
1383350400 68 242 4857 20617
1383264000 22 68 3309 6722
1383177600 0 0 0 0
1383091200 0 0 0 0
1383004800 226 99 61138 19728
1382918400 0 0 0 0
1382832000 0 0 0 0
1382745600 472 117 39998 8358
1382659200 10 33 1012 2533
1382572800 109 458 4011 45135
1382486400 157 274 18344 26120
1382400000 53 530 4214 89648
1382313600 0 0 0 0
1382227200 0 0 0 0
1382140800 367 71 68959 5626
1382054400 378 770 11124 12017
1381968000 1170 1708 11161 12192
1381881600 953 1465 11161 12630
1381795200 9 265 12 1036
1381708800 9 302 12 987
1381622400 9 319 12 1144
1381536000 177 573 11123 11924
1381449600 9 420 990 1911
1381363200 9 478 13 1106
1381276800 2 408 20 2069
1381190400 257 632 11161 12127
1381104000 9 204 13 549
1381017600 9 214 13 464
1380931200 152 688 11160 12686
1380844800 595 1165 11160 12013
1380758400 229 781 11160 12055
1380672000 691 1259 11161 12415
1380585600 274 524 11160 11996
1380499200 0 0 0 0
1380412800 0 0 0 0
1380326400 171 863 6873 58667
1380240000 0 0 0 0
1380153600 284 880 21740 100001
1380067200 126 383 6443 16094
1379980800 0 0 0 0
1379894400 0 0 0 0
1379808000 0 0 0 0
1379721600 0 0 0 0
1379635200 0 0 0 0
1379548800 0 0 0 0
1379462400 0 0 0 0
1379376000 0 0 0 0
1379289600 0 0 0 0
1379203200 11 91 1276 7981
1379116800 8 35 889 6820
1379030400 0 0 0 0
1378944000 0 0 0 0
1378857600 0 0 0 0
1378771200 0 0 0 0
1378684800 0 0 0 0
1378598400 0 0 0 0
1378512000 0 0 0 0
1378425600 0 0 0 0
1378339200 0 0 0 0
1378252800 0 0 0 0
1378166400 0 0 0 0
1378080000 0 0 0 0
1377993600 0 0 0 0
1377907200 0 0 0 0
1377820800 0 0 0 0
1377734400 0 0 0 0
1377648000 0 0 0 0
1377561600 0 0 0 0
1377475200 0 0 0 0
1377388800 0 0 0 0
1377302400 0 0 0 0
1377216000 0 0 0 0
1377129600 0 0 0 0
1377043200 0 0 0 0
1376956800 0 0 0 0
1376870400 0 0 0 0
1376784000 0 0 0 0
1376697600 0 0 0 0
1376611200 0 0 0 0
1376524800 0 0 0 0
1376438400 0 0 0 0
1376352000 0 0 0 0
1376265600 0 0 0 0
1376179200 0 0 0 0
1376092800 0 0 0 0
1376006400 0 0 0 0
1375920000 0 0 0 0
1375833600 0 0 0 0
1375747200 0 0 0 0
1375660800 0 0 0 0
1375574400 0 0 0 0
1375488000 0 0 0 0
1375401600 0 0 0 0
1375315200 0 0 0 0
1375228800 0 0 0 0
1375142400 0 0 0 0
1375056000 0 0 0 0
1374969600 0 0 0 0
1374883200 0 0 0 0
1374796800 0 0 0 0
1374710400 0 0 0 0
1374624000 0 0 0 0
1374537600 0 0 0 0
1374451200 0 0 0 0
1374364800 0 0 0 0
1374278400 0 0 0 0
1374192000 0 0 0 0
1374105600 0 0 0 0
1374019200 0 0 0 0
1373932800 0 0 0 0
1373846400 0 0 0 0
1373760000 0 0 0 0
1373673600 0 0 0 0
1373587200 0 0 0 0
1373500800 0 0 0 0
1373414400 0 0 0 0
1373328000 0 0 0 0
1373241600 0 0 0 0
1373155200 0 0 0 0
1373068800 0 0 0 0
1372982400 0 0 0 0
1372896000 0 0 0 0
1372809600 0 0 0 0
1372723200 0 0 0 0
1372636800 0 0 0 0
1372550400 0 0 0 0
1372464000 0 0 0 0
1372377600 0 0 0 0
1372291200 0 0 0 0
1372204800 0 0 0 0
1372118400 0 0 0 0
1372032000 0 0 0 0
1371945600 0 0 0 0
1371859200 0 0 0 0
1371772800 0 0 0 0
1371686400 0 0 0 0
1371600000 0 0 0 0
1371513600 0 0 0 0
1371427200 0 0 0 0
1371340800 0 0 0 0
1371254400 0 0 0 0
1371168000 0 0 0 0
1371081600 0 0 0 0
1370995200 0 0 0 0
1370908800 0 0 0 0
1370822400 0 0 0 0
1370736000 0 0 0 0
1370649600 0 0 0 0
1370563200 0 0 0 0
1370476800 0 0 0 0
1370390400 0 0 0 0
1370304000 0 0 0 0
1370217600 0 0 0 0
1370131200 0 0 0 0
1370044800 0 0 0 0
1369958400 0 0 0 0
1369872000 0 0 0 0
1369785600 0 0 0 0
1369699200 0 0 0 0
1369612800 0 0 0 0
1369526400 0 0 0 0
1369440000 0 0 0 0
1369353600 0 0 0 0
1369267200 0 0 0 0
1369180800 0 0 0 0
1369094400 0 0 0 0
1369008000 0 0 0 0
1368921600 0 0 0 0
1368835200 0 0 0 0
1368748800 0 0 0 0
1368662400 0 0 0 0
1368576000 0 0 0 0
1368489600 0 0 0 0
1368403200 0 0 0 0
1368316800 0 0 0 0
1368230400 0 0 0 0
1368144000 0 0 0 0
1368057600 0 0 0 0
1367971200 0 0 0 0
1367884800 0 0 0 0
1367798400 0 0 0 0
1367712000 0 0 0 0
1367625600 0 0 0 0
1367539200 0 0 0 0
1367452800 0 0 0 0
1367366400 0 0 0 0
1367280000 0 0 0 0
1367193600 0 0 0 0
1367107200 0 0 0 0
1367020800 0 0 0 0
1366934400 0 0 0 0
1366848000 0 0 0 0
1366761600 0 0 0 0
1366675200 0 0 0 0
1366588800 0 0 0 0
1366502400 0 0 0 0
1366416000 0 0 0 0
1366329600 0 0 0 0
1366243200 0 0 0 0
1366156800 0 0 0 0
1366070400 0 0 0 0
1365984000 0 0 0 0
1365897600 0 0 0 0
1365811200 0 0 0 0
1365724800 0 0 0 0
1365638400 0 0 0 0
1365552000 0 0 0 0
1365465600 0 0 0 0
1365379200 0 0 0 0
1365292800 0 0 0 0
1365206400 0 0 0 0
1365120000 0 0 0 0
1365033600 0 0 0 0
1364947200 0 0 0 0
1364860800 0 0 0 0
1364774400 0 0 0 0
1364688000 0 0 0 0
1364601600 0 0 0 0
1364515200 0 0 0 0
1364428800 0 0 0 0
1364342400 0 0 0 0
1364256000 0 0 0 0
1364169600 0 0 0 0
1364083200 0 0 0 0
1363996800 0 0 0 0
1363910400 0 0 0 0
1363824000 0 0 0 0
1363737600 0 0 0 0
1363651200 0 0 0 0
1363564800 0 0 0 0
1363478400 0 0 0 0
1363392000 0 0 0 0
1363305600 0 0 0 0
1363219200 0 0 0 0
1363132800 0 0 0 0
1363046400 0 0 0 0
1362960000 0 0 0 0
1362873600 0 0 0 0
1362787200 0 0 0 0
1362700800 0 0 0 0
1362614400 0 0 0 0
1362528000 0 0 0 0
1362441600 0 0 0 0
1362355200 0 0 0 0
