1431190809 63651 2741684
1431190809 0 0 0 0
1431176643 0 0 0 0
1431176400 0 0 0 0
1431176100 0 0 0 0
1431175800 0 0 0 0
1431175500 0 0 0 0
1431175200 0 0 0 0
1431174900 0 0 0 0
1431174600 0 0 0 0
1431174300 0 0 0 0
1431174000 0 0 0 0
1431173700 0 0 0 0
1431173400 0 0 0 0
1431173100 0 0 0 0
1431172800 0 0 0 0
1431172500 0 0 0 0
1431172200 0 0 0 0
1431171900 0 0 0 0
1431171600 0 0 0 0
1431171300 0 0 0 0
1431171000 0 0 0 0
1431170700 0 0 0 0
1431170400 0 0 0 0
1431170100 0 0 0 0
1431169800 0 0 0 0
1431169500 0 0 0 0
1431169200 0 0 0 0
1431168900 0 0 0 0
1431168600 0 0 0 0
1431168300 0 0 0 0
1431168000 0 0 0 0
1431167700 0 0 0 0
1431167400 0 0 0 0
1431167100 0 0 0 0
1431166800 0 0 0 0
1431166500 0 0 0 0
1431166200 0 0 0 0
1431165900 0 0 0 0
1431165600 0 0 0 0
1431165300 0 0 0 0
1431165000 0 0 0 0
1431164700 0 0 0 0
1431164400 0 0 0 0
1431164100 0 0 0 0
1431163800 0 0 0 0
1431163500 0 0 0 0
1431163200 0 0 0 0
1431162900 0 0 0 0
1431162600 0 0 0 0
1431162300 0 0 0 0
1431162000 0 0 0 0
1431161700 0 0 0 0
1431161400 0 0 0 0
1431161100 0 0 0 0
1431160800 0 0 0 0
1431160500 0 0 0 0
1431160200 0 0 0 0
1431159900 0 0 0 0
1431159600 0 0 0 0
1431159300 0 0 0 0
1431159000 0 0 0 0
1431158700 0 0 0 0
1431158400 0 0 0 0
1431158100 0 0 0 0
1431157800 0 0 0 0
1431157500 0 0 0 0
1431157200 0 0 0 0
1431156900 0 0 0 0
1431156600 0 0 0 0
1431156300 0 0 0 0
1431156000 0 0 0 0
1431155700 0 0 0 0
1431155400 0 0 0 0
1431155100 0 0 0 0
1431154800 0 0 0 0
1431154500 0 0 0 0
1431154200 0 0 0 0
1431153900 0 0 0 0
1431153600 0 0 0 0
1431153300 0 0 0 0
1431153000 0 0 0 0
1431152700 0 0 0 0
1431152400 0 0 0 0
1431152100 0 0 0 0
1431151800 0 0 0 0
1431151500 0 0 0 0
1431151200 0 0 0 0
1431150900 0 0 0 0
1431150600 0 0 0 0
1431150300 0 0 0 0
1431150000 0 0 0 0
1431149700 0 0 0 0
1431149400 0 0 0 0
1431149100 0 0 0 0
1431148800 0 0 0 0
1431148500 0 0 0 0
1431148200 0 0 0 0
1431147900 0 0 0 0
1431147600 0 0 0 0
1431147300 0 0 0 0
1431147000 0 0 0 0
1431146700 0 0 0 0
1431146400 0 0 0 0
1431146100 0 0 0 0
1431145800 0 0 0 0
1431145500 0 0 0 0
1431145200 0 0 0 0
1431144900 0 0 0 0
1431144600 0 0 0 0
1431144300 0 0 0 0
1431144000 0 0 0 0
1431143700 0 0 0 0
1431143400 0 0 0 0
1431143100 0 0 0 0
1431142800 0 0 0 0
1431142500 0 0 0 0
1431142200 0 0 0 0
1431141900 0 0 0 0
1431141600 0 0 0 0
1431141300 0 0 0 0
1431141000 0 0 0 0
1431140700 0 0 0 0
1431140400 0 0 0 0
1431140100 0 0 0 0
1431139800 0 0 0 0
1431139500 0 0 0 0
1431139200 0 0 0 0
1431138900 0 0 0 0
1431138600 0 0 0 0
1431138300 0 0 0 0
1431138000 0 0 0 0
1431137700 0 0 0 0
1431137400 0 0 0 0
1431137100 0 0 0 0
1431136800 0 0 0 0
1431136500 0 0 0 0
1431136200 0 0 0 0
1431135900 0 0 0 0
1431135600 0 0 0 0
1431135300 0 0 0 0
1431135000 0 0 0 0
1431134700 0 0 0 0
1431134400 0 0 0 0
1431134100 0 0 0 0
1431133800 0 0 0 0
1431133500 0 0 0 0
1431133200 0 0 0 0
1431132900 0 0 0 0
1431132600 0 0 0 0
1431132300 0 0 0 0
1431132000 0 0 0 0
1431131700 0 0 0 0
1431131400 0 0 0 0
1431131100 0 0 0 0
1431130800 0 0 0 0
1431130500 0 0 0 0
1431130200 0 0 0 0
1431129900 0 0 0 0
1431129600 0 0 0 0
1431129300 0 0 0 0
1431129000 0 0 0 0
1431128700 0 0 0 0
1431128400 0 0 0 0
1431128100 0 0 0 0
1431127800 0 0 0 0
1431127500 0 0 0 0
1431127200 0 0 0 0
1431126900 0 0 0 0
1431126600 0 0 0 0
1431126300 0 0 0 0
1431126000 0 0 0 0
1431125700 0 0 0 0
1431125400 0 0 0 0
1431125100 0 0 0 0
1431124800 0 0 0 0
1431124500 0 0 0 0
1431124200 0 0 0 0
1431123900 0 0 0 0
1431123600 0 0 0 0
1431123300 0 0 0 0
1431123000 0 0 0 0
1431122700 0 0 0 0
1431122400 0 0 0 0
1431122100 0 0 0 0
1431121800 0 0 0 0
1431121500 0 0 0 0
1431121200 0 0 0 0
1431120900 0 0 0 0
1431120600 0 0 0 0
1431120300 0 0 0 0
1431120000 0 0 0 0
1431119700 0 0 0 0
1431119400 0 0 0 0
1431119100 0 0 0 0
1431118800 0 0 0 0
1431118500 0 0 0 0
1431118200 0 0 0 0
1431117900 0 0 0 0
1431117600 0 0 0 0
1431117300 0 0 0 0
1431117000 0 0 0 0
1431116700 0 0 0 0
1431116400 0 0 0 0
1431116100 0 0 0 0
1431115800 0 0 0 0
1431115500 0 0 0 0
1431115200 0 0 0 0
1431114900 0 0 0 0
1431114600 0 0 0 0
1431114300 0 0 0 0
1431114000 0 0 0 0
1431113700 0 0 0 0
1431113400 0 0 0 0
1431113100 0 0 0 0
1431112800 0 0 0 0
1431112500 0 0 0 0
1431112200 0 0 0 0
1431111900 0 0 0 0
1431111600 0 0 0 0
1431111300 0 0 0 0
1431111000 0 0 0 0
1431110700 0 0 0 0
1431110400 0 0 0 0
1431110100 0 0 0 0
1431109800 0 0 0 0
1431109500 0 0 0 0
1431109200 0 0 0 0
1431108900 0 0 0 0
1431108600 0 0 0 0
1431108300 0 0 0 0
1431108000 0 0 0 0
1431107700 0 0 0 0
1431107400 0 0 0 0
1431107100 0 0 0 0
1431106800 0 0 0 0
1431106500 0 0 0 0
1431106200 0 0 0 0
1431105900 0 0 0 0
1431105600 0 0 0 0
1431105300 0 0 0 0
1431105000 0 0 0 0
1431104700 0 0 0 0
1431104400 0 0 0 0
1431104100 0 0 0 0
1431103800 0 0 0 0
1431103500 0 0 0 0
1431103200 0 0 0 0
1431102900 0 0 0 0
1431102600 0 0 0 0
1431102300 0 0 0 0
1431102000 0 0 0 0
1431101700 0 0 0 0
1431101400 0 0 0 0
1431101100 0 0 0 0
1431100800 0 0 0 0
1431100500 0 0 0 0
1431100200 0 0 0 0
1431099900 0 0 0 0
1431099600 0 0 0 0
1431099300 0 0 0 0
1431099000 0 0 0 0
1431098700 0 0 0 0
1431098400 0 0 0 0
1431098100 0 0 0 0
1431097800 0 0 0 0
1431097500 0 0 0 0
1431097200 0 0 0 0
1431096900 0 0 0 0
1431096600 0 0 0 0
1431096300 0 0 0 0
1431096000 0 0 0 0
1431095700 0 0 0 0
1431095400 0 0 0 0
1431095100 0 0 0 0
1431094800 0 0 0 0
1431094500 0 0 0 0
1431094200 0 0 0 0
1431093900 0 0 0 0
1431093600 0 0 0 0
1431093300 0 0 0 0
1431093000 0 0 0 0
1431092700 0 0 0 0
1431092400 0 0 0 0
1431092100 0 0 0 0
1431091800 0 0 0 0
1431091500 0 0 0 0
1431091200 0 0 0 0
1431090900 0 0 0 0
1431090600 0 0 0 0
1431090300 0 0 0 0
1431090000 0 0 0 0
1431089700 0 0 0 0
1431089400 0 0 0 0
1431089100 0 0 0 0
1431088800 0 0 0 0
1431088500 0 0 0 0
1431088200 0 0 0 0
1431087900 0 0 0 0
1431087600 0 0 0 0
1431087300 0 0 0 0
1431087000 0 0 0 0
1431086700 0 0 0 0
1431086400 0 0 0 0
1431086100 0 0 0 0
1431085800 0 0 0 0
1431085500 0 0 0 0
1431085200 0 0 0 0
1431084900 0 0 0 0
1431084600 0 0 0 0
1431084300 0 0 0 0
1431084000 0 0 0 0
1431083700 0 0 0 0
1431083400 0 0 0 0
1431083100 0 0 0 0
1431082800 0 0 0 0
1431082500 0 0 0 0
1431082200 0 0 0 0
1431081900 0 0 0 0
1431081600 0 0 0 0
1431081300 0 0 0 0
1431081000 0 0 0 0
1431080700 0 0 0 0
1431080400 0 0 0 0
1431080100 0 0 0 0
1431079800 0 0 0 0
1431079500 0 0 0 0
1431079200 0 0 0 0
1431078900 0 0 0 0
1431078600 0 0 0 0
1431078300 0 0 0 0
1431078000 0 0 0 0
1431077700 0 0 0 0
1431077400 0 0 0 0
1431077100 0 0 0 0
1431076800 0 0 0 0
1431076500 0 0 0 0
1431076200 0 0 0 0
1431075900 0 0 0 0
1431075600 0 0 0 0
1431075300 0 0 0 0
1431075000 0 0 0 0
1431074700 0 0 0 0
1431074400 0 0 0 0
1431074100 0 0 0 0
1431073800 0 0 0 0
1431073500 0 0 0 0
1431073200 0 0 0 0
1431072900 0 0 0 0
1431072600 0 0 0 0
1431072300 0 0 0 0
1431072000 0 0 0 0
1431071700 0 0 0 0
1431071400 0 0 0 0
1431071100 0 0 0 0
1431070800 0 0 0 0
1431070500 0 0 0 0
1431070200 0 0 0 0
1431069900 0 0 0 0
1431069600 0 0 0 0
1431069300 0 0 0 0
1431069000 0 0 0 0
1431068700 0 0 0 0
1431068400 0 0 0 0
1431068100 0 0 0 0
1431067800 0 0 0 0
1431067500 0 0 0 0
1431067200 0 0 0 0
1431066900 0 0 0 0
1431066600 0 0 0 0
1431066300 0 0 0 0
1431066000 0 0 0 0
1431065700 0 0 0 0
1431065400 0 0 0 0
1431065100 0 0 0 0
1431064800 0 0 0 0
1431064500 0 0 0 0
1431064200 0 0 0 0
1431063900 0 0 0 0
1431063600 0 0 0 0
1431063300 0 0 0 0
1431063000 0 0 0 0
1431062700 0 0 0 0
1431062400 0 0 0 0
1431062100 0 0 0 0
1431061800 0 0 0 0
1431061500 0 0 0 0
1431061200 0 0 0 0
1431060900 0 0 0 0
1431060600 0 0 0 0
1431060300 0 0 0 0
1431060000 0 0 0 0
1431059700 0 0 0 0
1431059400 0 0 0 0
1431059100 0 0 0 0
1431058800 0 0 0 0
1431058500 0 0 0 0
1431058200 0 0 0 0
1431057900 0 0 0 0
1431057600 0 0 0 0
1431057300 0 0 0 0
1431057000 0 0 0 0
1431056700 0 0 0 0
1431056400 0 0 0 0
1431056100 0 0 0 0
1431055800 0 0 0 0
1431055500 0 0 0 0
1431055200 0 0 0 0
1431054900 0 0 0 0
1431054600 0 0 0 0
1431054300 0 0 0 0
1431054000 0 0 0 0
1431053700 0 0 0 0
1431053400 0 0 0 0
1431053100 0 0 0 0
1431052800 0 0 0 0
1431052500 0 0 0 0
1431052200 0 0 0 0
1431051900 0 0 0 0
1431051600 0 0 0 0
1431051300 0 0 0 0
1431051000 0 0 0 0
1431050700 0 0 0 0
1431050400 0 0 0 0
1431050100 0 0 0 0
1431049800 0 0 0 0
1431049500 0 0 0 0
1431049200 0 0 0 0
1431048900 0 0 0 0
1431048600 0 0 0 0
1431048300 0 0 0 0
1431048000 0 0 0 0
1431047700 0 0 0 0
1431047400 0 0 0 0
1431047100 0 0 0 0
1431046800 0 0 0 0
1431046500 0 0 0 0
1431046200 0 0 0 0
1431045900 0 0 0 0
1431045600 0 0 0 0
1431045300 0 0 0 0
1431045000 0 0 0 0
1431044700 0 0 0 0
1431044400 0 0 0 0
1431044100 0 0 0 0
1431043800 0 0 0 0
1431043500 0 0 0 0
1431043200 0 0 0 0
1431042900 0 0 0 0
1431042600 0 0 0 0
1431042300 0 0 0 0
1431042000 0 0 0 0
1431041700 0 0 0 0
1431041400 0 0 0 0
1431041100 0 0 0 0
1431040800 0 0 0 0
1431040500 0 0 0 0
1431040200 0 0 0 0
1431039900 0 0 0 0
1431039600 0 0 0 0
1431039300 0 0 0 0
1431039000 0 0 0 0
1431038700 0 0 0 0
1431038400 0 0 0 0
1431038100 0 0 0 0
1431037800 0 0 0 0
1431037500 0 0 0 0
1431037200 0 0 0 0
1431036900 0 0 0 0
1431036600 0 0 0 0
1431036300 0 0 0 0
1431036000 0 0 0 0
1431035700 0 0 0 0
1431035400 0 0 0 0
1431035100 0 0 0 0
1431034800 0 0 0 0
1431034500 0 0 0 0
1431034200 0 0 0 0
1431033900 0 0 0 0
1431033600 0 0 0 0
1431033300 0 0 0 0
1431033000 0 0 0 0
1431032700 0 0 0 0
1431032400 0 0 0 0
1431032100 0 0 0 0
1431031800 0 0 0 0
1431031500 0 0 0 0
1431031200 0 0 0 0
1431030900 0 0 0 0
1431030600 0 0 0 0
1431030300 0 0 0 0
1431030000 0 0 0 0
1431029700 0 0 0 0
1431029400 0 0 0 0
1431029100 0 0 0 0
1431028800 0 0 0 0
1431028500 0 0 0 0
1431028200 0 0 0 0
1431027900 0 0 0 0
1431027600 0 0 0 0
1431027300 0 0 0 0
1431027000 0 0 0 0
1431026700 0 0 0 0
1431026400 0 0 0 0
1431026100 0 0 0 0
1431025800 0 0 0 0
1431025500 0 0 0 0
1431025200 0 0 0 0
1431024900 0 0 0 0
1431024600 0 0 0 0
1431024300 0 0 0 0
1431024000 0 0 0 0
1431023700 0 0 0 0
1431023400 0 0 0 0
1431023100 0 0 0 0
1431022800 0 0 0 0
1431022500 0 0 0 0
1431022200 0 0 0 0
1431021900 0 0 0 0
1431021600 0 0 0 0
1431021300 0 0 0 0
1431021000 0 0 0 0
1431020700 0 0 0 0
1431020400 0 0 0 0
1431020100 0 0 0 0
1431019800 0 0 0 0
1431019500 0 0 0 0
1431019200 0 0 0 0
1431018900 0 0 0 0
1431018600 0 0 0 0
1431018300 0 0 0 0
1431018000 0 0 0 0
1431017700 0 0 0 0
1431017400 0 0 0 0
1431017100 0 0 0 0
1431016800 0 0 0 0
1431016500 0 0 0 0
1431016200 0 0 0 0
1431015900 0 0 0 0
1431015600 0 0 0 0
1431015300 0 0 0 0
1431015000 0 0 0 0
1431014700 0 0 0 0
1431014400 0 0 0 0
1431014100 0 0 0 0
1431013800 0 0 0 0
1431013500 0 0 0 0
1431013200 0 0 0 0
1431012900 0 0 0 0
1431012600 0 0 0 0
1431012300 0 0 0 0
1431012000 0 0 0 0
1431011700 0 0 0 0
1431011400 0 0 0 0
1431011100 0 0 0 0
1431010800 0 0 0 0
1431010500 0 0 0 0
1431010200 0 0 0 0
1431009900 0 0 0 0
1431009600 0 0 0 0
1431009300 0 0 0 0
1431009000 0 0 0 0
1431008700 0 0 0 0
1431008400 0 0 0 0
1431008100 0 0 0 0
1431007800 0 0 0 0
1431007500 0 0 0 0
1431007200 0 0 0 0
1431006900 0 0 0 0
1431006600 0 0 0 0
1431006300 0 0 0 0
1431006000 0 0 0 0
1431005700 0 0 0 0
1431005400 0 0 0 0
1431005100 0 0 0 0
1431004800 0 0 0 0
1431004500 0 0 0 0
1431004200 0 0 0 0
1431003900 0 0 0 0
1431003600 0 0 0 0
1431003300 0 0 0 0
1431003000 0 0 0 0
1431002700 0 0 0 0
1431002400 0 0 0 0
1431002100 0 0 0 0
1431001800 0 0 0 0
1431001500 0 0 0 0
1431001200 0 0 0 0
1431000900 0 0 0 0
1431000600 0 0 0 0
1431000300 0 0 0 0
1431000000 0 0 0 0
1430999700 0 0 0 0
1430999400 0 0 0 0
1430999100 0 0 0 0
1430998800 0 0 0 0
1430998500 0 0 0 0
1430998200 0 0 0 0
1430997900 0 0 0 0
1430997600 0 0 0 0
1430997300 0 0 0 0
1430997000 0 0 0 0
1430996700 0 0 0 0
1430996400 0 0 0 0
1430994600 0 0 0 0
1430992800 0 0 0 0
1430991000 0 0 0 0
1430989200 0 0 0 0
1430987400 0 0 0 0
1430985600 0 0 0 0
1430983800 0 0 0 0
1430982000 0 0 0 0
1430980200 0 0 0 0
1430978400 0 0 0 0
1430976600 0 0 0 0
1430974800 0 0 0 0
1430973000 0 0 0 0
1430971200 0 0 0 0
1430969400 0 0 0 0
1430967600 0 0 0 0
1430965800 0 0 0 0
1430964000 0 0 0 0
1430962200 0 0 0 0
1430960400 0 0 0 0
1430958600 0 0 0 0
1430956800 0 0 0 0
1430955000 0 0 0 0
1430953200 0 0 0 0
1430951400 0 0 0 0
1430949600 0 0 0 0
1430947800 0 0 0 0
1430946000 0 0 0 0
1430944200 0 0 0 0
1430942400 0 0 0 0
1430940600 0 0 0 0
1430938800 0 0 0 0
1430937000 0 0 0 0
1430935200 0 0 0 0
1430933400 0 0 0 0
1430931600 0 0 0 0
1430929800 0 0 0 0
1430928000 0 0 0 0
1430926200 0 0 0 0
1430924400 0 0 0 0
1430922600 0 0 0 0
1430920800 0 0 0 0
1430919000 0 0 0 0
1430917200 0 0 0 0
1430915400 0 0 0 0
1430913600 0 0 0 0
1430911800 0 0 0 0
1430910000 0 0 0 0
1430908200 0 0 0 0
1430906400 0 0 0 0
1430904600 0 0 0 0
1430902800 0 0 0 0
1430901000 0 0 0 0
1430899200 0 0 0 0
1430897400 0 0 0 0
1430895600 0 0 0 0
1430893800 0 0 0 0
1430892000 0 0 0 0
1430890200 0 0 0 0
1430888400 0 0 0 0
1430886600 0 0 0 0
1430884800 0 0 0 0
1430883000 0 0 0 0
1430881200 0 0 0 0
1430879400 0 0 0 0
1430877600 0 0 0 0
1430875800 0 0 0 0
1430874000 0 0 0 0
1430872200 0 0 0 0
1430870400 0 0 0 0
1430868600 0 0 0 0
1430866800 0 0 0 0
1430865000 0 0 0 0
1430863200 0 0 0 0
1430861400 0 0 0 0
1430859600 0 0 0 0
1430857800 0 0 0 0
1430856000 0 0 0 0
1430854200 0 0 0 0
1430852400 0 0 0 0
1430850600 0 0 0 0
1430848800 0 0 0 0
1430847000 0 0 0 0
1430845200 0 0 0 0
1430843400 0 0 0 0
1430841600 0 0 0 0
1430839800 0 0 0 0
1430838000 0 0 0 0
1430836200 0 0 0 0
1430834400 0 0 0 0
1430832600 0 0 0 0
1430830800 0 0 0 0
1430829000 0 0 0 0
1430827200 0 0 0 0
1430825400 0 0 0 0
1430823600 0 0 0 0
1430821800 0 0 0 0
1430820000 0 0 0 0
1430818200 0 0 0 0
1430816400 0 0 0 0
1430814600 0 0 0 0
1430812800 0 0 0 0
1430811000 0 0 0 0
1430809200 0 0 0 0
1430807400 0 0 0 0
1430805600 0 0 0 0
1430803800 0 0 0 0
1430802000 0 0 0 0
1430800200 0 0 0 0
1430798400 0 0 0 0
1430796600 0 0 0 0
1430794800 0 0 0 0
1430793000 0 0 0 0
1430791200 0 0 0 0
1430789400 0 0 0 0
1430787600 0 0 0 0
1430785800 0 0 0 0
1430784000 0 0 0 0
1430782200 0 0 0 0
1430780400 0 0 0 0
1430778600 0 0 0 0
1430776800 0 0 0 0
1430775000 0 0 0 0
1430773200 0 0 0 0
1430771400 0 0 0 0
1430769600 0 0 0 0
1430767800 0 0 0 0
1430766000 0 0 0 0
1430764200 0 0 0 0
1430762400 0 0 0 0
1430760600 0 0 0 0
1430758800 0 0 0 0
1430757000 0 0 0 0
1430755200 0 0 0 0
1430753400 0 0 0 0
1430751600 0 0 0 0
1430749800 0 0 0 0
1430748000 0 0 0 0
1430746200 0 0 0 0
1430744400 0 0 0 0
1430742600 0 0 0 0
1430740800 0 0 0 0
1430739000 0 0 0 0
1430737200 0 0 0 0
1430735400 0 0 0 0
1430733600 0 0 0 0
1430731800 0 0 0 0
1430730000 0 0 0 0
1430728200 0 0 0 0
1430726400 0 0 0 0
1430724600 0 0 0 0
1430722800 0 0 0 0
1430721000 0 0 0 0
1430719200 0 0 0 0
1430717400 0 0 0 0
1430715600 0 0 0 0
1430713800 0 0 0 0
1430712000 0 0 0 0
1430710200 0 0 0 0
1430708400 0 0 0 0
1430706600 0 0 0 0
1430704800 0 0 0 0
1430703000 0 0 0 0
1430701200 0 0 0 0
1430699400 0 0 0 0
1430697600 0 0 0 0
1430695800 0 0 0 0
1430694000 0 0 0 0
1430692200 0 0 0 0
1430690400 0 0 0 0
1430688600 0 0 0 0
1430686800 0 0 0 0
1430685000 0 0 0 0
1430683200 0 0 0 0
1430681400 0 0 0 0
1430679600 0 0 0 0
1430677800 0 0 0 0
1430676000 0 0 0 0
1430674200 0 0 0 0
1430672400 0 0 0 0
1430670600 0 0 0 0
1430668800 0 0 0 0
1430667000 0 0 0 0
1430665200 0 0 0 0
1430663400 0 0 0 0
1430661600 0 0 0 0
1430659800 0 0 0 0
1430658000 0 0 0 0
1430656200 0 0 0 0
1430654400 0 0 0 0
1430652600 0 0 0 0
1430650800 0 0 0 0
1430649000 0 0 0 0
1430647200 0 0 0 0
1430645400 0 0 0 0
1430643600 0 0 0 0
1430641800 0 0 0 0
1430640000 0 0 0 0
1430638200 0 0 0 0
1430636400 0 0 0 0
1430634600 0 0 0 0
1430632800 0 0 0 0
1430631000 0 0 0 0
1430629200 0 0 0 0
1430627400 0 0 0 0
1430625600 0 0 0 0
1430623800 0 0 0 0
1430622000 0 0 0 0
1430620200 0 0 0 0
1430618400 0 0 0 0
1430616600 0 0 0 0
1430614800 0 0 0 0
1430613000 0 0 0 0
1430611200 0 0 0 0
1430609400 0 0 0 0
1430607600 0 0 0 0
1430605800 0 0 0 0
1430604000 0 0 0 0
1430602200 0 0 0 0
1430600400 0 0 0 0
1430598600 0 0 0 0
1430596800 0 0 0 0
1430595000 0 0 0 0
1430593200 0 0 0 0
1430591400 0 0 0 0
1430589600 0 0 0 0
1430587800 0 0 0 0
1430586000 0 0 0 0
1430584200 0 0 0 0
1430582400 0 0 0 0
1430580600 0 0 0 0
1430578800 0 0 0 0
1430577000 0 0 0 0
1430575200 0 0 0 0
1430573400 0 0 0 0
1430571600 0 0 0 0
1430569800 0 0 0 0
1430568000 0 0 0 0
1430566200 0 0 0 0
1430564400 0 0 0 0
1430562600 0 0 0 0
1430560800 0 0 0 0
1430559000 0 0 0 0
1430557200 0 0 0 0
1430555400 0 0 0 0
1430553600 0 0 0 0
1430551800 0 0 0 0
1430550000 0 0 0 0
1430548200 0 0 0 0
1430546400 0 0 0 0
1430544600 0 0 0 0
1430542800 0 0 0 0
1430541000 0 0 0 0
1430539200 0 0 0 0
1430537400 0 0 0 0
1430535600 0 0 0 0
1430533800 0 0 0 0
1430532000 0 0 0 0
1430530200 0 0 0 0
1430528400 0 0 0 0
1430526600 0 0 0 0
1430524800 0 0 0 0
1430523000 0 0 0 0
1430521200 0 0 0 0
1430519400 0 0 0 0
1430517600 0 0 0 0
1430515800 0 0 0 0
1430514000 0 0 0 0
1430512200 0 0 0 0
1430510400 0 0 0 0
1430508600 0 0 0 0
1430506800 0 0 0 0
1430505000 0 0 0 0
1430503200 0 0 0 0
1430501400 0 0 0 0
1430499600 0 0 0 0
1430497800 0 0 0 0
1430496000 0 0 0 0
1430494200 0 0 0 0
1430492400 0 0 0 0
1430490600 0 0 0 0
1430488800 0 0 0 0
1430487000 0 0 0 0
1430485200 0 0 0 0
1430483400 0 0 0 0
1430481600 0 0 0 0
1430479800 0 0 0 0
1430478000 0 0 0 0
1430476200 0 0 0 0
1430474400 0 0 0 0
1430472600 0 0 0 0
1430470800 0 0 0 0
1430469000 0 0 0 0
1430467200 0 0 0 0
1430465400 0 0 0 0
1430463600 0 0 0 0
1430461800 0 0 0 0
1430460000 0 0 0 0
1430458200 0 0 0 0
1430456400 0 0 0 0
1430454600 0 0 0 0
1430452800 0 0 0 0
1430451000 0 0 0 0
1430449200 0 0 0 0
1430447400 0 0 0 0
1430445600 0 0 0 0
1430443800 0 0 0 0
1430442000 0 0 0 0
1430440200 0 0 0 0
1430438400 0 0 0 0
1430436600 0 0 0 0
1430434800 0 0 0 0
1430433000 0 0 0 0
1430431200 0 0 0 0
1430429400 0 0 0 0
1430427600 0 0 0 0
1430425800 0 0 0 0
1430424000 0 0 0 0
1430422200 0 0 0 0
1430420400 0 0 0 0
1430418600 0 0 0 0
1430416800 0 0 0 0
1430415000 0 0 0 0
1430413200 0 0 0 0
1430411400 0 0 0 0
1430409600 0 0 0 0
1430407800 0 0 0 0
1430406000 0 0 0 0
1430404200 0 0 0 0
1430402400 0 0 0 0
1430400600 0 0 0 0
1430398800 0 0 0 0
1430397000 0 0 0 0
1430395200 0 0 0 0
1430393400 0 0 0 0
1430391600 0 0 0 0
1430389800 0 0 0 0
1430388000 0 0 0 0
1430386200 0 0 0 0
1430384400 0 0 0 0
1430382600 0 0 0 0
1430380800 0 0 0 0
1430379000 0 0 0 0
1430377200 0 0 0 0
1430375400 0 0 0 0
1430373600 0 0 0 0
1430371800 0 0 0 0
1430370000 0 0 0 0
1430368200 0 0 0 0
1430366400 0 0 0 0
1430364600 0 0 0 0
1430362800 0 0 0 0
1430361000 0 0 0 0
1430359200 0 0 0 0
1430357400 0 0 0 0
1430355600 0 0 0 0
1430353800 0 0 0 0
1430352000 0 0 0 0
1430350200 0 0 0 0
1430348400 0 0 0 0
1430346600 0 0 0 0
1430344800 0 0 0 0
1430343000 0 0 0 0
1430341200 0 0 0 0
1430339400 0 0 0 0
1430337600 0 0 0 0
1430335800 0 0 0 0
1430334000 0 0 0 0
1430332200 0 0 0 0
1430330400 0 0 0 0
1430328600 0 0 0 0
1430326800 0 0 0 0
1430325000 0 0 0 0
1430323200 0 0 0 0
1430321400 0 0 0 0
1430319600 0 0 0 0
1430317800 0 0 0 0
1430316000 0 0 0 0
1430314200 0 0 0 0
1430312400 0 0 0 0
1430310600 0 0 0 0
1430308800 0 0 0 0
1430307000 0 0 0 0
1430305200 0 0 0 0
1430303400 0 0 0 0
1430301600 0 0 0 0
1430299800 0 0 0 0
1430298000 0 0 0 0
1430296200 0 0 0 0
1430294400 0 0 0 0
1430292600 0 0 0 0
1430290800 0 0 0 0
1430289000 0 0 0 0
1430287200 0 0 0 0
1430285400 0 0 0 0
1430283600 0 0 0 0
1430281800 0 0 0 0
1430280000 0 0 0 0
1430278200 0 0 0 0
1430276400 0 0 0 0
1430274600 0 0 0 0
1430272800 0 0 0 0
1430271000 0 0 0 0
1430269200 34 475 43 594
1430267400 43 594 43 594
1430265600 43 594 43 594
1430263800 43 594 43 594
1430262000 43 594 43 594
1430260200 43 594 43 594
1430258400 42 585 43 594
1430256600 42 416 43 566
1430254800 42 542 43 771
1430253000 42 683 44 797
1430251200 42 699 43 902
1430249400 42 735 42 902
1430247600 42 577 43 722
1430245800 42 715 43 917
1430244000 42 732 43 999
1430242200 42 691 43 755
1430240400 42 669 43 812
1430238600 42 623 43 747
1430236800 42 679 43 933
1430235000 42 648 43 834
1430233200 42 751 43 1079
1430231400 42 765 43 1124
1430229600 42 599 43 713
1430227800 42 778 43 1305
1430226000 42 897 43 1305
1430224200 42 561 43 716
1430222400 42 720 43 1135
1430220600 46 376 71 412
1430218800 42 392 43 544
1430217000 42 358 43 407
1430215200 42 347 43 395
1430213400 42 344 42 397
1430211600 42 352 43 399
1430209800 42 361 44 440
1430208000 42 352 43 419
1430206200 42 355 42 419
1430204400 42 350 43 408
1430202600 42 356 43 438
1430200800 42 358 43 382
1430199000 42 358 43 424
1430197200 42 363 43 396
1430195400 42 355 43 398
1430193600 42 348 43 376
1430191800 42 348 43 383
1430190000 42 387 42 456
1430188200 42 447 43 540
1430186400 42 444 43 470
1430184600 42 437 43 497
1430182800 42 496 43 550
1430181000 42 479 43 588
1430179200 42 478 43 547
1430177400 42 469 43 524
1430175600 42 480 43 535
1430173800 42 482 43 572
1430172000 42 456 42 551
1430170200 42 493 43 590
1430168400 42 632 43 972
1430166600 42 709 44 1232
1430164800 42 640 43 749
1430163000 42 640 43 768
1430161200 42 820 43 1095
1430159400 42 687 43 848
1430157600 42 709 43 1210
1430155800 42 720 43 946
1430154000 42 695 43 814
1430152200 42 600 43 667
1430150400 42 624 43 831
1430148600 42 644 42 831
1430146800 42 702 43 901
1430145000 42 643 43 714
1430143200 42 702 42 937
1430141400 42 708 43 881
1430139600 42 783 43 936
1430137800 42 683 43 864
1430136000 42 598 43 906
1430134200 42 347 43 486
1430132400 42 308 43 453
1430130600 42 283 43 331
1430128800 42 278 43 307
1430127000 42 275 42 305
1430125200 42 282 42 316
1430123400 42 283 44 337
1430121600 42 276 43 316
1430119800 42 272 43 297
1430118000 42 288 43 332
1430116200 42 323 43 548
1430114400 42 276 43 303
1430112600 42 270 43 290
1430110800 42 288 43 339
1430109000 42 296 42 343
1430107200 42 278 43 309
1430105400 42 270 43 290
1430103600 42 277 43 312
1430101800 42 284 43 326
1430100000 42 273 43 294
1430098200 42 270 43 292
1430096400 42 282 43 308
1430094600 42 289 43 341
1430092800 42 273 42 289
1430091000 42 272 43 298
1430089200 42 278 43 295
1430087400 42 283 42 325
1430085600 42 272 43 291
1430083800 42 277 43 303
1430082000 42 277 42 308
1430080200 42 288 44 341
1430078400 42 278 43 303
1430076600 42 273 43 284
1430074800 42 282 43 299
1430073000 42 284 43 318
1430071200 42 275 43 307
1430069400 42 267 43 281
1430067600 42 287 43 307
1430065800 42 283 43 321
1430064000 42 276 43 313
1430062200 42 266 42 296
1430060400 42 292 43 342
1430058600 42 291 43 317
1430056800 42 277 42 306
1430055000 42 278 42 300
1430053200 42 281 42 290
1430051400 42 289 43 320
1430049600 42 288 43 315
1430047800 42 273 43 293
1430046000 42 289 43 311
1430044200 42 292 43 318
1430042400 42 285 43 310
1430040600 42 274 42 294
1430038800 42 283 42 305
1430037000 42 290 44 340
1430035200 42 284 42 322
1430033400 42 309 43 458
1430031600 42 310 42 407
1430029800 42 286 43 326
1430028000 42 277 44 306
1430026200 42 280 43 307
1430024400 42 291 43 344
1430022600 42 285 43 347
1430020800 42 288 43 307
1430019000 42 285 42 315
1430017200 42 280 43 306
1430015400 42 292 43 362
1430013600 42 278 43 297
1430011800 42 271 43 302
1430010000 42 337 43 542
1430008200 42 326 43 369
1430006400 42 297 43 331
1430004600 42 291 42 324
1430002800 42 297 43 320
1430001000 42 307 43 342
1429999200 42 289 43 316
1429997400 42 294 42 321
1429995600 42 293 43 553
1429993800 42 402 43 553
1429992000 42 347 43 394
1429990200 42 414 43 601
1429988400 42 450 43 1050
1429986600 42 421 43 893
1429984800 42 385 43 996
1429983000 42 411 43 879
1429981200 42 382 43 496
1429979400 42 364 43 607
1429977600 42 430 43 607
1429975800 42 372 42 458
1429974000 42 301 42 355
1429972200 42 366 42 534
1429970400 42 378 42 573
1429968600 42 477 43 856
1429966800 42 269 43 303
1429965000 42 263 42 280
1429963200 42 266 42 274
1429961400 42 265 42 293
1429959600 42 265 42 286
1429957800 42 261 42 286
1429956000 42 265 43 286
1429954200 42 273 43 296
1429952400 42 267 43 285
1429950600 42 263 43 282
1429948800 42 272 44 287
1429947000 42 264 43 279
1429945200 42 308 43 518
1429943400 42 266 43 284
1429941600 42 262 43 279
1429939800 42 264 43 282
1429938000 42 273 43 289
1429936200 42 272 42 297
1429934400 42 280 43 331
1429932600 42 264 43 284
1429930800 42 260 43 285
1429929000 42 274 42 338
1429927200 42 272 42 297
1429925400 42 282 43 330
1429923600 42 270 43 283
1429921800 42 276 43 300
1429920000 42 270 43 292
1429918200 42 262 43 278
1429916400 42 263 43 285
1429912800 42 474 43 922
1429905600 42 862 44 1254
1429898400 42 966 43 1341
1429891200 42 1015 43 1400
1429884000 42 1084 43 1584
1429876800 42 549 43 1411
1429869600 42 338 43 394
1429862400 42 338 44 413
1429855200 42 344 43 460
1429848000 42 343 43 413
1429840800 42 347 43 397
1429833600 42 346 43 428
1429826400 42 549 43 838
1429819200 42 987 44 1163
1429812000 42 973 43 1443
1429804800 42 987 43 1636
1429797600 42 917 43 1636
1429790400 42 458 43 800
1429783200 42 325 43 365
1429776000 42 323 44 390
1429768800 42 337 53 424
1429761600 42 360 43 435
1429754400 42 413 43 548
1429747200 42 413 43 539
1429740000 42 554 43 851
1429732800 42 755 59 1008
1429725600 42 778 65 1165
1429718400 42 836 43 1088
1429711200 42 864 44 1477
1429704000 42 452 43 1292
1429696800 42 309 43 351
1429689600 42 314 43 368
1429682400 42 314 43 391
1429675200 42 315 43 386
1429668000 42 321 44 433
1429660800 42 313 43 411
1429653600 42 611 43 908
1429646400 42 1093 43 1433
1429639200 42 1162 43 1562
1429632000 42 1038 43 1513
1429624800 42 1059 44 1567
1429617600 42 489 43 1174
1429610400 42 343 43 397
1429603200 42 337 43 386
1429596000 41 361 43 456
1429588800 42 408 43 510
1429581600 42 414 44 585
1429574400 42 405 43 460
1429567200 42 474 43 1186
1429560000 42 904 43 1270
1429552800 42 929 43 1589
1429545600 42 993 43 1303
1429538400 675 1825 9668 13744
1429531200 42 496 43 898
1429524000 42 379 43 479
1429516800 42 380 43 441
1429509600 42 381 43 460
1429502400 42 377 43 490
1429495200 42 374 44 439
1429488000 42 368 43 432
1429480800 42 370 43 422
1429473600 42 367 43 412
1429466400 42 373 43 437
1429459200 42 371 43 435
1429452000 42 374 44 452
1429444800 42 378 43 422
1429437600 42 380 43 460
1429430400 42 375 43 569
1429423200 42 360 43 449
1429416000 42 356 43 449
1429408800 42 358 44 404
1429401600 42 355 43 455
1429394400 42 352 43 417
1429387200 42 350 43 400
1429380000 42 349 43 405
1429372800 42 350 43 402
1429365600 42 347 58 389
1429358400 42 351 43 409
1429351200 42 346 43 412
1429344000 42 356 43 475
1429336800 42 359 44 408
1429329600 42 365 43 446
1429322400 42 350 43 399
1429315200 42 358 43 479
1429308000 42 429 43 978
1429300800 87 696 865 1520
1429293600 1188 2508 4279 14041
1429286400 1528 2539 5157 6537
1429279200 2380 11210 17530 88498
1429272000 1844 4345 12541 24211
1429264800 42 440 42 502
1429257600 42 445 43 534
1429250400 42 447 44 549
1429243200 42 451 43 581
1429236000 42 461 43 567
1429228800 42 461 43 741
1429221600 1015 3288 5325 24676
1429214400 3516 6987 19376 64713
1429207200 2732 6909 16196 43404
1429200000 907 4002 1646 11277
1429192800 2034 5753 4777 14315
1429185600 1310 6667 9220 41158
1429178400 42 417 43 518
1429171200 42 446 43 578
1429164000 42 468 45 593
1429156800 42 505 43 772
1429149600 42 580 43 937
1429142400 42 610 43 858
1429135200 2369 6577 14044 48050
1429128000 1631 15157 5357 205086
1429120800 2008 6270 7108 26699
1429113600 1300 7723 10347 114465
1429106400 115 3249 1265 31338
1429099200 42 710 71 1346
1429092000 42 551 43 659
1429084800 42 539 43 845
1429077600 42 516 43 700
1429070400 42 551 43 730
1429063200 42 597 44 748
1429056000 42 642 43 999
1429048800 42 680 43 938
1429041600 42 883 43 1235
1429034400 42 1076 43 1492
1429027200 42 1002 43 1432
1429020000 42 1011 44 1383
1429012800 42 626 43 936
1429005600 42 555 43 620
1428998400 42 564 43 701
1428991200 42 628 43 734
1428984000 42 663 43 836
1428976800 42 663 44 811
1428969600 42 776 43 1403
1428962400 294 1645 3773 11533
1428955200 1899 10039 18874 136111
1428948000 53 1454 328 2814
1428940800 42 1432 46 1969
1428933600 72 405 1590 7466
1428926400 0 0 0 0
1428919200 0 0 0 0
1428912000 0 0 0 0
1428904800 0 0 0 0
1428897600 0 0 0 0
1428890400 0 0 0 0
1428883200 0 0 0 0
1428876000 0 0 0 0
1428868800 0 0 0 0
1428861600 0 0 0 0
1428854400 0 0 0 0
1428847200 0 0 0 0
1428840000 0 0 0 0
1428832800 0 0 0 0
1428825600 0 0 0 0
1428818400 0 0 0 0
1428811200 0 0 0 0
1428804000 0 0 0 0
1428796800 0 0 0 0
1428789600 0 0 0 0
1428782400 0 0 0 0
1428775200 0 0 0 0
1428768000 0 0 0 0
1428760800 0 0 0 0
1428753600 0 0 0 0
1428746400 0 0 0 0
1428739200 0 0 0 0
1428732000 0 0 0 0
1428724800 0 0 0 0
1428717600 0 0 0 0
1428710400 0 0 0 0
1428703200 0 0 0 0
1428696000 0 0 0 0
1428688800 0 0 0 0
1428681600 0 0 0 0
1428674400 0 0 0 0
1428667200 0 0 0 0
1428660000 0 0 0 0
1428652800 0 0 0 0
1428645600 0 0 0 0
1428638400 0 0 0 0
1428631200 0 0 0 0
1428624000 0 0 0 0
1428616800 0 0 0 0
1428609600 0 0 0 0
1428602400 0 0 0 0
1428595200 0 0 0 0
1428588000 0 0 0 0
1428580800 0 0 0 0
1428573600 0 0 0 0
1428566400 0 0 0 0
1428559200 0 0 0 0
1428552000 0 0 0 0
1428544800 0 0 0 0
1428537600 0 0 0 0
1428530400 0 0 0 0
1428523200 0 0 0 0
1428516000 0 0 0 0
1428508800 0 0 0 0
1428501600 0 0 0 0
1428494400 0 0 0 0
1428487200 0 0 0 0
1428480000 0 0 0 0
1428472800 0 0 0 0
1428465600 0 0 0 0
1428458400 0 0 0 0
1428451200 0 0 0 0
1428444000 0 0 0 0
1428436800 0 0 0 0
1428429600 0 0 0 0
1428422400 0 0 0 0
1428415200 0 0 0 0
1428408000 0 0 0 0
1428400800 0 0 0 0
1428393600 0 0 0 0
1428386400 0 0 0 0
1428379200 0 0 0 0
1428372000 0 0 0 0
1428364800 0 0 0 0
1428357600 0 0 0 0
1428350400 0 0 0 0
1428343200 0 0 0 0
1428336000 0 0 0 0
1428328800 0 0 0 0
1428321600 0 0 0 0
1428314400 0 0 0 0
1428307200 0 0 0 0
1428300000 0 0 0 0
1428292800 0 0 0 0
1428285600 0 0 0 0
1428278400 0 0 0 0
1428271200 0 0 0 0
1428264000 0 0 0 0
1428256800 0 0 0 0
1428249600 0 0 0 0
1428242400 0 0 0 0
1428235200 0 0 0 0
1428228000 0 0 0 0
1428220800 0 0 0 0
1428213600 0 0 0 0
1428206400 0 0 0 0
1428199200 0 0 0 0
1428192000 0 0 0 0
1428184800 0 0 0 0
1428177600 0 0 0 0
1428170400 0 0 0 0
1428163200 0 0 0 0
1428156000 0 0 0 0
1428148800 0 0 0 0
1428141600 0 0 0 0
1428134400 0 0 0 0
1428127200 0 0 0 0
1428120000 0 0 0 0
1428112800 0 0 0 0
1428105600 0 0 0 0
1428098400 0 0 0 0
1428091200 0 0 0 0
1428084000 0 0 0 0
1428076800 0 0 0 0
1428069600 0 0 0 0
1428062400 0 0 0 0
1428055200 0 0 0 0
1428048000 0 0 0 0
1428040800 0 0 0 0
1428033600 0 0 0 0
1428026400 0 0 0 0
1428019200 0 0 0 0
1428012000 0 0 0 0
1428004800 0 0 0 0
1427997600 0 0 0 0
1427990400 0 0 0 0
1427983200 0 0 0 0
1427976000 0 0 0 0
1427968800 0 0 0 0
1427961600 0 0 0 0
1427954400 0 0 0 0
1427947200 0 0 0 0
1427940000 0 0 0 0
1427932800 0 0 0 0
1427925600 0 0 0 0
1427918400 0 0 0 0
1427911200 0 0 0 0
1427904000 0 0 0 0
1427896800 0 0 0 0
1427889600 0 0 0 0
1427882400 0 0 0 0
1427875200 0 0 0 0
1427868000 0 0 0 0
1427860800 0 0 0 0
1427853600 0 0 0 0
1427846400 0 0 0 0
1427839200 0 0 0 0
1427832000 0 0 0 0
1427824800 0 0 0 0
1427817600 0 0 0 0
1427810400 0 0 0 0
1427803200 0 0 0 0
1427796000 0 0 0 0
1427788800 0 0 0 0
1427781600 0 0 0 0
1427774400 0 0 0 0
1427767200 0 0 0 0
1427760000 0 0 0 0
1427752800 0 0 0 0
1427745600 0 0 0 0
1427738400 0 0 0 0
1427731200 0 0 0 0
1427724000 0 0 0 0
1427716800 0 0 0 0
1427709600 0 0 0 0
1427702400 0 0 0 0
1427695200 0 0 0 0
1427688000 0 0 0 0
1427680800 0 0 0 0
1427673600 0 0 0 0
1427666400 0 0 0 0
1427659200 0 0 0 0
1427652000 0 0 0 0
1427644800 0 0 0 0
1427637600 0 0 0 0
1427630400 0 0 0 0
1427623200 0 0 0 0
1427616000 0 0 0 0
1427608800 0 0 0 0
1427601600 0 0 0 0
1427594400 0 0 0 0
1427587200 0 0 0 0
1427580000 0 0 0 0
1427572800 0 0 0 0
1427565600 0 0 0 0
1427558400 0 0 0 0
1427551200 0 0 0 0
1427544000 0 0 0 0
1427536800 0 0 0 0
1427529600 0 0 0 0
1427522400 0 0 0 0
1427515200 0 0 0 0
1427508000 0 0 0 0
1427500800 0 0 0 0
1427493600 0 0 0 0
1427486400 0 0 0 0
1427479200 0 0 0 0
1427472000 0 0 0 0
1427464800 0 0 0 0
1427457600 0 0 0 0
1427450400 0 0 0 0
1427443200 0 0 0 0
1427436000 0 0 0 0
1427428800 0 0 0 0
1427421600 0 0 0 0
1427414400 0 0 0 0
1427407200 0 0 0 0
1427400000 0 0 0 0
1427392800 0 0 0 0
1427385600 0 0 0 0
1427378400 0 0 0 0
1427371200 0 0 0 0
1427364000 0 0 0 0
1427356800 0 0 0 0
1427349600 0 0 0 0
1427342400 0 0 0 0
1427335200 0 0 0 0
1427328000 0 0 0 0
1427320800 0 0 0 0
1427313600 0 0 0 0
1427306400 0 0 0 0
1427299200 0 0 0 0
1427292000 0 0 0 0
1427284800 0 0 0 0
1427277600 0 0 0 0
1427270400 0 0 0 0
1427263200 0 0 0 0
1427256000 0 0 0 0
1427248800 0 0 0 0
1427241600 0 0 0 0
1427234400 0 0 0 0
1427227200 0 0 0 0
1427220000 0 0 0 0
1427212800 0 0 0 0
1427205600 0 0 0 0
1427198400 0 0 0 0
1427191200 0 0 0 0
1427184000 0 0 0 0
1427176800 0 0 0 0
1427169600 0 0 0 0
1427162400 0 0 0 0
1427155200 0 0 0 0
1427148000 0 0 0 0
1427140800 0 0 0 0
1427133600 0 0 0 0
1427126400 0 0 0 0
1427119200 0 0 0 0
1427112000 0 0 0 0
1427104800 0 0 0 0
1427097600 0 0 0 0
1427090400 0 0 0 0
1427083200 0 0 0 0
1427076000 0 0 0 0
1427068800 0 0 0 0
1427061600 0 0 0 0
1427054400 0 0 0 0
1427047200 0 0 0 0
1427040000 0 0 0 0
1427032800 0 0 0 0
1427025600 0 0 0 0
1427018400 0 0 0 0
1427011200 0 0 0 0
1427004000 0 0 0 0
1426996800 0 0 0 0
1426989600 0 0 0 0
1426982400 0 0 0 0
1426975200 0 0 0 0
1426968000 0 0 0 0
1426960800 0 0 0 0
1426953600 0 0 0 0
1426946400 0 0 0 0
1426939200 0 0 0 0
1426932000 0 0 0 0
1426924800 0 0 0 0
1426917600 0 0 0 0
1426910400 0 0 0 0
1426903200 0 0 0 0
1426896000 0 0 0 0
1426888800 0 0 0 0
1426881600 0 0 0 0
1426874400 0 0 0 0
1426867200 0 0 0 0
1426860000 0 0 0 0
1426852800 0 0 0 0
1426845600 0 0 0 0
1426838400 0 0 0 0
1426831200 0 0 0 0
1426824000 0 0 0 0
1426816800 0 0 0 0
1426809600 0 0 0 0
1426802400 0 0 0 0
1426795200 0 0 0 0
1426788000 0 0 0 0
1426780800 0 0 0 0
1426773600 0 0 0 0
1426766400 0 0 0 0
1426759200 0 0 0 0
1426752000 0 0 0 0
1426744800 0 0 0 0
1426737600 0 0 0 0
1426730400 0 0 0 0
1426723200 0 0 0 0
1426716000 0 0 0 0
1426708800 0 0 0 0
1426701600 0 0 0 0
1426694400 0 0 0 0
1426687200 0 0 0 0
1426680000 0 0 0 0
1426672800 0 0 0 0
1426665600 0 0 0 0
1426658400 0 0 0 0
1426651200 0 0 0 0
1426644000 0 0 0 0
1426636800 0 0 0 0
1426629600 0 0 0 0
1426622400 0 0 0 0
1426615200 0 0 0 0
1426608000 0 0 0 0
1426600800 0 0 0 0
1426593600 0 0 0 0
1426586400 0 0 0 0
1426579200 0 0 0 0
1426572000 0 0 0 0
1426564800 0 0 0 0
1426557600 0 0 0 0
1426550400 0 0 0 0
1426543200 0 0 0 0
1426536000 0 0 0 0
1426528800 0 0 0 0
1426521600 0 0 0 0
1426514400 0 0 0 0
1426507200 0 0 0 0
1426500000 0 0 0 0
1426492800 0 0 0 0
1426485600 0 0 0 0
1426478400 0 0 0 0
1426471200 0 0 0 0
1426464000 0 0 0 0
1426456800 0 0 0 0
1426449600 0 0 0 0
1426442400 0 0 0 0
1426435200 0 0 0 0
1426428000 0 0 0 0
1426420800 0 0 0 0
1426413600 0 0 0 0
1426406400 0 0 0 0
1426399200 0 0 0 0
1426392000 0 0 0 0
1426384800 0 0 0 0
1426377600 0 0 0 0
1426370400 0 0 0 0
1426363200 0 0 0 0
1426356000 0 0 0 0
1426348800 0 0 0 0
1426341600 0 0 0 0
1426334400 0 0 0 0
1426327200 0 0 0 0
1426320000 0 0 0 0
1426312800 0 0 0 0
1426305600 0 0 0 0
1426298400 0 0 0 0
1426291200 0 0 0 0
1426284000 0 0 0 0
1426276800 0 0 0 0
1426269600 0 0 0 0
1426262400 0 0 0 0
1426255200 0 0 0 0
1426248000 0 0 0 0
1426240800 0 0 0 0
1426233600 0 0 0 0
1426226400 0 0 0 0
1426219200 0 0 0 0
1426212000 0 0 0 0
1426204800 0 0 0 0
1426197600 0 0 0 0
1426190400 0 0 0 0
1426183200 0 0 0 0
1426176000 0 0 0 0
1426168800 0 0 0 0
1426161600 0 0 0 0
1426154400 0 0 0 0
1426147200 0 0 0 0
1426140000 0 0 0 0
1426132800 0 0 0 0
1426125600 0 0 0 0
1426118400 0 0 0 0
1426111200 0 0 0 0
1426104000 0 0 0 0
1426096800 1 51 43 2237
1426089600 41 942 43 2237
1426082400 41 1172 43 1942
1426075200 41 420 43 1942
1426068000 42 220 43 326
1426060800 42 220 44 311
1426053600 42 222 43 264
1426046400 41 218 43 289
1426039200 42 217 43 267
1426032000 41 216 43 340
1426024800 41 387 43 771
1426017600 41 769 44 1293
1426010400 42 877 43 1608
1426003200 41 987 43 1488
1425996000 42 872 43 1662
1425988800 41 369 43 1662
1425981600 41 263 43 674
1425974400 41 230 44 294
1425967200 42 250 43 499
1425960000 42 280 43 650
1425952800 42 257 43 373
1425945600 42 248 43 291
1425938400 41 345 43 652
1425931200 42 1075 44 4567
1425924000 42 1071 43 1789
1425916800 42 918 43 1314
1425909600 42 923 43 1346
1425902400 42 350 43 723
1425895200 41 207 43 264
1425888000 41 210 44 257
1425880800 42 215 58 285
1425873600 41 206 43 253
1425866400 42 208 43 241
1425859200 42 212 43 277
1425852000 41 212 43 261
1425844800 41 218 44 262
1425837600 41 213 43 283
1425830400 42 215 43 277
1425823200 42 212 43 265
1425816000 41 212 43 292
1425808800 41 212 43 274
1425801600 41 213 44 261
1425794400 42 210 43 253
1425787200 42 205 43 246
1425780000 42 203 43 240
1425772800 41 205 43 232
1425765600 41 204 43 252
1425758400 41 211 44 257
1425751200 42 208 43 266
1425744000 42 213 43 316
1425736800 41 208 43 263
1425729600 41 211 43 286
1425722400 42 222 43 351
1425715200 42 205 44 256
1425708000 42 210 43 260
1425700800 42 208 43 274
1425693600 42 211 43 276
1425686400 42 208 43 277
1425679200 42 615 43 1252
1425672000 41 1070 44 1684
1425664800 41 848 43 1215
1425657600 42 783 43 1355
1425650400 41 610 43 1343
1425643200 41 223 43 382
1425636000 42 231 43 676
1425628800 41 215 43 296
1425621600 42 210 42 268
1425614400 42 224 42 389
1425607200 42 306 43 968
1425600000 41 263 43 391
1425592800 41 492 44 1585
1425513600 41 431 44 1813
1425427200 41 434 44 1527
1425340800 41 393 44 1651
1425254400 41 176 44 233
1425168000 41 173 43 212
1425081600 41 387 44 1333
1424995200 41 385 44 1471
1424908800 41 456 46 1830
1424822400 41 530 44 1414
1424736000 42 449 44 2260
1424649600 42 169 44 230
1424563200 42 169 44 213
1424476800 42 505 44 1708
1424390400 42 495 44 1634
1424304000 42 569 44 1651
1424217600 42 434 44 1499
1424131200 42 168 44 341
1424044800 42 170 44 291
1423958400 42 177 83 310
1423872000 42 485 44 1534
1423785600 41 503 44 1537
1423699200 416 2251 26435 279016
1423612800 800 2651 8822 121009
1423526400 367352 11837 10167983 437817
1423440000 42 181 44 227
1423353600 42 241 44 18001
1423267200 41 489 44 1494
1423180800 42 570 44 1928
1423094400 154555 3749 11617695 259759
1423008000 42 562 44 32186
1422921600 42 403 44 1605
1422835200 42 169 44 244
1422748800 42 174 44 807
1422662400 42 555 44 1752
1422576000 42 617 54 1703
1422489600 42 693 44 2105
1422403200 42 572 67 9478
1422316800 41 439 44 1512
1422230400 41 174 66 400
1422144000 41 172 43 302
1422057600 41 487 43 1649
1421971200 41 502 43 6116
1421884800 41 665 43 2109
1421798400 41 554 44 1834
1421712000 41 444 43 1468
1421625600 41 173 43 206
1421539200 41 173 43 385
1421452800 41 436 43 2189
1421366400 41 630 89 2161
1421280000 41 588 46 4527
1421193600 41 671 44 1982
1421107200 41 651 44 2302
1421020800 41 348 44 1243
1420934400 41 331 44 844
1420848000 41 654 44 2071
1420761600 41 631 49 1805
1420675200 41 670 44 2107
1420588800 41 699 44 2201
1420502400 42 751 44 2790
1420416000 42 312 44 576
1420329600 42 319 46 847
1420243200 42 436 44 2468
1420156800 42 271 44 1435
1420070400 42 307 46 1201
1419984000 42 674 44 7896
1419897600 42 497 44 1921
1419811200 42 157 46 203
1419724800 41 157 44 198
1419638400 42 157 44 194
1419552000 41 157 45 193
1419465600 42 157 44 239
1419379200 42 455 44 1378
1419292800 42 1046 44 34891
1419206400 42 171 44 461
1419120000 42 164 44 293
1419033600 42 500 44 1757
1418947200 42 701 44 36555
1418860800 550 1530 66860 44716
1418774400 511 1263 65588 85795
1418688000 42 500 44 1504
1418601600 42 280 44 396
1418515200 42 272 44 511
1418428800 41 487 44 2709
1418342400 41 603 44 1618
1418256000 41 583 49 2130
1418169600 41 681 45 1613
1418083200 41 638 44 4877
1417996800 41 178 44 438
1417910400 41 178 44 432
1417824000 41 567 43 1912
1417737600 41 565 48 1690
1417651200 41 510 43 1446
1417564800 41 509 46 1604
1417478400 41 462 44 1479
1417392000 41 183 44 337
1417305600 41 185 43 415
1417219200 41 649 44 1467
1417132800 41 645 66 1439
1417046400 41 982 44 2376
1416960000 41 769 44 2385
1416873600 41 520 44 1687
1416787200 41 231 44 954
1416700800 41 221 44 1054
1416614400 41 540 59 1551
1416528000 41 669 44 1753
1416441600 41 504 43 1920
1416355200 41 371 44 1324
1416268800 88 853 3653 72108
1416182400 42 199 64 247
1416096000 42 198 44 348
1416009600 42 510 44 1583
1415923200 59 653 102 1983
1415836800 80 679 449 2468
1415750400 80 598 438 2268
1415664000 81 445 435 2041
1415577600 95 336 1199 7620
1415491200 280 1023 2326 12125
1415404800 150 801 4633 16810
1415318400 171 854 7673 19134
1415232000 313 1260 5447 25126
1415145600 201 933 3791 15519
1415059200 168 806 4653 30237
1414972800 72 355 461 1627
1414886400 222 998 1835 10986
1414800000 371 1503 5731 24345
1414713600 442 1821 7151 24397
1414627200 332 1464 5968 11473
1414540800 440 2370 3174 17420
1414454400 306 2038 4537 66756
1414368000 0 0 0 0
1414281600 0 0 0 0
1414195200 0 0 0 0
1414108800 0 0 0 0
1414022400 0 0 0 0
1413936000 0 0 0 0
1413849600 0 0 0 0
1413763200 0 0 0 0
1413676800 0 0 0 0
1413590400 0 0 0 0
1413504000 0 0 0 0
1413417600 0 0 0 0
1413331200 0 0 0 0
1413244800 0 0 0 0
1413158400 0 0 0 0
1413072000 0 0 0 0
1412985600 0 0 0 0
1412899200 0 0 0 0
1412812800 0 0 0 0
1412726400 0 0 0 0
1412640000 0 0 0 0
1412553600 0 0 0 0
1412467200 0 0 0 0
1412380800 0 0 0 0
1412294400 0 0 0 0
1412208000 0 0 0 0
1412121600 0 0 0 0
1412035200 0 0 0 0
1411948800 0 0 0 0
1411862400 0 0 0 0
1411776000 0 0 0 0
1411689600 0 0 0 0
1411603200 0 0 0 0
1411516800 0 0 0 0
1411430400 175 655 409 1695
1411344000 323 918 501 6956
1411257600 383 1420 493 3898
1411171200 380 1488 585 2115
1411084800 324 1129 2582 10262
1410998400 294 1996 6163 259207
1410912000 81 648 3817 9892
1410825600 10 399 12 1184
1410739200 10 314 12 628
1410652800 10 375 12 801
1410566400 10 463 34 1019
1410480000 10 512 12 1328
1410393600 10 537 12 1255
1410307200 10 544 11 1509
1410220800 10 475 11 1255
1410134400 10 332 11 596
1410048000 10 350 27 1330
1409961600 12 496 31 1456
1409875200 12 496 14 1221
1409788800 12 558 14 1638
1409702400 12 426 23 1199
1409616000 12 319 14 496
1409529600 12 308 14 432
1409443200 12 343 14 739
1409356800 12 464 14 1884
1409270400 12 413 15 1359
1409184000 12 441 14 1323
1409097600 12 436 14 1315
1409011200 12 364 14 1145
1408924800 12 202 14 304
1408838400 12 199 14 424
1408752000 12 391 14 1223
1408665600 12 415 14 1288
1408579200 12 420 14 1503
1408492800 12 482 14 1266
1408406400 12 355 14 1024
1408320000 12 182 14 227
1408233600 12 184 14 444
1408147200 12 391 14 1213
1408060800 12 462 76 1299
1407974400 12 530 14 4265
1407888000 12 415 14 1153
1407801600 21 325 1854 1605
1407715200 10 160 12 229
1407628800 10 161 14 227
1407542400 10 367 12 861
1407456000 9 526 12 1722
1407369600 10 576 12 1919
1407283200 10 533 12 1990
1407196800 10 318 12 568
1407110400 9 298 12 401
1407024000 10 297 12 428
1406937600 10 410 34 1091
1406851200 10 521 12 1257
1406764800 10 549 12 1494
1406678400 9 597 12 1478
1406592000 10 519 12 1289
1406505600 10 324 12 468
1406419200 10 335 12 458
1406332800 10 329 12 857
1406246400 10 423 12 1185
1406160000 10 476 34 1200
1406073600 10 512 12 1346
1405987200 10 491 12 1165
1405900800 9 337 12 664
1405814400 10 342 12 476
1405728000 9 420 12 1063
1405641600 10 528 12 1301
1405555200 10 449 12 981
1405468800 10 645 12 2683
1405382400 10 437 12 1449
1405296000 10 174 12 216
1405209600 10 184 12 374
1405123200 10 275 26 970
1405036800 10 445 12 1226
1404950400 2111 2793 302911 188317
1404864000 10 481 12 1245
1404777600 10 384 12 1198
1404691200 10 192 12 280
1404604800 10 189 12 251
1404518400 10 376 12 1235
1404432000 10 410 12 1247
1404345600 10 394 165 1139
1404259200 10 232 12 617
1404172800 10 299 12 731
1404086400 9 211 12 264
1404000000 10 212 12 310
1403913600 10 287 12 854
1403827200 9 543 34 5937
1403740800 10 591 12 1270
1403654400 10 567 12 1515
1403568000 10 490 12 1775
1403481600 10 230 23 543
1403395200 10 233 26 331
1403308800 10 619 34 1524
1403222400 10 643 12 2288
1403136000 10 613 29 3303
1403049600 10 608 12 1551
1402963200 10 579 12 1584
1402876800 10 496 101 815
1402790400 10 414 12 693
1402704000 10 553 13 1341
1402617600 10 636 12 1937
1402531200 9 521 12 1008
1402444800 10 546 12 1768
1402358400 10 601 26 1602
1402272000 10 459 12 866
1402185600 9 460 12 718
1402099200 309 670 18950 34947
1402012800 154 191 18439 9272
1401926400 365 814 28689 36348
1401840000 0 0 0 0
1401753600 447 576 65195 13894
1401667200 0 0 0 0
1401580800 0 0 0 0
1401494400 0 0 0 0
1401408000 0 0 0 0
1401321600 3 218 233 986
1401235200 2447 787 612329 26802
1401148800 671 1118 27680 24301
1401062400 10 341 12 419
1400976000 10 341 12 458
1400889600 69 208 4123 6900
1400803200 0 0 0 0
1400716800 0 0 0 0
1400630400 0 193 0 1146
1400544000 0 214 0 309
1400457600 0 210 0 245
1400371200 0 205 0 516
1400284800 99 848 4036 13439
1400198400 100 880 7122 23500
1400112000 96 540 4294 9414
1400025600 27 149 3075 23251
1399939200 0 0 0 0
1399852800 0 0 0 0
1399766400 0 0 0 0
1399680000 0 0 0 0
1399593600 0 0 0 0
1399507200 0 0 0 0
1399420800 0 0 0 0
1399334400 0 0 0 0
1399248000 0 0 0 0
1399161600 0 0 0 0
1399075200 0 0 0 0
1398988800 0 0 0 0
1398902400 0 0 0 0
1398816000 0 0 0 0
1398729600 0 0 0 0
1398643200 0 0 0 0
1398556800 0 0 0 0
1398470400 0 0 0 0
1398384000 0 0 0 0
1398297600 0 0 0 0
1398211200 0 0 0 0
1398124800 0 0 0 0
1398038400 0 0 0 0
1397952000 0 0 0 0
1397865600 0 0 0 0
1397779200 0 0 0 0
1397692800 0 0 0 0
1397606400 0 0 0 0
1397520000 0 0 0 0
1397433600 0 0 0 0
1397347200 0 0 0 0
1397260800 0 0 0 0
1397174400 0 0 0 0
1397088000 0 0 0 0
1397001600 0 0 0 0
1396915200 0 0 0 0
1396828800 0 0 0 0
1396742400 0 0 0 0
1396656000 0 0 0 0
1396569600 0 0 0 0
1396483200 0 0 0 0
1396396800 0 0 0 0
1396310400 0 0 0 0
1396224000 0 0 0 0
1396137600 0 0 0 0
1396051200 0 0 0 0
1395964800 0 0 0 0
1395878400 0 0 0 0
1395792000 0 0 0 0
1395705600 0 0 0 0
1395619200 0 0 0 0
1395532800 0 0 0 0
1395446400 0 0 0 0
1395360000 0 0 0 0
1395273600 0 0 0 0
1395187200 0 0 0 0
1395100800 0 0 0 0
1395014400 0 0 0 0
1394928000 0 0 0 0
1394841600 0 0 0 0
1394755200 0 0 0 0
1394668800 0 0 0 0
1394582400 0 0 0 0
1394496000 0 0 0 0
1394409600 0 0 0 0
1394323200 0 0 0 0
1394236800 0 0 0 0
1394150400 0 0 0 0
1394064000 0 0 0 0
1393977600 0 0 0 0
1393891200 0 0 0 0
1393804800 0 0 0 0
1393718400 0 0 0 0
1393632000 0 0 0 0
1393545600 0 0 0 0
1393459200 0 0 0 0
1393372800 0 0 0 0
1393286400 0 0 0 0
1393200000 0 0 0 0
1393113600 0 0 0 0
1393027200 0 0 0 0
1392940800 0 0 0 0
1392854400 0 0 0 0
1392768000 0 0 0 0
1392681600 0 0 0 0
1392595200 0 0 0 0
1392508800 0 0 0 0
1392422400 0 0 0 0
1392336000 0 0 0 0
1392249600 0 0 0 0
1392163200 0 0 0 0
1392076800 0 0 0 0
1391990400 0 0 0 0
1391904000 0 0 0 0
1391817600 0 0 0 0
1391731200 0 0 0 0
1391644800 0 0 0 0
1391558400 0 0 0 0
1391472000 0 0 0 0
1391385600 0 0 0 0
1391299200 0 0 0 0
1391212800 0 0 0 0
1391126400 0 0 0 0
1391040000 0 0 0 0
1390953600 0 0 0 0
1390867200 0 0 0 0
1390780800 0 0 0 0
1390694400 0 0 0 0
1390608000 0 0 0 0
1390521600 0 0 0 0
1390435200 0 0 0 0
1390348800 0 0 0 0
1390262400 0 0 0 0
1390176000 0 0 0 0
1390089600 0 0 0 0
1390003200 0 0 0 0
1389916800 0 0 0 0
1389830400 0 0 0 0
1389744000 0 0 0 0
1389657600 0 0 0 0
1389571200 0 0 0 0
1389484800 0 0 0 0
1389398400 0 0 0 0
1389312000 0 0 0 0
1389225600 0 0 0 0
1389139200 0 0 0 0
1389052800 0 0 0 0
1388966400 0 0 0 0
1388880000 0 0 0 0
1388793600 0 0 0 0
1388707200 0 0 0 0
1388620800 0 0 0 0
1388534400 0 0 0 0
1388448000 0 0 0 0
1388361600 0 0 0 0
1388275200 0 0 0 0
1388188800 0 0 0 0
1388102400 0 0 0 0
1388016000 0 0 0 0
1387929600 0 0 0 0
1387843200 0 0 0 0
1387756800 0 0 0 0
1387670400 0 0 0 0
1387584000 0 0 0 0
1387497600 0 0 0 0
1387411200 0 0 0 0
1387324800 0 0 0 0
1387238400 0 0 0 0
1387152000 0 0 0 0
1387065600 0 0 0 0
1386979200 0 0 0 0
1386892800 0 0 0 0
1386806400 0 0 0 0
1386720000 0 0 0 0
1386633600 0 0 0 0
1386547200 0 0 0 0
1386460800 0 0 0 0
1386374400 0 0 0 0
1386288000 0 0 0 0
1386201600 0 0 0 0
1386115200 0 0 0 0
1386028800 0 0 0 0
1385942400 0 0 0 0
1385856000 0 0 0 0
1385769600 0 0 0 0
1385683200 0 0 0 0
1385596800 0 0 0 0
1385510400 0 0 0 0
1385424000 0 0 0 0
1385337600 0 0 0 0
1385251200 0 0 0 0
1385164800 0 0 0 0
1385078400 0 0 0 0
1384992000 0 0 0 0
1384905600 0 0 0 0
1384819200 0 0 0 0
1384732800 0 0 0 0
1384646400 0 0 0 0
1384560000 0 0 0 0
1384473600 0 0 0 0
1384387200 0 0 0 0
1384300800 0 0 0 0
1384214400 0 0 0 0
1384128000 0 0 0 0
1384041600 0 0 0 0
1383955200 0 0 0 0
1383868800 0 0 0 0
1383782400 0 0 0 0
1383696000 0 0 0 0
1383609600 0 0 0 0
1383523200 0 0 0 0
1383436800 0 0 0 0
1383350400 0 0 0 0
1383264000 0 0 0 0
1383177600 0 0 0 0
1383091200 0 0 0 0
1383004800 0 0 0 0
1382918400 0 0 0 0
1382832000 0 0 0 0
1382745600 0 0 0 0
1382659200 0 0 0 0
1382572800 0 0 0 0
1382486400 0 0 0 0
1382400000 0 0 0 0
1382313600 0 0 0 0
1382227200 0 0 0 0
1382140800 0 0 0 0
1382054400 0 0 0 0
1381968000 0 0 0 0
1381881600 0 0 0 0
1381795200 0 0 0 0
1381708800 0 0 0 0
1381622400 0 0 0 0
1381536000 0 0 0 0
1381449600 0 0 0 0
1381363200 0 0 0 0
1381276800 0 0 0 0
1381190400 0 0 0 0
1381104000 0 0 0 0
1381017600 0 0 0 0
1380931200 0 0 0 0
1380844800 0 0 0 0
1380758400 0 0 0 0
1380672000 0 0 0 0
1380585600 0 0 0 0
1380499200 0 0 0 0
1380412800 0 0 0 0
1380326400 0 0 0 0
1380240000 0 0 0 0
1380153600 0 0 0 0
1380067200 0 0 0 0
1379980800 0 0 0 0
1379894400 0 0 0 0
1379808000 0 0 0 0
1379721600 0 0 0 0
1379635200 0 0 0 0
1379548800 0 0 0 0
1379462400 0 0 0 0
1379376000 0 0 0 0
1379289600 0 0 0 0
1379203200 0 0 0 0
1379116800 0 0 0 0
1379030400 0 0 0 0
1378944000 0 0 0 0
1378857600 0 0 0 0
1378771200 0 0 0 0
1378684800 0 0 0 0
1378598400 0 0 0 0
1378512000 0 0 0 0
1378425600 0 0 0 0
1378339200 0 0 0 0
1378252800 0 0 0 0
1378166400 0 0 0 0
1378080000 0 0 0 0
1377993600 0 0 0 0
1377907200 0 0 0 0
1377820800 0 0 0 0
1377734400 0 0 0 0
1377648000 0 0 0 0
1377561600 0 0 0 0
1377475200 0 0 0 0
1377388800 0 0 0 0
1377302400 0 0 0 0
1377216000 0 0 0 0
1377129600 0 0 0 0
1377043200 0 0 0 0
1376956800 0 0 0 0
1376870400 0 0 0 0
1376784000 0 0 0 0
1376697600 0 0 0 0
1376611200 0 0 0 0
1376524800 0 0 0 0
1376438400 0 0 0 0
1376352000 0 0 0 0
1376265600 0 0 0 0
1376179200 0 0 0 0
1376092800 0 0 0 0
1376006400 0 0 0 0
1375920000 0 0 0 0
1375833600 0 0 0 0
1375747200 0 0 0 0
1375660800 0 0 0 0
1375574400 0 0 0 0
1375488000 0 0 0 0
1375401600 0 0 0 0
1375315200 0 0 0 0
1375228800 0 0 0 0
1375142400 0 0 0 0
1375056000 0 0 0 0
1374969600 0 0 0 0
1374883200 0 0 0 0
1374796800 0 0 0 0
1374710400 0 0 0 0
1374624000 0 0 0 0
1374537600 0 0 0 0
1374451200 0 0 0 0
1374364800 0 0 0 0
1374278400 0 0 0 0
1374192000 0 0 0 0
1374105600 0 0 0 0
1374019200 0 0 0 0
1373932800 0 0 0 0
1373846400 0 0 0 0
1373760000 0 0 0 0
1373673600 0 0 0 0
1373587200 0 0 0 0
1373500800 0 0 0 0
1373414400 0 0 0 0
1373328000 0 0 0 0
1373241600 0 0 0 0
1373155200 0 0 0 0
1373068800 0 0 0 0
1372982400 0 0 0 0
1372896000 0 0 0 0
1372809600 0 0 0 0
1372723200 0 0 0 0
1372636800 0 0 0 0
1372550400 0 0 0 0
1372464000 0 0 0 0
1372377600 0 0 0 0
1372291200 0 0 0 0
1372204800 0 0 0 0
1372118400 0 0 0 0
1372032000 0 0 0 0
1371945600 0 0 0 0
1371859200 0 0 0 0
1371772800 0 0 0 0
1371686400 0 0 0 0
1371600000 0 0 0 0
1371513600 0 0 0 0
1371427200 0 0 0 0
1371340800 0 0 0 0
1371254400 0 0 0 0
1371168000 0 0 0 0
1371081600 0 0 0 0
1370995200 0 0 0 0
1370908800 0 0 0 0
1370822400 0 0 0 0
1370736000 0 0 0 0
1370649600 0 0 0 0
1370563200 0 0 0 0
1370476800 0 0 0 0
1370390400 0 0 0 0
1370304000 0 0 0 0
1370217600 0 0 0 0
1370131200 0 0 0 0
1370044800 0 0 0 0
1369958400 0 0 0 0
1369872000 0 0 0 0
1369785600 0 0 0 0
1369699200 0 0 0 0
1369612800 0 0 0 0
1369526400 0 0 0 0
1369440000 0 0 0 0
1369353600 0 0 0 0
1369267200 0 0 0 0
1369180800 0 0 0 0
1369094400 0 0 0 0
1369008000 0 0 0 0
1368921600 0 0 0 0
1368835200 0 0 0 0
1368748800 0 0 0 0
1368662400 0 0 0 0
1368576000 0 0 0 0
1368489600 0 0 0 0
1368403200 0 0 0 0
1368316800 0 0 0 0
1368230400 0 0 0 0
1368144000 0 0 0 0
1368057600 0 0 0 0
1367971200 0 0 0 0
1367884800 0 0 0 0
1367798400 0 0 0 0
1367712000 0 0 0 0
1367625600 0 0 0 0
1367539200 0 0 0 0
1367452800 0 0 0 0
1367366400 0 0 0 0
1367280000 0 0 0 0
1367193600 0 0 0 0
1367107200 0 0 0 0
1367020800 0 0 0 0
1366934400 0 0 0 0
1366848000 0 0 0 0
1366761600 0 0 0 0
1366675200 0 0 0 0
1366588800 0 0 0 0
1366502400 0 0 0 0
1366416000 0 0 0 0
1366329600 0 0 0 0
1366243200 0 0 0 0
1366156800 0 0 0 0
1366070400 0 0 0 0
1365984000 0 0 0 0
1365897600 0 0 0 0
1365811200 0 0 0 0
1365724800 0 0 0 0
1365638400 0 0 0 0
1365552000 0 0 0 0
1365465600 0 0 0 0
1365379200 0 0 0 0
1365292800 0 0 0 0
1365206400 0 0 0 0
1365120000 0 0 0 0
1365033600 0 0 0 0
1364947200 0 0 0 0
1364860800 0 0 0 0
1364774400 0 0 0 0
1364688000 0 0 0 0
1364601600 0 0 0 0
1364515200 0 0 0 0
1364428800 0 0 0 0
1364342400 0 0 0 0
1364256000 0 0 0 0
1364169600 0 0 0 0
1364083200 0 0 0 0
1363996800 0 0 0 0
1363910400 0 0 0 0
1363824000 0 0 0 0
1363737600 0 0 0 0
1363651200 0 0 0 0
1363564800 0 0 0 0
1363478400 0 0 0 0
1363392000 0 0 0 0
1363305600 0 0 0 0
1363219200 0 0 0 0
1363132800 0 0 0 0
1363046400 0 0 0 0
1362960000 0 0 0 0
1362873600 0 0 0 0
1362787200 0 0 0 0
1362700800 0 0 0 0
1362614400 0 0 0 0
1362528000 0 0 0 0
1362441600 0 0 0 0
1362355200 0 0 0 0
