1460685977 -1 -1
1460685977 0 0 0 0
1460602036 0 0 0 0
1460601900 0 0 0 0
1460601600 0 0 0 0
1460601300 0 0 0 0
1460601000 0 0 0 0
1460600700 0 0 0 0
1460600400 0 0 0 0
1460600100 0 0 0 0
1460599800 0 0 0 0
1460599500 0 0 0 0
1460599200 0 0 0 0
1460598900 0 0 0 0
1460598600 0 0 0 0
1460598300 0 0 0 0
1460598000 0 0 0 0
1460597700 0 0 0 0
1460597400 0 0 0 0
1460597100 0 0 0 0
1460596800 0 0 0 0
1460596500 0 0 0 0
1460596200 0 0 0 0
1460595900 0 0 0 0
1460595600 0 0 0 0
1460595300 0 0 0 0
1460595000 0 0 0 0
1460594700 0 0 0 0
1460594400 0 0 0 0
1460594100 0 0 0 0
1460593800 0 0 0 0
1460593500 0 0 0 0
1460593200 0 0 0 0
1460592900 0 0 0 0
1460592600 0 0 0 0
1460592300 0 0 0 0
1460592000 0 0 0 0
1460591700 0 0 0 0
1460591400 0 0 0 0
1460591100 0 0 0 0
1460590800 0 0 0 0
1460590500 0 0 0 0
1460590200 0 0 0 0
1460589900 0 0 0 0
1460589600 0 0 0 0
1460589300 0 0 0 0
1460589000 0 0 0 0
1460588700 0 0 0 0
1460588400 0 0 0 0
1460588100 0 0 0 0
1460587800 0 0 0 0
1460587500 0 0 0 0
1460587200 0 0 0 0
1460586900 0 0 0 0
1460586600 0 0 0 0
1460586300 0 0 0 0
1460586000 0 0 0 0
1460585700 0 0 0 0
1460585400 0 0 0 0
1460585100 0 0 0 0
1460584800 0 0 0 0
1460584500 0 0 0 0
1460584200 0 0 0 0
1460583900 0 0 0 0
1460583600 0 0 0 0
1460583300 0 0 0 0
1460583000 0 0 0 0
1460582700 0 0 0 0
1460582400 0 0 0 0
1460582100 0 0 0 0
1460581800 0 0 0 0
1460581500 0 0 0 0
1460581200 0 0 0 0
1460580900 0 0 0 0
1460580600 0 0 0 0
1460580300 0 0 0 0
1460580000 0 0 0 0
1460579700 0 0 0 0
1460579400 0 0 0 0
1460579100 0 0 0 0
1460578800 0 0 0 0
1460578500 0 0 0 0
1460578200 0 0 0 0
1460577900 0 0 0 0
1460577600 0 0 0 0
1460577300 0 0 0 0
1460577000 0 0 0 0
1460576700 0 0 0 0
1460576400 0 0 0 0
1460576100 0 0 0 0
1460575800 0 0 0 0
1460575500 0 0 0 0
1460575200 0 0 0 0
1460574900 0 0 0 0
1460574600 0 0 0 0
1460574300 0 0 0 0
1460574000 0 0 0 0
1460573700 0 0 0 0
1460573400 0 0 0 0
1460573100 0 0 0 0
1460572800 0 0 0 0
1460572500 0 0 0 0
1460572200 0 0 0 0
1460571900 0 0 0 0
1460571600 0 0 0 0
1460571300 0 0 0 0
1460571000 0 0 0 0
1460570700 0 0 0 0
1460570400 0 0 0 0
1460570100 0 0 0 0
1460569800 0 0 0 0
1460569500 0 0 0 0
1460569200 0 0 0 0
1460568900 0 0 0 0
1460568600 0 0 0 0
1460568300 0 0 0 0
1460568000 0 0 0 0
1460567700 0 0 0 0
1460567400 0 0 0 0
1460567100 0 0 0 0
1460566800 0 0 0 0
1460566500 0 0 0 0
1460566200 0 0 0 0
1460565900 0 0 0 0
1460565600 0 0 0 0
1460565300 0 0 0 0
1460565000 0 0 0 0
1460564700 0 0 0 0
1460564400 0 0 0 0
1460564100 0 0 0 0
1460563800 0 0 0 0
1460563500 0 0 0 0
1460563200 0 0 0 0
1460562900 0 0 0 0
1460562600 0 0 0 0
1460562300 0 0 0 0
1460562000 0 0 0 0
1460561700 0 0 0 0
1460561400 0 0 0 0
1460561100 0 0 0 0
1460560800 0 0 0 0
1460560500 0 0 0 0
1460560200 0 0 0 0
1460559900 0 0 0 0
1460559600 0 0 0 0
1460559300 0 0 0 0
1460559000 0 0 0 0
1460558700 0 0 0 0
1460558400 0 0 0 0
1460558100 0 0 0 0
1460557800 0 0 0 0
1460557500 0 0 0 0
1460557200 0 0 0 0
1460556900 0 0 0 0
1460556600 0 0 0 0
1460556300 0 0 0 0
1460556000 0 0 0 0
1460555700 0 0 0 0
1460555400 0 0 0 0
1460555100 0 0 0 0
1460554800 0 0 0 0
1460554500 0 0 0 0
1460554200 0 0 0 0
1460553900 0 0 0 0
1460553600 0 0 0 0
1460553300 0 0 0 0
1460553000 0 0 0 0
1460552700 0 0 0 0
1460552400 0 0 0 0
1460552100 0 0 0 0
1460551800 0 0 0 0
1460551500 0 0 0 0
1460551200 0 0 0 0
1460550900 0 0 0 0
1460550600 0 0 0 0
1460550300 0 0 0 0
1460550000 0 0 0 0
1460549700 0 0 0 0
1460549400 0 0 0 0
1460549100 0 0 0 0
1460548800 0 0 0 0
1460548500 0 0 0 0
1460548200 0 0 0 0
1460547900 0 0 0 0
1460547600 0 0 0 0
1460547300 0 0 0 0
1460547000 0 0 0 0
1460546700 0 0 0 0
1460546400 0 0 0 0
1460546100 0 0 0 0
1460545800 0 0 0 0
1460545500 0 0 0 0
1460545200 0 0 0 0
1460544900 0 0 0 0
1460544600 0 0 0 0
1460544300 0 0 0 0
1460544000 0 0 0 0
1460543700 0 0 0 0
1460543400 0 0 0 0
1460543100 0 0 0 0
1460542800 0 0 0 0
1460542500 0 0 0 0
1460542200 0 0 0 0
1460541900 0 0 0 0
1460541600 0 0 0 0
1460541300 0 0 0 0
1460541000 0 0 0 0
1460540700 0 0 0 0
1460540400 0 0 0 0
1460540100 0 0 0 0
1460539800 0 0 0 0
1460539500 0 0 0 0
1460539200 0 0 0 0
1460538900 0 0 0 0
1460538600 0 0 0 0
1460538300 0 0 0 0
1460538000 0 0 0 0
1460537700 0 0 0 0
1460537400 0 0 0 0
1460537100 0 0 0 0
1460536800 0 0 0 0
1460536500 0 0 0 0
1460536200 0 0 0 0
1460535900 0 0 0 0
1460535600 0 0 0 0
1460535300 0 0 0 0
1460535000 0 0 0 0
1460534700 0 0 0 0
1460534400 0 0 0 0
1460534100 0 0 0 0
1460533800 0 0 0 0
1460533500 0 0 0 0
1460533200 0 0 0 0
1460532900 0 0 0 0
1460532600 0 0 0 0
1460532300 0 0 0 0
1460532000 0 0 0 0
1460531700 0 0 0 0
1460531400 0 0 0 0
1460531100 0 0 0 0
1460530800 0 0 0 0
1460530500 0 0 0 0
1460530200 0 0 0 0
1460529900 0 0 0 0
1460529600 0 0 0 0
1460529300 0 0 0 0
1460529000 0 0 0 0
1460528700 0 0 0 0
1460528400 0 0 0 0
1460528100 0 0 0 0
1460527800 0 0 0 0
1460527500 0 0 0 0
1460527200 0 0 0 0
1460526900 0 0 0 0
1460526600 0 0 0 0
1460526300 0 0 0 0
1460526000 0 0 0 0
1460525700 0 0 0 0
1460525400 0 0 0 0
1460525100 0 0 0 0
1460524800 0 0 0 0
1460524500 0 0 0 0
1460524200 0 0 0 0
1460523900 0 0 0 0
1460523600 0 0 0 0
1460523300 0 0 0 0
1460523000 0 0 0 0
1460522700 0 0 0 0
1460522400 0 0 0 0
1460522100 0 0 0 0
1460521800 0 0 0 0
1460521500 0 0 0 0
1460521200 0 0 0 0
1460520900 0 0 0 0
1460520600 0 0 0 0
1460520300 0 0 0 0
1460520000 0 0 0 0
1460519700 0 0 0 0
1460519400 0 0 0 0
1460519100 0 0 0 0
1460518800 0 0 0 0
1460518500 0 0 0 0
1460518200 0 0 0 0
1460517900 0 0 0 0
1460517600 0 0 0 0
1460517300 0 0 0 0
1460517000 0 0 0 0
1460516700 0 0 0 0
1460516400 0 0 0 0
1460516100 0 0 0 0
1460515800 0 0 0 0
1460515500 0 0 0 0
1460515200 0 0 0 0
1460514900 0 0 0 0
1460514600 0 0 0 0
1460514300 0 0 0 0
1460514000 0 0 0 0
1460513700 0 0 0 0
1460513400 0 0 0 0
1460513100 0 0 0 0
1460512800 0 0 0 0
1460512500 0 0 0 0
1460512200 0 0 0 0
1460511900 0 0 0 0
1460511600 0 0 0 0
1460511300 0 0 0 0
1460511000 0 0 0 0
1460510700 0 0 0 0
1460510400 0 0 0 0
1460510100 0 0 0 0
1460509800 0 0 0 0
1460509500 0 0 0 0
1460509200 0 0 0 0
1460508900 0 0 0 0
1460508600 0 0 0 0
1460508300 0 0 0 0
1460508000 0 0 0 0
1460507700 0 0 0 0
1460507400 0 0 0 0
1460507100 0 0 0 0
1460506800 0 0 0 0
1460506500 0 0 0 0
1460506200 0 0 0 0
1460505900 0 0 0 0
1460505600 0 0 0 0
1460505300 0 0 0 0
1460505000 0 0 0 0
1460504700 0 0 0 0
1460504400 0 0 0 0
1460504100 0 0 0 0
1460503800 0 0 0 0
1460503500 0 0 0 0
1460503200 0 0 0 0
1460502900 0 0 0 0
1460502600 0 0 0 0
1460502300 0 0 0 0
1460502000 0 0 0 0
1460501700 0 0 0 0
1460501400 0 0 0 0
1460501100 0 0 0 0
1460500800 0 0 0 0
1460500500 0 0 0 0
1460500200 0 0 0 0
1460499900 0 0 0 0
1460499600 0 0 0 0
1460499300 0 0 0 0
1460499000 0 0 0 0
1460498700 0 0 0 0
1460498400 0 0 0 0
1460498100 0 0 0 0
1460497800 0 0 0 0
1460497500 0 0 0 0
1460497200 0 0 0 0
1460496900 0 0 0 0
1460496600 0 0 0 0
1460496300 0 0 0 0
1460496000 0 0 0 0
1460495700 0 0 0 0
1460495400 0 0 0 0
1460495100 0 0 0 0
1460494800 0 0 0 0
1460494500 0 0 0 0
1460494200 0 0 0 0
1460493900 0 0 0 0
1460493600 0 0 0 0
1460493300 0 0 0 0
1460493000 0 0 0 0
1460492700 0 0 0 0
1460492400 0 0 0 0
1460492100 0 0 0 0
1460491800 0 0 0 0
1460491500 0 0 0 0
1460491200 0 0 0 0
1460490900 0 0 0 0
1460490600 0 0 0 0
1460490300 0 0 0 0
1460490000 0 0 0 0
1460489700 0 0 0 0
1460489400 0 0 0 0
1460489100 0 0 0 0
1460488800 0 0 0 0
1460488500 0 0 0 0
1460488200 0 0 0 0
1460487900 0 0 0 0
1460487600 0 0 0 0
1460487300 0 0 0 0
1460487000 0 0 0 0
1460486700 0 0 0 0
1460486400 0 0 0 0
1460486100 0 0 0 0
1460485800 0 0 0 0
1460485500 0 0 0 0
1460485200 0 0 0 0
1460484900 0 0 0 0
1460484600 0 0 0 0
1460484300 0 0 0 0
1460484000 0 0 0 0
1460483700 0 0 0 0
1460483400 0 0 0 0
1460483100 0 0 0 0
1460482800 0 0 0 0
1460482500 0 0 0 0
1460482200 0 0 0 0
1460481900 0 0 0 0
1460481600 0 0 0 0
1460481300 0 0 0 0
1460481000 0 0 0 0
1460480700 0 0 0 0
1460480400 0 0 0 0
1460480100 0 0 0 0
1460479800 0 0 0 0
1460479500 0 0 0 0
1460479200 0 0 0 0
1460478900 0 0 0 0
1460478600 0 0 0 0
1460478300 0 0 0 0
1460478000 0 0 0 0
1460477700 0 0 0 0
1460477400 0 0 0 0
1460477100 0 0 0 0
1460476800 0 0 0 0
1460476500 0 0 0 0
1460476200 0 0 0 0
1460475900 0 0 0 0
1460475600 0 0 0 0
1460475300 0 0 0 0
1460475000 0 0 0 0
1460474700 0 0 0 0
1460474400 0 0 0 0
1460474100 0 0 0 0
1460473800 0 0 0 0
1460473500 0 0 0 0
1460473200 0 0 0 0
1460472900 0 0 0 0
1460472600 0 0 0 0
1460472300 0 0 0 0
1460472000 0 0 0 0
1460471700 0 0 0 0
1460471400 0 0 0 0
1460471100 0 0 0 0
1460470800 0 0 0 0
1460470500 0 0 0 0
1460470200 0 0 0 0
1460469900 0 0 0 0
1460469600 0 0 0 0
1460469300 0 0 0 0
1460469000 0 0 0 0
1460468700 0 0 0 0
1460468400 0 0 0 0
1460468100 0 0 0 0
1460467800 0 0 0 0
1460467500 0 0 0 0
1460467200 0 0 0 0
1460466900 0 0 0 0
1460466600 0 0 0 0
1460466300 0 0 0 0
1460466000 0 0 0 0
1460465700 0 0 0 0
1460465400 0 0 0 0
1460465100 0 0 0 0
1460464800 0 0 0 0
1460464500 0 0 0 0
1460464200 0 0 0 0
1460463900 0 0 0 0
1460463600 0 0 0 0
1460463300 0 0 0 0
1460463000 0 0 0 0
1460462700 0 0 0 0
1460462400 0 0 0 0
1460462100 0 0 0 0
1460461800 0 0 0 0
1460461500 0 0 0 0
1460461200 0 0 0 0
1460460900 0 0 0 0
1460460600 0 0 0 0
1460460300 0 0 0 0
1460460000 0 0 0 0
1460459700 0 0 0 0
1460459400 0 0 0 0
1460459100 0 0 0 0
1460458800 0 0 0 0
1460458500 0 0 0 0
1460458200 0 0 0 0
1460457900 0 0 0 0
1460457600 0 0 0 0
1460457300 0 0 0 0
1460457000 0 0 0 0
1460456700 0 0 0 0
1460456400 0 0 0 0
1460456100 0 0 0 0
1460455800 0 0 0 0
1460455500 0 0 0 0
1460455200 0 0 0 0
1460454900 0 0 0 0
1460454600 0 0 0 0
1460454300 0 0 0 0
1460454000 0 0 0 0
1460453700 0 0 0 0
1460453400 0 0 0 0
1460453100 0 0 0 0
1460452800 0 0 0 0
1460452500 0 0 0 0
1460452200 0 0 0 0
1460451900 0 0 0 0
1460451600 0 0 0 0
1460451300 0 0 0 0
1460451000 0 0 0 0
1460450700 0 0 0 0
1460450400 0 0 0 0
1460450100 0 0 0 0
1460449800 0 0 0 0
1460449500 0 0 0 0
1460449200 0 0 0 0
1460448900 0 0 0 0
1460448600 0 0 0 0
1460448300 0 0 0 0
1460448000 0 0 0 0
1460447700 0 0 0 0
1460447400 0 0 0 0
1460447100 0 0 0 0
1460446800 0 0 0 0
1460446500 0 0 0 0
1460446200 0 0 0 0
1460445900 0 0 0 0
1460445600 0 0 0 0
1460445300 0 0 0 0
1460445000 0 0 0 0
1460444700 0 0 0 0
1460444400 0 0 0 0
1460444100 0 0 0 0
1460443800 0 0 0 0
1460443500 0 0 0 0
1460443200 0 0 0 0
1460442900 0 0 0 0
1460442600 0 0 0 0
1460442300 0 0 0 0
1460442000 0 0 0 0
1460441700 0 0 0 0
1460441400 0 0 0 0
1460441100 0 0 0 0
1460440800 0 0 0 0
1460440500 0 0 0 0
1460440200 0 0 0 0
1460439900 0 0 0 0
1460439600 0 0 0 0
1460439300 0 0 0 0
1460439000 0 0 0 0
1460438700 0 0 0 0
1460438400 0 0 0 0
1460438100 0 0 0 0
1460437800 0 0 0 0
1460437500 0 0 0 0
1460437200 0 0 0 0
1460436900 0 0 0 0
1460436600 0 0 0 0
1460436300 0 0 0 0
1460436000 0 0 0 0
1460435700 0 0 0 0
1460435400 0 0 0 0
1460435100 0 0 0 0
1460434800 0 0 0 0
1460434500 0 0 0 0
1460434200 0 0 0 0
1460433900 0 0 0 0
1460433600 0 0 0 0
1460433300 0 0 0 0
1460433000 0 0 0 0
1460432700 0 0 0 0
1460432400 0 0 0 0
1460432100 0 0 0 0
1460431800 0 0 0 0
1460431500 0 0 0 0
1460431200 0 0 0 0
1460430900 0 0 0 0
1460430600 0 0 0 0
1460430300 0 0 0 0
1460430000 0 0 0 0
1460429700 0 0 0 0
1460429400 0 0 0 0
1460429100 0 0 0 0
1460428800 0 0 0 0
1460428500 0 0 0 0
1460428200 0 0 0 0
1460427900 0 0 0 0
1460427600 0 0 0 0
1460427300 0 0 0 0
1460427000 0 0 0 0
1460426700 0 0 0 0
1460426400 0 0 0 0
1460426100 0 0 0 0
1460425800 0 0 0 0
1460425500 0 0 0 0
1460425200 0 0 0 0
1460424900 0 0 0 0
1460424600 0 0 0 0
1460424300 0 0 0 0
1460424000 0 0 0 0
1460423700 0 0 0 0
1460423400 0 0 0 0
1460423100 0 0 0 0
1460422800 0 0 0 0
1460422500 0 0 0 0
1460422200 0 0 0 0
1460421000 0 0 0 0
1460419200 0 0 0 0
1460417400 0 0 0 0
1460415600 0 0 0 0
1460413800 0 0 0 0
1460412000 0 0 0 0
1460410200 0 0 0 0
1460408400 0 0 0 0
1460406600 0 0 0 0
1460404800 0 0 0 0
1460403000 0 0 0 0
1460401200 0 0 0 0
1460399400 0 0 0 0
1460397600 0 0 0 0
1460395800 0 0 0 0
1460394000 0 0 0 0
1460392200 0 0 0 0
1460390400 0 0 0 0
1460388600 0 0 0 0
1460386800 0 0 0 0
1460385000 0 0 0 0
1460383200 0 0 0 0
1460381400 0 0 0 0
1460379600 0 0 0 0
1460377800 0 0 0 0
1460376000 0 0 0 0
1460374200 0 0 0 0
1460372400 0 0 0 0
1460370600 0 0 0 0
1460368800 0 0 0 0
1460367000 0 0 0 0
1460365200 0 0 0 0
1460363400 0 0 0 0
1460361600 0 0 0 0
1460359800 0 0 0 0
1460358000 0 0 0 0
1460356200 0 0 0 0
1460354400 0 0 0 0
1460352600 0 0 0 0
1460350800 0 0 0 0
1460349000 0 0 0 0
1460347200 0 0 0 0
1460345400 0 0 0 0
1460343600 0 0 0 0
1460341800 0 0 0 0
1460340000 0 0 0 0
1460338200 0 0 0 0
1460336400 0 0 0 0
1460334600 0 0 0 0
1460332800 0 0 0 0
1460331000 0 0 0 0
1460329200 0 0 0 0
1460327400 0 0 0 0
1460325600 0 0 0 0
1460323800 0 0 0 0
1460322000 0 0 0 0
1460320200 0 0 0 0
1460318400 0 0 0 0
1460316600 0 0 0 0
1460314800 0 0 0 0
1460313000 0 0 0 0
1460311200 0 0 0 0
1460309400 0 0 0 0
1460307600 0 0 0 0
1460305800 0 0 0 0
1460304000 0 0 0 0
1460302200 0 0 0 0
1460300400 0 0 0 0
1460298600 0 0 0 0
1460296800 0 0 0 0
1460295000 0 0 0 0
1460293200 0 0 0 0
1460291400 0 0 0 0
1460289600 0 0 0 0
1460287800 0 0 0 0
1460286000 0 0 0 0
1460284200 0 0 0 0
1460282400 0 0 0 0
1460280600 0 0 0 0
1460278800 0 0 0 0
1460277000 0 0 0 0
1460275200 0 0 0 0
1460273400 0 0 0 0
1460271600 0 0 0 0
1460269800 0 0 0 0
1460268000 0 0 0 0
1460266200 0 0 0 0
1460264400 0 0 0 0
1460262600 0 0 0 0
1460260800 0 0 0 0
1460259000 0 0 0 0
1460257200 0 0 0 0
1460255400 0 0 0 0
1460253600 0 0 0 0
1460251800 0 0 0 0
1460250000 0 0 0 0
1460248200 0 0 0 0
1460246400 0 0 0 0
1460244600 0 0 0 0
1460242800 0 0 0 0
1460241000 0 0 0 0
1460239200 0 0 0 0
1460237400 0 0 0 0
1460235600 0 0 0 0
1460233800 0 0 0 0
1460232000 0 0 0 0
1460230200 0 0 0 0
1460228400 0 0 0 0
1460226600 0 0 0 0
1460224800 0 0 0 0
1460223000 0 0 0 0
1460221200 0 0 0 0
1460219400 0 0 0 0
1460217600 0 0 0 0
1460215800 0 0 0 0
1460214000 0 0 0 0
1460212200 0 0 0 0
1460210400 0 0 0 0
1460208600 0 0 0 0
1460206800 0 0 0 0
1460205000 0 0 0 0
1460203200 0 0 0 0
1460201400 0 0 0 0
1460199600 0 0 0 0
1460197800 0 0 0 0
1460196000 0 0 0 0
1460194200 0 0 0 0
1460192400 0 0 0 0
1460190600 0 0 0 0
1460188800 0 0 0 0
1460187000 0 0 0 0
1460185200 0 0 0 0
1460183400 0 0 0 0
1460181600 0 0 0 0
1460179800 0 0 0 0
1460178000 0 0 0 0
1460176200 0 0 0 0
1460174400 0 0 0 0
1460172600 0 0 0 0
1460170800 0 0 0 0
1460169000 0 0 0 0
1460167200 0 0 0 0
1460165400 0 0 0 0
1460163600 0 0 0 0
1460161800 0 0 0 0
1460160000 0 0 0 0
1460158200 0 0 0 0
1460156400 0 0 0 0
1460154600 0 0 0 0
1460152800 0 0 0 0
1460151000 0 0 0 0
1460149200 0 0 0 0
1460147400 0 0 0 0
1460145600 0 0 0 0
1460143800 0 0 0 0
1460142000 0 0 0 0
1460140200 0 0 0 0
1460138400 0 0 0 0
1460136600 0 0 0 0
1460134800 3 353 10 1177
1460133000 420 1744 774 3060
1460131200 2676 2880 12337 8498
1460129400 683 2693 1963 8498
1460127600 344 1990 535 4608
1460125800 302 1431 440 1919
1460124000 931 4877 2420 15752
1460122200 1074 8355 2420 26182
1460120400 386 1841 663 3171
1460118600 326 1570 551 2229
1460116800 319 1388 551 2229
1460115000 280 1136 458 1450
1460113200 283 1100 359 1997
1460111400 276 866 492 1097
1460109600 935 1621 3933 4370
1460107800 2467 2419 36441 4848
1460106000 5895 1841 36441 4897
1460104200 676 1303 3535 4897
1460102400 294 1090 363 1655
1460100600 1270 1062 34952 2272
1460098800 5335 1278 34952 2200
1460097000 1329 998 36656 2311
1460095200 5413 1117 36656 2311
1460093400 262 898 373 1461
1460091600 281 907 392 1157
1460089800 1368 2145 5410 6847
1460088000 1222 2584 5591 7361
1460086200 552 1299 2073 3575
1460084400 427 1097 1196 2095
1460082600 212 838 310 1226
1460080800 282 909 455 1195
1460079000 320 1012 602 1323
1460077200 343 1099 647 1530
1460075400 357 1071 988 2023
1460073600 295 1040 415 1291
1460071800 232 908 368 1151
1460070000 375 2057 615 7335
1460068200 241 970 343 1194
1460066400 492 1418 7533 11139
1460064600 2278 3836 7533 11139
1460062800 371 1588 471 2228
1460061000 665 2373 2336 8167
1460059200 1115 3865 2336 8167
1460057400 1568 4064 2245 6042
1460055600 1768 4629 2205 6006
1460053800 1711 6026 2304 8920
1460052000 895 3014 1579 4113
1460050200 984 5259 2985 28620
1460048400 1972 8170 2985 28620
1460046600 1460 3978 9658 11936
1460044800 11018 14261 25707 54778
1460043000 1359 5489 2337 17979
1460041200 6829 3231 36929 5696
1460039400 1348 4301 2282 8154
1460037600 1812 6500 3423 12623
1460035800 8644 9841 48100 45135
1460034000 10 1451 10 1884
1460032200 10 881 11 1177
1460030400 10 561 11 1003
1460028600 10 440 11 460
1460026800 10 461 10 521
1460025000 10 444 11 475
1460023200 10 437 11 485
1460021400 10 424 11 450
1460019600 10 428 10 494
1460017800 10 438 11 494
1460016000 10 427 11 441
1460014200 10 446 12 487
1460012400 10 429 10 465
1460010600 10 424 11 435
1460008800 9 439 11 489
1460007000 10 434 11 471
1460005200 10 410 10 433
1460003400 10 445 11 529
1460001600 10 433 11 483
1459999800 10 434 11 483
1459998000 10 427 10 459
1459996200 10 440 11 496
1459994400 10 426 11 517
1459992600 10 442 11 517
1459990800 10 425 10 463
1459989000 10 432 11 483
1459987200 10 443 11 483
1459985400 10 416 11 462
1459983600 10 414 10 451
1459981800 10 479 11 563
1459980000 10 551 11 677
1459978200 10 938 11 1182
1459976400 10 1111 10 1289
1459974600 10 1180 11 1540
1459972800 10 1290 11 1833
1459971000 10 1085 12 1374
1459969200 10 1231 10 1404
1459967400 10 1041 11 1112
1459965600 10 1108 11 1268
1459963800 10 935 11 1132
1459962000 1787 3462 4745 18632
1459960200 7479 13135 27007 39543
1459958400 10 819 11 928
1459956600 10 831 11 1020
1459954800 10 762 10 841
1459953000 10 829 11 1074
1459951200 10 859 11 1153
1459949400 10 1002 11 1464
1459947600 10 979 10 1209
1459945800 10 755 11 1298
1459944000 10 559 11 911
1459942200 10 489 11 542
1459940400 10 522 10 582
1459938600 10 483 11 501
1459936800 10 473 11 523
1459935000 10 506 11 575
1459933200 10 485 10 526
1459931400 10 481 11 520
1459929600 10 500 11 536
1459927800 10 510 12 663
1459926000 10 489 10 518
1459924200 10 496 11 608
1459922400 10 495 11 570
1459920600 10 481 11 521
1459918800 10 485 10 520
1459917000 10 491 11 523
1459915200 10 477 11 522
1459913400 10 484 11 507
1459911600 10 494 10 564
1459909800 10 491 11 558
1459908000 10 483 11 528
1459906200 10 482 11 528
1459904400 10 485 10 515
1459902600 10 479 11 519
1459900800 10 489 11 557
1459899000 10 489 11 530
1459897200 10 483 11 513
1459895400 11 538 26 657
1459893600 10 530 11 575
1459891800 22 752 512 1304
1459890000 411 1759 588 2627
1459888200 2474 17225 4808 40999
1459886400 1860 7524 3460 27953
1459884600 701 2713 2031 6508
1459882800 520 2161 1075 4722
1459881000 1407 4771 2189 7093
1459879200 957 3934 1279 7374
1459877400 950 5484 1830 11170
1459875600 1508 5458 2194 9938
1459873800 1692 5388 2205 6306
1459872000 2390 7177 4465 10001
1459870200 2785 9076 7623 20674
1459868400 1565 5360 1956 7564
1459866600 1533 5683 2410 8521
1459864800 2004 10569 6909 48559
1459863000 8316 11928 44037 48559
1459861200 10 1094 11 1436
1459859400 10 1089 11 1758
1459857600 10 507 11 731
1459855800 10 497 11 731
1459854000 10 466 11 510
1459852200 10 488 11 603
1459850400 10 455 11 484
1459848600 10 454 11 529
1459846800 10 459 11 529
1459845000 10 468 11 497
1459843200 10 453 11 526
1459841400 10 476 12 526
1459839600 10 456 11 492
1459837800 10 465 11 523
1459836000 10 459 11 523
1459834200 10 468 11 515
1459832400 10 513 11 662
1459830600 10 454 11 494
1459828800 10 406 11 444
1459827000 10 418 11 447
1459825200 10 453 11 512
1459823400 10 426 11 486
1459821600 10 411 11 482
1459819800 10 426 11 454
1459818000 10 418 11 461
1459816200 10 472 11 603
1459814400 10 421 11 478
1459812600 10 424 11 458
1459810800 10 421 11 470
1459809000 10 445 11 487
1459807200 33 574 959 3179
1459805400 1070 2794 1507 4703
1459803600 1323 3179 2314 5179
1459801800 1300 3795 2314 6264
1459800000 1643 5742 2305 7371
1459798200 12227 16924 37517 42245
1459796400 11256 13267 32715 24755
1459794600 9727 10828 28734 20072
1459792800 1059 3233 1685 5725
1459791000 1198 4523 4626 11429
1459789200 1832 4924 4626 6019
1459787400 1454 4311 2175 9267
1459785600 6504 6543 28338 9267
1459783800 1897 6605 2171 8235
1459782000 2554 5626 7796 9609
1459780200 1279 2766 3544 6347
1459778400 2670 3976 48651 23265
1459776600 6846 4364 48651 23265
1459774800 10 963 11 1615
1459773000 10 662 11 1178
1459771200 10 412 11 644
1459769400 10 428 11 644
1459767600 10 400 11 483
1459765800 10 425 11 504
1459764000 10 380 11 418
1459762200 10 383 11 397
1459760400 10 409 11 451
1459758600 10 402 11 451
1459756800 10 412 11 504
1459755000 10 414 12 484
1459753200 10 411 11 472
1459751400 10 402 11 437
1459749600 10 406 11 428
1459747800 10 402 11 443
1459746000 10 424 11 453
1459744200 10 402 11 459
1459742400 10 390 11 466
1459740600 10 393 11 431
1459738800 10 395 11 437
1459737000 10 400 11 437
1459735200 10 419 11 493
1459733400 10 414 11 450
1459731600 10 401 11 443
1459729800 10 417 11 442
1459728000 10 429 11 480
1459726200 10 509 11 1076
1459724400 10 370 11 397
1459722600 10 381 11 419
1459720800 10 388 11 414
1459719000 10 378 11 426
1459717200 10 375 11 444
1459715400 10 385 11 444
1459713600 10 385 11 417
1459711800 10 382 12 412
1459710000 10 377 11 389
1459708200 10 381 11 399
1459706400 10 390 11 401
1459704600 10 376 11 405
1459702800 10 376 11 508
1459701000 10 407 11 508
1459699200 10 397 11 429
1459697400 10 397 11 445
1459695600 10 410 11 443
1459693800 10 410 11 483
1459692000 10 375 11 399
1459690200 10 372 11 399
1459688400 10 378 11 406
1459686600 10 382 11 412
1459684800 10 374 11 393
1459683000 10 381 11 435
1459681200 10 383 11 408
1459679400 10 379 11 402
1459677600 10 414 11 499
1459675800 10 372 11 413
1459674000 10 382 11 425
1459672200 10 399 11 418
1459670400 10 384 11 429
1459668600 10 389 12 421
1459666800 10 386 11 406
1459665000 10 378 11 416
1459663200 10 375 11 406
1459661400 10 388 11 438
1459659600 10 381 11 412
1459657800 10 395 11 429
1459656000 10 399 11 425
1459654200 10 389 11 433
1459652400 10 406 11 479
1459650600 10 429 10 503
1459648800 10 402 11 467
1459647000 10 385 11 431
1459645200 10 379 11 422
1459643400 10 397 11 476
1459641600 10 379 11 397
1459639800 10 370 11 395
1459638000 10 377 11 430
1459636200 10 384 11 418
1459634400 10 379 11 419
1459632600 10 382 11 458
1459630800 10 381 11 426
1459629000 10 375 11 405
1459627200 10 385 11 430
1459625400 10 389 12 432
1459623600 10 365 12 388
1459621800 10 376 11 395
1459620000 10 381 11 424
1459618200 10 384 11 434
1459616400 10 381 11 434
1459614600 10 395 11 452
1459612800 10 409 11 453
1459611000 10 402 11 452
1459609200 10 371 11 388
1459607400 10 407 11 438
1459605600 10 388 11 418
1459603800 10 377 11 402
1459602000 10 363 11 402
1459600200 10 385 11 458
1459598400 10 381 11 420
1459596600 10 363 11 394
1459594800 10 375 11 460
1459593000 10 383 11 412
1459591200 10 378 11 396
1459589400 10 365 11 378
1459587600 10 385 11 428
1459585800 10 377 11 394
1459584000 10 375 11 418
1459582200 10 374 12 418
1459580400 10 364 12 396
1459578600 10 375 11 425
1459576800 10 384 11 458
1459575000 10 371 11 401
1459573200 10 379 11 410
1459571400 10 388 11 435
1459569600 10 378 11 390
1459567800 10 369 11 389
1459566000 10 384 11 423
1459564200 10 387 11 417
1459562400 10 381 11 424
1459560600 10 401 11 452
1459558800 10 384 11 411
1459557000 10 396 11 419
1459555200 10 407 11 454
1459553400 10 394 11 445
1459551600 10 385 11 430
1459549800 10 469 11 547
1459548000 10 580 11 679
1459546200 822 2662 1714 5126
1459544400 1942 6314 3522 8683
1459542600 1524 7739 2260 27476
1459540800 1531 3820 2869 7339
1459539000 1083 4864 2807 15906
1459537200 1660 4316 2807 6179
1459535400 1351 3979 1976 5624
1459533600 7131 5398 22913 10669
1459531800 428 3081 806 9874
1459530000 911 3171 1866 6394
1459528200 1136 3598 1627 4833
1459526400 2719 2543 12436 4789
1459524600 463 2447 1491 7675
1459522800 6943 3901 36692 7675
1459521000 1449 2943 4426 5492
1459519200 2580 4715 8512 10499
1459517400 3361 6410 12927 24308
1459515600 49 1308 131 1777
1459513800 48 1085 134 1464
1459512000 51 848 134 1467
1459510200 1533 744 8219 1015
1459508400 52 562 127 710
1459506600 47 531 119 669
1459504800 57 551 119 669
1459503000 48 531 79 610
1459501200 97 1538 278 6424
1459499400 12085 935 72300 2944
1459497600 54 545 114 589
1459495800 1087 648 35165 1983
1459494000 4893 883 35165 1983
1459492200 50 612 77 859
1459490400 56 558 123 796
1459488600 6075 749 36218 1777
1459486800 61 538 110 620
1459485000 41 539 59 586
1459483200 55 540 107 645
1459481400 46 583 75 648
1459479600 87 1546 282 6243
1459477800 55 611 91 646
1459476000 65 832 167 2000
1459474200 51 603 94 711
1459472400 51 597 104 660
1459470600 48 600 63 643
1459468800 52 606 108 718
1459467000 54 591 95 698
1459465200 53 591 104 679
1459463400 49 606 108 707
1459461600 93 712 683 1252
1459459800 1485 4188 2239 6116
1459458000 1414 4273 2994 7447
1459456200 1287 4505 2044 7801
1459454400 2080 4388 11650 13602
1459452600 5410 9006 12216 14556
1459450800 1276 4754 2016 7578
1459449000 2279 7154 4715 17564
1459447200 2048 5492 6853 17564
1459445400 1889 5147 4410 12186
1459443600 994 2258 2352 3139
1459441800 2463 5390 6439 18772
1459440000 1374 3565 4025 10044
1459438200 865 4081 2568 10044
1459436400 1299 3831 2231 5787
1459434600 4563 7636 9356 12736
1459432800 1440 5394 2518 8695
1459431000 1985 5267 11088 20571
1459429200 33 1002 41 1274
1459427400 65 875 130 1484
1459425600 54 692 93 845
1459423800 60 589 130 798
1459422000 41 491 67 605
1459420200 64 572 138 743
1459418400 55 534 132 647
1459416600 52 486 122 545
1459414800 38 460 54 516
1459413000 62 553 132 722
1459411200 46 496 79 556
1459409400 1003 568 35748 1934
1459407600 5084 672 35748 1934
1459405800 55 490 125 542
1459404000 44 494 76 561
1459402200 73 1030 228 3766
1459400400 47 475 75 525
1459398600 99 1052 210 3627
1459396800 41 518 69 592
1459395000 64 520 114 710
1459393200 41 481 57 565
1459391400 70 575 140 905
1459389600 136 587 546 905
1459387800 63 561 121 740
1459386000 41 520 61 556
1459384200 61 584 111 820
1459382400 42 506 75 567
1459380600 89 1532 282 6513
1459378800 44 506 78 565
1459377000 139 2825 489 14114
1459375200 625 1835 1762 4551
1459373400 1377 4863 2540 10473
1459371600 404 2210 696 3788
1459369800 710 8026 1299 25293
1459368000 621 6009 1255 25293
1459366200 786 3291 10944 13815
1459364400 2082 3678 10944 13815
1459362600 10 1262 11 1552
1459360800 32 1057 896 3089
1459359000 1803 5325 2154 7034
1459357200 1655 4510 2318 7263
1459355400 2290 6713 9824 11439
1459353600 4003 6666 11775 14928
1459351800 3470 8114 11775 14928
1459350000 1825 5627 2209 8065
1459348200 1857 7181 4717 21450
1459346400 779 2414 1575 4252
1459344600 3222 20157 13738 99852
1459342800 39 1123 82 1300
1459341000 52 954 118 1261
1459339200 40 583 154 1479
1459332000 48 494 154 701
1459324800 1560 544 36424 2185
1459317600 269 611 28595 3529
1459310400 2871 588 43846 1892
1459303200 54 517 148 706
1459296000 50 533 109 672
1459288800 1115 6078 2987 69314
1459281600 999 3386 5241 8857
1459274400 1794 4132 4987 12325
1459267200 1293 3763 9007 8369
1459260000 1138 3158 8390 13580
1459252800 52 509 148 736
1459245600 59 467 201 897
1459238400 1632 2004 36583 36454
1459231200 53 445 108 582
1459224000 53 449 114 585
1459216800 53 511 153 1858
1459209600 57 731 272 6364
1459202400 5093 4254 72780 15465
1459195200 2773 5535 6309 7477
1459188000 2102 5645 8296 14029
1459180800 8062 9224 96350 35262
1459173600 2583 2695 37813 19785
1459166400 10 503 11 1111
1459159200 10 393 11 457
1459152000 10 398 12 459
1459144800 10 391 11 470
1459137600 10 392 11 455
1459130400 10 398 11 482
1459123200 10 393 11 458
1459116000 10 395 11 451
1459108800 10 394 12 461
1459101600 10 400 11 472
1459094400 10 390 11 455
1459087200 10 394 11 454
1459080000 10 400 11 455
1459072800 10 393 11 437
1459065600 10 389 12 444
1459058400 10 393 11 470
1459051200 10 392 11 462
1459044000 10 391 11 481
1459036800 10 388 11 479
1459029600 10 393 11 468
1459022400 10 390 12 430
1459015200 10 392 11 452
1459008000 10 390 11 450
1459000800 10 400 11 451
1458993600 10 403 11 451
1458986400 10 408 11 452
1458979200 10 423 12 516
1458972000 9 413 11 532
1458964800 10 411 11 459
1458957600 10 405 11 459
1458950400 10 407 11 463
1458943200 10 427 11 694
1458936000 10 428 12 694
1458928800 10 416 11 480
1458921600 10 428 11 557
1458914400 10 431 11 660
1458907200 10 415 11 487
1458900000 10 412 11 493
1458892800 10 422 12 653
1458885600 10 437 11 650
1458878400 10 450 11 621
1458871200 10 415 11 482
1458864000 10 428 11 668
1458856800 1487 2929 11021 12035
1458849600 1545 31082 17868 687512
1458842400 1646 4219 3971 12922
1458835200 1461 3973 10379 15562
1458828000 409 1852 4030 15372
1458820800 10 494 11 711
1458813600 10 449 11 523
1458806400 10 459 12 614
1458799200 10 450 11 600
1458792000 10 446 11 520
1458784800 10 441 11 523
1458777600 10 442 11 542
1458770400 1414 3281 14008 14870
1458763200 2158 5060 10646 14270
1458756000 1389 5589 4422 45538
1458748800 1670 4552 19274 48391
1458741600 52 1298 269 4806
1458734400 51 771 272 4204
1458727200 73 577 572 840
1458720000 1604 630 37422 1995
1458712800 46 599 148 1470
1458705600 52 614 156 874
1458698400 52 592 152 1132
1458691200 62 861 258 6595
1458684000 2206 3912 31626 23453
1458676800 1226 5859 5176 26807
1458669600 5635 93957 27948 656117
1458662400 7499 114467 23289 656117
1458655200 988 3442 7578 20275
1458648000 51 818 190 3263
1458640800 54 682 148 2284
1458633600 1631 866 37921 8584
1458626400 57 923 334 8584
1458619200 52 640 176 886
1458612000 50 683 159 818
1458604800 110 2057 1079 32831
1458597600 2471 5202 15440 13536
1458590400 942 2865 4727 8896
1458583200 1310 4429 2727 20881
1458576000 2412 4478 30253 14888
1458568800 2634 3221 47352 26994
1458561600 10 413 10 677
1458554400 10 329 10 401
1458547200 10 337 11 407
1458540000 10 345 11 441
1458532800 10 334 10 407
1458525600 10 373 10 702
1458518400 10 338 10 399
1458511200 10 322 11 406
1458504000 10 319 11 394
1458496800 10 352 10 513
1458489600 10 326 10 421
1458482400 10 304 10 359
1458475200 10 263 10 428
1458468000 10 239 10 324
1458460800 10 244 11 294
1458453600 10 260 11 368
1458446400 10 236 11 313
1458439200 10 256 10 355
1458432000 10 247 10 351
1458424800 10 241 10 388
1458417600 10 235 11 303
1458410400 10 243 10 307
1458403200 10 238 10 336
1458396000 10 233 10 303
1458388800 10 231 10 316
1458381600 10 236 10 325
1458374400 10 235 11 314
1458367200 10 232 11 282
1458360000 10 243 11 332
1458352800 10 249 10 318
1458345600 10 373 10 1252
1458338400 378 1337 2569 5851
1458331200 613 2491 2788 8894
1458324000 931 5831 3161 58735
1458316800 1059 2281 7766 9884
1458309600 1038 3505 6268 13287
1458302400 254 1201 558 4321
1458295200 408 1242 3158 7509
1458288000 1862 1722 38760 15689
1458280800 255 1028 474 2028
1458273600 253 964 1251 2087
1458266400 408 1213 1252 2288
1458259200 664 1764 2654 7053
1458252000 2306 4261 14242 12929
1458244800 2277 6167 4735 18451
1458237600 1457 3373 2371 10893
1458230400 4108 6800 66669 26415
1458223200 2005 38484 21944 709359
1458216000 61 740 318 5656
1458208800 58 464 179 678
1458201600 1644 552 38367 2257
1458194400 54 471 131 642
1458187200 63 746 335 7060
1458180000 55 444 551 722
1458172800 70 430 551 724
1458165600 1557 6467 5415 55796
1458158400 749 2581 2657 8869
1458151200 822 2781 2107 6038
1458144000 3273 6203 40124 27458
1458136800 640 2008 2201 7307
1458129600 440 1069 3676 3862
1458122400 301 917 889 1468
1458115200 1851 944 38528 2102
1458108000 1767 960 36542 7664
1458100800 280 1117 722 7664
1458093600 496 1224 1473 3051
1458086400 536 1255 4603 4686
1458079200 1483 3055 2631 6506
1458072000 2633 10671 5838 53136
1458064800 1663 3412 3531 7115
1458057600 7184 6538 99950 17355
1458050400 1136 5930 7030 71633
1458043200 60 695 168 3447
1458036000 83 763 706 4890
1458028800 1639 580 38200 1956
1458021600 53 498 107 548
1458014400 54 499 118 726
1458007200 102 2333 1071 38427
1458000000 53 526 128 938
1457992800 2286 6336 5512 27829
1457985600 3220 7905 12881 15879
1457978400 2602 3632 27988 14347
1457971200 1439 3860 4639 28481
1457964000 2388 6120 40433 67593
1457956800 10 405 10 627
1457949600 10 341 10 385
1457942400 10 338 11 373
1457935200 10 336 11 396
1457928000 10 337 11 417
1457920800 10 337 11 389
1457913600 10 340 10 404
1457906400 10 337 11 404
1457899200 10 336 11 390
1457892000 10 335 11 380
1457884800 10 340 10 412
1457877600 10 335 10 388
1457870400 10 338 10 408
1457863200 10 330 10 444
1457856000 10 317 12 478
1457848800 10 312 11 375
1457841600 10 310 11 342
1457834400 10 309 11 350
1457827200 10 317 11 403
1457820000 10 318 11 401
1457812800 10 320 12 410
1457805600 10 317 11 393
1457798400 10 315 11 423
1457791200 10 307 11 349
1457784000 10 310 11 359
1457776800 10 324 11 704
1457769600 9 303 12 353
1457762400 10 307 11 358
1457755200 10 317 10 380
1457748000 10 311 11 428
1457740800 509 2201 2357 13209
1457733600 2317 4840 9457 11018
1457726400 2191 4020 11502 12455
1457719200 1079 2043 12307 5687
1457712000 2474 4383 12041 16203
1457704800 45 716 255 3970
1457697600 49 503 255 3970
1457690400 1648 614 38319 3570
1457683200 48 378 136 508
1457676000 47 370 145 508
1457668800 60 374 174 589
1457661600 59 487 218 2899
1457654400 516 1370 3125 7790
1457647200 1187 2911 5008 10430
1457640000 1367 3851 2781 9498
1457632800 3616 4407 45289 13427
1457625600 1324 5562 9643 65263
1457618400 50 691 135 1135
1457611200 55 400 135 712
1457604000 1656 620 38400 4663
1457596800 53 378 143 712
1457589600 58 459 145 922
1457582400 51 378 131 638
1457575200 77 513 588 6558
1457568000 582 1755 2566 11682
1457560800 3014 15462 10939 72907
1457553600 1403 4779 3377 29114
1457546400 9366 13169 175790 101421
1457539200 2459 13068 9934 62854
1457532000 55 685 197 1606
1457524800 68 676 295 3842
1457517600 333 459 38052 1905
1457510400 1758 11958 38052 328024
1457503200 55 438 162 687
1457496000 55 454 164 1781
1457488800 60 675 311 7060
1457481600 867 9160 6686 99641
1457474400 4456 23324 10897 99641
1457467200 2154 7347 8775 42947
1457460000 1895 2432 9966 4275
1457452800 1814 3866 8165 23878
1457445600 880 1447 1899 2913
1457438400 653 1184 1071 3323
1457431200 1001 1547 38410 11480
1457424000 1636 1108 38410 2498
1457416800 883 1535 1163 9244
1457409600 867 1506 1126 4682
1457402400 1166 2376 1237 2607
1457395200 1292 2565 1924 3390
1457388000 1699 4541 4061 16226
1457380800 1217 3057 2393 11578
1457373600 1238 2357 7738 12257
1457366400 2949 5458 40060 49799
1457359200 10 584 10 1119
1457352000 10 292 10 392
1457344800 10 287 10 361
1457337600 10 287 11 371
1457330400 10 282 10 335
1457323200 10 280 10 325
1457316000 10 282 10 342
1457308800 10 284 10 352
1457301600 10 283 10 367
1457294400 10 287 11 341
1457287200 10 287 10 364
1457280000 10 292 10 475
1457272800 10 281 10 377
1457265600 10 284 10 350
1457258400 10 283 11 332
1457251200 10 303 11 476
1457244000 10 278 10 345
1457236800 10 276 10 330
1457229600 10 275 10 321
1457222400 10 273 10 320
1457215200 10 276 10 310
1457208000 10 273 11 345
1457200800 10 283 10 466
1457193600 10 276 10 356
1457186400 10 275 10 329
1457179200 10 272 11 344
1457172000 10 277 10 375
1457164800 9 278 11 325
1457157600 10 282 10 344
1457150400 10 281 10 347
1457143200 10 282 10 362
1457136000 140 547 1886 3307
1457128800 2853 5676 10009 17440
1457121600 1091 3368 2268 10103
1457114400 410 1723 1835 3944
1457107200 1311 3360 7409 14389
1457100000 58 689 145 1485
1457092800 85 409 801 580
1457085600 59 591 255 4773
1457078400 1706 2066 38515 38669
1457071200 60 411 208 641
1457064000 55 491 174 1632
1457056800 71 703 323 6580
1457049600 72 505 461 882
1457042400 3205 7123 12699 28336
1457035200 1351 5453 3245 14025
1457028000 2157 5569 12594 11265
1457020800 3635 6928 39586 32161
1457013600 10 671 11 1565
1457006400 10 336 10 434
1456999200 10 324 10 361
1456992000 10 336 11 515
1456984800 10 330 11 403
1456977600 10 335 11 393
1456970400 10 361 11 468
1456963200 58 432 1428 3947
1456956000 1031 5256 2410 58500
1456948800 2025 4953 9222 27941
1456941600 1791 2022 20931 8727
1456934400 3328 3663 47658 17377
1456927200 10 449 10 935
1456920000 10 238 10 344
1456912800 10 246 10 611
1456905600 10 237 11 318
1456898400 10 231 10 274
1456891200 10 231 10 318
1456884000 10 235 10 280
1456876800 110 458 1513 2962
1456869600 1172 4144 2419 9906
1456862400 1295 3840 6128 15838
1456855200 1766 3839 16227 11823
1456848000 2813 4284 39106 22741
1456840800 10 590 10 1186
1456833600 10 334 10 461
1456826400 10 324 10 369
1456819200 10 329 11 355
1456812000 10 329 11 377
1456804800 10 345 10 676
1456797600 10 330 10 379
1456790400 386 1346 3008 9965
1456783200 592 2083 4241 7220
1456776000 3550 12090 16596 164751
1456768800 8505 5778 153525 12252
1456761600 1896 5613 5461 26288
1456754400 442 1125 6315 8226
1456747200 10 264 10 380
1456740000 10 260 10 340
1456732800 9 262 11 305
1456725600 10 260 10 320
1456718400 10 256 10 311
1456711200 10 261 10 338
1456704000 10 256 11 293
1456696800 10 260 11 296
1456689600 10 259 11 311
1456682400 10 262 10 335
1456675200 10 264 10 335
1456668000 10 302 10 347
1456660800 10 309 10 374
1456653600 10 289 10 342
1456646400 10 258 11 295
1456639200 10 259 10 335
1456632000 10 264 10 375
1456624800 10 261 10 325
1456617600 10 257 10 318
1456610400 10 261 10 312
1456603200 10 255 11 308
1456596000 10 287 10 444
1456588800 10 340 10 468
1456581600 10 257 10 312
1456574400 10 256 10 314
1456567200 10 259 10 308
1456560000 10 256 23 300
1456552800 10 258 11 313
1456545600 10 259 10 337
1456538400 10 261 10 308
1456531200 10 315 10 440
1456524000 10 759 11 1165
1456516800 10 1052 11 1765
1456509600 10 1095 10 1478
1456502400 10 1044 10 1401
1456495200 10 784 10 1699
1456488000 10 502 10 581
1456480800 10 500 10 560
1456473600 10 509 11 595
1456466400 10 500 10 596
1456459200 10 510 10 598
1456452000 10 515 10 600
1456444800 282 1497 2527 10321
1456437600 2255 11699 4987 48353
1456430400 1167 4989 2996 21829
1456423200 11476 7903 239721 59547
1456416000 1535 9135 10137 96328
1456408800 46 910 159 1990
1456401600 82 700 572 3726
1456394400 60 706 233 3537
1456387200 1652 627 38549 2013
1456380000 52 554 121 990
1456372800 50 542 118 652
1456365600 511 20590 11128 477024
1456358400 5874 2655 184318 14067
1456351200 8778 3214 184318 14067
1456344000 10 1072 12 1446
1456336800 3436 2619 73540 16771
1456329600 1599 39643 14649 487669
1456322400 71 1012 599 4731
1456315200 58 529 147 790
1456308000 51 521 129 753
1456300800 1668 857 38690 7331
1456293600 47 526 106 679
1456286400 47 544 108 720
1456279200 47 546 104 761
1456272000 648 3906 5802 32826
1456264800 732 6591 5528 94217
1456257600 2903 16171 9209 60367
1456250400 8789 21009 139194 56228
1456243200 2330 6059 9230 27922
1456236000 68 855 587 1646
1456228800 56 517 213 3802
1456221600 54 517 213 3802
1456214400 1649 478 38508 1997
1456207200 52 584 216 4262
1456200000 48 533 117 717
1456192800 56 799 327 6965
1456185600 662 3964 3723 32747
1456178400 1277 4663 3749 15276
1456171200 2084 10033 5264 56815
1456164000 1660 5526 3458 18356
1456156800 1781 3903 10307 9576
1456149600 283 1418 929 4316
1456142400 546 974 1779 2238
1456135200 856 1195 1546 2306
1456128000 2403 1385 39165 5831
1456120800 798 1128 1094 2525
1456113600 979 1375 3676 4113
1456106400 922 1225 2535 2222
1456099200 806 1158 1758 2030
1456092000 713 1156 1479 2581
1456084800 698 1039 1281 1463
1456077600 981 1529 1824 6681
1456070400 815 1316 1091 6352
1456063200 819 1157 1258 2330
1456056000 710 1069 1286 1721
1456048800 1177 1222 39604 2749
1456041600 2457 1497 39604 4618
1456034400 709 1118 4792 5227
1456027200 698 1083 2228 2425
1456020000 829 1169 1411 2283
1456012800 999 1202 5556 4398
1456005600 1064 1308 5556 4398
1455998400 960 1240 2561 2178
1455991200 1035 1424 4627 6673
1455984000 989 1340 1908 2338
1455976800 1069 1281 4312 3450
1455969600 905 1208 1628 2259
1455962400 819 1143 1067 2135
1455955200 2504 1466 39451 5088
1455948000 885 1213 1383 2703
1455940800 894 1481 1576 8096
1455933600 952 1598 1547 7679
1455926400 947 1602 1836 6715
1455919200 1232 2511 3401 9270
1455912000 612 2311 2779 8576
1455904800 4052 1952 89014 7435
1455897600 793 2853 4970 11389
1455890400 435 1531 8644 17791
1455883200 74 603 621 2300
1455876000 325 733 38695 5990
1455868800 1395 541 38695 1929
1455861600 47 487 110 721
1455854400 46 543 123 726
1455847200 63 994 294 7379
1455840000 635 3202 6610 25700
1455832800 1455 8685 5274 61185
1455825600 846 3957 2182 13442
1455818400 2457 6472 17588 36037
1455811200 1622 5839 10016 19730
1455804000 47 926 134 1607
1455796800 47 504 143 826
1455789600 325 760 38632 6851
1455782400 1393 546 38632 2095
1455775200 50 507 143 794
1455768000 56 652 245 3183
1455760800 57 862 392 8453
1455753600 406 1208 2029 5132
1455746400 1217 3779 2519 12567
1455739200 518 1889 2711 3114
1455732000 3109 3175 34951 14690
1455724800 2514 5488 34100 30312
1455717600 37 722 46 1247
1455710400 38 426 46 492
1455703200 37 433 46 497
1455696000 38 435 46 494
1455688800 38 442 47 615
1455681600 36 464 59 596
1455674400 36 537 59 662
1455667200 759 13832 14133 293880
1455660000 1067 14466 4930 175387
1455652800 1041 3266 6598 10839
1455645600 1346 4478 5150 18336
1455638400 4928 7611 51720 39899
1455631200 10 665 11 1402
1455624000 10 273 11 360
1455616800 10 270 11 332
1455609600 10 268 12 340
1455602400 10 311 11 438
1455595200 10 324 11 735
1455588000 10 259 11 336
1455580800 10 274 11 337
1455573600 10 271 11 321
1455566400 10 267 12 308
1455559200 10 270 11 447
1455552000 10 268 11 349
1455544800 10 257 11 308
1455537600 10 262 11 339
1455530400 10 263 11 353
1455523200 10 261 12 330
1455516000 10 265 11 330
1455508800 10 258 11 341
1455501600 10 260 11 313
1455494400 10 259 11 310
1455487200 10 261 11 323
1455480000 10 258 12 340
1455472800 10 257 11 299
1455465600 10 264 11 305
1455458400 10 263 11 332
1455451200 10 261 11 348
1455444000 10 281 11 452
1455436800 10 262 12 342
1455429600 10 250 11 400
1455422400 10 229 11 283
1455415200 10 234 11 301
1455408000 10 233 11 283
1455400800 10 232 11 293
1455393600 10 246 12 337
1455386400 10 230 11 300
1455379200 10 243 11 295
1455372000 10 255 11 442
1455364800 10 291 11 427
1455357600 10 405 11 802
1455350400 9 305 12 505
1455343200 10 335 11 438
1455336000 10 342 11 519
1455328800 10 343 11 661
1455321600 247 1216 2196 13081
1455314400 1697 4124 4324 30785
1455307200 1615 3871 4927 9830
1455300000 1074 3801 2978 9645
1455292800 773 2383 5287 13106
1455285600 4008 61796 45015 845538
1455278400 69 515 236 4367
1455271200 360 705 39267 5020
1455264000 1420 391 39267 1923
1455256800 56 356 124 533
1455249600 60 366 102 683
1455242400 71 576 316 3060
1455235200 521 1356 2997 5505
1455228000 620 1952 2919 4066
1455220800 636 5469 2284 69418
1455213600 5488 6885 94945 69418
1455206400 2749 3702 48706 24124
1455199200 10 744 11 1748
1455192000 10 233 11 293
1455184800 10 285 11 618
1455177600 10 236 12 300
1455170400 10 272 11 478
1455163200 10 278 11 368
1455156000 10 287 11 370
1455148800 16 416 540 1611
1455141600 2963 5445 12477 13801
1455134400 3019 12131 12477 56166
1455127200 4654 6493 56969 40835
1455120000 2000 5253 11110 19268
1455112800 48 622 158 1151
1455105600 47 303 163 544
1455098400 331 364 39823 2597
1455091200 1442 603 39823 3980
1455084000 46 413 127 679
1455076800 45 434 136 675
1455069600 79 532 506 1108
1455062400 140 966 1049 8046
1455055200 2457 27377 15985 547793
1455048000 1157 4237 9586 21575
1455040800 1692 4600 13185 30100
1455033600 1680 5059 6816 30548
1455026400 288 1878 6816 30548
1455019200 330 459 39540 5347
1454976000 357 1458 7163 34099
1454889600 10 233 14 377
1454803200 10 229 11 367
1454716800 520 1633 40023 38506
1454630400 782 2142 40154 19355
1454544000 669 1652 40204 24140
1454457600 657 1857 40520 26030
1454371200 928 2416 40805 19585
1454284800 512 862 40973 5110
1454198400 493 868 40863 5509
1454112000 622 1709 40671 30576
1454025600 808 2167 41135 33880
1453939200 702 2017 41066 35709
1453852800 735 1988 41018 33148
1453766400 733 1623 42223 33183
1453680000 10 267 11 332
1453593600 10 267 11 337
1453507200 1057 3019 41346 39428
1453420800 1038 4727 40992 739091
1453334400 3824 1682 609564 28112
1453248000 1044 1956 39743 32685
1453161600 840 1919 48394 39624
1453075200 10 243 11 369
1452988800 10 211 11 302
1452902400 541 1992 39264 143002
1452816000 882 3444 39041 473685
1452729600 837 3152 38851 229321
1452643200 807 1681 38961 16582
1452556800 490 1477 39086 42555
1452470400 10 249 11 594
1452384000 10 318 21 7296
1452297600 646 1466 38484 23000
1452211200 621 1829 12580 40551
1452124800 621 1836 38089 55589
1452038400 607 1562 44993 17727
1451952000 446 1389 39925 33459
1451865600 9 249 12 564
1451779200 10 243 12 317
1451692800 10 244 47 358
1451606400 1066 2149 37857 226506
1451520000 831 1622 37489 24991
1451433600 753 1628 37217 16178
1451347200 621 1230 17299 26253
1451260800 10 188 12 268
1451174400 10 197 12 330
1451088000 10 188 12 258
1451001600 663 1260 36791 14070
1450915200 784 1829 36430 37501
1450828800 902 2500 41047 49001
1450742400 676 1738 35981 30517
1450656000 196 298 35885 5095
1450569600 196 308 35876 5372
1450483200 1529 1962 189504 22784
1450396800 860 3006 34877 248320
1450310400 606 1711 34531 97049
1450224000 474 3674 34434 752051
1450137600 244 1098 2604 14038
1450051200 10 391 10 421
1449964800 1432 2077 5543 7065
1449878400 1837 2741 5543 7065
1449792000 398 1605 1169 4638
1449705600 144 913 402 2927
1449619200 711 1967 2650 18267
1449532800 210 907 856 2833
1449446400 66 401 176 759
1449360000 116 515 426 1381
1449273600 691 2538 3887 11632
1449187200 961 3096 3887 11632
1449100800 176 1264 1282 7733
1449014400 299 1333 3192 11684
1448928000 1162 5016 3192 16543
1448841600 50 460 97 491
1448755200 158 796 1222 3607
1448668800 325 1151 1222 3531
1448582400 176 704 732 1467
1448496000 969 6686 2470 17898
1448409600 7016 1838 27500 3892
1448323200 37 565 221 1574
1448236800 10 331 10 338
1448150400 83 648 409 1995
1448064000 2618 74653 13111 427366
1447977600 120 806 391 1372
1447891200 113 704 275 1493
1447804800 106 549 124 1004
1447718400 92 888 592 1258
1447632000 83 639 151 765
1447545600 91 629 203 901
1447459200 82 749 256 1575
1447372800 1662 1129 9064 1537
1447286400 104 673 460 2000
1447200000 104 894 460 2000
1447113600 10 963 10 3702
1447027200 10 373 10 434
1446940800 10 421 10 594
1446854400 10 582 10 605
1446768000 10 753 12 1442
1446681600 10 928 12 1648
1446595200 10 788 10 1245
1446508800 10 616 10 1166
1446422400 10 452 10 522
1446336000 10 449 11 522
1446249600 10 1031 11 1257
1446163200 10 837 11 1784
1446076800 10 424 10 424
1445990400 10 446 10 865
1445904000 10 678 11 1165
1445817600 10 424 10 448
1445731200 10 426 12 787
1445644800 10 666 11 1078
1445558400 10 703 11 1022
1445472000 10 665 12 1363
1445385600 10 566 10 1060
1445299200 9 636 10 1050
1445212800 10 462 10 513
1445126400 10 425 10 425
1445040000 10 484 10 1094
1444953600 10 762 10 1171
1444867200 10 790 11 1520
1444780800 10 698 10 1259
1444694400 10 396 11 415
1444608000 10 406 11 461
1444521600 10 425 11 461
1444435200 10 770 11 1455
1444348800 10 818 12 1481
1444262400 10 1107 11 1835
1444176000 10 725 11 1304
1444089600 10 729 11 1189
1444003200 10 482 11 520
1443916800 10 513 10 584
1443830400 10 827 10 1446
1443744000 10 1611 10 1647
1443657600 10 1080 10 1731
1443571200 10 1084 10 1481
1443484800 10 949 11 1265
1443398400 10 688 11 751
1443312000 10 664 10 727
1443225600 10 941 34 1399
1443139200 10 843 10 1388
1443052800 10 764 10 1021
1442966400 10 830 12 1309
1442880000 10 849 10 1421
1442793600 10 569 10 656
1442707200 10 623 10 805
1442620800 10 826 11 1157
1442534400 10 804 11 1113
1442448000 10 760 11 1383
1442361600 10 776 11 1220
1442275200 10 711 11 1490
1442188800 10 394 11 605
1442102400 10 518 10 605
1442016000 10 604 10 729
1441929600 4 802 10 1445
1441843200 10 937 10 1258
1441756800 10 722 10 1074
1441670400 10 447 10 482
1441584000 10 441 10 473
1441497600 10 439 10 892
1441411200 10 732 10 892
1441324800 10 833 10 1759
1441238400 10 515 10 642
1441152000 10 771 10 1502
1441065600 10 942 10 1502
1440979200 10 434 10 486
1440892800 10 470 10 477
1440806400 10 773 11 1522
1440720000 10 865 11 1372
1440633600 10 915 11 1721
1440547200 10 681 11 1119
1440460800 149 1156 487 1565
1440374400 487 1159 487 1159
1440288000 487 1159 487 1159
1440201600 487 1159 487 1159
1440115200 487 1159 487 1159
1440028800 487 1159 487 1159
1439942400 487 1159 487 1159
1439856000 487 1159 487 1159
1439769600 487 1159 487 1159
1439683200 487 1159 487 1159
1439596800 487 1159 487 1159
1439510400 442 1788 1128 4851
1439424000 372 1382 599 2199
1439337600 115 871 3178 3347
1439251200 329 1313 520 2377
1439164800 290 842 849 2671
1439078400 513 1185 777 1627
1438992000 777 1627 777 1627
1438905600 744 2506 5347 18738
1438819200 951 3704 5347 18738
1438732800 50 718 345 1766
1438646400 10 411 11 438
1438560000 10 402 10 430
1438473600 10 400 10 450
1438387200 124 911 337 1522
1438300800 113 1012 784 2065
1438214400 74 1704 296 2065
1438128000 99 913 556 1827
1438041600 9307 7892 28803 23512
1437955200 10 374 10 396
1437868800 99 613 415 1513
1437782400 632 1325 772 1513
1437696000 118 776 878 1860
1437609600 197 1524 963 9506
1437523200 129 862 653 1736
1437436800 10 384 10 399
1437350400 10 375 11 396
1437264000 10 394 10 442
1437177600 10 468 10 812
1437091200 10 689 10 1096
1437004800 859 6541 5540 67397
1436918400 274 909 856 1700
1436832000 1101 24892 5052 144653
1436745600 10 361 10 409
1436659200 10 368 11 405
1436572800 92 499 634 989
1436486400 91 540 634 996
1436400000 741 2536 3269 10431
1436313600 226 1097 527 1702
1436227200 10 665 10 1183
1436140800 10 383 10 399
1436054400 547 1741 1184 3351
1435968000 841 5283 5071 55021
1435881600 483 4067 2160 21028
1435795200 10 360 10 399
1435708800 1134 3528 2989 9457
1435622400 147 686 338 1272
1435536000 203 594 203 594
1435449600 190 1509 707 11655
1435363200 259 756 443 854
1435276800 62 798 377 1550
1435190400 350 2347 1048 5871
1435104000 248 1508 460 4451
1435017600 69 481 556 1563
1434931200 10 364 10 368
1434844800 9 357 11 368
1434758400 96 595 1419 1622
1434672000 11525 3568 66107 14977
1434585600 1513 5025 7925 22803
1434499200 471 1429 1506 3728
1434412800 898 2050 2251 5606
1434326400 199 580 303 633
1434240000 338 923 1300 3757
1434153600 1239 12785 6483 63543
1434067200 378 3048 1137 12135
1433980800 1659 13878 38824 1023623
1433894400 1229 3764 64412 33371
1433808000 1282 6389 66204 238921
1433721600 10 270 12 366
1433635200 10 274 12 564
1433548800 1174 5338 64252 106442
1433462400 960 4198 65170 117799
1433376000 780 2298 63630 36484
1433289600 32666 8974 1248101 398011
1433203200 417 2240 11609 60959
1433116800 10 239 12 827
1433030400 10 323 12 3393
1432944000 422 2597 16998 84661
1432857600 864 3579 28131 109440
1432771200 319 1452 5486 53744
1432684800 396 3406 15758 285659
1432598400 364 5769 30273 1179345
1432512000 10 212 12 258
1432425600 10 213 34 344
1432339200 10 505 101 1201
1432252800 406 1758 9371 50012
1432166400 926 15980 44395 1382380
1432080000 676 4291 63971 650851
1431993600 10 208 12 344
1431907200 10 201 23 261
1431820800 10 201 12 267
1431734400 421 1996 7240 60612
1431648000 261 1616 5018 84901
1431561600 1416 20640 110555 1205482
1431475200 481 3159 6788 127013
1431388800 883 2616 36526 69258
1431302400 88 285 972 5721
1431216000 27 93 978 5790
1431129600 0 0 0 0
1431043200 0 0 0 0
1430956800 0 0 0 0
1430870400 0 0 0 0
1430784000 0 0 0 0
1430697600 0 0 0 0
1430611200 0 0 0 0
1430524800 0 0 0 0
1430438400 0 0 0 0
1430352000 0 0 0 0
1430265600 0 0 0 0
1430179200 0 0 0 0
1430092800 0 0 0 0
1430006400 0 0 0 0
1429920000 0 0 0 0
1429833600 0 0 0 0
1429747200 0 0 0 0
1429660800 0 0 0 0
1429574400 0 0 0 0
1429488000 0 0 0 0
1429401600 0 0 0 0
1429315200 0 0 0 0
1429228800 0 0 0 0
1429142400 0 0 0 0
1429056000 0 0 0 0
1428969600 0 0 0 0
1428883200 0 0 0 0
1428796800 0 0 0 0
1428710400 0 0 0 0
1428624000 0 0 0 0
1428537600 0 0 0 0
1428451200 0 0 0 0
1428364800 0 0 0 0
1428278400 0 0 0 0
1428192000 0 0 0 0
1428105600 0 0 0 0
1428019200 0 0 0 0
1427932800 0 0 0 0
1427846400 0 0 0 0
1427760000 0 0 0 0
1427673600 0 0 0 0
1427587200 0 0 0 0
1427500800 0 0 0 0
1427414400 0 0 0 0
1427328000 0 0 0 0
1427241600 0 0 0 0
1427155200 0 0 0 0
1427068800 0 0 0 0
1426982400 0 0 0 0
1426896000 0 0 0 0
1426809600 0 0 0 0
1426723200 0 0 0 0
1426636800 0 0 0 0
1426550400 0 0 0 0
1426464000 0 0 0 0
1426377600 0 0 0 0
1426291200 0 0 0 0
1426204800 0 0 0 0
1426118400 0 0 0 0
1426032000 0 0 0 0
1425945600 0 0 0 0
1425859200 0 0 0 0
1425772800 0 0 0 0
1425686400 0 0 0 0
1425600000 0 0 0 0
1425513600 0 0 0 0
1425427200 0 0 0 0
1425340800 0 0 0 0
1425254400 0 0 0 0
1425168000 0 0 0 0
1425081600 0 0 0 0
1424995200 0 0 0 0
1424908800 0 0 0 0
1424822400 0 0 0 0
1424736000 0 0 0 0
1424649600 0 0 0 0
1424563200 0 0 0 0
1424476800 0 0 0 0
1424390400 0 0 0 0
1424304000 0 0 0 0
1424217600 0 0 0 0
1424131200 0 0 0 0
1424044800 0 0 0 0
1423958400 0 0 0 0
1423872000 0 0 0 0
1423785600 0 0 0 0
1423699200 0 0 0 0
1423612800 0 0 0 0
1423526400 0 0 0 0
1423440000 0 0 0 0
1423353600 0 0 0 0
1423267200 0 0 0 0
1423180800 0 0 0 0
1423094400 0 0 0 0
1423008000 0 0 0 0
1422921600 0 0 0 0
1422835200 0 0 0 0
1422748800 0 0 0 0
1422662400 0 0 0 0
1422576000 0 0 0 0
1422489600 0 0 0 0
1422403200 0 0 0 0
1422316800 0 0 0 0
1422230400 0 0 0 0
1422144000 0 0 0 0
1422057600 0 0 0 0
1421971200 0 0 0 0
1421884800 0 0 0 0
1421798400 0 0 0 0
1421712000 0 0 0 0
1421625600 0 0 0 0
1421539200 0 0 0 0
1421452800 0 0 0 0
1421366400 0 0 0 0
1421280000 0 0 0 0
1421193600 0 0 0 0
1421107200 0 0 0 0
1421020800 0 0 0 0
1420934400 0 0 0 0
1420848000 0 0 0 0
1420761600 0 0 0 0
1420675200 0 0 0 0
1420588800 0 0 0 0
1420502400 0 0 0 0
1420416000 0 0 0 0
1420329600 0 0 0 0
1420243200 0 0 0 0
1420156800 0 0 0 0
1420070400 0 0 0 0
1419984000 0 0 0 0
1419897600 0 0 0 0
1419811200 0 0 0 0
1419724800 0 0 0 0
1419638400 0 0 0 0
1419552000 0 0 0 0
1419465600 0 0 0 0
1419379200 0 0 0 0
1419292800 0 0 0 0
1419206400 0 0 0 0
1419120000 0 0 0 0
1419033600 0 0 0 0
1418947200 0 0 0 0
1418860800 0 0 0 0
1418774400 0 0 0 0
1418688000 0 0 0 0
1418601600 0 0 0 0
1418515200 0 0 0 0
1418428800 0 0 0 0
1418342400 0 0 0 0
1418256000 0 0 0 0
1418169600 0 0 0 0
1418083200 0 0 0 0
1417996800 0 0 0 0
1417910400 0 0 0 0
1417824000 0 0 0 0
1417737600 0 0 0 0
1417651200 0 0 0 0
1417564800 0 0 0 0
1417478400 0 0 0 0
1417392000 0 0 0 0
1417305600 0 0 0 0
1417219200 0 0 0 0
1417132800 0 0 0 0
1417046400 0 0 0 0
1416960000 0 0 0 0
1416873600 0 0 0 0
1416787200 0 0 0 0
1416700800 0 0 0 0
1416614400 0 0 0 0
1416528000 0 0 0 0
1416441600 0 0 0 0
1416355200 0 0 0 0
1416268800 0 0 0 0
1416182400 0 0 0 0
1416096000 0 0 0 0
1416009600 0 0 0 0
1415923200 0 0 0 0
1415836800 0 0 0 0
1415750400 0 0 0 0
1415664000 0 0 0 0
1415577600 0 0 0 0
1415491200 0 0 0 0
1415404800 0 0 0 0
1415318400 0 0 0 0
1415232000 0 0 0 0
1415145600 0 0 0 0
1415059200 0 0 0 0
1414972800 0 0 0 0
1414886400 0 0 0 0
1414800000 0 0 0 0
1414713600 0 0 0 0
1414627200 0 0 0 0
1414540800 0 0 0 0
1414454400 0 0 0 0
1414368000 0 0 0 0
1414281600 0 0 0 0
1414195200 0 0 0 0
1414108800 0 0 0 0
1414022400 0 0 0 0
1413936000 0 0 0 0
1413849600 0 0 0 0
1413763200 0 0 0 0
1413676800 0 0 0 0
1413590400 0 0 0 0
1413504000 0 0 0 0
1413417600 0 0 0 0
1413331200 0 0 0 0
1413244800 0 0 0 0
1413158400 0 0 0 0
1413072000 0 0 0 0
1412985600 0 0 0 0
1412899200 0 0 0 0
1412812800 0 0 0 0
1412726400 0 0 0 0
1412640000 0 0 0 0
1412553600 0 0 0 0
1412467200 0 0 0 0
1412380800 0 0 0 0
1412294400 0 0 0 0
1412208000 0 0 0 0
1412121600 0 0 0 0
1412035200 0 0 0 0
1411948800 0 0 0 0
1411862400 0 0 0 0
1411776000 0 0 0 0
1411689600 0 0 0 0
1411603200 0 0 0 0
1411516800 0 0 0 0
1411430400 0 0 0 0
1411344000 0 0 0 0
1411257600 0 0 0 0
1411171200 0 0 0 0
1411084800 0 0 0 0
1410998400 0 0 0 0
1410912000 0 0 0 0
1410825600 0 0 0 0
1410739200 0 0 0 0
1410652800 0 0 0 0
1410566400 0 0 0 0
1410480000 0 0 0 0
1410393600 0 0 0 0
1410307200 0 0 0 0
1410220800 0 0 0 0
1410134400 0 0 0 0
1410048000 0 0 0 0
1409961600 0 0 0 0
1409875200 0 0 0 0
1409788800 0 0 0 0
1409702400 0 0 0 0
1409616000 0 0 0 0
1409529600 0 0 0 0
1409443200 0 0 0 0
1409356800 0 0 0 0
1409270400 0 0 0 0
1409184000 0 0 0 0
1409097600 0 0 0 0
1409011200 0 0 0 0
1408924800 0 0 0 0
1408838400 0 0 0 0
1408752000 0 0 0 0
1408665600 0 0 0 0
1408579200 0 0 0 0
1408492800 0 0 0 0
1408406400 0 0 0 0
1408320000 0 0 0 0
1408233600 0 0 0 0
1408147200 0 0 0 0
1408060800 0 0 0 0
1407974400 0 0 0 0
1407888000 0 0 0 0
1407801600 0 0 0 0
1407715200 0 0 0 0
1407628800 0 0 0 0
1407542400 0 0 0 0
1407456000 0 0 0 0
1407369600 0 0 0 0
1407283200 0 0 0 0
1407196800 0 0 0 0
1407110400 0 0 0 0
1407024000 0 0 0 0
1406937600 0 0 0 0
1406851200 0 0 0 0
1406764800 0 0 0 0
1406678400 0 0 0 0
1406592000 0 0 0 0
1406505600 0 0 0 0
1406419200 0 0 0 0
1406332800 0 0 0 0
1406246400 0 0 0 0
1406160000 0 0 0 0
1406073600 0 0 0 0
1405987200 0 0 0 0
1405900800 0 0 0 0
1405814400 0 0 0 0
1405728000 0 0 0 0
1405641600 0 0 0 0
1405555200 0 0 0 0
1405468800 0 0 0 0
1405382400 0 0 0 0
1405296000 0 0 0 0
1405209600 0 0 0 0
1405123200 0 0 0 0
1405036800 0 0 0 0
1404950400 0 0 0 0
1404864000 0 0 0 0
1404777600 0 0 0 0
1404691200 0 0 0 0
1404604800 0 0 0 0
1404518400 0 0 0 0
1404432000 0 0 0 0
1404345600 0 0 0 0
1404259200 0 0 0 0
1404172800 0 0 0 0
1404086400 0 0 0 0
1404000000 0 0 0 0
1403913600 0 0 0 0
1403827200 0 0 0 0
1403740800 0 0 0 0
1403654400 0 0 0 0
1403568000 0 0 0 0
1403481600 0 0 0 0
1403395200 0 0 0 0
1403308800 0 0 0 0
1403222400 0 0 0 0
1403136000 0 0 0 0
1403049600 0 0 0 0
1402963200 0 0 0 0
1402876800 0 0 0 0
1402790400 0 0 0 0
1402704000 0 0 0 0
1402617600 0 0 0 0
1402531200 0 0 0 0
1402444800 0 0 0 0
1402358400 0 0 0 0
1402272000 0 0 0 0
1402185600 0 0 0 0
1402099200 0 0 0 0
1402012800 0 0 0 0
1401926400 0 0 0 0
1401840000 0 0 0 0
1401753600 0 0 0 0
1401667200 0 0 0 0
1401580800 0 0 0 0
1401494400 0 0 0 0
1401408000 0 0 0 0
1401321600 0 0 0 0
1401235200 0 0 0 0
1401148800 0 0 0 0
1401062400 0 0 0 0
1400976000 0 0 0 0
1400889600 0 0 0 0
1400803200 0 0 0 0
1400716800 0 0 0 0
1400630400 0 0 0 0
1400544000 0 0 0 0
1400457600 0 0 0 0
1400371200 0 0 0 0
1400284800 0 0 0 0
1400198400 0 0 0 0
1400112000 0 0 0 0
1400025600 0 0 0 0
1399939200 0 0 0 0
1399852800 0 0 0 0
1399766400 0 0 0 0
1399680000 0 0 0 0
1399593600 0 0 0 0
1399507200 0 0 0 0
1399420800 0 0 0 0
1399334400 0 0 0 0
1399248000 0 0 0 0
1399161600 0 0 0 0
1399075200 0 0 0 0
1398988800 0 0 0 0
1398902400 0 0 0 0
1398816000 0 0 0 0
1398729600 0 0 0 0
1398643200 0 0 0 0
1398556800 0 0 0 0
1398470400 0 0 0 0
1398384000 0 0 0 0
1398297600 0 0 0 0
1398211200 0 0 0 0
1398124800 0 0 0 0
1398038400 0 0 0 0
1397952000 0 0 0 0
1397865600 0 0 0 0
1397779200 0 0 0 0
1397692800 0 0 0 0
1397606400 0 0 0 0
1397520000 0 0 0 0
1397433600 0 0 0 0
1397347200 0 0 0 0
1397260800 0 0 0 0
1397174400 0 0 0 0
1397088000 0 0 0 0
1397001600 0 0 0 0
1396915200 0 0 0 0
1396828800 0 0 0 0
1396742400 0 0 0 0
1396656000 0 0 0 0
1396569600 0 0 0 0
1396483200 0 0 0 0
1396396800 0 0 0 0
1396310400 0 0 0 0
1396224000 0 0 0 0
1396137600 0 0 0 0
1396051200 0 0 0 0
1395964800 0 0 0 0
1395878400 0 0 0 0
1395792000 0 0 0 0
1395705600 0 0 0 0
1395619200 0 0 0 0
1395532800 0 0 0 0
1395446400 0 0 0 0
1395360000 0 0 0 0
1395273600 0 0 0 0
1395187200 0 0 0 0
1395100800 0 0 0 0
1395014400 0 0 0 0
1394928000 0 0 0 0
1394841600 0 0 0 0
1394755200 0 0 0 0
1394668800 0 0 0 0
1394582400 0 0 0 0
1394496000 0 0 0 0
1394409600 0 0 0 0
1394323200 0 0 0 0
1394236800 0 0 0 0
1394150400 0 0 0 0
1394064000 0 0 0 0
1393977600 0 0 0 0
1393891200 0 0 0 0
1393804800 0 0 0 0
1393718400 0 0 0 0
1393632000 0 0 0 0
1393545600 0 0 0 0
1393459200 0 0 0 0
1393372800 0 0 0 0
1393286400 0 0 0 0
1393200000 0 0 0 0
1393113600 0 0 0 0
1393027200 0 0 0 0
1392940800 0 0 0 0
1392854400 0 0 0 0
1392768000 0 0 0 0
1392681600 0 0 0 0
1392595200 0 0 0 0
1392508800 0 0 0 0
1392422400 0 0 0 0
1392336000 0 0 0 0
1392249600 0 0 0 0
1392163200 0 0 0 0
1392076800 0 0 0 0
1391990400 0 0 0 0
1391904000 0 0 0 0
1391817600 0 0 0 0
