1460685975 -1 -1
1460685975 622 171 622 171
1460602036 622 171 622 171
1460601900 622 171 622 171
1460601600 622 171 622 171
1460601300 622 171 622 171
1460601000 622 171 622 171
1460600700 622 171 622 171
1460600400 622 171 622 171
1460600100 622 171 622 171
1460599800 622 171 622 171
1460599500 622 171 622 171
1460599200 622 171 622 171
1460598900 622 171 622 171
1460598600 622 171 622 171
1460598300 622 171 622 171
1460598000 622 171 622 171
1460597700 622 171 622 171
1460597400 622 171 622 171
1460597100 622 171 622 171
1460596800 622 171 622 171
1460596500 622 171 622 171
1460596200 622 171 622 171
1460595900 622 171 622 171
1460595600 622 171 622 171
1460595300 622 171 622 171
1460595000 622 171 622 171
1460594700 622 171 622 171
1460594400 622 171 622 171
1460594100 622 171 622 171
1460593800 622 171 622 171
1460593500 622 171 622 171
1460593200 622 171 622 171
1460592900 622 171 622 171
1460592600 622 171 622 171
1460592300 622 171 622 171
1460592000 622 171 622 171
1460591700 622 171 622 171
1460591400 622 171 622 171
1460591100 622 171 622 171
1460590800 622 171 622 171
1460590500 622 171 622 171
1460590200 622 171 622 171
1460589900 622 171 622 171
1460589600 622 171 622 171
1460589300 622 171 622 171
1460589000 622 171 622 171
1460588700 622 171 622 171
1460588400 622 171 622 171
1460588100 622 171 622 171
1460587800 622 171 622 171
1460587500 622 171 622 171
1460587200 622 171 622 171
1460586900 622 171 622 171
1460586600 622 171 622 171
1460586300 622 171 622 171
1460586000 622 171 622 171
1460585700 622 171 622 171
1460585400 622 171 622 171
1460585100 622 171 622 171
1460584800 622 171 622 171
1460584500 622 171 622 171
1460584200 622 171 622 171
1460583900 622 171 622 171
1460583600 622 171 622 171
1460583300 622 171 622 171
1460583000 622 171 622 171
1460582700 622 171 622 171
1460582400 622 171 622 171
1460582100 622 171 622 171
1460581800 622 171 622 171
1460581500 622 171 622 171
1460581200 622 171 622 171
1460580900 622 171 622 171
1460580600 622 171 622 171
1460580300 622 171 622 171
1460580000 622 171 622 171
1460579700 622 171 622 171
1460579400 622 171 622 171
1460579100 622 171 622 171
1460578800 622 171 622 171
1460578500 622 171 622 171
1460578200 622 171 622 171
1460577900 622 171 622 171
1460577600 622 171 622 171
1460577300 622 171 622 171
1460577000 622 171 622 171
1460576700 622 171 622 171
1460576400 622 171 622 171
1460576100 622 171 622 171
1460575800 622 171 622 171
1460575500 622 171 622 171
1460575200 622 171 622 171
1460574900 622 171 622 171
1460574600 622 171 622 171
1460574300 622 171 622 171
1460574000 622 171 622 171
1460573700 622 171 622 171
1460573400 622 171 622 171
1460573100 622 171 622 171
1460572800 622 171 622 171
1460572500 622 171 622 171
1460572200 622 171 622 171
1460571900 622 171 622 171
1460571600 622 171 622 171
1460571300 622 171 622 171
1460571000 622 171 622 171
1460570700 622 171 622 171
1460570400 622 171 622 171
1460570100 622 171 622 171
1460569800 622 171 622 171
1460569500 622 171 622 171
1460569200 622 171 622 171
1460568900 622 171 622 171
1460568600 622 171 622 171
1460568300 622 171 622 171
1460568000 622 171 622 171
1460567700 622 171 622 171
1460567400 622 171 622 171
1460567100 622 171 622 171
1460566800 622 171 622 171
1460566500 622 171 622 171
1460566200 622 171 622 171
1460565900 622 171 622 171
1460565600 622 171 622 171
1460565300 622 171 622 171
1460565000 622 171 622 171
1460564700 622 171 622 171
1460564400 622 171 622 171
1460564100 622 171 622 171
1460563800 622 171 622 171
1460563500 622 171 622 171
1460563200 622 171 622 171
1460562900 622 171 622 171
1460562600 622 171 622 171
1460562300 622 171 622 171
1460562000 622 171 622 171
1460561700 622 171 622 171
1460561400 622 171 622 171
1460561100 622 171 622 171
1460560800 622 171 622 171
1460560500 622 171 622 171
1460560200 622 171 622 171
1460559900 622 171 622 171
1460559600 622 171 622 171
1460559300 622 171 622 171
1460559000 622 171 622 171
1460558700 622 171 622 171
1460558400 622 171 622 171
1460558100 622 171 622 171
1460557800 622 171 622 171
1460557500 622 171 622 171
1460557200 622 171 622 171
1460556900 622 171 622 171
1460556600 622 171 622 171
1460556300 622 171 622 171
1460556000 622 171 622 171
1460555700 622 171 622 171
1460555400 622 171 622 171
1460555100 622 171 622 171
1460554800 622 171 622 171
1460554500 622 171 622 171
1460554200 622 171 622 171
1460553900 622 171 622 171
1460553600 622 171 622 171
1460553300 622 171 622 171
1460553000 622 171 622 171
1460552700 622 171 622 171
1460552400 622 171 622 171
1460552100 622 171 622 171
1460551800 622 171 622 171
1460551500 622 171 622 171
1460551200 622 171 622 171
1460550900 622 171 622 171
1460550600 622 171 622 171
1460550300 622 171 622 171
1460550000 622 171 622 171
1460549700 622 171 622 171
1460549400 622 171 622 171
1460549100 622 171 622 171
1460548800 622 171 622 171
1460548500 622 171 622 171
1460548200 622 171 622 171
1460547900 622 171 622 171
1460547600 622 171 622 171
1460547300 622 171 622 171
1460547000 622 171 622 171
1460546700 622 171 622 171
1460546400 622 171 622 171
1460546100 622 171 622 171
1460545800 622 171 622 171
1460545500 622 171 622 171
1460545200 622 171 622 171
1460544900 622 171 622 171
1460544600 622 171 622 171
1460544300 622 171 622 171
1460544000 622 171 622 171
1460543700 622 171 622 171
1460543400 622 171 622 171
1460543100 622 171 622 171
1460542800 622 171 622 171
1460542500 622 171 622 171
1460542200 622 171 622 171
1460541900 622 171 622 171
1460541600 622 171 622 171
1460541300 622 171 622 171
1460541000 622 171 622 171
1460540700 622 171 622 171
1460540400 622 171 622 171
1460540100 622 171 622 171
1460539800 622 171 622 171
1460539500 622 171 622 171
1460539200 622 171 622 171
1460538900 622 171 622 171
1460538600 622 171 622 171
1460538300 622 171 622 171
1460538000 622 171 622 171
1460537700 622 171 622 171
1460537400 622 171 622 171
1460537100 622 171 622 171
1460536800 622 171 622 171
1460536500 622 171 622 171
1460536200 622 171 622 171
1460535900 622 171 622 171
1460535600 622 171 622 171
1460535300 622 171 622 171
1460535000 622 171 622 171
1460534700 622 171 622 171
1460534400 622 171 622 171
1460534100 622 171 622 171
1460533800 622 171 622 171
1460533500 622 171 622 171
1460533200 622 171 622 171
1460532900 622 171 622 171
1460532600 622 171 622 171
1460532300 622 171 622 171
1460532000 622 171 622 171
1460531700 622 171 622 171
1460531400 622 171 622 171
1460531100 622 171 622 171
1460530800 622 171 622 171
1460530500 622 171 622 171
1460530200 622 171 622 171
1460529900 622 171 622 171
1460529600 622 171 622 171
1460529300 622 171 622 171
1460529000 622 171 622 171
1460528700 622 171 622 171
1460528400 622 171 622 171
1460528100 622 171 622 171
1460527800 622 171 622 171
1460527500 622 171 622 171
1460527200 622 171 622 171
1460526900 622 171 622 171
1460526600 622 171 622 171
1460526300 622 171 622 171
1460526000 622 171 622 171
1460525700 622 171 622 171
1460525400 622 171 622 171
1460525100 622 171 622 171
1460524800 622 171 622 171
1460524500 622 171 622 171
1460524200 622 171 622 171
1460523900 622 171 622 171
1460523600 622 171 622 171
1460523300 622 171 622 171
1460523000 622 171 622 171
1460522700 622 171 622 171
1460522400 622 171 622 171
1460522100 622 171 622 171
1460521800 622 171 622 171
1460521500 622 171 622 171
1460521200 622 171 622 171
1460520900 622 171 622 171
1460520600 622 171 622 171
1460520300 622 171 622 171
1460520000 622 171 622 171
1460519700 622 171 622 171
1460519400 622 171 622 171
1460519100 622 171 622 171
1460518800 622 171 622 171
1460518500 622 171 622 171
1460518200 622 171 622 171
1460517900 622 171 622 171
1460517600 622 171 622 171
1460517300 622 171 622 171
1460517000 622 171 622 171
1460516700 622 171 622 171
1460516400 622 171 622 171
1460516100 622 171 622 171
1460515800 622 171 622 171
1460515500 622 171 622 171
1460515200 622 171 622 171
1460514900 622 171 622 171
1460514600 622 171 622 171
1460514300 622 171 622 171
1460514000 622 171 622 171
1460513700 622 171 622 171
1460513400 622 171 622 171
1460513100 622 171 622 171
1460512800 622 171 622 171
1460512500 622 171 622 171
1460512200 622 171 622 171
1460511900 622 171 622 171
1460511600 622 171 622 171
1460511300 622 171 622 171
1460511000 622 171 622 171
1460510700 622 171 622 171
1460510400 622 171 622 171
1460510100 622 171 622 171
1460509800 622 171 622 171
1460509500 622 171 622 171
1460509200 622 171 622 171
1460508900 622 171 622 171
1460508600 622 171 622 171
1460508300 622 171 622 171
1460508000 622 171 622 171
1460507700 622 171 622 171
1460507400 622 171 622 171
1460507100 622 171 622 171
1460506800 622 171 622 171
1460506500 622 171 622 171
1460506200 622 171 622 171
1460505900 622 171 622 171
1460505600 622 171 622 171
1460505300 622 171 622 171
1460505000 622 171 622 171
1460504700 622 171 622 171
1460504400 622 171 622 171
1460504100 622 171 622 171
1460503800 622 171 622 171
1460503500 622 171 622 171
1460503200 622 171 622 171
1460502900 622 171 622 171
1460502600 622 171 622 171
1460502300 622 171 622 171
1460502000 622 171 622 171
1460501700 622 171 622 171
1460501400 622 171 622 171
1460501100 622 171 622 171
1460500800 622 171 622 171
1460500500 622 171 622 171
1460500200 622 171 622 171
1460499900 622 171 622 171
1460499600 622 171 622 171
1460499300 622 171 622 171
1460499000 622 171 622 171
1460498700 622 171 622 171
1460498400 622 171 622 171
1460498100 622 171 622 171
1460497800 622 171 622 171
1460497500 622 171 622 171
1460497200 622 171 622 171
1460496900 622 171 622 171
1460496600 622 171 622 171
1460496300 622 171 622 171
1460496000 622 171 622 171
1460495700 622 171 622 171
1460495400 622 171 622 171
1460495100 622 171 622 171
1460494800 622 171 622 171
1460494500 622 171 622 171
1460494200 622 171 622 171
1460493900 622 171 622 171
1460493600 622 171 622 171
1460493300 622 171 622 171
1460493000 622 171 622 171
1460492700 622 171 622 171
1460492400 622 171 622 171
1460492100 622 171 622 171
1460491800 622 171 622 171
1460491500 622 171 622 171
1460491200 622 171 622 171
1460490900 622 171 622 171
1460490600 622 171 622 171
1460490300 622 171 622 171
1460490000 622 171 622 171
1460489700 622 171 622 171
1460489400 622 171 622 171
1460489100 622 171 622 171
1460488800 622 171 622 171
1460488500 622 171 622 171
1460488200 622 171 622 171
1460487900 622 171 622 171
1460487600 622 171 622 171
1460487300 622 171 622 171
1460487000 622 171 622 171
1460486700 622 171 622 171
1460486400 622 171 622 171
1460486100 622 171 622 171
1460485800 622 171 622 171
1460485500 622 171 622 171
1460485200 622 171 622 171
1460484900 622 171 622 171
1460484600 622 171 622 171
1460484300 622 171 622 171
1460484000 622 171 622 171
1460483700 622 171 622 171
1460483400 622 171 622 171
1460483100 622 171 622 171
1460482800 622 171 622 171
1460482500 622 171 622 171
1460482200 622 171 622 171
1460481900 622 171 622 171
1460481600 622 171 622 171
1460481300 622 171 622 171
1460481000 622 171 622 171
1460480700 622 171 622 171
1460480400 622 171 622 171
1460480100 622 171 622 171
1460479800 622 171 622 171
1460479500 622 171 622 171
1460479200 622 171 622 171
1460478900 622 171 622 171
1460478600 622 171 622 171
1460478300 622 171 622 171
1460478000 622 171 622 171
1460477700 622 171 622 171
1460477400 622 171 622 171
1460477100 622 171 622 171
1460476800 622 171 622 171
1460476500 622 171 622 171
1460476200 622 171 622 171
1460475900 622 171 622 171
1460475600 622 171 622 171
1460475300 622 171 622 171
1460475000 622 171 622 171
1460474700 622 171 622 171
1460474400 622 171 622 171
1460474100 622 171 622 171
1460473800 622 171 622 171
1460473500 622 171 622 171
1460473200 622 171 622 171
1460472900 622 171 622 171
1460472600 622 171 622 171
1460472300 622 171 622 171
1460472000 622 171 622 171
1460471700 622 171 622 171
1460471400 622 171 622 171
1460471100 622 171 622 171
1460470800 622 171 622 171
1460470500 622 171 622 171
1460470200 622 171 622 171
1460469900 622 171 622 171
1460469600 622 171 622 171
1460469300 622 171 622 171
1460469000 622 171 622 171
1460468700 622 171 622 171
1460468400 622 171 622 171
1460468100 622 171 622 171
1460467800 622 171 622 171
1460467500 622 171 622 171
1460467200 622 171 622 171
1460466900 622 171 622 171
1460466600 622 171 622 171
1460466300 622 171 622 171
1460466000 622 171 622 171
1460465700 622 171 622 171
1460465400 622 171 622 171
1460465100 622 171 622 171
1460464800 622 171 622 171
1460464500 622 171 622 171
1460464200 622 171 622 171
1460463900 622 171 622 171
1460463600 622 171 622 171
1460463300 622 171 622 171
1460463000 622 171 622 171
1460462700 622 171 622 171
1460462400 622 171 622 171
1460462100 622 171 622 171
1460461800 622 171 622 171
1460461500 622 171 622 171
1460461200 622 171 622 171
1460460900 622 171 622 171
1460460600 622 171 622 171
1460460300 622 171 622 171
1460460000 622 171 622 171
1460459700 622 171 622 171
1460459400 622 171 622 171
1460459100 622 171 622 171
1460458800 622 171 622 171
1460458500 622 171 622 171
1460458200 622 171 622 171
1460457900 622 171 622 171
1460457600 622 171 622 171
1460457300 622 171 622 171
1460457000 622 171 622 171
1460456700 622 171 622 171
1460456400 622 171 622 171
1460456100 622 171 622 171
1460455800 622 171 622 171
1460455500 622 171 622 171
1460455200 622 171 622 171
1460454900 622 171 622 171
1460454600 622 171 622 171
1460454300 622 171 622 171
1460454000 622 171 622 171
1460453700 622 171 622 171
1460453400 622 171 622 171
1460453100 622 171 622 171
1460452800 622 171 622 171
1460452500 622 171 622 171
1460452200 622 171 622 171
1460451900 622 171 622 171
1460451600 622 171 622 171
1460451300 622 171 622 171
1460451000 622 171 622 171
1460450700 622 171 622 171
1460450400 622 171 622 171
1460450100 622 171 622 171
1460449800 622 171 622 171
1460449500 622 171 622 171
1460449200 622 171 622 171
1460448900 622 171 622 171
1460448600 622 171 622 171
1460448300 622 171 622 171
1460448000 622 171 622 171
1460447700 622 171 622 171
1460447400 622 171 622 171
1460447100 622 171 622 171
1460446800 622 171 622 171
1460446500 622 171 622 171
1460446200 622 171 622 171
1460445900 622 171 622 171
1460445600 622 171 622 171
1460445300 622 171 622 171
1460445000 622 171 622 171
1460444700 622 171 622 171
1460444400 622 171 622 171
1460444100 622 171 622 171
1460443800 622 171 622 171
1460443500 622 171 622 171
1460443200 622 171 622 171
1460442900 622 171 622 171
1460442600 622 171 622 171
1460442300 622 171 622 171
1460442000 622 171 622 171
1460441700 622 171 622 171
1460441400 622 171 622 171
1460441100 622 171 622 171
1460440800 622 171 622 171
1460440500 622 171 622 171
1460440200 622 171 622 171
1460439900 622 171 622 171
1460439600 622 171 622 171
1460439300 622 171 622 171
1460439000 622 171 622 171
1460438700 622 171 622 171
1460438400 622 171 622 171
1460438100 622 171 622 171
1460437800 622 171 622 171
1460437500 622 171 622 171
1460437200 622 171 622 171
1460436900 622 171 622 171
1460436600 622 171 622 171
1460436300 622 171 622 171
1460436000 622 171 622 171
1460435700 622 171 622 171
1460435400 622 171 622 171
1460435100 622 171 622 171
1460434800 622 171 622 171
1460434500 622 171 622 171
1460434200 622 171 622 171
1460433900 622 171 622 171
1460433600 622 171 622 171
1460433300 622 171 622 171
1460433000 622 171 622 171
1460432700 622 171 622 171
1460432400 622 171 622 171
1460432100 622 171 622 171
1460431800 622 171 622 171
1460431500 622 171 622 171
1460431200 622 171 622 171
1460430900 622 171 622 171
1460430600 622 171 622 171
1460430300 622 171 622 171
1460430000 622 171 622 171
1460429700 622 171 622 171
1460429400 622 171 622 171
1460429100 622 171 622 171
1460428800 622 171 622 171
1460428500 622 171 622 171
1460428200 622 171 622 171
1460427900 622 171 622 171
1460427600 622 171 622 171
1460427300 622 171 622 171
1460427000 622 171 622 171
1460426700 622 171 622 171
1460426400 622 171 622 171
1460426100 622 171 622 171
1460425800 622 171 622 171
1460425500 622 171 622 171
1460425200 622 171 622 171
1460424900 622 171 622 171
1460424600 622 171 622 171
1460424300 622 171 622 171
1460424000 622 171 622 171
1460423700 622 171 622 171
1460423400 622 171 622 171
1460423100 622 171 622 171
1460422800 622 171 622 171
1460422500 622 171 622 171
1460422200 622 171 622 171
1460421000 622 171 622 171
1460419200 622 171 622 171
1460417400 622 171 622 171
1460415600 622 171 622 171
1460413800 622 171 622 171
1460412000 622 171 622 171
1460410200 622 171 622 171
1460408400 622 171 622 171
1460406600 622 171 622 171
1460404800 622 171 622 171
1460403000 622 171 622 171
1460401200 622 171 622 171
1460399400 622 171 622 171
1460397600 622 171 622 171
1460395800 622 171 622 171
1460394000 622 171 622 171
1460392200 622 171 622 171
1460390400 622 171 622 171
1460388600 622 171 622 171
1460386800 622 171 622 171
1460385000 622 171 622 171
1460383200 622 171 622 171
1460381400 622 171 622 171
1460379600 622 171 622 171
1460377800 622 171 622 171
1460376000 622 171 622 171
1460374200 622 171 622 171
1460372400 622 171 622 171
1460370600 622 171 622 171
1460368800 622 171 622 171
1460367000 622 171 622 171
1460365200 622 171 622 171
1460363400 622 171 622 171
1460361600 622 171 622 171
1460359800 622 171 622 171
1460358000 622 171 622 171
1460356200 622 171 622 171
1460354400 622 171 622 171
1460352600 622 171 622 171
1460350800 622 171 622 171
1460349000 622 171 622 171
1460347200 622 171 622 171
1460345400 622 171 622 171
1460343600 622 171 622 171
1460341800 622 171 622 171
1460340000 622 171 622 171
1460338200 622 171 622 171
1460336400 622 171 622 171
1460334600 622 171 622 171
1460332800 622 171 622 171
1460331000 622 171 622 171
1460329200 622 171 622 171
1460327400 622 171 622 171
1460325600 622 171 622 171
1460323800 622 171 622 171
1460322000 622 171 622 171
1460320200 622 171 622 171
1460318400 622 171 622 171
1460316600 622 171 622 171
1460314800 622 171 622 171
1460313000 622 171 622 171
1460311200 622 171 622 171
1460309400 622 171 622 171
1460307600 622 171 622 171
1460305800 622 171 622 171
1460304000 622 171 622 171
1460302200 622 171 622 171
1460300400 622 171 622 171
1460298600 622 171 622 171
1460296800 622 171 622 171
1460295000 622 171 622 171
1460293200 622 171 622 171
1460291400 622 171 622 171
1460289600 622 171 622 171
1460287800 622 171 622 171
1460286000 622 171 622 171
1460284200 622 171 622 171
1460282400 622 171 622 171
1460280600 622 171 622 171
1460278800 622 171 622 171
1460277000 622 171 622 171
1460275200 622 171 622 171
1460273400 622 171 622 171
1460271600 622 171 622 171
1460269800 622 171 622 171
1460268000 622 171 622 171
1460266200 622 171 622 171
1460264400 622 171 622 171
1460262600 622 171 622 171
1460260800 622 171 622 171
1460259000 622 171 622 171
1460257200 622 171 622 171
1460255400 622 171 622 171
1460253600 622 171 622 171
1460251800 622 171 622 171
1460250000 622 171 622 171
1460248200 622 171 622 171
1460246400 622 171 622 171
1460244600 622 171 622 171
1460242800 622 171 622 171
1460241000 622 171 622 171
1460239200 622 171 622 171
1460237400 622 171 622 171
1460235600 622 171 622 171
1460233800 622 171 622 171
1460232000 622 171 622 171
1460230200 622 171 622 171
1460228400 622 171 622 171
1460226600 622 171 622 171
1460224800 622 171 622 171
1460223000 622 171 622 171
1460221200 622 171 622 171
1460219400 622 171 622 171
1460217600 622 171 622 171
1460215800 622 171 622 171
1460214000 622 171 622 171
1460212200 622 171 622 171
1460210400 622 171 622 171
1460208600 622 171 622 171
1460206800 622 171 622 171
1460205000 622 171 622 171
1460203200 622 171 622 171
1460201400 622 171 622 171
1460199600 622 171 622 171
1460197800 622 171 622 171
1460196000 622 171 622 171
1460194200 622 171 622 171
1460192400 622 171 622 171
1460190600 622 171 622 171
1460188800 622 171 622 171
1460187000 622 171 622 171
1460185200 622 171 622 171
1460183400 622 171 622 171
1460181600 622 171 622 171
1460179800 622 171 622 171
1460178000 622 171 622 171
1460176200 622 171 622 171
1460174400 622 171 622 171
1460172600 622 171 622 171
1460170800 622 171 622 171
1460169000 622 171 622 171
1460167200 622 171 622 171
1460165400 622 171 622 171
1460163600 622 171 622 171
1460161800 622 171 622 171
1460160000 622 171 622 171
1460158200 622 171 622 171
1460156400 622 171 622 171
1460154600 622 171 622 171
1460152800 622 171 622 171
1460151000 622 171 622 171
1460149200 622 171 622 171
1460147400 622 171 622 171
1460145600 622 171 622 171
1460143800 622 171 622 171
1460142000 622 171 622 171
1460140200 567 219 622 355
1460138400 468 136 547 152
1460136600 426 135 548 157
1460134800 558 173 907 246
1460133000 438 162 554 216
1460131200 392 147 498 179
1460129400 346 134 427 147
1460127600 348 143 389 163
1460125800 325 143 467 168
1460124000 394 146 467 168
1460122200 412 156 536 214
1460120400 438 145 536 160
1460118600 385 146 446 189
1460116800 357 141 428 188
1460115000 398 172 567 259
1460113200 332 218 687 631
1460111400 215 167 252 240
1460109600 212 165 266 226
1460107800 230 156 256 216
1460106000 202 154 243 204
1460104200 206 142 242 198
1460102400 212 149 295 209
1460100600 193 141 276 203
1460098800 193 161 250 225
1460097000 222 154 269 221
1460095200 216 164 273 208
1460093400 270 162 324 207
1460091600 250 158 290 206
1460089800 248 151 285 203
1460088000 258 149 352 206
1460086200 314 160 399 213
1460084400 314 155 379 209
1460082600 360 145 409 210
1460080800 354 153 410 210
1460079000 362 143 410 191
1460077200 327 159 346 231
1460075400 350 155 409 231
1460073600 367 169 509 245
1460071800 445 196 534 266
1460070000 367 205 416 304
1460068200 511 245 831 402
1460066400 403 224 506 387
1460064600 472 308 506 538
1460062800 406 373 475 657
1460061000 382 277 477 574
1460059200 392 503 477 914
1460057400 417 343 457 664
1460055600 375 377 440 682
1460053800 396 319 452 732
1460052000 395 396 429 741
1460050200 397 333 432 741
1460048400 483 351 569 687
1460046600 517 418 686 850
1460044800 480 382 542 658
1460043000 406 375 512 770
1460041200 418 373 542 721
1460039400 354 353 416 849
1460037600 352 346 447 620
1460035800 371 205 447 256
1460034000 469 228 941 360
1460032200 310 160 388 290
1460030400 281 143 309 257
1460028600 209 133 275 207
1460026800 193 131 230 192
1460025000 170 130 206 175
1460023200 156 132 174 153
1460021400 140 113 161 150
1460019600 141 114 157 138
1460017800 141 117 156 130
1460016000 141 115 155 130
1460014200 142 114 156 129
1460012400 146 119 160 133
1460010600 143 116 159 139
1460008800 146 116 237 124
1460007000 144 111 155 123
1460005200 147 118 173 139
1460003400 177 118 203 141
1460001600 194 116 219 140
1459999800 201 115 225 146
1459998000 205 121 240 146
1459996200 209 117 240 139
1459994400 220 115 256 137
1459992600 237 115 298 148
1459990800 234 114 278 125
1459989000 248 113 278 124
1459987200 264 116 306 129
1459985400 281 116 301 149
1459983600 261 119 306 137
1459981800 295 125 350 152
1459980000 362 152 392 192
1459978200 377 165 429 277
1459976400 372 183 716 484
1459974600 408 192 716 484
1459972800 414 160 580 201
1459971000 500 160 570 185
1459969200 356 138 416 161
1459967400 339 129 431 145
1459965600 361 144 557 183
1459963800 463 161 557 172
1459962000 441 231 542 599
1459960200 565 410 1195 1105
1459958400 725 1149 1195 2372
1459956600 487 1458 980 5473
1459954800 768 844 2692 1521
1459953000 289 451 361 627
1459951200 1345 956 4246 3067
1459949400 678 2606 1255 11288
1459947600 569 686 781 965
1459945800 393 498 579 1505
1459944000 267 118 287 131
1459942200 219 111 246 129
1459940400 183 118 202 129
1459938600 165 112 198 123
1459936800 154 112 167 124
1459935000 147 109 161 118
1459933200 149 114 162 127
1459931400 147 113 163 123
1459929600 149 112 172 123
1459927800 144 111 169 124
1459926000 150 112 169 124
1459924200 146 116 164 144
1459922400 148 119 167 142
1459920600 156 119 191 130
1459918800 170 120 199 129
1459917000 159 120 170 140
1459915200 172 117 205 130
1459913400 213 118 277 129
1459911600 251 121 277 135
1459909800 244 121 280 133
1459908000 267 118 315 128
1459906200 292 117 342 128
1459904400 299 119 342 134
1459902600 307 118 332 136
1459900800 286 120 315 133
1459899000 304 116 347 130
1459897200 305 121 332 152
1459895400 320 123 364 149
1459893600 494 395 631 584
1459891800 496 693 954 1860
1459890000 500 1051 954 1860
1459888200 519 1089 1165 1884
1459886400 386 886 677 1403
1459884600 643 1926 1375 6930
1459882800 32513 18792 107667 102795
1459881000 588 1228 1360 2775
1459879200 366 669 441 795
1459877400 575 1186 999 2227
1459875600 1143 2234 4436 5444
1459873800 10797 2208 55065 5444
1459872000 7168 1248 44418 3842
1459870200 3813 20412 6805 64272
1459868400 1974 6831 6253 19752
1459866600 1190 1209 4100 1858
1459864800 3313 2599 11354 5960
1459863000 6382 115985 28293 563475
1459861200 611 970 1107 2364
1459859400 436 461 827 1248
1459857600 298 184 761 1450
1459855800 320 364 761 1450
1459854000 214 154 273 190
1459852200 199 161 273 190
1459850400 150 152 163 188
1459848600 158 152 194 189
1459846800 146 145 177 170
1459845000 135 154 155 171
1459843200 154 161 179 177
1459841400 164 166 195 205
1459839600 165 156 199 174
1459837800 143 146 176 180
1459836000 170 155 212 180
1459834200 160 150 212 218
1459832400 179 160 205 218
1459830600 187 154 205 174
1459828800 187 162 226 183
1459827000 196 153 226 177
1459825200 192 192 248 217
1459823400 214 159 266 196
1459821600 241 159 294 198
1459819800 259 163 297 198
1459818000 261 162 314 201
1459816200 244 158 280 202
1459814400 234 167 257 202
1459812600 263 179 308 225
1459810800 279 171 297 216
1459809000 297 174 342 257
1459807200 357 308 452 917
1459805400 617 845 1091 1721
1459803600 5340 10446 22934 49547
1459801800 1589 2358 4507 6566
1459800000 311 585 387 781
1459798200 396 795 931 1711
1459796400 3113 3457 17026 17504
1459794600 559 1051 1129 5172
1459792800 7752 2763 21452 5172
1459791000 4783 2504 20934 7419
1459789200 2597 11133 5314 51263
1459787400 26620 28861 129715 63610
1459785600 4288 8163 8383 17570
1459783800 5336 12277 7396 19482
1459782000 5309 13144 11925 48200
1459780200 2987 8392 5291 21174
1459778400 2520 4786 4514 15617
1459776600 3035 5281 7757 10135
1459774800 9320 8193 41295 19509
1459773000 791 3319 3185 19509
1459771200 282 202 555 686
1459769400 258 232 555 686
1459767600 286 358 895 1391
1459765800 150 173 191 210
1459764000 139 150 154 169
1459762200 135 153 151 159
1459760400 136 164 150 198
1459758600 140 153 153 198
1459756800 139 164 153 201
1459755000 139 170 155 230
1459753200 154 153 195 171
1459751400 142 148 156 165
1459749600 139 152 153 171
1459747800 145 149 175 167
1459746000 145 155 159 191
1459744200 147 145 167 162
1459742400 153 150 171 170
1459740600 174 150 200 179
1459738800 157 148 174 179
1459737000 189 157 218 178
1459735200 180 178 213 230
1459733400 184 175 217 221
1459731600 196 152 217 210
1459729800 206 159 237 210
1459728000 214 182 275 217
1459726200 267 193 331 386
1459724400 214 144 257 164
1459722600 217 140 245 164
1459720800 223 146 245 186
1459719000 214 140 238 162
1459717200 224 136 246 157
1459715400 212 142 242 172
1459713600 218 147 252 182
1459711800 226 141 257 163
1459710000 235 138 280 161
1459708200 270 144 314 184
1459706400 290 145 314 185
1459704600 292 143 339 157
1459702800 313 138 339 163
1459701000 266 146 311 164
1459699200 250 141 311 161
1459697400 221 142 251 165
1459695600 218 146 249 152
1459693800 201 140 222 158
1459692000 195 146 218 159
1459690200 171 144 212 172
1459688400 165 143 197 163
1459686600 155 144 175 155
1459684800 153 146 178 166
1459683000 144 147 168 166
1459681200 142 150 154 186
1459679400 139 143 154 165
1459677600 140 148 161 184
1459675800 138 146 161 188
1459674000 140 147 153 176
1459672200 141 142 154 166
1459670400 148 147 176 195
1459668600 159 145 176 179
1459666800 166 141 192 169
1459665000 170 148 209 185
1459663200 198 157 249 216
1459661400 174 149 194 177
1459659600 197 143 273 171
1459657800 241 145 273 152
1459656000 264 150 309 173
1459654200 265 143 289 166
1459652400 249 144 290 159
1459650600 268 146 296 158
1459648800 267 150 305 176
1459647000 276 147 311 170
1459645200 281 145 331 170
1459643400 274 146 308 159
1459641600 239 147 267 167
1459639800 249 145 276 166
1459638000 260 144 306 159
1459636200 277 151 353 172
1459634400 271 148 353 164
1459632600 276 149 321 196
1459630800 249 141 289 161
1459629000 236 144 267 161
1459627200 241 145 269 172
1459625400 251 142 282 171
1459623600 244 142 292 168
1459621800 250 143 292 164
1459620000 271 146 303 164
1459618200 263 146 284 163
1459616400 269 143 298 160
1459614600 277 147 309 163
1459612800 291 151 319 185
1459611000 260 146 299 169
1459609200 230 144 274 164
1459607400 208 146 229 164
1459605600 218 151 254 189
1459603800 196 150 254 163
1459602000 202 145 260 162
1459600200 195 139 260 155
1459598400 177 145 204 165
1459596600 158 142 178 170
1459594800 154 149 178 165
1459593000 146 145 162 164
1459591200 155 149 178 176
1459589400 145 145 167 156
1459587600 149 146 161 167
1459585800 145 138 157 162
1459584000 151 148 175 164
1459582200 169 142 188 166
1459580400 175 144 187 162
1459578600 163 145 174 169
1459576800 168 147 188 159
1459575000 194 141 217 170
1459573200 214 149 234 172
1459571400 206 146 234 164
1459569600 236 147 256 170
1459567800 228 146 244 170
1459566000 248 147 282 168
1459564200 283 154 328 172
1459562400 323 157 361 210
1459560600 304 146 348 190
1459558800 299 165 311 228
1459557000 319 199 569 438
1459555200 289 158 311 218
1459553400 409 757 837 3236
1459551600 331 212 384 285
1459549800 357 249 484 483
1459548000 401 308 574 437
1459546200 438 527 736 1274
1459544400 397 416 680 1144
1459542600 513 1491 817 5788
1459540800 421 1108 677 3665
1459539000 558 757 1705 1954
1459537200 1467 1825 2373 3364
1459535400 899 3888 2058 10883
1459533600 822 1615 1542 2566
1459531800 672 1200 883 1909
1459530000 1060 1530 3088 3779
1459528200 2329 2846 8601 10028
1459526400 801 1257 3070 3963
1459524600 2982 6222 6508 18746
1459522800 947 2878 6680 13302
1459521000 6091 7309 13715 19620
1459519200 2857 11454 4724 41625
1459517400 693 1778 2216 31412
1459515600 1097 7319 2216 31412
1459513800 5032 1257 26500 2518
1459512000 381 287 681 678
1459510200 261 273 425 678
1459508400 188 141 202 160
1459506600 169 134 191 154
1459504800 159 144 176 163
1459503000 153 140 172 162
1459501200 151 140 164 158
1459499400 143 141 155 155
1459497600 152 145 180 169
1459495800 163 143 178 164
1459494000 159 144 199 186
1459492200 162 145 172 160
1459490400 165 141 1696 185
1459488600 168 144 191 157
1459486800 170 138 194 159
1459485000 192 146 209 168
1459483200 188 146 223 170
1459481400 192 143 209 161
1459479600 208 142 234 151
1459477800 219 143 254 157
1459476000 268 145 329 159
1459474200 304 144 334 160
1459472400 307 138 332 146
1459470600 315 139 331 155
1459468800 343 147 375 159
1459467000 336 144 351 159
1459465200 350 139 389 187
1459463400 353 148 408 164
1459461600 422 496 667 1520
1459459800 507 452 869 910
1459458000 1844 24149 8249 138800
1459456200 1484 5764 2738 25481
1459454400 857 1529 1949 2931
1459452600 668 10776 1186 54153
1459450800 519 956 1147 2542
1459449000 522 972 772 1882
1459447200 72560 4840 179940 10329
1459445400 358 474 466 691
1459443600 332 515 367 597
1459441800 687 1201 2121 3782
1459440000 1153 2534 4070 62099
1459438200 1220 10525 4070 62099
1459436400 2018 5795 4379 13699
1459434600 672 1356 1159 2511
1459432800 570 2735 1277 12192
1459431000 2050 5856 4645 12192
1459429200 1185 912 4469 2630
1459427400 421 601 944 2630
1459425600 287 231 314 389
1459423800 251 260 369 569
1459422000 193 138 207 219
1459420200 165 146 179 219
1459418400 160 151 177 196
1459416600 154 117 173 144
1459414800 148 119 164 166
1459413000 144 145 159 166
1459411200 149 123 160 148
1459409400 152 122 167 143
1459407600 150 117 170 130
1459405800 147 119 164 137
1459404000 154 126 171 137
1459402200 162 135 195 171
1459400400 181 117 199 126
1459398600 189 157 216 220
1459396800 203 152 226 192
1459395000 205 120 228 159
1459393200 202 133 230 160
1459391400 224 128 247 365
1459389600 230 156 257 365
1459387800 238 118 290 154
1459386000 254 111 293 127
1459384200 262 119 291 146
1459382400 292 161 348 231
1459380600 284 143 321 161
1459378800 308 134 391 186
1459377000 345 148 398 186
1459375200 352 170 381 282
1459373400 864 1208 2628 2585
1459371600 1472 2001 2803 3727
1459369800 658 1018 1092 1392
1459368000 548 842 765 1249
1459366200 1163 1525 4123 5461
1459364400 1701 2526 2700 5259
1459362600 4420 4747 11468 13677
1459360800 3550 1806 15303 6037
1459359000 2035 1022 7691 2159
1459357200 26855 2382 120360 7905
1459355400 1545 1125 61992 4662
1459353600 43781 5013 93179 7162
1459351800 5402 1289 29387 2883
1459350000 691 912 5233 5694
1459348200 1560 1984 5233 5694
1459346400 810 1599 1423 3138
1459344600 1357 4195 3225 14654
1459342800 985 2830 1439 8553
1459341000 552 1630 804 4914
1459339200 275 148 554 495
1459332000 188 118 251 147
1459324800 162 116 206 144
1459317600 207 171 633 1229
1459310400 225 121 277 168
1459303200 283 120 344 142
1459296000 833 1243 10476 16671
1459288800 939 2350 3687 13716
1459281600 1381 10130 7040 91381
1459274400 1367 6749 6408 80438
1459267200 1423 8018 5007 47368
1459260000 1232 6120 5796 82699
1459252800 241 138 537 423
1459245600 159 121 195 180
1459238400 154 118 197 155
1459231200 158 121 213 157
1459224000 186 123 228 154
1459216800 207 119 257 150
1459209600 258 150 520 641
1459202400 703 1278 2336 7613
1459195200 2261 6181 6268 55707
1459188000 3781 45379 28189 606377
1459180800 2765 13417 9028 70163
1459173600 5775 7456 59801 30788
1459166400 349 406 3082 5258
1459159200 180 156 238 194
1459152000 180 156 232 203
1459144800 194 154 255 186
1459137600 187 154 226 179
1459130400 223 162 263 223
1459123200 227 156 284 199
1459116000 245 154 304 209
1459108800 269 158 351 209
1459101600 329 161 396 202
1459094400 284 150 394 206
1459087200 203 161 334 358
1459080000 188 164 239 221
1459072800 180 153 222 183
1459065600 199 153 243 191
1459058400 211 150 308 191
1459051200 262 151 360 206
1459044000 342 156 465 252
1459036800 246 146 308 188
1459029600 280 155 359 189
1459022400 294 154 378 195
1459015200 1052 907 18038 17952
1459008000 262 152 330 181
1459000800 231 171 472 443
1458993600 192 151 237 189
1458986400 174 152 234 194
1458979200 194 158 247 188
1458972000 196 153 1847 258
1458964800 243 148 338 209
1458957600 289 151 340 207
1458950400 274 147 323 177
1458943200 258 149 349 284
1458936000 257 149 349 284
1458928800 236 142 309 168
1458921600 228 148 291 175
1458914400 189 147 251 170
1458907200 167 148 207 183
1458900000 155 146 207 171
1458892800 167 139 242 177
1458885600 190 148 248 196
1458878400 236 144 353 177
1458871200 269 149 346 170
1458864000 333 219 665 767
1458856800 1872 10477 18533 156558
1458849600 676 1397 1893 6412
1458842400 2059 888 29614 5054
1458835200 879 1390 10034 61729
1458828000 719 3597 3950 61729
1458820800 222 158 472 493
1458813600 147 115 182 139
1458806400 151 117 173 150
1458799200 175 127 227 183
1458792000 250 132 418 401
1458784800 308 118 346 146
1458777600 451 314 934 990
1458770400 913 1580 6558 8555
1458763200 8200 1545 178265 9626
1458756000 1163 10437 7072 140468
1458748800 1430 6930 9876 68002
1458741600 795 2031 3084 24808
1458734400 217 138 508 652
1458727200 154 112 186 129
1458720000 152 113 172 128
1458712800 156 112 184 140
1458705600 224 112 289 129
1458698400 272 118 331 152
1458691200 289 145 367 229
1458684000 6531 5429 105791 24159
1458676800 8993 13866 55684 94736
1458669600 4875 11339 38961 91601
1458662400 1916 14183 7985 93471
1458655200 1112 6697 7938 123238
1458648000 262 232 897 769
1458640800 175 199 208 281
1458633600 185 204 221 313
1458626400 185 198 214 498
1458619200 205 190 233 272
1458612000 237 196 287 271
1458604800 282 244 380 760
1458597600 872 1754 3633 5583
1458590400 1676 4820 13741 139984
1458583200 15515 12850 175633 139984
1458576000 6404 5048 84120 85477
1458568800 19632 333902 104486 2109958
1458561600 291 336 813 1538
1458554400 170 134 220 201
1458547200 185 134 254 198
1458540000 184 122 225 179
1458532800 207 121 260 154
1458525600 179 132 295 218
1458518400 30 130 57 169
1458511200 31 114 61 162
1458504000 49 117 100 165
1458496800 48 116 90 165
1458489600 48 121 118 193
1458482400 48 120 75 155
1458475200 50 120 99 154
1458468000 43 117 84 160
1458460800 33 118 106 171
1458453600 89 748 1407 14807
1458446400 33 121 103 292
1458439200 0 0 0 0
1458432000 0 0 0 0
1458424800 0 0 0 0
1458417600 0 0 0 0
1458410400 0 0 0 0
1458403200 0 0 0 0
1458396000 0 0 0 0
1458388800 0 0 0 0
1458381600 0 0 0 0
1458374400 0 0 0 0
1458367200 0 0 0 0
1458360000 0 0 0 0
1458352800 0 0 0 0
1458345600 0 0 0 0
1458338400 0 0 0 0
1458331200 0 0 0 0
1458324000 0 0 0 0
1458316800 0 0 0 0
1458309600 0 0 0 0
1458302400 0 0 0 0
1458295200 0 0 0 0
1458288000 0 0 0 0
1458280800 0 0 0 0
1458273600 0 0 0 0
1458266400 0 0 0 0
1458259200 0 0 0 0
1458252000 0 0 0 0
1458244800 0 0 0 0
1458237600 0 0 0 0
1458230400 0 0 0 0
1458223200 0 0 0 0
1458216000 0 0 0 0
1458208800 0 0 0 0
1458201600 0 0 0 0
1458194400 0 0 0 0
1458187200 0 0 0 0
1458180000 0 0 0 0
1458172800 0 0 0 0
1458165600 0 0 0 0
1458158400 0 0 0 0
1458151200 0 0 0 0
1458144000 0 0 0 0
1458136800 0 0 0 0
1458129600 0 0 0 0
1458122400 0 0 0 0
1458115200 0 0 0 0
1458108000 0 0 0 0
1458100800 0 0 0 0
1458093600 0 0 0 0
1458086400 0 0 0 0
1458079200 0 0 0 0
1458072000 0 0 0 0
1458064800 0 0 0 0
1458057600 0 0 0 0
1458050400 0 0 0 0
1458043200 0 0 0 0
1458036000 0 0 0 0
1458028800 0 0 0 0
1458021600 0 0 0 0
1458014400 0 0 0 0
1458007200 0 0 0 0
1458000000 0 0 0 0
1457992800 0 0 0 0
1457985600 0 0 0 0
1457978400 0 0 0 0
1457971200 0 0 0 0
1457964000 0 0 0 0
1457956800 0 0 0 0
1457949600 0 0 0 0
1457942400 0 0 0 0
1457935200 0 0 0 0
1457928000 0 0 0 0
1457920800 0 0 0 0
1457913600 0 0 0 0
1457906400 0 0 0 0
1457899200 0 0 0 0
1457892000 0 0 0 0
1457884800 0 0 0 0
1457877600 0 0 0 0
1457870400 0 0 0 0
1457863200 0 0 0 0
1457856000 0 0 0 0
1457848800 0 0 0 0
1457841600 0 0 0 0
1457834400 0 0 0 0
1457827200 0 0 0 0
1457820000 0 0 0 0
1457812800 0 0 0 0
1457805600 0 0 0 0
1457798400 0 0 0 0
1457791200 0 0 0 0
1457784000 0 0 0 0
1457776800 0 0 0 0
1457769600 0 0 0 0
1457762400 0 0 0 0
1457755200 0 0 0 0
1457748000 0 0 0 0
1457740800 0 0 0 0
1457733600 0 0 0 0
1457726400 0 0 0 0
1457719200 0 0 0 0
1457712000 0 0 0 0
1457704800 0 0 0 0
1457697600 0 0 0 0
1457690400 0 0 0 0
1457683200 0 0 0 0
1457676000 0 0 0 0
1457668800 0 0 0 0
1457661600 0 0 0 0
1457654400 0 0 0 0
1457647200 0 0 0 0
1457640000 0 0 0 0
1457632800 0 0 0 0
1457625600 0 0 0 0
1457618400 0 0 0 0
1457611200 0 0 0 0
1457604000 0 0 0 0
1457596800 0 0 0 0
1457589600 0 0 0 0
1457582400 0 0 0 0
1457575200 0 0 0 0
1457568000 0 0 0 0
1457560800 0 0 0 0
1457553600 0 0 0 0
1457546400 0 0 0 0
1457539200 0 0 0 0
1457532000 0 0 0 0
1457524800 0 0 0 0
1457517600 0 0 0 0
1457510400 0 0 0 0
1457503200 0 0 0 0
1457496000 0 0 0 0
1457488800 0 0 0 0
1457481600 0 0 0 0
1457474400 0 0 0 0
1457467200 0 0 0 0
1457460000 0 0 0 0
1457452800 0 0 0 0
1457445600 0 0 0 0
1457438400 0 0 0 0
1457431200 0 0 0 0
1457424000 0 0 0 0
1457416800 0 0 0 0
1457409600 0 0 0 0
1457402400 0 0 0 0
1457395200 0 0 0 0
1457388000 0 0 0 0
1457380800 0 0 0 0
1457373600 0 0 0 0
1457366400 0 0 0 0
1457359200 0 0 0 0
1457352000 0 0 0 0
1457344800 0 0 0 0
1457337600 0 0 0 0
1457330400 0 0 0 0
1457323200 0 0 0 0
1457316000 0 0 0 0
1457308800 0 0 0 0
1457301600 0 0 0 0
1457294400 0 0 0 0
1457287200 0 0 0 0
1457280000 0 0 0 0
1457272800 0 0 0 0
1457265600 0 0 0 0
1457258400 0 0 0 0
1457251200 0 0 0 0
1457244000 0 0 0 0
1457236800 0 0 0 0
1457229600 0 0 0 0
1457222400 0 0 0 0
1457215200 0 0 0 0
1457208000 0 0 0 0
1457200800 0 0 0 0
1457193600 0 0 0 0
1457186400 0 0 0 0
1457179200 0 0 0 0
1457172000 0 0 0 0
1457164800 0 0 0 0
1457157600 0 0 0 0
1457150400 0 0 0 0
1457143200 0 0 0 0
1457136000 0 0 0 0
1457128800 0 0 0 0
1457121600 0 0 0 0
1457114400 0 0 0 0
1457107200 0 0 0 0
1457100000 0 0 0 0
1457092800 0 0 0 0
1457085600 0 0 0 0
1457078400 0 0 0 0
1457071200 0 0 0 0
1457064000 0 0 0 0
1457056800 0 0 0 0
1457049600 0 0 0 0
1457042400 0 0 0 0
1457035200 0 0 0 0
1457028000 0 0 0 0
1457020800 0 0 0 0
1457013600 0 0 0 0
1457006400 0 0 0 0
1456999200 0 0 0 0
1456992000 0 0 0 0
1456984800 0 0 0 0
1456977600 0 0 0 0
1456970400 0 0 0 0
1456963200 0 0 0 0
1456956000 0 0 0 0
1456948800 0 0 0 0
1456941600 0 0 0 0
1456934400 0 0 0 0
1456927200 0 0 0 0
1456920000 0 0 0 0
1456912800 0 0 0 0
1456905600 0 0 0 0
1456898400 0 0 0 0
1456891200 0 0 0 0
1456884000 0 0 0 0
1456876800 0 0 0 0
1456869600 0 0 0 0
1456862400 0 0 0 0
1456855200 0 0 0 0
1456848000 0 0 0 0
1456840800 0 0 0 0
1456833600 0 0 0 0
1456826400 0 0 0 0
1456819200 0 0 0 0
1456812000 0 0 0 0
1456804800 0 0 0 0
1456797600 0 0 0 0
1456790400 0 0 0 0
1456783200 0 0 0 0
1456776000 0 0 0 0
1456768800 0 0 0 0
1456761600 0 0 0 0
1456754400 0 0 0 0
1456747200 0 0 0 0
1456740000 0 0 0 0
1456732800 0 0 0 0
1456725600 0 0 0 0
1456718400 0 0 0 0
1456711200 0 0 0 0
1456704000 0 0 0 0
1456696800 0 0 0 0
1456689600 0 0 0 0
1456682400 0 0 0 0
1456675200 0 0 0 0
1456668000 0 0 0 0
1456660800 0 0 0 0
1456653600 0 0 0 0
1456646400 0 0 0 0
1456639200 0 0 0 0
1456632000 0 0 0 0
1456624800 0 0 0 0
1456617600 0 0 0 0
1456610400 0 0 0 0
1456603200 0 0 0 0
1456596000 0 0 0 0
1456588800 0 0 0 0
1456581600 0 0 0 0
1456574400 0 0 0 0
1456567200 0 0 0 0
1456560000 0 0 0 0
1456552800 0 0 0 0
1456545600 0 0 0 0
1456538400 0 0 0 0
1456531200 0 0 0 0
1456524000 0 0 0 0
1456516800 0 0 0 0
1456509600 0 0 0 0
1456502400 0 0 0 0
1456495200 0 0 0 0
1456488000 0 0 0 0
1456480800 0 0 0 0
1456473600 0 0 0 0
1456466400 0 0 0 0
1456459200 0 0 0 0
1456452000 0 0 0 0
1456444800 0 0 0 0
1456437600 0 0 0 0
1456430400 0 0 0 0
1456423200 0 0 0 0
1456416000 0 0 0 0
1456408800 0 0 0 0
1456401600 0 0 0 0
1456394400 0 0 0 0
1456387200 0 0 0 0
1456380000 0 0 0 0
1456372800 0 0 0 0
1456365600 0 0 0 0
1456358400 0 0 0 0
1456351200 0 0 0 0
1456344000 0 0 0 0
1456336800 0 0 0 0
1456329600 0 0 0 0
1456322400 0 0 0 0
1456315200 0 0 0 0
1456308000 0 0 0 0
1456300800 0 0 0 0
1456293600 0 0 0 0
1456286400 0 0 0 0
1456279200 0 0 0 0
1456272000 0 0 0 0
1456264800 0 0 0 0
1456257600 0 0 0 0
1456250400 0 0 0 0
1456243200 0 0 0 0
1456236000 0 0 0 0
1456228800 0 0 0 0
1456221600 0 0 0 0
1456214400 0 0 0 0
1456207200 0 0 0 0
1456200000 0 0 0 0
1456192800 0 0 0 0
1456185600 0 0 0 0
1456178400 0 0 0 0
1456171200 0 0 0 0
1456164000 0 0 0 0
1456156800 0 0 0 0
1456149600 0 0 0 0
1456142400 0 0 0 0
1456135200 0 0 0 0
1456128000 0 0 0 0
1456120800 0 0 0 0
1456113600 0 0 0 0
1456106400 0 0 0 0
1456099200 0 0 0 0
1456092000 0 0 0 0
1456084800 0 0 0 0
1456077600 0 0 0 0
1456070400 0 0 0 0
1456063200 0 0 0 0
1456056000 0 0 0 0
1456048800 0 0 0 0
1456041600 0 0 0 0
1456034400 0 0 0 0
1456027200 0 0 0 0
1456020000 0 0 0 0
1456012800 0 0 0 0
1456005600 0 0 0 0
1455998400 0 0 0 0
1455991200 0 0 0 0
1455984000 0 0 0 0
1455976800 0 0 0 0
1455969600 0 0 0 0
1455962400 0 0 0 0
1455955200 0 0 0 0
1455948000 0 0 0 0
1455940800 0 0 0 0
1455933600 0 0 0 0
1455926400 0 0 0 0
1455919200 0 0 0 0
1455912000 0 0 0 0
1455904800 0 0 0 0
1455897600 0 0 0 0
1455890400 0 0 0 0
1455883200 0 0 0 0
1455876000 0 0 0 0
1455868800 0 0 0 0
1455861600 0 0 0 0
1455854400 0 0 0 0
1455847200 0 0 0 0
1455840000 0 0 0 0
1455832800 0 0 0 0
1455825600 0 0 0 0
1455818400 0 0 0 0
1455811200 0 0 0 0
1455804000 0 0 0 0
1455796800 0 0 0 0
1455789600 0 0 0 0
1455782400 0 0 0 0
1455775200 0 0 0 0
1455768000 0 0 0 0
1455760800 0 0 0 0
1455753600 0 0 0 0
1455746400 0 0 0 0
1455739200 0 0 0 0
1455732000 0 0 0 0
1455724800 0 0 0 0
1455717600 0 0 0 0
1455710400 0 0 0 0
1455703200 0 0 0 0
1455696000 0 0 0 0
1455688800 0 0 0 0
1455681600 0 0 0 0
1455674400 0 0 0 0
1455667200 0 0 0 0
1455660000 0 0 0 0
1455652800 0 0 0 0
1455645600 0 0 0 0
1455638400 0 0 0 0
1455631200 0 0 0 0
1455624000 0 0 0 0
1455616800 0 0 0 0
1455609600 0 0 0 0
1455602400 0 0 0 0
1455595200 0 0 0 0
1455588000 0 0 0 0
1455580800 0 0 0 0
1455573600 0 0 0 0
1455566400 0 0 0 0
1455559200 0 0 0 0
1455552000 0 0 0 0
1455544800 0 0 0 0
1455537600 0 0 0 0
1455530400 0 0 0 0
1455523200 0 0 0 0
1455516000 0 0 0 0
1455508800 0 0 0 0
1455501600 0 0 0 0
1455494400 0 0 0 0
1455487200 0 0 0 0
1455480000 0 0 0 0
1455472800 0 0 0 0
1455465600 0 0 0 0
1455458400 0 0 0 0
1455451200 0 0 0 0
1455444000 0 0 0 0
1455436800 0 0 0 0
1455429600 0 0 0 0
1455422400 0 0 0 0
1455415200 0 0 0 0
1455408000 0 0 0 0
1455400800 0 0 0 0
1455393600 0 0 0 0
1455386400 0 0 0 0
1455379200 0 0 0 0
1455372000 0 0 0 0
1455364800 0 0 0 0
1455357600 0 0 0 0
1455350400 0 0 0 0
1455343200 0 0 0 0
1455336000 0 0 0 0
1455328800 0 0 0 0
1455321600 0 0 0 0
1455314400 0 0 0 0
1455307200 0 0 0 0
1455300000 0 0 0 0
1455292800 0 0 0 0
1455285600 0 0 0 0
1455278400 0 0 0 0
1455271200 0 0 0 0
1455264000 0 0 0 0
1455256800 0 0 0 0
1455249600 0 0 0 0
1455242400 0 0 0 0
1455235200 0 0 0 0
1455228000 0 0 0 0
1455220800 0 0 0 0
1455213600 0 0 0 0
1455206400 0 0 0 0
1455199200 0 0 0 0
1455192000 0 0 0 0
1455184800 0 0 0 0
1455177600 0 0 0 0
1455170400 0 0 0 0
1455163200 0 0 0 0
1455156000 0 0 0 0
1455148800 0 0 0 0
1455141600 0 0 0 0
1455134400 0 0 0 0
1455127200 0 0 0 0
1455120000 0 0 0 0
1455112800 0 0 0 0
1455105600 0 0 0 0
1455098400 0 0 0 0
1455091200 0 0 0 0
1455084000 0 0 0 0
1455076800 0 0 0 0
1455069600 0 0 0 0
1455062400 0 0 0 0
1455055200 0 0 0 0
1455048000 0 0 0 0
1455040800 0 0 0 0
1455033600 0 0 0 0
1455026400 0 0 0 0
1455019200 0 0 0 0
1454976000 0 0 0 0
1454889600 0 0 0 0
1454803200 0 0 0 0
1454716800 0 0 0 0
1454630400 0 0 0 0
1454544000 0 0 0 0
1454457600 0 0 0 0
1454371200 0 0 0 0
1454284800 0 0 0 0
1454198400 0 0 0 0
1454112000 0 0 0 0
1454025600 0 0 0 0
1453939200 0 0 0 0
1453852800 0 0 0 0
1453766400 0 0 0 0
1453680000 0 0 0 0
1453593600 0 0 0 0
1453507200 0 0 0 0
1453420800 0 0 0 0
1453334400 0 0 0 0
1453248000 0 0 0 0
1453161600 0 0 0 0
1453075200 0 0 0 0
1452988800 0 0 0 0
1452902400 0 0 0 0
1452816000 0 0 0 0
1452729600 0 0 0 0
1452643200 0 0 0 0
1452556800 0 0 0 0
1452470400 0 0 0 0
1452384000 0 0 0 0
1452297600 0 0 0 0
1452211200 0 0 0 0
1452124800 0 0 0 0
1452038400 0 0 0 0
1451952000 0 0 0 0
1451865600 0 0 0 0
1451779200 0 0 0 0
1451692800 0 0 0 0
1451606400 0 0 0 0
1451520000 0 0 0 0
1451433600 0 0 0 0
1451347200 0 0 0 0
1451260800 0 0 0 0
1451174400 0 0 0 0
1451088000 0 0 0 0
1451001600 0 0 0 0
1450915200 0 0 0 0
1450828800 0 0 0 0
1450742400 0 0 0 0
1450656000 0 0 0 0
1450569600 0 0 0 0
1450483200 0 0 0 0
1450396800 0 0 0 0
1450310400 0 0 0 0
1450224000 0 0 0 0
1450137600 0 0 0 0
1450051200 0 0 0 0
1449964800 0 0 0 0
1449878400 0 0 0 0
1449792000 0 0 0 0
1449705600 0 0 0 0
1449619200 0 0 0 0
1449532800 0 0 0 0
1449446400 0 0 0 0
1449360000 0 0 0 0
1449273600 0 0 0 0
1449187200 0 0 0 0
1449100800 0 0 0 0
1449014400 0 0 0 0
1448928000 0 0 0 0
1448841600 0 0 0 0
1448755200 0 0 0 0
1448668800 0 0 0 0
1448582400 0 0 0 0
1448496000 0 0 0 0
1448409600 0 0 0 0
1448323200 0 0 0 0
1448236800 0 0 0 0
1448150400 0 0 0 0
1448064000 0 0 0 0
1447977600 0 0 0 0
1447891200 0 0 0 0
1447804800 0 0 0 0
1447718400 0 0 0 0
1447632000 0 0 0 0
1447545600 0 0 0 0
1447459200 0 0 0 0
1447372800 0 0 0 0
1447286400 0 0 0 0
1447200000 0 0 0 0
1447113600 0 0 0 0
1447027200 0 0 0 0
1446940800 0 0 0 0
1446854400 0 0 0 0
1446768000 0 0 0 0
1446681600 0 0 0 0
1446595200 0 0 0 0
1446508800 0 0 0 0
1446422400 0 0 0 0
1446336000 0 0 0 0
1446249600 0 0 0 0
1446163200 0 0 0 0
1446076800 0 0 0 0
1445990400 0 0 0 0
1445904000 0 0 0 0
1445817600 0 0 0 0
1445731200 0 0 0 0
1445644800 0 0 0 0
1445558400 0 0 0 0
1445472000 0 0 0 0
1445385600 0 0 0 0
1445299200 0 0 0 0
1445212800 0 0 0 0
1445126400 0 0 0 0
1445040000 0 0 0 0
1444953600 0 0 0 0
1444867200 0 0 0 0
1444780800 0 0 0 0
1444694400 0 0 0 0
1444608000 0 0 0 0
1444521600 0 0 0 0
1444435200 0 0 0 0
1444348800 0 0 0 0
1444262400 0 0 0 0
1444176000 0 0 0 0
1444089600 0 0 0 0
1444003200 0 0 0 0
1443916800 0 0 0 0
1443830400 0 0 0 0
1443744000 0 0 0 0
1443657600 0 0 0 0
1443571200 0 0 0 0
1443484800 0 0 0 0
1443398400 0 0 0 0
1443312000 0 0 0 0
1443225600 0 0 0 0
1443139200 0 0 0 0
1443052800 0 0 0 0
1442966400 0 0 0 0
1442880000 0 0 0 0
1442793600 0 0 0 0
1442707200 0 0 0 0
1442620800 0 0 0 0
1442534400 0 0 0 0
1442448000 0 0 0 0
1442361600 0 0 0 0
1442275200 0 0 0 0
1442188800 0 0 0 0
1442102400 0 0 0 0
1442016000 0 0 0 0
1441929600 0 0 0 0
1441843200 0 0 0 0
1441756800 0 0 0 0
1441670400 0 0 0 0
1441584000 0 0 0 0
1441497600 0 0 0 0
1441411200 0 0 0 0
1441324800 0 0 0 0
1441238400 0 0 0 0
1441152000 0 0 0 0
1441065600 0 0 0 0
1440979200 0 0 0 0
1440892800 0 0 0 0
1440806400 0 0 0 0
1440720000 0 0 0 0
1440633600 0 0 0 0
1440547200 0 0 0 0
1440460800 0 0 0 0
1440374400 0 0 0 0
1440288000 0 0 0 0
1440201600 0 0 0 0
1440115200 0 0 0 0
1440028800 0 0 0 0
1439942400 0 0 0 0
1439856000 0 0 0 0
1439769600 0 0 0 0
1439683200 0 0 0 0
1439596800 0 0 0 0
1439510400 0 0 0 0
1439424000 0 0 0 0
1439337600 0 0 0 0
1439251200 0 0 0 0
1439164800 0 0 0 0
1439078400 0 0 0 0
1438992000 0 0 0 0
1438905600 0 0 0 0
1438819200 0 0 0 0
1438732800 0 0 0 0
1438646400 0 0 0 0
1438560000 0 0 0 0
1438473600 0 0 0 0
1438387200 0 0 0 0
1438300800 0 0 0 0
1438214400 0 0 0 0
1438128000 0 0 0 0
1438041600 0 0 0 0
1437955200 0 0 0 0
1437868800 0 0 0 0
1437782400 0 0 0 0
1437696000 0 0 0 0
1437609600 0 0 0 0
1437523200 0 0 0 0
1437436800 0 0 0 0
1437350400 0 0 0 0
1437264000 0 0 0 0
1437177600 0 0 0 0
1437091200 0 0 0 0
1437004800 0 0 0 0
1436918400 0 0 0 0
1436832000 0 0 0 0
1436745600 0 0 0 0
1436659200 0 0 0 0
1436572800 0 0 0 0
1436486400 0 0 0 0
1436400000 0 0 0 0
1436313600 0 0 0 0
1436227200 0 0 0 0
1436140800 0 0 0 0
1436054400 0 0 0 0
1435968000 0 0 0 0
1435881600 0 0 0 0
1435795200 0 0 0 0
1435708800 0 0 0 0
1435622400 0 0 0 0
1435536000 0 0 0 0
1435449600 0 0 0 0
1435363200 0 0 0 0
1435276800 0 0 0 0
1435190400 0 0 0 0
1435104000 0 0 0 0
1435017600 0 0 0 0
1434931200 0 0 0 0
1434844800 0 0 0 0
1434758400 0 0 0 0
1434672000 0 0 0 0
1434585600 0 0 0 0
1434499200 0 0 0 0
1434412800 0 0 0 0
1434326400 0 0 0 0
1434240000 0 0 0 0
1434153600 0 0 0 0
1434067200 0 0 0 0
1433980800 0 0 0 0
1433894400 0 0 0 0
1433808000 0 0 0 0
1433721600 0 0 0 0
1433635200 0 0 0 0
1433548800 0 0 0 0
1433462400 0 0 0 0
1433376000 0 0 0 0
1433289600 0 0 0 0
1433203200 0 0 0 0
1433116800 0 0 0 0
1433030400 0 0 0 0
1432944000 0 0 0 0
1432857600 0 0 0 0
1432771200 0 0 0 0
1432684800 0 0 0 0
1432598400 0 0 0 0
1432512000 0 0 0 0
1432425600 0 0 0 0
1432339200 0 0 0 0
1432252800 0 0 0 0
1432166400 0 0 0 0
1432080000 0 0 0 0
1431993600 0 0 0 0
1431907200 0 0 0 0
1431820800 0 0 0 0
1431734400 0 0 0 0
1431648000 0 0 0 0
1431561600 0 0 0 0
1431475200 0 0 0 0
1431388800 0 0 0 0
1431302400 0 0 0 0
1431216000 0 0 0 0
1431129600 0 0 0 0
1431043200 0 0 0 0
1430956800 0 0 0 0
1430870400 0 0 0 0
1430784000 0 0 0 0
1430697600 0 0 0 0
1430611200 0 0 0 0
1430524800 0 0 0 0
1430438400 0 0 0 0
1430352000 0 0 0 0
1430265600 0 0 0 0
1430179200 0 0 0 0
1430092800 0 0 0 0
1430006400 0 0 0 0
1429920000 0 0 0 0
1429833600 0 0 0 0
1429747200 0 0 0 0
1429660800 0 0 0 0
1429574400 0 0 0 0
1429488000 0 0 0 0
1429401600 0 0 0 0
1429315200 0 0 0 0
1429228800 0 0 0 0
1429142400 0 0 0 0
1429056000 0 0 0 0
1428969600 0 0 0 0
1428883200 0 0 0 0
1428796800 0 0 0 0
1428710400 0 0 0 0
1428624000 0 0 0 0
1428537600 0 0 0 0
1428451200 0 0 0 0
1428364800 0 0 0 0
1428278400 0 0 0 0
1428192000 0 0 0 0
1428105600 0 0 0 0
1428019200 0 0 0 0
1427932800 0 0 0 0
1427846400 0 0 0 0
1427760000 0 0 0 0
1427673600 0 0 0 0
1427587200 0 0 0 0
1427500800 0 0 0 0
1427414400 0 0 0 0
1427328000 0 0 0 0
1427241600 0 0 0 0
1427155200 0 0 0 0
1427068800 0 0 0 0
1426982400 0 0 0 0
1426896000 0 0 0 0
1426809600 0 0 0 0
1426723200 0 0 0 0
1426636800 0 0 0 0
1426550400 0 0 0 0
1426464000 0 0 0 0
1426377600 0 0 0 0
1426291200 0 0 0 0
1426204800 0 0 0 0
1426118400 0 0 0 0
1426032000 0 0 0 0
1425945600 0 0 0 0
1425859200 0 0 0 0
1425772800 0 0 0 0
1425686400 0 0 0 0
1425600000 0 0 0 0
1425513600 0 0 0 0
1425427200 0 0 0 0
1425340800 0 0 0 0
1425254400 0 0 0 0
1425168000 0 0 0 0
1425081600 0 0 0 0
1424995200 0 0 0 0
1424908800 0 0 0 0
1424822400 0 0 0 0
1424736000 0 0 0 0
1424649600 0 0 0 0
1424563200 0 0 0 0
1424476800 0 0 0 0
1424390400 0 0 0 0
1424304000 0 0 0 0
1424217600 0 0 0 0
1424131200 0 0 0 0
1424044800 0 0 0 0
1423958400 0 0 0 0
1423872000 0 0 0 0
1423785600 0 0 0 0
1423699200 0 0 0 0
1423612800 0 0 0 0
1423526400 0 0 0 0
1423440000 0 0 0 0
1423353600 0 0 0 0
1423267200 0 0 0 0
1423180800 0 0 0 0
1423094400 0 0 0 0
1423008000 0 0 0 0
1422921600 0 0 0 0
1422835200 0 0 0 0
1422748800 0 0 0 0
1422662400 0 0 0 0
1422576000 0 0 0 0
1422489600 0 0 0 0
1422403200 0 0 0 0
1422316800 0 0 0 0
1422230400 0 0 0 0
1422144000 0 0 0 0
1422057600 0 0 0 0
1421971200 0 0 0 0
1421884800 0 0 0 0
1421798400 0 0 0 0
1421712000 0 0 0 0
1421625600 0 0 0 0
1421539200 0 0 0 0
1421452800 0 0 0 0
1421366400 0 0 0 0
1421280000 0 0 0 0
1421193600 0 0 0 0
1421107200 0 0 0 0
1421020800 0 0 0 0
1420934400 0 0 0 0
1420848000 0 0 0 0
1420761600 0 0 0 0
1420675200 0 0 0 0
1420588800 0 0 0 0
1420502400 0 0 0 0
1420416000 0 0 0 0
1420329600 0 0 0 0
1420243200 0 0 0 0
1420156800 0 0 0 0
1420070400 0 0 0 0
1419984000 0 0 0 0
1419897600 0 0 0 0
1419811200 0 0 0 0
1419724800 0 0 0 0
1419638400 0 0 0 0
1419552000 0 0 0 0
1419465600 0 0 0 0
1419379200 0 0 0 0
1419292800 0 0 0 0
1419206400 0 0 0 0
1419120000 0 0 0 0
1419033600 0 0 0 0
1418947200 0 0 0 0
1418860800 0 0 0 0
1418774400 0 0 0 0
1418688000 0 0 0 0
1418601600 0 0 0 0
1418515200 0 0 0 0
1418428800 0 0 0 0
1418342400 0 0 0 0
1418256000 0 0 0 0
1418169600 0 0 0 0
1418083200 0 0 0 0
1417996800 0 0 0 0
1417910400 0 0 0 0
1417824000 0 0 0 0
1417737600 0 0 0 0
1417651200 0 0 0 0
1417564800 0 0 0 0
1417478400 0 0 0 0
1417392000 0 0 0 0
1417305600 0 0 0 0
1417219200 0 0 0 0
1417132800 0 0 0 0
1417046400 0 0 0 0
1416960000 0 0 0 0
1416873600 0 0 0 0
1416787200 0 0 0 0
1416700800 0 0 0 0
1416614400 0 0 0 0
1416528000 0 0 0 0
1416441600 0 0 0 0
1416355200 0 0 0 0
1416268800 0 0 0 0
1416182400 0 0 0 0
1416096000 0 0 0 0
1416009600 0 0 0 0
1415923200 0 0 0 0
1415836800 0 0 0 0
1415750400 0 0 0 0
1415664000 0 0 0 0
1415577600 0 0 0 0
1415491200 0 0 0 0
1415404800 0 0 0 0
1415318400 0 0 0 0
1415232000 0 0 0 0
1415145600 0 0 0 0
1415059200 0 0 0 0
1414972800 0 0 0 0
1414886400 0 0 0 0
1414800000 0 0 0 0
1414713600 0 0 0 0
1414627200 0 0 0 0
1414540800 0 0 0 0
1414454400 0 0 0 0
1414368000 0 0 0 0
1414281600 0 0 0 0
1414195200 0 0 0 0
1414108800 0 0 0 0
1414022400 0 0 0 0
1413936000 0 0 0 0
1413849600 0 0 0 0
1413763200 0 0 0 0
1413676800 0 0 0 0
1413590400 0 0 0 0
1413504000 0 0 0 0
1413417600 0 0 0 0
1413331200 0 0 0 0
1413244800 0 0 0 0
1413158400 0 0 0 0
1413072000 0 0 0 0
1412985600 0 0 0 0
1412899200 0 0 0 0
1412812800 0 0 0 0
1412726400 0 0 0 0
1412640000 0 0 0 0
1412553600 0 0 0 0
1412467200 0 0 0 0
1412380800 0 0 0 0
1412294400 0 0 0 0
1412208000 0 0 0 0
1412121600 0 0 0 0
1412035200 0 0 0 0
1411948800 0 0 0 0
1411862400 0 0 0 0
1411776000 0 0 0 0
1411689600 0 0 0 0
1411603200 0 0 0 0
1411516800 0 0 0 0
1411430400 0 0 0 0
1411344000 0 0 0 0
1411257600 0 0 0 0
1411171200 0 0 0 0
1411084800 0 0 0 0
1410998400 0 0 0 0
1410912000 0 0 0 0
1410825600 0 0 0 0
1410739200 0 0 0 0
1410652800 0 0 0 0
1410566400 0 0 0 0
1410480000 0 0 0 0
1410393600 0 0 0 0
1410307200 0 0 0 0
1410220800 0 0 0 0
1410134400 0 0 0 0
1410048000 0 0 0 0
1409961600 0 0 0 0
1409875200 0 0 0 0
1409788800 0 0 0 0
1409702400 0 0 0 0
1409616000 0 0 0 0
1409529600 0 0 0 0
1409443200 0 0 0 0
1409356800 0 0 0 0
1409270400 0 0 0 0
1409184000 0 0 0 0
1409097600 0 0 0 0
1409011200 0 0 0 0
1408924800 0 0 0 0
1408838400 0 0 0 0
1408752000 0 0 0 0
1408665600 0 0 0 0
1408579200 0 0 0 0
1408492800 0 0 0 0
1408406400 0 0 0 0
1408320000 0 0 0 0
1408233600 0 0 0 0
1408147200 0 0 0 0
1408060800 0 0 0 0
1407974400 0 0 0 0
1407888000 0 0 0 0
1407801600 0 0 0 0
1407715200 0 0 0 0
1407628800 0 0 0 0
1407542400 0 0 0 0
1407456000 0 0 0 0
1407369600 0 0 0 0
1407283200 0 0 0 0
1407196800 0 0 0 0
1407110400 0 0 0 0
1407024000 0 0 0 0
1406937600 0 0 0 0
1406851200 0 0 0 0
1406764800 0 0 0 0
1406678400 0 0 0 0
1406592000 0 0 0 0
1406505600 0 0 0 0
1406419200 0 0 0 0
1406332800 0 0 0 0
1406246400 0 0 0 0
1406160000 0 0 0 0
1406073600 0 0 0 0
1405987200 0 0 0 0
1405900800 0 0 0 0
1405814400 0 0 0 0
1405728000 0 0 0 0
1405641600 0 0 0 0
1405555200 0 0 0 0
1405468800 0 0 0 0
1405382400 0 0 0 0
1405296000 0 0 0 0
1405209600 0 0 0 0
1405123200 0 0 0 0
1405036800 0 0 0 0
1404950400 0 0 0 0
1404864000 0 0 0 0
1404777600 0 0 0 0
1404691200 0 0 0 0
1404604800 0 0 0 0
1404518400 0 0 0 0
1404432000 0 0 0 0
1404345600 0 0 0 0
1404259200 0 0 0 0
1404172800 0 0 0 0
1404086400 0 0 0 0
1404000000 0 0 0 0
1403913600 0 0 0 0
1403827200 0 0 0 0
1403740800 0 0 0 0
1403654400 0 0 0 0
1403568000 0 0 0 0
1403481600 0 0 0 0
1403395200 0 0 0 0
1403308800 0 0 0 0
1403222400 0 0 0 0
1403136000 0 0 0 0
1403049600 0 0 0 0
1402963200 0 0 0 0
1402876800 0 0 0 0
1402790400 0 0 0 0
1402704000 0 0 0 0
1402617600 0 0 0 0
1402531200 0 0 0 0
1402444800 0 0 0 0
1402358400 0 0 0 0
1402272000 0 0 0 0
1402185600 0 0 0 0
1402099200 0 0 0 0
1402012800 0 0 0 0
1401926400 0 0 0 0
1401840000 0 0 0 0
1401753600 0 0 0 0
1401667200 0 0 0 0
1401580800 0 0 0 0
1401494400 0 0 0 0
1401408000 0 0 0 0
1401321600 0 0 0 0
1401235200 0 0 0 0
1401148800 0 0 0 0
1401062400 0 0 0 0
1400976000 0 0 0 0
1400889600 0 0 0 0
1400803200 0 0 0 0
1400716800 0 0 0 0
1400630400 0 0 0 0
1400544000 0 0 0 0
1400457600 0 0 0 0
1400371200 0 0 0 0
1400284800 0 0 0 0
1400198400 0 0 0 0
1400112000 0 0 0 0
1400025600 0 0 0 0
1399939200 0 0 0 0
1399852800 0 0 0 0
1399766400 0 0 0 0
1399680000 0 0 0 0
1399593600 0 0 0 0
1399507200 0 0 0 0
1399420800 0 0 0 0
1399334400 0 0 0 0
1399248000 0 0 0 0
1399161600 0 0 0 0
1399075200 0 0 0 0
1398988800 0 0 0 0
1398902400 0 0 0 0
1398816000 0 0 0 0
1398729600 0 0 0 0
1398643200 0 0 0 0
1398556800 0 0 0 0
1398470400 0 0 0 0
1398384000 0 0 0 0
1398297600 0 0 0 0
1398211200 0 0 0 0
1398124800 0 0 0 0
1398038400 0 0 0 0
1397952000 0 0 0 0
1397865600 0 0 0 0
1397779200 0 0 0 0
1397692800 0 0 0 0
1397606400 0 0 0 0
1397520000 0 0 0 0
1397433600 0 0 0 0
1397347200 0 0 0 0
1397260800 0 0 0 0
1397174400 0 0 0 0
1397088000 0 0 0 0
1397001600 0 0 0 0
1396915200 0 0 0 0
1396828800 0 0 0 0
1396742400 0 0 0 0
1396656000 0 0 0 0
1396569600 0 0 0 0
1396483200 0 0 0 0
1396396800 0 0 0 0
1396310400 0 0 0 0
1396224000 0 0 0 0
1396137600 0 0 0 0
1396051200 0 0 0 0
1395964800 0 0 0 0
1395878400 0 0 0 0
1395792000 0 0 0 0
1395705600 0 0 0 0
1395619200 0 0 0 0
1395532800 0 0 0 0
1395446400 0 0 0 0
1395360000 0 0 0 0
1395273600 0 0 0 0
1395187200 0 0 0 0
1395100800 0 0 0 0
1395014400 0 0 0 0
1394928000 0 0 0 0
1394841600 0 0 0 0
1394755200 0 0 0 0
1394668800 0 0 0 0
1394582400 0 0 0 0
1394496000 0 0 0 0
1394409600 0 0 0 0
1394323200 0 0 0 0
1394236800 0 0 0 0
1394150400 0 0 0 0
1394064000 0 0 0 0
1393977600 0 0 0 0
1393891200 0 0 0 0
1393804800 0 0 0 0
1393718400 0 0 0 0
1393632000 0 0 0 0
1393545600 0 0 0 0
1393459200 0 0 0 0
1393372800 0 0 0 0
1393286400 0 0 0 0
1393200000 0 0 0 0
1393113600 0 0 0 0
1393027200 0 0 0 0
1392940800 0 0 0 0
1392854400 0 0 0 0
1392768000 0 0 0 0
1392681600 0 0 0 0
1392595200 0 0 0 0
1392508800 0 0 0 0
1392422400 0 0 0 0
1392336000 0 0 0 0
1392249600 0 0 0 0
1392163200 0 0 0 0
1392076800 0 0 0 0
1391990400 0 0 0 0
1391904000 0 0 0 0
1391817600 0 0 0 0
