1504297340 1549301332 12822589882
1504297340 3 899 3 899
1504297040 5 960 5 960
1504296900 33 1120 67 1304
1504296600 37 1254 67 1304
1504296300 3 1210 4 1225
1504296000 3 1201 4 1225
1504295700 3 1455 3 1773
1504295400 3 1457 4 1773
1504295100 41 1234 85 1392
1504294800 46 1473 85 1566
1504294500 3 1250 3 1566
1504294200 3 969 3 1054
1504293900 3 1031 3 1054
1504293600 3 1007 3 1011
1504293300 3 991 3 1011
1504293000 3 1043 3 1128
1504292700 3 1199 5 1281
1504292400 20 1267 39 1281
1504292100 138 1327 251 1413
1504291800 134 1251 251 1413
1504291500 3 1126 3 1190
1504291200 3 1180 3 1190
1504290900 3 1201 3 1239
1504290600 19 1231 39 1239
1504290300 22 1326 39 1445
1504290000 4 1338 4 1445
1504289700 3 1332 4 1462
1504289400 3 1407 3 1462
1504289100 3 1248 3 1347
1504288800 19 1101 39 1138
1504288500 22 1037 39 1059
1504288200 3 993 4 1014
1504287900 3 972 3 976
1504287600 3 1121 3 1288
1504287300 3 1226 3 1288
1504287000 19 1212 39 1273
1504286700 22 1332 39 1399
1504286400 3 1287 3 1399
1504286100 3 1149 3 1161
1504285800 3 1174 3 1217
1504285500 3 1179 5 1217
1504285200 20 1142 39 1147
1504284900 22 1127 39 1147
1504284600 3 1155 3 1211
1504284300 3 1272 3 1342
1504284000 3 1234 3 1342
1504283700 3 1170 4 1236
1504283400 20 1128 39 1236
1504283100 22 1028 39 1055
1504282800 3 1083 3 1117
1504282500 3 1126 3 1137
1504282200 3 1140 3 1144
1504281900 3 1175 3 1210
1504281600 19 1161 39 1210
1504281300 22 1215 39 1340
1504281000 3 1302 3 1340
1504280700 3 1192 3 1259
1504280400 3 1176 3 1245
1504280100 3 1190 3 1245
1504279800 20 1165 40 1208
1504279500 22 1208 40 1209
1504279200 3 1295 4 1391
1504278900 3 1431 4 1478
1504278600 3 1293 3 1478
1504278300 3 1151 5 1230
1504278000 20 1287 39 1353
1504277700 22 1274 39 1353
1504277400 3 1137 3 1184
1504277100 3 1181 3 1292
1504276800 3 1247 4 1292
1504276500 3 1092 4 1196
1504276200 19 1148 39 1344
1504275900 22 1223 39 1344
1504275600 3 1270 3 1482
1504275300 3 1632 3 1805
1504275000 3 1477 3 1805
1504274700 3 1078 4 1108
1504274400 1481 1305 3171 1604
1504274100 3390 1716 3641 1846
1504273800 3627 1650 3641 1846
1504273500 3619 1444 3626 1464
1504273200 2696 2824 3626 4359
1504272900 962 3158 1648 4359
1504272600 562 8331 999 15811
1504272300 617 9152 999 15811
1504272000 179 1327 181 1542
1504271700 178 1319 180 1586
1504271400 180 1620 180 1659
1504271100 180 1487 182 1659
1504270800 180 1061 182 1295
1504270500 178 855 180 920
1504270200 180 784 180 920
1504269900 180 810 180 1016
1504269600 179 810 180 1016
1504269300 176 810 178 1074
1504269000 176 985 178 1074
1504268700 178 736 180 885
1504268400 179 582 180 599
1504268100 179 597 181 599
1504267800 179 555 181 595
1504267500 178 555 180 606
1504267200 179 681 180 767
1504266900 178 683 180 767
1504266600 180 554 180 589
1504266300 180 507 180 514
1504266000 179 466 180 500
1504265700 179 467 179 510
1504265400 179 519 180 530
1504265100 180 475 180 530
1504264800 179 452 180 495
1504264500 179 492 179 495
1504264200 179 449 179 490
1504263900 180 465 182 536
1504263600 180 506 182 536
1504263300 178 458 180 474
1504263000 180 482 180 529
1504262700 179 499 180 529
1504262400 179 479 180 494
1504262100 180 519 180 548
1504261800 179 510 180 548
1504261500 179 468 180 469
1504261200 180 489 180 515
1504260900 179 502 180 515
1504260600 179 461 180 489
1504260300 179 470 180 516
1504260000 179 471 179 516
1504259700 179 431 180 444
1504259400 179 497 180 557
1504259100 178 482 180 557
1504258800 180 419 180 445
1504258500 179 480 180 521
1504258200 176 479 179 521
1504257900 176 444 180 457
1504257600 180 480 180 507
1504257300 179 475 180 507
1504257000 179 433 179 439
1504256700 179 462 181 502
1504256400 183 479 186 502
1504256100 180 449 186 453
1504255800 176 475 179 508
1504255500 179 468 180 508
1504255200 179 439 180 456
1504254900 178 454 180 456
1504254600 182 453 185 456
1504254300 179 485 185 519
1504254000 176 498 179 519
1504253700 179 477 180 482
1504253400 179 451 180 482
1504253100 179 423 180 430
1504252800 180 424 180 430
1504252500 180 446 180 477
1504252200 179 458 180 477
1504251900 178 427 179 437
1504251600 181 441 185 471
1504251300 182 454 185 471
1504251000 177 443 180 451
1504250700 176 471 180 495
1504250400 181 498 184 502
1504250100 179 471 184 502
1504249800 176 446 178 458
1504249500 182 441 187 458
1504249200 180 436 187 453
1504248900 176 484 180 519
1504248600 179 485 180 519
1504248300 179 441 179 447
1504248000 179 457 179 482
1504247700 181 450 185 482
1504247400 179 430 185 449
1504247100 175 468 178 490
1504246800 179 483 181 490
1504246500 180 486 181 497
1504246200 179 478 180 497
1504245900 179 449 180 458
1504245600 179 462 180 489
1504245300 176 473 179 489
1504245000 178 468 184 483
1504244700 179 466 184 483
1504244400 178 456 184 468
1504244100 182 456 184 468
1504243800 180 478 180 517
1504243500 180 499 180 517
1504243200 176 482 180 486
1504242900 178 485 185 486
1504242600 181 476 185 484
1504242300 179 454 181 467
1504242000 180 461 181 484
1504241700 179 483 180 484
1504241400 179 467 179 482
1504241100 176 449 179 451
1504240800 179 436 185 447
1504240500 182 439 185 455
1504240200 179 490 180 531
1504239900 179 495 180 531
1504239600 176 455 179 457
1504239300 179 517 186 585
1504239000 182 505 186 585
1504238700 179 423 180 433
1504238400 179 497 180 571
1504238100 179 488 180 571
1504237800 180 445 180 503
1504237500 179 490 180 503
1504237200 179 450 179 477
1504236900 179 436 180 456
1504236600 179 479 180 506
1504236300 179 505 180 506
1504236000 178 493 180 505
1504235700 176 465 177 480
1504235400 177 454 180 460
1504235100 180 467 181 475
1504234800 180 441 181 475
1504234500 176 432 179 466
1504234200 179 493 185 525
1504233900 182 472 185 525
1504233600 179 444 180 480
1504233300 178 487 180 497
1504233000 179 453 180 497
1504232700 179 434 180 469
1504232400 179 497 180 530
1504232100 179 489 180 530
1504231800 179 435 180 443
1504231500 179 458 180 494
1504231200 179 462 180 494
1504230900 179 424 180 427
1504230600 179 475 180 538
1504230300 178 493 180 538
1504230000 180 425 180 443
1504229700 185 509 191 626
1504229400 179 522 191 626
1504229100 173 430 180 460
1504228800 179 475 180 492
1504228500 178 453 180 492
1504228200 179 433 180 462
1504227900 185 491 193 525
1504227600 180 468 193 525
1504227300 170 428 174 457
1504227000 178 490 184 528
1504226700 181 491 184 528
1504226400 179 460 180 471
1504226100 179 480 180 492
1504225800 178 471 179 492
1504225500 178 474 180 505
1504225200 179 504 180 505
1504224900 178 489 179 503
1504224600 176 485 178 497
1504224300 177 487 180 497
1504224000 179 472 180 477
1504223700 178 491 180 519
1504223400 179 483 180 519
1504223100 178 463 180 487
1504222800 179 502 180 520
1504222500 179 472 180 520
1504222200 179 460 180 509
1504221900 178 498 180 509
1504221600 179 462 180 486
1504221300 179 435 180 436
1504221000 179 469 180 508
1504220700 179 486 181 508
1504220400 179 461 181 462
1504220100 178 486 180 515
1504219800 179 471 180 515
1504219500 179 439 180 459
1504219200 180 470 180 483
1504218900 179 480 180 483
1504218600 179 492 179 510
1504218300 179 510 181 512
1504218000 179 482 181 512
1504217700 178 479 179 514
1504217400 179 469 180 514
1504217100 180 456 180 500
1504216800 179 485 180 500
1504216500 179 445 179 470
1504216200 179 498 179 590
1504215900 179 639 180 695
1504215600 180 629 180 695
1504215300 180 572 180 593
1504215000 179 624 180 661
1504214700 178 628 180 661
1504214400 181 674 183 770
1504214100 181 748 183 770
1504213800 178 783 180 852
1504213500 176 947 178 1056
1504213200 178 1066 180 1078
1504212900 180 1219 180 1381
1504212600 179 1355 180 1381
1504212300 181 1209 185 1326
1504212000 182 1062 185 1077
1504211700 179 1196 180 1365
1504211400 179 1404 180 1448
1504211100 180 1347 183 1448
1504210800 180 1237 183 1241
1504210500 178 1392 180 1565
1504210200 180 1424 180 1565
1504209900 180 1220 180 1264
1504209600 180 1366 181 1590
1504209300 180 1397 181 1590
1504209000 181 1380 184 1607
1504208700 182 1580 184 1607
1504208400 180 1400 180 1551
1504208100 180 1289 180 1356
1504207800 180 1302 180 1356
1504207500 181 1403 184 1588
1504207200 182 1551 184 1588
1504206900 179 1366 180 1509
1504206600 179 1267 180 1337
1504206300 180 1451 181 1580
1504206000 180 1504 181 1580
1504205700 180 1356 180 1419
1504205400 179 1346 180 1415
1504205100 179 1534 180 1672
1504204800 179 1469 180 1672
1504204500 179 1254 180 1269
1504204200 179 1425 180 1601
1504203900 179 1564 180 1601
1504203600 179 1537 180 1554
1504203300 177 1558 178 1563
1504203000 178 1534 181 1563
1504202700 180 1520 181 1543
1504202400 181 1536 183 1543
1504202100 181 1366 183 1529
1504201800 179 1228 180 1280
1504201500 179 1295 180 1313
1504201200 180 1316 180 1321
1504200900 180 1352 180 1389
1504200600 180 1399 181 1411
1504200300 180 1323 181 1411
1504200000 182 1268 185 1318
1504199700 182 1296 185 1318
1504199400 180 1272 180 1274
1504199100 180 1426 181 1600
1504198800 181 1514 181 1600
1504198500 180 1405 181 1416
1504198200 180 1336 180 1394
1504197900 180 1539 180 1841
1504197600 180 1622 180 1841
1504197300 180 1336 180 1376
1504197000 180 1468 180 1669
1504196700 180 1552 180 1669
1504196400 181 1403 184 1419
1504196100 182 1363 184 1385
1504195800 180 1427 181 1530
1504195500 180 1376 181 1530
1504195200 179 1336 180 1488
1504194900 179 1647 180 1830
1504194600 179 1672 180 1830
1504194300 179 1583 180 1685
1504194000 179 1652 180 1685
1504193700 179 1406 180 1616
1504193400 296 1413 430 1695
1504193100 305 1566 430 1695
1504192800 170 1318 180 1419
1504192500 689 1391 1263 1600
1504192200 673 1492 1263 1600
1504191900 11 1474 15 1591
1504191600 61 1525 113 1591
1504191300 144 1343 181 1452
1504191000 180 1196 181 1219
1504190700 180 1508 180 1889
1504190400 180 1652 180 1889
1504190100 180 1426 180 1474
1504189800 180 1374 181 1474
1504189500 180 1263 181 1267
1504189200 180 1232 180 1267
1504188900 179 1350 180 1526
1504188600 179 1426 180 1526
1504188300 180 1221 180 1313
1504188000 180 1115 180 1119
1504187700 180 1240 180 1387
1504187400 180 1547 180 1729
1504187100 180 1512 180 1729
1504186800 179 1510 180 1778
1504186500 179 1964 180 2175
1504186200 179 1912 180 2175
1504185900 178 1409 180 1621
1504185600 179 1297 180 1444
1504185300 179 1402 180 1444
1504185000 179 1512 180 1692
1504184700 180 1617 183 1692
1504184400 181 1337 183 1533
1504184100 179 1146 180 1179
1504183800 181 1269 185 1371
1504183500 179 1155 185 1371
1504183200 176 1013 180 1128
1504182900 179 1023 180 1128
1504182600 177 1092 178 1306
1504182300 177 1064 180 1306
1504182000 180 1162 180 1589
1504181700 179 1448 180 1589
1504181400 179 1130 180 1289
1504181100 179 894 180 950
1504180800 179 834 180 838
1504180500 180 858 180 881
1504180200 180 893 180 908
1504179900 180 876 180 908
1504179600 179 853 180 868
1504179300 179 855 179 868
1504179000 179 856 180 875
1504178700 180 855 180 875
1504178400 179 892 180 958
1504178100 179 869 179 958
1504177800 179 816 180 869
1504177500 180 868 181 869
1504177200 180 899 181 936
1504176900 179 912 180 936
1504176600 179 884 180 886
1504176300 179 849 180 883
1504176000 179 829 180 849
1504175700 179 844 180 849
1504175400 179 855 180 875
1504175100 179 839 180 875
1504174800 179 848 180 904
1504174500 179 877 180 904
1504174200 179 852 180 859
1504173900 179 841 180 859
1504173600 179 850 180 883
1504173300 179 885 179 889
1504173000 179 879 179 889
1504172700 179 861 179 869
1504172400 179 863 179 875
1504172100 178 831 179 875
1504171800 176 820 178 864
1504171500 177 864 180 866
1504171200 179 848 180 866
1504170900 179 848 180 870
1504170600 179 868 180 870
1504170300 179 818 181 867
1504170000 180 813 181 871
1504169700 179 857 180 871
1504169400 179 855 179 871
1504169100 179 856 180 871
1504168800 179 843 180 848
1504168500 179 838 180 848
1504168200 180 816 180 828
1504167900 179 850 180 903
1504167600 179 863 179 903
1504167300 179 847 180 879
1504167000 180 881 180 884
1504166700 179 838 180 884
1504166400 179 821 179 861
1504166100 179 844 181 861
1504165800 179 870 181 920
1504165500 178 866 180 920
1504165200 180 825 180 848
1504164900 180 841 180 848
1504164600 179 854 180 877
1504164300 178 838 180 877
1504164000 180 846 180 906
1504163700 180 881 180 906
1504163400 179 845 180 853
1504163100 179 839 181 843
1504162800 180 853 181 865
1504162500 179 846 179 865
1504162200 179 833 180 841
1504161900 179 870 180 904
1504161600 179 833 179 904
1504161300 178 811 179 877
1504161000 176 869 178 877
1504160700 177 820 180 860
1504160400 179 864 180 964
1504160100 179 901 180 964
1504159800 179 833 180 836
1504159500 178 834 180 836
1504159200 179 850 180 870
1504158900 179 835 179 870
1504158600 179 841 180 892
1504158300 180 861 180 892
1504158000 179 843 180 860
1504157700 179 821 179 860
1504157400 179 839 180 909
1504157100 180 956 180 1010
1504156800 179 1194 180 1402
1504156500 178 976 180 1402
1504156200 179 535 180 585
1504155900 179 578 182 585
1504155600 180 591 182 615
1504155300 179 609 180 615
1504155000 179 603 180 605
1504154700 178 559 180 605
1504154400 179 557 180 614
1504154100 179 599 181 614
1504153800 180 582 181 584
1504153500 179 593 180 608
1504153200 179 621 180 637
1504152900 179 597 179 637
1504152600 179 577 179 605
1504152300 179 609 180 614
1504152000 179 596 180 614
1504151700 179 598 179 622
1504151400 179 628 180 636
1504151100 179 593 180 636
1504150800 179 597 180 656
1504150500 176 624 180 656
1504150200 176 612 180 640
1504149900 179 627 180 640
1504149600 179 616 179 619
1504149300 179 620 180 622
1504149000 180 621 180 622
1504148700 180 613 181 620
1504148400 180 630 181 656
1504148100 179 640 180 656
1504147800 179 609 180 623
1504147500 178 610 180 628
1504147200 180 649 180 673
1504146900 180 618 180 673
1504146600 179 595 180 639
1504146300 179 646 180 654
1504146000 179 615 180 654
1504145700 179 603 180 638
1504145400 179 653 180 671
1504145100 179 624 180 671
1504144800 179 606 180 645
1504144500 179 631 180 645
1504144200 179 604 180 616
1504143900 179 623 179 661
1504143600 179 671 180 683
1504143300 179 621 180 683
1504143000 179 615 179 687
1504142700 179 666 180 687
1504142400 179 638 180 643
1504142100 179 637 180 642
1504141800 179 639 180 642
1504141500 179 624 182 637
1504141200 180 630 182 653
1504140900 179 641 179 653
1504140600 179 651 180 678
1504140300 180 638 180 678
1504140000 179 605 180 620
1504139700 176 635 179 652
1504139400 176 681 179 714
1504139100 179 658 179 714
1504138800 179 643 180 699
1504138500 179 673 180 699
1504138200 179 633 180 644
1504137900 179 617 180 621
1504137600 178 642 179 675
1504137300 178 633 180 675
1504137000 179 632 180 685
1504136700 178 661 180 685
1504136400 180 618 180 635
1504136100 180 624 180 653
1504135800 179 660 180 668
1504135500 179 630 180 668
1504135200 179 645 180 710
1504134900 179 662 180 710
1504134600 179 593 180 609
1504134300 179 602 181 632
1504134000 180 656 181 684
1504133700 179 642 180 684
1504133400 179 647 180 706
1504133100 179 670 179 706
1504132800 179 590 179 631
1504132500 179 606 180 677
1504132200 179 697 180 721
1504131900 179 666 179 721
1504131600 179 623 179 645
1504131300 179 631 180 645
1504131000 179 677 180 745
1504130700 178 721 180 745
1504130400 180 660 180 694
1504130100 179 631 180 643
1504129800 178 699 179 763
1504129500 179 688 180 763
1504129200 178 660 180 725
1504128900 176 725 177 725
1504128600 179 777 184 837
1504128300 182 1530 184 2322
1504128000 179 1792 180 2322
1504127700 179 1004 181 1187
1504127400 180 860 181 934
1504127100 180 910 182 934
1504126800 180 869 182 885
1504126500 179 1066 181 1312
1504126200 182 1341 184 1375
1504125900 513 7125 885 13611
1504125600 555 7702 885 13611
1504125300 368 2229 585 3692
1504125000 396 2534 585 3692
1504124700 180 1286 180 1370
1504124400 180 1815 180 2325
1504124100 180 1803 180 2325
1504123800 179 1252 180 1294
1504123500 178 1403 180 1529
1504123200 179 1474 180 1529
1504122900 179 1364 180 1413
1504122600 181 1450 184 1614
1504122300 182 1453 184 1614
1504122000 180 1524 181 1808
1504121700 179 1629 180 1808
1504121400 181 1545 184 1678
1504121100 182 1537 184 1678
1504120800 180 1378 180 1380
1504120500 180 1407 180 1443
1504120200 180 1574 180 1725
1504119900 180 1870 182 2034
1504119600 180 1861 182 2034
1504119300 179 1567 180 1667
1504119000 182 1434 185 1456
1504118700 182 1314 185 1409
1504118400 177 1350 179 1511
1504118100 177 1670 180 1852
1504117800 180 1608 180 1852
1504117500 180 1311 181 1331
1504117200 180 1527 185 1805
1504116000 180 1338 185 1586
1504114200 180 1321 184 1586
1504112400 179 1248 183 1422
1504110600 180 1527 181 1823
1504108800 178 1402 184 1823
1504107000 180 1374 183 1718
1504105200 179 1578 181 2085
1504103400 179 1570 181 2061
1504101600 179 1392 181 1566
1504099800 177 1559 181 1799
1504098000 180 1367 181 2234
1504096200 179 1001 180 1233
1504094400 179 766 180 1180
1504092600 180 655 185 691
1504090800 177 655 185 740
1504089000 178 690 185 810
1504087200 178 630 185 704
1504085400 178 649 185 724
1504083600 179 628 185 693
1504081800 179 649 180 681
1504080000 178 642 181 671
1504078200 179 644 185 706
1504076400 179 634 184 706
1504074600 179 627 181 701
1504072800 179 628 181 653
1504071000 178 637 185 681
1504069200 179 628 181 651
1504067400 179 634 180 660
1504065600 179 628 180 669
1504063800 179 635 182 665
1504062000 177 644 182 672
1504060200 179 657 180 796
1504058400 179 667 181 844
1504056600 179 652 181 791
1504054800 179 640 181 736
1504053000 177 648 180 689
1504051200 179 635 180 717
1504049400 179 635 181 688
1504047600 179 631 181 670
1504045800 179 650 181 699
1504044000 178 809 181 1251
1504042200 179 841 186 921
1504040400 178 1272 181 1517
1504038600 180 1442 190 1680
1504036800 178 1609 181 2162
1504035000 179 1868 186 2162
1504033200 178 1647 186 2111
1504031400 179 1477 185 1811
1504029600 179 1562 185 1997
1504027800 179 1738 186 2033
1504026000 179 1415 186 1614
1504024200 179 1519 185 1736
1504022400 179 1464 180 1637
1504020600 179 1533 184 1823
1504018800 196 1615 368 1867
1504017000 221 1494 368 1764
1504015200 177 1774 180 2278
1504013400 179 1743 182 1977
1504011600 179 1237 182 1516
1504009800 178 975 181 1215
1504008000 179 816 180 1363
1504006200 178 661 181 909
1504004400 177 584 181 641
1504002600 178 601 181 646
1504000800 178 608 180 638
1503999000 178 593 181 667
1503997200 179 598 181 642
1503995400 178 598 180 652
1503993600 177 596 180 634
1503991800 178 609 182 685
1503990000 179 589 182 634
1503988200 179 597 180 673
1503986400 179 602 180 643
1503984600 179 588 181 625
1503982800 179 583 181 635
1503981000 177 585 180 722
1503979200 179 585 180 702
1503977400 178 572 182 621
1503975600 178 601 182 645
1503973800 179 603 180 664
1503972000 178 609 180 670
1503970200 177 609 181 675
1503968400 179 612 181 675
1503966600 179 610 180 636
1503964800 178 622 180 678
1503963000 178 610 181 649
1503961200 178 619 181 669
1503959400 186 800 302 1475
1503957600 204 874 322 1475
1503955800 191 948 322 1358
1503954000 179 1177 181 1399
1503952200 179 1432 181 1534
1503950400 430 1624 1915 2030
1503948600 119 1398 181 1952
1503946800 185 1536 215 1952
1503945000 202 1380 348 1543
1503943200 276 1455 494 1961
1503941400 187 1278 236 1601
1503939600 214 1584 457 3217
1503937800 234 1609 457 3217
1503936000 188 1431 238 1639
1503934200 187 1226 233 1665
1503932400 187 1412 232 1877
1503930600 192 1629 261 2089
1503928800 208 1856 362 2381
1503927000 186 1386 284 1747
1503925200 28 1001 284 1414
1503923400 3 804 5 1145
1503921600 3 531 4 833
1503919800 3 438 5 478
1503918000 3 462 5 486
1503916200 3 418 5 450
1503914400 3 424 4 448
1503912600 3 424 5 472
1503910800 3 419 5 479
1503909000 3 416 4 466
1503907200 3 421 5 446
1503905400 3 421 5 452
1503903600 3 419 5 456
1503901800 3 420 4 487
1503900000 3 418 4 457
1503898200 3 427 5 466
1503896400 3 422 5 476
1503894600 3 418 4 463
1503892800 3 459 4 515
1503891000 3 465 5 513
1503889200 3 470 5 512
1503887400 3 463 4 498
1503885600 3 465 4 502
1503883800 3 467 5 501
1503882000 3 465 5 493
1503880200 3 465 4 510
1503878400 3 464 4 530
1503876600 3 468 5 529
1503874800 3 464 5 509
1503873000 3 469 4 528
1503871200 3 469 4 505
1503869400 3 469 5 506
1503867600 3 469 5 507
1503865800 3 466 4 512
1503864000 3 465 4 497
1503862200 3 473 5 507
1503860400 3 463 5 511
1503858600 3 419 4 452
1503856800 3 420 4 452
1503855000 3 425 5 477
1503853200 3 423 5 453
1503851400 3 416 4 463
1503849600 3 425 4 492
1503847800 3 422 5 466
1503846000 3 429 5 490
1503844200 3 424 5 464
1503842400 3 416 4 471
1503840600 3 426 5 471
1503838800 3 422 5 474
1503837000 3 428 4 490
1503835200 3 421 4 452
1503833400 3 428 5 465
1503831600 3 422 5 463
1503829800 3 419 4 451
1503828000 3 425 4 446
1503826200 3 427 5 482
1503824400 3 425 5 458
1503822600 3 421 4 464
1503820800 3 420 5 468
1503819000 3 430 5 455
1503817200 3 424 5 460
1503815400 3 423 4 470
1503813600 3 419 4 461
1503811800 3 421 5 443
1503810000 3 425 5 465
1503808200 3 417 4 457
1503806400 3 416 4 454
1503804600 3 422 5 455
1503802800 3 421 5 447
1503801000 3 417 4 451
1503799200 3 418 4 475
1503797400 3 426 5 466
1503795600 3 422 5 459
1503793800 3 422 4 446
1503792000 3 423 4 467
1503790200 3 423 5 467
1503788400 3 422 5 462
1503786600 3 422 4 453
1503784800 3 423 4 446
1503783000 3 426 5 474
1503781200 3 421 5 440
1503779400 3 420 4 444
1503777600 3 418 4 449
1503775800 3 431 5 464
1503774000 3 424 5 477
1503772200 3 421 4 483
1503770400 3 423 5 488
1503768600 3 427 5 481
1503766800 3 426 5 463
1503765000 3 420 4 440
1503763200 3 421 4 446
1503761400 3 421 5 434
1503759600 3 421 5 440
1503757800 3 426 4 471
1503756000 3 417 4 446
1503754200 3 428 5 474
1503752400 3 422 5 448
1503750600 3 422 4 454
1503748800 3 418 4 467
1503747000 3 425 5 487
1503745200 3 421 5 476
1503743400 3 419 4 460
1503741600 3 431 4 454
1503739800 3 426 5 472
1503738000 3 419 5 458
1503736200 3 419 4 458
1503734400 3 423 5 452
1503732600 3 426 5 460
1503730800 3 420 5 460
1503729000 3 422 4 475
1503727200 3 419 4 464
1503725400 3 426 5 466
1503723600 3 419 5 432
1503721800 3 424 4 467
1503720000 3 466 4 514
1503718200 3 467 5 501
1503716400 3 468 5 497
1503714600 3 468 4 489
1503712800 3 465 4 498
1503711000 3 472 5 530
1503709200 3 464 5 500
1503707400 3 464 5 500
1503705600 3 470 4 496
1503703800 3 462 5 500
1503702000 3 439 5 461
1503700200 11 460 56 564
1503698400 11 525 57 602
1503696600 12 602 57 749
1503694800 11 695 57 795
1503693000 11 930 57 1101
1503691200 12 1224 60 1658
1503689400 11 1156 56 1658
1503687600 11 1139 57 1296
1503685800 11 1270 58 1396
1503684000 11 1115 58 1365
1503682200 11 1154 57 1373
1503680400 11 1152 57 1238
1503678600 11 1121 58 1278
1503676800 11 1365 58 1683
1503675000 12 1148 58 1683
1503673200 11 1244 58 1694
1503671400 11 1342 57 1684
1503669600 29 1527 179 2342
1503667800 235 1369 425 1620
1503666000 180 1146 183 1455
1503664200 179 992 180 1354
1503662400 178 749 180 1177
1503660600 178 644 181 744
1503658800 179 613 181 664
1503657000 178 608 181 627
1503655200 179 614 181 649
1503653400 178 628 181 680
1503651600 179 613 181 695
1503649800 177 612 180 676
1503648000 179 609 181 661
1503646200 180 621 181 684
1503644400 179 618 181 684
1503642600 179 620 181 730
1503640800 179 614 180 681
1503639000 177 626 181 706
1503637200 179 614 181 657
1503635400 179 637 181 732
1503633600 179 608 180 638
1503631800 179 627 181 664
1503630000 178 614 184 683
1503628200 178 615 186 660
1503626400 178 609 180 643
1503624600 178 640 185 796
1503622800 178 595 185 650
1503621000 178 607 185 650
1503619200 177 590 184 648
1503617400 177 601 185 657
1503615600 178 595 185 683
1503613800 177 676 181 1048
1503612000 178 741 185 1021
1503610200 179 1039 185 1213
1503608400 291 938 1372 1145
1503606600 180 1194 193 1378
1503604800 180 1258 184 1417
1503603000 195 1393 369 1728
1503601200 197 1321 369 1728
1503599400 180 1294 184 1576
1503597600 182 1341 184 1576
1503595800 221 1424 261 1690
1503594000 181 1323 182 1690
1503592200 182 1233 183 1271
1503590400 181 1332 183 1405
1503588600 183 1368 183 1405
1503586800 210 1362 215 1367
1503585000 240 1405 243 1408
1503583200 181 1355 182 1590
1503581400 182 1500 183 1590
1503579600 182 1156 183 1193
1503577800 182 962 182 962
1503576000 182 737 182 962
1503574200 180 639 182 719
1503572400 180 642 182 647
1503570600 182 649 182 652
1503568800 181 650 182 652
1503567000 181 649 182 652
1503565200 182 652 182 652
1503563400 181 653 182 661
1503561600 181 661 181 661
1503559800 181 629 182 661
1503558000 182 619 182 619
1503556200 182 638 182 639
1503554400 182 622 182 639
1503552600 182 632 182 637
1503550800 180 637 182 639
1503549000 182 637 182 651
1503547200 182 644 182 651
1503545400 181 667 182 676
1503543600 181 655 182 662
1503541800 181 661 183 671
1503540000 180 666 182 679
1503538200 181 681 183 694
1503536400 182 666 183 694
1503534600 181 643 184 666
1503532800 179 637 184 650
1503531000 181 648 183 668
1503529200 179 643 183 654
1503527400 181 683 185 724
1503525600 222 702 361 772
1503523800 180 908 184 1050
1503522000 189 1024 223 1142
1503520200 180 1186 192 1333
1503518400 251 1998 618 5498
1503516600 181 1500 188 1932
1503514800 181 1400 184 1597
1503513000 181 1464 186 2112
1503511200 180 1382 185 1629
1503509400 182 1328 187 1629
1503507600 179 1370 184 1585
1503505800 179 1295 184 1445
1503504000 310 1796 959 4408
1503502200 181 1281 184 1389
1503500400 181 1325 183 1412
1503498600 181 1342 184 1507
1503496800 179 1445 182 1917
1503495000 181 1493 184 1889
1503493200 181 1160 185 1394
1503491400 181 907 183 1138
1503489600 181 783 183 1356
1503487800 181 606 183 651
1503486000 180 570 183 633
1503484200 181 577 183 617
1503482400 180 576 183 608
1503480600 181 587 185 639
1503478800 181 578 184 639
1503477000 181 615 183 660
1503475200 179 623 183 668
1503473400 181 634 183 661
1503471600 181 630 184 682
1503469800 182 625 186 666
1503468000 181 629 183 666
1503466200 181 638 182 686
1503464400 180 631 185 670
1503462600 180 650 183 756
1503460800 181 673 183 797
1503459000 181 603 182 653
1503457200 181 589 185 636
1503455400 181 577 183 610
1503453600 180 592 183 659
1503451800 180 594 184 659
1503450000 181 587 184 626
1503448200 181 577 184 619
1503446400 181 614 183 775
1503444600 181 639 183 775
1503442800 181 644 184 842
1503441000 180 660 183 710
1503439200 180 718 183 822
1503437400 180 1114 183 1506
1503435600 180 1294 186 1505
1503433800 180 1429 184 1659
1503432000 181 1468 187 1627
1503430200 179 1600 184 1884
1503428400 181 1514 184 1750
1503426600 181 1573 184 1930
1503424800 181 1604 188 1757
1503423000 180 1683 188 1837
1503421200 181 1693 188 2366
1503419400 181 1567 188 1900
1503417600 180 2116 187 2519
1503415800 181 1712 187 2382
1503414000 181 1667 187 1988
1503412200 187 1635 227 1839
1503410400 183 1573 227 1897
1503408600 180 1804 186 2056
1503406800 182 1249 189 1560
1503405000 180 1179 186 1776
1503403200 181 753 183 1282
1503401400 181 731 182 875
1503399600 179 660 183 830
1503397800 181 727 184 886
1503396000 181 642 186 886
1503394200 181 660 183 729
1503392400 181 638 183 696
1503390600 179 636 182 686
1503388800 180 625 183 671
1503387000 181 642 182 692
1503385200 181 634 184 665
1503383400 181 647 183 677
1503381600 178 626 182 693
1503379800 181 640 186 688
1503378000 181 653 183 692
1503376200 181 636 183 671
1503374400 180 629 182 660
1503372600 180 638 184 697
1503370800 181 633 183 692
1503369000 181 634 183 696
1503367200 181 671 183 753
1503365400 181 649 184 701
1503363600 180 632 183 675
1503361800 179 640 183 706
1503360000 184 661 216 760
1503358200 211 719 300 1047
1503356400 189 648 235 689
1503354600 189 684 233 775
1503352800 188 722 235 885
1503351000 322 892 1540 1304
1503349200 189 1157 235 1304
1503347400 191 1370 235 1878
1503345600 189 1141 238 1878
1503343800 259 1251 620 1890
1503342000 238 1652 630 5969
1503340200 287 2127 630 5969
1503338400 190 1408 242 1766
1503336600 189 1482 239 1961
1503334800 189 1383 234 1735
1503333000 287 1571 565 2079
1503331200 199 1357 245 1561
1503329400 262 1290 568 1561
1503327600 199 1258 245 1448
1503325800 204 1428 245 1661
1503324000 81 844 193 1538
1503322200 10 466 10 466
1503320400 10 466 10 466
1503318600 10 466 10 466
1503316800 10 466 10 466
1503315000 10 466 10 466
1503313200 10 466 10 466
1503311400 10 466 10 466
1503309600 10 466 10 466
1503307800 10 466 10 466
1503306000 10 466 10 466
1503304200 10 466 10 466
1503302400 10 466 10 466
1503300600 10 466 10 466
1503298800 10 466 10 466
1503297000 10 466 10 466
1503295200 10 466 10 466
1503293400 10 466 10 466
1503291600 10 466 10 466
1503289800 10 466 10 466
1503288000 10 466 10 466
1503286200 10 466 10 466
1503284400 10 466 10 466
1503282600 10 466 10 466
1503280800 10 466 10 466
1503279000 10 466 10 466
1503277200 10 466 10 466
1503275400 10 466 10 466
1503273600 10 466 10 466
1503271800 10 466 10 466
1503270000 10 466 10 466
1503268200 10 466 10 466
1503266400 10 466 10 466
1503264600 10 466 10 466
1503262800 10 466 10 466
1503261000 10 466 10 466
1503259200 10 466 10 466
1503257400 10 466 10 466
1503255600 10 466 10 466
1503253800 10 466 10 466
1503252000 10 466 10 466
1503250200 10 466 10 466
1503248400 10 466 10 466
1503246600 10 466 10 466
1503244800 10 466 10 466
1503243000 10 466 10 466
1503241200 10 466 10 466
1503239400 10 466 10 466
1503237600 10 466 10 466
1503235800 10 466 10 466
1503234000 10 466 10 466
1503232200 10 466 10 466
1503230400 10 466 10 466
1503228600 10 466 10 466
1503226800 10 466 10 466
1503225000 10 466 10 466
1503223200 10 466 10 466
1503221400 10 466 10 466
1503219600 10 466 10 466
1503217800 10 466 10 466
1503216000 10 466 10 466
1503214200 10 466 10 466
1503212400 10 466 10 466
1503210600 10 466 10 466
1503208800 10 466 10 466
1503207000 10 466 10 466
1503205200 10 466 10 466
1503203400 10 466 10 466
1503201600 10 466 10 466
1503199800 10 466 10 466
1503198000 10 466 10 466
1503196200 10 466 10 466
1503194400 10 466 10 466
1503192600 10 466 10 466
1503190800 10 466 10 466
1503189000 10 466 10 466
1503187200 10 466 10 466
1503185400 10 466 10 466
1503183600 10 466 10 466
1503181800 10 466 10 466
1503180000 10 466 10 466
1503178200 10 466 10 466
1503176400 10 466 10 466
1503174600 10 466 10 466
1503172800 10 466 10 466
1503171000 10 466 10 466
1503169200 10 466 10 466
1503167400 10 466 10 466
1503165600 10 466 10 466
1503163800 10 466 10 466
1503162000 10 466 10 466
1503160200 10 466 10 466
1503158400 10 466 10 466
1503156600 10 466 10 466
1503154800 10 466 10 466
1503153000 10 466 10 466
1503151200 10 466 10 466
1503149400 10 466 10 466
1503147600 10 466 10 466
1503145800 10 466 10 466
1503144000 10 466 10 466
1503142200 10 466 10 466
1503140400 10 466 10 466
1503138600 10 466 10 466
1503136800 10 466 10 466
1503135000 10 466 10 466
1503133200 10 466 10 466
1503131400 10 466 10 466
1503129600 10 466 10 466
1503127800 10 466 10 466
1503126000 10 466 10 466
1503124200 10 466 10 466
1503122400 10 466 10 466
1503120600 10 466 10 466
1503118800 10 466 10 466
1503117000 10 466 10 466
1503115200 10 466 10 466
1503113400 10 466 10 466
1503111600 10 466 10 466
1503109800 10 466 10 466
1503108000 10 466 10 466
1503106200 10 466 10 466
1503104400 10 466 10 466
1503102600 10 466 10 466
1503100800 10 466 10 466
1503099000 10 466 10 466
1503097200 10 466 10 466
1503095400 10 466 10 466
1503093600 10 466 10 466
1503091800 10 466 10 466
1503090000 10 466 10 466
1503088200 10 466 10 466
1503086400 10 466 10 466
1503084600 10 466 10 466
1503082800 10 466 10 466
1503081000 10 466 10 466
1503079200 10 466 10 466
1503077400 10 466 10 466
1503075600 10 466 10 466
1503073800 10 466 10 466
1503072000 10 466 10 466
1503070200 10 466 10 466
1503068400 10 466 10 466
1503066600 10 466 10 466
1503064800 10 466 10 466
1503063000 10 466 10 466
1503061200 10 466 10 466
1503059400 10 466 10 466
1503057600 10 466 10 466
1503055800 10 466 10 466
1503054000 10 466 10 466
1503052200 10 466 10 466
1503050400 10 466 10 466
1503048600 10 466 10 466
1503046800 10 466 10 466
1503045000 10 466 10 466
1503043200 10 466 10 466
1503041400 10 466 10 466
1503039600 10 466 10 466
1503037800 10 466 10 466
1503036000 10 466 10 466
1503028800 10 466 10 466
1503021600 10 466 10 466
1503014400 10 466 10 466
1503007200 10 466 10 466
1503000000 10 466 10 466
1502992800 10 466 10 466
1502985600 10 466 10 466
1502978400 10 466 10 466
1502971200 10 466 10 466
1502964000 10 466 10 466
1502956800 10 466 10 466
1502949600 10 466 10 466
1502942400 10 466 10 466
1502935200 10 466 10 466
1502928000 10 466 10 466
1502920800 10 466 10 466
1502913600 10 466 10 466
1502906400 10 466 10 466
1502899200 10 466 10 466
1502892000 10 466 10 466
1502884800 10 466 10 466
1502877600 10 466 10 466
1502870400 10 466 10 466
1502863200 10 466 10 466
1502856000 10 466 10 466
1502848800 10 466 10 466
1502841600 10 466 10 466
1502834400 10 466 10 466
1502827200 10 466 10 466
1502820000 10 466 10 466
1502812800 10 466 10 466
1502805600 10 466 10 466
1502798400 10 466 10 466
1502791200 10 466 10 466
1502784000 10 466 10 466
1502776800 10 466 10 466
1502769600 10 466 10 466
1502762400 10 466 10 466
1502755200 10 466 10 466
1502748000 10 466 10 466
1502740800 10 466 10 466
1502733600 10 466 10 466
1502726400 10 466 10 466
1502719200 10 466 10 466
1502712000 10 466 10 466
1502704800 10 466 10 466
1502697600 10 466 10 466
1502690400 10 466 10 466
1502683200 10 466 10 466
1502676000 10 466 10 466
1502668800 10 466 10 466
1502661600 10 466 10 466
1502654400 10 466 10 466
1502647200 10 466 10 466
1502640000 10 466 10 466
1502632800 10 466 10 466
1502625600 10 466 10 466
1502618400 10 466 10 466
1502611200 10 466 10 466
1502604000 10 466 10 466
1502596800 10 466 10 466
1502589600 10 466 10 466
1502582400 10 466 10 466
1502575200 10 466 10 466
1502568000 10 466 10 466
1502560800 10 466 10 466
1502553600 10 466 10 466
1502546400 10 466 10 466
1502539200 10 466 10 466
1502532000 10 466 10 466
1502524800 10 466 10 466
1502517600 10 466 10 466
1502510400 10 466 10 466
1502503200 10 466 10 466
1502496000 10 466 10 466
1502488800 10 466 10 466
1502481600 10 466 10 466
1502474400 10 466 10 466
1502467200 10 466 10 466
1502460000 10 466 10 466
1502452800 10 466 10 466
1502445600 10 466 10 466
1502438400 10 466 10 466
1502431200 10 466 10 466
1502424000 10 466 10 466
1502416800 10 466 10 466
1502409600 10 466 10 466
1502402400 10 466 10 466
1502395200 10 466 10 466
1502388000 10 466 10 466
1502380800 10 466 10 466
1502373600 10 466 10 466
1502366400 10 466 10 466
1502359200 10 466 10 466
1502352000 10 466 10 466
1502344800 10 466 10 466
1502337600 10 466 10 466
1502330400 10 466 10 466
1502323200 10 466 10 466
1502316000 10 466 10 466
1502308800 10 466 10 466
1502301600 10 466 10 466
1502294400 10 466 10 466
1502287200 10 466 10 466
1502280000 10 466 10 466
1502272800 10 466 10 466
1502265600 10 466 10 466
1502258400 10 466 10 466
1502251200 10 466 10 466
1502244000 10 466 10 466
1502236800 10 466 10 466
1502229600 10 466 10 466
1502222400 10 466 10 466
1502215200 10 466 10 466
1502208000 10 466 10 466
1502200800 10 466 10 466
1502193600 10 466 10 466
1502186400 10 466 10 466
1502179200 10 466 10 466
1502172000 10 466 10 466
1502164800 10 466 10 466
1502157600 10 466 10 466
1502150400 10 466 10 466
1502143200 10 466 10 466
1502136000 10 466 10 466
1502128800 10 466 10 466
1502121600 10 466 10 466
1502114400 10 466 10 466
1502107200 10 466 10 466
1502100000 10 466 10 466
1502092800 10 466 10 466
1502085600 10 466 10 466
1502078400 10 466 10 466
1502071200 10 466 10 466
1502064000 10 466 10 466
1502056800 10 466 10 466
1502049600 10 466 10 466
1502042400 10 466 10 466
1502035200 10 466 10 466
1502028000 10 466 10 466
1502020800 10 466 10 466
1502013600 10 466 10 466
1502006400 10 466 10 466
1501999200 10 466 10 466
1501992000 10 466 10 466
1501984800 10 466 10 466
1501977600 10 466 10 466
1501970400 10 466 10 466
1501963200 10 466 10 466
1501956000 10 466 10 466
1501948800 10 466 10 466
1501941600 10 466 10 466
1501934400 10 466 10 466
1501927200 10 466 10 466
1501920000 10 466 10 466
1501912800 10 466 10 466
1501905600 10 466 10 466
1501898400 10 466 10 466
1501891200 10 466 10 466
1501884000 10 466 10 466
1501876800 10 466 10 466
1501869600 10 466 10 466
1501862400 10 466 10 466
1501855200 10 466 10 466
1501848000 10 466 10 466
1501840800 10 466 10 466
1501833600 10 466 10 466
1501826400 10 466 10 466
1501819200 10 466 10 466
1501812000 10 466 10 466
1501804800 10 466 10 466
1501797600 10 466 10 466
1501790400 10 466 10 466
1501783200 10 466 10 466
1501776000 10 466 10 466
1501768800 10 466 10 466
1501761600 10 466 10 466
1501754400 10 466 10 466
1501747200 10 466 10 466
1501740000 10 466 10 466
1501732800 10 466 10 466
1501725600 10 466 10 466
1501718400 10 466 10 466
1501711200 10 466 10 466
1501704000 10 466 10 466
1501696800 10 466 10 466
1501689600 10 466 10 466
1501682400 10 466 10 466
1501675200 10 466 10 466
1501668000 10 466 10 466
1501660800 10 466 10 466
1501653600 10 466 10 466
1501646400 10 466 10 466
1501639200 10 466 10 466
1501632000 10 466 10 466
1501624800 10 466 10 466
1501617600 10 466 10 466
1501610400 10 466 10 466
1501603200 10 466 10 466
1501596000 10 466 10 466
1501588800 10 466 10 466
1501581600 10 466 10 466
1501574400 10 466 10 466
1501567200 10 466 10 466
1501560000 10 466 10 466
1501552800 10 466 10 466
1501545600 10 466 10 466
1501538400 10 466 10 466
1501531200 10 466 10 466
1501524000 10 466 10 466
1501516800 10 466 10 466
1501509600 10 466 10 466
1501502400 10 466 10 466
1501495200 10 466 10 466
1501488000 10 466 10 466
1501480800 10 466 10 466
1501473600 10 466 10 466
1501466400 10 466 10 466
1501459200 10 466 10 466
1501452000 10 466 10 466
1501444800 10 466 10 466
1501437600 10 466 10 466
1501430400 10 466 10 466
1501423200 10 466 10 466
1501416000 10 466 10 466
1501408800 10 466 10 466
1501401600 10 466 10 466
1501394400 10 466 10 466
1501387200 10 466 10 466
1501380000 10 466 10 466
1501372800 10 466 10 466
1501365600 10 466 10 466
1501358400 10 466 10 466
1501351200 10 466 10 466
1501344000 10 466 10 466
1501336800 10 466 10 466
1501329600 10 466 10 466
1501322400 10 466 10 466
1501315200 10 466 10 466
1501308000 10 466 10 466
1501300800 10 466 10 466
1501293600 10 466 10 466
1501286400 10 466 10 466
1501279200 10 466 10 466
1501272000 10 466 10 466
1501264800 10 466 10 466
1501257600 10 466 10 466
1501250400 10 466 10 466
1501243200 10 466 10 466
1501236000 10 466 10 466
1501228800 10 466 10 466
1501221600 10 466 10 466
1501214400 10 466 10 466
1501207200 10 466 10 466
1501200000 10 466 10 466
1501192800 10 466 10 466
1501185600 10 466 10 466
1501178400 10 466 10 466
1501171200 10 466 10 466
1501164000 10 466 10 466
1501156800 10 466 10 466
1501149600 10 466 10 466
1501142400 10 466 10 466
1501135200 10 466 10 466
1501128000 10 466 10 466
1501120800 10 466 10 466
1501113600 10 466 10 466
1501106400 10 466 10 466
1501099200 10 466 10 466
1501092000 10 466 10 466
1501084800 10 466 10 466
1501077600 10 466 10 466
1501070400 10 466 10 466
1501063200 10 466 10 466
1501056000 10 466 10 466
1501048800 10 466 10 466
1501041600 10 466 10 466
1501034400 10 466 10 466
1501027200 10 466 10 466
1501020000 10 466 10 466
1501012800 10 466 10 466
1501005600 10 466 10 466
1500998400 10 466 10 466
1500991200 10 466 10 466
1500984000 10 466 10 466
1500976800 10 466 10 466
1500969600 10 466 10 466
1500962400 10 466 10 466
1500955200 10 466 10 466
1500948000 10 466 10 466
1500940800 10 466 10 466
1500933600 10 466 10 466
1500926400 10 466 10 466
1500919200 10 466 10 466
1500912000 10 466 10 466
1500904800 10 466 10 466
1500897600 10 466 10 466
1500890400 10 466 10 466
1500883200 10 466 10 466
1500876000 10 466 10 466
1500868800 10 466 10 466
1500861600 10 466 10 466
1500854400 10 466 10 466
1500847200 10 466 10 466
1500840000 10 466 10 466
1500832800 10 466 10 466
1500825600 10 466 10 466
1500818400 10 466 10 466
1500811200 10 466 10 466
1500804000 10 466 10 466
1500796800 10 466 10 466
1500789600 10 466 10 466
1500782400 10 466 10 466
1500775200 10 466 10 466
1500768000 10 466 10 466
1500760800 10 466 10 466
1500753600 10 466 10 466
1500746400 10 466 10 466
1500739200 10 466 10 466
1500732000 10 466 10 466
1500724800 9 466 10 467
1500717600 8 468 11 473
1500710400 8 464 12 473
1500703200 9 459 12 470
1500696000 9 465 11 480
1500688800 7 465 11 480
1500681600 9 525 14 833
1500674400 10 795 53 1288
1500667200 18 1249 69 1755
1500660000 17 1323 54 1755
1500652800 20 1483 123 2135
1500645600 11 1380 123 2135
1500638400 9 768 41 851
1500631200 8 734 41 792
1500624000 8 741 41 854
1500616800 9 758 41 879
1500609600 9 752 41 909
1500602400 9 754 40 826
1500595200 9 788 40 956
1500588000 124 1459 217 2397
1500580800 200 1794 389 2332
1500573600 201 1888 556 2999
1500566400 184 1753 217 2391
1500559200 185 1596 218 2229
1500552000 183 821 227 1480
1500544800 184 796 217 877
1500537600 184 828 217 992
1500530400 44 649 214 892
1500523200 5 603 5 603
1500516000 5 603 5 603
1500508800 5 603 5 603
1500501600 5 603 5 603
1500494400 5 603 5 603
1500487200 5 603 5 603
1500480000 5 603 5 603
1500472800 5 603 5 603
1500465600 5 603 5 603
1500458400 5 603 5 603
1500451200 5 603 5 603
1500444000 5 603 5 603
1500436800 5 603 5 603
1500429600 5 603 5 603
1500422400 5 603 5 603
1500415200 5 603 5 603
1500408000 5 603 5 603
1500400800 5 603 5 603
1500393600 5 603 5 603
1500386400 5 603 5 603
1500379200 5 603 5 603
1500372000 5 603 5 603
1500364800 5 603 5 603
1500357600 5 603 5 603
1500350400 5 603 5 603
1500343200 5 603 5 603
1500336000 5 603 5 603
1500328800 5 603 5 603
1500321600 5 603 5 603
1500314400 5 603 5 603
1500307200 5 603 5 603
1500300000 5 603 5 603
1500292800 5 603 5 603
1500285600 5 603 5 603
1500278400 5 603 5 603
1500271200 5 603 5 603
1500264000 5 603 5 603
1500256800 5 603 5 603
1500249600 5 603 5 603
1500242400 5 603 5 603
1500235200 5 603 5 603
1500228000 5 603 5 603
1500220800 5 603 5 603
1500213600 5 603 5 603
1500206400 5 603 5 603
1500199200 5 603 5 603
1500192000 5 603 5 603
1500184800 5 603 5 603
1500177600 5 603 5 603
1500170400 5 603 5 603
1500163200 5 603 5 603
1500156000 5 603 5 603
1500148800 5 603 5 603
1500141600 5 603 5 603
1500134400 5 603 5 603
1500127200 5 603 5 603
1500120000 5 603 5 603
1500112800 5 603 5 603
1500105600 5 603 5 603
1500098400 5 603 5 603
1500091200 5 603 5 603
1500084000 5 603 5 603
1500076800 5 603 5 603
1500069600 5 603 5 603
1500062400 5 603 5 603
1500055200 5 603 5 603
1500048000 5 603 5 603
1500040800 5 603 5 603
1500033600 5 603 5 603
1500026400 5 603 5 603
1500019200 5 603 5 603
1500012000 5 603 5 603
1500004800 5 603 5 603
1499997600 5 603 5 603
1499990400 5 603 5 603
1499983200 5 603 5 603
1499976000 5 603 5 603
1499968800 5 603 5 603
1499961600 5 603 5 603
1499954400 5 603 5 603
1499947200 5 603 5 603
1499940000 5 603 5 603
1499932800 5 603 5 603
1499925600 5 603 5 603
1499918400 5 603 5 603
1499911200 5 603 5 603
1499904000 5 603 5 603
1499896800 5 603 5 603
1499889600 5 603 5 603
1499882400 5 603 5 603
1499875200 5 603 5 603
1499868000 5 603 5 603
1499860800 5 603 5 603
1499853600 5 603 5 603
1499846400 5 603 5 603
1499839200 5 603 5 603
1499832000 5 603 5 603
1499824800 5 603 5 603
1499817600 5 603 5 603
1499810400 5 603 5 603
1499803200 5 603 5 603
1499796000 5 603 5 603
1499788800 5 603 5 603
1499781600 5 603 5 603
1499774400 5 603 5 603
1499767200 5 603 5 603
1499760000 5 603 5 603
1499752800 5 603 5 603
1499745600 5 603 5 603
1499738400 5 603 5 603
1499731200 5 603 5 603
1499724000 5 603 5 603
1499716800 5 603 5 603
1499709600 5 603 5 603
1499702400 5 603 5 603
1499695200 5 603 5 603
1499688000 5 603 5 603
1499680800 5 603 5 603
1499673600 5 603 5 603
1499666400 5 603 5 603
1499659200 5 603 5 603
1499652000 5 603 5 603
1499644800 5 603 5 603
1499637600 5 603 5 603
1499630400 5 603 5 603
1499623200 5 603 5 603
1499616000 5 603 5 603
1499608800 5 603 5 603
1499601600 5 603 5 603
1499594400 5 603 5 603
1499587200 5 603 5 603
1499580000 5 603 5 603
1499572800 5 603 5 603
1499565600 5 603 5 603
1499558400 5 603 5 603
1499551200 5 603 5 603
1499544000 5 603 5 603
1499536800 5 603 5 603
1499529600 5 603 5 603
1499522400 5 603 5 603
1499515200 5 603 5 603
1499508000 5 603 5 603
1499500800 5 603 5 603
1499493600 5 603 5 603
1499486400 5 603 5 603
1499479200 5 603 5 603
1499472000 5 603 5 603
1499464800 5 603 5 603
1499457600 5 603 5 603
1499450400 5 603 5 603
1499443200 5 603 5 603
1499436000 5 603 5 603
1499428800 5 603 5 603
1499421600 5 603 5 603
1499414400 5 603 5 603
1499407200 5 603 5 603
1499400000 5 603 5 603
1499392800 5 603 5 603
1499385600 5 603 5 603
1499378400 5 603 5 603
1499371200 5 603 5 603
1499364000 5 603 5 603
1499356800 5 603 5 603
1499349600 5 603 5 603
1499342400 5 603 5 603
1499335200 5 603 5 603
1499328000 5 603 5 603
1499320800 5 603 5 603
1499313600 5 603 5 603
1499306400 5 603 5 603
1499299200 5 603 5 603
1499292000 5 603 5 603
1499284800 5 603 5 603
1499277600 5 603 5 603
1499270400 5 603 5 603
1499263200 5 603 5 603
1499256000 5 603 5 603
1499248800 5 603 5 603
1499241600 5 603 5 603
1499234400 5 603 5 603
1499227200 5 603 5 603
1499220000 5 603 5 603
1499212800 5 603 5 603
1499205600 5 603 5 603
1499198400 5 603 5 603
1499191200 5 603 5 603
1499184000 5 603 5 603
1499176800 5 603 5 603
1499169600 5 603 5 603
1499162400 5 603 5 603
1499155200 5 603 5 603
1499148000 5 603 5 603
1499140800 5 603 5 603
1499133600 5 603 5 603
1499126400 5 603 5 603
1499119200 5 603 5 603
1499112000 5 603 5 603
1499104800 5 603 5 603
1499097600 5 603 5 603
1499090400 5 603 5 603
1499083200 5 603 5 603
1499076000 5 603 5 603
1499068800 5 603 5 603
1499061600 5 603 5 603
1499054400 5 603 5 603
1499047200 5 603 5 603
1499040000 5 603 5 603
1499032800 5 603 5 603
1499025600 5 603 5 603
1499018400 5 603 5 603
1499011200 5 603 5 603
1499004000 5 603 5 603
1498996800 5 603 5 603
1498989600 5 603 5 603
1498982400 5 603 5 603
1498975200 5 603 5 603
1498968000 5 603 5 603
1498960800 5 603 5 603
1498953600 5 603 5 603
1498946400 5 603 5 603
1498939200 5 603 5 603
1498932000 5 603 5 603
1498924800 5 603 5 603
1498917600 5 603 5 603
1498910400 5 603 5 603
1498903200 5 603 5 603
1498896000 5 603 5 603
1498888800 5 603 5 603
1498881600 5 603 5 603
1498874400 5 603 5 603
1498867200 5 603 5 603
1498860000 5 603 5 603
1498852800 5 603 5 603
1498845600 5 603 5 603
1498838400 5 603 5 603
1498831200 5 603 5 603
1498824000 5 603 5 603
1498816800 5 603 5 603
1498809600 5 603 5 603
1498802400 5 603 5 603
1498795200 5 603 5 603
1498788000 5 603 5 603
1498780800 5 603 5 603
1498773600 5 603 5 603
1498766400 5 603 5 603
1498759200 5 603 5 603
1498752000 5 603 5 603
1498744800 5 603 5 603
1498737600 5 603 5 603
1498730400 5 603 5 603
1498723200 5 603 5 603
1498716000 5 603 5 603
1498694400 5 603 5 603
1498608000 5 603 5 603
1498521600 5 603 5 603
1498435200 5 603 5 603
1498348800 5 603 5 603
1498262400 5 603 5 603
1498176000 5 603 5 603
1498089600 5 603 5 603
1498003200 5 603 5 603
1497916800 5 603 5 603
1497830400 5 603 5 603
1497744000 6 606 56 805
1497657600 19 954 452 3183
1497571200 266 1015 3889 6711
1497484800 191 767 191 767
1497398400 191 767 191 767
1497312000 191 767 191 767
1497225600 189 756 234 874
1497139200 189 765 235 893
1497052800 192 1106 808 4440
1496966400 187 1055 401 2384
1496880000 247 1053 21656 4198
1496793600 171 1234 1298 29842
1496707200 196 1096 6348 2517
1496620800 183 764 232 1572
1496534400 185 764 224 882
1496448000 195 1299 1404 22295
1496361600 190 1222 1012 13751
1496275200 254 1154 19973 3761
1496188800 84 1204 1040 11707
1496102400 89 1293 5729 29558
1496016000 12 767 99 2403
1495929600 14 704 14 704
1495843200 118 1246 618 3709
1495756800 194 1244 1332 4387
1495670400 166 1291 9972 8767
1495584000 178 869 178 869
1495497600 178 869 178 869
1495411200 178 869 178 869
1495324800 178 869 178 869
1495238400 178 869 178 869
1495152000 192 1259 1461 3386
1495065600 193 1285 647 4259
1494979200 40 940 625 3456
1494892800 5 879 5 879
1494806400 5 879 5 879
1494720000 93 841 488 1118
1494633600 199 1138 686 33853
1494547200 100 986 741 8515
1494460800 3 603 3 603
1494374400 3 603 3 603
1494288000 3 603 3 603
1494201600 3 603 3 603
1494115200 3 603 3 603
1494028800 3 603 3 603
1493942400 3 603 3 603
1493856000 3 603 3 603
1493769600 3 603 3 603
1493683200 3 603 3 603
1493596800 3 603 3 603
1493510400 3 603 3 603
1493424000 3 603 3 603
1493337600 3 603 3 603
1493251200 3 603 3 603
1493164800 3 603 3 603
1493078400 3 603 3 603
1492992000 3 603 3 603
1492905600 3 603 3 603
1492819200 3 603 3 603
1492732800 3 603 3 603
1492646400 3 603 3 603
1492560000 3 603 3 603
1492473600 3 603 3 603
1492387200 3 603 3 603
1492300800 3 603 3 603
1492214400 3 603 3 603
1492128000 3 603 3 603
1492041600 3 603 3 603
1491955200 3 603 3 603
1491868800 3 603 3 603
1491782400 3 603 3 603
1491696000 3 603 3 603
1491609600 3 603 3 603
1491523200 3 603 3 603
1491436800 3 603 3 603
1491350400 3 603 3 603
1491264000 3 603 3 603
1491177600 6 566 57 621
1491091200 9 561 79 1467
1491004800 3 1038 151 3056
1490918400 4 1107 185 3108
1490832000 9 1084 289 4137
1490745600 5 1095 109 3646
1490659200 16 710 16 710
1490572800 16 710 16 710
1490486400 16 710 16 710
1490400000 16 710 16 710
1490313600 16 710 16 710
1490227200 16 710 16 710
1490140800 16 710 16 710
1490054400 16 710 16 710
1489968000 16 710 16 710
1489881600 16 710 16 710
1489795200 16 710 16 710
1489708800 16 710 16 710
1489622400 81 947 3699 3661
1489536000 5 880 201 2672
1489449600 165 984 472 2288
1489363200 178 578 186 702
1489276800 179 594 183 856
1489190400 194 1308 2660 45752
1489104000 193 998 699 7225
1489017600 89 938 1846 4901
1488931200 0 52 67 1197
1488844800 0 0 0 0
1488758400 0 0 0 0
1488672000 0 0 0 0
1488585600 0 0 0 0
1488499200 0 0 0 0
1488412800 0 0 0 0
1488326400 0 0 0 0
1488240000 0 0 0 0
1488153600 0 0 0 0
1488067200 0 0 0 0
1487980800 0 0 0 0
1487894400 0 0 0 0
1487808000 0 0 0 0
1487721600 0 0 0 0
1487635200 0 0 0 0
1487548800 0 0 0 0
1487462400 0 0 0 0
1487376000 13 477 24 1765
1487289600 1485 2428 11196 12878
1487203200 32 663 5296 6470
1487116800 0 0 0 0
1487030400 0 0 0 0
1486944000 0 0 0 0
1486857600 0 0 0 0
1486771200 0 0 0 0
1486684800 0 0 0 0
1486598400 0 0 0 0
1486512000 0 0 0 0
1486425600 0 0 0 0
1486339200 0 0 0 0
1486252800 0 0 0 0
1486166400 0 0 0 0
1486080000 0 0 0 0
1485993600 0 0 0 0
1485907200 0 0 0 0
1485820800 4528 654 740160 18104
1485734400 21 413 25 860
1485648000 21 418 24 1852
1485561600 26 692 879 2323
1485475200 25 761 1180 2158
1485388800 21 754 24 2355
1485302400 24 662 1357 2901
1485216000 21 635 24 2006
1485129600 21 358 24 462
1485043200 21 375 25 574
1484956800 21 743 24 2148
1484870400 37 732 2410 3609
1484784000 36 747 2315 3537
1484697600 22 673 23 1760
1484611200 35 664 4029 4956
1484524800 21 369 23 503
1484438400 21 452 24 833
1484352000 21 765 23 2054
1484265600 80 771 6598 7402
1484179200 430 1159 11160 12709
1484092800 22 742 24 2197
1484006400 94 655 11159 12110
1483920000 21 268 24 347
1483833600 21 308 24 603
1483747200 22 646 24 2264
1483660800 21 583 24 1643
1483574400 20 658 37 2175
1483488000 103 712 10514 11571
1483401600 22 300 24 383
1483315200 21 300 24 385
1483228800 21 300 24 383
1483142400 38 541 5384 6030
1483056000 184 676 11122 11787
1482969600 21 433 44 2328
1482883200 21 265 21 265
1482796800 21 265 21 265
1482710400 21 262 24 316
1482624000 22 262 24 323
1482537600 21 430 24 1409
1482451200 26 662 1189 2021
1482364800 314 881 11158 12095
1482278400 21 799 40 28875
1482192000 22 597 27 2257
1482105600 3 69 37 592
1482019200 0 0 0 0
1481932800 0 0 0 0
1481846400 0 0 0 0
1481760000 0 0 0 0
1481673600 0 0 0 0
1481587200 0 0 0 0
1481500800 0 0 0 0
1481414400 0 0 0 0
1481328000 0 0 0 0
1481241600 0 0 0 0
1481155200 0 0 0 0
1481068800 0 0 0 0
1480982400 0 0 0 0
1480896000 0 0 0 0
1480809600 0 0 0 0
1480723200 0 0 0 0
1480636800 0 0 0 0
1480550400 0 0 0 0
1480464000 0 0 0 0
1480377600 0 0 0 0
1480291200 0 0 0 0
1480204800 0 0 0 0
1480118400 0 0 0 0
1480032000 0 0 0 0
1479945600 0 0 0 0
1479859200 0 0 0 0
1479772800 0 0 0 0
1479686400 0 0 0 0
1479600000 0 0 0 0
1479513600 0 0 0 0
1479427200 0 0 0 0
1479340800 0 0 0 0
1479254400 0 0 0 0
1479168000 0 0 0 0
1479081600 0 0 0 0
1478995200 0 0 0 0
1478908800 0 0 0 0
1478822400 0 0 0 0
1478736000 0 0 0 0
1478649600 0 0 0 0
1478563200 0 0 0 0
1478476800 0 0 0 0
1478390400 0 0 0 0
1478304000 0 0 0 0
1478217600 0 0 0 0
1478131200 0 0 0 0
1478044800 0 0 0 0
1477958400 0 0 0 0
1477872000 0 0 0 0
1477785600 0 0 0 0
1477699200 0 0 0 0
1477612800 0 0 0 0
1477526400 0 0 0 0
1477440000 0 0 0 0
1477353600 0 0 0 0
1477267200 0 0 0 0
1477180800 0 0 0 0
1477094400 0 0 0 0
1477008000 0 0 0 0
1476921600 0 0 0 0
1476835200 0 0 0 0
1476748800 0 0 0 0
1476662400 0 0 0 0
1476576000 0 0 0 0
1476489600 0 0 0 0
1476403200 0 0 0 0
1476316800 0 0 0 0
1476230400 0 0 0 0
1476144000 0 0 0 0
1476057600 0 0 0 0
1475971200 0 0 0 0
1475884800 0 0 0 0
1475798400 0 0 0 0
1475712000 0 0 0 0
1475625600 0 0 0 0
1475539200 0 0 0 0
1475452800 0 0 0 0
1475366400 0 0 0 0
1475280000 0 0 0 0
1475193600 0 0 0 0
1475107200 0 0 0 0
1475020800 0 0 0 0
1474934400 0 0 0 0
1474848000 0 0 0 0
1474761600 0 0 0 0
1474675200 0 0 0 0
1474588800 0 0 0 0
1474502400 0 0 0 0
1474416000 0 0 0 0
1474329600 0 0 0 0
1474243200 0 0 0 0
1474156800 0 0 0 0
1474070400 0 0 0 0
1473984000 0 0 0 0
1473897600 0 0 0 0
1473811200 0 0 0 0
1473724800 0 0 0 0
1473638400 0 0 0 0
1473552000 0 0 0 0
1473465600 0 0 0 0
1473379200 0 0 0 0
1473292800 0 0 0 0
1473206400 0 0 0 0
1473120000 0 0 0 0
1473033600 0 0 0 0
1472947200 0 0 0 0
1472860800 0 0 0 0
1472774400 0 0 0 0
1472688000 0 0 0 0
1472601600 0 0 0 0
1472515200 0 0 0 0
1472428800 0 0 0 0
1472342400 0 0 0 0
1472256000 0 0 0 0
1472169600 0 0 0 0
1472083200 0 0 0 0
1471996800 0 0 0 0
1471910400 0 0 0 0
1471824000 0 0 0 0
1471737600 0 0 0 0
1471651200 0 0 0 0
1471564800 0 0 0 0
1471478400 0 0 0 0
1471392000 0 0 0 0
1471305600 0 0 0 0
1471219200 0 0 0 0
1471132800 0 0 0 0
1471046400 0 0 0 0
1470960000 0 0 0 0
1470873600 0 0 0 0
1470787200 0 0 0 0
1470700800 0 0 0 0
1470614400 0 0 0 0
1470528000 0 0 0 0
1470441600 0 0 0 0
1470355200 0 0 0 0
1470268800 0 0 0 0
1470182400 0 0 0 0
1470096000 0 0 0 0
1470009600 0 0 0 0
1469923200 0 0 0 0
1469836800 0 0 0 0
1469750400 0 0 0 0
1469664000 0 0 0 0
1469577600 0 0 0 0
1469491200 0 0 0 0
1469404800 0 0 0 0
1469318400 0 0 0 0
1469232000 0 0 0 0
1469145600 0 0 0 0
1469059200 0 0 0 0
1468972800 0 0 0 0
1468886400 0 0 0 0
1468800000 0 0 0 0
1468713600 0 0 0 0
1468627200 0 0 0 0
1468540800 0 0 0 0
1468454400 0 0 0 0
1468368000 0 0 0 0
1468281600 0 0 0 0
1468195200 0 0 0 0
1468108800 0 0 0 0
1468022400 0 0 0 0
1467936000 0 0 0 0
1467849600 0 0 0 0
1467763200 0 0 0 0
1467676800 0 0 0 0
1467590400 0 0 0 0
1467504000 0 0 0 0
1467417600 0 0 0 0
1467331200 0 0 0 0
1467244800 0 0 0 0
1467158400 0 0 0 0
1467072000 0 0 0 0
1466985600 0 0 0 0
1466899200 0 0 0 0
1466812800 0 0 0 0
1466726400 0 0 0 0
1466640000 0 0 0 0
1466553600 0 0 0 0
1466467200 0 0 0 0
1466380800 0 0 0 0
1466294400 0 0 0 0
1466208000 0 0 0 0
1466121600 0 0 0 0
1466035200 0 0 0 0
1465948800 0 0 0 0
1465862400 0 0 0 0
1465776000 0 0 0 0
1465689600 0 0 0 0
1465603200 0 0 0 0
1465516800 0 0 0 0
1465430400 0 0 0 0
1465344000 0 0 0 0
1465257600 0 0 0 0
1465171200 0 0 0 0
1465084800 0 0 0 0
1464998400 0 0 0 0
1464912000 0 0 0 0
1464825600 0 0 0 0
1464739200 0 0 0 0
1464652800 0 0 0 0
1464566400 0 0 0 0
1464480000 0 0 0 0
1464393600 0 0 0 0
1464307200 0 0 0 0
1464220800 0 0 0 0
1464134400 0 0 0 0
1464048000 0 0 0 0
1463961600 0 0 0 0
1463875200 0 0 0 0
1463788800 0 0 0 0
1463702400 0 0 0 0
1463616000 0 0 0 0
1463529600 0 0 0 0
1463443200 0 0 0 0
1463356800 0 0 0 0
1463270400 0 0 0 0
1463184000 0 0 0 0
1463097600 0 0 0 0
1463011200 0 0 0 0
1462924800 0 0 0 0
1462838400 0 0 0 0
1462752000 0 0 0 0
1462665600 0 0 0 0
1462579200 0 0 0 0
1462492800 0 0 0 0
1462406400 0 0 0 0
1462320000 0 0 0 0
1462233600 0 0 0 0
1462147200 0 0 0 0
1462060800 0 0 0 0
1461974400 0 0 0 0
1461888000 0 0 0 0
1461801600 0 0 0 0
1461715200 0 0 0 0
1461628800 0 0 0 0
1461542400 0 0 0 0
1461456000 0 0 0 0
1461369600 0 0 0 0
1461283200 0 0 0 0
1461196800 0 0 0 0
1461110400 0 0 0 0
1461024000 0 0 0 0
1460937600 0 0 0 0
1460851200 0 0 0 0
1460764800 0 0 0 0
1460678400 0 0 0 0
1460592000 0 0 0 0
1460505600 0 0 0 0
1460419200 0 0 0 0
1460332800 0 0 0 0
1460246400 0 0 0 0
1460160000 0 0 0 0
1460073600 0 0 0 0
1459987200 0 0 0 0
1459900800 0 0 0 0
1459814400 0 0 0 0
1459728000 0 0 0 0
1459641600 0 0 0 0
1459555200 0 0 0 0
1459468800 0 0 0 0
1459382400 0 0 0 0
1459296000 0 0 0 0
1459209600 0 0 0 0
1459123200 0 0 0 0
1459036800 0 0 0 0
1458950400 0 0 0 0
1458864000 0 0 0 0
1458777600 0 0 0 0
1458691200 0 0 0 0
1458604800 0 0 0 0
1458518400 0 0 0 0
1458432000 0 0 0 0
1458345600 0 0 0 0
1458259200 0 0 0 0
1458172800 0 0 0 0
1458086400 0 0 0 0
1458000000 0 0 0 0
1457913600 0 0 0 0
1457827200 0 0 0 0
1457740800 0 0 0 0
1457654400 0 0 0 0
1457568000 0 0 0 0
1457481600 0 0 0 0
1457395200 0 0 0 0
1457308800 0 0 0 0
1457222400 0 0 0 0
1457136000 0 0 0 0
1457049600 0 0 0 0
1456963200 0 0 0 0
1456876800 0 0 0 0
1456790400 0 0 0 0
1456704000 0 0 0 0
1456617600 0 0 0 0
1456531200 0 0 0 0
1456444800 0 0 0 0
1456358400 0 0 0 0
1456272000 0 0 0 0
1456185600 0 0 0 0
1456099200 0 0 0 0
1456012800 0 0 0 0
1455926400 0 0 0 0
1455840000 0 0 0 0
1455753600 0 0 0 0
1455667200 0 0 0 0
1455580800 0 0 0 0
1455494400 0 0 0 0
1455408000 0 0 0 0
1455321600 0 0 0 0
1455235200 0 0 0 0
1455148800 0 0 0 0
1455062400 0 0 0 0
1454976000 0 0 0 0
1454889600 0 0 0 0
1454803200 0 0 0 0
1454716800 0 0 0 0
1454630400 0 0 0 0
1454544000 0 0 0 0
1454457600 0 0 0 0
1454371200 0 0 0 0
1454284800 0 0 0 0
1454198400 0 0 0 0
1454112000 0 0 0 0
1454025600 0 0 0 0
1453939200 0 0 0 0
1453852800 0 0 0 0
1453766400 0 0 0 0
1453680000 0 0 0 0
1453593600 0 0 0 0
1453507200 0 0 0 0
1453420800 0 0 0 0
1453334400 0 0 0 0
1453248000 0 0 0 0
1453161600 0 0 0 0
1453075200 0 0 0 0
1452988800 0 0 0 0
1452902400 0 0 0 0
1452816000 0 0 0 0
1452729600 0 0 0 0
1452643200 0 0 0 0
1452556800 0 0 0 0
1452470400 0 0 0 0
1452384000 0 0 0 0
1452297600 0 0 0 0
1452211200 0 0 0 0
1452124800 0 0 0 0
1452038400 0 0 0 0
1451952000 0 0 0 0
1451865600 0 0 0 0
1451779200 0 0 0 0
1451692800 0 0 0 0
1451606400 0 0 0 0
1451520000 0 0 0 0
1451433600 0 0 0 0
1451347200 0 0 0 0
1451260800 0 0 0 0
1451174400 0 0 0 0
1451088000 0 0 0 0
1451001600 0 0 0 0
1450915200 0 0 0 0
1450828800 0 0 0 0
1450742400 0 0 0 0
1450656000 0 0 0 0
1450569600 0 0 0 0
1450483200 0 0 0 0
1450396800 0 0 0 0
1450310400 0 0 0 0
1450224000 0 0 0 0
1450137600 0 0 0 0
1450051200 0 0 0 0
1449964800 0 0 0 0
1449878400 0 0 0 0
1449792000 0 0 0 0
1449705600 0 0 0 0
1449619200 0 0 0 0
1449532800 0 0 0 0
1449446400 0 0 0 0
1449360000 0 0 0 0
1449273600 0 0 0 0
1449187200 0 0 0 0
1449100800 0 0 0 0
1449014400 0 0 0 0
1448928000 0 0 0 0
1448841600 0 0 0 0
1448755200 0 0 0 0
1448668800 0 0 0 0
1448582400 0 0 0 0
1448496000 0 0 0 0
1448409600 0 0 0 0
1448323200 0 0 0 0
1448236800 0 0 0 0
1448150400 0 0 0 0
1448064000 0 0 0 0
1447977600 0 0 0 0
1447891200 0 0 0 0
1447804800 0 0 0 0
1447718400 0 0 0 0
1447632000 0 0 0 0
1447545600 0 0 0 0
1447459200 0 0 0 0
1447372800 0 0 0 0
1447286400 0 0 0 0
1447200000 0 0 0 0
1447113600 0 0 0 0
1447027200 0 0 0 0
1446940800 0 0 0 0
1446854400 0 0 0 0
1446768000 0 0 0 0
1446681600 0 0 0 0
1446595200 0 0 0 0
1446508800 0 0 0 0
1446422400 0 0 0 0
1446336000 0 0 0 0
1446249600 0 0 0 0
1446163200 0 0 0 0
1446076800 0 0 0 0
1445990400 0 0 0 0
1445904000 0 0 0 0
1445817600 0 0 0 0
1445731200 0 0 0 0
1445644800 0 0 0 0
1445558400 0 0 0 0
1445472000 0 0 0 0
1445385600 0 0 0 0
1445299200 0 0 0 0
1445212800 0 0 0 0
1445126400 0 0 0 0
1445040000 0 0 0 0
1444953600 0 0 0 0
1444867200 0 0 0 0
1444780800 0 0 0 0
1444694400 0 0 0 0
1444608000 0 0 0 0
1444521600 0 0 0 0
1444435200 0 0 0 0
1444348800 0 0 0 0
1444262400 0 0 0 0
1444176000 0 0 0 0
1444089600 0 0 0 0
1444003200 0 0 0 0
1443916800 0 0 0 0
1443830400 0 0 0 0
1443744000 0 0 0 0
1443657600 0 0 0 0
1443571200 0 0 0 0
1443484800 0 0 0 0
1443398400 0 0 0 0
1443312000 0 0 0 0
1443225600 0 0 0 0
1443139200 0 0 0 0
1443052800 0 0 0 0
1442966400 0 0 0 0
1442880000 0 0 0 0
1442793600 0 0 0 0
1442707200 0 0 0 0
1442620800 0 0 0 0
1442534400 0 0 0 0
1442448000 0 0 0 0
1442361600 0 0 0 0
1442275200 0 0 0 0
1442188800 0 0 0 0
1442102400 0 0 0 0
1442016000 0 0 0 0
1441929600 0 0 0 0
1441843200 0 0 0 0
1441756800 0 0 0 0
1441670400 0 0 0 0
1441584000 0 0 0 0
1441497600 0 0 0 0
1441411200 0 0 0 0
1441324800 0 0 0 0
1441238400 0 0 0 0
1441152000 0 0 0 0
1441065600 0 0 0 0
1440979200 0 0 0 0
1440892800 0 0 0 0
1440806400 0 0 0 0
1440720000 0 0 0 0
1440633600 0 0 0 0
1440547200 0 0 0 0
1440460800 0 0 0 0
1440374400 0 0 0 0
1440288000 0 0 0 0
1440201600 0 0 0 0
1440115200 0 0 0 0
1440028800 0 0 0 0
1439942400 0 0 0 0
1439856000 0 0 0 0
1439769600 0 0 0 0
1439683200 0 0 0 0
1439596800 0 0 0 0
1439510400 0 0 0 0
1439424000 0 0 0 0
1439337600 0 0 0 0
1439251200 0 0 0 0
1439164800 0 0 0 0
1439078400 0 0 0 0
1438992000 0 0 0 0
1438905600 0 0 0 0
1438819200 0 0 0 0
1438732800 0 0 0 0
1438646400 0 0 0 0
1438560000 0 0 0 0
1438473600 0 0 0 0
1438387200 0 0 0 0
1438300800 0 0 0 0
1438214400 0 0 0 0
1438128000 0 0 0 0
1438041600 0 0 0 0
1437955200 0 0 0 0
1437868800 0 0 0 0
1437782400 0 0 0 0
1437696000 0 0 0 0
1437609600 0 0 0 0
1437523200 0 0 0 0
1437436800 0 0 0 0
1437350400 0 0 0 0
1437264000 0 0 0 0
1437177600 0 0 0 0
1437091200 0 0 0 0
1437004800 0 0 0 0
1436918400 0 0 0 0
1436832000 0 0 0 0
1436745600 0 0 0 0
1436659200 0 0 0 0
1436572800 0 0 0 0
1436486400 0 0 0 0
1436400000 0 0 0 0
1436313600 0 0 0 0
1436227200 0 0 0 0
1436140800 0 0 0 0
1436054400 0 0 0 0
1435968000 0 0 0 0
1435881600 0 0 0 0
1435795200 0 0 0 0
1435708800 0 0 0 0
1435622400 0 0 0 0
1435536000 0 0 0 0
