1504297340 32695013 12143493648
1504297340 2 901 2 901
1504297040 2 959 2 959
1504296900 2 1110 2 1283
1504296600 2 1242 2 1283
1504296300 2 1210 2 1226
1504296000 2 1200 2 1226
1504295700 2 1455 2 1781
1504295400 2 1461 2 1781
1504295100 2 1220 2 1363
1504294800 2 1455 2 1562
1504294500 2 1253 2 1562
1504294200 2 972 2 1055
1504293900 2 1030 2 1055
1504293600 2 1007 2 1012
1504293300 2 993 2 1012
1504293000 2 1045 2 1129
1504292700 2 1199 2 1281
1504292400 2 1259 2 1281
1504292100 2 1162 2 1235
1504291800 2 1077 2 1079
1504291500 2 1129 2 1192
1504291200 2 1181 2 1192
1504290900 2 1201 2 1237
1504290600 2 1226 2 1237
1504290300 2 1320 2 1442
1504290000 2 1339 2 1442
1504289700 2 1333 2 1459
1504289400 2 1406 2 1459
1504289100 2 1251 2 1347
1504288800 2 1098 2 1143
1504288500 2 1031 2 1047
1504288200 2 993 2 1015
1504287900 2 973 2 978
1504287600 2 1123 2 1289
1504287300 2 1226 2 1289
1504287000 2 1204 2 1261
1504286700 2 1328 2 1405
1504286400 2 1291 2 1405
1504286100 2 1150 2 1161
1504285800 2 1173 2 1214
1504285500 2 1180 2 1214
1504285200 2 1139 2 1142
1504284900 2 1122 2 1136
1504284600 2 1154 2 1209
1504284300 2 1271 2 1343
1504284000 2 1237 2 1343
1504283700 2 1173 2 1237
1504283400 2 1121 2 1237
1504283100 2 1022 2 1059
1504282800 2 1086 2 1118
1504282500 2 1127 2 1138
1504282200 2 1141 2 1145
1504281900 2 1176 2 1212
1504281600 2 1155 2 1212
1504281300 2 1209 2 1346
1504281000 2 1305 2 1346
1504280700 2 1193 2 1260
1504280400 2 1177 2 1246
1504280100 2 1191 2 1246
1504279800 2 1159 2 1193
1504279500 2 1201 2 1211
1504279200 2 1297 2 1395
1504278900 2 1434 2 1480
1504278600 2 1295 2 1480
1504278300 2 1152 2 1231
1504278000 2 1282 2 1342
1504277700 2 1268 2 1342
1504277400 2 1137 2 1185
1504277100 2 1182 2 1294
1504276800 2 1248 2 1294
1504276500 2 1092 2 1197
1504276200 2 1142 2 1333
1504275900 2 1220 2 1333
1504275600 2 1273 2 1483
1504275300 2 1634 2 1807
1504275000 2 1478 2 1807
1504274700 2 1079 2 1108
1504274400 2 1189 2 1353
1504274100 2 1451 2 1563
1504273800 2 1372 2 1563
1504273500 2 1172 2 1193
1504273200 2 1253 2 1321
1504272900 2 1516 2 1740
1504272600 2 1655 2 1740
1504272300 2 1526 2 1559
1504272000 2 1281 2 1490
1504271700 2 1274 2 1539
1504271400 2 1573 2 1612
1504271100 2 1440 2 1612
1504270800 2 1014 2 1247
1504270500 2 809 2 875
1504270200 2 737 2 875
1504269900 2 763 2 973
1504269600 2 765 2 973
1504269300 2 763 2 1027
1504269000 2 938 2 1027
1504268700 2 690 2 839
1504268400 2 535 2 552
1504268100 2 550 2 552
1504267800 2 509 4 548
1504267500 3 509 4 558
1504267200 2 635 2 723
1504266900 2 639 2 723
1504266600 2 507 2 543
1504266300 2 460 2 467
1504266000 2 420 2 454
1504265700 2 420 2 464
1504265400 2 473 2 484
1504265100 2 429 2 484
1504264800 2 405 2 449
1504264500 2 446 2 449
1504264200 2 403 2 444
1504263900 2 417 2 487
1504263600 2 459 2 487
1504263300 2 412 2 429
1504263000 2 434 2 481
1504262700 2 453 2 481
1504262400 2 434 2 447
1504262100 2 472 2 502
1504261800 2 463 2 502
1504261500 2 421 2 423
1504261200 2 443 2 467
1504260900 2 455 2 467
1504260600 2 415 2 443
1504260300 2 424 2 472
1504260000 2 426 2 472
1504259700 2 385 2 398
1504259400 2 451 2 511
1504259100 2 436 2 511
1504258800 2 373 2 399
1504258500 2 434 2 475
1504258200 2 433 2 475
1504257900 2 404 2 425
1504257600 2 433 2 444
1504257300 2 425 2 444
1504257000 2 394 2 404
1504256700 2 411 2 443
1504256400 2 424 2 443
1504256100 2 402 2 404
1504255800 2 429 2 463
1504255500 2 423 2 463
1504255200 2 396 2 417
1504254900 2 408 2 417
1504254600 2 402 2 407
1504254300 2 438 2 475
1504254000 2 452 2 475
1504253700 2 430 2 434
1504253400 2 404 2 434
1504253100 2 376 2 383
1504252800 2 377 2 383
1504252500 2 399 2 432
1504252200 2 412 2 432
1504251900 2 386 2 390
1504251600 2 395 2 409
1504251300 2 400 2 409
1504251000 2 397 2 405
1504250700 2 425 2 448
1504250400 2 450 2 454
1504250100 2 423 2 454
1504249800 2 406 2 426
1504249500 2 395 2 426
1504249200 2 386 2 417
1504248900 2 438 2 463
1504248600 2 433 2 463
1504248300 2 398 2 400
1504248000 2 411 2 430
1504247700 2 399 2 430
1504247400 2 383 2 403
1504247100 2 422 2 444
1504246800 2 436 2 444
1504246500 2 439 2 451
1504246200 2 432 2 451
1504245900 2 402 2 411
1504245600 2 415 2 442
1504245300 2 432 2 442
1504245000 2 422 2 423
1504244700 2 416 2 423
1504244400 2 410 2 411
1504244100 2 404 2 411
1504243800 2 431 2 469
1504243500 2 452 2 469
1504243200 2 440 2 450
1504242900 2 439 2 450
1504242600 2 424 2 427
1504242300 2 408 2 422
1504242000 2 414 2 438
1504241700 2 437 2 438
1504241400 2 421 2 436
1504241100 2 410 2 418
1504240800 2 391 2 418
1504240500 2 383 2 409
1504240200 2 443 2 482
1504239900 2 448 2 482
1504239600 2 411 2 412
1504239300 2 470 2 536
1504239000 2 457 2 536
1504238700 2 377 2 386
1504238400 2 450 2 524
1504238100 2 442 2 524
1504237800 2 398 2 456
1504237500 2 444 2 456
1504237200 2 404 2 431
1504236900 2 390 2 410
1504236600 2 433 2 459
1504236300 2 458 2 459
1504236000 2 446 2 457
1504235700 2 420 2 435
1504235400 2 408 2 413
1504235100 2 420 2 428
1504234800 2 394 2 428
1504234500 2 392 2 432
1504234200 2 447 2 465
1504233900 2 418 2 465
1504233600 2 398 2 435
1504233300 2 442 2 450
1504233000 2 407 2 450
1504232700 2 388 2 423
1504232400 2 451 2 483
1504232100 2 441 2 483
1504231800 2 388 2 395
1504231500 2 412 2 447
1504231200 2 415 2 447
1504230900 2 377 2 379
1504230600 2 430 2 491
1504230300 2 446 2 491
1504230000 2 377 2 396
1504229700 2 440 2 536
1504229400 2 473 2 536
1504229100 2 407 2 413
1504228800 2 428 2 445
1504228500 2 406 2 445
1504228200 2 387 2 416
1504227900 2 426 2 439
1504227600 2 418 2 439
1504227300 2 406 2 419
1504227000 2 443 2 471
1504226700 2 440 2 471
1504226400 2 414 2 424
1504226100 2 434 2 446
1504225800 2 424 2 446
1504225500 2 427 2 458
1504225200 2 457 2 458
1504224900 2 442 2 456
1504224600 2 438 2 451
1504224300 2 441 2 451
1504224000 2 426 2 431
1504223700 2 445 2 473
1504223400 2 436 2 473
1504223100 2 416 2 439
1504222800 2 455 2 475
1504222500 2 426 2 475
1504222200 2 414 2 463
1504221900 2 450 2 463
1504221600 2 414 2 437
1504221300 2 389 2 391
1504221000 2 423 2 461
1504220700 2 439 2 461
1504220400 2 415 2 415
1504220100 2 439 2 467
1504219800 2 425 2 467
1504219500 2 393 2 413
1504219200 2 422 2 434
1504218900 2 433 2 434
1504218600 2 446 2 463
1504218300 2 463 2 464
1504218000 2 434 2 464
1504217700 2 433 2 469
1504217400 2 422 2 469
1504217100 2 409 2 455
1504216800 2 439 2 455
1504216500 2 399 2 422
1504216200 2 452 2 543
1504215900 2 592 2 648
1504215600 2 581 2 648
1504215300 2 525 2 549
1504215000 2 580 2 615
1504214700 2 581 2 615
1504214400 2 629 2 727
1504214100 2 702 2 727
1504213800 2 737 2 809
1504213500 2 902 2 1009
1504213200 2 1019 2 1031
1504212900 2 1172 2 1335
1504212600 2 1308 2 1335
1504212300 2 1163 2 1279
1504212000 2 1017 2 1031
1504211700 2 1151 2 1323
1504211400 2 1359 2 1401
1504211100 2 1303 2 1401
1504210800 2 1193 2 1194
1504210500 2 1345 2 1518
1504210200 2 1377 2 1518
1504209900 2 1173 2 1217
1504209600 2 1319 2 1544
1504209300 2 1350 2 1544
1504209000 2 1335 2 1564
1504208700 2 1536 2 1564
1504208400 2 1353 2 1505
1504208100 2 1242 2 1310
1504207800 2 1255 2 1310
1504207500 2 1358 2 1546
1504207200 2 1504 2 1546
1504206900 2 1320 2 1457
1504206600 2 1222 2 1289
1504206300 2 1400 2 1527
1504206000 2 1454 2 1527
1504205700 2 1309 2 1372
1504205400 2 1301 2 1373
1504205100 2 1488 2 1620
1504204800 2 1423 2 1620
1504204500 2 1210 2 1224
1504204200 2 1378 2 1553
1504203900 2 1517 2 1553
1504203600 2 1490 2 1506
1504203300 2 1511 2 1518
1504203000 2 1488 2 1518
1504202700 2 1474 2 1497
1504202400 2 1491 2 1497
1504202100 2 1320 2 1486
1504201800 2 1181 2 1237
1504201500 2 1251 2 1267
1504201200 2 1270 2 1274
1504200900 2 1306 2 1343
1504200600 2 1352 2 1363
1504200300 2 1274 2 1363
1504200000 2 1223 2 1279
1504199700 2 1253 2 1279
1504199400 2 1224 2 1226
1504199100 2 1378 2 1553
1504198800 2 1466 2 1553
1504198500 2 1356 2 1368
1504198200 2 1289 2 1343
1504197900 2 1494 2 1795
1504197600 2 1573 2 1795
1504197300 2 1287 2 1324
1504197000 2 1423 2 1627
1504196700 2 1508 2 1627
1504196400 2 1357 2 1372
1504196100 2 1318 2 1341
1504195800 2 1378 2 1477
1504195500 2 1327 2 1477
1504195200 2 1290 2 1445
1504194900 2 1600 2 1778
1504194600 2 1626 2 1778
1504194300 2 1539 2 1639
1504194000 2 1606 2 1639
1504193700 2 1359 2 1569
1504193400 2 1356 2 1626
1504193100 2 1509 2 1626
1504192800 2 1274 2 1377
1504192500 2 1293 2 1446
1504192200 2 1413 2 1446
1504191900 2 1479 2 1597
1504191600 2 1516 2 1597
1504191300 2 1307 2 1426
1504191000 2 1148 2 1172
1504190700 2 1460 2 1848
1504190400 2 1606 2 1848
1504190100 2 1380 2 1433
1504189800 2 1330 2 1433
1504189500 2 1214 2 1217
1504189200 2 1183 2 1217
1504188900 2 1303 2 1484
1504188600 2 1380 2 1484
1504188300 2 1175 2 1262
1504188000 2 1070 2 1077
1504187700 2 1193 2 1341
1504187400 2 1498 2 1676
1504187100 2 1465 2 1676
1504186800 2 1466 2 1731
1504186500 2 1914 2 2122
1504186200 2 1867 2 2122
1504185900 2 1365 2 1580
1504185600 2 1250 2 1397
1504185300 2 1355 2 1397
1504185000 2 1465 2 1645
1504184700 2 1568 2 1645
1504184400 2 1290 2 1480
1504184100 2 1101 2 1133
1504183800 2 1185 2 1244
1504183500 2 1104 2 1244
1504183200 2 1008 2 1081
1504182900 2 976 2 1081
1504182600 2 1045 2 1260
1504182300 2 1018 2 1260
1504182000 2 1112 2 1536
1504181700 2 1401 2 1536
1504181400 2 1086 2 1247
1504181100 3 847 5 903
1504180800 3 787 5 791
1504180500 2 810 2 832
1504180200 2 845 2 860
1504179900 2 830 2 860
1504179600 2 808 2 821
1504179300 2 808 2 821
1504179000 2 810 2 828
1504178700 2 807 2 828
1504178400 2 845 2 914
1504178100 2 824 2 914
1504177800 2 769 2 822
1504177500 2 820 2 822
1504177200 2 851 2 889
1504176900 2 865 2 889
1504176600 2 838 2 840
1504176300 2 803 2 836
1504176000 2 782 2 801
1504175700 2 795 2 801
1504175400 2 807 2 828
1504175100 2 794 2 828
1504174800 2 803 2 857
1504174500 2 830 2 857
1504174200 2 806 2 813
1504173900 2 795 2 813
1504173600 2 803 2 836
1504173300 2 839 2 843
1504173000 2 833 2 843
1504172700 2 815 2 822
1504172400 2 817 2 829
1504172100 2 783 2 829
1504171800 2 773 2 820
1504171500 2 820 2 820
1504171200 2 802 2 820
1504170900 2 799 2 819
1504170600 2 820 2 823
1504170300 2 773 2 823
1504170000 2 766 2 824
1504169700 2 810 2 824
1504169400 2 809 2 825
1504169100 2 810 2 825
1504168800 2 796 2 801
1504168500 2 792 2 801
1504168200 2 769 2 782
1504167900 2 803 2 859
1504167600 2 818 2 859
1504167300 2 801 2 833
1504167000 2 833 2 834
1504166700 2 791 2 834
1504166400 2 776 2 814
1504166100 2 796 2 814
1504165800 2 823 2 877
1504165500 2 821 2 877
1504165200 2 778 2 801
1504164900 2 795 2 801
1504164600 2 808 2 830
1504164300 2 791 2 830
1504164000 2 799 2 859
1504163700 2 833 2 859
1504163400 2 797 2 804
1504163100 2 794 2 798
1504162800 2 805 2 815
1504162500 2 800 2 815
1504162200 2 788 2 794
1504161900 2 822 2 855
1504161600 2 787 2 855
1504161300 2 766 2 831
1504161000 2 823 2 831
1504160700 2 774 2 814
1504160400 2 816 2 914
1504160100 2 853 2 914
1504159800 2 788 2 792
1504159500 2 789 2 792
1504159200 2 803 2 823
1504158900 2 789 2 823
1504158600 2 794 2 845
1504158300 2 813 2 845
1504158000 2 796 2 816
1504157700 2 776 2 816
1504157400 2 793 2 863
1504157100 2 909 2 961
1504156800 2 1147 2 1360
1504156500 2 933 2 1360
1504156200 2 488 2 538
1504155900 2 530 2 538
1504155600 2 542 2 568
1504155300 2 563 2 568
1504155000 2 558 2 559
1504154700 2 513 2 557
1504154400 2 511 2 567
1504154100 2 551 2 567
1504153800 2 535 2 536
1504153500 2 547 2 560
1504153200 2 574 2 590
1504152900 2 551 2 590
1504152600 2 531 2 558
1504152300 2 562 2 568
1504152000 2 550 2 568
1504151700 2 551 2 576
1504151400 2 581 2 587
1504151100 2 546 2 587
1504150800 2 551 2 609
1504150500 2 577 2 609
1504150200 2 565 2 593
1504149900 2 581 2 593
1504149600 2 569 2 572
1504149300 2 573 2 576
1504149000 2 574 2 576
1504148700 2 566 2 573
1504148400 2 582 2 609
1504148100 2 592 2 609
1504147800 2 562 2 574
1504147500 2 564 2 582
1504147200 2 602 2 626
1504146900 2 571 2 626
1504146600 2 548 2 592
1504146300 2 599 2 607
1504146000 2 569 2 607
1504145700 2 556 2 589
1504145400 2 605 2 624
1504145100 2 578 2 624
1504144800 2 559 2 596
1504144500 2 583 2 596
1504144200 2 558 2 570
1504143900 2 578 2 615
1504143600 2 623 2 634
1504143300 2 575 2 634
1504143000 2 569 2 640
1504142700 2 619 2 640
1504142400 2 591 2 596
1504142100 2 589 2 594
1504141800 2 593 2 594
1504141500 2 578 2 592
1504141200 2 582 2 605
1504140900 2 595 2 605
1504140600 2 606 2 631
1504140300 2 590 2 631
1504140000 2 558 2 573
1504139700 2 589 2 608
1504139400 2 634 2 665
1504139100 2 611 2 665
1504138800 2 598 2 652
1504138500 2 626 2 652
1504138200 2 585 2 598
1504137900 2 570 2 572
1504137600 2 596 2 628
1504137300 2 586 2 628
1504137000 2 585 2 638
1504136700 2 615 2 638
1504136400 2 571 2 589
1504136100 2 576 2 605
1504135800 2 613 2 624
1504135500 2 584 2 624
1504135200 2 598 2 666
1504134900 2 616 2 666
1504134600 2 546 2 560
1504134300 2 555 2 584
1504134000 2 609 2 639
1504133700 2 597 2 639
1504133400 2 601 2 659
1504133100 2 624 2 659
1504132800 2 543 2 585
1504132500 2 558 2 629
1504132200 2 650 2 676
1504131900 2 620 2 676
1504131600 2 576 2 598
1504131300 2 584 2 598
1504131000 2 630 2 699
1504130700 2 675 2 699
1504130400 2 613 2 648
1504130100 2 585 2 599
1504129800 2 653 2 716
1504129500 2 640 2 716
1504129200 2 613 2 681
1504128900 2 680 2 681
1504128600 2 733 2 794
1504128300 2 1485 2 2275
1504128000 2 1745 2 2275
1504127700 2 958 2 1141
1504127400 2 813 2 887
1504127100 2 862 2 887
1504126800 2 821 2 834
1504126500 2 1020 2 1265
1504126200 2 1296 2 1333
1504125900 2 1204 2 1333
1504125600 2 986 2 1060
1504125300 2 1022 2 1159
1504125000 2 1161 2 1165
1504124700 2 1239 2 1323
1504124400 2 1765 2 2271
1504124100 2 1756 2 2271
1504123800 2 1207 2 1251
1504123500 2 1358 2 1482
1504123200 2 1428 2 1482
1504122900 2 1317 2 1367
1504122600 2 1406 2 1572
1504122300 2 1408 2 1572
1504122000 2 1476 2 1761
1504121700 2 1583 2 1761
1504121400 2 1497 2 1629
1504121100 2 1493 2 1629
1504120800 2 1333 2 1338
1504120500 2 1360 2 1396
1504120200 2 1527 2 1678
1504119900 2 1819 2 1980
1504119600 2 1814 2 1980
1504119300 2 1524 2 1626
1504119000 2 1388 2 1409
1504118700 2 1269 2 1366
1504118400 2 1302 2 1464
1504118100 2 1623 2 1805
1504117800 2 1561 2 1805
1504117500 2 1264 2 1284
1504117200 2 1480 2 1757
1504116000 2 1292 2 1540
1504114200 2 1274 2 1540
1504112400 2 1200 2 1375
1504110600 2 1481 2 1770
1504108800 2 1357 2 1770
1504107000 2 1327 2 1675
1504105200 2 1531 2 2031
1504103400 2 1523 2 2014
1504101600 2 1346 2 1526
1504099800 2 1512 2 1752
1504098000 2 1319 2 2188
1504096200 2 954 2 1186
1504094400 2 719 4 1138
1504092600 2 608 2 647
1504090800 2 609 2 674
1504089000 2 644 2 766
1504087200 2 584 2 653
1504085400 2 602 2 677
1504083600 2 580 2 646
1504081800 2 603 2 634
1504080000 2 595 2 625
1504078200 2 597 2 659
1504076400 2 587 2 659
1504074600 2 580 2 657
1504072800 2 582 2 606
1504071000 2 589 2 633
1504069200 2 582 2 605
1504067400 2 587 2 613
1504065600 2 581 2 620
1504063800 2 587 2 619
1504062000 2 597 2 628
1504060200 2 610 2 749
1504058400 2 619 2 796
1504056600 2 605 2 744
1504054800 2 593 2 689
1504053000 2 601 2 645
1504051200 2 588 2 670
1504049400 2 588 2 641
1504047600 2 584 2 622
1504045800 2 603 2 652
1504044000 2 763 2 1208
1504042200 2 795 2 876
1504040400 2 1225 2 1475
1504038600 2 1397 2 1639
1504036800 2 1563 2 2116
1504035000 2 1822 2 2116
1504033200 2 1600 2 2064
1504031400 2 1431 2 1763
1504029600 2 1516 2 1944
1504027800 2 1692 2 1985
1504026000 2 1368 2 1568
1504024200 2 1472 2 1684
1504022400 2 1418 2 1589
1504020600 2 1486 2 1781
1504018800 2 1567 2 1814
1504017000 2 1448 2 1717
1504015200 2 1727 2 2223
1504013400 2 1696 2 1930
1504011600 2 1190 2 1470
1504009800 2 929 2 1172
1504008000 2 769 3 1311
1504006200 2 614 2 865
1504004400 2 537 2 594
1504002600 2 554 2 601
1504000800 2 562 2 590
1503999000 2 547 2 623
1503997200 2 551 2 593
1503995400 2 552 2 605
1503993600 2 549 2 591
1503991800 2 562 2 636
1503990000 2 543 2 588
1503988200 2 551 2 627
1503986400 2 554 2 596
1503984600 2 542 2 578
1503982800 2 536 2 589
1503981000 2 538 2 675
1503979200 2 538 2 658
1503977400 2 525 2 577
1503975600 2 555 2 598
1503973800 2 555 2 617
1503972000 2 563 2 624
1503970200 2 563 2 625
1503968400 2 565 2 625
1503966600 2 564 2 591
1503964800 2 575 2 628
1503963000 2 563 2 602
1503961200 2 572 2 622
1503959400 2 750 2 1383
1503957600 2 819 2 1383
1503955800 2 898 2 1267
1503954000 2 1130 2 1348
1503952200 2 1386 2 1487
1503950400 2 1557 2 1881
1503948600 2 1366 2 1904
1503946800 2 1487 2 1904
1503945000 2 1328 2 1488
1503943200 2 1390 2 1872
1503941400 2 1233 2 1627
1503939600 2 1395 2 1640
1503937800 2 1392 2 1622
1503936000 2 1380 2 1592
1503934200 2 1174 2 1617
1503932400 2 1361 2 1829
1503930600 2 1576 2 1999
1503928800 2 1795 2 2326
1503927000 2 1341 2 1700
1503925200 2 997 2 1370
1503923400 2 805 2 1146
1503921600 2 532 4 834
1503919800 2 440 2 479
1503918000 2 462 2 487
1503916200 2 419 2 451
1503914400 2 425 2 449
1503912600 2 425 2 474
1503910800 2 419 2 479
1503909000 2 418 2 467
1503907200 2 421 2 447
1503905400 2 422 2 453
1503903600 2 420 2 457
1503901800 2 421 2 489
1503900000 2 420 2 459
1503898200 2 429 2 469
1503896400 2 424 2 475
1503894600 2 419 2 464
1503892800 2 461 2 517
1503891000 2 466 2 512
1503889200 2 470 2 513
1503887400 2 464 2 501
1503885600 2 466 2 503
1503883800 2 468 2 502
1503882000 2 466 2 494
1503880200 2 466 2 510
1503878400 2 465 2 531
1503876600 2 470 2 529
1503874800 2 466 2 511
1503873000 2 470 2 529
1503871200 2 470 2 508
1503869400 2 471 2 509
1503867600 2 470 2 508
1503865800 2 467 2 513
1503864000 2 466 2 498
1503862200 2 474 2 508
1503860400 2 464 2 511
1503858600 2 420 2 453
1503856800 2 421 2 453
1503855000 2 425 2 480
1503853200 2 425 2 452
1503851400 2 417 2 464
1503849600 2 425 2 493
1503847800 2 423 2 466
1503846000 2 430 2 491
1503844200 2 425 2 464
1503842400 2 417 2 470
1503840600 2 427 2 472
1503838800 2 422 2 475
1503837000 2 429 2 491
1503835200 2 422 4 454
1503833400 2 428 2 466
1503831600 2 423 2 466
1503829800 2 420 2 450
1503828000 2 425 2 445
1503826200 2 428 2 481
1503824400 2 426 2 459
1503822600 2 423 2 465
1503820800 2 422 2 469
1503819000 2 431 2 456
1503817200 2 424 2 463
1503815400 2 423 2 470
1503813600 2 420 2 462
1503811800 2 422 2 446
1503810000 2 425 2 466
1503808200 2 419 2 458
1503806400 2 417 2 455
1503804600 2 423 2 456
1503802800 2 422 2 446
1503801000 2 419 2 452
1503799200 2 419 2 474
1503797400 2 426 2 467
1503795600 2 424 2 460
1503793800 2 422 2 448
1503792000 2 424 2 466
1503790200 2 423 2 466
1503788400 2 423 2 461
1503786600 2 422 2 454
1503784800 2 425 2 467
1503783000 2 427 2 474
1503781200 2 422 2 454
1503779400 2 420 2 446
1503777600 2 421 2 448
1503775800 2 432 2 466
1503774000 2 425 2 478
1503772200 2 423 2 486
1503770400 2 424 2 487
1503768600 2 428 2 483
1503766800 2 426 2 465
1503765000 2 420 2 442
1503763200 2 423 2 449
1503761400 2 422 2 435
1503759600 2 423 2 441
1503757800 2 427 2 470
1503756000 2 418 2 447
1503754200 2 429 2 476
1503752400 2 423 2 449
1503750600 2 423 2 455
1503748800 2 419 5 468
1503747000 2 426 2 486
1503745200 2 422 2 478
1503743400 2 420 2 463
1503741600 2 432 2 456
1503739800 2 427 2 473
1503738000 2 420 2 458
1503736200 2 421 2 460
1503734400 2 424 2 451
1503732600 2 427 2 462
1503730800 2 420 2 462
1503729000 2 423 2 477
1503727200 2 421 2 465
1503725400 2 426 2 467
1503723600 2 420 2 433
1503721800 2 425 2 467
1503720000 2 467 2 515
1503718200 2 469 2 500
1503716400 2 469 2 498
1503714600 2 469 2 490
1503712800 2 466 2 501
1503711000 2 473 2 530
1503709200 2 465 2 502
1503707400 2 465 2 501
1503705600 2 471 2 497
1503703800 2 463 2 499
1503702000 2 440 2 464
1503700200 2 458 2 542
1503698400 2 522 2 602
1503696600 2 599 2 751
1503694800 2 692 2 771
1503693000 2 927 2 1102
1503691200 2 1220 2 1659
1503689400 2 1153 2 1659
1503687600 2 1137 2 1292
1503685800 2 1266 2 1397
1503684000 2 1112 2 1366
1503682200 2 1151 2 1375
1503680400 2 1148 2 1238
1503678600 2 1117 2 1252
1503676800 2 1362 2 1678
1503675000 2 1145 2 1678
1503673200 2 1241 2 1695
1503671400 2 1339 2 1660
1503669600 2 1520 2 2324
1503667800 2 1289 2 1512
1503666000 2 1098 2 1402
1503664200 2 945 2 1303
1503662400 2 701 4 1130
1503660600 2 598 2 694
1503658800 2 566 2 616
1503657000 2 562 2 578
1503655200 2 567 2 600
1503653400 2 581 2 633
1503651600 2 565 2 647
1503649800 2 566 2 632
1503648000 2 562 2 613
1503646200 2 574 2 638
1503644400 2 572 2 644
1503642600 2 573 2 683
1503640800 2 567 2 634
1503639000 2 579 2 659
1503637200 2 567 2 612
1503635400 2 589 2 684
1503633600 2 561 2 591
1503631800 2 581 2 616
1503630000 2 567 2 637
1503628200 2 567 2 627
1503626400 2 562 2 598
1503624600 2 594 2 748
1503622800 2 548 2 621
1503621000 2 559 2 621
1503619200 2 543 2 589
1503617400 2 555 2 610
1503615600 2 549 2 636
1503613800 2 629 2 1001
1503612000 2 703 2 974
1503610200 2 984 2 1167
1503608400 2 893 2 1097
1503606600 2 1146 2 1327
1503604800 2 1209 2 1367
1503603000 2 1344 2 1664
1503601200 2 1270 2 1664
1503599400 1 1254 2 1541
1503597600 1 1286 2 1541
1503595800 1 1337 2 1634
1503594000 14 1285 20 1634
1503592200 20 1200 20 1238
1503590400 15 1297 20 1370
1503588600 14 1328 15 1370
1503586800 12 1325 14 1332
1503585000 12 1362 12 1364
1503583200 9 1315 12 1541
1503581400 9 1456 9 1541
1503579600 8 1117 9 1152
1503577800 8 917 8 917
1503576000 8 697 9 917
1503574200 8 600 9 677
1503572400 7 596 8 600
1503570600 7 604 7 609
1503568800 6 607 7 609
1503567000 5 606 6 607
1503565200 5 605 5 605
1503563400 5 606 6 615
1503561600 6 615 6 615
1503559800 6 585 6 615
1503558000 6 576 6 576
1503556200 6 591 6 592
1503554400 6 577 7 592
1503552600 7 591 7 598
1503550800 7 594 7 598
1503549000 7 590 7 609
1503547200 6 604 7 609
1503545400 6 621 8 627
1503543600 7 615 8 619
1503541800 6 614 7 638
1503540000 7 621 7 638
1503538200 7 638 8 654
1503536400 6 624 9 654
1503534600 6 599 7 616
1503532800 6 596 8 603
1503531000 6 608 8 630
1503529200 6 602 10 614
1503527400 7 638 11 684
1503525600 7 659 11 717
1503523800 7 866 10 1033
1503522000 6 982 11 1122
1503520200 8 1145 14 1273
1503518400 8 1253 13 1399
1503516600 8 1453 13 1890
1503514800 8 1359 13 1564
1503513000 8 1423 13 2070
1503511200 8 1342 14 1600
1503509400 8 1287 14 1600
1503507600 9 1329 13 1542
1503505800 8 1255 13 1406
1503504000 9 1239 14 1390
1503502200 9 1241 14 1352
1503500400 9 1286 14 1368
1503498600 9 1302 13 1465
1503496800 10 1405 14 1879
1503495000 10 1453 13 1847
1503493200 11 1120 14 1356
1503491400 9 866 14 1100
1503489600 10 743 14 1310
1503487800 10 567 16 613
1503486000 10 531 13 593
1503484200 10 536 13 579
1503482400 10 537 13 570
1503480600 10 547 13 602
1503478800 10 538 13 602
1503477000 10 576 13 623
1503475200 10 583 14 629
1503473400 9 595 13 621
1503471600 10 590 14 644
1503469800 10 585 13 630
1503468000 12 591 22 633
1503466200 10 599 13 644
1503464400 10 591 13 633
1503462600 9 609 13 714
1503460800 10 635 13 756
1503459000 9 562 13 614
1503457200 10 550 13 590
1503455400 9 538 13 568
1503453600 10 552 13 617
1503451800 10 554 14 617
1503450000 10 547 13 588
1503448200 10 536 13 575
1503446400 10 574 13 735
1503444600 10 599 13 735
1503442800 10 604 13 800
1503441000 10 619 13 666
1503439200 10 680 14 780
1503437400 10 1074 13 1459
1503435600 10 1254 13 1461
1503433800 10 1390 13 1621
1503432000 10 1428 13 1589
1503430200 10 1560 13 1847
1503428400 10 1476 13 1717
1503426600 10 1531 13 1898
1503424800 10 1564 13 1714
1503423000 10 1644 13 1799
1503421200 10 1652 13 2328
1503419400 10 1528 14 1863
1503417600 11 2076 13 2510
1503415800 11 1671 14 2283
1503414000 11 1628 14 1951
1503412200 11 1596 14 1801
1503410400 10 1534 13 1853
1503408600 10 1764 14 2017
1503406800 11 1210 13 1511
1503405000 11 1140 13 1737
1503403200 11 714 13 1245
1503401400 11 691 16 835
1503399600 11 621 13 787
1503397800 11 688 13 842
1503396000 11 603 14 842
1503394200 11 620 13 690
1503392400 11 599 13 657
1503390600 10 598 13 644
1503388800 11 586 13 633
1503387000 11 603 14 653
1503385200 11 595 14 629
1503383400 11 607 13 638
1503381600 12 590 21 654
1503379800 10 598 13 637
1503378000 11 613 13 652
1503376200 11 597 13 630
1503374400 10 589 13 625
1503372600 10 599 13 660
1503370800 11 593 13 654
1503369000 11 594 13 659
1503367200 10 632 13 714
1503365400 10 609 13 659
1503363600 11 592 14 634
1503361800 10 601 13 663
1503360000 10 620 13 722
1503358200 10 663 13 937
1503356400 10 604 13 646
1503354600 10 640 13 731
1503352800 10 679 13 855
1503351000 10 849 13 1266
1503349200 10 1113 13 1266
1503347400 10 1326 14 1833
1503345600 9 1099 15 1833
1503343800 9 1201 14 1853
1503342000 10 1116 13 1241
1503340200 9 1330 15 1728
1503338400 9 1363 15 1728
1503336600 9 1438 15 1917
1503334800 10 1340 13 1695
1503333000 10 1516 13 2030
1503331200 10 1303 13 1512
1503329400 10 1205 13 1512
1503327600 10 1204 13 1404
1503325800 10 1374 13 1604
1503324000 10 830 13 1489
1503322200 12 476 12 476
1503320400 12 476 12 476
1503318600 12 476 12 476
1503316800 12 476 12 476
1503315000 12 476 12 476
1503313200 12 476 12 476
1503311400 12 476 12 476
1503309600 12 476 12 476
1503307800 12 476 12 476
1503306000 12 476 12 476
1503304200 12 476 12 476
1503302400 12 476 12 476
1503300600 12 476 12 476
1503298800 12 476 12 476
1503297000 12 476 12 476
1503295200 12 476 12 476
1503293400 12 476 12 476
1503291600 12 476 12 476
1503289800 12 476 12 476
1503288000 12 476 12 476
1503286200 12 476 12 476
1503284400 12 476 12 476
1503282600 12 476 12 476
1503280800 12 476 12 476
1503279000 12 476 12 476
1503277200 12 476 12 476
1503275400 12 476 12 476
1503273600 12 476 12 476
1503271800 12 476 12 476
1503270000 12 476 12 476
1503268200 12 476 12 476
1503266400 12 476 12 476
1503264600 12 476 12 476
1503262800 12 476 12 476
1503261000 12 476 12 476
1503259200 12 476 12 476
1503257400 12 476 12 476
1503255600 12 476 12 476
1503253800 12 476 12 476
1503252000 12 476 12 476
1503250200 12 476 12 476
1503248400 12 476 12 476
1503246600 12 476 12 476
1503244800 12 476 12 476
1503243000 12 476 12 476
1503241200 12 476 12 476
1503239400 12 476 12 476
1503237600 12 476 12 476
1503235800 12 476 12 476
1503234000 12 476 12 476
1503232200 12 476 12 476
1503230400 12 476 12 476
1503228600 12 476 12 476
1503226800 12 476 12 476
1503225000 12 476 12 476
1503223200 12 476 12 476
1503221400 12 476 12 476
1503219600 12 476 12 476
1503217800 12 476 12 476
1503216000 12 476 12 476
1503214200 12 476 12 476
1503212400 12 476 12 476
1503210600 12 476 12 476
1503208800 12 476 12 476
1503207000 12 476 12 476
1503205200 12 476 12 476
1503203400 12 476 12 476
1503201600 12 476 12 476
1503199800 12 476 12 476
1503198000 12 476 12 476
1503196200 12 476 12 476
1503194400 12 476 12 476
1503192600 12 476 12 476
1503190800 12 476 12 476
1503189000 12 476 12 476
1503187200 12 476 12 476
1503185400 12 476 12 476
1503183600 12 476 12 476
1503181800 12 476 12 476
1503180000 12 476 12 476
1503178200 12 476 12 476
1503176400 12 476 12 476
1503174600 12 476 12 476
1503172800 12 476 12 476
1503171000 12 476 12 476
1503169200 12 476 12 476
1503167400 12 476 12 476
1503165600 12 476 12 476
1503163800 12 476 12 476
1503162000 12 476 12 476
1503160200 12 476 12 476
1503158400 12 476 12 476
1503156600 12 476 12 476
1503154800 12 476 12 476
1503153000 12 476 12 476
1503151200 12 476 12 476
1503149400 12 476 12 476
1503147600 12 476 12 476
1503145800 12 476 12 476
1503144000 12 476 12 476
1503142200 12 476 12 476
1503140400 12 476 12 476
1503138600 12 476 12 476
1503136800 12 476 12 476
1503135000 12 476 12 476
1503133200 12 476 12 476
1503131400 12 476 12 476
1503129600 12 476 12 476
1503127800 12 476 12 476
1503126000 12 476 12 476
1503124200 12 476 12 476
1503122400 12 476 12 476
1503120600 12 476 12 476
1503118800 12 476 12 476
1503117000 12 476 12 476
1503115200 12 476 12 476
1503113400 12 476 12 476
1503111600 12 476 12 476
1503109800 12 476 12 476
1503108000 12 476 12 476
1503106200 12 476 12 476
1503104400 12 476 12 476
1503102600 12 476 12 476
1503100800 12 476 12 476
1503099000 12 476 12 476
1503097200 12 476 12 476
1503095400 12 476 12 476
1503093600 12 476 12 476
1503091800 12 476 12 476
1503090000 12 476 12 476
1503088200 12 476 12 476
1503086400 12 476 12 476
1503084600 12 476 12 476
1503082800 12 476 12 476
1503081000 12 476 12 476
1503079200 12 476 12 476
1503077400 12 476 12 476
1503075600 12 476 12 476
1503073800 12 476 12 476
1503072000 12 476 12 476
1503070200 12 476 12 476
1503068400 12 476 12 476
1503066600 12 476 12 476
1503064800 12 476 12 476
1503063000 12 476 12 476
1503061200 12 476 12 476
1503059400 12 476 12 476
1503057600 12 476 12 476
1503055800 12 476 12 476
1503054000 12 476 12 476
1503052200 12 476 12 476
1503050400 12 476 12 476
1503048600 12 476 12 476
1503046800 12 476 12 476
1503045000 12 476 12 476
1503043200 12 476 12 476
1503041400 12 476 12 476
1503039600 12 476 12 476
1503037800 12 476 12 476
1503036000 12 476 12 476
1503028800 12 476 12 476
1503021600 12 476 12 476
1503014400 12 476 12 476
1503007200 12 476 12 476
1503000000 12 476 12 476
1502992800 12 476 12 476
1502985600 12 476 12 476
1502978400 12 476 12 476
1502971200 12 476 12 476
1502964000 12 476 12 476
1502956800 12 476 12 476
1502949600 12 476 12 476
1502942400 12 476 12 476
1502935200 12 476 12 476
1502928000 12 476 12 476
1502920800 12 476 12 476
1502913600 12 476 12 476
1502906400 12 476 12 476
1502899200 12 476 12 476
1502892000 12 476 12 476
1502884800 12 476 12 476
1502877600 12 476 12 476
1502870400 12 476 12 476
1502863200 12 476 12 476
1502856000 12 476 12 476
1502848800 12 476 12 476
1502841600 12 476 12 476
1502834400 12 476 12 476
1502827200 12 476 12 476
1502820000 12 476 12 476
1502812800 12 476 12 476
1502805600 12 476 12 476
1502798400 12 476 12 476
1502791200 12 476 12 476
1502784000 12 476 12 476
1502776800 12 476 12 476
1502769600 12 476 12 476
1502762400 12 476 12 476
1502755200 12 476 12 476
1502748000 12 476 12 476
1502740800 12 476 12 476
1502733600 12 476 12 476
1502726400 12 476 12 476
1502719200 12 476 12 476
1502712000 12 476 12 476
1502704800 12 476 12 476
1502697600 12 476 12 476
1502690400 12 476 12 476
1502683200 12 476 12 476
1502676000 12 476 12 476
1502668800 12 476 12 476
1502661600 12 476 12 476
1502654400 12 476 12 476
1502647200 12 476 12 476
1502640000 12 476 12 476
1502632800 12 476 12 476
1502625600 12 476 12 476
1502618400 12 476 12 476
1502611200 12 476 12 476
1502604000 12 476 12 476
1502596800 12 476 12 476
1502589600 12 476 12 476
1502582400 12 476 12 476
1502575200 12 476 12 476
1502568000 12 476 12 476
1502560800 12 476 12 476
1502553600 12 476 12 476
1502546400 12 476 12 476
1502539200 12 476 12 476
1502532000 12 476 12 476
1502524800 12 476 12 476
1502517600 12 476 12 476
1502510400 12 476 12 476
1502503200 12 476 12 476
1502496000 12 476 12 476
1502488800 12 476 12 476
1502481600 12 476 12 476
1502474400 12 476 12 476
1502467200 12 476 12 476
1502460000 12 476 12 476
1502452800 12 476 12 476
1502445600 12 476 12 476
1502438400 12 476 12 476
1502431200 12 476 12 476
1502424000 12 476 12 476
1502416800 12 476 12 476
1502409600 12 476 12 476
1502402400 12 476 12 476
1502395200 12 476 12 476
1502388000 12 476 12 476
1502380800 12 476 12 476
1502373600 12 476 12 476
1502366400 12 476 12 476
1502359200 12 476 12 476
1502352000 12 476 12 476
1502344800 12 476 12 476
1502337600 12 476 12 476
1502330400 12 476 12 476
1502323200 12 476 12 476
1502316000 12 476 12 476
1502308800 12 476 12 476
1502301600 12 476 12 476
1502294400 12 476 12 476
1502287200 12 476 12 476
1502280000 12 476 12 476
1502272800 12 476 12 476
1502265600 12 476 12 476
1502258400 12 476 12 476
1502251200 12 476 12 476
1502244000 12 476 12 476
1502236800 12 476 12 476
1502229600 12 476 12 476
1502222400 12 476 12 476
1502215200 12 476 12 476
1502208000 12 476 12 476
1502200800 12 476 12 476
1502193600 12 476 12 476
1502186400 12 476 12 476
1502179200 12 476 12 476
1502172000 12 476 12 476
1502164800 12 476 12 476
1502157600 12 476 12 476
1502150400 12 476 12 476
1502143200 12 476 12 476
1502136000 12 476 12 476
1502128800 12 476 12 476
1502121600 12 476 12 476
1502114400 12 476 12 476
1502107200 12 476 12 476
1502100000 12 476 12 476
1502092800 12 476 12 476
1502085600 12 476 12 476
1502078400 12 476 12 476
1502071200 12 476 12 476
1502064000 12 476 12 476
1502056800 12 476 12 476
1502049600 12 476 12 476
1502042400 12 476 12 476
1502035200 12 476 12 476
1502028000 12 476 12 476
1502020800 12 476 12 476
1502013600 12 476 12 476
1502006400 12 476 12 476
1501999200 12 476 12 476
1501992000 12 476 12 476
1501984800 12 476 12 476
1501977600 12 476 12 476
1501970400 12 476 12 476
1501963200 12 476 12 476
1501956000 12 476 12 476
1501948800 12 476 12 476
1501941600 12 476 12 476
1501934400 12 476 12 476
1501927200 12 476 12 476
1501920000 12 476 12 476
1501912800 12 476 12 476
1501905600 12 476 12 476
1501898400 12 476 12 476
1501891200 12 476 12 476
1501884000 12 476 12 476
1501876800 12 476 12 476
1501869600 12 476 12 476
1501862400 12 476 12 476
1501855200 12 476 12 476
1501848000 12 476 12 476
1501840800 12 476 12 476
1501833600 12 476 12 476
1501826400 12 476 12 476
1501819200 12 476 12 476
1501812000 12 476 12 476
1501804800 12 476 12 476
1501797600 12 476 12 476
1501790400 12 476 12 476
1501783200 12 476 12 476
1501776000 12 476 12 476
1501768800 12 476 12 476
1501761600 12 476 12 476
1501754400 12 476 12 476
1501747200 12 476 12 476
1501740000 12 476 12 476
1501732800 12 476 12 476
1501725600 12 476 12 476
1501718400 12 476 12 476
1501711200 12 476 12 476
1501704000 12 476 12 476
1501696800 12 476 12 476
1501689600 12 476 12 476
1501682400 12 476 12 476
1501675200 12 476 12 476
1501668000 12 476 12 476
1501660800 12 476 12 476
1501653600 12 476 12 476
1501646400 12 476 12 476
1501639200 12 476 12 476
1501632000 12 476 12 476
1501624800 12 476 12 476
1501617600 12 476 12 476
1501610400 12 476 12 476
1501603200 12 476 12 476
1501596000 12 476 12 476
1501588800 12 476 12 476
1501581600 12 476 12 476
1501574400 12 476 12 476
1501567200 12 476 12 476
1501560000 12 476 12 476
1501552800 12 476 12 476
1501545600 12 476 12 476
1501538400 12 476 12 476
1501531200 12 476 12 476
1501524000 12 476 12 476
1501516800 12 476 12 476
1501509600 12 476 12 476
1501502400 12 476 12 476
1501495200 12 476 12 476
1501488000 12 476 12 476
1501480800 12 476 12 476
1501473600 12 476 12 476
1501466400 12 476 12 476
1501459200 12 476 12 476
1501452000 12 476 12 476
1501444800 12 476 12 476
1501437600 12 476 12 476
1501430400 12 476 12 476
1501423200 12 476 12 476
1501416000 12 476 12 476
1501408800 12 476 12 476
1501401600 12 476 12 476
1501394400 12 476 12 476
1501387200 12 476 12 476
1501380000 12 476 12 476
1501372800 12 476 12 476
1501365600 12 476 12 476
1501358400 12 476 12 476
1501351200 12 476 12 476
1501344000 12 476 12 476
1501336800 12 476 12 476
1501329600 12 476 12 476
1501322400 12 476 12 476
1501315200 12 476 12 476
1501308000 12 476 12 476
1501300800 12 476 12 476
1501293600 12 476 12 476
1501286400 12 476 12 476
1501279200 12 476 12 476
1501272000 12 476 12 476
1501264800 12 476 12 476
1501257600 12 476 12 476
1501250400 12 476 12 476
1501243200 12 476 12 476
1501236000 12 476 12 476
1501228800 12 476 12 476
1501221600 12 476 12 476
1501214400 12 476 12 476
1501207200 12 476 12 476
1501200000 12 476 12 476
1501192800 12 476 12 476
1501185600 12 476 12 476
1501178400 12 476 12 476
1501171200 12 476 12 476
1501164000 12 476 12 476
1501156800 12 476 12 476
1501149600 12 476 12 476
1501142400 12 476 12 476
1501135200 12 476 12 476
1501128000 12 476 12 476
1501120800 12 476 12 476
1501113600 12 476 12 476
1501106400 12 476 12 476
1501099200 12 476 12 476
1501092000 12 476 12 476
1501084800 12 476 12 476
1501077600 12 476 12 476
1501070400 12 476 12 476
1501063200 12 476 12 476
1501056000 12 476 12 476
1501048800 12 476 12 476
1501041600 12 476 12 476
1501034400 12 476 12 476
1501027200 12 476 12 476
1501020000 12 476 12 476
1501012800 12 476 12 476
1501005600 12 476 12 476
1500998400 12 476 12 476
1500991200 12 476 12 476
1500984000 12 476 12 476
1500976800 12 476 12 476
1500969600 12 476 12 476
1500962400 12 476 12 476
1500955200 12 476 12 476
1500948000 12 476 12 476
1500940800 12 476 12 476
1500933600 12 476 12 476
1500926400 12 476 12 476
1500919200 12 476 12 476
1500912000 12 476 12 476
1500904800 12 476 12 476
1500897600 12 476 12 476
1500890400 12 476 12 476
1500883200 12 476 12 476
1500876000 12 476 12 476
1500868800 12 476 12 476
1500861600 12 476 12 476
1500854400 12 476 12 476
1500847200 12 476 12 476
1500840000 12 476 12 476
1500832800 12 476 12 476
1500825600 12 476 12 476
1500818400 12 476 12 476
1500811200 12 476 12 476
1500804000 12 476 12 476
1500796800 12 476 12 476
1500789600 12 476 12 476
1500782400 12 476 12 476
1500775200 12 476 12 476
1500768000 12 476 12 476
1500760800 12 476 12 476
1500753600 12 476 12 476
1500746400 12 476 12 476
1500739200 12 476 12 476
1500732000 12 476 12 476
1500724800 12 475 12 476
1500717600 10 475 12 477
1500710400 7 469 9 477
1500703200 7 463 8 473
1500696000 7 469 8 481
1500688800 6 470 7 482
1500681600 6 529 8 840
1500674400 7 799 9 1309
1500667200 7 1250 11 1717
1500660000 8 1324 13 1717
1500652800 9 1483 14 2068
1500645600 11 1387 14 2068
1500638400 11 776 13 850
1500631200 11 742 13 799
1500624000 11 749 14 864
1500616800 11 766 22 887
1500609600 11 760 13 921
1500602400 11 762 13 857
1500595200 10 795 13 968
1500588000 11 1435 13 2348
1500580800 11 1752 13 2157
1500573600 11 1800 13 2244
1500566400 10 1713 13 2349
1500559200 11 1556 14 2192
1500552000 11 781 13 1440
1500544800 10 755 16 840
1500537600 11 788 14 958
1500530400 7 644 21 856
1500523200 6 607 6 607
1500516000 6 607 6 607
1500508800 6 607 6 607
1500501600 6 607 6 607
1500494400 6 607 6 607
1500487200 6 607 6 607
1500480000 6 607 6 607
1500472800 6 607 6 607
1500465600 6 607 6 607
1500458400 6 607 6 607
1500451200 6 607 6 607
1500444000 6 607 6 607
1500436800 6 607 6 607
1500429600 6 607 6 607
1500422400 6 607 6 607
1500415200 6 607 6 607
1500408000 6 607 6 607
1500400800 6 607 6 607
1500393600 6 607 6 607
1500386400 6 607 6 607
1500379200 6 607 6 607
1500372000 6 607 6 607
1500364800 6 607 6 607
1500357600 6 607 6 607
1500350400 6 607 6 607
1500343200 6 607 6 607
1500336000 6 607 6 607
1500328800 6 607 6 607
1500321600 6 607 6 607
1500314400 6 607 6 607
1500307200 6 607 6 607
1500300000 6 607 6 607
1500292800 6 607 6 607
1500285600 6 607 6 607
1500278400 6 607 6 607
1500271200 6 607 6 607
1500264000 6 607 6 607
1500256800 6 607 6 607
1500249600 6 607 6 607
1500242400 6 607 6 607
1500235200 6 607 6 607
1500228000 6 607 6 607
1500220800 6 607 6 607
1500213600 6 607 6 607
1500206400 6 607 6 607
1500199200 6 607 6 607
1500192000 6 607 6 607
1500184800 6 607 6 607
1500177600 6 607 6 607
1500170400 6 607 6 607
1500163200 6 607 6 607
1500156000 6 607 6 607
1500148800 6 607 6 607
1500141600 6 607 6 607
1500134400 6 607 6 607
1500127200 6 607 6 607
1500120000 6 607 6 607
1500112800 6 607 6 607
1500105600 6 607 6 607
1500098400 6 607 6 607
1500091200 6 607 6 607
1500084000 6 607 6 607
1500076800 6 607 6 607
1500069600 6 607 6 607
1500062400 6 607 6 607
1500055200 6 607 6 607
1500048000 6 607 6 607
1500040800 6 607 6 607
1500033600 6 607 6 607
1500026400 6 607 6 607
1500019200 6 607 6 607
1500012000 6 607 6 607
1500004800 6 607 6 607
1499997600 6 607 6 607
1499990400 6 607 6 607
1499983200 6 607 6 607
1499976000 6 607 6 607
1499968800 6 607 6 607
1499961600 6 607 6 607
1499954400 6 607 6 607
1499947200 6 607 6 607
1499940000 6 607 6 607
1499932800 6 607 6 607
1499925600 6 607 6 607
1499918400 6 607 6 607
1499911200 6 607 6 607
1499904000 6 607 6 607
1499896800 6 607 6 607
1499889600 6 607 6 607
1499882400 6 607 6 607
1499875200 6 607 6 607
1499868000 6 607 6 607
1499860800 6 607 6 607
1499853600 6 607 6 607
1499846400 6 607 6 607
1499839200 6 607 6 607
1499832000 6 607 6 607
1499824800 6 607 6 607
1499817600 6 607 6 607
1499810400 6 607 6 607
1499803200 6 607 6 607
1499796000 6 607 6 607
1499788800 6 607 6 607
1499781600 6 607 6 607
1499774400 6 607 6 607
1499767200 6 607 6 607
1499760000 6 607 6 607
1499752800 6 607 6 607
1499745600 6 607 6 607
1499738400 6 607 6 607
1499731200 6 607 6 607
1499724000 6 607 6 607
1499716800 6 607 6 607
1499709600 6 607 6 607
1499702400 6 607 6 607
1499695200 6 607 6 607
1499688000 6 607 6 607
1499680800 6 607 6 607
1499673600 6 607 6 607
1499666400 6 607 6 607
1499659200 6 607 6 607
1499652000 6 607 6 607
1499644800 6 607 6 607
1499637600 6 607 6 607
1499630400 6 607 6 607
1499623200 6 607 6 607
1499616000 6 607 6 607
1499608800 6 607 6 607
1499601600 6 607 6 607
1499594400 6 607 6 607
1499587200 6 607 6 607
1499580000 6 607 6 607
1499572800 6 607 6 607
1499565600 6 607 6 607
1499558400 6 607 6 607
1499551200 6 607 6 607
1499544000 6 607 6 607
1499536800 6 607 6 607
1499529600 6 607 6 607
1499522400 6 607 6 607
1499515200 6 607 6 607
1499508000 6 607 6 607
1499500800 6 607 6 607
1499493600 6 607 6 607
1499486400 6 607 6 607
1499479200 6 607 6 607
1499472000 6 607 6 607
1499464800 6 607 6 607
1499457600 6 607 6 607
1499450400 6 607 6 607
1499443200 6 607 6 607
1499436000 6 607 6 607
1499428800 6 607 6 607
1499421600 6 607 6 607
1499414400 6 607 6 607
1499407200 6 607 6 607
1499400000 6 607 6 607
1499392800 6 607 6 607
1499385600 6 607 6 607
1499378400 6 607 6 607
1499371200 6 607 6 607
1499364000 6 607 6 607
1499356800 6 607 6 607
1499349600 6 607 6 607
1499342400 6 607 6 607
1499335200 6 607 6 607
1499328000 6 607 6 607
1499320800 6 607 6 607
1499313600 6 607 6 607
1499306400 6 607 6 607
1499299200 6 607 6 607
1499292000 6 607 6 607
1499284800 6 607 6 607
1499277600 6 607 6 607
1499270400 6 607 6 607
1499263200 6 607 6 607
1499256000 6 607 6 607
1499248800 6 607 6 607
1499241600 6 607 6 607
1499234400 6 607 6 607
1499227200 6 607 6 607
1499220000 6 607 6 607
1499212800 6 607 6 607
1499205600 6 607 6 607
1499198400 6 607 6 607
1499191200 6 607 6 607
1499184000 6 607 6 607
1499176800 6 607 6 607
1499169600 6 607 6 607
1499162400 6 607 6 607
1499155200 6 607 6 607
1499148000 6 607 6 607
1499140800 6 607 6 607
1499133600 6 607 6 607
1499126400 6 607 6 607
1499119200 6 607 6 607
1499112000 6 607 6 607
1499104800 6 607 6 607
1499097600 6 607 6 607
1499090400 6 607 6 607
1499083200 6 607 6 607
1499076000 6 607 6 607
1499068800 6 607 6 607
1499061600 6 607 6 607
1499054400 6 607 6 607
1499047200 6 607 6 607
1499040000 6 607 6 607
1499032800 6 607 6 607
1499025600 6 607 6 607
1499018400 6 607 6 607
1499011200 6 607 6 607
1499004000 6 607 6 607
1498996800 6 607 6 607
1498989600 6 607 6 607
1498982400 6 607 6 607
1498975200 6 607 6 607
1498968000 6 607 6 607
1498960800 6 607 6 607
1498953600 6 607 6 607
1498946400 6 607 6 607
1498939200 6 607 6 607
1498932000 6 607 6 607
1498924800 6 607 6 607
1498917600 6 607 6 607
1498910400 6 607 6 607
1498903200 6 607 6 607
1498896000 6 607 6 607
1498888800 6 607 6 607
1498881600 6 607 6 607
1498874400 6 607 6 607
1498867200 6 607 6 607
1498860000 6 607 6 607
1498852800 6 607 6 607
1498845600 6 607 6 607
1498838400 6 607 6 607
1498831200 6 607 6 607
1498824000 6 607 6 607
1498816800 6 607 6 607
1498809600 6 607 6 607
1498802400 6 607 6 607
1498795200 6 607 6 607
1498788000 6 607 6 607
1498780800 6 607 6 607
1498773600 6 607 6 607
1498766400 6 607 6 607
1498759200 6 607 6 607
1498752000 6 607 6 607
1498744800 6 607 6 607
1498737600 6 607 6 607
1498730400 6 607 6 607
1498723200 6 607 6 607
1498716000 6 607 6 607
1498694400 6 607 6 607
1498608000 6 607 6 607
1498521600 6 607 6 607
1498435200 6 607 6 607
1498348800 6 607 6 607
1498262400 6 607 6 607
1498176000 6 607 6 607
1498089600 6 607 6 607
1498003200 6 607 6 607
1497916800 6 607 6 607
1497830400 6 607 6 607
1497744000 6 609 13 816
1497657600 10 947 21 2077
1497571200 9 953 21 1919
1497484800 7 718 7 718
1497398400 7 718 7 718
1497312000 7 718 7 718
1497225600 8 709 19 793
1497139200 10 722 21 835
1497052800 7 1052 15 4406
1496966400 5 1007 8 2341
1496880000 5 1008 9 2251
1496793600 5 1094 8 2130
1496707200 5 1048 8 2465
1496620800 5 719 8 1511
1496534400 5 716 7 837
1496448000 4 1153 9 3015
1496361600 5 1116 8 2485
1496275200 5 1111 9 2673
1496188800 5 1145 8 2822
1496102400 5 1143 9 3315
1496016000 6 768 21 2407
1495929600 7 710 7 710
1495843200 7 1210 16 2935
1495756800 10 1158 21 2624
1495670400 10 1240 21 3606
1495584000 8 828 8 828
1495497600 8 828 8 828
1495411200 8 828 8 828
1495324800 8 828 8 828
1495238400 8 828 8 828
1495152000 9 1210 21 3312
1495065600 10 1227 22 3805
1494979200 11 935 15 2027
1494892800 13 891 13 891
1494806400 13 891 13 891
1494720000 11 826 23 1085
1494633600 10 1036 21 34032
1494547200 9 941 21 2614
1494460800 8 611 8 611
1494374400 8 611 8 611
1494288000 8 611 8 611
1494201600 8 611 8 611
1494115200 8 611 8 611
1494028800 8 611 8 611
1493942400 8 611 8 611
1493856000 8 611 8 611
1493769600 8 611 8 611
1493683200 8 611 8 611
1493596800 8 611 8 611
1493510400 8 611 8 611
1493424000 8 611 8 611
1493337600 8 611 8 611
1493251200 8 611 8 611
1493164800 8 611 8 611
1493078400 8 611 8 611
1492992000 8 611 8 611
1492905600 8 611 8 611
1492819200 8 611 8 611
1492732800 8 611 8 611
1492646400 8 611 8 611
1492560000 8 611 8 611
1492473600 8 611 8 611
1492387200 8 611 8 611
1492300800 8 611 8 611
1492214400 8 611 8 611
1492128000 8 611 8 611
1492041600 8 611 8 611
1491955200 8 611 8 611
1491868800 8 611 8 611
1491782400 8 611 8 611
1491696000 8 611 8 611
1491609600 8 611 8 611
1491523200 8 611 8 611
1491436800 8 611 8 611
1491350400 8 611 8 611
1491264000 8 611 8 611
1491177600 8 574 17 629
1491091200 11 567 21 1432
1491004800 8 1112 15 3102
1490918400 9 1116 21 3105
1490832000 9 1083 21 3280
1490745600 9 1097 58 3560
1490659200 13 720 13 720
1490572800 13 720 13 720
1490486400 13 720 13 720
1490400000 13 720 13 720
1490313600 13 720 13 720
1490227200 13 720 13 720
1490140800 13 720 13 720
1490054400 13 720 13 720
1489968000 13 720 13 720
1489881600 13 720 13 720
1489795200 13 720 13 720
1489708800 13 720 13 720
1489622400 11 923 21 2066
1489536000 11 889 21 2664
1489449600 10 946 21 2258
1489363200 10 537 21 664
1489276800 10 553 22 813
1489190400 9 1063 22 7604
1489104000 10 918 22 2280
1489017600 10 905 21 2402
1488931200 10 995 21 2535
1488844800 10 1069 22 45169
1488758400 10 599 22 1003
1488672000 10 582 21 701
1488585600 10 978 21 2513
1488499200 10 1057 21 2567
1488412800 10 1010 21 2139
1488326400 10 1088 28 2557
1488240000 10 1041 21 2411
1488153600 10 634 22 763
1488067200 10 594 22 772
1487980800 10 958 21 2337
1487894400 10 903 30 1771
1487808000 10 917 21 2109
1487721600 10 963 21 2285
1487635200 10 590 22 709
1487548800 10 592 22 692
1487462400 10 592 21 707
1487376000 10 953 21 2172
1487289600 9 975 21 2298
1487203200 10 894 15 2077
1487116800 13 544 13 544
1487030400 13 544 13 544
1486944000 13 544 13 544
1486857600 13 544 13 544
1486771200 13 544 13 544
1486684800 13 544 13 544
1486598400 13 544 13 544
1486512000 13 544 13 544
1486425600 13 544 13 544
1486339200 13 544 13 544
1486252800 13 544 13 544
1486166400 13 544 13 544
1486080000 13 544 13 544
1485993600 13 544 13 544
1485907200 13 544 13 544
1485820800 11 742 21 2429
1485734400 11 422 23 867
1485648000 10 427 21 1851
1485561600 10 696 21 1897
1485475200 10 765 22 2170
1485388800 10 762 21 2364
1485302400 10 666 22 1573
1485216000 10 643 21 1944
1485129600 10 367 22 473
1485043200 10 383 23 586
1484956800 10 751 21 2158
1484870400 10 725 21 1895
1484784000 10 740 22 2862
1484697600 10 682 21 1765
1484611200 10 659 22 1591
1484524800 10 377 21 507
1484438400 10 460 21 843
1484352000 10 774 21 2064
1484265600 10 720 22 1589
1484179200 10 759 21 2149
1484092800 9 750 21 2207
1484006400 10 591 21 1915
1483920000 10 277 21 356
1483833600 10 316 30 611
1483747200 10 654 21 2281
1483660800 10 591 22 1649
1483574400 10 666 52 2094
1483488000 10 637 21 2040
1483401600 10 309 21 392
1483315200 9 309 21 394
1483228800 9 308 22 390
1483142400 10 531 23 1276
1483056000 10 519 23 1293
1482969600 8 438 25 2292
1482883200 8 270 8 270
1482796800 8 270 8 270
1482710400 8 270 21 325
1482624000 10 271 22 339
1482537600 10 439 22 1410
1482451200 10 664 21 1750
1482364800 10 595 22 1803
1482278400 10 810 73 30218
1482192000 10 606 23 2263
1482105600 0 64 67 409
1482019200 0 0 0 0
1481932800 0 0 0 0
1481846400 0 0 0 0
1481760000 0 0 0 0
1481673600 0 0 0 0
1481587200 0 0 0 0
1481500800 0 0 0 0
1481414400 0 0 0 0
1481328000 0 0 0 0
1481241600 0 0 0 0
1481155200 0 0 0 0
1481068800 0 0 0 0
1480982400 0 0 0 0
1480896000 0 0 0 0
1480809600 0 0 0 0
1480723200 0 0 0 0
1480636800 0 0 0 0
1480550400 0 0 0 0
1480464000 0 0 0 0
1480377600 0 0 0 0
1480291200 0 0 0 0
1480204800 0 0 0 0
1480118400 0 0 0 0
1480032000 0 0 0 0
1479945600 0 0 0 0
1479859200 0 0 0 0
1479772800 0 0 0 0
1479686400 0 0 0 0
1479600000 0 0 0 0
1479513600 0 0 0 0
1479427200 0 0 0 0
1479340800 0 0 0 0
1479254400 0 0 0 0
1479168000 0 0 0 0
1479081600 0 0 0 0
1478995200 0 0 0 0
1478908800 0 0 0 0
1478822400 0 0 0 0
1478736000 0 0 0 0
1478649600 0 0 0 0
1478563200 0 0 0 0
1478476800 0 0 0 0
1478390400 0 0 0 0
1478304000 0 0 0 0
1478217600 0 0 0 0
1478131200 0 0 0 0
1478044800 0 0 0 0
1477958400 0 0 0 0
1477872000 0 0 0 0
1477785600 0 0 0 0
1477699200 0 0 0 0
1477612800 0 0 0 0
1477526400 0 0 0 0
1477440000 0 0 0 0
1477353600 0 0 0 0
1477267200 0 0 0 0
1477180800 0 0 0 0
1477094400 0 0 0 0
1477008000 0 0 0 0
1476921600 0 0 0 0
1476835200 0 0 0 0
1476748800 0 0 0 0
1476662400 0 0 0 0
1476576000 0 0 0 0
1476489600 0 0 0 0
1476403200 0 0 0 0
1476316800 0 0 0 0
1476230400 0 0 0 0
1476144000 0 0 0 0
1476057600 0 0 0 0
1475971200 0 0 0 0
1475884800 0 0 0 0
1475798400 0 0 0 0
1475712000 0 0 0 0
1475625600 0 0 0 0
1475539200 0 0 0 0
1475452800 0 0 0 0
1475366400 0 0 0 0
1475280000 0 0 0 0
1475193600 0 0 0 0
1475107200 0 0 0 0
1475020800 0 0 0 0
1474934400 0 0 0 0
1474848000 0 0 0 0
1474761600 0 0 0 0
1474675200 0 0 0 0
1474588800 0 0 0 0
1474502400 0 0 0 0
1474416000 0 0 0 0
1474329600 0 0 0 0
1474243200 0 0 0 0
1474156800 0 0 0 0
1474070400 0 0 0 0
1473984000 0 0 0 0
1473897600 0 0 0 0
1473811200 0 0 0 0
1473724800 0 0 0 0
1473638400 0 0 0 0
1473552000 0 0 0 0
1473465600 0 0 0 0
1473379200 0 0 0 0
1473292800 0 0 0 0
1473206400 0 0 0 0
1473120000 0 0 0 0
1473033600 0 0 0 0
1472947200 0 0 0 0
1472860800 0 0 0 0
1472774400 0 0 0 0
1472688000 0 0 0 0
1472601600 0 0 0 0
1472515200 0 0 0 0
1472428800 0 0 0 0
1472342400 0 0 0 0
1472256000 0 0 0 0
1472169600 0 0 0 0
1472083200 0 0 0 0
1471996800 0 0 0 0
1471910400 0 0 0 0
1471824000 0 0 0 0
1471737600 0 0 0 0
1471651200 0 0 0 0
1471564800 0 0 0 0
1471478400 0 0 0 0
1471392000 0 0 0 0
1471305600 0 0 0 0
1471219200 0 0 0 0
1471132800 0 0 0 0
1471046400 0 0 0 0
1470960000 0 0 0 0
1470873600 0 0 0 0
1470787200 0 0 0 0
1470700800 0 0 0 0
1470614400 0 0 0 0
1470528000 0 0 0 0
1470441600 0 0 0 0
1470355200 0 0 0 0
1470268800 0 0 0 0
1470182400 0 0 0 0
1470096000 0 0 0 0
1470009600 0 0 0 0
1469923200 0 0 0 0
1469836800 0 0 0 0
1469750400 0 0 0 0
1469664000 0 0 0 0
1469577600 0 0 0 0
1469491200 0 0 0 0
1469404800 0 0 0 0
1469318400 0 0 0 0
1469232000 0 0 0 0
1469145600 0 0 0 0
1469059200 0 0 0 0
1468972800 0 0 0 0
1468886400 0 0 0 0
1468800000 0 0 0 0
1468713600 0 0 0 0
1468627200 0 0 0 0
1468540800 0 0 0 0
1468454400 0 0 0 0
1468368000 0 0 0 0
1468281600 0 0 0 0
1468195200 0 0 0 0
1468108800 0 0 0 0
1468022400 0 0 0 0
1467936000 0 0 0 0
1467849600 0 0 0 0
1467763200 0 0 0 0
1467676800 0 0 0 0
1467590400 0 0 0 0
1467504000 0 0 0 0
1467417600 0 0 0 0
1467331200 0 0 0 0
1467244800 0 0 0 0
1467158400 0 0 0 0
1467072000 0 0 0 0
1466985600 0 0 0 0
1466899200 0 0 0 0
1466812800 0 0 0 0
1466726400 0 0 0 0
1466640000 0 0 0 0
1466553600 0 0 0 0
1466467200 0 0 0 0
1466380800 0 0 0 0
1466294400 0 0 0 0
1466208000 0 0 0 0
1466121600 0 0 0 0
1466035200 0 0 0 0
1465948800 0 0 0 0
1465862400 0 0 0 0
1465776000 0 0 0 0
1465689600 0 0 0 0
1465603200 0 0 0 0
1465516800 0 0 0 0
1465430400 0 0 0 0
1465344000 0 0 0 0
1465257600 0 0 0 0
1465171200 0 0 0 0
1465084800 0 0 0 0
1464998400 0 0 0 0
1464912000 0 0 0 0
1464825600 0 0 0 0
1464739200 0 0 0 0
1464652800 0 0 0 0
1464566400 0 0 0 0
1464480000 0 0 0 0
1464393600 0 0 0 0
1464307200 0 0 0 0
1464220800 0 0 0 0
1464134400 0 0 0 0
1464048000 0 0 0 0
1463961600 0 0 0 0
1463875200 0 0 0 0
1463788800 0 0 0 0
1463702400 0 0 0 0
1463616000 0 0 0 0
1463529600 0 0 0 0
1463443200 0 0 0 0
1463356800 0 0 0 0
1463270400 0 0 0 0
1463184000 0 0 0 0
1463097600 0 0 0 0
1463011200 0 0 0 0
1462924800 0 0 0 0
1462838400 0 0 0 0
1462752000 0 0 0 0
1462665600 0 0 0 0
1462579200 0 0 0 0
1462492800 0 0 0 0
1462406400 0 0 0 0
1462320000 0 0 0 0
1462233600 0 0 0 0
1462147200 0 0 0 0
1462060800 0 0 0 0
1461974400 0 0 0 0
1461888000 0 0 0 0
1461801600 0 0 0 0
1461715200 0 0 0 0
1461628800 0 0 0 0
1461542400 0 0 0 0
1461456000 0 0 0 0
1461369600 0 0 0 0
1461283200 0 0 0 0
1461196800 0 0 0 0
1461110400 0 0 0 0
1461024000 0 0 0 0
1460937600 0 0 0 0
1460851200 0 0 0 0
1460764800 0 0 0 0
1460678400 0 0 0 0
1460592000 0 0 0 0
1460505600 0 0 0 0
1460419200 0 0 0 0
1460332800 0 0 0 0
1460246400 0 0 0 0
1460160000 0 0 0 0
1460073600 0 0 0 0
1459987200 0 0 0 0
1459900800 0 0 0 0
1459814400 0 0 0 0
1459728000 0 0 0 0
1459641600 0 0 0 0
1459555200 0 0 0 0
1459468800 0 0 0 0
1459382400 0 0 0 0
1459296000 0 0 0 0
1459209600 0 0 0 0
1459123200 0 0 0 0
1459036800 0 0 0 0
1458950400 0 0 0 0
1458864000 0 0 0 0
1458777600 0 0 0 0
1458691200 0 0 0 0
1458604800 0 0 0 0
1458518400 0 0 0 0
1458432000 0 0 0 0
1458345600 0 0 0 0
1458259200 0 0 0 0
1458172800 0 0 0 0
1458086400 0 0 0 0
1458000000 0 0 0 0
1457913600 0 0 0 0
1457827200 0 0 0 0
1457740800 0 0 0 0
1457654400 0 0 0 0
1457568000 0 0 0 0
1457481600 0 0 0 0
1457395200 0 0 0 0
1457308800 0 0 0 0
1457222400 0 0 0 0
1457136000 0 0 0 0
1457049600 0 0 0 0
1456963200 0 0 0 0
1456876800 0 0 0 0
1456790400 0 0 0 0
1456704000 0 0 0 0
1456617600 0 0 0 0
1456531200 0 0 0 0
1456444800 0 0 0 0
1456358400 0 0 0 0
1456272000 0 0 0 0
1456185600 0 0 0 0
1456099200 0 0 0 0
1456012800 0 0 0 0
1455926400 0 0 0 0
1455840000 0 0 0 0
1455753600 0 0 0 0
1455667200 0 0 0 0
1455580800 0 0 0 0
1455494400 0 0 0 0
1455408000 0 0 0 0
1455321600 0 0 0 0
1455235200 0 0 0 0
1455148800 0 0 0 0
1455062400 0 0 0 0
1454976000 0 0 0 0
1454889600 0 0 0 0
1454803200 0 0 0 0
1454716800 0 0 0 0
1454630400 0 0 0 0
1454544000 0 0 0 0
1454457600 0 0 0 0
1454371200 0 0 0 0
1454284800 0 0 0 0
1454198400 0 0 0 0
1454112000 0 0 0 0
1454025600 0 0 0 0
1453939200 0 0 0 0
1453852800 0 0 0 0
1453766400 0 0 0 0
1453680000 0 0 0 0
1453593600 0 0 0 0
1453507200 0 0 0 0
1453420800 0 0 0 0
1453334400 0 0 0 0
1453248000 0 0 0 0
1453161600 0 0 0 0
1453075200 0 0 0 0
1452988800 0 0 0 0
1452902400 0 0 0 0
1452816000 0 0 0 0
1452729600 0 0 0 0
1452643200 0 0 0 0
1452556800 0 0 0 0
1452470400 0 0 0 0
1452384000 0 0 0 0
1452297600 0 0 0 0
1452211200 0 0 0 0
1452124800 0 0 0 0
1452038400 0 0 0 0
1451952000 0 0 0 0
1451865600 0 0 0 0
1451779200 0 0 0 0
1451692800 0 0 0 0
1451606400 0 0 0 0
1451520000 0 0 0 0
1451433600 0 0 0 0
1451347200 0 0 0 0
1451260800 0 0 0 0
1451174400 0 0 0 0
1451088000 0 0 0 0
1451001600 0 0 0 0
1450915200 0 0 0 0
1450828800 0 0 0 0
1450742400 0 0 0 0
1450656000 0 0 0 0
1450569600 0 0 0 0
1450483200 0 0 0 0
1450396800 0 0 0 0
1450310400 0 0 0 0
1450224000 0 0 0 0
1450137600 0 0 0 0
1450051200 0 0 0 0
1449964800 0 0 0 0
1449878400 0 0 0 0
1449792000 0 0 0 0
1449705600 0 0 0 0
1449619200 0 0 0 0
1449532800 0 0 0 0
1449446400 0 0 0 0
1449360000 0 0 0 0
1449273600 0 0 0 0
1449187200 0 0 0 0
1449100800 0 0 0 0
1449014400 0 0 0 0
1448928000 0 0 0 0
1448841600 0 0 0 0
1448755200 0 0 0 0
1448668800 0 0 0 0
1448582400 0 0 0 0
1448496000 0 0 0 0
1448409600 0 0 0 0
1448323200 0 0 0 0
1448236800 0 0 0 0
1448150400 0 0 0 0
1448064000 0 0 0 0
1447977600 0 0 0 0
1447891200 0 0 0 0
1447804800 0 0 0 0
1447718400 0 0 0 0
1447632000 0 0 0 0
1447545600 0 0 0 0
1447459200 0 0 0 0
1447372800 0 0 0 0
1447286400 0 0 0 0
1447200000 0 0 0 0
1447113600 0 0 0 0
1447027200 0 0 0 0
1446940800 0 0 0 0
1446854400 0 0 0 0
1446768000 0 0 0 0
1446681600 0 0 0 0
1446595200 0 0 0 0
1446508800 0 0 0 0
1446422400 0 0 0 0
1446336000 0 0 0 0
1446249600 0 0 0 0
1446163200 0 0 0 0
1446076800 0 0 0 0
1445990400 0 0 0 0
1445904000 0 0 0 0
1445817600 0 0 0 0
1445731200 0 0 0 0
1445644800 0 0 0 0
1445558400 0 0 0 0
1445472000 0 0 0 0
1445385600 0 0 0 0
1445299200 0 0 0 0
1445212800 0 0 0 0
1445126400 0 0 0 0
1445040000 0 0 0 0
1444953600 0 0 0 0
1444867200 0 0 0 0
1444780800 0 0 0 0
1444694400 0 0 0 0
1444608000 0 0 0 0
1444521600 0 0 0 0
1444435200 0 0 0 0
1444348800 0 0 0 0
1444262400 0 0 0 0
1444176000 0 0 0 0
1444089600 0 0 0 0
1444003200 0 0 0 0
1443916800 0 0 0 0
1443830400 0 0 0 0
1443744000 0 0 0 0
1443657600 0 0 0 0
1443571200 0 0 0 0
1443484800 0 0 0 0
1443398400 0 0 0 0
1443312000 0 0 0 0
1443225600 0 0 0 0
1443139200 0 0 0 0
1443052800 0 0 0 0
1442966400 0 0 0 0
1442880000 0 0 0 0
1442793600 0 0 0 0
1442707200 0 0 0 0
1442620800 0 0 0 0
1442534400 0 0 0 0
1442448000 0 0 0 0
1442361600 0 0 0 0
1442275200 0 0 0 0
1442188800 0 0 0 0
1442102400 0 0 0 0
1442016000 0 0 0 0
1441929600 0 0 0 0
1441843200 0 0 0 0
1441756800 0 0 0 0
1441670400 0 0 0 0
1441584000 0 0 0 0
1441497600 0 0 0 0
1441411200 0 0 0 0
1441324800 0 0 0 0
1441238400 0 0 0 0
1441152000 0 0 0 0
1441065600 0 0 0 0
1440979200 0 0 0 0
1440892800 0 0 0 0
1440806400 0 0 0 0
1440720000 0 0 0 0
1440633600 0 0 0 0
1440547200 0 0 0 0
1440460800 0 0 0 0
1440374400 0 0 0 0
1440288000 0 0 0 0
1440201600 0 0 0 0
1440115200 0 0 0 0
1440028800 0 0 0 0
1439942400 0 0 0 0
1439856000 0 0 0 0
1439769600 0 0 0 0
1439683200 0 0 0 0
1439596800 0 0 0 0
1439510400 0 0 0 0
1439424000 0 0 0 0
1439337600 0 0 0 0
1439251200 0 0 0 0
1439164800 0 0 0 0
1439078400 0 0 0 0
1438992000 0 0 0 0
1438905600 0 0 0 0
1438819200 0 0 0 0
1438732800 0 0 0 0
1438646400 0 0 0 0
1438560000 0 0 0 0
1438473600 0 0 0 0
1438387200 0 0 0 0
1438300800 0 0 0 0
1438214400 0 0 0 0
1438128000 0 0 0 0
1438041600 0 0 0 0
1437955200 0 0 0 0
1437868800 0 0 0 0
1437782400 0 0 0 0
1437696000 0 0 0 0
1437609600 0 0 0 0
1437523200 0 0 0 0
1437436800 0 0 0 0
1437350400 0 0 0 0
1437264000 0 0 0 0
1437177600 0 0 0 0
1437091200 0 0 0 0
1437004800 0 0 0 0
1436918400 0 0 0 0
1436832000 0 0 0 0
1436745600 0 0 0 0
1436659200 0 0 0 0
1436572800 0 0 0 0
1436486400 0 0 0 0
1436400000 0 0 0 0
1436313600 0 0 0 0
1436227200 0 0 0 0
1436140800 0 0 0 0
1436054400 0 0 0 0
1435968000 0 0 0 0
1435881600 0 0 0 0
1435795200 0 0 0 0
1435708800 0 0 0 0
1435622400 0 0 0 0
1435536000 0 0 0 0
