1504297338 18352609 12146667978
1504297338 0 902 0 902
1504297039 0 958 0 958
1504296900 0 1107 0 1281
1504296600 0 1236 0 1281
1504296300 0 1208 0 1236
1504296000 0 1205 0 1236
1504295700 0 1452 0 1781
1504295400 0 1463 0 1781
1504295100 0 1216 0 1357
1504294800 4 1454 10 1570
1504294500 5 1259 10 1570
1504294200 0 972 0 1057
1504293900 0 1032 0 1057
1504293600 0 1008 0 1014
1504293300 0 993 0 1014
1504293000 0 1042 0 1127
1504292700 0 1196 0 1279
1504292400 0 1257 0 1279
1504292100 0 1161 0 1232
1504291800 0 1076 0 1079
1504291500 0 1129 0 1194
1504291200 4 1186 10 1194
1504290900 5 1203 10 1234
1504290600 0 1225 0 1234
1504290300 0 1318 0 1438
1504290000 0 1337 0 1438
1504289700 0 1330 0 1458
1504289400 0 1406 0 1458
1504289100 0 1252 0 1346
1504288800 0 1093 0 1143
1504288500 0 1031 0 1037
1504288200 0 997 0 1025
1504287900 0 971 0 980
1504287600 4 1123 10 1293
1504287300 5 1230 10 1293
1504287000 0 1204 0 1257
1504286700 0 1325 0 1406
1504286400 0 1293 0 1406
1504286100 0 1149 0 1162
1504285800 0 1171 0 1216
1504285500 0 1177 0 1216
1504285200 0 1134 0 1137
1504284900 0 1125 0 1137
1504284600 0 1154 0 1205
1504284300 0 1268 0 1343
1504284000 4 1242 10 1343
1504283700 5 1176 10 1234
1504283400 0 1121 0 1234
1504283100 0 1022 0 1061
1504282800 0 1080 0 1104
1504282500 0 1123 0 1147
1504282200 0 1141 0 1147
1504281900 0 1173 0 1217
1504281600 0 1159 0 1217
1504281300 0 1207 0 1343
1504281000 0 1305 0 1343
1504280700 0 1193 0 1262
1504280400 4 1177 10 1252
1504280100 5 1194 10 1252
1504279800 0 1160 0 1200
1504279500 0 1200 0 1201
1504279200 0 1292 0 1398
1504278900 0 1436 0 1482
1504278600 0 1295 0 1482
1504278300 0 1148 0 1230
1504278000 0 1281 0 1343
1504277700 0 1269 0 1343
1504277400 0 1137 0 1183
1504277100 0 1179 0 1293
1504276800 4 1252 10 1293
1504276500 5 1098 10 1204
1504276200 0 1142 0 1334
1504275900 0 1221 0 1334
1504275600 0 1270 0 1480
1504275300 0 1627 0 1798
1504275000 0 1479 0 1798
1504274700 0 1080 0 1110
1504274400 0 1185 0 1350
1504274100 0 1451 0 1570
1504273800 0 1377 0 1570
1504273500 0 1168 0 1188
1504273200 4 1252 10 1328
1504272900 5 1515 10 1736
1504272600 0 1656 0 1736
1504272300 0 1529 0 1564
1504272000 0 1284 0 1490
1504271700 0 1270 0 1532
1504271400 0 1567 0 1609
1504271100 0 1440 0 1609
1504270800 0 1017 0 1245
1504270500 0 809 0 872
1504270200 0 736 0 872
1504269900 0 760 0 969
1504269600 4 770 10 969
1504269300 5 764 10 1029
1504269000 0 944 0 1029
1504268700 0 690 0 846
1504268400 0 529 0 555
1504268100 0 549 0 555
1504267800 0 508 0 543
1504267500 0 508 0 557
1504267200 0 632 0 722
1504266900 0 638 0 722
1504266600 0 506 0 542
1504266300 0 458 0 464
1504266000 4 423 10 452
1504265700 5 423 10 463
1504265400 0 472 0 483
1504265100 0 429 0 483
1504264800 0 403 0 445
1504264500 0 444 0 445
1504264200 0 403 0 444
1504263900 0 416 0 486
1504263600 0 459 0 486
1504263300 0 411 0 428
1504263000 0 432 0 481
1504262700 0 453 0 481
1504262400 4 436 10 455
1504262100 5 475 10 500
1504261800 0 463 0 500
1504261500 0 421 0 422
1504261200 0 441 0 464
1504260900 0 453 0 464
1504260600 0 414 0 441
1504260300 0 423 0 469
1504260000 0 425 0 469
1504259700 0 383 0 394
1504259400 0 447 0 510
1504259100 0 437 0 510
1504258800 4 376 10 404
1504258500 5 436 10 475
1504258200 0 434 0 475
1504257900 0 398 0 412
1504257600 0 431 0 454
1504257300 0 425 0 454
1504257000 0 387 0 393
1504256700 0 414 0 452
1504256400 0 423 0 452
1504256100 0 399 0 410
1504255800 0 435 0 464
1504255500 0 421 0 464
1504255200 4 393 10 418
1504254900 5 411 10 418
1504254600 0 402 0 404
1504254300 0 438 0 482
1504254000 0 455 0 482
1504253700 0 427 0 432
1504253400 0 403 0 432
1504253100 0 375 0 382
1504252800 0 375 0 382
1504252500 0 397 0 430
1504252200 0 411 0 430
1504251900 0 383 0 391
1504251600 4 394 10 418
1504251300 5 401 10 418
1504251000 0 399 0 421
1504250700 0 432 0 445
1504250400 0 438 0 445
1504250100 0 422 0 432
1504249800 0 409 0 411
1504249500 0 387 0 408
1504249200 0 386 0 414
1504248900 0 440 0 471
1504248600 0 438 0 471
1504248300 0 394 0 400
1504248000 4 414 10 446
1504247700 5 404 10 446
1504247400 0 381 0 410
1504247100 0 424 0 442
1504246800 0 431 0 442
1504246500 0 432 0 447
1504246200 0 432 0 447
1504245900 0 398 0 415
1504245600 0 411 0 449
1504245300 0 435 0 449
1504245000 0 419 0 420
1504244700 0 416 0 420
1504244400 4 416 10 421
1504244100 5 410 10 421
1504243800 0 430 0 466
1504243500 0 451 0 466
1504243200 0 439 0 446
1504242900 0 435 0 446
1504242600 0 421 0 424
1504242300 0 409 0 419
1504242000 0 413 0 431
1504241700 0 426 0 431
1504241400 0 420 0 422
1504241100 0 415 0 418
1504240800 4 393 10 412
1504240500 5 389 10 410
1504240200 0 439 0 474
1504239900 0 442 0 474
1504239600 0 416 0 430
1504239300 0 474 0 526
1504239000 0 454 0 526
1504238700 0 376 0 381
1504238400 0 449 0 530
1504238100 0 438 0 530
1504237800 0 393 0 465
1504237500 0 448 0 465
1504237200 4 404 10 430
1504236900 5 392 10 412
1504236600 0 433 0 459
1504236300 0 459 0 460
1504236000 0 448 0 460
1504235700 0 419 0 436
1504235400 0 402 0 405
1504235100 0 416 0 431
1504234800 0 395 0 431
1504234500 0 389 0 431
1504234200 0 444 0 461
1504233900 0 415 0 461
1504233600 4 398 10 440
1504233300 5 447 10 457
1504233000 0 411 0 457
1504232700 0 387 0 422
1504232400 0 448 0 480
1504232100 0 440 0 480
1504231800 0 388 0 395
1504231500 0 412 0 447
1504231200 0 414 0 447
1504230900 0 377 0 378
1504230600 0 427 0 485
1504230300 0 443 0 485
1504230000 4 382 10 394
1504229700 5 445 10 534
1504229400 0 470 0 534
1504229100 0 404 0 414
1504228800 0 430 0 450
1504228500 0 409 0 450
1504228200 0 386 0 415
1504227900 0 424 0 436
1504227600 0 418 0 436
1504227300 0 404 0 414
1504227000 0 441 0 473
1504226700 0 442 0 473
1504226400 4 418 10 431
1504226100 5 435 10 441
1504225800 0 422 0 441
1504225500 0 425 0 452
1504225200 0 455 0 460
1504224900 0 444 0 460
1504224600 0 438 0 452
1504224300 0 438 0 452
1504224000 0 423 0 426
1504223700 0 446 0 471
1504223400 0 438 0 471
1504223100 0 415 0 434
1504222800 4 457 10 484
1504222500 5 432 10 484
1504222200 0 413 0 463
1504221900 0 450 0 463
1504221600 0 410 0 436
1504221300 0 386 0 394
1504221000 0 422 0 457
1504220700 0 439 0 457
1504220400 0 414 0 418
1504220100 0 436 0 466
1504219800 0 425 0 466
1504219500 0 392 0 409
1504219200 4 426 10 447
1504218900 5 438 10 447
1504218600 0 442 0 460
1504218300 0 460 0 461
1504218000 0 435 0 461
1504217700 0 430 0 460
1504217400 0 421 0 460
1504217100 0 410 0 449
1504216800 0 435 0 449
1504216500 0 397 0 419
1504216200 0 450 0 543
1504215900 0 589 0 645
1504215600 4 586 10 645
1504215300 5 528 10 543
1504215000 0 576 0 616
1504214700 0 581 0 616
1504214400 0 629 0 732
1504214100 0 704 0 732
1504213800 0 728 0 792
1504213500 0 895 0 1017
1504213200 0 1022 0 1028
1504212900 0 1166 0 1330
1504212600 0 1307 0 1330
1504212300 0 1165 0 1280
1504212000 4 1018 10 1030
1504211700 5 1150 10 1321
1504211400 0 1351 0 1386
1504211100 0 1299 0 1386
1504210800 0 1191 0 1199
1504210500 0 1342 0 1531
1504210200 0 1383 0 1531
1504209900 0 1163 0 1211
1504209600 0 1313 0 1556
1504209300 0 1357 0 1556
1504209000 0 1332 0 1569
1504208700 0 1543 0 1569
1504208400 4 1361 10 1514
1504208100 5 1242 10 1311
1504207800 0 1249 0 1311
1504207500 0 1335 0 1522
1504207200 0 1511 0 1522
1504206900 0 1346 0 1500
1504206600 0 1220 0 1282
1504206300 0 1393 0 1523
1504206000 0 1449 0 1523
1504205700 0 1312 0 1365
1504205400 0 1299 0 1355
1504205100 0 1486 0 1639
1504204800 4 1432 10 1639
1504204500 5 1202 10 1212
1504204200 0 1372 0 1558
1504203900 0 1523 0 1558
1504203600 0 1485 0 1488
1504203300 0 1511 0 1539
1504203000 0 1499 0 1539
1504202700 0 1469 0 1488
1504202400 0 1488 0 1490
1504202100 0 1321 0 1490
1504201800 0 1174 0 1230
1504201500 0 1250 0 1274
1504201200 4 1280 10 1288
1504200900 5 1310 10 1336
1504200600 0 1345 0 1357
1504200300 0 1276 0 1357
1504200000 0 1218 0 1260
1504199700 0 1242 0 1260
1504199400 0 1229 0 1237
1504199100 0 1382 0 1553
1504198800 0 1456 0 1553
1504198500 0 1348 0 1353
1504198200 0 1299 0 1353
1504197900 0 1493 0 1790
1504197600 4 1585 10 1790
1504197300 5 1286 10 1346
1504197000 0 1392 0 1595
1504196700 0 1514 0 1595
1504196400 0 1381 0 1421
1504196100 0 1314 0 1335
1504195800 0 1377 0 1480
1504195500 0 1328 0 1480
1504195200 0 1286 0 1442
1504194900 0 1594 0 1773
1504194600 0 1624 0 1773
1504194300 0 1503 0 1566
1504194000 4 1605 10 1652
1504193700 5 1408 10 1652
1504193400 0 1334 0 1583
1504193100 0 1504 0 1583
1504192800 0 1292 0 1413
1504192500 0 1276 0 1419
1504192200 0 1417 0 1419
1504191900 0 1495 0 1589
1504191600 0 1509 0 1589
1504191300 0 1303 0 1418
1504191000 0 1150 0 1170
1504190700 0 1455 0 1839
1504190400 4 1607 10 1839
1504190100 5 1390 10 1448
1504189800 0 1335 0 1448
1504189500 0 1205 0 1207
1504189200 0 1179 0 1207
1504188900 0 1282 0 1441
1504188600 0 1385 0 1441
1504188300 0 1203 0 1321
1504188000 0 1065 0 1068
1504187700 0 1187 0 1333
1504187400 0 1490 0 1674
1504187100 0 1464 0 1674
1504186800 4 1464 10 1746
1504186500 5 1914 10 2109
1504186200 0 1874 0 2109
1504185900 0 1378 0 1602
1504185600 0 1227 0 1355
1504185300 0 1335 0 1355
1504185000 0 1481 0 1676
1504184700 0 1588 0 1676
1504184400 0 1293 0 1485
1504184100 0 1099 0 1137
1504183800 0 1185 0 1241
1504183500 0 1102 0 1241
1504183200 0 1004 0 1077
1504182900 4 981 9 1077
1504182600 4 1053 9 1268
1504182300 0 1021 0 1268
1504182000 0 1099 0 1528
1504181700 0 1399 0 1528
1504181400 0 1093 0 1250
1504181100 0 850 0 909
1504180800 0 784 0 787
1504180500 0 809 0 835
1504180200 0 847 0 863
1504179900 0 828 0 863
1504179600 0 801 0 817
1504179300 4 813 9 817
1504179000 4 816 9 826
1504178700 0 810 0 826
1504178400 0 846 0 909
1504178100 0 820 0 909
1504177800 0 762 0 815
1504177500 0 821 0 828
1504177200 0 853 0 882
1504176900 0 857 0 882
1504176600 0 837 0 848
1504176300 0 807 0 848
1504176000 0 782 0 808
1504175700 4 799 10 808
1504175400 5 811 10 836
1504175100 0 793 0 836
1504174800 0 798 0 862
1504174500 0 833 0 862
1504174200 0 804 0 808
1504173900 0 791 0 808
1504173600 0 800 0 834
1504173300 0 836 0 840
1504173000 0 836 0 840
1504172700 0 817 0 833
1504172400 0 816 0 836
1504172100 4 789 10 836
1504171800 5 769 10 811
1504171500 0 817 0 826
1504171200 0 804 0 826
1504170900 0 791 0 805
1504170600 0 815 0 828
1504170300 0 781 0 828
1504170000 0 769 0 820
1504169700 0 810 0 820
1504169400 0 809 0 821
1504169100 0 808 0 821
1504168800 0 797 0 801
1504168500 4 791 10 801
1504168200 5 773 10 780
1504167900 0 805 0 853
1504167600 0 817 0 853
1504167300 0 800 0 831
1504167000 0 831 0 833
1504166700 0 792 0 833
1504166400 0 774 0 810
1504166100 0 789 0 810
1504165800 0 817 0 877
1504165500 0 825 0 877
1504165200 0 779 0 796
1504164900 4 795 10 796
1504164600 5 812 10 833
1504164300 0 792 0 833
1504164000 0 799 0 861
1504163700 0 833 0 861
1504163400 0 794 0 801
1504163100 0 790 0 795
1504162800 0 806 0 820
1504162500 0 802 0 820
1504162200 0 786 0 791
1504161900 0 821 0 856
1504161600 0 789 0 856
1504161300 4 769 10 837
1504161000 5 826 10 837
1504160700 0 771 0 815
1504160400 0 810 0 914
1504160100 0 856 0 914
1504159800 0 790 0 791
1504159500 0 788 0 791
1504159200 0 802 0 821
1504158900 0 789 0 821
1504158600 0 790 0 836
1504158300 0 809 0 836
1504158000 0 797 0 818
1504157700 4 777 10 818
1504157400 5 793 10 867
1504157100 0 911 0 964
1504156800 0 1146 0 1361
1504156500 0 938 0 1361
1504156200 0 486 0 539
1504155900 0 530 0 539
1504155600 0 541 0 566
1504155300 0 560 0 566
1504155000 0 557 0 561
1504154700 0 513 0 561
1504154400 0 505 0 559
1504154100 4 555 10 559
1504153800 5 543 10 552
1504153500 0 546 0 560
1504153200 0 573 0 589
1504152900 0 551 0 589
1504152600 0 529 0 555
1504152300 0 559 0 565
1504152000 0 548 0 565
1504151700 0 549 0 572
1504151400 0 580 0 590
1504151100 0 547 0 590
1504150800 0 547 0 606
1504150500 4 580 10 606
1504150200 5 568 10 588
1504149900 0 580 0 588
1504149600 0 570 0 571
1504149300 0 573 0 578
1504149000 0 574 0 578
1504148700 0 564 0 571
1504148400 0 580 0 608
1504148100 0 592 0 608
1504147800 0 563 0 575
1504147500 0 564 0 582
1504147200 0 600 0 621
1504146900 4 574 10 621
1504146600 5 550 10 587
1504146300 0 596 0 608
1504146000 0 569 0 608
1504145700 0 556 0 593
1504145400 0 606 0 623
1504145100 0 575 0 623
1504144800 0 558 0 603
1504144500 0 586 0 603
1504144200 0 556 0 567
1504143900 0 575 0 611
1504143600 0 622 0 635
1504143300 4 579 10 635
1504143000 5 572 10 639
1504142700 0 618 0 639
1504142400 0 589 0 595
1504142100 0 587 0 591
1504141800 0 591 0 593
1504141500 0 578 0 593
1504141200 0 580 0 603
1504140900 0 592 0 603
1504140600 0 605 0 634
1504140300 0 590 0 634
1504140000 0 557 0 577
1504139700 4 594 10 614
1504139400 5 637 10 666
1504139100 0 612 0 666
1504138800 0 596 0 650
1504138500 0 626 0 650
1504138200 0 583 0 600
1504137900 0 568 0 573
1504137600 0 597 0 626
1504137300 0 585 0 626
1504137000 0 584 0 637
1504136700 0 614 0 637
1504136400 0 570 0 587
1504136100 4 580 10 615
1504135800 5 617 10 620
1504135500 0 582 0 620
1504135200 0 595 0 660
1504134900 0 615 0 660
1504134600 0 546 0 563
1504134300 0 554 0 585
1504134000 0 608 0 636
1504133700 0 595 0 636
1504133400 0 599 0 658
1504133100 0 624 0 658
1504132800 0 545 0 585
1504132500 4 560 10 633
1504132200 5 651 10 673
1504131900 0 621 0 673
1504131600 0 575 0 593
1504131300 0 582 0 593
1504131000 0 629 0 699
1504130700 0 674 0 699
1504130400 0 612 0 646
1504130100 0 584 0 598
1504129800 0 652 0 717
1504129500 0 641 0 717
1504129200 0 611 0 676
1504128900 4 681 10 688
1504128600 5 737 10 795
1504128300 0 1474 0 2273
1504128000 0 1751 0 2273
1504127700 0 958 0 1140
1504127400 0 810 0 886
1504127100 0 862 0 886
1504126800 0 822 0 836
1504126500 0 1014 0 1259
1504126200 0 1292 0 1332
1504125900 0 1206 0 1332
1504125600 0 987 0 1061
1504125300 4 1024 10 1169
1504125000 5 1164 10 1169
1504124700 0 1238 0 1329
1504124400 0 1761 0 2269
1504124100 0 1759 0 2269
1504123800 0 1206 0 1250
1504123500 0 1357 0 1481
1504123200 0 1427 0 1481
1504122900 0 1317 0 1365
1504122600 0 1400 0 1564
1504122300 0 1406 0 1564
1504122000 0 1476 0 1767
1504121700 4 1590 10 1767
1504121400 5 1498 10 1631
1504121100 0 1494 0 1631
1504120800 0 1329 0 1337
1504120500 0 1356 0 1399
1504120200 0 1525 0 1674
1504119900 0 1819 0 1988
1504119600 0 1817 0 1988
1504119300 0 1523 0 1619
1504119000 0 1389 0 1413
1504118700 0 1267 0 1361
1504118400 0 1304 0 1474
1504118100 4 1625 10 1804
1504117800 5 1564 10 1804
1504117500 0 1262 0 1284
1504117200 0 1480 0 1756
1504116000 0 1291 10 1556
1504114200 0 1273 10 1556
1504112400 0 1200 10 1382
1504110600 0 1482 10 1810
1504108800 0 1353 10 1810
1504107000 0 1327 10 1652
1504105200 0 1530 10 2038
1504103400 0 1523 10 2038
1504101600 0 1346 10 1545
1504099800 0 1512 10 1735
1504098000 0 1319 10 2173
1504096200 0 952 10 1177
1504094400 0 720 10 1137
1504092600 0 605 10 648
1504090800 0 608 10 679
1504089000 0 644 10 740
1504087200 0 583 10 642
1504085400 0 601 10 677
1504083600 0 580 10 657
1504081800 0 601 10 638
1504080000 0 594 10 631
1504078200 0 598 10 660
1504076400 0 585 10 660
1504074600 0 581 10 656
1504072800 0 583 10 614
1504071000 0 590 10 621
1504069200 0 582 10 602
1504067400 0 585 10 606
1504065600 0 582 10 614
1504063800 0 588 10 625
1504062000 0 598 10 629
1504060200 0 608 10 760
1504058400 0 620 10 779
1504056600 0 605 10 740
1504054800 0 591 10 689
1504053000 0 601 10 650
1504051200 0 588 10 672
1504049400 0 588 10 644
1504047600 0 584 10 623
1504045800 0 602 10 657
1504044000 0 762 10 1204
1504042200 0 795 10 868
1504040400 0 1224 10 1479
1504038600 0 1396 10 1630
1504036800 0 1559 10 2097
1504035000 0 1824 10 2097
1504033200 0 1601 10 2035
1504031400 0 1431 10 1771
1504029600 0 1515 10 1954
1504027800 0 1693 10 1994
1504026000 0 1368 10 1580
1504024200 0 1471 10 1682
1504022400 0 1419 10 1602
1504020600 0 1487 10 1783
1504018800 0 1567 10 1824
1504017000 0 1449 10 1737
1504015200 0 1724 10 2235
1504013400 0 1697 10 1943
1504011600 0 1192 10 1456
1504009800 0 929 10 1178
1504008000 0 769 10 1314
1504006200 0 614 10 864
1504004400 0 537 10 594
1504002600 0 555 10 598
1504000800 0 562 10 590
1503999000 0 547 10 618
1503997200 0 551 10 592
1503995400 0 551 10 603
1503993600 0 550 10 587
1503991800 0 562 10 633
1503990000 0 542 10 586
1503988200 0 549 10 624
1503986400 0 554 10 594
1503984600 0 541 10 575
1503982800 0 535 10 587
1503981000 0 538 10 676
1503979200 0 538 10 655
1503977400 0 525 10 573
1503975600 0 554 10 597
1503973800 0 556 10 616
1503972000 0 562 10 623
1503970200 0 563 10 626
1503968400 0 565 10 624
1503966600 0 564 10 589
1503964800 0 575 10 629
1503963000 0 563 10 606
1503961200 0 572 10 616
1503959400 0 748 10 1384
1503957600 0 818 10 1384
1503955800 0 899 10 1275
1503954000 0 1128 10 1359
1503952200 0 1385 10 1489
1503950400 0 1556 10 1878
1503948600 0 1366 10 1905
1503946800 0 1488 10 1905
1503945000 0 1326 10 1482
1503943200 0 1389 10 1879
1503941400 0 1227 10 1559
1503939600 0 1396 0 1595
1503937800 1 1393 10 1550
1503936000 0 1375 0 1618
1503934200 1 1172 10 1586
1503932400 0 1362 0 1797
1503930600 1 1574 10 2019
1503928800 0 1795 0 2358
1503927000 1 1341 10 1681
1503925200 0 1002 0 1379
1503923400 1 804 10 1154
1503921600 0 531 0 838
1503919800 1 441 10 476
1503918000 0 461 0 485
1503916200 1 420 10 447
1503914400 0 422 0 442
1503912600 1 427 10 477
1503910800 0 416 0 468
1503909000 1 419 10 469
1503907200 0 419 0 442
1503905400 1 423 10 449
1503903600 0 418 0 453
1503901800 1 422 10 494
1503900000 0 417 0 454
1503898200 1 427 10 482
1503896400 0 424 0 482
1503894600 1 421 10 461
1503892800 0 459 0 512
1503891000 1 467 10 514
1503889200 0 467 0 514
1503887400 1 466 10 494
1503885600 0 465 0 498
1503883800 1 468 10 502
1503882000 0 465 0 489
1503880200 1 466 10 516
1503878400 0 463 0 528
1503876600 1 470 10 540
1503874800 0 464 0 505
1503873000 1 471 10 540
1503871200 0 468 0 504
1503869400 1 471 10 506
1503867600 0 468 0 509
1503865800 1 466 10 508
1503864000 0 464 0 494
1503862200 1 476 10 517
1503860400 0 464 0 511
1503858600 1 421 10 457
1503856800 0 419 0 445
1503855000 1 427 10 484
1503853200 0 423 0 454
1503851400 1 418 10 468
1503849600 0 424 0 494
1503847800 1 424 10 481
1503846000 0 429 0 489
1503844200 1 426 10 468
1503842400 0 417 0 466
1503840600 1 428 10 472
1503838800 0 420 0 476
1503837000 1 428 10 490
1503835200 0 421 0 451
1503833400 1 429 10 463
1503831600 0 421 0 464
1503829800 1 420 10 450
1503828000 0 424 0 445
1503826200 1 429 10 490
1503824400 0 425 0 458
1503822600 1 424 10 473
1503820800 0 421 0 469
1503819000 1 432 10 465
1503817200 0 423 0 461
1503815400 1 425 10 470
1503813600 0 419 0 461
1503811800 1 422 10 442
1503810000 0 425 0 465
1503808200 1 420 10 459
1503806400 0 416 0 453
1503804600 1 424 10 456
1503802800 0 421 0 444
1503801000 1 418 10 451
1503799200 0 418 0 475
1503797400 1 427 10 479
1503795600 0 423 0 458
1503793800 1 422 10 453
1503792000 0 423 0 468
1503790200 1 424 10 468
1503788400 0 421 0 462
1503786600 1 425 10 442
1503784800 0 417 0 439
1503783000 1 433 10 485
1503781200 0 420 0 445
1503779400 1 420 10 450
1503777600 0 420 0 444
1503775800 1 431 10 472
1503774000 0 424 0 481
1503772200 1 422 10 485
1503770400 0 422 0 494
1503768600 1 426 10 503
1503766800 0 428 0 456
1503765000 1 420 10 441
1503763200 0 422 0 446
1503761400 1 421 10 441
1503759600 0 422 0 439
1503757800 1 427 10 480
1503756000 0 417 0 445
1503754200 1 428 10 474
1503752400 0 423 0 451
1503750600 1 423 10 465
1503748800 0 417 0 440
1503747000 1 427 10 487
1503745200 0 420 0 472
1503743400 1 419 10 469
1503741600 0 427 0 458
1503739800 1 431 10 476
1503738000 0 420 0 457
1503736200 1 420 10 458
1503734400 0 422 0 454
1503732600 1 426 10 445
1503730800 0 423 0 466
1503729000 1 423 10 476
1503727200 0 419 0 464
1503725400 1 425 10 467
1503723600 0 421 0 443
1503721800 1 426 10 470
1503720000 0 465 0 512
1503718200 1 469 10 511
1503716400 0 466 0 495
1503714600 1 472 10 490
1503712800 0 465 0 499
1503711000 1 474 10 534
1503709200 0 465 0 501
1503707400 1 465 10 503
1503705600 0 470 0 497
1503703800 1 464 10 502
1503702000 0 438 0 464
1503700200 1 458 10 553
1503698400 0 519 0 589
1503696600 1 599 10 746
1503694800 0 691 0 769
1503693000 0 926 9 1126
1503691200 0 1218 0 1662
1503689400 0 1156 10 1662
1503687600 0 1134 0 1298
1503685800 0 1267 10 1384
1503684000 0 1110 0 1378
1503682200 0 1152 10 1380
1503680400 0 1147 0 1223
1503678600 0 1117 10 1250
1503676800 0 1361 0 1681
1503675000 0 1146 10 1681
1503673200 0 1238 0 1692
1503671400 0 1340 10 1674
1503669600 0 1518 0 2316
1503667800 0 1288 10 1506
1503666000 0 1097 0 1402
1503664200 0 946 10 1297
1503662400 0 701 0 1131
1503660600 0 597 10 703
1503658800 0 565 0 617
1503657000 0 562 10 577
1503655200 0 566 0 599
1503653400 0 581 10 634
1503651600 0 564 0 650
1503649800 0 567 10 628
1503648000 0 561 0 614
1503646200 0 576 10 639
1503644400 0 570 0 648
1503642600 0 573 10 681
1503640800 0 566 0 631
1503639000 0 579 10 661
1503637200 0 568 0 611
1503635400 0 588 10 682
1503633600 0 560 0 591
1503631800 0 582 10 612
1503630000 0 566 0 635
1503628200 0 563 10 611
1503626400 0 566 0 607
1503624600 0 593 10 730
1503622800 0 544 0 627
1503621000 0 560 10 627
1503619200 0 543 0 570
1503617400 0 552 10 610
1503615600 0 548 0 639
1503613800 0 630 10 986
1503612000 0 695 0 996
1503610200 0 990 10 1163
1503608400 0 892 0 1102
1503606600 0 1144 10 1320
1503604800 0 1208 0 1375
1503603000 0 1344 10 1662
1503601200 0 1265 0 1662
1503599400 0 1256 10 1464
1503597600 0 1299 0 1464
1503595800 0 1319 3 1666
1503594000 0 1272 3 1666
1503592200 0 1195 3 1240
1503590400 0 1278 2 1369
1503588600 0 1319 2 1369
1503586800 0 1322 0 1342
1503585000 1 1343 2 1344
1503583200 0 1355 2 1356
1503581400 1 1418 2 1471
1503579600 0 1082 1 1098
1503577800 1 895 1 895
1503576000 0 729 1 895
1503574200 0 590 1 694
1503572400 1 585 1 600
1503570600 0 601 1 606
1503568800 0 606 1 607
1503567000 1 607 1 607
1503565200 1 596 1 607
1503563400 1 597 1 606
1503561600 1 606 1 606
1503559800 0 586 1 606
1503558000 0 577 0 577
1503556200 0 582 1 583
1503554400 0 577 1 583
1503552600 0 577 2 579
1503550800 0 591 2 594
1503549000 0 589 2 594
1503547200 0 594 0 598
1503545400 0 613 2 620
1503543600 0 612 0 613
1503541800 0 614 3 621
1503540000 0 608 3 632
1503538200 0 639 3 648
1503536400 0 615 0 633
1503534600 0 595 4 616
1503532800 0 592 0 610
1503531000 0 598 5 618
1503529200 0 594 0 607
1503527400 1 636 7 674
1503525600 0 655 0 701
1503523800 0 850 8 1038
1503522000 0 978 0 1124
1503520200 0 1142 9 1235
1503518400 0 1242 0 1426
1503516600 0 1447 10 1891
1503514800 0 1356 0 1561
1503513000 0 1417 10 2107
1503511200 0 1334 0 1594
1503509400 0 1270 10 1594
1503507600 0 1324 0 1570
1503505800 0 1245 10 1391
1503504000 0 1233 0 1406
1503502200 0 1232 10 1346
1503500400 0 1275 0 1357
1503498600 0 1294 10 1449
1503496800 0 1395 0 1887
1503495000 0 1446 10 1828
1503493200 0 1110 0 1344
1503491400 0 859 10 1082
1503489600 0 733 0 1320
1503487800 0 558 10 603
1503486000 0 521 0 577
1503484200 0 528 10 565
1503482400 0 526 0 555
1503480600 0 537 10 591
1503478800 0 529 0 591
1503477000 0 567 10 609
1503475200 0 573 0 617
1503473400 0 586 10 611
1503471600 0 580 0 636
1503469800 0 577 10 618
1503468000 0 579 0 614
1503466200 0 590 10 637
1503464400 0 581 0 623
1503462600 0 602 10 706
1503460800 0 624 0 747
1503459000 0 554 10 603
1503457200 0 539 0 583
1503455400 0 529 10 561
1503453600 0 542 0 606
1503451800 0 546 10 606
1503450000 0 537 0 576
1503448200 0 529 10 568
1503446400 0 564 0 722
1503444600 0 589 10 722
1503442800 0 594 0 800
1503441000 0 611 10 660
1503439200 0 669 0 772
1503437400 0 1068 10 1466
1503435600 0 1243 0 1452
1503433800 0 1382 10 1601
1503432000 0 1416 0 1582
1503430200 0 1553 10 1838
1503428400 0 1466 0 1704
1503426600 0 1524 10 1874
1503424800 0 1544 0 1670
1503423000 0 1644 10 1789
1503421200 0 1643 0 2315
1503419400 0 1509 10 1924
1503417600 0 2070 0 2541
1503415800 0 1662 10 2280
1503414000 0 1618 0 1898
1503412200 1 1586 10 1831
1503410400 0 1524 0 1907
1503408600 1 1755 10 1985
1503406800 0 1199 0 1503
1503405000 1 1136 10 1734
1503403200 0 704 0 1236
1503401400 1 683 10 817
1503399600 0 608 0 777
1503397800 1 681 10 834
1503396000 0 593 0 834
1503394200 0 612 10 687
1503392400 0 589 0 644
1503390600 1 588 10 645
1503388800 0 576 0 627
1503387000 1 594 10 644
1503385200 0 586 0 619
1503383400 1 595 10 619
1503381600 0 582 0 612
1503379800 1 589 10 630
1503378000 0 603 0 643
1503376200 1 588 10 624
1503374400 0 580 0 610
1503372600 0 590 10 648
1503370800 0 584 0 645
1503369000 1 587 10 658
1503367200 0 622 0 699
1503365400 0 601 10 649
1503363600 0 582 0 622
1503361800 0 593 10 653
1503360000 0 611 0 717
1503358200 1 654 10 928
1503356400 0 593 0 638
1503354600 0 631 10 729
1503352800 0 669 0 848
1503351000 0 843 10 1273
1503349200 0 1100 0 1273
1503347400 1 1314 10 1798
1503345600 0 1092 0 1798
1503343800 0 1195 10 1843
1503342000 0 1101 0 1219
1503340200 0 1319 10 1733
1503338400 0 1354 0 1733
1503336600 0 1430 10 1917
1503334800 0 1328 0 1709
1503333000 0 1506 10 2018
1503331200 0 1295 0 1508
1503329400 0 1194 10 1508
1503327600 0 1195 0 1381
1503325800 0 1364 10 1586
1503324000 0 823 1 1470
1503322200 1 469 1 469
1503320400 1 469 1 469
1503318600 1 469 1 469
1503316800 1 469 1 469
1503315000 1 469 1 469
1503313200 1 469 1 469
1503311400 1 469 1 469
1503309600 1 469 1 469
1503307800 1 469 1 469
1503306000 1 469 1 469
1503304200 1 469 1 469
1503302400 1 469 1 469
1503300600 1 469 1 469
1503298800 1 469 1 469
1503297000 1 469 1 469
1503295200 1 469 1 469
1503293400 1 469 1 469
1503291600 1 469 1 469
1503289800 1 469 1 469
1503288000 1 469 1 469
1503286200 1 469 1 469
1503284400 1 469 1 469
1503282600 1 469 1 469
1503280800 1 469 1 469
1503279000 1 469 1 469
1503277200 1 469 1 469
1503275400 1 469 1 469
1503273600 1 469 1 469
1503271800 1 469 1 469
1503270000 1 469 1 469
1503268200 1 469 1 469
1503266400 1 469 1 469
1503264600 1 469 1 469
1503262800 1 469 1 469
1503261000 1 469 1 469
1503259200 1 469 1 469
1503257400 1 469 1 469
1503255600 1 469 1 469
1503253800 1 469 1 469
1503252000 1 469 1 469
1503250200 1 469 1 469
1503248400 1 469 1 469
1503246600 1 469 1 469
1503244800 1 469 1 469
1503243000 1 469 1 469
1503241200 1 469 1 469
1503239400 1 469 1 469
1503237600 1 469 1 469
1503235800 1 469 1 469
1503234000 1 469 1 469
1503232200 1 469 1 469
1503230400 1 469 1 469
1503228600 1 469 1 469
1503226800 1 469 1 469
1503225000 1 469 1 469
1503223200 1 469 1 469
1503221400 1 469 1 469
1503219600 1 469 1 469
1503217800 1 469 1 469
1503216000 1 469 1 469
1503214200 1 469 1 469
1503212400 1 469 1 469
1503210600 1 469 1 469
1503208800 1 469 1 469
1503207000 1 469 1 469
1503205200 1 469 1 469
1503203400 1 469 1 469
1503201600 1 469 1 469
1503199800 1 469 1 469
1503198000 1 469 1 469
1503196200 1 469 1 469
1503194400 1 469 1 469
1503192600 1 469 1 469
1503190800 1 469 1 469
1503189000 1 469 1 469
1503187200 1 469 1 469
1503185400 1 469 1 469
1503183600 1 469 1 469
1503181800 1 469 1 469
1503180000 1 469 1 469
1503178200 1 469 1 469
1503176400 1 469 1 469
1503174600 1 469 1 469
1503172800 1 469 1 469
1503171000 1 469 1 469
1503169200 1 469 1 469
1503167400 1 469 1 469
1503165600 1 469 1 469
1503163800 1 469 1 469
1503162000 1 469 1 469
1503160200 1 469 1 469
1503158400 1 469 1 469
1503156600 1 469 1 469
1503154800 1 469 1 469
1503153000 1 469 1 469
1503151200 1 469 1 469
1503149400 1 469 1 469
1503147600 1 469 1 469
1503145800 1 469 1 469
1503144000 1 469 1 469
1503142200 1 469 1 469
1503140400 1 469 1 469
1503138600 1 469 1 469
1503136800 1 469 1 469
1503135000 1 469 1 469
1503133200 1 469 1 469
1503131400 1 469 1 469
1503129600 1 469 1 469
1503127800 1 469 1 469
1503126000 1 469 1 469
1503124200 1 469 1 469
1503122400 1 469 1 469
1503120600 1 469 1 469
1503118800 1 469 1 469
1503117000 1 469 1 469
1503115200 1 469 1 469
1503113400 1 469 1 469
1503111600 1 469 1 469
1503109800 1 469 1 469
1503108000 1 469 1 469
1503106200 1 469 1 469
1503104400 1 469 1 469
1503102600 1 469 1 469
1503100800 1 469 1 469
1503099000 1 469 1 469
1503097200 1 469 1 469
1503095400 1 469 1 469
1503093600 1 469 1 469
1503091800 1 469 1 469
1503090000 1 469 1 469
1503088200 1 469 1 469
1503086400 1 469 1 469
1503084600 1 469 1 469
1503082800 1 469 1 469
1503081000 1 469 1 469
1503079200 1 469 1 469
1503077400 1 469 1 469
1503075600 1 469 1 469
1503073800 1 469 1 469
1503072000 1 469 1 469
1503070200 1 469 1 469
1503068400 1 469 1 469
1503066600 1 469 1 469
1503064800 1 469 1 469
1503063000 1 469 1 469
1503061200 1 469 1 469
1503059400 1 469 1 469
1503057600 1 469 1 469
1503055800 1 469 1 469
1503054000 1 469 1 469
1503052200 1 469 1 469
1503050400 1 469 1 469
1503048600 1 469 1 469
1503046800 1 469 1 469
1503045000 1 469 1 469
1503043200 1 469 1 469
1503041400 1 469 1 469
1503039600 1 469 1 469
1503037800 1 469 1 469
1503036000 1 469 1 469
1503028800 1 469 1 469
1503021600 1 469 1 469
1503014400 1 469 1 469
1503007200 1 469 1 469
1503000000 1 469 1 469
1502992800 1 469 1 469
1502985600 1 469 1 469
1502978400 1 469 1 469
1502971200 1 469 1 469
1502964000 1 469 1 469
1502956800 1 469 1 469
1502949600 1 469 1 469
1502942400 1 469 1 469
1502935200 1 469 1 469
1502928000 1 469 1 469
1502920800 1 469 1 469
1502913600 1 469 1 469
1502906400 1 469 1 469
1502899200 1 469 1 469
1502892000 1 469 1 469
1502884800 1 469 1 469
1502877600 1 469 1 469
1502870400 1 469 1 469
1502863200 1 469 1 469
1502856000 1 469 1 469
1502848800 1 469 1 469
1502841600 1 469 1 469
1502834400 1 469 1 469
1502827200 1 469 1 469
1502820000 1 469 1 469
1502812800 1 469 1 469
1502805600 1 469 1 469
1502798400 1 469 1 469
1502791200 1 469 1 469
1502784000 1 469 1 469
1502776800 1 469 1 469
1502769600 1 469 1 469
1502762400 1 469 1 469
1502755200 1 469 1 469
1502748000 1 469 1 469
1502740800 1 469 1 469
1502733600 1 469 1 469
1502726400 1 469 1 469
1502719200 1 469 1 469
1502712000 1 469 1 469
1502704800 1 469 1 469
1502697600 1 469 1 469
1502690400 1 469 1 469
1502683200 1 469 1 469
1502676000 1 469 1 469
1502668800 1 469 1 469
1502661600 1 469 1 469
1502654400 1 469 1 469
1502647200 1 469 1 469
1502640000 1 469 1 469
1502632800 1 469 1 469
1502625600 1 469 1 469
1502618400 1 469 1 469
1502611200 1 469 1 469
1502604000 1 469 1 469
1502596800 1 469 1 469
1502589600 1 469 1 469
1502582400 1 469 1 469
1502575200 1 469 1 469
1502568000 1 469 1 469
1502560800 1 469 1 469
1502553600 1 469 1 469
1502546400 1 469 1 469
1502539200 1 469 1 469
1502532000 1 469 1 469
1502524800 1 469 1 469
1502517600 1 469 1 469
1502510400 1 469 1 469
1502503200 1 469 1 469
1502496000 1 469 1 469
1502488800 1 469 1 469
1502481600 1 469 1 469
1502474400 1 469 1 469
1502467200 1 469 1 469
1502460000 1 469 1 469
1502452800 1 469 1 469
1502445600 1 469 1 469
1502438400 1 469 1 469
1502431200 1 469 1 469
1502424000 1 469 1 469
1502416800 1 469 1 469
1502409600 1 469 1 469
1502402400 1 469 1 469
1502395200 1 469 1 469
1502388000 1 469 1 469
1502380800 1 469 1 469
1502373600 1 469 1 469
1502366400 1 469 1 469
1502359200 1 469 1 469
1502352000 1 469 1 469
1502344800 1 469 1 469
1502337600 1 469 1 469
1502330400 1 469 1 469
1502323200 1 469 1 469
1502316000 1 469 1 469
1502308800 1 469 1 469
1502301600 1 469 1 469
1502294400 1 469 1 469
1502287200 1 469 1 469
1502280000 1 469 1 469
1502272800 1 469 1 469
1502265600 1 469 1 469
1502258400 1 469 1 469
1502251200 1 469 1 469
1502244000 1 469 1 469
1502236800 1 469 1 469
1502229600 1 469 1 469
1502222400 1 469 1 469
1502215200 1 469 1 469
1502208000 1 469 1 469
1502200800 1 469 1 469
1502193600 1 469 1 469
1502186400 1 469 1 469
1502179200 1 469 1 469
1502172000 1 469 1 469
1502164800 1 469 1 469
1502157600 1 469 1 469
1502150400 1 469 1 469
1502143200 1 469 1 469
1502136000 1 469 1 469
1502128800 1 469 1 469
1502121600 1 469 1 469
1502114400 1 469 1 469
1502107200 1 469 1 469
1502100000 1 469 1 469
1502092800 1 469 1 469
1502085600 1 469 1 469
1502078400 1 469 1 469
1502071200 1 469 1 469
1502064000 1 469 1 469
1502056800 1 469 1 469
1502049600 1 469 1 469
1502042400 1 469 1 469
1502035200 1 469 1 469
1502028000 1 469 1 469
1502020800 1 469 1 469
1502013600 1 469 1 469
1502006400 1 469 1 469
1501999200 1 469 1 469
1501992000 1 469 1 469
1501984800 1 469 1 469
1501977600 1 469 1 469
1501970400 1 469 1 469
1501963200 1 469 1 469
1501956000 1 469 1 469
1501948800 1 469 1 469
1501941600 1 469 1 469
1501934400 1 469 1 469
1501927200 1 469 1 469
1501920000 1 469 1 469
1501912800 1 469 1 469
1501905600 1 469 1 469
1501898400 1 469 1 469
1501891200 1 469 1 469
1501884000 1 469 1 469
1501876800 1 469 1 469
1501869600 1 469 1 469
1501862400 1 469 1 469
1501855200 1 469 1 469
1501848000 1 469 1 469
1501840800 1 469 1 469
1501833600 1 469 1 469
1501826400 1 469 1 469
1501819200 1 469 1 469
1501812000 1 469 1 469
1501804800 1 469 1 469
1501797600 1 469 1 469
1501790400 1 469 1 469
1501783200 1 469 1 469
1501776000 1 469 1 469
1501768800 1 469 1 469
1501761600 1 469 1 469
1501754400 1 469 1 469
1501747200 1 469 1 469
1501740000 1 469 1 469
1501732800 1 469 1 469
1501725600 1 469 1 469
1501718400 1 469 1 469
1501711200 1 469 1 469
1501704000 1 469 1 469
1501696800 1 469 1 469
1501689600 1 469 1 469
1501682400 1 469 1 469
1501675200 1 469 1 469
1501668000 1 469 1 469
1501660800 1 469 1 469
1501653600 1 469 1 469
1501646400 1 469 1 469
1501639200 1 469 1 469
1501632000 1 469 1 469
1501624800 1 469 1 469
1501617600 1 469 1 469
1501610400 1 469 1 469
1501603200 1 469 1 469
1501596000 1 469 1 469
1501588800 1 469 1 469
1501581600 1 469 1 469
1501574400 1 469 1 469
1501567200 1 469 1 469
1501560000 1 469 1 469
1501552800 1 469 1 469
1501545600 1 469 1 469
1501538400 1 469 1 469
1501531200 1 469 1 469
1501524000 1 469 1 469
1501516800 1 469 1 469
1501509600 1 469 1 469
1501502400 1 469 1 469
1501495200 1 469 1 469
1501488000 1 469 1 469
1501480800 1 469 1 469
1501473600 1 469 1 469
1501466400 1 469 1 469
1501459200 1 469 1 469
1501452000 1 469 1 469
1501444800 1 469 1 469
1501437600 1 469 1 469
1501430400 1 469 1 469
1501423200 1 469 1 469
1501416000 1 469 1 469
1501408800 1 469 1 469
1501401600 1 469 1 469
1501394400 1 469 1 469
1501387200 1 469 1 469
1501380000 1 469 1 469
1501372800 1 469 1 469
1501365600 1 469 1 469
1501358400 1 469 1 469
1501351200 1 469 1 469
1501344000 1 469 1 469
1501336800 1 469 1 469
1501329600 1 469 1 469
1501322400 1 469 1 469
1501315200 1 469 1 469
1501308000 1 469 1 469
1501300800 1 469 1 469
1501293600 1 469 1 469
1501286400 1 469 1 469
1501279200 1 469 1 469
1501272000 1 469 1 469
1501264800 1 469 1 469
1501257600 1 469 1 469
1501250400 1 469 1 469
1501243200 1 469 1 469
1501236000 1 469 1 469
1501228800 1 469 1 469
1501221600 1 469 1 469
1501214400 1 469 1 469
1501207200 1 469 1 469
1501200000 1 469 1 469
1501192800 1 469 1 469
1501185600 1 469 1 469
1501178400 1 469 1 469
1501171200 1 469 1 469
1501164000 1 469 1 469
1501156800 1 469 1 469
1501149600 1 469 1 469
1501142400 1 469 1 469
1501135200 1 469 1 469
1501128000 1 469 1 469
1501120800 1 469 1 469
1501113600 1 469 1 469
1501106400 1 469 1 469
1501099200 1 469 1 469
1501092000 1 469 1 469
1501084800 1 469 1 469
1501077600 1 469 1 469
1501070400 1 469 1 469
1501063200 1 469 1 469
1501056000 1 469 1 469
1501048800 1 469 1 469
1501041600 1 469 1 469
1501034400 1 469 1 469
1501027200 1 469 1 469
1501020000 1 469 1 469
1501012800 1 469 1 469
1501005600 1 469 1 469
1500998400 1 469 1 469
1500991200 1 469 1 469
1500984000 1 469 1 469
1500976800 1 469 1 469
1500969600 1 469 1 469
1500962400 1 469 1 469
1500955200 1 469 1 469
1500948000 1 469 1 469
1500940800 1 469 1 469
1500933600 1 469 1 469
1500926400 1 469 1 469
1500919200 1 469 1 469
1500912000 1 469 1 469
1500904800 1 469 1 469
1500897600 1 469 1 469
1500890400 1 469 1 469
1500883200 1 469 1 469
1500876000 1 469 1 469
1500868800 1 469 1 469
1500861600 1 469 1 469
1500854400 1 469 1 469
1500847200 1 469 1 469
1500840000 1 469 1 469
1500832800 1 469 1 469
1500825600 1 469 1 469
1500818400 1 469 1 469
1500811200 1 469 1 469
1500804000 1 469 1 469
1500796800 1 469 1 469
1500789600 1 469 1 469
1500782400 1 469 1 469
1500775200 1 469 1 469
1500768000 1 469 1 469
1500760800 1 469 1 469
1500753600 1 469 1 469
1500746400 1 469 1 469
1500739200 1 469 1 469
1500732000 1 469 1 469
1500724800 1 468 1 469
1500717600 0 466 1 473
1500710400 0 462 1 473
1500703200 0 459 2 468
1500696000 0 461 2 468
1500688800 0 466 2 478
1500681600 0 524 3 864
1500674400 0 793 4 1293
1500667200 0 1242 8 1640
1500660000 0 1319 10 1655
1500652800 0 1476 10 2043
1500645600 0 1379 10 2043
1500638400 0 766 10 844
1500631200 0 733 10 790
1500624000 0 739 10 863
1500616800 0 756 10 882
1500609600 0 750 9 887
1500602400 0 753 10 830
1500595200 0 786 10 959
1500588000 0 1425 10 2330
1500580800 0 1743 10 2140
1500573600 0 1790 10 2235
1500566400 0 1703 10 2330
1500559200 0 1547 10 2181
1500552000 0 772 10 1433
1500544800 0 746 10 833
1500537600 0 778 10 952
1500530400 0 774 10 871
1500523200 0 798 10 883
1500516000 0 767 10 841
1500508800 0 809 10 961
1500501600 0 1146 10 1787
1500494400 0 1537 10 1872
1500487200 0 1358 10 1672
1500480000 0 1362 10 1805
1500472800 0 997 10 1949
1500465600 0 618 0 618
1500458400 0 618 0 618
1500451200 0 618 0 618
1500444000 0 618 0 618
1500436800 0 618 0 618
1500429600 0 618 0 618
1500422400 0 618 0 618
1500415200 0 618 0 618
1500408000 0 618 0 618
1500400800 0 618 0 618
1500393600 0 618 0 618
1500386400 0 618 0 618
1500379200 0 618 0 618
1500372000 0 618 0 618
1500364800 0 618 0 618
1500357600 0 618 0 618
1500350400 0 618 0 618
1500343200 0 618 0 618
1500336000 0 618 0 618
1500328800 0 618 0 618
1500321600 0 618 0 618
1500314400 0 618 0 618
1500307200 0 618 0 618
1500300000 0 618 0 618
1500292800 0 618 0 618
1500285600 0 618 0 618
1500278400 0 618 0 618
1500271200 0 618 0 618
1500264000 0 618 0 618
1500256800 0 618 0 618
1500249600 0 618 0 618
1500242400 0 618 0 618
1500235200 0 618 0 618
1500228000 0 618 0 618
1500220800 0 618 0 618
1500213600 0 618 0 618
1500206400 0 618 0 618
1500199200 0 618 0 618
1500192000 0 618 0 618
1500184800 0 618 0 618
1500177600 0 618 0 618
1500170400 0 618 0 618
1500163200 0 618 0 618
1500156000 0 618 0 618
1500148800 0 618 0 618
1500141600 0 618 0 618
1500134400 0 618 0 618
1500127200 0 618 0 618
1500120000 0 618 0 618
1500112800 0 618 0 618
1500105600 0 618 0 618
1500098400 0 618 0 618
1500091200 0 618 0 618
1500084000 0 618 0 618
1500076800 0 618 0 618
1500069600 0 618 0 618
1500062400 0 618 0 618
1500055200 0 618 0 618
1500048000 0 618 0 618
1500040800 0 618 0 618
1500033600 0 618 0 618
1500026400 0 618 0 618
1500019200 0 618 0 618
1500012000 0 618 0 618
1500004800 0 618 0 618
1499997600 0 618 0 618
1499990400 0 618 0 618
1499983200 0 618 0 618
1499976000 0 618 0 618
1499968800 0 618 0 618
1499961600 0 618 0 618
1499954400 0 618 0 618
1499947200 0 618 0 618
1499940000 0 618 0 618
1499932800 0 618 0 618
1499925600 0 618 0 618
1499918400 0 618 0 618
1499911200 0 618 0 618
1499904000 0 618 0 618
1499896800 0 618 0 618
1499889600 0 618 0 618
1499882400 0 618 0 618
1499875200 0 618 0 618
1499868000 0 618 0 618
1499860800 0 618 0 618
1499853600 0 618 0 618
1499846400 0 618 0 618
1499839200 0 618 0 618
1499832000 0 618 0 618
1499824800 0 618 0 618
1499817600 0 618 0 618
1499810400 0 618 0 618
1499803200 0 618 0 618
1499796000 0 618 0 618
1499788800 0 618 0 618
1499781600 0 618 0 618
1499774400 0 618 0 618
1499767200 0 618 0 618
1499760000 0 618 0 618
1499752800 0 618 0 618
1499745600 0 618 0 618
1499738400 0 618 0 618
1499731200 0 618 0 618
1499724000 0 618 0 618
1499716800 0 618 0 618
1499709600 0 618 0 618
1499702400 0 618 0 618
1499695200 0 618 0 618
1499688000 0 618 0 618
1499680800 0 618 0 618
1499673600 0 618 0 618
1499666400 0 618 0 618
1499659200 0 618 0 618
1499652000 0 618 0 618
1499644800 0 618 0 618
1499637600 0 618 0 618
1499630400 0 618 0 618
1499623200 0 618 0 618
1499616000 0 618 0 618
1499608800 0 618 0 618
1499601600 0 618 0 618
1499594400 0 618 0 618
1499587200 0 618 0 618
1499580000 0 618 0 618
1499572800 0 618 0 618
1499565600 0 618 0 618
1499558400 0 618 0 618
1499551200 0 618 0 618
1499544000 0 618 0 618
1499536800 0 618 0 618
1499529600 0 618 0 618
1499522400 0 618 0 618
1499515200 0 618 0 618
1499508000 0 618 0 618
1499500800 0 618 0 618
1499493600 0 618 0 618
1499486400 0 618 0 618
1499479200 0 618 0 618
1499472000 0 618 0 618
1499464800 0 618 0 618
1499457600 0 618 0 618
1499450400 0 618 0 618
1499443200 0 618 0 618
1499436000 0 618 0 618
1499428800 0 618 0 618
1499421600 0 618 0 618
1499414400 0 618 0 618
1499407200 0 618 0 618
1499400000 0 618 0 618
1499392800 0 618 0 618
1499385600 0 618 0 618
1499378400 0 618 0 618
1499371200 0 618 0 618
1499364000 0 618 0 618
1499356800 0 618 0 618
1499349600 0 618 0 618
1499342400 0 618 0 618
1499335200 0 618 0 618
1499328000 0 618 0 618
1499320800 0 618 0 618
1499313600 0 618 0 618
1499306400 0 618 0 618
1499299200 0 618 0 618
1499292000 0 618 0 618
1499284800 0 618 0 618
1499277600 0 618 0 618
1499270400 0 618 0 618
1499263200 0 618 0 618
1499256000 0 618 0 618
1499248800 0 618 0 618
1499241600 0 618 0 618
1499234400 0 618 0 618
1499227200 0 618 0 618
1499220000 0 618 0 618
1499212800 0 618 0 618
1499205600 0 618 0 618
1499198400 0 618 0 618
1499191200 0 618 0 618
1499184000 0 618 0 618
1499176800 0 618 0 618
1499169600 0 618 0 618
1499162400 0 618 0 618
1499155200 0 618 0 618
1499148000 0 618 0 618
1499140800 0 618 0 618
1499133600 0 618 0 618
1499126400 0 618 0 618
1499119200 0 618 0 618
1499112000 0 618 0 618
1499104800 0 618 0 618
1499097600 0 618 0 618
1499090400 0 618 0 618
1499083200 0 618 0 618
1499076000 0 618 0 618
1499068800 0 618 0 618
1499061600 0 618 0 618
1499054400 0 618 0 618
1499047200 0 618 0 618
1499040000 0 618 0 618
1499032800 0 618 0 618
1499025600 0 618 0 618
1499018400 0 618 0 618
1499011200 0 618 0 618
1499004000 0 618 0 618
1498996800 0 618 0 618
1498989600 0 618 0 618
1498982400 0 618 0 618
1498975200 0 618 0 618
1498968000 0 618 0 618
1498960800 0 618 0 618
1498953600 0 618 0 618
1498946400 0 618 0 618
1498939200 0 618 0 618
1498932000 0 618 0 618
1498924800 0 618 0 618
1498917600 0 618 0 618
1498910400 0 618 0 618
1498903200 0 618 0 618
1498896000 0 618 0 618
1498888800 0 618 0 618
1498881600 0 618 0 618
1498874400 0 618 0 618
1498867200 0 618 0 618
1498860000 0 618 0 618
1498852800 0 618 0 618
1498845600 0 618 0 618
1498838400 0 618 0 618
1498831200 0 618 0 618
1498824000 0 618 0 618
1498816800 0 618 0 618
1498809600 0 618 0 618
1498802400 0 618 0 618
1498795200 0 618 0 618
1498788000 0 618 0 618
1498780800 0 618 0 618
1498773600 0 618 0 618
1498766400 0 618 0 618
1498759200 0 618 0 618
1498752000 0 618 0 618
1498744800 0 618 0 618
1498737600 0 618 0 618
1498730400 0 618 0 618
1498723200 0 618 0 618
1498716000 0 618 0 618
1498694400 0 618 0 618
1498608000 0 618 0 618
1498521600 0 618 0 618
1498435200 0 618 0 618
1498348800 0 618 0 618
1498262400 0 618 0 618
1498176000 0 618 0 618
1498089600 0 618 0 618
1498003200 0 618 0 618
1497916800 0 618 0 618
1497830400 0 618 0 618
1497744000 0 614 10 824
1497657600 0 938 10 2081
1497571200 0 947 10 1901
1497484800 1 725 1 725
1497398400 1 725 1 725
1497312000 1 725 1 725
1497225600 0 704 10 789
1497139200 0 720 45 1110
1497052800 0 1055 45 4425
1496966400 0 1003 10 2335
1496880000 0 1004 10 2249
1496793600 0 1091 10 2165
1496707200 0 1045 10 2491
1496620800 0 715 10 1542
1496534400 0 713 10 839
1496448000 0 1149 10 3015
1496361600 0 1112 10 2537
1496275200 0 1108 10 2681
1496188800 0 1141 10 2839
1496102400 0 1140 10 3311
1496016000 0 764 10 2391
1495929600 1 706 1 706
1495843200 0 1204 10 2855
1495756800 0 1148 10 2696
1495670400 0 1230 10 3624
1495584000 0 829 0 829
1495497600 0 829 0 829
1495411200 0 829 0 829
1495324800 0 829 0 829
1495238400 0 829 0 829
1495152000 0 1202 11 3326
1495065600 0 1219 31 3794
1494979200 0 923 31 2158
1494892800 0 877 0 877
1494806400 0 877 0 877
1494720000 0 815 10 1073
1494633600 0 1026 10 34111
1494547200 0 937 33 2612
1494460800 0 607 0 607
1494374400 0 607 0 607
1494288000 0 607 0 607
1494201600 0 607 0 607
1494115200 0 607 0 607
1494028800 0 607 0 607
1493942400 0 607 0 607
1493856000 0 607 0 607
1493769600 0 607 0 607
1493683200 0 607 0 607
1493596800 0 607 0 607
1493510400 0 607 0 607
1493424000 0 607 0 607
1493337600 0 607 0 607
1493251200 0 607 0 607
1493164800 0 607 0 607
1493078400 0 607 0 607
1492992000 0 607 0 607
1492905600 0 607 0 607
1492819200 0 607 0 607
1492732800 0 607 0 607
1492646400 0 607 0 607
1492560000 0 607 0 607
1492473600 0 607 0 607
1492387200 0 607 0 607
1492300800 0 607 0 607
1492214400 0 607 0 607
1492128000 0 607 0 607
1492041600 0 607 0 607
1491955200 0 607 0 607
1491868800 0 607 0 607
1491782400 0 607 0 607
1491696000 0 607 0 607
1491609600 0 607 0 607
1491523200 0 607 0 607
1491436800 0 607 0 607
1491350400 0 607 0 607
1491264000 0 607 0 607
1491177600 6 574 1851 1703
1491091200 1 565 353 1845
1491004800 9 1112 1851 3022
1490918400 7 1116 1851 3004
1490832000 7 1083 1845 3273
1490745600 1 1125 324 5884
1490659200 0 813 0 813
1490572800 0 813 0 813
1490486400 0 813 0 813
1490400000 0 813 0 813
1490313600 0 813 0 813
1490227200 0 813 0 813
1490140800 0 813 0 813
1490054400 0 813 0 813
1489968000 0 813 0 813
1489881600 0 813 0 813
1489795200 0 813 0 813
1489708800 0 813 0 813
1489622400 0 924 10 2058
1489536000 0 880 10 2637
1489449600 0 937 10 2255
1489363200 0 528 10 648
1489276800 0 543 10 907
1489190400 0 1054 10 7594
1489104000 0 908 10 2265
1489017600 0 896 10 2401
1488931200 0 986 10 2523
1488844800 0 1059 10 44901
1488758400 0 590 11 1002
1488672000 0 572 10 683
1488585600 0 968 10 2495
1488499200 0 1047 11 2551
1488412800 0 1000 10 2106
1488326400 0 1085 10 4504
1488240000 0 1031 10 2390
1488153600 0 624 10 758
1488067200 0 585 10 748
1487980800 6 955 297 2282
1487894400 6 900 297 1784
1487808000 6 914 297 2354
1487721600 6 960 307 2283
1487635200 0 581 10 687
1487548800 6 584 1796 1701
1487462400 9 591 1858 1729
1487376000 8 952 1858 2160
1487289600 9 976 1851 2302
1487203200 1 890 336 2213
1487116800 0 534 0 534
1487030400 0 534 0 534
1486944000 0 534 0 534
1486857600 0 534 0 534
1486771200 0 534 0 534
1486684800 0 534 0 534
1486598400 0 534 0 534
1486512000 0 534 0 534
1486425600 0 534 0 534
1486339200 0 534 0 534
1486252800 0 534 0 534
1486166400 0 534 0 534
1486080000 0 534 0 534
1485993600 0 534 0 534
1485907200 0 534 0 534
1485820800 8 739 1861 2416
1485734400 9 421 1938 1572
1485648000 8 426 1850 1847
1485561600 6 693 1850 1888
1485475200 7 765 1852 2157
1485388800 7 759 1852 2338
1485302400 7 665 1857 1636
1485216000 7 642 1852 1937
1485129600 6 365 1851 1547
1485043200 8 383 1844 1547
1484956800 10 751 1857 2135
1484870400 8 724 1845 1877
1484784000 9 739 1858 2854
1484697600 8 681 1852 1771
1484611200 8 656 1858 1677
1484524800 8 374 1844 1514
1484438400 10 459 1851 1660
1484352000 58 773 4089 2048
1484265600 21 712 3498 1598
1484179200 49 755 5965 2130
1484092800 0 741 68 2208
1484006400 0 581 68 1983
1483920000 0 267 68 344
1483833600 0 307 69 602
1483747200 0 646 68 2261
1483660800 0 582 68 1635
1483574400 0 656 69 2155
1483488000 0 627 68 2027
1483401600 0 300 68 379
1483315200 0 299 68 402
1483228800 0 299 68 392
1483142400 0 522 68 1328
1483056000 0 509 68 1285
1482969600 0 435 68 2341
1482883200 0 270 0 270
1482796800 0 270 0 270
1482710400 0 262 11 316
1482624000 0 260 78 318
1482537600 0 430 69 1423
1482451200 0 655 68 1727
1482364800 0 586 69 1802
1482278400 0 801 68 30067
1482192000 0 596 68 2261
1482105600 0 57 68 398
1482019200 0 0 0 0
1481932800 0 0 0 0
1481846400 0 0 0 0
1481760000 0 0 0 0
1481673600 0 0 0 0
1481587200 0 0 0 0
1481500800 0 0 0 0
1481414400 0 0 0 0
1481328000 0 0 0 0
1481241600 0 0 0 0
1481155200 0 0 0 0
1481068800 0 0 0 0
1480982400 0 0 0 0
1480896000 0 0 0 0
1480809600 0 0 0 0
1480723200 0 0 0 0
1480636800 0 0 0 0
1480550400 0 0 0 0
1480464000 0 0 0 0
1480377600 0 0 0 0
1480291200 0 0 0 0
1480204800 0 0 0 0
1480118400 0 0 0 0
1480032000 0 0 0 0
1479945600 0 0 0 0
1479859200 0 0 0 0
1479772800 0 0 0 0
1479686400 0 0 0 0
1479600000 0 0 0 0
1479513600 0 0 0 0
1479427200 0 0 0 0
1479340800 0 0 0 0
1479254400 0 0 0 0
1479168000 0 0 0 0
1479081600 0 0 0 0
1478995200 0 0 0 0
1478908800 0 0 0 0
1478822400 0 0 0 0
1478736000 0 0 0 0
1478649600 0 0 0 0
1478563200 0 0 0 0
1478476800 0 0 0 0
1478390400 0 0 0 0
1478304000 0 0 0 0
1478217600 0 0 0 0
1478131200 0 0 0 0
1478044800 0 0 0 0
1477958400 0 0 0 0
1477872000 0 0 0 0
1477785600 0 0 0 0
1477699200 0 0 0 0
1477612800 0 0 0 0
1477526400 0 0 0 0
1477440000 0 0 0 0
1477353600 0 0 0 0
1477267200 0 0 0 0
1477180800 0 0 0 0
1477094400 0 0 0 0
1477008000 0 0 0 0
1476921600 0 0 0 0
1476835200 0 0 0 0
1476748800 0 0 0 0
1476662400 0 0 0 0
1476576000 0 0 0 0
1476489600 0 0 0 0
1476403200 0 0 0 0
1476316800 0 0 0 0
1476230400 0 0 0 0
1476144000 0 0 0 0
1476057600 0 0 0 0
1475971200 0 0 0 0
1475884800 0 0 0 0
1475798400 0 0 0 0
1475712000 0 0 0 0
1475625600 0 0 0 0
1475539200 0 0 0 0
1475452800 0 0 0 0
1475366400 0 0 0 0
1475280000 0 0 0 0
1475193600 0 0 0 0
1475107200 0 0 0 0
1475020800 0 0 0 0
1474934400 0 0 0 0
1474848000 0 0 0 0
1474761600 0 0 0 0
1474675200 0 0 0 0
1474588800 0 0 0 0
1474502400 0 0 0 0
1474416000 0 0 0 0
1474329600 0 0 0 0
1474243200 0 0 0 0
1474156800 0 0 0 0
1474070400 0 0 0 0
1473984000 0 0 0 0
1473897600 0 0 0 0
1473811200 0 0 0 0
1473724800 0 0 0 0
1473638400 0 0 0 0
1473552000 0 0 0 0
1473465600 0 0 0 0
1473379200 0 0 0 0
1473292800 0 0 0 0
1473206400 0 0 0 0
1473120000 0 0 0 0
1473033600 0 0 0 0
1472947200 0 0 0 0
1472860800 0 0 0 0
1472774400 0 0 0 0
1472688000 0 0 0 0
1472601600 0 0 0 0
1472515200 0 0 0 0
1472428800 0 0 0 0
1472342400 0 0 0 0
1472256000 0 0 0 0
1472169600 0 0 0 0
1472083200 0 0 0 0
1471996800 0 0 0 0
1471910400 0 0 0 0
1471824000 0 0 0 0
1471737600 0 0 0 0
1471651200 0 0 0 0
1471564800 0 0 0 0
1471478400 0 0 0 0
1471392000 0 0 0 0
1471305600 0 0 0 0
1471219200 0 0 0 0
1471132800 0 0 0 0
1471046400 0 0 0 0
1470960000 0 0 0 0
1470873600 0 0 0 0
1470787200 0 0 0 0
1470700800 0 0 0 0
1470614400 0 0 0 0
1470528000 0 0 0 0
1470441600 0 0 0 0
1470355200 0 0 0 0
1470268800 0 0 0 0
1470182400 0 0 0 0
1470096000 0 0 0 0
1470009600 0 0 0 0
1469923200 0 0 0 0
1469836800 0 0 0 0
1469750400 0 0 0 0
1469664000 0 0 0 0
1469577600 0 0 0 0
1469491200 0 0 0 0
1469404800 0 0 0 0
1469318400 0 0 0 0
1469232000 0 0 0 0
1469145600 0 0 0 0
1469059200 0 0 0 0
1468972800 0 0 0 0
1468886400 0 0 0 0
1468800000 0 0 0 0
1468713600 0 0 0 0
1468627200 0 0 0 0
1468540800 0 0 0 0
1468454400 0 0 0 0
1468368000 0 0 0 0
1468281600 0 0 0 0
1468195200 0 0 0 0
1468108800 0 0 0 0
1468022400 0 0 0 0
1467936000 0 0 0 0
1467849600 0 0 0 0
1467763200 0 0 0 0
1467676800 0 0 0 0
1467590400 0 0 0 0
1467504000 0 0 0 0
1467417600 0 0 0 0
1467331200 0 0 0 0
1467244800 0 0 0 0
1467158400 0 0 0 0
1467072000 0 0 0 0
1466985600 0 0 0 0
1466899200 0 0 0 0
1466812800 0 0 0 0
1466726400 0 0 0 0
1466640000 0 0 0 0
1466553600 0 0 0 0
1466467200 0 0 0 0
1466380800 0 0 0 0
1466294400 0 0 0 0
1466208000 0 0 0 0
1466121600 0 0 0 0
1466035200 0 0 0 0
1465948800 0 0 0 0
1465862400 0 0 0 0
1465776000 0 0 0 0
1465689600 0 0 0 0
1465603200 0 0 0 0
1465516800 0 0 0 0
1465430400 0 0 0 0
1465344000 0 0 0 0
1465257600 0 0 0 0
1465171200 0 0 0 0
1465084800 0 0 0 0
1464998400 0 0 0 0
1464912000 0 0 0 0
1464825600 0 0 0 0
1464739200 0 0 0 0
1464652800 0 0 0 0
1464566400 0 0 0 0
1464480000 0 0 0 0
1464393600 0 0 0 0
1464307200 0 0 0 0
1464220800 0 0 0 0
1464134400 0 0 0 0
1464048000 0 0 0 0
1463961600 0 0 0 0
1463875200 0 0 0 0
1463788800 0 0 0 0
1463702400 0 0 0 0
1463616000 0 0 0 0
1463529600 0 0 0 0
1463443200 0 0 0 0
1463356800 0 0 0 0
1463270400 0 0 0 0
1463184000 0 0 0 0
1463097600 0 0 0 0
1463011200 0 0 0 0
1462924800 0 0 0 0
1462838400 0 0 0 0
1462752000 0 0 0 0
1462665600 0 0 0 0
1462579200 0 0 0 0
1462492800 0 0 0 0
1462406400 0 0 0 0
1462320000 0 0 0 0
1462233600 0 0 0 0
1462147200 0 0 0 0
1462060800 0 0 0 0
1461974400 0 0 0 0
1461888000 0 0 0 0
1461801600 0 0 0 0
1461715200 0 0 0 0
1461628800 0 0 0 0
1461542400 0 0 0 0
1461456000 0 0 0 0
1461369600 0 0 0 0
1461283200 0 0 0 0
1461196800 0 0 0 0
1461110400 922 1473 23782 131791
1461024000 0 0 0 0
1460937600 0 0 0 0
1460851200 0 0 0 0
1460764800 0 0 0 0
1460678400 0 0 0 0
1460592000 0 0 0 0
1460505600 0 0 0 0
1460419200 0 0 0 0
1460332800 0 0 0 0
1460246400 0 0 0 0
1460160000 0 13 0 1458
1460073600 0 0 0 0
1459987200 0 0 0 0
1459900800 0 0 0 0
1459814400 0 0 0 0
1459728000 0 0 0 0
1459641600 0 0 0 0
1459555200 0 0 0 0
1459468800 0 0 0 0
1459382400 0 0 0 0
1459296000 0 0 0 0
1459209600 0 0 0 0
1459123200 0 0 0 0
1459036800 0 0 0 0
1458950400 0 0 0 0
1458864000 0 0 0 0
1458777600 0 0 0 0
1458691200 0 0 0 0
1458604800 0 0 0 0
1458518400 0 0 0 0
1458432000 0 0 0 0
1458345600 0 0 0 0
1458259200 0 0 0 0
1458172800 0 0 0 0
1458086400 0 0 0 0
1458000000 0 0 0 0
1457913600 0 0 0 0
1457827200 0 0 0 0
1457740800 0 0 0 0
1457654400 0 0 0 0
1457568000 0 0 0 0
1457481600 0 0 0 0
1457395200 0 0 0 0
1457308800 0 0 0 0
1457222400 0 0 0 0
1457136000 0 0 0 0
1457049600 0 0 0 0
1456963200 0 0 0 0
1456876800 0 0 0 0
1456790400 0 0 0 0
1456704000 0 0 0 0
1456617600 0 0 0 0
1456531200 0 0 0 0
1456444800 0 0 0 0
1456358400 0 0 0 0
1456272000 0 0 0 0
1456185600 0 0 0 0
1456099200 0 0 0 0
1456012800 0 0 0 0
1455926400 0 0 0 0
1455840000 0 0 0 0
1455753600 0 0 0 0
1455667200 0 0 0 0
1455580800 0 0 0 0
1455494400 0 0 0 0
1455408000 0 0 0 0
1455321600 0 0 0 0
1455235200 0 0 0 0
1455148800 0 0 0 0
1455062400 0 0 0 0
1454976000 0 0 0 0
1454889600 0 0 0 0
1454803200 0 0 0 0
1454716800 0 0 0 0
1454630400 0 0 0 0
1454544000 0 0 0 0
1454457600 0 0 0 0
1454371200 0 0 0 0
1454284800 0 0 0 0
1454198400 0 0 0 0
1454112000 0 0 0 0
1454025600 0 0 0 0
1453939200 0 0 0 0
1453852800 0 0 0 0
1453766400 0 0 0 0
1453680000 0 0 0 0
1453593600 0 0 0 0
1453507200 0 0 0 0
1453420800 0 0 0 0
1453334400 0 0 0 0
1453248000 0 0 0 0
1453161600 0 0 0 0
1453075200 0 0 0 0
1452988800 0 0 0 0
1452902400 0 0 0 0
1452816000 0 0 0 0
1452729600 0 0 0 0
1452643200 0 0 0 0
1452556800 0 0 0 0
1452470400 0 0 0 0
1452384000 0 0 0 0
1452297600 0 0 0 0
1452211200 0 0 0 0
1452124800 0 0 0 0
1452038400 0 0 0 0
1451952000 0 0 0 0
1451865600 0 0 0 0
1451779200 0 0 0 0
1451692800 0 0 0 0
1451606400 0 0 0 0
1451520000 0 0 0 0
1451433600 0 0 0 0
1451347200 0 0 0 0
1451260800 0 0 0 0
1451174400 0 0 0 0
1451088000 0 0 0 0
1451001600 0 0 0 0
1450915200 0 0 0 0
1450828800 0 0 0 0
1450742400 0 0 0 0
1450656000 0 0 0 0
1450569600 0 0 0 0
1450483200 0 0 0 0
1450396800 0 0 0 0
1450310400 0 0 0 0
1450224000 0 0 0 0
1450137600 0 0 0 0
1450051200 0 0 0 0
1449964800 0 0 0 0
1449878400 0 0 0 0
1449792000 0 0 0 0
1449705600 0 0 0 0
1449619200 0 0 0 0
1449532800 0 0 0 0
1449446400 0 0 0 0
1449360000 0 0 0 0
1449273600 0 0 0 0
1449187200 0 0 0 0
1449100800 0 0 0 0
1449014400 0 0 0 0
1448928000 0 0 0 0
1448841600 0 0 0 0
1448755200 0 0 0 0
1448668800 0 0 0 0
1448582400 0 0 0 0
1448496000 0 0 0 0
1448409600 0 0 0 0
1448323200 0 0 0 0
1448236800 0 0 0 0
1448150400 0 0 0 0
1448064000 0 0 0 0
1447977600 0 0 0 0
1447891200 0 0 0 0
1447804800 0 0 0 0
1447718400 0 0 0 0
1447632000 0 0 0 0
1447545600 0 0 0 0
1447459200 0 0 0 0
1447372800 0 0 0 0
1447286400 0 0 0 0
1447200000 0 0 0 0
1447113600 0 0 0 0
1447027200 0 0 0 0
1446940800 0 0 0 0
1446854400 0 0 0 0
1446768000 0 0 0 0
1446681600 0 0 0 0
1446595200 0 0 0 0
1446508800 0 0 0 0
1446422400 0 0 0 0
1446336000 0 0 0 0
1446249600 0 0 0 0
1446163200 0 0 0 0
1446076800 0 0 0 0
1445990400 0 0 0 0
1445904000 0 0 0 0
1445817600 0 0 0 0
1445731200 0 0 0 0
1445644800 0 0 0 0
1445558400 0 0 0 0
1445472000 0 0 0 0
1445385600 0 0 0 0
1445299200 0 0 0 0
1445212800 0 0 0 0
1445126400 0 0 0 0
1445040000 0 0 0 0
1444953600 0 0 0 0
1444867200 0 0 0 0
1444780800 0 0 0 0
1444694400 0 0 0 0
1444608000 0 0 0 0
1444521600 0 0 0 0
1444435200 0 0 0 0
1444348800 0 0 0 0
1444262400 0 0 0 0
1444176000 0 0 0 0
1444089600 0 0 0 0
1444003200 0 0 0 0
1443916800 0 0 0 0
1443830400 0 0 0 0
1443744000 0 0 0 0
1443657600 0 0 0 0
1443571200 0 0 0 0
1443484800 0 0 0 0
1443398400 0 0 0 0
1443312000 0 0 0 0
1443225600 0 0 0 0
1443139200 0 0 0 0
1443052800 0 0 0 0
1442966400 0 0 0 0
1442880000 0 0 0 0
1442793600 0 0 0 0
1442707200 0 0 0 0
1442620800 0 0 0 0
1442534400 0 0 0 0
1442448000 0 0 0 0
1442361600 0 0 0 0
1442275200 0 0 0 0
1442188800 0 0 0 0
1442102400 0 0 0 0
1442016000 0 0 0 0
1441929600 0 0 0 0
1441843200 0 0 0 0
1441756800 0 0 0 0
1441670400 0 0 0 0
1441584000 0 0 0 0
1441497600 0 0 0 0
1441411200 0 0 0 0
1441324800 0 0 0 0
1441238400 0 0 0 0
1441152000 0 0 0 0
1441065600 0 0 0 0
1440979200 0 0 0 0
1440892800 0 0 0 0
1440806400 0 0 0 0
1440720000 0 0 0 0
1440633600 0 0 0 0
1440547200 0 0 0 0
1440460800 0 0 0 0
1440374400 0 0 0 0
1440288000 0 0 0 0
1440201600 0 0 0 0
1440115200 0 0 0 0
1440028800 0 0 0 0
1439942400 0 0 0 0
1439856000 0 0 0 0
1439769600 0 0 0 0
1439683200 0 0 0 0
1439596800 0 0 0 0
1439510400 0 0 0 0
1439424000 0 0 0 0
1439337600 0 0 0 0
1439251200 0 0 0 0
1439164800 0 0 0 0
1439078400 0 0 0 0
1438992000 0 0 0 0
1438905600 0 0 0 0
1438819200 0 0 0 0
1438732800 0 0 0 0
1438646400 0 0 0 0
1438560000 0 0 0 0
1438473600 0 0 0 0
1438387200 0 0 0 0
1438300800 0 0 0 0
1438214400 0 0 0 0
1438128000 0 0 0 0
1438041600 0 0 0 0
1437955200 0 0 0 0
1437868800 0 0 0 0
1437782400 0 0 0 0
1437696000 0 0 0 0
1437609600 0 0 0 0
1437523200 0 0 0 0
1437436800 0 0 0 0
1437350400 0 0 0 0
1437264000 0 0 0 0
1437177600 0 0 0 0
1437091200 0 0 0 0
1437004800 0 0 0 0
1436918400 0 0 0 0
1436832000 0 0 0 0
1436745600 0 0 0 0
1436659200 0 0 0 0
1436572800 0 0 0 0
1436486400 0 0 0 0
1436400000 0 0 0 0
1436313600 0 0 0 0
1436227200 0 0 0 0
1436140800 0 0 0 0
1436054400 0 0 0 0
1435968000 0 0 0 0
1435881600 0 0 0 0
1435795200 0 0 0 0
1435708800 0 0 0 0
1435622400 0 0 0 0
1435536000 0 0 0 0
