1504297339 13789460307 39599682441
1504297339 22 899 22 899
1504297039 22 963 22 963
1504296900 22 1112 22 1286
1504296600 45 1232 73 1286
1504296300 3629 7565 7749 14973
1504296000 7803 19746 7868 25351
1504295700 5457 43923 7868 65436
1504295400 2126 36751 2666 65436
1504295100 3232 73836 5238 155275
1504294800 6221 170021 7360 187101
1504294500 5587 103021 7360 187101
1504294200 2295 4168 3534 5634
1504293900 1515 5129 2273 8209
1504293600 2385 8361 2515 8538
1504293300 2528 8042 2545 8538
1504293000 2336 6632 2545 7461
1504292700 7413 11787 13657 18965
1504292400 7914 12226 13657 18965
1504292100 2774 40575 4628 82575
1504291800 3724 47697 4628 82575
1504291500 2230 8079 2677 8983
1504291200 2679 9759 3798 10658
1504290900 4495 14531 5315 19078
1504290600 3897 12913 5315 19078
1504290300 9418 15793 17715 27399
1504290000 10118 16248 17715 27399
1504289700 2129 5411 3081 7851
1504289400 7630 12085 12900 16990
1504289100 6933 9652 12900 16990
1504288800 22 1100 22 1153
1504288500 22 1028 22 1040
1504288200 22 995 22 1016
1504287900 22 975 22 980
1504287600 85 1156 160 1362
1504287300 943 2848 1851 4570
1504287000 1955 6049 2076 7764
1504286700 1646 6626 2076 7764
1504286400 1358 4602 1603 5310
1504286100 1034 2831 1603 3771
1504285800 699 2780 1079 3999
1504285500 865 3540 1079 3999
1504285200 554 2473 619 3009
1504284900 448 1717 480 1854
1504284600 381 1596 413 1638
1504284300 308 1661 345 1688
1504284000 307 1632 355 1688
1504283700 474 2177 613 2883
1504283400 469 2194 613 2883
1504283100 336 1442 375 1497
1504282800 402 1594 434 1707
1504282500 700 3700 1010 6009
1504282200 959 4494 1010 6009
1504281900 1292 4765 1747 7111
1504281600 1499 5869 1747 7111
1504281300 1493 7341 1822 10759
1504281000 2095 13746 2417 17254
1504280700 2087 12884 2417 17254
1504280400 1458 6637 1706 7824
1504280100 1607 6326 2113 7557
1504279800 1881 6078 2113 7557
1504279500 1987 7183 2421 10446
1504279200 2536 9664 2671 10446
1504278900 2031 6952 2671 8760
1504278600 1269 4001 1281 4831
1504278300 1424 3817 1622 4730
1504278000 2228 14116 2931 24989
1504277700 2202 15118 2931 24989
1504277400 1456 3554 1583 3580
1504277100 1554 4534 1583 5640
1504276800 2216 8262 3032 11341
1504276500 4899 24635 7062 40034
1504276200 4086 22430 7062 40034
1504275900 898 2789 1203 3668
1504275600 1098 3388 1203 3668
1504275300 1070 3284 1177 3539
1504275000 1092 3021 1177 3539
1504274700 1765 4696 2660 7330
1504274400 1995 5663 2660 7330
1504274100 1664 4392 2185 5186
1504273800 1710 4076 2185 5186
1504273500 2122 5938 3244 9606
1504273200 2438 7843 3244 9606
1504272900 1874 5527 2308 5803
1504272600 2213 6260 2308 7484
1504272300 2107 6822 2110 7484
1504272000 2159 6884 2217 7844
1504271700 2208 8761 2217 9838
1504271400 2076 8852 2199 9838
1504271100 1996 8424 2068 9252
1504270800 1284 5522 2068 9252
1504270500 1634 12412 3092 25397
1504270200 3032 35915 3092 48098
1504269900 3029 33041 3107 48098
1504269600 3023 14555 3107 15603
1504269300 14573 42881 28246 77558
1504269000 15226 42082 28246 77558
1504268700 90 774 146 993
1504268400 23 534 25 554
1504268100 22 550 24 554
1504267800 23 510 24 547
1504267500 22 510 22 561
1504267200 22 636 22 723
1504266900 22 638 22 723
1504266600 22 506 22 540
1504266300 22 461 22 467
1504266000 22 421 22 454
1504265700 22 421 22 464
1504265400 22 474 22 486
1504265100 22 431 22 486
1504264800 22 405 22 448
1504264500 22 447 22 448
1504264200 22 405 22 446
1504263900 22 417 22 486
1504263600 22 460 22 486
1504263300 22 412 22 430
1504263000 22 434 22 483
1504262700 22 454 22 483
1504262400 22 433 22 448
1504262100 22 473 22 502
1504261800 22 465 22 502
1504261500 22 423 22 424
1504261200 22 443 22 466
1504260900 22 454 22 466
1504260600 22 415 22 441
1504260300 22 424 22 471
1504260000 22 427 22 471
1504259700 22 385 22 396
1504259400 22 449 22 512
1504259100 22 439 22 512
1504258800 22 373 22 397
1504258500 22 434 22 477
1504258200 22 435 22 477
1504257900 22 405 23 426
1504257600 22 442 23 462
1504257300 21 422 22 462
1504257000 21 383 23 393
1504256700 22 417 23 446
1504256400 21 426 23 446
1504256100 22 401 23 403
1504255800 21 429 22 464
1504255500 22 424 22 464
1504255200 22 395 23 416
1504254900 22 414 23 416
1504254600 22 404 22 412
1504254300 21 432 22 476
1504254000 21 457 23 476
1504253700 22 431 23 437
1504253400 21 399 22 425
1504253100 22 376 22 383
1504252800 22 377 22 383
1504252500 22 400 22 432
1504252200 22 412 22 432
1504251900 22 389 23 391
1504251600 22 397 23 410
1504251300 22 401 22 410
1504251000 21 397 22 404
1504250700 21 423 22 447
1504250400 22 451 23 457
1504250100 22 425 23 457
1504249800 21 406 23 425
1504249500 22 395 23 425
1504249200 22 386 22 417
1504248900 21 437 22 462
1504248600 21 433 22 462
1504248300 22 400 23 401
1504248000 22 419 23 443
1504247700 22 402 22 443
1504247400 21 376 22 401
1504247100 21 422 22 447
1504246800 22 438 23 447
1504246500 22 440 23 453
1504246200 22 433 22 453
1504245900 22 404 22 411
1504245600 22 415 22 437
1504245300 22 431 22 437
1504245000 22 423 22 425
1504244700 22 423 22 426
1504244400 22 413 22 426
1504244100 22 398 22 400
1504243800 22 431 22 469
1504243500 22 451 22 469
1504243200 22 440 22 451
1504242900 22 441 22 451
1504242600 22 425 22 430
1504242300 22 408 22 421
1504242000 22 413 22 437
1504241700 22 439 22 442
1504241400 22 422 22 442
1504241100 22 407 22 417
1504240800 22 391 22 417
1504240500 22 384 22 412
1504240200 22 444 22 482
1504239900 22 449 22 482
1504239600 22 415 23 420
1504239300 22 471 23 531
1504239000 22 455 22 531
1504238700 22 377 22 388
1504238400 22 451 23 526
1504238100 22 445 23 526
1504237800 22 398 23 452
1504237500 22 442 23 452
1504237200 22 404 22 431
1504236900 22 390 22 410
1504236600 22 433 22 460
1504236300 22 459 22 460
1504236000 22 453 22 458
1504235700 22 422 22 448
1504235400 22 400 22 411
1504235100 22 419 22 430
1504234800 22 395 22 430
1504234500 22 393 22 436
1504234200 22 448 22 462
1504233900 22 418 22 462
1504233600 22 399 22 436
1504233300 22 442 22 451
1504233000 22 406 22 451
1504232700 22 386 22 424
1504232400 22 451 22 483
1504232100 22 443 22 483
1504231800 22 389 22 398
1504231500 22 411 22 447
1504231200 22 416 22 447
1504230900 22 378 22 381
1504230600 22 430 22 495
1504230300 22 447 22 495
1504230000 22 378 22 393
1504229700 22 442 22 536
1504229400 22 474 22 536
1504229100 22 408 22 414
1504228800 22 428 22 446
1504228500 22 408 22 446
1504228200 22 386 22 412
1504227900 22 425 22 441
1504227600 22 419 22 441
1504227300 22 407 22 424
1504227000 22 445 22 471
1504226700 22 439 22 471
1504226400 22 414 23 427
1504226100 22 435 23 445
1504225800 22 426 22 445
1504225500 22 428 22 456
1504225200 22 456 22 456
1504224900 22 443 23 456
1504224600 22 441 23 454
1504224300 22 442 22 454
1504224000 22 427 22 429
1504223700 22 445 22 469
1504223400 22 437 22 469
1504223100 22 418 22 439
1504222800 22 454 22 473
1504222500 22 426 22 473
1504222200 22 416 22 469
1504221900 22 452 22 469
1504221600 22 413 22 434
1504221300 22 389 22 389
1504221000 22 423 23 464
1504220700 22 444 23 464
1504220400 22 415 22 421
1504220100 22 438 23 472
1504219800 22 427 23 472
1504219500 22 393 22 412
1504219200 22 422 22 435
1504218900 22 435 22 435
1504218600 22 447 22 461
1504218300 22 462 22 465
1504218000 22 437 22 465
1504217700 22 434 22 468
1504217400 22 422 22 468
1504217100 22 408 22 453
1504216800 22 439 22 453
1504216500 22 399 22 424
1504216200 22 452 22 546
1504215900 22 593 22 650
1504215600 22 584 23 650
1504215300 22 525 23 545
1504215000 22 578 22 617
1504214700 22 583 22 617
1504214400 22 629 22 728
1504214100 22 702 22 728
1504213800 22 736 22 811
1504213500 22 902 22 1009
1504213200 22 1022 23 1039
1504212900 22 1177 23 1338
1504212600 22 1307 22 1338
1504212300 22 1159 22 1272
1504212000 22 1016 22 1029
1504211700 22 1152 22 1326
1504211400 22 1358 22 1397
1504211100 22 1302 22 1397
1504210800 22 1193 22 1195
1504210500 22 1346 22 1525
1504210200 22 1379 22 1525
1504209900 22 1174 22 1211
1504209600 2233 42388 4795 90177
1504209300 3914 51304 4795 90177
1504209000 2027 5525 2909 6878
1504208700 24384 16919 51462 31930
1504208400 29408 40623 51462 50692
1504208100 18245 29600 34903 50692
1504207800 67326 95754 104881 200674
1504207500 57474 109429 104881 200674
1504207200 2115 3535 2564 3743
1504206900 1714 3030 1850 3295
1504206600 2716 6850 3720 11628
1504206300 2567 8404 3720 11628
1504206000 1264 3878 1302 4670
1504205700 1660 6132 2075 9806
1504205400 2492 17615 2977 26662
1504205100 2351 16928 2977 26662
1504204800 1682 5167 1749 5654
1504204500 1874 4847 2021 5135
1504204200 2046 5752 2077 6467
1504203900 2896 7830 3858 9432
1504203600 3519 9126 3858 9432
1504203300 3095 7872 3128 8772
1504203000 3822 8928 4708 11359
1504202700 3496 8035 4708 11359
1504202400 2065 4225 2093 4272
1504202100 7507 10776 13849 18310
1504201800 15351 20621 17091 23298
1504201500 12326 16754 17091 23298
1504201200 4201 6541 6808 9176
1504200900 2726 5257 4514 7305
1504200600 3824 6362 4514 7305
1504200300 1910 3740 3015 5257
1504200000 1118 3119 1682 4435
1504199700 3250 5912 5067 7624
1504199400 4035 6284 5067 7624
1504199100 1838 3648 2840 4733
1504198800 698 2406 741 2443
1504198500 724 2358 741 2443
1504198200 772 2471 849 2716
1504197900 902 2934 965 3187
1504197600 845 2935 965 3187
1504197300 614 2306 708 2644
1504197000 549 2153 599 2430
1504196700 560 2236 599 2430
1504196400 708 2315 932 2666
1504196100 920 2813 932 2987
1504195800 811 2745 908 2987
1504195500 891 2913 1116 3438
1504195200 1962 4645 2942 6044
1504194900 3101 6175 3287 6328
1504194600 3667 6999 4109 7777
1504194300 3254 6234 4109 7777
1504194000 1938 4443 2265 4448
1504193700 4067 7145 7011 10323
1504193400 6251 9873 7011 10323
1504193100 9264 15190 13789 21961
1504192800 9386 18835 13789 21961
1504192500 5059 15130 5954 15215
1504192200 5320 13182 5954 15033
1504191900 5200 11369 5921 11756
1504191600 6103 13940 6314 16471
1504191300 4621 11964 6314 16471
1504191000 3624 9291 4741 12241
1504190700 4066 14220 4741 16513
1504190400 3889 13388 4589 16513
1504190100 3598 7287 4589 9770
1504189800 2108 5589 2452 6952
1504189500 1378 4752 1710 6952
1504189200 935 2559 995 2971
1504188900 1409 4985 2038 7319
1504188600 2173 6249 2331 7319
1504188300 2118 4295 2331 5010
1504188000 2032 4172 2219 4989
1504187700 2367 9363 2540 14430
1504187400 2808 12404 3119 14430
1504187100 2589 7490 3119 10059
1504186800 1908 4337 1984 4554
1504186500 2024 5286 2258 6672
1504186200 3293 16979 4493 28918
1504185900 6219 23471 8246 28918
1504185600 5556 17272 8246 17498
1504185300 2057 10974 2442 17498
1504185000 1781 5524 1984 8083
1504184700 3513 8774 5310 9587
1504184400 5795 9586 6357 9587
1504184100 4201 7422 6357 9586
1504183800 1515 4181 1705 4916
1504183500 1343 5125 1400 7205
1504183200 2332 7094 3413 7205
1504182900 5973 11607 8939 16983
1504182600 7947 20090 8939 23739
1504182300 4314 20590 6784 23739
1504182000 3388 13287 5658 16944
1504181700 108545 16112 227718 24356
1504181400 122983 13569 227718 24356
1504181100 33 854 34 907
1504180800 32 792 33 793
1504180500 33 814 33 841
1504180200 32 849 33 860
1504179900 33 833 35 860
1504179600 32 812 35 823
1504179300 31 812 35 823
1504179000 33 815 35 832
1504178700 32 815 34 832
1504178400 33 849 34 911
1504178100 32 827 33 911
1504177800 33 774 33 824
1504177500 32 824 33 824
1504177200 32 858 34 898
1504176900 32 873 34 898
1504176600 32 842 36 846
1504176300 33 806 36 838
1504176000 32 788 34 809
1504175700 33 802 34 809
1504175400 32 812 33 832
1504175100 33 798 33 832
1504174800 32 806 33 861
1504174500 32 836 34 861
1504174200 31 810 34 813
1504173900 31 800 35 813
1504173600 33 809 35 836
1504173300 32 840 34 846
1504173000 33 836 34 846
1504172700 32 819 33 826
1504172400 33 824 33 837
1504172100 32 791 33 837
1504171800 33 779 35 827
1504171500 32 822 35 827
1504171200 32 805 35 818
1504170900 33 808 35 827
1504170600 32 824 34 827
1504170300 33 776 34 821
1504170000 32 773 33 831
1504169700 33 817 33 831
1504169400 33 813 33 829
1504169100 33 816 34 829
1504168800 32 803 34 805
1504168500 32 795 35 805
1504168200 33 776 35 785
1504167900 32 807 34 856
1504167600 33 819 34 856
1504167300 32 806 33 842
1504167000 33 839 33 842
1504166700 32 793 33 837
1504166400 32 779 34 823
1504166100 31 807 34 823
1504165800 31 827 35 870
1504165500 33 822 35 870
1504165200 32 784 34 806
1504164900 33 799 34 806
1504164600 32 811 33 835
1504164300 33 797 33 835
1504164000 32 802 33 857
1504163700 32 838 34 857
1504163400 31 804 34 817
1504163100 32 797 36 804
1504162800 33 811 36 820
1504162500 32 805 35 820
1504162200 33 794 35 800
1504161900 32 828 34 862
1504161600 33 795 34 862
1504161300 32 769 33 827
1504161000 32 826 34 827
1504160700 31 780 34 825
1504160400 31 819 35 923
1504160100 33 860 35 923
1504159800 32 791 33 794
1504159500 33 793 33 794
1504159200 33 807 33 826
1504158900 33 795 33 826
1504158600 32 800 33 847
1504158300 32 822 34 847
1504158000 32 800 34 809
1504157700 32 776 35 809
1504157400 33 797 35 866
1504157100 31 913 33 969
1504156800 38 1167 45 1398
1504156500 34 959 45 1398
1504156200 22 488 22 539
1504155900 28 550 36 563
1504155600 29 564 36 567
1504155300 28 579 36 593
1504155000 29 578 36 593
1504154700 27 532 34 562
1504154400 28 530 34 568
1504154100 28 571 36 576
1504153800 29 557 36 576
1504153500 27 565 34 600
1504153200 28 594 34 600
1504152900 23 552 23 589
1504152600 28 548 35 593
1504152300 29 581 35 593
1504152000 27 569 35 571
1504151700 28 573 35 576
1504151400 27 599 35 626
1504151100 29 568 35 626
1504150800 28 569 36 649
1504150500 29 599 36 649
1504150200 27 582 34 629
1504149900 28 602 34 629
1504149600 27 589 34 610
1504149300 28 595 34 610
1504149000 28 591 35 608
1504148700 28 585 35 608
1504148400 28 601 35 649
1504148100 28 614 35 649
1504147800 22 564 22 575
1504147500 27 583 34 619
1504147200 28 622 34 626
1504146900 27 588 34 626
1504146600 28 567 34 594
1504146300 38 635 57 683
1504146000 44 609 57 683
1504145700 34 569 41 622
1504145400 34 620 41 622
1504145100 33 590 41 618
1504144800 34 575 41 594
1504144500 34 596 41 599
1504144200 34 571 41 599
1504143900 33 591 41 652
1504143600 34 639 41 652
1504143300 34 586 42 625
1504143000 35 584 42 635
1504142700 28 614 28 635
1504142400 33 602 39 618
1504142100 33 606 39 618
1504141800 34 608 41 627
1504141500 34 593 41 627
1504141200 33 593 41 639
1504140900 35 610 41 639
1504140600 34 616 40 662
1504140300 34 605 40 662
1504140000 34 570 42 606
1504139700 35 604 42 606
1504139400 34 646 41 699
1504139100 35 629 41 699
1504138800 28 591 29 643
1504138500 27 621 28 643
1504138200 27 582 28 597
1504137900 28 563 29 565
1504137600 28 590 29 623
1504137300 27 581 29 623
1504137000 28 581 29 638
1504136700 27 612 28 638
1504136400 27 564 28 583
1504136100 28 571 29 604
1504135800 28 608 29 614
1504135500 27 578 29 614
1504135200 28 592 29 655
1504134900 28 609 29 655
1504134600 28 542 29 557
1504134300 27 551 29 582
1504134000 28 604 29 631
1504133700 27 589 28 631
1504133400 27 593 28 653
1504133100 28 619 29 653
1504132800 28 541 29 581
1504132500 27 552 29 621
1504132200 28 642 29 668
1504131900 27 616 28 668
1504131600 27 572 28 591
1504131300 28 579 29 591
1504131000 28 623 29 692
1504130700 27 669 29 692
1504130400 28 607 29 644
1504130100 28 580 29 597
1504129800 28 649 29 711
1504129500 27 637 29 711
1504129200 28 607 29 671
1504128900 27 671 28 673
1504128600 27 726 28 789
1504128300 28 1469 29 2269
1504128000 28 1749 29 2269
1504127700 27 955 29 1140
1504127400 28 805 29 881
1504127100 27 858 28 881
1504126800 27 817 28 833
1504126500 28 1012 29 1261
1504126200 28 1291 29 1326
1504125900 27 1201 29 1326
1504125600 28 983 29 1058
1504125300 28 1014 29 1151
1504125000 28 1155 29 1161
1504124700 27 1235 29 1321
1504124400 28 1758 29 2271
1504124100 27 1758 28 2271
1504123800 27 1200 28 1243
1504123500 28 1351 29 1477
1504123200 202 1986 404 2577
1504122900 2242 10639 4372 19978
1504122600 3016 13929 4372 19978
1504122300 1362 5930 1426 6830
1504122000 1726 7824 2233 11226
1504121700 1929 8181 2233 11226
1504121400 1944 9183 2369 14428
1504121100 2615 14025 2902 14428
1504120800 5896 13815 9365 14112
1504120500 6997 10475 9365 14112
1504120200 2366 4126 4255 6263
1504119900 93 1782 150 1972
1504119600 28 1806 29 1972
1504119300 27 1516 28 1614
1504119000 27 1383 28 1404
1504118700 28 1264 29 1359
1504118400 28 1299 29 1468
1504118100 208 1855 422 2310
1504117800 3305 5803 6645 9850
1504117500 3578 5860 6645 9850
1504117200 57 1584 285 2150
1504116000 2572 9347 9703 32744
1504114200 1937 5973 3343 9560
1504112400 1120 3485 1411 9560
1504110600 1596 4266 2684 6761
1504108800 2089 5034 2888 7045
1504107000 1824 6437 2900 18732
1504105200 1423 5160 2380 18732
1504103400 1960 6033 2469 8561
1504101600 5994 12407 18663 30486
1504099800 1851 6669 2831 12295
1504098000 6588 48873 23016 261442
1504096200 4413 14524 22229 70924
1504094400 48 719 52 1083
1504092600 74 649 139 732
1504090800 49 616 54 677
1504089000 71 708 161 921
1504087200 130 597 543 686
1504085400 70 658 145 831
1504083600 52 590 83 675
1504081800 77 642 128 735
1504080000 50 605 64 646
1504078200 115 632 381 744
1504076400 48 589 52 659
1504074600 70 634 159 928
1504072800 49 588 60 611
1504071000 77 667 142 922
1504069200 53 593 70 616
1504067400 68 648 147 895
1504065600 49 586 57 624
1504063800 76 908 139 1852
1504062000 48 600 53 627
1504060200 101 1429 251 5376
1504058400 49 624 52 797
1504056600 61 624 125 743
1504054800 36036 1440 215262 5645
1504053000 8064 834 103413 3021
1504051200 9293 807 103413 3021
1504049400 79 634 160 702
1504047600 52 592 62 638
1504045800 153 636 576 720
1504044000 48 765 53 1210
1504042200 64 842 132 994
1504040400 57 1239 75 1477
1504038600 284 2615 2455 8163
1504036800 6142 13172 25159 37957
1504035000 6553 159384 15159 471432
1504033200 1135 3751 2219 6134
1504031400 2207 9285 3581 21190
1504029600 1769 8502 2658 20845
1504027800 4892 13434 20769 45698
1504026000 2351 5049 11014 15376
1504024200 2874 5217 13235 17638
1504022400 509 2311 6272 13120
1504020600 4383 12313 9295 25051
1504018800 2120 8439 3010 18535
1504017000 2659 12609 3469 25089
1504015200 2647 8921 2872 12243
1504013400 2472 7879 4404 13429
1504011600 2496 4844 12051 16176
1504009800 6826 30754 16664 60397
1504008000 27 763 29 1306
1504006200 27 609 29 859
1504004400 27 532 29 590
1504002600 27 549 29 595
1504000800 27 556 29 584
1503999000 27 543 29 615
1503997200 27 546 29 589
1503995400 27 547 29 599
1503993600 27 545 29 584
1503991800 27 557 29 633
1503990000 27 538 29 583
1503988200 27 545 29 621
1503986400 27 550 29 591
1503984600 27 536 29 574
1503982800 27 531 29 584
1503981000 27 533 29 671
1503979200 27 533 29 652
1503977400 27 520 29 570
1503975600 27 549 29 590
1503973800 27 550 29 614
1503972000 27 557 29 635
1503970200 27 557 29 622
1503968400 27 561 29 637
1503966600 27 558 29 584
1503964800 27 570 29 640
1503963000 27 558 29 598
1503961200 27 567 29 617
1503959400 27 743 29 1388
1503957600 27 817 29 1388
1503955800 27 894 29 1263
1503954000 27 1124 29 1336
1503952200 27 1380 29 1481
1503950400 27 1552 29 1892
1503948600 27 1359 29 1897
1503946800 27 1480 29 1897
1503945000 27 1324 29 1464
1503943200 27 1385 29 1873
1503941400 27 1227 29 1540
1503939600 27 1386 29 1591
1503937800 27 1387 29 1637
1503936000 27 1370 29 1623
1503934200 27 1167 29 1610
1503932400 27 1356 29 1728
1503930600 27 1571 29 1990
1503928800 27 1789 29 2322
1503927000 27 1336 29 1692
1503925200 27 997 29 1366
1503923400 27 796 29 1138
1503921600 27 527 29 826
1503919800 27 435 29 472
1503918000 27 458 29 483
1503916200 27 414 29 446
1503914400 27 419 29 445
1503912600 27 420 29 469
1503910800 27 414 29 471
1503909000 27 412 29 467
1503907200 27 416 29 441
1503905400 27 417 29 451
1503903600 27 415 29 450
1503901800 27 416 29 480
1503900000 27 413 29 454
1503898200 27 423 29 466
1503896400 27 418 29 475
1503894600 27 414 29 457
1503892800 27 455 29 509
1503891000 27 462 29 508
1503889200 27 465 29 511
1503887400 27 459 29 496
1503885600 27 461 29 495
1503883800 27 463 29 495
1503882000 27 462 29 485
1503880200 27 460 29 503
1503878400 27 460 29 523
1503876600 27 464 29 524
1503874800 27 461 29 505
1503873000 27 466 29 521
1503871200 27 465 29 500
1503869400 27 465 29 503
1503867600 27 465 29 502
1503865800 27 461 29 506
1503864000 27 461 29 492
1503862200 27 469 29 503
1503860400 27 459 29 507
1503858600 27 415 29 450
1503856800 27 415 29 444
1503855000 27 420 29 477
1503853200 27 420 29 451
1503851400 27 412 29 455
1503849600 27 419 29 487
1503847800 27 417 29 464
1503846000 27 425 29 487
1503844200 27 420 29 459
1503842400 27 413 29 461
1503840600 27 421 29 467
1503838800 27 416 29 473
1503837000 27 424 29 487
1503835200 27 418 29 448
1503833400 27 424 29 462
1503831600 27 418 29 466
1503829800 27 416 30 441
1503828000 27 420 29 443
1503826200 27 422 29 462
1503824400 27 421 29 454
1503822600 27 419 29 452
1503820800 27 418 29 448
1503819000 27 423 29 459
1503817200 27 419 29 459
1503815400 27 420 29 459
1503813600 27 416 29 454
1503811800 27 416 29 433
1503810000 27 421 29 458
1503808200 27 414 29 450
1503806400 27 412 29 448
1503804600 27 419 29 441
1503802800 27 416 29 436
1503801000 27 414 29 452
1503799200 27 412 29 460
1503797400 27 422 29 465
1503795600 27 418 29 458
1503793800 27 422 29 450
1503792000 27 417 29 448
1503790200 27 417 29 457
1503788400 27 416 29 458
1503786600 27 420 29 444
1503784800 27 417 29 449
1503783000 27 423 29 468
1503781200 27 416 29 440
1503779400 27 415 29 437
1503777600 27 418 29 446
1503775800 27 423 29 456
1503774000 27 420 29 473
1503772200 27 417 29 482
1503770400 27 419 29 487
1503768600 27 422 29 478
1503766800 27 422 29 457
1503765000 27 416 29 435
1503763200 27 417 29 445
1503761400 27 416 29 432
1503759600 27 417 29 437
1503757800 27 422 29 470
1503756000 27 413 29 439
1503754200 27 423 29 472
1503752400 27 418 29 444
1503750600 27 417 29 451
1503748800 27 412 29 446
1503747000 27 421 29 477
1503745200 27 416 29 471
1503743400 27 415 29 459
1503741600 27 425 29 455
1503739800 27 422 29 467
1503738000 27 415 29 453
1503736200 27 415 29 456
1503734400 27 418 29 454
1503732600 27 420 29 440
1503730800 27 418 29 455
1503729000 27 418 29 470
1503727200 27 415 29 460
1503725400 27 421 29 459
1503723600 27 415 29 428
1503721800 27 421 29 462
1503720000 27 462 29 508
1503718200 27 462 29 497
1503716400 27 461 29 491
1503714600 27 466 29 487
1503712800 27 461 29 495
1503711000 27 469 29 528
1503709200 27 460 29 496
1503707400 27 460 29 500
1503705600 27 466 29 493
1503703800 27 458 29 495
1503702000 27 433 29 458
1503700200 27 453 29 538
1503698400 27 516 29 587
1503696600 27 592 29 745
1503694800 27 686 29 767
1503693000 27 919 29 1122
1503691200 27 1213 29 1659
1503689400 27 1149 29 1659
1503687600 27 1131 29 1296
1503685800 3754 7929 10388 14076
1503684000 1041 3378 2154 8755
1503682200 2536 6125 3916 9804
1503680400 463 2453 734 4805
1503678600 1646 6147 2770 16777
1503676800 3234 5801 13754 17181
1503675000 27 1139 29 1688
1503673200 2010 4660 3197 6665
1503671400 2374 7035 3225 9855
1503669600 3838 32323 7940 119799
1503667800 2589 7701 3940 15314
1503666000 4311 13193 12804 26744
1503664200 3144 13567 11545 43182
1503662400 2611 9546 11545 43182
1503660600 27 592 29 683
1503658800 27 560 29 596
1503657000 27 557 29 573
1503655200 27 562 29 601
1503653400 27 574 29 623
1503651600 27 560 29 640
1503649800 27 561 29 614
1503648000 27 557 29 606
1503646200 27 571 29 636
1503644400 27 567 29 682
1503642600 27 567 29 684
1503640800 27 563 29 630
1503639000 27 574 29 663
1503637200 27 568 29 608
1503635400 27 581 29 679
1503633600 27 554 29 597
1503631800 27 577 29 615
1503630000 27 561 29 617
1503628200 27 560 29 603
1503626400 27 560 29 588
1503624600 27 588 29 732
1503622800 27 541 29 621
1503621000 27 556 29 621
1503619200 27 536 29 585
1503617400 27 548 29 609
1503615600 27 544 29 635
1503613800 27 626 29 995
1503612000 27 693 29 983
1503610200 27 980 29 1161
1503608400 27 888 29 1103
1503606600 1018 1739 9406 4246
1503604800 4646 11457 9824 35461
1503603000 1672 4701 2309 9975
1503601200 2707 25652 4479 65242
1503599400 2171 10048 4479 16516
1503597600 2749 7132 3426 11690
1503595800 1674 4345 2062 5693
1503594000 700 2947 1727 4708
1503592200 467 3030 594 3761
1503590400 1791 5874 2232 6713
1503588600 2132 6371 2232 6713
1503586800 3381 7352 3775 7751
1503585000 8734 23878 9358 25906
1503583200 3571 10487 9358 25906
1503581400 2791 7261 3151 9367
1503579600 1716 4601 5302 13925
1503577800 5302 13925 5302 13925
1503576000 904 2887 5302 13925
1503574200 28 587 28 689
1503572400 28 580 28 593
1503570600 28 596 28 603
1503568800 28 602 28 603
1503567000 28 601 28 601
1503565200 28 592 28 601
1503563400 28 593 28 601
1503561600 28 601 28 601
1503559800 28 581 28 601
1503558000 28 570 28 570
1503556200 28 579 28 581
1503554400 28 574 28 581
1503552600 28 572 28 573
1503550800 28 586 28 589
1503549000 28 585 28 589
1503547200 28 588 28 595
1503545400 28 610 28 617
1503543600 28 606 28 611
1503541800 28 608 28 611
1503540000 28 604 28 628
1503538200 27 633 28 640
1503536400 28 611 28 631
1503534600 27 589 28 614
1503532800 27 589 28 604
1503531000 27 589 28 609
1503529200 28 593 29 605
1503527400 27 629 29 660
1503525600 28 653 29 705
1503523800 27 844 29 1023
1503522000 27 983 29 1114
1503520200 27 1130 29 1283
1503518400 2263 3591 10274 11319
1503516600 27 1439 29 1892
1503514800 27 1350 29 1552
1503513000 101 1595 624 2838
1503511200 4492 17317 8299 43613
1503509400 2600 11068 5164 46970
1503507600 827 4842 5164 46970
1503505800 373 2026 985 4736
1503504000 1219 3145 3144 7205
1503502200 2088 4887 3144 7205
1503500400 1886 6453 2465 15095
1503498600 2677 15577 4230 46298
1503496800 2077 4931 3435 9255
1503495000 2140 6111 3435 12188
1503493200 32255 18387 235576 58729
1503491400 10365 3381 235576 58729
1503489600 27 728 29 1196
1503487800 27 552 29 597
1503486000 28 517 29 574
1503484200 27 521 29 560
1503482400 27 523 29 553
1503480600 27 533 29 594
1503478800 27 524 29 594
1503477000 27 561 29 605
1503475200 27 568 29 610
1503473400 27 582 29 616
1503471600 28 576 29 625
1503469800 27 572 29 615
1503468000 27 574 29 604
1503466200 27 584 29 635
1503464400 27 578 29 622
1503462600 27 595 29 719
1503460800 27 621 29 741
1503459000 27 547 29 612
1503457200 27 536 29 577
1503455400 27 524 29 551
1503453600 27 538 29 610
1503451800 27 545 29 610
1503450000 27 529 29 587
1503448200 27 523 29 575
1503446400 27 560 29 722
1503444600 27 584 29 722
1503442800 27 591 29 815
1503441000 27 604 29 656
1503439200 27 669 29 802
1503437400 27 1059 29 1453
1503435600 30 1243 60 1422
1503433800 497 2423 1365 4005
1503432000 951 3955 2203 8021
1503430200 672 3249 1258 5276
1503428400 1786 9556 4048 33683
1503426600 2272 7781 3268 16378
1503424800 2826 4967 8956 11765
1503423000 1889 5280 4193 13269
1503421200 327 1994 475 2680
1503419400 2478 4698 8198 11634
1503417600 27 2064 29 2517
1503415800 59 1700 280 2278
1503414000 4447 14383 13196 26684
1503412200 2110 10722 4165 32681
1503410400 2702 6246 3876 10467
1503408600 3003 18975 6423 71893
1503406800 1715 11905 3349 42994
1503405000 40240 14600 232059 47068
1503403200 27 700 29 1228
1503401400 27 677 29 818
1503399600 27 605 29 774
1503397800 27 674 29 827
1503396000 27 589 29 827
1503394200 27 606 29 684
1503392400 27 585 29 631
1503390600 27 583 29 635
1503388800 27 572 29 623
1503387000 27 589 29 641
1503385200 27 581 29 614
1503383400 27 591 29 617
1503381600 28 577 36 612
1503379800 27 586 29 626
1503378000 27 597 29 632
1503376200 27 584 29 620
1503374400 27 575 29 606
1503372600 27 586 29 646
1503370800 27 578 29 631
1503369000 27 580 29 647
1503367200 27 619 29 696
1503365400 27 596 29 646
1503363600 27 576 29 607
1503361800 27 588 29 654
1503360000 27 610 29 711
1503358200 27 647 29 892
1503356400 27 589 29 631
1503354600 27 626 29 721
1503352800 27 665 29 847
1503351000 27 842 29 1301
1503349200 27 1092 29 1301
1503347400 911 3301 2338 8907
1503345600 2661 6774 4020 10116
1503343800 1954 5011 2558 11002
1503342000 2295 12149 3487 42178
1503340200 2591 8184 4464 17427
1503338400 2663 11498 3842 28186
1503336600 1256 4312 2561 8115
1503334800 790 3002 1319 4608
1503333000 1587 4616 2726 6320
1503331200 2739 12978 3661 34821
1503329400 3730 16898 6315 52700
1503327600 6299 11021 25370 39663
1503325800 1892 6577 4107 17389
1503324000 428 1695 1307 4371
1503322200 28 464 28 464
1503320400 28 464 28 464
1503318600 28 464 28 464
1503316800 28 464 28 464
1503315000 28 464 28 464
1503313200 28 464 28 464
1503311400 28 464 28 464
1503309600 28 464 28 464
1503307800 28 464 28 464
1503306000 28 464 28 464
1503304200 28 464 28 464
1503302400 28 464 28 464
1503300600 28 464 28 464
1503298800 28 464 28 464
1503297000 28 464 28 464
1503295200 28 464 28 464
1503293400 28 464 28 464
1503291600 28 464 28 464
1503289800 28 464 28 464
1503288000 28 464 28 464
1503286200 28 464 28 464
1503284400 28 464 28 464
1503282600 28 464 28 464
1503280800 28 464 28 464
1503279000 28 464 28 464
1503277200 28 464 28 464
1503275400 28 464 28 464
1503273600 28 464 28 464
1503271800 28 464 28 464
1503270000 28 464 28 464
1503268200 28 464 28 464
1503266400 28 464 28 464
1503264600 28 464 28 464
1503262800 28 464 28 464
1503261000 28 464 28 464
1503259200 28 464 28 464
1503257400 28 464 28 464
1503255600 28 464 28 464
1503253800 28 464 28 464
1503252000 28 464 28 464
1503250200 28 464 28 464
1503248400 28 464 28 464
1503246600 28 464 28 464
1503244800 28 464 28 464
1503243000 28 464 28 464
1503241200 28 464 28 464
1503239400 28 464 28 464
1503237600 28 464 28 464
1503235800 28 464 28 464
1503234000 28 464 28 464
1503232200 28 464 28 464
1503230400 28 464 28 464
1503228600 28 464 28 464
1503226800 28 464 28 464
1503225000 28 464 28 464
1503223200 28 464 28 464
1503221400 28 464 28 464
1503219600 28 464 28 464
1503217800 28 464 28 464
1503216000 28 464 28 464
1503214200 28 464 28 464
1503212400 28 464 28 464
1503210600 28 464 28 464
1503208800 28 464 28 464
1503207000 28 464 28 464
1503205200 28 464 28 464
1503203400 28 464 28 464
1503201600 28 464 28 464
1503199800 28 464 28 464
1503198000 28 464 28 464
1503196200 28 464 28 464
1503194400 28 464 28 464
1503192600 28 464 28 464
1503190800 28 464 28 464
1503189000 28 464 28 464
1503187200 28 464 28 464
1503185400 28 464 28 464
1503183600 28 464 28 464
1503181800 28 464 28 464
1503180000 28 464 28 464
1503178200 28 464 28 464
1503176400 28 464 28 464
1503174600 28 464 28 464
1503172800 28 464 28 464
1503171000 28 464 28 464
1503169200 28 464 28 464
1503167400 28 464 28 464
1503165600 28 464 28 464
1503163800 28 464 28 464
1503162000 28 464 28 464
1503160200 28 464 28 464
1503158400 28 464 28 464
1503156600 28 464 28 464
1503154800 28 464 28 464
1503153000 28 464 28 464
1503151200 28 464 28 464
1503149400 28 464 28 464
1503147600 28 464 28 464
1503145800 28 464 28 464
1503144000 28 464 28 464
1503142200 28 464 28 464
1503140400 28 464 28 464
1503138600 28 464 28 464
1503136800 28 464 28 464
1503135000 28 464 28 464
1503133200 28 464 28 464
1503131400 28 464 28 464
1503129600 28 464 28 464
1503127800 28 464 28 464
1503126000 28 464 28 464
1503124200 28 464 28 464
1503122400 28 464 28 464
1503120600 28 464 28 464
1503118800 28 464 28 464
1503117000 28 464 28 464
1503115200 28 464 28 464
1503113400 28 464 28 464
1503111600 28 464 28 464
1503109800 28 464 28 464
1503108000 28 464 28 464
1503106200 28 464 28 464
1503104400 28 464 28 464
1503102600 28 464 28 464
1503100800 28 464 28 464
1503099000 28 464 28 464
1503097200 28 464 28 464
1503095400 28 464 28 464
1503093600 28 464 28 464
1503091800 28 464 28 464
1503090000 28 464 28 464
1503088200 28 464 28 464
1503086400 28 464 28 464
1503084600 28 464 28 464
1503082800 28 464 28 464
1503081000 28 464 28 464
1503079200 28 464 28 464
1503077400 28 464 28 464
1503075600 28 464 28 464
1503073800 28 464 28 464
1503072000 28 464 28 464
1503070200 28 464 28 464
1503068400 28 464 28 464
1503066600 28 464 28 464
1503064800 28 464 28 464
1503063000 28 464 28 464
1503061200 28 464 28 464
1503059400 28 464 28 464
1503057600 28 464 28 464
1503055800 28 464 28 464
1503054000 28 464 28 464
1503052200 28 464 28 464
1503050400 28 464 28 464
1503048600 28 464 28 464
1503046800 28 464 28 464
1503045000 28 464 28 464
1503043200 28 464 28 464
1503041400 28 464 28 464
1503039600 28 464 28 464
1503037800 28 464 28 464
1503036000 28 464 28 464
1503028800 28 464 28 464
1503021600 28 464 28 464
1503014400 28 464 28 464
1503007200 28 464 28 464
1503000000 28 464 28 464
1502992800 28 464 28 464
1502985600 28 464 28 464
1502978400 28 464 28 464
1502971200 28 464 28 464
1502964000 28 464 28 464
1502956800 28 464 28 464
1502949600 28 464 28 464
1502942400 28 464 28 464
1502935200 28 464 28 464
1502928000 28 464 28 464
1502920800 28 464 28 464
1502913600 28 464 28 464
1502906400 28 464 28 464
1502899200 28 464 28 464
1502892000 28 464 28 464
1502884800 28 464 28 464
1502877600 28 464 28 464
1502870400 28 464 28 464
1502863200 28 464 28 464
1502856000 28 464 28 464
1502848800 28 464 28 464
1502841600 28 464 28 464
1502834400 28 464 28 464
1502827200 28 464 28 464
1502820000 28 464 28 464
1502812800 28 464 28 464
1502805600 28 464 28 464
1502798400 28 464 28 464
1502791200 28 464 28 464
1502784000 28 464 28 464
1502776800 28 464 28 464
1502769600 28 464 28 464
1502762400 28 464 28 464
1502755200 28 464 28 464
1502748000 28 464 28 464
1502740800 28 464 28 464
1502733600 28 464 28 464
1502726400 28 464 28 464
1502719200 28 464 28 464
1502712000 28 464 28 464
1502704800 28 464 28 464
1502697600 28 464 28 464
1502690400 28 464 28 464
1502683200 28 464 28 464
1502676000 28 464 28 464
1502668800 28 464 28 464
1502661600 28 464 28 464
1502654400 28 464 28 464
1502647200 28 464 28 464
1502640000 28 464 28 464
1502632800 28 464 28 464
1502625600 28 464 28 464
1502618400 28 464 28 464
1502611200 28 464 28 464
1502604000 28 464 28 464
1502596800 28 464 28 464
1502589600 28 464 28 464
1502582400 28 464 28 464
1502575200 28 464 28 464
1502568000 28 464 28 464
1502560800 28 464 28 464
1502553600 28 464 28 464
1502546400 28 464 28 464
1502539200 28 464 28 464
1502532000 28 464 28 464
1502524800 28 464 28 464
1502517600 28 464 28 464
1502510400 28 464 28 464
1502503200 28 464 28 464
1502496000 28 464 28 464
1502488800 28 464 28 464
1502481600 28 464 28 464
1502474400 28 464 28 464
1502467200 28 464 28 464
1502460000 28 464 28 464
1502452800 28 464 28 464
1502445600 28 464 28 464
1502438400 28 464 28 464
1502431200 28 464 28 464
1502424000 28 464 28 464
1502416800 28 464 28 464
1502409600 28 464 28 464
1502402400 28 464 28 464
1502395200 28 464 28 464
1502388000 28 464 28 464
1502380800 28 464 28 464
1502373600 28 464 28 464
1502366400 28 464 28 464
1502359200 28 464 28 464
1502352000 28 464 28 464
1502344800 28 464 28 464
1502337600 28 464 28 464
1502330400 28 464 28 464
1502323200 28 464 28 464
1502316000 28 464 28 464
1502308800 28 464 28 464
1502301600 28 464 28 464
1502294400 28 464 28 464
1502287200 28 464 28 464
1502280000 28 464 28 464
1502272800 28 464 28 464
1502265600 28 464 28 464
1502258400 28 464 28 464
1502251200 28 464 28 464
1502244000 28 464 28 464
1502236800 28 464 28 464
1502229600 28 464 28 464
1502222400 28 464 28 464
1502215200 28 464 28 464
1502208000 28 464 28 464
1502200800 28 464 28 464
1502193600 28 464 28 464
1502186400 28 464 28 464
1502179200 28 464 28 464
1502172000 28 464 28 464
1502164800 28 464 28 464
1502157600 28 464 28 464
1502150400 28 464 28 464
1502143200 28 464 28 464
1502136000 28 464 28 464
1502128800 28 464 28 464
1502121600 28 464 28 464
1502114400 28 464 28 464
1502107200 28 464 28 464
1502100000 28 464 28 464
1502092800 28 464 28 464
1502085600 28 464 28 464
1502078400 28 464 28 464
1502071200 28 464 28 464
1502064000 28 464 28 464
1502056800 28 464 28 464
1502049600 28 464 28 464
1502042400 28 464 28 464
1502035200 28 464 28 464
1502028000 28 464 28 464
1502020800 28 464 28 464
1502013600 28 464 28 464
1502006400 28 464 28 464
1501999200 28 464 28 464
1501992000 28 464 28 464
1501984800 28 464 28 464
1501977600 28 464 28 464
1501970400 28 464 28 464
1501963200 28 464 28 464
1501956000 28 464 28 464
1501948800 28 464 28 464
1501941600 28 464 28 464
1501934400 28 464 28 464
1501927200 28 464 28 464
1501920000 28 464 28 464
1501912800 28 464 28 464
1501905600 28 464 28 464
1501898400 28 464 28 464
1501891200 28 464 28 464
1501884000 28 464 28 464
1501876800 28 464 28 464
1501869600 28 464 28 464
1501862400 28 464 28 464
1501855200 28 464 28 464
1501848000 28 464 28 464
1501840800 28 464 28 464
1501833600 28 464 28 464
1501826400 28 464 28 464
1501819200 28 464 28 464
1501812000 28 464 28 464
1501804800 28 464 28 464
1501797600 28 464 28 464
1501790400 28 464 28 464
1501783200 28 464 28 464
1501776000 28 464 28 464
1501768800 28 464 28 464
1501761600 28 464 28 464
1501754400 28 464 28 464
1501747200 28 464 28 464
1501740000 28 464 28 464
1501732800 28 464 28 464
1501725600 28 464 28 464
1501718400 28 464 28 464
1501711200 28 464 28 464
1501704000 28 464 28 464
1501696800 28 464 28 464
1501689600 28 464 28 464
1501682400 28 464 28 464
1501675200 28 464 28 464
1501668000 28 464 28 464
1501660800 28 464 28 464
1501653600 28 464 28 464
1501646400 28 464 28 464
1501639200 28 464 28 464
1501632000 28 464 28 464
1501624800 28 464 28 464
1501617600 28 464 28 464
1501610400 28 464 28 464
1501603200 28 464 28 464
1501596000 28 464 28 464
1501588800 28 464 28 464
1501581600 28 464 28 464
1501574400 28 464 28 464
1501567200 28 464 28 464
1501560000 28 464 28 464
1501552800 28 464 28 464
1501545600 28 464 28 464
1501538400 28 464 28 464
1501531200 28 464 28 464
1501524000 28 464 28 464
1501516800 28 464 28 464
1501509600 28 464 28 464
1501502400 28 464 28 464
1501495200 28 464 28 464
1501488000 28 464 28 464
1501480800 28 464 28 464
1501473600 28 464 28 464
1501466400 28 464 28 464
1501459200 28 464 28 464
1501452000 28 464 28 464
1501444800 28 464 28 464
1501437600 28 464 28 464
1501430400 28 464 28 464
1501423200 28 464 28 464
1501416000 28 464 28 464
1501408800 28 464 28 464
1501401600 28 464 28 464
1501394400 28 464 28 464
1501387200 28 464 28 464
1501380000 28 464 28 464
1501372800 28 464 28 464
1501365600 28 464 28 464
1501358400 28 464 28 464
1501351200 28 464 28 464
1501344000 28 464 28 464
1501336800 28 464 28 464
1501329600 28 464 28 464
1501322400 28 464 28 464
1501315200 28 464 28 464
1501308000 28 464 28 464
1501300800 28 464 28 464
1501293600 28 464 28 464
1501286400 28 464 28 464
1501279200 28 464 28 464
1501272000 28 464 28 464
1501264800 28 464 28 464
1501257600 28 464 28 464
1501250400 28 464 28 464
1501243200 28 464 28 464
1501236000 28 464 28 464
1501228800 28 464 28 464
1501221600 28 464 28 464
1501214400 28 464 28 464
1501207200 28 464 28 464
1501200000 28 464 28 464
1501192800 28 464 28 464
1501185600 28 464 28 464
1501178400 28 464 28 464
1501171200 28 464 28 464
1501164000 28 464 28 464
1501156800 28 464 28 464
1501149600 28 464 28 464
1501142400 28 464 28 464
1501135200 28 464 28 464
1501128000 28 464 28 464
1501120800 28 464 28 464
1501113600 28 464 28 464
1501106400 28 464 28 464
1501099200 28 464 28 464
1501092000 28 464 28 464
1501084800 28 464 28 464
1501077600 28 464 28 464
1501070400 28 464 28 464
1501063200 28 464 28 464
1501056000 28 464 28 464
1501048800 28 464 28 464
1501041600 28 464 28 464
1501034400 28 464 28 464
1501027200 28 464 28 464
1501020000 28 464 28 464
1501012800 28 464 28 464
1501005600 28 464 28 464
1500998400 28 464 28 464
1500991200 28 464 28 464
1500984000 28 464 28 464
1500976800 28 464 28 464
1500969600 28 464 28 464
1500962400 28 464 28 464
1500955200 28 464 28 464
1500948000 28 464 28 464
1500940800 28 464 28 464
1500933600 28 464 28 464
1500926400 28 464 28 464
1500919200 28 464 28 464
1500912000 28 464 28 464
1500904800 28 464 28 464
1500897600 28 464 28 464
1500890400 28 464 28 464
1500883200 28 464 28 464
1500876000 28 464 28 464
1500868800 28 464 28 464
1500861600 28 464 28 464
1500854400 28 464 28 464
1500847200 28 464 28 464
1500840000 28 464 28 464
1500832800 28 464 28 464
1500825600 28 464 28 464
1500818400 28 464 28 464
1500811200 28 464 28 464
1500804000 28 464 28 464
1500796800 28 464 28 464
1500789600 28 464 28 464
1500782400 28 464 28 464
1500775200 28 464 28 464
1500768000 28 464 28 464
1500760800 28 464 28 464
1500753600 28 464 28 464
1500746400 28 464 28 464
1500739200 28 464 28 464
1500732000 28 464 28 464
1500724800 28 463 28 464
1500717600 28 461 28 467
1500710400 28 458 28 467
1500703200 28 453 28 466
1500696000 28 457 28 466
1500688800 28 461 28 474
1500681600 28 519 28 855
1500674400 107 917 2452 4436
1500667200 2486 7152 6603 25068
1500660000 1765 6844 3877 42627
1500652800 3501 10639 18785 62678
1500645600 2594 15931 19062 160854
1500638400 27 762 29 857
1500631200 27 728 29 814
1500624000 27 735 29 841
1500616800 27 750 29 878
1500609600 27 746 29 884
1500602400 27 748 29 829
1500595200 27 781 29 953
1500588000 71 1576 1371 6680
1500580800 2826 6448 18126 17214
1500573600 813 3170 2799 8378
1500566400 2254 8064 14196 41477
1500559200 2772 10491 22264 58672
1500552000 27 767 29 1414
1500544800 27 741 29 807
1500537600 27 773 29 952
1500530400 27 769 31 849
1500523200 27 793 29 864
1500516000 27 762 29 844
1500508800 27 804 29 952
1500501600 114 1414 1892 8579
1500494400 2330 6372 12398 30993
1500487200 1433 5033 12172 37578
1500480000 725 2357 2328 4466
1500472800 1011 5296 6959 67519
1500465600 28 616 28 616
1500458400 28 616 28 616
1500451200 28 616 28 616
1500444000 28 616 28 616
1500436800 28 616 28 616
1500429600 28 616 28 616
1500422400 28 616 28 616
1500415200 28 616 28 616
1500408000 28 616 28 616
1500400800 28 616 28 616
1500393600 28 616 28 616
1500386400 28 616 28 616
1500379200 28 616 28 616
1500372000 28 616 28 616
1500364800 28 616 28 616
1500357600 28 616 28 616
1500350400 28 616 28 616
1500343200 28 616 28 616
1500336000 28 616 28 616
1500328800 28 616 28 616
1500321600 28 616 28 616
1500314400 28 616 28 616
1500307200 28 616 28 616
1500300000 28 616 28 616
1500292800 28 616 28 616
1500285600 28 616 28 616
1500278400 28 616 28 616
1500271200 28 616 28 616
1500264000 28 616 28 616
1500256800 28 616 28 616
1500249600 28 616 28 616
1500242400 28 616 28 616
1500235200 28 616 28 616
1500228000 28 616 28 616
1500220800 28 616 28 616
1500213600 28 616 28 616
1500206400 28 616 28 616
1500199200 28 616 28 616
1500192000 28 616 28 616
1500184800 28 616 28 616
1500177600 28 616 28 616
1500170400 28 616 28 616
1500163200 28 616 28 616
1500156000 28 616 28 616
1500148800 28 616 28 616
1500141600 28 616 28 616
1500134400 28 616 28 616
1500127200 28 616 28 616
1500120000 28 616 28 616
1500112800 28 616 28 616
1500105600 28 616 28 616
1500098400 28 616 28 616
1500091200 28 616 28 616
1500084000 28 616 28 616
1500076800 28 616 28 616
1500069600 28 616 28 616
1500062400 28 616 28 616
1500055200 28 616 28 616
1500048000 28 616 28 616
1500040800 28 616 28 616
1500033600 28 616 28 616
1500026400 28 616 28 616
1500019200 28 616 28 616
1500012000 28 616 28 616
1500004800 28 616 28 616
1499997600 28 616 28 616
1499990400 28 616 28 616
1499983200 28 616 28 616
1499976000 28 616 28 616
1499968800 28 616 28 616
1499961600 28 616 28 616
1499954400 28 616 28 616
1499947200 28 616 28 616
1499940000 28 616 28 616
1499932800 28 616 28 616
1499925600 28 616 28 616
1499918400 28 616 28 616
1499911200 28 616 28 616
1499904000 28 616 28 616
1499896800 28 616 28 616
1499889600 28 616 28 616
1499882400 28 616 28 616
1499875200 28 616 28 616
1499868000 28 616 28 616
1499860800 28 616 28 616
1499853600 28 616 28 616
1499846400 28 616 28 616
1499839200 28 616 28 616
1499832000 28 616 28 616
1499824800 28 616 28 616
1499817600 28 616 28 616
1499810400 28 616 28 616
1499803200 28 616 28 616
1499796000 28 616 28 616
1499788800 28 616 28 616
1499781600 28 616 28 616
1499774400 28 616 28 616
1499767200 28 616 28 616
1499760000 28 616 28 616
1499752800 28 616 28 616
1499745600 28 616 28 616
1499738400 28 616 28 616
1499731200 28 616 28 616
1499724000 28 616 28 616
1499716800 28 616 28 616
1499709600 28 616 28 616
1499702400 28 616 28 616
1499695200 28 616 28 616
1499688000 28 616 28 616
1499680800 28 616 28 616
1499673600 28 616 28 616
1499666400 28 616 28 616
1499659200 28 616 28 616
1499652000 28 616 28 616
1499644800 28 616 28 616
1499637600 28 616 28 616
1499630400 28 616 28 616
1499623200 28 616 28 616
1499616000 28 616 28 616
1499608800 28 616 28 616
1499601600 28 616 28 616
1499594400 28 616 28 616
1499587200 28 616 28 616
1499580000 28 616 28 616
1499572800 28 616 28 616
1499565600 28 616 28 616
1499558400 28 616 28 616
1499551200 28 616 28 616
1499544000 28 616 28 616
1499536800 28 616 28 616
1499529600 28 616 28 616
1499522400 28 616 28 616
1499515200 28 616 28 616
1499508000 28 616 28 616
1499500800 28 616 28 616
1499493600 28 616 28 616
1499486400 28 616 28 616
1499479200 28 616 28 616
1499472000 28 616 28 616
1499464800 28 616 28 616
1499457600 28 616 28 616
1499450400 28 616 28 616
1499443200 28 616 28 616
1499436000 28 616 28 616
1499428800 28 616 28 616
1499421600 28 616 28 616
1499414400 28 616 28 616
1499407200 28 616 28 616
1499400000 28 616 28 616
1499392800 28 616 28 616
1499385600 28 616 28 616
1499378400 28 616 28 616
1499371200 28 616 28 616
1499364000 28 616 28 616
1499356800 28 616 28 616
1499349600 28 616 28 616
1499342400 28 616 28 616
1499335200 28 616 28 616
1499328000 28 616 28 616
1499320800 28 616 28 616
1499313600 28 616 28 616
1499306400 28 616 28 616
1499299200 28 616 28 616
1499292000 28 616 28 616
1499284800 28 616 28 616
1499277600 28 616 28 616
1499270400 28 616 28 616
1499263200 28 616 28 616
1499256000 28 616 28 616
1499248800 28 616 28 616
1499241600 28 616 28 616
1499234400 28 616 28 616
1499227200 28 616 28 616
1499220000 28 616 28 616
1499212800 28 616 28 616
1499205600 28 616 28 616
1499198400 28 616 28 616
1499191200 28 616 28 616
1499184000 28 616 28 616
1499176800 28 616 28 616
1499169600 28 616 28 616
1499162400 28 616 28 616
1499155200 28 616 28 616
1499148000 28 616 28 616
1499140800 28 616 28 616
1499133600 28 616 28 616
1499126400 28 616 28 616
1499119200 28 616 28 616
1499112000 28 616 28 616
1499104800 28 616 28 616
1499097600 28 616 28 616
1499090400 28 616 28 616
1499083200 28 616 28 616
1499076000 28 616 28 616
1499068800 28 616 28 616
1499061600 28 616 28 616
1499054400 28 616 28 616
1499047200 28 616 28 616
1499040000 28 616 28 616
1499032800 28 616 28 616
1499025600 28 616 28 616
1499018400 28 616 28 616
1499011200 28 616 28 616
1499004000 28 616 28 616
1498996800 28 616 28 616
1498989600 28 616 28 616
1498982400 28 616 28 616
1498975200 28 616 28 616
1498968000 28 616 28 616
1498960800 28 616 28 616
1498953600 28 616 28 616
1498946400 28 616 28 616
1498939200 28 616 28 616
1498932000 28 616 28 616
1498924800 28 616 28 616
1498917600 28 616 28 616
1498910400 28 616 28 616
1498903200 28 616 28 616
1498896000 28 616 28 616
1498888800 28 616 28 616
1498881600 28 616 28 616
1498874400 28 616 28 616
1498867200 28 616 28 616
1498860000 28 616 28 616
1498852800 28 616 28 616
1498845600 28 616 28 616
1498838400 28 616 28 616
1498831200 28 616 28 616
1498824000 28 616 28 616
1498816800 28 616 28 616
1498809600 28 616 28 616
1498802400 28 616 28 616
1498795200 28 616 28 616
1498788000 28 616 28 616
1498780800 28 616 28 616
1498773600 28 616 28 616
1498766400 28 616 28 616
1498759200 28 616 28 616
1498752000 28 616 28 616
1498744800 28 616 28 616
1498737600 28 616 28 616
1498730400 28 616 28 616
1498723200 28 616 28 616
1498716000 28 616 28 616
1498694400 28 616 28 616
1498608000 28 616 28 616
1498521600 28 616 28 616
1498435200 28 616 28 616
1498348800 28 616 28 616
1498262400 28 616 28 616
1498176000 28 616 28 616
1498089600 28 616 28 616
1498003200 28 616 28 616
1497916800 28 616 28 616
1497830400 28 616 28 616
1497744000 27 611 29 811
1497657600 2247 4658 214378 164989
1497571200 1532 5487 192525 137081
1497484800 192 6169 192 6169
1497398400 192 6169 192 6169
1497312000 192 6169 192 6169
1497225600 826 1421 215036 6169
1497139200 861 761 214404 6436
1497052800 1553 3677 215983 68832
1496966400 1269 1950 214662 45893
1496880000 830 3684 21976 73263
1496793600 2091 3580 215307 71952
1496707200 824 2857 97422 55359
1496620800 27 710 29 1503
1496534400 26 708 30 834
1496448000 1433 2655 217083 83298
1496361600 784 3814 19489 61018
1496275200 1677 4764 233693 218229
1496188800 1618 4036 215162 85262
1496102400 883 4038 23745 265293
1496016000 27 759 29 2469
1495929600 28 702 28 702
1495843200 1776 3349 214627 46092
1495756800 1817 4805 231198 180731
1495670400 1736 4202 225607 107900
1495584000 28 847 28 847
1495497600 28 847 28 847
1495411200 28 847 28 847
1495324800 28 847 28 847
1495238400 28 847 28 847
1495152000 1471 3012 215315 51409
1495065600 1788 3874 215395 104275
1494979200 5994 7885 7400 9447
1494892800 7400 9447 7400 9447
1494806400 7400 9447 7400 9447
1494720000 4673 5448 217033 30223
1494633600 1470 5175 218583 119531
1494547200 711 2931 19246 46709
1494460800 59 602 59 602
1494374400 59 602 59 602
1494288000 59 602 59 602
1494201600 59 602 59 602
1494115200 59 602 59 602
1494028800 59 602 59 602
1493942400 59 602 59 602
1493856000 59 602 59 602
1493769600 59 602 59 602
1493683200 59 602 59 602
1493596800 59 602 59 602
1493510400 59 602 59 602
1493424000 59 602 59 602
1493337600 59 602 59 602
1493251200 59 602 59 602
1493164800 59 602 59 602
1493078400 59 602 59 602
1492992000 59 602 59 602
1492905600 59 602 59 602
1492819200 59 602 59 602
1492732800 59 602 59 602
1492646400 59 602 59 602
1492560000 59 602 59 602
1492473600 59 602 59 602
1492387200 59 602 59 602
1492300800 59 602 59 602
1492214400 59 602 59 602
1492128000 59 602 59 602
1492041600 59 602 59 602
1491955200 59 602 59 602
1491868800 59 602 59 602
1491782400 59 602 59 602
1491696000 59 602 59 602
1491609600 59 602 59 602
1491523200 59 602 59 602
1491436800 59 602 59 602
1491350400 59 602 59 602
1491264000 59 602 59 602
1491177600 817 720 217199 33792
1491091200 278 673 99357 5919
1491004800 1703 3820 221222 86624
1490918400 598 3076 25244 67750
1490832000 876 2458 36884 39646
1490745600 1491 4082 217550 196109
1490659200 510 1579 510 1579
1490572800 510 1579 510 1579
1490486400 510 1579 510 1579
1490400000 510 1579 510 1579
1490313600 510 1579 510 1579
1490227200 510 1579 510 1579
1490140800 510 1579 510 1579
1490054400 510 1579 510 1579
1489968000 510 1579 510 1579
1489881600 510 1579 510 1579
1489795200 510 1579 510 1579
1489708800 510 1579 510 1579
1489622400 1319 8297 75035 723472
1489536000 1069 8604 30513 1231592
1489449600 21 938 24 2279
1489363200 22 529 24 651
1489276800 22 545 58 1296
1489190400 731 3330 20245 65550
1489104000 1551 2947 217926 42634
1489017600 1506 3561 235428 87732
1488931200 1476 4361 217075 218882
1488844800 985 4338 18093 95402
1488758400 21 591 23 994
1488672000 21 573 23 694
1488585600 1648 3659 219848 70906
1488499200 1759 8931 217355 771339
1488412800 747 4322 18197 158817
1488326400 2049 5126 213291 148303
1488240000 768 3909 19878 153791
1488153600 22 625 24 740
1488067200 21 586 24 761
1487980800 915 3874 52198 80142
1487894400 754 4372 20889 129886
1487808000 2187 3625 216722 70472
1487721600 981 4143 36749 104047
1487635200 21 582 24 688
1487548800 22 583 24 690
1487462400 21 583 24 716
1487376000 1753 2927 215805 49499
1487289600 1880 4188 216405 264028
1487203200 910 3469 20464 190348
1487116800 22 544 22 544
1487030400 22 544 22 544
1486944000 22 544 22 544
1486857600 22 544 22 544
1486771200 22 544 22 544
1486684800 22 544 22 544
1486598400 22 544 22 544
1486512000 22 544 22 544
1486425600 22 544 22 544
1486339200 22 544 22 544
1486252800 22 544 22 544
1486166400 22 544 22 544
1486080000 22 544 22 544
1485993600 22 544 22 544
1485907200 22 544 22 544
1485820800 869 4105 19086 80997
1485734400 22 413 24 851
1485648000 21 418 24 1848
1485561600 1657 3223 214655 199116
1485475200 1520 4476 211640 233691
1485388800 2346 3666 212328 136618
1485302400 1737 1718 212017 43744
1485216000 674 3339 24164 348149
1485129600 21 358 24 462
1485043200 22 375 24 580
1484956800 1044 5996 24455 582097
1484870400 688 2886 16861 67833
1484784000 1596 3688 211736 112648
1484697600 1931 3723 211759 70648
1484611200 1492 3075 211783 58885
1484524800 805 438 214085 8037
1484438400 795 507 211594 5369
1484352000 1519 2366 211538 44576
1484265600 2097 5864 215052 557759
1484179200 769 3023 40527 66178
1484092800 1312 3045 229171 76329
1484006400 1595 6441 233491 463244
1483920000 22 268 24 343
1483833600 22 308 24 610
1483747200 22 646 24 2276
1483660800 21 583 24 1632
1483574400 22 657 42 2195
1483488000 21 628 23 2073
1483401600 22 300 24 383
1483315200 22 300 24 391
1483228800 21 300 24 379
1483142400 22 523 24 1289
1483056000 1553 3592 263839 189124
1482969600 813 2775 31702 122102
1482883200 22 274 22 274
1482796800 22 274 22 274
1482710400 22 265 24 317
1482624000 21 262 30 320
1482537600 22 431 45 1424
1482451200 1385 2251 213773 63256
1482364800 2822 4173 219004 95222
1482278400 881 2795 16506 63842
1482192000 1703 5485 211941 585563
1482105600 20 162 1337 16991
1482019200 213 126 20594 1687
1481932800 2422 1552 32557 3449
1481846400 2774 1574 27880 3187
1481760000 3139 2370 33947 4542
1481673600 2917 2284 37954 4623
1481587200 2831 2138 20341 3485
1481500800 1676 1814 1758 1908
1481414400 1752 1808 10576 2161
1481328000 3079 2200 27609 3484
1481241600 3139 2249 27882 3767
1481155200 3119 2139 24489 3884
1481068800 3348 2249 46587 4601
1480982400 3260 2181 32440 3675
1480896000 1660 1799 2000 2297
1480809600 1629 1738 2209 1945
1480723200 2272 1517 23488 2777
1480636800 2541 1527 21695 2890
1480550400 2257 1523 25101 7226
1480464000 2242 1511 19437 3168
1480377600 2003 1463 17445 2627
1480291200 1460 1677 1710 2008
1480204800 1656 1846 9742 2175
1480118400 2104 1559 20847 3387
1480032000 2598 1636 43571 4004
1479945600 2384 1676 27088 11661
1479859200 1961 1637 21880 3137
1479772800 2202 1594 19905 3320
1479686400 1101 1233 2915 3284
1479600000 1130 1234 9468 1635
1479513600 2509 1647 36427 3468
1479427200 2102 1722 31032 3594
1479340800 2357 1690 49656 3941
1479254400 1765 1531 17570 2946
1479168000 2097 1639 18678 3666
1479081600 1099 1304 1166 1381
1478995200 1097 1315 1170 1427
1478908800 1982 1658 20985 4547
1478822400 1883 1596 16929 2719
1478736000 1717 1665 15147 2992
1478649600 2495 2350 24818 4392
1478563200 3055 2368 21679 3790
1478476800 1660 1986 1718 2119
1478390400 1792 1992 11047 2417
1478304000 3196 2274 27240 3624
1478217600 2577 2295 18569 3637
1478131200 2996 2435 17998 4329
1478044800 2770 2358 26167 3937
1477958400 3160 5055 37423 300778
1477872000 1661 1906 2033 2055
1477785600 1661 1939 2043 2514
1477699200 2914 2302 19825 3550
1477612800 2629 2289 32853 4819
1477526400 2604 2262 27305 3959
1477440000 2665 2252 21629 3381
1477353600 2448 2243 17611 3416
1477267200 1663 1989 1717 2689
1477180800 1730 1925 14960 3048
1477094400 3055 1759 29450 4448
1477008000 2477 1844 20615 3712
1476921600 2007 1886 15714 2936
1476835200 1649 1853 1649 1853
1476748800 1649 1853 1649 1853
1476662400 1646 1863 1692 2135
1476576000 1265 1421 1711 2019
1476489600 2325 1598 16175 3215
1476403200 1909 1637 19139 3630
1476316800 2303 1771 24730 3294
1476230400 2307 2219 18472 3705
1476144000 1644 1816 1692 1941
1476057600 1644 1822 1733 1963
1475971200 1664 1816 7922 1987
1475884800 2733 2220 20825 3739
1475798400 2603 2282 21711 3756
1475712000 3284 2299 48912 3803
1475625600 2349 2289 12486 4924
1475539200 2442 2269 17298 3613
1475452800 1645 1909 1693 2027
1475366400 1583 1861 1743 2354
1475280000 2065 1661 19519 3476
1475193600 1773 1633 21106 3128
1475107200 1618 1659 16883 30430
1475020800 1634 1585 20088 3099
1474934400 1902 1548 30565 3291
1474848000 1089 1210 1168 1286
1474761600 1094 1211 1166 1389
1474675200 2326 2157 15353 3505
1474588800 2410 2245 18479 3501
1474502400 2188 2225 24781 3913
1474416000 2568 2182 13496 3801
1474329600 2624 2130 16525 4352
1474243200 1644 1800 1718 1892
1474156800 1254 1354 1683 1850
1474070400 2106 1613 16034 3693
1473984000 2078 1775 17862 3298
1473897600 2673 2330 20793 3735
1473811200 2735 2359 28728 4034
1473724800 2545 2279 27029 3873
1473638400 1644 1883 1725 2006
1473552000 1658 1883 5752 2032
1473465600 2224 2206 15558 3600
1473379200 2665 2290 21304 3746
1473292800 2441 2212 26330 3791
1473206400 2115 2237 22033 3707
1473120000 1643 1835 1710 2140
1473033600 1642 1824 1713 1908
1472947200 1643 1868 1695 2562
1472860800 2383 2229 21474 3515
1472774400 2378 2255 15133 3867
1472688000 2566 2267 23720 3574
1472601600 2328 2201 19740 4260
1472515200 2177 2124 17733 3557
1472428800 1868 1967 1868 1967
1472342400 1868 1967 1868 1967
1472256000 1868 1967 1868 1967
1472169600 1868 1967 1868 1967
1472083200 1868 1967 1868 1967
1471996800 1868 1967 1868 1967
1471910400 1868 1967 1868 1967
1471824000 1868 1967 1868 1967
1471737600 1868 1967 1868 1967
1471651200 1914 1968 22959 2748
1471564800 3125 2345 48569 4972
1471478400 2942 2346 40548 4827
1471392000 3217 2357 37827 4751
1471305600 2404 1938 50231 6750
1471219200 1356 1279 2398 2522
1471132800 1355 1276 2476 2303
1471046400 2171 1523 46220 5196
1470960000 2217 1548 36698 3068
1470873600 2165 1646 20703 3999
1470787200 2549 2204 24818 4037
1470700800 2418 2255 23071 4418
1470614400 1899 1877 2207 2132
1470528000 1899 1880 2022 2080
1470441600 2489 2224 35836 3940
1470355200 2633 2313 29589 4770
1470268800 2792 2270 32817 4544
1470182400 2210 2199 21129 4015
1470096000 1923 1893 7995 2250
1470009600 1896 1886 2036 2072
1469923200 1999 1893 42636 3205
1469836800 2141 2086 19267 4061
1469750400 3040 2389 59251 5464
1469664000 2553 2461 26444 7131
1469577600 2670 2377 29215 5318
1469491200 2338 2302 21763 4106
1469404800 1892 1889 2041 2051
1469318400 1891 1898 2026 2084
1469232000 3577 2366 215171 7161
1469145600 2598 2338 38401 4502
1469059200 2697 2274 36439 4469
1468972800 2631 2311 38575 4618
1468886400 2432 1874 40114 3902
1468800000 1355 1226 1450 1584
1468713600 1354 1226 1645 1516
1468627200 2512 1593 54522 4351
1468540800 2514 1573 40416 4774
1468454400 2378 1730 51472 4436
1468368000 2876 2348 31606 4752
1468281600 2615 2326 33739 4739
1468195200 1890 1839 2035 2005
1468108800 1888 1840 1998 2013
1468022400 2366 2231 22803 4477
1467936000 2457 2191 33461 3789
1467849600 2446 2271 28970 3902
1467763200 2131 2329 32378 4908
1467676800 2273 1987 35980 5053
1467590400 1352 1228 1440 1400
1467504000 1351 1225 1450 1388
1467417600 1374 1231 11035 1596
1467331200 2044 1727 53099 4366
1467244800 2021 1795 45996 4673
1467158400 2495 2196 25672 4523
1467072000 2947 2279 79745 5383
1466985600 1893 1911 2059 2120
1466899200 1892 1919 2056 2297
1466812800 2567 2256 29716 4150
1466726400 2587 2351 25537 4323
1466640000 2647 2376 30125 4590
1466553600 2181 2392 23441 5195
1466467200 2563 2292 34893 4253
1466380800 1892 1904 2014 2109
1466294400 1755 1638 56510 2840
1466208000 2081 1792 35310 3920
1466121600 1957 1860 21631 4982
1466035200 2228 2612 41609 5710
1465948800 2667 2683 66557 5061
1465862400 2410 2626 35714 5682
1465776000 1893 2064 2069 2352
1465689600 1933 2046 15148 2591
1465603200 2645 2691 39632 6791
1465516800 2393 2600 26840 6006
1465430400 2304 2619 19082 5141
1465344000 2283 2598 22199 5043
1465257600 2025 2032 28535 5192
1465171200 1354 1337 1453 1653
1465084800 1356 1330 1473 1694
1464998400 1653 1902 22944 5645
1464912000 2365 2529 30799 5568
1464825600 2241 2693 25773 5512
1464739200 2467 2681 24642 5795
1464652800 2630 2574 84801 5505
1464566400 1897 2083 2707 2370
1464480000 1921 2095 12301 2479
1464393600 2288 2484 28784 6780
1464307200 2310 2644 23226 6724
1464220800 2227 2489 34603 4967
1464134400 2119 2319 26834 4109
1464048000 1884 1891 2002 2212
1463961600 1885 1900 2028 2174
1463875200 1888 1954 2049 2212
1463788800 2336 2236 36455 3893
1463702400 2361 2332 37395 4066
1463616000 2097 2273 21047 3510
1463529600 2190 2505 33104 12966
1463443200 2565 2468 27911 12429
1463356800 1912 1988 11536 2360
1463270400 1654 1640 47190 3428
1463184000 1862 1904 26073 4994
1463097600 1719 1792 38959 4361
1463011200 1637 2015 18140 4421
1462924800 2082 2480 19441 5468
1462838400 2033 2495 26714 4883
1462752000 1906 1910 8875 3502
1462665600 1907 1887 9239 2230
1462579200 3836 2279 130246 5111
1462492800 2248 2498 30287 4899
1462406400 2254 2348 68107 5718
1462320000 2240 2359 41523 5477
1462233600 2174 2269 63218 5375
1462147200 1909 1852 18269 2457
1462060800 2699 1849 120962 4848
1461974400 2153 2319 28226 4449
1461888000 2041 2420 22745 4324
1461801600 2036 2291 16058 3885
1461715200 2078 2379 19040 4405
1461628800 2203 2134 86716 5404
1461542400 1362 1233 1450 1738
1461456000 1357 1249 1440 1695
1461369600 2379 1885 154764 6479
1461283200 1850 1700 28802 9394
1461196800 2955 2600 140150 8779
1461110400 2899 2385 62732 5429
1461024000 3166 2028 191349 11106
1460937600 1353 1297 1506 1941
1460851200 1354 1309 1450 1811
1460764800 2052 1633 105529 4482
1460678400 1827 1661 67729 4922
1460592000 0 0 0 0
1460505600 0 0 0 0
1460419200 0 0 0 0
1460332800 0 0 0 0
1460246400 0 3 23 328
1460160000 1 36 48 615
1460073600 0 0 0 0
1459987200 0 0 0 0
1459900800 0 0 0 0
1459814400 0 0 0 0
1459728000 0 0 0 0
1459641600 0 0 0 0
1459555200 0 0 0 0
1459468800 0 0 0 0
1459382400 0 0 0 0
1459296000 0 0 0 0
1459209600 0 0 0 0
1459123200 0 0 0 0
1459036800 0 0 0 0
1458950400 0 0 0 0
1458864000 0 0 0 0
1458777600 0 0 0 0
1458691200 0 0 0 0
1458604800 0 0 0 0
1458518400 0 0 0 0
1458432000 0 0 0 0
1458345600 0 0 0 0
1458259200 0 0 0 0
1458172800 0 0 0 0
1458086400 0 0 0 0
1458000000 0 0 0 0
1457913600 0 0 0 0
1457827200 0 0 0 0
1457740800 0 0 0 0
1457654400 0 0 0 0
1457568000 0 0 0 0
1457481600 0 0 0 0
1457395200 0 0 0 0
1457308800 0 0 0 0
1457222400 0 0 0 0
1457136000 0 0 0 0
1457049600 0 0 0 0
1456963200 0 0 0 0
1456876800 0 0 0 0
1456790400 0 0 0 0
1456704000 0 0 0 0
1456617600 0 0 0 0
1456531200 0 0 0 0
1456444800 0 0 0 0
1456358400 0 0 0 0
1456272000 0 0 0 0
1456185600 0 0 0 0
1456099200 0 0 0 0
1456012800 0 0 0 0
1455926400 0 0 0 0
1455840000 0 0 0 0
1455753600 0 0 0 0
1455667200 0 0 0 0
1455580800 0 0 0 0
1455494400 0 0 0 0
1455408000 0 0 0 0
1455321600 0 0 0 0
1455235200 0 0 0 0
1455148800 0 0 0 0
1455062400 0 0 0 0
1454976000 0 0 0 0
1454889600 0 0 0 0
1454803200 0 0 0 0
1454716800 0 0 0 0
1454630400 0 0 0 0
1454544000 0 0 0 0
1454457600 0 0 0 0
1454371200 0 0 0 0
1454284800 0 0 0 0
1454198400 0 0 0 0
1454112000 0 0 0 0
1454025600 0 0 0 0
1453939200 0 0 0 0
1453852800 0 0 0 0
1453766400 0 0 0 0
1453680000 0 0 0 0
1453593600 0 0 0 0
1453507200 0 0 0 0
1453420800 0 0 0 0
1453334400 0 0 0 0
1453248000 0 0 0 0
1453161600 0 0 0 0
1453075200 0 0 0 0
1452988800 0 0 0 0
1452902400 0 0 0 0
1452816000 0 0 0 0
1452729600 0 0 0 0
1452643200 0 0 0 0
1452556800 0 0 0 0
1452470400 0 0 0 0
1452384000 0 0 0 0
1452297600 0 0 0 0
1452211200 0 0 0 0
1452124800 0 0 0 0
1452038400 0 0 0 0
1451952000 0 0 0 0
1451865600 0 0 0 0
1451779200 0 0 0 0
1451692800 0 0 0 0
1451606400 0 0 0 0
1451520000 0 0 0 0
1451433600 0 0 0 0
1451347200 0 0 0 0
1451260800 0 0 0 0
1451174400 0 0 0 0
1451088000 0 0 0 0
1451001600 0 0 0 0
1450915200 0 0 0 0
1450828800 0 0 0 0
1450742400 0 0 0 0
1450656000 0 0 0 0
1450569600 0 0 0 0
1450483200 0 0 0 0
1450396800 0 0 0 0
1450310400 0 0 0 0
1450224000 0 0 0 0
1450137600 0 0 0 0
1450051200 0 0 0 0
1449964800 0 0 0 0
1449878400 0 0 0 0
1449792000 0 0 0 0
1449705600 0 0 0 0
1449619200 0 0 0 0
1449532800 0 0 0 0
1449446400 0 0 0 0
1449360000 0 0 0 0
1449273600 0 0 0 0
1449187200 0 0 0 0
1449100800 0 0 0 0
1449014400 0 0 0 0
1448928000 0 0 0 0
1448841600 0 0 0 0
1448755200 0 0 0 0
1448668800 0 0 0 0
1448582400 0 0 0 0
1448496000 0 0 0 0
1448409600 0 0 0 0
1448323200 0 0 0 0
1448236800 0 0 0 0
1448150400 0 0 0 0
1448064000 0 0 0 0
1447977600 0 0 0 0
1447891200 0 0 0 0
1447804800 0 0 0 0
1447718400 0 0 0 0
1447632000 0 0 0 0
1447545600 0 0 0 0
1447459200 0 0 0 0
1447372800 0 0 0 0
1447286400 0 0 0 0
1447200000 0 0 0 0
1447113600 0 0 0 0
1447027200 0 0 0 0
1446940800 0 0 0 0
1446854400 0 0 0 0
1446768000 0 0 0 0
1446681600 0 0 0 0
1446595200 0 0 0 0
1446508800 0 0 0 0
1446422400 0 0 0 0
1446336000 0 0 0 0
1446249600 0 0 0 0
1446163200 0 0 0 0
1446076800 0 0 0 0
1445990400 0 0 0 0
1445904000 0 0 0 0
1445817600 0 0 0 0
1445731200 0 0 0 0
1445644800 0 0 0 0
1445558400 0 0 0 0
1445472000 0 0 0 0
1445385600 0 0 0 0
1445299200 0 0 0 0
1445212800 0 0 0 0
1445126400 0 0 0 0
1445040000 0 0 0 0
1444953600 0 0 0 0
1444867200 0 0 0 0
1444780800 0 0 0 0
1444694400 0 0 0 0
1444608000 0 0 0 0
1444521600 0 0 0 0
1444435200 0 0 0 0
1444348800 0 0 0 0
1444262400 0 0 0 0
1444176000 0 0 0 0
1444089600 0 0 0 0
1444003200 0 0 0 0
1443916800 0 0 0 0
1443830400 0 0 0 0
1443744000 0 0 0 0
1443657600 0 0 0 0
1443571200 0 0 0 0
1443484800 0 0 0 0
1443398400 0 0 0 0
1443312000 0 0 0 0
1443225600 0 0 0 0
1443139200 0 0 0 0
1443052800 0 0 0 0
1442966400 0 0 0 0
1442880000 0 0 0 0
1442793600 0 0 0 0
1442707200 0 0 0 0
1442620800 0 0 0 0
1442534400 0 0 0 0
1442448000 0 0 0 0
1442361600 0 0 0 0
1442275200 0 0 0 0
1442188800 0 0 0 0
1442102400 0 0 0 0
1442016000 0 0 0 0
1441929600 0 0 0 0
1441843200 0 0 0 0
1441756800 0 0 0 0
1441670400 0 0 0 0
1441584000 0 0 0 0
1441497600 0 0 0 0
1441411200 0 0 0 0
1441324800 0 0 0 0
1441238400 0 0 0 0
1441152000 0 0 0 0
1441065600 0 0 0 0
1440979200 0 0 0 0
1440892800 0 0 0 0
1440806400 0 0 0 0
1440720000 0 0 0 0
1440633600 0 0 0 0
1440547200 0 0 0 0
1440460800 0 0 0 0
1440374400 0 0 0 0
1440288000 0 0 0 0
1440201600 0 0 0 0
1440115200 0 0 0 0
1440028800 0 0 0 0
1439942400 0 0 0 0
1439856000 0 0 0 0
1439769600 0 0 0 0
1439683200 0 0 0 0
1439596800 0 0 0 0
1439510400 0 0 0 0
1439424000 0 0 0 0
1439337600 0 0 0 0
1439251200 0 0 0 0
1439164800 0 0 0 0
1439078400 0 0 0 0
1438992000 0 0 0 0
1438905600 0 0 0 0
1438819200 0 0 0 0
1438732800 0 0 0 0
1438646400 0 0 0 0
1438560000 0 0 0 0
1438473600 0 0 0 0
1438387200 0 0 0 0
1438300800 0 0 0 0
1438214400 0 0 0 0
1438128000 0 0 0 0
1438041600 0 0 0 0
1437955200 0 0 0 0
1437868800 0 0 0 0
1437782400 0 0 0 0
1437696000 0 0 0 0
1437609600 0 0 0 0
1437523200 0 0 0 0
1437436800 0 0 0 0
1437350400 0 0 0 0
1437264000 0 0 0 0
1437177600 0 0 0 0
1437091200 0 0 0 0
1437004800 0 0 0 0
1436918400 0 0 0 0
1436832000 0 0 0 0
1436745600 0 0 0 0
1436659200 0 0 0 0
1436572800 0 0 0 0
1436486400 0 0 0 0
1436400000 0 0 0 0
1436313600 0 0 0 0
1436227200 0 0 0 0
1436140800 0 0 0 0
1436054400 0 0 0 0
1435968000 0 0 0 0
1435881600 0 0 0 0
1435795200 0 0 0 0
1435708800 0 0 0 0
1435622400 0 0 0 0
1435536000 0 0 0 0
