1504297340 9081416293 55957961623
1504297340 1638 9096 1638 9096
1504297040 1103 2169 1103 2169
1504296900 1232 2360 1380 2580
1504296600 1711 2873 2091 3209
1504296300 1712 2748 2091 3209
1504296000 798 1818 1292 2236
1504295700 289 1861 351 2456
1504295400 313 2098 351 2456
1504295100 305 1838 347 2009
1504294800 928 2888 1594 3893
1504294500 1271 3394 1594 3893
1504294200 1435 5024 2031 7496
1504293900 2109 6907 2200 7496
1504293600 1574 4531 2200 6234
1504293300 1899 4337 3089 6340
1504293000 2918 7390 3089 8590
1504292700 1750 5595 2723 8590
1504292400 480 2021 638 2174
1504292100 283 1831 300 1848
1504291800 472 2153 706 2537
1504291500 888 3230 1095 4012
1504291200 1063 3442 1095 4012
1504290900 1264 3434 1535 4168
1504290600 951 3251 1535 4168
1504290300 273 2126 285 2203
1504290000 403 2118 566 2206
1504289700 450 2139 566 2206
1504289400 308 2009 319 2064
1504289100 277 1858 296 1947
1504288800 861 2508 1552 3367
1504288500 1277 3197 1552 3367
1504288200 656 2351 968 3006
1504287900 346 1638 398 1677
1504287600 349 1778 398 1894
1504287300 258 1804 294 1894
1504287000 310 2020 416 2384
1504286700 351 2208 416 2384
1504286400 278 1898 278 2007
1504286100 445 1903 637 2051
1504285800 1013 2830 1443 3722
1504285500 1834 4469 2277 5313
1504285200 2025 7508 2277 9984
1504284900 1181 6966 1741 9984
1504284600 632 4215 736 5013
1504284300 649 3880 736 5013
1504284000 417 2167 550 2587
1504283700 273 1766 280 1850
1504283400 298 1928 320 2018
1504283100 796 2504 1333 3054
1504282800 920 2709 1333 3054
1504282500 390 2052 448 2316
1504282200 1127 4564 2032 7733
1504281900 2086 7621 2148 7733
1504281600 1495 6403 2148 7496
1504281300 841 4227 946 5154
1504281000 676 2606 946 3169
1504280700 355 1856 369 1963
1504280400 316 1799 340 1873
1504280100 262 1796 289 1873
1504279800 270 1951 313 2223
1504279500 304 2039 313 2223
1504279200 267 1855 294 1884
1504278900 348 2065 475 2273
1504278600 397 2008 475 2273
1504278300 269 1744 309 1788
1504278000 246 1864 272 1952
1504277700 295 1940 322 1952
1504277400 374 1899 434 1928
1504277100 478 1905 530 1950
1504276800 421 1877 530 1950
1504276500 287 1703 297 1795
1504276200 296 1956 318 2363
1504275900 1179 3464 2165 4723
1504275600 1327 3530 2165 4723
1504275300 350 2287 371 2424
1504275000 285 2083 327 2424
1504274700 275 1694 318 1699
1504274400 296 1814 318 1956
1504274100 469 2228 695 2540
1504273800 1347 5154 2094 8143
1504273500 1433 6226 2094 8143
1504273200 2512 17122 4579 31880
1504272900 3603 25189 4579 31880
1504272600 1964 14330 2489 17543
1504272300 992 7883 1365 10659
1504272000 652 4320 751 4712
1504271700 729 3826 751 3872
1504271400 1198 4745 1762 5856
1504271100 1773 5386 1787 5856
1504270800 2280 4451 2837 4856
1504270500 3691 28138 4669 55730
1504270200 4730 38737 4800 55730
1504269900 3585 17741 4800 19317
1504269600 1197 8689 2197 15941
1504269300 48 752 71 1028
1504269000 22 939 22 1028
1504268700 22 691 22 840
1504268400 22 536 22 553
1504268100 22 551 24 553
1504267800 23 510 24 550
1504267500 22 509 22 558
1504267200 22 635 22 724
1504266900 22 639 22 724
1504266600 22 507 22 543
1504266300 22 460 22 467
1504266000 22 420 22 454
1504265700 22 421 22 464
1504265400 22 473 23 484
1504265100 22 429 23 484
1504264800 22 406 22 450
1504264500 22 447 22 450
1504264200 22 403 22 444
1504263900 22 418 22 487
1504263600 22 460 22 487
1504263300 22 413 22 430
1504263000 22 435 22 482
1504262700 22 454 22 482
1504262400 22 434 23 448
1504262100 22 473 23 502
1504261800 22 464 22 502
1504261500 22 421 22 423
1504261200 22 442 23 469
1504260900 22 456 23 469
1504260600 22 415 22 443
1504260300 22 424 22 471
1504260000 22 426 22 471
1504259700 22 386 22 398
1504259400 22 451 22 512
1504259100 22 437 22 512
1504258800 22 373 23 399
1504258500 22 434 23 475
1504258200 22 433 22 475
1504257900 22 398 22 411
1504257600 22 434 23 461
1504257300 22 429 23 461
1504257000 22 393 23 394
1504256700 22 416 23 443
1504256400 21 424 23 443
1504256100 22 402 23 404
1504255800 21 429 23 464
1504255500 22 423 23 464
1504255200 22 396 23 418
1504254900 22 408 23 418
1504254600 21 402 23 408
1504254300 22 439 23 475
1504254000 21 453 22 475
1504253700 22 430 22 434
1504253400 22 405 23 434
1504253100 22 377 23 384
1504252800 22 378 22 384
1504252500 22 400 22 433
1504252200 22 413 22 433
1504251900 22 387 23 391
1504251600 22 395 23 410
1504251300 22 400 22 410
1504251000 22 397 22 406
1504250700 22 426 22 449
1504250400 22 451 23 455
1504250100 22 424 23 455
1504249800 21 400 22 412
1504249500 22 394 23 412
1504249200 22 395 23 418
1504248900 21 439 22 463
1504248600 21 433 22 463
1504248300 22 398 23 401
1504248000 22 412 23 431
1504247700 22 400 23 431
1504247400 22 384 23 404
1504247100 22 422 22 444
1504246800 22 437 23 444
1504246500 22 439 23 451
1504246200 22 432 22 451
1504245900 22 403 22 412
1504245600 22 416 22 443
1504245300 22 433 22 443
1504245000 22 422 22 424
1504244700 21 413 22 424
1504244400 21 410 23 420
1504244100 22 409 23 420
1504243800 22 431 22 470
1504243500 22 453 22 470
1504243200 22 438 22 442
1504242900 22 439 23 442
1504242600 22 428 23 436
1504242300 22 408 22 421
1504242000 22 414 23 438
1504241700 22 437 23 438
1504241400 22 421 22 436
1504241100 22 411 22 419
1504240800 22 392 22 419
1504240500 22 384 22 410
1504240200 22 445 23 485
1504239900 22 449 23 485
1504239600 22 410 22 413
1504239300 22 470 23 536
1504239000 22 457 23 536
1504238700 22 377 22 387
1504238400 22 451 22 525
1504238100 22 442 22 525
1504237800 22 399 23 457
1504237500 22 444 23 457
1504237200 22 404 22 431
1504236900 22 391 22 410
1504236600 22 433 22 460
1504236300 22 459 22 460
1504236000 22 447 22 459
1504235700 22 419 22 434
1504235400 22 408 23 414
1504235100 22 420 23 428
1504234800 22 395 22 428
1504234500 22 393 22 433
1504234200 22 448 22 466
1504233900 22 419 22 466
1504233600 22 398 22 436
1504233300 22 443 22 451
1504233000 22 408 22 451
1504232700 22 388 22 423
1504232400 22 451 22 484
1504232100 22 443 22 484
1504231800 22 389 22 397
1504231500 22 412 22 448
1504231200 22 416 22 448
1504230900 22 378 22 381
1504230600 22 429 22 492
1504230300 22 447 22 492
1504230000 22 379 22 397
1504229700 22 441 22 534
1504229400 22 473 23 534
1504229100 22 408 23 414
1504228800 22 429 22 446
1504228500 22 407 22 446
1504228200 22 388 22 417
1504227900 22 427 22 440
1504227600 22 419 22 440
1504227300 22 406 22 419
1504227000 22 445 22 474
1504226700 22 441 22 474
1504226400 22 414 23 425
1504226100 22 435 23 447
1504225800 22 425 22 447
1504225500 22 428 22 459
1504225200 22 458 22 459
1504224900 22 443 23 457
1504224600 22 439 23 452
1504224300 22 442 22 452
1504224000 22 427 22 431
1504223700 22 446 22 473
1504223400 22 437 22 473
1504223100 22 417 22 441
1504222800 22 456 22 474
1504222500 22 426 22 474
1504222200 22 415 22 464
1504221900 22 451 22 464
1504221600 22 415 22 438
1504221300 22 390 22 391
1504221000 22 424 22 462
1504220700 22 439 22 462
1504220400 22 415 22 416
1504220100 22 439 22 467
1504219800 22 425 22 467
1504219500 22 393 22 413
1504219200 22 424 23 437
1504218900 22 434 23 437
1504218600 22 446 22 464
1504218300 22 464 22 466
1504218000 22 436 22 466
1504217700 22 433 22 467
1504217400 22 421 22 467
1504217100 22 409 22 455
1504216800 22 439 22 455
1504216500 22 399 22 423
1504216200 64 419 113 473
1504215900 932 2000 1869 3746
1504215600 2736 7440 3728 11662
1504215300 2670 7536 3728 11662
1504215000 1599 2762 1755 2821
1504214700 2389 7343 3114 12654
1504214400 2817 8198 3114 12654
1504214100 1940 2747 2479 3106
1504213800 1111 4105 1325 6126
1504213500 842 5592 867 6126
1504213200 1668 7162 2645 9654
1504212900 1826 6315 2645 9654
1504212600 690 2445 892 2501
1504212300 402 2028 460 2382
1504212000 307 1582 337 1625
1504211700 278 1698 283 1882
1504211400 337 2148 398 2449
1504211100 381 2143 398 2449
1504210800 390 1828 423 1861
1504210500 681 2589 976 3422
1504210200 1287 3499 1644 3587
1504209900 1002 2708 1644 3587
1504209600 310 1929 357 2185
1504209300 401 1998 451 2185
1504209000 352 1926 451 2081
1504208700 254 2074 269 2081
1504208400 309 1931 356 2068
1504208100 307 1804 356 1836
1504207800 316 2055 388 2302
1504207500 400 2259 414 2302
1504207200 323 1927 414 2210
1504206900 281 1702 350 1816
1504206600 327 1830 350 1846
1504206300 302 1968 305 2106
1504206000 340 2135 382 2170
1504205700 419 2125 462 2170
1504205400 406 2048 462 2075
1504205100 311 2092 344 2177
1504204800 284 2002 296 2177
1504204500 324 1838 358 1879
1504204200 378 2340 401 2860
1504203900 705 3130 1053 3439
1504203600 1315 3650 1612 3889
1504203300 978 3032 1612 3889
1504203000 283 2047 305 2066
1504202700 282 2040 305 2057
1504202400 315 2099 382 2147
1504202100 397 1963 415 2147
1504201800 353 1775 415 1798
1504201500 263 1792 283 1798
1504201200 269 1812 303 1843
1504200900 281 1857 303 1874
1504200600 312 1955 375 2048
1504200300 375 1923 375 2048
1504200000 322 1803 375 1826
1504199700 264 1806 267 1826
1504199400 273 1786 281 1790
1504199100 290 1935 301 2102
1504198800 341 2087 388 2102
1504198500 397 2033 409 2071
1504198200 440 2145 477 2321
1504197900 700 2977 952 3717
1504197600 683 2896 952 3717
1504197300 456 2143 541 2337
1504197000 472 2511 541 2711
1504196700 368 2355 395 2711
1504196400 904 2725 1552 3613
1504196100 966 2783 1552 3613
1504195800 298 1944 299 2068
1504195500 285 1906 299 2068
1504195200 308 1891 352 2082
1504194900 383 2232 419 2405
1504194600 363 2240 419 2405
1504194300 273 2106 300 2167
1504194000 273 2152 307 2167
1504193700 280 1916 307 2137
1504193400 306 2133 370 2668
1504193100 441 2580 523 2668
1504192800 446 2325 523 2481
1504192500 318 2081 360 2150
1504192200 280 1973 291 2004
1504191900 298 2038 306 2152
1504191600 763 2637 1279 3186
1504191300 858 2521 1279 3186
1504191000 753 2458 1178 3244
1504190700 778 2875 1178 3244
1504190400 1474 3391 2774 4449
1504190100 3420 4998 4149 5618
1504189800 4522 7707 4949 10096
1504189500 3211 6770 4949 10096
1504189200 808 2413 1252 3020
1504188900 296 1879 301 2060
1504188600 303 1995 318 2060
1504188300 313 1797 318 1922
1504188000 317 1665 329 1678
1504187700 373 1836 424 2016
1504187400 402 2145 424 2292
1504187100 1071 2850 1853 3481
1504186800 2470 4997 3157 6685
1504186500 3095 5733 3157 6685
1504186200 4031 17644 5165 32286
1504185900 2972 18258 5165 32286
1504185600 470 2304 475 2391
1504185300 356 2014 475 2391
1504185000 341 2234 478 2969
1504184700 1320 5039 2284 7405
1504184400 2834 9892 3463 12735
1504184100 4753 18880 6208 25811
1504183800 3525 14668 6208 25811
1504183500 275 1557 501 2103
1504183200 22 1007 22 1082
1504182900 22 977 22 1082
1504182600 22 1046 22 1261
1504182300 22 1019 22 1261
1504182000 22 1115 23 1542
1504181700 33 1425 45 1542
1504181400 39 1112 45 1294
1504181100 33 852 33 906
1504180800 32 792 33 792
1504180500 32 815 35 841
1504180200 32 852 35 866
1504179900 32 834 35 866
1504179600 33 811 35 826
1504179300 31 812 32 826
1504179000 32 815 33 835
1504178700 32 812 33 835
1504178400 32 850 34 922
1504178100 31 830 34 922
1504177800 31 773 35 827
1504177500 33 826 35 827
1504177200 32 856 34 893
1504176900 33 871 34 893
1504176600 32 843 33 847
1504176300 32 808 34 839
1504176000 31 788 34 804
1504175700 31 799 34 804
1504175400 32 812 34 833
1504175100 32 798 34 833
1504174800 33 808 34 864
1504174500 32 835 32 864
1504174200 32 810 33 820
1504173900 31 800 33 820
1504173600 31 807 35 841
1504173300 33 843 35 847
1504173000 32 837 34 847
1504172700 32 820 34 826
1504172400 31 821 32 831
1504172100 32 789 34 831
1504171800 32 777 34 819
1504171500 32 823 35 828
1504171200 32 808 35 828
1504170900 30 803 33 824
1504170600 32 826 33 829
1504170300 32 778 33 829
1504170000 33 772 33 831
1504169700 32 815 33 831
1504169400 32 814 34 833
1504169100 32 815 34 833
1504168800 31 801 34 807
1504168500 32 797 34 807
1504168200 32 773 34 787
1504167900 33 808 34 865
1504167600 32 823 32 865
1504167300 32 805 33 841
1504167000 31 840 33 841
1504166700 31 795 35 840
1504166400 33 779 35 818
1504166100 32 801 34 818
1504165800 33 828 34 879
1504165500 32 824 32 879
1504165200 32 783 33 808
1504164900 32 799 33 808
1504164600 32 812 34 838
1504164300 31 797 34 838
1504164000 31 803 34 864
1504163700 33 839 34 864
1504163400 32 803 33 812
1504163100 33 798 34 803
1504162800 33 809 34 817
1504162500 33 805 35 817
1504162200 32 794 35 797
1504161900 32 826 35 860
1504161600 33 792 35 860
1504161300 32 771 34 835
1504161000 33 827 34 835
1504160700 32 779 33 820
1504160400 33 823 34 925
1504160100 32 860 34 925
1504159800 32 791 35 795
1504159500 33 793 35 795
1504159200 32 807 34 827
1504158900 33 794 34 827
1504158600 32 799 33 848
1504158300 32 818 33 848
1504158000 31 801 33 819
1504157700 31 781 35 819
1504157400 33 798 35 867
1504157100 31 913 33 965
1504156800 38 1168 45 1401
1504156500 34 954 45 1401
1504156200 22 488 22 538
1504155900 28 549 35 562
1504155600 28 564 35 568
1504155300 28 580 36 595
1504155000 29 577 36 595
1504154700 28 531 35 559
1504154400 28 531 35 568
1504154100 28 571 35 575
1504153800 28 555 35 575
1504153500 27 563 34 597
1504153200 28 594 34 597
1504152900 22 553 23 592
1504152600 28 550 36 597
1504152300 29 583 36 597
1504152000 28 568 35 569
1504151700 29 572 35 577
1504151400 29 599 36 626
1504151100 29 568 36 626
1504150800 27 570 34 648
1504150500 28 598 34 648
1504150200 28 583 36 631
1504149900 29 601 36 631
1504149600 28 588 35 611
1504149300 29 594 35 611
1504149000 29 592 36 612
1504148700 29 587 36 612
1504148400 28 600 35 647
1504148100 28 613 35 647
1504147800 22 564 22 576
1504147500 28 583 36 621
1504147200 29 623 36 626
1504146900 34 611 49 626
1504146600 36 594 49 595
1504146300 27 617 34 645
1504146000 28 589 34 645
1504145700 28 575 35 631
1504145400 28 626 35 631
1504145100 28 595 35 622
1504144800 28 580 35 597
1504144500 29 602 37 608
1504144200 30 579 37 608
1504143900 28 596 35 653
1504143600 28 645 35 653
1504143300 28 592 36 636
1504143000 29 589 36 641
1504142700 22 620 23 641
1504142400 28 610 36 625
1504142100 29 611 36 625
1504141800 29 611 38 629
1504141500 31 599 38 629
1504141200 28 601 34 642
1504140900 28 615 34 642
1504140600 29 625 36 669
1504140300 29 611 36 669
1504140000 28 577 35 611
1504139700 28 609 35 611
1504139400 28 653 35 705
1504139100 28 632 35 705
1504138800 22 597 22 652
1504138500 22 627 22 652
1504138200 22 586 22 599
1504137900 22 571 22 572
1504137600 22 597 22 628
1504137300 22 586 23 628
1504137000 22 586 23 638
1504136700 22 615 22 638
1504136400 22 572 22 590
1504136100 22 577 22 606
1504135800 22 613 22 623
1504135500 22 584 22 623
1504135200 22 599 22 664
1504134900 22 616 22 664
1504134600 22 547 22 563
1504134300 22 555 22 583
1504134000 22 609 22 639
1504133700 22 597 23 639
1504133400 22 601 23 659
1504133100 22 624 22 659
1504132800 22 543 22 585
1504132500 22 560 23 632
1504132200 22 651 23 674
1504131900 22 619 22 674
1504131600 22 577 22 598
1504131300 22 585 23 598
1504131000 22 631 23 699
1504130700 22 675 22 699
1504130400 22 614 22 649
1504130100 22 586 22 600
1504129800 22 654 22 716
1504129500 22 641 22 716
1504129200 22 614 22 681
1504128900 22 680 22 681
1504128600 22 733 22 794
1504128300 22 1485 22 2276
1504128000 22 1746 22 2276
1504127700 22 958 23 1141
1504127400 22 814 23 887
1504127100 22 863 22 887
1504126800 22 822 22 838
1504126500 22 1019 23 1266
1504126200 22 1297 23 1333
1504125900 22 1205 22 1333
1504125600 22 987 22 1061
1504125300 22 1022 22 1160
1504125000 22 1162 22 1165
1504124700 22 1239 22 1324
1504124400 22 1769 22 2278
1504124100 22 1757 22 2278
1504123800 22 1206 22 1247
1504123500 22 1357 22 1483
1504123200 22 1428 22 1483
1504122900 22 1318 22 1367
1504122600 22 1406 22 1572
1504122300 22 1409 22 1572
1504122000 22 1477 22 1762
1504121700 22 1584 22 1762
1504121400 22 1500 22 1634
1504121100 22 1493 22 1634
1504120800 22 1332 22 1335
1504120500 22 1361 22 1397
1504120200 22 1528 22 1679
1504119900 22 1820 22 1981
1504119600 22 1815 22 1981
1504119300 22 1524 22 1626
1504119000 22 1390 22 1411
1504118700 22 1269 22 1366
1504118400 22 1303 22 1464
1504118100 22 1623 22 1806
1504117800 22 1562 22 1806
1504117500 22 1265 23 1284
1504117200 22 1480 23 1758
1504116000 22 1292 22 1541
1504114200 22 1274 23 1541
1504112400 22 1201 23 1376
1504110600 22 1481 23 1771
1504108800 22 1357 23 1771
1504107000 22 1327 22 1675
1504105200 22 1531 23 2032
1504103400 22 1524 23 2015
1504101600 22 1345 22 1527
1504099800 22 1513 23 1752
1504098000 22 1320 22 2189
1504096200 22 955 23 1187
1504094400 21 719 23 1139
1504092600 22 609 22 646
1504090800 21 610 23 693
1504089000 22 645 23 767
1504087200 21 584 23 653
1504085400 22 602 23 677
1504083600 22 581 22 647
1504081800 22 603 22 634
1504080000 21 595 23 625
1504078200 22 597 23 660
1504076400 21 587 23 660
1504074600 22 580 23 655
1504072800 22 583 23 607
1504071000 22 591 23 633
1504069200 22 583 23 606
1504067400 22 587 23 613
1504065600 22 582 23 620
1504063800 22 588 23 620
1504062000 22 598 23 629
1504060200 22 611 23 750
1504058400 22 620 23 797
1504056600 22 606 23 744
1504054800 22 594 22 692
1504053000 22 601 22 643
1504051200 22 589 23 670
1504049400 22 589 23 641
1504047600 22 584 23 624
1504045800 22 604 23 653
1504044000 22 763 23 1208
1504042200 192 1037 1616 3381
1504040400 1333 4601 2341 8553
1504038600 1312 5945 2341 9999
1504036800 1459 6479 3225 11203
1504035000 1246 5146 2457 11884
1504033200 2030 7077 4604 18735
1504031400 856 4565 2656 8460
1504029600 2325 6450 3307 13241
1504027800 885 4103 2246 5653
1504026000 779 3133 1582 4834
1504024200 710 3112 1904 4441
1504022400 1557 4958 2987 10995
1504020600 10261 187395 47716 1057118
1504018800 1197 8986 8053 63484
1504017000 1973 11346 8053 63484
1504015200 9720 190813 110587 2391726
1504013400 12475 232302 110587 2391726
1504011600 22 1191 23 1471
1504009800 22 929 23 1168
1504008000 22 770 22 1316
1504006200 22 615 23 865
1504004400 22 538 23 596
1504002600 22 555 23 601
1504000800 22 562 23 591
1503999000 22 548 23 621
1503997200 22 552 22 595
1503995400 22 552 23 606
1503993600 22 550 23 592
1503991800 22 563 23 636
1503990000 22 543 23 589
1503988200 22 551 23 628
1503986400 22 555 22 597
1503984600 22 542 22 579
1503982800 22 537 23 590
1503981000 22 539 23 675
1503979200 22 539 23 659
1503977400 22 526 23 574
1503975600 22 554 23 599
1503973800 22 556 22 618
1503972000 22 564 22 625
1503970200 22 563 23 626
1503968400 22 566 23 627
1503966600 22 564 23 590
1503964800 22 576 22 630
1503963000 22 563 22 603
1503961200 22 573 23 623
1503959400 22 750 23 1384
1503957600 22 820 23 1384
1503955800 22 898 23 1268
1503954000 22 1131 23 1353
1503952200 22 1385 23 1487
1503950400 22 1557 23 1882
1503948600 22 1366 23 1905
1503946800 22 1487 23 1905
1503945000 22 1329 23 1490
1503943200 22 1391 23 1873
1503941400 22 1232 23 1629
1503939600 22 1391 23 1635
1503937800 22 1396 23 1543
1503936000 22 1380 23 1592
1503934200 22 1174 23 1618
1503932400 22 1361 22 1829
1503930600 22 1576 23 1999
1503928800 22 1795 23 2326
1503927000 22 1341 23 1707
1503925200 22 998 23 1371
1503923400 22 806 23 1146
1503921600 22 532 22 834
1503919800 22 440 23 479
1503918000 22 463 23 487
1503916200 22 420 23 452
1503914400 22 425 23 449
1503912600 22 425 22 474
1503910800 22 420 22 481
1503909000 22 418 23 468
1503907200 22 422 23 448
1503905400 22 423 23 453
1503903600 22 421 23 458
1503901800 22 422 23 489
1503900000 22 420 23 459
1503898200 22 429 22 467
1503896400 22 424 22 477
1503894600 22 420 23 466
1503892800 22 461 23 517
1503891000 22 467 22 514
1503889200 22 471 23 513
1503887400 22 464 23 499
1503885600 22 467 22 503
1503883800 22 468 23 503
1503882000 22 467 23 495
1503880200 22 466 23 510
1503878400 22 465 23 531
1503876600 22 470 22 529
1503874800 22 466 23 513
1503873000 22 471 23 529
1503871200 22 471 23 506
1503869400 22 471 22 509
1503867600 22 471 22 508
1503865800 22 468 23 514
1503864000 22 466 22 498
1503862200 22 474 22 508
1503860400 22 465 22 512
1503858600 22 420 22 453
1503856800 22 422 22 453
1503855000 22 426 23 480
1503853200 22 425 22 453
1503851400 22 418 23 464
1503849600 22 426 23 493
1503847800 22 423 22 467
1503846000 22 431 22 492
1503844200 22 426 22 465
1503842400 22 418 22 472
1503840600 22 428 23 473
1503838800 22 423 22 475
1503837000 22 430 22 490
1503835200 22 423 22 453
1503833400 22 429 23 467
1503831600 22 423 22 466
1503829800 22 421 23 451
1503828000 22 426 22 447
1503826200 22 428 23 481
1503824400 22 427 23 459
1503822600 22 423 22 465
1503820800 22 423 22 469
1503819000 22 432 23 456
1503817200 22 425 23 461
1503815400 22 425 23 472
1503813600 22 422 23 463
1503811800 22 422 23 445
1503810000 22 426 23 466
1503808200 22 419 23 458
1503806400 22 418 23 456
1503804600 22 423 22 457
1503802800 22 423 23 447
1503801000 22 419 23 452
1503799200 22 420 23 475
1503797400 22 427 23 467
1503795600 22 424 23 459
1503793800 22 423 23 448
1503792000 22 426 23 469
1503790200 22 424 23 469
1503788400 22 423 23 463
1503786600 21 423 23 454
1503784800 21 425 23 465
1503783000 21 427 22 475
1503781200 22 422 23 441
1503779400 22 421 23 446
1503777600 21 422 23 452
1503775800 21 432 23 465
1503774000 22 425 22 478
1503772200 22 423 22 485
1503770400 22 424 22 487
1503768600 22 428 22 483
1503766800 22 427 22 465
1503765000 22 421 22 443
1503763200 22 423 22 448
1503761400 22 422 22 436
1503759600 22 423 23 441
1503757800 22 428 22 471
1503756000 21 418 23 448
1503754200 22 429 24 478
1503752400 22 424 22 449
1503750600 22 423 22 456
1503748800 22 419 23 469
1503747000 22 426 23 486
1503745200 22 423 22 479
1503743400 22 420 23 464
1503741600 22 432 23 457
1503739800 22 427 23 474
1503738000 22 421 22 460
1503736200 22 421 23 460
1503734400 22 424 22 453
1503732600 22 428 23 463
1503730800 22 422 23 463
1503729000 22 423 23 477
1503727200 22 421 23 466
1503725400 22 426 22 467
1503723600 22 421 23 434
1503721800 22 426 22 468
1503720000 22 467 23 516
1503718200 22 469 23 502
1503716400 22 470 23 498
1503714600 22 470 22 491
1503712800 22 466 22 500
1503711000 22 475 24 534
1503709200 22 466 22 502
1503707400 22 465 22 501
1503705600 22 472 22 498
1503703800 22 464 22 501
1503702000 22 440 22 464
1503700200 22 458 23 541
1503698400 22 523 23 603
1503696600 22 599 22 751
1503694800 22 692 22 771
1503693000 22 927 23 1102
1503691200 22 1221 23 1653
1503689400 22 1153 22 1653
1503687600 22 1138 23 1297
1503685800 22 1267 23 1398
1503684000 22 1112 22 1366
1503682200 22 1152 23 1376
1503680400 22 1148 22 1238
1503678600 22 1118 22 1253
1503676800 22 1362 22 1679
1503675000 22 1145 23 1679
1503673200 22 1240 22 1695
1503671400 22 1340 23 1661
1503669600 22 1520 22 2324
1503667800 22 1290 24 1513
1503666000 22 1098 22 1407
1503664200 22 946 23 1303
1503662400 22 702 23 1131
1503660600 22 598 22 697
1503658800 22 567 22 616
1503657000 22 562 23 579
1503655200 22 568 22 601
1503653400 22 582 23 634
1503651600 22 566 22 647
1503649800 22 566 22 632
1503648000 22 563 22 614
1503646200 22 575 23 638
1503644400 22 572 23 641
1503642600 22 573 23 684
1503640800 22 568 22 635
1503639000 22 579 23 660
1503637200 22 568 22 611
1503635400 22 589 23 684
1503633600 22 561 22 593
1503631800 22 582 23 616
1503630000 21 567 23 637
1503628200 21 567 24 627
1503626400 21 563 22 599
1503624600 22 594 24 749
1503622800 21 550 23 621
1503621000 21 559 23 621
1503619200 21 544 23 591
1503617400 21 555 23 610
1503615600 21 550 23 636
1503613800 22 630 23 1002
1503612000 21 694 23 975
1503610200 21 993 23 1168
1503608400 22 894 23 1097
1503606600 21 1146 23 1332
1503604800 22 1210 23 1368
1503603000 22 1344 23 1665
1503601200 22 1271 23 1665
1503599400 2896 5544 5022 10868
1503597600 1247 3385 1731 5525
1503595800 2497 8071 4519 12744
1503594000 993 3672 4519 12744
1503592200 22 1180 22 1229
1503590400 22 1289 22 1350
1503588600 22 1315 22 1350
1503586800 22 1320 22 1327
1503585000 22 1347 22 1349
1503583200 22 1317 22 1530
1503581400 22 1444 22 1530
1503579600 22 1109 22 1145
1503577800 22 911 22 911
1503576000 22 691 22 911
1503574200 22 594 22 672
1503572400 22 593 22 597
1503570600 22 600 22 604
1503568800 22 604 22 605
1503567000 22 604 22 605
1503565200 22 601 22 601
1503563400 22 602 22 612
1503561600 22 612 22 612
1503559800 22 582 22 612
1503558000 22 573 22 573
1503556200 22 588 22 589
1503554400 22 573 22 589
1503552600 22 585 22 590
1503550800 22 591 22 593
1503549000 22 587 22 604
1503547200 22 594 22 604
1503545400 22 622 22 633
1503543600 22 609 22 611
1503541800 22 611 22 626
1503540000 22 617 22 629
1503538200 22 633 23 650
1503536400 22 616 22 650
1503534600 22 595 23 619
1503532800 22 591 23 598
1503531000 22 602 22 617
1503529200 22 596 22 606
1503527400 22 634 22 690
1503525600 22 653 23 724
1503523800 21 860 23 1004
1503522000 22 977 22 1094
1503520200 22 1139 22 1263
1503518400 22 1242 22 1394
1503516600 22 1451 23 1891
1503514800 22 1353 22 1551
1503513000 22 1416 23 2058
1503511200 1527 5421 2998 12172
1503509400 891 3926 2039 6686
1503507600 747 4147 2039 10040
1503505800 1464 3027 2685 4199
1503504000 2425 13602 4150 33104
1503502200 1791 8071 2962 11253
1503500400 2950 15701 7573 41851
1503498600 1682 5705 2649 11187
1503496800 1848 8730 6391 26522
1503495000 23 1444 49 1841
1503493200 22 1112 23 1346
1503491400 22 859 23 1090
1503489600 22 735 23 1308
1503487800 22 558 23 603
1503486000 22 522 23 583
1503484200 22 528 23 569
1503482400 22 527 23 559
1503480600 22 539 23 590
1503478800 22 529 23 590
1503477000 22 567 23 613
1503475200 22 574 22 620
1503473400 22 586 23 610
1503471600 22 581 23 634
1503469800 22 578 23 620
1503468000 22 581 23 617
1503466200 22 590 23 639
1503464400 22 583 23 623
1503462600 22 602 23 708
1503460800 22 626 22 746
1503459000 22 555 23 604
1503457200 22 541 23 586
1503455400 22 529 23 563
1503453600 22 544 22 611
1503451800 22 546 24 611
1503450000 22 539 23 578
1503448200 22 529 23 569
1503446400 22 566 22 729
1503444600 22 590 23 729
1503442800 22 595 23 795
1503441000 465 1766 1197 5764
1503439200 1946 6554 3342 9908
1503437400 1722 7182 2652 11900
1503435600 1499 4443 2433 8144
1503433800 687 4285 1506 8295
1503432000 1517 5291 2788 7275
1503430200 1645 5810 2548 7684
1503428400 991 4600 1967 10911
1503426600 384 2241 897 2551
1503424800 1901 6894 3133 11119
1503423000 1622 9493 4142 31426
1503421200 732 5146 1209 8641
1503419400 665 4088 856 5421
1503417600 905 5025 1515 6981
1503415800 842 3269 1929 4333
1503414000 890 3852 2299 12000
1503412200 19847 401363 108704 2355341
1503410400 21 1525 23 1843
1503408600 22 1756 24 2006
1503406800 22 1202 22 1505
1503405000 22 1131 24 1727
1503403200 22 705 22 1235
1503401400 22 683 23 825
1503399600 22 612 22 781
1503397800 22 679 22 837
1503396000 21 595 23 837
1503394200 22 612 23 682
1503392400 22 591 22 648
1503390600 22 589 22 639
1503388800 22 577 22 623
1503387000 22 594 23 643
1503385200 22 587 22 618
1503383400 22 599 23 628
1503381600 22 581 23 644
1503379800 22 590 23 635
1503378000 22 605 23 644
1503376200 22 588 23 624
1503374400 22 581 23 615
1503372600 22 591 23 650
1503370800 22 585 23 641
1503369000 22 586 23 649
1503367200 22 623 23 703
1503365400 22 601 23 651
1503363600 22 584 23 628
1503361800 22 592 23 658
1503360000 22 612 23 712
1503358200 22 654 23 931
1503356400 22 596 23 641
1503354600 22 631 23 726
1503352800 22 671 23 845
1503351000 22 841 23 1257
1503349200 22 1105 23 1257
1503347400 22 1318 23 1822
1503345600 22 1090 23 1822
1503343800 22 1195 23 1842
1503342000 22 1109 23 1231
1503340200 22 1320 23 1719
1503338400 22 1354 23 1719
1503336600 22 1429 23 1912
1503334800 22 1331 23 1686
1503333000 22 1508 23 2025
1503331200 22 1295 23 1503
1503329400 22 1196 22 1503
1503327600 22 1195 23 1390
1503325800 22 1366 23 1594
1503324000 22 821 22 1480
1503322200 22 466 22 466
1503320400 22 466 22 466
1503318600 22 466 22 466
1503316800 22 466 22 466
1503315000 22 466 22 466
1503313200 22 466 22 466
1503311400 22 466 22 466
1503309600 22 466 22 466
1503307800 22 466 22 466
1503306000 22 466 22 466
1503304200 22 466 22 466
1503302400 22 466 22 466
1503300600 22 466 22 466
1503298800 22 466 22 466
1503297000 22 466 22 466
1503295200 22 466 22 466
1503293400 22 466 22 466
1503291600 22 466 22 466
1503289800 22 466 22 466
1503288000 22 466 22 466
1503286200 22 466 22 466
1503284400 22 466 22 466
1503282600 22 466 22 466
1503280800 22 466 22 466
1503279000 22 466 22 466
1503277200 22 466 22 466
1503275400 22 466 22 466
1503273600 22 466 22 466
1503271800 22 466 22 466
1503270000 22 466 22 466
1503268200 22 466 22 466
1503266400 22 466 22 466
1503264600 22 466 22 466
1503262800 22 466 22 466
1503261000 22 466 22 466
1503259200 22 466 22 466
1503257400 22 466 22 466
1503255600 22 466 22 466
1503253800 22 466 22 466
1503252000 22 466 22 466
1503250200 22 466 22 466
1503248400 22 466 22 466
1503246600 22 466 22 466
1503244800 22 466 22 466
1503243000 22 466 22 466
1503241200 22 466 22 466
1503239400 22 466 22 466
1503237600 22 466 22 466
1503235800 22 466 22 466
1503234000 22 466 22 466
1503232200 22 466 22 466
1503230400 22 466 22 466
1503228600 22 466 22 466
1503226800 22 466 22 466
1503225000 22 466 22 466
1503223200 22 466 22 466
1503221400 22 466 22 466
1503219600 22 466 22 466
1503217800 22 466 22 466
1503216000 22 466 22 466
1503214200 22 466 22 466
1503212400 22 466 22 466
1503210600 22 466 22 466
1503208800 22 466 22 466
1503207000 22 466 22 466
1503205200 22 466 22 466
1503203400 22 466 22 466
1503201600 22 466 22 466
1503199800 22 466 22 466
1503198000 22 466 22 466
1503196200 22 466 22 466
1503194400 22 466 22 466
1503192600 22 466 22 466
1503190800 22 466 22 466
1503189000 22 466 22 466
1503187200 22 466 22 466
1503185400 22 466 22 466
1503183600 22 466 22 466
1503181800 22 466 22 466
1503180000 22 466 22 466
1503178200 22 466 22 466
1503176400 22 466 22 466
1503174600 22 466 22 466
1503172800 22 466 22 466
1503171000 22 466 22 466
1503169200 22 466 22 466
1503167400 22 466 22 466
1503165600 22 466 22 466
1503163800 22 466 22 466
1503162000 22 466 22 466
1503160200 22 466 22 466
1503158400 22 466 22 466
1503156600 22 466 22 466
1503154800 22 466 22 466
1503153000 22 466 22 466
1503151200 22 466 22 466
1503149400 22 466 22 466
1503147600 22 466 22 466
1503145800 22 466 22 466
1503144000 22 466 22 466
1503142200 22 466 22 466
1503140400 22 466 22 466
1503138600 22 466 22 466
1503136800 22 466 22 466
1503135000 22 466 22 466
1503133200 22 466 22 466
1503131400 22 466 22 466
1503129600 22 466 22 466
1503127800 22 466 22 466
1503126000 22 466 22 466
1503124200 22 466 22 466
1503122400 22 466 22 466
1503120600 22 466 22 466
1503118800 22 466 22 466
1503117000 22 466 22 466
1503115200 22 466 22 466
1503113400 22 466 22 466
1503111600 22 466 22 466
1503109800 22 466 22 466
1503108000 22 466 22 466
1503106200 22 466 22 466
1503104400 22 466 22 466
1503102600 22 466 22 466
1503100800 22 466 22 466
1503099000 22 466 22 466
1503097200 22 466 22 466
1503095400 22 466 22 466
1503093600 22 466 22 466
1503091800 22 466 22 466
1503090000 22 466 22 466
1503088200 22 466 22 466
1503086400 22 466 22 466
1503084600 22 466 22 466
1503082800 22 466 22 466
1503081000 22 466 22 466
1503079200 22 466 22 466
1503077400 22 466 22 466
1503075600 22 466 22 466
1503073800 22 466 22 466
1503072000 22 466 22 466
1503070200 22 466 22 466
1503068400 22 466 22 466
1503066600 22 466 22 466
1503064800 22 466 22 466
1503063000 22 466 22 466
1503061200 22 466 22 466
1503059400 22 466 22 466
1503057600 22 466 22 466
1503055800 22 466 22 466
1503054000 22 466 22 466
1503052200 22 466 22 466
1503050400 22 466 22 466
1503048600 22 466 22 466
1503046800 22 466 22 466
1503045000 22 466 22 466
1503043200 22 466 22 466
1503041400 22 466 22 466
1503039600 22 466 22 466
1503037800 22 466 22 466
1503036000 22 466 22 466
1503028800 22 466 22 466
1503021600 22 466 22 466
1503014400 22 466 22 466
1503007200 22 466 22 466
1503000000 22 466 22 466
1502992800 22 466 22 466
1502985600 22 466 22 466
1502978400 22 466 22 466
1502971200 22 466 22 466
1502964000 22 466 22 466
1502956800 22 466 22 466
1502949600 22 466 22 466
1502942400 22 466 22 466
1502935200 22 466 22 466
1502928000 22 466 22 466
1502920800 22 466 22 466
1502913600 22 466 22 466
1502906400 22 466 22 466
1502899200 22 466 22 466
1502892000 22 466 22 466
1502884800 22 466 22 466
1502877600 22 466 22 466
1502870400 22 466 22 466
1502863200 22 466 22 466
1502856000 22 466 22 466
1502848800 22 466 22 466
1502841600 22 466 22 466
1502834400 22 466 22 466
1502827200 22 466 22 466
1502820000 22 466 22 466
1502812800 22 466 22 466
1502805600 22 466 22 466
1502798400 22 466 22 466
1502791200 22 466 22 466
1502784000 22 466 22 466
1502776800 22 466 22 466
1502769600 22 466 22 466
1502762400 22 466 22 466
1502755200 22 466 22 466
1502748000 22 466 22 466
1502740800 22 466 22 466
1502733600 22 466 22 466
1502726400 22 466 22 466
1502719200 22 466 22 466
1502712000 22 466 22 466
1502704800 22 466 22 466
1502697600 22 466 22 466
1502690400 22 466 22 466
1502683200 22 466 22 466
1502676000 22 466 22 466
1502668800 22 466 22 466
1502661600 22 466 22 466
1502654400 22 466 22 466
1502647200 22 466 22 466
1502640000 22 466 22 466
1502632800 22 466 22 466
1502625600 22 466 22 466
1502618400 22 466 22 466
1502611200 22 466 22 466
1502604000 22 466 22 466
1502596800 22 466 22 466
1502589600 22 466 22 466
1502582400 22 466 22 466
1502575200 22 466 22 466
1502568000 22 466 22 466
1502560800 22 466 22 466
1502553600 22 466 22 466
1502546400 22 466 22 466
1502539200 22 466 22 466
1502532000 22 466 22 466
1502524800 22 466 22 466
1502517600 22 466 22 466
1502510400 22 466 22 466
1502503200 22 466 22 466
1502496000 22 466 22 466
1502488800 22 466 22 466
1502481600 22 466 22 466
1502474400 22 466 22 466
1502467200 22 466 22 466
1502460000 22 466 22 466
1502452800 22 466 22 466
1502445600 22 466 22 466
1502438400 22 466 22 466
1502431200 22 466 22 466
1502424000 22 466 22 466
1502416800 22 466 22 466
1502409600 22 466 22 466
1502402400 22 466 22 466
1502395200 22 466 22 466
1502388000 22 466 22 466
1502380800 22 466 22 466
1502373600 22 466 22 466
1502366400 22 466 22 466
1502359200 22 466 22 466
1502352000 22 466 22 466
1502344800 22 466 22 466
1502337600 22 466 22 466
1502330400 22 466 22 466
1502323200 22 466 22 466
1502316000 22 466 22 466
1502308800 22 466 22 466
1502301600 22 466 22 466
1502294400 22 466 22 466
1502287200 22 466 22 466
1502280000 22 466 22 466
1502272800 22 466 22 466
1502265600 22 466 22 466
1502258400 22 466 22 466
1502251200 22 466 22 466
1502244000 22 466 22 466
1502236800 22 466 22 466
1502229600 22 466 22 466
1502222400 22 466 22 466
1502215200 22 466 22 466
1502208000 22 466 22 466
1502200800 22 466 22 466
1502193600 22 466 22 466
1502186400 22 466 22 466
1502179200 22 466 22 466
1502172000 22 466 22 466
1502164800 22 466 22 466
1502157600 22 466 22 466
1502150400 22 466 22 466
1502143200 22 466 22 466
1502136000 22 466 22 466
1502128800 22 466 22 466
1502121600 22 466 22 466
1502114400 22 466 22 466
1502107200 22 466 22 466
1502100000 22 466 22 466
1502092800 22 466 22 466
1502085600 22 466 22 466
1502078400 22 466 22 466
1502071200 22 466 22 466
1502064000 22 466 22 466
1502056800 22 466 22 466
1502049600 22 466 22 466
1502042400 22 466 22 466
1502035200 22 466 22 466
1502028000 22 466 22 466
1502020800 22 466 22 466
1502013600 22 466 22 466
1502006400 22 466 22 466
1501999200 22 466 22 466
1501992000 22 466 22 466
1501984800 22 466 22 466
1501977600 22 466 22 466
1501970400 22 466 22 466
1501963200 22 466 22 466
1501956000 22 466 22 466
1501948800 22 466 22 466
1501941600 22 466 22 466
1501934400 22 466 22 466
1501927200 22 466 22 466
1501920000 22 466 22 466
1501912800 22 466 22 466
1501905600 22 466 22 466
1501898400 22 466 22 466
1501891200 22 466 22 466
1501884000 22 466 22 466
1501876800 22 466 22 466
1501869600 22 466 22 466
1501862400 22 466 22 466
1501855200 22 466 22 466
1501848000 22 466 22 466
1501840800 22 466 22 466
1501833600 22 466 22 466
1501826400 22 466 22 466
1501819200 22 466 22 466
1501812000 22 466 22 466
1501804800 22 466 22 466
1501797600 22 466 22 466
1501790400 22 466 22 466
1501783200 22 466 22 466
1501776000 22 466 22 466
1501768800 22 466 22 466
1501761600 22 466 22 466
1501754400 22 466 22 466
1501747200 22 466 22 466
1501740000 22 466 22 466
1501732800 22 466 22 466
1501725600 22 466 22 466
1501718400 22 466 22 466
1501711200 22 466 22 466
1501704000 22 466 22 466
1501696800 22 466 22 466
1501689600 22 466 22 466
1501682400 22 466 22 466
1501675200 22 466 22 466
1501668000 22 466 22 466
1501660800 22 466 22 466
1501653600 22 466 22 466
1501646400 22 466 22 466
1501639200 22 466 22 466
1501632000 22 466 22 466
1501624800 22 466 22 466
1501617600 22 466 22 466
1501610400 22 466 22 466
1501603200 22 466 22 466
1501596000 22 466 22 466
1501588800 22 466 22 466
1501581600 22 466 22 466
1501574400 22 466 22 466
1501567200 22 466 22 466
1501560000 22 466 22 466
1501552800 22 466 22 466
1501545600 22 466 22 466
1501538400 22 466 22 466
1501531200 22 466 22 466
1501524000 22 466 22 466
1501516800 22 466 22 466
1501509600 22 466 22 466
1501502400 22 466 22 466
1501495200 22 466 22 466
1501488000 22 466 22 466
1501480800 22 466 22 466
1501473600 22 466 22 466
1501466400 22 466 22 466
1501459200 22 466 22 466
1501452000 22 466 22 466
1501444800 22 466 22 466
1501437600 22 466 22 466
1501430400 22 466 22 466
1501423200 22 466 22 466
1501416000 22 466 22 466
1501408800 22 466 22 466
1501401600 22 466 22 466
1501394400 22 466 22 466
1501387200 22 466 22 466
1501380000 22 466 22 466
1501372800 22 466 22 466
1501365600 22 466 22 466
1501358400 22 466 22 466
1501351200 22 466 22 466
1501344000 22 466 22 466
1501336800 22 466 22 466
1501329600 22 466 22 466
1501322400 22 466 22 466
1501315200 22 466 22 466
1501308000 22 466 22 466
1501300800 22 466 22 466
1501293600 22 466 22 466
1501286400 22 466 22 466
1501279200 22 466 22 466
1501272000 22 466 22 466
1501264800 22 466 22 466
1501257600 22 466 22 466
1501250400 22 466 22 466
1501243200 22 466 22 466
1501236000 22 466 22 466
1501228800 22 466 22 466
1501221600 22 466 22 466
1501214400 22 466 22 466
1501207200 22 466 22 466
1501200000 22 466 22 466
1501192800 22 466 22 466
1501185600 22 466 22 466
1501178400 22 466 22 466
1501171200 22 466 22 466
1501164000 22 466 22 466
1501156800 22 466 22 466
1501149600 22 466 22 466
1501142400 22 466 22 466
1501135200 22 466 22 466
1501128000 22 466 22 466
1501120800 22 466 22 466
1501113600 22 466 22 466
1501106400 22 466 22 466
1501099200 22 466 22 466
1501092000 22 466 22 466
1501084800 22 466 22 466
1501077600 22 466 22 466
1501070400 22 466 22 466
1501063200 22 466 22 466
1501056000 22 466 22 466
1501048800 22 466 22 466
1501041600 22 466 22 466
1501034400 22 466 22 466
1501027200 22 466 22 466
1501020000 22 466 22 466
1501012800 22 466 22 466
1501005600 22 466 22 466
1500998400 22 466 22 466
1500991200 22 466 22 466
1500984000 22 466 22 466
1500976800 22 466 22 466
1500969600 22 466 22 466
1500962400 22 466 22 466
1500955200 22 466 22 466
1500948000 22 466 22 466
1500940800 22 466 22 466
1500933600 22 466 22 466
1500926400 22 466 22 466
1500919200 22 466 22 466
1500912000 22 466 22 466
1500904800 22 466 22 466
1500897600 22 466 22 466
1500890400 22 466 22 466
1500883200 22 466 22 466
1500876000 22 466 22 466
1500868800 22 466 22 466
1500861600 22 466 22 466
1500854400 22 466 22 466
1500847200 22 466 22 466
1500840000 22 466 22 466
1500832800 22 466 22 466
1500825600 22 466 22 466
1500818400 22 466 22 466
1500811200 22 466 22 466
1500804000 22 466 22 466
1500796800 22 466 22 466
1500789600 22 466 22 466
1500782400 22 466 22 466
1500775200 22 466 22 466
1500768000 22 466 22 466
1500760800 22 466 22 466
1500753600 22 466 22 466
1500746400 22 466 22 466
1500739200 22 466 22 466
1500732000 22 466 22 466
1500724800 22 465 22 466
1500717600 22 468 22 472
1500710400 22 465 22 472
1500703200 22 459 22 468
1500696000 22 464 22 479
1500688800 22 465 22 481
1500681600 22 524 22 837
1500674400 890 8231 3167 41736
1500667200 1262 5136 3167 35854
1500660000 4377 46183 19264 203361
1500652800 2341 20579 6172 89330
1500645600 12575 13121 163352 160332
1500638400 22 768 23 841
1500631200 22 734 23 793
1500624000 22 741 23 858
1500616800 22 757 23 881
1500609600 22 752 23 911
1500602400 22 754 24 847
1500595200 25 784 80 927
1500588000 2110 30071 6783 285566
1500580800 2766 33644 12557 269508
1500573600 2281 12286 8649 85348
1500566400 3879 28650 16447 282204
1500559200 5788 5545 109997 25503
1500552000 22 772 23 1435
1500544800 22 747 23 830
1500537600 22 779 23 948
1500530400 22 639 23 846
1500523200 22 604 22 604
1500516000 22 604 22 604
1500508800 22 604 22 604
1500501600 22 604 22 604
1500494400 22 604 22 604
1500487200 22 604 22 604
1500480000 22 604 22 604
1500472800 22 604 22 604
1500465600 22 604 22 604
1500458400 22 604 22 604
1500451200 22 604 22 604
1500444000 22 604 22 604
1500436800 22 604 22 604
1500429600 22 604 22 604
1500422400 22 604 22 604
1500415200 22 604 22 604
1500408000 22 604 22 604
1500400800 22 604 22 604
1500393600 22 604 22 604
1500386400 22 604 22 604
1500379200 22 604 22 604
1500372000 22 604 22 604
1500364800 22 604 22 604
1500357600 22 604 22 604
1500350400 22 604 22 604
1500343200 22 604 22 604
1500336000 22 604 22 604
1500328800 22 604 22 604
1500321600 22 604 22 604
1500314400 22 604 22 604
1500307200 22 604 22 604
1500300000 22 604 22 604
1500292800 22 604 22 604
1500285600 22 604 22 604
1500278400 22 604 22 604
1500271200 22 604 22 604
1500264000 22 604 22 604
1500256800 22 604 22 604
1500249600 22 604 22 604
1500242400 22 604 22 604
1500235200 22 604 22 604
1500228000 22 604 22 604
1500220800 22 604 22 604
1500213600 22 604 22 604
1500206400 22 604 22 604
1500199200 22 604 22 604
1500192000 22 604 22 604
1500184800 22 604 22 604
1500177600 22 604 22 604
1500170400 22 604 22 604
1500163200 22 604 22 604
1500156000 22 604 22 604
1500148800 22 604 22 604
1500141600 22 604 22 604
1500134400 22 604 22 604
1500127200 22 604 22 604
1500120000 22 604 22 604
1500112800 22 604 22 604
1500105600 22 604 22 604
1500098400 22 604 22 604
1500091200 22 604 22 604
1500084000 22 604 22 604
1500076800 22 604 22 604
1500069600 22 604 22 604
1500062400 22 604 22 604
1500055200 22 604 22 604
1500048000 22 604 22 604
1500040800 22 604 22 604
1500033600 22 604 22 604
1500026400 22 604 22 604
1500019200 22 604 22 604
1500012000 22 604 22 604
1500004800 22 604 22 604
1499997600 22 604 22 604
1499990400 22 604 22 604
1499983200 22 604 22 604
1499976000 22 604 22 604
1499968800 22 604 22 604
1499961600 22 604 22 604
1499954400 22 604 22 604
1499947200 22 604 22 604
1499940000 22 604 22 604
1499932800 22 604 22 604
1499925600 22 604 22 604
1499918400 22 604 22 604
1499911200 22 604 22 604
1499904000 22 604 22 604
1499896800 22 604 22 604
1499889600 22 604 22 604
1499882400 22 604 22 604
1499875200 22 604 22 604
1499868000 22 604 22 604
1499860800 22 604 22 604
1499853600 22 604 22 604
1499846400 22 604 22 604
1499839200 22 604 22 604
1499832000 22 604 22 604
1499824800 22 604 22 604
1499817600 22 604 22 604
1499810400 22 604 22 604
1499803200 22 604 22 604
1499796000 22 604 22 604
1499788800 22 604 22 604
1499781600 22 604 22 604
1499774400 22 604 22 604
1499767200 22 604 22 604
1499760000 22 604 22 604
1499752800 22 604 22 604
1499745600 22 604 22 604
1499738400 22 604 22 604
1499731200 22 604 22 604
1499724000 22 604 22 604
1499716800 22 604 22 604
1499709600 22 604 22 604
1499702400 22 604 22 604
1499695200 22 604 22 604
1499688000 22 604 22 604
1499680800 22 604 22 604
1499673600 22 604 22 604
1499666400 22 604 22 604
1499659200 22 604 22 604
1499652000 22 604 22 604
1499644800 22 604 22 604
1499637600 22 604 22 604
1499630400 22 604 22 604
1499623200 22 604 22 604
1499616000 22 604 22 604
1499608800 22 604 22 604
1499601600 22 604 22 604
1499594400 22 604 22 604
1499587200 22 604 22 604
1499580000 22 604 22 604
1499572800 22 604 22 604
1499565600 22 604 22 604
1499558400 22 604 22 604
1499551200 22 604 22 604
1499544000 22 604 22 604
1499536800 22 604 22 604
1499529600 22 604 22 604
1499522400 22 604 22 604
1499515200 22 604 22 604
1499508000 22 604 22 604
1499500800 22 604 22 604
1499493600 22 604 22 604
1499486400 22 604 22 604
1499479200 22 604 22 604
1499472000 22 604 22 604
1499464800 22 604 22 604
1499457600 22 604 22 604
1499450400 22 604 22 604
1499443200 22 604 22 604
1499436000 22 604 22 604
1499428800 22 604 22 604
1499421600 22 604 22 604
1499414400 22 604 22 604
1499407200 22 604 22 604
1499400000 22 604 22 604
1499392800 22 604 22 604
1499385600 22 604 22 604
1499378400 22 604 22 604
1499371200 22 604 22 604
1499364000 22 604 22 604
1499356800 22 604 22 604
1499349600 22 604 22 604
1499342400 22 604 22 604
1499335200 22 604 22 604
1499328000 22 604 22 604
1499320800 22 604 22 604
1499313600 22 604 22 604
1499306400 22 604 22 604
1499299200 22 604 22 604
1499292000 22 604 22 604
1499284800 22 604 22 604
1499277600 22 604 22 604
1499270400 22 604 22 604
1499263200 22 604 22 604
1499256000 22 604 22 604
1499248800 22 604 22 604
1499241600 22 604 22 604
1499234400 22 604 22 604
1499227200 22 604 22 604
1499220000 22 604 22 604
1499212800 22 604 22 604
1499205600 22 604 22 604
1499198400 22 604 22 604
1499191200 22 604 22 604
1499184000 22 604 22 604
1499176800 22 604 22 604
1499169600 22 604 22 604
1499162400 22 604 22 604
1499155200 22 604 22 604
1499148000 22 604 22 604
1499140800 22 604 22 604
1499133600 22 604 22 604
1499126400 22 604 22 604
1499119200 22 604 22 604
1499112000 22 604 22 604
1499104800 22 604 22 604
1499097600 22 604 22 604
1499090400 22 604 22 604
1499083200 22 604 22 604
1499076000 22 604 22 604
1499068800 22 604 22 604
1499061600 22 604 22 604
1499054400 22 604 22 604
1499047200 22 604 22 604
1499040000 22 604 22 604
1499032800 22 604 22 604
1499025600 22 604 22 604
1499018400 22 604 22 604
1499011200 22 604 22 604
1499004000 22 604 22 604
1498996800 22 604 22 604
1498989600 22 604 22 604
1498982400 22 604 22 604
1498975200 22 604 22 604
1498968000 22 604 22 604
1498960800 22 604 22 604
1498953600 22 604 22 604
1498946400 22 604 22 604
1498939200 22 604 22 604
1498932000 22 604 22 604
1498924800 22 604 22 604
1498917600 22 604 22 604
1498910400 22 604 22 604
1498903200 22 604 22 604
1498896000 22 604 22 604
1498888800 22 604 22 604
1498881600 22 604 22 604
1498874400 22 604 22 604
1498867200 22 604 22 604
1498860000 22 604 22 604
1498852800 22 604 22 604
1498845600 22 604 22 604
1498838400 22 604 22 604
1498831200 22 604 22 604
1498824000 22 604 22 604
1498816800 22 604 22 604
1498809600 22 604 22 604
1498802400 22 604 22 604
1498795200 22 604 22 604
1498788000 22 604 22 604
1498780800 22 604 22 604
1498773600 22 604 22 604
1498766400 22 604 22 604
1498759200 22 604 22 604
1498752000 22 604 22 604
1498744800 22 604 22 604
1498737600 22 604 22 604
1498730400 22 604 22 604
1498723200 22 604 22 604
1498716000 22 604 22 604
1498694400 22 604 22 604
1498608000 22 604 22 604
1498521600 22 604 22 604
1498435200 22 604 22 604
1498348800 22 604 22 604
1498262400 22 604 22 604
1498176000 22 604 22 604
1498089600 22 604 22 604
1498003200 22 604 22 604
1497916800 22 604 22 604
1497830400 22 604 22 604
1497744000 22 605 24 806
1497657600 1223 5952 110239 110560
1497571200 1030 4681 108151 387639
1497484800 22 713 22 713
1497398400 22 713 22 713
1497312000 22 713 22 713
1497225600 21 703 23 782
1497139200 21 713 23 833
1497052800 21 1046 23 4395
1496966400 1653 12385 107564 376123
1496880000 864 3269 105152 318304
1496793600 1471 9957 113131 234683
1496707200 21 1046 24 2463
1496620800 21 716 24 1508
1496534400 22 714 24 835
1496448000 854 5254 106002 303080
1496361600 788 6164 110883 455708
1496275200 1048 6762 109336 334569
1496188800 97 1797 8593 143104
1496102400 817 3766 111210 218177
1496016000 21 764 24 2404
1495929600 22 706 22 706
1495843200 1231 7526 67818 132213
1495756800 1057 4634 107049 106021
1495670400 21 1230 24 3596
1495584000 22 823 22 823
1495497600 22 823 22 823
1495411200 22 823 22 823
1495324800 22 823 22 823
1495238400 22 823 22 823
1495152000 1411 8062 123757 205367
1495065600 515 2002 106593 76640
1494979200 173 3601 3734 93141
1494892800 22 881 22 881
1494806400 22 881 22 881
1494720000 21 817 24 1080
1494633600 861 6040 58180 465642
1494547200 946 6046 110811 272565
1494460800 22 605 22 605
1494374400 22 605 22 605
1494288000 22 605 22 605
1494201600 22 605 22 605
1494115200 22 605 22 605
1494028800 22 605 22 605
1493942400 22 605 22 605
1493856000 22 605 22 605
1493769600 22 605 22 605
1493683200 22 605 22 605
1493596800 22 605 22 605
1493510400 22 605 22 605
1493424000 22 605 22 605
1493337600 22 605 22 605
1493251200 22 605 22 605
1493164800 22 605 22 605
1493078400 22 605 22 605
1492992000 22 605 22 605
1492905600 22 605 22 605
1492819200 22 605 22 605
1492732800 22 605 22 605
1492646400 22 605 22 605
1492560000 22 605 22 605
1492473600 22 605 22 605
1492387200 22 605 22 605
1492300800 22 605 22 605
1492214400 22 605 22 605
1492128000 22 605 22 605
1492041600 22 605 22 605
1491955200 22 605 22 605
1491868800 22 605 22 605
1491782400 22 605 22 605
1491696000 22 605 22 605
1491609600 22 605 22 605
1491523200 22 605 22 605
1491436800 22 605 22 605
1491350400 22 605 22 605
1491264000 22 605 22 605
1491177600 21 567 24 619
1491091200 21 559 54 1469
1491004800 318 2956 4478 29924
1490918400 559 5370 8131 67619
1490832000 22 1074 24 3259
1490745600 736 7669 12380 165702
1490659200 74 750 74 750
1490572800 74 750 74 750
1490486400 74 750 74 750
1490400000 74 750 74 750
1490313600 74 750 74 750
1490227200 74 750 74 750
1490140800 74 750 74 750
1490054400 74 750 74 750
1489968000 74 750 74 750
1489881600 74 750 74 750
1489795200 74 750 74 750
1489708800 74 750 74 750
1489622400 596 6378 10138 127048
1489536000 21 881 23 2662
1489449600 22 938 24 2248
1489363200 22 529 23 654
1489276800 22 545 24 806
1489190400 475 4635 7111 69591
1489104000 588 5793 13792 149569
1489017600 732 8013 12522 155374
1488931200 675 6658 9686 86186
1488844800 21 1061 24 45159
1488758400 21 591 24 993
1488672000 21 574 24 693
1488585600 679 5900 11547 138436
1488499200 397 3681 6823 79344
1488412800 619 6360 7812 88074
1488326400 630 6436 15888 185631
1488240000 27 1026 29 2399
1488153600 27 620 30 748
1488067200 27 580 30 757
1487980800 891 9389 8187 92052
1487894400 525 5028 10881 113563
1487808000 26 903 30 2034
1487721600 558 4556 11480 89161
1487635200 27 576 29 690
1487548800 27 577 29 683
1487462400 27 577 29 691
1487376000 675 6413 12130 146961
1487289600 488 4269 5291 47980
1487203200 653 6434 8208 98249
1487116800 22 535 22 535
1487030400 22 535 22 535
1486944000 22 535 22 535
1486857600 22 535 22 535
1486771200 22 535 22 535
1486684800 22 535 22 535
1486598400 22 535 22 535
1486512000 22 535 22 535
1486425600 22 535 22 535
1486339200 22 535 22 535
1486252800 22 535 22 535
1486166400 22 535 22 535
1486080000 22 535 22 535
1485993600 22 535 22 535
1485907200 22 535 22 535
1485820800 21 733 23 2419
1485734400 22 413 23 857
1485648000 22 419 23 1845
1485561600 610 5113 10933 81768
1485475200 594 6912 17100 313712
1485388800 507 4968 9273 101494
1485302400 776 6914 10044 91962
1485216000 21 635 24 1934
1485129600 21 358 24 462
1485043200 22 375 24 576
1484956800 545 5226 9453 105949
1484870400 721 7600 9399 117765
1484784000 531 5098 8773 91116
1484697600 306 2822 8097 69467
1484611200 21 650 24 1582
1484524800 22 369 24 502
1484438400 21 452 24 832
1484352000 592 5548 7914 72887
1484265600 632 6277 6800 74605
1484179200 21 751 23 2140
1484092800 819 8215 8373 97072
1484006400 693 5500 11969 101057
1483920000 22 268 23 346
1483833600 21 308 23 603
1483747200 848 8786 14480 127716
1483660800 419 3771 14844 177749
1483574400 22 671 451 5816
1483488000 718 5817 17161 93316
1483401600 21 300 24 383
1483315200 21 300 24 385
1483228800 21 300 24 383
1483142400 622 8163 25014 443998
1483056000 22 511 24 1282
1482969600 22 432 40 2335
1482883200 22 265 22 265
1482796800 22 265 22 265
1482710400 21 262 24 317
1482624000 22 261 24 322
1482537600 361 3333 12307 114401
1482451200 433 3989 11513 121250
1482364800 502 4367 8066 86567
1482278400 79 1132 3940 29124
1482192000 392 3261 6577 74683
1482105600 3 67 60 589
1482019200 0 0 0 0
1481932800 0 0 0 0
1481846400 0 0 0 0
1481760000 0 0 0 0
1481673600 0 0 0 0
1481587200 0 0 0 0
1481500800 0 0 0 0
1481414400 0 0 0 0
1481328000 0 0 0 0
1481241600 0 0 0 0
1481155200 0 0 0 0
1481068800 0 0 0 0
1480982400 0 0 0 0
1480896000 0 0 0 0
1480809600 0 0 0 0
1480723200 0 0 0 0
1480636800 0 0 0 0
1480550400 0 0 0 0
1480464000 0 0 0 0
1480377600 0 0 0 0
1480291200 0 0 0 0
1480204800 0 0 0 0
1480118400 0 0 0 0
1480032000 0 0 0 0
1479945600 0 0 0 0
1479859200 0 0 0 0
1479772800 0 0 0 0
1479686400 0 0 0 0
1479600000 0 0 0 0
1479513600 0 0 0 0
1479427200 0 0 0 0
1479340800 0 0 0 0
1479254400 0 0 0 0
1479168000 0 0 0 0
1479081600 0 0 0 0
1478995200 0 0 0 0
1478908800 0 0 0 0
1478822400 0 0 0 0
1478736000 0 0 0 0
1478649600 0 0 0 0
1478563200 0 0 0 0
1478476800 0 0 0 0
1478390400 0 0 0 0
1478304000 0 0 0 0
1478217600 0 0 0 0
1478131200 0 0 0 0
1478044800 0 0 0 0
1477958400 0 0 0 0
1477872000 0 0 0 0
1477785600 0 0 0 0
1477699200 0 0 0 0
1477612800 0 0 0 0
1477526400 0 0 0 0
1477440000 0 0 0 0
1477353600 0 0 0 0
1477267200 0 0 0 0
1477180800 0 0 0 0
1477094400 0 0 0 0
1477008000 0 0 0 0
1476921600 0 0 0 0
1476835200 0 0 0 0
1476748800 0 0 0 0
1476662400 0 0 0 0
1476576000 0 0 0 0
1476489600 0 0 0 0
1476403200 0 0 0 0
1476316800 0 0 0 0
1476230400 0 0 0 0
1476144000 0 0 0 0
1476057600 0 0 0 0
1475971200 0 0 0 0
1475884800 0 0 0 0
1475798400 0 0 0 0
1475712000 0 0 0 0
1475625600 0 0 0 0
1475539200 0 0 0 0
1475452800 0 0 0 0
1475366400 0 0 0 0
1475280000 0 0 0 0
1475193600 0 0 0 0
1475107200 0 0 0 0
1475020800 0 0 0 0
1474934400 0 0 0 0
1474848000 0 0 0 0
1474761600 0 0 0 0
1474675200 0 0 0 0
1474588800 0 0 0 0
1474502400 0 0 0 0
1474416000 0 0 0 0
1474329600 0 0 0 0
1474243200 0 0 0 0
1474156800 0 0 0 0
1474070400 0 0 0 0
1473984000 0 0 0 0
1473897600 0 0 0 0
1473811200 0 0 0 0
1473724800 0 0 0 0
1473638400 0 0 0 0
1473552000 0 0 0 0
1473465600 0 0 0 0
1473379200 0 0 0 0
1473292800 0 0 0 0
1473206400 0 0 0 0
1473120000 0 0 0 0
1473033600 0 0 0 0
1472947200 0 0 0 0
1472860800 0 0 0 0
1472774400 0 0 0 0
1472688000 0 0 0 0
1472601600 0 0 0 0
1472515200 0 0 0 0
1472428800 0 0 0 0
1472342400 0 0 0 0
1472256000 0 0 0 0
1472169600 0 0 0 0
1472083200 0 0 0 0
1471996800 0 0 0 0
1471910400 0 0 0 0
1471824000 0 0 0 0
1471737600 0 0 0 0
1471651200 0 0 0 0
1471564800 0 0 0 0
1471478400 0 0 0 0
1471392000 0 0 0 0
1471305600 0 0 0 0
1471219200 0 0 0 0
1471132800 0 0 0 0
1471046400 0 0 0 0
1470960000 0 0 0 0
1470873600 0 0 0 0
1470787200 0 0 0 0
1470700800 0 0 0 0
1470614400 0 0 0 0
1470528000 0 0 0 0
1470441600 0 0 0 0
1470355200 0 0 0 0
1470268800 0 0 0 0
1470182400 0 0 0 0
1470096000 0 0 0 0
1470009600 0 0 0 0
1469923200 0 0 0 0
1469836800 0 0 0 0
1469750400 0 0 0 0
1469664000 0 0 0 0
1469577600 0 0 0 0
1469491200 0 0 0 0
1469404800 0 0 0 0
1469318400 0 0 0 0
1469232000 0 0 0 0
1469145600 0 0 0 0
1469059200 0 0 0 0
1468972800 0 0 0 0
1468886400 0 0 0 0
1468800000 0 0 0 0
1468713600 0 0 0 0
1468627200 0 0 0 0
1468540800 0 0 0 0
1468454400 0 0 0 0
1468368000 0 0 0 0
1468281600 0 0 0 0
1468195200 0 0 0 0
1468108800 0 0 0 0
1468022400 0 0 0 0
1467936000 0 0 0 0
1467849600 0 0 0 0
1467763200 0 0 0 0
1467676800 0 0 0 0
1467590400 0 0 0 0
1467504000 0 0 0 0
1467417600 0 0 0 0
1467331200 0 0 0 0
1467244800 0 0 0 0
1467158400 0 0 0 0
1467072000 0 0 0 0
1466985600 0 0 0 0
1466899200 0 0 0 0
1466812800 0 0 0 0
1466726400 0 0 0 0
1466640000 0 0 0 0
1466553600 0 0 0 0
1466467200 0 0 0 0
1466380800 0 0 0 0
1466294400 0 0 0 0
1466208000 0 0 0 0
1466121600 0 0 0 0
1466035200 0 0 0 0
1465948800 0 0 0 0
1465862400 0 0 0 0
1465776000 0 0 0 0
1465689600 0 0 0 0
1465603200 0 0 0 0
1465516800 0 0 0 0
1465430400 0 0 0 0
1465344000 0 0 0 0
1465257600 0 0 0 0
1465171200 0 0 0 0
1465084800 0 0 0 0
1464998400 0 0 0 0
1464912000 0 0 0 0
1464825600 0 0 0 0
1464739200 0 0 0 0
1464652800 0 0 0 0
1464566400 0 0 0 0
1464480000 0 0 0 0
1464393600 0 0 0 0
1464307200 0 0 0 0
1464220800 0 0 0 0
1464134400 0 0 0 0
1464048000 0 0 0 0
1463961600 0 0 0 0
1463875200 0 0 0 0
1463788800 0 0 0 0
1463702400 0 0 0 0
1463616000 0 0 0 0
1463529600 0 0 0 0
1463443200 0 0 0 0
1463356800 0 0 0 0
1463270400 0 0 0 0
1463184000 0 0 0 0
1463097600 0 0 0 0
1463011200 0 0 0 0
1462924800 0 0 0 0
1462838400 0 0 0 0
1462752000 0 0 0 0
1462665600 0 0 0 0
1462579200 0 0 0 0
1462492800 0 0 0 0
1462406400 0 0 0 0
1462320000 0 0 0 0
1462233600 0 0 0 0
1462147200 0 0 0 0
1462060800 0 0 0 0
1461974400 0 0 0 0
1461888000 0 0 0 0
1461801600 0 0 0 0
1461715200 0 0 0 0
1461628800 0 0 0 0
1461542400 0 0 0 0
1461456000 0 0 0 0
1461369600 0 0 0 0
1461283200 0 0 0 0
1461196800 0 0 0 0
1461110400 0 0 0 0
1461024000 0 0 0 0
1460937600 0 0 0 0
1460851200 0 0 0 0
1460764800 0 0 0 0
1460678400 0 0 0 0
1460592000 0 0 0 0
1460505600 0 0 0 0
1460419200 0 0 0 0
1460332800 0 0 0 0
1460246400 0 0 0 0
1460160000 0 0 0 0
1460073600 0 0 0 0
1459987200 0 0 0 0
1459900800 0 0 0 0
1459814400 0 0 0 0
1459728000 0 0 0 0
1459641600 0 0 0 0
1459555200 0 0 0 0
1459468800 0 0 0 0
1459382400 0 0 0 0
1459296000 0 0 0 0
1459209600 0 0 0 0
1459123200 0 0 0 0
1459036800 0 0 0 0
1458950400 0 0 0 0
1458864000 0 0 0 0
1458777600 0 0 0 0
1458691200 0 0 0 0
1458604800 0 0 0 0
1458518400 0 0 0 0
1458432000 0 0 0 0
1458345600 0 0 0 0
1458259200 0 0 0 0
1458172800 0 0 0 0
1458086400 0 0 0 0
1458000000 0 0 0 0
1457913600 0 0 0 0
1457827200 0 0 0 0
1457740800 0 0 0 0
1457654400 0 0 0 0
1457568000 0 0 0 0
1457481600 0 0 0 0
1457395200 0 0 0 0
1457308800 0 0 0 0
1457222400 0 0 0 0
1457136000 0 0 0 0
1457049600 0 0 0 0
1456963200 0 0 0 0
1456876800 0 0 0 0
1456790400 0 0 0 0
1456704000 0 0 0 0
1456617600 0 0 0 0
1456531200 0 0 0 0
1456444800 0 0 0 0
1456358400 0 0 0 0
1456272000 0 0 0 0
1456185600 0 0 0 0
1456099200 0 0 0 0
1456012800 0 0 0 0
1455926400 0 0 0 0
1455840000 0 0 0 0
1455753600 0 0 0 0
1455667200 0 0 0 0
1455580800 0 0 0 0
1455494400 0 0 0 0
1455408000 0 0 0 0
1455321600 0 0 0 0
1455235200 0 0 0 0
1455148800 0 0 0 0
1455062400 0 0 0 0
1454976000 0 0 0 0
1454889600 0 0 0 0
1454803200 0 0 0 0
1454716800 0 0 0 0
1454630400 0 0 0 0
1454544000 0 0 0 0
1454457600 0 0 0 0
1454371200 0 0 0 0
1454284800 0 0 0 0
1454198400 0 0 0 0
1454112000 0 0 0 0
1454025600 0 0 0 0
1453939200 0 0 0 0
1453852800 0 0 0 0
1453766400 0 0 0 0
1453680000 0 0 0 0
1453593600 0 0 0 0
1453507200 0 0 0 0
1453420800 0 0 0 0
1453334400 0 0 0 0
1453248000 0 0 0 0
1453161600 0 0 0 0
1453075200 0 0 0 0
1452988800 0 0 0 0
1452902400 0 0 0 0
1452816000 0 0 0 0
1452729600 0 0 0 0
1452643200 0 0 0 0
1452556800 0 0 0 0
1452470400 0 0 0 0
1452384000 0 0 0 0
1452297600 0 0 0 0
1452211200 0 0 0 0
1452124800 0 0 0 0
1452038400 0 0 0 0
1451952000 0 0 0 0
1451865600 0 0 0 0
1451779200 0 0 0 0
1451692800 0 0 0 0
1451606400 0 0 0 0
1451520000 0 0 0 0
1451433600 0 0 0 0
1451347200 0 0 0 0
1451260800 0 0 0 0
1451174400 0 0 0 0
1451088000 0 0 0 0
1451001600 0 0 0 0
1450915200 0 0 0 0
1450828800 0 0 0 0
1450742400 0 0 0 0
1450656000 0 0 0 0
1450569600 0 0 0 0
1450483200 0 0 0 0
1450396800 0 0 0 0
1450310400 0 0 0 0
1450224000 0 0 0 0
1450137600 0 0 0 0
1450051200 0 0 0 0
1449964800 0 0 0 0
1449878400 0 0 0 0
1449792000 0 0 0 0
1449705600 0 0 0 0
1449619200 0 0 0 0
1449532800 0 0 0 0
1449446400 0 0 0 0
1449360000 0 0 0 0
1449273600 0 0 0 0
1449187200 0 0 0 0
1449100800 0 0 0 0
1449014400 0 0 0 0
1448928000 0 0 0 0
1448841600 0 0 0 0
1448755200 0 0 0 0
1448668800 0 0 0 0
1448582400 0 0 0 0
1448496000 0 0 0 0
1448409600 0 0 0 0
1448323200 0 0 0 0
1448236800 0 0 0 0
1448150400 0 0 0 0
1448064000 0 0 0 0
1447977600 0 0 0 0
1447891200 0 0 0 0
1447804800 0 0 0 0
1447718400 0 0 0 0
1447632000 0 0 0 0
1447545600 0 0 0 0
1447459200 0 0 0 0
1447372800 0 0 0 0
1447286400 0 0 0 0
1447200000 0 0 0 0
1447113600 0 0 0 0
1447027200 0 0 0 0
1446940800 0 0 0 0
1446854400 0 0 0 0
1446768000 0 0 0 0
1446681600 0 0 0 0
1446595200 0 0 0 0
1446508800 0 0 0 0
1446422400 0 0 0 0
1446336000 0 0 0 0
1446249600 0 0 0 0
1446163200 0 0 0 0
1446076800 0 0 0 0
1445990400 0 0 0 0
1445904000 0 0 0 0
1445817600 0 0 0 0
1445731200 0 0 0 0
1445644800 0 0 0 0
1445558400 0 0 0 0
1445472000 0 0 0 0
1445385600 0 0 0 0
1445299200 0 0 0 0
1445212800 0 0 0 0
1445126400 0 0 0 0
1445040000 0 0 0 0
1444953600 0 0 0 0
1444867200 0 0 0 0
1444780800 0 0 0 0
1444694400 0 0 0 0
1444608000 0 0 0 0
1444521600 0 0 0 0
1444435200 0 0 0 0
1444348800 0 0 0 0
1444262400 0 0 0 0
1444176000 0 0 0 0
1444089600 0 0 0 0
1444003200 0 0 0 0
1443916800 0 0 0 0
1443830400 0 0 0 0
1443744000 0 0 0 0
1443657600 0 0 0 0
1443571200 0 0 0 0
1443484800 0 0 0 0
1443398400 0 0 0 0
1443312000 0 0 0 0
1443225600 0 0 0 0
1443139200 0 0 0 0
1443052800 0 0 0 0
1442966400 0 0 0 0
1442880000 0 0 0 0
1442793600 0 0 0 0
1442707200 0 0 0 0
1442620800 0 0 0 0
1442534400 0 0 0 0
1442448000 0 0 0 0
1442361600 0 0 0 0
1442275200 0 0 0 0
1442188800 0 0 0 0
1442102400 0 0 0 0
1442016000 0 0 0 0
1441929600 0 0 0 0
1441843200 0 0 0 0
1441756800 0 0 0 0
1441670400 0 0 0 0
1441584000 0 0 0 0
1441497600 0 0 0 0
1441411200 0 0 0 0
1441324800 0 0 0 0
1441238400 0 0 0 0
1441152000 0 0 0 0
1441065600 0 0 0 0
1440979200 0 0 0 0
1440892800 0 0 0 0
1440806400 0 0 0 0
1440720000 0 0 0 0
1440633600 0 0 0 0
1440547200 0 0 0 0
1440460800 0 0 0 0
1440374400 0 0 0 0
1440288000 0 0 0 0
1440201600 0 0 0 0
1440115200 0 0 0 0
1440028800 0 0 0 0
1439942400 0 0 0 0
1439856000 0 0 0 0
1439769600 0 0 0 0
1439683200 0 0 0 0
1439596800 0 0 0 0
1439510400 0 0 0 0
1439424000 0 0 0 0
1439337600 0 0 0 0
1439251200 0 0 0 0
1439164800 0 0 0 0
1439078400 0 0 0 0
1438992000 0 0 0 0
1438905600 0 0 0 0
1438819200 0 0 0 0
1438732800 0 0 0 0
1438646400 0 0 0 0
1438560000 0 0 0 0
1438473600 0 0 0 0
1438387200 0 0 0 0
1438300800 0 0 0 0
1438214400 0 0 0 0
1438128000 0 0 0 0
1438041600 0 0 0 0
1437955200 0 0 0 0
1437868800 0 0 0 0
1437782400 0 0 0 0
1437696000 0 0 0 0
1437609600 0 0 0 0
1437523200 0 0 0 0
1437436800 0 0 0 0
1437350400 0 0 0 0
1437264000 0 0 0 0
1437177600 0 0 0 0
1437091200 0 0 0 0
1437004800 0 0 0 0
1436918400 0 0 0 0
1436832000 0 0 0 0
1436745600 0 0 0 0
1436659200 0 0 0 0
1436572800 0 0 0 0
1436486400 0 0 0 0
1436400000 0 0 0 0
1436313600 0 0 0 0
1436227200 0 0 0 0
1436140800 0 0 0 0
1436054400 0 0 0 0
1435968000 0 0 0 0
1435881600 0 0 0 0
1435795200 0 0 0 0
1435708800 0 0 0 0
1435622400 0 0 0 0
1435536000 0 0 0 0
