1504297339 14432421572 31566572422
1504297339 22 901 22 901
1504297039 22 960 22 960
1504296900 22 1109 23 1283
1504296600 22 1239 23 1283
1504296300 22 1210 22 1234
1504296000 22 1206 22 1234
1504295700 22 1467 24 1802
1504295400 22 1464 24 1802
1504295100 21 1207 22 1361
1504294800 22 1454 22 1563
1504294500 22 1254 23 1563
1504294200 22 973 23 1057
1504293900 22 1032 22 1057
1504293600 22 1011 22 1018
1504293300 22 995 22 1018
1504293000 22 1044 22 1131
1504292700 22 1200 22 1280
1504292400 22 1259 22 1280
1504292100 22 1164 23 1236
1504291800 22 1078 23 1082
1504291500 22 1129 22 1193
1504291200 22 1181 22 1193
1504290900 22 1199 22 1235
1504290600 22 1227 22 1235
1504290300 22 1323 23 1445
1504290000 22 1341 23 1445
1504289700 22 1332 23 1459
1504289400 22 1406 23 1459
1504289100 22 1251 22 1347
1504288800 22 1095 22 1141
1504288500 22 1034 22 1043
1504288200 22 999 22 1025
1504287900 22 973 22 979
1504287600 22 1122 22 1288
1504287300 22 1253 24 1288
1504287000 22 1208 24 1215
1504286700 21 1296 22 1408
1504286400 22 1293 22 1408
1504286100 22 1151 22 1160
1504285800 22 1177 22 1218
1504285500 22 1179 22 1218
1504285200 22 1137 22 1140
1504284900 22 1122 23 1140
1504284600 22 1155 23 1217
1504284300 22 1276 22 1345
1504284000 22 1237 22 1345
1504283700 22 1171 22 1238
1504283400 22 1124 22 1238
1504283100 22 1022 22 1054
1504282800 22 1082 22 1115
1504282500 22 1127 23 1142
1504282200 22 1142 23 1144
1504281900 22 1177 22 1215
1504281600 22 1170 24 1215
1504281300 23 1246 24 1396
1504281000 21 1298 22 1396
1504280700 21 1153 23 1186
1504280400 23 1187 24 1270
1504280100 22 1194 24 1270
1504279800 21 1149 22 1197
1504279500 22 1197 22 1198
1504279200 22 1306 24 1430
1504278900 24 1497 24 1575
1504278600 22 1305 24 1575
1504278300 21 1102 22 1230
1504278000 22 1302 23 1386
1504277700 22 1271 23 1386
1504277400 21 1127 22 1139
1504277100 22 1196 22 1293
1504276800 22 1244 23 1293
1504276500 22 1085 23 1188
1504276200 22 1138 22 1336
1504275900 22 1222 22 1336
1504275600 22 1278 22 1495
1504275300 22 1627 22 1780
1504275000 22 1474 22 1780
1504274700 22 1088 22 1125
1504274400 22 1191 22 1358
1504274100 22 1453 22 1565
1504273800 22 1374 22 1565
1504273500 22 1175 22 1200
1504273200 22 1261 22 1331
1504272900 22 1519 22 1737
1504272600 22 1638 22 1737
1504272300 22 1511 22 1524
1504272000 22 1299 22 1496
1504271700 22 1280 22 1523
1504271400 22 1558 23 1599
1504271100 25 1585 29 1599
1504270800 22 1042 29 1570
1504270500 18 634 22 860
1504270200 22 735 22 860
1504269900 22 766 22 970
1504269600 22 765 22 970
1504269300 22 773 22 1055
1504269000 22 947 22 1055
1504268700 22 675 22 824
1504268400 22 532 22 565
1504268100 22 556 23 565
1504267800 22 505 23 546
1504267500 22 506 22 560
1504267200 22 639 22 732
1504266900 22 640 22 732
1504266600 22 502 22 534
1504266300 22 460 22 467
1504266000 22 421 22 453
1504265700 22 420 22 460
1504265400 22 474 23 492
1504265100 22 432 23 492
1504264800 22 404 22 450
1504264500 22 448 22 450
1504264200 22 404 22 447
1504263900 22 412 22 479
1504263600 22 466 22 479
1504263300 22 416 22 452
1504263000 22 424 22 482
1504262700 22 455 22 482
1504262400 22 437 23 451
1504262100 22 472 23 497
1504261800 22 462 22 497
1504261500 22 427 22 432
1504261200 22 443 23 457
1504260900 22 451 23 457
1504260600 22 417 22 446
1504260300 22 423 22 469
1504260000 22 424 22 469
1504259700 22 385 22 401
1504259400 22 451 22 509
1504259100 22 437 22 509
1504258800 22 375 23 401
1504258500 22 433 23 470
1504258200 22 432 22 470
1504257900 22 401 22 417
1504257600 22 437 22 461
1504257300 22 427 22 461
1504257000 22 387 22 389
1504256700 22 415 22 450
1504256400 22 425 22 450
1504256100 22 404 22 413
1504255800 22 438 22 467
1504255500 22 421 22 467
1504255200 22 388 22 410
1504254900 22 408 22 410
1504254600 22 403 22 406
1504254300 22 442 22 492
1504254000 22 457 22 492
1504253700 22 429 22 442
1504253400 22 405 23 442
1504253100 22 372 23 383
1504252800 22 377 22 383
1504252500 22 401 22 435
1504252200 22 413 22 435
1504251900 22 383 22 388
1504251600 22 393 22 412
1504251300 22 400 22 412
1504251000 22 401 23 418
1504250700 22 431 23 447
1504250400 22 444 22 447
1504250100 22 424 22 442
1504249800 22 408 23 414
1504249500 22 389 23 414
1504249200 22 387 23 418
1504248900 22 443 23 472
1504248600 22 439 22 472
1504248300 22 394 22 402
1504248000 22 413 23 446
1504247700 22 402 23 446
1504247400 22 381 23 414
1504247100 22 429 23 448
1504246800 22 432 22 448
1504246500 22 432 22 452
1504246200 22 434 22 452
1504245900 22 402 22 414
1504245600 22 414 22 443
1504245300 22 433 22 443
1504245000 22 423 22 425
1504244700 22 418 22 425
1504244400 22 412 22 413
1504244100 22 405 22 413
1504243800 22 430 23 470
1504243500 22 453 23 470
1504243200 22 441 22 449
1504242900 22 439 22 449
1504242600 22 425 22 428
1504242300 22 409 22 422
1504242000 22 414 22 437
1504241700 22 435 22 437
1504241400 22 422 22 433
1504241100 22 410 22 411
1504240800 22 391 22 411
1504240500 22 387 22 408
1504240200 22 444 23 486
1504239900 22 450 23 486
1504239600 22 415 23 423
1504239300 22 471 23 527
1504239000 22 453 22 527
1504238700 22 377 22 388
1504238400 22 451 22 526
1504238100 22 442 22 526
1504237800 22 398 23 460
1504237500 22 446 23 460
1504237200 22 401 22 430
1504236900 22 390 22 416
1504236600 22 436 22 459
1504236300 22 459 22 460
1504236000 22 448 22 460
1504235700 22 420 22 436
1504235400 22 406 23 411
1504235100 22 419 23 430
1504234800 22 396 22 430
1504234500 22 392 22 431
1504234200 22 448 22 468
1504233900 22 418 22 468
1504233600 22 397 22 438
1504233300 22 445 22 454
1504233000 22 409 22 454
1504232700 22 386 22 421
1504232400 22 451 22 486
1504232100 22 444 22 486
1504231800 22 389 22 397
1504231500 22 412 22 449
1504231200 22 416 22 449
1504230900 22 378 22 380
1504230600 22 430 22 491
1504230300 22 447 22 491
1504230000 22 379 22 397
1504229700 22 441 22 535
1504229400 22 473 23 535
1504229100 22 407 23 413
1504228800 22 428 22 447
1504228500 22 407 22 447
1504228200 22 387 22 417
1504227900 22 427 22 439
1504227600 22 419 22 439
1504227300 22 406 22 417
1504227000 22 443 22 473
1504226700 22 442 22 473
1504226400 22 414 23 423
1504226100 22 434 23 447
1504225800 22 426 22 447
1504225500 22 429 22 458
1504225200 22 457 22 458
1504224900 22 443 23 457
1504224600 22 439 23 451
1504224300 22 440 22 451
1504224000 22 427 22 428
1504223700 22 448 22 473
1504223400 22 437 22 473
1504223100 22 416 22 439
1504222800 22 454 22 472
1504222500 22 427 22 472
1504222200 22 416 22 463
1504221900 22 451 22 463
1504221600 22 416 22 439
1504221300 22 390 22 390
1504221000 22 423 22 461
1504220700 22 440 22 461
1504220400 22 416 22 416
1504220100 22 439 22 466
1504219800 22 425 22 466
1504219500 22 394 22 414
1504219200 22 424 22 436
1504218900 22 433 22 436
1504218600 22 446 22 465
1504218300 22 469 23 475
1504218000 22 436 23 475
1504217700 21 427 22 469
1504217400 22 423 22 469
1504217100 22 409 22 454
1504216800 22 437 22 454
1504216500 22 399 22 418
1504216200 22 454 22 541
1504215900 22 590 22 647
1504215600 22 582 22 647
1504215300 22 538 23 574
1504215000 22 581 23 591
1504214700 21 568 22 591
1504214400 22 630 22 731
1504214100 22 704 22 731
1504213800 22 737 22 810
1504213500 22 901 22 1008
1504213200 22 1018 22 1030
1504212900 22 1171 22 1335
1504212600 22 1309 22 1335
1504212300 22 1166 22 1281
1504212000 22 1017 22 1034
1504211700 22 1148 22 1322
1504211400 22 1357 22 1399
1504211100 1546 3349 3289 5579
1504210800 6037 8980 9178 12868
1504210500 7876 11982 9178 12868
1504210200 5641 10172 6369 10957
1504209900 3278 5866 4798 9263
1504209600 3777 5265 6395 9126
1504209300 6866 10339 7406 11727
1504209000 6920 12281 7406 12915
1504208700 8657 18578 11278 25051
1504208400 8100 18048 11278 25051
1504208100 3362 7005 4468 10046
1504207800 4091 6231 6369 9317
1504207500 4302 7086 6369 9317
1504207200 7677 5925 14358 7573
1504206900 20569 10534 27669 13920
1504206600 20850 13859 27669 13920
1504206300 9791 12018 12953 13790
1504206000 4265 6831 6178 9993
1504205700 2226 3257 2393 3302
1504205400 2835 5118 3348 7222
1504205100 2826 5895 3348 7222
1504204800 11214 7895 21629 11992
1504204500 24828 14805 28535 18064
1504204200 18100 14270 28535 18064
1504203900 6689 11316 7285 12917
1504203600 7480 11756 7704 12917
1504203300 7354 11380 7704 12466
1504203000 6649 11190 6954 12466
1504202700 6306 8952 6318 9713
1504202400 6362 9449 6414 11024
1504202100 6834 10904 7316 11024
1504201800 7063 9777 7316 10768
1504201500 7069 11761 7412 15372
1504201200 7499 13042 7601 15372
1504200900 7247 10026 7601 10345
1504200600 6579 10052 6839 10511
1504200300 7167 13133 8197 16172
1504200000 8865 16818 9639 17567
1504199700 9096 16589 9639 17567
1504199400 8408 16653 8469 18020
1504199100 8731 17630 9186 18020
1504198800 8655 16420 9186 17180
1504198500 7038 13301 8041 15540
1504198200 3386 6958 5878 10708
1504197900 1642 4704 2946 7092
1504197600 3238 7083 3577 7092
1504197300 5198 9622 7076 12575
1504197000 6768 11716 7076 12575
1504196700 5903 11127 6418 11580
1504196400 5693 13544 6141 15821
1504196100 5315 12029 6141 15821
1504195800 4376 8220 4395 8896
1504195500 59908 6994 123352 8896
1504195200 66033 3638 123352 4822
1504194900 1603 4582 2851 7243
1504194600 4521 9372 6457 11839
1504194300 5550 9915 6457 11839
1504194000 5228 8872 6061 10227
1504193700 6549 10909 7116 11699
1504193400 7156 11415 7204 11699
1504193100 8143 11401 9232 11765
1504192800 5241 11108 9232 11765
1504192500 2986 10686 5621 11060
1504192200 5396 10232 5621 11060
1504191900 5729 9215 6412 9286
1504191600 5959 9496 6412 9912
1504191300 7491 15504 9865 21982
1504191000 8092 16532 9865 21982
1504190700 6039 9538 6067 10304
1504190400 7108 9561 8368 10601
1504190100 7898 10251 8368 10601
1504189800 6375 9891 7354 9944
1504189500 5920 9770 6695 9944
1504189200 7404 12820 8226 16583
1504188900 7947 18110 8226 19879
1504188600 5373 14011 7624 19879
1504188300 3398 7026 4121 7215
1504188000 5527 9220 7135 11973
1504187700 6652 10286 7135 11973
1504187400 5020 10101 6102 12094
1504187100 3174 8717 3784 12094
1504186800 3075 5455 3751 6130
1504186500 5815 10333 8175 15138
1504186200 7469 14592 8175 15138
1504185900 6046 11997 6664 13969
1504185600 6171 9304 7133 9715
1504185300 7177 8506 7229 8836
1504185000 6299 7371 7229 8125
1504184700 5175 7183 5238 7963
1504184400 5778 20323 6550 34450
1504184100 7483 25947 8551 34450
1504183800 4570 9238 8551 16231
1504183500 22 1105 22 1248
1504183200 22 1005 22 1078
1504182900 22 976 22 1078
1504182600 22 1047 22 1264
1504182300 22 1021 22 1264
1504182000 22 1110 23 1540
1504181700 30 1421 38 1540
1504181400 35 1114 38 1286
1504181100 32 856 32 916
1504180800 32 791 33 795
1504180500 31 813 33 834
1504180200 32 851 35 871
1504179900 33 839 35 871
1504179600 32 810 32 821
1504179300 32 811 33 821
1504179000 32 815 33 832
1504178700 32 816 34 832
1504178400 32 852 34 914
1504178100 31 824 33 914
1504177800 33 768 33 823
1504177500 33 828 33 834
1504177200 33 859 33 889
1504176900 31 865 33 889
1504176600 31 844 35 852
1504176300 33 814 35 852
1504176000 31 786 32 805
1504175700 32 799 33 805
1504175400 31 812 33 833
1504175100 32 798 35 833
1504174800 32 808 35 864
1504174500 30 835 33 864
1504174200 32 811 33 822
1504173900 32 800 32 822
1504173600 32 803 33 836
1504173300 31 842 33 849
1504173000 31 842 34 849
1504172700 32 820 34 834
1504172400 31 821 32 840
1504172100 32 791 33 840
1504171800 32 772 33 816
1504171500 31 824 33 835
1504171200 32 812 33 835
1504170900 31 800 33 816
1504170600 32 820 33 826
1504170300 31 780 32 826
1504170000 32 776 34 831
1504169700 31 817 34 831
1504169400 31 814 35 828
1504169100 33 815 35 828
1504168800 31 802 32 805
1504168500 32 793 33 805
1504168200 31 773 33 780
1504167900 31 810 34 863
1504167600 32 824 34 863
1504167300 31 806 33 837
1504167000 32 840 33 844
1504166700 31 797 32 844
1504166400 32 779 34 820
1504166100 31 799 34 820
1504165800 30 823 33 879
1504165500 32 829 33 879
1504165200 32 785 32 801
1504164900 32 798 33 801
1504164600 31 813 33 835
1504164300 31 795 34 835
1504164000 32 805 34 870
1504163700 32 840 34 870
1504163400 33 802 34 806
1504163100 32 796 32 798
1504162800 32 809 34 827
1504162500 31 809 34 827
1504162200 30 792 33 797
1504161900 32 827 33 863
1504161600 32 794 32 863
1504161300 32 772 34 836
1504161000 31 828 34 836
1504160700 31 776 35 819
1504160400 33 816 35 919
1504160100 32 862 34 919
1504159800 33 796 34 798
1504159500 31 793 32 798
1504159200 32 808 34 831
1504158900 31 795 34 831
1504158600 31 796 35 846
1504158300 33 817 35 846
1504158000 31 802 32 822
1504157700 32 779 33 822
1504157400 31 795 33 871
1504157100 31 917 34 970
1504156800 38 1168 43 1399
1504156500 33 957 43 1399
1504156200 22 489 22 539
1504155900 28 548 36 560
1504155600 29 564 36 569
1504155300 28 580 35 594
1504155000 28 579 35 594
1504154700 28 532 35 563
1504154400 28 527 35 561
1504154100 28 570 35 581
1504153800 28 560 35 581
1504153500 27 563 34 595
1504153200 29 594 34 595
1504152900 23 554 24 593
1504152600 29 550 38 597
1504152300 30 583 38 597
1504152000 28 568 35 568
1504151700 28 571 35 576
1504151400 28 599 35 627
1504151100 28 567 35 627
1504150800 28 567 35 647
1504150500 28 597 35 647
1504150200 28 584 36 634
1504149900 29 604 36 634
1504149600 27 588 34 609
1504149300 28 594 34 609
1504149000 28 593 37 612
1504148700 30 584 37 612
1504148400 27 598 34 650
1504148100 28 615 34 650
1504147800 22 565 23 575
1504147500 28 584 35 619
1504147200 28 620 35 623
1504146900 28 590 36 623
1504146600 29 568 36 586
1504146300 28 614 35 648
1504146000 28 591 35 648
1504145700 29 575 37 632
1504145400 30 628 37 632
1504145100 28 592 36 625
1504144800 29 579 36 607
1504144500 28 607 37 608
1504144200 30 579 37 608
1504143900 27 593 33 648
1504143600 27 641 33 648
1504143300 28 595 36 635
1504143000 29 590 36 638
1504142700 22 626 23 638
1504142400 29 616 36 620
1504142100 29 604 36 620
1504141800 28 615 36 648
1504141500 29 600 36 648
1504141200 28 597 36 658
1504140900 29 616 36 658
1504140600 28 617 35 673
1504140300 28 610 35 673
1504140000 28 573 36 613
1504139700 29 611 36 613
1504139400 28 653 35 704
1504139100 29 643 35 704
1504138800 22 599 23 627
1504138500 21 624 23 627
1504138200 22 586 23 621
1504137900 21 558 22 571
1504137600 22 607 23 649
1504137300 22 591 23 649
1504137000 22 587 23 660
1504136700 22 623 23 660
1504136400 21 562 22 581
1504136100 21 583 23 631
1504135800 22 620 23 631
1504135500 22 581 22 609
1504135200 22 600 22 660
1504134900 22 615 22 660
1504134600 22 546 22 565
1504134300 22 555 23 591
1504134000 22 612 23 637
1504133700 22 597 23 637
1504133400 22 598 23 652
1504133100 22 624 22 652
1504132800 22 551 22 593
1504132500 22 561 22 629
1504132200 21 640 22 654
1504131900 21 619 23 654
1504131600 22 599 23 622
1504131300 22 588 23 622
1504131000 22 614 23 690
1504130700 22 671 22 690
1504130400 22 615 22 649
1504130100 22 588 22 603
1504129800 22 654 22 715
1504129500 22 641 22 715
1504129200 22 614 22 682
1504128900 22 688 22 695
1504128600 22 737 22 787
1504128300 22 1476 22 2276
1504128000 22 1759 22 2276
1504127700 22 959 23 1161
1504127400 22 797 23 879
1504127100 22 863 22 879
1504126800 22 830 22 845
1504126500 22 1047 23 1319
1504126200 22 1304 23 1319
1504125900 22 1170 22 1288
1504125600 22 983 22 1036
1504125300 22 1032 22 1159
1504125000 1532 2903 3282 4924
1504124700 4062 5655 4955 6491
1504124400 4092 5952 4955 6491
1504124100 4936 9418 7072 14155
1504123800 6738 12315 7072 14155
1504123500 4756 7780 6358 10213
1504123200 2553 5580 2902 6295
1504122900 3919 7774 5970 9488
1504122600 5459 9673 5970 9889
1504122300 5272 9021 5734 9889
1504122000 6070 8469 6455 8973
1504121700 6024 8100 6455 8973
1504121400 6324 9918 7241 13178
1504121100 7137 12542 7241 13178
1504120800 6366 9664 7017 11807
1504120500 5643 8425 5665 9808
1504120200 6548 12433 7571 15474
1504119900 7739 16882 7932 18493
1504119600 7406 15185 7932 18493
1504119300 6102 9681 6806 11406
1504119000 5375 7599 5465 7711
1504118700 5528 8477 5602 9629
1504118400 3986 7411 5602 9629
1504118100 1492 3927 2140 4877
1504117800 696 2550 742 2828
1504117500 630 2181 643 2230
1504117200 1087 3302 2581 5315
1504116000 1861 3850 5620 8248
1504114200 6120 10224 10761 16180
1504112400 7207 156765 20538 614481
1504110600 12322 10496 106055 15524
1504108800 14002 8069 106055 12968
1504107000 2855 5877 5514 9974
1504105200 2831 8872 6951 22303
1504103400 2724 4924 4994 10042
1504101600 152 1541 1727 3986
1504099800 4381 7489 6540 8935
1504098000 1993 3992 7869 13493
1504096200 22 952 23 1151
1504094400 22 720 23 1128
1504092600 22 606 23 643
1504090800 22 610 23 676
1504089000 22 646 23 741
1504087200 22 583 23 636
1504085400 22 602 22 680
1504083600 22 580 22 652
1504081800 22 603 22 638
1504080000 22 595 23 638
1504078200 22 598 23 662
1504076400 22 587 23 662
1504074600 22 580 23 655
1504072800 22 583 23 612
1504071000 22 590 23 631
1504069200 22 583 23 604
1504067400 22 586 23 608
1504065600 22 583 23 615
1504063800 22 589 23 621
1504062000 22 599 23 631
1504060200 22 610 23 756
1504058400 22 621 23 793
1504056600 22 607 23 743
1504054800 22 593 22 693
1504053000 22 602 22 653
1504051200 22 588 23 667
1504049400 22 589 23 642
1504047600 22 585 22 621
1504045800 22 603 23 657
1504044000 22 763 23 1211
1504042200 22 795 22 871
1504040400 335 1822 4087 9218
1504038600 2977 6312 4087 9218
1504036800 3532 7228 8091 13355
1504035000 95 1948 987 3172
1504033200 2687 6079 7297 19461
1504031400 22 1431 23 1776
1504029600 22 1516 23 1946
1504027800 1847 7776 4354 15771
1504026000 549 2432 1355 3945
1504024200 10890 3834 123986 8016
1504022400 18070 12748 123986 17429
1504020600 6117 10133 7810 14476
1504018800 6897 14322 13380 43728
1504017000 5132 23046 13380 43728
1504015200 4272 7287 7298 11284
1504013400 3306 6329 5613 11055
1504011600 22 1193 23 1426
1504009800 22 931 23 1172
1504008000 22 770 23 1310
1504006200 22 615 23 868
1504004400 21 539 23 598
1504002600 21 562 23 613
1504000800 22 557 23 577
1503999000 21 546 23 610
1503997200 22 554 23 610
1503995400 21 554 23 606
1503993600 22 553 23 580
1503991800 22 560 23 640
1503990000 22 544 23 588
1503988200 22 550 23 622
1503986400 22 555 23 596
1503984600 22 542 22 578
1503982800 22 536 23 589
1503981000 22 539 23 676
1503979200 22 539 23 659
1503977400 22 527 23 572
1503975600 22 555 22 594
1503973800 22 557 23 616
1503972000 22 563 22 626
1503970200 22 565 23 637
1503968400 22 565 23 626
1503966600 22 566 23 603
1503964800 22 574 22 632
1503963000 22 564 22 609
1503961200 22 572 23 629
1503959400 22 749 23 1385
1503957600 22 823 23 1385
1503955800 22 900 23 1283
1503954000 4165 3435 30668 11376
1503952200 30971 21383 59841 38337
1503950400 10235 7666 59841 19995
1503948600 10308 8920 33474 17710
1503946800 7336 13909 20383 27442
1503945000 2724 5429 6776 12710
1503943200 4658 7324 9861 11673
1503941400 19436 8233 61844 17594
1503939600 20224 10035 51082 17762
1503937800 14248 9996 44381 17744
1503936000 4027 7482 9393 13903
1503934200 26203 16476 48528 22197
1503932400 10465 8898 34456 13587
1503930600 7444 11754 17520 13604
1503928800 4365 8861 7537 13197
1503927000 6663 9565 9063 12081
1503925200 4109 5697 8449 11952
1503923400 22 803 23 1147
1503921600 22 532 22 835
1503919800 22 441 23 479
1503918000 22 464 23 486
1503916200 22 420 23 449
1503914400 22 425 23 445
1503912600 22 427 22 479
1503910800 22 419 22 475
1503909000 22 419 23 471
1503907200 22 421 23 446
1503905400 22 423 23 448
1503903600 22 421 23 456
1503901800 22 422 23 486
1503900000 22 419 23 454
1503898200 22 426 23 472
1503896400 22 426 22 484
1503894600 22 420 23 464
1503892800 22 460 23 516
1503891000 22 467 23 513
1503889200 22 468 23 515
1503887400 22 467 23 495
1503885600 22 467 22 500
1503883800 22 469 23 502
1503882000 22 467 23 491
1503880200 22 467 22 508
1503878400 22 466 22 529
1503876600 22 470 22 532
1503874800 22 466 23 506
1503873000 22 472 23 532
1503871200 22 470 23 503
1503869400 22 471 23 507
1503867600 22 470 22 525
1503865800 22 469 23 523
1503864000 21 464 23 511
1503862200 21 476 23 523
1503860400 21 466 23 521
1503858600 22 421 23 451
1503856800 22 420 22 444
1503855000 22 427 23 484
1503853200 21 425 23 458
1503851400 22 418 23 460
1503849600 22 425 23 492
1503847800 22 425 22 477
1503846000 22 435 22 485
1503844200 22 423 22 458
1503842400 22 418 22 469
1503840600 22 429 23 473
1503838800 22 422 23 458
1503837000 22 434 22 487
1503835200 22 418 22 454
1503833400 22 429 23 462
1503831600 22 422 23 458
1503829800 22 423 22 456
1503828000 22 424 22 472
1503826200 22 429 23 481
1503824400 22 426 23 457
1503822600 22 423 22 457
1503820800 22 424 22 460
1503819000 22 430 23 464
1503817200 22 425 23 468
1503815400 22 425 22 465
1503813600 22 421 22 462
1503811800 22 423 23 447
1503810000 22 427 23 465
1503808200 22 420 23 454
1503806400 22 418 23 453
1503804600 22 425 22 461
1503802800 22 421 23 446
1503801000 22 420 23 452
1503799200 22 418 23 464
1503797400 22 428 23 472
1503795600 22 424 22 466
1503793800 22 425 23 453
1503792000 22 423 23 463
1503790200 22 423 23 463
1503788400 22 422 22 466
1503786600 22 425 23 446
1503784800 22 421 23 444
1503783000 22 431 22 477
1503781200 22 422 22 447
1503779400 22 420 23 443
1503777600 22 421 23 446
1503775800 22 432 23 465
1503774000 22 426 22 482
1503772200 22 422 23 487
1503770400 22 424 23 493
1503768600 22 427 23 498
1503766800 22 430 23 456
1503765000 22 421 22 443
1503763200 22 423 23 448
1503761400 22 421 23 443
1503759600 22 424 23 443
1503757800 22 426 23 476
1503756000 22 419 23 445
1503754200 22 429 23 475
1503752400 22 424 23 454
1503750600 22 424 23 458
1503748800 22 419 22 444
1503747000 22 427 23 480
1503745200 22 422 22 472
1503743400 22 420 23 464
1503741600 22 428 22 459
1503739800 22 431 23 477
1503738000 22 422 23 455
1503736200 22 421 23 458
1503734400 22 425 23 455
1503732600 22 424 23 447
1503730800 22 426 23 467
1503729000 22 424 23 476
1503727200 21 421 23 464
1503725400 22 429 23 487
1503723600 21 420 23 447
1503721800 22 427 23 463
1503720000 22 468 23 534
1503718200 21 468 23 506
1503716400 21 473 23 513
1503714600 22 467 23 491
1503712800 22 467 23 511
1503711000 22 475 23 538
1503709200 22 467 22 503
1503707400 22 465 22 498
1503705600 22 471 23 498
1503703800 22 465 23 503
1503702000 21 439 23 460
1503700200 22 457 22 539
1503698400 22 524 22 608
1503696600 22 601 22 756
1503694800 1027 1615 3267 3504
1503693000 5184 8250 6930 11331
1503691200 3916 6306 5901 11061
1503689400 5071 9177 6331 15611
1503687600 4450 8335 8003 14778
1503685800 6066 8608 7670 10565
1503684000 4601 7662 8056 12848
1503682200 6116 12613 9531 25083
1503680400 5783 9418 7626 12861
1503678600 6545 9663 20034 12823
1503676800 7824 10632 20034 13416
1503675000 2686 5432 6107 10113
1503673200 2578 4759 5252 8830
1503671400 3748 6991 7309 11690
1503669600 1390 4000 3012 8291
1503667800 1176 3984 3360 13805
1503666000 2298 6786 9176 24715
1503664200 22 947 23 1306
1503662400 21 699 25 1141
1503660600 22 599 23 690
1503658800 21 567 23 586
1503657000 22 562 23 577
1503655200 22 568 23 608
1503653400 22 580 23 636
1503651600 22 566 23 647
1503649800 22 567 23 629
1503648000 22 563 22 614
1503646200 22 576 23 645
1503644400 22 572 23 679
1503642600 22 573 23 684
1503640800 22 568 23 632
1503639000 22 579 22 667
1503637200 22 571 23 613
1503635400 22 586 23 687
1503633600 22 561 23 592
1503631800 22 582 23 625
1503630000 22 567 23 638
1503628200 22 564 22 611
1503626400 22 567 23 600
1503624600 22 593 23 740
1503622800 22 547 22 619
1503621000 22 562 23 619
1503619200 22 543 23 569
1503617400 22 554 23 613
1503615600 22 550 23 641
1503613800 22 629 23 992
1503612000 22 698 23 997
1503610200 22 988 23 1164
1503608400 1904 3092 7941 11011
1503606600 7833 11866 9672 15252
1503604800 3581 6075 9460 11918
1503603000 4978 8374 6794 13048
1503601200 5520 8924 8659 17463
1503599400 1935 4209 3929 8677
1503597600 4430 8237 5197 10882
1503595800 6101 15181 6864 19581
1503594000 1983 4323 5682 10469
1503592200 16214 5092 27826 6637
1503590400 9857 11085 27826 12356
1503588600 6120 10451 6331 12356
1503586800 7302 14528 7665 16106
1503585000 3779 6807 7665 16106
1503583200 3060 5078 3403 5906
1503581400 5742 10160 6928 19032
1503579600 6201 17127 6928 19032
1503577800 22 901 22 901
1503576000 22 712 22 901
1503574200 22 590 22 685
1503572400 22 588 22 599
1503570600 22 603 22 610
1503568800 22 607 22 610
1503567000 22 601 22 601
1503565200 22 601 22 601
1503563400 22 602 22 611
1503561600 22 611 22 611
1503559800 22 586 22 611
1503558000 22 576 22 576
1503556200 22 583 22 584
1503554400 22 573 22 584
1503552600 22 581 22 587
1503550800 22 589 22 596
1503549000 22 596 22 596
1503547200 22 595 22 596
1503545400 22 615 22 624
1503543600 22 608 22 612
1503541800 22 612 22 628
1503540000 22 616 22 631
1503538200 22 635 23 650
1503536400 22 617 22 650
1503534600 22 597 22 628
1503532800 22 591 22 615
1503531000 22 599 23 622
1503529200 22 598 22 607
1503527400 22 635 23 679
1503525600 22 659 22 737
1503523800 21 851 23 1023
1503522000 22 977 22 1109
1503520200 3570 7390 6628 14997
1503518400 6216 10177 7046 13097
1503516600 6816 60161 12512 186059
1503514800 4298 22598 12512 88310
1503513000 4203 16755 10333 68035
1503511200 4496 7489 6106 10126
1503509400 7011 8297 8678 10667
1503507600 6683 10543 8911 14307
1503505800 25585 6451 182925 11253
1503504000 10620 5706 182925 11253
1503502200 3815 9457 7039 30236
1503500400 5155 11310 7769 19878
1503498600 2180 4769 5481 10450
1503496800 3060 6805 5310 13286
1503495000 1840 5960 3130 15388
1503493200 3466 7141 10914 22045
1503491400 22 857 23 1098
1503489600 22 734 23 1272
1503487800 22 558 23 603
1503486000 22 523 22 581
1503484200 22 527 23 568
1503482400 22 527 23 558
1503480600 22 538 23 594
1503478800 22 529 22 594
1503477000 22 567 23 615
1503475200 22 574 23 619
1503473400 22 586 23 612
1503471600 22 582 22 637
1503469800 22 578 23 617
1503468000 22 581 23 618
1503466200 22 591 22 636
1503464400 22 584 23 621
1503462600 22 601 22 709
1503460800 22 626 22 749
1503459000 22 554 22 610
1503457200 22 541 22 584
1503455400 22 529 23 563
1503453600 22 544 22 610
1503451800 22 549 24 610
1503450000 22 537 22 579
1503448200 22 529 22 571
1503446400 22 566 22 719
1503444600 22 590 22 719
1503442800 22 596 22 809
1503441000 22 611 22 658
1503439200 22 673 23 790
1503437400 22 1065 22 1453
1503435600 22 1244 23 1443
1503433800 578 2099 4348 7087
1503432000 2920 7097 6458 11490
1503430200 1849 4864 2174 7784
1503428400 3080 5532 10164 11830
1503426600 1113 2901 2545 3597
1503424800 3489 7900 4615 12184
1503423000 4271 9994 6332 18324
1503421200 2894 6088 7714 11628
1503419400 6889 5983 30776 9787
1503417600 8481 10130 30776 13097
1503415800 5744 8435 7202 10131
1503414000 3384 8405 6923 17439
1503412200 6173 11854 7823 22926
1503410400 4144 7713 8882 12533
1503408600 6924 10130 8882 13647
1503406800 6103 9998 15247 31979
1503405000 21 1129 23 1755
1503403200 21 709 23 1256
1503401400 22 682 23 809
1503399600 22 613 22 782
1503397800 22 679 23 840
1503396000 22 594 23 840
1503394200 22 612 23 681
1503392400 22 590 22 647
1503390600 22 590 23 638
1503388800 22 577 23 625
1503387000 22 594 23 644
1503385200 22 587 23 617
1503383400 22 600 23 630
1503381600 22 579 24 645
1503379800 21 589 23 631
1503378000 22 605 22 634
1503376200 22 589 23 624
1503374400 22 581 23 611
1503372600 22 591 23 650
1503370800 22 585 23 641
1503369000 22 586 23 654
1503367200 22 624 23 706
1503365400 22 602 23 654
1503363600 21 584 23 622
1503361800 22 594 23 641
1503360000 22 615 23 720
1503358200 22 652 23 905
1503356400 22 596 23 638
1503354600 22 632 23 726
1503352800 22 671 23 845
1503351000 22 843 23 1267
1503349200 287 1326 2577 3256
1503347400 3087 5649 4736 9217
1503345600 240 1364 3465 6149
1503343800 337 1662 3046 5385
1503342000 2567 5274 5491 11166
1503340200 6031 11465 7744 14516
1503338400 5799 8692 7123 10176
1503336600 5918 9079 7627 12692
1503334800 6182 12016 7972 19251
1503333000 13123 4888 111551 11064
1503331200 13230 14813 111551 26833
1503329400 4909 11089 9064 26179
1503327600 1430 3276 5377 9196
1503325800 5345 10500 6960 16300
1503324000 602 2571 1898 7815
1503322200 22 470 22 470
1503320400 22 470 22 470
1503318600 22 470 22 470
1503316800 22 470 22 470
1503315000 22 470 22 470
1503313200 22 470 22 470
1503311400 22 470 22 470
1503309600 22 470 22 470
1503307800 22 470 22 470
1503306000 22 470 22 470
1503304200 22 470 22 470
1503302400 22 470 22 470
1503300600 22 470 22 470
1503298800 22 470 22 470
1503297000 22 470 22 470
1503295200 22 470 22 470
1503293400 22 470 22 470
1503291600 22 470 22 470
1503289800 22 470 22 470
1503288000 22 470 22 470
1503286200 22 470 22 470
1503284400 22 470 22 470
1503282600 22 470 22 470
1503280800 22 470 22 470
1503279000 22 470 22 470
1503277200 22 470 22 470
1503275400 22 470 22 470
1503273600 22 470 22 470
1503271800 22 470 22 470
1503270000 22 470 22 470
1503268200 22 470 22 470
1503266400 22 470 22 470
1503264600 22 470 22 470
1503262800 22 470 22 470
1503261000 22 470 22 470
1503259200 22 470 22 470
1503257400 22 470 22 470
1503255600 22 470 22 470
1503253800 22 470 22 470
1503252000 22 470 22 470
1503250200 22 470 22 470
1503248400 22 470 22 470
1503246600 22 470 22 470
1503244800 22 470 22 470
1503243000 22 470 22 470
1503241200 22 470 22 470
1503239400 22 470 22 470
1503237600 22 470 22 470
1503235800 22 470 22 470
1503234000 22 470 22 470
1503232200 22 470 22 470
1503230400 22 470 22 470
1503228600 22 470 22 470
1503226800 22 470 22 470
1503225000 22 470 22 470
1503223200 22 470 22 470
1503221400 22 470 22 470
1503219600 22 470 22 470
1503217800 22 470 22 470
1503216000 22 470 22 470
1503214200 22 470 22 470
1503212400 22 470 22 470
1503210600 22 470 22 470
1503208800 22 470 22 470
1503207000 22 470 22 470
1503205200 22 470 22 470
1503203400 22 470 22 470
1503201600 22 470 22 470
1503199800 22 470 22 470
1503198000 22 470 22 470
1503196200 22 470 22 470
1503194400 22 470 22 470
1503192600 22 470 22 470
1503190800 22 470 22 470
1503189000 22 470 22 470
1503187200 22 470 22 470
1503185400 22 470 22 470
1503183600 22 470 22 470
1503181800 22 470 22 470
1503180000 22 470 22 470
1503178200 22 470 22 470
1503176400 22 470 22 470
1503174600 22 470 22 470
1503172800 22 470 22 470
1503171000 22 470 22 470
1503169200 22 470 22 470
1503167400 22 470 22 470
1503165600 22 470 22 470
1503163800 22 470 22 470
1503162000 22 470 22 470
1503160200 22 470 22 470
1503158400 22 470 22 470
1503156600 22 470 22 470
1503154800 22 470 22 470
1503153000 22 470 22 470
1503151200 22 470 22 470
1503149400 22 470 22 470
1503147600 22 470 22 470
1503145800 22 470 22 470
1503144000 22 470 22 470
1503142200 22 470 22 470
1503140400 22 470 22 470
1503138600 22 470 22 470
1503136800 22 470 22 470
1503135000 22 470 22 470
1503133200 22 470 22 470
1503131400 22 470 22 470
1503129600 22 470 22 470
1503127800 22 470 22 470
1503126000 22 470 22 470
1503124200 22 470 22 470
1503122400 22 470 22 470
1503120600 22 470 22 470
1503118800 22 470 22 470
1503117000 22 470 22 470
1503115200 22 470 22 470
1503113400 22 470 22 470
1503111600 22 470 22 470
1503109800 22 470 22 470
1503108000 22 470 22 470
1503106200 22 470 22 470
1503104400 22 470 22 470
1503102600 22 470 22 470
1503100800 22 470 22 470
1503099000 22 470 22 470
1503097200 22 470 22 470
1503095400 22 470 22 470
1503093600 22 470 22 470
1503091800 22 470 22 470
1503090000 22 470 22 470
1503088200 22 470 22 470
1503086400 22 470 22 470
1503084600 22 470 22 470
1503082800 22 470 22 470
1503081000 22 470 22 470
1503079200 22 470 22 470
1503077400 22 470 22 470
1503075600 22 470 22 470
1503073800 22 470 22 470
1503072000 22 470 22 470
1503070200 22 470 22 470
1503068400 22 470 22 470
1503066600 22 470 22 470
1503064800 22 470 22 470
1503063000 22 470 22 470
1503061200 22 470 22 470
1503059400 22 470 22 470
1503057600 22 470 22 470
1503055800 22 470 22 470
1503054000 22 470 22 470
1503052200 22 470 22 470
1503050400 22 470 22 470
1503048600 22 470 22 470
1503046800 22 470 22 470
1503045000 22 470 22 470
1503043200 22 470 22 470
1503041400 22 470 22 470
1503039600 22 470 22 470
1503037800 22 470 22 470
1503036000 22 470 22 470
1503028800 22 470 22 470
1503021600 22 470 22 470
1503014400 22 470 22 470
1503007200 22 470 22 470
1503000000 22 470 22 470
1502992800 22 470 22 470
1502985600 22 470 22 470
1502978400 22 470 22 470
1502971200 22 470 22 470
1502964000 22 470 22 470
1502956800 22 470 22 470
1502949600 22 470 22 470
1502942400 22 470 22 470
1502935200 22 470 22 470
1502928000 22 470 22 470
1502920800 22 470 22 470
1502913600 22 470 22 470
1502906400 22 470 22 470
1502899200 22 470 22 470
1502892000 22 470 22 470
1502884800 22 470 22 470
1502877600 22 470 22 470
1502870400 22 470 22 470
1502863200 22 470 22 470
1502856000 22 470 22 470
1502848800 22 470 22 470
1502841600 22 470 22 470
1502834400 22 470 22 470
1502827200 22 470 22 470
1502820000 22 470 22 470
1502812800 22 470 22 470
1502805600 22 470 22 470
1502798400 22 470 22 470
1502791200 22 470 22 470
1502784000 22 470 22 470
1502776800 22 470 22 470
1502769600 22 470 22 470
1502762400 22 470 22 470
1502755200 22 470 22 470
1502748000 22 470 22 470
1502740800 22 470 22 470
1502733600 22 470 22 470
1502726400 22 470 22 470
1502719200 22 470 22 470
1502712000 22 470 22 470
1502704800 22 470 22 470
1502697600 22 470 22 470
1502690400 22 470 22 470
1502683200 22 470 22 470
1502676000 22 470 22 470
1502668800 22 470 22 470
1502661600 22 470 22 470
1502654400 22 470 22 470
1502647200 22 470 22 470
1502640000 22 470 22 470
1502632800 22 470 22 470
1502625600 22 470 22 470
1502618400 22 470 22 470
1502611200 22 470 22 470
1502604000 22 470 22 470
1502596800 22 470 22 470
1502589600 22 470 22 470
1502582400 22 470 22 470
1502575200 22 470 22 470
1502568000 22 470 22 470
1502560800 22 470 22 470
1502553600 22 470 22 470
1502546400 22 470 22 470
1502539200 22 470 22 470
1502532000 22 470 22 470
1502524800 22 470 22 470
1502517600 22 470 22 470
1502510400 22 470 22 470
1502503200 22 470 22 470
1502496000 22 470 22 470
1502488800 22 470 22 470
1502481600 22 470 22 470
1502474400 22 470 22 470
1502467200 22 470 22 470
1502460000 22 470 22 470
1502452800 22 470 22 470
1502445600 22 470 22 470
1502438400 22 470 22 470
1502431200 22 470 22 470
1502424000 22 470 22 470
1502416800 22 470 22 470
1502409600 22 470 22 470
1502402400 22 470 22 470
1502395200 22 470 22 470
1502388000 22 470 22 470
1502380800 22 470 22 470
1502373600 22 470 22 470
1502366400 22 470 22 470
1502359200 22 470 22 470
1502352000 22 470 22 470
1502344800 22 470 22 470
1502337600 22 470 22 470
1502330400 22 470 22 470
1502323200 22 470 22 470
1502316000 22 470 22 470
1502308800 22 470 22 470
1502301600 22 470 22 470
1502294400 22 470 22 470
1502287200 22 470 22 470
1502280000 22 470 22 470
1502272800 22 470 22 470
1502265600 22 470 22 470
1502258400 22 470 22 470
1502251200 22 470 22 470
1502244000 22 470 22 470
1502236800 22 470 22 470
1502229600 22 470 22 470
1502222400 22 470 22 470
1502215200 22 470 22 470
1502208000 22 470 22 470
1502200800 22 470 22 470
1502193600 22 470 22 470
1502186400 22 470 22 470
1502179200 22 470 22 470
1502172000 22 470 22 470
1502164800 22 470 22 470
1502157600 22 470 22 470
1502150400 22 470 22 470
1502143200 22 470 22 470
1502136000 22 470 22 470
1502128800 22 470 22 470
1502121600 22 470 22 470
1502114400 22 470 22 470
1502107200 22 470 22 470
1502100000 22 470 22 470
1502092800 22 470 22 470
1502085600 22 470 22 470
1502078400 22 470 22 470
1502071200 22 470 22 470
1502064000 22 470 22 470
1502056800 22 470 22 470
1502049600 22 470 22 470
1502042400 22 470 22 470
1502035200 22 470 22 470
1502028000 22 470 22 470
1502020800 22 470 22 470
1502013600 22 470 22 470
1502006400 22 470 22 470
1501999200 22 470 22 470
1501992000 22 470 22 470
1501984800 22 470 22 470
1501977600 22 470 22 470
1501970400 22 470 22 470
1501963200 22 470 22 470
1501956000 22 470 22 470
1501948800 22 470 22 470
1501941600 22 470 22 470
1501934400 22 470 22 470
1501927200 22 470 22 470
1501920000 22 470 22 470
1501912800 22 470 22 470
1501905600 22 470 22 470
1501898400 22 470 22 470
1501891200 22 470 22 470
1501884000 22 470 22 470
1501876800 22 470 22 470
1501869600 22 470 22 470
1501862400 22 470 22 470
1501855200 22 470 22 470
1501848000 22 470 22 470
1501840800 22 470 22 470
1501833600 22 470 22 470
1501826400 22 470 22 470
1501819200 22 470 22 470
1501812000 22 470 22 470
1501804800 22 470 22 470
1501797600 22 470 22 470
1501790400 22 470 22 470
1501783200 22 470 22 470
1501776000 22 470 22 470
1501768800 22 470 22 470
1501761600 22 470 22 470
1501754400 22 470 22 470
1501747200 22 470 22 470
1501740000 22 470 22 470
1501732800 22 470 22 470
1501725600 22 470 22 470
1501718400 22 470 22 470
1501711200 22 470 22 470
1501704000 22 470 22 470
1501696800 22 470 22 470
1501689600 22 470 22 470
1501682400 22 470 22 470
1501675200 22 470 22 470
1501668000 22 470 22 470
1501660800 22 470 22 470
1501653600 22 470 22 470
1501646400 22 470 22 470
1501639200 22 470 22 470
1501632000 22 470 22 470
1501624800 22 470 22 470
1501617600 22 470 22 470
1501610400 22 470 22 470
1501603200 22 470 22 470
1501596000 22 470 22 470
1501588800 22 470 22 470
1501581600 22 470 22 470
1501574400 22 470 22 470
1501567200 22 470 22 470
1501560000 22 470 22 470
1501552800 22 470 22 470
1501545600 22 470 22 470
1501538400 22 470 22 470
1501531200 22 470 22 470
1501524000 22 470 22 470
1501516800 22 470 22 470
1501509600 22 470 22 470
1501502400 22 470 22 470
1501495200 22 470 22 470
1501488000 22 470 22 470
1501480800 22 470 22 470
1501473600 22 470 22 470
1501466400 22 470 22 470
1501459200 22 470 22 470
1501452000 22 470 22 470
1501444800 22 470 22 470
1501437600 22 470 22 470
1501430400 22 470 22 470
1501423200 22 470 22 470
1501416000 22 470 22 470
1501408800 22 470 22 470
1501401600 22 470 22 470
1501394400 22 470 22 470
1501387200 22 470 22 470
1501380000 22 470 22 470
1501372800 22 470 22 470
1501365600 22 470 22 470
1501358400 22 470 22 470
1501351200 22 470 22 470
1501344000 22 470 22 470
1501336800 22 470 22 470
1501329600 22 470 22 470
1501322400 22 470 22 470
1501315200 22 470 22 470
1501308000 22 470 22 470
1501300800 22 470 22 470
1501293600 22 470 22 470
1501286400 22 470 22 470
1501279200 22 470 22 470
1501272000 22 470 22 470
1501264800 22 470 22 470
1501257600 22 470 22 470
1501250400 22 470 22 470
1501243200 22 470 22 470
1501236000 22 470 22 470
1501228800 22 470 22 470
1501221600 22 470 22 470
1501214400 22 470 22 470
1501207200 22 470 22 470
1501200000 22 470 22 470
1501192800 22 470 22 470
1501185600 22 470 22 470
1501178400 22 470 22 470
1501171200 22 470 22 470
1501164000 22 470 22 470
1501156800 22 470 22 470
1501149600 22 470 22 470
1501142400 22 470 22 470
1501135200 22 470 22 470
1501128000 22 470 22 470
1501120800 22 470 22 470
1501113600 22 470 22 470
1501106400 22 470 22 470
1501099200 22 470 22 470
1501092000 22 470 22 470
1501084800 22 470 22 470
1501077600 22 470 22 470
1501070400 22 470 22 470
1501063200 22 470 22 470
1501056000 22 470 22 470
1501048800 22 470 22 470
1501041600 22 470 22 470
1501034400 22 470 22 470
1501027200 22 470 22 470
1501020000 22 470 22 470
1501012800 22 470 22 470
1501005600 22 470 22 470
1500998400 22 470 22 470
1500991200 22 470 22 470
1500984000 22 470 22 470
1500976800 22 470 22 470
1500969600 22 470 22 470
1500962400 22 470 22 470
1500955200 22 470 22 470
1500948000 22 470 22 470
1500940800 22 470 22 470
1500933600 22 470 22 470
1500926400 22 470 22 470
1500919200 22 470 22 470
1500912000 22 470 22 470
1500904800 22 470 22 470
1500897600 22 470 22 470
1500890400 22 470 22 470
1500883200 22 470 22 470
1500876000 22 470 22 470
1500868800 22 470 22 470
1500861600 22 470 22 470
1500854400 22 470 22 470
1500847200 22 470 22 470
1500840000 22 470 22 470
1500832800 22 470 22 470
1500825600 22 470 22 470
1500818400 22 470 22 470
1500811200 22 470 22 470
1500804000 22 470 22 470
1500796800 22 470 22 470
1500789600 22 470 22 470
1500782400 22 470 22 470
1500775200 22 470 22 470
1500768000 22 470 22 470
1500760800 22 470 22 470
1500753600 22 470 22 470
1500746400 22 470 22 470
1500739200 22 470 22 470
1500732000 22 470 22 470
1500724800 22 469 22 470
1500717600 22 469 22 475
1500710400 22 462 22 475
1500703200 22 458 22 465
1500696000 22 464 22 473
1500688800 22 465 22 476
1500681600 22 525 22 844
1500674400 271 1192 2315 5112
1500667200 3363 7465 7146 15551
1500660000 5190 22631 111503 379545
1500652800 3881 8191 111503 149957
1500645600 5409 7113 90369 149957
1500638400 22 768 23 843
1500631200 21 734 23 792
1500624000 22 740 23 858
1500616800 22 758 23 879
1500609600 22 751 23 903
1500602400 22 754 24 845
1500595200 22 787 23 961
1500588000 49 1441 268 2356
1500580800 62 1758 204 2143
1500573600 259 2025 4262 7215
1500566400 111 1773 1263 3017
1500559200 110 1595 419 2376
1500552000 21 773 23 1437
1500544800 22 747 23 835
1500537600 21 779 23 990
1500530400 21 775 23 874
1500523200 21 799 23 874
1500516000 22 767 24 830
1500508800 21 811 24 957
1500501600 1327 4245 8088 22906
1500494400 2006 5484 7764 22906
1500487200 2616 5852 15494 23209
1500480000 867 3270 5441 10065
1500472800 1011 2352 8043 13545
1500465600 22 615 22 615
1500458400 22 615 22 615
1500451200 22 615 22 615
1500444000 22 615 22 615
1500436800 22 615 22 615
1500429600 22 615 22 615
1500422400 22 615 22 615
1500415200 22 615 22 615
1500408000 22 615 22 615
1500400800 22 615 22 615
1500393600 22 615 22 615
1500386400 22 615 22 615
1500379200 22 615 22 615
1500372000 22 615 22 615
1500364800 22 615 22 615
1500357600 22 615 22 615
1500350400 22 615 22 615
1500343200 22 615 22 615
1500336000 22 615 22 615
1500328800 22 615 22 615
1500321600 22 615 22 615
1500314400 22 615 22 615
1500307200 22 615 22 615
1500300000 22 615 22 615
1500292800 22 615 22 615
1500285600 22 615 22 615
1500278400 22 615 22 615
1500271200 22 615 22 615
1500264000 22 615 22 615
1500256800 22 615 22 615
1500249600 22 615 22 615
1500242400 22 615 22 615
1500235200 22 615 22 615
1500228000 22 615 22 615
1500220800 22 615 22 615
1500213600 22 615 22 615
1500206400 22 615 22 615
1500199200 22 615 22 615
1500192000 22 615 22 615
1500184800 22 615 22 615
1500177600 22 615 22 615
1500170400 22 615 22 615
1500163200 22 615 22 615
1500156000 22 615 22 615
1500148800 22 615 22 615
1500141600 22 615 22 615
1500134400 22 615 22 615
1500127200 22 615 22 615
1500120000 22 615 22 615
1500112800 22 615 22 615
1500105600 22 615 22 615
1500098400 22 615 22 615
1500091200 22 615 22 615
1500084000 22 615 22 615
1500076800 22 615 22 615
1500069600 22 615 22 615
1500062400 22 615 22 615
1500055200 22 615 22 615
1500048000 22 615 22 615
1500040800 22 615 22 615
1500033600 22 615 22 615
1500026400 22 615 22 615
1500019200 22 615 22 615
1500012000 22 615 22 615
1500004800 22 615 22 615
1499997600 22 615 22 615
1499990400 22 615 22 615
1499983200 22 615 22 615
1499976000 22 615 22 615
1499968800 22 615 22 615
1499961600 22 615 22 615
1499954400 22 615 22 615
1499947200 22 615 22 615
1499940000 22 615 22 615
1499932800 22 615 22 615
1499925600 22 615 22 615
1499918400 22 615 22 615
1499911200 22 615 22 615
1499904000 22 615 22 615
1499896800 22 615 22 615
1499889600 22 615 22 615
1499882400 22 615 22 615
1499875200 22 615 22 615
1499868000 22 615 22 615
1499860800 22 615 22 615
1499853600 22 615 22 615
1499846400 22 615 22 615
1499839200 22 615 22 615
1499832000 22 615 22 615
1499824800 22 615 22 615
1499817600 22 615 22 615
1499810400 22 615 22 615
1499803200 22 615 22 615
1499796000 22 615 22 615
1499788800 22 615 22 615
1499781600 22 615 22 615
1499774400 22 615 22 615
1499767200 22 615 22 615
1499760000 22 615 22 615
1499752800 22 615 22 615
1499745600 22 615 22 615
1499738400 22 615 22 615
1499731200 22 615 22 615
1499724000 22 615 22 615
1499716800 22 615 22 615
1499709600 22 615 22 615
1499702400 22 615 22 615
1499695200 22 615 22 615
1499688000 22 615 22 615
1499680800 22 615 22 615
1499673600 22 615 22 615
1499666400 22 615 22 615
1499659200 22 615 22 615
1499652000 22 615 22 615
1499644800 22 615 22 615
1499637600 22 615 22 615
1499630400 22 615 22 615
1499623200 22 615 22 615
1499616000 22 615 22 615
1499608800 22 615 22 615
1499601600 22 615 22 615
1499594400 22 615 22 615
1499587200 22 615 22 615
1499580000 22 615 22 615
1499572800 22 615 22 615
1499565600 22 615 22 615
1499558400 22 615 22 615
1499551200 22 615 22 615
1499544000 22 615 22 615
1499536800 22 615 22 615
1499529600 22 615 22 615
1499522400 22 615 22 615
1499515200 22 615 22 615
1499508000 22 615 22 615
1499500800 22 615 22 615
1499493600 22 615 22 615
1499486400 22 615 22 615
1499479200 22 615 22 615
1499472000 22 615 22 615
1499464800 22 615 22 615
1499457600 22 615 22 615
1499450400 22 615 22 615
1499443200 22 615 22 615
1499436000 22 615 22 615
1499428800 22 615 22 615
1499421600 22 615 22 615
1499414400 22 615 22 615
1499407200 22 615 22 615
1499400000 22 615 22 615
1499392800 22 615 22 615
1499385600 22 615 22 615
1499378400 22 615 22 615
1499371200 22 615 22 615
1499364000 22 615 22 615
1499356800 22 615 22 615
1499349600 22 615 22 615
1499342400 22 615 22 615
1499335200 22 615 22 615
1499328000 22 615 22 615
1499320800 22 615 22 615
1499313600 22 615 22 615
1499306400 22 615 22 615
1499299200 22 615 22 615
1499292000 22 615 22 615
1499284800 22 615 22 615
1499277600 22 615 22 615
1499270400 22 615 22 615
1499263200 22 615 22 615
1499256000 22 615 22 615
1499248800 22 615 22 615
1499241600 22 615 22 615
1499234400 22 615 22 615
1499227200 22 615 22 615
1499220000 22 615 22 615
1499212800 22 615 22 615
1499205600 22 615 22 615
1499198400 22 615 22 615
1499191200 22 615 22 615
1499184000 22 615 22 615
1499176800 22 615 22 615
1499169600 22 615 22 615
1499162400 22 615 22 615
1499155200 22 615 22 615
1499148000 22 615 22 615
1499140800 22 615 22 615
1499133600 22 615 22 615
1499126400 22 615 22 615
1499119200 22 615 22 615
1499112000 22 615 22 615
1499104800 22 615 22 615
1499097600 22 615 22 615
1499090400 22 615 22 615
1499083200 22 615 22 615
1499076000 22 615 22 615
1499068800 22 615 22 615
1499061600 22 615 22 615
1499054400 22 615 22 615
1499047200 22 615 22 615
1499040000 22 615 22 615
1499032800 22 615 22 615
1499025600 22 615 22 615
1499018400 22 615 22 615
1499011200 22 615 22 615
1499004000 22 615 22 615
1498996800 22 615 22 615
1498989600 22 615 22 615
1498982400 22 615 22 615
1498975200 22 615 22 615
1498968000 22 615 22 615
1498960800 22 615 22 615
1498953600 22 615 22 615
1498946400 22 615 22 615
1498939200 22 615 22 615
1498932000 22 615 22 615
1498924800 22 615 22 615
1498917600 22 615 22 615
1498910400 22 615 22 615
1498903200 22 615 22 615
1498896000 22 615 22 615
1498888800 22 615 22 615
1498881600 22 615 22 615
1498874400 22 615 22 615
1498867200 22 615 22 615
1498860000 22 615 22 615
1498852800 22 615 22 615
1498845600 22 615 22 615
1498838400 22 615 22 615
1498831200 22 615 22 615
1498824000 22 615 22 615
1498816800 22 615 22 615
1498809600 22 615 22 615
1498802400 22 615 22 615
1498795200 22 615 22 615
1498788000 22 615 22 615
1498780800 22 615 22 615
1498773600 22 615 22 615
1498766400 22 615 22 615
1498759200 22 615 22 615
1498752000 22 615 22 615
1498744800 22 615 22 615
1498737600 22 615 22 615
1498730400 22 615 22 615
1498723200 22 615 22 615
1498716000 22 615 22 615
1498694400 22 615 22 615
1498608000 22 615 22 615
1498521600 22 615 22 615
1498435200 22 615 22 615
1498348800 22 615 22 615
1498262400 22 615 22 615
1498176000 22 615 22 615
1498089600 22 615 22 615
1498003200 22 615 22 615
1497916800 22 615 22 615
1497830400 22 615 22 615
1497744000 22 613 23 819
1497657600 425 2321 27300 179251
1497571200 1231 4618 26153 110360
1497484800 22 714 22 714
1497398400 22 714 22 714
1497312000 22 714 22 714
1497225600 21 704 24 784
1497139200 21 713 24 825
1497052800 295 1228 31917 33381
1496966400 1709 1929 212862 31297
1496880000 56 1049 4549 6147
1496793600 567 1989 47094 60147
1496707200 1514 1983 274987 18318
1496620800 21 716 23 1536
1496534400 21 714 25 866
1496448000 1041 2085 49767 41879
1496361600 2007 2632 264937 83643
1496275200 992 2373 46573 33555
1496188800 1075 2675 27078 39289
1496102400 2081 3412 282335 241209
1496016000 21 764 24 2417
1495929600 22 703 22 703
1495843200 805 2489 7684 19038
1495756800 1792 2422 268024 16043
1495670400 1379 4840 191937 546225
1495584000 78 907 78 907
1495497600 78 907 78 907
1495411200 78 907 78 907
1495324800 78 907 78 907
1495238400 78 907 78 907
1495152000 2717 4342 270839 110779
1495065600 2012 3507 265683 175390
1494979200 201 1475 12197 56331
1494892800 22 880 22 880
1494806400 22 880 22 880
1494720000 21 817 25 1076
1494633600 190 1784 6323 53785
1494547200 21 934 27 2609
1494460800 23 621 23 621
1494374400 23 621 23 621
1494288000 23 621 23 621
1494201600 23 621 23 621
1494115200 23 621 23 621
1494028800 23 621 23 621
1493942400 23 621 23 621
1493856000 23 621 23 621
1493769600 23 621 23 621
1493683200 23 621 23 621
1493596800 23 621 23 621
1493510400 23 621 23 621
1493424000 23 621 23 621
1493337600 23 621 23 621
1493251200 23 621 23 621
1493164800 23 621 23 621
1493078400 23 621 23 621
1492992000 23 621 23 621
1492905600 23 621 23 621
1492819200 23 621 23 621
1492732800 23 621 23 621
1492646400 23 621 23 621
1492560000 23 621 23 621
1492473600 23 621 23 621
1492387200 23 621 23 621
1492300800 23 621 23 621
1492214400 23 621 23 621
1492128000 23 621 23 621
1492041600 23 621 23 621
1491955200 23 621 23 621
1491868800 23 621 23 621
1491782400 23 621 23 621
1491696000 23 621 23 621
1491609600 23 621 23 621
1491523200 23 621 23 621
1491436800 23 621 23 621
1491350400 23 621 23 621
1491264000 23 621 23 621
1491177600 21 572 24 621
1491091200 21 560 45 1479
1491004800 653 2036 9532 59873
1490918400 2545 3894 272656 69206
1490832000 1160 2055 267677 180854
1490745600 2062 2967 267551 35696
1490659200 22 709 22 709
1490572800 22 709 22 709
1490486400 22 709 22 709
1490400000 22 709 22 709
1490313600 22 709 22 709
1490227200 22 709 22 709
1490140800 22 709 22 709
1490054400 22 709 22 709
1489968000 22 709 22 709
1489881600 22 709 22 709
1489795200 22 709 22 709
1489708800 22 709 22 709
1489622400 2461 27743 283500 4899120
1489536000 21 881 28 2663
1489449600 1624 2678 280310 92679
1489363200 21 529 24 672
1489276800 21 544 24 804
1489190400 1707 2150 277846 25507
1489104000 1773 2322 269820 58203
1489017600 916 2592 8469 45989
1488931200 1470 2625 275782 117404
1488844800 127 1266 4073 45307
1488758400 21 591 24 1004
1488672000 21 573 24 686
1488585600 1849 14398 284344 2329396
1488499200 59 370 5473 20027
1488412800 13 465 24 2035
1488326400 1096 3056 23352 53236
1488240000 1141 3141 9289 21945
1488153600 21 625 25 752
1488067200 21 586 24 761
1487980800 1320 3456 16792 76877
1487894400 1275 2847 44869 29832
1487808000 1251 3105 41531 52067
1487721600 1580 4002 16288 93712
1487635200 401 1024 3338 8919
1487548800 501 1021 16211 5762
1487462400 531 1019 15932 6064
1487376000 1583 3793 16665 25427
1487289600 1401 4419 15733 231212
1487203200 519 1468 17014 11203
1487116800 606 1277 606 1277
1487030400 606 1277 606 1277
1486944000 606 1277 606 1277
1486857600 606 1277 606 1277
1486771200 606 1277 606 1277
1486684800 606 1277 606 1277
1486598400 606 1277 606 1277
1486512000 606 1277 606 1277
1486425600 606 1277 606 1277
1486339200 606 1277 606 1277
1486252800 606 1277 606 1277
1486166400 606 1277 606 1277
1486080000 606 1277 606 1277
1485993600 606 1277 606 1277
1485907200 606 1277 606 1277
1485820800 1520 3770 19549 58972
1485734400 21 413 23 857
1485648000 22 418 24 1846
1485561600 1162 2681 24237 23021
1485475200 1333 2631 14165 16778
1485388800 1060 2827 19407 32173
1485302400 1283 3330 14027 69940
1485216000 1284 3099 9799 29102
1485129600 350 747 14022 15740
1485043200 333 771 13940 4831
1484956800 988 2570 9992 33205
1484870400 834 2234 13859 30201
1484784000 968 5646 13978 548906
1484697600 1110 2631 13645 24486
1484611200 870 2479 8447 74869
1484524800 147 413 13193 2875
1484438400 558 5167 31876 573287
1484352000 995 2541 20464 29705
1484265600 1203 2917 13045 53519
1484179200 1682 11081 56158 1916759
1484092800 1215 3246 12577 71137
1484006400 1237 3220 32605 64186
1483920000 21 268 28 351
1483833600 21 308 24 610
1483747200 1082 2747 12189 26199
1483660800 218 1004 12048 8579
1483574400 1483 3330 11912 26977
1483488000 1394 3463 11980 23602
1483401600 180 576 2678 4119
1483315200 246 591 12104 15421
1483228800 275 623 11697 5064
1483142400 686 1690 11773 19997
1483056000 1092 2590 9941 29306
1482969600 1049 2422 14975 69760
1482883200 22 271 22 271
1482796800 22 271 22 271
1482710400 21 263 24 320
1482624000 21 262 69 462
1482537600 21 431 24 1427
1482451200 1139 2318 11394 22015
1482364800 1091 2286 28957 43626
1482278400 903 3327 14853 305071
1482192000 863 2192 11086 54728
1482105600 5 92 45 976
1482019200 0 0 0 0
1481932800 0 0 0 0
1481846400 779 3053 39072 145455
1481760000 475 1854 7248 56986
1481673600 0 0 0 0
1481587200 883 2067 50194 63957
1481500800 0 0 0 0
1481414400 0 0 0 0
1481328000 2056 3105 481331 190208
1481241600 2280 1986 481716 74591
1481155200 2347 5378 482289 85774
1481068800 447 2601 5714 68404
1480982400 0 0 0 0
1480896000 0 0 0 0
1480809600 0 0 0 0
1480723200 2858 9036 484912 82620
1480636800 1010 10325 38946 89156
1480550400 726 11620 5159 185296
1480464000 440 1427 13816 56360
1480377600 0 0 0 0
1480291200 0 0 0 0
1480204800 0 0 0 0
1480118400 447 2772 6112 116628
1480032000 2239 3437 493222 187024
1479945600 474 2202 6095 59914
1479859200 2397 3906 488164 276958
1479772800 443 2092 8934 78562
1479686400 0 0 0 0
1479600000 0 0 0 0
1479513600 2322 7206 495629 848592
1479427200 323 1675 24373 102771
1479340800 2301 2922 248766 229289
1479254400 0 0 0 0
1479168000 0 0 0 0
1479081600 0 0 0 0
1478995200 0 0 0 0
1478908800 2366 4958 496776 527177
1478822400 412 2104 16212 95593
1478736000 561 2664 13949 93649
1478649600 2274 2240 492061 59135
1478563200 555 4239 17633 94768
1478476800 0 0 0 0
1478390400 0 0 0 0
1478304000 0 0 0 0
1478217600 2053 1511 496498 55236
1478131200 2370 2563 501140 121046
1478044800 2227 2301 495969 44109
1477958400 341 4378 6814 307878
1477872000 0 0 0 0
1477785600 0 0 0 0
1477699200 0 0 0 0
1477612800 0 0 0 0
1477526400 0 0 0 0
1477440000 0 0 0 0
1477353600 0 0 0 0
1477267200 0 0 0 0
1477180800 0 0 0 0
1477094400 0 0 0 0
1477008000 229 1042 9181 90342
1476921600 276 919 14704 37320
1476835200 0 0 0 0
1476748800 0 0 0 0
1476662400 0 0 0 0
1476576000 0 0 0 0
1476489600 711 2990 12651 67733
1476403200 2209 6090 499307 726022
1476316800 963 3015 68035 160931
1476230400 0 0 0 0
1476144000 0 0 0 0
1476057600 0 0 0 0
1475971200 0 0 0 0
1475884800 653 3228 38282 128189
1475798400 308 1728 5319 50634
1475712000 842 3027 37759 137694
1475625600 641 2199 36967 53345
1475539200 647 1906 38785 79038
1475452800 0 0 0 0
1475366400 0 0 0 0
1475280000 0 0 0 0
1475193600 0 0 0 0
1475107200 0 0 0 0
1475020800 0 0 0 0
1474934400 0 0 0 0
1474848000 0 0 0 0
1474761600 0 0 0 0
1474675200 0 0 0 0
1474588800 0 0 0 0
1474502400 0 0 0 0
1474416000 0 0 0 0
1474329600 0 0 0 0
1474243200 0 0 0 0
1474156800 0 0 0 0
1474070400 0 0 0 0
1473984000 0 0 0 0
1473897600 0 0 0 0
1473811200 270 1252 6972 40358
1473724800 702 2382 13480 59559
1473638400 0 0 0 0
1473552000 0 0 0 0
1473465600 516 4377 6105 381963
1473379200 530 3133 13793 161377
1473292800 553 4691 11827 69128
1473206400 462 8147 9871 178880
1473120000 0 0 0 0
1473033600 0 0 0 0
1472947200 0 0 0 0
1472860800 2167 1793 512763 64481
1472774400 506 2751 9228 73795
1472688000 514 2271 29807 150103
1472601600 781 3269 82926 508157
1472515200 149 642 7740 58932
1472428800 0 0 0 0
1472342400 0 0 0 0
1472256000 0 0 0 0
1472169600 0 0 0 0
1472083200 0 0 0 0
1471996800 0 0 0 0
1471910400 0 0 0 0
1471824000 0 0 0 0
1471737600 0 0 0 0
1471651200 0 0 0 0
1471564800 0 0 0 0
1471478400 0 0 0 0
1471392000 0 0 0 0
1471305600 0 0 0 0
1471219200 0 0 0 0
1471132800 0 0 0 0
1471046400 0 0 0 0
1470960000 0 0 0 0
1470873600 0 0 0 0
1470787200 0 0 0 0
1470700800 0 0 0 0
1470614400 0 0 0 0
1470528000 0 0 0 0
1470441600 0 0 0 0
1470355200 0 0 0 0
1470268800 0 0 0 0
1470182400 0 0 0 0
1470096000 0 0 0 0
1470009600 0 0 0 0
1469923200 0 0 0 0
1469836800 0 0 0 0
1469750400 0 0 0 0
1469664000 0 0 0 0
1469577600 0 0 0 0
1469491200 0 0 0 0
1469404800 0 0 0 0
1469318400 0 0 0 0
1469232000 0 0 0 0
1469145600 0 0 0 0
1469059200 0 0 0 0
1468972800 0 0 0 0
1468886400 0 0 0 0
1468800000 0 0 0 0
1468713600 0 0 0 0
1468627200 0 0 0 0
1468540800 0 0 0 0
1468454400 0 0 0 0
1468368000 0 0 0 0
1468281600 0 0 0 0
1468195200 0 0 0 0
1468108800 0 0 0 0
1468022400 0 0 0 0
1467936000 0 0 0 0
1467849600 0 0 0 0
1467763200 0 0 0 0
1467676800 0 0 0 0
1467590400 0 0 0 0
1467504000 0 0 0 0
1467417600 0 0 0 0
1467331200 0 0 0 0
1467244800 0 0 0 0
1467158400 0 0 0 0
1467072000 0 0 0 0
1466985600 0 0 0 0
1466899200 0 0 0 0
1466812800 0 0 0 0
1466726400 0 0 0 0
1466640000 0 0 0 0
1466553600 0 0 0 0
1466467200 0 0 0 0
1466380800 0 0 0 0
1466294400 0 0 0 0
1466208000 0 0 0 0
1466121600 0 0 0 0
1466035200 0 0 0 0
1465948800 0 0 0 0
1465862400 0 0 0 0
1465776000 0 0 0 0
1465689600 0 0 0 0
1465603200 0 0 0 0
1465516800 0 0 0 0
1465430400 0 0 0 0
1465344000 0 0 0 0
1465257600 0 0 0 0
1465171200 0 0 0 0
1465084800 0 0 0 0
1464998400 0 0 0 0
1464912000 0 0 0 0
1464825600 0 0 0 0
1464739200 0 0 0 0
1464652800 0 0 0 0
1464566400 0 0 0 0
1464480000 0 0 0 0
1464393600 0 0 0 0
1464307200 0 0 0 0
1464220800 0 0 0 0
1464134400 0 0 0 0
1464048000 0 0 0 0
1463961600 0 0 0 0
1463875200 0 0 0 0
1463788800 0 0 0 0
1463702400 0 0 0 0
1463616000 0 0 0 0
1463529600 0 0 0 0
1463443200 0 0 0 0
1463356800 0 0 0 0
1463270400 0 0 0 0
1463184000 0 0 0 0
1463097600 0 0 0 0
1463011200 0 0 0 0
1462924800 0 0 0 0
1462838400 0 0 0 0
1462752000 0 0 0 0
1462665600 0 0 0 0
1462579200 0 0 0 0
1462492800 0 0 0 0
1462406400 0 0 0 0
1462320000 0 0 0 0
1462233600 0 0 0 0
1462147200 0 0 0 0
1462060800 0 0 0 0
1461974400 0 0 0 0
1461888000 0 0 0 0
1461801600 0 0 0 0
1461715200 0 0 0 0
1461628800 0 0 0 0
1461542400 0 0 0 0
1461456000 0 0 0 0
1461369600 0 0 0 0
1461283200 0 0 0 0
1461196800 0 0 0 0
1461110400 0 0 0 0
1461024000 0 0 0 0
1460937600 0 0 0 0
1460851200 0 0 0 0
1460764800 0 0 0 0
1460678400 0 0 0 0
1460592000 0 0 0 0
1460505600 0 0 0 0
1460419200 0 0 0 0
1460332800 0 0 0 0
1460246400 0 0 0 0
1460160000 0 0 0 0
1460073600 0 0 0 0
1459987200 0 0 0 0
1459900800 0 0 0 0
1459814400 0 0 0 0
1459728000 0 0 0 0
1459641600 0 0 0 0
1459555200 0 4 58 1586
1459468800 0 0 0 0
1459382400 0 0 0 0
1459296000 0 0 0 0
1459209600 0 0 0 0
1459123200 0 0 0 0
1459036800 0 0 0 0
1458950400 0 0 0 0
1458864000 0 0 0 0
1458777600 0 0 0 0
1458691200 0 0 0 0
1458604800 0 0 0 0
1458518400 0 0 0 0
1458432000 0 0 0 0
1458345600 0 0 0 0
1458259200 0 0 0 0
1458172800 0 0 0 0
1458086400 0 0 0 0
1458000000 0 0 0 0
1457913600 0 0 0 0
1457827200 0 0 0 0
1457740800 0 0 0 0
1457654400 0 0 0 0
1457568000 0 0 0 0
1457481600 0 0 0 0
1457395200 0 0 0 0
1457308800 0 0 0 0
1457222400 0 0 0 0
1457136000 0 0 0 0
1457049600 0 0 0 0
1456963200 0 0 0 0
1456876800 0 0 0 0
1456790400 0 0 0 0
1456704000 0 0 0 0
1456617600 0 0 0 0
1456531200 0 0 0 0
1456444800 0 0 0 0
1456358400 0 0 0 0
1456272000 0 0 0 0
1456185600 0 0 0 0
1456099200 0 0 0 0
1456012800 0 0 0 0
1455926400 0 0 0 0
1455840000 0 0 0 0
1455753600 0 0 0 0
1455667200 0 0 0 0
1455580800 0 0 0 0
1455494400 0 0 0 0
1455408000 0 0 0 0
1455321600 0 0 0 0
1455235200 0 0 0 0
1455148800 0 0 0 0
1455062400 0 0 0 0
1454976000 0 0 0 0
1454889600 0 0 0 0
1454803200 0 0 0 0
1454716800 0 0 0 0
1454630400 0 0 0 0
1454544000 0 0 0 0
1454457600 0 0 0 0
1454371200 0 0 0 0
1454284800 0 0 0 0
1454198400 0 0 0 0
1454112000 0 0 0 0
1454025600 0 0 0 0
1453939200 0 0 0 0
1453852800 0 0 0 0
1453766400 0 0 0 0
1453680000 0 0 0 0
1453593600 0 0 0 0
1453507200 0 0 0 0
1453420800 0 0 0 0
1453334400 0 0 0 0
1453248000 0 0 0 0
1453161600 0 0 0 0
1453075200 0 0 0 0
1452988800 0 0 0 0
1452902400 0 0 0 0
1452816000 0 0 0 0
1452729600 0 0 0 0
1452643200 0 0 0 0
1452556800 0 0 0 0
1452470400 0 0 0 0
1452384000 0 0 0 0
1452297600 0 0 0 0
1452211200 0 0 0 0
1452124800 0 0 0 0
1452038400 0 0 0 0
1451952000 0 0 0 0
1451865600 0 0 0 0
1451779200 0 0 0 0
1451692800 0 0 0 0
1451606400 0 0 0 0
1451520000 0 0 0 0
1451433600 0 0 0 0
1451347200 0 0 0 0
1451260800 0 0 0 0
1451174400 0 0 0 0
1451088000 0 0 0 0
1451001600 0 0 0 0
1450915200 0 0 0 0
1450828800 0 0 0 0
1450742400 0 0 0 0
1450656000 0 0 0 0
1450569600 0 0 0 0
1450483200 0 0 0 0
1450396800 0 0 0 0
1450310400 0 0 0 0
1450224000 0 0 0 0
1450137600 0 0 0 0
1450051200 0 0 0 0
1449964800 0 0 0 0
1449878400 0 0 0 0
1449792000 0 0 0 0
1449705600 0 0 0 0
1449619200 0 0 0 0
1449532800 0 0 0 0
1449446400 0 0 0 0
1449360000 0 0 0 0
1449273600 0 0 0 0
1449187200 0 0 0 0
1449100800 0 0 0 0
1449014400 0 0 0 0
1448928000 0 0 0 0
1448841600 0 0 0 0
1448755200 0 0 0 0
1448668800 0 0 0 0
1448582400 0 0 0 0
1448496000 0 0 0 0
1448409600 0 0 0 0
1448323200 0 0 0 0
1448236800 0 0 0 0
1448150400 0 0 0 0
1448064000 0 0 0 0
1447977600 0 0 0 0
1447891200 0 0 0 0
1447804800 0 0 0 0
1447718400 0 0 0 0
1447632000 0 0 0 0
1447545600 0 0 0 0
1447459200 0 0 0 0
1447372800 0 0 0 0
1447286400 0 0 0 0
1447200000 0 0 0 0
1447113600 0 0 0 0
1447027200 0 0 0 0
1446940800 0 0 0 0
1446854400 0 0 0 0
1446768000 0 0 0 0
1446681600 0 0 0 0
1446595200 0 0 0 0
1446508800 0 0 0 0
1446422400 0 0 0 0
1446336000 0 0 0 0
1446249600 0 0 0 0
1446163200 0 0 0 0
1446076800 0 0 0 0
1445990400 0 0 0 0
1445904000 0 0 0 0
1445817600 0 0 0 0
1445731200 0 0 0 0
1445644800 0 0 0 0
1445558400 0 0 0 0
1445472000 0 0 0 0
1445385600 0 0 0 0
1445299200 0 0 0 0
1445212800 0 0 0 0
1445126400 0 0 0 0
1445040000 0 0 0 0
1444953600 0 0 0 0
1444867200 0 0 0 0
1444780800 0 0 0 0
1444694400 0 0 0 0
1444608000 0 0 0 0
1444521600 0 0 0 0
1444435200 0 0 0 0
1444348800 0 0 0 0
1444262400 0 0 0 0
1444176000 0 0 0 0
1444089600 0 0 0 0
1444003200 0 0 0 0
1443916800 0 0 0 0
1443830400 0 0 0 0
1443744000 0 0 0 0
1443657600 0 0 0 0
1443571200 0 0 0 0
1443484800 0 0 0 0
1443398400 0 0 0 0
1443312000 0 0 0 0
1443225600 0 0 0 0
1443139200 0 0 0 0
1443052800 0 0 0 0
1442966400 0 0 0 0
1442880000 0 0 0 0
1442793600 0 0 0 0
1442707200 0 0 0 0
1442620800 0 0 0 0
1442534400 0 0 0 0
1442448000 0 0 0 0
1442361600 0 0 0 0
1442275200 0 0 0 0
1442188800 0 0 0 0
1442102400 0 0 0 0
1442016000 0 0 0 0
1441929600 0 0 0 0
1441843200 0 0 0 0
1441756800 0 0 0 0
1441670400 0 0 0 0
1441584000 0 0 0 0
1441497600 0 0 0 0
1441411200 0 0 0 0
1441324800 0 0 0 0
1441238400 0 0 0 0
1441152000 0 0 0 0
1441065600 0 0 0 0
1440979200 0 0 0 0
1440892800 0 0 0 0
1440806400 0 0 0 0
1440720000 0 0 0 0
1440633600 0 0 0 0
1440547200 0 0 0 0
1440460800 0 0 0 0
1440374400 0 0 0 0
1440288000 0 0 0 0
1440201600 0 0 0 0
1440115200 0 0 0 0
1440028800 0 0 0 0
1439942400 0 0 0 0
1439856000 0 0 0 0
1439769600 0 0 0 0
1439683200 0 0 0 0
1439596800 0 0 0 0
1439510400 0 0 0 0
1439424000 0 0 0 0
1439337600 0 0 0 0
1439251200 0 0 0 0
1439164800 0 0 0 0
1439078400 0 0 0 0
1438992000 0 0 0 0
1438905600 0 0 0 0
1438819200 0 0 0 0
1438732800 0 0 0 0
1438646400 0 0 0 0
1438560000 0 0 0 0
1438473600 0 0 0 0
1438387200 0 0 0 0
1438300800 0 0 0 0
1438214400 0 0 0 0
1438128000 0 0 0 0
1438041600 0 0 0 0
1437955200 0 0 0 0
1437868800 0 0 0 0
1437782400 0 0 0 0
1437696000 0 0 0 0
1437609600 0 0 0 0
1437523200 0 0 0 0
1437436800 0 0 0 0
1437350400 0 0 0 0
1437264000 0 0 0 0
1437177600 0 0 0 0
1437091200 0 0 0 0
1437004800 0 0 0 0
1436918400 0 0 0 0
1436832000 0 0 0 0
1436745600 0 0 0 0
1436659200 0 0 0 0
1436572800 0 0 0 0
1436486400 0 0 0 0
1436400000 0 0 0 0
1436313600 0 0 0 0
1436227200 0 0 0 0
1436140800 0 0 0 0
1436054400 0 0 0 0
1435968000 0 0 0 0
1435881600 0 0 0 0
1435795200 0 0 0 0
1435708800 0 0 0 0
1435622400 0 0 0 0
1435536000 0 0 0 0
