1504297338 157517344476 589147049724
1504297338 5300 8378 5300 8378
1504297038 30305 59467 30305 59467
1504296900 26483 74058 30305 91188
1504296600 20111 84950 21997 91188
1504296300 28547 213560 41048 373133
1504296000 32799 263964 41048 373133
1504295700 27719 150697 33123 168174
1504295400 25225 116601 33123 168174
1504295100 23826 190832 32944 346937
1504294800 25815 210318 32944 346937
1504294500 19606 110782 22141 182205
1504294200 22694 189642 23344 198374
1504293900 24697 227221 26287 261087
1504293600 22096 194199 26287 261087
1504293300 20473 87195 24266 116725
1504293000 39598 191278 57357 351985
1504292700 48990 290358 57357 351985
1504292400 30052 198520 39169 218015
1504292100 24579 161960 30717 175636
1504291800 32899 221903 35461 311119
1504291500 41426 291412 48336 311119
1504291200 36510 264825 48336 268586
1504290900 21003 252037 22814 260469
1504290600 20546 192193 22479 242139
1504290300 21692 196150 22479 268709
1504290000 53136 202803 90625 268709
1504289700 66290 172729 90625 227038
1504289400 36700 313489 37723 414975
1504289100 47102 637716 60722 899195
1504288800 62742 958789 65114 1028748
1504288500 51515 797097 65114 1028748
1504288200 36870 557535 38169 591289
1504287900 43721 546015 50240 591289
1504287600 54195 515633 58839 542356
1504287300 52942 703776 58839 890746
1504287000 40328 853170 46113 890746
1504286700 29778 622167 33539 809061
1504286400 32038 488860 39874 589921
1504286100 43142 499616 46979 589921
1504285800 38655 351733 46979 393606
1504285500 27321 243127 28884 302579
1504285200 35175 290188 46398 425535
1504284900 46244 684199 46398 987850
1504284600 42128 669281 46064 987850
1504284300 25930 223652 37508 295310
1504284000 14286 191251 16331 249859
1504283700 13700 202714 16331 249859
1504283400 11555 142648 12662 147371
1504283100 33296 416761 57519 745054
1504282800 34709 410155 57519 745054
1504282500 9649 29644 11636 44275
1504282200 30164 80385 51915 122776
1504281900 69113 194708 89035 278027
1504281600 59967 255752 89035 278027
1504281300 38147 278980 52590 336943
1504281000 41119 358287 52590 383343
1504280700 27751 429852 27865 484450
1504280400 36236 593421 46064 721344
1504280100 45226 579819 46064 721344
1504279800 41746 457093 44243 507378
1504279500 47054 649870 56679 817145
1504279200 42626 632401 56679 817145
1504278900 23494 453131 26350 493882
1504278600 29855 640428 41107 810169
1504278300 33188 543531 41107 810169
1504278000 24087 462050 24318 733843
1504277700 20849 586224 24318 733843
1504277400 16594 442973 16778 478238
1504277100 17131 454429 18016 478238
1504276800 17490 475384 18016 532795
1504276500 20126 489639 23945 532795
1504276200 26719 543758 29977 666761
1504275900 26475 646015 29977 666761
1504275600 279325 589135 580974 621663
1504275300 327456 579457 580974 612475
1504275000 27689 600895 33813 612475
1504274700 21715 568683 23028 587484
1504274400 20682 482638 23028 546613
1504274100 24334 523343 31853 659287
1504273800 35842 526267 40526 659287
1504273500 33224 556564 40526 775441
1504273200 29026 753672 34161 775441
1504272900 33636 660067 34161 728119
1504272600 302531 482260 618914 580180
1504272300 341136 282908 618914 367312
1504272000 14635 117771 15049 183827
1504271700 17549 101852 21532 172982
1504271400 25937 171048 31110 172982
1504271100 40881 125568 52199 168779
1504270800 30890 57773 52199 75519
1504270500 6404 42518 6633 48739
1504270200 5345 35275 6633 48739
1504269900 4084 15933 4373 19471
1504269600 3496 8300 4373 11837
1504269300 6228 5125 10627 6208
1504269000 8896 20876 10627 38095
1504268700 5796 24266 6866 38095
1504268400 3083 5795 4540 8034
1504268100 1330 2594 1397 3203
1504267800 3657 5741 6442 10215
1504267500 4136 6435 6442 10215
1504267200 1563 2745 1720 3622
1504266900 1919 3948 2151 4326
1504266600 1549 2707 2151 4326
1504266300 705 799 844 808
1504266000 579 865 622 955
1504265700 580 777 622 955
1504265400 517 575 531 583
1504265100 581 743 673 930
1504264800 576 755 673 930
1504264500 490 694 522 864
1504264200 573 742 635 864
1504263900 1190 1273 1843 2064
1504263600 1766 1709 1843 2064
1504263300 1912 1657 2190 2084
1504263000 1864 3358 2190 4854
1504262700 1223 3324 1482 4854
1504262400 922 1334 924 1530
1504262100 884 1099 924 1105
1504261800 832 1070 838 1092
1504261500 933 1320 1059 1643
1504261200 1006 1513 1059 1643
1504260900 807 1117 945 1361
1504260600 917 1448 1235 2173
1504260300 1060 1648 1235 2173
1504260000 814 963 855 1032
1504259700 863 1178 977 1527
1504259400 1178 1408 1411 1527
1504259100 1646 1447 1924 1654
1504258800 1844 1439 1924 1654
1504258500 1834 1395 1931 1638
1504258200 1890 1602 1931 1638
1504257900 1951 1862 2079 2212
1504257600 2681 2544 3389 2934
1504257300 7769 5536 12912 8592
1504257000 7223 4917 12912 8592
1504256700 543 622 545 645
1504256400 505 610 541 645
1504256100 492 622 526 685
1504255800 630 829 753 999
1504255500 784 970 821 999
1504255200 797 947 821 960
1504254900 786 1029 806 1111
1504254600 1235 3715 1739 6773
1504254300 1448 4438 1739 6773
1504254000 814 1270 1107 1698
1504253700 459 668 472 768
1504253400 448 566 453 584
1504253100 454 557 457 584
1504252800 499 577 549 639
1504252500 3241 4092 6361 8092
1504252200 3731 4699 6361 8092
1504251900 605 704 686 771
1504251600 466 554 512 627
1504251300 492 497 585 531
1504251000 550 582 585 642
1504250700 606 746 718 868
1504250400 24868 2290 53218 3960
1504250100 29525 2807 53218 3960
1504249800 1825 1793 1956 2186
1504249500 1988 2129 2027 2186
1504249200 2811 2498 3733 3010
1504248900 3145 2662 3733 3010
1504248600 2061 2039 2464 2261
1504248300 1092 1237 1595 1784
1504248000 463 558 511 604
1504247700 438 547 473 598
1504247400 522 639 580 689
1504247100 3310 4253 6473 8383
1504246800 3585 4610 6473 8383
1504246500 236 216 241 241
1504246200 217 186 232 187
1504245900 216 205 235 229
1504245600 233 218 235 229
1504245300 388 497 573 839
1504245000 716 1012 886 1217
1504244700 873 1183 886 1217
1504244400 818 1059 859 1145
1504244100 6459 4281 13137 8181
1504243800 11844 10399 13137 13004
1504243500 6514 8520 10327 13004
1504243200 1305 1982 2038 3257
1504242900 485 569 520 643
1504242600 515 700 520 769
1504242300 634 4025 780 7848
1504242000 782 4708 786 7848
1504241700 660 892 786 1022
1504241400 497 659 514 740
1504241100 478 600 478 642
1504240800 489 643 503 646
1504240500 503 625 505 646
1504240200 602 738 718 899
1504239900 3564 5674 6861 11206
1504239600 4392 9282 6861 11206
1504239300 1196 4352 1495 7025
1504239000 1680 2682 2641 4334
1504238700 1802 2816 2641 4334
1504238400 858 1147 905 1281
1504238100 7782 9909 15856 20039
1504237800 8886 12751 15856 20039
1504237500 686 4351 704 4533
1504237200 615 2791 665 4533
1504236900 565 699 576 748
1504236600 621 680 675 724
1504236300 674 864 675 1027
1504236000 700 1018 733 1027
1504235700 616 922 733 1008
1504235400 509 808 543 824
1504235100 564 759 590 790
1504234800 577 755 590 793
1504234500 548 824 562 861
1504234200 527 711 532 861
1504233900 924 667 1396 821
1504233600 1384 855 1396 895
1504233300 1415 1021 1467 1171
1504233000 1506 1119 1553 1171
1504232700 1582 1227 1618 1424
1504232400 1726 1679 1853 1980
1504232100 1204 1322 1853 1980
1504231800 479 636 510 726
1504231500 693 926 905 1159
1504231200 884 1138 905 1159
1504230900 824 1128 861 1145
1504230600 871 1149 976 1155
1504230300 1318 1292 1720 1454
1504230000 1749 1512 1783 1580
1504229700 1731 1454 1783 1580
1504229400 10562 1432 21002 1580
1504229100 11979 1278 21002 1580
1504228800 1692 1404 2046 1960
1504228500 1896 1730 2046 1960
1504228200 1693 1446 1722 1462
1504227900 1560 4129 1659 7258
1504227600 1251 4507 1446 7258
1504227300 945 1274 1023 1279
1504227000 916 1222 987 1270
1504226700 983 1209 987 1259
1504226400 917 1224 979 1259
1504226100 1220 1348 1655 1538
1504225800 1581 1422 1655 1538
1504225500 5695 6914 10626 13519
1504225200 7001 11409 10626 13519
1504224900 2617 6301 2746 8934
1504224600 2296 2981 2466 3211
1504224300 1613 2123 2098 2711
1504224000 972 1291 1045 1434
1504223700 1756 2214 2776 3492
1504223400 3656 4611 4690 5925
1504223100 2940 3720 4690 5925
1504222800 1041 1404 1224 1724
1504222500 1745 2218 2358 2800
1504222200 2710 3187 3125 3643
1504221900 4658 5396 6458 7454
1504221600 8620 10262 11158 13559
1504221300 7009 8534 11158 13559
1504221000 2019 2480 2139 2637
1504220700 1124 1354 1879 2297
1504220400 240 217 244 247
1504220100 246 210 249 244
1504219800 412 581 605 978
1504219500 597 857 605 978
1504219200 651 894 727 1105
1504218900 634 902 727 1105
1504218600 553 719 585 784
1504218300 3206 8834 6284 18286
1504218000 6167 13314 6284 18286
1504217700 3977 4635 6032 7556
1504217400 1553 1143 1566 1206
1504217100 1583 1257 1636 1476
1504216800 1559 1255 1636 1476
1504216500 1687 1221 1942 1481
1504216200 2173 2219 2445 3087
1504215900 1662 2225 2445 3087
1504215600 5288 6941 10625 13666
1504215300 6088 7904 10625 13666
1504215000 5341 6832 10718 13512
1504214700 6178 8003 10718 13512
1504214400 8111 16702 16636 34506
1504214100 12750 23821 16636 34506
1504213800 10709 14986 13668 19338
1504213500 9692 15661 13668 19338
1504213200 4654 8382 5025 11345
1504212900 4795 11915 5471 20145
1504212600 9174 28622 13522 38575
1504212300 10748 24226 13522 38575
1504212000 8594 40668 9888 79743
1504211700 13946 114943 18710 156265
1504211400 12939 115733 18710 156265
1504211100 6542 43379 6985 68152
1504210800 11324 24887 16418 37318
1504210500 13813 61857 16418 90664
1504210200 117113 2824186 241969 6033105
1504209900 138465 3320085 241969 6033105
1504209600 44231 150162 76245 167685
1504209300 53724 164538 76245 167685
1504209000 25304 187584 27639 218916
1504208700 29678 180282 38031 218916
1504208400 36829 275767 38031 441099
1504208100 27224 309966 35418 441099
1504207800 19415 193383 21389 234826
1504207500 18213 230535 21389 234826
1504207200 16286 201016 18402 225498
1504206900 14502 139524 18402 172277
1504206600 12768 173381 16108 258263
1504206300 16349 265868 16629 274678
1504206000 21886 289174 27977 305966
1504205700 26012 333000 27977 364736
1504205400 25103 513658 26722 686152
1504205100 29890 474416 33609 686152
1504204800 29047 279457 33609 342378
1504204500 27562 386884 32106 439131
1504204200 30673 342033 32106 439131
1504203900 33295 295224 38321 372301
1504203600 51781 339960 67583 372301
1504203300 60616 300294 67583 301996
1504203000 42709 283225 52438 298296
1504202700 28802 212826 31289 265535
1504202400 26144 154941 26446 159563
1504202100 27104 183059 27868 210274
1504201800 32245 327328 37384 464741
1504201500 33839 466730 37384 469067
1504201200 27316 429596 29679 469067
1504200900 22553 334438 24544 383262
1504200600 20812 319382 21512 368990
1504200300 27469 371854 34464 375218
1504200000 40530 290912 47651 375218
1504199700 53872 404281 61176 653544
1504199400 39409 407073 61176 653544
1504199100 19414 221548 25539 338888
1504198800 25136 336398 25539 338888
1504198500 25084 243068 25580 333476
1504198200 20228 95983 25580 136939
1504197900 13105 41122 14029 48546
1504197600 14361 32545 17109 32706
1504197300 46423 27027 80837 32706
1504197000 50719 48312 80837 80687
1504196700 43445 117799 75857 161366
1504196400 50177 134386 75857 161366
1504196100 20778 121950 21653 144531
1504195800 19785 133673 21653 144531
1504195500 28921 125874 42220 131682
1504195200 32801 137698 42220 144761
1504194900 23305 215158 25139 297800
1504194600 27599 250960 30488 297800
1504194300 28021 160404 30488 195974
1504194000 25289 188790 25479 270034
1504193700 26669 294794 28066 323861
1504193400 25280 453426 28066 605526
1504193100 18826 566836 22011 605526
1504192800 15789 526404 16613 532257
1504192500 23047 562079 30501 596622
1504192200 32223 670486 34245 757198
1504191900 31252 702717 34245 757198
1504191600 26114 558948 27740 638763
1504191300 20781 372053 24206 465253
1504191000 18595 272506 20686 282372
1504190700 101249 1332292 195825 2564807
1504190400 130240 1551990 195825 2564807
1504190100 40809 320519 54276 378872
1504189800 28023 366482 31526 499064
1504189500 29421 411917 31526 499064
1504189200 26392 343481 26984 381637
1504188900 22739 260657 25698 381637
1504188600 23860 113995 29254 118638
1504188300 282612 131080 576070 157181
1504188000 322262 215193 576070 282387
1504187700 28497 322258 28748 369065
1504187400 32763 484754 37477 620564
1504187100 88433 546347 147456 620564
1504186800 90191 415850 147456 460384
1504186500 20818 336544 23863 364269
1504186200 16542 299385 17292 304433
1504185900 33215 522981 53807 792326
1504185600 42083 511324 53807 792326
1504185300 34328 276163 41380 387345
1504185000 41329 382730 41380 387345
1504184700 30876 231786 41272 377386
1504184400 15511 39153 18674 60865
1504184100 10846 24960 11800 38221
1504183800 17309 79134 26209 127163
1504183500 17503 75168 26209 127163
1504183200 11004 18464 15370 23551
1504182900 11135 26310 15370 29549
1504182600 4818 40667 6164 53720
1504182300 2641 33278 3239 53720
1504182000 2153 8132 2393 9602
1504181700 3165 7477 4073 8733
1504181400 10006 15050 16972 22467
1504181100 12078 38242 16972 56761
1504180800 4418 31443 6335 56761
1504180500 2194 1747 2226 1778
1504180200 2131 1684 2226 1778
1504179900 1943 1481 2020 1574
1504179600 1561 1155 1855 1374
1504179300 1442 1117 1705 1373
1504179000 1193 1080 1705 1373
1504178700 650 914 717 1120
1504178400 738 1241 764 1383
1504178100 784 2804 808 4451
1504177800 1689 4156 2724 4451
1504177500 3741 4828 4920 6006
1504177200 3247 3998 4920 6006
1504176900 1193 1279 1285 1642
1504176600 1052 876 1085 904
1504176300 976 862 1014 904
1504176000 752 688 932 814
1504175700 489 622 545 714
1504175400 488 714 565 716
1504175100 527 690 565 716
1504174800 501 719 522 790
1504174500 2661 3444 5173 6561
1504174200 3435 4232 5173 6561
1504173900 1798 1751 2272 2048
1504173600 2138 1744 2272 2048
1504173300 2483 1431 3073 1481
1504173000 2681 1596 3073 1730
1504172700 2133 1606 2227 1730
1504172400 1616 1169 2026 1464
1504172100 822 712 1135 824
1504171800 533 684 624 806
1504171500 608 773 624 806
1504171200 576 750 591 768
1504170900 576 751 597 768
1504170600 638 837 688 961
1504170300 672 877 688 961
1504170000 594 705 655 780
1504169700 534 644 547 675
1504169400 561 761 579 863
1504169100 627 752 684 863
1504168800 949 916 1261 1263
1504168500 1335 1331 1423 1411
1504168200 1447 1545 1477 1704
1504167900 1406 1533 1477 1704
1504167600 1306 1484 1323 1663
1504167300 1353 1619 1431 1663
1504167000 1464 1605 1504 1649
1504166700 1395 1516 1504 1649
1504166400 1110 1133 1268 1360
1504166100 1010 875 1111 885
1504165800 1046 894 1111 906
1504165500 1007 917 1050 930
1504165200 799 745 1050 930
1504164900 729 669 988 833
1504164600 790 797 988 833
1504164300 535 729 562 757
1504164000 581 840 672 1008
1504163700 640 1000 672 1008
1504163400 1500 2577 2540 4414
1504163100 4944 5884 7729 7587
1504162800 5410 5464 7729 7587
1504162500 2637 2606 2724 3005
1504162200 2425 2146 2536 2156
1504161900 2200 1914 2295 2156
1504161600 2354 1999 2665 2433
1504161300 2338 2277 2665 2433
1504161000 6425 8065 11673 15075
1504160700 7130 9139 11673 15075
1504160400 1222 1542 1797 2171
1504160100 560 755 565 814
1504159800 543 724 565 768
1504159500 61298 3547 132648 6811
1504159200 71998 4240 132648 6811
1504158900 1125 1325 1505 1446
1504158600 1332 1383 1505 1446
1504158300 841 989 1131 1310
1504158000 534 685 569 765
1504157700 589 752 613 765
1504157400 604 753 613 773
1504157100 547 698 595 773
1504156800 980 957 1555 1362
1504156500 1669 1390 1804 1425
1504156200 1821 1495 1843 1578
1504155900 2046 1794 2286 2049
1504155600 3091 3439 4037 5071
1504155300 2928 3355 4037 5071
1504155000 1416 1283 1627 1342
1504154700 897 961 1170 1214
1504154400 505 659 577 666
1504154100 571 721 747 802
1504153800 687 885 747 984
1504153500 601 924 618 984
1504153200 657 1188 745 1582
1504152900 652 1161 745 1582
1504152600 529 666 543 667
1504152300 909 3077 1375 5910
1504152000 1030 3534 1375 5910
1504151700 715 885 820 1049
1504151400 700 944 820 1049
1504151100 527 708 561 822
1504150800 528 751 577 957
1504150500 584 872 593 957
1504150200 546 705 593 775
1504149900 1091 1749 1787 3054
1504149600 2227 3223 2737 3420
1504149300 2420 3035 2737 3420
1504149000 1329 1709 2050 2585
1504148700 644 2076 834 3714
1504148400 569 2129 834 3714
1504148100 271 270 280 294
1504147800 555 634 878 1095
1504147500 1298 1679 1792 2366
1504147200 2223 2813 2731 3338
1504146900 2330 2956 2731 3338
1504146600 2086 2743 2353 3021
1504146300 2281 3097 2353 3187
1504146000 1778 2485 2197 3187
1504145700 924 1189 1293 1672
1504145400 470 623 491 624
1504145100 522 673 613 732
1504144800 754 3028 918 5689
1504144500 809 3464 918 5689
1504144200 654 859 683 866
1504143900 563 763 621 866
1504143600 491 636 495 644
1504143300 562 726 649 841
1504143000 643 791 649 841
1504142700 1008 1184 1445 1714
1504142400 1047 1323 1445 1714
1504142100 650 906 732 957
1504141800 689 1152 732 1382
1504141500 645 1121 653 1382
1504141200 600 720 653 815
1504140900 1173 5902 1917 12112
1504140600 1338 6997 1917 12112
1504140300 652 847 660 993
1504140000 620 697 643 720
1504139700 745 4237 922 8311
1504139400 787 4825 922 8311
1504139100 817 1081 1039 1490
1504138800 1585 7425 2226 14394
1504138500 1540 8095 2226 14394
1504138200 655 764 746 801
1504137900 2832 3747 5476 7252
1504137600 3300 4376 5476 7252
1504137300 800 1133 865 1288
1504137000 2006 2780 3328 4509
1504136700 5572 7276 8208 10526
1504136400 5083 6508 8208 10526
1504136100 2798 3644 4401 5790
1504135800 2695 3614 4401 5790
1504135500 687 1024 694 1060
1504135200 5810 7587 11752 15238
1504134900 7609 9788 11752 15238
1504134600 3266 4054 3877 4832
1504134300 3475 5678 3877 6673
1504134000 2767 5229 3005 6673
1504133700 2482 3270 2489 3535
1504133400 2327 2822 2475 2959
1504133100 1484 1736 2156 2665
1504132800 683 725 706 801
1504132500 678 767 704 801
1504132200 863 988 1051 1295
1504131900 1169 1451 1308 1636
1504131600 2470 3182 3835 4998
1504131300 3370 4303 3835 4998
1504131000 2199 7248 2826 11662
1504130700 2693 8732 4136 11662
1504130400 3226 4064 4136 5293
1504130100 1481 1757 2159 2622
1504129800 767 836 862 946
1504129500 861 1062 862 1200
1504129200 778 1013 860 1200
1504128900 1990 7384 3503 15014
1504128600 2673 9507 3503 15014
1504128300 1658 3338 1712 3585
1504128000 3338 8986 5386 15328
1504127700 3504 9126 5386 15328
1504127400 1870 5163 2537 9004
1504127100 3458 10997 4526 13306
1504126800 4568 10140 4618 13306
1504126500 3175 4617 4618 6474
1504126200 3622 16125 6101 31979
1504125900 13584 64169 22369 101958
1504125600 15793 109652 22369 118686
1504125300 13343 277375 19530 463663
1504125000 16594 308184 19530 463663
1504124700 17162 159332 21813 198328
1504124400 19123 239900 21813 288702
1504124100 14438 247209 15966 288702
1504123800 13119 159892 13670 198501
1504123500 17072 144569 21066 179078
1504123200 22888 186146 25029 194444
1504122900 22916 177874 25029 194444
1504122600 22138 227459 24138 308502
1504122300 20339 237273 24138 308502
1504122000 23717 363444 32795 606435
1504121700 32053 593629 32795 606435
1504121400 31523 357640 31921 578596
1504121100 27013 104092 31921 110943
1504120800 18132 110514 21252 110943
1504120500 39264 574638 68372 1120069
1504120200 75401 936212 83653 1120069
1504119900 60932 638857 83653 720382
1504119600 28883 365045 34616 544429
1504119300 19819 146420 22243 157270
1504119000 21848 176667 27525 226928
1504118700 48949 211441 74100 226928
1504118400 71006 194916 74100 196858
1504118100 54327 186593 67374 196858
1504117800 39110 183731 39227 194517
1504117500 34813 189994 39227 194517
1504117200 31763 166438 44335 184685
1504116000 17505 165542 28320 243558
1504114200 16249 219511 25303 446388
1504112400 12764 182952 20161 323382
1504110600 23045 200202 64611 339262
1504108800 44417 476006 118669 1229980
1504107000 21247 138035 30223 248647
1504105200 29995 257621 54057 373676
1504103400 18192 266883 36260 553273
1504101600 101306 238245 494741 379601
1504099800 18299 211454 48596 330913
1504098000 12763 113262 48596 330913
1504096200 2663 29764 7188 155896
1504094400 527 1934 2141 12785
1504092600 284 554 517 1654
1504090800 282 462 315 532
1504089000 1622 2039 2117 2539
1504087200 1761 1980 2515 2991
1504085400 271 254 396 403
1504083600 274 251 320 293
1504081800 252 238 298 250
1504080000 660 497 2155 1671
1504078200 49300 4122 170414 12096
1504076400 1658 3762 2809 14127
1504074600 438 483 2015 2515
1504072800 255 240 315 272
1504071000 272 243 315 288
1504069200 251 237 308 300
1504067400 271 245 305 320
1504065600 271 242 306 284
1504063800 259 245 306 310
1504062000 262 244 303 280
1504060200 256 259 303 350
1504058400 264 313 409 574
1504056600 285 277 323 379
1504054800 312 266 371 331
1504053000 303 265 351 299
1504051200 293 285 329 380
1504049400 310 273 350 340
1504047600 303 267 350 292
1504045800 397 617 1237 2921
1504044000 4391 19346 9138 46682
1504042200 4456 60719 8278 104575
1504040400 23172 165796 75633 736677
1504038600 37865 517937 82473 1562539
1504036800 52644 265715 201793 498809
1504035000 28813 263194 63972 489212
1504033200 32810 332036 69217 731972
1504031400 18935 627366 25532 836164
1504029600 31670 751269 43170 834868
1504027800 26416 379199 38671 657729
1504026000 8057 57004 35479 342926
1504024200 6852 81362 8638 151770
1504022400 25333 643466 45888 1394808
1504020600 20357 441367 45888 712552
1504018800 14903 491855 25357 712552
1504017000 19516 293247 26410 556448
1504015200 31443 266407 82259 751828
1504013400 148458 124266 306953 290725
1504011600 12978 17632 56311 43257
1504009800 7991 3221 56311 11083
1504008000 16100 227370 55364 1005463
1504006200 145904 160620 862761 620746
1504004400 235 270 259 341
1504002600 249 277 268 340
1504000800 900 1041 2229 3143
1503999000 1259 1719 2534 4074
1503997200 218 274 255 313
1503995400 211 270 268 306
1503993600 235 283 268 366
1503991800 237 280 245 377
1503990000 228 280 243 335
1503988200 237 272 248 334
1503986400 214 272 251 339
1503984600 235 288 266 383
1503982800 249 283 307 325
1503981000 230 282 276 318
1503979200 233 279 271 346
1503977400 228 270 271 315
1503975600 242 281 289 321
1503973800 237 275 289 341
1503972000 243 276 285 372
1503970200 221 283 285 375
1503968400 329 382 440 553
1503966600 342 377 440 451
1503964800 349 350 433 425
1503963000 451 2165 1148 11320
1503961200 354 384 415 552
1503959400 387 516 450 927
1503957600 685 2022 1101 4726
1503955800 6885 51362 16421 193595
1503954000 28336 267365 88932 1062502
1503952200 53917 934176 137454 3475623
1503950400 23534 578462 35278 791549
1503948600 51492 1086417 76594 1580748
1503946800 62580 1213139 111340 2287626
1503945000 50340 836262 111340 2287626
1503943200 37886 397262 91230 741253
1503941400 24447 402292 42604 741253
1503939600 11590 111968 42604 513116
1503937800 32306 132107 78071 196592
1503936000 36495 658711 64608 2198036
1503934200 29143 594876 34555 1122951
1503932400 53531 578740 88244 936433
1503930600 56413 593931 97510 810246
1503928800 78696 610429 119059 928049
1503927000 51630 387585 108460 1074024
1503925200 19442 144741 108460 1074024
1503923400 15173 43567 27607 120006
1503921600 19330 67326 56174 215256
1503919800 861 1311 1555 2820
1503918000 742 1328 1334 3413
1503916200 746 1836 1154 5339
1503914400 969 1452 1694 3077
1503912600 812 1299 1278 2642
1503910800 414 572 715 1618
1503909000 237 210 341 305
1503907200 371 333 462 438
1503905400 210 190 235 243
1503903600 208 187 230 216
1503901800 213 190 239 229
1503900000 561 772 1473 2705
1503898200 1080 1648 1473 2705
1503896400 552 695 1026 1590
1503894600 300 362 955 1590
1503892800 1180 2030 1393 2492
1503891000 377 401 988 1548
1503889200 215 195 268 299
1503887400 555 1380 1022 5816
1503885600 387 343 513 567
1503883800 237 214 402 382
1503882000 413 567 531 1660
1503880200 462 450 627 687
1503878400 240 216 549 516
1503876600 865 1411 1557 2737
1503874800 888 1559 1780 3805
1503873000 212 186 245 281
1503871200 728 1103 1220 2350
1503869400 725 1133 1351 2282
1503867600 220 198 280 287
1503865800 213 186 243 267
1503864000 215 190 252 263
1503862200 989 1349 4045 4112
1503860400 1240 2163 4045 4358
1503858600 594 975 1244 3436
1503856800 277 244 392 410
1503855000 411 407 712 931
1503853200 364 322 566 600
1503851400 907 1230 2642 2627
1503849600 925 1145 2642 2152
1503847800 374 382 640 788
1503846000 326 293 457 471
1503844200 308 270 387 384
1503842400 879 1273 1596 2658
1503840600 764 1144 1282 2406
1503838800 217 194 264 222
1503837000 713 1051 1349 2217
1503835200 893 1293 1286 2160
1503833400 452 413 608 609
1503831600 316 285 411 420
1503829800 432 1237 1258 6245
1503828000 312 286 450 444
1503826200 808 1085 1621 2758
1503824400 1087 1999 1841 3632
1503822600 438 497 849 1449
1503820800 285 257 394 413
1503819000 777 1082 1521 2727
1503817200 1208 2246 1767 4678
1503815400 275 245 482 461
1503813600 217 193 227 246
1503811800 702 959 1791 2605
1503810000 1177 1864 1791 2907
1503808200 279 256 519 552
1503806400 200 186 237 206
1503804600 362 355 522 563
1503802800 330 277 732 605
1503801000 1213 1974 1663 2903
1503799200 576 892 1507 2577
1503797400 1113 1839 1852 3516
1503795600 712 1029 1655 3164
1503793800 219 190 245 241
1503792000 200 183 237 223
1503790200 291 264 492 506
1503788400 410 363 492 420
1503786600 1038 1789 1566 3017
1503784800 828 1178 1609 2867
1503783000 881 906 2232 2186
1503781200 236 203 339 325
1503779400 209 183 242 213
1503777600 228 194 348 282
1503775800 425 732 603 2731
1503774000 461 389 835 737
1503772200 458 866 655 3293
1503770400 223 191 254 211
1503768600 226 199 274 231
1503766800 238 204 437 407
1503765000 45058 4693 270051 27226
1503763200 227 192 270 216
1503761400 687 943 1744 2909
1503759600 1285 2600 1882 4420
1503757800 61728 2866 800847 33531
1503756000 71876 3230 800847 33531
1503754200 357 329 463 489
1503752400 297 256 478 398
1503750600 222 193 274 218
1503748800 333 281 411 331
1503747000 327 327 520 695
1503745200 419 577 1363 2789
1503743400 1434 2386 2156 3092
1503741600 557 519 2156 2172
1503739800 265 239 374 338
1503738000 214 198 231 227
1503736200 448 458 837 1025
1503734400 268 250 725 749
1503732600 648 734 2189 3083
1503730800 1649 2465 2189 3117
1503729000 212 203 234 234
1503727200 224 194 252 226
1503725400 347 386 645 981
1503723600 423 603 704 1835
1503721800 431 418 518 632
1503720000 1486 1984 1966 2808
1503718200 673 765 1722 2521
1503716400 305 272 595 613
1503714600 387 366 511 475
1503712800 254 242 377 435
1503711000 415 487 631 927
1503709200 228 200 253 242
1503707400 301 293 624 692
1503705600 380 356 509 598
1503703800 214 252 247 303
1503702000 2021 2293 6777 8339
1503700200 17053 13004 20170 23835
1503698400 6050 6963 12325 13094
1503696600 17222 255445 126005 3134901
1503694800 54753 408200 204565 3134901
1503693000 17573 169460 33244 342176
1503691200 35951 537055 44350 668331
1503689400 75294 814467 137437 1814064
1503687600 36748 335272 58234 559527
1503685800 30944 252161 45416 397941
1503684000 43323 617017 78252 750550
1503682200 43985 497249 61591 984369
1503680400 19721 220084 31462 515886
1503678600 30172 148174 56803 368772
1503676800 33641 274699 42704 575430
1503675000 35076 287796 91087 432595
1503673200 28970 196318 44645 432595
1503671400 25952 339085 40161 741257
1503669600 44819 268233 91711 418626
1503667800 42337 162288 154327 296748
1503666000 21325 73662 154327 185564
1503664200 2502 7737 5505 28112
1503662400 771 2179 1343 11883
1503660600 1119 1542 1759 2721
1503658800 623 755 798 923
1503657000 357 393 643 731
1503655200 265 300 389 480
1503653400 273 315 317 396
1503651600 265 303 290 396
1503649800 262 296 303 376
1503648000 387 438 643 742
1503646200 410 462 661 770
1503644400 457 548 619 856
1503642600 299 319 362 373
1503640800 312 333 404 393
1503639000 337 367 564 573
1503637200 300 327 397 363
1503635400 395 447 594 701
1503633600 358 352 590 701
1503631800 344 359 881 1059
1503630000 1275 1936 1886 3065
1503628200 323 371 805 1113
1503626400 582 782 780 1176
1503624600 332 350 534 632
1503622800 331 324 469 471
1503621000 360 359 469 471
1503619200 373 351 458 406
1503617400 373 365 612 681
1503615600 733 732 964 1075
1503613800 808 841 1012 1147
1503612000 1473 4294 2433 11694
1503610200 5718 21810 8244 52787
1503608400 27269 116630 102497 334201
1503606600 36846 611665 132087 2831611
1503604800 19982 207491 33599 514352
1503603000 35166 584467 51877 890128
1503601200 34488 657840 56949 970354
1503599400 31065 724420 53237 1436713
1503597600 25345 596800 34428 814124
1503595800 929193 531282 1610984 637691
1503594000 117448 319472 393254 493580
1503592200 17631 84105 19635 115891
1503590400 26490 405381 32701 705723
1503588600 29605 636408 32701 705723
1503586800 29085 596800 30127 611444
1503585000 22656 518077 30127 611444
1503583200 37571 525096 39032 527047
1503581400 53781 268170 59635 527047
1503579600 17913 44652 18702 45206
1503577800 5703 36089 5703 36089
1503576000 2112 8635 5703 36089
1503574200 2642 3897 3071 4442
1503572400 7823 27168 10569 40296
1503570600 7102 24618 10569 40296
1503568800 2302 3418 2478 3696
1503567000 899 1191 899 1191
1503565200 2276 2926 2421 3109
1503563400 2296 2929 2421 3109
1503561600 1870 2310 1870 2310
1503559800 4166 5305 5636 7221
1503558000 5636 7221 5636 7221
1503556200 21960 7945 24352 8052
1503554400 7812 5962 24352 8052
1503552600 1307 2574 1918 5218
1503550800 1559 2083 1675 2257
1503549000 1798 2319 2439 3071
1503547200 1873 2361 2439 3071
1503545400 79507 4865 105165 5983
1503543600 2065 1755 105165 5983
1503541800 1057 1417 1586 2180
1503540000 1656 2253 1932 2927
1503538200 3352 4450 4671 5900
1503536400 920 1581 1643 2140
1503534600 3263 4131 7711 9701
1503532800 2620 5399 7711 9701
1503531000 2963 7953 3572 13340
1503529200 3767 7352 7516 19163
1503527400 6465 53770 12441 210898
1503525600 6020 11020 11303 19956
1503523800 8120 29752 12450 101828
1503522000 41001 795019 141301 3730214
1503520200 42457 266124 57055 587699
1503518400 36353 457463 46957 837613
1503516600 50632 403766 128312 642474
1503514800 17391 128020 32963 236940
1503513000 25446 252992 60230 534791
1503511200 27689 326426 60230 534791
1503509400 178730 645813 739942 1404420
1503507600 18479 89377 58380 127828
1503505800 23344 77051 80887 135630
1503504000 24622 161100 80887 340873
1503502200 37612 224680 46867 353216
1503500400 25121 239260 62583 480160
1503498600 59984 470351 75690 561645
1503496800 18232 396727 47560 653068
1503495000 23106 204631 33026 398648
1503493200 8491 72676 33026 398648
1503491400 2860 6823 4577 17451
1503489600 106928 12714 380102 31813
1503487800 1730 2834 6641 11106
1503486000 2176 2808 10226 13201
1503484200 2392 2980 11105 14070
1503482400 310 395 482 999
1503480600 1307 1672 5945 7568
1503478800 305 330 386 478
1503477000 1289 1680 4981 6340
1503475200 3381 4009 7850 9611
1503473400 3241 4023 16297 20450
1503471600 2814 3559 5812 7410
1503469800 19236 6537 131957 31324
1503468000 8132 3188 131957 13266
1503466200 2343 3334 5495 7249
1503464400 1014 1439 2688 3915
1503462600 1383 1831 2434 4525
1503460800 1518 1779 2434 2850
1503459000 2497 3175 14236 18069
1503457200 3012 3754 14236 18069
1503455400 1335 1691 7964 9953
1503453600 647 851 5178 6679
1503451800 1150 2055 5277 6096
1503450000 712 841 5277 6096
1503448200 402 378 530 611
1503446400 537 648 737 940
1503444600 435 433 737 940
1503442800 1222 1519 5329 6819
1503441000 872 1989 5329 10560
1503439200 2260 2611 2444 10560
1503437400 2634 23873 5520 73651
1503435600 12957 32859 26983 56337
1503433800 16877 145201 23177 369020
1503432000 34605 555024 48336 904090
1503430200 35152 245761 50627 346325
1503428400 37724 423825 48806 774304
1503426600 28192 151958 50838 497605
1503424800 47310 90765 209261 143584
1503423000 16150 183768 23315 314794
1503421200 13964 182027 22056 378342
1503419400 13780 152219 21449 378342
1503417600 16918 98206 21352 319408
1503415800 21354 149505 29941 205646
1503414000 23831 182307 32905 336006
1503412200 31388 459844 39468 729335
1503410400 28677 474728 35861 647687
1503408600 148436 603213 431413 1114547
1503406800 105436 156543 558099 1114547
1503405000 1411 13552 14183 288894
1503403200 9997 16580 55913 60442
1503401400 2559 3152 55913 60442
1503399600 461 566 1645 2015
1503397800 456 516 1645 2015
1503396000 240 228 261 261
1503394200 260 244 359 320
1503392400 543 614 2105 2679
1503390600 890 1046 2105 2679
1503388800 608 1009 761 1368
1503387000 321 406 761 1368
1503385200 608 1078 778 1592
1503383400 566 943 927 2262
1503381600 1612 1965 4348 4764
1503379800 1855 2335 4348 4764
1503378000 237 242 264 272
1503376200 1055 1188 1368 1984
1503374400 467 434 1248 1161
1503372600 238 252 274 290
1503370800 236 247 264 297
1503369000 232 245 264 290
1503367200 406 432 750 834
1503365400 531 752 833 1306
1503363600 1281 1659 1698 3048
1503361800 577 658 1698 3048
1503360000 667 1017 880 1479
1503358200 520 836 832 1923
1503356400 355 342 385 387
1503354600 1049 1600 2473 3381
1503352800 4031 6377 4707 8913
1503351000 13387 214113 22742 434873
1503349200 14443 84536 22742 336346
1503347400 12339 68626 19528 196870
1503345600 13346 114976 17102 231090
1503343800 15444 146035 24512 317585
1503342000 19661 174695 34831 302732
1503340200 28916 237974 40007 464496
1503338400 29809 74573 114379 193030
1503336600 33104 167073 85094 372291
1503334800 10539 42215 42482 103478
1503333000 25065 92518 95017 312623
1503331200 17912 106440 29061 312623
1503329400 27090 261709 46465 520080
1503327600 42368 489598 60076 761701
1503325800 32715 327558 66706 684509
1503324000 14879 132190 66706 512898
1503322200 277 207 277 207
1503320400 277 207 277 207
1503318600 277 207 277 207
1503316800 277 207 277 207
1503315000 277 207 277 207
1503313200 277 207 277 207
1503311400 277 207 277 207
1503309600 277 207 277 207
1503307800 277 207 277 207
1503306000 277 207 277 207
1503304200 277 207 277 207
1503302400 277 207 277 207
1503300600 277 207 277 207
1503298800 277 207 277 207
1503297000 277 207 277 207
1503295200 277 207 277 207
1503293400 277 207 277 207
1503291600 277 207 277 207
1503289800 277 207 277 207
1503288000 277 207 277 207
1503286200 277 207 277 207
1503284400 277 207 277 207
1503282600 277 207 277 207
1503280800 277 207 277 207
1503279000 277 207 277 207
1503277200 277 207 277 207
1503275400 277 207 277 207
1503273600 277 207 277 207
1503271800 277 207 277 207
1503270000 277 207 277 207
1503268200 277 207 277 207
1503266400 277 207 277 207
1503264600 277 207 277 207
1503262800 277 207 277 207
1503261000 277 207 277 207
1503259200 277 207 277 207
1503257400 277 207 277 207
1503255600 277 207 277 207
1503253800 277 207 277 207
1503252000 277 207 277 207
1503250200 277 207 277 207
1503248400 277 207 277 207
1503246600 277 207 277 207
1503244800 277 207 277 207
1503243000 277 207 277 207
1503241200 277 207 277 207
1503239400 277 207 277 207
1503237600 277 207 277 207
1503235800 277 207 277 207
1503234000 277 207 277 207
1503232200 277 207 277 207
1503230400 277 207 277 207
1503228600 277 207 277 207
1503226800 277 207 277 207
1503225000 277 207 277 207
1503223200 277 207 277 207
1503221400 277 207 277 207
1503219600 277 207 277 207
1503217800 277 207 277 207
1503216000 277 207 277 207
1503214200 277 207 277 207
1503212400 277 207 277 207
1503210600 277 207 277 207
1503208800 277 207 277 207
1503207000 277 207 277 207
1503205200 277 207 277 207
1503203400 277 207 277 207
1503201600 277 207 277 207
1503199800 277 207 277 207
1503198000 277 207 277 207
1503196200 277 207 277 207
1503194400 277 207 277 207
1503192600 277 207 277 207
1503190800 277 207 277 207
1503189000 277 207 277 207
1503187200 277 207 277 207
1503185400 277 207 277 207
1503183600 277 207 277 207
1503181800 277 207 277 207
1503180000 277 207 277 207
1503178200 277 207 277 207
1503176400 277 207 277 207
1503174600 277 207 277 207
1503172800 277 207 277 207
1503171000 277 207 277 207
1503169200 277 207 277 207
1503167400 277 207 277 207
1503165600 277 207 277 207
1503163800 277 207 277 207
1503162000 277 207 277 207
1503160200 277 207 277 207
1503158400 277 207 277 207
1503156600 277 207 277 207
1503154800 277 207 277 207
1503153000 277 207 277 207
1503151200 277 207 277 207
1503149400 277 207 277 207
1503147600 277 207 277 207
1503145800 277 207 277 207
1503144000 277 207 277 207
1503142200 277 207 277 207
1503140400 277 207 277 207
1503138600 277 207 277 207
1503136800 277 207 277 207
1503135000 277 207 277 207
1503133200 277 207 277 207
1503131400 277 207 277 207
1503129600 277 207 277 207
1503127800 277 207 277 207
1503126000 277 207 277 207
1503124200 277 207 277 207
1503122400 277 207 277 207
1503120600 277 207 277 207
1503118800 277 207 277 207
1503117000 277 207 277 207
1503115200 277 207 277 207
1503113400 277 207 277 207
1503111600 277 207 277 207
1503109800 277 207 277 207
1503108000 277 207 277 207
1503106200 277 207 277 207
1503104400 277 207 277 207
1503102600 277 207 277 207
1503100800 277 207 277 207
1503099000 277 207 277 207
1503097200 277 207 277 207
1503095400 277 207 277 207
1503093600 277 207 277 207
1503091800 277 207 277 207
1503090000 277 207 277 207
1503088200 277 207 277 207
1503086400 277 207 277 207
1503084600 277 207 277 207
1503082800 277 207 277 207
1503081000 277 207 277 207
1503079200 277 207 277 207
1503077400 277 207 277 207
1503075600 277 207 277 207
1503073800 277 207 277 207
1503072000 277 207 277 207
1503070200 277 207 277 207
1503068400 277 207 277 207
1503066600 277 207 277 207
1503064800 277 207 277 207
1503063000 277 207 277 207
1503061200 277 207 277 207
1503059400 277 207 277 207
1503057600 277 207 277 207
1503055800 277 207 277 207
1503054000 277 207 277 207
1503052200 277 207 277 207
1503050400 277 207 277 207
1503048600 277 207 277 207
1503046800 277 207 277 207
1503045000 277 207 277 207
1503043200 277 207 277 207
1503041400 277 207 277 207
1503039600 277 207 277 207
1503037800 277 207 277 207
1503036000 277 207 277 207
1503028800 277 207 277 207
1503021600 277 207 277 207
1503014400 277 207 277 207
1503007200 277 207 277 207
1503000000 277 207 277 207
1502992800 277 207 277 207
1502985600 277 207 277 207
1502978400 277 207 277 207
1502971200 277 207 277 207
1502964000 277 207 277 207
1502956800 277 207 277 207
1502949600 277 207 277 207
1502942400 277 207 277 207
1502935200 277 207 277 207
1502928000 277 207 277 207
1502920800 277 207 277 207
1502913600 277 207 277 207
1502906400 277 207 277 207
1502899200 277 207 277 207
1502892000 277 207 277 207
1502884800 277 207 277 207
1502877600 277 207 277 207
1502870400 277 207 277 207
1502863200 277 207 277 207
1502856000 277 207 277 207
1502848800 277 207 277 207
1502841600 277 207 277 207
1502834400 277 207 277 207
1502827200 277 207 277 207
1502820000 277 207 277 207
1502812800 277 207 277 207
1502805600 277 207 277 207
1502798400 277 207 277 207
1502791200 277 207 277 207
1502784000 277 207 277 207
1502776800 277 207 277 207
1502769600 277 207 277 207
1502762400 277 207 277 207
1502755200 277 207 277 207
1502748000 277 207 277 207
1502740800 277 207 277 207
1502733600 277 207 277 207
1502726400 277 207 277 207
1502719200 277 207 277 207
1502712000 277 207 277 207
1502704800 277 207 277 207
1502697600 277 207 277 207
1502690400 277 207 277 207
1502683200 277 207 277 207
1502676000 277 207 277 207
1502668800 277 207 277 207
1502661600 277 207 277 207
1502654400 277 207 277 207
1502647200 277 207 277 207
1502640000 277 207 277 207
1502632800 277 207 277 207
1502625600 277 207 277 207
1502618400 277 207 277 207
1502611200 277 207 277 207
1502604000 277 207 277 207
1502596800 277 207 277 207
1502589600 277 207 277 207
1502582400 277 207 277 207
1502575200 277 207 277 207
1502568000 277 207 277 207
1502560800 277 207 277 207
1502553600 277 207 277 207
1502546400 277 207 277 207
1502539200 277 207 277 207
1502532000 277 207 277 207
1502524800 277 207 277 207
1502517600 277 207 277 207
1502510400 277 207 277 207
1502503200 277 207 277 207
1502496000 277 207 277 207
1502488800 277 207 277 207
1502481600 277 207 277 207
1502474400 277 207 277 207
1502467200 277 207 277 207
1502460000 277 207 277 207
1502452800 277 207 277 207
1502445600 277 207 277 207
1502438400 277 207 277 207
1502431200 277 207 277 207
1502424000 277 207 277 207
1502416800 277 207 277 207
1502409600 277 207 277 207
1502402400 277 207 277 207
1502395200 277 207 277 207
1502388000 277 207 277 207
1502380800 277 207 277 207
1502373600 277 207 277 207
1502366400 277 207 277 207
1502359200 277 207 277 207
1502352000 277 207 277 207
1502344800 277 207 277 207
1502337600 277 207 277 207
1502330400 277 207 277 207
1502323200 277 207 277 207
1502316000 277 207 277 207
1502308800 277 207 277 207
1502301600 277 207 277 207
1502294400 277 207 277 207
1502287200 277 207 277 207
1502280000 277 207 277 207
1502272800 277 207 277 207
1502265600 277 207 277 207
1502258400 277 207 277 207
1502251200 277 207 277 207
1502244000 277 207 277 207
1502236800 277 207 277 207
1502229600 277 207 277 207
1502222400 277 207 277 207
1502215200 277 207 277 207
1502208000 277 207 277 207
1502200800 277 207 277 207
1502193600 277 207 277 207
1502186400 277 207 277 207
1502179200 277 207 277 207
1502172000 277 207 277 207
1502164800 277 207 277 207
1502157600 277 207 277 207
1502150400 277 207 277 207
1502143200 277 207 277 207
1502136000 277 207 277 207
1502128800 277 207 277 207
1502121600 277 207 277 207
1502114400 277 207 277 207
1502107200 277 207 277 207
1502100000 277 207 277 207
1502092800 277 207 277 207
1502085600 277 207 277 207
1502078400 277 207 277 207
1502071200 277 207 277 207
1502064000 277 207 277 207
1502056800 277 207 277 207
1502049600 277 207 277 207
1502042400 277 207 277 207
1502035200 277 207 277 207
1502028000 277 207 277 207
1502020800 277 207 277 207
1502013600 277 207 277 207
1502006400 277 207 277 207
1501999200 277 207 277 207
1501992000 277 207 277 207
1501984800 277 207 277 207
1501977600 277 207 277 207
1501970400 277 207 277 207
1501963200 277 207 277 207
1501956000 277 207 277 207
1501948800 277 207 277 207
1501941600 277 207 277 207
1501934400 277 207 277 207
1501927200 277 207 277 207
1501920000 277 207 277 207
1501912800 277 207 277 207
1501905600 277 207 277 207
1501898400 277 207 277 207
1501891200 277 207 277 207
1501884000 277 207 277 207
1501876800 277 207 277 207
1501869600 277 207 277 207
1501862400 277 207 277 207
1501855200 277 207 277 207
1501848000 277 207 277 207
1501840800 277 207 277 207
1501833600 277 207 277 207
1501826400 277 207 277 207
1501819200 277 207 277 207
1501812000 277 207 277 207
1501804800 277 207 277 207
1501797600 277 207 277 207
1501790400 277 207 277 207
1501783200 277 207 277 207
1501776000 277 207 277 207
1501768800 277 207 277 207
1501761600 277 207 277 207
1501754400 277 207 277 207
1501747200 277 207 277 207
1501740000 277 207 277 207
1501732800 277 207 277 207
1501725600 277 207 277 207
1501718400 277 207 277 207
1501711200 277 207 277 207
1501704000 277 207 277 207
1501696800 277 207 277 207
1501689600 277 207 277 207
1501682400 277 207 277 207
1501675200 277 207 277 207
1501668000 277 207 277 207
1501660800 277 207 277 207
1501653600 277 207 277 207
1501646400 277 207 277 207
1501639200 277 207 277 207
1501632000 277 207 277 207
1501624800 277 207 277 207
1501617600 277 207 277 207
1501610400 277 207 277 207
1501603200 277 207 277 207
1501596000 277 207 277 207
1501588800 277 207 277 207
1501581600 277 207 277 207
1501574400 277 207 277 207
1501567200 277 207 277 207
1501560000 277 207 277 207
1501552800 277 207 277 207
1501545600 277 207 277 207
1501538400 277 207 277 207
1501531200 277 207 277 207
1501524000 277 207 277 207
1501516800 277 207 277 207
1501509600 277 207 277 207
1501502400 277 207 277 207
1501495200 277 207 277 207
1501488000 277 207 277 207
1501480800 277 207 277 207
1501473600 277 207 277 207
1501466400 277 207 277 207
1501459200 277 207 277 207
1501452000 277 207 277 207
1501444800 277 207 277 207
1501437600 277 207 277 207
1501430400 277 207 277 207
1501423200 277 207 277 207
1501416000 277 207 277 207
1501408800 277 207 277 207
1501401600 277 207 277 207
1501394400 277 207 277 207
1501387200 277 207 277 207
1501380000 277 207 277 207
1501372800 277 207 277 207
1501365600 277 207 277 207
1501358400 277 207 277 207
1501351200 277 207 277 207
1501344000 277 207 277 207
1501336800 277 207 277 207
1501329600 277 207 277 207
1501322400 277 207 277 207
1501315200 277 207 277 207
1501308000 277 207 277 207
1501300800 277 207 277 207
1501293600 277 207 277 207
1501286400 277 207 277 207
1501279200 277 207 277 207
1501272000 277 207 277 207
1501264800 277 207 277 207
1501257600 277 207 277 207
1501250400 277 207 277 207
1501243200 277 207 277 207
1501236000 277 207 277 207
1501228800 277 207 277 207
1501221600 277 207 277 207
1501214400 277 207 277 207
1501207200 277 207 277 207
1501200000 277 207 277 207
1501192800 277 207 277 207
1501185600 277 207 277 207
1501178400 277 207 277 207
1501171200 277 207 277 207
1501164000 277 207 277 207
1501156800 277 207 277 207
1501149600 277 207 277 207
1501142400 277 207 277 207
1501135200 277 207 277 207
1501128000 277 207 277 207
1501120800 277 207 277 207
1501113600 277 207 277 207
1501106400 277 207 277 207
1501099200 277 207 277 207
1501092000 277 207 277 207
1501084800 277 207 277 207
1501077600 277 207 277 207
1501070400 277 207 277 207
1501063200 277 207 277 207
1501056000 277 207 277 207
1501048800 277 207 277 207
1501041600 277 207 277 207
1501034400 277 207 277 207
1501027200 277 207 277 207
1501020000 277 207 277 207
1501012800 277 207 277 207
1501005600 277 207 277 207
1500998400 277 207 277 207
1500991200 277 207 277 207
1500984000 277 207 277 207
1500976800 277 207 277 207
1500969600 277 207 277 207
1500962400 277 207 277 207
1500955200 277 207 277 207
1500948000 277 207 277 207
1500940800 277 207 277 207
1500933600 277 207 277 207
1500926400 277 207 277 207
1500919200 277 207 277 207
1500912000 277 207 277 207
1500904800 277 207 277 207
1500897600 277 207 277 207
1500890400 277 207 277 207
1500883200 277 207 277 207
1500876000 277 207 277 207
1500868800 277 207 277 207
1500861600 277 207 277 207
1500854400 277 207 277 207
1500847200 277 207 277 207
1500840000 277 207 277 207
1500832800 277 207 277 207
1500825600 277 207 277 207
1500818400 277 207 277 207
1500811200 277 207 277 207
1500804000 277 207 277 207
1500796800 277 207 277 207
1500789600 277 207 277 207
1500782400 277 207 277 207
1500775200 277 207 277 207
1500768000 277 207 277 207
1500760800 277 207 277 207
1500753600 277 207 277 207
1500746400 277 207 277 207
1500739200 277 207 277 207
1500732000 277 207 277 207
1500724800 273 204 277 207
1500717600 250 204 260 223
1500710400 259 195 275 202
1500703200 290 222 342 264
1500696000 495 4744 1180 18763
1500688800 306 236 431 329
1500681600 516 403 1917 945
1500674400 9901 84407 61092 597936
1500667200 25006 337324 42438 581574
1500660000 21240 124636 56701 495278
1500652800 27958 234434 75682 1097969
1500645600 71383 207988 481638 1164537
1500638400 8073 4671 109551 46013
1500631200 1884 2390 5256 6796
1500624000 773 881 2824 3319
1500616800 437 613 712 3642
1500609600 1041 1031 13179 11427
1500602400 1281 1117 6982 3836
1500595200 982 1300 3369 4541
1500588000 13271 184051 79797 2928115
1500580800 21871 330043 75703 951673
1500573600 26692 241842 70927 1031845
1500566400 21311 250804 69502 645717
1500559200 49162 192900 361595 1744408
1500552000 7868 4314 123735 36850
1500544800 233 198 628 967
1500537600 212 179 267 305
1500530400 773 723 3246 3387
1500523200 278 357 744 2665
1500516000 927 1025 3427 4080
1500508800 1175 1518 3395 9967
1500501600 6866 42735 30843 237698
1500494400 19177 114878 32158 404623
1500487200 32932 109037 138223 270917
1500480000 25893 150055 45666 381497
1500472800 11486 79807 71642 626966
1500465600 190 272 190 272
1500458400 190 272 190 272
1500451200 190 272 190 272
1500444000 190 272 190 272
1500436800 190 272 190 272
1500429600 190 272 190 272
1500422400 190 272 190 272
1500415200 190 272 190 272
1500408000 190 272 190 272
1500400800 190 272 190 272
1500393600 190 272 190 272
1500386400 190 272 190 272
1500379200 190 272 190 272
1500372000 190 272 190 272
1500364800 190 272 190 272
1500357600 190 272 190 272
1500350400 190 272 190 272
1500343200 190 272 190 272
1500336000 190 272 190 272
1500328800 190 272 190 272
1500321600 190 272 190 272
1500314400 190 272 190 272
1500307200 190 272 190 272
1500300000 190 272 190 272
1500292800 190 272 190 272
1500285600 190 272 190 272
1500278400 190 272 190 272
1500271200 190 272 190 272
1500264000 190 272 190 272
1500256800 190 272 190 272
1500249600 190 272 190 272
1500242400 190 272 190 272
1500235200 190 272 190 272
1500228000 190 272 190 272
1500220800 190 272 190 272
1500213600 190 272 190 272
1500206400 190 272 190 272
1500199200 190 272 190 272
1500192000 190 272 190 272
1500184800 190 272 190 272
1500177600 190 272 190 272
1500170400 190 272 190 272
1500163200 190 272 190 272
1500156000 190 272 190 272
1500148800 190 272 190 272
1500141600 190 272 190 272
1500134400 190 272 190 272
1500127200 190 272 190 272
1500120000 190 272 190 272
1500112800 190 272 190 272
1500105600 190 272 190 272
1500098400 190 272 190 272
1500091200 190 272 190 272
1500084000 190 272 190 272
1500076800 190 272 190 272
1500069600 190 272 190 272
1500062400 190 272 190 272
1500055200 190 272 190 272
1500048000 190 272 190 272
1500040800 190 272 190 272
1500033600 190 272 190 272
1500026400 190 272 190 272
1500019200 190 272 190 272
1500012000 190 272 190 272
1500004800 190 272 190 272
1499997600 190 272 190 272
1499990400 190 272 190 272
1499983200 190 272 190 272
1499976000 190 272 190 272
1499968800 190 272 190 272
1499961600 190 272 190 272
1499954400 190 272 190 272
1499947200 190 272 190 272
1499940000 190 272 190 272
1499932800 190 272 190 272
1499925600 190 272 190 272
1499918400 190 272 190 272
1499911200 190 272 190 272
1499904000 190 272 190 272
1499896800 190 272 190 272
1499889600 190 272 190 272
1499882400 190 272 190 272
1499875200 190 272 190 272
1499868000 190 272 190 272
1499860800 190 272 190 272
1499853600 190 272 190 272
1499846400 190 272 190 272
1499839200 190 272 190 272
1499832000 190 272 190 272
1499824800 190 272 190 272
1499817600 190 272 190 272
1499810400 190 272 190 272
1499803200 190 272 190 272
1499796000 190 272 190 272
1499788800 190 272 190 272
1499781600 190 272 190 272
1499774400 190 272 190 272
1499767200 190 272 190 272
1499760000 190 272 190 272
1499752800 190 272 190 272
1499745600 190 272 190 272
1499738400 190 272 190 272
1499731200 190 272 190 272
1499724000 190 272 190 272
1499716800 190 272 190 272
1499709600 190 272 190 272
1499702400 190 272 190 272
1499695200 190 272 190 272
1499688000 190 272 190 272
1499680800 190 272 190 272
1499673600 190 272 190 272
1499666400 190 272 190 272
1499659200 190 272 190 272
1499652000 190 272 190 272
1499644800 190 272 190 272
1499637600 190 272 190 272
1499630400 190 272 190 272
1499623200 190 272 190 272
1499616000 190 272 190 272
1499608800 190 272 190 272
1499601600 190 272 190 272
1499594400 190 272 190 272
1499587200 190 272 190 272
1499580000 190 272 190 272
1499572800 190 272 190 272
1499565600 190 272 190 272
1499558400 190 272 190 272
1499551200 190 272 190 272
1499544000 190 272 190 272
1499536800 190 272 190 272
1499529600 190 272 190 272
1499522400 190 272 190 272
1499515200 190 272 190 272
1499508000 190 272 190 272
1499500800 190 272 190 272
1499493600 190 272 190 272
1499486400 190 272 190 272
1499479200 190 272 190 272
1499472000 190 272 190 272
1499464800 190 272 190 272
1499457600 190 272 190 272
1499450400 190 272 190 272
1499443200 190 272 190 272
1499436000 190 272 190 272
1499428800 190 272 190 272
1499421600 190 272 190 272
1499414400 190 272 190 272
1499407200 190 272 190 272
1499400000 190 272 190 272
1499392800 190 272 190 272
1499385600 190 272 190 272
1499378400 190 272 190 272
1499371200 190 272 190 272
1499364000 190 272 190 272
1499356800 190 272 190 272
1499349600 190 272 190 272
1499342400 190 272 190 272
1499335200 190 272 190 272
1499328000 190 272 190 272
1499320800 190 272 190 272
1499313600 190 272 190 272
1499306400 190 272 190 272
1499299200 190 272 190 272
1499292000 190 272 190 272
1499284800 190 272 190 272
1499277600 190 272 190 272
1499270400 190 272 190 272
1499263200 190 272 190 272
1499256000 190 272 190 272
1499248800 190 272 190 272
1499241600 190 272 190 272
1499234400 190 272 190 272
1499227200 190 272 190 272
1499220000 190 272 190 272
1499212800 190 272 190 272
1499205600 190 272 190 272
1499198400 190 272 190 272
1499191200 190 272 190 272
1499184000 190 272 190 272
1499176800 190 272 190 272
1499169600 190 272 190 272
1499162400 190 272 190 272
1499155200 190 272 190 272
1499148000 190 272 190 272
1499140800 190 272 190 272
1499133600 190 272 190 272
1499126400 190 272 190 272
1499119200 190 272 190 272
1499112000 190 272 190 272
1499104800 190 272 190 272
1499097600 190 272 190 272
1499090400 190 272 190 272
1499083200 190 272 190 272
1499076000 190 272 190 272
1499068800 190 272 190 272
1499061600 190 272 190 272
1499054400 190 272 190 272
1499047200 190 272 190 272
1499040000 190 272 190 272
1499032800 190 272 190 272
1499025600 190 272 190 272
1499018400 190 272 190 272
1499011200 190 272 190 272
1499004000 190 272 190 272
1498996800 190 272 190 272
1498989600 190 272 190 272
1498982400 190 272 190 272
1498975200 190 272 190 272
1498968000 190 272 190 272
1498960800 190 272 190 272
1498953600 190 272 190 272
1498946400 190 272 190 272
1498939200 190 272 190 272
1498932000 190 272 190 272
1498924800 190 272 190 272
1498917600 190 272 190 272
1498910400 190 272 190 272
1498903200 190 272 190 272
1498896000 190 272 190 272
1498888800 190 272 190 272
1498881600 190 272 190 272
1498874400 190 272 190 272
1498867200 190 272 190 272
1498860000 190 272 190 272
1498852800 190 272 190 272
1498845600 190 272 190 272
1498838400 190 272 190 272
1498831200 190 272 190 272
1498824000 190 272 190 272
1498816800 190 272 190 272
1498809600 190 272 190 272
1498802400 190 272 190 272
1498795200 190 272 190 272
1498788000 190 272 190 272
1498780800 190 272 190 272
1498773600 190 272 190 272
1498766400 190 272 190 272
1498759200 190 272 190 272
1498752000 190 272 190 272
1498744800 190 272 190 272
1498737600 190 272 190 272
1498730400 190 272 190 272
1498723200 190 272 190 272
1498716000 190 272 190 272
1498694400 190 272 190 272
1498608000 190 272 190 272
1498521600 190 272 190 272
1498435200 190 272 190 272
1498348800 190 272 190 272
1498262400 190 272 190 272
1498176000 190 272 190 272
1498089600 190 272 190 272
1498003200 190 272 190 272
1497916800 190 272 190 272
1497830400 190 272 190 272
1497744000 190 264 258 393
1497657600 6367 50575 285114 1218234
1497571200 12866 44808 896616 1200687
1497484800 212 175 212 175
1497398400 212 175 212 175
1497312000 212 175 212 175
1497225600 326 364 912 2699
1497139200 726 888 10825 13619
1497052800 9865 48073 225342 1404491
1496966400 41445 87457 1716555 1611303
1496880000 21700 64364 1438579 1161087
1496793600 19481 66471 1273931 2268529
1496707200 11204 31371 968242 560629
1496620800 287 450 3237 25857
1496534400 304 402 2080 15098
1496448000 6426 25426 65283 445971
1496361600 11347 41489 1062986 2398676
1496275200 12399 38915 1285274 1047984
1496188800 13627 46953 1189728 933977
1496102400 43467 107913 2874771 2677985
1496016000 289 494 1278 4381
1495929600 1278 4381 1278 4381
1495843200 6487 59651 50117 651829
1495756800 7185 78252 108324 3056458
1495670400 10450 51910 206319 2813077
1495584000 364 309 364 309
1495497600 364 309 364 309
1495411200 364 309 364 309
1495324800 364 309 364 309
1495238400 364 309 364 309
1495152000 10766 41906 889372 1112150
1495065600 26162 57257 1804927 1638588
1494979200 1001 3405 17176 132860
1494892800 243 239 243 239
1494806400 243 239 243 239
1494720000 253 262 1627 1371
1494633600 8833 26462 675127 417515
1494547200 6257 51885 120915 941745
1494460800 445 435 445 435
1494374400 445 435 445 435
1494288000 445 435 445 435
1494201600 445 435 445 435
1494115200 445 435 445 435
1494028800 445 435 445 435
1493942400 445 435 445 435
1493856000 445 435 445 435
1493769600 445 435 445 435
1493683200 445 435 445 435
1493596800 445 435 445 435
1493510400 445 435 445 435
1493424000 445 435 445 435
1493337600 445 435 445 435
1493251200 445 435 445 435
1493164800 445 435 445 435
1493078400 445 435 445 435
1492992000 445 435 445 435
1492905600 445 435 445 435
1492819200 445 435 445 435
1492732800 445 435 445 435
1492646400 445 435 445 435
1492560000 445 435 445 435
1492473600 445 435 445 435
1492387200 445 435 445 435
1492300800 445 435 445 435
1492214400 445 435 445 435
1492128000 445 435 445 435
1492041600 445 435 445 435
1491955200 445 435 445 435
1491868800 445 435 445 435
1491782400 445 435 445 435
1491696000 445 435 445 435
1491609600 445 435 445 435
1491523200 445 435 445 435
1491436800 445 435 445 435
1491350400 445 435 445 435
1491264000 445 435 445 435
1491177600 1149 411 221855 9351
1491091200 478 523 23636 5889
1491004800 10792 42446 631193 1241869
1490918400 11114 27907 469014 397914
1490832000 10232 39195 435437 620406
1490745600 19576 48566 1294343 885463
1490659200 1733 2331 1733 2331
1490572800 1733 2331 1733 2331
1490486400 1733 2331 1733 2331
1490400000 1733 2331 1733 2331
1490313600 1733 2331 1733 2331
1490227200 1733 2331 1733 2331
1490140800 1733 2331 1733 2331
1490054400 1733 2331 1733 2331
1489968000 1733 2331 1733 2331
1489881600 1733 2331 1733 2331
1489795200 1733 2331 1733 2331
1489708800 1733 2331 1733 2331
1489622400 4137 27421 38767 483493
1489536000 17884 48412 608690 944473
1489449600 10302 49619 645552 1086698
1489363200 1754 1479 88579 12076
1489276800 1488 1684 84459 22165
1489190400 26688 34748 1714672 429167
1489104000 17061 48669 1999104 1298766
1489017600 8184 32191 159090 772715
1488931200 13816 57122 771723 1169593
1488844800 14146 52930 1107365 1096554
1488758400 202 228 316 330
1488672000 335 376 2348 4225
1488585600 44046 49330 1846797 552557
1488499200 15537 64753 921867 1011298
1488412800 13473 78692 791297 2374382
1488326400 16025 74743 565812 1549346
1488240000 18600 68102 1062102 838801
1488153600 1741 1704 64202 14995
1488067200 1703 1833 64316 12864
1487980800 202369 186397 5755627 4682547
1487894400 13272 62579 923463 1967692
1487808000 21853 89374 872171 2854287
1487721600 10883 69041 305202 805217
1487635200 1877 2123 6400 16278
1487548800 5774 2245 564921 23951
1487462400 1915 2133 14324 16859
1487376000 16045 80435 349084 1542872
1487289600 21918 98146 695556 5556969
1487203200 17248 83578 810918 781947
1487116800 3648 43854 3648 43854
1487030400 3648 43854 3648 43854
1486944000 3648 43854 3648 43854
1486857600 3648 43854 3648 43854
1486771200 3648 43854 3648 43854
1486684800 3648 43854 3648 43854
1486598400 3648 43854 3648 43854
1486512000 3648 43854 3648 43854
1486425600 3648 43854 3648 43854
1486339200 3648 43854 3648 43854
1486252800 3648 43854 3648 43854
1486166400 3648 43854 3648 43854
1486080000 3648 43854 3648 43854
1485993600 3648 43854 3648 43854
1485907200 3648 43854 3648 43854
1485820800 12541 83576 668896 1196966
1485734400 2286 1450 69856 26061
1485648000 984 921 62942 14535
1485561600 27053 144288 837765 1585164
1485475200 16861 72638 625850 1033661
1485388800 17092 247136 1098132 7384908
1485302400 12756 99280 527133 6657634
1485216000 40592 58471 2979403 649082
1485129600 1661 1071 121082 14161
1485043200 1979 1415 125267 11754
1484956800 13014 59860 294466 1210168
1484870400 14205 48091 618215 1014258
1484784000 8582 52459 186325 2147630
1484697600 12596 149158 210860 6079263
1484611200 7336 34803 293129 835965
1484524800 226 171 387 287
1484438400 1755 4501 232598 964049
1484352000 14420 41091 495580 857198
1484265600 10788 35117 439004 676061
1484179200 18664 106376 803914 4163182
1484092800 46492 72462 1540591 1425108
1484006400 17936 50778 1204255 597782
1483920000 1371 796 44194 13653
1483833600 1473 3443 68124 618792
1483747200 11718 35204 871825 932147
1483660800 7530 38414 337370 3282808
1483574400 8757 55654 282382 1881174
1483488000 31464 65460 2206458 1269794
1483401600 146 90 192 125
1483315200 147 89 195 123
1483228800 155 91 230 181
1483142400 4120 23998 193958 1267586
1483056000 9230 26535 475988 666560
1482969600 5675 26705 478622 550814
1482883200 218 149 218 149
1482796800 218 149 218 149
1482710400 199 150 318 228
1482624000 208 155 360 271
1482537600 2480 31664 86315 1336355
1482451200 18284 72467 401803 1240061
1482364800 8623 81955 139089 2220672
1482278400 13470 85167 272503 1727740
1482192000 17315 90773 993733 1536573
1482105600 3320 2471 397237 62560
1482019200 2820 2464 230889 40559
1481932800 30133 119689 978696 1750335
1481846400 19236 48762 550504 1597044
1481760000 18877 51044 615579 1000898
1481673600 16817 195813 340750 8698789
1481587200 11727 92311 229605 2859002
1481500800 1349 848 229646 12630
1481414400 1692 3800 127358 154149
1481328000 12091 56029 423268 1472349
1481241600 16544 57680 1184570 2240363
1481155200 21551 50840 704617 775821
1481068800 15863 56473 359634 1540219
1480982400 10972 46770 522137 873871
1480896000 250 202 357 665
1480809600 1134 307 242539 15219
1480723200 12471 107620 413519 4059893
1480636800 36024 58836 6334172 2228906
1480550400 12812 53322 350857 964294
1480464000 10898 52288 348623 788557
1480377600 10813 47392 508231 643876
1480291200 253 244 484 1026
1480204800 527 305 63355 5579
1480118400 8997 47969 598380 627205
1480032000 7481 53737 217359 883507
1479945600 14551 84892 523880 1408535
1479859200 14171 66687 617616 1886689
1479772800 18607 34152 550927 693360
1479686400 23077 933 693831 27610
1479600000 388 252 27638 15562
1479513600 18558 42332 919221 714298
1479427200 13844 63921 452705 730512
1479340800 12785 50912 721899 1235599
1479254400 10902 63231 298560 1482518
1479168000 9198 42118 195566 538341
1479081600 240 297 1429 19806
1478995200 277 3405 3656 477266
1478908800 9341 68753 365227 995262
1478822400 10103 57770 319302 1728006
1478736000 14494 56529 961653 981895
1478649600 12654 56870 360759 1545831
1478563200 13381 92449 381816 3989607
1478476800 1533 6775 29668 333304
1478390400 1305 1660 31261 17406
1478304000 12532 40701 375119 1051264
1478217600 10077 48574 263933 1276109
1478131200 6630 39274 119677 711546
1478044800 11791 69385 357916 775357
1477958400 15747 46134 461623 1082966
1477872000 856 765 52424 11594
1477785600 786 824 17241 21507
1477699200 8881 28072 327701 1079495
1477612800 9184 55288 395810 1644098
1477526400 10546 33717 266930 913266
1477440000 9615 55763 391701 1660339
1477353600 6005 35602 338408 809191
1477267200 237 182 348 275
1477180800 269 182 460 357
1477094400 17113 17246 1219624 727964
1477008000 18226 86868 702312 2455318
1476921600 5693 47302 124016 508022
1476835200 149 124 149 124
1476748800 149 124 149 124
1476662400 295 251 2111 2989
1476576000 1150 915 6983 13271
1476489600 11937 43183 680166 976373
1476403200 8373 51730 111890 797778
1476316800 20175 52643 877696 1115402
1476230400 17685 104301 547022 4722320
1476144000 1961 1441 122046 11805
1476057600 2074 1466 122710 10030
1475971200 2000 1473 122890 10747
1475884800 14028 74849 344049 5591383
1475798400 9969 51378 385359 1279558
1475712000 25151 87433 977920 1133339
1475625600 11249 57957 345215 1098204
1475539200 7084 34424 163504 468952
1475452800 1993 1404 123099 9567
1475366400 1788 1407 122556 10145
1475280000 21961 117289 469796 4172150
1475193600 11009 78343 287245 3834561
1475107200 10866 50482 368780 517177
1475020800 15324 48700 984551 534850
1474934400 13367 58198 788286 523539
1474848000 1999 475 283935 16387
1474761600 3841 580 524718 30072
1474675200 10983 47893 424176 669033
1474588800 46509 59489 3050709 1514972
1474502400 13093 68206 395686 1133276
1474416000 7338 61533 226630 675155
1474329600 19496 67804 881172 2411643
1474243200 2092 1527 122956 11560
1474156800 2209 2384 122654 212962
1474070400 87638 111725 3872734 4457793
1473984000 11902 74180 365762 1651889
1473897600 15012 56109 325048 1639606
1473811200 16301 84260 496293 1478669
1473724800 54656 91747 1764577 1545382
1473638400 453 331 40929 4491
1473552000 566 393 41347 4481
1473465600 11737 45165 178849 592533
1473379200 13037 58209 270869 567797
1473292800 11194 76556 357200 975236
1473206400 21999 118224 866142 3946592
1473120000 985 682 109150 7991
1473033600 1457 954 109928 8580
1472947200 1641 1184 110070 8686
1472860800 17724 58036 401957 800461
1472774400 15839 72630 497895 1743466
1472688000 18944 92836 995180 1807466
1472601600 19284 69945 724084 1169975
1472515200 6867 30402 296997 519786
1472428800 677 637 677 637
1472342400 677 637 677 637
1472256000 677 637 677 637
1472169600 677 637 677 637
1472083200 677 637 677 637
1471996800 677 637 677 637
1471910400 677 637 677 637
1471824000 677 637 677 637
1471737600 677 637 677 637
1471651200 1402 1149 448625 88053
1471564800 12607 66510 890725 1501786
1471478400 12755 80301 642889 1463433
1471392000 15950 74204 1856386 927752
1471305600 18432 79886 1882933 3825997
1471219200 255 186 4654 7896
1471132800 2020 1673 109460 19063
1471046400 10203 53583 572296 726509
1470960000 9861 68370 538337 1811361
1470873600 10010 100997 948646 4067990
1470787200 10121 62867 258968 3146482
1470700800 9438 47998 312063 995074
1470614400 1261 846 266673 20857
1470528000 1130 738 267215 18333
1470441600 12039 80434 429358 1024643
1470355200 11133 64445 268550 1060770
1470268800 11649 91862 383897 2991632
1470182400 16181 48605 1919640 774524
1470096000 1435 13235 423124 698067
1470009600 201 144 479 355
1469923200 205 142 434 288
1469836800 8055 18847 2145589 535372
1469750400 29527 50593 7678501 1038333
1469664000 14022 63738 1243071 2586433
1469577600 9503 29264 701927 484060
1469491200 10790 43848 890471 1504436
1469404800 184 109 924 1336
1469318400 192 116 1177 1620
1469232000 7327 31820 669309 879093
1469145600 20222 53121 3947775 1001328
1469059200 9781 58615 177655 2764855
1468972800 18639 54903 2297375 1025904
1468886400 11042 36916 837281 1017050
1468800000 1258 865 251799 17361
1468713600 1471 1804 245555 394758
1468627200 10032 19777 681110 441568
1468540800 10531 30802 607456 855565
1468454400 12336 72230 1667138 1081747
1468368000 8563 47287 428166 1241577
1468281600 11976 76537 1556168 1412660
1468195200 756 522 152400 9991
1468108800 969 787 241680 27252
1468022400 9967 43340 1254139 888024
1467936000 8198 52242 282027 2261739
1467849600 9308 59122 250664 1115736
1467763200 16490 60503 1662365 1059278
1467676800 10200 52029 311104 1547580
1467590400 695 460 221163 15263
1467504000 438 480 15351 7919
1467417600 847 706 220992 66837
1467331200 9022 30467 747435 637739
1467244800 6479 30509 256851 1440468
1467158400 9542 45556 548536 618320
1467072000 9534 63964 423424 2278662
1466985600 1821 14352 219094 2404085
1466899200 1099 880 134847 21588
1466812800 10227 61816 261613 832550
1466726400 12571 41647 1638061 873776
1466640000 10162 42542 349305 1020171
1466553600 11731 43123 767041 714406
1466467200 10673 48502 1098019 973775
1466380800 742 1323 192899 361247
1466294400 946 897 124037 13319
1466208000 10196 48507 453267 2506479
1466121600 8488 54249 200331 1229520
1466035200 15854 41659 1335658 733014
1465948800 9504 39649 704619 796172
1465862400 11054 30199 236274 539319
1465776000 2158 2392 195360 20303
1465689600 3010 2604 594122 69107
1465603200 7161 43710 116043 1081554
1465516800 12983 46225 897149 1086910
1465430400 14233 61537 423744 1472994
1465344000 14061 56419 814117 984838
1465257600 16510 42908 1618347 1605618
1465171200 2007 2205 105067 47900
1465084800 2494 2417 151159 18142
1464998400 17950 46480 934182 2348377
1464912000 7617 39323 460281 721789
1464825600 13938 31295 1426266 1360780
1464739200 6662 49306 317539 1446583
1464652800 8774 43130 609057 1575667
1464566400 166 86 346 419
1464480000 176 86 312 173
1464393600 21942 52637 3705437 6323991
1464307200 48458 31228 1206712 1171285
1464220800 11731 83215 407077 1374768
1464134400 8019 34976 1084544 1272482
1464048000 1775 1456 46850 17315
1463961600 1030 1157 11861 13810
1463875200 1589 1127 46285 14979
1463788800 5936 19674 572220 1094217
1463702400 7704 28134 747001 1133981
1463616000 8762 41257 625862 672013
1463529600 11057 47373 594312 4390361
1463443200 7688 22199 331739 715845
1463356800 1708 1910 36051 19929
1463270400 1747 1897 35111 15487
1463184000 8427 18000 376597 671521
1463097600 215945 27023 5826197 547038
1463011200 17480 48389 833454 2160819
1462924800 11053 28122 529958 3194081
1462838400 7180 39893 246830 3599301
1462752000 589 666 13014 26205
1462665600 672 608 55836 20705
1462579200 16028 21866 1699912 579793
1462492800 7464 28987 962253 1996242
1462406400 21209 23800 1239305 1449746
1462320000 15078 27173 3097366 1283127
1462233600 7890 20602 387513 1148345
1462147200 167 121 313 277
1462060800 208 140 526 646
1461974400 10063 32665 1251878 3064648
1461888000 7089 20412 1059468 1288520
1461801600 4992 16404 174059 1033129
1461715200 8704 26555 372742 1084413
1461628800 9249 23375 975208 843861
1461542400 612 522 52608 6338
1461456000 622 632 8834 9181
1461369600 9076 37075 451395 1019735
1461283200 9528 86188 816251 4322111
1461196800 9583 15250 1936367 512975
1461110400 12034 37255 1968593 2316335
1461024000 8977 20353 975425 1170457
1460937600 736 874 26101 18906
1460851200 965 1027 24701 11579
1460764800 5366 31525 157533 477006
1460678400 22660 55859 1379958 1740894
1460592000 86 275 86 275
1460505600 86 275 86 275
1460419200 86 275 86 275
1460332800 86 275 86 275
1460246400 66 220 93 296
1460160000 0 0 0 0
1460073600 0 0 0 0
1459987200 0 0 0 0
1459900800 0 0 0 0
1459814400 0 0 0 0
1459728000 0 0 0 0
1459641600 0 0 0 0
1459555200 0 0 0 0
1459468800 0 0 0 0
1459382400 0 0 0 0
1459296000 0 0 0 0
1459209600 0 0 0 0
1459123200 0 0 0 0
1459036800 0 0 0 0
1458950400 0 0 0 0
1458864000 0 0 0 0
1458777600 0 0 0 0
1458691200 0 0 0 0
1458604800 0 0 0 0
1458518400 0 0 0 0
1458432000 0 0 0 0
1458345600 0 0 0 0
1458259200 0 0 0 0
1458172800 0 0 0 0
1458086400 0 0 0 0
1458000000 0 0 0 0
1457913600 0 0 0 0
1457827200 0 0 0 0
1457740800 0 0 0 0
1457654400 0 0 0 0
1457568000 0 0 0 0
1457481600 0 0 0 0
1457395200 0 0 0 0
1457308800 0 0 0 0
1457222400 0 0 0 0
1457136000 0 0 0 0
1457049600 0 0 0 0
1456963200 0 0 0 0
1456876800 0 0 0 0
1456790400 0 0 0 0
1456704000 0 0 0 0
1456617600 0 0 0 0
1456531200 0 0 0 0
1456444800 0 0 0 0
1456358400 0 0 0 0
1456272000 0 0 0 0
1456185600 0 0 0 0
1456099200 0 0 0 0
1456012800 0 0 0 0
1455926400 0 0 0 0
1455840000 0 0 0 0
1455753600 0 0 0 0
1455667200 0 0 0 0
1455580800 0 0 0 0
1455494400 0 0 0 0
1455408000 0 0 0 0
1455321600 0 0 0 0
1455235200 0 0 0 0
1455148800 0 0 0 0
1455062400 0 0 0 0
1454976000 0 0 0 0
1454889600 0 0 0 0
1454803200 0 0 0 0
1454716800 0 0 0 0
1454630400 0 0 0 0
1454544000 0 0 0 0
1454457600 0 0 0 0
1454371200 0 0 0 0
1454284800 0 0 0 0
1454198400 0 0 0 0
1454112000 0 0 0 0
1454025600 0 0 0 0
1453939200 0 0 0 0
1453852800 0 0 0 0
1453766400 0 0 0 0
1453680000 0 0 0 0
1453593600 0 0 0 0
1453507200 0 0 0 0
1453420800 0 0 0 0
1453334400 0 0 0 0
1453248000 0 0 0 0
1453161600 0 0 0 0
1453075200 0 0 0 0
1452988800 0 0 0 0
1452902400 0 0 0 0
1452816000 0 0 0 0
1452729600 0 0 0 0
1452643200 0 0 0 0
1452556800 0 0 0 0
1452470400 0 0 0 0
1452384000 0 0 0 0
1452297600 0 0 0 0
1452211200 0 0 0 0
1452124800 0 0 0 0
1452038400 0 0 0 0
1451952000 0 0 0 0
1451865600 0 0 0 0
1451779200 0 0 0 0
1451692800 0 0 0 0
1451606400 0 0 0 0
1451520000 0 0 0 0
1451433600 0 0 0 0
1451347200 0 0 0 0
1451260800 0 0 0 0
1451174400 0 0 0 0
1451088000 0 0 0 0
1451001600 0 0 0 0
1450915200 0 0 0 0
1450828800 0 0 0 0
1450742400 0 0 0 0
1450656000 0 0 0 0
1450569600 0 0 0 0
1450483200 0 0 0 0
1450396800 0 0 0 0
1450310400 0 0 0 0
1450224000 0 0 0 0
1450137600 0 0 0 0
1450051200 0 0 0 0
1449964800 0 0 0 0
1449878400 0 0 0 0
1449792000 0 0 0 0
1449705600 0 0 0 0
1449619200 0 0 0 0
1449532800 0 0 0 0
1449446400 0 0 0 0
1449360000 0 0 0 0
1449273600 0 0 0 0
1449187200 0 0 0 0
1449100800 0 0 0 0
1449014400 0 0 0 0
1448928000 0 0 0 0
1448841600 0 0 0 0
1448755200 0 0 0 0
1448668800 0 0 0 0
1448582400 0 0 0 0
1448496000 0 0 0 0
1448409600 0 0 0 0
1448323200 0 0 0 0
1448236800 0 0 0 0
1448150400 0 0 0 0
1448064000 0 0 0 0
1447977600 0 0 0 0
1447891200 0 0 0 0
1447804800 0 0 0 0
1447718400 0 0 0 0
1447632000 0 0 0 0
1447545600 0 0 0 0
1447459200 0 0 0 0
1447372800 0 0 0 0
1447286400 0 0 0 0
1447200000 0 0 0 0
1447113600 0 0 0 0
1447027200 0 0 0 0
1446940800 0 0 0 0
1446854400 0 0 0 0
1446768000 0 0 0 0
1446681600 0 0 0 0
1446595200 0 0 0 0
1446508800 0 0 0 0
1446422400 0 0 0 0
1446336000 0 0 0 0
1446249600 0 0 0 0
1446163200 0 0 0 0
1446076800 0 0 0 0
1445990400 0 0 0 0
1445904000 0 0 0 0
1445817600 0 0 0 0
1445731200 0 0 0 0
1445644800 0 0 0 0
1445558400 0 0 0 0
1445472000 0 0 0 0
1445385600 0 0 0 0
1445299200 0 0 0 0
1445212800 0 0 0 0
1445126400 0 0 0 0
1445040000 0 0 0 0
1444953600 0 0 0 0
1444867200 0 0 0 0
1444780800 0 0 0 0
1444694400 0 0 0 0
1444608000 0 0 0 0
1444521600 0 0 0 0
1444435200 0 0 0 0
1444348800 0 0 0 0
1444262400 0 0 0 0
1444176000 0 0 0 0
1444089600 0 0 0 0
1444003200 0 0 0 0
1443916800 0 0 0 0
1443830400 0 0 0 0
1443744000 0 0 0 0
1443657600 0 0 0 0
1443571200 0 0 0 0
1443484800 0 0 0 0
1443398400 0 0 0 0
1443312000 0 0 0 0
1443225600 0 0 0 0
1443139200 0 0 0 0
1443052800 0 0 0 0
1442966400 0 0 0 0
1442880000 0 0 0 0
1442793600 0 0 0 0
1442707200 0 0 0 0
1442620800 0 0 0 0
1442534400 0 0 0 0
1442448000 0 0 0 0
1442361600 0 0 0 0
1442275200 0 0 0 0
1442188800 0 0 0 0
1442102400 0 0 0 0
1442016000 0 0 0 0
1441929600 0 0 0 0
1441843200 0 0 0 0
1441756800 0 0 0 0
1441670400 0 0 0 0
1441584000 0 0 0 0
1441497600 0 0 0 0
1441411200 0 0 0 0
1441324800 0 0 0 0
1441238400 0 0 0 0
1441152000 0 0 0 0
1441065600 0 0 0 0
1440979200 0 0 0 0
1440892800 0 0 0 0
1440806400 0 0 0 0
1440720000 0 0 0 0
1440633600 0 0 0 0
1440547200 0 0 0 0
1440460800 0 0 0 0
1440374400 0 0 0 0
1440288000 0 0 0 0
1440201600 0 0 0 0
1440115200 0 0 0 0
1440028800 0 0 0 0
1439942400 0 0 0 0
1439856000 0 0 0 0
1439769600 0 0 0 0
1439683200 0 0 0 0
1439596800 0 0 0 0
1439510400 0 0 0 0
1439424000 0 0 0 0
1439337600 0 0 0 0
1439251200 0 0 0 0
1439164800 0 0 0 0
1439078400 0 0 0 0
1438992000 0 0 0 0
1438905600 0 0 0 0
1438819200 0 0 0 0
1438732800 0 0 0 0
1438646400 0 0 0 0
1438560000 0 0 0 0
1438473600 0 0 0 0
1438387200 0 0 0 0
1438300800 0 0 0 0
1438214400 0 0 0 0
1438128000 0 0 0 0
1438041600 0 0 0 0
1437955200 0 0 0 0
1437868800 0 0 0 0
1437782400 0 0 0 0
1437696000 0 0 0 0
1437609600 0 0 0 0
1437523200 0 0 0 0
1437436800 0 0 0 0
1437350400 0 0 0 0
1437264000 0 0 0 0
1437177600 0 0 0 0
1437091200 0 0 0 0
1437004800 0 0 0 0
1436918400 0 0 0 0
1436832000 0 0 0 0
1436745600 0 0 0 0
1436659200 0 0 0 0
1436572800 0 0 0 0
1436486400 0 0 0 0
1436400000 0 0 0 0
1436313600 0 0 0 0
1436227200 0 0 0 0
1436140800 0 0 0 0
1436054400 0 0 0 0
1435968000 0 0 0 0
1435881600 0 0 0 0
1435795200 0 0 0 0
1435708800 0 0 0 0
1435622400 0 0 0 0
1435536000 0 0 0 0
