1504297340 4602267032 19074164024
1504297340 22 910 22 910
1504297040 22 962 22 962
1504296900 22 1109 22 1279
1504296600 22 1251 23 1279
1504296300 22 1208 23 1219
1504296000 22 1196 23 1197
1504295700 22 1463 23 1769
1504295400 22 1456 22 1769
1504295100 22 1241 22 1404
1504294800 22 1455 22 1515
1504294500 22 1229 22 1515
1504294200 22 979 22 1067
1504293900 22 1034 22 1067
1504293600 22 1000 22 1004
1504293300 22 989 22 1004
1504293000 22 1046 22 1132
1504292700 22 1205 22 1290
1504292400 22 1266 22 1290
1504292100 22 1161 22 1239
1504291800 22 1076 23 1080
1504291500 22 1134 23 1196
1504291200 22 1188 22 1196
1504290900 790 1970 1668 2874
1504290600 6079 7276 11122 12307
1504290300 11121 12418 11122 12545
1504290000 11121 12440 11122 12545
1504289700 11121 12435 11122 12565
1504289400 11121 12505 11122 12565
1504289100 7438 8566 11122 12437
1504288800 1732 2698 3229 4144
1504288500 22 1030 23 1046
1504288200 22 994 23 1012
1504287900 22 975 23 976
1504287600 22 1117 23 1280
1504287300 22 1227 23 1280
1504287000 22 1209 22 1256
1504286700 22 1325 22 1404
1504286400 22 1288 22 1404
1504286100 22 1150 22 1157
1504285800 22 1179 22 1222
1504285500 22 1179 22 1222
1504285200 22 1133 22 1137
1504284900 22 1123 22 1137
1504284600 22 1158 22 1215
1504284300 22 1271 22 1335
1504284000 22 1244 22 1335
1504283700 22 1182 22 1229
1504283400 22 1112 22 1229
1504283100 22 1018 22 1063
1504282800 22 1085 23 1111
1504282500 22 1127 23 1147
1504282200 22 1145 22 1147
1504281900 22 1178 22 1219
1504281600 22 1155 22 1219
1504281300 22 1220 22 1380
1504281000 22 1310 22 1380
1504280700 22 1175 22 1230
1504280400 22 1177 22 1252
1504280100 22 1195 22 1252
1504279800 22 1162 22 1198
1504279500 22 1204 22 1212
1504279200 22 1296 22 1392
1504278900 22 1431 22 1477
1504278600 22 1297 22 1477
1504278300 22 1154 22 1225
1504278000 22 1288 22 1361
1504277700 22 1269 22 1361
1504277400 22 1137 22 1165
1504277100 22 1187 22 1281
1504276800 22 1241 23 1281
1504276500 22 1092 23 1196
1504276200 22 1143 22 1336
1504275900 22 1221 22 1336
1504275600 22 1276 22 1490
1504275300 22 1627 22 1784
1504275000 22 1480 22 1784
1504274700 22 1088 22 1134
1504274400 22 1188 22 1362
1504274100 22 1453 22 1558
1504273800 22 1376 22 1558
1504273500 22 1181 22 1197
1504273200 22 1255 22 1321
1504272900 22 1513 22 1734
1504272600 22 1643 22 1734
1504272300 22 1516 22 1541
1504272000 22 1294 22 1488
1504271700 22 1281 22 1520
1504271400 22 1559 23 1605
1504271100 22 1434 23 1605
1504270800 22 1016 22 1243
1504270500 22 810 22 868
1504270200 22 736 22 868
1504269900 22 766 22 971
1504269600 22 762 22 971
1504269300 22 771 22 1050
1504269000 22 947 22 1050
1504268700 22 679 22 831
1504268400 22 530 22 559
1504268100 22 555 23 559
1504267800 22 508 23 551
1504267500 22 507 22 562
1504267200 22 638 22 725
1504266900 22 638 22 725
1504266600 22 505 22 540
1504266300 22 460 22 467
1504266000 22 420 22 454
1504265700 22 421 22 464
1504265400 22 477 23 492
1504265100 22 431 23 492
1504264800 22 403 22 447
1504264500 22 446 22 447
1504264200 22 404 22 445
1504263900 22 416 22 483
1504263600 22 467 22 483
1504263300 22 414 22 449
1504263000 22 425 23 483
1504262700 22 453 23 483
1504262400 22 434 22 452
1504262100 22 473 22 498
1504261800 22 463 22 498
1504261500 22 426 22 430
1504261200 22 444 22 462
1504260900 22 452 22 462
1504260600 22 414 22 442
1504260300 22 424 22 472
1504260000 22 426 22 472
1504259700 22 385 22 398
1504259400 22 451 22 511
1504259100 22 438 22 511
1504258800 22 375 22 397
1504258500 22 432 22 473
1504258200 22 433 22 473
1504257900 22 401 22 416
1504257600 22 437 22 461
1504257300 22 426 22 461
1504257000 22 386 22 387
1504256700 22 415 22 451
1504256400 22 424 22 451
1504256100 22 402 22 412
1504255800 22 439 23 470
1504255500 22 423 23 470
1504255200 22 389 22 411
1504254900 22 408 22 411
1504254600 22 404 22 405
1504254300 22 442 22 487
1504254000 22 456 22 487
1504253700 22 430 22 441
1504253400 22 406 23 441
1504253100 22 373 23 382
1504252800 22 376 22 382
1504252500 22 399 22 432
1504252200 22 413 22 432
1504251900 22 384 22 392
1504251600 22 393 22 414
1504251300 22 400 22 414
1504251000 22 400 22 420
1504250700 22 433 22 448
1504250400 22 442 22 448
1504250100 22 424 22 436
1504249800 22 413 23 415
1504249500 22 389 23 415
1504249200 22 386 22 415
1504248900 22 442 22 473
1504248600 22 440 22 473
1504248300 22 395 22 403
1504248000 22 412 22 442
1504247700 22 401 22 442
1504247400 22 383 23 414
1504247100 22 427 23 443
1504246800 22 432 22 443
1504246500 22 434 22 449
1504246200 22 433 22 449
1504245900 22 402 22 416
1504245600 22 414 22 445
1504245300 22 433 22 445
1504245000 22 420 22 421
1504244700 22 417 22 420
1504244400 22 414 22 416
1504244100 22 408 22 416
1504243800 22 430 22 467
1504243500 22 452 22 467
1504243200 22 442 23 449
1504242900 22 438 23 449
1504242600 22 423 22 426
1504242300 22 410 22 420
1504242000 22 416 22 436
1504241700 22 430 22 436
1504241400 22 420 22 424
1504241100 22 415 22 416
1504240800 22 390 22 414
1504240500 22 387 22 414
1504240200 22 444 22 480
1504239900 22 444 22 480
1504239600 22 416 23 431
1504239300 22 476 23 527
1504239000 22 454 22 527
1504238700 22 379 22 386
1504238400 22 452 22 529
1504238100 22 441 22 529
1504237800 22 398 23 464
1504237500 22 447 23 464
1504237200 22 400 22 428
1504236900 22 389 22 414
1504236600 22 434 22 458
1504236300 22 459 22 461
1504236000 22 450 23 461
1504235700 22 421 23 438
1504235400 22 404 22 408
1504235100 22 419 22 433
1504234800 22 397 22 433
1504234500 22 391 22 433
1504234200 22 449 22 468
1504233900 22 417 22 468
1504233600 22 395 22 435
1504233300 22 443 22 454
1504233000 22 409 22 454
1504232700 22 388 22 423
1504232400 22 453 23 488
1504232100 22 442 23 488
1504231800 22 388 23 392
1504231500 22 413 23 446
1504231200 22 415 22 446
1504230900 22 379 22 381
1504230600 22 430 22 492
1504230300 22 448 22 492
1504230000 22 378 22 399
1504229700 22 440 22 536
1504229400 22 471 23 536
1504229100 22 406 23 416
1504228800 22 432 22 451
1504228500 22 409 22 451
1504228200 22 387 23 418
1504227900 22 427 23 438
1504227600 22 419 22 438
1504227300 22 406 22 416
1504227000 22 442 22 473
1504226700 22 443 22 473
1504226400 22 416 23 424
1504226100 22 432 23 442
1504225800 22 425 22 442
1504225500 22 427 22 453
1504225200 22 456 22 460
1504224900 22 446 24 460
1504224600 23 441 24 453
1504224300 22 440 22 453
1504224000 22 426 22 426
1504223700 22 448 22 474
1504223400 22 438 22 474
1504223100 22 415 22 434
1504222800 22 455 23 479
1504222500 22 429 23 479
1504222200 22 415 22 463
1504221900 22 450 22 463
1504221600 22 412 22 437
1504221300 22 389 22 396
1504221000 22 426 22 460
1504220700 22 439 22 460
1504220400 22 415 22 416
1504220100 22 438 22 466
1504219800 22 426 22 466
1504219500 22 395 22 411
1504219200 22 424 22 440
1504218900 22 434 22 440
1504218600 22 444 22 463
1504218300 22 463 22 463
1504218000 22 436 22 463
1504217700 22 432 22 461
1504217400 22 422 22 461
1504217100 22 412 22 450
1504216800 22 436 22 450
1504216500 22 399 22 422
1504216200 22 453 22 545
1504215900 22 592 22 646
1504215600 22 582 22 646
1504215300 22 526 22 547
1504215000 22 579 22 616
1504214700 22 581 22 616
1504214400 22 632 22 734
1504214100 22 705 22 734
1504213800 22 730 22 797
1504213500 22 900 22 1018
1504213200 22 1024 22 1031
1504212900 22 1171 22 1331
1504212600 22 1308 22 1331
1504212300 22 1163 22 1282
1504212000 22 1015 22 1027
1504211700 22 1152 22 1323
1504211400 22 1355 22 1393
1504211100 22 1301 22 1393
1504210800 22 1190 22 1198
1504210500 22 1344 22 1531
1504210200 22 1383 22 1531
1504209900 22 1165 22 1214
1504209600 22 1320 23 1562
1504209300 22 1356 23 1562
1504209000 22 1329 22 1562
1504208700 22 1544 22 1562
1504208400 22 1362 22 1525
1504208100 22 1240 22 1311
1504207800 22 1248 22 1311
1504207500 22 1337 22 1520
1504207200 22 1510 22 1520
1504206900 22 1347 22 1499
1504206600 22 1223 22 1280
1504206300 22 1394 22 1526
1504206000 22 1448 22 1526
1504205700 22 1313 22 1360
1504205400 22 1303 22 1353
1504205100 22 1489 22 1645
1504204800 22 1430 22 1645
1504204500 22 1200 22 1218
1504204200 22 1378 22 1559
1504203900 22 1524 22 1559
1504203600 22 1486 22 1488
1504203300 22 1511 22 1537
1504203000 22 1497 22 1537
1504202700 22 1472 22 1495
1504202400 22 1495 22 1496
1504202100 22 1321 22 1496
1504201800 22 1175 22 1233
1504201500 22 1253 22 1277
1504201200 22 1279 22 1282
1504200900 22 1305 22 1332
1504200600 22 1347 23 1365
1504200300 4311 5567 9148 10306
1504200000 10069 11266 11122 12364
1504199700 6499 7682 11122 12364
1504199400 659 1823 1217 2332
1504199100 22 1384 22 1548
1504198800 22 1457 22 1548
1504198500 22 1352 22 1354
1504198200 22 1298 22 1351
1504197900 1170 2648 2484 4260
1504197600 6514 8071 11121 12427
1504197300 11121 12378 11121 12427
1504197000 11121 12498 11122 12698
1504196700 11122 12616 11122 12698
1504196400 11104 12463 11122 12524
1504196100 11101 12393 11121 12394
1504195800 11139 12496 11160 12616
1504195500 11142 12448 11160 12616
1504195200 9052 10313 11122 12258
1504194900 3576 5143 6687 8092
1504194600 22 1626 22 1774
1504194300 22 1508 22 1567
1504194000 22 1603 22 1644
1504193700 22 1399 22 1644
1504193400 22 1334 22 1581
1504193100 22 1505 22 1581
1504192800 22 1294 22 1420
1504192500 22 1281 22 1429
1504192200 22 1424 22 1429
1504191900 22 1494 22 1581
1504191600 22 1507 22 1581
1504191300 22 1307 22 1425
1504191000 22 1150 22 1173
1504190700 22 1463 22 1851
1504190400 22 1605 22 1851
1504190100 22 1384 22 1450
1504189800 22 1338 23 1450
1504189500 22 1205 23 1211
1504189200 22 1173 22 1200
1504188900 22 1283 22 1443
1504188600 22 1391 22 1443
1504188300 22 1209 22 1332
1504188000 22 1067 22 1070
1504187700 22 1180 22 1310
1504187400 22 1491 23 1699
1504187100 22 1477 23 1699
1504186800 22 1460 22 1723
1504186500 22 1908 22 2120
1504186200 22 1879 22 2120
1504185900 22 1373 22 1608
1504185600 22 1260 23 1436
1504185300 22 1341 23 1436
1504185000 21 1465 23 1727
1504184700 22 1600 23 1727
1504184400 21 1271 22 1456
1504184100 22 1097 22 1140
1504183800 22 1188 22 1244
1504183500 22 1115 23 1244
1504183200 22 1023 23 1086
1504182900 22 981 22 1086
1504182600 22 1044 22 1253
1504182300 22 1020 22 1253
1504182000 22 1092 22 1480
1504181700 30 1424 41 1480
1504181400 36 1133 41 1360
1504181100 32 842 34 874
1504180800 33 793 34 808
1504180500 32 812 33 853
1504180200 33 863 34 876
1504179900 31 828 34 876
1504179600 31 792 34 814
1504179300 33 826 34 840
1504179000 32 823 33 840
1504178700 33 811 33 818
1504178400 33 858 33 905
1504178100 33 824 33 905
1504177800 32 773 33 819
1504177500 32 818 34 819
1504177200 32 865 34 920
1504176900 32 884 35 920
1504176600 33 829 35 844
1504176300 32 802 34 812
1504176000 33 796 34 802
1504175700 32 800 32 802
1504175400 32 816 34 838
1504175100 31 787 34 838
1504174800 31 789 35 857
1504174500 33 839 35 857
1504174200 32 824 34 831
1504173900 33 810 34 831
1504173600 32 807 33 832
1504173300 33 842 33 854
1504173000 33 851 33 854
1504172700 33 824 33 849
1504172400 31 812 33 832
1504172100 31 786 35 832
1504171800 33 772 35 817
1504171500 32 824 34 832
1504171200 33 801 34 832
1504170900 32 818 34 878
1504170600 33 836 34 878
1504170300 32 758 33 789
1504170000 32 780 35 844
1504169700 32 818 35 844
1504169400 32 805 35 823
1504169100 33 814 35 823
1504168800 31 804 33 805
1504168500 33 796 33 805
1504168200 32 776 33 786
1504167900 32 811 34 864
1504167600 31 820 34 864
1504167300 31 808 35 852
1504167000 33 839 35 852
1504166700 31 790 33 825
1504166400 32 782 33 817
1504166100 32 802 32 817
1504165800 32 827 34 875
1504165500 32 827 34 875
1504165200 32 806 35 845
1504164900 32 800 35 845
1504164600 31 788 35 834
1504164300 33 794 35 834
1504164000 31 800 33 859
1504163700 33 842 33 859
1504163400 32 807 33 823
1504163100 33 797 35 805
1504162800 32 809 35 814
1504162500 32 801 35 814
1504162200 33 800 35 815
1504161900 32 832 34 852
1504161600 33 789 34 852
1504161300 32 771 33 833
1504161000 32 828 33 833
1504160700 32 783 33 824
1504160400 32 816 35 904
1504160100 32 851 35 904
1504159800 32 793 35 797
1504159500 33 796 35 797
1504159200 32 809 34 824
1504158900 33 792 34 824
1504158600 32 800 33 852
1504158300 33 823 33 852
1504158000 31 798 33 808
1504157700 31 783 35 808
1504157400 33 799 35 849
1504157100 32 903 34 966
1504156800 38 1169 44 1401
1504156500 33 958 44 1401
1504156200 22 489 23 532
1504155900 29 546 36 562
1504155600 29 563 36 566
1504155300 27 581 34 600
1504155000 28 580 34 600
1504154700 28 530 35 559
1504154400 28 531 35 570
1504154100 27 572 34 575
1504153800 28 555 34 575
1504153500 28 567 36 607
1504153200 29 594 36 607
1504152900 22 550 23 581
1504152600 28 549 35 589
1504152300 28 582 35 589
1504152000 28 570 35 574
1504151700 29 591 35 619
1504151400 28 600 34 619
1504151100 28 544 34 580
1504150800 27 573 34 652
1504150500 28 598 34 652
1504150200 27 579 33 626
1504149900 27 600 33 626
1504149600 28 593 35 619
1504149300 28 597 35 619
1504149000 27 586 34 602
1504148700 28 584 34 602
1504148400 28 602 35 645
1504148100 28 614 35 645
1504147800 22 564 22 579
1504147500 28 580 35 619
1504147200 28 623 35 628
1504146900 28 592 35 628
1504146600 29 568 35 589
1504146300 28 615 34 645
1504146000 28 593 34 645
1504145700 27 579 33 629
1504145400 27 625 33 629
1504145100 28 596 35 621
1504144800 28 582 35 598
1504144500 27 600 34 603
1504144200 28 575 34 603
1504143900 28 596 35 655
1504143600 28 644 35 655
1504143300 27 592 34 632
1504143000 28 590 34 641
1504142700 22 621 23 641
1504142400 28 609 35 621
1504142100 28 610 35 621
1504141800 28 615 35 635
1504141500 28 600 35 635
1504141200 28 599 35 644
1504140900 28 621 35 644
1504140600 28 624 35 658
1504140300 28 604 35 658
1504140000 28 576 35 613
1504139700 28 612 35 613
1504139400 28 651 35 698
1504139100 28 634 35 698
1504138800 22 601 23 647
1504138500 22 625 23 647
1504138200 22 586 23 601
1504137900 22 568 23 570
1504137600 22 597 22 633
1504137300 22 586 22 633
1504137000 22 588 23 651
1504136700 22 617 23 651
1504136400 22 572 23 580
1504136100 22 579 23 597
1504135800 22 607 22 619
1504135500 22 584 22 619
1504135200 22 601 24 665
1504134900 23 617 24 665
1504134600 22 547 23 564
1504134300 22 556 23 589
1504134000 22 611 22 638
1504133700 22 596 22 638
1504133400 22 599 23 659
1504133100 22 627 23 659
1504132800 22 548 22 591
1504132500 22 557 22 623
1504132200 22 647 23 675
1504131900 22 623 23 675
1504131600 22 582 22 602
1504131300 22 585 22 602
1504131000 22 628 22 697
1504130700 22 673 22 697
1504130400 22 613 23 647
1504130100 22 588 23 602
1504129800 22 656 23 719
1504129500 22 642 23 719
1504129200 22 616 23 687
1504128900 22 680 23 687
1504128600 22 731 22 798
1504128300 22 1485 22 2271
1504128000 22 1754 22 2271
1504127700 22 959 22 1164
1504127400 22 801 23 888
1504127100 22 864 23 888
1504126800 22 828 22 838
1504126500 22 1024 22 1260
1504126200 22 1293 22 1331
1504125900 22 1200 22 1331
1504125600 22 987 22 1052
1504125300 22 1026 22 1156
1504125000 22 1160 23 1165
1504124700 22 1243 23 1332
1504124400 2694 4444 5749 8001
1504124100 8255 9987 11121 12257
1504123800 10947 11751 11121 12257
1504123500 8441 9226 10750 11173
1504123200 3105 4378 5803 7001
1504122900 22 1324 22 1381
1504122600 22 1401 23 1563
1504122300 22 1404 23 1563
1504122000 22 1482 22 1775
1504121700 22 1585 22 1775
1504121400 22 1491 22 1633
1504121100 22 1493 22 1633
1504120800 22 1334 23 1335
1504120500 4395 5738 9326 10706
1504120200 10181 11701 11159 12839
1504119900 11123 12927 11159 13027
1504119600 10010 11766 11084 13027
1504119300 4665 6134 8783 10325
1504119000 22 1385 23 1408
1504118700 22 1263 23 1360
1504118400 22 1313 22 1492
1504118100 22 1628 22 1785
1504117800 1242 2768 2637 3892
1504117500 6613 7853 11158 12380
1504117200 10271 11725 11158 12838
1504116000 365 1629 3881 5090
1504114200 22 1274 23 1548
1504112400 22 1201 22 1382
1504110600 22 1483 23 1802
1504108800 22 1355 23 1802
1504107000 22 1328 23 1627
1504105200 22 1532 22 2040
1504103400 22 1522 23 2040
1504101600 22 1347 23 1536
1504099800 22 1514 23 1746
1504098000 22 1320 23 2159
1504096200 22 953 23 1165
1504094400 22 719 23 1134
1504092600 22 606 24 651
1504090800 22 609 23 683
1504089000 22 645 23 738
1504087200 22 584 23 645
1504085400 22 602 23 679
1504083600 22 580 22 658
1504081800 22 602 23 640
1504080000 22 595 23 638
1504078200 22 599 23 665
1504076400 22 586 23 665
1504074600 22 581 23 648
1504072800 22 583 23 616
1504071000 22 590 23 623
1504069200 22 582 22 608
1504067400 22 587 23 615
1504065600 22 582 23 615
1504063800 22 588 23 623
1504062000 22 599 22 631
1504060200 22 610 23 761
1504058400 22 620 23 779
1504056600 21 607 23 745
1504054800 22 592 22 690
1504053000 22 603 23 655
1504051200 21 592 23 669
1504049400 21 589 24 648
1504047600 22 584 22 632
1504045800 21 606 23 638
1504044000 22 762 23 1210
1504042200 21 796 23 889
1504040400 22 1225 23 1471
1504038600 22 1399 23 1646
1504036800 22 1564 23 2142
1504035000 2574 4342 8361 10311
1504033200 2975 4531 11121 12615
1504031400 8906 10280 11159 12694
1504029600 22 1518 22 1940
1504027800 22 1691 23 2005
1504026000 22 1368 22 1566
1504024200 22 1472 22 1676
1504022400 4565 5964 11122 12694
1504020600 10322 11748 11122 12886
1504018800 820 2354 9002 10351
1504017000 22 1448 22 1717
1504015200 22 1728 23 2210
1504013400 22 1696 22 1917
1504011600 22 1191 22 1468
1504009800 22 930 22 1183
1504008000 22 770 22 1312
1504006200 22 615 24 865
1504004400 22 537 22 596
1504002600 22 557 22 604
1504000800 22 561 22 589
1503999000 22 548 22 622
1503997200 22 552 22 595
1503995400 22 553 23 607
1503993600 22 550 22 595
1503991800 22 563 22 637
1503990000 22 544 22 589
1503988200 22 550 22 624
1503986400 22 555 22 597
1503984600 22 543 22 577
1503982800 22 536 22 589
1503981000 22 540 22 675
1503979200 22 539 22 656
1503977400 22 525 22 577
1503975600 22 555 22 593
1503973800 22 556 22 620
1503972000 22 563 23 625
1503970200 22 563 23 631
1503968400 22 566 22 627
1503966600 22 566 22 602
1503964800 22 576 22 625
1503963000 22 563 24 607
1503961200 22 573 22 624
1503959400 22 751 22 1383
1503957600 22 820 22 1383
1503955800 22 899 22 1272
1503954000 22 1129 22 1346
1503952200 22 1387 22 1491
1503950400 22 1557 22 1885
1503948600 22 1366 22 1913
1503946800 22 1487 22 1913
1503945000 22 1328 22 1484
1503943200 22 1390 22 1874
1503941400 22 1227 22 1560
1503939600 22 1397 22 1599
1503937800 22 1392 22 1550
1503936000 22 1377 23 1626
1503934200 22 1172 22 1580
1503932400 22 1363 22 1806
1503930600 22 1575 22 2009
1503928800 22 1796 22 2362
1503927000 22 1342 22 1693
1503925200 21 1004 23 1383
1503923400 21 804 23 1147
1503921600 21 532 23 835
1503919800 21 443 23 486
1503918000 22 465 22 487
1503916200 21 418 23 446
1503914400 22 425 22 447
1503912600 22 425 22 474
1503910800 22 420 22 483
1503909000 22 418 22 469
1503907200 22 422 22 449
1503905400 22 423 23 464
1503903600 22 422 23 457
1503901800 22 421 23 486
1503900000 22 420 23 458
1503898200 22 429 22 471
1503896400 22 423 23 473
1503894600 22 420 23 465
1503892800 22 461 23 515
1503891000 22 466 22 514
1503889200 22 471 23 514
1503887400 22 464 23 500
1503885600 22 467 23 503
1503883800 22 468 23 501
1503882000 22 468 23 495
1503880200 22 466 23 495
1503878400 22 466 22 531
1503876600 22 471 23 528
1503874800 22 467 23 511
1503873000 22 473 23 528
1503871200 22 469 23 501
1503869400 22 471 23 508
1503867600 22 471 22 508
1503865800 22 467 23 512
1503864000 22 467 22 498
1503862200 22 475 22 508
1503860400 22 465 23 512
1503858600 22 420 23 453
1503856800 22 421 23 453
1503855000 22 425 23 481
1503853200 22 426 22 454
1503851400 22 418 23 464
1503849600 22 426 23 494
1503847800 22 424 22 467
1503846000 22 432 22 491
1503844200 22 425 22 474
1503842400 22 418 22 469
1503840600 22 427 22 473
1503838800 22 423 22 475
1503837000 22 435 22 492
1503835200 22 417 22 453
1503833400 22 429 23 467
1503831600 22 423 22 466
1503829800 22 421 22 450
1503828000 22 426 22 447
1503826200 22 429 23 483
1503824400 22 426 23 457
1503822600 22 424 22 465
1503820800 22 423 22 469
1503819000 22 432 23 456
1503817200 22 426 23 461
1503815400 22 424 22 471
1503813600 22 421 22 462
1503811800 22 423 23 445
1503810000 22 426 23 467
1503808200 22 420 23 459
1503806400 22 418 23 457
1503804600 22 424 22 456
1503802800 22 423 22 447
1503801000 22 419 22 451
1503799200 22 419 23 476
1503797400 22 426 23 467
1503795600 22 424 22 460
1503793800 22 428 23 458
1503792000 22 422 22 458
1503790200 22 422 23 477
1503788400 22 423 22 477
1503786600 22 425 23 457
1503784800 22 424 23 467
1503783000 22 429 22 478
1503781200 21 422 23 456
1503779400 22 421 23 442
1503777600 22 424 23 457
1503775800 21 429 23 464
1503774000 22 425 22 478
1503772200 22 423 22 489
1503770400 22 424 22 492
1503768600 22 429 23 485
1503766800 22 426 22 465
1503765000 22 421 22 442
1503763200 22 424 22 453
1503761400 22 423 23 438
1503759600 22 423 23 442
1503757800 22 427 23 474
1503756000 22 421 23 465
1503754200 22 427 23 479
1503752400 22 424 23 450
1503750600 22 424 23 456
1503748800 22 418 22 468
1503747000 22 428 24 486
1503745200 21 421 23 466
1503743400 22 421 23 465
1503741600 22 431 22 459
1503739800 22 429 23 474
1503738000 22 422 23 458
1503736200 22 420 23 460
1503734400 22 424 23 460
1503732600 22 428 23 452
1503730800 22 422 23 463
1503729000 22 424 23 478
1503727200 22 421 22 463
1503725400 22 426 23 463
1503723600 22 422 23 433
1503721800 22 426 23 466
1503720000 22 468 23 516
1503718200 22 469 23 503
1503716400 22 469 23 497
1503714600 21 469 23 494
1503712800 22 466 22 503
1503711000 22 475 23 533
1503709200 22 466 23 502
1503707400 22 466 23 505
1503705600 22 471 23 497
1503703800 22 465 23 500
1503702000 22 439 22 465
1503700200 22 459 23 545
1503698400 22 523 23 600
1503696600 22 598 22 743
1503694800 22 692 22 779
1503693000 22 926 22 1114
1503691200 22 1218 22 1659
1503689400 22 1154 22 1659
1503687600 22 1137 22 1298
1503685800 22 1267 22 1388
1503684000 22 1113 23 1378
1503682200 22 1150 23 1378
1503680400 22 1147 23 1239
1503678600 22 1121 23 1239
1503676800 8636 9977 11122 12560
1503675000 584 1707 6351 8033
1503673200 22 1240 23 1714
1503671400 8601 9893 11122 12603
1503669600 573 2047 6222 7370
1503667800 22 1289 22 1517
1503666000 22 1099 23 1405
1503664200 22 948 23 1291
1503662400 21 700 23 1150
1503660600 22 598 23 697
1503658800 22 567 23 618
1503657000 21 563 23 600
1503655200 22 570 23 623
1503653400 22 580 23 630
1503651600 22 566 23 646
1503649800 22 568 22 623
1503648000 22 563 22 610
1503646200 22 576 23 642
1503644400 22 572 23 687
1503642600 22 572 23 689
1503640800 22 568 22 633
1503639000 22 579 22 671
1503637200 22 573 23 637
1503635400 22 586 23 687
1503633600 22 560 23 601
1503631800 22 583 23 623
1503630000 22 567 23 623
1503628200 22 565 23 613
1503626400 22 566 23 594
1503624600 22 593 23 739
1503622800 22 548 23 627
1503621000 22 562 23 627
1503619200 22 541 23 591
1503617400 22 554 23 615
1503615600 22 549 23 640
1503613800 22 632 23 1000
1503612000 22 698 23 989
1503610200 22 986 23 1170
1503608400 22 894 23 1106
1503606600 5285 6411 11160 12435
1503604800 11116 12307 11492 12675
1503603000 9667 10990 11159 12493
1503601200 6121 7369 11121 12598
1503599400 11119 12352 11427 12867
1503597600 7788 9032 11323 12867
1503595800 22 1341 22 1630
1503594000 22 1272 22 1630
1503592200 22 1183 22 1222
1503590400 22 1287 22 1346
1503588600 22 1312 22 1346
1503586800 22 1318 22 1327
1503585000 22 1349 22 1351
1503583200 22 1308 22 1540
1503581400 22 1456 22 1540
1503579600 22 1109 22 1142
1503577800 22 909 22 909
1503576000 22 693 22 909
1503574200 22 595 22 672
1503572400 22 591 22 595
1503570600 22 601 22 609
1503568800 22 606 22 609
1503567000 22 601 22 601
1503565200 22 601 22 601
1503563400 22 602 22 613
1503561600 22 613 22 613
1503559800 22 582 22 613
1503558000 22 571 22 571
1503556200 22 592 22 593
1503554400 22 573 22 593
1503552600 22 584 22 591
1503550800 22 589 22 591
1503549000 22 589 22 605
1503547200 22 598 22 605
1503545400 22 619 22 629
1503543600 22 607 22 614
1503541800 22 611 22 631
1503540000 22 615 22 631
1503538200 22 637 23 644
1503536400 22 616 22 644
1503534600 22 593 22 617
1503532800 22 592 22 597
1503531000 22 602 23 622
1503529200 22 596 22 615
1503527400 22 635 23 675
1503525600 21 657 23 738
1503523800 22 853 23 1023
1503522000 22 975 22 1098
1503520200 3333 4457 11048 12128
1503518400 10619 11818 11196 12507
1503516600 283 1699 7387 8493
1503514800 22 1353 23 1561
1503513000 22 1427 23 2144
1503511200 22 1332 22 1590
1503509400 22 1268 22 1590
1503507600 22 1325 22 1566
1503505800 22 1244 22 1397
1503504000 2624 3847 11159 12306
1503502200 4529 5714 11159 12418
1503500400 22 1282 23 1445
1503498600 22 1293 28 1444
1503496800 22 1398 23 1878
1503495000 22 1443 23 1855
1503493200 22 1112 22 1370
1503491400 22 857 23 1099
1503489600 22 735 23 1226
1503487800 22 558 24 601
1503486000 22 522 23 584
1503484200 22 529 25 566
1503482400 22 526 23 558
1503480600 22 538 23 600
1503478800 22 529 22 600
1503477000 22 568 23 614
1503475200 22 574 23 616
1503473400 22 587 23 613
1503471600 22 582 22 631
1503469800 22 578 23 620
1503468000 22 580 23 609
1503466200 21 590 23 638
1503464400 22 584 23 624
1503462600 22 601 23 723
1503460800 22 627 22 746
1503459000 22 555 23 621
1503457200 22 542 22 583
1503455400 22 529 22 559
1503453600 22 543 22 615
1503451800 22 550 23 615
1503450000 22 535 22 594
1503448200 22 529 23 575
1503446400 22 565 22 727
1503444600 22 590 24 727
1503442800 22 597 22 815
1503441000 22 611 22 659
1503439200 22 674 23 798
1503437400 21 1067 23 1460
1503435600 21 1245 26 1631
1503433800 22 1382 23 1569
1503432000 22 1419 23 1566
1503430200 22 1553 22 1841
1503428400 22 1468 24 1698
1503426600 22 1525 22 1881
1503424800 22 1545 22 1689
1503423000 22 1646 22 1796
1503421200 22 1642 23 2316
1503419400 22 1510 23 1856
1503417600 1860 3899 5966 7962
1503415800 22 1662 22 2280
1503414000 22 1620 23 1888
1503412200 21 1587 23 1844
1503410400 22 1526 22 1886
1503408600 22 1755 23 1988
1503406800 22 1202 22 1502
1503405000 22 1134 22 1735
1503403200 22 705 22 1238
1503401400 22 683 24 823
1503399600 22 610 22 779
1503397800 22 682 22 837
1503396000 22 595 23 837
1503394200 22 612 22 687
1503392400 22 590 22 646
1503390600 22 588 22 638
1503388800 22 579 23 629
1503387000 22 594 23 645
1503385200 22 587 22 620
1503383400 22 595 23 623
1503381600 22 585 25 614
1503379800 21 589 23 640
1503378000 22 606 23 640
1503376200 22 587 23 613
1503374400 22 580 23 613
1503372600 22 591 23 651
1503370800 21 586 23 667
1503369000 22 588 23 647
1503367200 21 623 23 693
1503365400 22 602 23 656
1503363600 21 583 23 623
1503361800 22 593 23 651
1503360000 22 615 23 720
1503358200 22 652 24 908
1503356400 22 596 23 636
1503354600 22 631 23 729
1503352800 22 670 23 847
1503351000 22 846 23 1286
1503349200 22 1099 23 1286
1503347400 22 1315 23 1792
1503345600 22 1092 23 1792
1503343800 22 1195 23 1846
1503342000 22 1103 22 1222
1503340200 155 1466 828 2086
1503338400 22 1356 23 1728
1503336600 22 1431 23 1905
1503334800 22 1331 22 1717
1503333000 22 1507 23 2018
1503331200 22 1297 23 1507
1503329400 22 1194 23 1507
1503327600 9643 10815 11122 12391
1503325800 261 1599 3832 4905
1503324000 22 824 23 1472
1503322200 22 470 22 470
1503320400 22 470 22 470
1503318600 22 470 22 470
1503316800 22 470 22 470
1503315000 22 470 22 470
1503313200 22 470 22 470
1503311400 22 470 22 470
1503309600 22 470 22 470
1503307800 22 470 22 470
1503306000 22 470 22 470
1503304200 22 470 22 470
1503302400 22 470 22 470
1503300600 22 470 22 470
1503298800 22 470 22 470
1503297000 22 470 22 470
1503295200 22 470 22 470
1503293400 22 470 22 470
1503291600 22 470 22 470
1503289800 22 470 22 470
1503288000 22 470 22 470
1503286200 22 470 22 470
1503284400 22 470 22 470
1503282600 22 470 22 470
1503280800 22 470 22 470
1503279000 22 470 22 470
1503277200 22 470 22 470
1503275400 22 470 22 470
1503273600 22 470 22 470
1503271800 22 470 22 470
1503270000 22 470 22 470
1503268200 22 470 22 470
1503266400 22 470 22 470
1503264600 22 470 22 470
1503262800 22 470 22 470
1503261000 22 470 22 470
1503259200 22 470 22 470
1503257400 22 470 22 470
1503255600 22 470 22 470
1503253800 22 470 22 470
1503252000 22 470 22 470
1503250200 22 470 22 470
1503248400 22 470 22 470
1503246600 22 470 22 470
1503244800 22 470 22 470
1503243000 22 470 22 470
1503241200 22 470 22 470
1503239400 22 470 22 470
1503237600 22 470 22 470
1503235800 22 470 22 470
1503234000 22 470 22 470
1503232200 22 470 22 470
1503230400 22 470 22 470
1503228600 22 470 22 470
1503226800 22 470 22 470
1503225000 22 470 22 470
1503223200 22 470 22 470
1503221400 22 470 22 470
1503219600 22 470 22 470
1503217800 22 470 22 470
1503216000 22 470 22 470
1503214200 22 470 22 470
1503212400 22 470 22 470
1503210600 22 470 22 470
1503208800 22 470 22 470
1503207000 22 470 22 470
1503205200 22 470 22 470
1503203400 22 470 22 470
1503201600 22 470 22 470
1503199800 22 470 22 470
1503198000 22 470 22 470
1503196200 22 470 22 470
1503194400 22 470 22 470
1503192600 22 470 22 470
1503190800 22 470 22 470
1503189000 22 470 22 470
1503187200 22 470 22 470
1503185400 22 470 22 470
1503183600 22 470 22 470
1503181800 22 470 22 470
1503180000 22 470 22 470
1503178200 22 470 22 470
1503176400 22 470 22 470
1503174600 22 470 22 470
1503172800 22 470 22 470
1503171000 22 470 22 470
1503169200 22 470 22 470
1503167400 22 470 22 470
1503165600 22 470 22 470
1503163800 22 470 22 470
1503162000 22 470 22 470
1503160200 22 470 22 470
1503158400 22 470 22 470
1503156600 22 470 22 470
1503154800 22 470 22 470
1503153000 22 470 22 470
1503151200 22 470 22 470
1503149400 22 470 22 470
1503147600 22 470 22 470
1503145800 22 470 22 470
1503144000 22 470 22 470
1503142200 22 470 22 470
1503140400 22 470 22 470
1503138600 22 470 22 470
1503136800 22 470 22 470
1503135000 22 470 22 470
1503133200 22 470 22 470
1503131400 22 470 22 470
1503129600 22 470 22 470
1503127800 22 470 22 470
1503126000 22 470 22 470
1503124200 22 470 22 470
1503122400 22 470 22 470
1503120600 22 470 22 470
1503118800 22 470 22 470
1503117000 22 470 22 470
1503115200 22 470 22 470
1503113400 22 470 22 470
1503111600 22 470 22 470
1503109800 22 470 22 470
1503108000 22 470 22 470
1503106200 22 470 22 470
1503104400 22 470 22 470
1503102600 22 470 22 470
1503100800 22 470 22 470
1503099000 22 470 22 470
1503097200 22 470 22 470
1503095400 22 470 22 470
1503093600 22 470 22 470
1503091800 22 470 22 470
1503090000 22 470 22 470
1503088200 22 470 22 470
1503086400 22 470 22 470
1503084600 22 470 22 470
1503082800 22 470 22 470
1503081000 22 470 22 470
1503079200 22 470 22 470
1503077400 22 470 22 470
1503075600 22 470 22 470
1503073800 22 470 22 470
1503072000 22 470 22 470
1503070200 22 470 22 470
1503068400 22 470 22 470
1503066600 22 470 22 470
1503064800 22 470 22 470
1503063000 22 470 22 470
1503061200 22 470 22 470
1503059400 22 470 22 470
1503057600 22 470 22 470
1503055800 22 470 22 470
1503054000 22 470 22 470
1503052200 22 470 22 470
1503050400 22 470 22 470
1503048600 22 470 22 470
1503046800 22 470 22 470
1503045000 22 470 22 470
1503043200 22 470 22 470
1503041400 22 470 22 470
1503039600 22 470 22 470
1503037800 22 470 22 470
1503036000 22 470 22 470
1503028800 22 470 22 470
1503021600 22 470 22 470
1503014400 22 470 22 470
1503007200 22 470 22 470
1503000000 22 470 22 470
1502992800 22 470 22 470
1502985600 22 470 22 470
1502978400 22 470 22 470
1502971200 22 470 22 470
1502964000 22 470 22 470
1502956800 22 470 22 470
1502949600 22 470 22 470
1502942400 22 470 22 470
1502935200 22 470 22 470
1502928000 22 470 22 470
1502920800 22 470 22 470
1502913600 22 470 22 470
1502906400 22 470 22 470
1502899200 22 470 22 470
1502892000 22 470 22 470
1502884800 22 470 22 470
1502877600 22 470 22 470
1502870400 22 470 22 470
1502863200 22 470 22 470
1502856000 22 470 22 470
1502848800 22 470 22 470
1502841600 22 470 22 470
1502834400 22 470 22 470
1502827200 22 470 22 470
1502820000 22 470 22 470
1502812800 22 470 22 470
1502805600 22 470 22 470
1502798400 22 470 22 470
1502791200 22 470 22 470
1502784000 22 470 22 470
1502776800 22 470 22 470
1502769600 22 470 22 470
1502762400 22 470 22 470
1502755200 22 470 22 470
1502748000 22 470 22 470
1502740800 22 470 22 470
1502733600 22 470 22 470
1502726400 22 470 22 470
1502719200 22 470 22 470
1502712000 22 470 22 470
1502704800 22 470 22 470
1502697600 22 470 22 470
1502690400 22 470 22 470
1502683200 22 470 22 470
1502676000 22 470 22 470
1502668800 22 470 22 470
1502661600 22 470 22 470
1502654400 22 470 22 470
1502647200 22 470 22 470
1502640000 22 470 22 470
1502632800 22 470 22 470
1502625600 22 470 22 470
1502618400 22 470 22 470
1502611200 22 470 22 470
1502604000 22 470 22 470
1502596800 22 470 22 470
1502589600 22 470 22 470
1502582400 22 470 22 470
1502575200 22 470 22 470
1502568000 22 470 22 470
1502560800 22 470 22 470
1502553600 22 470 22 470
1502546400 22 470 22 470
1502539200 22 470 22 470
1502532000 22 470 22 470
1502524800 22 470 22 470
1502517600 22 470 22 470
1502510400 22 470 22 470
1502503200 22 470 22 470
1502496000 22 470 22 470
1502488800 22 470 22 470
1502481600 22 470 22 470
1502474400 22 470 22 470
1502467200 22 470 22 470
1502460000 22 470 22 470
1502452800 22 470 22 470
1502445600 22 470 22 470
1502438400 22 470 22 470
1502431200 22 470 22 470
1502424000 22 470 22 470
1502416800 22 470 22 470
1502409600 22 470 22 470
1502402400 22 470 22 470
1502395200 22 470 22 470
1502388000 22 470 22 470
1502380800 22 470 22 470
1502373600 22 470 22 470
1502366400 22 470 22 470
1502359200 22 470 22 470
1502352000 22 470 22 470
1502344800 22 470 22 470
1502337600 22 470 22 470
1502330400 22 470 22 470
1502323200 22 470 22 470
1502316000 22 470 22 470
1502308800 22 470 22 470
1502301600 22 470 22 470
1502294400 22 470 22 470
1502287200 22 470 22 470
1502280000 22 470 22 470
1502272800 22 470 22 470
1502265600 22 470 22 470
1502258400 22 470 22 470
1502251200 22 470 22 470
1502244000 22 470 22 470
1502236800 22 470 22 470
1502229600 22 470 22 470
1502222400 22 470 22 470
1502215200 22 470 22 470
1502208000 22 470 22 470
1502200800 22 470 22 470
1502193600 22 470 22 470
1502186400 22 470 22 470
1502179200 22 470 22 470
1502172000 22 470 22 470
1502164800 22 470 22 470
1502157600 22 470 22 470
1502150400 22 470 22 470
1502143200 22 470 22 470
1502136000 22 470 22 470
1502128800 22 470 22 470
1502121600 22 470 22 470
1502114400 22 470 22 470
1502107200 22 470 22 470
1502100000 22 470 22 470
1502092800 22 470 22 470
1502085600 22 470 22 470
1502078400 22 470 22 470
1502071200 22 470 22 470
1502064000 22 470 22 470
1502056800 22 470 22 470
1502049600 22 470 22 470
1502042400 22 470 22 470
1502035200 22 470 22 470
1502028000 22 470 22 470
1502020800 22 470 22 470
1502013600 22 470 22 470
1502006400 22 470 22 470
1501999200 22 470 22 470
1501992000 22 470 22 470
1501984800 22 470 22 470
1501977600 22 470 22 470
1501970400 22 470 22 470
1501963200 22 470 22 470
1501956000 22 470 22 470
1501948800 22 470 22 470
1501941600 22 470 22 470
1501934400 22 470 22 470
1501927200 22 470 22 470
1501920000 22 470 22 470
1501912800 22 470 22 470
1501905600 22 470 22 470
1501898400 22 470 22 470
1501891200 22 470 22 470
1501884000 22 470 22 470
1501876800 22 470 22 470
1501869600 22 470 22 470
1501862400 22 470 22 470
1501855200 22 470 22 470
1501848000 22 470 22 470
1501840800 22 470 22 470
1501833600 22 470 22 470
1501826400 22 470 22 470
1501819200 22 470 22 470
1501812000 22 470 22 470
1501804800 22 470 22 470
1501797600 22 470 22 470
1501790400 22 470 22 470
1501783200 22 470 22 470
1501776000 22 470 22 470
1501768800 22 470 22 470
1501761600 22 470 22 470
1501754400 22 470 22 470
1501747200 22 470 22 470
1501740000 22 470 22 470
1501732800 22 470 22 470
1501725600 22 470 22 470
1501718400 22 470 22 470
1501711200 22 470 22 470
1501704000 22 470 22 470
1501696800 22 470 22 470
1501689600 22 470 22 470
1501682400 22 470 22 470
1501675200 22 470 22 470
1501668000 22 470 22 470
1501660800 22 470 22 470
1501653600 22 470 22 470
1501646400 22 470 22 470
1501639200 22 470 22 470
1501632000 22 470 22 470
1501624800 22 470 22 470
1501617600 22 470 22 470
1501610400 22 470 22 470
1501603200 22 470 22 470
1501596000 22 470 22 470
1501588800 22 470 22 470
1501581600 22 470 22 470
1501574400 22 470 22 470
1501567200 22 470 22 470
1501560000 22 470 22 470
1501552800 22 470 22 470
1501545600 22 470 22 470
1501538400 22 470 22 470
1501531200 22 470 22 470
1501524000 22 470 22 470
1501516800 22 470 22 470
1501509600 22 470 22 470
1501502400 22 470 22 470
1501495200 22 470 22 470
1501488000 22 470 22 470
1501480800 22 470 22 470
1501473600 22 470 22 470
1501466400 22 470 22 470
1501459200 22 470 22 470
1501452000 22 470 22 470
1501444800 22 470 22 470
1501437600 22 470 22 470
1501430400 22 470 22 470
1501423200 22 470 22 470
1501416000 22 470 22 470
1501408800 22 470 22 470
1501401600 22 470 22 470
1501394400 22 470 22 470
1501387200 22 470 22 470
1501380000 22 470 22 470
1501372800 22 470 22 470
1501365600 22 470 22 470
1501358400 22 470 22 470
1501351200 22 470 22 470
1501344000 22 470 22 470
1501336800 22 470 22 470
1501329600 22 470 22 470
1501322400 22 470 22 470
1501315200 22 470 22 470
1501308000 22 470 22 470
1501300800 22 470 22 470
1501293600 22 470 22 470
1501286400 22 470 22 470
1501279200 22 470 22 470
1501272000 22 470 22 470
1501264800 22 470 22 470
1501257600 22 470 22 470
1501250400 22 470 22 470
1501243200 22 470 22 470
1501236000 22 470 22 470
1501228800 22 470 22 470
1501221600 22 470 22 470
1501214400 22 470 22 470
1501207200 22 470 22 470
1501200000 22 470 22 470
1501192800 22 470 22 470
1501185600 22 470 22 470
1501178400 22 470 22 470
1501171200 22 470 22 470
1501164000 22 470 22 470
1501156800 22 470 22 470
1501149600 22 470 22 470
1501142400 22 470 22 470
1501135200 22 470 22 470
1501128000 22 470 22 470
1501120800 22 470 22 470
1501113600 22 470 22 470
1501106400 22 470 22 470
1501099200 22 470 22 470
1501092000 22 470 22 470
1501084800 22 470 22 470
1501077600 22 470 22 470
1501070400 22 470 22 470
1501063200 22 470 22 470
1501056000 22 470 22 470
1501048800 22 470 22 470
1501041600 22 470 22 470
1501034400 22 470 22 470
1501027200 22 470 22 470
1501020000 22 470 22 470
1501012800 22 470 22 470
1501005600 22 470 22 470
1500998400 22 470 22 470
1500991200 22 470 22 470
1500984000 22 470 22 470
1500976800 22 470 22 470
1500969600 22 470 22 470
1500962400 22 470 22 470
1500955200 22 470 22 470
1500948000 22 470 22 470
1500940800 22 470 22 470
1500933600 22 470 22 470
1500926400 22 470 22 470
1500919200 22 470 22 470
1500912000 22 470 22 470
1500904800 22 470 22 470
1500897600 22 470 22 470
1500890400 22 470 22 470
1500883200 22 470 22 470
1500876000 22 470 22 470
1500868800 22 470 22 470
1500861600 22 470 22 470
1500854400 22 470 22 470
1500847200 22 470 22 470
1500840000 22 470 22 470
1500832800 22 470 22 470
1500825600 22 470 22 470
1500818400 22 470 22 470
1500811200 22 470 22 470
1500804000 22 470 22 470
1500796800 22 470 22 470
1500789600 22 470 22 470
1500782400 22 470 22 470
1500775200 22 470 22 470
1500768000 22 470 22 470
1500760800 22 470 22 470
1500753600 22 470 22 470
1500746400 22 470 22 470
1500739200 22 470 22 470
1500732000 22 470 22 470
1500724800 22 468 22 470
1500717600 22 467 22 471
1500710400 22 464 22 471
1500703200 22 458 22 467
1500696000 22 464 22 474
1500688800 22 466 22 480
1500681600 22 524 23 840
1500674400 22 795 23 1304
1500667200 903 30573 11808 408441
1500660000 6825 135382 17868 481766
1500652800 4063 8727 11159 74331
1500645600 195 1545 3057 4268
1500638400 22 767 24 842
1500631200 22 734 23 794
1500624000 22 740 23 863
1500616800 22 758 23 883
1500609600 22 751 23 890
1500602400 22 754 23 841
1500595200 22 787 23 957
1500588000 22 1426 23 2343
1500580800 7201 8923 11196 13289
1500573600 1760 3529 11326 12962
1500566400 171 2367 4370 21413
1500559200 4863 9195 17160 32616
1500552000 21 772 24 1394
1500544800 21 748 24 849
1500537600 21 779 23 958
1500530400 21 774 23 873
1500523200 22 799 23 873
1500516000 22 767 23 829
1500508800 22 810 24 957
1500501600 1393 3559 4245 8982
1500494400 829 2949 4122 8971
1500487200 22 1359 23 1674
1500480000 3226 4565 11158 12614
1500472800 22 1000 23 1976
1500465600 22 622 22 622
1500458400 22 622 22 622
1500451200 22 622 22 622
1500444000 22 622 22 622
1500436800 22 622 22 622
1500429600 22 622 22 622
1500422400 22 622 22 622
1500415200 22 622 22 622
1500408000 22 622 22 622
1500400800 22 622 22 622
1500393600 22 622 22 622
1500386400 22 622 22 622
1500379200 22 622 22 622
1500372000 22 622 22 622
1500364800 22 622 22 622
1500357600 22 622 22 622
1500350400 22 622 22 622
1500343200 22 622 22 622
1500336000 22 622 22 622
1500328800 22 622 22 622
1500321600 22 622 22 622
1500314400 22 622 22 622
1500307200 22 622 22 622
1500300000 22 622 22 622
1500292800 22 622 22 622
1500285600 22 622 22 622
1500278400 22 622 22 622
1500271200 22 622 22 622
1500264000 22 622 22 622
1500256800 22 622 22 622
1500249600 22 622 22 622
1500242400 22 622 22 622
1500235200 22 622 22 622
1500228000 22 622 22 622
1500220800 22 622 22 622
1500213600 22 622 22 622
1500206400 22 622 22 622
1500199200 22 622 22 622
1500192000 22 622 22 622
1500184800 22 622 22 622
1500177600 22 622 22 622
1500170400 22 622 22 622
1500163200 22 622 22 622
1500156000 22 622 22 622
1500148800 22 622 22 622
1500141600 22 622 22 622
1500134400 22 622 22 622
1500127200 22 622 22 622
1500120000 22 622 22 622
1500112800 22 622 22 622
1500105600 22 622 22 622
1500098400 22 622 22 622
1500091200 22 622 22 622
1500084000 22 622 22 622
1500076800 22 622 22 622
1500069600 22 622 22 622
1500062400 22 622 22 622
1500055200 22 622 22 622
1500048000 22 622 22 622
1500040800 22 622 22 622
1500033600 22 622 22 622
1500026400 22 622 22 622
1500019200 22 622 22 622
1500012000 22 622 22 622
1500004800 22 622 22 622
1499997600 22 622 22 622
1499990400 22 622 22 622
1499983200 22 622 22 622
1499976000 22 622 22 622
1499968800 22 622 22 622
1499961600 22 622 22 622
1499954400 22 622 22 622
1499947200 22 622 22 622
1499940000 22 622 22 622
1499932800 22 622 22 622
1499925600 22 622 22 622
1499918400 22 622 22 622
1499911200 22 622 22 622
1499904000 22 622 22 622
1499896800 22 622 22 622
1499889600 22 622 22 622
1499882400 22 622 22 622
1499875200 22 622 22 622
1499868000 22 622 22 622
1499860800 22 622 22 622
1499853600 22 622 22 622
1499846400 22 622 22 622
1499839200 22 622 22 622
1499832000 22 622 22 622
1499824800 22 622 22 622
1499817600 22 622 22 622
1499810400 22 622 22 622
1499803200 22 622 22 622
1499796000 22 622 22 622
1499788800 22 622 22 622
1499781600 22 622 22 622
1499774400 22 622 22 622
1499767200 22 622 22 622
1499760000 22 622 22 622
1499752800 22 622 22 622
1499745600 22 622 22 622
1499738400 22 622 22 622
1499731200 22 622 22 622
1499724000 22 622 22 622
1499716800 22 622 22 622
1499709600 22 622 22 622
1499702400 22 622 22 622
1499695200 22 622 22 622
1499688000 22 622 22 622
1499680800 22 622 22 622
1499673600 22 622 22 622
1499666400 22 622 22 622
1499659200 22 622 22 622
1499652000 22 622 22 622
1499644800 22 622 22 622
1499637600 22 622 22 622
1499630400 22 622 22 622
1499623200 22 622 22 622
1499616000 22 622 22 622
1499608800 22 622 22 622
1499601600 22 622 22 622
1499594400 22 622 22 622
1499587200 22 622 22 622
1499580000 22 622 22 622
1499572800 22 622 22 622
1499565600 22 622 22 622
1499558400 22 622 22 622
1499551200 22 622 22 622
1499544000 22 622 22 622
1499536800 22 622 22 622
1499529600 22 622 22 622
1499522400 22 622 22 622
1499515200 22 622 22 622
1499508000 22 622 22 622
1499500800 22 622 22 622
1499493600 22 622 22 622
1499486400 22 622 22 622
1499479200 22 622 22 622
1499472000 22 622 22 622
1499464800 22 622 22 622
1499457600 22 622 22 622
1499450400 22 622 22 622
1499443200 22 622 22 622
1499436000 22 622 22 622
1499428800 22 622 22 622
1499421600 22 622 22 622
1499414400 22 622 22 622
1499407200 22 622 22 622
1499400000 22 622 22 622
1499392800 22 622 22 622
1499385600 22 622 22 622
1499378400 22 622 22 622
1499371200 22 622 22 622
1499364000 22 622 22 622
1499356800 22 622 22 622
1499349600 22 622 22 622
1499342400 22 622 22 622
1499335200 22 622 22 622
1499328000 22 622 22 622
1499320800 22 622 22 622
1499313600 22 622 22 622
1499306400 22 622 22 622
1499299200 22 622 22 622
1499292000 22 622 22 622
1499284800 22 622 22 622
1499277600 22 622 22 622
1499270400 22 622 22 622
1499263200 22 622 22 622
1499256000 22 622 22 622
1499248800 22 622 22 622
1499241600 22 622 22 622
1499234400 22 622 22 622
1499227200 22 622 22 622
1499220000 22 622 22 622
1499212800 22 622 22 622
1499205600 22 622 22 622
1499198400 22 622 22 622
1499191200 22 622 22 622
1499184000 22 622 22 622
1499176800 22 622 22 622
1499169600 22 622 22 622
1499162400 22 622 22 622
1499155200 22 622 22 622
1499148000 22 622 22 622
1499140800 22 622 22 622
1499133600 22 622 22 622
1499126400 22 622 22 622
1499119200 22 622 22 622
1499112000 22 622 22 622
1499104800 22 622 22 622
1499097600 22 622 22 622
1499090400 22 622 22 622
1499083200 22 622 22 622
1499076000 22 622 22 622
1499068800 22 622 22 622
1499061600 22 622 22 622
1499054400 22 622 22 622
1499047200 22 622 22 622
1499040000 22 622 22 622
1499032800 22 622 22 622
1499025600 22 622 22 622
1499018400 22 622 22 622
1499011200 22 622 22 622
1499004000 22 622 22 622
1498996800 22 622 22 622
1498989600 22 622 22 622
1498982400 22 622 22 622
1498975200 22 622 22 622
1498968000 22 622 22 622
1498960800 22 622 22 622
1498953600 22 622 22 622
1498946400 22 622 22 622
1498939200 22 622 22 622
1498932000 22 622 22 622
1498924800 22 622 22 622
1498917600 22 622 22 622
1498910400 22 622 22 622
1498903200 22 622 22 622
1498896000 22 622 22 622
1498888800 22 622 22 622
1498881600 22 622 22 622
1498874400 22 622 22 622
1498867200 22 622 22 622
1498860000 22 622 22 622
1498852800 22 622 22 622
1498845600 22 622 22 622
1498838400 22 622 22 622
1498831200 22 622 22 622
1498824000 22 622 22 622
1498816800 22 622 22 622
1498809600 22 622 22 622
1498802400 22 622 22 622
1498795200 22 622 22 622
1498788000 22 622 22 622
1498780800 22 622 22 622
1498773600 22 622 22 622
1498766400 22 622 22 622
1498759200 22 622 22 622
1498752000 22 622 22 622
1498744800 22 622 22 622
1498737600 22 622 22 622
1498730400 22 622 22 622
1498723200 22 622 22 622
1498716000 22 622 22 622
1498694400 22 622 22 622
1498608000 22 622 22 622
1498521600 22 622 22 622
1498435200 22 622 22 622
1498348800 22 622 22 622
1498262400 22 622 22 622
1498176000 22 622 22 622
1498089600 22 622 22 622
1498003200 22 622 22 622
1497916800 22 622 22 622
1497830400 22 622 22 622
1497744000 21 617 24 808
1497657600 44 961 4362 5828
1497571200 881 1889 13676 19453
1497484800 22 714 22 714
1497398400 22 714 22 714
1497312000 22 714 22 714
1497225600 21 703 24 785
1497139200 21 714 24 823
1497052800 112 1137 11160 12591
1496966400 691 2254 23432 70418
1496880000 470 1454 11158 13351
1496793600 108 1181 11158 12631
1496707200 23 1048 473 2460
1496620800 21 716 26 1547
1496534400 21 714 24 848
1496448000 351 1572 11610 16091
1496361600 352 3326 12198 218183
1496275200 133 1264 14127 16494
1496188800 654 1887 24717 31890
1496102400 21 1141 24 3317
1496016000 21 764 24 2375
1495929600 22 702 22 702
1495843200 371 1554 11166 12595
1495756800 385 1655 11158 37548
1495670400 323 2604 11122 86783
1495584000 22 825 22 825
1495497600 22 825 22 825
1495411200 22 825 22 825
1495324800 22 825 22 825
1495238400 22 825 22 825
1495152000 2773 4446 295466 77426
1495065600 262 1481 12101 18136
1494979200 115 1051 6614 8409
1494892800 22 883 22 883
1494806400 22 883 22 883
1494720000 21 818 24 1076
1494633600 92 1099 8794 34160
1494547200 577 1491 11354 14717
1494460800 22 606 22 606
1494374400 22 606 22 606
1494288000 22 606 22 606
1494201600 22 606 22 606
1494115200 22 606 22 606
1494028800 22 606 22 606
1493942400 22 606 22 606
1493856000 22 606 22 606
1493769600 22 606 22 606
1493683200 22 606 22 606
1493596800 22 606 22 606
1493510400 22 606 22 606
1493424000 22 606 22 606
1493337600 22 606 22 606
1493251200 22 606 22 606
1493164800 22 606 22 606
1493078400 22 606 22 606
1492992000 22 606 22 606
1492905600 22 606 22 606
1492819200 22 606 22 606
1492732800 22 606 22 606
1492646400 22 606 22 606
1492560000 22 606 22 606
1492473600 22 606 22 606
1492387200 22 606 22 606
1492300800 22 606 22 606
1492214400 22 606 22 606
1492128000 22 606 22 606
1492041600 22 606 22 606
1491955200 22 606 22 606
1491868800 22 606 22 606
1491782400 22 606 22 606
1491696000 22 606 22 606
1491609600 22 606 22 606
1491523200 22 606 22 606
1491436800 22 606 22 606
1491350400 22 606 22 606
1491264000 22 606 22 606
1491177600 22 567 24 616
1491091200 21 558 35 1431
1491004800 125 1211 11454 14017
1490918400 408 1497 11454 13273
1490832000 43 1097 3615 5042
1490745600 104 1155 11085 12929
1490659200 0 0 0 0
1490572800 0 0 0 0
1490486400 0 0 0 0
1490400000 0 0 0 0
1490313600 0 0 0 0
1490227200 0 0 0 0
1490140800 0 0 0 0
1490054400 0 0 0 0
1489968000 0 0 0 0
1489881600 0 0 0 0
1489795200 0 0 0 0
1489708800 0 0 0 0
1489622400 0 0 0 0
1489536000 0 0 0 0
1489449600 0 0 0 0
1489363200 0 0 0 0
1489276800 0 0 0 0
1489190400 0 0 0 0
1489104000 0 0 0 0
1489017600 0 0 0 0
1488931200 0 0 0 0
1488844800 13 279 30 676
1488758400 27 585 31 987
1488672000 26 568 31 689
1488585600 924 1958 21553 22253
1488499200 688 1955 14453 28262
1488412800 738 3038 15917 162229
1488326400 272 1630 11459 68409
1488240000 236 1236 11165 12823
1488153600 27 619 29 745
1488067200 27 580 30 767
1487980800 393 1310 11201 12873
1487894400 781 1700 13880 14913
1487808000 197 1084 11311 12346
1487721600 825 2755 12040 80696
1487635200 26 576 31 695
1487548800 27 578 30 682
1487462400 27 578 29 688
1487376000 911 2238 11163 46944
1487289600 2220 4364 115481 116401
1487203200 688 1830 11460 41843
1487116800 22 550 22 550
1487030400 22 550 22 550
1486944000 22 550 22 550
1486857600 22 550 22 550
1486771200 22 550 22 550
1486684800 22 550 22 550
1486598400 22 550 22 550
1486512000 22 550 22 550
1486425600 22 550 22 550
1486339200 22 550 22 550
1486252800 22 550 22 550
1486166400 22 550 22 550
1486080000 22 550 22 550
1485993600 22 550 22 550
1485907200 22 550 22 550
1485820800 527 1248 12977 15390
1485734400 22 413 24 858
1485648000 21 418 24 1850
1485561600 4447 3129 909948 189000
1485475200 1570 2483 20051 48233
1485388800 857 1714 28545 35946
1485302400 507 1279 22583 30072
1485216000 587 1201 11249 12683
1485129600 22 358 23 468
1485043200 21 375 23 572
1484956800 3670 13694 109659 383171
1484870400 968 1662 11158 12764
1484784000 776 1484 11589 12932
1484697600 22 673 24 1743
1484611200 95 723 11121 12524
1484524800 22 369 24 501
1484438400 22 452 24 830
1484352000 1979 4560 27779 300832
1484265600 283 972 11122 12172
1484179200 375 1169 24483 34144
1484092800 380 1098 11159 13001
1484006400 1473 13864 70104 456372
1483920000 22 268 23 347
1483833600 22 308 27 601
1483747200 326 969 11159 12624
1483660800 529 1090 11471 12731
1483574400 943 1564 11264 12568
1483488000 816 1489 15687 20641
1483401600 21 300 23 377
1483315200 22 300 23 383
1483228800 22 300 25 386
1483142400 23 526 1164 1702
1483056000 29 520 2787 3333
1482969600 33 450 3804 4277
1482883200 22 274 22 274
1482796800 22 274 22 274
1482710400 21 265 25 319
1482624000 22 262 24 323
1482537600 1045 1669 46583 50901
1482451200 916 1621 15443 20938
1482364800 418 984 11158 12710
1482278400 630 2271 33636 174063
1482192000 337 915 11122 12808
1482105600 3 60 47 403
1482019200 0 0 0 0
1481932800 0 0 0 0
1481846400 0 0 0 0
1481760000 0 0 0 0
1481673600 0 0 0 0
1481587200 0 0 0 0
1481500800 0 0 0 0
1481414400 0 0 0 0
1481328000 0 0 0 0
1481241600 0 0 0 0
1481155200 0 0 0 0
1481068800 0 0 0 0
1480982400 0 0 0 0
1480896000 0 0 0 0
1480809600 0 0 0 0
1480723200 0 0 0 0
1480636800 0 0 0 0
1480550400 0 0 0 0
1480464000 0 0 0 0
1480377600 0 0 0 0
1480291200 0 0 0 0
1480204800 0 0 0 0
1480118400 0 0 0 0
1480032000 0 0 0 0
1479945600 0 0 0 0
1479859200 0 0 0 0
1479772800 0 0 0 0
1479686400 0 0 0 0
1479600000 0 0 0 0
1479513600 0 0 0 0
1479427200 0 0 0 0
1479340800 0 0 0 0
1479254400 0 0 0 0
1479168000 0 0 0 0
1479081600 0 0 0 0
1478995200 0 0 0 0
1478908800 0 0 0 0
1478822400 0 0 0 0
1478736000 0 0 0 0
1478649600 0 0 0 0
1478563200 0 0 0 0
1478476800 0 0 0 0
1478390400 0 0 0 0
1478304000 0 0 0 0
1478217600 0 0 0 0
1478131200 0 0 0 0
1478044800 0 0 0 0
1477958400 0 0 0 0
1477872000 0 0 0 0
1477785600 0 0 0 0
1477699200 0 0 0 0
1477612800 0 0 0 0
1477526400 0 0 0 0
1477440000 0 0 0 0
1477353600 0 0 0 0
1477267200 0 0 0 0
1477180800 0 0 0 0
1477094400 0 0 0 0
1477008000 0 0 0 0
1476921600 0 0 0 0
1476835200 0 0 0 0
1476748800 0 0 0 0
1476662400 0 0 0 0
1476576000 0 0 0 0
1476489600 0 0 0 0
1476403200 0 0 0 0
1476316800 0 0 0 0
1476230400 0 0 0 0
1476144000 0 0 0 0
1476057600 0 0 0 0
1475971200 0 0 0 0
1475884800 0 0 0 0
1475798400 0 0 0 0
1475712000 0 0 0 0
1475625600 0 0 0 0
1475539200 0 0 0 0
1475452800 0 0 0 0
1475366400 0 0 0 0
1475280000 0 0 0 0
1475193600 0 0 0 0
1475107200 0 0 0 0
1475020800 0 0 0 0
1474934400 0 0 0 0
1474848000 0 0 0 0
1474761600 0 0 0 0
1474675200 0 0 0 0
1474588800 0 0 0 0
1474502400 0 0 0 0
1474416000 0 0 0 0
1474329600 0 0 0 0
1474243200 0 0 0 0
1474156800 0 0 0 0
1474070400 0 0 0 0
1473984000 0 0 0 0
1473897600 0 0 0 0
1473811200 0 0 0 0
1473724800 0 0 0 0
1473638400 0 0 0 0
1473552000 0 0 0 0
1473465600 0 0 0 0
1473379200 0 0 0 0
1473292800 0 0 0 0
1473206400 0 0 0 0
1473120000 0 0 0 0
1473033600 0 0 0 0
1472947200 0 0 0 0
1472860800 0 0 0 0
1472774400 0 0 0 0
1472688000 0 0 0 0
1472601600 0 0 0 0
1472515200 0 0 0 0
1472428800 0 0 0 0
1472342400 0 0 0 0
1472256000 0 0 0 0
1472169600 0 0 0 0
1472083200 0 0 0 0
1471996800 0 0 0 0
1471910400 0 0 0 0
1471824000 0 0 0 0
1471737600 0 0 0 0
1471651200 0 0 0 0
1471564800 0 0 0 0
1471478400 0 0 0 0
1471392000 0 0 0 0
1471305600 0 0 0 0
1471219200 0 0 0 0
1471132800 0 0 0 0
1471046400 0 0 0 0
1470960000 0 0 0 0
1470873600 0 0 0 0
1470787200 0 0 0 0
1470700800 0 0 0 0
1470614400 0 0 0 0
1470528000 0 0 0 0
1470441600 0 0 0 0
1470355200 0 0 0 0
1470268800 0 0 0 0
1470182400 0 0 0 0
1470096000 0 0 0 0
1470009600 0 0 0 0
1469923200 0 0 0 0
1469836800 0 0 0 0
1469750400 0 0 0 0
1469664000 0 0 0 0
1469577600 0 0 0 0
1469491200 0 0 0 0
1469404800 0 0 0 0
1469318400 0 0 0 0
1469232000 0 0 0 0
1469145600 0 0 0 0
1469059200 0 0 0 0
1468972800 0 0 0 0
1468886400 0 0 0 0
1468800000 0 0 0 0
1468713600 0 0 0 0
1468627200 0 0 0 0
1468540800 0 0 0 0
1468454400 0 0 0 0
1468368000 0 0 0 0
1468281600 0 0 0 0
1468195200 0 0 0 0
1468108800 0 0 0 0
1468022400 0 0 0 0
1467936000 0 0 0 0
1467849600 0 0 0 0
1467763200 0 0 0 0
1467676800 0 0 0 0
1467590400 0 0 0 0
1467504000 0 0 0 0
1467417600 0 0 0 0
1467331200 0 0 0 0
1467244800 0 0 0 0
1467158400 0 0 0 0
1467072000 0 0 0 0
1466985600 0 0 0 0
1466899200 0 0 0 0
1466812800 0 0 0 0
1466726400 0 0 0 0
1466640000 0 0 0 0
1466553600 0 0 0 0
1466467200 0 0 0 0
1466380800 0 0 0 0
1466294400 0 0 0 0
1466208000 0 0 0 0
1466121600 0 0 0 0
1466035200 0 0 0 0
1465948800 0 0 0 0
1465862400 0 0 0 0
1465776000 0 0 0 0
1465689600 0 0 0 0
1465603200 0 0 0 0
1465516800 0 0 0 0
1465430400 0 0 0 0
1465344000 0 0 0 0
1465257600 0 0 0 0
1465171200 0 0 0 0
1465084800 0 0 0 0
1464998400 0 0 0 0
1464912000 0 0 0 0
1464825600 0 0 0 0
1464739200 0 0 0 0
1464652800 0 0 0 0
1464566400 0 0 0 0
1464480000 0 0 0 0
1464393600 0 0 0 0
1464307200 0 0 0 0
1464220800 0 0 0 0
1464134400 0 0 0 0
1464048000 0 0 0 0
1463961600 0 0 0 0
1463875200 0 0 0 0
1463788800 0 0 0 0
1463702400 0 0 0 0
1463616000 0 0 0 0
1463529600 0 0 0 0
1463443200 0 0 0 0
1463356800 0 0 0 0
1463270400 0 0 0 0
1463184000 0 0 0 0
1463097600 0 0 0 0
1463011200 0 0 0 0
1462924800 0 0 0 0
1462838400 0 0 0 0
1462752000 0 0 0 0
1462665600 0 0 0 0
1462579200 0 0 0 0
1462492800 0 0 0 0
1462406400 0 0 0 0
1462320000 0 0 0 0
1462233600 0 0 0 0
1462147200 0 0 0 0
1462060800 0 0 0 0
1461974400 0 0 0 0
1461888000 0 0 0 0
1461801600 0 0 0 0
1461715200 0 0 0 0
1461628800 0 0 0 0
1461542400 0 0 0 0
1461456000 0 0 0 0
1461369600 0 0 0 0
1461283200 0 0 0 0
1461196800 0 0 0 0
1461110400 0 0 0 0
1461024000 0 0 0 0
1460937600 0 0 0 0
1460851200 0 0 0 0
1460764800 0 0 0 0
1460678400 0 0 0 0
1460592000 0 0 0 0
1460505600 0 0 0 0
1460419200 0 0 0 0
1460332800 0 0 0 0
1460246400 0 0 0 0
1460160000 0 0 0 0
1460073600 0 0 0 0
1459987200 0 0 0 0
1459900800 0 0 0 0
1459814400 0 0 0 0
1459728000 0 0 0 0
1459641600 0 0 0 0
1459555200 0 0 0 0
1459468800 0 0 0 0
1459382400 0 0 0 0
1459296000 0 0 0 0
1459209600 0 0 0 0
1459123200 0 0 0 0
1459036800 0 0 0 0
1458950400 0 0 0 0
1458864000 0 0 0 0
1458777600 0 0 0 0
1458691200 0 0 0 0
1458604800 0 0 0 0
1458518400 0 0 0 0
1458432000 0 0 0 0
1458345600 0 0 0 0
1458259200 0 0 0 0
1458172800 0 0 0 0
1458086400 0 0 0 0
1458000000 0 0 0 0
1457913600 0 0 0 0
1457827200 0 0 0 0
1457740800 0 0 0 0
1457654400 0 0 0 0
1457568000 0 0 0 0
1457481600 0 0 0 0
1457395200 0 0 0 0
1457308800 0 0 0 0
1457222400 0 0 0 0
1457136000 0 0 0 0
1457049600 0 0 0 0
1456963200 0 0 0 0
1456876800 0 0 0 0
1456790400 0 0 0 0
1456704000 0 0 0 0
1456617600 0 0 0 0
1456531200 0 0 0 0
1456444800 0 0 0 0
1456358400 0 0 0 0
1456272000 0 0 0 0
1456185600 0 0 0 0
1456099200 0 0 0 0
1456012800 0 0 0 0
1455926400 0 0 0 0
1455840000 0 0 0 0
1455753600 0 0 0 0
1455667200 0 0 0 0
1455580800 0 0 0 0
1455494400 0 0 0 0
1455408000 0 0 0 0
1455321600 0 0 0 0
1455235200 0 0 0 0
1455148800 0 0 0 0
1455062400 0 0 0 0
1454976000 0 0 0 0
1454889600 0 0 0 0
1454803200 0 0 0 0
1454716800 0 0 0 0
1454630400 0 0 0 0
1454544000 0 0 0 0
1454457600 0 0 0 0
1454371200 0 0 0 0
1454284800 0 0 0 0
1454198400 0 0 0 0
1454112000 0 0 0 0
1454025600 0 0 0 0
1453939200 0 0 0 0
1453852800 0 0 0 0
1453766400 0 0 0 0
1453680000 0 0 0 0
1453593600 0 0 0 0
1453507200 0 0 0 0
1453420800 0 0 0 0
1453334400 0 0 0 0
1453248000 0 0 0 0
1453161600 0 0 0 0
1453075200 0 0 0 0
1452988800 0 0 0 0
1452902400 0 0 0 0
1452816000 0 0 0 0
1452729600 0 0 0 0
1452643200 0 0 0 0
1452556800 0 0 0 0
1452470400 0 0 0 0
1452384000 0 0 0 0
1452297600 0 0 0 0
1452211200 0 0 0 0
1452124800 0 0 0 0
1452038400 0 0 0 0
1451952000 0 0 0 0
1451865600 0 0 0 0
1451779200 0 0 0 0
1451692800 0 0 0 0
1451606400 0 0 0 0
1451520000 0 0 0 0
1451433600 0 0 0 0
1451347200 0 0 0 0
1451260800 0 0 0 0
1451174400 0 0 0 0
1451088000 0 0 0 0
1451001600 0 0 0 0
1450915200 0 0 0 0
1450828800 0 0 0 0
1450742400 0 0 0 0
1450656000 0 0 0 0
1450569600 0 0 0 0
1450483200 0 0 0 0
1450396800 0 0 0 0
1450310400 0 0 0 0
1450224000 0 0 0 0
1450137600 0 0 0 0
1450051200 0 0 0 0
1449964800 0 0 0 0
1449878400 0 0 0 0
1449792000 0 0 0 0
1449705600 0 0 0 0
1449619200 0 0 0 0
1449532800 0 0 0 0
1449446400 0 0 0 0
1449360000 0 0 0 0
1449273600 0 0 0 0
1449187200 0 0 0 0
1449100800 0 0 0 0
1449014400 0 0 0 0
1448928000 0 0 0 0
1448841600 0 0 0 0
1448755200 0 0 0 0
1448668800 0 0 0 0
1448582400 0 0 0 0
1448496000 0 0 0 0
1448409600 0 0 0 0
1448323200 0 0 0 0
1448236800 0 0 0 0
1448150400 0 0 0 0
1448064000 0 0 0 0
1447977600 0 0 0 0
1447891200 0 0 0 0
1447804800 0 0 0 0
1447718400 0 0 0 0
1447632000 0 0 0 0
1447545600 0 0 0 0
1447459200 0 0 0 0
1447372800 0 0 0 0
1447286400 0 0 0 0
1447200000 0 0 0 0
1447113600 0 0 0 0
1447027200 0 0 0 0
1446940800 0 0 0 0
1446854400 0 0 0 0
1446768000 0 0 0 0
1446681600 0 0 0 0
1446595200 0 0 0 0
1446508800 0 0 0 0
1446422400 0 0 0 0
1446336000 0 0 0 0
1446249600 0 0 0 0
1446163200 0 0 0 0
1446076800 0 0 0 0
1445990400 0 0 0 0
1445904000 0 0 0 0
1445817600 0 0 0 0
1445731200 0 0 0 0
1445644800 0 0 0 0
1445558400 0 0 0 0
1445472000 0 0 0 0
1445385600 0 0 0 0
1445299200 0 0 0 0
1445212800 0 0 0 0
1445126400 0 0 0 0
1445040000 0 0 0 0
1444953600 0 0 0 0
1444867200 0 0 0 0
1444780800 0 0 0 0
1444694400 0 0 0 0
1444608000 0 0 0 0
1444521600 0 0 0 0
1444435200 0 0 0 0
1444348800 0 0 0 0
1444262400 0 0 0 0
1444176000 0 0 0 0
1444089600 0 0 0 0
1444003200 0 0 0 0
1443916800 0 0 0 0
1443830400 0 0 0 0
1443744000 0 0 0 0
1443657600 0 0 0 0
1443571200 0 0 0 0
1443484800 0 0 0 0
1443398400 0 0 0 0
1443312000 0 0 0 0
1443225600 0 0 0 0
1443139200 0 0 0 0
1443052800 0 0 0 0
1442966400 0 0 0 0
1442880000 0 0 0 0
1442793600 0 0 0 0
1442707200 0 0 0 0
1442620800 0 0 0 0
1442534400 0 0 0 0
1442448000 0 0 0 0
1442361600 0 0 0 0
1442275200 0 0 0 0
1442188800 0 0 0 0
1442102400 0 0 0 0
1442016000 0 0 0 0
1441929600 0 0 0 0
1441843200 0 0 0 0
1441756800 0 0 0 0
1441670400 0 0 0 0
1441584000 0 0 0 0
1441497600 0 0 0 0
1441411200 0 0 0 0
1441324800 0 0 0 0
1441238400 0 0 0 0
1441152000 0 0 0 0
1441065600 0 0 0 0
1440979200 0 0 0 0
1440892800 0 0 0 0
1440806400 0 0 0 0
1440720000 0 0 0 0
1440633600 0 0 0 0
1440547200 0 0 0 0
1440460800 0 0 0 0
1440374400 0 0 0 0
1440288000 0 0 0 0
1440201600 0 0 0 0
1440115200 0 0 0 0
1440028800 0 0 0 0
1439942400 0 0 0 0
1439856000 0 0 0 0
1439769600 0 0 0 0
1439683200 0 0 0 0
1439596800 0 0 0 0
1439510400 0 0 0 0
1439424000 0 0 0 0
1439337600 0 0 0 0
1439251200 0 0 0 0
1439164800 0 0 0 0
1439078400 0 0 0 0
1438992000 0 0 0 0
1438905600 0 0 0 0
1438819200 0 0 0 0
1438732800 0 0 0 0
1438646400 0 0 0 0
1438560000 0 0 0 0
1438473600 0 0 0 0
1438387200 0 0 0 0
1438300800 0 0 0 0
1438214400 0 0 0 0
1438128000 0 0 0 0
1438041600 0 0 0 0
1437955200 0 0 0 0
1437868800 0 0 0 0
1437782400 0 0 0 0
1437696000 0 0 0 0
1437609600 0 0 0 0
1437523200 0 0 0 0
1437436800 0 0 0 0
1437350400 0 0 0 0
1437264000 0 0 0 0
1437177600 0 0 0 0
1437091200 0 0 0 0
1437004800 0 0 0 0
1436918400 0 0 0 0
1436832000 0 0 0 0
1436745600 0 0 0 0
1436659200 0 0 0 0
1436572800 0 0 0 0
1436486400 0 0 0 0
1436400000 0 0 0 0
1436313600 0 0 0 0
1436227200 0 0 0 0
1436140800 0 0 0 0
1436054400 0 0 0 0
1435968000 0 0 0 0
1435881600 0 0 0 0
1435795200 0 0 0 0
1435708800 0 0 0 0
1435622400 0 0 0 0
1435536000 0 0 0 0
