1504297340 380180940 12095017075
1504297340 22 900 22 900
1504297040 22 962 22 962
1504296900 22 1113 22 1286
1504296600 22 1245 23 1286
1504296300 22 1208 23 1218
1504296000 22 1199 23 1218
1504295700 22 1459 23 1782
1504295400 22 1461 22 1782
1504295100 22 1229 22 1382
1504294800 22 1457 22 1544
1504294500 22 1245 22 1544
1504294200 22 971 22 1048
1504293900 22 1027 22 1048
1504293600 22 1008 22 1014
1504293300 22 995 22 1014
1504293000 22 1044 22 1127
1504292700 22 1201 22 1287
1504292400 22 1264 22 1287
1504292100 22 1164 22 1239
1504291800 22 1076 22 1080
1504291500 22 1132 22 1201
1504291200 22 1182 22 1201
1504290900 22 1197 22 1239
1504290600 22 1225 22 1239
1504290300 22 1318 22 1442
1504290000 22 1340 22 1442
1504289700 22 1334 22 1461
1504289400 22 1408 22 1461
1504289100 22 1256 22 1349
1504288800 22 1101 23 1151
1504288500 22 1028 23 1044
1504288200 22 995 23 1011
1504287900 22 977 23 978
1504287600 22 1116 22 1278
1504287300 22 1223 22 1278
1504287000 22 1208 22 1262
1504286700 22 1325 22 1399
1504286400 22 1288 23 1399
1504286100 22 1150 23 1161
1504285800 22 1173 22 1213
1504285500 22 1180 22 1213
1504285200 22 1139 22 1143
1504284900 22 1124 22 1135
1504284600 22 1160 22 1215
1504284300 22 1272 22 1338
1504284000 22 1237 22 1338
1504283700 22 1174 22 1235
1504283400 22 1118 22 1235
1504283100 22 1022 22 1065
1504282800 22 1086 22 1110
1504282500 22 1125 22 1143
1504282200 22 1145 22 1148
1504281900 22 1179 22 1215
1504281600 22 1155 22 1215
1504281300 22 1216 22 1365
1504281000 22 1309 23 1365
1504280700 22 1184 23 1245
1504280400 22 1177 22 1248
1504280100 22 1193 22 1248
1504279800 22 1161 22 1197
1504279500 22 1204 22 1214
1504279200 22 1295 22 1388
1504278900 22 1434 22 1488
1504278600 22 1296 22 1488
1504278300 22 1147 22 1230
1504278000 22 1291 23 1362
1504277700 22 1272 23 1362
1504277400 22 1133 22 1170
1504277100 22 1184 22 1292
1504276800 22 1244 22 1292
1504276500 22 1092 22 1191
1504276200 22 1144 22 1332
1504275900 22 1222 22 1332
1504275600 22 1278 22 1488
1504275300 22 1628 22 1790
1504275000 22 1478 22 1790
1504274700 22 1083 22 1123
1504274400 22 1186 23 1358
1504274100 22 1454 23 1564
1504273800 22 1379 23 1564
1504273500 22 1179 23 1195
1504273200 22 1249 22 1312
1504272900 22 1511 22 1740
1504272600 22 1652 23 1740
1504272300 22 1524 23 1552
1504272000 22 1287 22 1492
1504271700 22 1276 22 1534
1504271400 22 1566 22 1604
1504271100 22 1436 22 1604
1504270800 22 1018 22 1246
1504270500 22 811 22 873
1504270200 22 738 22 873
1504269900 22 763 22 968
1504269600 22 765 22 968
1504269300 22 768 22 1042
1504269000 22 946 22 1042
1504268700 22 685 22 837
1504268400 22 532 22 557
1504268100 22 552 24 557
1504267800 23 508 24 547
1504267500 22 510 22 561
1504267200 22 637 22 724
1504266900 22 639 22 724
1504266600 22 507 22 543
1504266300 22 459 22 466
1504266000 22 420 22 453
1504265700 22 420 22 464
1504265400 22 473 22 485
1504265100 22 431 22 485
1504264800 22 405 22 447
1504264500 22 447 22 447
1504264200 22 405 22 447
1504263900 22 417 22 486
1504263600 22 460 22 486
1504263300 22 413 22 432
1504263000 22 434 23 484
1504262700 22 455 23 484
1504262400 22 435 22 450
1504262100 22 472 22 499
1504261800 22 464 22 499
1504261500 22 424 22 425
1504261200 22 444 22 468
1504260900 22 454 22 468
1504260600 22 414 23 439
1504260300 22 425 23 471
1504260000 22 427 23 471
1504259700 22 385 23 396
1504259400 22 450 22 513
1504259100 22 439 22 513
1504258800 22 374 22 396
1504258500 22 433 22 476
1504258200 22 434 22 476
1504257900 22 400 22 414
1504257600 22 435 23 460
1504257300 22 427 23 460
1504257000 22 387 22 391
1504256700 22 416 22 455
1504256400 22 425 22 455
1504256100 22 401 22 413
1504255800 22 438 22 467
1504255500 22 423 22 467
1504255200 22 390 22 409
1504254900 22 408 22 409
1504254600 22 404 22 407
1504254300 22 439 22 485
1504254000 22 457 22 485
1504253700 22 429 22 433
1504253400 22 405 22 433
1504253100 22 376 22 381
1504252800 22 376 23 381
1504252500 22 399 23 431
1504252200 22 412 22 431
1504251900 22 384 22 391
1504251600 22 392 22 412
1504251300 22 398 22 412
1504251000 22 400 23 423
1504250700 22 434 23 447
1504250400 22 441 22 447
1504250100 22 424 22 435
1504249800 22 411 22 412
1504249500 22 389 22 410
1504249200 22 389 22 415
1504248900 22 442 22 474
1504248600 22 439 22 474
1504248300 22 395 22 401
1504248000 22 412 22 440
1504247700 22 401 22 440
1504247400 22 383 22 412
1504247100 22 427 22 445
1504246800 22 434 22 445
1504246500 22 434 22 448
1504246200 22 432 22 448
1504245900 22 399 22 415
1504245600 22 413 22 450
1504245300 22 437 22 450
1504245000 22 421 22 423
1504244700 22 417 22 419
1504244400 22 415 22 415
1504244100 22 408 22 415
1504243800 22 431 22 468
1504243500 22 452 22 468
1504243200 22 441 22 449
1504242900 22 438 22 449
1504242600 22 423 22 426
1504242300 22 411 22 421
1504242000 22 414 22 432
1504241700 22 428 22 432
1504241400 22 422 22 424
1504241100 22 416 22 421
1504240800 22 390 22 412
1504240500 22 387 22 414
1504240200 22 442 22 476
1504239900 22 441 22 476
1504239600 22 417 23 434
1504239300 22 476 23 525
1504239000 22 458 23 525
1504238700 22 379 23 382
1504238400 21 449 22 532
1504238100 22 439 22 532
1504237800 22 396 23 470
1504237500 22 450 23 470
1504237200 22 400 22 429
1504236900 22 389 22 415
1504236600 22 436 22 460
1504236300 22 461 22 463
1504236000 22 450 22 463
1504235700 22 420 22 436
1504235400 22 404 22 406
1504235100 22 419 22 434
1504234800 22 397 22 434
1504234500 22 391 22 434
1504234200 22 446 22 461
1504233900 22 425 23 461
1504233600 22 398 23 414
1504233300 22 434 22 458
1504233000 22 412 22 458
1504232700 22 388 22 422
1504232400 22 451 23 486
1504232100 22 442 23 486
1504231800 22 389 22 393
1504231500 22 414 22 448
1504231200 22 415 22 448
1504230900 22 378 22 379
1504230600 22 430 22 489
1504230300 22 445 22 489
1504230000 22 379 22 396
1504229700 22 442 22 535
1504229400 22 471 22 535
1504229100 22 407 22 417
1504228800 22 432 22 451
1504228500 22 409 22 451
1504228200 22 387 22 416
1504227900 22 426 22 439
1504227600 22 419 22 439
1504227300 22 406 22 417
1504227000 22 443 22 473
1504226700 22 442 22 473
1504226400 22 414 23 424
1504226100 22 432 23 443
1504225800 22 425 22 443
1504225500 22 426 22 452
1504225200 22 457 22 463
1504224900 22 446 23 463
1504224600 22 440 23 454
1504224300 22 440 22 454
1504224000 22 432 23 441
1504223700 22 448 23 458
1504223400 21 432 22 458
1504223100 22 417 22 434
1504222800 22 454 22 477
1504222500 22 428 22 477
1504222200 22 415 22 465
1504221900 22 451 22 465
1504221600 22 410 22 437
1504221300 22 388 22 398
1504221000 22 426 22 460
1504220700 22 440 22 460
1504220400 22 416 22 419
1504220100 22 438 22 466
1504219800 22 426 22 466
1504219500 22 394 22 409
1504219200 22 422 22 439
1504218900 22 434 22 439
1504218600 22 445 22 463
1504218300 22 463 22 464
1504218000 22 437 22 464
1504217700 22 432 22 460
1504217400 22 422 22 460
1504217100 22 412 22 449
1504216800 22 436 22 449
1504216500 22 398 22 423
1504216200 22 452 22 547
1504215900 22 593 22 648
1504215600 22 583 22 648
1504215300 22 524 22 543
1504215000 22 577 22 617
1504214700 22 583 22 617
1504214400 22 631 22 731
1504214100 22 704 22 731
1504213800 22 731 22 797
1504213500 22 897 22 1013
1504213200 22 1023 23 1035
1504212900 22 1170 23 1325
1504212600 22 1307 22 1325
1504212300 22 1166 22 1288
1504212000 22 1016 22 1028
1504211700 22 1151 22 1322
1504211400 22 1352 22 1387
1504211100 22 1302 22 1387
1504210800 22 1191 22 1205
1504210500 22 1343 22 1537
1504210200 22 1387 22 1537
1504209900 22 1166 22 1216
1504209600 22 1319 23 1559
1504209300 22 1354 23 1559
1504209000 22 1329 22 1565
1504208700 22 1545 22 1565
1504208400 22 1361 22 1524
1504208100 22 1241 22 1316
1504207800 22 1247 22 1316
1504207500 22 1333 22 1525
1504207200 22 1513 22 1525
1504206900 22 1348 22 1500
1504206600 22 1224 22 1279
1504206300 22 1394 22 1527
1504206000 22 1447 22 1527
1504205700 22 1313 22 1356
1504205400 22 1306 22 1354
1504205100 22 1490 22 1646
1504204800 22 1428 22 1646
1504204500 22 1197 22 1220
1504204200 22 1378 22 1560
1504203900 22 1524 22 1560
1504203600 22 1484 22 1484
1504203300 22 1531 23 1585
1504203000 22 1505 23 1585
1504202700 22 1451 22 1494
1504202400 22 1490 22 1494
1504202100 22 1321 22 1487
1504201800 22 1176 22 1227
1504201500 22 1253 22 1284
1504201200 22 1282 22 1284
1504200900 22 1322 23 1370
1504200600 22 1347 23 1370
1504200300 22 1258 22 1321
1504200000 22 1219 22 1255
1504199700 22 1243 22 1255
1504199400 22 1300 24 1381
1504199100 22 1414 24 1454
1504198800 21 1383 22 1454
1504198500 22 1327 22 1357
1504198200 22 1298 22 1357
1504197900 22 1498 22 1805
1504197600 22 1581 22 1805
1504197300 22 1277 22 1327
1504197000 22 1447 23 1708
1504196700 22 1527 23 1708
1504196400 21 1347 23 1377
1504196100 22 1337 23 1377
1504195800 22 1358 22 1436
1504195500 22 1306 22 1436
1504195200 22 1292 22 1445
1504194900 22 1598 22 1774
1504194600 22 1643 23 1774
1504194300 22 1507 23 1523
1504194000 21 1599 23 1686
1504193700 22 1443 23 1686
1504193400 22 1367 22 1596
1504193100 21 1469 22 1596
1504192800 21 1243 22 1325
1504192500 22 1278 22 1424
1504192200 22 1432 23 1442
1504191900 22 1498 23 1563
1504191600 21 1498 22 1563
1504191300 22 1306 22 1425
1504191000 22 1150 22 1172
1504190700 22 1460 22 1844
1504190400 22 1602 22 1844
1504190100 22 1387 22 1457
1504189800 22 1339 22 1457
1504189500 22 1236 23 1272
1504189200 22 1223 23 1272
1504188900 22 1309 22 1471
1504188600 22 1349 22 1471
1504188300 22 1144 22 1211
1504188000 22 1066 22 1068
1504187700 22 1181 22 1314
1504187400 22 1493 23 1699
1504187100 22 1477 23 1699
1504186800 22 1484 23 1774
1504186500 22 1911 23 2069
1504186200 21 1865 23 2069
1504185900 22 1396 23 1637
1504185600 22 1245 22 1387
1504185300 21 1315 22 1387
1504185000 21 1463 23 1727
1504184700 22 1613 23 1727
1504184400 22 1275 22 1482
1504184100 22 1096 23 1163
1504183800 22 1211 23 1266
1504183500 22 1105 22 1266
1504183200 22 999 22 1086
1504182900 22 980 22 1086
1504182600 22 1043 23 1257
1504182300 22 1021 23 1257
1504182000 22 1118 23 1543
1504181700 31 1429 41 1543
1504181400 34 1101 41 1299
1504181100 30 844 33 873
1504180800 32 795 33 811
1504180500 31 811 32 851
1504180200 32 863 34 877
1504179900 31 835 34 877
1504179600 30 807 32 829
1504179300 32 820 32 829
1504179000 31 813 32 818
1504178700 31 811 33 818
1504178400 31 851 33 906
1504178100 31 823 33 906
1504177800 32 772 33 822
1504177500 31 824 32 828
1504177200 31 863 33 905
1504176900 32 877 33 905
1504176600 31 838 33 845
1504176300 32 803 33 831
1504176000 30 785 32 801
1504175700 31 801 34 802
1504175400 32 816 34 834
1504175100 31 803 31 834
1504174800 31 796 33 827
1504174500 31 827 33 829
1504174200 31 822 34 829
1504173900 32 801 34 815
1504173600 31 807 31 831
1504173300 31 842 33 856
1504173000 31 837 33 856
1504172700 30 820 33 825
1504172400 32 827 33 831
1504172100 31 786 32 831
1504171800 32 775 33 822
1504171500 31 825 33 829
1504171200 30 799 32 829
1504170900 32 802 32 844
1504170600 31 831 32 844
1504170300 32 776 34 818
1504170000 31 766 34 808
1504169700 30 815 33 823
1504169400 32 824 33 826
1504169100 31 812 32 826
1504168800 31 803 33 810
1504168500 31 797 33 810
1504168200 31 775 33 783
1504167900 32 811 33 863
1504167600 31 818 31 863
1504167300 31 807 33 854
1504167000 31 840 33 854
1504166700 30 790 32 824
1504166400 32 787 32 828
1504166100 30 802 32 828
1504165800 31 822 34 877
1504165500 32 828 34 877
1504165200 31 789 31 809
1504164900 31 795 33 809
1504164600 31 807 33 838
1504164300 31 795 34 838
1504164000 32 799 34 859
1504163700 31 840 31 859
1504163400 32 813 34 819
1504163100 31 799 34 807
1504162800 30 801 33 814
1504162500 32 801 33 814
1504162200 32 800 32 814
1504161900 32 832 33 854
1504161600 31 788 33 854
1504161300 31 772 34 841
1504161000 32 829 34 841
1504160700 31 778 31 817
1504160400 32 815 34 907
1504160100 31 852 34 907
1504159800 30 794 32 798
1504159500 32 797 32 798
1504159200 31 809 32 824
1504158900 31 796 34 824
1504158600 31 801 34 845
1504158300 30 818 33 845
1504158000 32 799 33 811
1504157700 31 790 32 811
1504157400 31 799 33 837
1504157100 34 893 37 958
1504156800 44 1155 52 1382
1504156500 40 946 52 1382
1504156200 27 483 28 523
1504155900 34 539 41 558
1504155600 34 559 41 561
1504155300 34 577 42 597
1504155000 35 575 42 597
1504154700 34 523 40 551
1504154400 34 525 40 564
1504154100 34 566 41 569
1504153800 34 549 41 569
1504153500 34 563 43 603
1504153200 36 589 43 603
1504152900 28 543 28 573
1504152600 34 544 41 584
1504152300 34 577 41 584
1504152000 34 565 42 569
1504151700 35 569 42 577
1504151400 33 592 41 611
1504151100 35 557 41 611
1504150800 34 567 40 649
1504150500 34 594 40 649
1504150200 34 574 41 622
1504149900 34 595 41 622
1504149600 34 588 42 614
1504149300 35 591 42 614
1504149000 33 587 39 611
1504148700 33 582 39 611
1504148400 34 588 41 634
1504148100 34 606 41 634
1504147800 27 558 28 576
1504147500 33 574 41 614
1504147200 34 616 41 620
1504146900 34 585 41 620
1504146600 35 563 41 584
1504146300 35 611 42 643
1504146000 35 588 42 643
1504145700 33 573 41 626
1504145400 34 619 41 626
1504145100 33 589 40 611
1504144800 34 577 40 592
1504144500 33 596 40 601
1504144200 33 569 40 601
1504143900 34 589 42 652
1504143600 35 639 42 652
1504143300 33 587 40 625
1504143000 34 585 40 632
1504142700 29 621 32 632
1504142400 35 603 39 610
1504142100 33 596 39 597
1504141800 33 610 40 625
1504141500 34 593 40 625
1504141200 34 594 40 638
1504140900 34 615 40 638
1504140600 35 616 42 647
1504140300 35 598 42 647
1504140000 34 574 42 612
1504139700 35 605 42 612
1504139400 34 642 41 694
1504139100 34 628 41 694
1504138800 28 593 29 640
1504138500 28 620 29 640
1504138200 27 582 29 599
1504137900 28 562 29 563
1504137600 28 589 29 623
1504137300 28 581 29 623
1504137000 27 584 29 642
1504136700 28 610 29 642
1504136400 27 565 28 574
1504136100 27 574 28 596
1504135800 28 603 29 611
1504135500 28 578 29 611
1504135200 27 596 29 659
1504134900 28 610 29 659
1504134600 27 540 28 556
1504134300 27 550 28 584
1504134000 28 607 29 634
1504133700 28 590 29 634
1504133400 27 591 29 650
1504133100 28 620 29 650
1504132800 28 542 29 587
1504132500 28 552 29 623
1504132200 27 642 29 665
1504131900 28 615 29 665
1504131600 27 576 28 596
1504131300 27 579 28 596
1504131000 28 619 29 688
1504130700 28 668 29 688
1504130400 27 611 29 646
1504130100 28 581 29 594
1504129800 27 649 28 713
1504129500 27 636 28 713
1504129200 28 609 29 677
1504128900 28 681 29 686
1504128600 27 730 29 781
1504128300 28 1469 29 2267
1504128000 28 1751 29 2267
1504127700 28 953 29 1154
1504127400 27 796 29 879
1504127100 28 857 29 879
1504126800 27 823 28 833
1504126500 27 1028 28 1280
1504126200 28 1291 29 1304
1504125900 28 1183 29 1304
1504125600 27 984 29 1045
1504125300 28 1021 29 1143
1504125000 27 1161 28 1183
1504124700 27 1243 28 1312
1504124400 28 1754 29 2260
1504124100 28 1742 29 2260
1504123800 27 1196 29 1247
1504123500 28 1353 29 1476
1504123200 28 1431 29 1476
1504122900 28 1322 29 1381
1504122600 27 1395 29 1557
1504122300 28 1395 29 1557
1504122000 27 1474 28 1772
1504121700 27 1581 28 1772
1504121400 28 1485 29 1624
1504121100 28 1490 29 1624
1504120800 27 1333 29 1337
1504120500 28 1355 29 1385
1504120200 27 1534 28 1707
1504119900 27 1829 28 1969
1504119600 28 1794 29 1969
1504119300 28 1507 29 1594
1504119000 27 1377 29 1408
1504118700 28 1255 29 1343
1504118400 28 1317 29 1503
1504118100 28 1627 29 1770
1504117800 27 1541 29 1770
1504117500 28 1259 29 1281
1504117200 27 1475 29 1785
1504116000 27 1286 29 1545
1504114200 27 1268 29 1545
1504112400 27 1196 29 1386
1504110600 27 1476 29 1799
1504108800 27 1351 29 1799
1504107000 27 1321 29 1585
1504105200 28 1528 29 2032
1504103400 27 1515 29 2032
1504101600 27 1342 29 1541
1504099800 27 1508 29 1729
1504098000 27 1313 29 2151
1504096200 27 946 29 1148
1504094400 27 713 29 1122
1504092600 27 601 29 637
1504090800 28 604 29 672
1504089000 27 640 29 732
1504087200 27 578 29 631
1504085400 27 596 29 674
1504083600 27 575 29 650
1504081800 27 596 29 633
1504080000 27 590 29 634
1504078200 27 592 29 659
1504076400 28 581 29 659
1504074600 27 575 29 647
1504072800 27 578 29 608
1504071000 26 585 31 668
1504069200 27 577 29 601
1504067400 27 580 31 643
1504065600 27 577 29 611
1504063800 27 584 29 616
1504062000 28 591 29 624
1504060200 27 605 29 748
1504058400 27 615 29 788
1504056600 27 600 29 735
1504054800 27 587 29 686
1504053000 27 596 29 648
1504051200 27 583 29 664
1504049400 27 582 29 635
1504047600 28 579 29 613
1504045800 27 598 29 652
1504044000 27 757 29 1201
1504042200 27 789 29 864
1504040400 27 1219 29 1463
1504038600 27 1392 29 1625
1504036800 27 1556 29 2088
1504035000 27 1818 29 2088
1504033200 28 1595 29 2045
1504031400 27 1425 29 1765
1504029600 27 1510 29 1935
1504027800 27 1688 29 1988
1504026000 27 1363 29 1576
1504024200 27 1467 29 1682
1504022400 27 1413 29 1599
1504020600 27 1481 29 1775
1504018800 28 1562 29 1824
1504017000 27 1444 29 1726
1504015200 27 1720 29 2233
1504013400 27 1692 29 1930
1504011600 27 1187 29 1450
1504009800 27 924 29 1177
1504008000 27 764 29 1307
1504006200 27 609 29 859
1504004400 28 532 29 590
1504002600 27 549 29 592
1504000800 27 557 29 584
1503999000 27 542 29 616
1503997200 27 546 29 587
1503995400 27 546 29 599
1503993600 27 546 29 584
1503991800 27 557 29 631
1503990000 28 537 29 582
1503988200 27 546 29 619
1503986400 27 549 29 589
1503984600 27 536 29 572
1503982800 27 531 29 583
1503981000 27 533 29 670
1503979200 27 533 29 651
1503977400 27 519 29 570
1503975600 28 549 29 589
1503973800 27 550 29 613
1503972000 27 557 29 617
1503970200 27 557 29 628
1503968400 27 561 29 628
1503966600 27 558 29 585
1503964800 27 571 29 626
1503963000 27 557 29 596
1503961200 27 567 29 598
1503959400 27 744 30 1390
1503957600 27 814 29 1390
1503955800 27 894 29 1256
1503954000 27 1129 29 1294
1503952200 27 1384 29 1486
1503950400 28 1553 29 1942
1503948600 27 1360 29 1896
1503946800 27 1479 29 1896
1503945000 27 1324 30 1463
1503943200 27 1385 29 1879
1503941400 28 1228 29 1533
1503939600 27 1386 29 1588
1503937800 27 1387 29 1638
1503936000 27 1371 29 1624
1503934200 27 1169 29 1609
1503932400 27 1356 29 1725
1503930600 27 1571 29 1994
1503928800 27 1790 29 2309
1503927000 27 1336 29 1695
1503925200 27 1001 29 1363
1503923400 27 791 29 1141
1503921600 27 527 29 827
1503919800 27 434 29 473
1503918000 27 457 29 482
1503916200 27 414 29 445
1503914400 27 420 29 442
1503912600 27 419 29 468
1503910800 27 414 29 478
1503909000 27 413 29 464
1503907200 27 417 29 443
1503905400 27 417 29 459
1503903600 27 416 29 452
1503901800 27 415 29 480
1503900000 27 414 29 456
1503898200 27 423 29 463
1503896400 27 418 29 468
1503894600 27 414 29 460
1503892800 27 455 29 509
1503891000 27 461 29 509
1503889200 27 466 29 509
1503887400 27 459 29 494
1503885600 27 461 29 499
1503883800 27 462 29 498
1503882000 27 462 29 490
1503880200 27 460 29 490
1503878400 27 459 29 526
1503876600 27 464 29 521
1503874800 27 460 29 503
1503873000 27 467 29 523
1503871200 27 463 29 503
1503869400 27 466 29 502
1503867600 27 463 29 501
1503865800 27 462 29 505
1503864000 27 460 29 496
1503862200 27 469 29 499
1503860400 27 459 29 507
1503858600 27 415 29 443
1503856800 27 416 29 447
1503855000 27 421 29 477
1503853200 27 420 29 451
1503851400 27 413 29 455
1503849600 27 419 29 488
1503847800 27 419 29 463
1503846000 27 427 29 487
1503844200 27 418 29 458
1503842400 27 413 29 462
1503840600 27 422 29 466
1503838800 27 416 29 466
1503837000 27 425 29 484
1503835200 27 415 29 450
1503833400 27 422 29 458
1503831600 27 417 29 459
1503829800 27 414 29 444
1503828000 27 421 29 443
1503826200 27 423 29 477
1503824400 27 421 29 451
1503822600 27 418 29 455
1503820800 27 417 29 461
1503819000 27 426 29 449
1503817200 27 419 29 459
1503815400 27 420 29 464
1503813600 27 416 29 455
1503811800 27 417 29 439
1503810000 27 421 29 458
1503808200 27 413 29 457
1503806400 27 413 29 448
1503804600 27 417 29 448
1503802800 27 417 29 442
1503801000 27 414 29 447
1503799200 27 414 29 468
1503797400 27 421 29 466
1503795600 27 418 29 453
1503793800 27 419 29 449
1503792000 27 419 29 457
1503790200 27 417 29 457
1503788400 27 416 29 458
1503786600 27 419 29 439
1503784800 27 413 29 437
1503783000 27 428 29 471
1503781200 27 417 29 442
1503779400 27 415 29 437
1503777600 27 415 29 439
1503775800 27 426 29 460
1503774000 27 420 29 477
1503772200 27 416 29 473
1503770400 27 418 29 490
1503768600 27 421 29 492
1503766800 27 424 29 452
1503765000 27 415 29 437
1503763200 27 418 29 442
1503761400 27 416 29 436
1503759600 27 417 29 436
1503757800 27 420 29 467
1503756000 27 413 29 440
1503754200 27 423 29 469
1503752400 27 419 29 450
1503750600 27 418 29 459
1503748800 27 413 29 436
1503747000 27 421 29 471
1503745200 27 416 29 468
1503743400 27 414 29 458
1503741600 27 423 29 462
1503739800 27 425 29 473
1503738000 26 416 35 476
1503736200 27 416 30 458
1503734400 27 418 29 464
1503732600 27 424 29 467
1503730800 27 414 29 461
1503729000 27 418 29 468
1503727200 27 416 29 467
1503725400 27 421 30 482
1503723600 27 419 30 442
1503721800 26 419 29 456
1503720000 27 461 29 509
1503718200 27 463 29 501
1503716400 27 466 30 489
1503714600 27 462 29 493
1503712800 27 461 29 507
1503711000 27 468 29 548
1503709200 27 462 30 499
1503707400 27 459 29 490
1503705600 27 465 29 491
1503703800 27 458 29 495
1503702000 27 434 29 455
1503700200 27 451 29 532
1503698400 27 518 29 606
1503696600 27 595 29 749
1503694800 27 687 29 765
1503693000 27 921 29 1097
1503691200 27 1215 29 1651
1503689400 27 1151 29 1651
1503687600 27 1128 29 1293
1503685800 27 1261 29 1399
1503684000 27 1106 29 1372
1503682200 27 1145 29 1372
1503680400 27 1146 29 1240
1503678600 27 1110 29 1242
1503676800 27 1358 29 1687
1503675000 27 1137 29 1687
1503673200 27 1240 29 1675
1503671400 27 1333 29 1605
1503669600 27 1513 29 2294
1503667800 27 1282 29 1514
1503666000 27 1095 29 1396
1503664200 27 939 29 1307
1503662400 27 693 29 1143
1503660600 27 593 29 684
1503658800 27 561 29 594
1503657000 27 557 29 572
1503655200 27 563 29 602
1503653400 27 574 29 626
1503651600 27 561 29 643
1503649800 27 562 29 619
1503648000 27 557 29 607
1503646200 27 570 29 641
1503644400 27 567 29 684
1503642600 27 568 29 682
1503640800 27 562 29 629
1503639000 27 573 29 660
1503637200 27 568 29 611
1503635400 27 580 29 678
1503633600 27 554 29 593
1503631800 27 576 29 619
1503630000 27 561 29 619
1503628200 27 560 29 604
1503626400 27 560 29 587
1503624600 27 587 29 730
1503622800 27 541 29 619
1503621000 27 556 29 619
1503619200 27 536 29 585
1503617400 27 548 29 610
1503615600 27 544 29 635
1503613800 27 625 29 994
1503612000 27 693 29 981
1503610200 27 980 29 1162
1503608400 27 889 29 1097
1503606600 27 1139 29 1318
1503604800 27 1204 29 1365
1503603000 27 1337 29 1662
1503601200 27 1263 29 1662
1503599400 27 1252 29 1504
1503597600 27 1280 28 1504
1503595800 28 1330 28 1624
1503594000 28 1269 28 1624
1503592200 27 1177 28 1222
1503590400 27 1277 28 1356
1503588600 28 1313 28 1356
1503586800 28 1312 28 1322
1503585000 28 1342 28 1344
1503583200 28 1320 28 1508
1503581400 28 1435 28 1508
1503579600 28 1095 28 1123
1503577800 28 902 28 902
1503576000 28 696 28 902
1503574200 28 587 28 672
1503572400 28 585 28 592
1503570600 28 598 28 606
1503568800 28 602 28 606
1503567000 28 594 28 594
1503565200 28 593 28 594
1503563400 28 594 28 605
1503561600 28 605 28 605
1503559800 28 578 28 605
1503558000 28 568 28 568
1503556200 28 584 28 585
1503554400 28 568 28 585
1503552600 28 579 28 585
1503550800 28 582 28 585
1503549000 28 584 28 602
1503547200 28 593 28 602
1503545400 28 612 28 620
1503543600 28 602 28 607
1503541800 28 606 28 617
1503540000 28 610 28 623
1503538200 28 626 28 646
1503536400 28 614 28 646
1503534600 28 588 28 609
1503532800 28 586 28 599
1503531000 28 596 29 613
1503529200 27 590 29 598
1503527400 27 630 28 674
1503525600 27 650 30 725
1503523800 27 849 29 1012
1503522000 27 970 29 1090
1503520200 27 1139 29 1267
1503518400 27 1237 29 1409
1503516600 27 1440 29 1881
1503514800 27 1347 29 1554
1503513000 27 1421 29 2054
1503511200 27 1326 29 1587
1503509400 27 1265 29 1587
1503507600 27 1316 29 1544
1503505800 27 1240 29 1385
1503504000 27 1231 29 1387
1503502200 27 1223 29 1327
1503500400 27 1271 29 1350
1503498600 27 1288 29 1449
1503496800 27 1392 29 1868
1503495000 27 1439 29 1826
1503493200 27 1106 29 1339
1503491400 27 854 29 1078
1503489600 27 729 29 1316
1503487800 27 552 29 600
1503486000 27 517 29 582
1503484200 27 521 29 561
1503482400 27 523 29 555
1503480600 27 532 29 585
1503478800 27 524 29 585
1503477000 27 561 29 606
1503475200 27 569 29 613
1503473400 27 581 29 604
1503471600 27 575 29 630
1503469800 27 571 29 615
1503468000 27 575 29 613
1503466200 27 584 29 634
1503464400 27 577 29 619
1503462600 27 596 29 702
1503460800 27 619 29 744
1503459000 27 548 29 599
1503457200 26 535 29 569
1503455400 27 524 29 556
1503453600 27 537 29 603
1503451800 27 540 29 603
1503450000 27 533 29 571
1503448200 27 523 29 566
1503446400 27 560 29 724
1503444600 27 585 29 724
1503442800 27 590 29 786
1503441000 27 606 29 656
1503439200 27 665 29 769
1503437400 27 1060 29 1452
1503435600 27 1240 29 1450
1503433800 27 1377 29 1597
1503432000 27 1413 29 1581
1503430200 27 1546 29 1840
1503428400 27 1461 29 1698
1503426600 27 1519 29 1878
1503424800 27 1548 30 1734
1503423000 26 1629 30 1791
1503421200 27 1641 29 2302
1503419400 27 1512 29 1797
1503417600 27 2062 29 2463
1503415800 27 1658 29 2320
1503414000 27 1613 29 1958
1503412200 27 1574 29 1790
1503410400 27 1527 29 1834
1503408600 27 1751 30 2008
1503406800 27 1195 29 1510
1503405000 27 1126 29 1720
1503403200 27 700 29 1224
1503401400 27 677 29 815
1503399600 27 607 29 778
1503397800 27 673 29 828
1503396000 27 589 29 828
1503394200 27 606 29 676
1503392400 27 585 29 643
1503390600 27 586 29 633
1503388800 27 569 29 618
1503387000 27 588 29 638
1503385200 27 581 29 615
1503383400 27 594 29 624
1503381600 27 573 32 637
1503379800 27 584 30 611
1503378000 27 599 29 629
1503376200 27 598 33 748
1503374400 27 560 33 748
1503372600 27 585 29 644
1503370800 27 579 29 635
1503369000 27 580 29 647
1503367200 27 618 29 700
1503365400 27 596 29 649
1503363600 27 578 29 621
1503361800 27 587 29 647
1503360000 27 609 29 716
1503358200 27 646 28 900
1503356400 27 590 29 633
1503354600 27 626 29 724
1503352800 27 665 29 839
1503351000 27 837 29 1263
1503349200 27 1096 29 1263
1503347400 27 1309 28 1790
1503345600 27 1087 29 1790
1503343800 27 1188 29 1840
1503342000 27 1097 29 1189
1503340200 27 1315 29 1734
1503338400 27 1354 30 1734
1503336600 27 1421 29 1905
1503334800 27 1326 29 1722
1503333000 27 1500 29 2026
1503331200 27 1293 29 1468
1503329400 27 1188 29 1468
1503327600 27 1195 29 1339
1503325800 27 1359 29 1586
1503324000 27 818 28 1480
1503322200 28 465 28 465
1503320400 28 465 28 465
1503318600 28 465 28 465
1503316800 28 465 28 465
1503315000 28 465 28 465
1503313200 28 465 28 465
1503311400 28 465 28 465
1503309600 28 465 28 465
1503307800 28 465 28 465
1503306000 28 465 28 465
1503304200 28 465 28 465
1503302400 28 465 28 465
1503300600 28 465 28 465
1503298800 28 465 28 465
1503297000 28 465 28 465
1503295200 28 465 28 465
1503293400 28 465 28 465
1503291600 28 465 28 465
1503289800 28 465 28 465
1503288000 28 465 28 465
1503286200 28 465 28 465
1503284400 28 465 28 465
1503282600 28 465 28 465
1503280800 28 465 28 465
1503279000 28 465 28 465
1503277200 28 465 28 465
1503275400 28 465 28 465
1503273600 28 465 28 465
1503271800 28 465 28 465
1503270000 28 465 28 465
1503268200 28 465 28 465
1503266400 28 465 28 465
1503264600 28 465 28 465
1503262800 28 465 28 465
1503261000 28 465 28 465
1503259200 28 465 28 465
1503257400 28 465 28 465
1503255600 28 465 28 465
1503253800 28 465 28 465
1503252000 28 465 28 465
1503250200 28 465 28 465
1503248400 28 465 28 465
1503246600 28 465 28 465
1503244800 28 465 28 465
1503243000 28 465 28 465
1503241200 28 465 28 465
1503239400 28 465 28 465
1503237600 28 465 28 465
1503235800 28 465 28 465
1503234000 28 465 28 465
1503232200 28 465 28 465
1503230400 28 465 28 465
1503228600 28 465 28 465
1503226800 28 465 28 465
1503225000 28 465 28 465
1503223200 28 465 28 465
1503221400 28 465 28 465
1503219600 28 465 28 465
1503217800 28 465 28 465
1503216000 28 465 28 465
1503214200 28 465 28 465
1503212400 28 465 28 465
1503210600 28 465 28 465
1503208800 28 465 28 465
1503207000 28 465 28 465
1503205200 28 465 28 465
1503203400 28 465 28 465
1503201600 28 465 28 465
1503199800 28 465 28 465
1503198000 28 465 28 465
1503196200 28 465 28 465
1503194400 28 465 28 465
1503192600 28 465 28 465
1503190800 28 465 28 465
1503189000 28 465 28 465
1503187200 28 465 28 465
1503185400 28 465 28 465
1503183600 28 465 28 465
1503181800 28 465 28 465
1503180000 28 465 28 465
1503178200 28 465 28 465
1503176400 28 465 28 465
1503174600 28 465 28 465
1503172800 28 465 28 465
1503171000 28 465 28 465
1503169200 28 465 28 465
1503167400 28 465 28 465
1503165600 28 465 28 465
1503163800 28 465 28 465
1503162000 28 465 28 465
1503160200 28 465 28 465
1503158400 28 465 28 465
1503156600 28 465 28 465
1503154800 28 465 28 465
1503153000 28 465 28 465
1503151200 28 465 28 465
1503149400 28 465 28 465
1503147600 28 465 28 465
1503145800 28 465 28 465
1503144000 28 465 28 465
1503142200 28 465 28 465
1503140400 28 465 28 465
1503138600 28 465 28 465
1503136800 28 465 28 465
1503135000 28 465 28 465
1503133200 28 465 28 465
1503131400 28 465 28 465
1503129600 28 465 28 465
1503127800 28 465 28 465
1503126000 28 465 28 465
1503124200 28 465 28 465
1503122400 28 465 28 465
1503120600 28 465 28 465
1503118800 28 465 28 465
1503117000 28 465 28 465
1503115200 28 465 28 465
1503113400 28 465 28 465
1503111600 28 465 28 465
1503109800 28 465 28 465
1503108000 28 465 28 465
1503106200 28 465 28 465
1503104400 28 465 28 465
1503102600 28 465 28 465
1503100800 28 465 28 465
1503099000 28 465 28 465
1503097200 28 465 28 465
1503095400 28 465 28 465
1503093600 28 465 28 465
1503091800 28 465 28 465
1503090000 28 465 28 465
1503088200 28 465 28 465
1503086400 28 465 28 465
1503084600 28 465 28 465
1503082800 28 465 28 465
1503081000 28 465 28 465
1503079200 28 465 28 465
1503077400 28 465 28 465
1503075600 28 465 28 465
1503073800 28 465 28 465
1503072000 28 465 28 465
1503070200 28 465 28 465
1503068400 28 465 28 465
1503066600 28 465 28 465
1503064800 28 465 28 465
1503063000 28 465 28 465
1503061200 28 465 28 465
1503059400 28 465 28 465
1503057600 28 465 28 465
1503055800 28 465 28 465
1503054000 28 465 28 465
1503052200 28 465 28 465
1503050400 28 465 28 465
1503048600 28 465 28 465
1503046800 28 465 28 465
1503045000 28 465 28 465
1503043200 28 465 28 465
1503041400 28 465 28 465
1503039600 28 465 28 465
1503037800 28 465 28 465
1503036000 28 465 28 465
1503028800 28 465 28 465
1503021600 28 465 28 465
1503014400 28 465 28 465
1503007200 28 465 28 465
1503000000 28 465 28 465
1502992800 28 465 28 465
1502985600 28 465 28 465
1502978400 28 465 28 465
1502971200 28 465 28 465
1502964000 28 465 28 465
1502956800 28 465 28 465
1502949600 28 465 28 465
1502942400 28 465 28 465
1502935200 28 465 28 465
1502928000 28 465 28 465
1502920800 28 465 28 465
1502913600 28 465 28 465
1502906400 28 465 28 465
1502899200 28 465 28 465
1502892000 28 465 28 465
1502884800 28 465 28 465
1502877600 28 465 28 465
1502870400 28 465 28 465
1502863200 28 465 28 465
1502856000 28 465 28 465
1502848800 28 465 28 465
1502841600 28 465 28 465
1502834400 28 465 28 465
1502827200 28 465 28 465
1502820000 28 465 28 465
1502812800 28 465 28 465
1502805600 28 465 28 465
1502798400 28 465 28 465
1502791200 28 465 28 465
1502784000 28 465 28 465
1502776800 28 465 28 465
1502769600 28 465 28 465
1502762400 28 465 28 465
1502755200 28 465 28 465
1502748000 28 465 28 465
1502740800 28 465 28 465
1502733600 28 465 28 465
1502726400 28 465 28 465
1502719200 28 465 28 465
1502712000 28 465 28 465
1502704800 28 465 28 465
1502697600 28 465 28 465
1502690400 28 465 28 465
1502683200 28 465 28 465
1502676000 28 465 28 465
1502668800 28 465 28 465
1502661600 28 465 28 465
1502654400 28 465 28 465
1502647200 28 465 28 465
1502640000 28 465 28 465
1502632800 28 465 28 465
1502625600 28 465 28 465
1502618400 28 465 28 465
1502611200 28 465 28 465
1502604000 28 465 28 465
1502596800 28 465 28 465
1502589600 28 465 28 465
1502582400 28 465 28 465
1502575200 28 465 28 465
1502568000 28 465 28 465
1502560800 28 465 28 465
1502553600 28 465 28 465
1502546400 28 465 28 465
1502539200 28 465 28 465
1502532000 28 465 28 465
1502524800 28 465 28 465
1502517600 28 465 28 465
1502510400 28 465 28 465
1502503200 28 465 28 465
1502496000 28 465 28 465
1502488800 28 465 28 465
1502481600 28 465 28 465
1502474400 28 465 28 465
1502467200 28 465 28 465
1502460000 28 465 28 465
1502452800 28 465 28 465
1502445600 28 465 28 465
1502438400 28 465 28 465
1502431200 28 465 28 465
1502424000 28 465 28 465
1502416800 28 465 28 465
1502409600 28 465 28 465
1502402400 28 465 28 465
1502395200 28 465 28 465
1502388000 28 465 28 465
1502380800 28 465 28 465
1502373600 28 465 28 465
1502366400 28 465 28 465
1502359200 28 465 28 465
1502352000 28 465 28 465
1502344800 28 465 28 465
1502337600 28 465 28 465
1502330400 28 465 28 465
1502323200 28 465 28 465
1502316000 28 465 28 465
1502308800 28 465 28 465
1502301600 28 465 28 465
1502294400 28 465 28 465
1502287200 28 465 28 465
1502280000 28 465 28 465
1502272800 28 465 28 465
1502265600 28 465 28 465
1502258400 28 465 28 465
1502251200 28 465 28 465
1502244000 28 465 28 465
1502236800 28 465 28 465
1502229600 28 465 28 465
1502222400 28 465 28 465
1502215200 28 465 28 465
1502208000 28 465 28 465
1502200800 28 465 28 465
1502193600 28 465 28 465
1502186400 28 465 28 465
1502179200 28 465 28 465
1502172000 28 465 28 465
1502164800 28 465 28 465
1502157600 28 465 28 465
1502150400 28 465 28 465
1502143200 28 465 28 465
1502136000 28 465 28 465
1502128800 28 465 28 465
1502121600 28 465 28 465
1502114400 28 465 28 465
1502107200 28 465 28 465
1502100000 28 465 28 465
1502092800 28 465 28 465
1502085600 28 465 28 465
1502078400 28 465 28 465
1502071200 28 465 28 465
1502064000 28 465 28 465
1502056800 28 465 28 465
1502049600 28 465 28 465
1502042400 28 465 28 465
1502035200 28 465 28 465
1502028000 28 465 28 465
1502020800 28 465 28 465
1502013600 28 465 28 465
1502006400 28 465 28 465
1501999200 28 465 28 465
1501992000 28 465 28 465
1501984800 28 465 28 465
1501977600 28 465 28 465
1501970400 28 465 28 465
1501963200 28 465 28 465
1501956000 28 465 28 465
1501948800 28 465 28 465
1501941600 28 465 28 465
1501934400 28 465 28 465
1501927200 28 465 28 465
1501920000 28 465 28 465
1501912800 28 465 28 465
1501905600 28 465 28 465
1501898400 28 465 28 465
1501891200 28 465 28 465
1501884000 28 465 28 465
1501876800 28 465 28 465
1501869600 28 465 28 465
1501862400 28 465 28 465
1501855200 28 465 28 465
1501848000 28 465 28 465
1501840800 28 465 28 465
1501833600 28 465 28 465
1501826400 28 465 28 465
1501819200 28 465 28 465
1501812000 28 465 28 465
1501804800 28 465 28 465
1501797600 28 465 28 465
1501790400 28 465 28 465
1501783200 28 465 28 465
1501776000 28 465 28 465
1501768800 28 465 28 465
1501761600 28 465 28 465
1501754400 28 465 28 465
1501747200 28 465 28 465
1501740000 28 465 28 465
1501732800 28 465 28 465
1501725600 28 465 28 465
1501718400 28 465 28 465
1501711200 28 465 28 465
1501704000 28 465 28 465
1501696800 28 465 28 465
1501689600 28 465 28 465
1501682400 28 465 28 465
1501675200 28 465 28 465
1501668000 28 465 28 465
1501660800 28 465 28 465
1501653600 28 465 28 465
1501646400 28 465 28 465
1501639200 28 465 28 465
1501632000 28 465 28 465
1501624800 28 465 28 465
1501617600 28 465 28 465
1501610400 28 465 28 465
1501603200 28 465 28 465
1501596000 28 465 28 465
1501588800 28 465 28 465
1501581600 28 465 28 465
1501574400 28 465 28 465
1501567200 28 465 28 465
1501560000 28 465 28 465
1501552800 28 465 28 465
1501545600 28 465 28 465
1501538400 28 465 28 465
1501531200 28 465 28 465
1501524000 28 465 28 465
1501516800 28 465 28 465
1501509600 28 465 28 465
1501502400 28 465 28 465
1501495200 28 465 28 465
1501488000 28 465 28 465
1501480800 28 465 28 465
1501473600 28 465 28 465
1501466400 28 465 28 465
1501459200 28 465 28 465
1501452000 28 465 28 465
1501444800 28 465 28 465
1501437600 28 465 28 465
1501430400 28 465 28 465
1501423200 28 465 28 465
1501416000 28 465 28 465
1501408800 28 465 28 465
1501401600 28 465 28 465
1501394400 28 465 28 465
1501387200 28 465 28 465
1501380000 28 465 28 465
1501372800 28 465 28 465
1501365600 28 465 28 465
1501358400 28 465 28 465
1501351200 28 465 28 465
1501344000 28 465 28 465
1501336800 28 465 28 465
1501329600 28 465 28 465
1501322400 28 465 28 465
1501315200 28 465 28 465
1501308000 28 465 28 465
1501300800 28 465 28 465
1501293600 28 465 28 465
1501286400 28 465 28 465
1501279200 28 465 28 465
1501272000 28 465 28 465
1501264800 28 465 28 465
1501257600 28 465 28 465
1501250400 28 465 28 465
1501243200 28 465 28 465
1501236000 28 465 28 465
1501228800 28 465 28 465
1501221600 28 465 28 465
1501214400 28 465 28 465
1501207200 28 465 28 465
1501200000 28 465 28 465
1501192800 28 465 28 465
1501185600 28 465 28 465
1501178400 28 465 28 465
1501171200 28 465 28 465
1501164000 28 465 28 465
1501156800 28 465 28 465
1501149600 28 465 28 465
1501142400 28 465 28 465
1501135200 28 465 28 465
1501128000 28 465 28 465
1501120800 28 465 28 465
1501113600 28 465 28 465
1501106400 28 465 28 465
1501099200 28 465 28 465
1501092000 28 465 28 465
1501084800 28 465 28 465
1501077600 28 465 28 465
1501070400 28 465 28 465
1501063200 28 465 28 465
1501056000 28 465 28 465
1501048800 28 465 28 465
1501041600 28 465 28 465
1501034400 28 465 28 465
1501027200 28 465 28 465
1501020000 28 465 28 465
1501012800 28 465 28 465
1501005600 28 465 28 465
1500998400 28 465 28 465
1500991200 28 465 28 465
1500984000 28 465 28 465
1500976800 28 465 28 465
1500969600 28 465 28 465
1500962400 28 465 28 465
1500955200 28 465 28 465
1500948000 28 465 28 465
1500940800 28 465 28 465
1500933600 28 465 28 465
1500926400 28 465 28 465
1500919200 28 465 28 465
1500912000 28 465 28 465
1500904800 28 465 28 465
1500897600 28 465 28 465
1500890400 28 465 28 465
1500883200 28 465 28 465
1500876000 28 465 28 465
1500868800 28 465 28 465
1500861600 28 465 28 465
1500854400 28 465 28 465
1500847200 28 465 28 465
1500840000 28 465 28 465
1500832800 28 465 28 465
1500825600 28 465 28 465
1500818400 28 465 28 465
1500811200 28 465 28 465
1500804000 28 465 28 465
1500796800 28 465 28 465
1500789600 28 465 28 465
1500782400 28 465 28 465
1500775200 28 465 28 465
1500768000 28 465 28 465
1500760800 28 465 28 465
1500753600 28 465 28 465
1500746400 28 465 28 465
1500739200 28 465 28 465
1500732000 28 465 28 465
1500724800 28 463 28 465
1500717600 28 461 28 465
1500710400 28 459 28 463
1500703200 28 453 28 462
1500696000 28 458 28 467
1500688800 28 460 28 470
1500681600 27 519 28 836
1500674400 27 789 29 1290
1500667200 27 1237 29 1637
1500660000 27 1314 30 1637
1500652800 27 1471 29 2050
1500645600 27 1373 29 2050
1500638400 27 764 30 837
1500631200 27 726 30 803
1500624000 27 735 29 850
1500616800 27 752 29 877
1500609600 27 746 29 905
1500602400 27 748 29 843
1500595200 27 782 29 950
1500588000 27 1421 29 2330
1500580800 27 1738 29 2167
1500573600 27 1785 29 2218
1500566400 27 1699 29 2335
1500559200 27 1542 29 2177
1500552000 27 767 29 1427
1500544800 27 741 29 824
1500537600 27 773 29 942
1500530400 27 769 29 888
1500523200 27 794 29 888
1500516000 27 762 29 842
1500508800 27 804 29 968
1500501600 27 1142 29 1794
1500494400 27 1532 29 1866
1500487200 27 1353 29 1673
1500480000 27 1357 29 1801
1500472800 27 997 29 1935
1500465600 28 622 28 622
1500458400 28 622 28 622
1500451200 28 622 28 622
1500444000 28 622 28 622
1500436800 28 622 28 622
1500429600 28 622 28 622
1500422400 28 622 28 622
1500415200 28 622 28 622
1500408000 28 622 28 622
1500400800 28 622 28 622
1500393600 28 622 28 622
1500386400 28 622 28 622
1500379200 28 622 28 622
1500372000 28 622 28 622
1500364800 28 622 28 622
1500357600 28 622 28 622
1500350400 28 622 28 622
1500343200 28 622 28 622
1500336000 28 622 28 622
1500328800 28 622 28 622
1500321600 28 622 28 622
1500314400 28 622 28 622
1500307200 28 622 28 622
1500300000 28 622 28 622
1500292800 28 622 28 622
1500285600 28 622 28 622
1500278400 28 622 28 622
1500271200 28 622 28 622
1500264000 28 622 28 622
1500256800 28 622 28 622
1500249600 28 622 28 622
1500242400 28 622 28 622
1500235200 28 622 28 622
1500228000 28 622 28 622
1500220800 28 622 28 622
1500213600 28 622 28 622
1500206400 28 622 28 622
1500199200 28 622 28 622
1500192000 28 622 28 622
1500184800 28 622 28 622
1500177600 28 622 28 622
1500170400 28 622 28 622
1500163200 28 622 28 622
1500156000 28 622 28 622
1500148800 28 622 28 622
1500141600 28 622 28 622
1500134400 28 622 28 622
1500127200 28 622 28 622
1500120000 28 622 28 622
1500112800 28 622 28 622
1500105600 28 622 28 622
1500098400 28 622 28 622
1500091200 28 622 28 622
1500084000 28 622 28 622
1500076800 28 622 28 622
1500069600 28 622 28 622
1500062400 28 622 28 622
1500055200 28 622 28 622
1500048000 28 622 28 622
1500040800 28 622 28 622
1500033600 28 622 28 622
1500026400 28 622 28 622
1500019200 28 622 28 622
1500012000 28 622 28 622
1500004800 28 622 28 622
1499997600 28 622 28 622
1499990400 28 622 28 622
1499983200 28 622 28 622
1499976000 28 622 28 622
1499968800 28 622 28 622
1499961600 28 622 28 622
1499954400 28 622 28 622
1499947200 28 622 28 622
1499940000 28 622 28 622
1499932800 28 622 28 622
1499925600 28 622 28 622
1499918400 28 622 28 622
1499911200 28 622 28 622
1499904000 28 622 28 622
1499896800 28 622 28 622
1499889600 28 622 28 622
1499882400 28 622 28 622
1499875200 28 622 28 622
1499868000 28 622 28 622
1499860800 28 622 28 622
1499853600 28 622 28 622
1499846400 28 622 28 622
1499839200 28 622 28 622
1499832000 28 622 28 622
1499824800 28 622 28 622
1499817600 28 622 28 622
1499810400 28 622 28 622
1499803200 28 622 28 622
1499796000 28 622 28 622
1499788800 28 622 28 622
1499781600 28 622 28 622
1499774400 28 622 28 622
1499767200 28 622 28 622
1499760000 28 622 28 622
1499752800 28 622 28 622
1499745600 28 622 28 622
1499738400 28 622 28 622
1499731200 28 622 28 622
1499724000 28 622 28 622
1499716800 28 622 28 622
1499709600 28 622 28 622
1499702400 28 622 28 622
1499695200 28 622 28 622
1499688000 28 622 28 622
1499680800 28 622 28 622
1499673600 28 622 28 622
1499666400 28 622 28 622
1499659200 28 622 28 622
1499652000 28 622 28 622
1499644800 28 622 28 622
1499637600 28 622 28 622
1499630400 28 622 28 622
1499623200 28 622 28 622
1499616000 28 622 28 622
1499608800 28 622 28 622
1499601600 28 622 28 622
1499594400 28 622 28 622
1499587200 28 622 28 622
1499580000 28 622 28 622
1499572800 28 622 28 622
1499565600 28 622 28 622
1499558400 28 622 28 622
1499551200 28 622 28 622
1499544000 28 622 28 622
1499536800 28 622 28 622
1499529600 28 622 28 622
1499522400 28 622 28 622
1499515200 28 622 28 622
1499508000 28 622 28 622
1499500800 28 622 28 622
1499493600 28 622 28 622
1499486400 28 622 28 622
1499479200 28 622 28 622
1499472000 28 622 28 622
1499464800 28 622 28 622
1499457600 28 622 28 622
1499450400 28 622 28 622
1499443200 28 622 28 622
1499436000 28 622 28 622
1499428800 28 622 28 622
1499421600 28 622 28 622
1499414400 28 622 28 622
1499407200 28 622 28 622
1499400000 28 622 28 622
1499392800 28 622 28 622
1499385600 28 622 28 622
1499378400 28 622 28 622
1499371200 28 622 28 622
1499364000 28 622 28 622
1499356800 28 622 28 622
1499349600 28 622 28 622
1499342400 28 622 28 622
1499335200 28 622 28 622
1499328000 28 622 28 622
1499320800 28 622 28 622
1499313600 28 622 28 622
1499306400 28 622 28 622
1499299200 28 622 28 622
1499292000 28 622 28 622
1499284800 28 622 28 622
1499277600 28 622 28 622
1499270400 28 622 28 622
1499263200 28 622 28 622
1499256000 28 622 28 622
1499248800 28 622 28 622
1499241600 28 622 28 622
1499234400 28 622 28 622
1499227200 28 622 28 622
1499220000 28 622 28 622
1499212800 28 622 28 622
1499205600 28 622 28 622
1499198400 28 622 28 622
1499191200 28 622 28 622
1499184000 28 622 28 622
1499176800 28 622 28 622
1499169600 28 622 28 622
1499162400 28 622 28 622
1499155200 28 622 28 622
1499148000 28 622 28 622
1499140800 28 622 28 622
1499133600 28 622 28 622
1499126400 28 622 28 622
1499119200 28 622 28 622
1499112000 28 622 28 622
1499104800 28 622 28 622
1499097600 28 622 28 622
1499090400 28 622 28 622
1499083200 28 622 28 622
1499076000 28 622 28 622
1499068800 28 622 28 622
1499061600 28 622 28 622
1499054400 28 622 28 622
1499047200 28 622 28 622
1499040000 28 622 28 622
1499032800 28 622 28 622
1499025600 28 622 28 622
1499018400 28 622 28 622
1499011200 28 622 28 622
1499004000 28 622 28 622
1498996800 28 622 28 622
1498989600 28 622 28 622
1498982400 28 622 28 622
1498975200 28 622 28 622
1498968000 28 622 28 622
1498960800 28 622 28 622
1498953600 28 622 28 622
1498946400 28 622 28 622
1498939200 28 622 28 622
1498932000 28 622 28 622
1498924800 28 622 28 622
1498917600 28 622 28 622
1498910400 28 622 28 622
1498903200 28 622 28 622
1498896000 28 622 28 622
1498888800 28 622 28 622
1498881600 28 622 28 622
1498874400 28 622 28 622
1498867200 28 622 28 622
1498860000 28 622 28 622
1498852800 28 622 28 622
1498845600 28 622 28 622
1498838400 28 622 28 622
1498831200 28 622 28 622
1498824000 28 622 28 622
1498816800 28 622 28 622
1498809600 28 622 28 622
1498802400 28 622 28 622
1498795200 28 622 28 622
1498788000 28 622 28 622
1498780800 28 622 28 622
1498773600 28 622 28 622
1498766400 28 622 28 622
1498759200 28 622 28 622
1498752000 28 622 28 622
1498744800 28 622 28 622
1498737600 28 622 28 622
1498730400 28 622 28 622
1498723200 28 622 28 622
1498716000 28 622 28 622
1498694400 28 622 28 622
1498608000 28 622 28 622
1498521600 28 622 28 622
1498435200 28 622 28 622
1498348800 28 622 28 622
1498262400 28 622 28 622
1498176000 28 622 28 622
1498089600 28 622 28 622
1498003200 28 622 28 622
1497916800 28 622 28 622
1497830400 28 622 28 622
1497744000 27 615 29 835
1497657600 48 946 1721 2076
1497571200 27 940 32 1912
1497484800 28 709 28 709
1497398400 28 709 28 709
1497312000 28 709 28 709
1497225600 27 698 32 786
1497139200 26 708 33 816
1497052800 26 1041 30 4460
1496966400 26 999 30 2334
1496880000 27 999 31 2335
1496793600 26 1086 36 2122
1496707200 27 1040 29 2462
1496620800 26 710 34 1538
1496534400 26 708 29 836
1496448000 26 1145 33 3023
1496361600 35 1112 1060 2482
1496275200 26 1103 31 2661
1496188800 26 1137 30 2867
1496102400 26 1135 32 3224
1496016000 27 758 30 2516
1495929600 28 695 28 695
1495843200 27 1198 30 2863
1495756800 27 1143 30 2770
1495670400 26 1224 30 3545
1495584000 28 813 28 813
1495497600 28 813 28 813
1495411200 28 813 28 813
1495324800 28 813 28 813
1495238400 28 813 28 813
1495152000 41 1209 773 3409
1495065600 27 1214 34 3798
1494979200 27 916 29 2020
1494892800 29 870 29 870
1494806400 29 870 29 870
1494720000 28 809 33 1084
1494633600 27 1022 30 34218
1494547200 27 927 30 2659
1494460800 29 604 29 604
1494374400 29 604 29 604
1494288000 29 604 29 604
1494201600 29 604 29 604
1494115200 29 604 29 604
1494028800 29 604 29 604
1493942400 29 604 29 604
1493856000 29 604 29 604
1493769600 29 604 29 604
1493683200 29 604 29 604
1493596800 29 604 29 604
1493510400 29 604 29 604
1493424000 29 604 29 604
1493337600 29 604 29 604
1493251200 29 604 29 604
1493164800 29 604 29 604
1493078400 29 604 29 604
1492992000 29 604 29 604
1492905600 29 604 29 604
1492819200 29 604 29 604
1492732800 29 604 29 604
1492646400 29 604 29 604
1492560000 29 604 29 604
1492473600 29 604 29 604
1492387200 29 604 29 604
1492300800 29 604 29 604
1492214400 29 604 29 604
1492128000 29 604 29 604
1492041600 29 604 29 604
1491955200 29 604 29 604
1491868800 29 604 29 604
1491782400 29 604 29 604
1491696000 29 604 29 604
1491609600 29 604 29 604
1491523200 29 604 29 604
1491436800 29 604 29 604
1491350400 29 604 29 604
1491264000 29 604 29 604
1491177600 27 563 29 609
1491091200 27 554 44 1446
1491004800 26 1098 30 3030
1490918400 26 1102 30 3033
1490832000 26 1069 31 3263
1490745600 25 1108 33 5711
1490659200 23 720 23 720
1490572800 23 720 23 720
1490486400 23 720 23 720
1490400000 23 720 23 720
1490313600 23 720 23 720
1490227200 23 720 23 720
1490140800 23 720 23 720
1490054400 23 720 23 720
1489968000 23 720 23 720
1489881600 23 720 23 720
1489795200 23 720 23 720
1489708800 23 720 23 720
1489622400 21 916 24 2043
1489536000 21 881 24 2661
1489449600 21 938 23 2251
1489363200 21 529 24 649
1489276800 21 544 24 810
1489190400 21 1055 24 7603
1489104000 21 909 24 2293
1489017600 21 897 26 2473
1488931200 21 986 27 2532
1488844800 21 1061 24 45158
1488758400 21 591 24 1004
1488672000 21 573 24 693
1488585600 21 969 24 2499
1488499200 21 1048 24 2556
1488412800 21 1000 41 2151
1488326400 34 1093 2311 4506
1488240000 12 1056 37 2398
1488153600 8 659 17 874
1488067200 8 619 17 797
1487980800 19 953 25 2274
1487894400 21 895 32 1754
1487808000 21 909 27 1999
1487721600 8 527 43 2280
1487635200 0 0 0 0
1487548800 0 0 0 0
1487462400 0 0 0 0
1487376000 0 0 0 0
1487289600 0 0 0 0
1487203200 0 0 0 0
1487116800 0 0 0 0
1487030400 0 0 0 0
1486944000 0 0 0 0
1486857600 0 0 0 0
1486771200 0 0 0 0
1486684800 0 0 0 0
1486598400 0 0 0 0
1486512000 0 0 0 0
1486425600 0 0 0 0
1486339200 0 0 0 0
1486252800 0 0 0 0
1486166400 0 0 0 0
1486080000 0 0 0 0
1485993600 0 0 0 0
1485907200 0 0 0 0
1485820800 0 0 0 0
1485734400 0 0 0 0
1485648000 0 0 0 0
1485561600 0 0 0 0
1485475200 0 0 0 0
1485388800 0 0 0 0
1485302400 0 0 0 0
1485216000 0 0 0 0
1485129600 0 0 0 0
1485043200 0 0 0 0
1484956800 0 0 0 0
1484870400 0 0 0 0
1484784000 0 0 0 0
1484697600 0 0 0 0
1484611200 0 0 0 0
1484524800 0 0 0 0
1484438400 0 0 0 0
1484352000 0 0 0 0
1484265600 0 0 0 0
1484179200 0 0 0 0
1484092800 0 0 0 0
1484006400 0 0 0 0
1483920000 0 0 0 0
1483833600 0 0 0 0
1483747200 0 0 0 0
1483660800 0 0 0 0
1483574400 0 0 0 0
1483488000 0 0 0 0
1483401600 0 0 0 0
1483315200 0 0 0 0
1483228800 0 0 0 0
1483142400 0 0 0 0
1483056000 0 0 0 0
1482969600 0 0 0 0
1482883200 0 0 0 0
1482796800 0 0 0 0
1482710400 0 0 0 0
1482624000 0 0 0 0
1482537600 0 0 0 0
1482451200 0 0 0 0
1482364800 0 0 0 0
1482278400 0 0 0 0
1482192000 0 0 0 0
1482105600 0 0 0 0
1482019200 0 17 23 428
1481932800 21 711 24 2027
1481846400 21 715 24 2436
1481760000 21 895 24 2534
1481673600 21 798 29 2807
1481587200 22 644 24 2050
1481500800 21 372 24 469
1481414400 21 364 24 695
1481328000 262 1497 9075 45566
1481241600 21 742 24 2086
1481155200 21 628 25 2133
1481068800 22 727 24 3258
1480982400 21 655 25 1621
1480896000 21 352 24 850
1480809600 21 343 24 500
1480723200 21 664 23 1780
1480636800 21 670 24 1985
1480550400 21 694 24 6436
1480464000 279 938 11159 13305
1480377600 21 643 25 1632
1480291200 21 461 39 1246
1480204800 21 464 26 604
1480118400 21 737 24 2254
1480032000 21 788 27 2749
1479945600 21 830 24 10897
1479859200 21 816 24 1873
1479772800 163 907 10467 11261
1479686400 21 455 23 578
1479600000 21 454 24 547
1479513600 21 807 23 2067
1479427200 21 896 25 2568
1479340800 22 854 24 2158
1479254400 20 720 25 2091
1479168000 21 819 24 2863
1479081600 22 526 24 615
1478995200 21 537 28 666
1478908800 21 840 25 2963
1478822400 21 783 37 1947
1478736000 123 929 10161 11456
1478649600 22 892 23 2706
1478563200 21 875 23 2309
1478476800 21 556 24 691
1478390400 21 558 24 807
1478304000 21 775 24 2055
1478217600 21 823 24 1897
1478131200 21 935 41 2305
1478044800 22 862 24 2087
1477958400 21 3542 28 303976
1477872000 21 478 25 587
1477785600 21 511 27 1093
1477699200 21 807 24 1839
1477612800 4 253 33 2111
1477526400 0 0 0 0
1477440000 0 0 0 0
1477353600 0 0 0 0
1477267200 0 0 0 0
1477180800 0 0 0 0
1477094400 0 0 0 0
1477008000 0 0 0 0
1476921600 0 0 0 0
1476835200 0 0 0 0
1476748800 0 0 0 0
1476662400 0 0 0 0
1476576000 0 0 0 0
1476489600 0 0 0 0
1476403200 0 0 0 0
1476316800 0 0 0 0
1476230400 0 0 0 0
1476144000 0 0 0 0
1476057600 0 0 0 0
1475971200 0 0 0 0
1475884800 0 0 0 0
1475798400 0 0 0 0
1475712000 0 0 0 0
1475625600 0 0 0 0
1475539200 0 0 0 0
1475452800 0 0 0 0
1475366400 0 0 0 0
1475280000 0 0 0 0
1475193600 0 0 0 0
1475107200 0 0 0 0
1475020800 0 0 0 0
1474934400 0 0 0 0
1474848000 0 0 0 0
1474761600 0 0 0 0
1474675200 0 0 0 0
1474588800 0 0 0 0
1474502400 0 0 0 0
1474416000 0 0 0 0
1474329600 0 0 0 0
1474243200 0 0 0 0
1474156800 0 0 0 0
1474070400 0 0 0 0
1473984000 0 0 0 0
1473897600 0 0 0 0
1473811200 0 0 0 0
1473724800 0 0 0 0
1473638400 0 0 0 0
1473552000 0 0 0 0
1473465600 0 0 0 0
1473379200 0 0 0 0
1473292800 0 0 0 0
1473206400 0 0 0 0
1473120000 0 0 0 0
1473033600 0 0 0 0
1472947200 0 0 0 0
1472860800 0 0 0 0
1472774400 0 0 0 0
1472688000 0 0 0 0
1472601600 0 0 0 0
1472515200 0 0 0 0
1472428800 0 0 0 0
1472342400 0 0 0 0
1472256000 0 0 0 0
1472169600 0 0 0 0
1472083200 0 0 0 0
1471996800 0 0 0 0
1471910400 0 0 0 0
1471824000 0 0 0 0
1471737600 0 0 0 0
1471651200 0 0 0 0
1471564800 0 0 0 0
1471478400 0 0 0 0
1471392000 0 0 0 0
1471305600 0 0 0 0
1471219200 0 0 0 0
1471132800 0 0 0 0
1471046400 0 0 0 0
1470960000 0 0 0 0
1470873600 0 0 0 0
1470787200 0 0 0 0
1470700800 0 0 0 0
1470614400 0 0 0 0
1470528000 0 0 0 0
1470441600 0 0 0 0
1470355200 0 0 0 0
1470268800 0 0 0 0
1470182400 413 4397 148208 988575
1470096000 0 0 0 0
1470009600 0 0 0 0
1469923200 0 0 0 0
1469836800 0 0 0 0
1469750400 0 0 0 0
1469664000 0 0 0 0
1469577600 0 0 0 0
1469491200 0 0 0 0
1469404800 0 0 0 0
1469318400 0 0 0 0
1469232000 0 0 0 0
1469145600 0 0 0 0
1469059200 174 1119 11221 107136
1468972800 0 0 0 0
1468886400 317 1695 13939 92541
1468800000 0 0 0 0
1468713600 0 0 0 0
1468627200 0 0 0 0
1468540800 0 0 0 0
1468454400 0 0 0 0
1468368000 0 0 0 0
1468281600 0 0 0 0
1468195200 0 0 0 0
1468108800 0 0 0 0
1468022400 0 0 0 0
1467936000 0 0 0 0
1467849600 0 0 0 0
1467763200 394 1686 8721 61335
1467676800 0 0 0 0
1467590400 0 0 0 0
1467504000 0 0 0 0
1467417600 0 0 0 0
1467331200 0 0 0 0
1467244800 0 0 0 0
1467158400 0 0 0 0
1467072000 0 0 0 0
1466985600 0 0 0 0
1466899200 0 0 0 0
1466812800 0 0 0 0
1466726400 0 0 0 0
1466640000 0 0 0 0
1466553600 0 0 0 0
1466467200 0 0 0 0
1466380800 0 0 0 0
1466294400 0 0 0 0
1466208000 0 0 0 0
1466121600 0 0 0 0
1466035200 0 0 0 0
1465948800 173 1157 10710 71590
1465862400 0 0 0 0
1465776000 0 0 0 0
1465689600 0 0 0 0
1465603200 0 0 0 0
1465516800 0 0 0 0
1465430400 297 2284 34537 745786
1465344000 0 0 0 0
1465257600 0 0 0 0
1465171200 0 0 0 0
1465084800 0 0 0 0
1464998400 0 0 0 0
1464912000 0 0 0 0
1464825600 142 680 4803 27012
1464739200 0 0 0 0
1464652800 0 0 0 0
1464566400 0 0 0 0
1464480000 0 0 0 0
1464393600 0 0 0 0
1464307200 368 1725 8793 24507
1464220800 0 0 0 0
1464134400 0 0 0 0
1464048000 0 0 0 0
1463961600 0 0 0 0
1463875200 0 0 0 0
1463788800 0 0 0 0
1463702400 0 0 0 0
1463616000 324 1335 9846 44845
1463529600 0 0 0 0
1463443200 0 0 0 0
1463356800 0 0 0 0
1463270400 0 0 0 0
1463184000 288 1100 19072 49385
1463097600 0 0 0 0
1463011200 0 0 0 0
1462924800 0 0 0 0
1462838400 0 0 0 0
1462752000 0 0 0 0
1462665600 0 0 0 0
1462579200 0 0 0 0
1462492800 0 0 0 0
1462406400 0 0 0 0
1462320000 0 0 0 0
1462233600 0 0 0 0
1462147200 0 0 0 0
1462060800 0 0 0 0
1461974400 0 0 0 0
1461888000 0 0 0 0
1461801600 0 0 0 0
1461715200 0 0 0 0
1461628800 0 0 0 0
1461542400 0 0 0 0
1461456000 0 0 0 0
1461369600 0 0 0 0
1461283200 0 0 0 0
1461196800 0 0 0 0
1461110400 0 0 0 0
1461024000 0 0 0 0
1460937600 0 0 0 0
1460851200 0 0 0 0
1460764800 0 0 0 0
1460678400 0 0 0 0
1460592000 0 0 0 0
1460505600 0 0 0 0
1460419200 0 0 0 0
1460332800 0 0 0 0
1460246400 0 0 0 0
1460160000 0 0 0 0
1460073600 0 0 0 0
1459987200 0 0 0 0
1459900800 0 0 0 0
1459814400 0 0 0 0
1459728000 0 0 0 0
1459641600 0 0 0 0
1459555200 0 0 0 0
1459468800 0 0 0 0
1459382400 0 0 0 0
1459296000 0 0 0 0
1459209600 0 0 0 0
1459123200 0 0 0 0
1459036800 0 0 0 0
1458950400 0 0 0 0
1458864000 0 0 0 0
1458777600 0 0 0 0
1458691200 0 0 0 0
1458604800 0 0 0 0
1458518400 0 0 0 0
1458432000 0 0 0 0
1458345600 0 0 0 0
1458259200 0 0 0 0
1458172800 0 0 0 0
1458086400 0 0 0 0
1458000000 0 0 0 0
1457913600 0 0 0 0
1457827200 0 0 0 0
1457740800 0 0 0 0
1457654400 0 0 0 0
1457568000 0 0 0 0
1457481600 0 0 0 0
1457395200 0 0 0 0
1457308800 0 0 0 0
1457222400 0 0 0 0
1457136000 0 0 0 0
1457049600 0 0 0 0
1456963200 0 0 0 0
1456876800 0 0 0 0
1456790400 0 0 0 0
1456704000 0 0 0 0
1456617600 0 0 0 0
1456531200 0 0 0 0
1456444800 0 0 0 0
1456358400 0 0 0 0
1456272000 0 0 0 0
1456185600 0 0 0 0
1456099200 0 0 0 0
1456012800 0 0 0 0
1455926400 0 0 0 0
1455840000 0 0 0 0
1455753600 0 0 0 0
1455667200 0 0 0 0
1455580800 0 0 0 0
1455494400 0 0 0 0
1455408000 0 0 0 0
1455321600 0 0 0 0
1455235200 0 0 0 0
1455148800 0 0 0 0
1455062400 0 0 0 0
1454976000 0 0 0 0
1454889600 0 0 0 0
1454803200 0 0 0 0
1454716800 0 0 0 0
1454630400 0 0 0 0
1454544000 0 0 0 0
1454457600 0 0 0 0
1454371200 0 0 0 0
1454284800 0 0 0 0
1454198400 0 0 0 0
1454112000 0 0 0 0
1454025600 0 0 0 0
1453939200 0 0 0 0
1453852800 0 0 0 0
1453766400 0 0 0 0
1453680000 0 0 0 0
1453593600 0 0 0 0
1453507200 0 0 0 0
1453420800 0 0 0 0
1453334400 0 0 0 0
1453248000 0 0 0 0
1453161600 0 0 0 0
1453075200 0 0 0 0
1452988800 0 0 0 0
1452902400 0 0 0 0
1452816000 0 0 0 0
1452729600 0 0 0 0
1452643200 0 0 0 0
1452556800 0 0 0 0
1452470400 0 0 0 0
1452384000 0 0 0 0
1452297600 0 0 0 0
1452211200 0 0 0 0
1452124800 0 0 0 0
1452038400 0 0 0 0
1451952000 0 0 0 0
1451865600 0 0 0 0
1451779200 0 0 0 0
1451692800 0 0 0 0
1451606400 0 0 0 0
1451520000 0 0 0 0
1451433600 0 0 0 0
1451347200 0 0 0 0
1451260800 0 0 0 0
1451174400 0 0 0 0
1451088000 0 0 0 0
1451001600 0 0 0 0
1450915200 0 0 0 0
1450828800 0 0 0 0
1450742400 0 0 0 0
1450656000 0 0 0 0
1450569600 0 0 0 0
1450483200 0 0 0 0
1450396800 0 0 0 0
1450310400 0 0 0 0
1450224000 0 0 0 0
1450137600 0 0 0 0
1450051200 0 0 0 0
1449964800 0 0 0 0
1449878400 0 0 0 0
1449792000 0 0 0 0
1449705600 0 0 0 0
1449619200 0 0 0 0
1449532800 0 0 0 0
1449446400 0 0 0 0
1449360000 0 0 0 0
1449273600 0 0 0 0
1449187200 0 0 0 0
1449100800 0 0 0 0
1449014400 0 0 0 0
1448928000 0 0 0 0
1448841600 0 0 0 0
1448755200 0 0 0 0
1448668800 0 0 0 0
1448582400 0 0 0 0
1448496000 0 0 0 0
1448409600 0 0 0 0
1448323200 0 0 0 0
1448236800 0 0 0 0
1448150400 0 0 0 0
1448064000 0 0 0 0
1447977600 0 0 0 0
1447891200 0 0 0 0
1447804800 0 0 0 0
1447718400 0 0 0 0
1447632000 0 0 0 0
1447545600 0 0 0 0
1447459200 0 0 0 0
1447372800 0 0 0 0
1447286400 0 0 0 0
1447200000 0 0 0 0
1447113600 0 0 0 0
1447027200 0 0 0 0
1446940800 0 0 0 0
1446854400 0 0 0 0
1446768000 0 0 0 0
1446681600 0 0 0 0
1446595200 0 0 0 0
1446508800 0 0 0 0
1446422400 0 0 0 0
1446336000 0 0 0 0
1446249600 0 0 0 0
1446163200 0 0 0 0
1446076800 0 0 0 0
1445990400 0 0 0 0
1445904000 0 0 0 0
1445817600 0 0 0 0
1445731200 0 0 0 0
1445644800 0 0 0 0
1445558400 0 0 0 0
1445472000 0 0 0 0
1445385600 0 0 0 0
1445299200 0 0 0 0
1445212800 0 0 0 0
1445126400 0 0 0 0
1445040000 0 0 0 0
1444953600 0 0 0 0
1444867200 0 0 0 0
1444780800 0 0 0 0
1444694400 0 0 0 0
1444608000 0 0 0 0
1444521600 0 0 0 0
1444435200 0 0 0 0
1444348800 0 0 0 0
1444262400 0 0 0 0
1444176000 0 0 0 0
1444089600 0 0 0 0
1444003200 0 0 0 0
1443916800 0 0 0 0
1443830400 0 0 0 0
1443744000 0 0 0 0
1443657600 0 0 0 0
1443571200 0 0 0 0
1443484800 0 0 0 0
1443398400 0 0 0 0
1443312000 0 0 0 0
1443225600 0 0 0 0
1443139200 0 0 0 0
1443052800 0 0 0 0
1442966400 0 0 0 0
1442880000 0 0 0 0
1442793600 0 0 0 0
1442707200 0 0 0 0
1442620800 0 0 0 0
1442534400 0 0 0 0
1442448000 0 0 0 0
1442361600 0 0 0 0
1442275200 0 0 0 0
1442188800 0 0 0 0
1442102400 0 0 0 0
1442016000 0 0 0 0
1441929600 0 0 0 0
1441843200 0 0 0 0
1441756800 0 0 0 0
1441670400 0 0 0 0
1441584000 0 0 0 0
1441497600 0 0 0 0
1441411200 0 0 0 0
1441324800 0 0 0 0
1441238400 0 0 0 0
1441152000 0 0 0 0
1441065600 0 0 0 0
1440979200 0 0 0 0
1440892800 0 0 0 0
1440806400 0 0 0 0
1440720000 0 0 0 0
1440633600 0 0 0 0
1440547200 0 0 0 0
1440460800 0 0 0 0
1440374400 0 0 0 0
1440288000 0 0 0 0
1440201600 0 0 0 0
1440115200 0 0 0 0
1440028800 0 0 0 0
1439942400 0 0 0 0
1439856000 0 0 0 0
1439769600 0 0 0 0
1439683200 0 0 0 0
1439596800 0 0 0 0
1439510400 0 0 0 0
1439424000 0 0 0 0
1439337600 0 0 0 0
1439251200 0 0 0 0
1439164800 0 0 0 0
1439078400 0 0 0 0
1438992000 0 0 0 0
1438905600 0 0 0 0
1438819200 0 0 0 0
1438732800 0 0 0 0
1438646400 0 0 0 0
1438560000 0 0 0 0
1438473600 0 0 0 0
1438387200 0 0 0 0
1438300800 0 0 0 0
1438214400 0 0 0 0
1438128000 0 0 0 0
1438041600 0 0 0 0
1437955200 0 0 0 0
1437868800 0 0 0 0
1437782400 0 0 0 0
1437696000 0 0 0 0
1437609600 0 0 0 0
1437523200 0 0 0 0
1437436800 0 0 0 0
1437350400 0 0 0 0
1437264000 0 0 0 0
1437177600 0 0 0 0
1437091200 0 0 0 0
1437004800 0 0 0 0
1436918400 0 0 0 0
1436832000 0 0 0 0
1436745600 0 0 0 0
1436659200 0 0 0 0
1436572800 0 0 0 0
1436486400 0 0 0 0
1436400000 0 0 0 0
1436313600 0 0 0 0
1436227200 0 0 0 0
1436140800 0 0 0 0
1436054400 0 0 0 0
1435968000 0 0 0 0
1435881600 0 0 0 0
1435795200 0 0 0 0
1435708800 0 0 0 0
1435622400 0 0 0 0
1435536000 0 0 0 0
