1504297339 41439603078 167165125080
1504297339 1239 2227 1239 2227
1504297040 442 1142 442 1142
1504296900 408 1258 442 1392
1504296600 332 1313 370 1392
1504296300 331 1236 378 1252
1504296000 351 1222 378 1252
1504295700 308 1477 320 1809
1504295400 298 1481 302 1809
1504295100 1100 2127 2013 3293
1504294800 3761 5144 5786 7289
1504294500 4656 6149 5786 7289
1504294200 6198 8478 9435 12629
1504293900 8402 10035 9435 12629
1504293600 6390 7700 7206 8465
1504293300 14319 7515 24584 8465
1504293000 13695 5282 24584 6415
1504292700 817 2754 1251 3988
1504292400 323 1290 333 1326
1504292100 308 1175 333 1250
1504291800 298 1087 318 1091
1504291500 310 1144 318 1213
1504291200 294 1193 302 1213
1504290900 904 8814 1621 17666
1504290600 1152 10584 1621 17666
1504290300 1456 3623 2416 4917
1504290000 1735 3884 2416 4917
1504289700 825 2389 958 2704
1504289400 555 1772 674 2031
1504289100 427 1347 438 1476
1504288800 384 1130 438 1200
1504288500 304 1039 323 1051
1504288200 333 1032 391 1039
1504287900 448 1089 514 1148
1504287600 754 7050 1030 13797
1504287300 695 7906 1030 13797
1504287000 324 1223 337 1278
1504286700 316 1343 337 1419
1504286400 305 1304 319 1419
1504286100 503 2153 715 3275
1504285800 979 5587 1282 8231
1504285500 2568 17896 4039 28943
1504285200 2515 16144 4039 28943
1504284900 3060 44977 5672 94647
1504284600 6285 99954 6987 106020
1504284300 7238 123594 7526 143680
1504284000 9271 186573 11267 235595
1504283700 16721 323827 22955 424664
1504283400 19500 362434 22955 424664
1504283100 11056 221416 15552 291316
1504282800 7719 146486 9777 152150
1504282500 18084 286358 27578 439739
1504282200 17172 241517 27578 439739
1504281900 3173 8676 5281 14978
1504281600 567 1299 764 1475
1504281300 324 1226 343 1375
1504281000 443 1561 607 1778
1504280700 6646 2123 13548 2519
1504280400 7441 2185 13548 2519
1504280100 403 1496 463 1805
1504279800 459 1369 600 1628
1504279500 458 1440 600 1628
1504279200 314 1311 334 1406
1504278900 353 1478 377 1563
1504278600 344 1350 377 1563
1504278300 325 1176 348 1258
1504278000 391 1359 442 1478
1504277700 457 1465 475 1478
1504277400 443 1383 475 1452
1504277100 380 1316 408 1329
1504276800 377 1579 410 1869
1504276500 379 1470 410 1869
1504276200 369 1176 397 1362
1504275900 362 1249 397 1362
1504275600 407 1304 505 1518
1504275300 429 1656 505 1814
1504275000 323 1499 343 1814
1504274700 307 1108 316 1140
1504274400 475 1416 661 1816
1504274100 487 1707 661 1816
1504273800 292 1391 298 1581
1504273500 292 1189 298 1212
1504273200 280 1261 287 1318
1504272900 292 1521 314 1757
1504272600 323 1664 335 1757
1504272300 322 1544 335 1557
1504272000 308 1312 309 1530
1504271700 298 1287 308 1547
1504271400 271 1577 288 1613
1504271100 262 1446 275 1613
1504270800 282 1026 292 1256
1504270500 265 822 292 889
1504270200 235 750 237 889
1504269900 235 774 237 981
1504269600 229 777 234 981
1504269300 237 780 251 1054
1504269000 243 957 251 1054
1504268700 220 697 234 848
1504268400 217 544 233 567
1504268100 229 562 233 567
1504267800 220 519 225 558
1504267500 220 521 226 572
1504267200 219 647 226 733
1504266900 2398 57709 4897 122825
1504266600 2723 66137 4897 122825
1504266300 211 471 218 478
1504266000 206 431 218 464
1504265700 205 431 219 475
1504265400 210 485 219 497
1504265100 251 509 309 524
1504264800 254 493 309 524
1504264500 190 458 192 458
1504264200 176 415 189 458
1504263900 177 428 194 499
1504263600 193 471 194 499
1504263300 184 422 193 440
1504263000 184 445 197 494
1504262700 190 464 197 494
1504262400 174 444 183 461
1504262100 177 484 193 511
1504261800 190 474 193 511
1504261500 179 433 187 435
1504261200 182 456 197 480
1504260900 192 466 197 480
1504260600 175 424 187 450
1504260300 177 436 194 483
1504260000 189 437 194 483
1504259700 177 395 185 408
1504259400 178 460 190 521
1504259100 187 449 190 521
1504258800 178 385 185 409
1504258500 184 446 199 489
1504258200 195 447 199 489
1504257900 184 412 192 427
1504257600 187 447 201 472
1504257300 193 439 201 472
1504257000 177 398 185 403
1504256700 184 427 202 467
1504256400 193 436 202 467
1504256100 177 412 183 426
1504255800 181 450 193 478
1504255500 191 434 193 478
1504255200 175 400 189 419
1504254900 175 419 193 421
1504254600 192 416 193 421
1504254300 179 450 192 497
1504254000 180 469 196 497
1504253700 191 441 196 446
1504253400 177 416 187 446
1504253100 178 388 192 396
1504252800 191 389 192 396
1504252500 181 410 191 443
1504252200 180 423 193 443
1504251900 191 395 193 402
1504251600 178 403 190 423
1504251300 179 410 196 423
1504251000 197 413 199 433
1504250700 183 444 199 458
1504250400 180 451 197 458
1504250100 195 436 197 445
1504249800 182 423 194 426
1504249500 177 401 187 420
1504249200 189 400 193 424
1504248900 183 452 193 485
1504248600 183 451 196 485
1504248300 196 408 197 413
1504248000 179 424 197 448
1504247700 176 412 196 448
1504247400 196 395 196 423
1504247100 183 437 196 455
1504246800 180 444 192 455
1504246500 192 446 192 462
1504246200 175 443 192 462
1504245900 174 410 195 423
1504245600 197 425 200 461
1504245300 182 448 200 461
1504245000 177 431 193 434
1504244700 193 429 195 429
1504244400 179 425 195 429
1504244100 173 417 186 422
1504243800 186 444 188 480
1504243500 178 464 188 480
1504243200 174 452 183 459
1504242900 185 449 189 459
1504242600 176 434 189 439
1504242300 177 422 195 430
1504242000 192 427 195 443
1504241700 178 439 189 443
1504241400 174 433 183 436
1504241100 187 427 192 430
1504240800 177 400 192 424
1504240500 173 397 188 426
1504240200 192 454 197 486
1504239900 185 451 197 486
1504239600 181 427 191 444
1504239300 194 488 199 538
1504239000 183 465 199 538
1504238700 178 387 194 394
1504238400 194 463 196 544
1504238100 181 450 196 544
1504237800 176 407 189 480
1504237500 191 462 194 480
1504237200 179 411 194 442
1504236900 173 400 186 428
1504236600 189 448 194 471
1504236300 184 472 194 475
1504236000 181 461 191 475
1504235700 193 433 197 447
1504235400 179 416 197 417
1504235100 175 430 193 447
1504234800 191 409 193 447
1504234500 178 403 190 446
1504234200 173 457 183 470
1504233900 191 427 201 470
1504233600 189 408 201 442
1504233300 187 455 199 471
1504233000 198 423 199 471
1504232700 187 400 197 435
1504232400 185 464 197 498
1504232100 193 454 197 498
1504231800 180 399 190 405
1504231500 184 425 203 461
1504231200 198 426 203 461
1504230900 182 388 193 390
1504230600 260 552 362 738
1504230300 416 764 478 795
1504230000 521 924 571 1073
1504229700 638 3260 715 5761
1504229400 881 3620 1071 5761
1504229100 873 1100 1071 1175
1504228800 512 804 647 1015
1504228500 283 478 360 568
1504228200 180 397 195 425
1504227900 178 437 196 452
1504227600 192 431 196 452
1504227300 182 418 189 430
1504227000 185 454 196 483
1504226700 194 453 196 483
1504226400 179 426 192 434
1504226100 179 443 194 455
1504225800 192 435 194 455
1504225500 178 437 190 464
1504225200 184 468 205 473
1504224900 194 457 205 473
1504224600 178 451 183 464
1504224300 192 451 214 464
1504224000 205 437 214 438
1504223700 186 458 196 482
1504223400 186 451 199 482
1504223100 207 432 217 451
1504222800 208 471 217 494
1504222500 206 446 217 494
1504222200 210 433 217 480
1504221900 207 470 212 480
1504221600 312 570 427 698
1504221300 468 855 515 1035
1504221000 482 946 515 1035
1504220700 523 965 611 1102
1504220400 573 983 611 1102
1504220100 2738 3760 5296 7132
1504219800 3015 4083 5296 7132
1504219500 312 516 409 599
1504219200 185 433 202 447
1504218900 180 444 196 447
1504218600 199 456 203 474
1504218300 209 473 216 474
1504218000 205 447 216 472
1504217700 197 443 201 472
1504217400 188 434 201 472
1504217100 191 423 211 461
1504216800 215 448 221 461
1504216500 210 409 221 434
1504216200 208 462 221 556
1504215900 1712 26598 3440 56762
1504215600 1966 30709 3440 56762
1504215300 4365 56903 9059 121326
1504215000 16482 265496 24966 430263
1504214700 24218 414928 24966 430263
1504214400 12719 213516 23353 397167
1504214100 346 747 403 798
1504213800 1542 1636 2984 2720
1504213500 2976 28830 2984 58671
1504213200 1726 31969 2968 58671
1504212900 269 1178 289 1337
1504212600 277 1320 313 1337
1504212300 361 1180 417 1302
1504212000 354 1027 417 1041
1504211700 298 1161 317 1334
1504211400 321 1367 327 1406
1504211100 321 1317 327 1406
1504210800 362 1202 415 1216
1504210500 1201 1859 2112 2637
1504210200 1314 2124 2112 2637
1504209900 517 1421 649 1538
1504209600 600 1486 649 1715
1504209300 451 1442 545 1715
1504209000 358 1342 372 1578
1504208700 367 1566 372 1578
1504208400 340 1381 363 1553
1504208100 340 1295 370 1420
1504207800 357 1308 370 1420
1504207500 371 1438 405 1737
1504207200 391 1657 405 1737
1504206900 400 1430 430 1566
1504206600 377 1286 430 1299
1504206300 334 1411 354 1541
1504206000 376 1468 403 1541
1504205700 2849 8831 5646 17341
1504205400 3624 17544 5646 17777
1504205100 896 10259 1314 17777
1504204800 387 1453 419 1668
1504204500 350 1227 351 1248
1504204200 359 1402 370 1580
1504203900 376 1840 384 2138
1504203600 400 1856 419 2138
1504203300 426 1578 436 1625
1504203000 385 1552 436 1625
1504202700 336 1488 349 1512
1504202400 425 2380 512 3372
1504202100 411 2335 512 3372
1504201800 309 1191 323 1237
1504201500 1959 23251 3854 48751
1504201200 2206 26760 3854 48751
1504200900 316 1334 337 1387
1504200600 325 1360 337 1387
1504200300 297 1268 312 1329
1504200000 358 1284 446 1380
1504199700 423 1342 446 1380
1504199400 5745 104149 11856 221693
1504199100 24790 154291 39773 221693
1504198800 28095 107571 39773 143882
1504198500 18557 208413 23116 282164
1504198200 20430 225604 23116 282164
1504197900 16363 159054 17361 160965
1504197600 17928 215927 21020 283420
1504197300 22813 294259 24864 306648
1504197000 21226 296071 24864 306648
1504196700 24363 328180 32700 378689
1504196400 25310 303994 32700 378689
1504196100 14900 179860 16752 217477
1504195800 10809 103422 12755 136291
1504195500 9459 139282 10493 223775
1504195200 6841 137375 10493 223775
1504194900 1791 22230 2669 38633
1504194600 825 3322 884 3425
1504194300 770 3142 884 3425
1504194000 558 3017 640 3247
1504193700 400 2291 465 3247
1504193400 339 1390 357 1626
1504193100 525 2478 720 3467
1504192800 567 2407 720 3467
1504192500 379 1335 393 1494
1504192200 377 1492 395 1494
1504191900 2825 5917 5640 11046
1504191600 3330 6774 5640 11046
1504191300 1322 3849 2045 6085
1504191000 2101 5925 2165 6085
1504190700 2721 9504 3357 13802
1504190400 6094 36403 9224 62234
1504190100 8784 40962 9224 62234
1504189800 5594 18149 8283 19859
1504189500 1683 11514 2521 19859
1504189200 629 1817 727 1977
1504188900 581 1979 653 2372
1504188600 616 2029 653 2372
1504188300 495 1429 575 1637
1504188000 383 1141 405 1192
1504187700 1504 4927 2814 9321
1504187400 3213 23375 3670 39438
1504187100 2771 27462 3670 39438
1504186800 1223 8579 1759 13958
1504186500 1692 5216 2918 8304
1504186200 2990 11123 3073 14303
1504185900 6047 90907 9447 178455
1504185600 5274 95911 9447 178455
1504185300 562 2339 627 3225
1504185000 2299 3149 4211 3225
1504184700 2411 2336 4211 3063
1504184400 327 1301 327 1496
1504184100 446 1381 583 1727
1504183800 447 1517 583 1727
1504183500 288 1123 293 1278
1504183200 277 1022 283 1111
1504182900 274 1003 279 1111
1504182600 283 1060 289 1269
1504182300 262 1032 289 1269
1504182000 249 1129 269 1555
1504181700 263 1418 269 1555
1504181400 235 1084 257 1262
1504181100 220 851 233 878
1504180800 226 801 233 822
1504180500 207 818 219 863
1504180200 226 878 264 896
1504179900 239 850 264 896
1504179600 201 816 212 836
1504179300 196 826 206 836
1504179000 212 822 219 829
1504178700 206 819 219 829
1504178400 198 857 206 913
1504178100 208 832 211 913
1504177800 230 825 252 923
1504177500 233 883 252 923
1504177200 219 872 226 910
1504176900 206 882 226 910
1504176600 194 844 206 851
1504176300 210 810 216 838
1504176000 201 792 216 808
1504175700 192 808 203 809
1504175400 207 824 212 842
1504175100 195 811 212 842
1504174800 192 813 210 855
1504174500 209 835 210 855
1504174200 197 816 208 819
1504173900 197 806 210 819
1504173600 211 814 214 840
1504173300 202 849 214 860
1504173000 204 843 222 860
1504172700 221 829 222 834
1504172400 203 834 220 836
1504172100 193 793 205 836
1504171800 213 782 223 827
1504171500 207 831 223 837
1504171200 198 805 208 837
1504170900 225 815 245 866
1504170600 219 847 245 866
1504170300 198 783 208 827
1504170000 214 788 222 851
1504169700 203 824 222 851
1504169400 198 813 217 834
1504169100 216 820 217 834
1504168800 203 811 216 817
1504168500 202 803 216 817
1504168200 216 783 218 789
1504167900 204 819 218 868
1504167600 199 825 211 868
1504167300 211 816 212 862
1504167000 200 848 212 862
1504166700 197 799 208 832
1504166400 208 793 208 831
1504166100 200 809 208 831
1504165800 200 828 210 879
1504165500 207 834 210 879
1504165200 195 798 205 816
1504164900 196 802 211 816
1504164600 208 814 211 846
1504164300 194 803 206 846
1504164000 192 805 206 864
1504163700 204 847 206 864
1504163400 195 820 202 829
1504163100 196 805 206 811
1504162800 203 808 206 819
1504162500 193 806 201 819
1504162200 199 806 217 822
1504161900 213 838 217 858
1504161600 198 794 209 858
1504161300 196 780 207 848
1504161000 207 836 209 848
1504160700 196 787 209 823
1504160400 192 822 204 909
1504160100 204 857 204 909
1504159800 196 800 204 802
1504159500 195 802 205 802
1504159200 206 817 209 835
1504158900 196 803 209 835
1504158600 197 807 216 853
1504158300 214 826 216 853
1504158000 204 804 213 815
1504157700 199 797 205 815
1504157400 210 805 217 838
1504157100 199 903 217 978
1504156800 195 1157 214 1363
1504156500 212 946 214 1363
1504156200 198 500 211 541
1504155900 196 539 211 541
1504155600 210 556 211 577
1504155300 196 577 209 577
1504155000 193 572 206 577
1504154700 209 522 213 567
1504154400 197 521 213 579
1504154100 193 565 209 579
1504153800 212 547 217 550
1504153500 199 562 217 582
1504153200 194 585 210 590
1504152900 211 560 214 590
1504152600 199 542 214 562
1504152300 196 573 213 587
1504152000 211 566 213 587
1504151700 196 565 210 592
1504151400 196 590 215 592
1504151100 212 554 215 588
1504150800 200 566 209 624
1504150500 195 591 201 624
1504150200 206 576 212 603
1504149900 191 592 212 603
1504149600 183 585 200 591
1504149300 200 588 201 591
1504149000 195 589 201 594
1504148700 204 580 221 594
1504148400 215 589 221 617
1504148100 197 605 209 617
1504147800 201 574 221 592
1504147500 220 573 221 595
1504147200 204 614 220 636
1504146900 196 585 209 636
1504146600 209 561 209 600
1504146300 191 610 209 623
1504146000 189 584 210 623
1504145700 210 571 210 608
1504145400 198 617 210 629
1504145100 196 588 209 629
1504144800 210 573 212 608
1504144500 200 595 212 608
1504144200 195 565 205 581
1504143900 205 586 207 631
1504143600 197 635 207 641
1504143300 195 584 207 641
1504143000 208 580 210 651
1504142700 198 630 210 651
1504142400 197 600 212 606
1504142100 213 603 216 613
1504141800 202 608 216 613
1504141500 196 589 208 603
1504141200 208 592 208 614
1504140900 197 610 208 614
1504140600 201 615 219 625
1504140300 218 593 219 625
1504140000 206 572 217 589
1504139700 205 600 219 614
1504139400 214 641 219 672
1504139100 201 625 210 672
1504138800 202 610 216 656
1504138500 217 637 220 656
1504138200 215 605 220 616
1504137900 218 586 228 593
1504137600 222 607 228 639
1504137300 208 599 217 639
1504137000 227 604 259 664
1504136700 248 633 259 664
1504136400 224 588 236 598
1504136100 232 599 255 626
1504135800 246 628 255 632
1504135500 238 604 241 632
1504135200 234 620 241 676
1504134900 223 627 228 676
1504134600 209 555 219 572
1504134300 214 567 234 604
1504134000 234 625 234 649
1504133700 228 606 234 649
1504133400 233 608 246 668
1504133100 240 640 246 668
1504132800 227 561 235 610
1504132500 230 569 245 641
1504132200 246 659 249 680
1504131900 235 634 249 680
1504131600 230 595 243 611
1504131300 236 596 243 611
1504131000 227 639 228 709
1504130700 235 687 245 709
1504130400 238 627 245 662
1504130100 228 598 230 612
1504129800 238 666 252 729
1504129500 786 10627 1397 21941
1504129200 865 12030 1397 21941
1504128900 258 704 260 704
1504128600 269 764 281 834
1504128300 264 1509 281 2291
1504128000 264 1772 287 2291
1504127700 275 969 287 1171
1504127400 259 812 262 896
1504127100 271 875 289 896
1504126800 284 840 289 853
1504126500 270 1047 280 1305
1504126200 274 1312 292 1321
1504125900 1244 12349 2334 24953
1504125600 1407 13767 2334 24953
1504125300 456 3722 581 6850
1504125000 505 4301 581 6850
1504124700 384 1373 419 1402
1504124400 1202 28036 2195 58887
1504124100 1925 44995 2195 58887
1504123800 998 16120 1617 29120
1504123500 323 1376 361 1506
1504123200 420 1749 488 2027
1504122900 405 1676 488 2027
1504122600 326 1413 347 1580
1504122300 376 1439 411 1580
1504122000 1160 13955 2006 28251
1504121700 2755 29266 3613 30428
1504121400 4301 24424 5100 30428
1504121100 4442 15014 5100 17471
1504120800 2804 7930 3690 12207
1504120500 1849 3046 1916 3050
1504120200 1178 2433 1916 3050
1504119900 338 1845 354 1989
1504119600 357 1816 362 1989
1504119300 446 3920 544 6549
1504119000 1276 4420 2126 6549
1504118700 1300 1591 2126 1955
1504118400 381 1407 410 1670
1504118100 1185 3347 2072 5265
1504117800 1576 4483 2072 5265
1504117500 766 2869 1011 3590
1504117200 2193 10480 7376 51563
1504116000 5793 51155 10615 93922
1504114200 5471 79993 13977 242809
1504112400 10695 159584 17283 250450
1504110600 14901 56392 44511 214435
1504108800 1241 9575 3683 43148
1504107000 1122 5260 2837 21919
1504105200 3148 7530 10319 47272
1504103400 12650 92269 17736 143907
1504101600 23849 224800 48689 983100
1504099800 73360 99127 371490 983100
1504098000 5911 13164 32327 69906
1504096200 317 1339 449 2641
1504094400 203 731 217 1139
1504092600 199 617 219 654
1504090800 198 621 219 692
1504089000 190 657 212 753
1504087200 192 596 206 648
1504085400 189 614 205 690
1504083600 192 592 206 667
1504081800 186 613 200 650
1504080000 190 606 203 653
1504078200 205 624 292 733
1504076400 194 597 208 673
1504074600 192 591 206 662
1504072800 194 595 209 624
1504071000 193 602 207 640
1504069200 187 594 207 616
1504067400 185 596 201 618
1504065600 191 593 206 627
1504063800 190 600 207 633
1504062000 188 610 208 642
1504060200 191 622 209 766
1504058400 195 632 213 805
1504056600 198 617 224 752
1504054800 195 604 214 703
1504053000 194 614 216 665
1504051200 195 600 215 681
1504049400 202 600 229 653
1504047600 205 596 219 631
1504045800 216 614 234 670
1504044000 274 797 365 1224
1504042200 426 935 941 1247
1504040400 916 2093 1551 3200
1504038600 2118 18424 5934 59054
1504036800 3154 16050 6664 57534
1504035000 828 7186 5014 61141
1504033200 871 7111 5014 61141
1504031400 1092 3305 3489 8286
1504029600 5834 78741 9777 183429
1504027800 3219 24550 8138 90070
1504026000 33610 179018 272640 290556
1504024200 34282 125871 272640 223563
1504022400 728 4758 1178 11697
1504020600 458 1774 539 2423
1504018800 423 1950 617 2412
1504017000 1988 6229 8237 22868
1504015200 583 1896 1490 2285
1504013400 2022 7404 5977 22194
1504011600 1844 46271 9448 271348
1504009800 1401 36107 7071 211131
1504008000 188 782 229 1323
1504006200 181 626 200 874
1504004400 186 549 210 607
1504002600 182 566 201 607
1504000800 194 575 218 606
1503999000 183 559 204 634
1503997200 180 564 193 607
1503995400 180 564 199 617
1503993600 182 564 200 599
1503991800 176 574 196 646
1503990000 178 555 196 598
1503988200 177 562 200 636
1503986400 182 566 205 604
1503984600 185 552 207 590
1503982800 186 548 199 602
1503981000 186 550 199 685
1503979200 187 552 199 672
1503977400 183 537 196 586
1503975600 179 566 198 608
1503973800 181 568 194 631
1503972000 188 575 200 637
1503970200 184 575 203 647
1503968400 188 578 206 647
1503966600 194 576 212 601
1503964800 194 589 221 651
1503963000 197 575 211 613
1503961200 205 586 237 620
1503959400 244 798 366 1409
1503957600 581 1267 4780 6862
1503955800 11217 8629 12867 26422
1503954000 2630 3481 11954 10846
1503952200 1480 3483 11639 18794
1503950400 6846 7859 12578 18794
1503948600 424 1452 1202 2523
1503946800 2053 20297 6270 87596
1503945000 3054 23805 6526 39567
1503943200 2142 28457 3731 64078
1503941400 3063 16619 7687 41034
1503939600 14475 223950 23101 356931
1503937800 5557 78348 17446 262784
1503936000 1782 10649 5972 40579
1503934200 1009 1894 2646 3640
1503932400 421 1469 553 1745
1503930600 2414 67797 6422 318196
1503928800 665 3141 934 5984
1503927000 622 2528 1260 12935
1503925200 412 2058 1260 12935
1503923400 239 812 288 1157
1503921600 196 544 242 847
1503919800 184 452 209 487
1503918000 181 476 199 500
1503916200 182 432 199 463
1503914400 181 438 196 461
1503912600 182 436 196 487
1503910800 184 431 198 495
1503909000 180 429 196 482
1503907200 182 434 193 460
1503905400 176 434 191 476
1503903600 179 433 190 468
1503901800 176 433 189 496
1503900000 180 431 202 471
1503898200 183 441 204 478
1503896400 179 436 194 487
1503894600 175 431 195 478
1503892800 183 473 195 527
1503891000 173 478 194 527
1503889200 178 483 199 526
1503887400 180 475 199 508
1503885600 182 478 192 515
1503883800 181 480 198 514
1503882000 181 480 198 510
1503880200 177 477 189 506
1503878400 178 477 194 540
1503876600 183 482 199 539
1503874800 183 478 201 521
1503873000 180 485 196 538
1503871200 181 481 200 519
1503869400 178 482 200 522
1503867600 180 481 203 522
1503865800 179 478 199 523
1503864000 185 477 202 512
1503862200 184 487 205 517
1503860400 186 476 202 521
1503858600 182 431 200 457
1503856800 183 433 203 464
1503855000 183 438 204 491
1503853200 185 437 201 471
1503851400 184 430 197 474
1503849600 194 441 216 505
1503847800 194 441 230 490
1503846000 182 444 200 505
1503844200 180 435 196 472
1503842400 186 429 200 479
1503840600 183 439 197 483
1503838800 184 435 200 485
1503837000 185 444 198 499
1503835200 185 433 205 467
1503833400 180 440 201 477
1503831600 182 435 199 474
1503829800 181 433 196 462
1503828000 180 439 199 461
1503826200 181 441 195 493
1503824400 182 437 198 467
1503822600 183 434 198 473
1503820800 181 435 193 480
1503819000 181 444 194 465
1503817200 188 440 202 475
1503815400 177 437 194 480
1503813600 183 433 195 472
1503811800 180 435 197 454
1503810000 184 439 200 473
1503808200 180 432 198 469
1503806400 178 430 196 462
1503804600 179 435 195 462
1503802800 184 433 201 458
1503801000 186 430 201 463
1503799200 183 431 199 484
1503797400 188 439 203 483
1503795600 183 435 201 470
1503793800 185 436 218 470
1503792000 185 435 198 474
1503790200 181 435 197 474
1503788400 186 434 205 474
1503786600 184 437 200 455
1503784800 182 430 200 456
1503783000 183 445 198 488
1503781200 186 435 197 460
1503779400 183 433 197 457
1503777600 185 433 202 459
1503775800 188 445 201 478
1503774000 184 438 202 496
1503772200 184 434 201 488
1503770400 189 435 204 504
1503768600 188 438 203 506
1503766800 183 441 200 467
1503765000 182 433 200 458
1503763200 181 435 197 459
1503761400 183 433 198 454
1503759600 183 434 199 454
1503757800 186 438 198 483
1503756000 183 431 199 457
1503754200 187 441 200 485
1503752400 183 437 200 467
1503750600 182 436 195 473
1503748800 181 431 199 456
1503747000 180 439 198 491
1503745200 181 434 199 486
1503743400 185 432 201 474
1503741600 182 440 194 468
1503739800 184 441 201 488
1503738000 183 433 196 465
1503736200 184 433 198 470
1503734400 181 436 198 467
1503732600 180 441 195 484
1503730800 184 431 212 476
1503729000 181 436 203 485
1503727200 183 432 202 484
1503725400 183 441 206 501
1503723600 180 431 198 464
1503721800 183 437 198 472
1503720000 184 478 209 550
1503718200 182 478 195 499
1503716400 186 486 197 506
1503714600 185 479 198 501
1503712800 186 478 205 525
1503711000 182 485 205 548
1503709200 186 479 204 517
1503707400 188 476 208 510
1503705600 186 482 208 510
1503703800 183 475 199 515
1503702000 4329 12803 18297 62492
1503700200 3202 16176 8050 47740
1503698400 22070 66475 98839 136462
1503696600 5288 40056 12665 176434
1503694800 2364 24239 4787 97946
1503693000 1466 11902 3083 41188
1503691200 326 1236 394 1711
1503689400 526 2609 1560 9629
1503687600 1770 22963 9958 183234
1503685800 17094 218884 63291 705480
1503684000 7194 41739 10174 136817
1503682200 13753 78951 31350 238620
1503680400 21644 304959 33057 593982
1503678600 3793 38696 12669 164957
1503676800 827 4944 4044 34763
1503675000 1830 2735 13180 15417
1503673200 1688 2984 13180 15417
1503671400 350 1359 364 1628
1503669600 382 1636 460 2401
1503667800 352 1435 505 1989
1503666000 392 1788 711 3974
1503664200 288 1223 602 3974
1503662400 218 710 253 1160
1503660600 206 610 228 701
1503658800 201 578 220 610
1503657000 202 576 249 589
1503655200 197 579 213 616
1503653400 196 591 214 643
1503651600 196 578 210 660
1503649800 198 578 214 634
1503648000 201 574 215 623
1503646200 200 588 215 653
1503644400 198 584 219 697
1503642600 203 585 219 696
1503640800 198 578 218 641
1503639000 200 590 222 674
1503637200 202 584 218 627
1503635400 196 598 213 700
1503633600 198 572 219 609
1503631800 199 594 219 638
1503630000 199 578 216 638
1503628200 193 578 213 624
1503626400 199 578 216 603
1503624600 198 606 234 748
1503622800 221 564 248 646
1503621000 210 573 248 646
1503619200 204 553 221 602
1503617400 204 565 223 631
1503615600 210 561 249 653
1503613800 219 643 249 1012
1503612000 237 709 268 999
1503610200 1691 12481 5074 51718
1503608400 451 1043 746 1355
1503606600 737 6268 2668 31530
1503604800 934 6527 2533 29907
1503603000 1371 6995 3491 22490
1503601200 3556 6805 14225 26365
1503599400 2422 58555 9758 239334
1503597600 2591 43211 5586 160609
1503595800 8279 127658 11877 232222
1503594000 14455 230911 16445 251401
1503592200 6641 87017 8345 112352
1503590400 1027 9640 5354 67863
1503588600 2246 3893 4195 6499
1503586800 35016 15667 42404 17865
1503585000 5126 5947 42404 17865
1503583200 1291 11921 1934 12244
1503581400 768 7833 2776 36676
1503579600 2482 32526 2776 36676
1503577800 257 935 257 935
1503576000 213 721 257 935
1503574200 205 602 208 694
1503572400 201 603 205 611
1503570600 208 622 219 636
1503568800 355 816 967 1621
1503567000 967 1621 967 1621
1503565200 231 643 967 1621
1503563400 204 613 207 621
1503561600 202 621 202 621
1503559800 199 596 202 621
1503558000 199 586 199 586
1503556200 199 599 199 600
1503554400 542 1057 628 1172
1503552600 1127 1855 1313 2110
1503550800 325 770 1313 2110
1503549000 237 670 347 869
1503547200 1697 2584 3113 4383
1503545400 1467 2228 3113 4383
1503543600 207 618 209 621
1503541800 210 623 217 639
1503540000 209 629 219 639
1503538200 205 645 222 670
1503536400 211 633 222 670
1503534600 210 609 227 636
1503532800 244 627 253 666
1503531000 219 612 233 624
1503529200 224 614 244 622
1503527400 236 650 269 680
1503525600 242 673 269 754
1503523800 737 1564 1701 3927
1503522000 2566 6516 4555 11728
1503520200 4045 57735 5421 90592
1503518400 10377 31596 31644 113340
1503516600 6900 72251 12904 123636
1503514800 1259 4218 3380 20953
1503513000 4106 53189 14224 260613
1503511200 5628 57786 9887 128233
1503509400 8729 118427 13701 218840
1503507600 1385 6577 2736 13258
1503505800 7591 64861 19377 163982
1503504000 2185 22341 10900 124456
1503502200 421 1325 597 1462
1503500400 694 2756 1019 7268
1503498600 689 2240 1142 4539
1503496800 2260 12506 3935 40529
1503495000 15206 13225 88549 70850
1503493200 313 1169 593 1593
1503491400 268 875 358 1155
1503489600 234 949 360 1779
1503487800 198 570 211 618
1503486000 194 534 210 594
1503484200 192 538 211 578
1503482400 192 538 211 570
1503480600 190 549 206 603
1503478800 191 541 206 603
1503477000 196 577 211 620
1503475200 198 585 212 629
1503473400 196 597 213 622
1503471600 195 593 214 649
1503469800 194 588 211 629
1503468000 189 592 208 628
1503466200 194 601 210 650
1503464400 194 594 217 636
1503462600 196 614 211 719
1503460800 194 637 208 759
1503459000 190 564 206 615
1503457200 195 552 209 596
1503455400 195 540 205 573
1503453600 195 555 207 623
1503451800 197 557 210 623
1503450000 202 550 215 584
1503448200 204 539 216 583
1503446400 207 577 219 737
1503444600 213 604 232 737
1503442800 218 607 237 799
1503441000 230 623 248 671
1503439200 256 686 308 784
1503437400 303 1103 405 1467
1503435600 56556 53660 191605 144681
1503433800 10158 29118 105226 129143
1503432000 4594 15096 7502 33157
1503430200 4815 35120 9618 175778
1503428400 1821 3172 5393 7650
1503426600 7603 65790 19675 236712
1503424800 11323 145942 20060 317500
1503423000 21022 219694 97743 1092761
1503421200 14584 228376 22358 467281
1503419400 10850 147763 27089 387440
1503417600 623 3789 1607 11505
1503415800 796 2170 1435 2850
1503414000 7492 17204 12697 46054
1503412200 519 1860 3479 6203
1503410400 1455 45403 4995 261909
1503408600 2459 9525 9110 34005
1503406800 332 1262 456 1845
1503405000 277 1157 372 1743
1503403200 218 716 244 1243
1503401400 216 694 231 832
1503399600 216 632 230 793
1503397800 214 691 233 846
1503396000 207 607 233 846
1503394200 210 623 221 694
1503392400 206 601 225 656
1503390600 205 600 221 651
1503388800 208 588 224 634
1503387000 205 605 220 654
1503385200 205 598 217 627
1503383400 204 612 216 642
1503381600 212 593 243 655
1503379800 212 601 239 640
1503378000 208 616 228 647
1503376200 210 601 230 637
1503374400 206 593 230 628
1503372600 211 603 227 663
1503370800 226 603 264 662
1503369000 213 598 264 665
1503367200 211 635 232 718
1503365400 209 612 234 666
1503363600 216 595 234 637
1503361800 223 610 247 671
1503360000 228 629 268 731
1503358200 245 669 268 926
1503356400 240 609 260 647
1503354600 242 646 290 752
1503352800 271 684 308 859
1503351000 695 1751 2198 4759
1503349200 3008 3081 13262 7344
1503347400 8172 33278 14696 119232
1503345600 1777 8626 4809 35844
1503343800 598 1574 779 1974
1503342000 2081 17389 5156 74437
1503340200 1496 5052 4647 17024
1503338400 4070 111409 15681 535068
1503336600 7775 66203 19782 179358
1503334800 8896 86963 14688 160045
1503333000 11163 175235 21916 422319
1503331200 46792 55164 114150 422319
1503329400 823 3019 3438 16621
1503327600 916 4658 2729 16621
1503325800 900 7996 1661 26951
1503324000 373 1893 1661 16057
1503322200 184 483 184 483
1503320400 184 483 184 483
1503318600 184 483 184 483
1503316800 184 483 184 483
1503315000 184 483 184 483
1503313200 184 483 184 483
1503311400 184 483 184 483
1503309600 184 483 184 483
1503307800 184 483 184 483
1503306000 184 483 184 483
1503304200 184 483 184 483
1503302400 184 483 184 483
1503300600 184 483 184 483
1503298800 184 483 184 483
1503297000 184 483 184 483
1503295200 184 483 184 483
1503293400 184 483 184 483
1503291600 184 483 184 483
1503289800 184 483 184 483
1503288000 184 483 184 483
1503286200 184 483 184 483
1503284400 184 483 184 483
1503282600 184 483 184 483
1503280800 184 483 184 483
1503279000 184 483 184 483
1503277200 184 483 184 483
1503275400 184 483 184 483
1503273600 184 483 184 483
1503271800 184 483 184 483
1503270000 184 483 184 483
1503268200 184 483 184 483
1503266400 184 483 184 483
1503264600 184 483 184 483
1503262800 184 483 184 483
1503261000 184 483 184 483
1503259200 184 483 184 483
1503257400 184 483 184 483
1503255600 184 483 184 483
1503253800 184 483 184 483
1503252000 184 483 184 483
1503250200 184 483 184 483
1503248400 184 483 184 483
1503246600 184 483 184 483
1503244800 184 483 184 483
1503243000 184 483 184 483
1503241200 184 483 184 483
1503239400 184 483 184 483
1503237600 184 483 184 483
1503235800 184 483 184 483
1503234000 184 483 184 483
1503232200 184 483 184 483
1503230400 184 483 184 483
1503228600 184 483 184 483
1503226800 184 483 184 483
1503225000 184 483 184 483
1503223200 184 483 184 483
1503221400 184 483 184 483
1503219600 184 483 184 483
1503217800 184 483 184 483
1503216000 184 483 184 483
1503214200 184 483 184 483
1503212400 184 483 184 483
1503210600 184 483 184 483
1503208800 184 483 184 483
1503207000 184 483 184 483
1503205200 184 483 184 483
1503203400 184 483 184 483
1503201600 184 483 184 483
1503199800 184 483 184 483
1503198000 184 483 184 483
1503196200 184 483 184 483
1503194400 184 483 184 483
1503192600 184 483 184 483
1503190800 184 483 184 483
1503189000 184 483 184 483
1503187200 184 483 184 483
1503185400 184 483 184 483
1503183600 184 483 184 483
1503181800 184 483 184 483
1503180000 184 483 184 483
1503178200 184 483 184 483
1503176400 184 483 184 483
1503174600 184 483 184 483
1503172800 184 483 184 483
1503171000 184 483 184 483
1503169200 184 483 184 483
1503167400 184 483 184 483
1503165600 184 483 184 483
1503163800 184 483 184 483
1503162000 184 483 184 483
1503160200 184 483 184 483
1503158400 184 483 184 483
1503156600 184 483 184 483
1503154800 184 483 184 483
1503153000 184 483 184 483
1503151200 184 483 184 483
1503149400 184 483 184 483
1503147600 184 483 184 483
1503145800 184 483 184 483
1503144000 184 483 184 483
1503142200 184 483 184 483
1503140400 184 483 184 483
1503138600 184 483 184 483
1503136800 184 483 184 483
1503135000 184 483 184 483
1503133200 184 483 184 483
1503131400 184 483 184 483
1503129600 184 483 184 483
1503127800 184 483 184 483
1503126000 184 483 184 483
1503124200 184 483 184 483
1503122400 184 483 184 483
1503120600 184 483 184 483
1503118800 184 483 184 483
1503117000 184 483 184 483
1503115200 184 483 184 483
1503113400 184 483 184 483
1503111600 184 483 184 483
1503109800 184 483 184 483
1503108000 184 483 184 483
1503106200 184 483 184 483
1503104400 184 483 184 483
1503102600 184 483 184 483
1503100800 184 483 184 483
1503099000 184 483 184 483
1503097200 184 483 184 483
1503095400 184 483 184 483
1503093600 184 483 184 483
1503091800 184 483 184 483
1503090000 184 483 184 483
1503088200 184 483 184 483
1503086400 184 483 184 483
1503084600 184 483 184 483
1503082800 184 483 184 483
1503081000 184 483 184 483
1503079200 184 483 184 483
1503077400 184 483 184 483
1503075600 184 483 184 483
1503073800 184 483 184 483
1503072000 184 483 184 483
1503070200 184 483 184 483
1503068400 184 483 184 483
1503066600 184 483 184 483
1503064800 184 483 184 483
1503063000 184 483 184 483
1503061200 184 483 184 483
1503059400 184 483 184 483
1503057600 184 483 184 483
1503055800 184 483 184 483
1503054000 184 483 184 483
1503052200 184 483 184 483
1503050400 184 483 184 483
1503048600 184 483 184 483
1503046800 184 483 184 483
1503045000 184 483 184 483
1503043200 184 483 184 483
1503041400 184 483 184 483
1503039600 184 483 184 483
1503037800 184 483 184 483
1503036000 184 483 184 483
1503028800 184 483 184 483
1503021600 184 483 184 483
1503014400 184 483 184 483
1503007200 184 483 184 483
1503000000 184 483 184 483
1502992800 184 483 184 483
1502985600 184 483 184 483
1502978400 184 483 184 483
1502971200 184 483 184 483
1502964000 184 483 184 483
1502956800 184 483 184 483
1502949600 184 483 184 483
1502942400 184 483 184 483
1502935200 184 483 184 483
1502928000 184 483 184 483
1502920800 184 483 184 483
1502913600 184 483 184 483
1502906400 184 483 184 483
1502899200 184 483 184 483
1502892000 184 483 184 483
1502884800 184 483 184 483
1502877600 184 483 184 483
1502870400 184 483 184 483
1502863200 184 483 184 483
1502856000 184 483 184 483
1502848800 184 483 184 483
1502841600 184 483 184 483
1502834400 184 483 184 483
1502827200 184 483 184 483
1502820000 184 483 184 483
1502812800 184 483 184 483
1502805600 184 483 184 483
1502798400 184 483 184 483
1502791200 184 483 184 483
1502784000 184 483 184 483
1502776800 184 483 184 483
1502769600 184 483 184 483
1502762400 184 483 184 483
1502755200 184 483 184 483
1502748000 184 483 184 483
1502740800 184 483 184 483
1502733600 184 483 184 483
1502726400 184 483 184 483
1502719200 184 483 184 483
1502712000 184 483 184 483
1502704800 184 483 184 483
1502697600 184 483 184 483
1502690400 184 483 184 483
1502683200 184 483 184 483
1502676000 184 483 184 483
1502668800 184 483 184 483
1502661600 184 483 184 483
1502654400 184 483 184 483
1502647200 184 483 184 483
1502640000 184 483 184 483
1502632800 184 483 184 483
1502625600 184 483 184 483
1502618400 184 483 184 483
1502611200 184 483 184 483
1502604000 184 483 184 483
1502596800 184 483 184 483
1502589600 184 483 184 483
1502582400 184 483 184 483
1502575200 184 483 184 483
1502568000 184 483 184 483
1502560800 184 483 184 483
1502553600 184 483 184 483
1502546400 184 483 184 483
1502539200 184 483 184 483
1502532000 184 483 184 483
1502524800 184 483 184 483
1502517600 184 483 184 483
1502510400 184 483 184 483
1502503200 184 483 184 483
1502496000 184 483 184 483
1502488800 184 483 184 483
1502481600 184 483 184 483
1502474400 184 483 184 483
1502467200 184 483 184 483
1502460000 184 483 184 483
1502452800 184 483 184 483
1502445600 184 483 184 483
1502438400 184 483 184 483
1502431200 184 483 184 483
1502424000 184 483 184 483
1502416800 184 483 184 483
1502409600 184 483 184 483
1502402400 184 483 184 483
1502395200 184 483 184 483
1502388000 184 483 184 483
1502380800 184 483 184 483
1502373600 184 483 184 483
1502366400 184 483 184 483
1502359200 184 483 184 483
1502352000 184 483 184 483
1502344800 184 483 184 483
1502337600 184 483 184 483
1502330400 184 483 184 483
1502323200 184 483 184 483
1502316000 184 483 184 483
1502308800 184 483 184 483
1502301600 184 483 184 483
1502294400 184 483 184 483
1502287200 184 483 184 483
1502280000 184 483 184 483
1502272800 184 483 184 483
1502265600 184 483 184 483
1502258400 184 483 184 483
1502251200 184 483 184 483
1502244000 184 483 184 483
1502236800 184 483 184 483
1502229600 184 483 184 483
1502222400 184 483 184 483
1502215200 184 483 184 483
1502208000 184 483 184 483
1502200800 184 483 184 483
1502193600 184 483 184 483
1502186400 184 483 184 483
1502179200 184 483 184 483
1502172000 184 483 184 483
1502164800 184 483 184 483
1502157600 184 483 184 483
1502150400 184 483 184 483
1502143200 184 483 184 483
1502136000 184 483 184 483
1502128800 184 483 184 483
1502121600 184 483 184 483
1502114400 184 483 184 483
1502107200 184 483 184 483
1502100000 184 483 184 483
1502092800 184 483 184 483
1502085600 184 483 184 483
1502078400 184 483 184 483
1502071200 184 483 184 483
1502064000 184 483 184 483
1502056800 184 483 184 483
1502049600 184 483 184 483
1502042400 184 483 184 483
1502035200 184 483 184 483
1502028000 184 483 184 483
1502020800 184 483 184 483
1502013600 184 483 184 483
1502006400 184 483 184 483
1501999200 184 483 184 483
1501992000 184 483 184 483
1501984800 184 483 184 483
1501977600 184 483 184 483
1501970400 184 483 184 483
1501963200 184 483 184 483
1501956000 184 483 184 483
1501948800 184 483 184 483
1501941600 184 483 184 483
1501934400 184 483 184 483
1501927200 184 483 184 483
1501920000 184 483 184 483
1501912800 184 483 184 483
1501905600 184 483 184 483
1501898400 184 483 184 483
1501891200 184 483 184 483
1501884000 184 483 184 483
1501876800 184 483 184 483
1501869600 184 483 184 483
1501862400 184 483 184 483
1501855200 184 483 184 483
1501848000 184 483 184 483
1501840800 184 483 184 483
1501833600 184 483 184 483
1501826400 184 483 184 483
1501819200 184 483 184 483
1501812000 184 483 184 483
1501804800 184 483 184 483
1501797600 184 483 184 483
1501790400 184 483 184 483
1501783200 184 483 184 483
1501776000 184 483 184 483
1501768800 184 483 184 483
1501761600 184 483 184 483
1501754400 184 483 184 483
1501747200 184 483 184 483
1501740000 184 483 184 483
1501732800 184 483 184 483
1501725600 184 483 184 483
1501718400 184 483 184 483
1501711200 184 483 184 483
1501704000 184 483 184 483
1501696800 184 483 184 483
1501689600 184 483 184 483
1501682400 184 483 184 483
1501675200 184 483 184 483
1501668000 184 483 184 483
1501660800 184 483 184 483
1501653600 184 483 184 483
1501646400 184 483 184 483
1501639200 184 483 184 483
1501632000 184 483 184 483
1501624800 184 483 184 483
1501617600 184 483 184 483
1501610400 184 483 184 483
1501603200 184 483 184 483
1501596000 184 483 184 483
1501588800 184 483 184 483
1501581600 184 483 184 483
1501574400 184 483 184 483
1501567200 184 483 184 483
1501560000 184 483 184 483
1501552800 184 483 184 483
1501545600 184 483 184 483
1501538400 184 483 184 483
1501531200 184 483 184 483
1501524000 184 483 184 483
1501516800 184 483 184 483
1501509600 184 483 184 483
1501502400 184 483 184 483
1501495200 184 483 184 483
1501488000 184 483 184 483
1501480800 184 483 184 483
1501473600 184 483 184 483
1501466400 184 483 184 483
1501459200 184 483 184 483
1501452000 184 483 184 483
1501444800 184 483 184 483
1501437600 184 483 184 483
1501430400 184 483 184 483
1501423200 184 483 184 483
1501416000 184 483 184 483
1501408800 184 483 184 483
1501401600 184 483 184 483
1501394400 184 483 184 483
1501387200 184 483 184 483
1501380000 184 483 184 483
1501372800 184 483 184 483
1501365600 184 483 184 483
1501358400 184 483 184 483
1501351200 184 483 184 483
1501344000 184 483 184 483
1501336800 184 483 184 483
1501329600 184 483 184 483
1501322400 184 483 184 483
1501315200 184 483 184 483
1501308000 184 483 184 483
1501300800 184 483 184 483
1501293600 184 483 184 483
1501286400 184 483 184 483
1501279200 184 483 184 483
1501272000 184 483 184 483
1501264800 184 483 184 483
1501257600 184 483 184 483
1501250400 184 483 184 483
1501243200 184 483 184 483
1501236000 184 483 184 483
1501228800 184 483 184 483
1501221600 184 483 184 483
1501214400 184 483 184 483
1501207200 184 483 184 483
1501200000 184 483 184 483
1501192800 184 483 184 483
1501185600 184 483 184 483
1501178400 184 483 184 483
1501171200 184 483 184 483
1501164000 184 483 184 483
1501156800 184 483 184 483
1501149600 184 483 184 483
1501142400 184 483 184 483
1501135200 184 483 184 483
1501128000 184 483 184 483
1501120800 184 483 184 483
1501113600 184 483 184 483
1501106400 184 483 184 483
1501099200 184 483 184 483
1501092000 184 483 184 483
1501084800 184 483 184 483
1501077600 184 483 184 483
1501070400 184 483 184 483
1501063200 184 483 184 483
1501056000 184 483 184 483
1501048800 184 483 184 483
1501041600 184 483 184 483
1501034400 184 483 184 483
1501027200 184 483 184 483
1501020000 184 483 184 483
1501012800 184 483 184 483
1501005600 184 483 184 483
1500998400 184 483 184 483
1500991200 184 483 184 483
1500984000 184 483 184 483
1500976800 184 483 184 483
1500969600 184 483 184 483
1500962400 184 483 184 483
1500955200 184 483 184 483
1500948000 184 483 184 483
1500940800 184 483 184 483
1500933600 184 483 184 483
1500926400 184 483 184 483
1500919200 184 483 184 483
1500912000 184 483 184 483
1500904800 184 483 184 483
1500897600 184 483 184 483
1500890400 184 483 184 483
1500883200 184 483 184 483
1500876000 184 483 184 483
1500868800 184 483 184 483
1500861600 184 483 184 483
1500854400 184 483 184 483
1500847200 184 483 184 483
1500840000 184 483 184 483
1500832800 184 483 184 483
1500825600 184 483 184 483
1500818400 184 483 184 483
1500811200 184 483 184 483
1500804000 184 483 184 483
1500796800 184 483 184 483
1500789600 184 483 184 483
1500782400 184 483 184 483
1500775200 184 483 184 483
1500768000 184 483 184 483
1500760800 184 483 184 483
1500753600 184 483 184 483
1500746400 184 483 184 483
1500739200 184 483 184 483
1500732000 184 483 184 483
1500724800 184 481 187 483
1500717600 185 482 189 487
1500710400 181 475 182 486
1500703200 181 470 184 476
1500696000 181 476 183 487
1500688800 187 483 199 515
1500681600 193 536 220 852
1500674400 542 1660 1439 9524
1500667200 1079 5481 6451 52197
1500660000 18681 227133 106870 1356857
1500652800 572 2548 7317 33875
1500645600 1204 6364 17516 103399
1500638400 214 781 306 884
1500631200 200 745 217 801
1500624000 201 752 218 865
1500616800 199 769 222 896
1500609600 202 762 221 923
1500602400 208 766 229 858
1500595200 682 1802 4521 12617
1500588000 809 5760 4200 86631
1500580800 1607 6164 9819 31403
1500573600 7636 80603 25587 377225
1500566400 6233 23733 18699 183217
1500559200 2353 15533 15947 243914
1500552000 205 784 250 1441
1500544800 193 759 211 839
1500537600 190 791 209 963
1500530400 190 786 208 882
1500523200 193 810 209 882
1500516000 233 819 1139 1701
1500508800 207 822 237 984
1500501600 387 2666 2169 36589
1500494400 44410 90768 304732 365684
1500487200 12284 121414 33360 295382
1500480000 23868 12514 497446 45900
1500472800 3437 20935 26479 270546
1500465600 179 632 179 632
1500458400 179 632 179 632
1500451200 179 632 179 632
1500444000 179 632 179 632
1500436800 179 632 179 632
1500429600 179 632 179 632
1500422400 179 632 179 632
1500415200 179 632 179 632
1500408000 179 632 179 632
1500400800 179 632 179 632
1500393600 179 632 179 632
1500386400 179 632 179 632
1500379200 179 632 179 632
1500372000 179 632 179 632
1500364800 179 632 179 632
1500357600 179 632 179 632
1500350400 179 632 179 632
1500343200 179 632 179 632
1500336000 179 632 179 632
1500328800 179 632 179 632
1500321600 179 632 179 632
1500314400 179 632 179 632
1500307200 179 632 179 632
1500300000 179 632 179 632
1500292800 179 632 179 632
1500285600 179 632 179 632
1500278400 179 632 179 632
1500271200 179 632 179 632
1500264000 179 632 179 632
1500256800 179 632 179 632
1500249600 179 632 179 632
1500242400 179 632 179 632
1500235200 179 632 179 632
1500228000 179 632 179 632
1500220800 179 632 179 632
1500213600 179 632 179 632
1500206400 179 632 179 632
1500199200 179 632 179 632
1500192000 179 632 179 632
1500184800 179 632 179 632
1500177600 179 632 179 632
1500170400 179 632 179 632
1500163200 179 632 179 632
1500156000 179 632 179 632
1500148800 179 632 179 632
1500141600 179 632 179 632
1500134400 179 632 179 632
1500127200 179 632 179 632
1500120000 179 632 179 632
1500112800 179 632 179 632
1500105600 179 632 179 632
1500098400 179 632 179 632
1500091200 179 632 179 632
1500084000 179 632 179 632
1500076800 179 632 179 632
1500069600 179 632 179 632
1500062400 179 632 179 632
1500055200 179 632 179 632
1500048000 179 632 179 632
1500040800 179 632 179 632
1500033600 179 632 179 632
1500026400 179 632 179 632
1500019200 179 632 179 632
1500012000 179 632 179 632
1500004800 179 632 179 632
1499997600 179 632 179 632
1499990400 179 632 179 632
1499983200 179 632 179 632
1499976000 179 632 179 632
1499968800 179 632 179 632
1499961600 179 632 179 632
1499954400 179 632 179 632
1499947200 179 632 179 632
1499940000 179 632 179 632
1499932800 179 632 179 632
1499925600 179 632 179 632
1499918400 179 632 179 632
1499911200 179 632 179 632
1499904000 179 632 179 632
1499896800 179 632 179 632
1499889600 179 632 179 632
1499882400 179 632 179 632
1499875200 179 632 179 632
1499868000 179 632 179 632
1499860800 179 632 179 632
1499853600 179 632 179 632
1499846400 179 632 179 632
1499839200 179 632 179 632
1499832000 179 632 179 632
1499824800 179 632 179 632
1499817600 179 632 179 632
1499810400 179 632 179 632
1499803200 179 632 179 632
1499796000 179 632 179 632
1499788800 179 632 179 632
1499781600 179 632 179 632
1499774400 179 632 179 632
1499767200 179 632 179 632
1499760000 179 632 179 632
1499752800 179 632 179 632
1499745600 179 632 179 632
1499738400 179 632 179 632
1499731200 179 632 179 632
1499724000 179 632 179 632
1499716800 179 632 179 632
1499709600 179 632 179 632
1499702400 179 632 179 632
1499695200 179 632 179 632
1499688000 179 632 179 632
1499680800 179 632 179 632
1499673600 179 632 179 632
1499666400 179 632 179 632
1499659200 179 632 179 632
1499652000 179 632 179 632
1499644800 179 632 179 632
1499637600 179 632 179 632
1499630400 179 632 179 632
1499623200 179 632 179 632
1499616000 179 632 179 632
1499608800 179 632 179 632
1499601600 179 632 179 632
1499594400 179 632 179 632
1499587200 179 632 179 632
1499580000 179 632 179 632
1499572800 179 632 179 632
1499565600 179 632 179 632
1499558400 179 632 179 632
1499551200 179 632 179 632
1499544000 179 632 179 632
1499536800 179 632 179 632
1499529600 179 632 179 632
1499522400 179 632 179 632
1499515200 179 632 179 632
1499508000 179 632 179 632
1499500800 179 632 179 632
1499493600 179 632 179 632
1499486400 179 632 179 632
1499479200 179 632 179 632
1499472000 179 632 179 632
1499464800 179 632 179 632
1499457600 179 632 179 632
1499450400 179 632 179 632
1499443200 179 632 179 632
1499436000 179 632 179 632
1499428800 179 632 179 632
1499421600 179 632 179 632
1499414400 179 632 179 632
1499407200 179 632 179 632
1499400000 179 632 179 632
1499392800 179 632 179 632
1499385600 179 632 179 632
1499378400 179 632 179 632
1499371200 179 632 179 632
1499364000 179 632 179 632
1499356800 179 632 179 632
1499349600 179 632 179 632
1499342400 179 632 179 632
1499335200 179 632 179 632
1499328000 179 632 179 632
1499320800 179 632 179 632
1499313600 179 632 179 632
1499306400 179 632 179 632
1499299200 179 632 179 632
1499292000 179 632 179 632
1499284800 179 632 179 632
1499277600 179 632 179 632
1499270400 179 632 179 632
1499263200 179 632 179 632
1499256000 179 632 179 632
1499248800 179 632 179 632
1499241600 179 632 179 632
1499234400 179 632 179 632
1499227200 179 632 179 632
1499220000 179 632 179 632
1499212800 179 632 179 632
1499205600 179 632 179 632
1499198400 179 632 179 632
1499191200 179 632 179 632
1499184000 179 632 179 632
1499176800 179 632 179 632
1499169600 179 632 179 632
1499162400 179 632 179 632
1499155200 179 632 179 632
1499148000 179 632 179 632
1499140800 179 632 179 632
1499133600 179 632 179 632
1499126400 179 632 179 632
1499119200 179 632 179 632
1499112000 179 632 179 632
1499104800 179 632 179 632
1499097600 179 632 179 632
1499090400 179 632 179 632
1499083200 179 632 179 632
1499076000 179 632 179 632
1499068800 179 632 179 632
1499061600 179 632 179 632
1499054400 179 632 179 632
1499047200 179 632 179 632
1499040000 179 632 179 632
1499032800 179 632 179 632
1499025600 179 632 179 632
1499018400 179 632 179 632
1499011200 179 632 179 632
1499004000 179 632 179 632
1498996800 179 632 179 632
1498989600 179 632 179 632
1498982400 179 632 179 632
1498975200 179 632 179 632
1498968000 179 632 179 632
1498960800 179 632 179 632
1498953600 179 632 179 632
1498946400 179 632 179 632
1498939200 179 632 179 632
1498932000 179 632 179 632
1498924800 179 632 179 632
1498917600 179 632 179 632
1498910400 179 632 179 632
1498903200 179 632 179 632
1498896000 179 632 179 632
1498888800 179 632 179 632
1498881600 179 632 179 632
1498874400 179 632 179 632
1498867200 179 632 179 632
1498860000 179 632 179 632
1498852800 179 632 179 632
1498845600 179 632 179 632
1498838400 179 632 179 632
1498831200 179 632 179 632
1498824000 179 632 179 632
1498816800 179 632 179 632
1498809600 179 632 179 632
1498802400 179 632 179 632
1498795200 179 632 179 632
1498788000 179 632 179 632
1498780800 179 632 179 632
1498773600 179 632 179 632
1498766400 179 632 179 632
1498759200 179 632 179 632
1498752000 179 632 179 632
1498744800 179 632 179 632
1498737600 179 632 179 632
1498730400 179 632 179 632
1498723200 179 632 179 632
1498716000 179 632 179 632
1498694400 179 632 179 632
1498608000 179 632 179 632
1498521600 179 632 179 632
1498435200 179 632 179 632
1498348800 179 632 179 632
1498262400 179 632 179 632
1498176000 179 632 179 632
1498089600 179 632 179 632
1498003200 179 632 179 632
1497916800 179 632 179 632
1497830400 179 632 179 632
1497744000 179 628 228 853
1497657600 5471 11769 808310 371101
1497571200 1695 17117 44362 506077
1497484800 200 726 200 726
1497398400 200 726 200 726
1497312000 200 726 200 726
1497225600 8619 3638 247677 81050
1497139200 474 2377 54212 220327
1497052800 2670 11040 97738 271405
1496966400 2266 19125 57348 786338
1496880000 2458 13821 63490 364405
1496793600 2784 24512 54727 698354
1496707200 1580 22547 55595 1545380
1496620800 196 728 234 1584
1496534400 208 727 484 1042
1496448000 5781 6981 444917 118038
1496361600 1503 6728 50264 348164
1496275200 1641 6412 33897 152792
1496188800 2991 15124 225177 466939
1496102400 1673 15379 34769 500025
1496016000 710 8083 7178 100514
1495929600 7178 100514 7178 100514
1495843200 4020 18662 85901 221377
1495756800 1835 14369 51660 604972
1495670400 2586 9281 114259 315172
1495584000 305 827 305 827
1495497600 305 827 305 827
1495411200 305 827 305 827
1495324800 305 827 305 827
1495238400 305 827 305 827
1495152000 1549 12071 54568 492339
1495065600 2144 14159 55082 392439
1494979200 550 1470 27309 32501
1494892800 217 889 217 889
1494806400 217 889 217 889
1494720000 214 827 319 1102
1494633600 1299 13695 48501 339827
1494547200 2571 35356 86384 1389371
1494460800 149 618 149 618
1494374400 149 618 149 618
1494288000 149 618 149 618
1494201600 149 618 149 618
1494115200 149 618 149 618
1494028800 149 618 149 618
1493942400 149 618 149 618
1493856000 149 618 149 618
1493769600 149 618 149 618
1493683200 149 618 149 618
1493596800 149 618 149 618
1493510400 149 618 149 618
1493424000 149 618 149 618
1493337600 149 618 149 618
1493251200 149 618 149 618
1493164800 149 618 149 618
1493078400 149 618 149 618
1492992000 149 618 149 618
1492905600 149 618 149 618
1492819200 149 618 149 618
1492732800 149 618 149 618
1492646400 149 618 149 618
1492560000 149 618 149 618
1492473600 149 618 149 618
1492387200 149 618 149 618
1492300800 149 618 149 618
1492214400 149 618 149 618
1492128000 149 618 149 618
1492041600 149 618 149 618
1491955200 149 618 149 618
1491868800 149 618 149 618
1491782400 149 618 149 618
1491696000 149 618 149 618
1491609600 149 618 149 618
1491523200 149 618 149 618
1491436800 149 618 149 618
1491350400 149 618 149 618
1491264000 149 618 149 618
1491177600 160 579 191 626
1491091200 170 571 197 1470
1491004800 1768 21652 38895 627177
1490918400 4053 38223 87906 1516140
1490832000 1551 10799 87804 1249868
1490745600 3772 10809 641912 255572
1490659200 283 732 283 732
1490572800 283 732 283 732
1490486400 283 732 283 732
1490400000 283 732 283 732
1490313600 283 732 283 732
1490227200 283 732 283 732
1490140800 283 732 283 732
1490054400 283 732 283 732
1489968000 283 732 283 732
1489881600 283 732 283 732
1489795200 283 732 283 732
1489708800 283 732 283 732
1489622400 2738 44386 55615 2209868
1489536000 64141 17499 5257799 432294
1489449600 2382 26586 39287 750355
1489363200 199 610 1709 9124
1489276800 366 1007 14657 66775
1489190400 3688 26417 142456 778778
1489104000 2606 17354 98152 438816
1489017600 13834 13661 2464763 273853
1488931200 1460 7283 35699 433497
1488844800 16643 34851 2991337 892036
1488758400 163 603 235 1014
1488672000 188 600 1594 4851
1488585600 7687 21037 1218307 555259
1488499200 3684 19449 104744 323613
1488412800 5156 19310 121314 749490
1488326400 4525 34349 58898 717439
1488240000 3159 21104 31354 814449
1488153600 349 875 3418 5492
1488067200 1237 1684 230699 158096
1487980800 15530 56326 1608921 5087317
1487894400 6009 21639 144399 317533
1487808000 8799 36691 324509 794520
1487721600 2074 14938 62430 324538
1487635200 610 1177 2980 10317
1487548800 973 1907 69229 129607
1487462400 1266 4096 65128 123300
1487376000 8469 28745 217115 635296
1487289600 12550 33535 370199 866340
1487203200 13583 47781 1423645 1435693
1487116800 343 592 343 592
1487030400 343 592 343 592
1486944000 343 592 343 592
1486857600 343 592 343 592
1486771200 343 592 343 592
1486684800 343 592 343 592
1486598400 343 592 343 592
1486512000 343 592 343 592
1486425600 343 592 343 592
1486339200 343 592 343 592
1486252800 343 592 343 592
1486166400 343 592 343 592
1486080000 343 592 343 592
1485993600 343 592 343 592
1485907200 343 592 343 592
1485820800 3398 11876 136789 473570
1485734400 794 597 30232 7182
1485648000 428 714 4334 6168
1485561600 4054 33410 74980 1291108
1485475200 5977 30392 343459 1618891
1485388800 1995 23903 44806 1712194
1485302400 3735 20530 345027 455734
1485216000 2236 14773 37529 812200
1485129600 425 677 4370 7007
1485043200 779 3201 20955 328854
1484956800 2951 10001 100046 277588
1484870400 1988 16463 58116 528103
1484784000 3050 13813 77431 658278
1484697600 1711 11882 35293 699275
1484611200 2105 8648 38237 396623
1484524800 164 383 231 522
1484438400 274 601 3581 4916
1484352000 3513 19301 106938 759668
1484265600 7543 28520 208350 1710769
1484179200 2620 14934 38750 542463
1484092800 6869 23558 535810 766783
1484006400 2579 20486 38118 1253253
1483920000 1085 864 63745 6967
1483833600 872 1674 27577 115370
1483747200 7703 17819 1438582 543434
1483660800 3343 10583 232213 235465
1483574400 3061 9760 88084 270071
1483488000 3627 18321 139812 584231
1483401600 138 311 179 395
1483315200 140 311 177 397
1483228800 145 311 241 394
1483142400 849 6888 29801 462475
1483056000 1054 5015 62288 429872
1482969600 559 3092 16509 151740
1482883200 121 284 121 284
1482796800 121 284 121 284
1482710400 143 280 247 361
1482624000 154 277 245 368
1482537600 689 1316 59763 100204
1482451200 2220 9108 45424 322039
1482364800 19313 25176 326560 614640
1482278400 17485 12343 2774576 343620
1482192000 2517 7053 192721 196429
1482105600 34 96 1011 11829
1482019200 0 0 0 0
1481932800 0 0 0 0
1481846400 0 0 0 0
1481760000 0 0 0 0
1481673600 0 0 0 0
1481587200 0 0 0 0
1481500800 0 0 0 0
1481414400 0 0 0 0
1481328000 0 0 0 0
1481241600 0 0 0 0
1481155200 0 0 0 0
1481068800 0 0 0 0
1480982400 0 0 0 0
1480896000 0 0 0 0
1480809600 0 0 0 0
1480723200 0 0 0 0
1480636800 0 0 0 0
1480550400 0 0 0 0
1480464000 0 0 0 0
1480377600 0 0 0 0
1480291200 0 0 0 0
1480204800 0 0 0 0
1480118400 0 0 0 0
1480032000 0 0 0 0
1479945600 265 1790 6233 95966
1479859200 1375 3257 246945 273431
1479772800 390 1697 51753 76894
1479686400 22 454 24 580
1479600000 22 454 24 548
1479513600 290 1653 6924 29147
1479427200 1127 4420 98183 205705
1479340800 920 2768 114918 60064
1479254400 498 3963 12229 344379
1479168000 767 2983 74462 55594
1479081600 27 520 29 607
1478995200 27 531 30 658
1478908800 1281 4039 124179 90247
1478822400 1267 3425 185518 94207
1478736000 804 4358 67815 511810
1478649600 1119 3953 75307 92612
1478563200 691 11539 61940 2430622
1478476800 27 551 29 685
1478390400 32 571 216 1580
1478304000 401 3161 6382 94655
1478217600 743 4406 53015 212679
1478131200 1413 5902 144924 166117
1478044800 2121 5607 287833 226152
1477958400 1335 21147 29825 1009548
1477872000 251 872 931 5214
1477785600 260 940 1968 5165
1477699200 280 2105 4447 92092
1477612800 702 2300 67527 53086
1477526400 841 3848 28129 98579
1477440000 556 4162 8174 155661
1477353600 798 4811 28431 146971
1477267200 26 553 29 1259
1477180800 26 547 85 983
1477094400 27 880 29 2465
1477008000 1101 3676 171504 117965
1476921600 897 21511 122194 4901291
1476835200 29 397 29 397
1476748800 29 397 29 397
1476662400 27 413 30 687
1476576000 27 429 30 600
1476489600 718 5176 13467 311061
1476403200 588 4608 5839 183809
1476316800 582 5350 17757 550524
1476230400 1644 6116 224659 284668
1476144000 27 376 29 497
1476057600 27 381 29 484
1475971200 27 377 29 479
1475884800 647 3714 13704 69011
1475798400 36 809 1317 3047
1475712000 1065 3195 31643 82909
1475625600 4966 22276 640121 4827583
1475539200 1464 20888 95166 3300753
1475452800 27 469 29 600
1475366400 27 491 29 944
1475280000 523 2838 26366 131081
1475193600 27 814 152 2043
1475107200 837 3121 56868 82812
1475020800 918 3498 54991 90982
1474934400 2113 5155 91199 119666
1474848000 21 424 25 511
1474761600 22 422 24 588
1474675200 759 7370 49457 389700
1474588800 776 4677 36910 97666
1474502400 715 4938 37202 164932
1474416000 335 2882 4085 63120
1474329600 443 2424 11569 54285
1474243200 21 366 24 458
1474156800 22 376 23 502
1474070400 671 3308 30363 79157
1473984000 616 7903 34291 1144870
1473897600 2550 6609 36054 232574
1473811200 920 3351 26457 63734
1473724800 1276 13516 41017 769544
1473638400 21 448 25 535
1473552000 21 448 24 605
1473465600 1236 14177 92481 696141
1473379200 11945 492090 234627 10041719
1473292800 1096 15277 22109 370311
1473206400 1011 4640 56147 238838
1473120000 22 401 24 689
1473033600 21 391 23 465
1472947200 21 434 24 1146
1472860800 1045 9422 28820 532158
1472774400 363 3685 13518 224492
1472688000 22 801 24 1981
1472601600 800 3106 69486 185734
1472515200 172 1431 4613 40718
1472428800 23 429 23 429
1472342400 23 429 23 429
1472256000 23 429 23 429
1472169600 23 429 23 429
1472083200 23 429 23 429
1471996800 23 429 23 429
1471910400 23 429 23 429
1471824000 23 429 23 429
1471737600 23 429 23 429
1471651200 22 429 24 532
1471564800 1636 10940 121305 1591327
1471478400 842 5898 101445 2161207
1471392000 900 7264 102344 133841
1471305600 3330 27600 1128553 6771347
1471219200 21 331 35 904
1471132800 20 329 32 750
1471046400 4818 29799 247588 4833328
1470960000 1614 9516 97285 131029
1470873600 2034 15436 97282 418554
1470787200 2469 16393 110653 216749
1470700800 2306 10348 158930 168163
1470614400 21 305 25 409
1470528000 21 308 24 497
1470441600 2685 6447 278281 1275958
1470355200 1791 12505 99199 229978
1470268800 21 656 26 2476
1470182400 21 612 26 2319
1470096000 21 321 26 692
1470009600 21 317 27 483
1469923200 21 320 27 486
1469836800 1602 15500 91744 739474
1469750400 2754 18096 219381 493261
1469664000 1946 5334 167273 217065
1469577600 3517 37422 153756 5684993
1469491200 3246 13875 220502 247021
1469404800 21 323 26 456
1469318400 21 332 26 476
1469232000 1936 11850 101597 166669
1469145600 1521 11305 85145 230498
1469059200 1230 12687 85573 185693
1468972800 1644 12372 83784 270026
1468886400 1445 10227 141952 1409343
1468800000 21 278 26 599
1468713600 21 277 26 423
1468627200 958 3239 81956 355891
1468540800 977 7656 92441 174761
1468454400 1491 10543 83421 406339
1468368000 2503 17884 90238 2241672
1468281600 1227 8921 91632 108436
1468195200 21 276 27 390
1468108800 21 278 26 441
1468022400 909 6521 110549 156503
1467936000 787 4764 104992 141388
1467849600 722 4072 104947 93084
1467763200 858 1864 167665 55388
1467676800 525 1588 89333 142035
1467590400 21 281 27 400
1467504000 21 279 27 418
1467417600 21 282 27 449
1467331200 28 155 10130 18639
1467244800 0 0 0 0
1467158400 0 0 0 0
1467072000 0 0 0 0
1466985600 0 0 0 0
1466899200 0 0 0 0
1466812800 0 0 0 0
1466726400 0 0 0 0
1466640000 0 0 0 0
1466553600 0 0 0 0
1466467200 0 0 0 0
1466380800 0 0 0 0
1466294400 0 0 0 0
1466208000 0 0 0 0
1466121600 0 0 0 0
1466035200 0 0 0 0
1465948800 25 87 8203 22981
1465862400 0 0 0 0
1465776000 0 0 0 0
1465689600 0 0 0 0
1465603200 0 0 0 0
1465516800 0 0 0 0
1465430400 0 0 0 0
1465344000 0 0 0 0
1465257600 0 0 0 0
1465171200 0 0 0 0
1465084800 0 0 0 0
1464998400 0 0 0 0
1464912000 0 0 0 0
1464825600 0 0 0 0
1464739200 0 0 0 0
1464652800 0 19 780 8747
1464566400 0 0 0 0
1464480000 0 0 0 0
1464393600 0 0 0 0
1464307200 0 0 0 0
1464220800 0 0 0 0
1464134400 0 0 0 0
1464048000 0 0 0 0
1463961600 0 0 0 0
1463875200 0 0 0 0
1463788800 0 0 0 0
1463702400 107 733 6721 9169
1463616000 66 576 5157 18084
1463529600 1655 228967 149696 20425144
1463443200 0 0 0 0
1463356800 0 0 0 0
1463270400 0 0 0 0
1463184000 0 0 0 0
1463097600 0 0 0 0
1463011200 0 0 0 0
1462924800 0 0 0 0
1462838400 0 0 0 0
1462752000 0 0 0 0
1462665600 0 0 0 0
1462579200 63 337 17933 65727
1462492800 0 0 0 0
1462406400 0 0 0 0
1462320000 0 0 0 0
1462233600 40331 34210 3431535 3722729
1462147200 0 0 0 0
1462060800 0 0 0 0
1461974400 762 8049 95105 1961788
1461888000 30843 290406 5168898 23597186
1461801600 7059 28912 2383745 2783118
1461715200 694 2985 101152 354825
1461628800 8732 238231 811484 25617170
1461542400 2090 387 942976 15842
1461456000 2098 504 912331 28441
1461369600 734733 60897 12378025 815404
1461283200 337035 25470 12541236 2031656
1461196800 12473 724571 502741 31451948
1461110400 6689 8966 2435413 1402141
1461024000 556656 14790 71290571 713418
1460937600 439 1192 46883 18540
1460851200 461 1233 45442 14179
1460764800 2393 5345 449597 769104
1460678400 858 3118 45218 57235
1460592000 477 1223 477 1223
1460505600 477 1223 477 1223
1460419200 477 1223 477 1223
1460332800 477 1223 477 1223
1460246400 542 1058 27827 11639
1460160000 0 16 49 568
1460073600 0 0 0 0
1459987200 0 0 0 0
1459900800 0 0 0 0
1459814400 0 0 0 0
1459728000 0 0 0 0
1459641600 0 0 0 0
1459555200 1 24 172 2461
1459468800 0 0 0 0
1459382400 0 0 0 0
1459296000 0 0 0 0
1459209600 0 0 0 0
1459123200 0 0 0 0
1459036800 0 0 0 0
1458950400 0 0 0 0
1458864000 0 0 0 0
1458777600 0 0 0 0
1458691200 0 0 0 0
1458604800 0 0 0 0
1458518400 0 0 0 0
1458432000 0 0 0 0
1458345600 0 0 0 0
1458259200 0 0 0 0
1458172800 0 0 0 0
1458086400 0 0 0 0
1458000000 0 0 0 0
1457913600 0 0 0 0
1457827200 0 0 0 0
1457740800 0 0 0 0
1457654400 0 0 0 0
1457568000 0 0 0 0
1457481600 0 0 0 0
1457395200 0 0 0 0
1457308800 0 0 0 0
1457222400 0 0 0 0
1457136000 0 0 0 0
1457049600 0 0 0 0
1456963200 0 0 0 0
1456876800 0 0 0 0
1456790400 0 0 0 0
1456704000 0 0 0 0
1456617600 0 0 0 0
1456531200 0 0 0 0
1456444800 0 0 0 0
1456358400 0 0 0 0
1456272000 0 0 0 0
1456185600 0 0 0 0
1456099200 0 0 0 0
1456012800 0 0 0 0
1455926400 0 0 0 0
1455840000 0 0 0 0
1455753600 0 0 0 0
1455667200 0 0 0 0
1455580800 0 0 0 0
1455494400 0 0 0 0
1455408000 0 0 0 0
1455321600 0 0 0 0
1455235200 0 0 0 0
1455148800 0 0 0 0
1455062400 0 0 0 0
1454976000 0 0 0 0
1454889600 0 0 0 0
1454803200 0 0 0 0
1454716800 0 0 0 0
1454630400 0 0 0 0
1454544000 0 0 0 0
1454457600 0 0 0 0
1454371200 0 0 0 0
1454284800 0 0 0 0
1454198400 0 0 0 0
1454112000 0 0 0 0
1454025600 0 0 0 0
1453939200 0 0 0 0
1453852800 0 0 0 0
1453766400 0 0 0 0
1453680000 0 0 0 0
1453593600 0 0 0 0
1453507200 0 0 0 0
1453420800 0 0 0 0
1453334400 0 0 0 0
1453248000 0 0 0 0
1453161600 0 0 0 0
1453075200 0 0 0 0
1452988800 0 0 0 0
1452902400 0 0 0 0
1452816000 0 0 0 0
1452729600 0 0 0 0
1452643200 0 0 0 0
1452556800 0 0 0 0
1452470400 0 0 0 0
1452384000 0 0 0 0
1452297600 0 0 0 0
1452211200 0 0 0 0
1452124800 0 0 0 0
1452038400 0 0 0 0
1451952000 0 0 0 0
1451865600 0 0 0 0
1451779200 0 0 0 0
1451692800 0 0 0 0
1451606400 0 0 0 0
1451520000 0 0 0 0
1451433600 0 0 0 0
1451347200 0 0 0 0
1451260800 0 0 0 0
1451174400 0 0 0 0
1451088000 0 0 0 0
1451001600 0 0 0 0
1450915200 0 0 0 0
1450828800 0 0 0 0
1450742400 0 0 0 0
1450656000 0 0 0 0
1450569600 0 0 0 0
1450483200 0 0 0 0
1450396800 0 0 0 0
1450310400 0 0 0 0
1450224000 0 0 0 0
1450137600 0 0 0 0
1450051200 0 0 0 0
1449964800 0 0 0 0
1449878400 0 0 0 0
1449792000 0 0 0 0
1449705600 0 0 0 0
1449619200 0 0 0 0
1449532800 0 0 0 0
1449446400 0 0 0 0
1449360000 0 0 0 0
1449273600 0 0 0 0
1449187200 0 0 0 0
1449100800 0 0 0 0
1449014400 0 0 0 0
1448928000 0 0 0 0
1448841600 0 0 0 0
1448755200 0 0 0 0
1448668800 0 0 0 0
1448582400 0 0 0 0
1448496000 0 0 0 0
1448409600 0 0 0 0
1448323200 0 0 0 0
1448236800 0 0 0 0
1448150400 0 0 0 0
1448064000 0 0 0 0
1447977600 0 0 0 0
1447891200 0 0 0 0
1447804800 0 0 0 0
1447718400 0 0 0 0
1447632000 0 0 0 0
1447545600 0 0 0 0
1447459200 0 0 0 0
1447372800 0 0 0 0
1447286400 0 0 0 0
1447200000 0 0 0 0
1447113600 0 0 0 0
1447027200 0 0 0 0
1446940800 0 0 0 0
1446854400 0 0 0 0
1446768000 0 0 0 0
1446681600 0 0 0 0
1446595200 0 0 0 0
1446508800 0 0 0 0
1446422400 0 0 0 0
1446336000 0 0 0 0
1446249600 0 0 0 0
1446163200 0 0 0 0
1446076800 0 0 0 0
1445990400 0 0 0 0
1445904000 0 0 0 0
1445817600 0 0 0 0
1445731200 0 0 0 0
1445644800 0 0 0 0
1445558400 0 0 0 0
1445472000 0 0 0 0
1445385600 0 0 0 0
1445299200 0 0 0 0
1445212800 0 0 0 0
1445126400 0 0 0 0
1445040000 0 0 0 0
1444953600 0 0 0 0
1444867200 0 0 0 0
1444780800 0 0 0 0
1444694400 0 0 0 0
1444608000 0 0 0 0
1444521600 0 0 0 0
1444435200 0 0 0 0
1444348800 0 0 0 0
1444262400 0 0 0 0
1444176000 0 0 0 0
1444089600 0 0 0 0
1444003200 0 0 0 0
1443916800 0 0 0 0
1443830400 0 0 0 0
1443744000 0 0 0 0
1443657600 0 0 0 0
1443571200 0 0 0 0
1443484800 0 0 0 0
1443398400 0 0 0 0
1443312000 0 0 0 0
1443225600 0 0 0 0
1443139200 0 0 0 0
1443052800 0 0 0 0
1442966400 0 0 0 0
1442880000 0 0 0 0
1442793600 0 0 0 0
1442707200 0 0 0 0
1442620800 0 0 0 0
1442534400 0 0 0 0
1442448000 0 0 0 0
1442361600 0 0 0 0
1442275200 0 0 0 0
1442188800 0 0 0 0
1442102400 0 0 0 0
1442016000 0 0 0 0
1441929600 0 0 0 0
1441843200 0 0 0 0
1441756800 0 0 0 0
1441670400 0 0 0 0
1441584000 0 0 0 0
1441497600 0 0 0 0
1441411200 0 0 0 0
1441324800 0 0 0 0
1441238400 0 0 0 0
1441152000 0 0 0 0
1441065600 0 0 0 0
1440979200 0 0 0 0
1440892800 0 0 0 0
1440806400 0 0 0 0
1440720000 0 0 0 0
1440633600 0 0 0 0
1440547200 0 0 0 0
1440460800 0 0 0 0
1440374400 0 0 0 0
1440288000 0 0 0 0
1440201600 0 0 0 0
1440115200 0 0 0 0
1440028800 0 0 0 0
1439942400 0 0 0 0
1439856000 0 0 0 0
1439769600 0 0 0 0
1439683200 0 0 0 0
1439596800 0 0 0 0
1439510400 0 0 0 0
1439424000 0 0 0 0
1439337600 0 0 0 0
1439251200 0 0 0 0
1439164800 0 0 0 0
1439078400 0 0 0 0
1438992000 0 0 0 0
1438905600 0 0 0 0
1438819200 0 0 0 0
1438732800 0 0 0 0
1438646400 0 0 0 0
1438560000 0 0 0 0
1438473600 0 0 0 0
1438387200 0 0 0 0
1438300800 0 0 0 0
1438214400 0 0 0 0
1438128000 0 0 0 0
1438041600 0 0 0 0
1437955200 0 0 0 0
1437868800 0 0 0 0
1437782400 0 0 0 0
1437696000 0 0 0 0
1437609600 0 0 0 0
1437523200 0 0 0 0
1437436800 0 0 0 0
1437350400 0 0 0 0
1437264000 0 0 0 0
1437177600 0 0 0 0
1437091200 0 0 0 0
1437004800 0 0 0 0
1436918400 0 0 0 0
1436832000 0 0 0 0
1436745600 0 0 0 0
1436659200 0 0 0 0
1436572800 0 0 0 0
1436486400 0 0 0 0
1436400000 0 0 0 0
1436313600 0 0 0 0
1436227200 0 0 0 0
1436140800 0 0 0 0
1436054400 0 0 0 0
1435968000 0 0 0 0
1435881600 0 0 0 0
1435795200 0 0 0 0
1435708800 0 0 0 0
1435622400 0 0 0 0
1435536000 0 0 0 0
