1504297340 2523627612 12974569813
1504297340 884 2139 884 2139
1504297040 1543 2858 1543 2858
1504296900 1620 3449 1708 4126
1504296600 1331 3245 1708 4126
1504296300 933 2467 970 2723
1504296000 1081 3114 1210 3567
1504295700 999 3028 1210 3567
1504295400 871 2599 1000 2813
1504295100 1248 3582 1532 4461
1504294800 1188 3345 1532 4461
1504294500 1219 3967 1705 6134
1504294200 1449 6654 1705 7250
1504293900 1280 7908 1421 8662
1504293600 1530 6540 1656 8662
1504293300 1485 3002 1656 4115
1504293000 1132 1830 1289 1963
1504292700 2912 4476 5181 7387
1504292400 3995 6187 5181 7387
1504292100 1814 4182 2640 4816
1504291800 1188 4365 1552 5402
1504291500 1788 5455 2058 5517
1504291200 3123 7923 4341 10673
1504290900 4028 9937 4341 10673
1504290600 4434 8592 5306 9096
1504290300 4337 7221 5306 8016
1504290000 3437 6468 3673 6646
1504289700 4779 8673 6044 10990
1504289400 4122 9570 6044 10990
1504289100 1501 5347 1927 7949
1504288800 817 1941 1015 2374
1504288500 545 1380 592 1447
1504288200 507 1328 525 1355
1504287900 522 1340 525 1355
1504287600 506 1437 519 1565
1504287300 555 1694 627 1843
1504287000 628 1986 630 2151
1504286700 569 1941 630 2151
1504286400 506 1601 513 1701
1504286100 544 1570 581 1665
1504285800 1732 1659 3048 1665
1504285500 1887 1611 3048 1654
1504285200 600 1562 644 1563
1504284900 593 1485 644 1562
1504284600 525 1476 536 1567
1504284300 533 1707 555 1867
1504284000 560 1720 566 1867
1504283700 738 1954 935 2415
1504283400 766 2027 935 2415
1504283100 541 1477 573 1584
1504282800 539 1427 577 1511
1504282500 761 1658 972 1826
1504282200 802 1726 972 1826
1504281900 3067 6938 5874 13024
1504281600 5821 12696 5874 13024
1504281300 3907 8746 5761 12323
1504281000 1849 4797 1952 5020
1504280700 2223 5755 2533 6595
1504280400 1601 4397 2533 6595
1504280100 640 2096 758 2339
1504279800 1515 3804 2381 5480
1504279500 2360 7044 2381 8832
1504279200 2290 9459 2336 10168
1504278900 1909 8150 2239 10168
1504278600 1800 6015 2111 6247
1504278300 2092 5597 2111 6247
1504278000 1748 4822 2071 4846
1504277700 3285 12698 5464 21730
1504277400 4229 26443 5464 31830
1504277100 2052 25019 2818 31830
1504276800 1240 17461 1312 17721
1504276500 1426 10917 1558 17721
1504276200 1334 3172 1558 3209
1504275900 1088 3378 1099 3575
1504275600 1539 3506 2042 3575
1504275300 2554 4936 3141 6661
1504275000 2173 5301 3141 6661
1504274700 1064 3818 1068 3900
1504274400 2000 5093 3089 6476
1504274100 8224 11339 14094 16898
1504273800 9505 11407 14094 16898
1504273500 3700 4504 4190 5048
1504273200 3785 4383 4524 4955
1504272900 5139 8377 5843 12289
1504272600 4229 12845 5843 13481
1504272300 1670 15176 2385 17114
1504272000 898 15980 951 17114
1504271700 4414 18015 8427 21873
1504271400 4498 12416 8427 21873
1504271100 9 1443 10 1609
1504270800 9 1029 10 1254
1504270500 9 822 10 880
1504270200 10 748 10 880
1504269900 9 775 10 978
1504269600 9 772 10 978
1504269300 9 780 10 1061
1504269000 9 958 10 1061
1504268700 10 692 10 842
1504268400 9 541 10 567
1504268100 9 564 10 567
1504267800 10 518 10 561
1504267500 9 518 10 573
1504267200 9 648 10 734
1504266900 9 648 10 734
1504266600 9 515 10 550
1504266300 10 471 10 477
1504266000 9 430 10 466
1504265700 9 430 10 477
1504265400 9 488 10 502
1504265100 9 442 10 502
1504264800 10 413 10 457
1504264500 9 457 10 457
1504264200 9 416 10 457
1504263900 9 428 10 495
1504263600 9 477 10 495
1504263300 10 425 10 457
1504263000 9 436 10 493
1504262700 9 464 10 493
1504262400 9 445 10 461
1504262100 9 483 10 509
1504261800 10 474 10 509
1504261500 9 437 10 441
1504261200 9 455 10 472
1504260900 10 463 10 472
1504260600 9 424 10 453
1504260300 9 434 10 483
1504260000 9 437 10 483
1504259700 9 395 10 408
1504259400 10 461 10 523
1504259100 9 450 10 523
1504258800 9 386 10 408
1504258500 9 443 10 484
1504258200 9 444 10 484
1504257900 10 411 10 426
1504257600 9 447 10 473
1504257300 9 438 10 473
1504257000 9 395 10 398
1504256700 9 425 10 464
1504256400 9 435 10 464
1504256100 9 412 9 424
1504255800 9 449 10 479
1504255500 9 433 10 479
1504255200 9 399 10 420
1504254900 10 419 10 420
1504254600 9 414 10 418
1504254300 9 451 10 499
1504254000 10 468 10 499
1504253700 9 441 10 451
1504253400 9 415 10 451
1504253100 9 383 10 394
1504252800 9 387 10 394
1504252500 10 410 10 443
1504252200 9 422 10 443
1504251900 9 394 10 400
1504251600 9 404 10 424
1504251300 9 410 10 424
1504251000 10 411 10 430
1504250700 9 442 10 457
1504250400 9 452 10 457
1504250100 9 435 10 448
1504249800 9 423 10 425
1504249500 10 401 11 425
1504249200 10 397 11 424
1504248900 9 452 10 485
1504248600 9 450 10 485
1504248300 9 405 10 411
1504248000 10 424 10 453
1504247700 9 412 10 453
1504247400 9 393 10 425
1504247100 10 438 10 453
1504246800 9 443 10 453
1504246500 9 445 10 461
1504246200 9 444 10 461
1504245900 9 413 10 426
1504245600 10 425 12 455
1504245300 10 444 12 455
1504245000 9 431 10 433
1504244700 9 427 10 429
1504244400 9 425 9 425
1504244100 9 418 10 425
1504243800 9 441 10 477
1504243500 9 463 10 477
1504243200 9 451 10 457
1504242900 9 448 10 457
1504242600 10 434 10 438
1504242300 9 421 10 431
1504242000 9 427 10 447
1504241700 9 441 10 447
1504241400 9 430 10 435
1504241100 10 424 10 426
1504240800 9 400 10 423
1504240500 9 398 10 425
1504240200 10 455 10 491
1504239900 9 455 10 491
1504239600 9 426 10 441
1504239300 9 485 10 536
1504239000 9 465 10 536
1504238700 10 390 10 397
1504238400 9 463 10 539
1504238100 9 451 10 539
1504237800 9 408 10 476
1504237500 9 458 10 476
1504237200 10 411 10 439
1504236900 9 400 10 424
1504236600 9 445 10 470
1504236300 9 470 10 472
1504236000 9 460 10 472
1504235700 10 431 10 447
1504235400 9 415 10 417
1504235100 9 429 10 444
1504234800 9 407 10 444
1504234500 9 402 10 444
1504234200 10 459 10 478
1504233900 9 427 10 478
1504233600 9 405 10 446
1504233300 10 454 10 465
1504233000 9 420 10 465
1504232700 9 399 10 434
1504232400 9 463 10 498
1504232100 9 453 10 498
1504231800 10 398 10 403
1504231500 9 423 10 458
1504231200 9 426 10 458
1504230900 9 389 10 391
1504230600 9 440 10 502
1504230300 10 459 10 502
1504230000 9 389 10 411
1504229700 9 450 10 548
1504229400 9 482 10 548
1504229100 9 417 10 429
1504228800 10 444 10 461
1504228500 9 419 10 461
1504228200 9 398 10 429
1504227900 9 438 10 449
1504227600 9 429 10 449
1504227300 10 417 10 428
1504227000 9 453 10 483
1504226700 9 452 10 483
1504226400 10 425 10 435
1504226100 9 443 10 454
1504225800 9 436 10 454
1504225500 9 438 10 463
1504225200 9 466 10 470
1504224900 10 455 10 470
1504224600 9 450 10 464
1504224300 9 451 10 464
1504224000 9 437 10 438
1504223700 9 458 10 484
1504223400 10 449 10 484
1504223100 9 426 10 444
1504222800 9 464 10 488
1504222500 9 439 10 488
1504222200 9 425 10 475
1504221900 10 462 10 475
1504221600 9 422 10 448
1504221300 9 399 10 406
1504221000 9 435 10 470
1504220700 9 450 10 470
1504220400 9 426 10 429
1504220100 9 448 9 477
1504219800 9 437 10 477
1504219500 10 405 10 421
1504219200 9 434 10 451
1504218900 9 446 10 451
1504218600 9 455 10 471
1504218300 9 473 10 476
1504218000 10 448 10 476
1504217700 9 442 10 471
1504217400 9 433 10 471
1504217100 9 422 10 460
1504216800 9 446 10 460
1504216500 10 409 10 432
1504216200 9 462 10 555
1504215900 9 603 10 660
1504215600 9 594 10 660
1504215300 9 536 10 556
1504215000 10 588 10 626
1504214700 9 593 10 626
1504214400 9 643 10 745
1504214100 9 716 10 745
1504213800 9 740 10 807
1504213500 10 909 10 1026
1504213200 9 1033 10 1043
1504212900 9 1183 10 1343
1504212600 10 1319 10 1343
1504212300 9 1173 10 1292
1504212000 9 1026 10 1038
1504211700 9 1162 10 1333
1504211400 9 1365 10 1403
1504211100 10 1312 10 1403
1504210800 9 1201 10 1210
1504210500 9 1355 10 1543
1504210200 9 1394 10 1543
1504209900 9 1175 10 1224
1504209600 10 1331 10 1573
1504209300 9 1365 10 1573
1504209000 9 1339 10 1578
1504208700 9 1555 10 1578
1504208400 9 1372 9 1530
1504208100 9 1252 10 1322
1504207800 9 1259 10 1322
1504207500 9 1348 10 1531
1504207200 9 1520 10 1531
1504206900 9 1357 10 1509
1504206600 10 1234 10 1291
1504206300 9 1405 10 1536
1504206000 9 1458 10 1536
1504205700 10 1324 10 1370
1504205400 9 1314 10 1363
1504205100 9 1499 10 1655
1504204800 92 1521 187 1655
1504204500 5290 6494 11122 12353
1504204200 11122 12483 11123 12632
1504203900 11139 12632 11159 12632
1504203600 11142 12614 11159 12632
1504203300 11105 12601 11123 12609
1504203000 11102 12587 11123 12609
1504202700 6852 8325 11123 12563
1504202400 1445 2816 1971 3483
1504202100 794 1883 852 2064
1504201800 670 1681 729 1686
1504201500 677 1777 762 1882
1504201200 722 1851 762 1882
1504200900 9305 2404 19167 3077
1504200600 10631 2538 19167 3077
1504200300 671 1781 746 1914
1504200000 660 1738 745 1863
1504199700 700 1813 745 1863
1504199400 697 1775 753 1798
1504199100 989 2613 1260 3545
1504198800 1271 2978 1285 3545
1504198500 1024 2118 1285 2330
1504198200 732 1850 739 1876
1504197900 746 2141 756 2506
1504197600 973 2364 1223 2506
1504197300 10060 3700 20160 5412
1504197000 11632 4511 20160 5412
1504196700 1709 3274 1887 3482
1504196400 3268 5717 5281 8779
1504196100 6127 21574 7108 36396
1504195800 5091 27705 7108 36396
1504195500 8434 16970 14925 17640
1504195200 9068 10255 14925 16206
1504194900 2560 4603 2773 5917
1504194600 2134 4776 2773 5917
1504194300 1094 2820 1405 3473
1504194000 817 2569 905 3135
1504193700 857 2623 905 3135
1504193400 963 3166 1146 4454
1504193100 1552 5425 2016 6535
1504192800 1886 4917 2016 6535
1504192500 2913 4685 4256 6535
1504192200 4200 10931 4256 15957
1504191900 4060 12420 4138 15957
1504191600 5157 7470 6495 8379
1504191300 3464 3438 6495 6447
1504191000 0 0 0 0
1504190700 0 0 0 0
1504190400 0 0 0 0
1504190100 1253 4185 2687 8968
1504189800 2834 9408 3004 9912
1504189500 2874 9660 3004 9912
1504189200 2620 8277 2729 9376
1504188900 1771 4864 2496 7023
1504188600 941 9259 943 17102
1504188300 1414 11021 1957 17102
1504188000 1987 3588 2022 4073
1504187700 2384 4314 2799 5777
1504187400 3915 7076 5192 8562
1504187100 6668 14505 8334 21208
1504186800 5598 14898 8334 21208
1504186500 5226 9634 8328 11750
1504186200 4413 6227 8328 11750
1504185900 0 0 0 0
1504185600 0 0 0 0
1504185300 0 0 0 0
1504185000 0 0 0 0
1504184700 0 0 0 0
1504184400 0 0 0 0
1504184100 0 0 0 0
1504183800 0 0 0 0
1504183500 0 0 0 0
1504183200 0 0 0 0
1504182900 0 0 0 0
1504182600 0 0 0 0
1504182300 0 0 0 0
1504182000 0 0 0 0
1504181700 0 0 0 0
1504181400 0 0 0 0
1504181100 0 0 0 0
1504180800 0 0 0 0
1504180500 0 0 0 0
1504180200 0 0 0 0
1504179900 0 0 0 0
1504179600 0 0 0 0
1504179300 0 0 0 0
1504179000 0 0 0 0
1504178700 0 0 0 0
1504178400 0 0 0 0
1504178100 0 0 0 0
1504177800 0 0 0 0
1504177500 0 0 0 0
1504177200 0 0 0 0
1504176900 0 0 0 0
1504176600 0 0 0 0
1504176300 0 0 0 0
1504176000 0 0 0 0
1504175700 0 0 0 0
1504175400 0 0 0 0
1504175100 0 0 0 0
1504174800 0 0 0 0
1504174500 0 0 0 0
1504174200 0 0 0 0
1504173900 0 0 0 0
1504173600 0 0 0 0
1504173300 0 0 0 0
1504173000 0 0 0 0
1504172700 0 0 0 0
1504172400 0 0 0 0
1504172100 0 0 0 0
1504171800 0 0 0 0
1504171500 0 0 0 0
1504171200 0 0 0 0
1504170900 0 0 0 0
1504170600 0 0 0 0
1504170300 0 0 0 0
1504170000 0 0 0 0
1504169700 0 0 0 0
1504169400 0 0 0 0
1504169100 0 0 0 0
1504168800 0 0 0 0
1504168500 0 0 0 0
1504168200 0 0 0 0
1504167900 0 0 0 0
1504167600 0 0 0 0
1504167300 0 0 0 0
1504167000 0 0 0 0
1504166700 0 0 0 0
1504166400 0 0 0 0
1504166100 0 0 0 0
1504165800 0 0 0 0
1504165500 0 0 0 0
1504165200 0 0 0 0
1504164900 0 0 0 0
1504164600 0 0 0 0
1504164300 0 0 0 0
1504164000 0 0 0 0
1504163700 0 0 0 0
1504163400 0 0 0 0
1504163100 0 0 0 0
1504162800 0 0 0 0
1504162500 0 0 0 0
1504162200 0 0 0 0
1504161900 0 0 0 0
1504161600 0 0 0 0
1504161300 0 0 0 0
1504161000 0 0 0 0
1504160700 0 0 0 0
1504160400 0 0 0 0
1504160100 0 0 0 0
1504159800 0 0 0 0
1504159500 0 0 0 0
1504159200 0 0 0 0
1504158900 0 0 0 0
1504158600 0 0 0 0
1504158300 0 0 0 0
1504158000 0 0 0 0
1504157700 0 0 0 0
1504157400 0 0 0 0
1504157100 0 0 0 0
1504156800 0 0 0 0
1504156500 0 0 0 0
1504156200 0 0 0 0
1504155900 0 0 0 0
1504155600 0 0 0 0
1504155300 0 0 0 0
1504155000 0 0 0 0
1504154700 0 0 0 0
1504154400 0 0 0 0
1504154100 0 0 0 0
1504153800 0 0 0 0
1504153500 0 0 0 0
1504153200 0 0 0 0
1504152900 0 0 0 0
1504152600 0 0 0 0
1504152300 0 0 0 0
1504152000 0 0 0 0
1504151700 0 0 0 0
1504151400 0 0 0 0
1504151100 0 0 0 0
1504150800 0 0 0 0
1504150500 0 0 0 0
1504150200 0 0 0 0
1504149900 0 0 0 0
1504149600 0 0 0 0
1504149300 0 0 0 0
1504149000 0 0 0 0
1504148700 0 0 0 0
1504148400 0 0 0 0
1504148100 0 0 0 0
1504147800 0 0 0 0
1504147500 0 0 0 0
1504147200 0 0 0 0
1504146900 0 0 0 0
1504146600 0 0 0 0
1504146300 0 0 0 0
1504146000 0 0 0 0
1504145700 0 0 0 0
1504145400 0 0 0 0
1504145100 0 0 0 0
1504144800 0 0 0 0
1504144500 0 0 0 0
1504144200 0 0 0 0
1504143900 0 0 0 0
1504143600 0 0 0 0
1504143300 0 0 0 0
1504143000 0 0 0 0
1504142700 0 0 0 0
1504142400 0 0 0 0
1504142100 0 0 0 0
1504141800 0 0 0 0
1504141500 0 0 0 0
1504141200 0 0 0 0
1504140900 0 0 0 0
1504140600 0 0 0 0
1504140300 0 0 0 0
1504140000 0 0 0 0
1504139700 0 0 0 0
1504139400 0 0 0 0
1504139100 0 0 0 0
1504138800 0 0 0 0
1504138500 0 0 0 0
1504138200 0 0 0 0
1504137900 0 0 0 0
1504137600 0 0 0 0
1504137300 0 0 0 0
1504137000 0 0 0 0
1504136700 0 0 0 0
1504136400 0 0 0 0
1504136100 0 0 0 0
1504135800 0 0 0 0
1504135500 0 0 0 0
1504135200 0 0 0 0
1504134900 0 0 0 0
1504134600 0 0 0 0
1504134300 0 0 0 0
1504134000 0 0 0 0
1504133700 0 0 0 0
1504133400 0 0 0 0
1504133100 0 0 0 0
1504132800 0 0 0 0
1504132500 0 0 0 0
1504132200 0 0 0 0
1504131900 0 0 0 0
1504131600 0 0 0 0
1504131300 0 0 0 0
1504131000 0 0 0 0
1504130700 0 0 0 0
1504130400 0 0 0 0
1504130100 0 0 0 0
1504129800 0 0 0 0
1504129500 0 0 0 0
1504129200 0 0 0 0
1504128900 0 0 0 0
1504128600 0 0 0 0
1504128300 0 0 0 0
1504128000 0 0 0 0
1504127700 0 0 0 0
1504127400 0 0 0 0
1504127100 1520 2424 3258 5195
1504126800 2789 4914 3258 5195
1504126500 3728 8612 5414 13204
1504126200 3766 10463 5414 13204
1504125900 1603 5907 1884 7332
1504125600 1522 3643 1797 4280
1504125300 1096 2237 1797 2915
1504125000 282 2177 296 2993
1504124700 928 6300 1674 10031
1504124400 3510 11326 5609 12808
1504124100 3025 6894 5609 12808
1504123800 38 72 72 136
1504123500 0 0 0 0
1504123200 0 0 0 0
1504122900 0 0 0 0
1504122600 0 0 0 0
1504122300 0 0 0 0
1504122000 0 0 0 0
1504121700 0 0 0 0
1504121400 11 110 24 236
1504121100 451 1355 941 2635
1504120800 1006 3374 1081 4219
1504120500 1234 12899 1409 22820
1504120200 1271 13729 1409 22820
1504119900 6180 20695 11970 40529
1504119600 10026 27500 11970 40529
1504119300 5755 9220 7806 12611
1504119000 2916 4929 3413 5346
1504118700 1706 3564 2350 4454
1504118400 1338 4367 1758 6446
1504118100 2218 8132 2744 10060
1504117800 3087 8680 3480 10060
1504117500 3791 6159 4147 7104
1504117200 4340 6058 12675 13881
1504116000 9 1302 10 1559
1504114200 9 1283 10 1559
1504112400 9 1212 10 1392
1504110600 169 1652 2062 3858
1504108800 10315 11660 11159 12597
1504107000 7332 8639 11123 12545
1504105200 9 1543 10 2055
1504103400 5645 7162 11122 12788
1504101600 11123 12460 11160 12645
1504099800 8783 10291 11159 12893
1504098000 9 1329 10 2176
1504096200 9 963 10 1178
1504094400 9 729 10 1144
1504092600 9 617 10 658
1504090800 9 619 10 694
1504089000 9 656 10 749
1504087200 9 594 10 655
1504085400 9 611 10 689
1504083600 9 591 12 671
1504081800 9 612 10 650
1504080000 9 606 10 645
1504078200 9 609 10 676
1504076400 9 596 10 676
1504074600 9 592 10 658
1504072800 9 594 10 627
1504071000 9 600 10 633
1504069200 9 593 10 618
1504067400 9 597 10 623
1504065600 9 593 10 624
1504063800 9 598 10 634
1504062000 9 609 10 641
1504060200 9 620 10 769
1504058400 9 631 10 791
1504056600 9 616 10 755
1504054800 9 602 10 700
1504053000 9 613 10 667
1504051200 9 602 10 682
1504049400 9 600 10 656
1504047600 9 593 10 642
1504045800 9 616 10 649
1504044000 9 772 10 1221
1504042200 9 807 10 895
1504040400 1664 4416 2740 7077
1504038600 1495 3369 2066 4659
1504036800 2485 5318 5669 9644
1504035000 200 985 2577 12682
1504033200 3142 8823 5750 21695
1504031400 2600 4045 6025 7384
1504029600 9 1527 10 1950
1504027800 9 1701 10 2015
1504026000 9 1379 10 1576
1504024200 9 1482 10 1687
1504022400 739 2159 9404 10891
1504020600 10058 11526 11159 12896
1504018800 9 1579 10 1833
1504017000 9 1458 10 1732
1504015200 9 1738 10 2227
1504013400 9 1706 10 1921
1504011600 9 1201 10 1478
1504009800 9 940 10 1193
1504008000 9 780 10 1322
1504006200 9 626 10 875
1504004400 9 547 10 606
1504002600 9 567 10 612
1504000800 9 571 10 598
1503999000 9 558 10 632
1503997200 9 562 10 605
1503995400 9 563 12 617
1503993600 9 560 10 604
1503991800 9 573 11 647
1503990000 9 554 11 597
1503988200 9 560 10 635
1503986400 9 565 10 607
1503984600 9 553 10 587
1503982800 9 546 10 597
1503981000 9 550 10 688
1503979200 9 550 10 663
1503977400 9 536 10 586
1503975600 9 565 10 603
1503973800 9 566 10 629
1503972000 9 574 10 636
1503970200 9 574 10 641
1503968400 9 576 10 638
1503966600 9 575 10 609
1503964800 9 586 10 635
1503963000 9 574 10 620
1503961200 9 583 10 633
1503959400 9 761 10 1398
1503957600 9 830 10 1398
1503955800 9 910 10 1278
1503954000 9 1139 10 1357
1503952200 9 1397 11 1502
1503950400 9 1567 10 1895
1503948600 9 1377 10 1922
1503946800 9 1497 10 1922
1503945000 9 1339 10 1495
1503943200 9 1400 10 1885
1503941400 9 1238 10 1570
1503939600 9 1407 10 1610
1503937800 9 1402 10 1561
1503936000 9 1387 10 1630
1503934200 19 1195 74 1591
1503932400 9 1373 10 1816
1503930600 9 1586 10 2020
1503928800 9 1807 10 2373
1503927000 9 1357 10 1703
1503925200 9 1010 10 1347
1503923400 9 816 10 1162
1503921600 9 542 10 830
1503919800 9 451 10 496
1503918000 9 475 10 498
1503916200 9 428 10 447
1503914400 9 436 10 457
1503912600 9 435 10 484
1503910800 9 430 10 493
1503909000 9 428 12 478
1503907200 9 432 10 459
1503905400 9 433 10 474
1503903600 9 432 10 466
1503901800 9 431 10 496
1503900000 9 430 10 470
1503898200 9 439 10 483
1503896400 9 433 10 484
1503894600 9 431 10 474
1503892800 9 471 10 525
1503891000 9 477 10 524
1503889200 9 482 10 524
1503887400 9 475 10 510
1503885600 9 477 10 515
1503883800 9 478 10 513
1503882000 9 478 10 504
1503880200 9 477 10 507
1503878400 9 476 10 542
1503876600 9 480 10 538
1503874800 9 477 10 521
1503873000 9 481 10 538
1503871200 9 481 10 518
1503869400 9 482 10 518
1503867600 9 481 10 519
1503865800 9 478 12 521
1503864000 9 477 10 508
1503862200 9 485 10 516
1503860400 9 475 10 524
1503858600 9 431 10 464
1503856800 9 432 10 464
1503855000 9 436 10 491
1503853200 9 435 10 465
1503851400 9 428 10 477
1503849600 9 436 10 505
1503847800 9 434 10 479
1503846000 9 442 10 504
1503844200 9 436 10 476
1503842400 9 428 10 478
1503840600 9 438 10 485
1503838800 9 433 10 486
1503837000 9 440 10 502
1503835200 9 433 10 464
1503833400 9 439 10 477
1503831600 9 433 10 475
1503829800 9 431 10 461
1503828000 9 436 10 457
1503826200 9 438 10 494
1503824400 9 437 10 470
1503822600 9 434 11 476
1503820800 9 433 10 480
1503819000 9 441 11 466
1503817200 9 436 11 472
1503815400 9 435 10 481
1503813600 9 431 10 473
1503811800 9 433 10 456
1503810000 9 436 10 475
1503808200 9 430 10 470
1503806400 9 428 10 467
1503804600 9 434 10 466
1503802800 9 433 10 458
1503801000 9 429 10 463
1503799200 9 429 10 488
1503797400 9 437 10 479
1503795600 9 434 10 471
1503793800 9 437 10 466
1503792000 9 433 10 466
1503790200 9 431 10 484
1503788400 9 434 10 484
1503786600 9 435 10 460
1503784800 9 433 10 467
1503783000 9 440 10 488
1503781200 9 432 10 455
1503779400 9 431 12 452
1503777600 9 433 10 464
1503775800 9 440 10 473
1503774000 9 435 10 488
1503772200 9 433 10 498
1503770400 9 434 10 502
1503768600 9 438 10 494
1503766800 9 436 10 476
1503765000 9 432 10 452
1503763200 9 433 10 462
1503761400 9 433 10 449
1503759600 9 433 10 450
1503757800 9 438 10 485
1503756000 9 428 10 457
1503754200 9 439 10 488
1503752400 9 434 10 461
1503750600 9 434 10 467
1503748800 9 428 10 479
1503747000 9 437 10 496
1503745200 9 433 10 488
1503743400 9 431 10 476
1503741600 9 441 10 468
1503739800 9 439 10 484
1503738000 9 431 10 469
1503736200 9 431 12 470
1503734400 9 434 10 470
1503732600 9 438 10 461
1503730800 9 433 10 472
1503729000 9 434 10 487
1503727200 9 431 10 473
1503725400 9 436 10 476
1503723600 9 432 10 444
1503721800 9 436 10 476
1503720000 9 478 10 526
1503718200 9 479 10 514
1503716400 9 479 10 506
1503714600 9 481 10 501
1503712800 9 476 10 511
1503711000 9 485 10 545
1503709200 9 476 10 513
1503707400 9 476 10 515
1503705600 9 481 10 508
1503703800 9 474 10 510
1503702000 9 450 10 475
1503700200 9 469 10 555
1503698400 9 534 10 611
1503696600 9 609 10 753
1503694800 9 703 10 790
1503693000 9 936 11 1123
1503691200 9 1229 10 1669
1503689400 9 1164 10 1669
1503687600 9 1147 10 1308
1503685800 9 1277 10 1399
1503684000 9 1122 10 1383
1503682200 5282 6418 11159 12196
1503680400 9 1157 10 1253
1503678600 9 1130 10 1249
1503676800 9 1371 10 1711
1503675000 9 1155 10 1711
1503673200 9 1250 10 1724
1503671400 9 1356 10 1675
1503669600 9 1525 10 2334
1503667800 9 1299 10 1527
1503666000 9 1109 11 1375
1503664200 9 959 10 1305
1503662400 9 712 10 1164
1503660600 9 609 10 707
1503658800 9 577 10 647
1503657000 9 573 10 587
1503655200 9 578 10 619
1503653400 9 591 10 640
1503651600 9 577 10 656
1503649800 9 577 12 632
1503648000 9 573 10 623
1503646200 9 586 10 652
1503644400 9 583 10 698
1503642600 9 583 10 702
1503640800 9 579 10 645
1503639000 9 589 10 681
1503637200 9 584 10 624
1503635400 9 596 10 697
1503633600 9 570 10 612
1503631800 9 593 10 632
1503630000 9 578 10 632
1503628200 9 576 10 620
1503626400 9 576 10 605
1503624600 9 603 10 749
1503622800 9 558 10 637
1503621000 9 572 10 637
1503619200 9 552 10 601
1503617400 9 564 10 624
1503615600 9 559 10 648
1503613800 9 642 10 1010
1503612000 9 709 10 999
1503610200 9 997 10 1181
1503608400 9 904 10 1112
1503606600 9 1155 12 1333
1503604800 9 1220 10 1381
1503603000 3539 4880 11123 12779
1503601200 2553 3800 11123 12779
1503599400 100 1359 1349 2818
1503597600 249 1532 1349 2818
1503595800 206 1543 757 2398
1503594000 7167 8408 11100 12271
1503592200 10198 11331 11100 12271
1503590400 1084 2367 9538 10644
1503588600 10 1327 10 1368
1503586800 10 1331 10 1342
1503585000 10 1355 10 1357
1503583200 9259 10567 9559 10862
1503581400 6213 7620 7688 9163
1503579600 94 1193 108 1235
1503577800 10 917 10 917
1503576000 10 708 10 917
1503574200 10 607 10 685
1503572400 10 601 10 605
1503570600 10 612 10 621
1503568800 10 617 10 621
1503567000 10 607 10 607
1503565200 10 611 10 612
1503563400 10 613 10 622
1503561600 10 622 10 622
1503559800 10 592 10 622
1503558000 10 582 10 582
1503556200 10 602 10 603
1503554400 10 583 10 603
1503552600 10 594 10 600
1503550800 9 597 10 600
1503549000 9 600 10 616
1503547200 10 610 10 616
1503545400 10 626 10 634
1503543600 10 619 10 623
1503541800 10 622 10 640
1503540000 10 625 10 643
1503538200 9 646 10 661
1503536400 9 628 10 661
1503534600 10 605 10 631
1503532800 9 603 10 614
1503531000 9 611 10 616
1503529200 9 606 10 612
1503527400 9 646 10 695
1503525600 9 665 10 733
1503523800 9 866 10 1028
1503522000 9 987 10 1103
1503520200 9 1154 12 1308
1503518400 9 1253 10 1419
1503516600 9 1454 10 1873
1503514800 9 1373 10 1617
1503513000 9 1428 10 2116
1503511200 9 1343 10 1605
1503509400 9 1278 10 1605
1503507600 9 1336 10 1581
1503505800 9 1254 10 1403
1503504000 9 1255 10 1420
1503502200 9 1240 10 1414
1503500400 9 1293 10 1414
1503498600 9 1301 10 1455
1503496800 9 1408 10 1882
1503495000 9 1453 10 1866
1503493200 9 1122 10 1381
1503491400 9 867 10 1110
1503489600 9 743 10 1241
1503487800 9 568 10 613
1503486000 9 532 10 595
1503484200 9 538 10 575
1503482400 9 538 10 569
1503480600 9 549 10 608
1503478800 9 539 10 608
1503477000 141 632 183 693
1503475200 182 654 183 696
1503473400 181 667 184 696
1503471600 182 662 184 711
1503469800 181 658 183 701
1503468000 182 661 183 689
1503466200 182 670 183 719
1503464400 182 665 183 707
1503462600 181 681 183 806
1503460800 181 707 183 829
1503459000 57 584 183 700
1503457200 9 552 10 594
1503455400 9 539 10 569
1503453600 9 554 10 625
1503451800 9 560 10 625
1503450000 9 544 10 605
1503448200 9 539 10 587
1503446400 9 576 10 739
1503444600 9 600 10 739
1503442800 9 607 10 821
1503441000 9 621 10 669
1503439200 9 684 10 809
1503437400 9 1075 10 1469
1503435600 9 1256 10 1437
1503433800 9167 10531 11159 12679
1503432000 362 1779 9500 10964
1503430200 5371 6920 11159 12994
1503428400 11120 12577 11159 12808
1503426600 8531 10020 11159 12599
1503424800 9 1555 10 1694
1503423000 9 1655 10 1806
1503421200 5239 6878 11159 12759
1503419400 1524 3011 11159 12546
1503417600 9 2081 10 2542
1503415800 9 1672 12 2290
1503414000 9 1630 10 1898
1503412200 9 1597 10 1853
1503410400 1665 3190 11159 12467
1503408600 10768 12488 11159 13098
1503406800 10195 11357 11159 12476
1503405000 189 1318 4769 6041
1503403200 9 716 10 1247
1503401400 9 693 10 832
1503399600 9 620 10 786
1503397800 9 692 10 845
1503396000 9 605 10 845
1503394200 9 622 10 699
1503392400 9 600 10 656
1503390600 9 599 10 650
1503388800 9 589 10 639
1503387000 9 604 10 658
1503385200 9 597 10 631
1503383400 9 605 10 633
1503381600 9 595 10 622
1503379800 9 600 10 651
1503378000 9 615 10 671
1503376200 9 598 10 634
1503374400 9 593 10 624
1503372600 9 600 11 662
1503370800 9 595 10 679
1503369000 9 598 10 657
1503367200 9 634 10 716
1503365400 9 612 10 666
1503363600 9 593 10 632
1503361800 9 604 10 664
1503360000 9 626 10 728
1503358200 9 663 10 915
1503356400 9 606 10 649
1503354600 9 641 10 736
1503352800 9 681 10 854
1503351000 9 857 10 1297
1503349200 9 1109 10 1297
1503347400 9 1324 10 1808
1503345600 9 1103 10 1808
1503343800 9 1205 10 1856
1503342000 9 1113 10 1235
1503340200 9 1331 10 1744
1503338400 9 1365 10 1744
1503336600 9 1441 10 1922
1503334800 9 1340 10 1733
1503333000 9 1517 10 2034
1503331200 9 1306 10 1523
1503329400 9 1204 11 1523
1503327600 9 1207 10 1400
1503325800 9 1374 10 1584
1503324000 10 832 12 1482
1503322200 12 477 12 477
1503320400 12 477 12 477
1503318600 12 477 12 477
1503316800 12 477 12 477
1503315000 12 477 12 477
1503313200 12 477 12 477
1503311400 12 477 12 477
1503309600 12 477 12 477
1503307800 12 477 12 477
1503306000 12 477 12 477
1503304200 12 477 12 477
1503302400 12 477 12 477
1503300600 12 477 12 477
1503298800 12 477 12 477
1503297000 12 477 12 477
1503295200 12 477 12 477
1503293400 12 477 12 477
1503291600 12 477 12 477
1503289800 12 477 12 477
1503288000 12 477 12 477
1503286200 12 477 12 477
1503284400 12 477 12 477
1503282600 12 477 12 477
1503280800 12 477 12 477
1503279000 12 477 12 477
1503277200 12 477 12 477
1503275400 12 477 12 477
1503273600 12 477 12 477
1503271800 12 477 12 477
1503270000 12 477 12 477
1503268200 12 477 12 477
1503266400 12 477 12 477
1503264600 12 477 12 477
1503262800 12 477 12 477
1503261000 12 477 12 477
1503259200 12 477 12 477
1503257400 12 477 12 477
1503255600 12 477 12 477
1503253800 12 477 12 477
1503252000 12 477 12 477
1503250200 12 477 12 477
1503248400 12 477 12 477
1503246600 12 477 12 477
1503244800 12 477 12 477
1503243000 12 477 12 477
1503241200 12 477 12 477
1503239400 12 477 12 477
1503237600 12 477 12 477
1503235800 12 477 12 477
1503234000 12 477 12 477
1503232200 12 477 12 477
1503230400 12 477 12 477
1503228600 12 477 12 477
1503226800 12 477 12 477
1503225000 12 477 12 477
1503223200 12 477 12 477
1503221400 12 477 12 477
1503219600 12 477 12 477
1503217800 12 477 12 477
1503216000 12 477 12 477
1503214200 12 477 12 477
1503212400 12 477 12 477
1503210600 12 477 12 477
1503208800 12 477 12 477
1503207000 12 477 12 477
1503205200 12 477 12 477
1503203400 12 477 12 477
1503201600 12 477 12 477
1503199800 12 477 12 477
1503198000 12 477 12 477
1503196200 12 477 12 477
1503194400 12 477 12 477
1503192600 12 477 12 477
1503190800 12 477 12 477
1503189000 12 477 12 477
1503187200 12 477 12 477
1503185400 12 477 12 477
1503183600 12 477 12 477
1503181800 12 477 12 477
1503180000 12 477 12 477
1503178200 12 477 12 477
1503176400 12 477 12 477
1503174600 12 477 12 477
1503172800 12 477 12 477
1503171000 12 477 12 477
1503169200 12 477 12 477
1503167400 12 477 12 477
1503165600 12 477 12 477
1503163800 12 477 12 477
1503162000 12 477 12 477
1503160200 12 477 12 477
1503158400 12 477 12 477
1503156600 12 477 12 477
1503154800 12 477 12 477
1503153000 12 477 12 477
1503151200 12 477 12 477
1503149400 12 477 12 477
1503147600 12 477 12 477
1503145800 12 477 12 477
1503144000 12 477 12 477
1503142200 12 477 12 477
1503140400 12 477 12 477
1503138600 12 477 12 477
1503136800 12 477 12 477
1503135000 12 477 12 477
1503133200 12 477 12 477
1503131400 12 477 12 477
1503129600 12 477 12 477
1503127800 12 477 12 477
1503126000 12 477 12 477
1503124200 12 477 12 477
1503122400 12 477 12 477
1503120600 12 477 12 477
1503118800 12 477 12 477
1503117000 12 477 12 477
1503115200 12 477 12 477
1503113400 12 477 12 477
1503111600 12 477 12 477
1503109800 12 477 12 477
1503108000 12 477 12 477
1503106200 12 477 12 477
1503104400 12 477 12 477
1503102600 12 477 12 477
1503100800 12 477 12 477
1503099000 12 477 12 477
1503097200 12 477 12 477
1503095400 12 477 12 477
1503093600 12 477 12 477
1503091800 12 477 12 477
1503090000 12 477 12 477
1503088200 12 477 12 477
1503086400 12 477 12 477
1503084600 12 477 12 477
1503082800 12 477 12 477
1503081000 12 477 12 477
1503079200 12 477 12 477
1503077400 12 477 12 477
1503075600 12 477 12 477
1503073800 12 477 12 477
1503072000 12 477 12 477
1503070200 12 477 12 477
1503068400 12 477 12 477
1503066600 12 477 12 477
1503064800 12 477 12 477
1503063000 12 477 12 477
1503061200 12 477 12 477
1503059400 12 477 12 477
1503057600 12 477 12 477
1503055800 12 477 12 477
1503054000 12 477 12 477
1503052200 12 477 12 477
1503050400 12 477 12 477
1503048600 12 477 12 477
1503046800 12 477 12 477
1503045000 12 477 12 477
1503043200 12 477 12 477
1503041400 12 477 12 477
1503039600 12 477 12 477
1503037800 12 477 12 477
1503036000 12 477 12 477
1503028800 12 477 12 477
1503021600 12 477 12 477
1503014400 12 477 12 477
1503007200 12 477 12 477
1503000000 12 477 12 477
1502992800 12 477 12 477
1502985600 12 477 12 477
1502978400 12 477 12 477
1502971200 12 477 12 477
1502964000 12 477 12 477
1502956800 12 477 12 477
1502949600 12 477 12 477
1502942400 12 477 12 477
1502935200 12 477 12 477
1502928000 12 477 12 477
1502920800 12 477 12 477
1502913600 12 477 12 477
1502906400 12 477 12 477
1502899200 12 477 12 477
1502892000 12 477 12 477
1502884800 12 477 12 477
1502877600 12 477 12 477
1502870400 12 477 12 477
1502863200 12 477 12 477
1502856000 12 477 12 477
1502848800 12 477 12 477
1502841600 12 477 12 477
1502834400 12 477 12 477
1502827200 12 477 12 477
1502820000 12 477 12 477
1502812800 12 477 12 477
1502805600 12 477 12 477
1502798400 12 477 12 477
1502791200 12 477 12 477
1502784000 12 477 12 477
1502776800 12 477 12 477
1502769600 12 477 12 477
1502762400 12 477 12 477
1502755200 12 477 12 477
1502748000 12 477 12 477
1502740800 12 477 12 477
1502733600 12 477 12 477
1502726400 12 477 12 477
1502719200 12 477 12 477
1502712000 12 477 12 477
1502704800 12 477 12 477
1502697600 12 477 12 477
1502690400 12 477 12 477
1502683200 12 477 12 477
1502676000 12 477 12 477
1502668800 12 477 12 477
1502661600 12 477 12 477
1502654400 12 477 12 477
1502647200 12 477 12 477
1502640000 12 477 12 477
1502632800 12 477 12 477
1502625600 12 477 12 477
1502618400 12 477 12 477
1502611200 12 477 12 477
1502604000 12 477 12 477
1502596800 12 477 12 477
1502589600 12 477 12 477
1502582400 12 477 12 477
1502575200 12 477 12 477
1502568000 12 477 12 477
1502560800 12 477 12 477
1502553600 12 477 12 477
1502546400 12 477 12 477
1502539200 12 477 12 477
1502532000 12 477 12 477
1502524800 12 477 12 477
1502517600 12 477 12 477
1502510400 12 477 12 477
1502503200 12 477 12 477
1502496000 12 477 12 477
1502488800 12 477 12 477
1502481600 12 477 12 477
1502474400 12 477 12 477
1502467200 12 477 12 477
1502460000 12 477 12 477
1502452800 12 477 12 477
1502445600 12 477 12 477
1502438400 12 477 12 477
1502431200 12 477 12 477
1502424000 12 477 12 477
1502416800 12 477 12 477
1502409600 12 477 12 477
1502402400 12 477 12 477
1502395200 12 477 12 477
1502388000 12 477 12 477
1502380800 12 477 12 477
1502373600 12 477 12 477
1502366400 12 477 12 477
1502359200 12 477 12 477
1502352000 12 477 12 477
1502344800 12 477 12 477
1502337600 12 477 12 477
1502330400 12 477 12 477
1502323200 12 477 12 477
1502316000 12 477 12 477
1502308800 12 477 12 477
1502301600 12 477 12 477
1502294400 12 477 12 477
1502287200 12 477 12 477
1502280000 12 477 12 477
1502272800 12 477 12 477
1502265600 12 477 12 477
1502258400 12 477 12 477
1502251200 12 477 12 477
1502244000 12 477 12 477
1502236800 12 477 12 477
1502229600 12 477 12 477
1502222400 12 477 12 477
1502215200 12 477 12 477
1502208000 12 477 12 477
1502200800 12 477 12 477
1502193600 12 477 12 477
1502186400 12 477 12 477
1502179200 12 477 12 477
1502172000 12 477 12 477
1502164800 12 477 12 477
1502157600 12 477 12 477
1502150400 12 477 12 477
1502143200 12 477 12 477
1502136000 12 477 12 477
1502128800 12 477 12 477
1502121600 12 477 12 477
1502114400 12 477 12 477
1502107200 12 477 12 477
1502100000 12 477 12 477
1502092800 12 477 12 477
1502085600 12 477 12 477
1502078400 12 477 12 477
1502071200 12 477 12 477
1502064000 12 477 12 477
1502056800 12 477 12 477
1502049600 12 477 12 477
1502042400 12 477 12 477
1502035200 12 477 12 477
1502028000 12 477 12 477
1502020800 12 477 12 477
1502013600 12 477 12 477
1502006400 12 477 12 477
1501999200 12 477 12 477
1501992000 12 477 12 477
1501984800 12 477 12 477
1501977600 12 477 12 477
1501970400 12 477 12 477
1501963200 12 477 12 477
1501956000 12 477 12 477
1501948800 12 477 12 477
1501941600 12 477 12 477
1501934400 12 477 12 477
1501927200 12 477 12 477
1501920000 12 477 12 477
1501912800 12 477 12 477
1501905600 12 477 12 477
1501898400 12 477 12 477
1501891200 12 477 12 477
1501884000 12 477 12 477
1501876800 12 477 12 477
1501869600 12 477 12 477
1501862400 12 477 12 477
1501855200 12 477 12 477
1501848000 12 477 12 477
1501840800 12 477 12 477
1501833600 12 477 12 477
1501826400 12 477 12 477
1501819200 12 477 12 477
1501812000 12 477 12 477
1501804800 12 477 12 477
1501797600 12 477 12 477
1501790400 12 477 12 477
1501783200 12 477 12 477
1501776000 12 477 12 477
1501768800 12 477 12 477
1501761600 12 477 12 477
1501754400 12 477 12 477
1501747200 12 477 12 477
1501740000 12 477 12 477
1501732800 12 477 12 477
1501725600 12 477 12 477
1501718400 12 477 12 477
1501711200 12 477 12 477
1501704000 12 477 12 477
1501696800 12 477 12 477
1501689600 12 477 12 477
1501682400 12 477 12 477
1501675200 12 477 12 477
1501668000 12 477 12 477
1501660800 12 477 12 477
1501653600 12 477 12 477
1501646400 12 477 12 477
1501639200 12 477 12 477
1501632000 12 477 12 477
1501624800 12 477 12 477
1501617600 12 477 12 477
1501610400 12 477 12 477
1501603200 12 477 12 477
1501596000 12 477 12 477
1501588800 12 477 12 477
1501581600 12 477 12 477
1501574400 12 477 12 477
1501567200 12 477 12 477
1501560000 12 477 12 477
1501552800 12 477 12 477
1501545600 12 477 12 477
1501538400 12 477 12 477
1501531200 12 477 12 477
1501524000 12 477 12 477
1501516800 12 477 12 477
1501509600 12 477 12 477
1501502400 12 477 12 477
1501495200 12 477 12 477
1501488000 12 477 12 477
1501480800 12 477 12 477
1501473600 12 477 12 477
1501466400 12 477 12 477
1501459200 12 477 12 477
1501452000 12 477 12 477
1501444800 12 477 12 477
1501437600 12 477 12 477
1501430400 12 477 12 477
1501423200 12 477 12 477
1501416000 12 477 12 477
1501408800 12 477 12 477
1501401600 12 477 12 477
1501394400 12 477 12 477
1501387200 12 477 12 477
1501380000 12 477 12 477
1501372800 12 477 12 477
1501365600 12 477 12 477
1501358400 12 477 12 477
1501351200 12 477 12 477
1501344000 12 477 12 477
1501336800 12 477 12 477
1501329600 12 477 12 477
1501322400 12 477 12 477
1501315200 12 477 12 477
1501308000 12 477 12 477
1501300800 12 477 12 477
1501293600 12 477 12 477
1501286400 12 477 12 477
1501279200 12 477 12 477
1501272000 12 477 12 477
1501264800 12 477 12 477
1501257600 12 477 12 477
1501250400 12 477 12 477
1501243200 12 477 12 477
1501236000 12 477 12 477
1501228800 12 477 12 477
1501221600 12 477 12 477
1501214400 12 477 12 477
1501207200 12 477 12 477
1501200000 12 477 12 477
1501192800 12 477 12 477
1501185600 12 477 12 477
1501178400 12 477 12 477
1501171200 12 477 12 477
1501164000 12 477 12 477
1501156800 12 477 12 477
1501149600 12 477 12 477
1501142400 12 477 12 477
1501135200 12 477 12 477
1501128000 12 477 12 477
1501120800 12 477 12 477
1501113600 12 477 12 477
1501106400 12 477 12 477
1501099200 12 477 12 477
1501092000 12 477 12 477
1501084800 12 477 12 477
1501077600 12 477 12 477
1501070400 12 477 12 477
1501063200 12 477 12 477
1501056000 12 477 12 477
1501048800 12 477 12 477
1501041600 12 477 12 477
1501034400 12 477 12 477
1501027200 12 477 12 477
1501020000 12 477 12 477
1501012800 12 477 12 477
1501005600 12 477 12 477
1500998400 12 477 12 477
1500991200 12 477 12 477
1500984000 12 477 12 477
1500976800 12 477 12 477
1500969600 12 477 12 477
1500962400 12 477 12 477
1500955200 12 477 12 477
1500948000 12 477 12 477
1500940800 12 477 12 477
1500933600 12 477 12 477
1500926400 12 477 12 477
1500919200 12 477 12 477
1500912000 12 477 12 477
1500904800 12 477 12 477
1500897600 12 477 12 477
1500890400 12 477 12 477
1500883200 12 477 12 477
1500876000 12 477 12 477
1500868800 12 477 12 477
1500861600 12 477 12 477
1500854400 12 477 12 477
1500847200 12 477 12 477
1500840000 12 477 12 477
1500832800 12 477 12 477
1500825600 12 477 12 477
1500818400 12 477 12 477
1500811200 12 477 12 477
1500804000 12 477 12 477
1500796800 12 477 12 477
1500789600 12 477 12 477
1500782400 12 477 12 477
1500775200 12 477 12 477
1500768000 12 477 12 477
1500760800 12 477 12 477
1500753600 12 477 12 477
1500746400 12 477 12 477
1500739200 12 477 12 477
1500732000 12 477 12 477
1500724800 12 476 12 477
1500717600 11 475 12 479
1500710400 11 472 12 479
1500703200 11 467 12 476
1500696000 12 472 12 482
1500688800 11 473 12 483
1500681600 11 533 12 851
1500674400 11 802 12 1319
1500667200 11 1251 12 1723
1500660000 11 1328 13 1723
1500652800 11 1484 14 2057
1500645600 11 1387 13 2057
1500638400 11 775 12 850
1500631200 11 742 12 802
1500624000 11 748 13 871
1500616800 11 766 12 891
1500609600 11 759 13 898
1500602400 11 762 12 853
1500595200 11 795 13 965
1500588000 11 1434 13 2351
1500580800 11 1751 13 2162
1500573600 313 2100 9226 10626
1500566400 4150 5845 11199 13043
1500559200 2587 4131 11162 13034
1500552000 11 780 12 1402
1500544800 11 756 13 857
1500537600 11 787 13 966
1500530400 11 782 12 881
1500523200 11 807 13 881
1500516000 11 775 13 839
1500508800 11 818 13 966
1500501600 11 1157 12 1779
1500494400 11 1544 13 1882
1500487200 10 1367 13 1681
1500480000 3908 5265 11163 12503
1500472800 4241 5236 11235 13120
1500465600 12 635 12 635
1500458400 12 635 12 635
1500451200 12 635 12 635
1500444000 12 635 12 635
1500436800 12 635 12 635
1500429600 12 635 12 635
1500422400 12 635 12 635
1500415200 12 635 12 635
1500408000 12 635 12 635
1500400800 12 635 12 635
1500393600 12 635 12 635
1500386400 12 635 12 635
1500379200 12 635 12 635
1500372000 12 635 12 635
1500364800 12 635 12 635
1500357600 12 635 12 635
1500350400 12 635 12 635
1500343200 12 635 12 635
1500336000 12 635 12 635
1500328800 12 635 12 635
1500321600 12 635 12 635
1500314400 12 635 12 635
1500307200 12 635 12 635
1500300000 12 635 12 635
1500292800 12 635 12 635
1500285600 12 635 12 635
1500278400 12 635 12 635
1500271200 12 635 12 635
1500264000 12 635 12 635
1500256800 12 635 12 635
1500249600 12 635 12 635
1500242400 12 635 12 635
1500235200 12 635 12 635
1500228000 12 635 12 635
1500220800 12 635 12 635
1500213600 12 635 12 635
1500206400 12 635 12 635
1500199200 12 635 12 635
1500192000 12 635 12 635
1500184800 12 635 12 635
1500177600 12 635 12 635
1500170400 12 635 12 635
1500163200 12 635 12 635
1500156000 12 635 12 635
1500148800 12 635 12 635
1500141600 12 635 12 635
1500134400 12 635 12 635
1500127200 12 635 12 635
1500120000 12 635 12 635
1500112800 12 635 12 635
1500105600 12 635 12 635
1500098400 12 635 12 635
1500091200 12 635 12 635
1500084000 12 635 12 635
1500076800 12 635 12 635
1500069600 12 635 12 635
1500062400 12 635 12 635
1500055200 12 635 12 635
1500048000 12 635 12 635
1500040800 12 635 12 635
1500033600 12 635 12 635
1500026400 12 635 12 635
1500019200 12 635 12 635
1500012000 12 635 12 635
1500004800 12 635 12 635
1499997600 12 635 12 635
1499990400 12 635 12 635
1499983200 12 635 12 635
1499976000 12 635 12 635
1499968800 12 635 12 635
1499961600 12 635 12 635
1499954400 12 635 12 635
1499947200 12 635 12 635
1499940000 12 635 12 635
1499932800 12 635 12 635
1499925600 12 635 12 635
1499918400 12 635 12 635
1499911200 12 635 12 635
1499904000 12 635 12 635
1499896800 12 635 12 635
1499889600 12 635 12 635
1499882400 12 635 12 635
1499875200 12 635 12 635
1499868000 12 635 12 635
1499860800 12 635 12 635
1499853600 12 635 12 635
1499846400 12 635 12 635
1499839200 12 635 12 635
1499832000 12 635 12 635
1499824800 12 635 12 635
1499817600 12 635 12 635
1499810400 12 635 12 635
1499803200 12 635 12 635
1499796000 12 635 12 635
1499788800 12 635 12 635
1499781600 12 635 12 635
1499774400 12 635 12 635
1499767200 12 635 12 635
1499760000 12 635 12 635
1499752800 12 635 12 635
1499745600 12 635 12 635
1499738400 12 635 12 635
1499731200 12 635 12 635
1499724000 12 635 12 635
1499716800 12 635 12 635
1499709600 12 635 12 635
1499702400 12 635 12 635
1499695200 12 635 12 635
1499688000 12 635 12 635
1499680800 12 635 12 635
1499673600 12 635 12 635
1499666400 12 635 12 635
1499659200 12 635 12 635
1499652000 12 635 12 635
1499644800 12 635 12 635
1499637600 12 635 12 635
1499630400 12 635 12 635
1499623200 12 635 12 635
1499616000 12 635 12 635
1499608800 12 635 12 635
1499601600 12 635 12 635
1499594400 12 635 12 635
1499587200 12 635 12 635
1499580000 12 635 12 635
1499572800 12 635 12 635
1499565600 12 635 12 635
1499558400 12 635 12 635
1499551200 12 635 12 635
1499544000 12 635 12 635
1499536800 12 635 12 635
1499529600 12 635 12 635
1499522400 12 635 12 635
1499515200 12 635 12 635
1499508000 12 635 12 635
1499500800 12 635 12 635
1499493600 12 635 12 635
1499486400 12 635 12 635
1499479200 12 635 12 635
1499472000 12 635 12 635
1499464800 12 635 12 635
1499457600 12 635 12 635
1499450400 12 635 12 635
1499443200 12 635 12 635
1499436000 12 635 12 635
1499428800 12 635 12 635
1499421600 12 635 12 635
1499414400 12 635 12 635
1499407200 12 635 12 635
1499400000 12 635 12 635
1499392800 12 635 12 635
1499385600 12 635 12 635
1499378400 12 635 12 635
1499371200 12 635 12 635
1499364000 12 635 12 635
1499356800 12 635 12 635
1499349600 12 635 12 635
1499342400 12 635 12 635
1499335200 12 635 12 635
1499328000 12 635 12 635
1499320800 12 635 12 635
1499313600 12 635 12 635
1499306400 12 635 12 635
1499299200 12 635 12 635
1499292000 12 635 12 635
1499284800 12 635 12 635
1499277600 12 635 12 635
1499270400 12 635 12 635
1499263200 12 635 12 635
1499256000 12 635 12 635
1499248800 12 635 12 635
1499241600 12 635 12 635
1499234400 12 635 12 635
1499227200 12 635 12 635
1499220000 12 635 12 635
1499212800 12 635 12 635
1499205600 12 635 12 635
1499198400 12 635 12 635
1499191200 12 635 12 635
1499184000 12 635 12 635
1499176800 12 635 12 635
1499169600 12 635 12 635
1499162400 12 635 12 635
1499155200 12 635 12 635
1499148000 12 635 12 635
1499140800 12 635 12 635
1499133600 12 635 12 635
1499126400 12 635 12 635
1499119200 12 635 12 635
1499112000 12 635 12 635
1499104800 12 635 12 635
1499097600 12 635 12 635
1499090400 12 635 12 635
1499083200 12 635 12 635
1499076000 12 635 12 635
1499068800 12 635 12 635
1499061600 12 635 12 635
1499054400 12 635 12 635
1499047200 12 635 12 635
1499040000 12 635 12 635
1499032800 12 635 12 635
1499025600 12 635 12 635
1499018400 12 635 12 635
1499011200 12 635 12 635
1499004000 12 635 12 635
1498996800 12 635 12 635
1498989600 12 635 12 635
1498982400 12 635 12 635
1498975200 12 635 12 635
1498968000 12 635 12 635
1498960800 12 635 12 635
1498953600 12 635 12 635
1498946400 12 635 12 635
1498939200 12 635 12 635
1498932000 12 635 12 635
1498924800 12 635 12 635
1498917600 12 635 12 635
1498910400 12 635 12 635
1498903200 12 635 12 635
1498896000 12 635 12 635
1498888800 12 635 12 635
1498881600 12 635 12 635
1498874400 12 635 12 635
1498867200 12 635 12 635
1498860000 12 635 12 635
1498852800 12 635 12 635
1498845600 12 635 12 635
1498838400 12 635 12 635
1498831200 12 635 12 635
1498824000 12 635 12 635
1498816800 12 635 12 635
1498809600 12 635 12 635
1498802400 12 635 12 635
1498795200 12 635 12 635
1498788000 12 635 12 635
1498780800 12 635 12 635
1498773600 12 635 12 635
1498766400 12 635 12 635
1498759200 12 635 12 635
1498752000 12 635 12 635
1498744800 12 635 12 635
1498737600 12 635 12 635
1498730400 12 635 12 635
1498723200 12 635 12 635
1498716000 12 635 12 635
1498694400 12 635 12 635
1498608000 12 635 12 635
1498521600 12 635 12 635
1498435200 12 635 12 635
1498348800 12 635 12 635
1498262400 12 635 12 635
1498176000 12 635 12 635
1498089600 12 635 12 635
1498003200 12 635 12 635
1497916800 12 635 12 635
1497830400 12 635 12 635
1497744000 11 628 14 815
1497657600 610 1545 11162 12869
1497571200 750 1527 11161 12989
1497484800 0 0 0 0
1497398400 0 0 0 0
1497312000 0 0 0 0
1497225600 0 0 0 0
1497139200 0 0 0 0
1497052800 0 0 0 0
1496966400 14 28 3551 5833
1496880000 0 0 0 0
1496793600 175 427 32529 62719
1496707200 0 0 0 0
1496620800 0 0 0 0
1496534400 0 0 0 0
1496448000 0 0 0 0
1496361600 0 0 0 0
1496275200 0 0 0 0
1496188800 87 1845 25088 530375
1496102400 30 78 1682 2972
1496016000 0 0 0 0
1495929600 0 0 0 0
1495843200 0 0 0 0
1495756800 456 607 19157 34936
1495670400 25 120 4290 9739
1495584000 11 835 11 835
1495497600 11 835 11 835
1495411200 11 835 11 835
1495324800 11 835 11 835
1495238400 11 835 11 835
1495152000 1254 2453 11161 13718
1495065600 98 1313 6909 8788
1494979200 11 933 13 2042
1494892800 12 889 12 889
1494806400 12 889 12 889
1494720000 11 825 14 1083
1494633600 10 1036 14 34392
1494547200 11 941 13 2631
1494460800 12 616 12 616
1494374400 12 616 12 616
1494288000 12 616 12 616
1494201600 12 616 12 616
1494115200 12 616 12 616
1494028800 12 616 12 616
1493942400 12 616 12 616
1493856000 12 616 12 616
1493769600 12 616 12 616
1493683200 12 616 12 616
1493596800 12 616 12 616
1493510400 12 616 12 616
1493424000 12 616 12 616
1493337600 12 616 12 616
1493251200 12 616 12 616
1493164800 12 616 12 616
1493078400 12 616 12 616
1492992000 12 616 12 616
1492905600 12 616 12 616
1492819200 12 616 12 616
1492732800 12 616 12 616
1492646400 12 616 12 616
1492560000 12 616 12 616
1492473600 12 616 12 616
1492387200 12 616 12 616
1492300800 12 616 12 616
1492214400 12 616 12 616
1492128000 12 616 12 616
1492041600 12 616 12 616
1491955200 12 616 12 616
1491868800 12 616 12 616
1491782400 12 616 12 616
1491696000 12 616 12 616
1491609600 12 616 12 616
1491523200 12 616 12 616
1491436800 12 616 12 616
1491350400 12 616 12 616
1491264000 12 616 12 616
1491177600 11 576 13 625
1491091200 11 566 38 1460
1491004800 11 1112 14 3037
1490918400 176 1284 11162 13285
1490832000 1276 2462 11162 13352
1490745600 10 1120 14 5641
1490659200 13 716 13 716
1490572800 13 716 13 716
1490486400 13 716 13 716
1490400000 13 716 13 716
1490313600 13 716 13 716
1490227200 13 716 13 716
1490140800 13 716 13 716
1490054400 13 716 13 716
1489968000 13 716 13 716
1489881600 13 716 13 716
1489795200 13 716 13 716
1489708800 13 716 13 716
1489622400 11 922 13 2055
1489536000 84 626 11086 12285
1489449600 0 0 0 0
1489363200 0 0 0 0
1489276800 0 0 0 0
1489190400 55 989 11147 8269
1489104000 570 1478 11162 13431
1489017600 429 1327 11162 12357
1488931200 2738 3720 11162 13608
1488844800 296 1319 11162 45164
1488758400 10 599 13 997
1488672000 10 581 14 704
1488585600 93 1059 11017 12134
1488499200 10 1056 14 2627
1488412800 17 1016 1194 2919
1488326400 10 1094 14 4509
1488240000 784 1813 11199 13244
1488153600 11 633 14 759
1488067200 10 594 14 786
1487980800 10 958 13 2283
1487894400 10 903 27 1766
1487808000 259 1164 11495 13156
1487721600 514 1465 11162 12886
1487635200 10 590 13 708
1487548800 10 591 14 696
1487462400 10 591 14 704
1487376000 10 952 14 2170
1487289600 10 975 14 2289
1487203200 25 915 3789 5196
1487116800 15 562 15 562
1487030400 15 562 15 562
1486944000 15 562 15 562
1486857600 15 562 15 562
1486771200 15 562 15 562
1486684800 15 562 15 562
1486598400 15 562 15 562
1486512000 15 562 15 562
1486425600 15 562 15 562
1486339200 15 562 15 562
1486252800 15 562 15 562
1486166400 15 562 15 562
1486080000 15 562 15 562
1485993600 15 562 15 562
1485907200 15 562 15 562
1485820800 559 1289 11164 12680
1485734400 14 425 17 869
1485648000 14 430 18 1861
1485561600 14 699 17 1902
1485475200 1389 2145 11165 12829
1485388800 424 1175 11165 12407
1485302400 144 800 11128 11983
1485216000 519 1151 11164 12656
1485129600 14 370 17 478
1485043200 14 387 17 583
1484956800 289 1029 11164 12272
1484870400 749 1461 11165 12928
1484784000 434 1163 11165 14015
1484697600 14 685 17 1754
1484611200 558 1205 11165 12577
1484524800 14 380 16 512
1484438400 14 463 17 840
1484352000 14 777 17 2062
1484265600 149 858 11127 12193
1484179200 119 867 11128 12328
1484092800 60 798 7800 9080
1484006400 923 1504 11165 12557
1483920000 14 279 18 359
1483833600 14 320 18 613
1483747200 307 952 11128 12315
1483660800 82 666 11035 12208
1483574400 235 891 11128 12169
1483488000 1195 1821 11165 13117
1483401600 14 312 17 389
1483315200 14 312 17 397
1483228800 14 312 17 397
1483142400 14 535 17 1277
1483056000 14 522 17 1312
1482969600 14 446 17 2191
1482883200 15 283 15 283
1482796800 15 283 15 283
1482710400 14 274 17 331
1482624000 14 273 17 335
1482537600 14 442 17 1449
1482451200 58 712 7024 8253
1482364800 20 606 2247 3214
1482278400 10 809 17 29594
1482192000 582 1178 11161 12820
1482105600 0 56 31 396
1482019200 287 287 66541 34074
1481932800 1838 4407 122334 331255
1481846400 1577 3785 66635 86493
1481760000 1158 9601 66570 1638114
1481673600 1087 3759 66429 115242
1481587200 686 1857 65727 26069
1481500800 295 422 38271 2563
1481414400 908 9388 66020 2250609
1481328000 762 2249 65936 25699
1481241600 940 2697 66655 56522
1481155200 1612 2995 66779 78663
1481068800 851 2470 54764 124764
1480982400 1296 2786 65969 28683
1480896000 910 2136 66307 9694
1480809600 1159 2236 66416 16571
1480723200 2024 4646 66107 51539
1480636800 1252 3713 66082 50077
1480550400 1230 3611 66180 45869
1480464000 989 2519 65476 41043
1480377600 776 1446 65958 26221
1480291200 837 1561 68431 5885
1480204800 1277 2167 66600 9605
1480118400 1487 3464 66368 70828
1480032000 5135 70341 180191 4370788
1479945600 740 3288 12382 145510
1479859200 1743 4466 65528 271911
1479772800 938 2091 68422 55859
1479686400 21 454 24 578
1479600000 21 454 24 554
1479513600 2243 2920 66573 33108
1479427200 2047 4478 65432 62697
1479340800 747 2230 63750 59792
1479254400 1435 5221 65056 161943
1479168000 1270 5742 64743 220296
1479081600 674 2100 64757 9548
1478995200 941 3949 65144 413910
1478908800 13598 17502 2912917 3487838
1478822400 1524 2806 65399 38989
1478736000 863 2228 64508 47333
1478649600 1156 4874 64517 506857
1478563200 808 2185 64264 29635
1478476800 315 634 33401 6563
1478390400 512 665 64247 8041
1478304000 1101 2329 64876 65669
1478217600 5389 3922 1047319 41850
1478131200 1158 3230 63270 27403
1478044800 810 3297 62211 33301
1477958400 1278 6433 51056 305059
1477872000 22 478 24 584
1477785600 22 515 1120 2513
1477699200 3640 3243 114233 87967
1477612800 997 4097 62093 107856
1477526400 1346 4797 60622 79490
1477440000 1177 7645 34979 856073
1477353600 1416 6190 22108 156010
1477267200 755 1930 62686 10023
1477180800 960 1980 61869 10777
1477094400 1085 2818 48147 51333
1477008000 1956 5148 61447 62857
1476921600 933 3342 20096 85848
1476835200 557 1797 557 1797
1476748800 557 1797 557 1797
1476662400 741 1841 61438 3738
1476576000 999 2392 64152 95296
1476489600 1759 6088 62072 532003
1476403200 1589 3935 61936 55730
1476316800 1028 5377 61143 546289
1476230400 1926 5681 77504 341789
1476144000 819 7797 61361 1215054
1476057600 574 1980 14490 9083
1475971200 971 2047 61601 9928
1475884800 1209 4638 61445 447090
1475798400 1394 4729 61510 197506
1475712000 1048 3338 61324 15593
1475625600 1525 20385 61800 3296900
1475539200 3397 17718 451671 1946639
1475452800 1161 1169 61545 8337
1475366400 1462 1223 62187 8692
1475280000 1946 4218 61201 117116
1475193600 1845 4177 61603 114367
1475107200 1895 4151 62945 48714
1475020800 1924 3834 61259 78544
1474934400 1392 3855 64551 58723
1474848000 65 472 1174 6084
1474761600 63 480 682 5234
1474675200 4091 9718 136586 524116
1474588800 3244 4769 74396 52543
1474502400 1807 5171 60510 73644
1474416000 2049 5890 61276 93129
1474329600 2042 5920 61292 539530
1474243200 1522 1424 61457 8362
1474156800 2224 1481 134637 8310
1474070400 2735 3904 61164 58060
1473984000 1790 3135 60972 41755
1473897600 2000 4575 60659 156169
1473811200 1767 3249 60895 49862
1473724800 1781 3080 14775 40054
1473638400 1681 1732 61266 7928
1473552000 1916 1821 61345 14155
1473465600 2232 3243 61365 38276
1473379200 2771 3513 107116 56015
1473292800 1963 7572 60795 335460
1473206400 1612 2530 60524 25111
1473120000 939 914 59943 7244
1473033600 595 667 59802 3869
1472947200 736 678 61058 7597
1472860800 1886 4281 61172 198600
1472774400 1471 2535 60655 35021
1472688000 1720 4253 61056 96820
1472601600 2157 11463 60543 1329859
1472515200 380 2853 12276 374228
1472428800 22 420 22 420
1472342400 22 420 22 420
1472256000 22 420 22 420
1472169600 22 420 22 420
1472083200 22 420 22 420
1471996800 22 420 22 420
1471910400 22 420 22 420
1471824000 22 420 22 420
1471737600 22 420 22 420
1471651200 21 420 27 528
1471564800 33 721 1568 3041
1471478400 349 1989 24372 161881
1471392000 23 724 1542 2746
1471305600 28 668 2339 4558
1471219200 21 331 40 921
1471132800 21 329 37 746
1471046400 21 542 25 2665
1470960000 25 569 3006 3956
1470873600 365 2782 41095 162639
1470787200 4147 1969 1962311 164453
1470700800 904 8815 16411 139317
1470614400 21 305 26 391
1470528000 21 308 27 485
1470441600 280 915 19348 31662
1470355200 218 1685 14162 76510
1470268800 4147 1598 1921550 363708
1470182400 1066 7948 20294 160997
1470096000 21 322 25 701
1470009600 21 317 26 499
1469923200 21 321 25 481
1469836800 472 2807 18956 123501
1469750400 530 4201 20375 204109
1469664000 5503 11763 1234211 307308
1469577600 2397 63054 46170 2872888
1469491200 817 10435 24208 672269
1469404800 21 324 24 435
1469318400 21 332 24 475
1469232000 708 7783 14833 240574
1469145600 484 7110 39734 1022592
1469059200 687 7750 12623 236527
1468972800 1301 6391 112810 164594
1468886400 985 4638 107257 193400
1468800000 21 278 25 580
1468713600 21 277 25 390
1468627200 71 652 11122 12326
1468540800 97 1365 6450 62541
1468454400 323 4680 29539 165038
1468368000 1311 4356 110600 128317
1468281600 671 6322 11541 228855
1468195200 21 275 26 382
1468108800 21 279 25 486
1468022400 603 11499 40641 1388980
1467936000 4985 5971 1931344 258268
1467849600 98 899 9738 34057
1467763200 489 4942 26152 223465
1467676800 4346 3533 1454318 261409
1467590400 21 281 25 410
1467504000 21 279 25 409
1467417600 21 282 25 450
1467331200 4232 1410 1897338 87956
1467244800 714 2616 102656 251270
1467158400 410 4559 8618 149356
1467072000 4349 3922 1914580 463953
1466985600 20 345 27 523
1466899200 21 355 25 631
1466812800 4489 5186 1893699 335374
1466726400 2234 11713 223248 1160461
1466640000 629 5149 11354 152392
1466553600 4663 11314 1944388 896825
1466467200 4656 4241 1934198 131193
1466380800 21 339 24 454
1466294400 21 348 24 786
1466208000 570 9260 110414 2417534
1466121600 5388 269351 162280 9534661
1466035200 925 25211 43974 2387185
1465948800 736 2972 11109 65717
1465862400 69 1160 5482 32511
1465776000 21 497 24 717
1465689600 21 478 24 996
1465603200 208 2109 7967 125562
1465516800 654 7885 15366 206239
1465430400 7082 8878 933923 312861
1465344000 5263 7828 1393110 425987
1465257600 4763 6313 1884252 305993
1465171200 21 388 24 630
1465084800 21 378 24 741
1464998400 62 1128 1494 34187
1464912000 5193 13847 1922209 497730
1464825600 4718 5550 1927393 448986
1464739200 4701 20587 1036479 1515769
1464652800 5839 10700 1948715 371741
1464566400 21 513 24 747
1464480000 21 526 24 933
1464393600 1846 8688 77208 252599
1464307200 1489 4905 326696 206930
1464220800 203 1117 19148 28962
1464134400 820 2835 32504 72671
1464048000 21 333 24 664
1463961600 21 340 24 544
1463875200 21 391 24 570
1463788800 46 757 7758 40894
1463702400 503 3877 11468 144410
1463616000 747 1902 195043 123806
1463529600 4873 3917 1457471 150609
1463443200 5889 8494 1238222 651761
1463356800 21 421 24 679
1463270400 21 436 24 808
1463184000 563 1737 163495 203401
1463097600 4264 3839 1851088 353112
1463011200 434 4428 24856 243671
1462924800 4823 7911 1361071 716859
1462838400 4994 5049 1952483 264609
1462752000 21 343 40 1636
1462665600 21 321 26 600
1462579200 412 5108 15649 849965
1462492800 1484 20487 136602 6526393
1462406400 500 4072 22742 395094
1462320000 942 14589 113919 1771285
1462233600 2382 19624 165178 2513180
1462147200 21 290 45 497
1462060800 21 266 46 666
1461974400 4620 2774 1944620 73758
1461888000 4703 3771 1944637 143977
1461801600 5054 3562 1902955 271350
1461715200 3535 3649 711630 256375
1461628800 120 1890 3816 198237
1461542400 21 280 36 694
1461456000 21 299 35 656
1461369600 6 135 1394 1943
1461283200 0 0 0 0
1461196800 0 0 0 0
1461110400 55 68 12000 10819
1461024000 0 0 0 0
1460937600 0 0 0 0
1460851200 0 0 0 0
1460764800 0 0 0 0
1460678400 0 0 0 0
1460592000 0 0 0 0
1460505600 0 0 0 0
1460419200 0 0 0 0
1460332800 0 0 0 0
1460246400 0 0 0 0
1460160000 0 0 0 0
1460073600 0 0 0 0
1459987200 0 0 0 0
1459900800 0 0 0 0
1459814400 0 0 0 0
1459728000 0 0 0 0
1459641600 0 0 0 0
1459555200 0 0 0 0
1459468800 0 0 0 0
1459382400 0 0 0 0
1459296000 0 0 0 0
1459209600 0 0 0 0
1459123200 0 0 0 0
1459036800 0 0 0 0
1458950400 0 0 0 0
1458864000 0 0 0 0
1458777600 0 0 0 0
1458691200 0 0 0 0
1458604800 0 0 0 0
1458518400 0 0 0 0
1458432000 0 0 0 0
1458345600 0 0 0 0
1458259200 0 0 0 0
1458172800 0 0 0 0
1458086400 0 0 0 0
1458000000 0 0 0 0
1457913600 0 0 0 0
1457827200 0 0 0 0
1457740800 0 0 0 0
1457654400 0 0 0 0
1457568000 0 0 0 0
1457481600 0 0 0 0
1457395200 0 0 0 0
1457308800 0 0 0 0
1457222400 0 0 0 0
1457136000 0 0 0 0
1457049600 0 0 0 0
1456963200 0 0 0 0
1456876800 0 0 0 0
1456790400 0 0 0 0
1456704000 0 0 0 0
1456617600 0 0 0 0
1456531200 0 0 0 0
1456444800 0 0 0 0
1456358400 0 0 0 0
1456272000 0 0 0 0
1456185600 0 0 0 0
1456099200 0 0 0 0
1456012800 0 0 0 0
1455926400 0 0 0 0
1455840000 0 0 0 0
1455753600 0 0 0 0
1455667200 0 0 0 0
1455580800 0 0 0 0
1455494400 0 0 0 0
1455408000 0 0 0 0
1455321600 0 0 0 0
1455235200 0 0 0 0
1455148800 0 0 0 0
1455062400 0 0 0 0
1454976000 0 0 0 0
1454889600 0 0 0 0
1454803200 0 0 0 0
1454716800 0 0 0 0
1454630400 0 0 0 0
1454544000 0 0 0 0
1454457600 0 0 0 0
1454371200 0 0 0 0
1454284800 0 0 0 0
1454198400 0 0 0 0
1454112000 0 0 0 0
1454025600 0 0 0 0
1453939200 0 0 0 0
1453852800 0 0 0 0
1453766400 0 0 0 0
1453680000 0 0 0 0
1453593600 0 0 0 0
1453507200 0 0 0 0
1453420800 0 0 0 0
1453334400 0 0 0 0
1453248000 0 0 0 0
1453161600 0 0 0 0
1453075200 0 0 0 0
1452988800 0 0 0 0
1452902400 0 0 0 0
1452816000 0 0 0 0
1452729600 0 0 0 0
1452643200 0 0 0 0
1452556800 0 0 0 0
1452470400 0 0 0 0
1452384000 0 0 0 0
1452297600 0 0 0 0
1452211200 0 0 0 0
1452124800 0 0 0 0
1452038400 0 0 0 0
1451952000 0 0 0 0
1451865600 0 0 0 0
1451779200 0 0 0 0
1451692800 0 0 0 0
1451606400 0 0 0 0
1451520000 0 0 0 0
1451433600 0 0 0 0
1451347200 0 0 0 0
1451260800 0 0 0 0
1451174400 0 0 0 0
1451088000 0 0 0 0
1451001600 0 0 0 0
1450915200 0 0 0 0
1450828800 0 0 0 0
1450742400 0 0 0 0
1450656000 0 0 0 0
1450569600 0 0 0 0
1450483200 0 0 0 0
1450396800 0 0 0 0
1450310400 0 0 0 0
1450224000 0 0 0 0
1450137600 0 0 0 0
1450051200 0 0 0 0
1449964800 0 0 0 0
1449878400 0 0 0 0
1449792000 0 0 0 0
1449705600 0 0 0 0
1449619200 0 0 0 0
1449532800 0 0 0 0
1449446400 0 0 0 0
1449360000 0 0 0 0
1449273600 0 0 0 0
1449187200 0 0 0 0
1449100800 0 0 0 0
1449014400 0 0 0 0
1448928000 0 0 0 0
1448841600 0 0 0 0
1448755200 0 0 0 0
1448668800 0 0 0 0
1448582400 0 0 0 0
1448496000 0 0 0 0
1448409600 0 0 0 0
1448323200 0 0 0 0
1448236800 0 0 0 0
1448150400 0 0 0 0
1448064000 0 0 0 0
1447977600 0 0 0 0
1447891200 0 0 0 0
1447804800 0 0 0 0
1447718400 0 0 0 0
1447632000 0 0 0 0
1447545600 0 0 0 0
1447459200 0 0 0 0
1447372800 0 0 0 0
1447286400 0 0 0 0
1447200000 0 0 0 0
1447113600 0 0 0 0
1447027200 0 0 0 0
1446940800 0 0 0 0
1446854400 0 0 0 0
1446768000 0 0 0 0
1446681600 0 0 0 0
1446595200 0 0 0 0
1446508800 0 0 0 0
1446422400 0 0 0 0
1446336000 0 0 0 0
1446249600 0 0 0 0
1446163200 0 0 0 0
1446076800 0 0 0 0
1445990400 0 0 0 0
1445904000 0 0 0 0
1445817600 0 0 0 0
1445731200 0 0 0 0
1445644800 0 0 0 0
1445558400 0 0 0 0
1445472000 0 0 0 0
1445385600 0 0 0 0
1445299200 0 0 0 0
1445212800 0 0 0 0
1445126400 0 0 0 0
1445040000 0 0 0 0
1444953600 0 0 0 0
1444867200 0 0 0 0
1444780800 0 0 0 0
1444694400 0 0 0 0
1444608000 0 0 0 0
1444521600 0 0 0 0
1444435200 0 0 0 0
1444348800 0 0 0 0
1444262400 0 0 0 0
1444176000 0 0 0 0
1444089600 0 0 0 0
1444003200 0 0 0 0
1443916800 0 0 0 0
1443830400 0 0 0 0
1443744000 0 0 0 0
1443657600 0 0 0 0
1443571200 0 0 0 0
1443484800 0 0 0 0
1443398400 0 0 0 0
1443312000 0 0 0 0
1443225600 0 0 0 0
1443139200 0 0 0 0
1443052800 0 0 0 0
1442966400 0 0 0 0
1442880000 0 0 0 0
1442793600 0 0 0 0
1442707200 0 0 0 0
1442620800 0 0 0 0
1442534400 0 0 0 0
1442448000 0 0 0 0
1442361600 0 0 0 0
1442275200 0 0 0 0
1442188800 0 0 0 0
1442102400 0 0 0 0
1442016000 0 0 0 0
1441929600 0 0 0 0
1441843200 0 0 0 0
1441756800 0 0 0 0
1441670400 0 0 0 0
1441584000 0 0 0 0
1441497600 0 0 0 0
1441411200 0 0 0 0
1441324800 0 0 0 0
1441238400 0 0 0 0
1441152000 0 0 0 0
1441065600 0 0 0 0
1440979200 0 0 0 0
1440892800 0 0 0 0
1440806400 0 0 0 0
1440720000 0 0 0 0
1440633600 0 0 0 0
1440547200 0 0 0 0
1440460800 0 0 0 0
1440374400 0 0 0 0
1440288000 0 0 0 0
1440201600 0 0 0 0
1440115200 0 0 0 0
1440028800 0 0 0 0
1439942400 0 0 0 0
1439856000 0 0 0 0
1439769600 0 0 0 0
1439683200 0 0 0 0
1439596800 0 0 0 0
1439510400 0 0 0 0
1439424000 0 0 0 0
1439337600 0 0 0 0
1439251200 0 0 0 0
1439164800 0 0 0 0
1439078400 0 0 0 0
1438992000 0 0 0 0
1438905600 0 0 0 0
1438819200 0 0 0 0
1438732800 0 0 0 0
1438646400 0 0 0 0
1438560000 0 0 0 0
1438473600 0 0 0 0
1438387200 0 0 0 0
1438300800 0 0 0 0
1438214400 0 0 0 0
1438128000 0 0 0 0
1438041600 0 0 0 0
1437955200 0 0 0 0
1437868800 0 0 0 0
1437782400 0 0 0 0
1437696000 0 0 0 0
1437609600 0 0 0 0
1437523200 0 0 0 0
1437436800 0 0 0 0
1437350400 0 0 0 0
1437264000 0 0 0 0
1437177600 0 0 0 0
1437091200 0 0 0 0
1437004800 0 0 0 0
1436918400 0 0 0 0
1436832000 0 0 0 0
1436745600 0 0 0 0
1436659200 0 0 0 0
1436572800 0 0 0 0
1436486400 0 0 0 0
1436400000 0 0 0 0
1436313600 0 0 0 0
1436227200 0 0 0 0
1436140800 0 0 0 0
1436054400 0 0 0 0
1435968000 0 0 0 0
1435881600 0 0 0 0
1435795200 0 0 0 0
1435708800 0 0 0 0
1435622400 0 0 0 0
1435536000 0 0 0 0
