1504817526 14796165556 30834016719
1504817526 745 5698 745 5698
1504817226 686 7276 686 7276
1504817100 507 4701 686 7276
1504816800 261 1147 261 1147
1504816500 261 1147 261 1147
1504816200 261 1147 261 1147
1504815900 261 1147 261 1147
1504815600 261 1147 261 1147
1504815300 261 1147 261 1147
1504815000 261 1147 261 1147
1504814700 261 1147 261 1147
1504814400 261 1147 261 1147
1504814100 261 1147 261 1147
1504813800 261 1147 261 1147
1504813500 261 1147 261 1147
1504813200 261 1147 261 1147
1504812900 261 1147 261 1147
1504812600 261 1147 261 1147
1504812300 261 1147 261 1147
1504812000 261 1147 261 1147
1504811700 261 1147 261 1147
1504811400 261 1147 261 1147
1504811100 261 1147 261 1147
1504810800 261 1147 261 1147
1504810500 261 1147 261 1147
1504810200 261 1147 261 1147
1504809900 261 1147 261 1147
1504809600 261 1147 261 1147
1504809300 261 1147 261 1147
1504809000 261 1147 261 1147
1504808700 261 1147 261 1147
1504808400 261 1147 261 1147
1504808100 261 1147 261 1147
1504807800 261 1147 261 1147
1504807500 261 1147 261 1147
1504807200 261 1147 261 1147
1504806900 261 1147 261 1147
1504806600 261 1147 261 1147
1504806300 261 1147 261 1147
1504806000 261 1147 261 1147
1504805700 261 1147 261 1147
1504805400 261 1147 261 1147
1504805100 261 1147 261 1147
1504804800 261 1147 261 1147
1504804500 261 1147 261 1147
1504804200 261 1147 261 1147
1504803900 261 1147 261 1147
1504803600 261 1147 261 1147
1504803300 261 1147 261 1147
1504803000 261 1147 261 1147
1504802700 261 1147 261 1147
1504802400 261 1147 261 1147
1504802100 261 1147 261 1147
1504801800 261 1147 261 1147
1504801500 261 1147 261 1147
1504801200 261 1147 261 1147
1504800900 261 1147 261 1147
1504800600 261 1147 261 1147
1504800300 261 1147 261 1147
1504800000 261 1147 261 1147
1504799700 261 1147 261 1147
1504799400 261 1147 261 1147
1504799100 261 1147 261 1147
1504798800 261 1147 261 1147
1504798500 261 1147 261 1147
1504798200 261 1147 261 1147
1504797900 261 1147 261 1147
1504797600 261 1147 261 1147
1504797300 261 1147 261 1147
1504797000 261 1147 261 1147
1504796700 261 1147 261 1147
1504796400 261 1147 261 1147
1504796100 261 1147 261 1147
1504795800 261 1147 261 1147
1504795500 261 1147 261 1147
1504795200 261 1147 261 1147
1504794900 261 1147 261 1147
1504794600 261 1147 261 1147
1504794300 261 1147 261 1147
1504794000 261 1147 261 1147
1504793700 261 1147 261 1147
1504793400 261 1147 261 1147
1504793100 261 1147 261 1147
1504792800 261 1147 261 1147
1504792500 261 1147 261 1147
1504792200 261 1147 261 1147
1504791900 261 1147 261 1147
1504791600 261 1147 261 1147
1504791300 261 1147 261 1147
1504791000 261 1147 261 1147
1504790700 261 1147 261 1147
1504790400 261 1147 261 1147
1504790100 261 1147 261 1147
1504789800 261 1147 261 1147
1504789500 261 1147 261 1147
1504789200 261 1147 261 1147
1504788900 261 1147 261 1147
1504788600 261 1147 261 1147
1504788300 261 1147 261 1147
1504788000 261 1147 261 1147
1504787700 261 1147 261 1147
1504787400 261 1147 261 1147
1504787100 261 1147 261 1147
1504786800 261 1147 261 1147
1504786500 261 1147 261 1147
1504786200 261 1147 261 1147
1504785900 261 1147 261 1147
1504785600 261 1147 261 1147
1504785300 261 1147 261 1147
1504785000 261 1147 261 1147
1504784700 261 1147 261 1147
1504784400 261 1147 261 1147
1504784100 261 1147 261 1147
1504783800 261 1147 261 1147
1504783500 261 1147 261 1147
1504783200 261 1147 261 1147
1504782900 261 1147 261 1147
1504782600 261 1147 261 1147
1504782300 261 1147 261 1147
1504782000 261 1147 261 1147
1504781700 261 1147 261 1147
1504781400 261 1147 261 1147
1504781100 261 1147 261 1147
1504780800 261 1147 261 1147
1504780500 261 1147 261 1147
1504780200 261 1147 261 1147
1504779900 261 1147 261 1147
1504779600 261 1147 261 1147
1504779300 261 1147 261 1147
1504779000 261 1147 261 1147
1504778700 261 1147 261 1147
1504778400 261 1147 261 1147
1504778100 261 1147 261 1147
1504777800 261 1147 261 1147
1504777500 261 1147 261 1147
1504777200 261 1147 261 1147
1504776900 261 1147 261 1147
1504776600 261 1147 261 1147
1504776300 261 1147 261 1147
1504776000 261 1147 261 1147
1504775700 261 1147 261 1147
1504775400 261 1147 261 1147
1504775100 261 1147 261 1147
1504774800 261 1147 261 1147
1504774500 261 1147 261 1147
1504774200 261 1147 261 1147
1504773900 261 1147 261 1147
1504773600 261 1147 261 1147
1504773300 261 1147 261 1147
1504773000 261 1147 261 1147
1504772700 261 1147 261 1147
1504772400 261 1147 261 1147
1504772100 261 1147 261 1147
1504771800 261 1147 261 1147
1504771500 261 1147 261 1147
1504771200 261 1147 261 1147
1504770900 261 1147 261 1147
1504770600 261 1147 261 1147
1504770300 261 1147 261 1147
1504770000 261 1147 261 1147
1504769700 261 1147 261 1147
1504769400 261 1147 261 1147
1504769100 261 1147 261 1147
1504768800 261 1147 261 1147
1504768500 261 1147 261 1147
1504768200 261 1147 261 1147
1504767900 261 1147 261 1147
1504767600 261 1147 261 1147
1504767300 261 1147 261 1147
1504767000 261 1147 261 1147
1504766700 261 1147 261 1147
1504766400 261 1147 261 1147
1504766100 261 1147 261 1147
1504765800 261 1147 261 1147
1504765500 261 1147 261 1147
1504765200 261 1147 261 1147
1504764900 261 1147 261 1147
1504764600 261 1147 261 1147
1504764300 261 1147 261 1147
1504764000 261 1147 261 1147
1504763700 261 1147 261 1147
1504763400 261 1147 261 1147
1504763100 261 1147 261 1147
1504762800 261 1147 261 1147
1504762500 261 1147 261 1147
1504762200 261 1147 261 1147
1504761900 261 1147 261 1147
1504761600 261 1147 261 1147
1504761300 261 1147 261 1147
1504761000 261 1147 261 1147
1504760700 261 1147 261 1147
1504760400 261 1147 261 1147
1504760100 261 1147 261 1147
1504759800 261 1147 261 1147
1504759500 261 1147 261 1147
1504759200 261 1147 261 1147
1504758900 261 1147 261 1147
1504758600 261 1147 261 1147
1504758300 261 1147 261 1147
1504758000 261 1147 261 1147
1504757700 261 1147 261 1147
1504757400 261 1147 261 1147
1504757100 261 1147 261 1147
1504756800 261 1147 261 1147
1504756500 261 1147 261 1147
1504756200 261 1147 261 1147
1504755900 261 1147 261 1147
1504755600 261 1147 261 1147
1504755300 261 1147 261 1147
1504755000 261 1147 261 1147
1504754700 261 1147 261 1147
1504754400 261 1147 261 1147
1504754100 261 1147 261 1147
1504753800 261 1147 261 1147
1504753500 261 1147 261 1147
1504753200 261 1147 261 1147
1504752900 261 1147 261 1147
1504752600 261 1147 261 1147
1504752300 261 1147 261 1147
1504752000 261 1147 261 1147
1504751700 261 1147 261 1147
1504751400 261 1147 261 1147
1504751100 261 1147 261 1147
1504750800 261 1147 261 1147
1504750500 261 1147 261 1147
1504750200 261 1147 261 1147
1504749900 261 1147 261 1147
1504749600 261 1147 261 1147
1504749300 261 1147 261 1147
1504749000 261 1147 261 1147
1504748700 261 1147 261 1147
1504748400 261 1147 261 1147
1504748100 261 1147 261 1147
1504747800 261 1147 261 1147
1504747500 261 1147 261 1147
1504747200 261 1147 261 1147
1504746900 261 1147 261 1147
1504746600 261 1147 261 1147
1504746300 261 1147 261 1147
1504746000 261 1147 261 1147
1504745700 261 1147 261 1147
1504745400 261 1147 261 1147
1504745100 261 1147 261 1147
1504744800 261 1147 261 1147
1504744500 261 1147 261 1147
1504744200 261 1147 261 1147
1504743900 261 1147 261 1147
1504743600 261 1147 261 1147
1504743300 261 1147 261 1147
1504743000 261 1147 261 1147
1504742700 261 1147 261 1147
1504742400 261 1147 261 1147
1504742100 261 1147 261 1147
1504741800 261 1147 261 1147
1504741500 261 1147 261 1147
1504741200 261 1147 261 1147
1504740900 261 1147 261 1147
1504740600 261 1147 261 1147
1504740300 261 1147 261 1147
1504740000 261 1147 261 1147
1504739700 261 1147 261 1147
1504739400 261 1147 261 1147
1504739100 261 1147 261 1147
1504738800 261 1147 261 1147
1504738500 261 1147 261 1147
1504738200 261 1147 261 1147
1504737900 261 1147 261 1147
1504737600 261 1147 261 1147
1504737300 261 1147 261 1147
1504737000 261 1147 261 1147
1504736700 261 1147 261 1147
1504736400 261 1147 261 1147
1504736100 261 1147 261 1147
1504735800 261 1147 261 1147
1504735500 261 1147 261 1147
1504735200 261 1147 261 1147
1504734900 261 1147 261 1147
1504734600 261 1147 261 1147
1504734300 261 1147 261 1147
1504734000 261 1147 261 1147
1504733700 261 1147 261 1147
1504733400 261 1147 261 1147
1504733100 261 1147 261 1147
1504732800 261 1147 261 1147
1504732500 261 1147 261 1147
1504732200 261 1147 261 1147
1504731900 261 1147 261 1147
1504731600 261 1147 261 1147
1504731300 261 1147 261 1147
1504731000 261 1147 261 1147
1504730700 261 1147 261 1147
1504730400 261 1147 261 1147
1504730100 261 1147 261 1147
1504729800 261 1147 261 1147
1504729500 261 1147 261 1147
1504729200 261 1147 261 1147
1504728900 261 1147 261 1147
1504728600 261 1147 261 1147
1504728300 261 1147 261 1147
1504728000 261 1147 261 1147
1504727700 261 1147 261 1147
1504727400 261 1147 261 1147
1504727100 261 1147 261 1147
1504726800 261 1147 261 1147
1504726500 261 1147 261 1147
1504726200 261 1147 261 1147
1504725900 261 1147 261 1147
1504725600 261 1147 261 1147
1504725300 261 1147 261 1147
1504725000 261 1147 261 1147
1504724700 261 1147 261 1147
1504724400 261 1147 261 1147
1504724100 261 1147 261 1147
1504723800 261 1147 261 1147
1504723500 261 1147 261 1147
1504723200 261 1147 261 1147
1504722900 261 1147 261 1147
1504722600 261 1147 261 1147
1504722300 261 1147 261 1147
1504722000 261 1147 261 1147
1504721700 261 1147 261 1147
1504721400 261 1147 261 1147
1504721100 261 1147 261 1147
1504720800 261 1147 261 1147
1504720500 261 1147 261 1147
1504720200 261 1147 261 1147
1504719900 261 1147 261 1147
1504719600 261 1147 261 1147
1504719300 261 1147 261 1147
1504719000 261 1147 261 1147
1504718700 261 1147 261 1147
1504718400 261 1147 261 1147
1504718100 261 1147 261 1147
1504717800 261 1147 261 1147
1504717500 261 1147 261 1147
1504717200 261 1147 261 1147
1504716900 261 1147 261 1147
1504716600 261 1147 261 1147
1504716300 261 1147 261 1147
1504716000 261 1147 261 1147
1504715700 261 1147 261 1147
1504715400 261 1147 261 1147
1504715100 261 1147 261 1147
1504714800 261 1147 261 1147
1504714500 261 1147 261 1147
1504714200 261 1147 261 1147
1504713900 261 1147 261 1147
1504713600 261 1147 261 1147
1504713300 261 1147 261 1147
1504713000 261 1147 261 1147
1504712700 261 1147 261 1147
1504712400 261 1147 261 1147
1504712100 261 1147 261 1147
1504711800 261 1147 261 1147
1504711500 261 1147 261 1147
1504711200 261 1147 261 1147
1504710900 261 1147 261 1147
1504710600 261 1147 261 1147
1504710300 261 1147 261 1147
1504710000 261 1147 261 1147
1504709700 261 1147 261 1147
1504709400 261 1147 261 1147
1504709100 261 1147 261 1147
1504708800 261 1147 261 1147
1504708500 261 1147 261 1147
1504708200 261 1147 261 1147
1504707900 261 1147 261 1147
1504707600 261 1147 261 1147
1504707300 261 1147 261 1147
1504707000 261 1147 261 1147
1504706700 261 1147 261 1147
1504706400 261 1147 261 1147
1504706100 261 1147 261 1147
1504705800 261 1147 261 1147
1504705500 261 1147 261 1147
1504705200 261 1147 261 1147
1504704900 261 1147 261 1147
1504704600 261 1147 261 1147
1504704300 261 1147 261 1147
1504704000 261 1147 261 1147
1504703700 261 1147 261 1147
1504703400 261 1147 261 1147
1504703100 261 1147 261 1147
1504702800 261 1147 261 1147
1504702500 261 1147 261 1147
1504702200 261 1147 261 1147
1504701900 261 1147 261 1147
1504701600 261 1147 261 1147
1504701300 261 1147 261 1147
1504701000 261 1147 261 1147
1504700700 261 1147 261 1147
1504700400 261 1147 261 1147
1504700100 261 1147 261 1147
1504699800 261 1147 261 1147
1504699500 261 1147 261 1147
1504699200 261 1147 261 1147
1504698900 261 1147 261 1147
1504698600 261 1147 261 1147
1504698300 261 1147 261 1147
1504698000 261 1147 261 1147
1504697700 261 1147 261 1147
1504697400 261 1147 261 1147
1504697100 261 1147 261 1147
1504696800 261 1147 261 1147
1504696500 261 1147 261 1147
1504696200 261 1147 261 1147
1504695900 261 1147 261 1147
1504695600 261 1147 261 1147
1504695300 261 1147 261 1147
1504695000 261 1147 261 1147
1504694700 261 1147 261 1147
1504694400 261 1147 261 1147
1504694100 261 1147 261 1147
1504693800 261 1147 261 1147
1504693500 261 1147 261 1147
1504693200 261 1147 261 1147
1504692900 261 1147 261 1147
1504692600 261 1147 261 1147
1504692300 261 1147 261 1147
1504692000 261 1147 261 1147
1504691700 261 1147 261 1147
1504691400 261 1147 261 1147
1504691100 261 1147 261 1147
1504690800 261 1147 261 1147
1504690500 261 1147 261 1147
1504690200 261 1147 261 1147
1504689900 261 1147 261 1147
1504689600 261 1147 261 1147
1504689300 261 1147 261 1147
1504689000 261 1147 261 1147
1504688700 261 1147 261 1147
1504688400 261 1147 261 1147
1504688100 261 1147 261 1147
1504687800 261 1147 261 1147
1504687500 261 1147 261 1147
1504687200 261 1147 261 1147
1504686900 261 1147 261 1147
1504686600 261 1147 261 1147
1504686300 261 1147 261 1147
1504686000 261 1147 261 1147
1504685700 261 1147 261 1147
1504685400 261 1147 261 1147
1504685100 261 1147 261 1147
1504684800 261 1147 261 1147
1504684500 261 1147 261 1147
1504684200 261 1147 261 1147
1504683900 261 1147 261 1147
1504683600 261 1147 261 1147
1504683300 261 1147 261 1147
1504683000 261 1147 261 1147
1504682700 261 1147 261 1147
1504682400 261 1147 261 1147
1504682100 261 1147 261 1147
1504681800 261 1147 261 1147
1504681500 261 1147 261 1147
1504681200 261 1147 261 1147
1504680900 261 1147 261 1147
1504680600 261 1147 261 1147
1504680300 261 1147 261 1147
1504680000 261 1147 261 1147
1504679700 261 1147 261 1147
1504679400 261 1147 261 1147
1504679100 261 1147 261 1147
1504678800 261 1147 261 1147
1504678500 261 1147 261 1147
1504678200 261 1147 261 1147
1504677900 261 1147 261 1147
1504677600 261 1147 261 1147
1504677300 261 1147 261 1147
1504677000 261 1147 261 1147
1504676700 261 1147 261 1147
1504676400 261 1147 261 1147
1504676100 261 1147 261 1147
1504675800 261 1147 261 1147
1504675500 261 1147 261 1147
1504675200 261 1147 261 1147
1504674900 261 1147 261 1147
1504674600 261 1147 261 1147
1504674300 261 1147 261 1147
1504674000 261 1147 261 1147
1504673700 261 1147 261 1147
1504673400 261 1147 261 1147
1504673100 261 1147 261 1147
1504672800 261 1147 261 1147
1504672500 261 1147 261 1147
1504672200 261 1147 261 1147
1504671900 261 1147 261 1147
1504671600 261 1147 261 1147
1504671300 261 1147 261 1147
1504671000 261 1147 261 1147
1504670700 261 1147 261 1147
1504670400 261 1147 261 1147
1504670100 261 1147 261 1147
1504669800 261 1147 261 1147
1504669500 261 1147 261 1147
1504669200 261 1147 261 1147
1504668900 261 1147 261 1147
1504668600 261 1147 261 1147
1504668300 261 1147 261 1147
1504668000 261 1147 261 1147
1504667700 261 1147 261 1147
1504667400 261 1147 261 1147
1504667100 261 1147 261 1147
1504666800 261 1147 261 1147
1504666500 261 1147 261 1147
1504666200 261 1147 261 1147
1504665900 261 1147 261 1147
1504665600 261 1147 261 1147
1504665300 261 1147 261 1147
1504665000 261 1147 261 1147
1504664700 261 1147 261 1147
1504664400 261 1147 261 1147
1504664100 261 1147 261 1147
1504663800 261 1147 261 1147
1504663500 261 1147 261 1147
1504663200 261 1147 261 1147
1504662900 261 1147 261 1147
1504662600 261 1147 261 1147
1504662300 261 1147 261 1147
1504662000 261 1147 261 1147
1504661700 261 1147 261 1147
1504661400 261 1147 261 1147
1504661100 261 1147 261 1147
1504660800 261 1147 261 1147
1504660500 261 1147 261 1147
1504660200 261 1147 261 1147
1504659900 261 1147 261 1147
1504659600 261 1147 261 1147
1504659300 261 1147 261 1147
1504659000 261 1147 261 1147
1504658700 261 1147 261 1147
1504658400 261 1147 261 1147
1504658100 261 1147 261 1147
1504657800 261 1147 261 1147
1504657500 261 1147 261 1147
1504657200 261 1147 261 1147
1504656900 261 1147 261 1147
1504656600 261 1147 261 1147
1504656300 261 1147 261 1147
1504656000 261 1147 261 1147
1504655700 261 1147 261 1147
1504655400 261 1147 261 1147
1504655100 261 1147 261 1147
1504654800 261 1147 261 1147
1504654500 261 1147 261 1147
1504654200 261 1147 261 1147
1504653900 261 1147 261 1147
1504653600 261 1147 261 1147
1504653300 261 1147 261 1147
1504653000 261 1147 261 1147
1504652700 261 1147 261 1147
1504652400 261 1147 261 1147
1504652100 261 1147 261 1147
1504651800 261 1147 261 1147
1504651500 261 1147 261 1147
1504651200 261 1147 261 1147
1504650900 261 1147 261 1147
1504650600 261 1147 261 1147
1504650300 261 1147 261 1147
1504650000 261 1147 261 1147
1504649700 261 1147 261 1147
1504649400 261 1147 261 1147
1504649100 261 1147 261 1147
1504648800 261 1147 261 1147
1504648500 261 1147 261 1147
1504648200 261 1147 261 1147
1504647900 261 1147 261 1147
1504647600 261 1147 261 1147
1504647300 261 1147 261 1147
1504647000 261 1147 261 1147
1504646700 261 1147 261 1147
1504646400 261 1147 261 1147
1504646100 261 1147 261 1147
1504645800 261 1147 261 1147
1504645500 261 1147 261 1147
1504645200 261 1147 261 1147
1504644900 261 1147 261 1147
1504644600 261 1147 261 1147
1504644300 261 1147 261 1147
1504644000 261 1147 261 1147
1504643700 261 1147 261 1147
1504643400 261 1147 261 1147
1504643100 261 1147 261 1147
1504642800 261 1147 261 1147
1504642500 261 1147 261 1147
1504642200 261 1147 261 1147
1504641900 261 1147 261 1147
1504641600 261 1147 261 1147
1504641300 261 1147 261 1147
1504641000 261 1147 261 1147
1504640700 261 1147 261 1147
1504640400 261 1147 261 1147
1504640100 261 1147 261 1147
1504639800 261 1147 261 1147
1504639500 261 1147 261 1147
1504639200 261 1147 261 1147
1504638900 261 1147 261 1147
1504638600 261 1147 261 1147
1504638300 261 1147 261 1147
1504638000 261 1147 261 1147
1504637700 261 1147 261 1147
1504637400 261 1147 261 1147
1504636200 261 1147 261 1147
1504634400 261 1147 261 1147
1504632600 261 1147 261 1147
1504630800 261 1147 261 1147
1504629000 261 1147 261 1147
1504627200 261 1147 261 1147
1504625400 261 1147 261 1147
1504623600 261 1147 261 1147
1504621800 261 1147 261 1147
1504620000 261 1147 261 1147
1504618200 261 1147 261 1147
1504616400 261 1147 261 1147
1504614600 261 1147 261 1147
1504612800 261 1147 261 1147
1504611000 261 1147 261 1147
1504609200 261 1147 261 1147
1504607400 261 1147 261 1147
1504605600 261 1147 261 1147
1504603800 261 1147 261 1147
1504602000 261 1147 261 1147
1504600200 261 1147 261 1147
1504598400 261 1147 261 1147
1504596600 261 1147 261 1147
1504594800 261 1147 261 1147
1504593000 261 1147 261 1147
1504591200 261 1147 261 1147
1504589400 261 1147 261 1147
1504587600 261 1147 261 1147
1504585800 261 1147 261 1147
1504584000 261 1147 261 1147
1504582200 261 1147 261 1147
1504580400 261 1147 261 1147
1504578600 261 1147 261 1147
1504576800 261 1147 261 1147
1504575000 261 1147 261 1147
1504573200 261 1147 261 1147
1504571400 261 1147 261 1147
1504569600 261 1147 261 1147
1504567800 261 1147 261 1147
1504566000 261 1147 261 1147
1504564200 261 1147 261 1147
1504562400 261 1147 261 1147
1504560600 261 1147 261 1147
1504558800 261 1147 261 1147
1504557000 261 1147 261 1147
1504555200 261 1147 261 1147
1504553400 261 1147 261 1147
1504551600 261 1147 261 1147
1504549800 261 1147 261 1147
1504548000 261 1147 261 1147
1504546200 261 1147 261 1147
1504544400 261 1147 261 1147
1504542600 261 1147 261 1147
1504540800 261 1147 261 1147
1504539000 261 1147 261 1147
1504537200 261 1147 261 1147
1504535400 261 1147 261 1147
1504533600 261 1147 261 1147
1504531800 261 1147 261 1147
1504530000 261 1147 261 1147
1504528200 261 1147 261 1147
1504526400 261 1147 261 1147
1504524600 261 1147 261 1147
1504522800 261 1147 261 1147
1504521000 261 1147 261 1147
1504519200 261 1147 261 1147
1504517400 261 1147 261 1147
1504515600 261 1147 261 1147
1504513800 261 1147 261 1147
1504512000 261 1147 261 1147
1504510200 261 1147 261 1147
1504508400 261 1147 261 1147
1504506600 261 1147 261 1147
1504504800 261 1147 261 1147
1504503000 261 1147 261 1147
1504501200 261 1147 261 1147
1504499400 261 1147 261 1147
1504497600 261 1147 261 1147
1504495800 261 1147 261 1147
1504494000 261 1147 261 1147
1504492200 261 1147 261 1147
1504490400 261 1147 261 1147
1504488600 261 1147 261 1147
1504486800 261 1147 261 1147
1504485000 261 1147 261 1147
1504483200 261 1147 261 1147
1504481400 261 1147 261 1147
1504479600 261 1147 261 1147
1504477800 261 1147 261 1147
1504476000 261 1147 261 1147
1504474200 261 1147 261 1147
1504472400 261 1147 261 1147
1504470600 261 1147 261 1147
1504468800 261 1147 261 1147
1504467000 261 1147 261 1147
1504465200 261 1147 261 1147
1504463400 261 1147 261 1147
1504461600 261 1147 261 1147
1504459800 261 1147 261 1147
1504458000 261 1147 261 1147
1504456200 261 1147 261 1147
1504454400 261 1147 261 1147
1504452600 261 1147 261 1147
1504450800 261 1147 261 1147
1504449000 261 1147 261 1147
1504447200 261 1147 261 1147
1504445400 261 1147 261 1147
1504443600 261 1147 261 1147
1504441800 261 1147 261 1147
1504440000 261 1147 261 1147
1504438200 261 1147 261 1147
1504436400 261 1147 261 1147
1504434600 261 1147 261 1147
1504432800 261 1147 261 1147
1504431000 261 1147 261 1147
1504429200 261 1147 261 1147
1504427400 261 1147 261 1147
1504425600 261 1147 261 1147
1504423800 261 1147 261 1147
1504422000 261 1147 261 1147
1504420200 261 1147 261 1147
1504418400 261 1147 261 1147
1504416600 261 1147 261 1147
1504414800 261 1147 261 1147
1504413000 261 1147 261 1147
1504411200 261 1147 261 1147
1504409400 261 1147 261 1147
1504407600 261 1147 261 1147
1504405800 261 1147 261 1147
1504404000 261 1147 261 1147
1504402200 261 1147 261 1147
1504400400 261 1147 261 1147
1504398600 261 1147 261 1147
1504396800 261 1147 261 1147
1504395000 261 1147 261 1147
1504393200 261 1147 261 1147
1504391400 261 1147 261 1147
1504389600 261 1147 261 1147
1504387800 261 1147 261 1147
1504386000 261 1147 261 1147
1504384200 261 1147 261 1147
1504382400 261 1147 261 1147
1504380600 261 1147 261 1147
1504378800 261 1147 261 1147
1504377000 261 1147 261 1147
1504375200 261 1147 261 1147
1504373400 261 1147 261 1147
1504371600 261 1147 261 1147
1504369800 261 1147 261 1147
1504368000 261 1147 261 1147
1504366200 261 1147 261 1147
1504364400 261 1147 261 1147
1504362600 261 1147 261 1147
1504360800 261 1147 261 1147
1504359000 261 1147 261 1147
1504357200 261 1147 261 1147
1504355400 261 1147 261 1147
1504353600 261 1147 261 1147
1504351800 261 1147 261 1147
1504350000 261 1147 261 1147
1504348200 261 1147 261 1147
1504346400 261 1147 261 1147
1504344600 261 1147 261 1147
1504342800 261 1147 261 1147
1504341000 261 1147 261 1147
1504339200 261 1147 261 1147
1504337400 261 1147 261 1147
1504335600 261 1147 261 1147
1504333800 261 1147 261 1147
1504332000 261 1147 261 1147
1504330200 261 1147 261 1147
1504328400 261 1147 261 1147
1504326600 261 1147 261 1147
1504324800 261 1147 261 1147
1504323000 261 1147 261 1147
1504321200 261 1147 261 1147
1504319400 261 1147 261 1147
1504317600 261 1147 261 1147
1504315800 261 1147 261 1147
1504314000 261 1147 261 1147
1504312200 261 1147 261 1147
1504310400 261 1147 261 1147
1504308600 261 1147 261 1147
1504306800 261 1147 261 1147
1504305000 261 1147 261 1147
1504303200 261 1147 261 1147
1504301400 261 1147 261 1147
1504299600 261 1147 261 1147
1504297800 344 1418 510 1707
1504296000 299 1860 430 3673
1504294200 275 1364 402 1978
1504292400 394 1749 677 3902
1504290600 672 4554 1768 16170
1504288800 1323 10076 4775 42070
1504287000 314 1668 581 2284
1504285200 1226 8643 4498 43052
1504283400 26630 5350 156480 15839
1504281600 1332 9936 1968 35504
1504279800 580 3444 1447 10231
1504278000 271 1548 330 1731
1504276200 2934 71119 9149 270651
1504274400 5621 160658 9174 275345
1504272600 1476 21733 1796 26855
1504270800 844 8360 4385 28326
1504269000 1696 18575 4385 28326
1504267200 328 1570 657 5011
1504265400 255 766 292 838
1504263600 230 759 248 870
1504261800 242 762 291 920
1504260000 230 694 250 812
1504258200 223 716 246 819
1504256400 266 1155 367 3191
1504254600 233 733 277 878
1504252800 356 1455 900 5049
1504251000 309 814 651 1169
1504249200 231 722 277 1030
1504247400 256 736 316 974
1504245600 235 704 253 879
1504243800 245 807 312 977
1504242000 242 754 309 880
1504240200 263 1103 363 3016
1504238400 36804 2769 219029 8223
1504236600 271 779 292 881
1504234800 243 735 272 931
1504233000 257 710 319 836
1504231200 275 786 378 990
1504229400 290 807 429 1137
1504227600 261 763 344 974
1504225800 298 1647 428 6114
1504224000 354 1480 811 5020
1504222200 266 772 326 913
1504220400 316 800 551 1340
1504218600 309 785 523 1035
1504216800 268 830 329 1049
1504215000 285 1075 351 1357
1504213200 269 1475 303 1766
1504211400 373 3118 1188 8134
1504209600 1178 9040 2374 27576
1504207800 3744 10232 13813 102774
1504206000 1428 18546 6667 102774
1504204200 800 2740 2792 23383
1504202400 2132 14963 26521 910478
1504200600 6694 163965 26521 910478
1504198800 342 2551 835 6778
1504197000 2778 1877 39072 7113
1504195200 7029 7027 39072 15862
1504193400 22 1357 22 1643
1504191600 22 1416 22 1549
1504189800 22 1220 22 1507
1504188000 22 1406 22 2204
1504186200 22 1529 22 2204
1504184400 224 1734 2137 35998
1504182600 1222 16411 2137 35998
1504180800 403 1620 695 3124
1504179000 276 1175 612 1437
1504177200 232 1174 277 1516
1504175400 221 1062 244 1136
1504173600 247 1097 359 1232
1504171800 226 1074 279 1110
1504170000 243 1149 290 1444
1504168200 221 1073 288 1162
1504166400 275 1467 432 3227
1504164600 273 1150 503 1315
1504162800 258 1157 316 1335
1504161000 216 1054 263 1150
1504159200 233 1088 318 1292
1504157400 231 1090 301 1617
1504155600 243 1256 471 3423
1504153800 267 1167 471 2799
1504152000 36703 1994 218902 5844
1504150200 309 990 663 1352
1504148400 242 894 334 1150
1504146600 282 1566 476 4868
1504144800 275 1023 514 6322
1504143000 380 2236 885 6322
1504141200 293 1801 534 6117
1504139400 240 916 771 1119
1504137600 372 1308 771 2958
1504135800 227 883 340 1071
1504134000 251 1048 387 1844
1504132200 373 2405 852 5792
1504130400 246 962 337 1235
1504128600 243 1415 337 2104
1504126800 338 1858 516 4170
1504125000 421 2537 2912 4170
1504123200 4350 5472 18038 11461
1504121400 1421 8739 1992 19114
1504119600 703 8363 1087 17443
1504117800 274 1776 352 2132
1504116000 342 2059 649 4088
1504114200 741 6695 1116 17703
1504112400 990 8937 2196 19084
1504110600 5305 5266 28278 19084
1504108800 454 2877 1008 4539
1504107000 1152 8228 2022 21594
1504105200 1458 4196 4788 9256
1504103400 2356 13918 4788 17712
1504101600 1524 10342 3602 26584
1504099800 1044 11876 1585 21056
1504098000 978 10879 1252 17643
1504096200 1150 13692 1519 20374
1504094400 746 2968 1891 7593
1504092600 277 890 562 1079
1504090800 193 796 256 894
1504089000 234 923 292 1195
1504087200 194 789 258 971
1504085400 268 913 522 1131
1504083600 198 804 239 890
1504081800 223 845 319 930
1504080000 248 1464 559 4946
1504078200 203 831 255 938
1504076400 198 805 233 901
1504074600 226 920 287 1144
1504072800 186 775 239 867
1504071000 315 917 739 1195
1504069200 276 943 512 1464
1504067400 254 930 344 1186
1504065600 36782 2402 219044 5725
1504063800 305 1579 482 3363
1504062000 229 851 284 952
1504060200 291 1723 603 5905
1504058400 260 907 432 1055
1504056600 231 867 272 1074
1504054800 245 906 308 1074
1504053000 298 996 488 1174
1504051200 314 1590 685 5219
1504049400 248 879 304 979
1504047600 233 869 278 979
1504045800 314 1654 700 5162
1504044000 273 1115 502 1670
1504042200 231 1412 334 3297
1504040400 226 1491 600 4295
1504038600 569 2626 1273 4297
1504036800 615 3583 1416 8697
1504035000 277 2039 1416 3318
1504033200 1821 7121 5814 18688
1504031400 894 5640 1873 21698
1504029600 1222 8875 2837 21698
1504027800 613 6563 1226 15743
1504026000 237 1636 345 2004
1504024200 31839 3570 188645 7556
1504022400 410 3627 1117 7841
1504020600 282 2118 535 2918
1504018800 1066 7816 2465 23823
1504017000 1001 5810 5381 24674
1504015200 1707 7390 5381 21278
1504013400 2630 21464 4850 42754
1504011600 1121 15492 1972 30364
1504009800 1029 13076 2051 28023
1504008000 931 11674 2051 28023
1504006200 203 829 271 990
1504004400 198 761 271 907
1504002600 196 790 280 1159
1504000800 217 804 280 995
1503999000 258 1231 663 3078
1503997200 349 1626 663 5807
1503995400 221 779 344 1022
1503993600 314 1842 853 7184
1503991800 194 737 267 838
1503990000 197 740 267 785
1503988200 237 833 366 1094
1503986400 204 814 291 1039
1503984600 902 30484 4378 178504
1503982800 192 708 254 838
1503981000 256 793 515 1178
1503979200 36748 2772 218692 7110
1503977400 279 1225 471 3127
1503975600 199 756 222 875
1503973800 180 721 330 1144
1503972000 259 942 404 1144
1503970200 183 753 630 6370
1503968400 253 1664 630 6370
1503966600 308 1762 588 5018
1503964800 344 2087 889 7150
1503963000 276 1493 605 4946
1503961200 203 767 288 988
1503959400 366 2885 798 10978
1503957600 262 1246 381 1512
1503955800 396 2400 1134 5745
1503954000 232 1553 468 3262
1503952200 413 2382 977 4113
1503950400 1537 12051 3530 23759
1503948600 1267 9084 3530 21464
1503946800 742 3617 1473 9476
1503945000 489 2174 2874 47888
1503943200 959 9724 2874 47888
1503941400 655 3041 1134 7978
1503939600 787 5747 1652 15635
1503937800 1034 6821 76293 14203
1503936000 14062 38241 76293 116776
1503934200 716 1963 1194 3162
1503932400 401 2409 997 6681
1503930600 423 2006 846 7289
1503928800 548 3218 1293 10966
1503927000 761 3996 1293 10966
1503925200 726 1668 1672 2857
1503923400 1119 12947 2318 27943
1503921600 39648 23180 219399 62944
1503919800 28 435 29 464
1503918000 27 465 29 531
1503916200 27 414 29 452
1503914400 27 412 29 448
1503912600 27 420 29 455
1503910800 27 413 29 448
1503909000 27 414 29 455
1503907200 27 412 29 452
1503905400 27 417 29 457
1503903600 27 414 29 442
1503901800 27 422 29 462
1503900000 27 413 29 462
1503898200 27 418 29 460
1503896400 27 418 29 450
1503894600 27 414 29 473
1503892800 27 465 29 483
1503891000 27 460 29 491
1503889200 27 463 29 507
1503887400 27 456 29 497
1503885600 27 461 29 482
1503883800 26 462 29 489
1503882000 27 465 29 506
1503880200 27 456 29 510
1503878400 27 459 29 503
1503876600 27 470 29 502
1503874800 27 461 29 526
1503873000 27 465 29 503
1503871200 27 457 29 507
1503869400 27 465 29 526
1503867600 27 467 29 515
1503865800 27 471 29 489
1503864000 27 459 29 490
1503862200 27 465 29 516
1503860400 27 456 29 506
1503858600 27 414 29 444
1503856800 27 416 29 484
1503855000 27 418 29 488
1503853200 27 420 29 477
1503851400 27 413 29 462
1503849600 27 424 29 456
1503847800 27 420 29 461
1503846000 27 420 29 466
1503844200 27 415 29 457
1503842400 26 415 29 449
1503840600 27 434 29 470
1503838800 27 415 29 469
1503837000 27 423 29 472
1503835200 27 410 29 455
1503833400 27 423 29 447
1503831600 27 418 29 445
1503829800 27 416 29 465
1503828000 27 417 29 461
1503826200 27 424 29 454
1503824400 27 427 29 440
1503822600 27 419 29 469
1503820800 27 414 29 452
1503819000 27 420 29 454
1503817200 27 419 29 453
1503815400 27 421 29 448
1503813600 27 421 29 449
1503811800 27 418 29 462
1503810000 27 415 29 459
1503808200 27 414 29 439
1503806400 27 411 29 442
1503804600 27 422 29 458
1503802800 27 413 29 444
1503801000 27 413 29 447
1503799200 27 412 29 467
1503797400 27 429 29 444
1503795600 27 415 29 469
1503793800 27 415 29 448
1503792000 27 413 29 474
1503790200 27 424 29 474
1503788400 27 422 29 456
1503786600 27 420 29 453
1503784800 27 411 29 432
1503783000 27 423 29 453
1503781200 27 416 29 443
1503779400 27 417 29 459
1503777600 27 414 29 444
1503775800 27 424 29 463
1503774000 27 418 29 450
1503772200 27 424 29 448
1503770400 27 417 29 448
1503768600 27 422 29 448
1503766800 27 416 29 437
1503765000 27 417 29 449
1503763200 27 417 29 449
1503761400 27 424 29 460
1503759600 27 417 29 439
1503757800 27 417 29 458
1503756000 27 412 29 439
1503754200 27 423 29 450
1503752400 27 420 29 458
1503750600 27 416 29 462
1503748800 27 412 29 450
1503747000 27 421 29 488
1503745200 28 420 29 447
1503743400 27 416 29 435
1503741600 27 417 29 449
1503739800 27 424 29 448
1503738000 27 416 29 444
1503736200 27 424 29 462
1503734400 27 415 29 445
1503732600 27 420 29 454
1503730800 28 414 29 446
1503729000 27 418 29 470
1503727200 27 415 29 459
1503725400 27 418 29 482
1503723600 27 416 29 464
1503721800 28 418 29 480
1503720000 27 468 29 487
1503718200 27 462 29 502
1503716400 28 463 29 512
1503714600 27 460 29 488
1503712800 27 463 29 519
1503711000 27 467 29 484
1503709200 27 470 29 515
1503707400 27 459 29 515
1503705600 27 461 29 505
1503703800 27 460 29 493
1503702000 28 428 29 462
1503700200 27 452 29 555
1503698400 27 517 29 573
1503696600 27 587 29 716
1503694800 27 693 29 842
1503693000 27 916 29 1217
1503691200 27 1194 29 1382
1503689400 27 1124 29 1348
1503687600 27 1091 29 1276
1503685800 27 1261 29 1453
1503684000 27 1093 29 1231
1503682200 27 1112 29 1239
1503680400 27 1131 29 1210
1503678600 27 1107 29 1401
1503676800 27 1334 29 1662
1503675000 27 1143 29 1547
1503673200 27 1215 29 1709
1503671400 27 1341 29 1598
1503669600 27 1513 29 2212
1503667800 27 1273 29 1671
1503666000 27 1099 29 1233
1503664200 27 944 29 1277
1503662400 27 691 29 968
1503660600 27 591 29 689
1503658800 27 560 29 601
1503657000 27 564 29 599
1503655200 27 565 29 617
1503653400 27 571 29 612
1503651600 27 560 29 595
1503649800 27 561 29 589
1503648000 27 557 29 614
1503646200 27 569 29 611
1503644400 27 566 29 636
1503642600 27 564 29 664
1503640800 27 565 29 660
1503639000 27 580 29 660
1503637200 27 560 29 581
1503635400 27 580 29 632
1503633600 27 554 29 622
1503631800 27 583 29 642
1503630000 27 562 29 594
1503628200 27 556 29 599
1503626400 27 557 29 594
1503624600 27 589 29 672
1503622800 27 537 29 653
1503621000 27 562 29 653
1503619200 27 535 29 584
1503617400 27 550 29 599
1503615600 27 550 29 634
1503613800 27 626 29 972
1503612000 27 677 29 1077
1503610200 27 970 29 1081
1503608400 27 883 29 1049
1503606600 27 1128 29 1270
1503604800 27 1225 29 1379
1503603000 27 1317 29 1541
1503601200 27 1229 29 1555
1503599400 27 1220 29 1562
1503597600 27 1309 29 1562
1503595800 27 1354 29 2116
1503594000 27 1199 29 1565
1503592200 27 1203 29 1492
1503590400 27 1301 29 1609
1503588600 27 1209 29 1461
1503586800 27 1292 29 1749
1503585000 27 1401 29 1749
1503583200 27 1282 29 1550
1503581400 27 1430 29 1936
1503579600 27 1085 29 1278
1503577800 27 918 29 1205
1503576000 27 677 29 1111
1503574200 27 591 29 729
1503572400 27 578 29 635
1503570600 26 600 29 646
1503568800 27 596 29 635
1503567000 27 596 29 660
1503565200 28 595 29 660
1503563400 28 591 29 631
1503561600 27 598 29 682
1503559800 28 583 28 682
1503558000 27 564 29 644
1503556200 27 580 29 644
1503554400 27 577 29 666
1503547200 27 601 29 668
1503540000 27 612 29 697
1503532800 27 599 29 670
1503525600 27 886 29 1262
1503518400 79 1673 388 7270
1503511200 197 4636 1550 37996
1503504000 132 1869 704 10174
1503496800 98 1347 299 2563
1503489600 45 605 255 1528
1503482400 27 532 29 598
1503475200 27 577 29 619
1503468000 27 582 29 994
1503460800 27 556 29 782
1503453600 27 533 29 616
1503446400 27 585 29 740
1503439200 27 1074 29 1617
1503432000 27 1476 29 1795
1503424800 27 1575 29 2147
1503417600 27 1716 29 2342
1503410400 27 1391 29 1979
1503403200 27 663 29 1265
1503396000 27 589 29 834
1503388800 27 582 29 637
1503381600 27 469 29 630
1503374400 27 439 27 439
1503367200 27 439 27 439
1503360000 27 439 27 439
1503352800 27 439 27 439
1503345600 27 439 27 439
1503338400 27 439 27 439
1503331200 27 439 27 439
1503324000 27 439 27 439
1503316800 27 439 27 439
1503309600 27 439 27 439
1503302400 27 439 27 439
1503295200 27 439 27 439
1503288000 27 439 27 439
1503280800 27 439 27 439
1503273600 27 439 27 439
1503266400 27 439 27 439
1503259200 27 439 27 439
1503252000 27 439 27 439
1503244800 27 439 27 439
1503237600 27 439 27 439
1503230400 27 439 27 439
1503223200 27 439 27 439
1503216000 27 439 27 439
1503208800 27 439 27 439
1503201600 27 439 27 439
1503194400 27 439 27 439
1503187200 27 439 27 439
1503180000 27 439 27 439
1503172800 27 439 27 439
1503165600 27 439 27 439
1503158400 27 439 27 439
1503151200 27 439 27 439
1503144000 27 439 27 439
1503136800 27 439 27 439
1503129600 27 439 27 439
1503122400 27 439 27 439
1503115200 27 439 27 439
1503108000 27 439 27 439
1503100800 27 439 27 439
1503093600 27 439 27 439
1503086400 27 439 27 439
1503079200 27 439 27 439
1503072000 27 439 27 439
1503064800 27 439 27 439
1503057600 27 439 27 439
1503050400 27 439 27 439
1503043200 27 439 27 439
1503036000 27 439 27 439
1503028800 27 439 27 439
1503021600 27 439 27 439
1503014400 27 439 27 439
1503007200 27 439 27 439
1503000000 27 439 27 439
1502992800 27 439 27 439
1502985600 27 439 27 439
1502978400 27 439 27 439
1502971200 27 439 27 439
1502964000 27 439 27 439
1502956800 27 439 27 439
1502949600 27 439 27 439
1502942400 27 439 27 439
1502935200 27 439 27 439
1502928000 27 439 27 439
1502920800 27 439 27 439
1502913600 27 439 27 439
1502906400 27 439 27 439
1502899200 27 439 27 439
1502892000 27 439 27 439
1502884800 27 439 27 439
1502877600 27 439 27 439
1502870400 27 439 27 439
1502863200 27 439 27 439
1502856000 27 439 27 439
1502848800 27 439 27 439
1502841600 27 439 27 439
1502834400 27 439 27 439
1502827200 27 439 27 439
1502820000 27 439 27 439
1502812800 27 439 27 439
1502805600 27 439 27 439
1502798400 27 439 27 439
1502791200 27 439 27 439
1502784000 27 439 27 439
1502776800 27 439 27 439
1502769600 27 439 27 439
1502762400 27 439 27 439
1502755200 27 439 27 439
1502748000 27 439 27 439
1502740800 27 439 27 439
1502733600 27 439 27 439
1502726400 27 439 27 439
1502719200 27 439 27 439
1502712000 27 439 27 439
1502704800 27 439 27 439
1502697600 27 439 27 439
1502690400 27 439 27 439
1502683200 27 439 27 439
1502676000 27 439 27 439
1502668800 27 439 27 439
1502661600 27 439 27 439
1502654400 27 439 27 439
1502647200 27 439 27 439
1502640000 27 439 27 439
1502632800 27 439 27 439
1502625600 27 439 27 439
1502618400 27 439 27 439
1502611200 27 439 27 439
1502604000 27 439 27 439
1502596800 27 439 27 439
1502589600 27 439 27 439
1502582400 27 439 27 439
1502575200 27 439 27 439
1502568000 27 439 27 439
1502560800 27 439 27 439
1502553600 27 439 27 439
1502546400 27 439 27 439
1502539200 27 439 27 439
1502532000 27 439 27 439
1502524800 27 439 27 439
1502517600 27 439 27 439
1502510400 27 439 27 439
1502503200 27 439 27 439
1502496000 27 439 27 439
1502488800 27 439 27 439
1502481600 27 439 27 439
1502474400 27 439 27 439
1502467200 27 439 27 439
1502460000 27 439 27 439
1502452800 27 439 27 439
1502445600 27 439 27 439
1502438400 27 439 27 439
1502431200 27 439 27 439
1502424000 27 439 27 439
1502416800 27 439 27 439
1502409600 27 439 27 439
1502402400 27 439 27 439
1502395200 27 439 27 439
1502388000 27 439 27 439
1502380800 27 439 27 439
1502373600 27 439 27 439
1502366400 27 439 27 439
1502359200 27 439 27 439
1502352000 27 439 27 439
1502344800 27 439 27 439
1502337600 27 439 27 439
1502330400 27 439 27 439
1502323200 27 439 27 439
1502316000 27 439 27 439
1502308800 27 439 27 439
1502301600 27 439 27 439
1502294400 27 439 27 439
1502287200 27 439 27 439
1502280000 27 439 27 439
1502272800 27 439 27 439
1502265600 27 439 27 439
1502258400 27 439 27 439
1502251200 27 439 27 439
1502244000 27 439 27 439
1502236800 27 439 27 439
1502229600 27 439 27 439
1502222400 27 439 27 439
1502215200 27 439 27 439
1502208000 27 439 27 439
1502200800 27 439 27 439
1502193600 27 439 27 439
1502186400 27 439 27 439
1502179200 27 439 27 439
1502172000 27 439 27 439
1502164800 27 439 27 439
1502157600 27 439 27 439
1502150400 27 439 27 439
1502143200 27 439 27 439
1502136000 27 439 27 439
1502128800 27 439 27 439
1502121600 27 439 27 439
1502114400 27 439 27 439
1502107200 27 439 27 439
1502100000 27 439 27 439
1502092800 27 439 27 439
1502085600 27 439 27 439
1502078400 27 439 27 439
1502071200 27 439 27 439
1502064000 27 439 27 439
1502056800 27 439 27 439
1502049600 27 439 27 439
1502042400 27 439 27 439
1502035200 27 439 27 439
1502028000 27 439 27 439
1502020800 27 439 27 439
1502013600 27 439 27 439
1502006400 27 439 27 439
1501999200 27 439 27 439
1501992000 27 439 27 439
1501984800 27 439 27 439
1501977600 27 439 27 439
1501970400 27 439 27 439
1501963200 27 439 27 439
1501956000 27 439 27 439
1501948800 27 439 27 439
1501941600 27 439 27 439
1501934400 27 439 27 439
1501927200 27 439 27 439
1501920000 27 439 27 439
1501912800 27 439 27 439
1501905600 27 439 27 439
1501898400 27 439 27 439
1501891200 27 439 27 439
1501884000 27 439 27 439
1501876800 27 439 27 439
1501869600 27 439 27 439
1501862400 27 439 27 439
1501855200 27 439 27 439
1501848000 27 439 27 439
1501840800 27 439 27 439
1501833600 27 439 27 439
1501826400 27 439 27 439
1501819200 27 439 27 439
1501812000 27 439 27 439
1501804800 27 439 27 439
1501797600 27 439 27 439
1501790400 27 439 27 439
1501783200 27 439 27 439
1501776000 27 439 27 439
1501768800 27 439 27 439
1501761600 27 439 27 439
1501754400 27 439 27 439
1501747200 27 439 27 439
1501740000 27 439 27 439
1501732800 27 439 27 439
1501725600 27 439 27 439
1501718400 27 439 27 439
1501711200 27 439 27 439
1501704000 27 439 27 439
1501696800 27 439 27 439
1501689600 27 439 27 439
1501682400 27 439 27 439
1501675200 27 439 27 439
1501668000 27 439 27 439
1501660800 27 439 27 439
1501653600 27 439 27 439
1501646400 27 439 27 439
1501639200 27 439 27 439
1501632000 27 439 27 439
1501624800 27 439 27 439
1501617600 27 439 27 439
1501610400 27 439 27 439
1501603200 27 439 27 439
1501596000 27 439 27 439
1501588800 27 439 27 439
1501581600 27 439 27 439
1501574400 27 439 27 439
1501567200 27 439 27 439
1501560000 27 439 27 439
1501552800 27 439 27 439
1501545600 27 439 27 439
1501538400 27 439 27 439
1501531200 27 439 27 439
1501524000 27 439 27 439
1501516800 27 439 27 439
1501509600 27 439 27 439
1501502400 27 439 27 439
1501495200 27 439 27 439
1501488000 27 439 27 439
1501480800 27 439 27 439
1501473600 27 439 27 439
1501466400 27 439 27 439
1501459200 27 439 27 439
1501452000 27 439 27 439
1501444800 27 439 27 439
1501437600 27 439 27 439
1501430400 27 439 27 439
1501423200 27 439 27 439
1501416000 27 439 27 439
1501408800 27 439 27 439
1501401600 27 439 27 439
1501394400 27 439 27 439
1501387200 27 439 27 439
1501380000 27 439 27 439
1501372800 27 439 27 439
1501365600 27 439 27 439
1501358400 27 439 27 439
1501351200 27 439 27 439
1501344000 27 439 27 439
1501336800 27 439 27 439
1501329600 27 439 27 439
1501322400 27 439 27 439
1501315200 27 439 27 439
1501308000 27 439 27 439
1501300800 27 439 27 439
1501293600 27 439 27 439
1501286400 27 439 27 439
1501279200 27 439 27 439
1501272000 27 439 27 439
1501264800 27 439 27 439
1501257600 27 439 27 439
1501250400 27 439 27 439
1501243200 27 439 27 439
1501236000 27 439 27 439
1501228800 27 439 27 439
1501221600 27 439 27 439
1501214400 27 439 27 439
1501207200 27 439 27 439
1501200000 27 439 27 439
1501192800 27 439 27 439
1501185600 27 439 27 439
1501178400 27 439 27 439
1501171200 27 439 27 439
1501164000 27 439 27 439
1501156800 27 439 27 439
1501149600 27 439 27 439
1501142400 27 439 27 439
1501135200 27 439 27 439
1501128000 27 439 27 439
1501120800 27 439 27 439
1501113600 27 439 27 439
1501106400 27 439 27 439
1501099200 27 439 27 439
1501092000 27 439 27 439
1501084800 27 439 27 439
1501077600 27 439 27 439
1501070400 27 439 27 439
1501063200 27 439 27 439
1501056000 27 439 27 439
1501048800 27 439 27 439
1501041600 27 439 27 439
1501034400 27 439 27 439
1501027200 27 439 27 439
1501020000 27 439 27 439
1501012800 27 439 27 439
1501005600 27 439 27 439
1500998400 27 439 27 439
1500991200 27 439 27 439
1500984000 27 439 27 439
1500976800 27 439 27 439
1500969600 27 439 27 439
1500962400 27 439 27 439
1500955200 27 439 27 439
1500948000 27 439 27 439
1500940800 27 439 27 439
1500933600 27 439 27 439
1500926400 27 439 27 439
1500919200 27 439 27 439
1500912000 27 439 27 439
1500904800 27 439 27 439
1500897600 27 439 27 439
1500890400 27 439 27 439
1500883200 27 439 27 439
1500876000 27 439 27 439
1500868800 27 439 27 439
1500861600 27 439 27 439
1500854400 27 439 27 439
1500847200 27 439 27 439
1500840000 27 439 27 439
1500832800 27 439 27 439
1500825600 27 439 27 439
1500818400 27 439 27 439
1500811200 27 439 27 439
1500804000 27 439 27 439
1500796800 27 439 27 439
1500789600 27 439 27 439
1500782400 27 439 27 439
1500775200 27 439 27 439
1500768000 27 439 27 439
1500760800 27 439 27 439
1500753600 27 439 27 439
1500746400 27 439 27 439
1500739200 27 439 27 439
1500732000 27 439 27 439
1500724800 27 439 27 439
1500717600 27 452 28 529
1500710400 27 456 29 522
1500703200 27 454 29 538
1500696000 27 456 29 520
1500688800 27 460 29 555
1500681600 27 518 29 995
1500674400 27 778 29 1513
1500667200 27 1234 29 1640
1500660000 27 1293 29 1640
1500652800 27 1447 30 1677
1500645600 27 1379 29 1885
1500638400 27 759 29 907
1500631200 27 730 29 818
1500624000 27 733 29 854
1500616800 27 752 29 887
1500609600 27 745 29 872
1500602400 27 746 29 803
1500595200 27 780 29 932
1500588000 46 1435 521 2379
1500580800 226 2239 521 5810
1500573600 788 2448 11369 6851
1500566400 310 2329 11369 6806
1500559200 465 2379 2256 13473
1500552000 200 1582 2851 19493
1500544800 27 741 29 789
1500537600 27 772 29 934
1500530400 27 768 29 868
1500523200 27 793 29 868
1500516000 27 761 29 833
1500508800 27 804 29 954
1500501600 27 1136 29 1808
1500494400 27 1519 29 1867
1500487200 27 1350 29 1669
1500480000 27 1338 29 1737
1500472800 27 1058 29 1902
1500465600 28 729 28 729
1500458400 28 729 28 729
1500451200 28 729 28 729
1500444000 28 729 28 729
1500436800 28 729 28 729
1500429600 28 729 28 729
1500422400 28 729 28 729
1500415200 28 729 28 729
1500408000 28 729 28 729
1500400800 28 729 28 729
1500393600 28 729 28 729
1500386400 28 729 28 729
1500379200 28 729 28 729
1500372000 28 729 28 729
1500364800 28 729 28 729
1500357600 28 729 28 729
1500350400 28 729 28 729
1500343200 28 729 28 729
1500336000 28 729 28 729
1500328800 28 729 28 729
1500321600 28 729 28 729
1500314400 28 729 28 729
1500307200 28 729 28 729
1500300000 28 729 28 729
1500292800 28 729 28 729
1500285600 28 729 28 729
1500278400 28 729 28 729
1500271200 28 729 28 729
1500264000 28 729 28 729
1500256800 28 729 28 729
1500249600 28 729 28 729
1500242400 28 729 28 729
1500235200 28 729 28 729
1500228000 28 729 28 729
1500220800 28 729 28 729
1500213600 28 729 28 729
1500206400 28 729 28 729
1500199200 28 729 28 729
1500192000 28 729 28 729
1500184800 28 729 28 729
1500177600 28 729 28 729
1500170400 28 729 28 729
1500163200 28 729 28 729
1500156000 28 729 28 729
1500148800 28 729 28 729
1500141600 28 729 28 729
1500134400 28 729 28 729
1500127200 28 729 28 729
1500120000 28 729 28 729
1500112800 28 729 28 729
1500105600 28 729 28 729
1500098400 28 729 28 729
1500091200 28 729 28 729
1500084000 28 729 28 729
1500076800 28 729 28 729
1500069600 28 729 28 729
1500062400 28 729 28 729
1500055200 28 729 28 729
1500048000 28 729 28 729
1500040800 28 729 28 729
1500033600 28 729 28 729
1500026400 28 729 28 729
1500019200 28 729 28 729
1500012000 28 729 28 729
1500004800 28 729 28 729
1499997600 28 729 28 729
1499990400 28 729 28 729
1499983200 28 729 28 729
1499976000 28 729 28 729
1499968800 28 729 28 729
1499961600 28 729 28 729
1499954400 28 729 28 729
1499947200 28 729 28 729
1499940000 28 729 28 729
1499932800 28 729 28 729
1499925600 28 729 28 729
1499918400 28 729 28 729
1499911200 28 729 28 729
1499904000 28 729 28 729
1499896800 28 729 28 729
1499889600 28 729 28 729
1499882400 28 729 28 729
1499875200 28 729 28 729
1499868000 28 729 28 729
1499860800 28 729 28 729
1499853600 28 729 28 729
1499846400 28 729 28 729
1499839200 28 729 28 729
1499832000 28 729 28 729
1499824800 28 729 28 729
1499817600 28 729 28 729
1499810400 28 729 28 729
1499803200 28 729 28 729
1499796000 28 729 28 729
1499788800 28 729 28 729
1499781600 28 729 28 729
1499774400 28 729 28 729
1499767200 28 729 28 729
1499760000 28 729 28 729
1499752800 28 729 28 729
1499745600 28 729 28 729
1499738400 28 729 28 729
1499731200 28 729 28 729
1499724000 28 729 28 729
1499716800 28 729 28 729
1499709600 28 729 28 729
1499702400 28 729 28 729
1499695200 28 729 28 729
1499688000 28 729 28 729
1499680800 28 729 28 729
1499673600 28 729 28 729
1499666400 28 729 28 729
1499659200 28 729 28 729
1499652000 28 729 28 729
1499644800 28 729 28 729
1499637600 28 729 28 729
1499630400 28 729 28 729
1499623200 28 729 28 729
1499616000 28 729 28 729
1499608800 28 729 28 729
1499601600 28 729 28 729
1499594400 28 729 28 729
1499587200 28 729 28 729
1499580000 28 729 28 729
1499572800 28 729 28 729
1499565600 28 729 28 729
1499558400 28 729 28 729
1499551200 28 729 28 729
1499544000 28 729 28 729
1499536800 28 729 28 729
1499529600 28 729 28 729
1499522400 28 729 28 729
1499515200 28 729 28 729
1499508000 28 729 28 729
1499500800 28 729 28 729
1499493600 28 729 28 729
1499486400 28 729 28 729
1499479200 28 729 28 729
1499472000 28 729 28 729
1499464800 28 729 28 729
1499457600 28 729 28 729
1499450400 28 729 28 729
1499443200 28 729 28 729
1499436000 28 729 28 729
1499428800 28 729 28 729
1499421600 28 729 28 729
1499414400 28 729 28 729
1499407200 28 729 28 729
1499400000 28 729 28 729
1499392800 28 729 28 729
1499385600 28 729 28 729
1499378400 28 729 28 729
1499371200 28 729 28 729
1499364000 28 729 28 729
1499356800 28 729 28 729
1499349600 28 729 28 729
1499342400 28 729 28 729
1499335200 28 729 28 729
1499328000 28 729 28 729
1499320800 28 729 28 729
1499313600 28 729 28 729
1499306400 28 729 28 729
1499299200 28 729 28 729
1499292000 28 729 28 729
1499284800 28 729 28 729
1499277600 28 729 28 729
1499270400 28 729 28 729
1499263200 28 729 28 729
1499256000 28 729 28 729
1499248800 28 729 28 729
1499241600 28 729 28 729
1499234400 28 729 28 729
1499212800 28 729 28 729
1499126400 28 729 28 729
1499040000 28 729 28 729
1498953600 28 729 28 729
1498867200 28 729 28 729
1498780800 28 729 28 729
1498694400 28 729 28 729
1498608000 28 729 28 729
1498521600 28 729 28 729
1498435200 28 729 28 729
1498348800 28 729 28 729
1498262400 28 729 28 729
1498176000 28 729 28 729
1498089600 27 721 29 796
1498003200 7312 7225 2008428 792780
1497916800 883 5189 37673 241884
1497830400 27 590 29 876
1497744000 27 601 29 794
1497657600 1312 1275 318136 14172
1497571200 3100 7189 801560 1396160
1497484800 940 1885 37316 20494
1497398400 1787 4388 69389 37098
1497312000 1269 3369 16114 23649
1497225600 27 693 29 1299
1497139200 27 707 29 833
1497052800 45 1084 2081 10110
1496966400 33 1001 2006 2927
1496880000 27 997 29 2340
1496793600 27 1082 29 2204
1496707200 27 1040 29 2388
1496620800 27 708 29 1098
1496534400 27 707 29 817
1496448000 1853 2291 199821 17688
1496361600 2125 4446 199518 317190
1496275200 2213 3826 249955 105632
1496188800 1778 3506 199085 72906
1496102400 1090 2334 198878 108109
1496016000 863 1644 199065 213001
1495929600 919 1062 41879 3634
1495843200 1623 2820 199520 92498
1495756800 1417 2763 199079 23731
1495670400 1468 3383 199157 178006
1495584000 199 1033 199 1033
1495497600 199 1033 199 1033
1495411200 199 1033 199 1033
1495324800 199 1033 199 1033
1495238400 199 1033 199 1033
1495152000 1687 3565 199513 58659
1495065600 1471 2856 199387 30507
1494979200 106 1146 2910 10694
1494892800 28 840 28 840
1494806400 28 840 28 840
1494720000 1179 1932 199671 265166
1494633600 1203 2661 199456 64946
1494547200 1364 1875 199362 19130
1494460800 28 513 28 513
1494374400 28 513 28 513
1494288000 28 513 28 513
1494201600 28 513 28 513
1494115200 28 513 28 513
1494028800 28 513 28 513
1493942400 28 513 28 513
1493856000 28 513 28 513
1493769600 28 513 28 513
1493683200 28 513 28 513
1493596800 28 513 28 513
1493510400 28 513 28 513
1493424000 28 513 28 513
1493337600 28 513 28 513
1493251200 28 513 28 513
1493164800 28 513 28 513
1493078400 28 513 28 513
1492992000 28 513 28 513
1492905600 28 513 28 513
1492819200 28 513 28 513
1492732800 28 513 28 513
1492646400 28 513 28 513
1492560000 28 513 28 513
1492473600 28 513 28 513
1492387200 28 513 28 513
1492300800 28 513 28 513
1492214400 28 513 28 513
1492128000 28 513 28 513
1492041600 28 513 28 513
1491955200 28 513 28 513
1491868800 28 513 28 513
1491782400 28 513 28 513
1491696000 28 513 28 513
1491609600 28 513 28 513
1491523200 28 513 28 513
1491436800 28 513 28 513
1491350400 28 513 28 513
1491264000 28 513 28 513
1491177600 27 528 29 624
1491091200 27 553 29 1437
1491004800 23 1105 32 3013
1490918400 1310 3614 196630 364937
1490832000 2125 2996 152701 87187
1490745600 0 0 0 0
1490659200 0 0 0 0
1490572800 0 0 0 0
1490486400 0 0 0 0
1490400000 0 0 0 0
1490313600 0 0 0 0
1490227200 0 0 0 0
1490140800 0 0 0 0
1490054400 0 0 0 0
1489968000 0 0 0 0
1489881600 0 0 0 0
1489795200 0 0 0 0
1489708800 0 0 0 0
1489622400 0 0 0 0
1489536000 0 0 0 0
1489449600 0 0 0 0
1489363200 0 0 0 0
1489276800 0 0 0 0
1489190400 0 0 0 0
1489104000 0 0 0 0
1489017600 0 0 0 0
1488931200 0 0 0 0
1488844800 0 0 0 0
1488758400 0 0 0 0
1488672000 0 0 0 0
1488585600 0 0 0 0
1488499200 0 0 0 0
1488412800 0 0 0 0
1488326400 0 0 0 0
1488240000 0 0 0 0
1488153600 0 0 0 0
1488067200 0 0 0 0
1487980800 0 0 0 0
1487894400 0 0 0 0
1487808000 0 0 0 0
1487721600 0 0 0 0
1487635200 0 0 0 0
1487548800 0 0 0 0
1487462400 0 0 0 0
1487376000 0 0 0 0
1487289600 0 0 0 0
1487203200 0 0 0 0
1487116800 0 0 0 0
1487030400 0 0 0 0
1486944000 0 0 0 0
1486857600 0 0 0 0
1486771200 0 0 0 0
1486684800 0 0 0 0
1486598400 0 0 0 0
1486512000 0 0 0 0
1486425600 0 0 0 0
1486339200 0 0 0 0
1486252800 0 0 0 0
1486166400 0 0 0 0
1486080000 0 0 0 0
1485993600 0 0 0 0
1485907200 0 0 0 0
1485820800 0 0 0 0
1485734400 0 0 0 0
1485648000 0 0 0 0
1485561600 0 0 0 0
1485475200 0 0 0 0
1485388800 0 0 0 0
1485302400 0 0 0 0
1485216000 0 0 0 0
1485129600 0 0 0 0
1485043200 0 0 0 0
1484956800 0 0 0 0
1484870400 0 0 0 0
1484784000 0 0 0 0
1484697600 0 0 0 0
1484611200 0 0 0 0
1484524800 0 0 0 0
1484438400 0 0 0 0
1484352000 0 0 0 0
1484265600 0 0 0 0
1484179200 0 0 0 0
1484092800 0 0 0 0
1484006400 0 0 0 0
1483920000 0 0 0 0
1483833600 0 0 0 0
1483747200 0 0 0 0
1483660800 0 0 0 0
1483574400 0 0 0 0
1483488000 0 0 0 0
1483401600 0 0 0 0
1483315200 0 0 0 0
1483228800 0 0 0 0
1483142400 0 0 0 0
1483056000 0 0 0 0
1482969600 0 0 0 0
1482883200 0 0 0 0
1482796800 0 0 0 0
1482710400 0 0 0 0
1482624000 0 0 0 0
1482537600 0 0 0 0
1482451200 0 0 0 0
1482364800 0 0 0 0
1482278400 0 0 0 0
1482192000 0 0 0 0
1482105600 0 0 0 0
1482019200 0 0 0 0
1481932800 0 0 0 0
1481846400 0 0 0 0
1481760000 0 0 0 0
1481673600 0 0 0 0
1481587200 0 0 0 0
1481500800 0 0 0 0
1481414400 0 0 0 0
1481328000 0 0 0 0
1481241600 0 0 0 0
1481155200 0 0 0 0
1481068800 0 0 0 0
1480982400 0 0 0 0
1480896000 0 0 0 0
1480809600 0 0 0 0
1480723200 0 0 0 0
1480636800 0 0 0 0
1480550400 0 0 0 0
1480464000 0 0 0 0
1480377600 0 0 0 0
1480291200 0 0 0 0
1480204800 0 0 0 0
1480118400 0 0 0 0
1480032000 0 0 0 0
1479945600 0 0 0 0
1479859200 0 0 0 0
1479772800 0 0 0 0
1479686400 0 0 0 0
1479600000 0 0 0 0
1479513600 0 0 0 0
1479427200 0 0 0 0
1479340800 0 0 0 0
1479254400 0 0 0 0
1479168000 0 0 0 0
1479081600 0 0 0 0
1478995200 0 0 0 0
1478908800 0 0 0 0
1478822400 0 0 0 0
1478736000 0 0 0 0
1478649600 0 0 0 0
1478563200 0 0 0 0
1478476800 0 0 0 0
1478390400 0 0 0 0
1478304000 0 0 0 0
1478217600 0 0 0 0
1478131200 0 0 0 0
1478044800 0 0 0 0
1477958400 0 0 0 0
1477872000 0 0 0 0
1477785600 0 0 0 0
1477699200 0 0 0 0
1477612800 0 0 0 0
1477526400 0 0 0 0
1477440000 0 0 0 0
1477353600 0 0 0 0
1477267200 0 0 0 0
1477180800 0 0 0 0
1477094400 0 0 0 0
1477008000 0 0 0 0
1476921600 0 0 0 0
1476835200 0 0 0 0
1476748800 0 0 0 0
1476662400 0 0 0 0
1476576000 0 0 0 0
1476489600 0 0 0 0
1476403200 0 0 0 0
1476316800 0 0 0 0
1476230400 0 0 0 0
1476144000 0 0 0 0
1476057600 0 0 0 0
1475971200 0 0 0 0
1475884800 0 0 0 0
1475798400 0 0 0 0
1475712000 0 0 0 0
1475625600 0 0 0 0
1475539200 0 0 0 0
1475452800 0 0 0 0
1475366400 0 0 0 0
1475280000 0 0 0 0
1475193600 0 0 0 0
1475107200 0 0 0 0
1475020800 0 0 0 0
1474934400 0 0 0 0
1474848000 0 0 0 0
1474761600 0 0 0 0
1474675200 0 0 0 0
1474588800 0 0 0 0
1474502400 0 0 0 0
1474416000 0 0 0 0
1474329600 0 0 0 0
1474243200 0 0 0 0
1474156800 0 0 0 0
1474070400 0 0 0 0
1473984000 0 0 0 0
1473897600 0 0 0 0
1473811200 0 0 0 0
1473724800 0 0 0 0
1473638400 0 0 0 0
1473552000 0 0 0 0
1473465600 0 0 0 0
1473379200 0 0 0 0
1473292800 0 0 0 0
1473206400 0 0 0 0
1473120000 0 0 0 0
1473033600 0 0 0 0
1472947200 0 0 0 0
1472860800 0 0 0 0
1472774400 0 0 0 0
1472688000 0 0 0 0
1472601600 0 0 0 0
1472515200 0 0 0 0
1472428800 0 0 0 0
1472342400 0 0 0 0
1472256000 0 0 0 0
1472169600 0 0 0 0
1472083200 0 0 0 0
1471996800 0 0 0 0
1471910400 0 0 0 0
1471824000 0 0 0 0
1471737600 0 0 0 0
1471651200 0 0 0 0
1471564800 0 0 0 0
1471478400 0 0 0 0
1471392000 0 0 0 0
1471305600 0 0 0 0
1471219200 0 0 0 0
1471132800 0 0 0 0
1471046400 0 0 0 0
1470960000 0 0 0 0
1470873600 0 0 0 0
1470787200 0 0 0 0
1470700800 0 0 0 0
1470614400 0 0 0 0
1470528000 0 0 0 0
1470441600 0 0 0 0
1470355200 0 0 0 0
1470268800 0 0 0 0
1470182400 0 0 0 0
1470096000 0 0 0 0
1470009600 0 0 0 0
1469923200 0 0 0 0
1469836800 0 0 0 0
1469750400 0 0 0 0
1469664000 0 0 0 0
1469577600 0 0 0 0
1469491200 0 0 0 0
1469404800 0 0 0 0
1469318400 0 0 0 0
1469232000 0 0 0 0
1469145600 0 0 0 0
1469059200 0 0 0 0
1468972800 0 0 0 0
1468886400 0 0 0 0
1468800000 0 0 0 0
1468713600 0 0 0 0
1468627200 0 0 0 0
1468540800 0 0 0 0
1468454400 0 0 0 0
1468368000 0 0 0 0
1468281600 0 0 0 0
1468195200 0 0 0 0
1468108800 0 0 0 0
1468022400 0 0 0 0
1467936000 0 0 0 0
1467849600 0 0 0 0
1467763200 0 0 0 0
1467676800 0 0 0 0
1467590400 0 0 0 0
1467504000 0 0 0 0
1467417600 0 0 0 0
1467331200 0 0 0 0
1467244800 0 0 0 0
1467158400 0 0 0 0
1467072000 0 0 0 0
1466985600 0 0 0 0
1466899200 0 0 0 0
1466812800 0 0 0 0
1466726400 0 0 0 0
1466640000 0 0 0 0
1466553600 0 0 0 0
1466467200 0 0 0 0
1466380800 0 0 0 0
1466294400 0 0 0 0
1466208000 0 0 0 0
1466121600 0 0 0 0
1466035200 0 0 0 0
1465948800 0 0 0 0
1465862400 0 0 0 0
1465776000 0 0 0 0
1465689600 0 0 0 0
1465603200 0 0 0 0
1465516800 0 0 0 0
1465430400 0 0 0 0
1465344000 0 0 0 0
1465257600 0 0 0 0
1465171200 0 0 0 0
1465084800 0 0 0 0
1464998400 0 0 0 0
1464912000 0 0 0 0
1464825600 0 0 0 0
1464739200 0 0 0 0
1464652800 0 0 0 0
1464566400 0 0 0 0
1464480000 0 0 0 0
1464393600 0 0 0 0
1464307200 0 0 0 0
1464220800 0 0 0 0
1464134400 0 0 0 0
1464048000 0 0 0 0
1463961600 0 0 0 0
1463875200 0 0 0 0
1463788800 0 0 0 0
1463702400 0 0 0 0
1463616000 0 0 0 0
1463529600 0 0 0 0
1463443200 0 0 0 0
1463356800 0 0 0 0
1463270400 0 0 0 0
1463184000 0 0 0 0
1463097600 0 0 0 0
1463011200 0 0 0 0
1462924800 0 0 0 0
1462838400 0 0 0 0
1462752000 0 0 0 0
1462665600 0 0 0 0
1462579200 0 0 0 0
1462492800 0 0 0 0
1462406400 0 0 0 0
1462320000 0 0 0 0
1462233600 0 0 0 0
1462147200 0 0 0 0
1462060800 0 0 0 0
1461974400 0 0 0 0
1461888000 0 0 0 0
1461801600 0 0 0 0
1461715200 0 0 0 0
1461628800 0 0 0 0
1461542400 0 0 0 0
1461456000 0 0 0 0
1461369600 0 0 0 0
1461283200 0 0 0 0
1461196800 0 0 0 0
1461110400 0 0 0 0
1461024000 0 0 0 0
1460937600 0 0 0 0
1460851200 0 0 0 0
1460764800 0 0 0 0
1460678400 0 0 0 0
1460592000 0 0 0 0
1460505600 0 0 0 0
1460419200 0 0 0 0
1460332800 0 0 0 0
1460246400 0 0 0 0
1460160000 0 0 0 0
1460073600 0 0 0 0
1459987200 0 0 0 0
1459900800 0 0 0 0
1459814400 0 0 0 0
1459728000 0 0 0 0
1459641600 0 0 0 0
1459555200 0 0 0 0
1459468800 0 0 0 0
1459382400 0 0 0 0
1459296000 0 0 0 0
1459209600 0 0 0 0
1459123200 0 0 0 0
1459036800 0 0 0 0
1458950400 0 0 0 0
1458864000 0 0 0 0
1458777600 0 0 0 0
1458691200 0 0 0 0
1458604800 0 0 0 0
1458518400 0 0 0 0
1458432000 0 0 0 0
1458345600 0 0 0 0
1458259200 0 0 0 0
1458172800 0 0 0 0
1458086400 0 0 0 0
1458000000 0 0 0 0
1457913600 0 0 0 0
1457827200 0 0 0 0
1457740800 0 0 0 0
1457654400 0 0 0 0
1457568000 0 0 0 0
1457481600 0 0 0 0
1457395200 0 0 0 0
1457308800 0 0 0 0
1457222400 0 0 0 0
1457136000 0 0 0 0
1457049600 0 0 0 0
1456963200 0 0 0 0
1456876800 0 0 0 0
1456790400 0 0 0 0
1456704000 0 0 0 0
1456617600 0 0 0 0
1456531200 0 0 0 0
1456444800 0 0 0 0
1456358400 0 0 0 0
1456272000 0 0 0 0
1456185600 0 0 0 0
1456099200 0 0 0 0
1456012800 0 0 0 0
1455926400 0 0 0 0
1455840000 0 0 0 0
1455753600 0 0 0 0
1455667200 0 0 0 0
1455580800 0 0 0 0
1455494400 0 0 0 0
1455408000 0 0 0 0
1455321600 0 0 0 0
1455235200 0 0 0 0
1455148800 0 0 0 0
1455062400 0 0 0 0
1454976000 0 0 0 0
1454889600 0 0 0 0
1454803200 0 0 0 0
1454716800 0 0 0 0
1454630400 0 0 0 0
1454544000 0 0 0 0
1454457600 0 0 0 0
1454371200 0 0 0 0
1454284800 0 0 0 0
1454198400 0 0 0 0
1454112000 0 0 0 0
1454025600 0 0 0 0
1453939200 0 0 0 0
1453852800 0 0 0 0
1453766400 0 0 0 0
1453680000 0 0 0 0
1453593600 0 0 0 0
1453507200 0 0 0 0
1453420800 0 0 0 0
1453334400 0 0 0 0
1453248000 0 0 0 0
1453161600 0 0 0 0
1453075200 0 0 0 0
1452988800 0 0 0 0
1452902400 0 0 0 0
1452816000 0 0 0 0
1452729600 0 0 0 0
1452643200 0 0 0 0
1452556800 0 0 0 0
1452470400 0 0 0 0
1452384000 0 0 0 0
1452297600 0 0 0 0
1452211200 0 0 0 0
1452124800 0 0 0 0
1452038400 0 0 0 0
1451952000 0 0 0 0
1451865600 0 0 0 0
1451779200 0 0 0 0
1451692800 0 0 0 0
1451606400 0 0 0 0
1451520000 0 0 0 0
1451433600 0 0 0 0
1451347200 0 0 0 0
1451260800 0 0 0 0
1451174400 0 0 0 0
1451088000 0 0 0 0
1451001600 0 0 0 0
1450915200 0 0 0 0
1450828800 0 0 0 0
1450742400 0 0 0 0
1450656000 0 0 0 0
1450569600 0 0 0 0
1450483200 0 0 0 0
1450396800 0 0 0 0
1450310400 0 0 0 0
1450224000 0 0 0 0
1450137600 0 0 0 0
1450051200 0 0 0 0
1449964800 0 0 0 0
1449878400 0 0 0 0
1449792000 0 0 0 0
1449705600 0 0 0 0
1449619200 0 0 0 0
1449532800 0 0 0 0
1449446400 0 0 0 0
1449360000 0 0 0 0
1449273600 0 0 0 0
1449187200 0 0 0 0
1449100800 0 0 0 0
1449014400 0 0 0 0
1448928000 0 0 0 0
1448841600 0 0 0 0
1448755200 0 0 0 0
1448668800 0 0 0 0
1448582400 0 0 0 0
1448496000 0 0 0 0
1448409600 0 0 0 0
1448323200 0 0 0 0
1448236800 0 0 0 0
1448150400 0 0 0 0
1448064000 0 0 0 0
1447977600 0 0 0 0
1447891200 0 0 0 0
1447804800 0 0 0 0
1447718400 0 0 0 0
1447632000 0 0 0 0
1447545600 0 0 0 0
1447459200 0 0 0 0
1447372800 0 0 0 0
1447286400 0 0 0 0
1447200000 0 0 0 0
1447113600 0 0 0 0
1447027200 0 0 0 0
1446940800 0 0 0 0
1446854400 0 0 0 0
1446768000 0 0 0 0
1446681600 0 0 0 0
1446595200 0 0 0 0
1446508800 0 0 0 0
1446422400 0 0 0 0
1446336000 0 0 0 0
1446249600 0 0 0 0
1446163200 0 0 0 0
1446076800 0 0 0 0
1445990400 0 0 0 0
1445904000 0 0 0 0
1445817600 0 0 0 0
1445731200 0 0 0 0
1445644800 0 0 0 0
1445558400 0 0 0 0
1445472000 0 0 0 0
1445385600 0 0 0 0
1445299200 0 0 0 0
1445212800 0 0 0 0
1445126400 0 0 0 0
1445040000 0 0 0 0
1444953600 0 0 0 0
1444867200 0 0 0 0
1444780800 0 0 0 0
1444694400 0 0 0 0
1444608000 0 0 0 0
1444521600 0 0 0 0
1444435200 0 0 0 0
1444348800 0 0 0 0
1444262400 0 0 0 0
1444176000 0 0 0 0
1444089600 0 0 0 0
1444003200 0 0 0 0
1443916800 0 0 0 0
1443830400 0 0 0 0
1443744000 0 0 0 0
1443657600 0 0 0 0
1443571200 0 0 0 0
1443484800 0 0 0 0
1443398400 0 0 0 0
1443312000 0 0 0 0
1443225600 0 0 0 0
1443139200 0 0 0 0
1443052800 0 0 0 0
1442966400 0 0 0 0
1442880000 0 0 0 0
1442793600 0 0 0 0
1442707200 0 0 0 0
1442620800 0 0 0 0
1442534400 0 0 0 0
1442448000 0 0 0 0
1442361600 0 0 0 0
1442275200 0 0 0 0
1442188800 0 0 0 0
1442102400 0 0 0 0
1442016000 0 0 0 0
1441929600 0 0 0 0
1441843200 0 0 0 0
1441756800 0 0 0 0
1441670400 0 0 0 0
1441584000 0 0 0 0
1441497600 0 0 0 0
1441411200 0 0 0 0
1441324800 0 0 0 0
1441238400 0 0 0 0
1441152000 0 0 0 0
1441065600 0 0 0 0
1440979200 0 0 0 0
1440892800 0 0 0 0
1440806400 0 0 0 0
1440720000 0 0 0 0
1440633600 0 0 0 0
1440547200 0 0 0 0
1440460800 0 0 0 0
1440374400 0 0 0 0
1440288000 0 0 0 0
1440201600 0 0 0 0
1440115200 0 0 0 0
1440028800 0 0 0 0
1439942400 0 0 0 0
1439856000 0 0 0 0
1439769600 0 0 0 0
1439683200 0 0 0 0
1439596800 0 0 0 0
1439510400 0 0 0 0
1439424000 0 0 0 0
1439337600 0 0 0 0
1439251200 0 0 0 0
1439164800 0 0 0 0
1439078400 0 0 0 0
1438992000 0 0 0 0
1438905600 0 0 0 0
1438819200 0 0 0 0
1438732800 0 0 0 0
1438646400 0 0 0 0
1438560000 0 0 0 0
1438473600 0 0 0 0
1438387200 0 0 0 0
1438300800 0 0 0 0
1438214400 0 0 0 0
1438128000 0 0 0 0
1438041600 0 0 0 0
1437955200 0 0 0 0
1437868800 0 0 0 0
1437782400 0 0 0 0
1437696000 0 0 0 0
1437609600 0 0 0 0
1437523200 0 0 0 0
1437436800 0 0 0 0
1437350400 0 0 0 0
1437264000 0 0 0 0
1437177600 0 0 0 0
1437091200 0 0 0 0
1437004800 0 0 0 0
1436918400 0 0 0 0
1436832000 0 0 0 0
1436745600 0 0 0 0
1436659200 0 0 0 0
1436572800 0 0 0 0
1436486400 0 0 0 0
1436400000 0 0 0 0
1436313600 0 0 0 0
1436227200 0 0 0 0
1436140800 0 0 0 0
1436054400 0 0 0 0
