1504817526 427362435 12524009391
1504817526 23 1033 23 1033
1504817227 22 922 22 922
1504817100 22 893 22 922
1504816800 22 853 22 853
1504816500 22 853 22 853
1504816200 22 853 22 853
1504815900 22 853 22 853
1504815600 22 853 22 853
1504815300 22 853 22 853
1504815000 22 853 22 853
1504814700 22 853 22 853
1504814400 22 853 22 853
1504814100 22 853 22 853
1504813800 22 853 22 853
1504813500 22 853 22 853
1504813200 22 853 22 853
1504812900 22 853 22 853
1504812600 22 853 22 853
1504812300 22 853 22 853
1504812000 22 853 22 853
1504811700 22 853 22 853
1504811400 22 853 22 853
1504811100 22 853 22 853
1504810800 22 853 22 853
1504810500 22 853 22 853
1504810200 22 853 22 853
1504809900 22 853 22 853
1504809600 22 853 22 853
1504809300 22 853 22 853
1504809000 22 853 22 853
1504808700 22 853 22 853
1504808400 22 853 22 853
1504808100 22 853 22 853
1504807800 22 853 22 853
1504807500 22 853 22 853
1504807200 22 853 22 853
1504806900 22 853 22 853
1504806600 22 853 22 853
1504806300 22 853 22 853
1504806000 22 853 22 853
1504805700 22 853 22 853
1504805400 22 853 22 853
1504805100 22 853 22 853
1504804800 22 853 22 853
1504804500 22 853 22 853
1504804200 22 853 22 853
1504803900 22 853 22 853
1504803600 22 853 22 853
1504803300 22 853 22 853
1504803000 22 853 22 853
1504802700 22 853 22 853
1504802400 22 853 22 853
1504802100 22 853 22 853
1504801800 22 853 22 853
1504801500 22 853 22 853
1504801200 22 853 22 853
1504800900 22 853 22 853
1504800600 22 853 22 853
1504800300 22 853 22 853
1504800000 22 853 22 853
1504799700 22 853 22 853
1504799400 22 853 22 853
1504799100 22 853 22 853
1504798800 22 853 22 853
1504798500 22 853 22 853
1504798200 22 853 22 853
1504797900 22 853 22 853
1504797600 22 853 22 853
1504797300 22 853 22 853
1504797000 22 853 22 853
1504796700 22 853 22 853
1504796400 22 853 22 853
1504796100 22 853 22 853
1504795800 22 853 22 853
1504795500 22 853 22 853
1504795200 22 853 22 853
1504794900 22 853 22 853
1504794600 22 853 22 853
1504794300 22 853 22 853
1504794000 22 853 22 853
1504793700 22 853 22 853
1504793400 22 853 22 853
1504793100 22 853 22 853
1504792800 22 853 22 853
1504792500 22 853 22 853
1504792200 22 853 22 853
1504791900 22 853 22 853
1504791600 22 853 22 853
1504791300 22 853 22 853
1504791000 22 853 22 853
1504790700 22 853 22 853
1504790400 22 853 22 853
1504790100 22 853 22 853
1504789800 22 853 22 853
1504789500 22 853 22 853
1504789200 22 853 22 853
1504788900 22 853 22 853
1504788600 22 853 22 853
1504788300 22 853 22 853
1504788000 22 853 22 853
1504787700 22 853 22 853
1504787400 22 853 22 853
1504787100 22 853 22 853
1504786800 22 853 22 853
1504786500 22 853 22 853
1504786200 22 853 22 853
1504785900 22 853 22 853
1504785600 22 853 22 853
1504785300 22 853 22 853
1504785000 22 853 22 853
1504784700 22 853 22 853
1504784400 22 853 22 853
1504784100 22 853 22 853
1504783800 22 853 22 853
1504783500 22 853 22 853
1504783200 22 853 22 853
1504782900 22 853 22 853
1504782600 22 853 22 853
1504782300 22 853 22 853
1504782000 22 853 22 853
1504781700 22 853 22 853
1504781400 22 853 22 853
1504781100 22 853 22 853
1504780800 22 853 22 853
1504780500 22 853 22 853
1504780200 22 853 22 853
1504779900 22 853 22 853
1504779600 22 853 22 853
1504779300 22 853 22 853
1504779000 22 853 22 853
1504778700 22 853 22 853
1504778400 22 853 22 853
1504778100 22 853 22 853
1504777800 22 853 22 853
1504777500 22 853 22 853
1504777200 22 853 22 853
1504776900 22 853 22 853
1504776600 22 853 22 853
1504776300 22 853 22 853
1504776000 22 853 22 853
1504775700 22 853 22 853
1504775400 22 853 22 853
1504775100 22 853 22 853
1504774800 22 853 22 853
1504774500 22 853 22 853
1504774200 22 853 22 853
1504773900 22 853 22 853
1504773600 22 853 22 853
1504773300 22 853 22 853
1504773000 22 853 22 853
1504772700 22 853 22 853
1504772400 22 853 22 853
1504772100 22 853 22 853
1504771800 22 853 22 853
1504771500 22 853 22 853
1504771200 22 853 22 853
1504770900 22 853 22 853
1504770600 22 853 22 853
1504770300 22 853 22 853
1504770000 22 853 22 853
1504769700 22 853 22 853
1504769400 22 853 22 853
1504769100 22 853 22 853
1504768800 22 853 22 853
1504768500 22 853 22 853
1504768200 22 853 22 853
1504767900 22 853 22 853
1504767600 22 853 22 853
1504767300 22 853 22 853
1504767000 22 853 22 853
1504766700 22 853 22 853
1504766400 22 853 22 853
1504766100 22 853 22 853
1504765800 22 853 22 853
1504765500 22 853 22 853
1504765200 22 853 22 853
1504764900 22 853 22 853
1504764600 22 853 22 853
1504764300 22 853 22 853
1504764000 22 853 22 853
1504763700 22 853 22 853
1504763400 22 853 22 853
1504763100 22 853 22 853
1504762800 22 853 22 853
1504762500 22 853 22 853
1504762200 22 853 22 853
1504761900 22 853 22 853
1504761600 22 853 22 853
1504761300 22 853 22 853
1504761000 22 853 22 853
1504760700 22 853 22 853
1504760400 22 853 22 853
1504760100 22 853 22 853
1504759800 22 853 22 853
1504759500 22 853 22 853
1504759200 22 853 22 853
1504758900 22 853 22 853
1504758600 22 853 22 853
1504758300 22 853 22 853
1504758000 22 853 22 853
1504757700 22 853 22 853
1504757400 22 853 22 853
1504757100 22 853 22 853
1504756800 22 853 22 853
1504756500 22 853 22 853
1504756200 22 853 22 853
1504755900 22 853 22 853
1504755600 22 853 22 853
1504755300 22 853 22 853
1504755000 22 853 22 853
1504754700 22 853 22 853
1504754400 22 853 22 853
1504754100 22 853 22 853
1504753800 22 853 22 853
1504753500 22 853 22 853
1504753200 22 853 22 853
1504752900 22 853 22 853
1504752600 22 853 22 853
1504752300 22 853 22 853
1504752000 22 853 22 853
1504751700 22 853 22 853
1504751400 22 853 22 853
1504751100 22 853 22 853
1504750800 22 853 22 853
1504750500 22 853 22 853
1504750200 22 853 22 853
1504749900 22 853 22 853
1504749600 22 853 22 853
1504749300 22 853 22 853
1504749000 22 853 22 853
1504748700 22 853 22 853
1504748400 22 853 22 853
1504748100 22 853 22 853
1504747800 22 853 22 853
1504747500 22 853 22 853
1504747200 22 853 22 853
1504746900 22 853 22 853
1504746600 22 853 22 853
1504746300 22 853 22 853
1504746000 22 853 22 853
1504745700 22 853 22 853
1504745400 22 853 22 853
1504745100 22 853 22 853
1504744800 22 853 22 853
1504744500 22 853 22 853
1504744200 22 853 22 853
1504743900 22 853 22 853
1504743600 22 853 22 853
1504743300 22 853 22 853
1504743000 22 853 22 853
1504742700 22 853 22 853
1504742400 22 853 22 853
1504742100 22 853 22 853
1504741800 22 853 22 853
1504741500 22 853 22 853
1504741200 22 853 22 853
1504740900 22 853 22 853
1504740600 22 853 22 853
1504740300 22 853 22 853
1504740000 22 853 22 853
1504739700 22 853 22 853
1504739400 22 853 22 853
1504739100 22 853 22 853
1504738800 22 853 22 853
1504738500 22 853 22 853
1504738200 22 853 22 853
1504737900 22 853 22 853
1504737600 22 853 22 853
1504737300 22 853 22 853
1504737000 22 853 22 853
1504736700 22 853 22 853
1504736400 22 853 22 853
1504736100 22 853 22 853
1504735800 22 853 22 853
1504735500 22 853 22 853
1504735200 22 853 22 853
1504734900 22 853 22 853
1504734600 22 853 22 853
1504734300 22 853 22 853
1504734000 22 853 22 853
1504733700 22 853 22 853
1504733400 22 853 22 853
1504733100 22 853 22 853
1504732800 22 853 22 853
1504732500 22 853 22 853
1504732200 22 853 22 853
1504731900 22 853 22 853
1504731600 22 853 22 853
1504731300 22 853 22 853
1504731000 22 853 22 853
1504730700 22 853 22 853
1504730400 22 853 22 853
1504730100 22 853 22 853
1504729800 22 853 22 853
1504729500 22 853 22 853
1504729200 22 853 22 853
1504728900 22 853 22 853
1504728600 22 853 22 853
1504728300 22 853 22 853
1504728000 22 853 22 853
1504727700 22 853 22 853
1504727400 22 853 22 853
1504727100 22 853 22 853
1504726800 22 853 22 853
1504726500 22 853 22 853
1504726200 22 853 22 853
1504725900 22 853 22 853
1504725600 22 853 22 853
1504725300 22 853 22 853
1504725000 22 853 22 853
1504724700 22 853 22 853
1504724400 22 853 22 853
1504724100 22 853 22 853
1504723800 22 853 22 853
1504723500 22 853 22 853
1504723200 22 853 22 853
1504722900 22 853 22 853
1504722600 22 853 22 853
1504722300 22 853 22 853
1504722000 22 853 22 853
1504721700 22 853 22 853
1504721400 22 853 22 853
1504721100 22 853 22 853
1504720800 22 853 22 853
1504720500 22 853 22 853
1504720200 22 853 22 853
1504719900 22 853 22 853
1504719600 22 853 22 853
1504719300 22 853 22 853
1504719000 22 853 22 853
1504718700 22 853 22 853
1504718400 22 853 22 853
1504718100 22 853 22 853
1504717800 22 853 22 853
1504717500 22 853 22 853
1504717200 22 853 22 853
1504716900 22 853 22 853
1504716600 22 853 22 853
1504716300 22 853 22 853
1504716000 22 853 22 853
1504715700 22 853 22 853
1504715400 22 853 22 853
1504715100 22 853 22 853
1504714800 22 853 22 853
1504714500 22 853 22 853
1504714200 22 853 22 853
1504713900 22 853 22 853
1504713600 22 853 22 853
1504713300 22 853 22 853
1504713000 22 853 22 853
1504712700 22 853 22 853
1504712400 22 853 22 853
1504712100 22 853 22 853
1504711800 22 853 22 853
1504711500 22 853 22 853
1504711200 22 853 22 853
1504710900 22 853 22 853
1504710600 22 853 22 853
1504710300 22 853 22 853
1504710000 22 853 22 853
1504709700 22 853 22 853
1504709400 22 853 22 853
1504709100 22 853 22 853
1504708800 22 853 22 853
1504708500 22 853 22 853
1504708200 22 853 22 853
1504707900 22 853 22 853
1504707600 22 853 22 853
1504707300 22 853 22 853
1504707000 22 853 22 853
1504706700 22 853 22 853
1504706400 22 853 22 853
1504706100 22 853 22 853
1504705800 22 853 22 853
1504705500 22 853 22 853
1504705200 22 853 22 853
1504704900 22 853 22 853
1504704600 22 853 22 853
1504704300 22 853 22 853
1504704000 22 853 22 853
1504703700 22 853 22 853
1504703400 22 853 22 853
1504703100 22 853 22 853
1504702800 22 853 22 853
1504702500 22 853 22 853
1504702200 22 853 22 853
1504701900 22 853 22 853
1504701600 22 853 22 853
1504701300 22 853 22 853
1504701000 22 853 22 853
1504700700 22 853 22 853
1504700400 22 853 22 853
1504700100 22 853 22 853
1504699800 22 853 22 853
1504699500 22 853 22 853
1504699200 22 853 22 853
1504698900 22 853 22 853
1504698600 22 853 22 853
1504698300 22 853 22 853
1504698000 22 853 22 853
1504697700 22 853 22 853
1504697400 22 853 22 853
1504697100 22 853 22 853
1504696800 22 853 22 853
1504696500 22 853 22 853
1504696200 22 853 22 853
1504695900 22 853 22 853
1504695600 22 853 22 853
1504695300 22 853 22 853
1504695000 22 853 22 853
1504694700 22 853 22 853
1504694400 22 853 22 853
1504694100 22 853 22 853
1504693800 22 853 22 853
1504693500 22 853 22 853
1504693200 22 853 22 853
1504692900 22 853 22 853
1504692600 22 853 22 853
1504692300 22 853 22 853
1504692000 22 853 22 853
1504691700 22 853 22 853
1504691400 22 853 22 853
1504691100 22 853 22 853
1504690800 22 853 22 853
1504690500 22 853 22 853
1504690200 22 853 22 853
1504689900 22 853 22 853
1504689600 22 853 22 853
1504689300 22 853 22 853
1504689000 22 853 22 853
1504688700 22 853 22 853
1504688400 22 853 22 853
1504688100 22 853 22 853
1504687800 22 853 22 853
1504687500 22 853 22 853
1504687200 22 853 22 853
1504686900 22 853 22 853
1504686600 22 853 22 853
1504686300 22 853 22 853
1504686000 22 853 22 853
1504685700 22 853 22 853
1504685400 22 853 22 853
1504685100 22 853 22 853
1504684800 22 853 22 853
1504684500 22 853 22 853
1504684200 22 853 22 853
1504683900 22 853 22 853
1504683600 22 853 22 853
1504683300 22 853 22 853
1504683000 22 853 22 853
1504682700 22 853 22 853
1504682400 22 853 22 853
1504682100 22 853 22 853
1504681800 22 853 22 853
1504681500 22 853 22 853
1504681200 22 853 22 853
1504680900 22 853 22 853
1504680600 22 853 22 853
1504680300 22 853 22 853
1504680000 22 853 22 853
1504679700 22 853 22 853
1504679400 22 853 22 853
1504679100 22 853 22 853
1504678800 22 853 22 853
1504678500 22 853 22 853
1504678200 22 853 22 853
1504677900 22 853 22 853
1504677600 22 853 22 853
1504677300 22 853 22 853
1504677000 22 853 22 853
1504676700 22 853 22 853
1504676400 22 853 22 853
1504676100 22 853 22 853
1504675800 22 853 22 853
1504675500 22 853 22 853
1504675200 22 853 22 853
1504674900 22 853 22 853
1504674600 22 853 22 853
1504674300 22 853 22 853
1504674000 22 853 22 853
1504673700 22 853 22 853
1504673400 22 853 22 853
1504673100 22 853 22 853
1504672800 22 853 22 853
1504672500 22 853 22 853
1504672200 22 853 22 853
1504671900 22 853 22 853
1504671600 22 853 22 853
1504671300 22 853 22 853
1504671000 22 853 22 853
1504670700 22 853 22 853
1504670400 22 853 22 853
1504670100 22 853 22 853
1504669800 22 853 22 853
1504669500 22 853 22 853
1504669200 22 853 22 853
1504668900 22 853 22 853
1504668600 22 853 22 853
1504668300 22 853 22 853
1504668000 22 853 22 853
1504667700 22 853 22 853
1504667400 22 853 22 853
1504667100 22 853 22 853
1504666800 22 853 22 853
1504666500 22 853 22 853
1504666200 22 853 22 853
1504665900 22 853 22 853
1504665600 22 853 22 853
1504665300 22 853 22 853
1504665000 22 853 22 853
1504664700 22 853 22 853
1504664400 22 853 22 853
1504664100 22 853 22 853
1504663800 22 853 22 853
1504663500 22 853 22 853
1504663200 22 853 22 853
1504662900 22 853 22 853
1504662600 22 853 22 853
1504662300 22 853 22 853
1504662000 22 853 22 853
1504661700 22 853 22 853
1504661400 22 853 22 853
1504661100 22 853 22 853
1504660800 22 853 22 853
1504660500 22 853 22 853
1504660200 22 853 22 853
1504659900 22 853 22 853
1504659600 22 853 22 853
1504659300 22 853 22 853
1504659000 22 853 22 853
1504658700 22 853 22 853
1504658400 22 853 22 853
1504658100 22 853 22 853
1504657800 22 853 22 853
1504657500 22 853 22 853
1504657200 22 853 22 853
1504656900 22 853 22 853
1504656600 22 853 22 853
1504656300 22 853 22 853
1504656000 22 853 22 853
1504655700 22 853 22 853
1504655400 22 853 22 853
1504655100 22 853 22 853
1504654800 22 853 22 853
1504654500 22 853 22 853
1504654200 22 853 22 853
1504653900 22 853 22 853
1504653600 22 853 22 853
1504653300 22 853 22 853
1504653000 22 853 22 853
1504652700 22 853 22 853
1504652400 22 853 22 853
1504652100 22 853 22 853
1504651800 22 853 22 853
1504651500 22 853 22 853
1504651200 22 853 22 853
1504650900 22 853 22 853
1504650600 22 853 22 853
1504650300 22 853 22 853
1504650000 22 853 22 853
1504649700 22 853 22 853
1504649400 22 853 22 853
1504649100 22 853 22 853
1504648800 22 853 22 853
1504648500 22 853 22 853
1504648200 22 853 22 853
1504647900 22 853 22 853
1504647600 22 853 22 853
1504647300 22 853 22 853
1504647000 22 853 22 853
1504646700 22 853 22 853
1504646400 22 853 22 853
1504646100 22 853 22 853
1504645800 22 853 22 853
1504645500 22 853 22 853
1504645200 22 853 22 853
1504644900 22 853 22 853
1504644600 22 853 22 853
1504644300 22 853 22 853
1504644000 22 853 22 853
1504643700 22 853 22 853
1504643400 22 853 22 853
1504643100 22 853 22 853
1504642800 22 853 22 853
1504642500 22 853 22 853
1504642200 22 853 22 853
1504641900 22 853 22 853
1504641600 22 853 22 853
1504641300 22 853 22 853
1504641000 22 853 22 853
1504640700 22 853 22 853
1504640400 22 853 22 853
1504640100 22 853 22 853
1504639800 22 853 22 853
1504639500 22 853 22 853
1504639200 22 853 22 853
1504638900 22 853 22 853
1504638600 22 853 22 853
1504638300 22 853 22 853
1504638000 22 853 22 853
1504637700 22 853 22 853
1504637400 22 853 22 853
1504636200 22 853 22 853
1504634400 22 853 22 853
1504632600 22 853 22 853
1504630800 22 853 22 853
1504629000 22 853 22 853
1504627200 22 853 22 853
1504625400 22 853 22 853
1504623600 22 853 22 853
1504621800 22 853 22 853
1504620000 22 853 22 853
1504618200 22 853 22 853
1504616400 22 853 22 853
1504614600 22 853 22 853
1504612800 22 853 22 853
1504611000 22 853 22 853
1504609200 22 853 22 853
1504607400 22 853 22 853
1504605600 22 853 22 853
1504603800 22 853 22 853
1504602000 22 853 22 853
1504600200 22 853 22 853
1504598400 22 853 22 853
1504596600 22 853 22 853
1504594800 22 853 22 853
1504593000 22 853 22 853
1504591200 22 853 22 853
1504589400 22 853 22 853
1504587600 22 853 22 853
1504585800 22 853 22 853
1504584000 22 853 22 853
1504582200 22 853 22 853
1504580400 22 853 22 853
1504578600 22 853 22 853
1504576800 22 853 22 853
1504575000 22 853 22 853
1504573200 22 853 22 853
1504571400 22 853 22 853
1504569600 22 853 22 853
1504567800 22 853 22 853
1504566000 22 853 22 853
1504564200 22 853 22 853
1504562400 22 853 22 853
1504560600 22 853 22 853
1504558800 22 853 22 853
1504557000 22 853 22 853
1504555200 22 853 22 853
1504553400 22 853 22 853
1504551600 22 853 22 853
1504549800 22 853 22 853
1504548000 22 853 22 853
1504546200 22 853 22 853
1504544400 22 853 22 853
1504542600 22 853 22 853
1504540800 22 853 22 853
1504539000 22 853 22 853
1504537200 22 853 22 853
1504535400 22 853 22 853
1504533600 22 853 22 853
1504531800 22 853 22 853
1504530000 22 853 22 853
1504528200 22 853 22 853
1504526400 22 853 22 853
1504524600 22 853 22 853
1504522800 22 853 22 853
1504521000 22 853 22 853
1504519200 22 853 22 853
1504517400 22 853 22 853
1504515600 22 853 22 853
1504513800 22 853 22 853
1504512000 22 853 22 853
1504510200 22 853 22 853
1504508400 22 853 22 853
1504506600 22 853 22 853
1504504800 22 853 22 853
1504503000 22 853 22 853
1504501200 22 853 22 853
1504499400 22 853 22 853
1504497600 22 853 22 853
1504495800 22 853 22 853
1504494000 22 853 22 853
1504492200 22 853 22 853
1504490400 22 853 22 853
1504488600 22 853 22 853
1504486800 22 853 22 853
1504485000 22 853 22 853
1504483200 22 853 22 853
1504481400 22 853 22 853
1504479600 22 853 22 853
1504477800 22 853 22 853
1504476000 22 853 22 853
1504474200 22 853 22 853
1504472400 22 853 22 853
1504470600 22 853 22 853
1504468800 22 853 22 853
1504467000 22 853 22 853
1504465200 22 853 22 853
1504463400 22 853 22 853
1504461600 22 853 22 853
1504459800 22 853 22 853
1504458000 22 853 22 853
1504456200 22 853 22 853
1504454400 22 853 22 853
1504452600 22 853 22 853
1504450800 22 853 22 853
1504449000 22 853 22 853
1504447200 22 853 22 853
1504445400 22 853 22 853
1504443600 22 853 22 853
1504441800 22 853 22 853
1504440000 22 853 22 853
1504438200 22 853 22 853
1504436400 22 853 22 853
1504434600 22 853 22 853
1504432800 22 853 22 853
1504431000 22 853 22 853
1504429200 22 853 22 853
1504427400 22 853 22 853
1504425600 22 853 22 853
1504423800 22 853 22 853
1504422000 22 853 22 853
1504420200 22 853 22 853
1504418400 22 853 22 853
1504416600 22 853 22 853
1504414800 22 853 22 853
1504413000 22 853 22 853
1504411200 22 853 22 853
1504409400 22 853 22 853
1504407600 22 853 22 853
1504405800 22 853 22 853
1504404000 22 853 22 853
1504402200 22 853 22 853
1504400400 22 853 22 853
1504398600 22 853 22 853
1504396800 22 853 22 853
1504395000 22 853 22 853
1504393200 22 853 22 853
1504391400 22 853 22 853
1504389600 22 853 22 853
1504387800 22 853 22 853
1504386000 22 853 22 853
1504384200 22 853 22 853
1504382400 22 853 22 853
1504380600 22 853 22 853
1504378800 22 853 22 853
1504377000 22 853 22 853
1504375200 22 853 22 853
1504373400 22 853 22 853
1504371600 22 853 22 853
1504369800 22 853 22 853
1504368000 22 853 22 853
1504366200 22 853 22 853
1504364400 22 853 22 853
1504362600 22 853 22 853
1504360800 22 853 22 853
1504359000 22 853 22 853
1504357200 22 853 22 853
1504355400 22 853 22 853
1504353600 22 853 22 853
1504351800 22 853 22 853
1504350000 22 853 22 853
1504348200 22 853 22 853
1504346400 22 853 22 853
1504344600 22 853 22 853
1504342800 22 853 22 853
1504341000 22 853 22 853
1504339200 22 853 22 853
1504337400 22 853 22 853
1504335600 22 853 22 853
1504333800 22 853 22 853
1504332000 22 853 22 853
1504330200 22 853 22 853
1504328400 22 853 22 853
1504326600 22 853 22 853
1504324800 22 853 22 853
1504323000 22 853 22 853
1504321200 22 853 22 853
1504319400 22 853 22 853
1504317600 22 853 22 853
1504315800 22 853 22 853
1504314000 22 853 22 853
1504312200 22 853 22 853
1504310400 22 853 22 853
1504308600 22 853 22 853
1504306800 22 853 22 853
1504305000 22 853 22 853
1504303200 22 853 22 853
1504301400 22 853 22 853
1504299600 22 853 22 853
1504297800 22 1037 22 1247
1504296000 22 1209 22 1525
1504294200 22 1046 22 1242
1504292400 22 1162 22 1239
1504290600 22 1312 23 1451
1504288800 22 1055 22 1316
1504287000 22 1212 22 1362
1504285200 22 1212 22 1371
1504283400 22 1114 22 1319
1504281600 22 1185 22 1288
1504279800 22 1260 23 1460
1504278000 22 1192 23 1300
1504276200 22 1276 22 1631
1504274400 22 1307 22 1655
1504272600 22 1444 22 1655
1504270800 22 823 23 1168
1504269000 22 618 23 997
1504267200 22 522 23 842
1504265400 22 430 22 482
1504263600 22 447 22 544
1504261800 22 425 22 517
1504260000 22 419 22 482
1504258200 22 425 23 443
1504256400 22 414 23 497
1504254600 22 414 22 464
1504252800 22 390 22 431
1504251000 22 420 23 462
1504249200 22 413 23 505
1504247400 22 415 22 447
1504245600 22 414 22 445
1504243800 22 432 22 453
1504242000 22 411 22 457
1504240200 22 442 23 505
1504238400 22 419 23 464
1504236600 22 421 23 461
1504234800 22 416 22 459
1504233000 22 420 22 439
1504231200 22 430 23 513
1504229400 22 414 23 461
1504227600 22 422 22 479
1504225800 22 437 23 473
1504224000 21 432 23 470
1504222200 21 421 23 499
1504220400 22 417 22 443
1504218600 22 435 23 521
1504216800 22 496 23 747
1504215000 22 672 23 875
1504213200 22 1127 23 1428
1504211400 22 1235 22 1535
1504209600 22 1343 23 1821
1504207800 22 1355 22 1783
1504206000 22 1348 22 1595
1504204200 22 1425 23 1669
1504202400 22 1298 22 1603
1504200600 22 1309 22 1535
1504198800 22 1380 22 1497
1504197000 22 1396 22 1587
1504195200 22 1469 23 1759
1504193400 22 1357 22 1643
1504191600 22 1416 22 1550
1504189800 22 1220 22 1507
1504188000 22 1406 22 2204
1504186200 22 1529 22 2204
1504184400 22 1122 23 1278
1504182600 27 1083 35 1657
1504180800 32 823 34 881
1504179000 32 823 34 886
1504177200 32 829 35 974
1504175400 32 805 34 907
1504173600 32 816 35 875
1504171800 31 804 35 865
1504170000 32 800 35 876
1504168200 32 810 36 857
1504166400 32 795 37 837
1504164600 32 808 35 863
1504162800 32 813 36 851
1504161000 32 800 35 869
1504159200 32 806 35 850
1504157400 30 804 41 1301
1504155600 27 557 36 598
1504153800 28 578 37 615
1504152000 28 577 38 629
1504150200 28 590 36 663
1504148400 28 594 36 670
1504146600 25 585 36 672
1504144800 28 601 36 688
1504143000 28 610 37 668
1504141200 27 602 34 621
1504139400 24 604 35 693
1504137600 22 595 23 638
1504135800 22 590 23 657
1504134000 22 591 22 663
1504132200 22 610 23 670
1504130400 22 632 23 702
1504128600 22 1096 23 1857
1504126800 22 1057 22 1372
1504125000 28 1374 1694 3015
1504123200 294 1823 1694 3015
1504121400 22 1478 22 1979
1504119600 22 1461 23 1771
1504117800 540 1902 1843 3143
1504116000 22 1266 22 1700
1504114200 22 1310 22 1700
1504112400 22 1205 22 1608
1504110600 22 1453 22 1998
1504108800 22 1391 24 1998
1504107000 22 1284 22 1402
1504105200 22 1495 23 1810
1504103400 22 1535 23 1810
1504101600 22 1336 23 1771
1504099800 22 1519 23 1771
1504098000 22 1338 22 2062
1504096200 22 983 23 1420
1504094400 22 681 23 855
1504092600 22 601 22 640
1504090800 22 609 22 685
1504089000 22 638 22 734
1504087200 22 585 22 712
1504085400 22 604 22 712
1504083600 22 589 23 625
1504081800 22 600 23 661
1504080000 22 586 22 645
1504078200 22 601 23 645
1504076400 22 586 22 650
1504074600 22 590 22 650
1504072800 22 581 22 619
1504071000 22 587 23 624
1504069200 22 581 23 606
1504067400 22 591 22 623
1504065600 22 583 24 619
1504063800 22 582 22 627
1504062000 22 598 23 647
1504060200 22 611 22 728
1504058400 22 630 22 754
1504056600 22 603 23 686
1504054800 22 590 22 668
1504053000 22 597 23 684
1504051200 22 593 23 684
1504049400 22 597 23 645
1504047600 22 583 23 611
1504045800 22 598 23 624
1504044000 22 751 23 1159
1504042200 22 809 23 928
1504040400 22 1194 23 1548
1504038600 22 1412 22 1562
1504036800 22 1539 22 2005
1504035000 22 1807 23 2251
1504033200 22 1555 23 1783
1504031400 22 1400 22 1544
1504029600 900 2362 5316 6479
1504027800 22 1647 22 1927
1504026000 22 1341 23 1496
1504024200 22 1466 23 1635
1504022400 22 1395 24 1600
1504020600 22 1482 22 1728
1504018800 22 1532 23 1866
1504017000 22 1466 23 1782
1504015200 22 1737 23 2227
1504013400 22 1728 22 1794
1504011600 22 1167 22 1329
1504009800 22 931 22 1236
1504008000 22 774 23 1297
1504006200 22 621 23 806
1504004400 22 536 23 570
1504002600 22 550 22 585
1504000800 22 563 22 621
1503999000 22 549 22 589
1503997200 22 559 22 589
1503995400 22 553 22 608
1503993600 22 552 22 577
1503991800 22 559 23 598
1503990000 22 539 22 578
1503988200 22 557 23 579
1503986400 22 553 22 593
1503984600 22 537 23 609
1503982800 22 537 23 581
1503981000 22 548 22 685
1503979200 22 541 24 577
1503977400 22 523 23 564
1503975600 22 547 23 596
1503973800 22 561 22 606
1503972000 22 563 23 607
1503970200 22 572 23 622
1503968400 22 561 23 607
1503966600 22 564 23 618
1503964800 22 578 23 623
1503963000 22 561 23 600
1503961200 21 569 23 600
1503959400 22 746 23 1342
1503957600 22 793 23 1092
1503955800 21 901 22 1092
1503954000 21 1102 22 1433
1503952200 217 1562 1206 2476
1503950400 22 1560 22 1733
1503948600 3890 5118 11158 12459
1503946800 22 1432 26 1626
1503945000 22 1316 23 1542
1503943200 22 1384 23 1553
1503941400 22 1213 23 1341
1503939600 22 1384 23 1569
1503937800 22 1367 23 1730
1503936000 22 1356 24 1676
1503934200 22 1121 22 1277
1503932400 22 1255 23 1464
1503930600 22 1564 23 1972
1503928800 22 1808 23 2832
1503927000 22 1374 23 1710
1503925200 22 993 22 1444
1503923400 22 796 22 1212
1503921600 22 532 23 717
1503919800 22 441 22 471
1503918000 22 471 23 537
1503916200 22 420 23 457
1503914400 22 419 23 453
1503912600 22 426 23 461
1503910800 22 419 23 455
1503909000 22 420 23 459
1503907200 22 417 22 458
1503905400 22 423 22 463
1503903600 22 420 22 448
1503901800 22 428 22 468
1503900000 22 419 23 468
1503898200 22 424 22 464
1503896400 22 424 23 456
1503894600 22 420 23 479
1503892800 22 470 24 488
1503891000 22 465 23 496
1503889200 22 469 23 513
1503887400 22 462 23 503
1503885600 22 467 22 488
1503883800 22 468 22 496
1503882000 22 470 23 511
1503880200 22 462 23 514
1503878400 22 465 22 507
1503876600 22 475 22 506
1503874800 22 466 23 531
1503873000 22 471 23 508
1503871200 22 463 23 512
1503869400 22 471 23 529
1503867600 22 473 22 521
1503865800 22 477 23 493
1503864000 22 463 22 496
1503862200 22 471 23 520
1503860400 22 462 23 512
1503858600 22 421 23 450
1503856800 22 422 23 489
1503855000 22 424 23 494
1503853200 22 425 23 481
1503851400 22 418 23 466
1503849600 22 431 24 461
1503847800 22 425 23 465
1503846000 22 426 23 472
1503844200 22 421 22 462
1503842400 22 421 22 455
1503840600 22 440 22 476
1503838800 22 421 23 476
1503837000 22 428 22 478
1503835200 22 417 22 461
1503833400 22 428 22 452
1503831600 22 423 22 452
1503829800 22 421 22 472
1503828000 22 423 23 470
1503826200 22 428 23 461
1503824400 22 432 22 445
1503822600 22 425 22 475
1503820800 22 420 22 457
1503819000 22 426 22 459
1503817200 22 425 22 459
1503815400 22 427 22 454
1503813600 22 427 23 454
1503811800 22 424 22 467
1503810000 22 420 23 467
1503808200 22 420 23 445
1503806400 22 417 24 447
1503804600 22 428 23 462
1503802800 22 418 22 449
1503801000 22 419 22 454
1503799200 22 418 23 471
1503797400 22 436 23 448
1503795600 22 421 23 473
1503793800 22 421 22 455
1503792000 22 419 22 479
1503790200 22 430 23 479
1503788400 22 427 23 461
1503786600 22 425 23 460
1503784800 22 417 23 438
1503783000 22 429 22 458
1503781200 22 422 22 449
1503779400 22 423 22 464
1503777600 22 420 23 449
1503775800 22 430 22 467
1503774000 22 423 22 456
1503772200 22 428 22 454
1503770400 22 423 22 454
1503768600 22 427 23 454
1503766800 22 422 22 442
1503765000 22 423 22 456
1503763200 22 423 24 456
1503761400 22 430 22 466
1503759600 22 423 22 443
1503757800 22 423 22 463
1503756000 22 417 23 446
1503754200 22 429 22 447
1503752400 22 426 22 463
1503750600 22 422 23 472
1503748800 22 418 23 457
1503747000 22 427 22 496
1503745200 22 427 22 455
1503743400 22 421 22 440
1503741600 22 422 22 453
1503739800 22 430 23 453
1503738000 22 421 23 450
1503736200 22 429 22 468
1503734400 22 420 22 449
1503732600 22 426 22 458
1503730800 22 421 23 452
1503729000 22 423 23 475
1503727200 22 421 23 463
1503725400 22 425 22 487
1503723600 22 421 22 468
1503721800 22 425 22 487
1503720000 22 473 24 493
1503718200 22 468 23 506
1503716400 22 469 22 515
1503714600 22 465 23 494
1503712800 22 468 23 525
1503711000 22 472 22 490
1503709200 22 476 22 521
1503707400 22 465 22 520
1503705600 22 465 22 509
1503703800 22 466 22 498
1503702000 22 434 22 467
1503700200 22 457 23 561
1503698400 22 523 23 578
1503696600 22 593 23 723
1503694800 22 699 23 851
1503693000 22 923 23 1220
1503691200 22 1199 23 1387
1503689400 22 1130 22 1353
1503687600 22 1098 22 1282
1503685800 22 1268 22 1458
1503684000 22 1099 23 1232
1503682200 22 1117 22 1244
1503680400 22 1137 23 1214
1503678600 22 1113 23 1408
1503676800 22 1339 24 1666
1503675000 22 1149 22 1551
1503673200 22 1220 23 1716
1503671400 22 1347 22 1603
1503669600 22 1518 23 2217
1503667800 22 1280 23 1678
1503666000 22 1104 23 1236
1503664200 22 950 23 1284
1503662400 22 696 23 973
1503660600 22 596 23 692
1503658800 22 566 22 605
1503657000 22 570 23 605
1503655200 22 571 23 621
1503653400 22 576 22 619
1503651600 22 566 22 603
1503649800 22 567 22 591
1503648000 22 564 23 621
1503646200 22 574 22 618
1503644400 22 571 22 642
1503642600 22 570 23 669
1503640800 22 570 23 667
1503639000 22 586 22 667
1503637200 22 566 23 585
1503635400 22 586 23 637
1503633600 22 560 24 628
1503631800 22 589 22 647
1503630000 22 567 23 599
1503628200 22 562 23 605
1503626400 22 563 23 599
1503624600 22 594 23 677
1503622800 22 542 23 658
1503621000 22 567 22 658
1503619200 22 540 22 589
1503617400 22 555 23 601
1503615600 22 556 23 638
1503613800 22 631 22 979
1503612000 22 683 22 1082
1503610200 22 976 23 1087
1503608400 22 889 23 1054
1503606600 22 1134 22 1277
1503604800 22 1230 22 1382
1503603000 22 1322 23 1547
1503601200 22 1234 23 1555
1503599400 22 1226 23 1568
1503597600 22 1315 23 1568
1503595800 22 1359 22 2108
1503594000 22 1206 23 1571
1503592200 22 1209 22 1501
1503590400 22 1305 24 1600
1503588600 22 1214 23 1472
1503586800 22 1300 23 1755
1503585000 22 1406 22 1755
1503583200 22 1288 22 1569
1503581400 22 1434 23 1948
1503579600 22 1092 23 1291
1503577800 22 923 23 1205
1503576000 22 684 23 1116
1503574200 22 596 23 737
1503572400 22 584 23 638
1503570600 22 606 23 652
1503568800 21 601 23 637
1503567000 22 602 23 661
1503565200 22 600 23 661
1503563400 22 596 23 637
1503561600 22 602 22 700
1503559800 21 591 22 700
1503558000 22 571 23 645
1503556200 22 585 23 645
1503554400 22 583 23 670
1503547200 22 606 23 677
1503540000 22 617 23 703
1503532800 22 605 23 679
1503525600 22 892 23 1269
1503518400 22 1349 23 2017
1503511200 22 1292 23 1611
1503504000 22 1250 23 1584
1503496800 22 1201 23 1986
1503489600 22 585 23 1146
1503482400 22 537 23 604
1503475200 22 583 23 625
1503468000 22 587 24 994
1503460800 22 562 23 787
1503453600 22 539 22 620
1503446400 22 591 23 745
1503439200 22 1080 22 1622
1503432000 22 1482 22 1800
1503424800 22 1581 23 2153
1503417600 22 1722 23 2348
1503410400 22 1397 22 1984
1503403200 22 669 23 1270
1503396000 22 594 23 841
1503388800 22 588 23 642
1503381600 22 475 23 635
1503374400 23 445 23 445
1503367200 23 445 23 445
1503360000 23 445 23 445
1503352800 23 445 23 445
1503345600 23 445 23 445
1503338400 23 445 23 445
1503331200 23 445 23 445
1503324000 23 445 23 445
1503316800 23 445 23 445
1503309600 23 445 23 445
1503302400 23 445 23 445
1503295200 23 445 23 445
1503288000 23 445 23 445
1503280800 23 445 23 445
1503273600 23 445 23 445
1503266400 23 445 23 445
1503259200 23 445 23 445
1503252000 23 445 23 445
1503244800 23 445 23 445
1503237600 23 445 23 445
1503230400 23 445 23 445
1503223200 23 445 23 445
1503216000 23 445 23 445
1503208800 23 445 23 445
1503201600 23 445 23 445
1503194400 23 445 23 445
1503187200 23 445 23 445
1503180000 23 445 23 445
1503172800 23 445 23 445
1503165600 23 445 23 445
1503158400 23 445 23 445
1503151200 23 445 23 445
1503144000 23 445 23 445
1503136800 23 445 23 445
1503129600 23 445 23 445
1503122400 23 445 23 445
1503115200 23 445 23 445
1503108000 23 445 23 445
1503100800 23 445 23 445
1503093600 23 445 23 445
1503086400 23 445 23 445
1503079200 23 445 23 445
1503072000 23 445 23 445
1503064800 23 445 23 445
1503057600 23 445 23 445
1503050400 23 445 23 445
1503043200 23 445 23 445
1503036000 23 445 23 445
1503028800 23 445 23 445
1503021600 23 445 23 445
1503014400 23 445 23 445
1503007200 23 445 23 445
1503000000 23 445 23 445
1502992800 23 445 23 445
1502985600 23 445 23 445
1502978400 23 445 23 445
1502971200 23 445 23 445
1502964000 23 445 23 445
1502956800 23 445 23 445
1502949600 23 445 23 445
1502942400 23 445 23 445
1502935200 23 445 23 445
1502928000 23 445 23 445
1502920800 23 445 23 445
1502913600 23 445 23 445
1502906400 23 445 23 445
1502899200 23 445 23 445
1502892000 23 445 23 445
1502884800 23 445 23 445
1502877600 23 445 23 445
1502870400 23 445 23 445
1502863200 23 445 23 445
1502856000 23 445 23 445
1502848800 23 445 23 445
1502841600 23 445 23 445
1502834400 23 445 23 445
1502827200 23 445 23 445
1502820000 23 445 23 445
1502812800 23 445 23 445
1502805600 23 445 23 445
1502798400 23 445 23 445
1502791200 23 445 23 445
1502784000 23 445 23 445
1502776800 23 445 23 445
1502769600 23 445 23 445
1502762400 23 445 23 445
1502755200 23 445 23 445
1502748000 23 445 23 445
1502740800 23 445 23 445
1502733600 23 445 23 445
1502726400 23 445 23 445
1502719200 23 445 23 445
1502712000 23 445 23 445
1502704800 23 445 23 445
1502697600 23 445 23 445
1502690400 23 445 23 445
1502683200 23 445 23 445
1502676000 23 445 23 445
1502668800 23 445 23 445
1502661600 23 445 23 445
1502654400 23 445 23 445
1502647200 23 445 23 445
1502640000 23 445 23 445
1502632800 23 445 23 445
1502625600 23 445 23 445
1502618400 23 445 23 445
1502611200 23 445 23 445
1502604000 23 445 23 445
1502596800 23 445 23 445
1502589600 23 445 23 445
1502582400 23 445 23 445
1502575200 23 445 23 445
1502568000 23 445 23 445
1502560800 23 445 23 445
1502553600 23 445 23 445
1502546400 23 445 23 445
1502539200 23 445 23 445
1502532000 23 445 23 445
1502524800 23 445 23 445
1502517600 23 445 23 445
1502510400 23 445 23 445
1502503200 23 445 23 445
1502496000 23 445 23 445
1502488800 23 445 23 445
1502481600 23 445 23 445
1502474400 23 445 23 445
1502467200 23 445 23 445
1502460000 23 445 23 445
1502452800 23 445 23 445
1502445600 23 445 23 445
1502438400 23 445 23 445
1502431200 23 445 23 445
1502424000 23 445 23 445
1502416800 23 445 23 445
1502409600 23 445 23 445
1502402400 23 445 23 445
1502395200 23 445 23 445
1502388000 23 445 23 445
1502380800 23 445 23 445
1502373600 23 445 23 445
1502366400 23 445 23 445
1502359200 23 445 23 445
1502352000 23 445 23 445
1502344800 23 445 23 445
1502337600 23 445 23 445
1502330400 23 445 23 445
1502323200 23 445 23 445
1502316000 23 445 23 445
1502308800 23 445 23 445
1502301600 23 445 23 445
1502294400 23 445 23 445
1502287200 23 445 23 445
1502280000 23 445 23 445
1502272800 23 445 23 445
1502265600 23 445 23 445
1502258400 23 445 23 445
1502251200 23 445 23 445
1502244000 23 445 23 445
1502236800 23 445 23 445
1502229600 23 445 23 445
1502222400 23 445 23 445
1502215200 23 445 23 445
1502208000 23 445 23 445
1502200800 23 445 23 445
1502193600 23 445 23 445
1502186400 23 445 23 445
1502179200 23 445 23 445
1502172000 23 445 23 445
1502164800 23 445 23 445
1502157600 23 445 23 445
1502150400 23 445 23 445
1502143200 23 445 23 445
1502136000 23 445 23 445
1502128800 23 445 23 445
1502121600 23 445 23 445
1502114400 23 445 23 445
1502107200 23 445 23 445
1502100000 23 445 23 445
1502092800 23 445 23 445
1502085600 23 445 23 445
1502078400 23 445 23 445
1502071200 23 445 23 445
1502064000 23 445 23 445
1502056800 23 445 23 445
1502049600 23 445 23 445
1502042400 23 445 23 445
1502035200 23 445 23 445
1502028000 23 445 23 445
1502020800 23 445 23 445
1502013600 23 445 23 445
1502006400 23 445 23 445
1501999200 23 445 23 445
1501992000 23 445 23 445
1501984800 23 445 23 445
1501977600 23 445 23 445
1501970400 23 445 23 445
1501963200 23 445 23 445
1501956000 23 445 23 445
1501948800 23 445 23 445
1501941600 23 445 23 445
1501934400 23 445 23 445
1501927200 23 445 23 445
1501920000 23 445 23 445
1501912800 23 445 23 445
1501905600 23 445 23 445
1501898400 23 445 23 445
1501891200 23 445 23 445
1501884000 23 445 23 445
1501876800 23 445 23 445
1501869600 23 445 23 445
1501862400 23 445 23 445
1501855200 23 445 23 445
1501848000 23 445 23 445
1501840800 23 445 23 445
1501833600 23 445 23 445
1501826400 23 445 23 445
1501819200 23 445 23 445
1501812000 23 445 23 445
1501804800 23 445 23 445
1501797600 23 445 23 445
1501790400 23 445 23 445
1501783200 23 445 23 445
1501776000 23 445 23 445
1501768800 23 445 23 445
1501761600 23 445 23 445
1501754400 23 445 23 445
1501747200 23 445 23 445
1501740000 23 445 23 445
1501732800 23 445 23 445
1501725600 23 445 23 445
1501718400 23 445 23 445
1501711200 23 445 23 445
1501704000 23 445 23 445
1501696800 23 445 23 445
1501689600 23 445 23 445
1501682400 23 445 23 445
1501675200 23 445 23 445
1501668000 23 445 23 445
1501660800 23 445 23 445
1501653600 23 445 23 445
1501646400 23 445 23 445
1501639200 23 445 23 445
1501632000 23 445 23 445
1501624800 23 445 23 445
1501617600 23 445 23 445
1501610400 23 445 23 445
1501603200 23 445 23 445
1501596000 23 445 23 445
1501588800 23 445 23 445
1501581600 23 445 23 445
1501574400 23 445 23 445
1501567200 23 445 23 445
1501560000 23 445 23 445
1501552800 23 445 23 445
1501545600 23 445 23 445
1501538400 23 445 23 445
1501531200 23 445 23 445
1501524000 23 445 23 445
1501516800 23 445 23 445
1501509600 23 445 23 445
1501502400 23 445 23 445
1501495200 23 445 23 445
1501488000 23 445 23 445
1501480800 23 445 23 445
1501473600 23 445 23 445
1501466400 23 445 23 445
1501459200 23 445 23 445
1501452000 23 445 23 445
1501444800 23 445 23 445
1501437600 23 445 23 445
1501430400 23 445 23 445
1501423200 23 445 23 445
1501416000 23 445 23 445
1501408800 23 445 23 445
1501401600 23 445 23 445
1501394400 23 445 23 445
1501387200 23 445 23 445
1501380000 23 445 23 445
1501372800 23 445 23 445
1501365600 23 445 23 445
1501358400 23 445 23 445
1501351200 23 445 23 445
1501344000 23 445 23 445
1501336800 23 445 23 445
1501329600 23 445 23 445
1501322400 23 445 23 445
1501315200 23 445 23 445
1501308000 23 445 23 445
1501300800 23 445 23 445
1501293600 23 445 23 445
1501286400 23 445 23 445
1501279200 23 445 23 445
1501272000 23 445 23 445
1501264800 23 445 23 445
1501257600 23 445 23 445
1501250400 23 445 23 445
1501243200 23 445 23 445
1501236000 23 445 23 445
1501228800 23 445 23 445
1501221600 23 445 23 445
1501214400 23 445 23 445
1501207200 23 445 23 445
1501200000 23 445 23 445
1501192800 23 445 23 445
1501185600 23 445 23 445
1501178400 23 445 23 445
1501171200 23 445 23 445
1501164000 23 445 23 445
1501156800 23 445 23 445
1501149600 23 445 23 445
1501142400 23 445 23 445
1501135200 23 445 23 445
1501128000 23 445 23 445
1501120800 23 445 23 445
1501113600 23 445 23 445
1501106400 23 445 23 445
1501099200 23 445 23 445
1501092000 23 445 23 445
1501084800 23 445 23 445
1501077600 23 445 23 445
1501070400 23 445 23 445
1501063200 23 445 23 445
1501056000 23 445 23 445
1501048800 23 445 23 445
1501041600 23 445 23 445
1501034400 23 445 23 445
1501027200 23 445 23 445
1501020000 23 445 23 445
1501012800 23 445 23 445
1501005600 23 445 23 445
1500998400 23 445 23 445
1500991200 23 445 23 445
1500984000 23 445 23 445
1500976800 23 445 23 445
1500969600 23 445 23 445
1500962400 23 445 23 445
1500955200 23 445 23 445
1500948000 23 445 23 445
1500940800 23 445 23 445
1500933600 23 445 23 445
1500926400 23 445 23 445
1500919200 23 445 23 445
1500912000 23 445 23 445
1500904800 23 445 23 445
1500897600 23 445 23 445
1500890400 23 445 23 445
1500883200 23 445 23 445
1500876000 23 445 23 445
1500868800 23 445 23 445
1500861600 23 445 23 445
1500854400 23 445 23 445
1500847200 23 445 23 445
1500840000 23 445 23 445
1500832800 23 445 23 445
1500825600 23 445 23 445
1500818400 23 445 23 445
1500811200 23 445 23 445
1500804000 23 445 23 445
1500796800 23 445 23 445
1500789600 23 445 23 445
1500782400 23 445 23 445
1500775200 23 445 23 445
1500768000 23 445 23 445
1500760800 23 445 23 445
1500753600 23 445 23 445
1500746400 23 445 23 445
1500739200 23 445 23 445
1500732000 23 445 23 445
1500724800 23 445 23 445
1500717600 22 458 23 533
1500710400 22 462 23 527
1500703200 21 460 23 545
1500696000 22 462 23 523
1500688800 22 466 23 553
1500681600 22 524 23 1003
1500674400 22 784 23 1525
1500667200 22 1240 23 1641
1500660000 22 1299 23 1641
1500652800 136 1565 2767 4398
1500645600 22 1384 22 1891
1500638400 22 765 23 914
1500631200 22 736 22 824
1500624000 22 739 23 856
1500616800 22 757 23 892
1500609600 22 751 23 878
1500602400 22 752 22 809
1500595200 22 786 23 938
1500588000 22 1423 22 2249
1500580800 22 1724 23 2234
1500573600 22 1789 22 2220
1500566400 22 1695 23 2337
1500559200 22 1551 23 2370
1500552000 22 773 22 1352
1500544800 22 747 23 796
1500537600 22 778 23 939
1500530400 22 773 24 873
1500523200 22 798 23 873
1500516000 22 767 23 840
1500508800 22 809 23 959
1500501600 22 1142 23 1802
1500494400 22 1526 23 1874
1500487200 22 1355 23 1674
1500480000 22 1344 23 1742
1500472800 22 1064 22 1908
1500465600 22 736 22 736
1500458400 22 736 22 736
1500451200 22 736 22 736
1500444000 22 736 22 736
1500436800 22 736 22 736
1500429600 22 736 22 736
1500422400 22 736 22 736
1500415200 22 736 22 736
1500408000 22 736 22 736
1500400800 22 736 22 736
1500393600 22 736 22 736
1500386400 22 736 22 736
1500379200 22 736 22 736
1500372000 22 736 22 736
1500364800 22 736 22 736
1500357600 22 736 22 736
1500350400 22 736 22 736
1500343200 22 736 22 736
1500336000 22 736 22 736
1500328800 22 736 22 736
1500321600 22 736 22 736
1500314400 22 736 22 736
1500307200 22 736 22 736
1500300000 22 736 22 736
1500292800 22 736 22 736
1500285600 22 736 22 736
1500278400 22 736 22 736
1500271200 22 736 22 736
1500264000 22 736 22 736
1500256800 22 736 22 736
1500249600 22 736 22 736
1500242400 22 736 22 736
1500235200 22 736 22 736
1500228000 22 736 22 736
1500220800 22 736 22 736
1500213600 22 736 22 736
1500206400 22 736 22 736
1500199200 22 736 22 736
1500192000 22 736 22 736
1500184800 22 736 22 736
1500177600 22 736 22 736
1500170400 22 736 22 736
1500163200 22 736 22 736
1500156000 22 736 22 736
1500148800 22 736 22 736
1500141600 22 736 22 736
1500134400 22 736 22 736
1500127200 22 736 22 736
1500120000 22 736 22 736
1500112800 22 736 22 736
1500105600 22 736 22 736
1500098400 22 736 22 736
1500091200 22 736 22 736
1500084000 22 736 22 736
1500076800 22 736 22 736
1500069600 22 736 22 736
1500062400 22 736 22 736
1500055200 22 736 22 736
1500048000 22 736 22 736
1500040800 22 736 22 736
1500033600 22 736 22 736
1500026400 22 736 22 736
1500019200 22 736 22 736
1500012000 22 736 22 736
1500004800 22 736 22 736
1499997600 22 736 22 736
1499990400 22 736 22 736
1499983200 22 736 22 736
1499976000 22 736 22 736
1499968800 22 736 22 736
1499961600 22 736 22 736
1499954400 22 736 22 736
1499947200 22 736 22 736
1499940000 22 736 22 736
1499932800 22 736 22 736
1499925600 22 736 22 736
1499918400 22 736 22 736
1499911200 22 736 22 736
1499904000 22 736 22 736
1499896800 22 736 22 736
1499889600 22 736 22 736
1499882400 22 736 22 736
1499875200 22 736 22 736
1499868000 22 736 22 736
1499860800 22 736 22 736
1499853600 22 736 22 736
1499846400 22 736 22 736
1499839200 22 736 22 736
1499832000 22 736 22 736
1499824800 22 736 22 736
1499817600 22 736 22 736
1499810400 22 736 22 736
1499803200 22 736 22 736
1499796000 22 736 22 736
1499788800 22 736 22 736
1499781600 22 736 22 736
1499774400 22 736 22 736
1499767200 22 736 22 736
1499760000 22 736 22 736
1499752800 22 736 22 736
1499745600 22 736 22 736
1499738400 22 736 22 736
1499731200 22 736 22 736
1499724000 22 736 22 736
1499716800 22 736 22 736
1499709600 22 736 22 736
1499702400 22 736 22 736
1499695200 22 736 22 736
1499688000 22 736 22 736
1499680800 22 736 22 736
1499673600 22 736 22 736
1499666400 22 736 22 736
1499659200 22 736 22 736
1499652000 22 736 22 736
1499644800 22 736 22 736
1499637600 22 736 22 736
1499630400 22 736 22 736
1499623200 22 736 22 736
1499616000 22 736 22 736
1499608800 22 736 22 736
1499601600 22 736 22 736
1499594400 22 736 22 736
1499587200 22 736 22 736
1499580000 22 736 22 736
1499572800 22 736 22 736
1499565600 22 736 22 736
1499558400 22 736 22 736
1499551200 22 736 22 736
1499544000 22 736 22 736
1499536800 22 736 22 736
1499529600 22 736 22 736
1499522400 22 736 22 736
1499515200 22 736 22 736
1499508000 22 736 22 736
1499500800 22 736 22 736
1499493600 22 736 22 736
1499486400 22 736 22 736
1499479200 22 736 22 736
1499472000 22 736 22 736
1499464800 22 736 22 736
1499457600 22 736 22 736
1499450400 22 736 22 736
1499443200 22 736 22 736
1499436000 22 736 22 736
1499428800 22 736 22 736
1499421600 22 736 22 736
1499414400 22 736 22 736
1499407200 22 736 22 736
1499400000 22 736 22 736
1499392800 22 736 22 736
1499385600 22 736 22 736
1499378400 22 736 22 736
1499371200 22 736 22 736
1499364000 22 736 22 736
1499356800 22 736 22 736
1499349600 22 736 22 736
1499342400 22 736 22 736
1499335200 22 736 22 736
1499328000 22 736 22 736
1499320800 22 736 22 736
1499313600 22 736 22 736
1499306400 22 736 22 736
1499299200 22 736 22 736
1499292000 22 736 22 736
1499284800 22 736 22 736
1499277600 22 736 22 736
1499270400 22 736 22 736
1499263200 22 736 22 736
1499256000 22 736 22 736
1499248800 22 736 22 736
1499241600 22 736 22 736
1499234400 22 736 22 736
1499212800 22 736 22 736
1499126400 22 736 22 736
1499040000 22 736 22 736
1498953600 22 736 22 736
1498867200 22 736 22 736
1498780800 22 736 22 736
1498694400 22 736 22 736
1498608000 22 736 22 736
1498521600 22 736 22 736
1498435200 22 736 22 736
1498348800 22 736 22 736
1498262400 22 736 22 736
1498176000 22 736 22 736
1498089600 22 728 24 803
1498003200 22 1033 24 4095
1497916800 21 933 24 2331
1497830400 22 596 24 882
1497744000 21 606 24 800
1497657600 22 934 24 2068
1497571200 21 923 24 1994
1497484800 22 1088 23 2137
1497398400 22 1003 23 1964
1497312000 84 1072 4150 5905
1497225600 21 699 24 1299
1497139200 22 713 24 840
1497052800 21 1044 24 4432
1496966400 22 1001 23 2367
1496880000 21 1003 23 2345
1496793600 22 1087 23 2208
1496707200 22 1046 24 2394
1496620800 22 714 24 1105
1496534400 21 713 23 824
1496448000 21 1150 23 2786
1496361600 22 1109 23 2509
1496275200 22 1110 23 2853
1496188800 21 1140 23 2523
1496102400 22 1137 23 3215
1496016000 21 763 23 2661
1495929600 22 785 23 988
1495843200 21 1194 24 3164
1495756800 21 1146 24 2699
1495670400 22 1227 23 3518
1495584000 23 824 23 824
1495497600 23 824 23 824
1495411200 23 824 23 824
1495324800 23 824 23 824
1495238400 23 824 23 824
1495152000 22 1201 24 3634
1495065600 22 1216 26 3547
1494979200 22 896 23 2033
1494892800 23 845 23 845
1494806400 23 845 23 845
1494720000 22 798 24 1049
1494633600 22 1021 24 33149
1494547200 22 919 29 2582
1494460800 29 514 29 514
1494374400 29 514 29 514
1494288000 29 514 29 514
1494201600 29 514 29 514
1494115200 29 514 29 514
1494028800 29 514 29 514
1493942400 29 514 29 514
1493856000 29 514 29 514
1493769600 29 514 29 514
1493683200 29 514 29 514
1493596800 29 514 29 514
1493510400 29 514 29 514
1493424000 29 514 29 514
1493337600 29 514 29 514
1493251200 29 514 29 514
1493164800 29 514 29 514
1493078400 29 514 29 514
1492992000 29 514 29 514
1492905600 29 514 29 514
1492819200 29 514 29 514
1492732800 29 514 29 514
1492646400 29 514 29 514
1492560000 29 514 29 514
1492473600 29 514 29 514
1492387200 29 514 29 514
1492300800 29 514 29 514
1492214400 29 514 29 514
1492128000 29 514 29 514
1492041600 29 514 29 514
1491955200 29 514 29 514
1491868800 29 514 29 514
1491782400 29 514 29 514
1491696000 29 514 29 514
1491609600 29 514 29 514
1491523200 29 514 29 514
1491436800 29 514 29 514
1491350400 29 514 29 514
1491264000 29 514 29 514
1491177600 27 528 29 626
1491091200 26 553 29 1437
1491004800 23 1105 29 3015
1490918400 22 1105 24 3153
1490832000 49 923 7404 8974
1490745600 0 0 0 0
1490659200 0 0 0 0
1490572800 0 0 0 0
1490486400 0 0 0 0
1490400000 0 0 0 0
1490313600 0 0 0 0
1490227200 0 0 0 0
1490140800 0 0 0 0
1490054400 0 0 0 0
1489968000 0 0 0 0
1489881600 0 0 0 0
1489795200 0 0 0 0
1489708800 0 0 0 0
1489622400 0 0 0 0
1489536000 0 0 0 0
1489449600 0 0 0 0
1489363200 0 0 0 0
1489276800 0 0 0 0
1489190400 0 0 0 0
1489104000 0 0 0 0
1489017600 0 0 0 0
1488931200 0 0 0 0
1488844800 0 0 0 0
1488758400 0 0 0 0
1488672000 0 0 0 0
1488585600 0 0 0 0
1488499200 0 0 0 0
1488412800 0 0 0 0
1488326400 0 0 0 0
1488240000 0 0 0 0
1488153600 0 0 0 0
1488067200 0 0 0 0
1487980800 0 0 0 0
1487894400 0 0 0 0
1487808000 0 0 0 0
1487721600 0 0 0 0
1487635200 0 0 0 0
1487548800 0 0 0 0
1487462400 0 0 0 0
1487376000 0 0 0 0
1487289600 0 0 0 0
1487203200 0 0 0 0
1487116800 0 0 0 0
1487030400 0 0 0 0
1486944000 0 0 0 0
1486857600 0 0 0 0
1486771200 0 0 0 0
1486684800 0 0 0 0
1486598400 0 0 0 0
1486512000 0 0 0 0
1486425600 0 0 0 0
1486339200 0 0 0 0
1486252800 0 0 0 0
1486166400 0 0 0 0
1486080000 0 0 0 0
1485993600 0 0 0 0
1485907200 0 0 0 0
1485820800 0 0 0 0
1485734400 0 0 0 0
1485648000 0 0 0 0
1485561600 0 0 0 0
1485475200 0 0 0 0
1485388800 0 0 0 0
1485302400 0 0 0 0
1485216000 0 0 0 0
1485129600 0 0 0 0
1485043200 0 0 0 0
1484956800 0 0 0 0
1484870400 0 0 0 0
1484784000 0 0 0 0
1484697600 0 0 0 0
1484611200 0 0 0 0
1484524800 0 0 0 0
1484438400 0 0 0 0
1484352000 0 0 0 0
1484265600 0 0 0 0
1484179200 0 0 0 0
1484092800 0 0 0 0
1484006400 0 0 0 0
1483920000 0 0 0 0
1483833600 0 0 0 0
1483747200 0 0 0 0
1483660800 0 0 0 0
1483574400 0 0 0 0
1483488000 0 0 0 0
1483401600 0 0 0 0
1483315200 0 0 0 0
1483228800 0 0 0 0
1483142400 0 0 0 0
1483056000 0 0 0 0
1482969600 0 0 0 0
1482883200 0 0 0 0
1482796800 0 0 0 0
1482710400 0 0 0 0
1482624000 0 0 0 0
1482537600 0 0 0 0
1482451200 0 0 0 0
1482364800 0 0 0 0
1482278400 0 0 0 0
1482192000 0 0 0 0
1482105600 0 0 0 0
1482019200 0 0 0 0
1481932800 0 0 0 0
1481846400 0 0 0 0
1481760000 0 0 0 0
1481673600 0 0 0 0
1481587200 0 0 0 0
1481500800 0 0 0 0
1481414400 0 0 0 0
1481328000 0 0 0 0
1481241600 0 0 0 0
1481155200 0 0 0 0
1481068800 0 0 0 0
1480982400 0 0 0 0
1480896000 0 0 0 0
1480809600 0 0 0 0
1480723200 0 0 0 0
1480636800 0 0 0 0
1480550400 0 0 0 0
1480464000 0 0 0 0
1480377600 0 0 0 0
1480291200 0 0 0 0
1480204800 0 0 0 0
1480118400 0 0 0 0
1480032000 0 0 0 0
1479945600 0 0 0 0
1479859200 0 0 0 0
1479772800 0 0 0 0
1479686400 0 0 0 0
1479600000 0 0 0 0
1479513600 0 0 0 0
1479427200 0 0 0 0
1479340800 0 0 0 0
1479254400 0 0 0 0
1479168000 0 0 0 0
1479081600 0 0 0 0
1478995200 0 0 0 0
1478908800 0 0 0 0
1478822400 0 0 0 0
1478736000 0 0 0 0
1478649600 0 0 0 0
1478563200 0 0 0 0
1478476800 0 0 0 0
1478390400 0 0 0 0
1478304000 0 0 0 0
1478217600 0 0 0 0
1478131200 0 0 0 0
1478044800 0 0 0 0
1477958400 0 0 0 0
1477872000 0 0 0 0
1477785600 0 0 0 0
1477699200 0 0 0 0
1477612800 0 0 0 0
1477526400 0 0 0 0
1477440000 0 0 0 0
1477353600 0 0 0 0
1477267200 0 0 0 0
1477180800 0 0 0 0
1477094400 0 0 0 0
1477008000 0 0 0 0
1476921600 0 0 0 0
1476835200 0 0 0 0
1476748800 0 0 0 0
1476662400 0 0 0 0
1476576000 0 0 0 0
1476489600 0 0 0 0
1476403200 0 0 0 0
1476316800 0 0 0 0
1476230400 0 0 0 0
1476144000 0 0 0 0
1476057600 0 0 0 0
1475971200 0 0 0 0
1475884800 0 0 0 0
1475798400 0 0 0 0
1475712000 0 0 0 0
1475625600 0 0 0 0
1475539200 0 0 0 0
1475452800 0 0 0 0
1475366400 0 0 0 0
1475280000 0 0 0 0
1475193600 0 0 0 0
1475107200 0 0 0 0
1475020800 0 0 0 0
1474934400 0 0 0 0
1474848000 0 0 0 0
1474761600 0 0 0 0
1474675200 0 0 0 0
1474588800 0 0 0 0
1474502400 0 0 0 0
1474416000 0 0 0 0
1474329600 0 0 0 0
1474243200 0 0 0 0
1474156800 0 0 0 0
1474070400 0 0 0 0
1473984000 0 0 0 0
1473897600 0 0 0 0
1473811200 0 0 0 0
1473724800 0 0 0 0
1473638400 0 0 0 0
1473552000 0 0 0 0
1473465600 0 0 0 0
1473379200 0 0 0 0
1473292800 0 0 0 0
1473206400 0 0 0 0
1473120000 0 0 0 0
1473033600 0 0 0 0
1472947200 0 0 0 0
1472860800 0 0 0 0
1472774400 0 0 0 0
1472688000 0 0 0 0
1472601600 0 0 0 0
1472515200 0 0 0 0
1472428800 0 0 0 0
1472342400 0 0 0 0
1472256000 0 0 0 0
1472169600 0 0 0 0
1472083200 0 0 0 0
1471996800 0 0 0 0
1471910400 0 0 0 0
1471824000 0 0 0 0
1471737600 0 0 0 0
1471651200 0 0 0 0
1471564800 0 0 0 0
1471478400 0 0 0 0
1471392000 0 0 0 0
1471305600 0 0 0 0
1471219200 0 0 0 0
1471132800 0 0 0 0
1471046400 0 0 0 0
1470960000 0 0 0 0
1470873600 0 0 0 0
1470787200 0 0 0 0
1470700800 0 0 0 0
1470614400 0 0 0 0
1470528000 0 0 0 0
1470441600 0 0 0 0
1470355200 0 0 0 0
1470268800 0 0 0 0
1470182400 0 0 0 0
1470096000 0 0 0 0
1470009600 0 0 0 0
1469923200 0 0 0 0
1469836800 0 0 0 0
1469750400 0 0 0 0
1469664000 0 0 0 0
1469577600 0 0 0 0
1469491200 0 0 0 0
1469404800 0 0 0 0
1469318400 0 0 0 0
1469232000 0 0 0 0
1469145600 0 0 0 0
1469059200 0 0 0 0
1468972800 0 0 0 0
1468886400 0 0 0 0
1468800000 0 0 0 0
1468713600 0 0 0 0
1468627200 0 0 0 0
1468540800 0 0 0 0
1468454400 0 0 0 0
1468368000 0 0 0 0
1468281600 0 0 0 0
1468195200 0 0 0 0
1468108800 0 0 0 0
1468022400 0 0 0 0
1467936000 0 0 0 0
1467849600 0 0 0 0
1467763200 0 0 0 0
1467676800 0 0 0 0
1467590400 0 0 0 0
1467504000 0 0 0 0
1467417600 0 0 0 0
1467331200 0 0 0 0
1467244800 0 0 0 0
1467158400 0 0 0 0
1467072000 0 0 0 0
1466985600 0 0 0 0
1466899200 0 0 0 0
1466812800 0 0 0 0
1466726400 0 0 0 0
1466640000 0 0 0 0
1466553600 0 0 0 0
1466467200 0 0 0 0
1466380800 0 0 0 0
1466294400 0 0 0 0
1466208000 0 0 0 0
1466121600 0 0 0 0
1466035200 0 0 0 0
1465948800 0 0 0 0
1465862400 0 0 0 0
1465776000 0 0 0 0
1465689600 0 0 0 0
1465603200 0 0 0 0
1465516800 0 0 0 0
1465430400 0 0 0 0
1465344000 0 0 0 0
1465257600 0 0 0 0
1465171200 0 0 0 0
1465084800 0 0 0 0
1464998400 0 0 0 0
1464912000 0 0 0 0
1464825600 0 0 0 0
1464739200 0 0 0 0
1464652800 0 0 0 0
1464566400 0 0 0 0
1464480000 0 0 0 0
1464393600 0 0 0 0
1464307200 0 0 0 0
1464220800 0 0 0 0
1464134400 0 0 0 0
1464048000 0 0 0 0
1463961600 0 0 0 0
1463875200 0 0 0 0
1463788800 0 0 0 0
1463702400 0 0 0 0
1463616000 0 0 0 0
1463529600 0 0 0 0
1463443200 0 0 0 0
1463356800 0 0 0 0
1463270400 0 0 0 0
1463184000 0 0 0 0
1463097600 0 0 0 0
1463011200 0 0 0 0
1462924800 0 0 0 0
1462838400 0 0 0 0
1462752000 0 0 0 0
1462665600 0 0 0 0
1462579200 0 0 0 0
1462492800 0 0 0 0
1462406400 0 0 0 0
1462320000 0 0 0 0
1462233600 0 0 0 0
1462147200 0 0 0 0
1462060800 0 0 0 0
1461974400 0 0 0 0
1461888000 0 0 0 0
1461801600 0 0 0 0
1461715200 0 0 0 0
1461628800 0 0 0 0
1461542400 0 0 0 0
1461456000 0 0 0 0
1461369600 0 0 0 0
1461283200 0 0 0 0
1461196800 0 0 0 0
1461110400 0 0 0 0
1461024000 0 0 0 0
1460937600 0 0 0 0
1460851200 0 0 0 0
1460764800 0 0 0 0
1460678400 0 0 0 0
1460592000 0 0 0 0
1460505600 0 0 0 0
1460419200 0 0 0 0
1460332800 0 0 0 0
1460246400 0 0 0 0
1460160000 0 0 0 0
1460073600 0 0 0 0
1459987200 0 0 0 0
1459900800 0 0 0 0
1459814400 0 0 0 0
1459728000 0 0 0 0
1459641600 0 0 0 0
1459555200 0 0 0 0
1459468800 0 0 0 0
1459382400 0 0 0 0
1459296000 0 0 0 0
1459209600 0 0 0 0
1459123200 0 0 0 0
1459036800 0 0 0 0
1458950400 0 0 0 0
1458864000 0 0 0 0
1458777600 0 0 0 0
1458691200 0 0 0 0
1458604800 0 0 0 0
1458518400 0 0 0 0
1458432000 0 0 0 0
1458345600 0 0 0 0
1458259200 0 0 0 0
1458172800 0 0 0 0
1458086400 0 0 0 0
1458000000 0 0 0 0
1457913600 0 0 0 0
1457827200 0 0 0 0
1457740800 0 0 0 0
1457654400 0 0 0 0
1457568000 0 0 0 0
1457481600 0 0 0 0
1457395200 0 0 0 0
1457308800 0 0 0 0
1457222400 0 0 0 0
1457136000 0 0 0 0
1457049600 0 0 0 0
1456963200 0 0 0 0
1456876800 0 0 0 0
1456790400 0 0 0 0
1456704000 0 0 0 0
1456617600 0 0 0 0
1456531200 0 0 0 0
1456444800 0 0 0 0
1456358400 0 0 0 0
1456272000 0 0 0 0
1456185600 0 0 0 0
1456099200 0 0 0 0
1456012800 0 0 0 0
1455926400 0 0 0 0
1455840000 0 0 0 0
1455753600 0 0 0 0
1455667200 0 0 0 0
1455580800 0 0 0 0
1455494400 0 0 0 0
1455408000 0 0 0 0
1455321600 0 0 0 0
1455235200 0 0 0 0
1455148800 0 0 0 0
1455062400 0 0 0 0
1454976000 0 0 0 0
1454889600 0 0 0 0
1454803200 0 0 0 0
1454716800 0 0 0 0
1454630400 0 0 0 0
1454544000 0 0 0 0
1454457600 0 0 0 0
1454371200 0 0 0 0
1454284800 0 0 0 0
1454198400 0 0 0 0
1454112000 0 0 0 0
1454025600 0 0 0 0
1453939200 0 0 0 0
1453852800 0 0 0 0
1453766400 0 0 0 0
1453680000 0 0 0 0
1453593600 0 0 0 0
1453507200 0 0 0 0
1453420800 0 0 0 0
1453334400 0 0 0 0
1453248000 0 0 0 0
1453161600 0 0 0 0
1453075200 0 0 0 0
1452988800 0 0 0 0
1452902400 0 0 0 0
1452816000 0 0 0 0
1452729600 0 0 0 0
1452643200 0 0 0 0
1452556800 0 0 0 0
1452470400 0 0 0 0
1452384000 0 0 0 0
1452297600 0 0 0 0
1452211200 0 0 0 0
1452124800 0 0 0 0
1452038400 0 0 0 0
1451952000 0 0 0 0
1451865600 0 0 0 0
1451779200 0 0 0 0
1451692800 0 0 0 0
1451606400 0 0 0 0
1451520000 0 0 0 0
1451433600 0 0 0 0
1451347200 0 0 0 0
1451260800 0 0 0 0
1451174400 0 0 0 0
1451088000 0 0 0 0
1451001600 0 0 0 0
1450915200 0 0 0 0
1450828800 0 0 0 0
1450742400 0 0 0 0
1450656000 0 0 0 0
1450569600 0 0 0 0
1450483200 0 0 0 0
1450396800 0 0 0 0
1450310400 0 0 0 0
1450224000 0 0 0 0
1450137600 0 0 0 0
1450051200 0 0 0 0
1449964800 0 0 0 0
1449878400 0 0 0 0
1449792000 0 0 0 0
1449705600 0 0 0 0
1449619200 0 0 0 0
1449532800 0 0 0 0
1449446400 0 0 0 0
1449360000 0 0 0 0
1449273600 0 0 0 0
1449187200 0 0 0 0
1449100800 0 0 0 0
1449014400 0 0 0 0
1448928000 0 0 0 0
1448841600 0 0 0 0
1448755200 0 0 0 0
1448668800 0 0 0 0
1448582400 0 0 0 0
1448496000 0 0 0 0
1448409600 0 0 0 0
1448323200 0 0 0 0
1448236800 0 0 0 0
1448150400 0 0 0 0
1448064000 0 0 0 0
1447977600 0 0 0 0
1447891200 0 0 0 0
1447804800 0 0 0 0
1447718400 0 0 0 0
1447632000 0 0 0 0
1447545600 0 0 0 0
1447459200 0 0 0 0
1447372800 0 0 0 0
1447286400 0 0 0 0
1447200000 0 0 0 0
1447113600 0 0 0 0
1447027200 0 0 0 0
1446940800 0 0 0 0
1446854400 0 0 0 0
1446768000 0 0 0 0
1446681600 0 0 0 0
1446595200 0 0 0 0
1446508800 0 0 0 0
1446422400 0 0 0 0
1446336000 0 0 0 0
1446249600 0 0 0 0
1446163200 0 0 0 0
1446076800 0 0 0 0
1445990400 0 0 0 0
1445904000 0 0 0 0
1445817600 0 0 0 0
1445731200 0 0 0 0
1445644800 0 0 0 0
1445558400 0 0 0 0
1445472000 0 0 0 0
1445385600 0 0 0 0
1445299200 0 0 0 0
1445212800 0 0 0 0
1445126400 0 0 0 0
1445040000 0 0 0 0
1444953600 0 0 0 0
1444867200 0 0 0 0
1444780800 0 0 0 0
1444694400 0 0 0 0
1444608000 0 0 0 0
1444521600 0 0 0 0
1444435200 0 0 0 0
1444348800 0 0 0 0
1444262400 0 0 0 0
1444176000 0 0 0 0
1444089600 0 0 0 0
1444003200 0 0 0 0
1443916800 0 0 0 0
1443830400 0 0 0 0
1443744000 0 0 0 0
1443657600 0 0 0 0
1443571200 0 0 0 0
1443484800 0 0 0 0
1443398400 0 0 0 0
1443312000 0 0 0 0
1443225600 0 0 0 0
1443139200 0 0 0 0
1443052800 0 0 0 0
1442966400 0 0 0 0
1442880000 0 0 0 0
1442793600 0 0 0 0
1442707200 0 0 0 0
1442620800 0 0 0 0
1442534400 0 0 0 0
1442448000 0 0 0 0
1442361600 0 0 0 0
1442275200 0 0 0 0
1442188800 0 0 0 0
1442102400 0 0 0 0
1442016000 0 0 0 0
1441929600 0 0 0 0
1441843200 0 0 0 0
1441756800 0 0 0 0
1441670400 0 0 0 0
1441584000 0 0 0 0
1441497600 0 0 0 0
1441411200 0 0 0 0
1441324800 0 0 0 0
1441238400 0 0 0 0
1441152000 0 0 0 0
1441065600 0 0 0 0
1440979200 0 0 0 0
1440892800 0 0 0 0
1440806400 0 0 0 0
1440720000 0 0 0 0
1440633600 0 0 0 0
1440547200 0 0 0 0
1440460800 0 0 0 0
1440374400 0 0 0 0
1440288000 0 0 0 0
1440201600 0 0 0 0
1440115200 0 0 0 0
1440028800 0 0 0 0
1439942400 0 0 0 0
1439856000 0 0 0 0
1439769600 0 0 0 0
1439683200 0 0 0 0
1439596800 0 0 0 0
1439510400 0 0 0 0
1439424000 0 0 0 0
1439337600 0 0 0 0
1439251200 0 0 0 0
1439164800 0 0 0 0
1439078400 0 0 0 0
1438992000 0 0 0 0
1438905600 0 0 0 0
1438819200 0 0 0 0
1438732800 0 0 0 0
1438646400 0 0 0 0
1438560000 0 0 0 0
1438473600 0 0 0 0
1438387200 0 0 0 0
1438300800 0 0 0 0
1438214400 0 0 0 0
1438128000 0 0 0 0
1438041600 0 0 0 0
1437955200 0 0 0 0
1437868800 0 0 0 0
1437782400 0 0 0 0
1437696000 0 0 0 0
1437609600 0 0 0 0
1437523200 0 0 0 0
1437436800 0 0 0 0
1437350400 0 0 0 0
1437264000 0 0 0 0
1437177600 0 0 0 0
1437091200 0 0 0 0
1437004800 0 0 0 0
1436918400 0 0 0 0
1436832000 0 0 0 0
1436745600 0 0 0 0
1436659200 0 0 0 0
1436572800 0 0 0 0
1436486400 0 0 0 0
1436400000 0 0 0 0
1436313600 0 0 0 0
1436227200 0 0 0 0
1436140800 0 0 0 0
1436054400 0 0 0 0
