1504817527 589833374736 45836280078
1504817527 1855 2606 1855 2606
1504817227 1872 2497 1872 2497
1504817100 1864 2531 1872 2578
1504816800 1854 2578 1854 2578
1504816500 1854 2578 1854 2578
1504816200 1854 2578 1854 2578
1504815900 1854 2578 1854 2578
1504815600 1854 2578 1854 2578
1504815300 1854 2578 1854 2578
1504815000 1854 2578 1854 2578
1504814700 1854 2578 1854 2578
1504814400 1854 2578 1854 2578
1504814100 1854 2578 1854 2578
1504813800 1854 2578 1854 2578
1504813500 1854 2578 1854 2578
1504813200 1854 2578 1854 2578
1504812900 1854 2578 1854 2578
1504812600 1854 2578 1854 2578
1504812300 1854 2578 1854 2578
1504812000 1854 2578 1854 2578
1504811700 1854 2578 1854 2578
1504811400 1854 2578 1854 2578
1504811100 1854 2578 1854 2578
1504810800 1854 2578 1854 2578
1504810500 1854 2578 1854 2578
1504810200 1854 2578 1854 2578
1504809900 1854 2578 1854 2578
1504809600 1854 2578 1854 2578
1504809300 1854 2578 1854 2578
1504809000 1854 2578 1854 2578
1504808700 1854 2578 1854 2578
1504808400 1854 2578 1854 2578
1504808100 1854 2578 1854 2578
1504807800 1854 2578 1854 2578
1504807500 1854 2578 1854 2578
1504807200 1854 2578 1854 2578
1504806900 1854 2578 1854 2578
1504806600 1854 2578 1854 2578
1504806300 1854 2578 1854 2578
1504806000 1854 2578 1854 2578
1504805700 1854 2578 1854 2578
1504805400 1854 2578 1854 2578
1504805100 1854 2578 1854 2578
1504804800 1854 2578 1854 2578
1504804500 1854 2578 1854 2578
1504804200 1854 2578 1854 2578
1504803900 1854 2578 1854 2578
1504803600 1854 2578 1854 2578
1504803300 1854 2578 1854 2578
1504803000 1854 2578 1854 2578
1504802700 1854 2578 1854 2578
1504802400 1854 2578 1854 2578
1504802100 1854 2578 1854 2578
1504801800 1854 2578 1854 2578
1504801500 1854 2578 1854 2578
1504801200 1854 2578 1854 2578
1504800900 1854 2578 1854 2578
1504800600 1854 2578 1854 2578
1504800300 1854 2578 1854 2578
1504800000 1854 2578 1854 2578
1504799700 1854 2578 1854 2578
1504799400 1854 2578 1854 2578
1504799100 1854 2578 1854 2578
1504798800 1854 2578 1854 2578
1504798500 1854 2578 1854 2578
1504798200 1854 2578 1854 2578
1504797900 1854 2578 1854 2578
1504797600 1854 2578 1854 2578
1504797300 1854 2578 1854 2578
1504797000 1854 2578 1854 2578
1504796700 1854 2578 1854 2578
1504796400 1854 2578 1854 2578
1504796100 1854 2578 1854 2578
1504795800 1854 2578 1854 2578
1504795500 1854 2578 1854 2578
1504795200 1854 2578 1854 2578
1504794900 1854 2578 1854 2578
1504794600 1854 2578 1854 2578
1504794300 1854 2578 1854 2578
1504794000 1854 2578 1854 2578
1504793700 1854 2578 1854 2578
1504793400 1854 2578 1854 2578
1504793100 1854 2578 1854 2578
1504792800 1854 2578 1854 2578
1504792500 1854 2578 1854 2578
1504792200 1854 2578 1854 2578
1504791900 1854 2578 1854 2578
1504791600 1854 2578 1854 2578
1504791300 1854 2578 1854 2578
1504791000 1854 2578 1854 2578
1504790700 1854 2578 1854 2578
1504790400 1854 2578 1854 2578
1504790100 1854 2578 1854 2578
1504789800 1854 2578 1854 2578
1504789500 1854 2578 1854 2578
1504789200 1854 2578 1854 2578
1504788900 1854 2578 1854 2578
1504788600 1854 2578 1854 2578
1504788300 1854 2578 1854 2578
1504788000 1854 2578 1854 2578
1504787700 1854 2578 1854 2578
1504787400 1854 2578 1854 2578
1504787100 1854 2578 1854 2578
1504786800 1854 2578 1854 2578
1504786500 1854 2578 1854 2578
1504786200 1854 2578 1854 2578
1504785900 1854 2578 1854 2578
1504785600 1854 2578 1854 2578
1504785300 1854 2578 1854 2578
1504785000 1854 2578 1854 2578
1504784700 1854 2578 1854 2578
1504784400 1854 2578 1854 2578
1504784100 1854 2578 1854 2578
1504783800 1854 2578 1854 2578
1504783500 1854 2578 1854 2578
1504783200 1854 2578 1854 2578
1504782900 1854 2578 1854 2578
1504782600 1854 2578 1854 2578
1504782300 1854 2578 1854 2578
1504782000 1854 2578 1854 2578
1504781700 1854 2578 1854 2578
1504781400 1854 2578 1854 2578
1504781100 1854 2578 1854 2578
1504780800 1854 2578 1854 2578
1504780500 1854 2578 1854 2578
1504780200 1854 2578 1854 2578
1504779900 1854 2578 1854 2578
1504779600 1854 2578 1854 2578
1504779300 1854 2578 1854 2578
1504779000 1854 2578 1854 2578
1504778700 1854 2578 1854 2578
1504778400 1854 2578 1854 2578
1504778100 1854 2578 1854 2578
1504777800 1854 2578 1854 2578
1504777500 1854 2578 1854 2578
1504777200 1854 2578 1854 2578
1504776900 1854 2578 1854 2578
1504776600 1854 2578 1854 2578
1504776300 1854 2578 1854 2578
1504776000 1854 2578 1854 2578
1504775700 1854 2578 1854 2578
1504775400 1854 2578 1854 2578
1504775100 1854 2578 1854 2578
1504774800 1854 2578 1854 2578
1504774500 1854 2578 1854 2578
1504774200 1854 2578 1854 2578
1504773900 1854 2578 1854 2578
1504773600 1854 2578 1854 2578
1504773300 1854 2578 1854 2578
1504773000 1854 2578 1854 2578
1504772700 1854 2578 1854 2578
1504772400 1854 2578 1854 2578
1504772100 1854 2578 1854 2578
1504771800 1854 2578 1854 2578
1504771500 1854 2578 1854 2578
1504771200 1854 2578 1854 2578
1504770900 1854 2578 1854 2578
1504770600 1854 2578 1854 2578
1504770300 1854 2578 1854 2578
1504770000 1854 2578 1854 2578
1504769700 1854 2578 1854 2578
1504769400 1854 2578 1854 2578
1504769100 1854 2578 1854 2578
1504768800 1854 2578 1854 2578
1504768500 1854 2578 1854 2578
1504768200 1854 2578 1854 2578
1504767900 1854 2578 1854 2578
1504767600 1854 2578 1854 2578
1504767300 1854 2578 1854 2578
1504767000 1854 2578 1854 2578
1504766700 1854 2578 1854 2578
1504766400 1854 2578 1854 2578
1504766100 1854 2578 1854 2578
1504765800 1854 2578 1854 2578
1504765500 1854 2578 1854 2578
1504765200 1854 2578 1854 2578
1504764900 1854 2578 1854 2578
1504764600 1854 2578 1854 2578
1504764300 1854 2578 1854 2578
1504764000 1854 2578 1854 2578
1504763700 1854 2578 1854 2578
1504763400 1854 2578 1854 2578
1504763100 1854 2578 1854 2578
1504762800 1854 2578 1854 2578
1504762500 1854 2578 1854 2578
1504762200 1854 2578 1854 2578
1504761900 1854 2578 1854 2578
1504761600 1854 2578 1854 2578
1504761300 1854 2578 1854 2578
1504761000 1854 2578 1854 2578
1504760700 1854 2578 1854 2578
1504760400 1854 2578 1854 2578
1504760100 1854 2578 1854 2578
1504759800 1854 2578 1854 2578
1504759500 1854 2578 1854 2578
1504759200 1854 2578 1854 2578
1504758900 1854 2578 1854 2578
1504758600 1854 2578 1854 2578
1504758300 1854 2578 1854 2578
1504758000 1854 2578 1854 2578
1504757700 1854 2578 1854 2578
1504757400 1854 2578 1854 2578
1504757100 1854 2578 1854 2578
1504756800 1854 2578 1854 2578
1504756500 1854 2578 1854 2578
1504756200 1854 2578 1854 2578
1504755900 1854 2578 1854 2578
1504755600 1854 2578 1854 2578
1504755300 1854 2578 1854 2578
1504755000 1854 2578 1854 2578
1504754700 1854 2578 1854 2578
1504754400 1854 2578 1854 2578
1504754100 1854 2578 1854 2578
1504753800 1854 2578 1854 2578
1504753500 1854 2578 1854 2578
1504753200 1854 2578 1854 2578
1504752900 1854 2578 1854 2578
1504752600 1854 2578 1854 2578
1504752300 1854 2578 1854 2578
1504752000 1854 2578 1854 2578
1504751700 1854 2578 1854 2578
1504751400 1854 2578 1854 2578
1504751100 1854 2578 1854 2578
1504750800 1854 2578 1854 2578
1504750500 1854 2578 1854 2578
1504750200 1854 2578 1854 2578
1504749900 1854 2578 1854 2578
1504749600 1854 2578 1854 2578
1504749300 1854 2578 1854 2578
1504749000 1854 2578 1854 2578
1504748700 1854 2578 1854 2578
1504748400 1854 2578 1854 2578
1504748100 1854 2578 1854 2578
1504747800 1854 2578 1854 2578
1504747500 1854 2578 1854 2578
1504747200 1854 2578 1854 2578
1504746900 1854 2578 1854 2578
1504746600 1854 2578 1854 2578
1504746300 1854 2578 1854 2578
1504746000 1854 2578 1854 2578
1504745700 1854 2578 1854 2578
1504745400 1854 2578 1854 2578
1504745100 1854 2578 1854 2578
1504744800 1854 2578 1854 2578
1504744500 1854 2578 1854 2578
1504744200 1854 2578 1854 2578
1504743900 1854 2578 1854 2578
1504743600 1854 2578 1854 2578
1504743300 1854 2578 1854 2578
1504743000 1854 2578 1854 2578
1504742700 1854 2578 1854 2578
1504742400 1854 2578 1854 2578
1504742100 1854 2578 1854 2578
1504741800 1854 2578 1854 2578
1504741500 1854 2578 1854 2578
1504741200 1854 2578 1854 2578
1504740900 1854 2578 1854 2578
1504740600 1854 2578 1854 2578
1504740300 1854 2578 1854 2578
1504740000 1854 2578 1854 2578
1504739700 1854 2578 1854 2578
1504739400 1854 2578 1854 2578
1504739100 1854 2578 1854 2578
1504738800 1854 2578 1854 2578
1504738500 1854 2578 1854 2578
1504738200 1854 2578 1854 2578
1504737900 1854 2578 1854 2578
1504737600 1854 2578 1854 2578
1504737300 1854 2578 1854 2578
1504737000 1854 2578 1854 2578
1504736700 1854 2578 1854 2578
1504736400 1854 2578 1854 2578
1504736100 1854 2578 1854 2578
1504735800 1854 2578 1854 2578
1504735500 1854 2578 1854 2578
1504735200 1854 2578 1854 2578
1504734900 1854 2578 1854 2578
1504734600 1854 2578 1854 2578
1504734300 1854 2578 1854 2578
1504734000 1854 2578 1854 2578
1504733700 1854 2578 1854 2578
1504733400 1854 2578 1854 2578
1504733100 1854 2578 1854 2578
1504732800 1854 2578 1854 2578
1504732500 1854 2578 1854 2578
1504732200 1854 2578 1854 2578
1504731900 1854 2578 1854 2578
1504731600 1854 2578 1854 2578
1504731300 1854 2578 1854 2578
1504731000 1854 2578 1854 2578
1504730700 1854 2578 1854 2578
1504730400 1854 2578 1854 2578
1504730100 1854 2578 1854 2578
1504729800 1854 2578 1854 2578
1504729500 1854 2578 1854 2578
1504729200 1854 2578 1854 2578
1504728900 1854 2578 1854 2578
1504728600 1854 2578 1854 2578
1504728300 1854 2578 1854 2578
1504728000 1854 2578 1854 2578
1504727700 1854 2578 1854 2578
1504727400 1854 2578 1854 2578
1504727100 1854 2578 1854 2578
1504726800 1854 2578 1854 2578
1504726500 1854 2578 1854 2578
1504726200 1854 2578 1854 2578
1504725900 1854 2578 1854 2578
1504725600 1854 2578 1854 2578
1504725300 1854 2578 1854 2578
1504725000 1854 2578 1854 2578
1504724700 1854 2578 1854 2578
1504724400 1854 2578 1854 2578
1504724100 1854 2578 1854 2578
1504723800 1854 2578 1854 2578
1504723500 1854 2578 1854 2578
1504723200 1854 2578 1854 2578
1504722900 1854 2578 1854 2578
1504722600 1854 2578 1854 2578
1504722300 1854 2578 1854 2578
1504722000 1854 2578 1854 2578
1504721700 1854 2578 1854 2578
1504721400 1854 2578 1854 2578
1504721100 1854 2578 1854 2578
1504720800 1854 2578 1854 2578
1504720500 1854 2578 1854 2578
1504720200 1854 2578 1854 2578
1504719900 1854 2578 1854 2578
1504719600 1854 2578 1854 2578
1504719300 1854 2578 1854 2578
1504719000 1854 2578 1854 2578
1504718700 1854 2578 1854 2578
1504718400 1854 2578 1854 2578
1504718100 1854 2578 1854 2578
1504717800 1854 2578 1854 2578
1504717500 1854 2578 1854 2578
1504717200 1854 2578 1854 2578
1504716900 1854 2578 1854 2578
1504716600 1854 2578 1854 2578
1504716300 1854 2578 1854 2578
1504716000 1854 2578 1854 2578
1504715700 1854 2578 1854 2578
1504715400 1854 2578 1854 2578
1504715100 1854 2578 1854 2578
1504714800 1854 2578 1854 2578
1504714500 1854 2578 1854 2578
1504714200 1854 2578 1854 2578
1504713900 1854 2578 1854 2578
1504713600 1854 2578 1854 2578
1504713300 1854 2578 1854 2578
1504713000 1854 2578 1854 2578
1504712700 1854 2578 1854 2578
1504712400 1854 2578 1854 2578
1504712100 1854 2578 1854 2578
1504711800 1854 2578 1854 2578
1504711500 1854 2578 1854 2578
1504711200 1854 2578 1854 2578
1504710900 1854 2578 1854 2578
1504710600 1854 2578 1854 2578
1504710300 1854 2578 1854 2578
1504710000 1854 2578 1854 2578
1504709700 1854 2578 1854 2578
1504709400 1854 2578 1854 2578
1504709100 1854 2578 1854 2578
1504708800 1854 2578 1854 2578
1504708500 1854 2578 1854 2578
1504708200 1854 2578 1854 2578
1504707900 1854 2578 1854 2578
1504707600 1854 2578 1854 2578
1504707300 1854 2578 1854 2578
1504707000 1854 2578 1854 2578
1504706700 1854 2578 1854 2578
1504706400 1854 2578 1854 2578
1504706100 1854 2578 1854 2578
1504705800 1854 2578 1854 2578
1504705500 1854 2578 1854 2578
1504705200 1854 2578 1854 2578
1504704900 1854 2578 1854 2578
1504704600 1854 2578 1854 2578
1504704300 1854 2578 1854 2578
1504704000 1854 2578 1854 2578
1504703700 1854 2578 1854 2578
1504703400 1854 2578 1854 2578
1504703100 1854 2578 1854 2578
1504702800 1854 2578 1854 2578
1504702500 1854 2578 1854 2578
1504702200 1854 2578 1854 2578
1504701900 1854 2578 1854 2578
1504701600 1854 2578 1854 2578
1504701300 1854 2578 1854 2578
1504701000 1854 2578 1854 2578
1504700700 1854 2578 1854 2578
1504700400 1854 2578 1854 2578
1504700100 1854 2578 1854 2578
1504699800 1854 2578 1854 2578
1504699500 1854 2578 1854 2578
1504699200 1854 2578 1854 2578
1504698900 1854 2578 1854 2578
1504698600 1854 2578 1854 2578
1504698300 1854 2578 1854 2578
1504698000 1854 2578 1854 2578
1504697700 1854 2578 1854 2578
1504697400 1854 2578 1854 2578
1504697100 1854 2578 1854 2578
1504696800 1854 2578 1854 2578
1504696500 1854 2578 1854 2578
1504696200 1854 2578 1854 2578
1504695900 1854 2578 1854 2578
1504695600 1854 2578 1854 2578
1504695300 1854 2578 1854 2578
1504695000 1854 2578 1854 2578
1504694700 1854 2578 1854 2578
1504694400 1854 2578 1854 2578
1504694100 1854 2578 1854 2578
1504693800 1854 2578 1854 2578
1504693500 1854 2578 1854 2578
1504693200 1854 2578 1854 2578
1504692900 1854 2578 1854 2578
1504692600 1854 2578 1854 2578
1504692300 1854 2578 1854 2578
1504692000 1854 2578 1854 2578
1504691700 1854 2578 1854 2578
1504691400 1854 2578 1854 2578
1504691100 1854 2578 1854 2578
1504690800 1854 2578 1854 2578
1504690500 1854 2578 1854 2578
1504690200 1854 2578 1854 2578
1504689900 1854 2578 1854 2578
1504689600 1854 2578 1854 2578
1504689300 1854 2578 1854 2578
1504689000 1854 2578 1854 2578
1504688700 1854 2578 1854 2578
1504688400 1854 2578 1854 2578
1504688100 1854 2578 1854 2578
1504687800 1854 2578 1854 2578
1504687500 1854 2578 1854 2578
1504687200 1854 2578 1854 2578
1504686900 1854 2578 1854 2578
1504686600 1854 2578 1854 2578
1504686300 1854 2578 1854 2578
1504686000 1854 2578 1854 2578
1504685700 1854 2578 1854 2578
1504685400 1854 2578 1854 2578
1504685100 1854 2578 1854 2578
1504684800 1854 2578 1854 2578
1504684500 1854 2578 1854 2578
1504684200 1854 2578 1854 2578
1504683900 1854 2578 1854 2578
1504683600 1854 2578 1854 2578
1504683300 1854 2578 1854 2578
1504683000 1854 2578 1854 2578
1504682700 1854 2578 1854 2578
1504682400 1854 2578 1854 2578
1504682100 1854 2578 1854 2578
1504681800 1854 2578 1854 2578
1504681500 1854 2578 1854 2578
1504681200 1854 2578 1854 2578
1504680900 1854 2578 1854 2578
1504680600 1854 2578 1854 2578
1504680300 1854 2578 1854 2578
1504680000 1854 2578 1854 2578
1504679700 1854 2578 1854 2578
1504679400 1854 2578 1854 2578
1504679100 1854 2578 1854 2578
1504678800 1854 2578 1854 2578
1504678500 1854 2578 1854 2578
1504678200 1854 2578 1854 2578
1504677900 1854 2578 1854 2578
1504677600 1854 2578 1854 2578
1504677300 1854 2578 1854 2578
1504677000 1854 2578 1854 2578
1504676700 1854 2578 1854 2578
1504676400 1854 2578 1854 2578
1504676100 1854 2578 1854 2578
1504675800 1854 2578 1854 2578
1504675500 1854 2578 1854 2578
1504675200 1854 2578 1854 2578
1504674900 1854 2578 1854 2578
1504674600 1854 2578 1854 2578
1504674300 1854 2578 1854 2578
1504674000 1854 2578 1854 2578
1504673700 1854 2578 1854 2578
1504673400 1854 2578 1854 2578
1504673100 1854 2578 1854 2578
1504672800 1854 2578 1854 2578
1504672500 1854 2578 1854 2578
1504672200 1854 2578 1854 2578
1504671900 1854 2578 1854 2578
1504671600 1854 2578 1854 2578
1504671300 1854 2578 1854 2578
1504671000 1854 2578 1854 2578
1504670700 1854 2578 1854 2578
1504670400 1854 2578 1854 2578
1504670100 1854 2578 1854 2578
1504669800 1854 2578 1854 2578
1504669500 1854 2578 1854 2578
1504669200 1854 2578 1854 2578
1504668900 1854 2578 1854 2578
1504668600 1854 2578 1854 2578
1504668300 1854 2578 1854 2578
1504668000 1854 2578 1854 2578
1504667700 1854 2578 1854 2578
1504667400 1854 2578 1854 2578
1504667100 1854 2578 1854 2578
1504666800 1854 2578 1854 2578
1504666500 1854 2578 1854 2578
1504666200 1854 2578 1854 2578
1504665900 1854 2578 1854 2578
1504665600 1854 2578 1854 2578
1504665300 1854 2578 1854 2578
1504665000 1854 2578 1854 2578
1504664700 1854 2578 1854 2578
1504664400 1854 2578 1854 2578
1504664100 1854 2578 1854 2578
1504663800 1854 2578 1854 2578
1504663500 1854 2578 1854 2578
1504663200 1854 2578 1854 2578
1504662900 1854 2578 1854 2578
1504662600 1854 2578 1854 2578
1504662300 1854 2578 1854 2578
1504662000 1854 2578 1854 2578
1504661700 1854 2578 1854 2578
1504661400 1854 2578 1854 2578
1504661100 1854 2578 1854 2578
1504660800 1854 2578 1854 2578
1504660500 1854 2578 1854 2578
1504660200 1854 2578 1854 2578
1504659900 1854 2578 1854 2578
1504659600 1854 2578 1854 2578
1504659300 1854 2578 1854 2578
1504659000 1854 2578 1854 2578
1504658700 1854 2578 1854 2578
1504658400 1854 2578 1854 2578
1504658100 1854 2578 1854 2578
1504657800 1854 2578 1854 2578
1504657500 1854 2578 1854 2578
1504657200 1854 2578 1854 2578
1504656900 1854 2578 1854 2578
1504656600 1854 2578 1854 2578
1504656300 1854 2578 1854 2578
1504656000 1854 2578 1854 2578
1504655700 1854 2578 1854 2578
1504655400 1854 2578 1854 2578
1504655100 1854 2578 1854 2578
1504654800 1854 2578 1854 2578
1504654500 1854 2578 1854 2578
1504654200 1854 2578 1854 2578
1504653900 1854 2578 1854 2578
1504653600 1854 2578 1854 2578
1504653300 1854 2578 1854 2578
1504653000 1854 2578 1854 2578
1504652700 1854 2578 1854 2578
1504652400 1854 2578 1854 2578
1504652100 1854 2578 1854 2578
1504651800 1854 2578 1854 2578
1504651500 1854 2578 1854 2578
1504651200 1854 2578 1854 2578
1504650900 1854 2578 1854 2578
1504650600 1854 2578 1854 2578
1504650300 1854 2578 1854 2578
1504650000 1854 2578 1854 2578
1504649700 1854 2578 1854 2578
1504649400 1854 2578 1854 2578
1504649100 1854 2578 1854 2578
1504648800 1854 2578 1854 2578
1504648500 1854 2578 1854 2578
1504648200 1854 2578 1854 2578
1504647900 1854 2578 1854 2578
1504647600 1854 2578 1854 2578
1504647300 1854 2578 1854 2578
1504647000 1854 2578 1854 2578
1504646700 1854 2578 1854 2578
1504646400 1854 2578 1854 2578
1504646100 1854 2578 1854 2578
1504645800 1854 2578 1854 2578
1504645500 1854 2578 1854 2578
1504645200 1854 2578 1854 2578
1504644900 1854 2578 1854 2578
1504644600 1854 2578 1854 2578
1504644300 1854 2578 1854 2578
1504644000 1854 2578 1854 2578
1504643700 1854 2578 1854 2578
1504643400 1854 2578 1854 2578
1504643100 1854 2578 1854 2578
1504642800 1854 2578 1854 2578
1504642500 1854 2578 1854 2578
1504642200 1854 2578 1854 2578
1504641900 1854 2578 1854 2578
1504641600 1854 2578 1854 2578
1504641300 1854 2578 1854 2578
1504641000 1854 2578 1854 2578
1504640700 1854 2578 1854 2578
1504640400 1854 2578 1854 2578
1504640100 1854 2578 1854 2578
1504639800 1854 2578 1854 2578
1504639500 1854 2578 1854 2578
1504639200 1854 2578 1854 2578
1504638900 1854 2578 1854 2578
1504638600 1854 2578 1854 2578
1504638300 1854 2578 1854 2578
1504638000 1854 2578 1854 2578
1504637700 1854 2578 1854 2578
1504637400 1854 2578 1854 2578
1504636200 1854 2578 1854 2578
1504634400 1854 2578 1854 2578
1504632600 1854 2578 1854 2578
1504630800 1854 2578 1854 2578
1504629000 1854 2578 1854 2578
1504627200 1854 2578 1854 2578
1504625400 1854 2578 1854 2578
1504623600 1854 2578 1854 2578
1504621800 1854 2578 1854 2578
1504620000 1854 2578 1854 2578
1504618200 1854 2578 1854 2578
1504616400 1854 2578 1854 2578
1504614600 1854 2578 1854 2578
1504612800 1854 2578 1854 2578
1504611000 1854 2578 1854 2578
1504609200 1854 2578 1854 2578
1504607400 1854 2578 1854 2578
1504605600 1854 2578 1854 2578
1504603800 1854 2578 1854 2578
1504602000 1854 2578 1854 2578
1504600200 1854 2578 1854 2578
1504598400 1854 2578 1854 2578
1504596600 1854 2578 1854 2578
1504594800 1854 2578 1854 2578
1504593000 1854 2578 1854 2578
1504591200 1854 2578 1854 2578
1504589400 1854 2578 1854 2578
1504587600 1854 2578 1854 2578
1504585800 1854 2578 1854 2578
1504584000 1854 2578 1854 2578
1504582200 1854 2578 1854 2578
1504580400 1854 2578 1854 2578
1504578600 1854 2578 1854 2578
1504576800 1854 2578 1854 2578
1504575000 1854 2578 1854 2578
1504573200 1854 2578 1854 2578
1504571400 1854 2578 1854 2578
1504569600 1854 2578 1854 2578
1504567800 1854 2578 1854 2578
1504566000 1854 2578 1854 2578
1504564200 1854 2578 1854 2578
1504562400 1854 2578 1854 2578
1504560600 1854 2578 1854 2578
1504558800 1854 2578 1854 2578
1504557000 1854 2578 1854 2578
1504555200 1854 2578 1854 2578
1504553400 1854 2578 1854 2578
1504551600 1854 2578 1854 2578
1504549800 1854 2578 1854 2578
1504548000 1854 2578 1854 2578
1504546200 1854 2578 1854 2578
1504544400 1854 2578 1854 2578
1504542600 1854 2578 1854 2578
1504540800 1854 2578 1854 2578
1504539000 1854 2578 1854 2578
1504537200 1854 2578 1854 2578
1504535400 1854 2578 1854 2578
1504533600 1854 2578 1854 2578
1504531800 1854 2578 1854 2578
1504530000 1854 2578 1854 2578
1504528200 1854 2578 1854 2578
1504526400 1854 2578 1854 2578
1504524600 1854 2578 1854 2578
1504522800 1854 2578 1854 2578
1504521000 1854 2578 1854 2578
1504519200 1854 2578 1854 2578
1504517400 1854 2578 1854 2578
1504515600 1854 2578 1854 2578
1504513800 1854 2578 1854 2578
1504512000 1854 2578 1854 2578
1504510200 1854 2578 1854 2578
1504508400 1854 2578 1854 2578
1504506600 1854 2578 1854 2578
1504504800 1854 2578 1854 2578
1504503000 1854 2578 1854 2578
1504501200 1854 2578 1854 2578
1504499400 1854 2578 1854 2578
1504497600 1854 2578 1854 2578
1504495800 1854 2578 1854 2578
1504494000 1854 2578 1854 2578
1504492200 1854 2578 1854 2578
1504490400 1854 2578 1854 2578
1504488600 1854 2578 1854 2578
1504486800 1854 2578 1854 2578
1504485000 1854 2578 1854 2578
1504483200 1854 2578 1854 2578
1504481400 1854 2578 1854 2578
1504479600 1854 2578 1854 2578
1504477800 1854 2578 1854 2578
1504476000 1854 2578 1854 2578
1504474200 1854 2578 1854 2578
1504472400 1854 2578 1854 2578
1504470600 1854 2578 1854 2578
1504468800 1854 2578 1854 2578
1504467000 1854 2578 1854 2578
1504465200 1854 2578 1854 2578
1504463400 1854 2578 1854 2578
1504461600 1854 2578 1854 2578
1504459800 1854 2578 1854 2578
1504458000 1854 2578 1854 2578
1504456200 1854 2578 1854 2578
1504454400 1854 2578 1854 2578
1504452600 1854 2578 1854 2578
1504450800 1854 2578 1854 2578
1504449000 1854 2578 1854 2578
1504447200 1854 2578 1854 2578
1504445400 1854 2578 1854 2578
1504443600 1854 2578 1854 2578
1504441800 1854 2578 1854 2578
1504440000 1854 2578 1854 2578
1504438200 1854 2578 1854 2578
1504436400 1854 2578 1854 2578
1504434600 1854 2578 1854 2578
1504432800 1854 2578 1854 2578
1504431000 1854 2578 1854 2578
1504429200 1854 2578 1854 2578
1504427400 1854 2578 1854 2578
1504425600 1854 2578 1854 2578
1504423800 1854 2578 1854 2578
1504422000 1854 2578 1854 2578
1504420200 1854 2578 1854 2578
1504418400 1854 2578 1854 2578
1504416600 1854 2578 1854 2578
1504414800 1854 2578 1854 2578
1504413000 1854 2578 1854 2578
1504411200 1854 2578 1854 2578
1504409400 1854 2578 1854 2578
1504407600 1854 2578 1854 2578
1504405800 1854 2578 1854 2578
1504404000 1854 2578 1854 2578
1504402200 1854 2578 1854 2578
1504400400 1854 2578 1854 2578
1504398600 1854 2578 1854 2578
1504396800 1854 2578 1854 2578
1504395000 1854 2578 1854 2578
1504393200 1854 2578 1854 2578
1504391400 1854 2578 1854 2578
1504389600 1854 2578 1854 2578
1504387800 1854 2578 1854 2578
1504386000 1854 2578 1854 2578
1504384200 1854 2578 1854 2578
1504382400 1854 2578 1854 2578
1504380600 1854 2578 1854 2578
1504378800 1854 2578 1854 2578
1504377000 1854 2578 1854 2578
1504375200 1854 2578 1854 2578
1504373400 1854 2578 1854 2578
1504371600 1854 2578 1854 2578
1504369800 1854 2578 1854 2578
1504368000 1854 2578 1854 2578
1504366200 1854 2578 1854 2578
1504364400 1854 2578 1854 2578
1504362600 1854 2578 1854 2578
1504360800 1854 2578 1854 2578
1504359000 1854 2578 1854 2578
1504357200 1854 2578 1854 2578
1504355400 1854 2578 1854 2578
1504353600 1854 2578 1854 2578
1504351800 1854 2578 1854 2578
1504350000 1854 2578 1854 2578
1504348200 1854 2578 1854 2578
1504346400 1854 2578 1854 2578
1504344600 1854 2578 1854 2578
1504342800 1854 2578 1854 2578
1504341000 1854 2578 1854 2578
1504339200 1854 2578 1854 2578
1504337400 1854 2578 1854 2578
1504335600 1854 2578 1854 2578
1504333800 1854 2578 1854 2578
1504332000 1854 2578 1854 2578
1504330200 1854 2578 1854 2578
1504328400 1854 2578 1854 2578
1504326600 1854 2578 1854 2578
1504324800 1854 2578 1854 2578
1504323000 1854 2578 1854 2578
1504321200 1854 2578 1854 2578
1504319400 1854 2578 1854 2578
1504317600 1854 2578 1854 2578
1504315800 1854 2578 1854 2578
1504314000 1854 2578 1854 2578
1504312200 1854 2578 1854 2578
1504310400 1854 2578 1854 2578
1504308600 1854 2578 1854 2578
1504306800 1854 2578 1854 2578
1504305000 1854 2578 1854 2578
1504303200 1854 2578 1854 2578
1504301400 1854 2578 1854 2578
1504299600 1854 2578 1854 2578
1504297800 1858 2667 1876 2835
1504296000 136213 6117 595592 17778
1504294200 58570 4020 343256 10931
1504292400 35111 3571 201938 7570
1504290600 43416 3920 251202 9176
1504288800 85649 4706 253506 8733
1504287000 34175 3584 194965 7674
1504285200 33843 3591 194350 7502
1504283400 100157 5135 591605 17293
1504281600 2742 2789 198676 7543
1504279800 33794 3639 198676 7543
1504278000 303620 10191 910555 25275
1504276200 156791 6669 404872 13126
1504274400 76680 4744 261136 9288
1504272600 112157 5761 555986 16488
1504270800 76919 4260 263753 8814
1504269000 2858 2237 200006 7026
1504267200 68360 3755 208618 7158
1504265400 1871 2017 1887 2085
1504263600 1882 2045 1918 2140
1504261800 1875 2023 1883 2114
1504260000 1881 2016 1910 2078
1504258200 1878 2019 1884 2043
1504256400 1878 2012 1896 2100
1504254600 1877 2011 1888 2058
1504252800 1879 1987 1899 2039
1504251000 1877 2015 1886 2070
1504249200 1883 2010 1912 2108
1504247400 1876 2010 1892 2047
1504245600 1878 2011 1898 2037
1504243800 1874 2028 1888 2056
1504242000 1880 2006 1893 2058
1504240200 1875 2035 1883 2110
1504238400 1877 2015 1910 2060
1504236600 1875 2014 1890 2060
1504234800 1880 2012 1909 2042
1504233000 1878 2011 1891 2033
1504231200 1883 2020 1897 2102
1504229400 1877 2007 1896 2059
1504227600 1855 1988 1887 2069
1504225800 36386 2805 195513 6549
1504224000 33159 2727 195513 6549
1504222200 1861 1991 1897 2033
1504220400 1878 2011 1894 2033
1504218600 1875 2030 1892 2119
1504216800 1868 2079 1892 2323
1504215000 35081 3065 201175 7347
1504213200 34602 3519 197618 7516
1504211400 1850 2804 1881 3122
1504209600 155696 6715 270618 9476
1504207800 4067 2982 461995 14283
1504206000 489287 14914 835916 23621
1504204200 71847 4720 222490 8299
1504202400 321734 10713 749965 21099
1504200600 468803 14412 776369 21920
1504198800 116980 5760 283210 9946
1504197000 88154 5055 272537 9768
1504195200 162234 7010 497015 15353
1504193400 33016 3708 194616 7674
1504191600 107570 5607 577372 17292
1504189800 33756 3590 199168 7634
1504188000 190244 7642 857846 24235
1504186200 35067 3929 201752 7928
1504184400 34766 3491 199363 7546
1504182600 2836 2664 199147 7351
1504180800 33878 3208 199147 7351
1504179000 1877 2413 1887 2468
1504177200 1879 2421 1898 2566
1504175400 1873 2398 1881 2505
1504173600 1876 2411 1909 2459
1504171800 1875 2397 1887 2456
1504170000 1881 2387 1905 2469
1504168200 1877 2400 1891 2468
1504166400 1883 2388 1895 2428
1504164600 1874 2397 1888 2438
1504162800 1880 2401 1900 2441
1504161000 1878 2392 1889 2463
1504159200 1878 2396 1908 2443
1504157400 1875 2388 1884 2875
1504155600 1881 2138 1908 2187
1504153800 1878 2153 1892 2199
1504152000 1878 2151 1894 2204
1504150200 1873 2165 1885 2214
1504148400 1881 2173 1897 2235
1504146600 1880 2169 1895 2224
1504144800 1883 2174 1897 2230
1504143000 1879 2181 1894 2256
1504141200 34327 2924 196216 6955
1504139400 1848 2155 1876 2234
1504137600 1863 2161 1884 2201
1504135800 1877 2175 1893 2240
1504134000 1880 2181 1914 2258
1504132200 1872 2197 1889 2266
1504130400 1870 2211 1885 2293
1504128600 1867 2682 1881 3423
1504126800 1863 2638 1877 2946
1504125000 45181 4021 262720 9340
1504123200 237741 8954 696970 20062
1504121400 194071 7761 696970 19926
1504119600 111682 5744 465018 14171
1504117800 77237 4802 256006 9192
1504116000 109621 5493 454907 13969
1504114200 82523 4833 475404 14457
1504112400 34594 3585 166902 6882
1504110600 134811 6297 404681 12721
1504108800 170193 7108 616478 17852
1504107000 1856 2859 1868 2958
1504105200 67891 4713 200672 8264
1504103400 36787 3978 515532 15639
1504101600 85189 4954 515532 15639
1504099800 33575 3854 191687 7895
1504098000 67767 4517 199971 8413
1504096200 1868 2570 1881 3028
1504094400 35796 3118 205398 7318
1504092600 1875 2198 1886 2238
1504090800 35786 3052 191861 6899
1504089000 1872 2232 1893 2325
1504087200 1877 2181 1901 2287
1504085400 1870 2193 1885 2287
1504083600 1881 2186 1917 2223
1504081800 1874 2195 1881 2240
1504080000 1878 2177 1900 2225
1504078200 1876 2194 1886 2244
1504076400 1880 2180 1912 2244
1504074600 1872 2182 1888 2234
1504072800 1882 2180 1909 2203
1504071000 1872 2182 1877 2231
1504069200 1877 2174 1899 2207
1504067400 1874 2185 1890 2221
1504065600 1878 2178 1895 2227
1504063800 1875 2176 1889 2211
1504062000 1880 2190 1899 2236
1504060200 28191 2858 159760 6131
1504058400 1879 2216 1891 2342
1504056600 1873 2188 1886 2268
1504054800 1859 2158 1906 2208
1504053000 257100 8282 2069887 52586
1504051200 761133 20599 2543262 63870
1504049400 1856 2164 1888 2249
1504047600 1876 2176 1900 2206
1504045800 1878 2194 1898 2224
1504044000 3078 2371 273978 9191
1504042200 127768 5499 325374 10456
1504040400 36708 3638 217463 7847
1504038600 279356 9860 786369 22355
1504036800 104421 5642 334777 11544
1504035000 1853 3380 1882 3859
1504033200 179005 7509 571920 17031
1504031400 33994 3781 199909 7620
1504029600 1846 3061 1879 3551
1504027800 189793 7867 997916 27990
1504026000 275978 9694 477521 14621
1504024200 293022 10229 517504 15851
1504022400 1859 2972 1893 3181
1504020600 4327 3129 492909 15316
1504018800 160628 7037 492909 15333
1504017000 124117 6077 595926 17383
1504015200 229471 8919 595926 17812
1504013400 246963 9365 843475 24134
1504011600 1836 2728 1873 2836
1504009800 35166 3332 202377 7800
1504008000 1864 2359 1908 2892
1504006200 1876 2211 1908 2404
1504004400 1872 2129 1893 2172
1504002600 1882 2151 1893 2189
1504000800 1873 2159 1893 2219
1503999000 1877 2144 1893 2185
1503997200 1874 2151 1895 2176
1503995400 1883 2149 1895 2192
1503993600 1873 2144 1894 2172
1503991800 1881 2156 1894 2206
1503990000 1873 2133 1919 2163
1503988200 1880 2153 1919 2174
1503986400 1871 2146 1898 2186
1503984600 1880 2134 1898 2220
1503982800 1875 2128 1905 2190
1503981000 1881 2141 1905 2288
1503979200 1872 2136 1894 2185
1503977400 1880 2116 1894 2165
1503975600 1874 2141 1903 2186
1503973800 1879 2153 1903 2185
1503972000 1877 2155 1888 2191
1503970200 1875 2159 1892 2209
1503968400 125956 5215 743951 20604
1503966600 1869 2140 1896 2203
1503964800 1861 2147 1876 2182
1503963000 1878 2145 1892 2199
1503961200 1875 2165 1904 2198
1503959400 1873 2335 1904 2922
1503957600 1867 2380 1901 2677
1503955800 79204 4400 267542 9015
1503954000 36949 3544 218950 7878
1503952200 49128 4112 326448 11177
1503950400 81658 5135 326448 11177
1503948600 34997 3698 198146 7986
1503946800 311774 10659 902081 25023
1503945000 190988 7584 420229 13321
1503943200 43191 3982 243616 9117
1503941400 146157 6360 299546 10317
1503939600 91956 5179 299546 10317
1503937800 1939 2929 20665 3401
1503936000 91079 5173 520563 15876
1503934200 1871 2707 1906 2848
1503932400 67679 4486 199436 7817
1503930600 80491 5083 245998 9012
1503928800 1844 3364 1889 4396
1503927000 83788 5010 484669 14715
1503925200 144997 6121 485194 14811
1503923400 112304 5129 485194 14811
1503921600 34316 2928 196547 6887
1503919800 1879 2038 1902 2061
1503918000 1875 2069 1897 2157
1503916200 1879 2018 1897 2066
1503914400 1875 2016 1904 2055
1503912600 1883 2027 1904 2063
1503910800 1874 2013 1911 2046
1503909000 1880 2014 1911 2058
1503907200 1874 2012 1924 2050
1503905400 1880 2021 1924 2055
1503903600 1874 2016 1907 2047
1503901800 1882 2019 1907 2073
1503900000 1874 2014 1910 2073
1503898200 1882 2024 1910 2073
1503896400 1877 2018 1895 2057
1503894600 1880 2014 1895 2086
1503892800 1877 2066 1886 2100
1503891000 1875 2058 1897 2096
1503889200 1877 2065 1903 2113
1503887400 1880 2058 1903 2116
1503885600 1876 2060 1914 2089
1503883800 1879 2065 1914 2094
1503882000 1878 2063 1910 2113
1503880200 1882 2057 1910 2111
1503878400 1879 2057 1895 2105
1503876600 1879 2060 1888 2116
1503874800 1875 2064 1897 2142
1503873000 1882 2067 1897 2117
1503871200 1872 2059 1903 2120
1503869400 1880 2068 1903 2125
1503867600 1876 2066 1905 2118
1503865800 1874 2073 1905 2097
1503864000 1870 2058 1901 2097
1503862200 1880 2070 1901 2131
1503860400 1874 2060 1898 2108
1503858600 1876 2016 1898 2044
1503856800 1874 2018 1914 2090
1503855000 1878 2021 1914 2091
1503853200 1873 2018 1917 2092
1503851400 1882 2014 1917 2072
1503849600 1879 2026 1897 2062
1503847800 1878 2022 1897 2075
1503846000 1870 2020 1892 2073
1503844200 1878 2016 1892 2069
1503842400 1877 2020 1900 2060
1503840600 1879 2036 1900 2085
1503838800 1873 2016 1901 2063
1503837000 1880 2024 1900 2077
1503835200 1876 2011 1904 2059
1503833400 1877 2022 1904 2034
1503831600 1876 2019 1917 2057
1503829800 1878 2018 1917 2071
1503828000 1876 2019 1919 2071
1503826200 1880 2027 1919 2065
1503824400 1876 2025 1906 2044
1503822600 1879 2022 1906 2074
1503820800 1875 2015 1903 2052
1503819000 1882 2022 1903 2060
1503817200 1875 2021 1907 2067
1503815400 1882 2025 1907 2068
1503813600 1873 2019 1894 2042
1503811800 1876 2019 1894 2066
1503810000 1873 2016 1890 2064
1503808200 1878 2017 1889 2054
1503806400 1874 2011 1906 2044
1503804600 1880 2024 1906 2067
1503802800 1873 2014 1918 2039
1503801000 1881 2014 1918 2050
1503799200 1875 2012 1917 2056
1503797400 1881 2029 1917 2051
1503795600 1878 2016 1900 2079
1503793800 1883 2016 1900 2053
1503792000 1874 2012 1909 2087
1503790200 1884 2025 1909 2087
1503788400 1877 2025 1899 2058
1503786600 1878 2020 1899 2053
1503784800 1876 2013 1898 2043
1503783000 1879 2025 1898 2056
1503781200 1875 2019 1901 2044
1503779400 1876 2015 1901 2061
1503777600 1877 2017 1905 2053
1503775800 1880 2026 1905 2068
1503774000 1876 2022 1913 2059
1503772200 1883 2023 1913 2057
1503770400 1876 2021 1891 2061
1503768600 1879 2015 1891 2049
1503766800 1879 2008 1914 2047
1503765000 1882 2012 1914 2047
1503763200 1877 2010 1899 2040
1503761400 1881 2021 1899 2049
1503759600 1876 2011 1890 2047
1503757800 1880 2011 1890 2044
1503756000 1875 2006 1902 2031
1503754200 1881 2018 1902 2040
1503752400 1876 2015 1900 2049
1503750600 1883 2011 1900 2065
1503748800 1877 2004 1904 2046
1503747000 1883 2014 1904 2088
1503745200 1884 2013 1904 2043
1503743400 1881 2009 1904 2043
1503741600 1879 2014 1897 2047
1503739800 1879 2020 1893 2053
1503738000 1879 2013 1907 2032
1503736200 1882 2023 1907 2065
1503734400 1880 2015 1902 2053
1503732600 1885 2018 1902 2052
1503730800 1877 2011 1902 2041
1503729000 1881 2017 1902 2058
1503727200 1878 2016 1906 2065
1503725400 1880 2018 1906 2085
1503723600 1881 2012 1909 2071
1503721800 1877 2017 1909 2079
1503720000 1879 2068 1899 2088
1503718200 1883 2060 1899 2105
1503716400 1878 2060 1895 2114
1503714600 1883 2059 1895 2084
1503712800 1879 2058 1900 2099
1503711000 1885 2062 1900 2078
1503709200 1875 2054 1900 2097
1503707400 1872 2044 1900 2101
1503705600 1861 2039 1901 2100
1503703800 35155 2869 202181 6903
1503702000 1872 2021 1918 2054
1503700200 1871 2041 1918 2160
1503698400 1866 2104 1893 2156
1503696600 1868 2176 1893 2305
1503694800 44826 3302 210027 7197
1503693000 26046 3072 151024 6012
1503691200 68133 4440 399539 12530
1503689400 3080 2738 245998 8640
1503687600 80383 4646 245998 8689
1503685800 95462 5151 561582 16634
1503684000 123653 5701 255542 8901
1503682200 76705 4556 259711 9204
1503680400 34850 3534 200504 7570
1503678600 1861 2692 1893 3018
1503676800 1867 2929 1885 3243
1503675000 106892 5340 518270 15458
1503673200 210813 8002 506952 15296
1503671400 33871 3726 193236 7823
1503669600 42261 4087 244343 9031
1503667800 186058 7442 499982 15193
1503666000 217787 8043 824686 22852
1503664200 116303 5359 265811 8924
1503662400 1868 2284 1901 2554
1503660600 1880 2193 1901 2282
1503658800 1875 2162 1892 2208
1503657000 1878 2164 1892 2200
1503655200 1874 2166 1887 2208
1503653400 1881 2175 1893 2215
1503651600 1874 2162 1896 2204
1503649800 1878 2163 1896 2199
1503648000 1876 2161 1922 2221
1503646200 1882 2171 1922 2220
1503644400 1875 2168 1906 2251
1503642600 1880 2166 1906 2272
1503640800 1876 2162 1905 2274
1503639000 1880 2185 1905 2274
1503637200 1877 2164 1894 2191
1503635400 1880 2183 1887 2240
1503633600 1876 2159 1904 2228
1503631800 1879 2186 1904 2234
1503630000 1874 2161 1900 2200
1503628200 1882 2156 1900 2209
1503626400 1877 2155 1900 2196
1503624600 1883 2187 1900 2279
1503622800 1858 2115 1883 2208
1503621000 153803 5784 599988 16549
1503619200 1839 2095 1890 2149
1503617400 1860 2126 1890 2197
1503615600 1877 2149 1894 2238
1503613800 1878 2227 1894 2583
1503612000 35034 3096 197966 7100
1503610200 407195 12611 983373 26963
1503608400 33685 3248 192208 7308
1503606600 1865 2715 1878 2861
1503604800 1854 2804 1877 2969
1503603000 49656 4057 228487 8638
1503601200 233117 8488 471489 14358
1503599400 228001 8439 984023 27558
1503597600 38945 3813 244612 9195
1503595800 110212 5646 395132 13471
1503594000 35225 3626 202144 7657
1503592200 11018 3034 414088 12888
1503590400 188481 7493 414088 12888
1503588600 1867 2811 1898 3024
1503586800 50766 4098 267296 9440
1503585000 99819 5414 232984 8772
1503583200 69338 4544 208050 7892
1503581400 1861 3046 1903 3550
1503579600 1853 2674 1893 2918
1503577800 1863 2512 1893 2880
1503576000 1866 2292 1879 2732
1503574200 5325 2283 216429 7315
1503572400 34293 2972 216429 7315
1503570600 1871 2210 1892 2246
1503568800 1872 2207 1884 2253
1503567000 1877 2205 1904 2244
1503565200 1875 2203 1890 2244
1503563400 1873 2198 1890 2215
1503561600 1872 2196 1900 2346
1503559800 1874 2205 1900 2346
1503558000 1872 2175 1899 2276
1503556200 1875 2188 1899 2276
1503554400 1872 2187 1890 2280
1503547200 9829 2408 192879 6959
1503540000 10094 2385 191859 6684
1503532800 18273 2609 199866 7135
1503525600 42969 3509 399453 12545
1503518400 206953 8051 887138 25187
1503511200 96930 5244 438664 13825
1503504000 124304 5894 757145 21917
1503496800 89059 4947 757145 21917
1503489600 9970 2385 195644 6970
1503482400 1871 2143 1894 2213
1503475200 1871 2188 1896 2242
1503468000 1872 2190 1942 2427
1503460800 1874 2165 1900 2404
1503453600 9706 2316 190205 6771
1503446400 1844 2160 1910 2333
1503439200 33522 3439 452815 13917
1503432000 68740 4729 483570 14952
1503424800 95246 5478 617608 18595
1503417600 241086 9227 833316 24416
1503410400 79533 4903 661607 19562
1503403200 1875 2269 1897 2883
1503396000 1875 2193 1893 2449
1503388800 1876 2187 1912 2250
1503381600 1486 1602 1890 2251
1503374400 1381 1445 1381 1445
1503367200 1381 1445 1381 1445
1503360000 1381 1445 1381 1445
1503352800 1381 1445 1381 1445
1503345600 1381 1445 1381 1445
1503338400 1381 1445 1381 1445
1503331200 1381 1445 1381 1445
1503324000 1381 1445 1381 1445
1503316800 1381 1445 1381 1445
1503309600 1381 1445 1381 1445
1503302400 1381 1445 1381 1445
1503295200 1381 1445 1381 1445
1503288000 1381 1445 1381 1445
1503280800 1381 1445 1381 1445
1503273600 1381 1445 1381 1445
1503266400 1381 1445 1381 1445
1503259200 1381 1445 1381 1445
1503252000 1381 1445 1381 1445
1503244800 1381 1445 1381 1445
1503237600 1381 1445 1381 1445
1503230400 1381 1445 1381 1445
1503223200 1381 1445 1381 1445
1503216000 1381 1445 1381 1445
1503208800 1381 1445 1381 1445
1503201600 1381 1445 1381 1445
1503194400 1381 1445 1381 1445
1503187200 1381 1445 1381 1445
1503180000 1381 1445 1381 1445
1503172800 1381 1445 1381 1445
1503165600 1381 1445 1381 1445
1503158400 1381 1445 1381 1445
1503151200 1381 1445 1381 1445
1503144000 1381 1445 1381 1445
1503136800 1381 1445 1381 1445
1503129600 1381 1445 1381 1445
1503122400 1381 1445 1381 1445
1503115200 1381 1445 1381 1445
1503108000 1381 1445 1381 1445
1503100800 1381 1445 1381 1445
1503093600 1381 1445 1381 1445
1503086400 1381 1445 1381 1445
1503079200 1381 1445 1381 1445
1503072000 1381 1445 1381 1445
1503064800 1381 1445 1381 1445
1503057600 1381 1445 1381 1445
1503050400 1381 1445 1381 1445
1503043200 1381 1445 1381 1445
1503036000 1381 1445 1381 1445
1503028800 1381 1445 1381 1445
1503021600 1381 1445 1381 1445
1503014400 1381 1445 1381 1445
1503007200 1381 1445 1381 1445
1503000000 1381 1445 1381 1445
1502992800 1381 1445 1381 1445
1502985600 1381 1445 1381 1445
1502978400 1381 1445 1381 1445
1502971200 1381 1445 1381 1445
1502964000 1381 1445 1381 1445
1502956800 1381 1445 1381 1445
1502949600 1381 1445 1381 1445
1502942400 1381 1445 1381 1445
1502935200 1381 1445 1381 1445
1502928000 1381 1445 1381 1445
1502920800 1381 1445 1381 1445
1502913600 1381 1445 1381 1445
1502906400 1381 1445 1381 1445
1502899200 1381 1445 1381 1445
1502892000 1381 1445 1381 1445
1502884800 1381 1445 1381 1445
1502877600 1381 1445 1381 1445
1502870400 1381 1445 1381 1445
1502863200 1381 1445 1381 1445
1502856000 1381 1445 1381 1445
1502848800 1381 1445 1381 1445
1502841600 1381 1445 1381 1445
1502834400 1381 1445 1381 1445
1502827200 1381 1445 1381 1445
1502820000 1381 1445 1381 1445
1502812800 1381 1445 1381 1445
1502805600 1381 1445 1381 1445
1502798400 1381 1445 1381 1445
1502791200 1381 1445 1381 1445
1502784000 1381 1445 1381 1445
1502776800 1381 1445 1381 1445
1502769600 1381 1445 1381 1445
1502762400 1381 1445 1381 1445
1502755200 1381 1445 1381 1445
1502748000 1381 1445 1381 1445
1502740800 1381 1445 1381 1445
1502733600 1381 1445 1381 1445
1502726400 1381 1445 1381 1445
1502719200 1381 1445 1381 1445
1502712000 1381 1445 1381 1445
1502704800 1381 1445 1381 1445
1502697600 1381 1445 1381 1445
1502690400 1381 1445 1381 1445
1502683200 1381 1445 1381 1445
1502676000 1381 1445 1381 1445
1502668800 1381 1445 1381 1445
1502661600 1381 1445 1381 1445
1502654400 1381 1445 1381 1445
1502647200 1381 1445 1381 1445
1502640000 1381 1445 1381 1445
1502632800 1381 1445 1381 1445
1502625600 1381 1445 1381 1445
1502618400 1381 1445 1381 1445
1502611200 1381 1445 1381 1445
1502604000 1381 1445 1381 1445
1502596800 1381 1445 1381 1445
1502589600 1381 1445 1381 1445
1502582400 1381 1445 1381 1445
1502575200 1381 1445 1381 1445
1502568000 1381 1445 1381 1445
1502560800 1381 1445 1381 1445
1502553600 1381 1445 1381 1445
1502546400 1381 1445 1381 1445
1502539200 1381 1445 1381 1445
1502532000 1381 1445 1381 1445
1502524800 1381 1445 1381 1445
1502517600 1381 1445 1381 1445
1502510400 1381 1445 1381 1445
1502503200 1381 1445 1381 1445
1502496000 1381 1445 1381 1445
1502488800 1381 1445 1381 1445
1502481600 1381 1445 1381 1445
1502474400 1381 1445 1381 1445
1502467200 1381 1445 1381 1445
1502460000 1381 1445 1381 1445
1502452800 1381 1445 1381 1445
1502445600 1381 1445 1381 1445
1502438400 1381 1445 1381 1445
1502431200 1381 1445 1381 1445
1502424000 1381 1445 1381 1445
1502416800 1381 1445 1381 1445
1502409600 1381 1445 1381 1445
1502402400 1381 1445 1381 1445
1502395200 1381 1445 1381 1445
1502388000 1381 1445 1381 1445
1502380800 1381 1445 1381 1445
1502373600 1381 1445 1381 1445
1502366400 1381 1445 1381 1445
1502359200 1381 1445 1381 1445
1502352000 1381 1445 1381 1445
1502344800 1381 1445 1381 1445
1502337600 1381 1445 1381 1445
1502330400 1381 1445 1381 1445
1502323200 1381 1445 1381 1445
1502316000 1381 1445 1381 1445
1502308800 1381 1445 1381 1445
1502301600 1381 1445 1381 1445
1502294400 1381 1445 1381 1445
1502287200 1381 1445 1381 1445
1502280000 1381 1445 1381 1445
1502272800 1381 1445 1381 1445
1502265600 1381 1445 1381 1445
1502258400 1381 1445 1381 1445
1502251200 1381 1445 1381 1445
1502244000 1381 1445 1381 1445
1502236800 1381 1445 1381 1445
1502229600 1381 1445 1381 1445
1502222400 1381 1445 1381 1445
1502215200 1381 1445 1381 1445
1502208000 1381 1445 1381 1445
1502200800 1381 1445 1381 1445
1502193600 1381 1445 1381 1445
1502186400 1381 1445 1381 1445
1502179200 1381 1445 1381 1445
1502172000 1381 1445 1381 1445
1502164800 1381 1445 1381 1445
1502157600 1381 1445 1381 1445
1502150400 1381 1445 1381 1445
1502143200 1381 1445 1381 1445
1502136000 1381 1445 1381 1445
1502128800 1381 1445 1381 1445
1502121600 1381 1445 1381 1445
1502114400 1381 1445 1381 1445
1502107200 1381 1445 1381 1445
1502100000 1381 1445 1381 1445
1502092800 1381 1445 1381 1445
1502085600 1381 1445 1381 1445
1502078400 1381 1445 1381 1445
1502071200 1381 1445 1381 1445
1502064000 1381 1445 1381 1445
1502056800 1381 1445 1381 1445
1502049600 1381 1445 1381 1445
1502042400 1381 1445 1381 1445
1502035200 1381 1445 1381 1445
1502028000 1381 1445 1381 1445
1502020800 1381 1445 1381 1445
1502013600 1381 1445 1381 1445
1502006400 1381 1445 1381 1445
1501999200 1381 1445 1381 1445
1501992000 1381 1445 1381 1445
1501984800 1381 1445 1381 1445
1501977600 1381 1445 1381 1445
1501970400 1381 1445 1381 1445
1501963200 1381 1445 1381 1445
1501956000 1381 1445 1381 1445
1501948800 1381 1445 1381 1445
1501941600 1381 1445 1381 1445
1501934400 1381 1445 1381 1445
1501927200 1381 1445 1381 1445
1501920000 1381 1445 1381 1445
1501912800 1381 1445 1381 1445
1501905600 1381 1445 1381 1445
1501898400 1381 1445 1381 1445
1501891200 1381 1445 1381 1445
1501884000 1381 1445 1381 1445
1501876800 1381 1445 1381 1445
1501869600 1381 1445 1381 1445
1501862400 1381 1445 1381 1445
1501855200 1381 1445 1381 1445
1501848000 1381 1445 1381 1445
1501840800 1381 1445 1381 1445
1501833600 1381 1445 1381 1445
1501826400 1381 1445 1381 1445
1501819200 1381 1445 1381 1445
1501812000 1381 1445 1381 1445
1501804800 1381 1445 1381 1445
1501797600 1381 1445 1381 1445
1501790400 1381 1445 1381 1445
1501783200 1381 1445 1381 1445
1501776000 1381 1445 1381 1445
1501768800 1381 1445 1381 1445
1501761600 1381 1445 1381 1445
1501754400 1381 1445 1381 1445
1501747200 1381 1445 1381 1445
1501740000 1381 1445 1381 1445
1501732800 1381 1445 1381 1445
1501725600 1381 1445 1381 1445
1501718400 1381 1445 1381 1445
1501711200 1381 1445 1381 1445
1501704000 1381 1445 1381 1445
1501696800 1381 1445 1381 1445
1501689600 1381 1445 1381 1445
1501682400 1381 1445 1381 1445
1501675200 1381 1445 1381 1445
1501668000 1381 1445 1381 1445
1501660800 1381 1445 1381 1445
1501653600 1381 1445 1381 1445
1501646400 1381 1445 1381 1445
1501639200 1381 1445 1381 1445
1501632000 1381 1445 1381 1445
1501624800 1381 1445 1381 1445
1501617600 1381 1445 1381 1445
1501610400 1381 1445 1381 1445
1501603200 1381 1445 1381 1445
1501596000 1381 1445 1381 1445
1501588800 1381 1445 1381 1445
1501581600 1381 1445 1381 1445
1501574400 1381 1445 1381 1445
1501567200 1381 1445 1381 1445
1501560000 1381 1445 1381 1445
1501552800 1381 1445 1381 1445
1501545600 1381 1445 1381 1445
1501538400 1381 1445 1381 1445
1501531200 1381 1445 1381 1445
1501524000 1381 1445 1381 1445
1501516800 1381 1445 1381 1445
1501509600 1381 1445 1381 1445
1501502400 1381 1445 1381 1445
1501495200 1381 1445 1381 1445
1501488000 1381 1445 1381 1445
1501480800 1381 1445 1381 1445
1501473600 1381 1445 1381 1445
1501466400 1381 1445 1381 1445
1501459200 1381 1445 1381 1445
1501452000 1381 1445 1381 1445
1501444800 1381 1445 1381 1445
1501437600 1381 1445 1381 1445
1501430400 1381 1445 1381 1445
1501423200 1381 1445 1381 1445
1501416000 1381 1445 1381 1445
1501408800 1381 1445 1381 1445
1501401600 1381 1445 1381 1445
1501394400 1381 1445 1381 1445
1501387200 1381 1445 1381 1445
1501380000 1381 1445 1381 1445
1501372800 1381 1445 1381 1445
1501365600 1381 1445 1381 1445
1501358400 1381 1445 1381 1445
1501351200 1381 1445 1381 1445
1501344000 1381 1445 1381 1445
1501336800 1381 1445 1381 1445
1501329600 1381 1445 1381 1445
1501322400 1381 1445 1381 1445
1501315200 1381 1445 1381 1445
1501308000 1381 1445 1381 1445
1501300800 1381 1445 1381 1445
1501293600 1381 1445 1381 1445
1501286400 1381 1445 1381 1445
1501279200 1381 1445 1381 1445
1501272000 1381 1445 1381 1445
1501264800 1381 1445 1381 1445
1501257600 1381 1445 1381 1445
1501250400 1381 1445 1381 1445
1501243200 1381 1445 1381 1445
1501236000 1381 1445 1381 1445
1501228800 1381 1445 1381 1445
1501221600 1381 1445 1381 1445
1501214400 1381 1445 1381 1445
1501207200 1381 1445 1381 1445
1501200000 1381 1445 1381 1445
1501192800 1381 1445 1381 1445
1501185600 1381 1445 1381 1445
1501178400 1381 1445 1381 1445
1501171200 1381 1445 1381 1445
1501164000 1381 1445 1381 1445
1501156800 1381 1445 1381 1445
1501149600 1381 1445 1381 1445
1501142400 1381 1445 1381 1445
1501135200 1381 1445 1381 1445
1501128000 1381 1445 1381 1445
1501120800 1381 1445 1381 1445
1501113600 1381 1445 1381 1445
1501106400 1381 1445 1381 1445
1501099200 1381 1445 1381 1445
1501092000 1381 1445 1381 1445
1501084800 1381 1445 1381 1445
1501077600 1381 1445 1381 1445
1501070400 1381 1445 1381 1445
1501063200 1381 1445 1381 1445
1501056000 1381 1445 1381 1445
1501048800 1381 1445 1381 1445
1501041600 1381 1445 1381 1445
1501034400 1381 1445 1381 1445
1501027200 1381 1445 1381 1445
1501020000 1381 1445 1381 1445
1501012800 1381 1445 1381 1445
1501005600 1381 1445 1381 1445
1500998400 1381 1445 1381 1445
1500991200 1381 1445 1381 1445
1500984000 1381 1445 1381 1445
1500976800 1381 1445 1381 1445
1500969600 1381 1445 1381 1445
1500962400 1381 1445 1381 1445
1500955200 1381 1445 1381 1445
1500948000 1381 1445 1381 1445
1500940800 1381 1445 1381 1445
1500933600 1381 1445 1381 1445
1500926400 1381 1445 1381 1445
1500919200 1381 1445 1381 1445
1500912000 1381 1445 1381 1445
1500904800 1381 1445 1381 1445
1500897600 1381 1445 1381 1445
1500890400 1381 1445 1381 1445
1500883200 1381 1445 1381 1445
1500876000 1381 1445 1381 1445
1500868800 1381 1445 1381 1445
1500861600 1381 1445 1381 1445
1500854400 1381 1445 1381 1445
1500847200 1381 1445 1381 1445
1500840000 1381 1445 1381 1445
1500832800 1381 1445 1381 1445
1500825600 1381 1445 1381 1445
1500818400 1381 1445 1381 1445
1500811200 1381 1445 1381 1445
1500804000 1381 1445 1381 1445
1500796800 1381 1445 1381 1445
1500789600 1381 1445 1381 1445
1500782400 1381 1445 1381 1445
1500775200 1381 1445 1381 1445
1500768000 1381 1445 1381 1445
1500760800 1381 1445 1381 1445
1500753600 1381 1445 1381 1445
1500746400 1381 1445 1381 1445
1500739200 1381 1445 1381 1445
1500732000 1381 1445 1381 1445
1500724800 1381 1445 1381 1445
1500717600 1367 1443 1398 1487
1500710400 1357 1434 1403 1518
1500703200 1357 1432 1410 1516
1500696000 1357 1433 1415 1481
1500688800 52765 2718 695868 18901
1500681600 1367 1987 1898 12934
1500674400 10204 2561 200288 6817
1500667200 70102 4522 516150 15763
1500660000 39668 3826 484191 14902
1500652800 36192 3893 263017 9429
1500645600 37435 3864 351395 11656
1500638400 1885 2362 1914 2507
1500631200 1886 2332 1907 2421
1500624000 1887 2337 1923 2467
1500616800 1889 2355 1929 2479
1500609600 1889 2347 1916 2455
1500602400 1887 2339 1919 2411
1500595200 34798 3185 576403 16662
1500588000 46766 4124 259331 9679
1500580800 71038 5016 419367 13584
1500573600 94628 5709 539200 16867
1500566400 118813 6227 512809 15966
1500559200 61714 4656 512809 16089
1500552000 2204 2415 2234 2986
1500544800 2205 2390 2241 2448
1500537600 2206 2421 2249 2584
1500530400 2209 2418 2248 2534
1500523200 2202 2441 2248 2534
1500516000 2202 2394 2255 2468
1500508800 2200 2438 2268 2608
1500501600 24018 3312 268914 9284
1500494400 84918 5188 496225 15353
1500487200 89289 5106 447603 14164
1500480000 122307 5923 557460 16795
1500472800 6268 2368 194013 8133
1500465600 1316 1634 1316 1634
1500458400 1316 1634 1316 1634
1500451200 1316 1634 1316 1634
1500444000 1316 1634 1316 1634
1500436800 1316 1634 1316 1634
1500429600 1316 1634 1316 1634
1500422400 1316 1634 1316 1634
1500415200 1316 1634 1316 1634
1500408000 1316 1634 1316 1634
1500400800 1316 1634 1316 1634
1500393600 1316 1634 1316 1634
1500386400 1316 1634 1316 1634
1500379200 1316 1634 1316 1634
1500372000 1316 1634 1316 1634
1500364800 1316 1634 1316 1634
1500357600 1316 1634 1316 1634
1500350400 1316 1634 1316 1634
1500343200 1316 1634 1316 1634
1500336000 1316 1634 1316 1634
1500328800 1316 1634 1316 1634
1500321600 1316 1634 1316 1634
1500314400 1316 1634 1316 1634
1500307200 1316 1634 1316 1634
1500300000 1316 1634 1316 1634
1500292800 1316 1634 1316 1634
1500285600 1316 1634 1316 1634
1500278400 1316 1634 1316 1634
1500271200 1316 1634 1316 1634
1500264000 1316 1634 1316 1634
1500256800 1316 1634 1316 1634
1500249600 1316 1634 1316 1634
1500242400 1316 1634 1316 1634
1500235200 1316 1634 1316 1634
1500228000 1316 1634 1316 1634
1500220800 1316 1634 1316 1634
1500213600 1316 1634 1316 1634
1500206400 1316 1634 1316 1634
1500199200 1316 1634 1316 1634
1500192000 1316 1634 1316 1634
1500184800 1316 1634 1316 1634
1500177600 1316 1634 1316 1634
1500170400 1316 1634 1316 1634
1500163200 1316 1634 1316 1634
1500156000 1316 1634 1316 1634
1500148800 1316 1634 1316 1634
1500141600 1316 1634 1316 1634
1500134400 1316 1634 1316 1634
1500127200 1316 1634 1316 1634
1500120000 1316 1634 1316 1634
1500112800 1316 1634 1316 1634
1500105600 1316 1634 1316 1634
1500098400 1316 1634 1316 1634
1500091200 1316 1634 1316 1634
1500084000 1316 1634 1316 1634
1500076800 1316 1634 1316 1634
1500069600 1316 1634 1316 1634
1500062400 1316 1634 1316 1634
1500055200 1316 1634 1316 1634
1500048000 1316 1634 1316 1634
1500040800 1316 1634 1316 1634
1500033600 1316 1634 1316 1634
1500026400 1316 1634 1316 1634
1500019200 1316 1634 1316 1634
1500012000 1316 1634 1316 1634
1500004800 1316 1634 1316 1634
1499997600 1316 1634 1316 1634
1499990400 1316 1634 1316 1634
1499983200 1316 1634 1316 1634
1499976000 1316 1634 1316 1634
1499968800 1316 1634 1316 1634
1499961600 1316 1634 1316 1634
1499954400 1316 1634 1316 1634
1499947200 1316 1634 1316 1634
1499940000 1316 1634 1316 1634
1499932800 1316 1634 1316 1634
1499925600 1316 1634 1316 1634
1499918400 1316 1634 1316 1634
1499911200 1316 1634 1316 1634
1499904000 1316 1634 1316 1634
1499896800 1316 1634 1316 1634
1499889600 1316 1634 1316 1634
1499882400 1316 1634 1316 1634
1499875200 1316 1634 1316 1634
1499868000 1316 1634 1316 1634
1499860800 1316 1634 1316 1634
1499853600 1316 1634 1316 1634
1499846400 1316 1634 1316 1634
1499839200 1316 1634 1316 1634
1499832000 1316 1634 1316 1634
1499824800 1316 1634 1316 1634
1499817600 1316 1634 1316 1634
1499810400 1316 1634 1316 1634
1499803200 1316 1634 1316 1634
1499796000 1316 1634 1316 1634
1499788800 1316 1634 1316 1634
1499781600 1316 1634 1316 1634
1499774400 1316 1634 1316 1634
1499767200 1316 1634 1316 1634
1499760000 1316 1634 1316 1634
1499752800 1316 1634 1316 1634
1499745600 1316 1634 1316 1634
1499738400 1316 1634 1316 1634
1499731200 1316 1634 1316 1634
1499724000 1316 1634 1316 1634
1499716800 1316 1634 1316 1634
1499709600 1316 1634 1316 1634
1499702400 1316 1634 1316 1634
1499695200 1316 1634 1316 1634
1499688000 1316 1634 1316 1634
1499680800 1316 1634 1316 1634
1499673600 1316 1634 1316 1634
1499666400 1316 1634 1316 1634
1499659200 1316 1634 1316 1634
1499652000 1316 1634 1316 1634
1499644800 1316 1634 1316 1634
1499637600 1316 1634 1316 1634
1499630400 1316 1634 1316 1634
1499623200 1316 1634 1316 1634
1499616000 1316 1634 1316 1634
1499608800 1316 1634 1316 1634
1499601600 1316 1634 1316 1634
1499594400 1316 1634 1316 1634
1499587200 1316 1634 1316 1634
1499580000 1316 1634 1316 1634
1499572800 1316 1634 1316 1634
1499565600 1316 1634 1316 1634
1499558400 1316 1634 1316 1634
1499551200 1316 1634 1316 1634
1499544000 1316 1634 1316 1634
1499536800 1316 1634 1316 1634
1499529600 1316 1634 1316 1634
1499522400 1316 1634 1316 1634
1499515200 1316 1634 1316 1634
1499508000 1316 1634 1316 1634
1499500800 1316 1634 1316 1634
1499493600 1316 1634 1316 1634
1499486400 1316 1634 1316 1634
1499479200 1316 1634 1316 1634
1499472000 1316 1634 1316 1634
1499464800 1316 1634 1316 1634
1499457600 1316 1634 1316 1634
1499450400 1316 1634 1316 1634
1499443200 1316 1634 1316 1634
1499436000 1316 1634 1316 1634
1499428800 1316 1634 1316 1634
1499421600 1316 1634 1316 1634
1499414400 1316 1634 1316 1634
1499407200 1316 1634 1316 1634
1499400000 1316 1634 1316 1634
1499392800 1316 1634 1316 1634
1499385600 1316 1634 1316 1634
1499378400 1316 1634 1316 1634
1499371200 1316 1634 1316 1634
1499364000 1316 1634 1316 1634
1499356800 1316 1634 1316 1634
1499349600 1316 1634 1316 1634
1499342400 1316 1634 1316 1634
1499335200 1316 1634 1316 1634
1499328000 1316 1634 1316 1634
1499320800 1316 1634 1316 1634
1499313600 1316 1634 1316 1634
1499306400 1316 1634 1316 1634
1499299200 1316 1634 1316 1634
1499292000 1316 1634 1316 1634
1499284800 1316 1634 1316 1634
1499277600 1316 1634 1316 1634
1499270400 1316 1634 1316 1634
1499263200 1316 1634 1316 1634
1499256000 1316 1634 1316 1634
1499248800 1316 1634 1316 1634
1499241600 1316 1634 1316 1634
1499234400 1316 1634 1316 1634
1499212800 1316 1634 1316 1634
1499126400 1316 1634 1316 1634
1499040000 1316 1634 1316 1634
1498953600 1316 1634 1316 1634
1498867200 1316 1634 1316 1634
1498780800 1316 1634 1316 1634
1498694400 1316 1634 1316 1634
1498608000 1316 1634 1316 1634
1498521600 1316 1634 1316 1634
1498435200 1316 1634 1316 1634
1498348800 1316 1634 1316 1634
1498262400 1316 1634 1316 1634
1498176000 1316 1634 1316 1634
1498089600 1330 1648 1900 2326
1498003200 3157 2618 245666 7960
1497916800 56825 3870 962802 26828
1497830400 2625 2204 213443 7423
1497744000 1889 2195 1936 2359
1497657600 47540 3659 878669 24956
1497571200 35046 3313 685858 19985
1497484800 62854 3696 531019 15715
1497398400 24130 2516 305105 9958
1497312000 35320 2836 318258 10162
1497225600 7817 2407 487367 13599
1497139200 1887 2269 1941 2411
1497052800 62766 3496 1026521 27365
1496966400 57358 3503 689135 19265
1496880000 53361 3803 1096599 28697
1496793600 57132 3991 872468 24221
1496707200 70049 4257 942423 25868
1496620800 1897 2285 1951 2676
1496534400 4258 2121 520603 14054
1496448000 158622 6802 1894383 149085
1496361600 115546 5048 1367123 37946
1496275200 71732 3836 1394875 37196
1496188800 77373 3981 953263 26603
1496102400 106847 4784 1152799 31163
1496016000 2571 2337 207740 11017
1495929600 6532 2470 432004 12326
1495843200 115397 5523 1166629 31633
1495756800 86966 4781 994072 28719
1495670400 87442 4867 2113486 54944
1495584000 1365 1755 1365 1755
1495497600 1365 1755 1365 1755
1495411200 1365 1755 1365 1755
1495324800 1365 1755 1365 1755
1495238400 1365 1755 1365 1755
1495152000 167619 6331 2104446 54609
1495065600 81212 4171 1293857 35001
1494979200 17127 2747 1028483 27817
1494892800 1886 2434 1886 2434
1494806400 1886 2434 1886 2434
1494720000 2751 2404 249855 7984
1494633600 82041 4512 1270790 34704
1494547200 67419 4056 821229 22432
1494460800 1867 2112 1867 2112
1494374400 1867 2112 1867 2112
1494288000 1867 2112 1867 2112
1494201600 1867 2112 1867 2112
1494115200 1867 2112 1867 2112
1494028800 1867 2112 1867 2112
1493942400 1867 2112 1867 2112
1493856000 1867 2112 1867 2112
1493769600 1867 2112 1867 2112
1493683200 1867 2112 1867 2112
1493596800 1867 2112 1867 2112
1493510400 1867 2112 1867 2112
1493424000 1867 2112 1867 2112
1493337600 1867 2112 1867 2112
1493251200 1867 2112 1867 2112
1493164800 1867 2112 1867 2112
1493078400 1867 2112 1867 2112
1492992000 1867 2112 1867 2112
1492905600 1867 2112 1867 2112
1492819200 1867 2112 1867 2112
1492732800 1867 2112 1867 2112
1492646400 1867 2112 1867 2112
1492560000 1867 2112 1867 2112
1492473600 1867 2112 1867 2112
1492387200 1867 2112 1867 2112
1492300800 1867 2112 1867 2112
1492214400 1867 2112 1867 2112
1492128000 1867 2112 1867 2112
1492041600 1867 2112 1867 2112
1491955200 1867 2112 1867 2112
1491868800 1867 2112 1867 2112
1491782400 1867 2112 1867 2112
1491696000 1867 2112 1867 2112
1491609600 1867 2112 1867 2112
1491523200 1867 2112 1867 2112
1491436800 1867 2112 1867 2112
1491350400 1867 2112 1867 2112
1491264000 1867 2112 1867 2112
1491177600 1874 2123 1931 2215
1491091200 3536 2046 514678 14253
1491004800 58899 3656 704696 19211
1490918400 39259 3177 739738 21154
1490832000 51300 2979 738385 20770
1490745600 0 0 0 0
1490659200 0 0 0 0
1490572800 0 0 0 0
1490486400 0 0 0 0
1490400000 0 0 0 0
1490313600 0 0 0 0
1490227200 0 0 0 0
1490140800 0 0 0 0
1490054400 0 0 0 0
1489968000 0 0 0 0
1489881600 0 0 0 0
1489795200 0 0 0 0
1489708800 0 0 0 0
1489622400 0 0 0 0
1489536000 0 0 0 0
1489449600 0 0 0 0
1489363200 0 0 0 0
1489276800 0 0 0 0
1489190400 0 0 0 0
1489104000 0 0 0 0
1489017600 0 0 0 0
1488931200 0 0 0 0
1488844800 0 0 0 0
1488758400 0 0 0 0
1488672000 0 0 0 0
1488585600 0 0 0 0
1488499200 0 0 0 0
1488412800 0 0 0 0
1488326400 0 0 0 0
1488240000 0 0 0 0
1488153600 0 0 0 0
1488067200 0 0 0 0
1487980800 0 0 0 0
1487894400 0 0 0 0
1487808000 0 0 0 0
1487721600 0 0 0 0
1487635200 0 0 0 0
1487548800 0 0 0 0
1487462400 0 0 0 0
1487376000 0 0 0 0
1487289600 0 0 0 0
1487203200 0 0 0 0
1487116800 0 0 0 0
1487030400 0 0 0 0
1486944000 0 0 0 0
1486857600 0 0 0 0
1486771200 0 0 0 0
1486684800 0 0 0 0
1486598400 0 0 0 0
1486512000 0 0 0 0
1486425600 0 0 0 0
1486339200 0 0 0 0
1486252800 0 0 0 0
1486166400 0 0 0 0
1486080000 0 0 0 0
1485993600 0 0 0 0
1485907200 0 0 0 0
1485820800 0 0 0 0
1485734400 0 0 0 0
1485648000 0 0 0 0
1485561600 0 0 0 0
1485475200 0 0 0 0
1485388800 0 0 0 0
1485302400 0 0 0 0
1485216000 0 0 0 0
1485129600 0 0 0 0
1485043200 0 0 0 0
1484956800 0 0 0 0
1484870400 0 0 0 0
1484784000 0 0 0 0
1484697600 0 0 0 0
1484611200 0 0 0 0
1484524800 0 0 0 0
1484438400 0 0 0 0
1484352000 0 0 0 0
1484265600 0 0 0 0
1484179200 0 0 0 0
1484092800 0 0 0 0
1484006400 0 0 0 0
1483920000 0 0 0 0
1483833600 0 0 0 0
1483747200 0 0 0 0
1483660800 0 0 0 0
1483574400 0 0 0 0
1483488000 0 0 0 0
1483401600 0 0 0 0
1483315200 0 0 0 0
1483228800 0 0 0 0
1483142400 0 0 0 0
1483056000 0 0 0 0
1482969600 0 0 0 0
1482883200 0 0 0 0
1482796800 0 0 0 0
1482710400 0 0 0 0
1482624000 0 0 0 0
1482537600 0 0 0 0
1482451200 0 0 0 0
1482364800 0 0 0 0
1482278400 0 0 0 0
1482192000 0 0 0 0
1482105600 0 0 0 0
1482019200 0 0 0 0
1481932800 0 0 0 0
1481846400 0 0 0 0
1481760000 0 0 0 0
1481673600 0 0 0 0
1481587200 0 0 0 0
1481500800 0 0 0 0
1481414400 0 0 0 0
1481328000 0 0 0 0
1481241600 0 0 0 0
1481155200 0 0 0 0
1481068800 0 0 0 0
1480982400 0 0 0 0
1480896000 0 0 0 0
1480809600 0 0 0 0
1480723200 0 0 0 0
1480636800 0 0 0 0
1480550400 0 0 0 0
1480464000 0 0 0 0
1480377600 0 0 0 0
1480291200 0 0 0 0
1480204800 0 0 0 0
1480118400 0 0 0 0
1480032000 0 0 0 0
1479945600 0 0 0 0
1479859200 0 0 0 0
1479772800 0 0 0 0
1479686400 0 0 0 0
1479600000 0 0 0 0
1479513600 0 0 0 0
1479427200 0 0 0 0
1479340800 0 0 0 0
1479254400 0 0 0 0
1479168000 0 0 0 0
1479081600 0 0 0 0
1478995200 0 0 0 0
1478908800 0 0 0 0
1478822400 0 0 0 0
1478736000 0 0 0 0
1478649600 0 0 0 0
1478563200 0 0 0 0
1478476800 0 0 0 0
1478390400 0 0 0 0
1478304000 0 0 0 0
1478217600 0 0 0 0
1478131200 0 0 0 0
1478044800 0 0 0 0
1477958400 0 0 0 0
1477872000 0 0 0 0
1477785600 0 0 0 0
1477699200 0 0 0 0
1477612800 0 0 0 0
1477526400 0 0 0 0
1477440000 0 0 0 0
1477353600 0 0 0 0
1477267200 0 0 0 0
1477180800 0 0 0 0
1477094400 0 0 0 0
1477008000 0 0 0 0
1476921600 0 0 0 0
1476835200 0 0 0 0
1476748800 0 0 0 0
1476662400 0 0 0 0
1476576000 0 0 0 0
1476489600 0 0 0 0
1476403200 0 0 0 0
1476316800 0 0 0 0
1476230400 0 0 0 0
1476144000 0 0 0 0
1476057600 0 0 0 0
1475971200 0 0 0 0
1475884800 0 0 0 0
1475798400 0 0 0 0
1475712000 0 0 0 0
1475625600 0 0 0 0
1475539200 0 0 0 0
1475452800 0 0 0 0
1475366400 0 0 0 0
1475280000 0 0 0 0
1475193600 0 0 0 0
1475107200 0 0 0 0
1475020800 0 0 0 0
1474934400 0 0 0 0
1474848000 0 0 0 0
1474761600 0 0 0 0
1474675200 0 0 0 0
1474588800 0 0 0 0
1474502400 0 0 0 0
1474416000 0 0 0 0
1474329600 0 0 0 0
1474243200 0 0 0 0
1474156800 0 0 0 0
1474070400 0 0 0 0
1473984000 0 0 0 0
1473897600 0 0 0 0
1473811200 0 0 0 0
1473724800 0 0 0 0
1473638400 0 0 0 0
1473552000 0 0 0 0
1473465600 0 0 0 0
1473379200 0 0 0 0
1473292800 0 0 0 0
1473206400 0 0 0 0
1473120000 0 0 0 0
1473033600 0 0 0 0
1472947200 0 0 0 0
1472860800 0 0 0 0
1472774400 0 0 0 0
1472688000 0 0 0 0
1472601600 0 0 0 0
1472515200 0 0 0 0
1472428800 0 0 0 0
1472342400 0 0 0 0
1472256000 0 0 0 0
1472169600 0 0 0 0
1472083200 0 0 0 0
1471996800 0 0 0 0
1471910400 0 0 0 0
1471824000 0 0 0 0
1471737600 0 0 0 0
1471651200 0 0 0 0
1471564800 0 0 0 0
1471478400 0 0 0 0
1471392000 0 0 0 0
1471305600 0 0 0 0
1471219200 0 0 0 0
1471132800 0 0 0 0
1471046400 0 0 0 0
1470960000 0 0 0 0
1470873600 0 0 0 0
1470787200 0 0 0 0
1470700800 0 0 0 0
1470614400 0 0 0 0
1470528000 0 0 0 0
1470441600 0 0 0 0
1470355200 0 0 0 0
1470268800 0 0 0 0
1470182400 0 0 0 0
1470096000 0 0 0 0
1470009600 0 0 0 0
1469923200 0 0 0 0
1469836800 0 0 0 0
1469750400 0 0 0 0
1469664000 0 0 0 0
1469577600 0 0 0 0
1469491200 0 0 0 0
1469404800 0 0 0 0
1469318400 0 0 0 0
1469232000 0 0 0 0
1469145600 0 0 0 0
1469059200 0 0 0 0
1468972800 0 0 0 0
1468886400 0 0 0 0
1468800000 0 0 0 0
1468713600 0 0 0 0
1468627200 0 0 0 0
1468540800 0 0 0 0
1468454400 0 0 0 0
1468368000 0 0 0 0
1468281600 0 0 0 0
1468195200 0 0 0 0
1468108800 0 0 0 0
1468022400 0 0 0 0
1467936000 0 0 0 0
1467849600 0 0 0 0
1467763200 0 0 0 0
1467676800 0 0 0 0
1467590400 0 0 0 0
1467504000 0 0 0 0
1467417600 0 0 0 0
1467331200 0 0 0 0
1467244800 0 0 0 0
1467158400 0 0 0 0
1467072000 0 0 0 0
1466985600 0 0 0 0
1466899200 0 0 0 0
1466812800 0 0 0 0
1466726400 0 0 0 0
1466640000 0 0 0 0
1466553600 0 0 0 0
1466467200 0 0 0 0
1466380800 0 0 0 0
1466294400 0 0 0 0
1466208000 0 0 0 0
1466121600 0 0 0 0
1466035200 0 0 0 0
1465948800 0 0 0 0
1465862400 0 0 0 0
1465776000 0 0 0 0
1465689600 0 0 0 0
1465603200 0 0 0 0
1465516800 0 0 0 0
1465430400 0 0 0 0
1465344000 0 0 0 0
1465257600 0 0 0 0
1465171200 0 0 0 0
1465084800 0 0 0 0
1464998400 0 0 0 0
1464912000 0 0 0 0
1464825600 0 0 0 0
1464739200 0 0 0 0
1464652800 0 0 0 0
1464566400 0 0 0 0
1464480000 0 0 0 0
1464393600 0 0 0 0
1464307200 0 0 0 0
1464220800 0 0 0 0
1464134400 0 0 0 0
1464048000 0 0 0 0
1463961600 0 0 0 0
1463875200 0 0 0 0
1463788800 0 0 0 0
1463702400 0 0 0 0
1463616000 0 0 0 0
1463529600 0 0 0 0
1463443200 0 0 0 0
1463356800 0 0 0 0
1463270400 0 0 0 0
1463184000 0 0 0 0
1463097600 0 0 0 0
1463011200 0 0 0 0
1462924800 0 0 0 0
1462838400 0 0 0 0
1462752000 0 0 0 0
1462665600 0 0 0 0
1462579200 0 0 0 0
1462492800 0 0 0 0
1462406400 0 0 0 0
1462320000 0 0 0 0
1462233600 0 0 0 0
1462147200 0 0 0 0
1462060800 0 0 0 0
1461974400 0 0 0 0
1461888000 0 0 0 0
1461801600 0 0 0 0
1461715200 0 0 0 0
1461628800 0 0 0 0
1461542400 0 0 0 0
1461456000 0 0 0 0
1461369600 0 0 0 0
1461283200 0 0 0 0
1461196800 0 0 0 0
1461110400 0 0 0 0
1461024000 0 0 0 0
1460937600 0 0 0 0
1460851200 0 0 0 0
1460764800 0 0 0 0
1460678400 0 0 0 0
1460592000 0 0 0 0
1460505600 0 0 0 0
1460419200 0 0 0 0
1460332800 0 0 0 0
1460246400 0 0 0 0
1460160000 0 0 0 0
1460073600 0 0 0 0
1459987200 0 0 0 0
1459900800 0 0 0 0
1459814400 0 0 0 0
1459728000 0 0 0 0
1459641600 0 0 0 0
1459555200 0 0 0 0
1459468800 0 0 0 0
1459382400 0 0 0 0
1459296000 0 0 0 0
1459209600 0 0 0 0
1459123200 0 0 0 0
1459036800 0 0 0 0
1458950400 0 0 0 0
1458864000 0 0 0 0
1458777600 0 0 0 0
1458691200 0 0 0 0
1458604800 0 0 0 0
1458518400 0 0 0 0
1458432000 0 0 0 0
1458345600 0 0 0 0
1458259200 0 0 0 0
1458172800 0 0 0 0
1458086400 0 0 0 0
1458000000 0 0 0 0
1457913600 0 0 0 0
1457827200 0 0 0 0
1457740800 0 0 0 0
1457654400 0 0 0 0
1457568000 0 0 0 0
1457481600 0 0 0 0
1457395200 0 0 0 0
1457308800 0 0 0 0
1457222400 0 0 0 0
1457136000 0 0 0 0
1457049600 0 0 0 0
1456963200 0 0 0 0
1456876800 0 0 0 0
1456790400 0 0 0 0
1456704000 0 0 0 0
1456617600 0 0 0 0
1456531200 0 0 0 0
1456444800 0 0 0 0
1456358400 0 0 0 0
1456272000 0 0 0 0
1456185600 0 0 0 0
1456099200 0 0 0 0
1456012800 0 0 0 0
1455926400 0 0 0 0
1455840000 0 0 0 0
1455753600 0 0 0 0
1455667200 0 0 0 0
1455580800 0 0 0 0
1455494400 0 0 0 0
1455408000 0 0 0 0
1455321600 0 0 0 0
1455235200 0 0 0 0
1455148800 0 0 0 0
1455062400 0 0 0 0
1454976000 0 0 0 0
1454889600 0 0 0 0
1454803200 0 0 0 0
1454716800 0 0 0 0
1454630400 0 0 0 0
1454544000 0 0 0 0
1454457600 0 0 0 0
1454371200 0 0 0 0
1454284800 0 0 0 0
1454198400 0 0 0 0
1454112000 0 0 0 0
1454025600 0 0 0 0
1453939200 0 0 0 0
1453852800 0 0 0 0
1453766400 0 0 0 0
1453680000 0 0 0 0
1453593600 0 0 0 0
1453507200 0 0 0 0
1453420800 0 0 0 0
1453334400 0 0 0 0
1453248000 0 0 0 0
1453161600 0 0 0 0
1453075200 0 0 0 0
1452988800 0 0 0 0
1452902400 0 0 0 0
1452816000 0 0 0 0
1452729600 0 0 0 0
1452643200 0 0 0 0
1452556800 0 0 0 0
1452470400 0 0 0 0
1452384000 0 0 0 0
1452297600 0 0 0 0
1452211200 0 0 0 0
1452124800 0 0 0 0
1452038400 0 0 0 0
1451952000 0 0 0 0
1451865600 0 0 0 0
1451779200 0 0 0 0
1451692800 0 0 0 0
1451606400 0 0 0 0
1451520000 0 0 0 0
1451433600 0 0 0 0
1451347200 0 0 0 0
1451260800 0 0 0 0
1451174400 0 0 0 0
1451088000 0 0 0 0
1451001600 0 0 0 0
1450915200 0 0 0 0
1450828800 0 0 0 0
1450742400 0 0 0 0
1450656000 0 0 0 0
1450569600 0 0 0 0
1450483200 0 0 0 0
1450396800 0 0 0 0
1450310400 0 0 0 0
1450224000 0 0 0 0
1450137600 0 0 0 0
1450051200 0 0 0 0
1449964800 0 0 0 0
1449878400 0 0 0 0
1449792000 0 0 0 0
1449705600 0 0 0 0
1449619200 0 0 0 0
1449532800 0 0 0 0
1449446400 0 0 0 0
1449360000 0 0 0 0
1449273600 0 0 0 0
1449187200 0 0 0 0
1449100800 0 0 0 0
1449014400 0 0 0 0
1448928000 0 0 0 0
1448841600 0 0 0 0
1448755200 0 0 0 0
1448668800 0 0 0 0
1448582400 0 0 0 0
1448496000 0 0 0 0
1448409600 0 0 0 0
1448323200 0 0 0 0
1448236800 0 0 0 0
1448150400 0 0 0 0
1448064000 0 0 0 0
1447977600 0 0 0 0
1447891200 0 0 0 0
1447804800 0 0 0 0
1447718400 0 0 0 0
1447632000 0 0 0 0
1447545600 0 0 0 0
1447459200 0 0 0 0
1447372800 0 0 0 0
1447286400 0 0 0 0
1447200000 0 0 0 0
1447113600 0 0 0 0
1447027200 0 0 0 0
1446940800 0 0 0 0
1446854400 0 0 0 0
1446768000 0 0 0 0
1446681600 0 0 0 0
1446595200 0 0 0 0
1446508800 0 0 0 0
1446422400 0 0 0 0
1446336000 0 0 0 0
1446249600 0 0 0 0
1446163200 0 0 0 0
1446076800 0 0 0 0
1445990400 0 0 0 0
1445904000 0 0 0 0
1445817600 0 0 0 0
1445731200 0 0 0 0
1445644800 0 0 0 0
1445558400 0 0 0 0
1445472000 0 0 0 0
1445385600 0 0 0 0
1445299200 0 0 0 0
1445212800 0 0 0 0
1445126400 0 0 0 0
1445040000 0 0 0 0
1444953600 0 0 0 0
1444867200 0 0 0 0
1444780800 0 0 0 0
1444694400 0 0 0 0
1444608000 0 0 0 0
1444521600 0 0 0 0
1444435200 0 0 0 0
1444348800 0 0 0 0
1444262400 0 0 0 0
1444176000 0 0 0 0
1444089600 0 0 0 0
1444003200 0 0 0 0
1443916800 0 0 0 0
1443830400 0 0 0 0
1443744000 0 0 0 0
1443657600 0 0 0 0
1443571200 0 0 0 0
1443484800 0 0 0 0
1443398400 0 0 0 0
1443312000 0 0 0 0
1443225600 0 0 0 0
1443139200 0 0 0 0
1443052800 0 0 0 0
1442966400 0 0 0 0
1442880000 0 0 0 0
1442793600 0 0 0 0
1442707200 0 0 0 0
1442620800 0 0 0 0
1442534400 0 0 0 0
1442448000 0 0 0 0
1442361600 0 0 0 0
1442275200 0 0 0 0
1442188800 0 0 0 0
1442102400 0 0 0 0
1442016000 0 0 0 0
1441929600 0 0 0 0
1441843200 0 0 0 0
1441756800 0 0 0 0
1441670400 0 0 0 0
1441584000 0 0 0 0
1441497600 0 0 0 0
1441411200 0 0 0 0
1441324800 0 0 0 0
1441238400 0 0 0 0
1441152000 0 0 0 0
1441065600 0 0 0 0
1440979200 0 0 0 0
1440892800 0 0 0 0
1440806400 0 0 0 0
1440720000 0 0 0 0
1440633600 0 0 0 0
1440547200 0 0 0 0
1440460800 0 0 0 0
1440374400 0 0 0 0
1440288000 0 0 0 0
1440201600 0 0 0 0
1440115200 0 0 0 0
1440028800 0 0 0 0
1439942400 0 0 0 0
1439856000 0 0 0 0
1439769600 0 0 0 0
1439683200 0 0 0 0
1439596800 0 0 0 0
1439510400 0 0 0 0
1439424000 0 0 0 0
1439337600 0 0 0 0
1439251200 0 0 0 0
1439164800 0 0 0 0
1439078400 0 0 0 0
1438992000 0 0 0 0
1438905600 0 0 0 0
1438819200 0 0 0 0
1438732800 0 0 0 0
1438646400 0 0 0 0
1438560000 0 0 0 0
1438473600 0 0 0 0
1438387200 0 0 0 0
1438300800 0 0 0 0
1438214400 0 0 0 0
1438128000 0 0 0 0
1438041600 0 0 0 0
1437955200 0 0 0 0
1437868800 0 0 0 0
1437782400 0 0 0 0
1437696000 0 0 0 0
1437609600 0 0 0 0
1437523200 0 0 0 0
1437436800 0 0 0 0
1437350400 0 0 0 0
1437264000 0 0 0 0
1437177600 0 0 0 0
1437091200 0 0 0 0
1437004800 0 0 0 0
1436918400 0 0 0 0
1436832000 0 0 0 0
1436745600 0 0 0 0
1436659200 0 0 0 0
1436572800 0 0 0 0
1436486400 0 0 0 0
1436400000 0 0 0 0
1436313600 0 0 0 0
1436227200 0 0 0 0
1436140800 0 0 0 0
1436054400 0 0 0 0
