1504817526 22096275879 71018264596
1504817526 23 1034 23 1034
1504817227 22 921 22 921
1504817100 22 953 22 998
1504816800 22 998 22 998
1504816500 22 998 22 998
1504816200 22 998 22 998
1504815900 22 998 22 998
1504815600 22 998 22 998
1504815300 22 998 22 998
1504815000 22 998 22 998
1504814700 22 998 22 998
1504814400 22 998 22 998
1504814100 22 998 22 998
1504813800 22 998 22 998
1504813500 22 998 22 998
1504813200 22 998 22 998
1504812900 22 998 22 998
1504812600 22 998 22 998
1504812300 22 998 22 998
1504812000 22 998 22 998
1504811700 22 998 22 998
1504811400 22 998 22 998
1504811100 22 998 22 998
1504810800 22 998 22 998
1504810500 22 998 22 998
1504810200 22 998 22 998
1504809900 22 998 22 998
1504809600 22 998 22 998
1504809300 22 998 22 998
1504809000 22 998 22 998
1504808700 22 998 22 998
1504808400 22 998 22 998
1504808100 22 998 22 998
1504807800 22 998 22 998
1504807500 22 998 22 998
1504807200 22 998 22 998
1504806900 22 998 22 998
1504806600 22 998 22 998
1504806300 22 998 22 998
1504806000 22 998 22 998
1504805700 22 998 22 998
1504805400 22 998 22 998
1504805100 22 998 22 998
1504804800 22 998 22 998
1504804500 22 998 22 998
1504804200 22 998 22 998
1504803900 22 998 22 998
1504803600 22 998 22 998
1504803300 22 998 22 998
1504803000 22 998 22 998
1504802700 22 998 22 998
1504802400 22 998 22 998
1504802100 22 998 22 998
1504801800 22 998 22 998
1504801500 22 998 22 998
1504801200 22 998 22 998
1504800900 22 998 22 998
1504800600 22 998 22 998
1504800300 22 998 22 998
1504800000 22 998 22 998
1504799700 22 998 22 998
1504799400 22 998 22 998
1504799100 22 998 22 998
1504798800 22 998 22 998
1504798500 22 998 22 998
1504798200 22 998 22 998
1504797900 22 998 22 998
1504797600 22 998 22 998
1504797300 22 998 22 998
1504797000 22 998 22 998
1504796700 22 998 22 998
1504796400 22 998 22 998
1504796100 22 998 22 998
1504795800 22 998 22 998
1504795500 22 998 22 998
1504795200 22 998 22 998
1504794900 22 998 22 998
1504794600 22 998 22 998
1504794300 22 998 22 998
1504794000 22 998 22 998
1504793700 22 998 22 998
1504793400 22 998 22 998
1504793100 22 998 22 998
1504792800 22 998 22 998
1504792500 22 998 22 998
1504792200 22 998 22 998
1504791900 22 998 22 998
1504791600 22 998 22 998
1504791300 22 998 22 998
1504791000 22 998 22 998
1504790700 22 998 22 998
1504790400 22 998 22 998
1504790100 22 998 22 998
1504789800 22 998 22 998
1504789500 22 998 22 998
1504789200 22 998 22 998
1504788900 22 998 22 998
1504788600 22 998 22 998
1504788300 22 998 22 998
1504788000 22 998 22 998
1504787700 22 998 22 998
1504787400 22 998 22 998
1504787100 22 998 22 998
1504786800 22 998 22 998
1504786500 22 998 22 998
1504786200 22 998 22 998
1504785900 22 998 22 998
1504785600 22 998 22 998
1504785300 22 998 22 998
1504785000 22 998 22 998
1504784700 22 998 22 998
1504784400 22 998 22 998
1504784100 22 998 22 998
1504783800 22 998 22 998
1504783500 22 998 22 998
1504783200 22 998 22 998
1504782900 22 998 22 998
1504782600 22 998 22 998
1504782300 22 998 22 998
1504782000 22 998 22 998
1504781700 22 998 22 998
1504781400 22 998 22 998
1504781100 22 998 22 998
1504780800 22 998 22 998
1504780500 22 998 22 998
1504780200 22 998 22 998
1504779900 22 998 22 998
1504779600 22 998 22 998
1504779300 22 998 22 998
1504779000 22 998 22 998
1504778700 22 998 22 998
1504778400 22 998 22 998
1504778100 22 998 22 998
1504777800 22 998 22 998
1504777500 22 998 22 998
1504777200 22 998 22 998
1504776900 22 998 22 998
1504776600 22 998 22 998
1504776300 22 998 22 998
1504776000 22 998 22 998
1504775700 22 998 22 998
1504775400 22 998 22 998
1504775100 22 998 22 998
1504774800 22 998 22 998
1504774500 22 998 22 998
1504774200 22 998 22 998
1504773900 22 998 22 998
1504773600 22 998 22 998
1504773300 22 998 22 998
1504773000 22 998 22 998
1504772700 22 998 22 998
1504772400 22 998 22 998
1504772100 22 998 22 998
1504771800 22 998 22 998
1504771500 22 998 22 998
1504771200 22 998 22 998
1504770900 22 998 22 998
1504770600 22 998 22 998
1504770300 22 998 22 998
1504770000 22 998 22 998
1504769700 22 998 22 998
1504769400 22 998 22 998
1504769100 22 998 22 998
1504768800 22 998 22 998
1504768500 22 998 22 998
1504768200 22 998 22 998
1504767900 22 998 22 998
1504767600 22 998 22 998
1504767300 22 998 22 998
1504767000 22 998 22 998
1504766700 22 998 22 998
1504766400 22 998 22 998
1504766100 22 998 22 998
1504765800 22 998 22 998
1504765500 22 998 22 998
1504765200 22 998 22 998
1504764900 22 998 22 998
1504764600 22 998 22 998
1504764300 22 998 22 998
1504764000 22 998 22 998
1504763700 22 998 22 998
1504763400 22 998 22 998
1504763100 22 998 22 998
1504762800 22 998 22 998
1504762500 22 998 22 998
1504762200 22 998 22 998
1504761900 22 998 22 998
1504761600 22 998 22 998
1504761300 22 998 22 998
1504761000 22 998 22 998
1504760700 22 998 22 998
1504760400 22 998 22 998
1504760100 22 998 22 998
1504759800 22 998 22 998
1504759500 22 998 22 998
1504759200 22 998 22 998
1504758900 22 998 22 998
1504758600 22 998 22 998
1504758300 22 998 22 998
1504758000 22 998 22 998
1504757700 22 998 22 998
1504757400 22 998 22 998
1504757100 22 998 22 998
1504756800 22 998 22 998
1504756500 22 998 22 998
1504756200 22 998 22 998
1504755900 22 998 22 998
1504755600 22 998 22 998
1504755300 22 998 22 998
1504755000 22 998 22 998
1504754700 22 998 22 998
1504754400 22 998 22 998
1504754100 22 998 22 998
1504753800 22 998 22 998
1504753500 22 998 22 998
1504753200 22 998 22 998
1504752900 22 998 22 998
1504752600 22 998 22 998
1504752300 22 998 22 998
1504752000 22 998 22 998
1504751700 22 998 22 998
1504751400 22 998 22 998
1504751100 22 998 22 998
1504750800 22 998 22 998
1504750500 22 998 22 998
1504750200 22 998 22 998
1504749900 22 998 22 998
1504749600 22 998 22 998
1504749300 22 998 22 998
1504749000 22 998 22 998
1504748700 22 998 22 998
1504748400 22 998 22 998
1504748100 22 998 22 998
1504747800 22 998 22 998
1504747500 22 998 22 998
1504747200 22 998 22 998
1504746900 22 998 22 998
1504746600 22 998 22 998
1504746300 22 998 22 998
1504746000 22 998 22 998
1504745700 22 998 22 998
1504745400 22 998 22 998
1504745100 22 998 22 998
1504744800 22 998 22 998
1504744500 22 998 22 998
1504744200 22 998 22 998
1504743900 22 998 22 998
1504743600 22 998 22 998
1504743300 22 998 22 998
1504743000 22 998 22 998
1504742700 22 998 22 998
1504742400 22 998 22 998
1504742100 22 998 22 998
1504741800 22 998 22 998
1504741500 22 998 22 998
1504741200 22 998 22 998
1504740900 22 998 22 998
1504740600 22 998 22 998
1504740300 22 998 22 998
1504740000 22 998 22 998
1504739700 22 998 22 998
1504739400 22 998 22 998
1504739100 22 998 22 998
1504738800 22 998 22 998
1504738500 22 998 22 998
1504738200 22 998 22 998
1504737900 22 998 22 998
1504737600 22 998 22 998
1504737300 22 998 22 998
1504737000 22 998 22 998
1504736700 22 998 22 998
1504736400 22 998 22 998
1504736100 22 998 22 998
1504735800 22 998 22 998
1504735500 22 998 22 998
1504735200 22 998 22 998
1504734900 22 998 22 998
1504734600 22 998 22 998
1504734300 22 998 22 998
1504734000 22 998 22 998
1504733700 22 998 22 998
1504733400 22 998 22 998
1504733100 22 998 22 998
1504732800 22 998 22 998
1504732500 22 998 22 998
1504732200 22 998 22 998
1504731900 22 998 22 998
1504731600 22 998 22 998
1504731300 22 998 22 998
1504731000 22 998 22 998
1504730700 22 998 22 998
1504730400 22 998 22 998
1504730100 22 998 22 998
1504729800 22 998 22 998
1504729500 22 998 22 998
1504729200 22 998 22 998
1504728900 22 998 22 998
1504728600 22 998 22 998
1504728300 22 998 22 998
1504728000 22 998 22 998
1504727700 22 998 22 998
1504727400 22 998 22 998
1504727100 22 998 22 998
1504726800 22 998 22 998
1504726500 22 998 22 998
1504726200 22 998 22 998
1504725900 22 998 22 998
1504725600 22 998 22 998
1504725300 22 998 22 998
1504725000 22 998 22 998
1504724700 22 998 22 998
1504724400 22 998 22 998
1504724100 22 998 22 998
1504723800 22 998 22 998
1504723500 22 998 22 998
1504723200 22 998 22 998
1504722900 22 998 22 998
1504722600 22 998 22 998
1504722300 22 998 22 998
1504722000 22 998 22 998
1504721700 22 998 22 998
1504721400 22 998 22 998
1504721100 22 998 22 998
1504720800 22 998 22 998
1504720500 22 998 22 998
1504720200 22 998 22 998
1504719900 22 998 22 998
1504719600 22 998 22 998
1504719300 22 998 22 998
1504719000 22 998 22 998
1504718700 22 998 22 998
1504718400 22 998 22 998
1504718100 22 998 22 998
1504717800 22 998 22 998
1504717500 22 998 22 998
1504717200 22 998 22 998
1504716900 22 998 22 998
1504716600 22 998 22 998
1504716300 22 998 22 998
1504716000 22 998 22 998
1504715700 22 998 22 998
1504715400 22 998 22 998
1504715100 22 998 22 998
1504714800 22 998 22 998
1504714500 22 998 22 998
1504714200 22 998 22 998
1504713900 22 998 22 998
1504713600 22 998 22 998
1504713300 22 998 22 998
1504713000 22 998 22 998
1504712700 22 998 22 998
1504712400 22 998 22 998
1504712100 22 998 22 998
1504711800 22 998 22 998
1504711500 22 998 22 998
1504711200 22 998 22 998
1504710900 22 998 22 998
1504710600 22 998 22 998
1504710300 22 998 22 998
1504710000 22 998 22 998
1504709700 22 998 22 998
1504709400 22 998 22 998
1504709100 22 998 22 998
1504708800 22 998 22 998
1504708500 22 998 22 998
1504708200 22 998 22 998
1504707900 22 998 22 998
1504707600 22 998 22 998
1504707300 22 998 22 998
1504707000 22 998 22 998
1504706700 22 998 22 998
1504706400 22 998 22 998
1504706100 22 998 22 998
1504705800 22 998 22 998
1504705500 22 998 22 998
1504705200 22 998 22 998
1504704900 22 998 22 998
1504704600 22 998 22 998
1504704300 22 998 22 998
1504704000 22 998 22 998
1504703700 22 998 22 998
1504703400 22 998 22 998
1504703100 22 998 22 998
1504702800 22 998 22 998
1504702500 22 998 22 998
1504702200 22 998 22 998
1504701900 22 998 22 998
1504701600 22 998 22 998
1504701300 22 998 22 998
1504701000 22 998 22 998
1504700700 22 998 22 998
1504700400 22 998 22 998
1504700100 22 998 22 998
1504699800 22 998 22 998
1504699500 22 998 22 998
1504699200 22 998 22 998
1504698900 22 998 22 998
1504698600 22 998 22 998
1504698300 22 998 22 998
1504698000 22 998 22 998
1504697700 22 998 22 998
1504697400 22 998 22 998
1504697100 22 998 22 998
1504696800 22 998 22 998
1504696500 22 998 22 998
1504696200 22 998 22 998
1504695900 22 998 22 998
1504695600 22 998 22 998
1504695300 22 998 22 998
1504695000 22 998 22 998
1504694700 22 998 22 998
1504694400 22 998 22 998
1504694100 22 998 22 998
1504693800 22 998 22 998
1504693500 22 998 22 998
1504693200 22 998 22 998
1504692900 22 998 22 998
1504692600 22 998 22 998
1504692300 22 998 22 998
1504692000 22 998 22 998
1504691700 22 998 22 998
1504691400 22 998 22 998
1504691100 22 998 22 998
1504690800 22 998 22 998
1504690500 22 998 22 998
1504690200 22 998 22 998
1504689900 22 998 22 998
1504689600 22 998 22 998
1504689300 22 998 22 998
1504689000 22 998 22 998
1504688700 22 998 22 998
1504688400 22 998 22 998
1504688100 22 998 22 998
1504687800 22 998 22 998
1504687500 22 998 22 998
1504687200 22 998 22 998
1504686900 22 998 22 998
1504686600 22 998 22 998
1504686300 22 998 22 998
1504686000 22 998 22 998
1504685700 22 998 22 998
1504685400 22 998 22 998
1504685100 22 998 22 998
1504684800 22 998 22 998
1504684500 22 998 22 998
1504684200 22 998 22 998
1504683900 22 998 22 998
1504683600 22 998 22 998
1504683300 22 998 22 998
1504683000 22 998 22 998
1504682700 22 998 22 998
1504682400 22 998 22 998
1504682100 22 998 22 998
1504681800 22 998 22 998
1504681500 22 998 22 998
1504681200 22 998 22 998
1504680900 22 998 22 998
1504680600 22 998 22 998
1504680300 22 998 22 998
1504680000 22 998 22 998
1504679700 22 998 22 998
1504679400 22 998 22 998
1504679100 22 998 22 998
1504678800 22 998 22 998
1504678500 22 998 22 998
1504678200 22 998 22 998
1504677900 22 998 22 998
1504677600 22 998 22 998
1504677300 22 998 22 998
1504677000 22 998 22 998
1504676700 22 998 22 998
1504676400 22 998 22 998
1504676100 22 998 22 998
1504675800 22 998 22 998
1504675500 22 998 22 998
1504675200 22 998 22 998
1504674900 22 998 22 998
1504674600 22 998 22 998
1504674300 22 998 22 998
1504674000 22 998 22 998
1504673700 22 998 22 998
1504673400 22 998 22 998
1504673100 22 998 22 998
1504672800 22 998 22 998
1504672500 22 998 22 998
1504672200 22 998 22 998
1504671900 22 998 22 998
1504671600 22 998 22 998
1504671300 22 998 22 998
1504671000 22 998 22 998
1504670700 22 998 22 998
1504670400 22 998 22 998
1504670100 22 998 22 998
1504669800 22 998 22 998
1504669500 22 998 22 998
1504669200 22 998 22 998
1504668900 22 998 22 998
1504668600 22 998 22 998
1504668300 22 998 22 998
1504668000 22 998 22 998
1504667700 22 998 22 998
1504667400 22 998 22 998
1504667100 22 998 22 998
1504666800 22 998 22 998
1504666500 22 998 22 998
1504666200 22 998 22 998
1504665900 22 998 22 998
1504665600 22 998 22 998
1504665300 22 998 22 998
1504665000 22 998 22 998
1504664700 22 998 22 998
1504664400 22 998 22 998
1504664100 22 998 22 998
1504663800 22 998 22 998
1504663500 22 998 22 998
1504663200 22 998 22 998
1504662900 22 998 22 998
1504662600 22 998 22 998
1504662300 22 998 22 998
1504662000 22 998 22 998
1504661700 22 998 22 998
1504661400 22 998 22 998
1504661100 22 998 22 998
1504660800 22 998 22 998
1504660500 22 998 22 998
1504660200 22 998 22 998
1504659900 22 998 22 998
1504659600 22 998 22 998
1504659300 22 998 22 998
1504659000 22 998 22 998
1504658700 22 998 22 998
1504658400 22 998 22 998
1504658100 22 998 22 998
1504657800 22 998 22 998
1504657500 22 998 22 998
1504657200 22 998 22 998
1504656900 22 998 22 998
1504656600 22 998 22 998
1504656300 22 998 22 998
1504656000 22 998 22 998
1504655700 22 998 22 998
1504655400 22 998 22 998
1504655100 22 998 22 998
1504654800 22 998 22 998
1504654500 22 998 22 998
1504654200 22 998 22 998
1504653900 22 998 22 998
1504653600 22 998 22 998
1504653300 22 998 22 998
1504653000 22 998 22 998
1504652700 22 998 22 998
1504652400 22 998 22 998
1504652100 22 998 22 998
1504651800 22 998 22 998
1504651500 22 998 22 998
1504651200 22 998 22 998
1504650900 22 998 22 998
1504650600 22 998 22 998
1504650300 22 998 22 998
1504650000 22 998 22 998
1504649700 22 998 22 998
1504649400 22 998 22 998
1504649100 22 998 22 998
1504648800 22 998 22 998
1504648500 22 998 22 998
1504648200 22 998 22 998
1504647900 22 998 22 998
1504647600 22 998 22 998
1504647300 22 998 22 998
1504647000 22 998 22 998
1504646700 22 998 22 998
1504646400 22 998 22 998
1504646100 22 998 22 998
1504645800 22 998 22 998
1504645500 22 998 22 998
1504645200 22 998 22 998
1504644900 22 998 22 998
1504644600 22 998 22 998
1504644300 22 998 22 998
1504644000 22 998 22 998
1504643700 22 998 22 998
1504643400 22 998 22 998
1504643100 22 998 22 998
1504642800 22 998 22 998
1504642500 22 998 22 998
1504642200 22 998 22 998
1504641900 22 998 22 998
1504641600 22 998 22 998
1504641300 22 998 22 998
1504641000 22 998 22 998
1504640700 22 998 22 998
1504640400 22 998 22 998
1504640100 22 998 22 998
1504639800 22 998 22 998
1504639500 22 998 22 998
1504639200 22 998 22 998
1504638900 22 998 22 998
1504638600 22 998 22 998
1504638300 22 998 22 998
1504638000 22 998 22 998
1504637700 22 998 22 998
1504637400 22 998 22 998
1504636200 22 998 22 998
1504634400 22 998 22 998
1504632600 22 998 22 998
1504630800 22 998 22 998
1504629000 22 998 22 998
1504627200 22 998 22 998
1504625400 22 998 22 998
1504623600 22 998 22 998
1504621800 22 998 22 998
1504620000 22 998 22 998
1504618200 22 998 22 998
1504616400 22 998 22 998
1504614600 22 998 22 998
1504612800 22 998 22 998
1504611000 22 998 22 998
1504609200 22 998 22 998
1504607400 22 998 22 998
1504605600 22 998 22 998
1504603800 22 998 22 998
1504602000 22 998 22 998
1504600200 22 998 22 998
1504598400 22 998 22 998
1504596600 22 998 22 998
1504594800 22 998 22 998
1504593000 22 998 22 998
1504591200 22 998 22 998
1504589400 22 998 22 998
1504587600 22 998 22 998
1504585800 22 998 22 998
1504584000 22 998 22 998
1504582200 22 998 22 998
1504580400 22 998 22 998
1504578600 22 998 22 998
1504576800 22 998 22 998
1504575000 22 998 22 998
1504573200 22 998 22 998
1504571400 22 998 22 998
1504569600 22 998 22 998
1504567800 22 998 22 998
1504566000 22 998 22 998
1504564200 22 998 22 998
1504562400 22 998 22 998
1504560600 22 998 22 998
1504558800 22 998 22 998
1504557000 22 998 22 998
1504555200 22 998 22 998
1504553400 22 998 22 998
1504551600 22 998 22 998
1504549800 22 998 22 998
1504548000 22 998 22 998
1504546200 22 998 22 998
1504544400 22 998 22 998
1504542600 22 998 22 998
1504540800 22 998 22 998
1504539000 22 998 22 998
1504537200 22 998 22 998
1504535400 22 998 22 998
1504533600 22 998 22 998
1504531800 22 998 22 998
1504530000 22 998 22 998
1504528200 22 998 22 998
1504526400 22 998 22 998
1504524600 22 998 22 998
1504522800 22 998 22 998
1504521000 22 998 22 998
1504519200 22 998 22 998
1504517400 22 998 22 998
1504515600 22 998 22 998
1504513800 22 998 22 998
1504512000 22 998 22 998
1504510200 22 998 22 998
1504508400 22 998 22 998
1504506600 22 998 22 998
1504504800 22 998 22 998
1504503000 22 998 22 998
1504501200 22 998 22 998
1504499400 22 998 22 998
1504497600 22 998 22 998
1504495800 22 998 22 998
1504494000 22 998 22 998
1504492200 22 998 22 998
1504490400 22 998 22 998
1504488600 22 998 22 998
1504486800 22 998 22 998
1504485000 22 998 22 998
1504483200 22 998 22 998
1504481400 22 998 22 998
1504479600 22 998 22 998
1504477800 22 998 22 998
1504476000 22 998 22 998
1504474200 22 998 22 998
1504472400 22 998 22 998
1504470600 22 998 22 998
1504468800 22 998 22 998
1504467000 22 998 22 998
1504465200 22 998 22 998
1504463400 22 998 22 998
1504461600 22 998 22 998
1504459800 22 998 22 998
1504458000 22 998 22 998
1504456200 22 998 22 998
1504454400 22 998 22 998
1504452600 22 998 22 998
1504450800 22 998 22 998
1504449000 22 998 22 998
1504447200 22 998 22 998
1504445400 22 998 22 998
1504443600 22 998 22 998
1504441800 22 998 22 998
1504440000 22 998 22 998
1504438200 22 998 22 998
1504436400 22 998 22 998
1504434600 22 998 22 998
1504432800 22 998 22 998
1504431000 22 998 22 998
1504429200 22 998 22 998
1504427400 22 998 22 998
1504425600 22 998 22 998
1504423800 22 998 22 998
1504422000 22 998 22 998
1504420200 22 998 22 998
1504418400 22 998 22 998
1504416600 22 998 22 998
1504414800 22 998 22 998
1504413000 22 998 22 998
1504411200 22 998 22 998
1504409400 22 998 22 998
1504407600 22 998 22 998
1504405800 22 998 22 998
1504404000 22 998 22 998
1504402200 22 998 22 998
1504400400 22 998 22 998
1504398600 22 998 22 998
1504396800 22 998 22 998
1504395000 22 998 22 998
1504393200 22 998 22 998
1504391400 22 998 22 998
1504389600 22 998 22 998
1504387800 22 998 22 998
1504386000 22 998 22 998
1504384200 22 998 22 998
1504382400 22 998 22 998
1504380600 22 998 22 998
1504378800 22 998 22 998
1504377000 22 998 22 998
1504375200 22 998 22 998
1504373400 22 998 22 998
1504371600 22 998 22 998
1504369800 22 998 22 998
1504368000 22 998 22 998
1504366200 22 998 22 998
1504364400 22 998 22 998
1504362600 22 998 22 998
1504360800 22 998 22 998
1504359000 22 998 22 998
1504357200 22 998 22 998
1504355400 22 998 22 998
1504353600 22 998 22 998
1504351800 22 998 22 998
1504350000 22 998 22 998
1504348200 22 998 22 998
1504346400 22 998 22 998
1504344600 22 998 22 998
1504342800 22 998 22 998
1504341000 22 998 22 998
1504339200 22 998 22 998
1504337400 22 998 22 998
1504335600 22 998 22 998
1504333800 22 998 22 998
1504332000 22 998 22 998
1504330200 22 998 22 998
1504328400 22 998 22 998
1504326600 22 998 22 998
1504324800 22 998 22 998
1504323000 22 998 22 998
1504321200 22 998 22 998
1504319400 22 998 22 998
1504317600 22 998 22 998
1504315800 22 998 22 998
1504314000 22 998 22 998
1504312200 22 998 22 998
1504310400 22 998 22 998
1504308600 22 998 22 998
1504306800 22 998 22 998
1504305000 22 998 22 998
1504303200 22 998 22 998
1504301400 22 998 22 998
1504299600 22 998 22 998
1504297800 22 1084 22 1247
1504296000 22 1209 22 1525
1504294200 22 1046 22 1242
1504292400 22 1162 22 1239
1504290600 22 1312 22 1451
1504288800 22 1056 23 1317
1504287000 22 1212 22 1362
1504285200 22 1212 22 1371
1504283400 22 1114 22 1319
1504281600 22 1185 22 1292
1504279800 22 1260 23 1465
1504278000 22 1192 23 1300
1504276200 22 1276 22 1633
1504274400 22 1306 22 1658
1504272600 22 1444 22 1658
1504270800 22 823 23 1168
1504269000 22 618 23 997
1504267200 22 522 23 842
1504265400 22 430 23 482
1504263600 22 447 22 545
1504261800 22 425 22 517
1504260000 22 419 23 482
1504258200 22 425 23 443
1504256400 22 414 23 495
1504254600 22 414 22 464
1504252800 22 390 22 431
1504251000 22 420 23 462
1504249200 22 413 23 505
1504247400 22 415 22 446
1504245600 22 414 22 445
1504243800 22 432 22 451
1504242000 22 411 22 457
1504240200 22 442 23 503
1504238400 22 419 22 463
1504236600 22 421 22 461
1504234800 22 416 23 459
1504233000 22 420 23 439
1504231200 22 430 23 513
1504229400 22 414 23 461
1504227600 22 422 23 479
1504225800 22 437 24 473
1504224000 22 433 23 474
1504222200 22 421 22 499
1504220400 22 417 22 443
1504218600 22 435 23 521
1504216800 22 496 23 740
1504215000 22 672 22 875
1504213200 22 1128 23 1428
1504211400 22 1235 22 1535
1504209600 22 1343 23 1821
1504207800 22 1355 22 1783
1504206000 22 1348 22 1595
1504204200 22 1425 23 1669
1504202400 22 1298 22 1608
1504200600 22 1309 23 1535
1504198800 22 1380 22 1497
1504197000 22 1396 23 1587
1504195200 22 1469 23 1759
1504193400 22 1357 23 1638
1504191600 22 1416 23 1550
1504189800 22 1220 22 1507
1504188000 22 1406 22 2204
1504186200 22 1529 22 2204
1504184400 22 1122 23 1278
1504182600 26 1081 42 1610
1504180800 31 823 34 881
1504179000 31 823 33 888
1504177200 31 828 34 979
1504175400 31 805 34 909
1504173600 30 816 33 874
1504171800 31 804 34 860
1504170000 31 799 34 881
1504168200 31 810 34 857
1504166400 31 796 34 834
1504164600 30 808 35 860
1504162800 32 814 35 853
1504161000 31 800 33 869
1504159200 31 805 35 850
1504157400 33 795 46 1287
1504155600 33 555 42 614
1504153800 34 573 42 610
1504152000 33 571 41 621
1504150200 34 585 42 657
1504148400 33 589 42 664
1504146600 31 580 43 669
1504144800 34 596 43 684
1504143000 33 604 42 661
1504141200 34 596 42 614
1504139400 29 598 41 686
1504137600 27 589 29 633
1504135800 27 584 29 650
1504134000 27 585 29 659
1504132200 27 604 29 664
1504130400 27 626 29 696
1504128600 27 1091 29 1852
1504126800 27 1051 29 1367
1504125000 27 1362 29 1899
1504123200 27 1550 29 1947
1504121400 27 1470 29 1956
1504119600 27 1458 29 1765
1504117800 27 1376 29 1707
1504116000 27 1260 29 1694
1504114200 27 1303 29 1694
1504112400 27 1200 29 1602
1504110600 27 1447 29 1993
1504108800 26 1385 29 1993
1504107000 27 1278 29 1396
1504105200 27 1488 29 1804
1504103400 27 1530 29 1804
1504101600 27 1330 29 1764
1504099800 27 1514 29 1764
1504098000 27 1332 29 2056
1504096200 27 977 29 1414
1504094400 27 675 29 849
1504092600 27 595 29 635
1504090800 27 604 29 681
1504089000 27 633 29 729
1504087200 27 579 29 706
1504085400 27 598 29 706
1504083600 27 584 29 619
1504081800 27 594 29 654
1504080000 27 580 29 640
1504078200 27 595 29 640
1504076400 27 580 29 644
1504074600 27 584 29 644
1504072800 27 576 29 616
1504071000 27 583 29 622
1504069200 27 575 29 600
1504067400 27 585 29 616
1504065600 27 577 29 613
1504063800 27 576 29 620
1504062000 27 592 29 642
1504060200 27 606 29 722
1504058400 27 625 29 749
1504056600 27 597 29 680
1504054800 27 584 29 662
1504053000 27 590 29 679
1504051200 27 587 29 679
1504049400 27 591 29 640
1504047600 27 578 29 605
1504045800 27 592 29 619
1504044000 27 746 29 1154
1504042200 27 804 29 923
1504040400 27 1189 29 1536
1504038600 27 1405 29 1556
1504036800 27 1533 29 2000
1504035000 27 1802 29 2245
1504033200 27 1550 29 1778
1504031400 27 1394 29 1534
1504029600 27 1487 29 2044
1504027800 27 1643 29 1922
1504026000 27 1334 29 1489
1504024200 27 1459 29 1629
1504022400 27 1389 29 1594
1504020600 27 1476 29 1722
1504018800 27 1527 29 1861
1504017000 27 1461 29 1777
1504015200 27 1731 29 2222
1504013400 27 1722 29 1789
1504011600 27 1161 29 1323
1504009800 27 926 29 1230
1504008000 27 768 29 1289
1504006200 27 615 29 800
1504004400 27 530 29 564
1504002600 27 545 29 580
1504000800 27 558 29 615
1503999000 27 544 29 584
1503997200 27 553 29 583
1503995400 27 547 28 601
1503993600 27 546 28 571
1503991800 27 554 28 591
1503990000 27 534 28 573
1503988200 27 550 29 572
1503986400 27 547 28 587
1503984600 27 531 29 603
1503982800 27 530 29 575
1503981000 27 542 29 679
1503979200 27 534 28 571
1503977400 27 517 29 558
1503975600 27 541 29 590
1503973800 27 555 28 600
1503972000 27 557 29 602
1503970200 27 567 29 615
1503968400 27 555 29 600
1503966600 27 558 28 614
1503964800 27 572 29 617
1503963000 27 555 29 591
1503961200 27 563 29 591
1503959400 27 740 29 1336
1503957600 27 787 29 1083
1503955800 27 895 28 1083
1503954000 27 1096 28 1428
1503952200 27 1362 29 1475
1503950400 27 1554 28 1721
1503948600 27 1278 29 1538
1503946800 27 1426 28 1620
1503945000 27 1310 29 1536
1503943200 27 1379 29 1546
1503941400 27 1207 29 1334
1503939600 27 1378 29 1562
1503937800 27 1362 29 1726
1503936000 27 1350 29 1671
1503934200 27 1115 28 1271
1503932400 27 1249 29 1457
1503930600 27 1556 29 1966
1503928800 27 1804 29 2825
1503927000 27 1368 28 1704
1503925200 28 987 29 1438
1503923400 27 790 29 1207
1503921600 27 526 29 712
1503919800 27 435 29 463
1503918000 27 465 29 531
1503916200 27 415 29 452
1503914400 27 413 29 449
1503912600 27 421 29 457
1503910800 28 413 29 448
1503909000 27 413 29 454
1503907200 27 412 29 449
1503905400 27 418 29 457
1503903600 27 414 29 442
1503901800 27 422 29 461
1503900000 27 413 29 461
1503898200 27 418 29 457
1503896400 27 418 29 452
1503894600 27 414 29 474
1503892800 27 464 29 483
1503891000 27 460 29 487
1503889200 27 463 29 506
1503887400 27 456 29 496
1503885600 27 461 29 483
1503883800 27 461 29 489
1503882000 27 464 29 506
1503880200 27 456 29 509
1503878400 27 459 29 502
1503876600 27 470 29 502
1503874800 27 461 29 526
1503873000 27 465 29 503
1503871200 27 457 29 505
1503869400 27 466 29 523
1503867600 27 467 29 515
1503865800 27 471 29 487
1503864000 27 458 29 490
1503862200 27 465 29 513
1503860400 27 457 29 505
1503858600 27 414 29 444
1503856800 26 417 29 484
1503855000 27 418 29 488
1503853200 27 419 29 475
1503851400 27 412 29 461
1503849600 27 425 29 454
1503847800 27 419 29 459
1503846000 27 420 29 466
1503844200 27 415 28 458
1503842400 27 415 29 448
1503840600 27 434 29 469
1503838800 27 415 29 469
1503837000 27 422 29 472
1503835200 27 411 29 456
1503833400 27 423 29 448
1503831600 27 417 29 445
1503829800 27 416 29 465
1503828000 27 418 29 464
1503826200 27 423 29 455
1503824400 27 426 29 439
1503822600 27 420 29 471
1503820800 27 414 29 452
1503819000 27 419 29 454
1503817200 27 419 29 454
1503815400 27 421 29 448
1503813600 27 421 29 450
1503811800 27 418 29 462
1503810000 27 415 29 461
1503808200 27 415 29 439
1503806400 27 411 29 442
1503804600 27 423 29 458
1503802800 27 413 29 444
1503801000 27 413 29 447
1503799200 27 412 29 466
1503797400 27 429 29 443
1503795600 27 415 29 469
1503793800 27 415 29 449
1503792000 27 413 29 472
1503790200 27 425 29 472
1503788400 27 422 29 456
1503786600 27 420 29 454
1503784800 27 412 29 432
1503783000 27 423 29 453
1503781200 27 415 29 441
1503779400 27 417 29 459
1503777600 27 413 29 445
1503775800 27 424 29 463
1503774000 27 418 29 450
1503772200 27 423 29 447
1503770400 27 417 29 450
1503768600 27 422 29 450
1503766800 27 415 29 438
1503765000 27 418 29 449
1503763200 27 417 29 449
1503761400 27 424 29 461
1503759600 27 417 29 438
1503757800 27 417 29 458
1503756000 27 412 29 439
1503754200 27 423 29 442
1503752400 27 419 29 457
1503750600 27 416 29 466
1503748800 27 412 29 452
1503747000 27 421 29 491
1503745200 27 421 29 449
1503743400 27 415 29 433
1503741600 27 416 29 448
1503739800 27 424 29 449
1503738000 27 415 29 444
1503736200 27 423 29 462
1503734400 27 415 29 444
1503732600 28 420 29 454
1503730800 27 415 29 446
1503729000 27 418 29 470
1503727200 27 415 29 457
1503725400 27 418 29 481
1503723600 27 416 29 463
1503721800 27 419 29 480
1503720000 27 469 29 489
1503718200 27 462 29 500
1503716400 27 463 29 510
1503714600 27 460 29 487
1503712800 27 462 29 519
1503711000 27 466 29 484
1503709200 27 470 29 515
1503707400 27 459 29 514
1503705600 27 460 29 505
1503703800 27 459 29 492
1503702000 27 427 29 462
1503700200 27 452 29 554
1503698400 27 517 29 573
1503696600 27 587 29 718
1503694800 27 694 29 844
1503693000 27 918 29 1213
1503691200 27 1192 29 1382
1503689400 27 1125 29 1348
1503687600 27 1091 29 1275
1503685800 27 1261 29 1452
1503684000 27 1093 29 1228
1503682200 27 1112 29 1239
1503680400 27 1131 29 1209
1503678600 27 1107 29 1395
1503676800 27 1333 29 1660
1503675000 27 1144 29 1544
1503673200 27 1214 29 1709
1503671400 27 1340 29 1598
1503669600 27 1512 29 2212
1503667800 27 1275 29 1678
1503666000 27 1099 29 1229
1503664200 27 943 29 1278
1503662400 27 691 29 969
1503660600 27 591 29 687
1503658800 27 560 29 600
1503657000 27 564 29 598
1503655200 27 565 29 616
1503653400 27 570 29 612
1503651600 27 560 29 596
1503649800 27 562 29 585
1503648000 27 558 29 617
1503646200 27 568 29 613
1503644400 27 566 29 636
1503642600 27 564 29 664
1503640800 27 565 29 662
1503639000 27 580 29 662
1503637200 27 560 29 579
1503635400 27 580 30 632
1503633600 27 554 29 622
1503631800 27 583 29 640
1503630000 27 561 29 595
1503628200 27 556 29 599
1503626400 27 557 29 594
1503624600 27 589 29 672
1503622800 26 536 29 651
1503621000 27 561 29 651
1503619200 27 535 29 584
1503617400 27 550 29 596
1503615600 27 550 29 630
1503613800 27 625 29 969
1503612000 27 677 29 1078
1503610200 27 970 29 1080
1503608400 27 883 29 1048
1503606600 27 1128 29 1270
1503604800 27 1224 29 1378
1503603000 27 1317 29 1541
1503601200 27 1228 29 1556
1503599400 27 1220 29 1561
1503597600 27 1309 29 1561
1503595800 27 1354 29 2109
1503594000 27 1199 29 1571
1503592200 27 1203 29 1498
1503590400 27 1300 29 1597
1503588600 27 1207 29 1459
1503586800 27 1294 29 1745
1503585000 27 1399 29 1745
1503583200 27 1281 29 1569
1503581400 27 1429 29 1947
1503579600 27 1085 29 1281
1503577800 27 916 29 1202
1503576000 27 679 29 1110
1503574200 27 592 29 728
1503572400 27 578 29 634
1503570600 27 600 29 644
1503568800 27 595 29 636
1503567000 27 597 29 654
1503565200 28 595 28 654
1503563400 27 589 28 629
1503561600 27 598 29 688
1503559800 28 584 29 688
1503558000 27 565 29 638
1503556200 27 579 29 638
1503554400 27 577 29 666
1503547200 27 601 29 674
1503540000 27 612 29 696
1503532800 26 599 29 673
1503525600 27 887 29 1264
1503518400 26 1343 29 2011
1503511200 27 1287 29 1605
1503504000 27 1244 29 1578
1503496800 27 1195 29 1981
1503489600 27 579 29 1139
1503482400 27 531 29 598
1503475200 27 577 29 619
1503468000 27 582 29 994
1503460800 27 556 29 781
1503453600 27 533 29 615
1503446400 27 585 29 739
1503439200 27 1074 29 1616
1503432000 27 1476 29 1795
1503424800 27 1575 29 2148
1503417600 27 1717 29 2342
1503410400 27 1392 29 1979
1503403200 27 663 29 1265
1503396000 27 589 29 835
1503388800 27 582 29 637
1503381600 52 466 59 630
1503374400 59 435 59 435
1503367200 59 435 59 435
1503360000 59 435 59 435
1503352800 59 435 59 435
1503345600 59 435 59 435
1503338400 59 435 59 435
1503331200 59 435 59 435
1503324000 59 435 59 435
1503316800 59 435 59 435
1503309600 59 435 59 435
1503302400 59 435 59 435
1503295200 59 435 59 435
1503288000 59 435 59 435
1503280800 59 435 59 435
1503273600 59 435 59 435
1503266400 59 435 59 435
1503259200 59 435 59 435
1503252000 59 435 59 435
1503244800 59 435 59 435
1503237600 59 435 59 435
1503230400 59 435 59 435
1503223200 59 435 59 435
1503216000 59 435 59 435
1503208800 59 435 59 435
1503201600 59 435 59 435
1503194400 59 435 59 435
1503187200 59 435 59 435
1503180000 59 435 59 435
1503172800 59 435 59 435
1503165600 59 435 59 435
1503158400 59 435 59 435
1503151200 59 435 59 435
1503144000 59 435 59 435
1503136800 59 435 59 435
1503129600 59 435 59 435
1503122400 59 435 59 435
1503115200 59 435 59 435
1503108000 59 435 59 435
1503100800 59 435 59 435
1503093600 59 435 59 435
1503086400 59 435 59 435
1503079200 59 435 59 435
1503072000 59 435 59 435
1503064800 59 435 59 435
1503057600 59 435 59 435
1503050400 59 435 59 435
1503043200 59 435 59 435
1503036000 59 435 59 435
1503028800 59 435 59 435
1503021600 59 435 59 435
1503014400 59 435 59 435
1503007200 59 435 59 435
1503000000 59 435 59 435
1502992800 59 435 59 435
1502985600 59 435 59 435
1502978400 59 435 59 435
1502971200 59 435 59 435
1502964000 59 435 59 435
1502956800 59 435 59 435
1502949600 59 435 59 435
1502942400 59 435 59 435
1502935200 59 435 59 435
1502928000 59 435 59 435
1502920800 59 435 59 435
1502913600 59 435 59 435
1502906400 59 435 59 435
1502899200 59 435 59 435
1502892000 59 435 59 435
1502884800 59 435 59 435
1502877600 59 435 59 435
1502870400 59 435 59 435
1502863200 59 435 59 435
1502856000 59 435 59 435
1502848800 59 435 59 435
1502841600 59 435 59 435
1502834400 59 435 59 435
1502827200 59 435 59 435
1502820000 59 435 59 435
1502812800 59 435 59 435
1502805600 59 435 59 435
1502798400 59 435 59 435
1502791200 59 435 59 435
1502784000 59 435 59 435
1502776800 59 435 59 435
1502769600 59 435 59 435
1502762400 59 435 59 435
1502755200 59 435 59 435
1502748000 59 435 59 435
1502740800 59 435 59 435
1502733600 59 435 59 435
1502726400 59 435 59 435
1502719200 59 435 59 435
1502712000 59 435 59 435
1502704800 59 435 59 435
1502697600 59 435 59 435
1502690400 59 435 59 435
1502683200 59 435 59 435
1502676000 59 435 59 435
1502668800 59 435 59 435
1502661600 59 435 59 435
1502654400 59 435 59 435
1502647200 59 435 59 435
1502640000 59 435 59 435
1502632800 59 435 59 435
1502625600 59 435 59 435
1502618400 59 435 59 435
1502611200 59 435 59 435
1502604000 59 435 59 435
1502596800 59 435 59 435
1502589600 59 435 59 435
1502582400 59 435 59 435
1502575200 59 435 59 435
1502568000 59 435 59 435
1502560800 59 435 59 435
1502553600 59 435 59 435
1502546400 59 435 59 435
1502539200 59 435 59 435
1502532000 59 435 59 435
1502524800 59 435 59 435
1502517600 59 435 59 435
1502510400 59 435 59 435
1502503200 59 435 59 435
1502496000 59 435 59 435
1502488800 59 435 59 435
1502481600 59 435 59 435
1502474400 59 435 59 435
1502467200 59 435 59 435
1502460000 59 435 59 435
1502452800 59 435 59 435
1502445600 59 435 59 435
1502438400 59 435 59 435
1502431200 59 435 59 435
1502424000 59 435 59 435
1502416800 59 435 59 435
1502409600 59 435 59 435
1502402400 59 435 59 435
1502395200 59 435 59 435
1502388000 59 435 59 435
1502380800 59 435 59 435
1502373600 59 435 59 435
1502366400 59 435 59 435
1502359200 59 435 59 435
1502352000 59 435 59 435
1502344800 59 435 59 435
1502337600 59 435 59 435
1502330400 59 435 59 435
1502323200 59 435 59 435
1502316000 59 435 59 435
1502308800 59 435 59 435
1502301600 59 435 59 435
1502294400 59 435 59 435
1502287200 59 435 59 435
1502280000 59 435 59 435
1502272800 59 435 59 435
1502265600 59 435 59 435
1502258400 59 435 59 435
1502251200 59 435 59 435
1502244000 59 435 59 435
1502236800 59 435 59 435
1502229600 59 435 59 435
1502222400 59 435 59 435
1502215200 59 435 59 435
1502208000 59 435 59 435
1502200800 59 435 59 435
1502193600 59 435 59 435
1502186400 59 435 59 435
1502179200 59 435 59 435
1502172000 59 435 59 435
1502164800 59 435 59 435
1502157600 59 435 59 435
1502150400 59 435 59 435
1502143200 59 435 59 435
1502136000 59 435 59 435
1502128800 59 435 59 435
1502121600 59 435 59 435
1502114400 59 435 59 435
1502107200 59 435 59 435
1502100000 59 435 59 435
1502092800 59 435 59 435
1502085600 59 435 59 435
1502078400 59 435 59 435
1502071200 59 435 59 435
1502064000 59 435 59 435
1502056800 59 435 59 435
1502049600 59 435 59 435
1502042400 59 435 59 435
1502035200 59 435 59 435
1502028000 59 435 59 435
1502020800 59 435 59 435
1502013600 59 435 59 435
1502006400 59 435 59 435
1501999200 59 435 59 435
1501992000 59 435 59 435
1501984800 59 435 59 435
1501977600 59 435 59 435
1501970400 59 435 59 435
1501963200 59 435 59 435
1501956000 59 435 59 435
1501948800 59 435 59 435
1501941600 59 435 59 435
1501934400 59 435 59 435
1501927200 59 435 59 435
1501920000 59 435 59 435
1501912800 59 435 59 435
1501905600 59 435 59 435
1501898400 59 435 59 435
1501891200 59 435 59 435
1501884000 59 435 59 435
1501876800 59 435 59 435
1501869600 59 435 59 435
1501862400 59 435 59 435
1501855200 59 435 59 435
1501848000 59 435 59 435
1501840800 59 435 59 435
1501833600 59 435 59 435
1501826400 59 435 59 435
1501819200 59 435 59 435
1501812000 59 435 59 435
1501804800 59 435 59 435
1501797600 59 435 59 435
1501790400 59 435 59 435
1501783200 59 435 59 435
1501776000 59 435 59 435
1501768800 59 435 59 435
1501761600 59 435 59 435
1501754400 59 435 59 435
1501747200 59 435 59 435
1501740000 59 435 59 435
1501732800 59 435 59 435
1501725600 59 435 59 435
1501718400 59 435 59 435
1501711200 59 435 59 435
1501704000 59 435 59 435
1501696800 59 435 59 435
1501689600 59 435 59 435
1501682400 59 435 59 435
1501675200 59 435 59 435
1501668000 59 435 59 435
1501660800 59 435 59 435
1501653600 59 435 59 435
1501646400 59 435 59 435
1501639200 59 435 59 435
1501632000 59 435 59 435
1501624800 59 435 59 435
1501617600 59 435 59 435
1501610400 59 435 59 435
1501603200 59 435 59 435
1501596000 59 435 59 435
1501588800 59 435 59 435
1501581600 59 435 59 435
1501574400 59 435 59 435
1501567200 59 435 59 435
1501560000 59 435 59 435
1501552800 59 435 59 435
1501545600 59 435 59 435
1501538400 59 435 59 435
1501531200 59 435 59 435
1501524000 59 435 59 435
1501516800 59 435 59 435
1501509600 59 435 59 435
1501502400 59 435 59 435
1501495200 59 435 59 435
1501488000 59 435 59 435
1501480800 59 435 59 435
1501473600 59 435 59 435
1501466400 59 435 59 435
1501459200 59 435 59 435
1501452000 59 435 59 435
1501444800 59 435 59 435
1501437600 59 435 59 435
1501430400 59 435 59 435
1501423200 59 435 59 435
1501416000 59 435 59 435
1501408800 59 435 59 435
1501401600 59 435 59 435
1501394400 59 435 59 435
1501387200 59 435 59 435
1501380000 59 435 59 435
1501372800 59 435 59 435
1501365600 59 435 59 435
1501358400 59 435 59 435
1501351200 59 435 59 435
1501344000 59 435 59 435
1501336800 59 435 59 435
1501329600 59 435 59 435
1501322400 59 435 59 435
1501315200 59 435 59 435
1501308000 59 435 59 435
1501300800 59 435 59 435
1501293600 59 435 59 435
1501286400 59 435 59 435
1501279200 59 435 59 435
1501272000 59 435 59 435
1501264800 59 435 59 435
1501257600 59 435 59 435
1501250400 59 435 59 435
1501243200 59 435 59 435
1501236000 59 435 59 435
1501228800 59 435 59 435
1501221600 59 435 59 435
1501214400 59 435 59 435
1501207200 59 435 59 435
1501200000 59 435 59 435
1501192800 59 435 59 435
1501185600 59 435 59 435
1501178400 59 435 59 435
1501171200 59 435 59 435
1501164000 59 435 59 435
1501156800 59 435 59 435
1501149600 59 435 59 435
1501142400 59 435 59 435
1501135200 59 435 59 435
1501128000 59 435 59 435
1501120800 59 435 59 435
1501113600 59 435 59 435
1501106400 59 435 59 435
1501099200 59 435 59 435
1501092000 59 435 59 435
1501084800 59 435 59 435
1501077600 59 435 59 435
1501070400 59 435 59 435
1501063200 59 435 59 435
1501056000 59 435 59 435
1501048800 59 435 59 435
1501041600 59 435 59 435
1501034400 59 435 59 435
1501027200 59 435 59 435
1501020000 59 435 59 435
1501012800 59 435 59 435
1501005600 59 435 59 435
1500998400 59 435 59 435
1500991200 59 435 59 435
1500984000 59 435 59 435
1500976800 59 435 59 435
1500969600 59 435 59 435
1500962400 59 435 59 435
1500955200 59 435 59 435
1500948000 59 435 59 435
1500940800 59 435 59 435
1500933600 59 435 59 435
1500926400 59 435 59 435
1500919200 59 435 59 435
1500912000 59 435 59 435
1500904800 59 435 59 435
1500897600 59 435 59 435
1500890400 59 435 59 435
1500883200 59 435 59 435
1500876000 59 435 59 435
1500868800 59 435 59 435
1500861600 59 435 59 435
1500854400 59 435 59 435
1500847200 59 435 59 435
1500840000 59 435 59 435
1500832800 59 435 59 435
1500825600 59 435 59 435
1500818400 59 435 59 435
1500811200 59 435 59 435
1500804000 59 435 59 435
1500796800 59 435 59 435
1500789600 59 435 59 435
1500782400 59 435 59 435
1500775200 59 435 59 435
1500768000 59 435 59 435
1500760800 59 435 59 435
1500753600 59 435 59 435
1500746400 59 435 59 435
1500739200 59 435 59 435
1500732000 59 435 59 435
1500724800 59 435 59 435
1500717600 65 468 114 637
1500710400 6723 1103 140813 10539
1500703200 73 483 180 731
1500696000 78 726 350 6508
1500688800 96 535 571 1387
1500681600 188 805 1427 3125
1500674400 547 2609 1488 13820
1500667200 687 4963 5459 69747
1500660000 550 2085 2668 4205
1500652800 1356 3222 17196 15572
1500645600 597 8521 4704 157502
1500638400 458 2157 1139 10453
1500631200 513 1970 1193 12435
1500624000 7074 1729 159495 5830
1500616800 506 1427 2279 2839
1500609600 465 1564 917 5630
1500602400 484 1541 1352 2989
1500595200 458 1573 1058 5508
1500588000 580 3957 1645 15204
1500580800 525 2647 2037 7102
1500573600 520 4115 1714 30040
1500566400 584 2780 1699 6879
1500559200 581 3391 1035 7897
1500552000 506 1736 1056 6054
1500544800 599 2149 1813 13440
1500537600 7270 2457 159891 14750
1500530400 1188 1798 1761 4703
1500523200 1343 2194 1760 6119
1500516000 1321 2064 1725 7987
1500508800 1187 2295 1862 8008
1500501600 1301 4130 2153 14589
1500494400 1457 3156 2825 9459
1500487200 1343 2578 1950 3286
1500480000 1541 3869 3496 23393
1500472800 465 1544 1589 3356
1500465600 28 729 28 729
1500458400 28 729 28 729
1500451200 28 729 28 729
1500444000 28 729 28 729
1500436800 28 729 28 729
1500429600 28 729 28 729
1500422400 28 729 28 729
1500415200 28 729 28 729
1500408000 28 729 28 729
1500400800 28 729 28 729
1500393600 28 729 28 729
1500386400 28 729 28 729
1500379200 28 729 28 729
1500372000 28 729 28 729
1500364800 28 729 28 729
1500357600 28 729 28 729
1500350400 28 729 28 729
1500343200 28 729 28 729
1500336000 28 729 28 729
1500328800 28 729 28 729
1500321600 28 729 28 729
1500314400 28 729 28 729
1500307200 28 729 28 729
1500300000 28 729 28 729
1500292800 28 729 28 729
1500285600 28 729 28 729
1500278400 28 729 28 729
1500271200 28 729 28 729
1500264000 28 729 28 729
1500256800 28 729 28 729
1500249600 28 729 28 729
1500242400 28 729 28 729
1500235200 28 729 28 729
1500228000 28 729 28 729
1500220800 28 729 28 729
1500213600 28 729 28 729
1500206400 28 729 28 729
1500199200 28 729 28 729
1500192000 28 729 28 729
1500184800 28 729 28 729
1500177600 28 729 28 729
1500170400 28 729 28 729
1500163200 28 729 28 729
1500156000 28 729 28 729
1500148800 28 729 28 729
1500141600 28 729 28 729
1500134400 28 729 28 729
1500127200 28 729 28 729
1500120000 28 729 28 729
1500112800 28 729 28 729
1500105600 28 729 28 729
1500098400 28 729 28 729
1500091200 28 729 28 729
1500084000 28 729 28 729
1500076800 28 729 28 729
1500069600 28 729 28 729
1500062400 28 729 28 729
1500055200 28 729 28 729
1500048000 28 729 28 729
1500040800 28 729 28 729
1500033600 28 729 28 729
1500026400 28 729 28 729
1500019200 28 729 28 729
1500012000 28 729 28 729
1500004800 28 729 28 729
1499997600 28 729 28 729
1499990400 28 729 28 729
1499983200 28 729 28 729
1499976000 28 729 28 729
1499968800 28 729 28 729
1499961600 28 729 28 729
1499954400 28 729 28 729
1499947200 28 729 28 729
1499940000 28 729 28 729
1499932800 28 729 28 729
1499925600 28 729 28 729
1499918400 28 729 28 729
1499911200 28 729 28 729
1499904000 28 729 28 729
1499896800 28 729 28 729
1499889600 28 729 28 729
1499882400 28 729 28 729
1499875200 28 729 28 729
1499868000 28 729 28 729
1499860800 28 729 28 729
1499853600 28 729 28 729
1499846400 28 729 28 729
1499839200 28 729 28 729
1499832000 28 729 28 729
1499824800 28 729 28 729
1499817600 28 729 28 729
1499810400 28 729 28 729
1499803200 28 729 28 729
1499796000 28 729 28 729
1499788800 28 729 28 729
1499781600 28 729 28 729
1499774400 28 729 28 729
1499767200 28 729 28 729
1499760000 28 729 28 729
1499752800 28 729 28 729
1499745600 28 729 28 729
1499738400 28 729 28 729
1499731200 28 729 28 729
1499724000 28 729 28 729
1499716800 28 729 28 729
1499709600 28 729 28 729
1499702400 28 729 28 729
1499695200 28 729 28 729
1499688000 28 729 28 729
1499680800 28 729 28 729
1499673600 28 729 28 729
1499666400 28 729 28 729
1499659200 28 729 28 729
1499652000 28 729 28 729
1499644800 28 729 28 729
1499637600 28 729 28 729
1499630400 28 729 28 729
1499623200 28 729 28 729
1499616000 28 729 28 729
1499608800 28 729 28 729
1499601600 28 729 28 729
1499594400 28 729 28 729
1499587200 28 729 28 729
1499580000 28 729 28 729
1499572800 28 729 28 729
1499565600 28 729 28 729
1499558400 28 729 28 729
1499551200 28 729 28 729
1499544000 28 729 28 729
1499536800 28 729 28 729
1499529600 28 729 28 729
1499522400 28 729 28 729
1499515200 28 729 28 729
1499508000 28 729 28 729
1499500800 28 729 28 729
1499493600 28 729 28 729
1499486400 28 729 28 729
1499479200 28 729 28 729
1499472000 28 729 28 729
1499464800 28 729 28 729
1499457600 28 729 28 729
1499450400 28 729 28 729
1499443200 28 729 28 729
1499436000 28 729 28 729
1499428800 28 729 28 729
1499421600 28 729 28 729
1499414400 28 729 28 729
1499407200 28 729 28 729
1499400000 28 729 28 729
1499392800 28 729 28 729
1499385600 28 729 28 729
1499378400 28 729 28 729
1499371200 28 729 28 729
1499364000 28 729 28 729
1499356800 28 729 28 729
1499349600 28 729 28 729
1499342400 28 729 28 729
1499335200 28 729 28 729
1499328000 28 729 28 729
1499320800 28 729 28 729
1499313600 28 729 28 729
1499306400 28 729 28 729
1499299200 28 729 28 729
1499292000 28 729 28 729
1499284800 28 729 28 729
1499277600 28 729 28 729
1499270400 28 729 28 729
1499263200 28 729 28 729
1499256000 28 729 28 729
1499248800 28 729 28 729
1499241600 28 729 28 729
1499234400 28 729 28 729
1499212800 28 729 28 729
1499126400 28 729 28 729
1499040000 28 729 28 729
1498953600 28 729 28 729
1498867200 28 729 28 729
1498780800 28 729 28 729
1498694400 28 729 28 729
1498608000 28 729 28 729
1498521600 28 729 28 729
1498435200 28 729 28 729
1498348800 28 729 28 729
1498262400 28 729 28 729
1498176000 28 729 28 729
1498089600 27 721 29 796
1498003200 27 1027 29 4088
1497916800 27 927 29 2326
1497830400 27 590 29 876
1497744000 27 600 29 796
1497657600 1710 7204 25237 163829
1497571200 2517 11790 155511 437667
1497484800 1959 13433 56711 395661
1497398400 3098 11013 29171 89402
1497312000 2737 12034 56882 229052
1497225600 1830 2661 156327 41713
1497139200 2500 2757 156707 26385
1497052800 2414 3877 155530 109105
1496966400 1301 6997 18570 375755
1496880000 26 997 29 2341
1496793600 2593 15416 156242 836132
1496707200 3503 12945 156649 214988
1496620800 1835 2435 156057 26291
1496534400 2625 2574 156532 26090
1496448000 3062 6926 159100 190667
1496361600 1921 6999 162441 165176
1496275200 2558 6255 155752 187214
1496188800 2593 5902 155083 84726
1496102400 1835 6534 154248 340801
1496016000 1847 5539 155190 776778
1495929600 2399 2281 77809 10564
1495843200 2328 5085 155767 121930
1495756800 1586 4654 160366 137839
1495670400 1785 4140 155287 63226
1495584000 1133 2086 1133 2086
1495497600 1133 2086 1133 2086
1495411200 1133 2086 1133 2086
1495324800 1133 2086 1133 2086
1495238400 1133 2086 1133 2086
1495152000 4218 58889 138510 854550
1495065600 27 1210 35 3541
1494979200 556 2322 10042 130692
1494892800 397 1632 397 1632
1494806400 397 1632 397 1632
1494720000 980 1690 154119 11524
1494633600 3254 14960 186501 1717364
1494547200 2828 7132 180419 213261
1494460800 27 515 27 515
1494374400 27 515 27 515
1494288000 27 515 27 515
1494201600 27 515 27 515
1494115200 27 515 27 515
1494028800 27 515 27 515
1493942400 27 515 27 515
1493856000 27 515 27 515
1493769600 27 515 27 515
1493683200 27 515 27 515
1493596800 27 515 27 515
1493510400 27 515 27 515
1493424000 27 515 27 515
1493337600 27 515 27 515
1493251200 27 515 27 515
1493164800 27 515 27 515
1493078400 27 515 27 515
1492992000 27 515 27 515
1492905600 27 515 27 515
1492819200 27 515 27 515
1492732800 27 515 27 515
1492646400 27 515 27 515
1492560000 27 515 27 515
1492473600 27 515 27 515
1492387200 27 515 27 515
1492300800 27 515 27 515
1492214400 27 515 27 515
1492128000 27 515 27 515
1492041600 27 515 27 515
1491955200 27 515 27 515
1491868800 27 515 27 515
1491782400 27 515 27 515
1491696000 27 515 27 515
1491609600 27 515 27 515
1491523200 27 515 27 515
1491436800 27 515 27 515
1491350400 27 515 27 515
1491264000 27 515 27 515
1491177600 27 529 29 625
1491091200 27 553 34 1439
1491004800 1015 3737 29598 125561
1490918400 3300 8445 148897 231667
1490832000 1864 6109 35298 83552
1490745600 0 0 0 0
1490659200 0 0 0 0
1490572800 0 0 0 0
1490486400 0 0 0 0
1490400000 0 0 0 0
1490313600 0 0 0 0
1490227200 0 0 0 0
1490140800 0 0 0 0
1490054400 0 0 0 0
1489968000 0 0 0 0
1489881600 0 0 0 0
1489795200 0 0 0 0
1489708800 0 0 0 0
1489622400 0 0 0 0
1489536000 0 0 0 0
1489449600 0 0 0 0
1489363200 0 0 0 0
1489276800 0 0 0 0
1489190400 0 0 0 0
1489104000 0 0 0 0
1489017600 0 0 0 0
1488931200 0 0 0 0
1488844800 0 0 0 0
1488758400 0 0 0 0
1488672000 0 0 0 0
1488585600 0 0 0 0
1488499200 0 0 0 0
1488412800 0 0 0 0
1488326400 0 0 0 0
1488240000 0 0 0 0
1488153600 0 0 0 0
1488067200 0 0 0 0
1487980800 0 0 0 0
1487894400 0 0 0 0
1487808000 0 0 0 0
1487721600 0 0 0 0
1487635200 0 0 0 0
1487548800 0 0 0 0
1487462400 0 0 0 0
1487376000 0 0 0 0
1487289600 0 0 0 0
1487203200 0 0 0 0
1487116800 0 0 0 0
1487030400 0 0 0 0
1486944000 0 0 0 0
1486857600 0 0 0 0
1486771200 0 0 0 0
1486684800 0 0 0 0
1486598400 0 0 0 0
1486512000 0 0 0 0
1486425600 0 0 0 0
1486339200 0 0 0 0
1486252800 0 0 0 0
1486166400 0 0 0 0
1486080000 0 0 0 0
1485993600 0 0 0 0
1485907200 0 0 0 0
1485820800 0 0 0 0
1485734400 0 0 0 0
1485648000 0 0 0 0
1485561600 0 0 0 0
1485475200 0 0 0 0
1485388800 0 0 0 0
1485302400 0 0 0 0
1485216000 0 0 0 0
1485129600 0 0 0 0
1485043200 0 0 0 0
1484956800 0 0 0 0
1484870400 0 0 0 0
1484784000 0 0 0 0
1484697600 0 0 0 0
1484611200 0 0 0 0
1484524800 0 0 0 0
1484438400 0 0 0 0
1484352000 0 0 0 0
1484265600 0 0 0 0
1484179200 0 0 0 0
1484092800 0 0 0 0
1484006400 0 0 0 0
1483920000 0 0 0 0
1483833600 0 0 0 0
1483747200 0 0 0 0
1483660800 0 0 0 0
1483574400 0 0 0 0
1483488000 0 0 0 0
1483401600 0 0 0 0
1483315200 0 0 0 0
1483228800 0 0 0 0
1483142400 0 0 0 0
1483056000 0 0 0 0
1482969600 0 0 0 0
1482883200 0 0 0 0
1482796800 0 0 0 0
1482710400 0 0 0 0
1482624000 0 0 0 0
1482537600 0 0 0 0
1482451200 0 0 0 0
1482364800 0 0 0 0
1482278400 0 0 0 0
1482192000 0 0 0 0
1482105600 0 0 0 0
1482019200 0 0 0 0
1481932800 0 0 0 0
1481846400 0 0 0 0
1481760000 0 0 0 0
1481673600 0 0 0 0
1481587200 0 0 0 0
1481500800 0 0 0 0
1481414400 0 0 0 0
1481328000 0 0 0 0
1481241600 0 0 0 0
1481155200 0 0 0 0
1481068800 0 0 0 0
1480982400 0 0 0 0
1480896000 0 0 0 0
1480809600 0 0 0 0
1480723200 0 0 0 0
1480636800 0 0 0 0
1480550400 0 0 0 0
1480464000 0 0 0 0
1480377600 0 0 0 0
1480291200 0 0 0 0
1480204800 0 0 0 0
1480118400 0 0 0 0
1480032000 0 0 0 0
1479945600 0 0 0 0
1479859200 0 0 0 0
1479772800 0 0 0 0
1479686400 0 0 0 0
1479600000 0 0 0 0
1479513600 0 0 0 0
1479427200 0 0 0 0
1479340800 0 0 0 0
1479254400 0 0 0 0
1479168000 0 0 0 0
1479081600 0 0 0 0
1478995200 0 0 0 0
1478908800 0 0 0 0
1478822400 0 0 0 0
1478736000 0 0 0 0
1478649600 0 0 0 0
1478563200 0 0 0 0
1478476800 0 0 0 0
1478390400 0 0 0 0
1478304000 0 0 0 0
1478217600 0 0 0 0
1478131200 0 0 0 0
1478044800 0 0 0 0
1477958400 0 0 0 0
1477872000 0 0 0 0
1477785600 0 0 0 0
1477699200 0 0 0 0
1477612800 0 0 0 0
1477526400 0 0 0 0
1477440000 0 0 0 0
1477353600 0 0 0 0
1477267200 0 0 0 0
1477180800 0 0 0 0
1477094400 0 0 0 0
1477008000 0 0 0 0
1476921600 0 0 0 0
1476835200 0 0 0 0
1476748800 0 0 0 0
1476662400 0 0 0 0
1476576000 0 0 0 0
1476489600 0 0 0 0
1476403200 0 0 0 0
1476316800 0 0 0 0
1476230400 0 0 0 0
1476144000 0 0 0 0
1476057600 0 0 0 0
1475971200 0 0 0 0
1475884800 0 0 0 0
1475798400 0 0 0 0
1475712000 0 0 0 0
1475625600 0 0 0 0
1475539200 0 0 0 0
1475452800 0 0 0 0
1475366400 0 0 0 0
1475280000 0 0 0 0
1475193600 0 0 0 0
1475107200 0 0 0 0
1475020800 0 0 0 0
1474934400 0 0 0 0
1474848000 0 0 0 0
1474761600 0 0 0 0
1474675200 0 0 0 0
1474588800 0 0 0 0
1474502400 0 0 0 0
1474416000 0 0 0 0
1474329600 0 0 0 0
1474243200 0 0 0 0
1474156800 0 0 0 0
1474070400 0 0 0 0
1473984000 0 0 0 0
1473897600 0 0 0 0
1473811200 0 0 0 0
1473724800 0 0 0 0
1473638400 0 0 0 0
1473552000 0 0 0 0
1473465600 0 0 0 0
1473379200 0 0 0 0
1473292800 0 0 0 0
1473206400 0 0 0 0
1473120000 0 0 0 0
1473033600 0 0 0 0
1472947200 0 0 0 0
1472860800 0 0 0 0
1472774400 0 0 0 0
1472688000 0 0 0 0
1472601600 0 0 0 0
1472515200 0 0 0 0
1472428800 0 0 0 0
1472342400 0 0 0 0
1472256000 0 0 0 0
1472169600 0 0 0 0
1472083200 0 0 0 0
1471996800 0 0 0 0
1471910400 0 0 0 0
1471824000 0 0 0 0
1471737600 0 0 0 0
1471651200 0 0 0 0
1471564800 0 0 0 0
1471478400 0 0 0 0
1471392000 0 0 0 0
1471305600 0 0 0 0
1471219200 0 0 0 0
1471132800 0 0 0 0
1471046400 0 0 0 0
1470960000 0 0 0 0
1470873600 0 0 0 0
1470787200 0 0 0 0
1470700800 0 0 0 0
1470614400 0 0 0 0
1470528000 0 0 0 0
1470441600 0 0 0 0
1470355200 0 0 0 0
1470268800 0 0 0 0
1470182400 0 0 0 0
1470096000 0 0 0 0
1470009600 0 0 0 0
1469923200 0 0 0 0
1469836800 0 0 0 0
1469750400 0 0 0 0
1469664000 0 0 0 0
1469577600 0 0 0 0
1469491200 0 0 0 0
1469404800 0 0 0 0
1469318400 0 0 0 0
1469232000 0 0 0 0
1469145600 0 0 0 0
1469059200 0 0 0 0
1468972800 0 0 0 0
1468886400 0 0 0 0
1468800000 0 0 0 0
1468713600 0 0 0 0
1468627200 0 0 0 0
1468540800 0 0 0 0
1468454400 0 0 0 0
1468368000 0 0 0 0
1468281600 0 0 0 0
1468195200 0 0 0 0
1468108800 0 0 0 0
1468022400 0 0 0 0
1467936000 0 0 0 0
1467849600 0 0 0 0
1467763200 0 0 0 0
1467676800 0 0 0 0
1467590400 0 0 0 0
1467504000 0 0 0 0
1467417600 0 0 0 0
1467331200 0 0 0 0
1467244800 0 0 0 0
1467158400 0 0 0 0
1467072000 0 0 0 0
1466985600 0 0 0 0
1466899200 0 0 0 0
1466812800 0 0 0 0
1466726400 0 0 0 0
1466640000 0 0 0 0
1466553600 0 0 0 0
1466467200 0 0 0 0
1466380800 0 0 0 0
1466294400 0 0 0 0
1466208000 0 0 0 0
1466121600 0 0 0 0
1466035200 0 0 0 0
1465948800 0 0 0 0
1465862400 0 0 0 0
1465776000 0 0 0 0
1465689600 0 0 0 0
1465603200 0 0 0 0
1465516800 0 0 0 0
1465430400 0 0 0 0
1465344000 0 0 0 0
1465257600 0 0 0 0
1465171200 0 0 0 0
1465084800 0 0 0 0
1464998400 0 0 0 0
1464912000 0 0 0 0
1464825600 0 0 0 0
1464739200 0 0 0 0
1464652800 0 0 0 0
1464566400 0 0 0 0
1464480000 0 0 0 0
1464393600 0 0 0 0
1464307200 0 0 0 0
1464220800 0 0 0 0
1464134400 0 0 0 0
1464048000 0 0 0 0
1463961600 0 0 0 0
1463875200 0 0 0 0
1463788800 0 0 0 0
1463702400 0 0 0 0
1463616000 0 0 0 0
1463529600 0 0 0 0
1463443200 0 0 0 0
1463356800 0 0 0 0
1463270400 0 0 0 0
1463184000 0 0 0 0
1463097600 0 0 0 0
1463011200 0 0 0 0
1462924800 0 0 0 0
1462838400 0 0 0 0
1462752000 0 0 0 0
1462665600 0 0 0 0
1462579200 0 0 0 0
1462492800 0 0 0 0
1462406400 0 0 0 0
1462320000 0 0 0 0
1462233600 0 0 0 0
1462147200 0 0 0 0
1462060800 0 0 0 0
1461974400 0 0 0 0
1461888000 0 0 0 0
1461801600 0 0 0 0
1461715200 0 0 0 0
1461628800 0 0 0 0
1461542400 0 0 0 0
1461456000 0 0 0 0
1461369600 0 0 0 0
1461283200 0 0 0 0
1461196800 0 0 0 0
1461110400 0 0 0 0
1461024000 0 0 0 0
1460937600 0 0 0 0
1460851200 0 0 0 0
1460764800 0 0 0 0
1460678400 0 0 0 0
1460592000 0 0 0 0
1460505600 0 0 0 0
1460419200 0 0 0 0
1460332800 0 0 0 0
1460246400 0 0 0 0
1460160000 0 0 0 0
1460073600 0 0 0 0
1459987200 0 0 0 0
1459900800 0 0 0 0
1459814400 0 0 0 0
1459728000 0 0 0 0
1459641600 0 0 0 0
1459555200 0 0 0 0
1459468800 0 0 0 0
1459382400 0 0 0 0
1459296000 0 0 0 0
1459209600 0 0 0 0
1459123200 0 0 0 0
1459036800 0 0 0 0
1458950400 0 0 0 0
1458864000 0 0 0 0
1458777600 0 0 0 0
1458691200 0 0 0 0
1458604800 0 0 0 0
1458518400 0 0 0 0
1458432000 0 0 0 0
1458345600 0 0 0 0
1458259200 0 0 0 0
1458172800 0 0 0 0
1458086400 0 0 0 0
1458000000 0 0 0 0
1457913600 0 0 0 0
1457827200 0 0 0 0
1457740800 0 0 0 0
1457654400 0 0 0 0
1457568000 0 0 0 0
1457481600 0 0 0 0
1457395200 0 0 0 0
1457308800 0 0 0 0
1457222400 0 0 0 0
1457136000 0 0 0 0
1457049600 0 0 0 0
1456963200 0 0 0 0
1456876800 0 0 0 0
1456790400 0 0 0 0
1456704000 0 0 0 0
1456617600 0 0 0 0
1456531200 0 0 0 0
1456444800 0 0 0 0
1456358400 0 0 0 0
1456272000 0 0 0 0
1456185600 0 0 0 0
1456099200 0 0 0 0
1456012800 0 0 0 0
1455926400 0 0 0 0
1455840000 0 0 0 0
1455753600 0 0 0 0
1455667200 0 0 0 0
1455580800 0 0 0 0
1455494400 0 0 0 0
1455408000 0 0 0 0
1455321600 0 0 0 0
1455235200 0 0 0 0
1455148800 0 0 0 0
1455062400 0 0 0 0
1454976000 0 0 0 0
1454889600 0 0 0 0
1454803200 0 0 0 0
1454716800 0 0 0 0
1454630400 0 0 0 0
1454544000 0 0 0 0
1454457600 0 0 0 0
1454371200 0 0 0 0
1454284800 0 0 0 0
1454198400 0 0 0 0
1454112000 0 0 0 0
1454025600 0 0 0 0
1453939200 0 0 0 0
1453852800 0 0 0 0
1453766400 0 0 0 0
1453680000 0 0 0 0
1453593600 0 0 0 0
1453507200 0 0 0 0
1453420800 0 0 0 0
1453334400 0 0 0 0
1453248000 0 0 0 0
1453161600 0 0 0 0
1453075200 0 0 0 0
1452988800 0 0 0 0
1452902400 0 0 0 0
1452816000 0 0 0 0
1452729600 0 0 0 0
1452643200 0 0 0 0
1452556800 0 0 0 0
1452470400 0 0 0 0
1452384000 0 0 0 0
1452297600 0 0 0 0
1452211200 0 0 0 0
1452124800 0 0 0 0
1452038400 0 0 0 0
1451952000 0 0 0 0
1451865600 0 0 0 0
1451779200 0 0 0 0
1451692800 0 0 0 0
1451606400 0 0 0 0
1451520000 0 0 0 0
1451433600 0 0 0 0
1451347200 0 0 0 0
1451260800 0 0 0 0
1451174400 0 0 0 0
1451088000 0 0 0 0
1451001600 0 0 0 0
1450915200 0 0 0 0
1450828800 0 0 0 0
1450742400 0 0 0 0
1450656000 0 0 0 0
1450569600 0 0 0 0
1450483200 0 0 0 0
1450396800 0 0 0 0
1450310400 0 0 0 0
1450224000 0 0 0 0
1450137600 0 0 0 0
1450051200 0 0 0 0
1449964800 0 0 0 0
1449878400 0 0 0 0
1449792000 0 0 0 0
1449705600 0 0 0 0
1449619200 0 0 0 0
1449532800 0 0 0 0
1449446400 0 0 0 0
1449360000 0 0 0 0
1449273600 0 0 0 0
1449187200 0 0 0 0
1449100800 0 0 0 0
1449014400 0 0 0 0
1448928000 0 0 0 0
1448841600 0 0 0 0
1448755200 0 0 0 0
1448668800 0 0 0 0
1448582400 0 0 0 0
1448496000 0 0 0 0
1448409600 0 0 0 0
1448323200 0 0 0 0
1448236800 0 0 0 0
1448150400 0 0 0 0
1448064000 0 0 0 0
1447977600 0 0 0 0
1447891200 0 0 0 0
1447804800 0 0 0 0
1447718400 0 0 0 0
1447632000 0 0 0 0
1447545600 0 0 0 0
1447459200 0 0 0 0
1447372800 0 0 0 0
1447286400 0 0 0 0
1447200000 0 0 0 0
1447113600 0 0 0 0
1447027200 0 0 0 0
1446940800 0 0 0 0
1446854400 0 0 0 0
1446768000 0 0 0 0
1446681600 0 0 0 0
1446595200 0 0 0 0
1446508800 0 0 0 0
1446422400 0 0 0 0
1446336000 0 0 0 0
1446249600 0 0 0 0
1446163200 0 0 0 0
1446076800 0 0 0 0
1445990400 0 0 0 0
1445904000 0 0 0 0
1445817600 0 0 0 0
1445731200 0 0 0 0
1445644800 0 0 0 0
1445558400 0 0 0 0
1445472000 0 0 0 0
1445385600 0 0 0 0
1445299200 0 0 0 0
1445212800 0 0 0 0
1445126400 0 0 0 0
1445040000 0 0 0 0
1444953600 0 0 0 0
1444867200 0 0 0 0
1444780800 0 0 0 0
1444694400 0 0 0 0
1444608000 0 0 0 0
1444521600 0 0 0 0
1444435200 0 0 0 0
1444348800 0 0 0 0
1444262400 0 0 0 0
1444176000 0 0 0 0
1444089600 0 0 0 0
1444003200 0 0 0 0
1443916800 0 0 0 0
1443830400 0 0 0 0
1443744000 0 0 0 0
1443657600 0 0 0 0
1443571200 0 0 0 0
1443484800 0 0 0 0
1443398400 0 0 0 0
1443312000 0 0 0 0
1443225600 0 0 0 0
1443139200 0 0 0 0
1443052800 0 0 0 0
1442966400 0 0 0 0
1442880000 0 0 0 0
1442793600 0 0 0 0
1442707200 0 0 0 0
1442620800 0 0 0 0
1442534400 0 0 0 0
1442448000 0 0 0 0
1442361600 0 0 0 0
1442275200 0 0 0 0
1442188800 0 0 0 0
1442102400 0 0 0 0
1442016000 0 0 0 0
1441929600 0 0 0 0
1441843200 0 0 0 0
1441756800 0 0 0 0
1441670400 0 0 0 0
1441584000 0 0 0 0
1441497600 0 0 0 0
1441411200 0 0 0 0
1441324800 0 0 0 0
1441238400 0 0 0 0
1441152000 0 0 0 0
1441065600 0 0 0 0
1440979200 0 0 0 0
1440892800 0 0 0 0
1440806400 0 0 0 0
1440720000 0 0 0 0
1440633600 0 0 0 0
1440547200 0 0 0 0
1440460800 0 0 0 0
1440374400 0 0 0 0
1440288000 0 0 0 0
1440201600 0 0 0 0
1440115200 0 0 0 0
1440028800 0 0 0 0
1439942400 0 0 0 0
1439856000 0 0 0 0
1439769600 0 0 0 0
1439683200 0 0 0 0
1439596800 0 0 0 0
1439510400 0 0 0 0
1439424000 0 0 0 0
1439337600 0 0 0 0
1439251200 0 0 0 0
1439164800 0 0 0 0
1439078400 0 0 0 0
1438992000 0 0 0 0
1438905600 0 0 0 0
1438819200 0 0 0 0
1438732800 0 0 0 0
1438646400 0 0 0 0
1438560000 0 0 0 0
1438473600 0 0 0 0
1438387200 0 0 0 0
1438300800 0 0 0 0
1438214400 0 0 0 0
1438128000 0 0 0 0
1438041600 0 0 0 0
1437955200 0 0 0 0
1437868800 0 0 0 0
1437782400 0 0 0 0
1437696000 0 0 0 0
1437609600 0 0 0 0
1437523200 0 0 0 0
1437436800 0 0 0 0
1437350400 0 0 0 0
1437264000 0 0 0 0
1437177600 0 0 0 0
1437091200 0 0 0 0
1437004800 0 0 0 0
1436918400 0 0 0 0
1436832000 0 0 0 0
1436745600 0 0 0 0
1436659200 0 0 0 0
1436572800 0 0 0 0
1436486400 0 0 0 0
1436400000 0 0 0 0
1436313600 0 0 0 0
1436227200 0 0 0 0
1436140800 0 0 0 0
1436054400 0 0 0 0
