1460685974 -1 -1
1460685974 0 0 0 0
1460602035 0 0 0 0
1460601900 0 0 0 0
1460601600 0 0 0 0
1460601300 0 0 0 0
1460601000 0 0 0 0
1460600700 0 0 0 0
1460600400 0 0 0 0
1460600100 0 0 0 0
1460599800 0 0 0 0
1460599500 0 0 0 0
1460599200 0 0 0 0
1460598900 0 0 0 0
1460598600 0 0 0 0
1460598300 0 0 0 0
1460598000 0 0 0 0
1460597700 0 0 0 0
1460597400 0 0 0 0
1460597100 0 0 0 0
1460596800 0 0 0 0
1460596500 0 0 0 0
1460596200 0 0 0 0
1460595900 0 0 0 0
1460595600 0 0 0 0
1460595300 0 0 0 0
1460595000 0 0 0 0
1460594700 0 0 0 0
1460594400 0 0 0 0
1460594100 0 0 0 0
1460593800 0 0 0 0
1460593500 0 0 0 0
1460593200 0 0 0 0
1460592900 0 0 0 0
1460592600 0 0 0 0
1460592300 0 0 0 0
1460592000 0 0 0 0
1460591700 0 0 0 0
1460591400 0 0 0 0
1460591100 0 0 0 0
1460590800 0 0 0 0
1460590500 0 0 0 0
1460590200 0 0 0 0
1460589900 0 0 0 0
1460589600 0 0 0 0
1460589300 0 0 0 0
1460589000 0 0 0 0
1460588700 0 0 0 0
1460588400 0 0 0 0
1460588100 0 0 0 0
1460587800 0 0 0 0
1460587500 0 0 0 0
1460587200 0 0 0 0
1460586900 0 0 0 0
1460586600 0 0 0 0
1460586300 0 0 0 0
1460586000 0 0 0 0
1460585700 0 0 0 0
1460585400 0 0 0 0
1460585100 0 0 0 0
1460584800 0 0 0 0
1460584500 0 0 0 0
1460584200 0 0 0 0
1460583900 0 0 0 0
1460583600 0 0 0 0
1460583300 0 0 0 0
1460583000 0 0 0 0
1460582700 0 0 0 0
1460582400 0 0 0 0
1460582100 0 0 0 0
1460581800 0 0 0 0
1460581500 0 0 0 0
1460581200 0 0 0 0
1460580900 0 0 0 0
1460580600 0 0 0 0
1460580300 0 0 0 0
1460580000 0 0 0 0
1460579700 0 0 0 0
1460579400 0 0 0 0
1460579100 0 0 0 0
1460578800 0 0 0 0
1460578500 0 0 0 0
1460578200 0 0 0 0
1460577900 0 0 0 0
1460577600 0 0 0 0
1460577300 0 0 0 0
1460577000 0 0 0 0
1460576700 0 0 0 0
1460576400 0 0 0 0
1460576100 0 0 0 0
1460575800 0 0 0 0
1460575500 0 0 0 0
1460575200 0 0 0 0
1460574900 0 0 0 0
1460574600 0 0 0 0
1460574300 0 0 0 0
1460574000 0 0 0 0
1460573700 0 0 0 0
1460573400 0 0 0 0
1460573100 0 0 0 0
1460572800 0 0 0 0
1460572500 0 0 0 0
1460572200 0 0 0 0
1460571900 0 0 0 0
1460571600 0 0 0 0
1460571300 0 0 0 0
1460571000 0 0 0 0
1460570700 0 0 0 0
1460570400 0 0 0 0
1460570100 0 0 0 0
1460569800 0 0 0 0
1460569500 0 0 0 0
1460569200 0 0 0 0
1460568900 0 0 0 0
1460568600 0 0 0 0
1460568300 0 0 0 0
1460568000 0 0 0 0
1460567700 0 0 0 0
1460567400 0 0 0 0
1460567100 0 0 0 0
1460566800 0 0 0 0
1460566500 0 0 0 0
1460566200 0 0 0 0
1460565900 0 0 0 0
1460565600 0 0 0 0
1460565300 0 0 0 0
1460565000 0 0 0 0
1460564700 0 0 0 0
1460564400 0 0 0 0
1460564100 0 0 0 0
1460563800 0 0 0 0
1460563500 0 0 0 0
1460563200 0 0 0 0
1460562900 0 0 0 0
1460562600 0 0 0 0
1460562300 0 0 0 0
1460562000 0 0 0 0
1460561700 0 0 0 0
1460561400 0 0 0 0
1460561100 0 0 0 0
1460560800 0 0 0 0
1460560500 0 0 0 0
1460560200 0 0 0 0
1460559900 0 0 0 0
1460559600 0 0 0 0
1460559300 0 0 0 0
1460559000 0 0 0 0
1460558700 0 0 0 0
1460558400 0 0 0 0
1460558100 0 0 0 0
1460557800 0 0 0 0
1460557500 0 0 0 0
1460557200 0 0 0 0
1460556900 0 0 0 0
1460556600 0 0 0 0
1460556300 0 0 0 0
1460556000 0 0 0 0
1460555700 0 0 0 0
1460555400 0 0 0 0
1460555100 0 0 0 0
1460554800 0 0 0 0
1460554500 0 0 0 0
1460554200 0 0 0 0
1460553900 0 0 0 0
1460553600 0 0 0 0
1460553300 0 0 0 0
1460553000 0 0 0 0
1460552700 0 0 0 0
1460552400 0 0 0 0
1460552100 0 0 0 0
1460551800 0 0 0 0
1460551500 0 0 0 0
1460551200 0 0 0 0
1460550900 0 0 0 0
1460550600 0 0 0 0
1460550300 0 0 0 0
1460550000 0 0 0 0
1460549700 0 0 0 0
1460549400 0 0 0 0
1460549100 0 0 0 0
1460548800 0 0 0 0
1460548500 0 0 0 0
1460548200 0 0 0 0
1460547900 0 0 0 0
1460547600 0 0 0 0
1460547300 0 0 0 0
1460547000 0 0 0 0
1460546700 0 0 0 0
1460546400 0 0 0 0
1460546100 0 0 0 0
1460545800 0 0 0 0
1460545500 0 0 0 0
1460545200 0 0 0 0
1460544900 0 0 0 0
1460544600 0 0 0 0
1460544300 0 0 0 0
1460544000 0 0 0 0
1460543700 0 0 0 0
1460543400 0 0 0 0
1460543100 0 0 0 0
1460542800 0 0 0 0
1460542500 0 0 0 0
1460542200 0 0 0 0
1460541900 0 0 0 0
1460541600 0 0 0 0
1460541300 0 0 0 0
1460541000 0 0 0 0
1460540700 0 0 0 0
1460540400 0 0 0 0
1460540100 0 0 0 0
1460539800 0 0 0 0
1460539500 0 0 0 0
1460539200 0 0 0 0
1460538900 0 0 0 0
1460538600 0 0 0 0
1460538300 0 0 0 0
1460538000 0 0 0 0
1460537700 0 0 0 0
1460537400 0 0 0 0
1460537100 0 0 0 0
1460536800 0 0 0 0
1460536500 0 0 0 0
1460536200 0 0 0 0
1460535900 0 0 0 0
1460535600 0 0 0 0
1460535300 0 0 0 0
1460535000 0 0 0 0
1460534700 0 0 0 0
1460534400 0 0 0 0
1460534100 0 0 0 0
1460533800 0 0 0 0
1460533500 0 0 0 0
1460533200 0 0 0 0
1460532900 0 0 0 0
1460532600 0 0 0 0
1460532300 0 0 0 0
1460532000 0 0 0 0
1460531700 0 0 0 0
1460531400 0 0 0 0
1460531100 0 0 0 0
1460530800 0 0 0 0
1460530500 0 0 0 0
1460530200 0 0 0 0
1460529900 0 0 0 0
1460529600 0 0 0 0
1460529300 0 0 0 0
1460529000 0 0 0 0
1460528700 0 0 0 0
1460528400 0 0 0 0
1460528100 0 0 0 0
1460527800 0 0 0 0
1460527500 0 0 0 0
1460527200 0 0 0 0
1460526900 0 0 0 0
1460526600 0 0 0 0
1460526300 0 0 0 0
1460526000 0 0 0 0
1460525700 0 0 0 0
1460525400 0 0 0 0
1460525100 0 0 0 0
1460524800 0 0 0 0
1460524500 0 0 0 0
1460524200 0 0 0 0
1460523900 0 0 0 0
1460523600 0 0 0 0
1460523300 0 0 0 0
1460523000 0 0 0 0
1460522700 0 0 0 0
1460522400 0 0 0 0
1460522100 0 0 0 0
1460521800 0 0 0 0
1460521500 0 0 0 0
1460521200 0 0 0 0
1460520900 0 0 0 0
1460520600 0 0 0 0
1460520300 0 0 0 0
1460520000 0 0 0 0
1460519700 0 0 0 0
1460519400 0 0 0 0
1460519100 0 0 0 0
1460518800 0 0 0 0
1460518500 0 0 0 0
1460518200 0 0 0 0
1460517900 0 0 0 0
1460517600 0 0 0 0
1460517300 0 0 0 0
1460517000 0 0 0 0
1460516700 0 0 0 0
1460516400 0 0 0 0
1460516100 0 0 0 0
1460515800 0 0 0 0
1460515500 0 0 0 0
1460515200 0 0 0 0
1460514900 0 0 0 0
1460514600 0 0 0 0
1460514300 0 0 0 0
1460514000 0 0 0 0
1460513700 0 0 0 0
1460513400 0 0 0 0
1460513100 0 0 0 0
1460512800 0 0 0 0
1460512500 0 0 0 0
1460512200 0 0 0 0
1460511900 0 0 0 0
1460511600 0 0 0 0
1460511300 0 0 0 0
1460511000 0 0 0 0
1460510700 0 0 0 0
1460510400 0 0 0 0
1460510100 0 0 0 0
1460509800 0 0 0 0
1460509500 0 0 0 0
1460509200 0 0 0 0
1460508900 0 0 0 0
1460508600 0 0 0 0
1460508300 0 0 0 0
1460508000 0 0 0 0
1460507700 0 0 0 0
1460507400 0 0 0 0
1460507100 0 0 0 0
1460506800 0 0 0 0
1460506500 0 0 0 0
1460506200 0 0 0 0
1460505900 0 0 0 0
1460505600 0 0 0 0
1460505300 0 0 0 0
1460505000 0 0 0 0
1460504700 0 0 0 0
1460504400 0 0 0 0
1460504100 0 0 0 0
1460503800 0 0 0 0
1460503500 0 0 0 0
1460503200 0 0 0 0
1460502900 0 0 0 0
1460502600 0 0 0 0
1460502300 0 0 0 0
1460502000 0 0 0 0
1460501700 0 0 0 0
1460501400 0 0 0 0
1460501100 0 0 0 0
1460500800 0 0 0 0
1460500500 0 0 0 0
1460500200 0 0 0 0
1460499900 0 0 0 0
1460499600 0 0 0 0
1460499300 0 0 0 0
1460499000 0 0 0 0
1460498700 0 0 0 0
1460498400 0 0 0 0
1460498100 0 0 0 0
1460497800 0 0 0 0
1460497500 0 0 0 0
1460497200 0 0 0 0
1460496900 0 0 0 0
1460496600 0 0 0 0
1460496300 0 0 0 0
1460496000 0 0 0 0
1460495700 0 0 0 0
1460495400 0 0 0 0
1460495100 0 0 0 0
1460494800 0 0 0 0
1460494500 0 0 0 0
1460494200 0 0 0 0
1460493900 0 0 0 0
1460493600 0 0 0 0
1460493300 0 0 0 0
1460493000 0 0 0 0
1460492700 0 0 0 0
1460492400 0 0 0 0
1460492100 0 0 0 0
1460491800 0 0 0 0
1460491500 0 0 0 0
1460491200 0 0 0 0
1460490900 0 0 0 0
1460490600 0 0 0 0
1460490300 0 0 0 0
1460490000 0 0 0 0
1460489700 0 0 0 0
1460489400 0 0 0 0
1460489100 0 0 0 0
1460488800 0 0 0 0
1460488500 0 0 0 0
1460488200 0 0 0 0
1460487900 0 0 0 0
1460487600 0 0 0 0
1460487300 0 0 0 0
1460487000 0 0 0 0
1460486700 0 0 0 0
1460486400 0 0 0 0
1460486100 0 0 0 0
1460485800 0 0 0 0
1460485500 0 0 0 0
1460485200 0 0 0 0
1460484900 0 0 0 0
1460484600 0 0 0 0
1460484300 0 0 0 0
1460484000 0 0 0 0
1460483700 0 0 0 0
1460483400 0 0 0 0
1460483100 0 0 0 0
1460482800 0 0 0 0
1460482500 0 0 0 0
1460482200 0 0 0 0
1460481900 0 0 0 0
1460481600 0 0 0 0
1460481300 0 0 0 0
1460481000 0 0 0 0
1460480700 0 0 0 0
1460480400 0 0 0 0
1460480100 0 0 0 0
1460479800 0 0 0 0
1460479500 0 0 0 0
1460479200 0 0 0 0
1460478900 0 0 0 0
1460478600 0 0 0 0
1460478300 0 0 0 0
1460478000 0 0 0 0
1460477700 0 0 0 0
1460477400 0 0 0 0
1460477100 0 0 0 0
1460476800 0 0 0 0
1460476500 0 0 0 0
1460476200 0 0 0 0
1460475900 0 0 0 0
1460475600 0 0 0 0
1460475300 0 0 0 0
1460475000 0 0 0 0
1460474700 0 0 0 0
1460474400 0 0 0 0
1460474100 0 0 0 0
1460473800 0 0 0 0
1460473500 0 0 0 0
1460473200 0 0 0 0
1460472900 0 0 0 0
1460472600 0 0 0 0
1460472300 0 0 0 0
1460472000 0 0 0 0
1460471700 0 0 0 0
1460471400 0 0 0 0
1460471100 0 0 0 0
1460470800 0 0 0 0
1460470500 0 0 0 0
1460470200 0 0 0 0
1460469900 0 0 0 0
1460469600 0 0 0 0
1460469300 0 0 0 0
1460469000 0 0 0 0
1460468700 0 0 0 0
1460468400 0 0 0 0
1460468100 0 0 0 0
1460467800 0 0 0 0
1460467500 0 0 0 0
1460467200 0 0 0 0
1460466900 0 0 0 0
1460466600 0 0 0 0
1460466300 0 0 0 0
1460466000 0 0 0 0
1460465700 0 0 0 0
1460465400 0 0 0 0
1460465100 0 0 0 0
1460464800 0 0 0 0
1460464500 0 0 0 0
1460464200 0 0 0 0
1460463900 0 0 0 0
1460463600 0 0 0 0
1460463300 0 0 0 0
1460463000 0 0 0 0
1460462700 0 0 0 0
1460462400 0 0 0 0
1460462100 0 0 0 0
1460461800 0 0 0 0
1460461500 0 0 0 0
1460461200 0 0 0 0
1460460900 0 0 0 0
1460460600 0 0 0 0
1460460300 0 0 0 0
1460460000 0 0 0 0
1460459700 0 0 0 0
1460459400 0 0 0 0
1460459100 0 0 0 0
1460458800 0 0 0 0
1460458500 0 0 0 0
1460458200 0 0 0 0
1460457900 0 0 0 0
1460457600 0 0 0 0
1460457300 0 0 0 0
1460457000 0 0 0 0
1460456700 0 0 0 0
1460456400 0 0 0 0
1460456100 0 0 0 0
1460455800 0 0 0 0
1460455500 0 0 0 0
1460455200 0 0 0 0
1460454900 0 0 0 0
1460454600 0 0 0 0
1460454300 0 0 0 0
1460454000 0 0 0 0
1460453700 0 0 0 0
1460453400 0 0 0 0
1460453100 0 0 0 0
1460452800 0 0 0 0
1460452500 0 0 0 0
1460452200 0 0 0 0
1460451900 0 0 0 0
1460451600 0 0 0 0
1460451300 0 0 0 0
1460451000 0 0 0 0
1460450700 0 0 0 0
1460450400 0 0 0 0
1460450100 0 0 0 0
1460449800 0 0 0 0
1460449500 0 0 0 0
1460449200 0 0 0 0
1460448900 0 0 0 0
1460448600 0 0 0 0
1460448300 0 0 0 0
1460448000 0 0 0 0
1460447700 0 0 0 0
1460447400 0 0 0 0
1460447100 0 0 0 0
1460446800 0 0 0 0
1460446500 0 0 0 0
1460446200 0 0 0 0
1460445900 0 0 0 0
1460445600 0 0 0 0
1460445300 0 0 0 0
1460445000 0 0 0 0
1460444700 0 0 0 0
1460444400 0 0 0 0
1460444100 0 0 0 0
1460443800 0 0 0 0
1460443500 0 0 0 0
1460443200 0 0 0 0
1460442900 0 0 0 0
1460442600 0 0 0 0
1460442300 0 0 0 0
1460442000 0 0 0 0
1460441700 0 0 0 0
1460441400 0 0 0 0
1460441100 0 0 0 0
1460440800 0 0 0 0
1460440500 0 0 0 0
1460440200 0 0 0 0
1460439900 0 0 0 0
1460439600 0 0 0 0
1460439300 0 0 0 0
1460439000 0 0 0 0
1460438700 0 0 0 0
1460438400 0 0 0 0
1460438100 0 0 0 0
1460437800 0 0 0 0
1460437500 0 0 0 0
1460437200 0 0 0 0
1460436900 0 0 0 0
1460436600 0 0 0 0
1460436300 0 0 0 0
1460436000 0 0 0 0
1460435700 0 0 0 0
1460435400 0 0 0 0
1460435100 0 0 0 0
1460434800 0 0 0 0
1460434500 0 0 0 0
1460434200 0 0 0 0
1460433900 0 0 0 0
1460433600 0 0 0 0
1460433300 0 0 0 0
1460433000 0 0 0 0
1460432700 0 0 0 0
1460432400 0 0 0 0
1460432100 0 0 0 0
1460431800 0 0 0 0
1460431500 0 0 0 0
1460431200 0 0 0 0
1460430900 0 0 0 0
1460430600 0 0 0 0
1460430300 0 0 0 0
1460430000 0 0 0 0
1460429700 0 0 0 0
1460429400 0 0 0 0
1460429100 0 0 0 0
1460428800 0 0 0 0
1460428500 0 0 0 0
1460428200 0 0 0 0
1460427900 0 0 0 0
1460427600 0 0 0 0
1460427300 0 0 0 0
1460427000 0 0 0 0
1460426700 0 0 0 0
1460426400 0 0 0 0
1460426100 0 0 0 0
1460425800 0 0 0 0
1460425500 0 0 0 0
1460425200 0 0 0 0
1460424900 0 0 0 0
1460424600 0 0 0 0
1460424300 0 0 0 0
1460424000 0 0 0 0
1460423700 0 0 0 0
1460423400 0 0 0 0
1460423100 0 0 0 0
1460422800 0 0 0 0
1460422500 0 0 0 0
1460422200 0 0 0 0
1460421000 0 0 0 0
1460419200 0 0 0 0
1460417400 0 0 0 0
1460415600 0 0 0 0
1460413800 0 0 0 0
1460412000 0 0 0 0
1460410200 0 0 0 0
1460408400 0 0 0 0
1460406600 0 0 0 0
1460404800 0 0 0 0
1460403000 0 0 0 0
1460401200 0 0 0 0
1460399400 0 0 0 0
1460397600 0 0 0 0
1460395800 0 0 0 0
1460394000 0 0 0 0
1460392200 0 0 0 0
1460390400 0 0 0 0
1460388600 0 0 0 0
1460386800 0 0 0 0
1460385000 0 0 0 0
1460383200 0 0 0 0
1460381400 0 0 0 0
1460379600 0 0 0 0
1460377800 0 0 0 0
1460376000 0 0 0 0
1460374200 0 0 0 0
1460372400 0 0 0 0
1460370600 0 0 0 0
1460368800 0 0 0 0
1460367000 0 0 0 0
1460365200 0 0 0 0
1460363400 0 0 0 0
1460361600 0 0 0 0
1460359800 0 0 0 0
1460358000 0 0 0 0
1460356200 0 0 0 0
1460354400 0 0 0 0
1460352600 0 0 0 0
1460350800 0 0 0 0
1460349000 0 0 0 0
1460347200 0 0 0 0
1460345400 0 0 0 0
1460343600 0 0 0 0
1460341800 0 0 0 0
1460340000 0 0 0 0
1460338200 0 0 0 0
1460336400 0 0 0 0
1460334600 0 0 0 0
1460332800 0 0 0 0
1460331000 0 0 0 0
1460329200 0 0 0 0
1460327400 0 0 0 0
1460325600 0 0 0 0
1460323800 0 0 0 0
1460322000 0 0 0 0
1460320200 0 0 0 0
1460318400 0 0 0 0
1460316600 0 0 0 0
1460314800 0 0 0 0
1460313000 0 0 0 0
1460311200 0 0 0 0
1460309400 0 0 0 0
1460307600 0 0 0 0
1460305800 0 0 0 0
1460304000 0 0 0 0
1460302200 0 0 0 0
1460300400 0 0 0 0
1460298600 0 0 0 0
1460296800 0 0 0 0
1460295000 0 0 0 0
1460293200 0 0 0 0
1460291400 0 0 0 0
1460289600 0 0 0 0
1460287800 0 0 0 0
1460286000 0 0 0 0
1460284200 0 0 0 0
1460282400 0 0 0 0
1460280600 0 0 0 0
1460278800 0 0 0 0
1460277000 0 0 0 0
1460275200 0 0 0 0
1460273400 0 0 0 0
1460271600 0 0 0 0
1460269800 0 0 0 0
1460268000 0 0 0 0
1460266200 0 0 0 0
1460264400 0 0 0 0
1460262600 0 0 0 0
1460260800 0 0 0 0
1460259000 0 0 0 0
1460257200 0 0 0 0
1460255400 0 0 0 0
1460253600 0 0 0 0
1460251800 0 0 0 0
1460250000 0 0 0 0
1460248200 0 0 0 0
1460246400 0 0 0 0
1460244600 0 0 0 0
1460242800 0 0 0 0
1460241000 0 0 0 0
1460239200 0 0 0 0
1460237400 0 0 0 0
1460235600 0 0 0 0
1460233800 0 0 0 0
1460232000 0 0 0 0
1460230200 0 0 0 0
1460228400 0 0 0 0
1460226600 0 0 0 0
1460224800 0 0 0 0
1460223000 0 0 0 0
1460221200 0 0 0 0
1460219400 0 0 0 0
1460217600 0 0 0 0
1460215800 0 0 0 0
1460214000 0 0 0 0
1460212200 0 0 0 0
1460210400 0 0 0 0
1460208600 0 0 0 0
1460206800 0 0 0 0
1460205000 0 0 0 0
1460203200 0 0 0 0
1460201400 0 0 0 0
1460199600 0 0 0 0
1460197800 0 0 0 0
1460196000 0 0 0 0
1460194200 0 0 0 0
1460192400 0 0 0 0
1460190600 0 0 0 0
1460188800 0 0 0 0
1460187000 0 0 0 0
1460185200 0 0 0 0
1460183400 0 0 0 0
1460181600 0 0 0 0
1460179800 0 0 0 0
1460178000 0 0 0 0
1460176200 0 0 0 0
1460174400 0 0 0 0
1460172600 0 0 0 0
1460170800 0 0 0 0
1460169000 0 0 0 0
1460167200 0 0 0 0
1460165400 0 0 0 0
1460163600 0 0 0 0
1460161800 0 0 0 0
1460160000 0 0 0 0
1460158200 0 0 0 0
1460156400 0 0 0 0
1460154600 0 0 0 0
1460152800 0 0 0 0
1460151000 0 0 0 0
1460149200 0 0 0 0
1460147400 0 0 0 0
1460145600 0 0 0 0
1460143800 0 0 0 0
1460142000 0 0 0 0
1460140200 0 0 0 0
1460138400 0 0 0 0
1460136600 0 0 0 0
1460134800 0 0 0 0
1460133000 0 0 0 0
1460131200 0 0 0 0
1460129400 0 0 0 0
1460127600 0 0 0 0
1460125800 0 0 0 0
1460124000 0 0 0 0
1460122200 0 0 0 0
1460120400 0 0 0 0
1460118600 0 0 0 0
1460116800 0 0 0 0
1460115000 0 0 0 0
1460113200 0 0 0 0
1460111400 0 0 0 0
1460109600 0 0 0 0
1460107800 0 0 0 0
1460106000 0 0 0 0
1460104200 0 0 0 0
1460102400 0 0 0 0
1460100600 0 0 0 0
1460098800 0 0 0 0
1460097000 0 0 0 0
1460095200 0 0 0 0
1460093400 0 0 0 0
1460091600 0 0 0 0
1460089800 0 0 0 0
1460088000 0 0 0 0
1460086200 0 0 0 0
1460084400 0 0 0 0
1460082600 0 0 0 0
1460080800 0 0 0 0
1460079000 0 0 0 0
1460077200 0 0 0 0
1460075400 0 0 0 0
1460073600 0 0 0 0
1460071800 0 0 0 0
1460070000 0 0 0 0
1460068200 0 0 0 0
1460066400 0 0 0 0
1460064600 0 0 0 0
1460062800 0 0 0 0
1460061000 0 0 0 0
1460059200 0 0 0 0
1460057400 0 0 0 0
1460055600 0 0 0 0
1460053800 0 0 0 0
1460052000 0 0 0 0
1460050200 0 0 0 0
1460048400 0 0 0 0
1460046600 0 0 0 0
1460044800 0 0 0 0
1460043000 0 0 0 0
1460041200 0 0 0 0
1460039400 0 0 0 0
1460037600 0 0 0 0
1460035800 0 0 0 0
1460034000 0 0 0 0
1460032200 0 0 0 0
1460030400 0 0 0 0
1460028600 0 0 0 0
1460026800 0 0 0 0
1460025000 0 0 0 0
1460023200 0 0 0 0
1460021400 0 0 0 0
1460019600 0 0 0 0
1460017800 0 0 0 0
1460016000 0 0 0 0
1460014200 0 0 0 0
1460012400 0 0 0 0
1460010600 0 0 0 0
1460008800 0 0 0 0
1460007000 0 0 0 0
1460005200 0 0 0 0
1460003400 0 0 0 0
1460001600 0 0 0 0
1459999800 0 0 0 0
1459998000 0 0 0 0
1459996200 0 0 0 0
1459994400 0 0 0 0
1459992600 0 0 0 0
1459990800 0 0 0 0
1459989000 0 0 0 0
1459987200 0 0 0 0
1459985400 0 0 0 0
1459983600 0 0 0 0
1459981800 0 0 0 0
1459980000 0 0 0 0
1459978200 0 0 0 0
1459976400 0 0 0 0
1459974600 0 0 0 0
1459972800 0 0 0 0
1459971000 0 0 0 0
1459969200 0 0 0 0
1459967400 0 0 0 0
1459965600 0 0 0 0
1459963800 0 0 0 0
1459962000 0 0 0 0
1459960200 0 0 0 0
1459958400 0 0 0 0
1459956600 0 0 0 0
1459954800 0 0 0 0
1459953000 0 0 0 0
1459951200 0 0 0 0
1459949400 0 0 0 0
1459947600 0 0 0 0
1459945800 0 0 0 0
1459944000 0 0 0 0
1459942200 0 0 0 0
1459940400 0 0 0 0
1459938600 0 0 0 0
1459936800 0 0 0 0
1459935000 0 0 0 0
1459933200 0 0 0 0
1459931400 0 0 0 0
1459929600 0 0 0 0
1459927800 0 0 0 0
1459926000 0 0 0 0
1459924200 0 0 0 0
1459922400 0 0 0 0
1459920600 0 0 0 0
1459918800 0 0 0 0
1459917000 0 0 0 0
1459915200 0 0 0 0
1459913400 0 0 0 0
1459911600 0 0 0 0
1459909800 0 0 0 0
1459908000 0 0 0 0
1459906200 0 0 0 0
1459904400 0 0 0 0
1459902600 0 0 0 0
1459900800 0 0 0 0
1459899000 0 0 0 0
1459897200 0 0 0 0
1459895400 0 0 0 0
1459893600 0 0 0 0
1459891800 0 0 0 0
1459890000 0 0 0 0
1459888200 0 0 0 0
1459886400 0 0 0 0
1459884600 0 0 0 0
1459882800 0 0 0 0
1459881000 0 0 0 0
1459879200 0 0 0 0
1459877400 0 0 0 0
1459875600 0 0 0 0
1459873800 0 0 0 0
1459872000 0 0 0 0
1459870200 0 0 0 0
1459868400 0 0 0 0
1459866600 0 0 0 0
1459864800 0 0 0 0
1459863000 0 0 0 0
1459861200 0 0 0 0
1459859400 0 0 0 0
1459857600 0 0 0 0
1459855800 0 0 0 0
1459854000 0 0 0 0
1459852200 0 0 0 0
1459850400 0 0 0 0
1459848600 0 0 0 0
1459846800 0 0 0 0
1459845000 0 0 0 0
1459843200 0 0 0 0
1459841400 0 0 0 0
1459839600 0 0 0 0
1459837800 0 0 0 0
1459836000 0 0 0 0
1459834200 0 0 0 0
1459832400 0 0 0 0
1459830600 0 0 0 0
1459828800 0 0 0 0
1459827000 0 0 0 0
1459825200 0 0 0 0
1459823400 0 0 0 0
1459821600 0 0 0 0
1459819800 0 0 0 0
1459818000 0 0 0 0
1459816200 0 0 0 0
1459814400 0 0 0 0
1459812600 0 0 0 0
1459810800 0 0 0 0
1459809000 0 0 0 0
1459807200 0 0 0 0
1459805400 0 0 0 0
1459803600 0 0 0 0
1459801800 0 0 0 0
1459800000 0 0 0 0
1459798200 0 0 0 0
1459796400 0 0 0 0
1459794600 0 0 0 0
1459792800 0 0 0 0
1459791000 0 0 0 0
1459789200 0 0 0 0
1459787400 0 0 0 0
1459785600 0 0 0 0
1459783800 0 0 0 0
1459782000 0 0 0 0
1459780200 0 0 0 0
1459778400 0 0 0 0
1459776600 0 0 0 0
1459774800 0 0 0 0
1459773000 0 0 0 0
1459771200 0 0 0 0
1459769400 0 0 0 0
1459767600 0 0 0 0
1459765800 0 0 0 0
1459764000 0 0 0 0
1459762200 0 0 0 0
1459760400 0 0 0 0
1459758600 0 0 0 0
1459756800 0 0 0 0
1459755000 0 0 0 0
1459753200 0 0 0 0
1459751400 0 0 0 0
1459749600 0 0 0 0
1459747800 0 0 0 0
1459746000 0 0 0 0
1459744200 0 0 0 0
1459742400 0 0 0 0
1459740600 0 0 0 0
1459738800 0 0 0 0
1459737000 0 0 0 0
1459735200 0 0 0 0
1459733400 0 0 0 0
1459731600 0 0 0 0
1459729800 0 0 0 0
1459728000 0 0 0 0
1459726200 0 0 0 0
1459724400 0 0 0 0
1459722600 0 0 0 0
1459720800 0 0 0 0
1459719000 0 0 0 0
1459717200 0 0 0 0
1459715400 0 0 0 0
1459713600 0 0 0 0
1459711800 0 0 0 0
1459710000 0 0 0 0
1459708200 0 0 0 0
1459706400 0 0 0 0
1459704600 0 0 0 0
1459702800 0 0 0 0
1459701000 0 0 0 0
1459699200 0 0 0 0
1459697400 0 0 0 0
1459695600 0 0 0 0
1459693800 0 0 0 0
1459692000 0 0 0 0
1459690200 0 0 0 0
1459688400 0 0 0 0
1459686600 0 0 0 0
1459684800 0 0 0 0
1459683000 0 0 0 0
1459681200 0 0 0 0
1459679400 0 0 0 0
1459677600 0 0 0 0
1459675800 0 0 0 0
1459674000 0 0 0 0
1459672200 0 0 0 0
1459670400 0 0 0 0
1459668600 0 0 0 0
1459666800 0 0 0 0
1459665000 0 0 0 0
1459663200 0 0 0 0
1459661400 0 0 0 0
1459659600 0 0 0 0
1459657800 0 0 0 0
1459656000 0 0 0 0
1459654200 0 0 0 0
1459652400 0 0 0 0
1459650600 0 0 0 0
1459648800 0 0 0 0
1459647000 0 0 0 0
1459645200 0 0 0 0
1459643400 0 0 0 0
1459641600 0 0 0 0
1459639800 0 0 0 0
1459638000 0 0 0 0
1459636200 0 0 0 0
1459634400 0 0 0 0
1459632600 0 0 0 0
1459630800 0 0 0 0
1459629000 0 0 0 0
1459627200 0 0 0 0
1459625400 0 0 0 0
1459623600 0 0 0 0
1459621800 0 0 0 0
1459620000 0 0 0 0
1459618200 0 0 0 0
1459616400 0 0 0 0
1459614600 0 0 0 0
1459612800 0 0 0 0
1459611000 0 0 0 0
1459609200 0 0 0 0
1459607400 0 0 0 0
1459605600 0 0 0 0
1459603800 0 0 0 0
1459602000 0 0 0 0
1459600200 0 0 0 0
1459598400 0 0 0 0
1459596600 0 0 0 0
1459594800 0 0 0 0
1459593000 0 0 0 0
1459591200 0 0 0 0
1459589400 0 0 0 0
1459587600 0 0 0 0
1459585800 0 0 0 0
1459584000 0 0 0 0
1459582200 0 0 0 0
1459580400 0 0 0 0
1459578600 0 0 0 0
1459576800 0 0 0 0
1459575000 0 0 0 0
1459573200 0 0 0 0
1459571400 0 0 0 0
1459569600 0 0 0 0
1459567800 0 0 0 0
1459566000 0 0 0 0
1459564200 0 0 0 0
1459562400 0 0 0 0
1459560600 0 0 0 0
1459558800 0 0 0 0
1459557000 0 0 0 0
1459555200 0 0 0 0
1459553400 0 0 0 0
1459551600 0 0 0 0
1459549800 0 0 0 0
1459548000 0 0 0 0
1459546200 0 0 0 0
1459544400 0 0 0 0
1459542600 0 0 0 0
1459540800 0 0 0 0
1459539000 0 0 0 0
1459537200 0 0 0 0
1459535400 0 0 0 0
1459533600 0 0 0 0
1459531800 0 0 0 0
1459530000 0 0 0 0
1459528200 0 0 0 0
1459526400 0 0 0 0
1459524600 0 0 0 0
1459522800 0 0 0 0
1459521000 0 0 0 0
1459519200 0 0 0 0
1459517400 0 0 0 0
1459515600 0 0 0 0
1459513800 0 0 0 0
1459512000 0 0 0 0
1459510200 0 0 0 0
1459508400 0 0 0 0
1459506600 0 0 0 0
1459504800 0 0 0 0
1459503000 0 0 0 0
1459501200 0 0 0 0
1459499400 0 0 0 0
1459497600 0 0 0 0
1459495800 0 0 0 0
1459494000 0 0 0 0
1459492200 0 0 0 0
1459490400 0 0 0 0
1459488600 0 0 0 0
1459486800 0 0 0 0
1459485000 0 0 0 0
1459483200 0 0 0 0
1459481400 0 0 0 0
1459479600 0 0 0 0
1459477800 0 0 0 0
1459476000 0 0 0 0
1459474200 0 0 0 0
1459472400 0 0 0 0
1459470600 0 0 0 0
1459468800 0 0 0 0
1459467000 0 0 0 0
1459465200 0 0 0 0
1459463400 0 0 0 0
1459461600 0 0 0 0
1459459800 0 0 0 0
1459458000 0 0 0 0
1459456200 0 0 0 0
1459454400 0 0 0 0
1459452600 0 0 0 0
1459450800 0 0 0 0
1459449000 0 0 0 0
1459447200 0 0 0 0
1459445400 0 0 0 0
1459443600 0 0 0 0
1459441800 0 0 0 0
1459440000 0 0 0 0
1459438200 0 0 0 0
1459436400 0 0 0 0
1459434600 0 0 0 0
1459432800 0 0 0 0
1459431000 0 0 0 0
1459429200 0 0 0 0
1459427400 0 0 0 0
1459425600 0 0 0 0
1459423800 0 0 0 0
1459422000 0 0 0 0
1459420200 0 0 0 0
1459418400 0 0 0 0
1459416600 0 0 0 0
1459414800 0 0 0 0
1459413000 0 0 0 0
1459411200 0 0 0 0
1459409400 0 0 0 0
1459407600 0 0 0 0
1459405800 0 0 0 0
1459404000 0 0 0 0
1459402200 0 0 0 0
1459400400 0 0 0 0
1459398600 0 0 0 0
1459396800 0 0 0 0
1459395000 0 0 0 0
1459393200 0 0 0 0
1459391400 0 0 0 0
1459389600 0 0 0 0
1459387800 0 0 0 0
1459386000 0 0 0 0
1459384200 0 0 0 0
1459382400 0 0 0 0
1459380600 0 0 0 0
1459378800 0 0 0 0
1459377000 0 0 0 0
1459375200 0 0 0 0
1459373400 0 0 0 0
1459371600 0 0 0 0
1459369800 0 0 0 0
1459368000 0 0 0 0
1459366200 0 0 0 0
1459364400 0 0 0 0
1459362600 0 0 0 0
1459360800 0 0 0 0
1459359000 0 0 0 0
1459357200 0 0 0 0
1459355400 0 0 0 0
1459353600 0 0 0 0
1459351800 0 0 0 0
1459350000 0 0 0 0
1459348200 0 0 0 0
1459346400 0 0 0 0
1459344600 0 0 0 0
1459342800 0 0 0 0
1459341000 0 0 0 0
1459339200 0 0 0 0
1459332000 0 0 0 0
1459324800 0 0 0 0
1459317600 0 0 0 0
1459310400 0 0 0 0
1459303200 0 0 0 0
1459296000 0 0 0 0
1459288800 0 0 0 0
1459281600 0 0 0 0
1459274400 0 0 0 0
1459267200 0 0 0 0
1459260000 0 0 0 0
1459252800 0 0 0 0
1459245600 0 0 0 0
1459238400 0 0 0 0
1459231200 0 0 0 0
1459224000 0 0 0 0
1459216800 0 0 0 0
1459209600 0 0 0 0
1459202400 0 0 0 0
1459195200 0 0 0 0
1459188000 0 0 0 0
1459180800 0 0 0 0
1459173600 0 0 0 0
1459166400 0 0 0 0
1459159200 0 0 0 0
1459152000 0 0 0 0
1459144800 0 0 0 0
1459137600 0 0 0 0
1459130400 0 0 0 0
1459123200 0 0 0 0
1459116000 0 0 0 0
1459108800 0 0 0 0
1459101600 0 0 0 0
1459094400 0 0 0 0
1459087200 0 0 0 0
1459080000 0 0 0 0
1459072800 0 0 0 0
1459065600 0 0 0 0
1459058400 0 0 0 0
1459051200 0 0 0 0
1459044000 0 0 0 0
1459036800 0 0 0 0
1459029600 0 0 0 0
1459022400 0 0 0 0
1459015200 0 0 0 0
1459008000 0 0 0 0
1459000800 0 0 0 0
1458993600 0 0 0 0
1458986400 0 0 0 0
1458979200 0 0 0 0
1458972000 0 0 0 0
1458964800 0 0 0 0
1458957600 0 0 0 0
1458950400 0 0 0 0
1458943200 0 0 0 0
1458936000 0 0 0 0
1458928800 0 0 0 0
1458921600 0 0 0 0
1458914400 0 0 0 0
1458907200 0 0 0 0
1458900000 0 0 0 0
1458892800 0 0 0 0
1458885600 0 0 0 0
1458878400 0 0 0 0
1458871200 0 0 0 0
1458864000 0 0 0 0
1458856800 0 0 0 0
1458849600 0 0 0 0
1458842400 0 0 0 0
1458835200 0 0 0 0
1458828000 0 0 0 0
1458820800 0 0 0 0
1458813600 0 0 0 0
1458806400 0 0 0 0
1458799200 0 0 0 0
1458792000 0 0 0 0
1458784800 0 0 0 0
1458777600 0 0 0 0
1458770400 0 0 0 0
1458763200 0 0 0 0
1458756000 0 0 0 0
1458748800 0 0 0 0
1458741600 0 0 0 0
1458734400 0 0 0 0
1458727200 0 0 0 0
1458720000 0 0 0 0
1458712800 0 0 0 0
1458705600 0 0 0 0
1458698400 0 0 0 0
1458691200 0 0 0 0
1458684000 0 0 0 0
1458676800 0 0 0 0
1458669600 0 0 0 0
1458662400 0 0 0 0
1458655200 0 0 0 0
1458648000 0 0 0 0
1458640800 0 0 0 0
1458633600 0 0 0 0
1458626400 0 0 0 0
1458619200 0 0 0 0
1458612000 0 0 0 0
1458604800 0 0 0 0
1458597600 0 0 0 0
1458590400 0 0 0 0
1458583200 0 0 0 0
1458576000 0 0 0 0
1458568800 0 0 0 0
1458561600 0 0 0 0
1458554400 0 0 0 0
1458547200 0 0 0 0
1458540000 0 0 0 0
1458532800 0 0 0 0
1458525600 0 0 0 0
1458518400 0 0 0 0
1458511200 0 0 0 0
1458504000 0 0 0 0
1458496800 0 0 0 0
1458489600 0 0 0 0
1458482400 0 0 0 0
1458475200 0 0 0 0
1458468000 0 0 0 0
1458460800 0 0 0 0
1458453600 0 0 0 0
1458446400 0 0 0 0
1458439200 0 0 0 0
1458432000 0 0 0 0
1458424800 0 0 0 0
1458417600 0 0 0 0
1458410400 0 0 0 0
1458403200 0 0 0 0
1458396000 0 0 0 0
1458388800 0 0 0 0
1458381600 0 0 0 0
1458374400 0 0 0 0
1458367200 0 0 0 0
1458360000 0 0 0 0
1458352800 0 0 0 0
1458345600 0 0 0 0
1458338400 0 0 0 0
1458331200 0 0 0 0
1458324000 0 0 0 0
1458316800 0 0 0 0
1458309600 0 0 0 0
1458302400 0 0 0 0
1458295200 0 0 0 0
1458288000 0 0 0 0
1458280800 0 0 0 0
1458273600 0 0 0 0
1458266400 0 0 0 0
1458259200 0 0 0 0
1458252000 0 0 0 0
1458244800 0 0 0 0
1458237600 0 0 0 0
1458230400 0 0 0 0
1458223200 0 0 0 0
1458216000 0 0 0 0
1458208800 0 0 0 0
1458201600 0 0 0 0
1458194400 0 0 0 0
1458187200 0 0 0 0
1458180000 0 0 0 0
1458172800 0 0 0 0
1458165600 0 0 0 0
1458158400 0 0 0 0
1458151200 0 0 0 0
1458144000 0 0 0 0
1458136800 0 0 0 0
1458129600 0 0 0 0
1458122400 0 0 0 0
1458115200 0 0 0 0
1458108000 0 0 0 0
1458100800 0 0 0 0
1458093600 0 0 0 0
1458086400 0 0 0 0
1458079200 0 0 0 0
1458072000 0 0 0 0
1458064800 0 0 0 0
1458057600 0 0 0 0
1458050400 0 0 0 0
1458043200 0 0 0 0
1458036000 0 0 0 0
1458028800 0 0 0 0
1458021600 0 0 0 0
1458014400 0 0 0 0
1458007200 0 0 0 0
1458000000 0 0 0 0
1457992800 0 0 0 0
1457985600 0 0 0 0
1457978400 0 0 0 0
1457971200 0 0 0 0
1457964000 0 0 0 0
1457956800 0 0 0 0
1457949600 0 0 0 0
1457942400 0 0 0 0
1457935200 0 0 0 0
1457928000 0 0 0 0
1457920800 0 0 0 0
1457913600 0 0 0 0
1457906400 0 0 0 0
1457899200 0 0 0 0
1457892000 0 0 0 0
1457884800 0 0 0 0
1457877600 0 0 0 0
1457870400 0 0 0 0
1457863200 0 0 0 0
1457856000 0 0 0 0
1457848800 0 0 0 0
1457841600 0 0 0 0
1457834400 0 0 0 0
1457827200 0 0 0 0
1457820000 0 0 0 0
1457812800 0 0 0 0
1457805600 0 0 0 0
1457798400 0 0 0 0
1457791200 0 0 0 0
1457784000 0 0 0 0
1457776800 0 0 0 0
1457769600 0 0 0 0
1457762400 0 0 0 0
1457755200 0 0 0 0
1457748000 0 0 0 0
1457740800 0 0 0 0
1457733600 0 0 0 0
1457726400 0 0 0 0
1457719200 0 0 0 0
1457712000 0 0 0 0
1457704800 0 0 0 0
1457697600 0 0 0 0
1457690400 0 0 0 0
1457683200 0 0 0 0
1457676000 0 0 0 0
1457668800 0 0 0 0
1457661600 0 0 0 0
1457654400 0 0 0 0
1457647200 0 0 0 0
1457640000 0 0 0 0
1457632800 0 0 0 0
1457625600 0 0 0 0
1457618400 0 0 0 0
1457611200 0 0 0 0
1457604000 0 0 0 0
1457596800 0 0 0 0
1457589600 0 0 0 0
1457582400 0 0 0 0
1457575200 0 0 0 0
1457568000 0 0 0 0
1457560800 0 0 0 0
1457553600 0 0 0 0
1457546400 0 0 0 0
1457539200 0 0 0 0
1457532000 0 0 0 0
1457524800 0 0 0 0
1457517600 0 0 0 0
1457510400 0 0 0 0
1457503200 0 0 0 0
1457496000 0 0 0 0
1457488800 0 0 0 0
1457481600 0 0 0 0
1457474400 0 0 0 0
1457467200 0 0 0 0
1457460000 0 0 0 0
1457452800 0 0 0 0
1457445600 0 0 0 0
1457438400 0 0 0 0
1457431200 0 0 0 0
1457424000 0 0 0 0
1457416800 0 0 0 0
1457409600 0 0 0 0
1457402400 0 0 0 0
1457395200 0 0 0 0
1457388000 0 0 0 0
1457380800 0 0 0 0
1457373600 0 0 0 0
1457366400 0 0 0 0
1457359200 0 0 0 0
1457352000 0 0 0 0
1457344800 0 0 0 0
1457337600 0 0 0 0
1457330400 0 0 0 0
1457323200 0 0 0 0
1457316000 0 0 0 0
1457308800 0 0 0 0
1457301600 0 0 0 0
1457294400 0 0 0 0
1457287200 0 0 0 0
1457280000 0 0 0 0
1457272800 0 0 0 0
1457265600 0 0 0 0
1457258400 0 0 0 0
1457251200 0 0 0 0
1457244000 0 0 0 0
1457236800 0 0 0 0
1457229600 0 0 0 0
1457222400 0 0 0 0
1457215200 0 0 0 0
1457208000 0 0 0 0
1457200800 0 0 0 0
1457193600 0 0 0 0
1457186400 0 0 0 0
1457179200 0 0 0 0
1457172000 0 0 0 0
1457164800 0 0 0 0
1457157600 0 0 0 0
1457150400 0 0 0 0
1457143200 0 0 0 0
1457136000 0 0 0 0
1457128800 0 0 0 0
1457121600 0 0 0 0
1457114400 0 0 0 0
1457107200 0 0 0 0
1457100000 0 0 0 0
1457092800 0 0 0 0
1457085600 0 0 0 0
1457078400 0 0 0 0
1457071200 0 0 0 0
1457064000 0 0 0 0
1457056800 0 0 0 0
1457049600 0 0 0 0
1457042400 0 0 0 0
1457035200 0 0 0 0
1457028000 0 0 0 0
1457020800 0 0 0 0
1457013600 0 0 0 0
1457006400 0 0 0 0
1456999200 0 0 0 0
1456992000 0 0 0 0
1456984800 0 0 0 0
1456977600 0 0 0 0
1456970400 0 0 0 0
1456963200 0 0 0 0
1456956000 0 0 0 0
1456948800 0 0 0 0
1456941600 0 0 0 0
1456934400 0 0 0 0
1456927200 0 0 0 0
1456920000 0 0 0 0
1456912800 0 0 0 0
1456905600 0 0 0 0
1456898400 0 0 0 0
1456891200 0 0 0 0
1456884000 0 0 0 0
1456876800 0 0 0 0
1456869600 0 0 0 0
1456862400 0 0 0 0
1456855200 0 0 0 0
1456848000 0 0 0 0
1456840800 0 0 0 0
1456833600 0 0 0 0
1456826400 0 0 0 0
1456819200 0 0 0 0
1456812000 0 0 0 0
1456804800 0 0 0 0
1456797600 0 0 0 0
1456790400 0 0 0 0
1456783200 0 0 0 0
1456776000 0 0 0 0
1456768800 0 0 0 0
1456761600 0 0 0 0
1456754400 0 0 0 0
1456747200 0 0 0 0
1456740000 0 0 0 0
1456732800 0 0 0 0
1456725600 0 0 0 0
1456718400 0 0 0 0
1456711200 0 0 0 0
1456704000 0 0 0 0
1456696800 0 0 0 0
1456689600 0 0 0 0
1456682400 0 0 0 0
1456675200 0 0 0 0
1456668000 0 0 0 0
1456660800 0 0 0 0
1456653600 0 0 0 0
1456646400 0 0 0 0
1456639200 0 0 0 0
1456632000 0 0 0 0
1456624800 0 0 0 0
1456617600 0 0 0 0
1456610400 0 0 0 0
1456603200 0 0 0 0
1456596000 0 0 0 0
1456588800 0 0 0 0
1456581600 0 0 0 0
1456574400 0 0 0 0
1456567200 0 0 0 0
1456560000 0 0 0 0
1456552800 0 0 0 0
1456545600 0 0 0 0
1456538400 0 0 0 0
1456531200 0 0 0 0
1456524000 0 0 0 0
1456516800 0 0 0 0
1456509600 0 0 0 0
1456502400 0 0 0 0
1456495200 0 0 0 0
1456488000 0 0 0 0
1456480800 0 0 0 0
1456473600 0 0 0 0
1456466400 0 0 0 0
1456459200 0 0 0 0
1456452000 0 0 0 0
1456444800 0 0 0 0
1456437600 0 0 0 0
1456430400 0 0 0 0
1456423200 0 0 0 0
1456416000 0 0 0 0
1456408800 0 0 0 0
1456401600 0 0 0 0
1456394400 0 0 0 0
1456387200 0 0 0 0
1456380000 0 0 0 0
1456372800 0 0 0 0
1456365600 0 0 0 0
1456358400 0 0 0 0
1456351200 0 0 0 0
1456344000 0 0 0 0
1456336800 0 0 0 0
1456329600 0 0 0 0
1456322400 0 0 0 0
1456315200 0 0 0 0
1456308000 0 0 0 0
1456300800 0 0 0 0
1456293600 0 0 0 0
1456286400 0 0 0 0
1456279200 0 0 0 0
1456272000 0 0 0 0
1456264800 0 0 0 0
1456257600 0 0 0 0
1456250400 0 0 0 0
1456243200 0 0 0 0
1456236000 0 0 0 0
1456228800 0 0 0 0
1456221600 0 0 0 0
1456214400 0 0 0 0
1456207200 0 0 0 0
1456200000 0 0 0 0
1456192800 0 0 0 0
1456185600 0 0 0 0
1456178400 0 0 0 0
1456171200 0 0 0 0
1456164000 0 0 0 0
1456156800 0 0 0 0
1456149600 0 0 0 0
1456142400 0 0 0 0
1456135200 0 0 0 0
1456128000 0 0 0 0
1456120800 0 0 0 0
1456113600 0 0 0 0
1456106400 0 0 0 0
1456099200 0 0 0 0
1456092000 0 0 0 0
1456084800 0 0 0 0
1456077600 0 0 0 0
1456070400 0 0 0 0
1456063200 0 0 0 0
1456056000 0 0 0 0
1456048800 0 0 0 0
1456041600 0 0 0 0
1456034400 0 0 0 0
1456027200 0 0 0 0
1456020000 0 0 0 0
1456012800 0 0 0 0
1456005600 0 0 0 0
1455998400 0 0 0 0
1455991200 0 0 0 0
1455984000 0 0 0 0
1455976800 0 0 0 0
1455969600 0 0 0 0
1455962400 0 0 0 0
1455955200 0 0 0 0
1455948000 0 0 0 0
1455940800 0 0 0 0
1455933600 0 0 0 0
1455926400 0 0 0 0
1455919200 0 0 0 0
1455912000 0 0 0 0
1455904800 0 0 0 0
1455897600 0 0 0 0
1455890400 0 0 0 0
1455883200 0 0 0 0
1455876000 0 0 0 0
1455868800 0 0 0 0
1455861600 0 0 0 0
1455854400 0 0 0 0
1455847200 0 0 0 0
1455840000 0 0 0 0
1455832800 0 0 0 0
1455825600 0 0 0 0
1455818400 0 0 0 0
1455811200 0 0 0 0
1455804000 0 0 0 0
1455796800 0 0 0 0
1455789600 0 0 0 0
1455782400 0 0 0 0
1455775200 0 0 0 0
1455768000 0 0 0 0
1455760800 0 0 0 0
1455753600 0 0 0 0
1455746400 0 0 0 0
1455739200 0 0 0 0
1455732000 0 0 0 0
1455724800 0 0 0 0
1455717600 0 0 0 0
1455710400 0 0 0 0
1455703200 0 0 0 0
1455696000 0 0 0 0
1455688800 0 0 0 0
1455681600 0 0 0 0
1455674400 0 0 0 0
1455667200 0 0 0 0
1455660000 0 0 0 0
1455652800 0 0 0 0
1455645600 0 0 0 0
1455638400 0 0 0 0
1455631200 0 0 0 0
1455624000 0 0 0 0
1455616800 0 0 0 0
1455609600 0 0 0 0
1455602400 0 0 0 0
1455595200 0 0 0 0
1455588000 0 0 0 0
1455580800 0 0 0 0
1455573600 0 0 0 0
1455566400 0 0 0 0
1455559200 0 0 0 0
1455552000 0 0 0 0
1455544800 0 0 0 0
1455537600 0 0 0 0
1455530400 0 0 0 0
1455523200 0 0 0 0
1455516000 0 0 0 0
1455508800 0 0 0 0
1455501600 0 0 0 0
1455494400 0 0 0 0
1455487200 0 0 0 0
1455480000 0 0 0 0
1455472800 0 0 0 0
1455465600 0 0 0 0
1455458400 0 0 0 0
1455451200 0 0 0 0
1455444000 0 0 0 0
1455436800 0 0 0 0
1455429600 0 0 0 0
1455422400 0 0 0 0
1455415200 0 0 0 0
1455408000 0 0 0 0
1455400800 0 0 0 0
1455393600 0 0 0 0
1455386400 0 0 0 0
1455379200 0 0 0 0
1455372000 0 0 0 0
1455364800 0 0 0 0
1455357600 0 0 0 0
1455350400 0 0 0 0
1455343200 0 0 0 0
1455336000 0 0 0 0
1455328800 0 0 0 0
1455321600 0 0 0 0
1455314400 0 0 0 0
1455307200 0 0 0 0
1455300000 0 0 0 0
1455292800 0 0 0 0
1455285600 0 0 0 0
1455278400 0 0 0 0
1455271200 0 0 0 0
1455264000 0 0 0 0
1455256800 0 0 0 0
1455249600 0 0 0 0
1455242400 0 0 0 0
1455235200 0 0 0 0
1455228000 0 0 0 0
1455220800 0 0 0 0
1455213600 0 0 0 0
1455206400 0 0 0 0
1455199200 0 0 0 0
1455192000 0 0 0 0
1455184800 0 0 0 0
1455177600 0 0 0 0
1455170400 0 0 0 0
1455163200 0 0 0 0
1455156000 0 0 0 0
1455148800 0 0 0 0
1455141600 0 0 0 0
1455134400 0 0 0 0
1455127200 0 0 0 0
1455120000 0 0 0 0
1455112800 0 0 0 0
1455105600 0 0 0 0
1455098400 0 0 0 0
1455091200 0 0 0 0
1455084000 0 0 0 0
1455076800 0 0 0 0
1455069600 0 0 0 0
1455062400 0 0 0 0
1455055200 0 0 0 0
1455048000 0 0 0 0
1455040800 0 0 0 0
1455033600 0 0 0 0
1455026400 0 0 0 0
1455019200 0 0 0 0
1454976000 0 0 0 0
1454889600 0 0 0 0
1454803200 0 0 0 0
1454716800 0 0 0 0
1454630400 0 0 0 0
1454544000 0 0 0 0
1454457600 0 0 0 0
1454371200 0 0 0 0
1454284800 0 0 0 0
1454198400 0 0 0 0
1454112000 0 0 0 0
1454025600 0 0 0 0
1453939200 0 0 0 0
1453852800 0 0 0 0
1453766400 0 0 0 0
1453680000 0 0 0 0
1453593600 0 0 0 0
1453507200 0 0 0 0
1453420800 0 0 0 0
1453334400 0 0 0 0
1453248000 0 0 0 0
1453161600 0 0 0 0
1453075200 0 0 0 0
1452988800 0 0 0 0
1452902400 0 0 0 0
1452816000 0 0 0 0
1452729600 0 0 0 0
1452643200 0 0 0 0
1452556800 0 0 0 0
1452470400 0 0 0 0
1452384000 0 0 0 0
1452297600 0 0 0 0
1452211200 0 0 0 0
1452124800 0 0 0 0
1452038400 0 0 0 0
1451952000 0 0 0 0
1451865600 0 0 0 0
1451779200 0 0 0 0
1451692800 0 0 0 0
1451606400 0 0 0 0
1451520000 0 0 0 0
1451433600 0 0 0 0
1451347200 0 0 0 0
1451260800 0 0 0 0
1451174400 0 0 0 0
1451088000 0 0 0 0
1451001600 0 0 0 0
1450915200 0 0 0 0
1450828800 0 0 0 0
1450742400 0 0 0 0
1450656000 0 0 0 0
1450569600 0 0 0 0
1450483200 0 0 0 0
1450396800 0 0 0 0
1450310400 0 0 0 0
1450224000 0 0 0 0
1450137600 0 0 0 0
1450051200 0 0 0 0
1449964800 0 0 0 0
1449878400 0 0 0 0
1449792000 0 0 0 0
1449705600 0 0 0 0
1449619200 0 0 0 0
1449532800 0 0 0 0
1449446400 0 0 0 0
1449360000 0 0 0 0
1449273600 0 0 0 0
1449187200 0 0 0 0
1449100800 0 0 0 0
1449014400 0 0 0 0
1448928000 0 0 0 0
1448841600 0 0 0 0
1448755200 0 0 0 0
1448668800 0 0 0 0
1448582400 0 0 0 0
1448496000 0 0 0 0
1448409600 0 0 0 0
1448323200 0 0 0 0
1448236800 0 0 0 0
1448150400 0 0 0 0
1448064000 0 0 0 0
1447977600 0 0 0 0
1447891200 0 0 0 0
1447804800 0 0 0 0
1447718400 0 0 0 0
1447632000 0 0 0 0
1447545600 0 0 0 0
1447459200 0 0 0 0
1447372800 0 0 0 0
1447286400 0 0 0 0
1447200000 0 0 0 0
1447113600 0 0 0 0
1447027200 0 0 0 0
1446940800 0 0 0 0
1446854400 0 0 0 0
1446768000 0 0 0 0
1446681600 0 0 0 0
1446595200 0 0 0 0
1446508800 0 0 0 0
1446422400 0 0 0 0
1446336000 0 0 0 0
1446249600 0 0 0 0
1446163200 0 0 0 0
1446076800 0 0 0 0
1445990400 0 0 0 0
1445904000 0 0 0 0
1445817600 0 0 0 0
1445731200 0 0 0 0
1445644800 0 0 0 0
1445558400 0 0 0 0
1445472000 0 0 0 0
1445385600 0 0 0 0
1445299200 0 0 0 0
1445212800 0 0 0 0
1445126400 0 0 0 0
1445040000 0 0 0 0
1444953600 0 0 0 0
1444867200 0 0 0 0
1444780800 0 0 0 0
1444694400 0 0 0 0
1444608000 0 0 0 0
1444521600 0 0 0 0
1444435200 0 0 0 0
1444348800 0 0 0 0
1444262400 0 0 0 0
1444176000 0 0 0 0
1444089600 0 0 0 0
1444003200 0 0 0 0
1443916800 0 0 0 0
1443830400 0 0 0 0
1443744000 0 0 0 0
1443657600 0 0 0 0
1443571200 0 0 0 0
1443484800 0 0 0 0
1443398400 0 0 0 0
1443312000 0 0 0 0
1443225600 0 0 0 0
1443139200 0 0 0 0
1443052800 0 0 0 0
1442966400 0 0 0 0
1442880000 0 0 0 0
1442793600 0 0 0 0
1442707200 0 0 0 0
1442620800 0 0 0 0
1442534400 0 0 0 0
1442448000 0 0 0 0
1442361600 0 0 0 0
1442275200 0 0 0 0
1442188800 0 0 0 0
1442102400 0 0 0 0
1442016000 0 0 0 0
1441929600 0 0 0 0
1441843200 0 0 0 0
1441756800 0 0 0 0
1441670400 0 0 0 0
1441584000 0 0 0 0
1441497600 0 0 0 0
1441411200 0 0 0 0
1441324800 0 0 0 0
1441238400 0 0 0 0
1441152000 0 0 0 0
1441065600 0 0 0 0
1440979200 0 0 0 0
1440892800 0 0 0 0
1440806400 0 0 0 0
1440720000 0 0 0 0
1440633600 0 0 0 0
1440547200 0 0 0 0
1440460800 0 0 0 0
1440374400 0 0 0 0
1440288000 0 0 0 0
1440201600 0 0 0 0
1440115200 0 0 0 0
1440028800 0 0 0 0
1439942400 0 0 0 0
1439856000 0 0 0 0
1439769600 0 0 0 0
1439683200 0 0 0 0
1439596800 0 0 0 0
1439510400 0 0 0 0
1439424000 0 0 0 0
1439337600 0 0 0 0
1439251200 0 0 0 0
1439164800 0 0 0 0
1439078400 0 0 0 0
1438992000 0 0 0 0
1438905600 0 0 0 0
1438819200 0 0 0 0
1438732800 0 0 0 0
1438646400 0 0 0 0
1438560000 0 0 0 0
1438473600 0 0 0 0
1438387200 0 0 0 0
1438300800 0 0 0 0
1438214400 0 0 0 0
1438128000 0 0 0 0
1438041600 0 0 0 0
1437955200 0 0 0 0
1437868800 0 0 0 0
1437782400 0 0 0 0
1437696000 0 0 0 0
1437609600 0 0 0 0
1437523200 0 0 0 0
1437436800 0 0 0 0
1437350400 0 0 0 0
1437264000 0 0 0 0
1437177600 0 0 0 0
1437091200 0 0 0 0
1437004800 0 0 0 0
1436918400 0 0 0 0
1436832000 0 0 0 0
1436745600 0 0 0 0
1436659200 0 0 0 0
1436572800 0 0 0 0
1436486400 0 0 0 0
1436400000 0 0 0 0
1436313600 0 0 0 0
1436227200 0 0 0 0
1436140800 0 0 0 0
1436054400 0 0 0 0
1435968000 0 0 0 0
1435881600 0 0 0 0
1435795200 0 0 0 0
1435708800 0 0 0 0
1435622400 0 0 0 0
1435536000 0 0 0 0
1435449600 0 0 0 0
1435363200 0 0 0 0
1435276800 0 0 0 0
1435190400 0 0 0 0
1435104000 0 0 0 0
1435017600 0 0 0 0
1434931200 0 0 0 0
1434844800 0 0 0 0
1434758400 0 0 0 0
1434672000 0 0 0 0
1434585600 0 0 0 0
1434499200 0 0 0 0
1434412800 0 0 0 0
1434326400 0 0 0 0
1434240000 0 0 0 0
1434153600 0 0 0 0
1434067200 0 0 0 0
1433980800 8 143 17 251
1433894400 17 251 17 251
1433808000 17 251 17 251
1433721600 17 251 17 251
1433635200 17 251 17 251
1433548800 17 251 17 251
1433462400 17 251 17 251
1433376000 17 251 17 251
1433289600 17 251 17 251
1433203200 17 251 17 251
1433116800 17 251 17 251
1433030400 17 251 17 251
1432944000 17 251 17 251
1432857600 17 251 17 251
1432771200 17 251 17 251
1432684800 17 251 17 251
1432598400 17 251 17 251
1432512000 17 251 17 251
1432425600 17 251 17 251
1432339200 17 251 17 251
1432252800 17 251 17 251
1432166400 17 251 17 251
1432080000 17 251 17 251
1431993600 17 251 17 251
1431907200 17 251 17 251
1431820800 17 251 17 251
1431734400 17 251 17 251
1431648000 17 251 17 251
1431561600 17 251 17 251
1431475200 17 251 17 251
1431388800 17 251 17 251
1431302400 17 251 17 251
1431216000 15 235 123 429
1431129600 15 486 17 1639
1431043200 15 539 17 1410
1430956800 15 554 17 1593
1430870400 741 3641 12427 364918
1430784000 521 5529 28287 1149037
1430697600 15 198 17 243
1430611200 15 198 17 340
1430524800 554 1416 13115 44494
1430438400 544 1868 11439 105504
1430352000 812 1517 11846 19738
1430265600 411 1539 11610 57402
1430179200 15 457 17 1207
1430092800 15 275 17 545
1430006400 15 319 45 1821
1429920000 522 1587 13991 29276
1429833600 831 1676 12263 43089
1429747200 15 513 17 1633
1429660800 758 2505 11521 70666
1429574400 563 1604 11492 27041
1429488000 15 361 17 554
1429401600 15 344 17 462
1429315200 15 526 17 1335
1429228800 598 11923 26626 1154458
1429142400 626 2019 11379 64126
1429056000 398 1505 14230 111286
1428969600 790 5943 22580 944857
1428883200 15 244 17 448
1428796800 15 242 17 619
1428710400 683 1156 11739 14070
1428624000 16 695 74 1726
1428537600 748 1861 11966 49943
1428451200 478 4059 23660 858314
1428364800 635 2015 13451 47157
1428278400 15 182 17 251
1428192000 15 181 17 343
1428105600 15 192 17 703
1428019200 620 1448 19114 36660
1427932800 441 1289 12430 35432
1427846400 560 1519 37275 105401
1427760000 15 440 17 1376
1427673600 15 262 17 735
1427587200 15 263 17 430
1427500800 460 1367 11614 26950
1427414400 15 576 17 1648
1427328000 740 1682 16150 47019
1427241600 367 901 11373 18220
1427155200 698 1859 11339 16318
1427068800 15 1412 17 1472
1426982400 15 969 17 1431
1426896000 584 1404 15720 27223
1426809600 7798 8867 849425 1038285
1426723200 761 1376 62819 26139
1426636800 2609 1744 369161 50508
1426550400 1427 1610 108406 59776
1426464000 9 221 12 309
1426377600 10 222 12 338
1426291200 10 503 12 1628
1426204800 1109 1703 32589 42615
1426118400 10 508 12 2423
1426032000 10686 1316 1062687 47951
1425945600 874 1444 12593 30897
1425859200 10 209 12 313
1425772800 9 206 12 417
1425686400 543 1485 16662 104758
1425600000 648 1409 14696 67115
1425513600 10 430 12 1667
1425427200 9 435 12 1585
1425340800 10 392 12 1632
1425254400 9 175 12 218
1425168000 10 172 11 203
1425081600 520 2507 11682 403645
1424995200 1023 1222 81911 17263
1424908800 10 458 12 1833
1424822400 9 530 12 1401
1424736000 540 1319 12219 30002
1424649600 10 169 12 227
1424563200 10 169 12 214
1424476800 10 504 12 1776
1424390400 10 497 12 1485
1424304000 10 572 34 1783
1424217600 731 1644 30490 59825
1424131200 10 167 12 327
1424044800 10 170 12 293
1423958400 9 177 12 320
1423872000 10 486 12 1498
1423785600 4212 135460 218328 12066673
1423699200 10 455 12 1467
1423612800 555 1323 11763 17677
1423526400 351 1046 11731 27496
1423440000 10 179 12 223
1423353600 10 240 17 18034
1423267200 578 1621 10107 23403
1423180800 703 1671 12567 17886
1423094400 9 538 12 1713
1423008000 417 1925 11803 114047
1422921600 10 403 12 1477
1422835200 9 169 12 447
1422748800 10 174 12 755
1422662400 956 2135 11778 91448
1422576000 10 615 12 1832
1422489600 399 1314 14235 26816
1422403200 606 1326 74914 61088
1422316800 543 1309 11880 77266
1422230400 10 173 31 394
1422144000 10 171 12 299
1422057600 293 828 15782 18781
1421971200 10 499 12 6125
1421884800 190 885 11236 12123
1421798400 369 1004 11358 28904
1421712000 263 702 15474 10466
1421625600 10 172 12 209
1421539200 10 172 12 382
1421452800 389 849 21040 12240
1421366400 10 630 17 2155
1421280000 10 589 34 1944
1421193600 472 5170 12959 562222
1421107200 696 3565 72238 482386
1421020800 9 348 12 1277
1420934400 10 332 12 835
1420848000 529 1525 12318 20612
1420761600 643 1471 71221 39300
1420675200 373 1098 11747 12973
1420588800 702 1439 12161 13404
1420502400 329 1275 13959 12670
1420416000 10 312 12 579
1420329600 10 318 12 830
1420243200 10 436 12 2264
1420156800 10 270 12 1320
1420070400 9 306 12 1189
1419984000 10 673 12 7852
1419897600 10 496 12 1790
1419811200 10 156 14 311
1419724800 9 156 12 193
1419638400 9 156 12 198
1419552000 9 156 12 187
1419465600 10 157 12 234
1419379200 9 455 12 1571
1419292800 812 6185 71966 652972
1419206400 10 170 12 674
1419120000 10 163 12 293
1419033600 10 498 12 1740
1418947200 287 999 11914 36802
1418860800 557 1486 11806 56234
1418774400 10 468 12 2920
1418688000 10 499 12 1660
1418601600 10 279 12 394
1418515200 10 272 12 516
1418428800 463 1100 12320 26661
1418342400 10 603 12 1518
1418256000 814 5665 39503 110845
1418169600 10 683 12 1674
1418083200 681 5938 66052 682035
1417996800 10 178 12 470
1417910400 9 178 12 434
1417824000 1038 2001 12279 80381
1417737600 9 564 12 1680
1417651200 554 1694 11787 51637
1417564800 503 1177 12052 21301
1417478400 457 1249 17289 39693
1417392000 10 183 12 345
1417305600 10 185 12 416
1417219200 9 648 134 1326
1417132800 187 942 4873 17773
1417046400 10 982 12 2331
1416960000 448 1293 37783 16306
1416873600 512 2110 14468 114725
1416787200 10 230 34 944
1416700800 10 222 12 1049
1416614400 423 1201 11525 28659
1416528000 852 1636 63135 28046
1416441600 639 1502 16850 88404
1416355200 555 1121 12446 13000
1416268800 278 669 12176 12860
1416182400 10 198 12 253
1416096000 10 197 12 351
1416009600 10 511 12 1606
1415923200 411 1283 11822 30778
1415836800 2181 4970 108952 110372
1415750400 10 544 12 1611
1415664000 355 862 11737 12544
1415577600 9 180 101 246
1415491200 9 190 12 400
1415404800 10 499 12 1332
1415318400 607 1123 18712 12548
1415232000 10 519 12 1414
1415145600 10 472 12 1122
1415059200 582 4868 22880 544398
1414972800 10 312 34 414
1414886400 10 311 12 621
1414800000 444 1309 11992 32024
1414713600 879 1480 55110 30920
1414627200 466 1194 14199 12621
1414540800 337 1108 11572 23764
1414454400 400 1182 8811 58803
1414368000 10 304 68 6756
1414281600 10 316 13 734
1414195200 10 461 12 936
1414108800 10 528 12 1379
1414022400 775 1281 31386 12900
1413936000 10 523 17 1636
1413849600 10 479 12 1511
1413763200 10 285 12 389
1413676800 10 284 12 363
1413590400 10 384 12 1215
1413504000 10 326 12 1023
1413417600 10 411 17 1189
1413331200 644 1246 21359 39394
1413244800 10 374 12 572
1413158400 10 366 12 510
1413072000 10 367 12 518
1412985600 765 1461 41738 17176
1412899200 571 1172 35391 43656
1412812800 498 1501 34363 81386
1412726400 387 1087 11527 13090
1412640000 684 1036 47441 13456
1412553600 9 309 12 548
1412467200 10 304 12 600
1412380800 457 1125 17008 13022
1412294400 10 530 12 1180
1412208000 343 908 16706 12448
1412121600 1010 1631 12303 16295
1412035200 323 974 16787 17579
1411948800 10 412 12 561
1411862400 9 413 12 6911
1411776000 10 445 28 1316
1411689600 361 949 16564 15411
1411603200 257 1363 33674 127609
1411516800 594 882 107306 13639
1411430400 723 1746 40526 73225
1411344000 10 404 12 599
1411257600 10 365 12 632
1411171200 10 454 34 999
1411084800 10 448 12 1261
1410998400 10 520 12 1433
1410912000 1011 1906 24660 105628
1410825600 404 921 11382 23395
1410739200 10 314 34 641
1410652800 10 376 12 817
1410566400 373 1001 36875 68475
1410480000 714 995 102124 16197
1410393600 702 1171 48001 12854
1410307200 665 1198 27138 14679
1410220800 419 894 37039 14255
1410134400 10 333 11 600
1410048000 10 347 27 1025
1409961600 317 1336 8733 71405
1409875200 553 926 38757 12194
1409788800 1166 1748 86308 15778
1409702400 616 1581 39004 56210
1409616000 10 316 12 485
1409529600 10 305 12 427
1409443200 10 339 12 745
1409356800 758 1623 34208 71532
1409270400 358 718 27380 17470
1409184000 498 4123 36095 892366
1409097600 9 433 12 1306
1409011200 1506 6085 16731 470789
1408924800 10 198 12 308
1408838400 9 197 12 416
1408752000 10 387 12 1208
1408665600 2305 1186 507965 27862
1408579200 10 418 12 1467
1408492800 954 7756 21629 923142
1408406400 544 5866 11726 445039
1408320000 10 179 12 229
1408233600 10 181 12 442
1408147200 10 390 12 1091
1408060800 9 457 12 1136
1407974400 9 528 12 4001
1407888000 10 414 12 1050
1407801600 10 318 12 970
1407715200 9 161 12 230
1407628800 10 160 23 389
1407542400 10 367 12 1129
1407456000 10 525 12 1797
1407369600 10 575 12 1932
1407283200 10 532 12 2060
1407196800 10 317 12 609
1407110400 10 297 34 404
1407024000 10 297 12 426
1406937600 898 1398 12651 14290
1406851200 153 726 11133 11611
1406764800 10 548 12 1374
1406678400 291 894 14284 11997
1406592000 110 640 3570 4443
1406505600 10 325 12 504
1406419200 10 335 12 454
1406332800 197 700 7171 13861
1406246400 10 425 12 1243
1406160000 9 476 12 1221
1406073600 10 513 12 1350
1405987200 364 1243 7624 10430
1405900800 9 336 12 426
1405814400 9 340 13 519
1405728000 9 418 12 1006
1405641600 285 1411 27014 34065
1405555200 10 448 14 974
1405468800 624 1452 50219 19481
1405382400 208 651 5559 7569
1405296000 10 173 12 215
1405209600 10 183 12 389
1405123200 465 3804 40499 502214
1405036800 445 1069 27749 38707
1404950400 368 4875 25668 479821
1404864000 438 1198 11673 29193
1404777600 37233 2554 1151388 44875
1404691200 10 192 12 274
1404604800 10 188 12 253
1404518400 10 376 23 1374
1404432000 10 409 12 1203
1404345600 9 394 12 1040
1404259200 10 231 12 555
1404172800 10 299 12 802
1404086400 9 210 12 321
1404000000 10 212 12 320
1403913600 102903 14366 11411145 290773
1403827200 323 1013 11549 18373
1403740800 564 971 85187 21111
1403654400 227 1054 11367 27574
1403568000 904 1363 85215 22403
1403481600 9 230 12 746
1403395200 9 232 28 306
1403308800 537 1579 25339 47794
1403222400 252 990 8826 10634
1403136000 322 973 8958 10082
1403049600 262 1186 11913 26529
1402963200 208 921 11103 16589
1402876800 10 496 68 823
1402790400 10 413 12 692
1402704000 9 553 12 1336
1402617600 372 1338 11648 83023
1402531200 9 520 12 1003
1402444800 10 547 12 1749
1402358400 10 600 12 1604
1402272000 10 458 12 780
1402185600 10 460 34 754
1402099200 9 465 12 1529
1402012800 10 432 12 1343
1401926400 10 415 17 1238
1401840000 10 405 12 1193
1401753600 10 400 23 1193
1401667200 10 186 12 895
1401580800 10 187 12 266
1401494400 494 1073 26958 34887
1401408000 10 492 12 1794
1401321600 205 857 9453 13395
1401235200 249 1576 12809 64853
1401148800 206 762 9677 10270
1401062400 10 341 12 431
1400976000 9 341 12 462
1400889600 0 61 21 717
1400803200 0 0 0 0
1400716800 0 0 0 0
1400630400 174 1650 4566 89879
1400544000 0 0 0 0
1400457600 0 0 0 0
1400371200 0 0 0 0
1400284800 0 0 0 0
1400198400 275 1970 6938 14177
1400112000 154 762 6120 10341
1400025600 197 939 1905 7917
1399939200 155 701 3735 16378
1399852800 0 0 0 0
1399766400 0 0 0 0
1399680000 0 0 0 0
1399593600 99 441 3651 8384
1399507200 0 0 0 0
1399420800 0 0 0 0
1399334400 96 375 3386 10563
1399248000 0 0 0 0
1399161600 0 0 0 0
1399075200 107 595 3325 8751
1398988800 103 689 1866 5441
1398902400 196 988 1983 19848
1398816000 84 793 1924 7464
1398729600 115 709 3013 12976
1398643200 29 260 421 884
1398556800 67 1855 9141 408570
1398470400 79 341 5949 8139
1398384000 0 0 0 0
1398297600 0 0 0 0
1398211200 169 786 1588 10487
1398124800 148 711 6653 11194
1398038400 0 0 0 0
1397952000 0 0 0 0
1397865600 0 0 0 0
1397779200 341 2624 3072 60940
1397692800 134 750 2517 7658
1397606400 119 783 2908 7336
1397520000 118 637 2234 8130
1397433600 23 218 383 812
1397347200 22 219 407 832
1397260800 78 593 2363 9109
1397174400 103 555 2508 6571
1397088000 26 296 409 1044
1397001600 65 461 1285 4907
1396915200 31 333 31 333
1396828800 31 333 31 333
1396742400 31 333 31 333
1396656000 26 342 82 514
1396569600 136 578 5876 7185
1396483200 0 509 0 1098
1396396800 99 816 2683 6864
1396310400 94 670 2361 7794
1396224000 21 365 719 1541
1396137600 53 1761 9562 426043
1396051200 85 626 3065 11099
1395964800 89 431 2184 8029
1395878400 0 0 0 0
1395792000 178 1879 7943 147475
1395705600 94 706 3752 23865
1395619200 30 241 404 3303
1395532800 192 538 1851 5261
1395446400 184 1377 6809 143019
1395360000 142 2143 7700 343587
1395273600 107 671 3305 12946
1395187200 89 619 1649 6836
1395100800 125 618 2895 17757
1395014400 0 0 0 0
1394928000 0 0 0 0
1394841600 57 263 6543 18055
1394755200 198 500 9092 10318
1394668800 0 0 0 0
1394582400 152 981 7272 76049
1394496000 200 597 5520 38388
1394409600 0 0 0 0
1394323200 0 0 0 0
1394236800 141 613 11831 29744
1394150400 0 0 0 0
1394064000 52 167 3279 8244
1393977600 0 0 0 0
1393891200 143 954 6500 52734
1393804800 0 0 0 0
1393718400 0 0 0 0
1393632000 78 814 2109 8366
1393545600 102 467 4433 9525
1393459200 506 1011 13324 17469
1393372800 218 597 9595 19509
1393286400 0 0 0 0
1393200000 0 0 0 0
1393113600 0 0 0 0
1393027200 165 472 11651 12303
1392940800 273 816 13798 44543
1392854400 154 483 3461 6481
1392768000 138 537 6522 27915
1392681600 0 0 0 0
1392595200 0 0 0 0
1392508800 0 0 0 0
1392422400 115 409 4075 9466
1392336000 159 613 4009 24498
1392249600 314 760 57065 80708
1392163200 84 314 2289 6306
1392076800 0 0 0 0
1391990400 0 0 0 0
1391904000 0 0 0 0
1391817600 40 149 3713 10810
