1460685977 -1 -1
1460685977 0 0 0 0
1460602036 0 0 0 0
1460601900 0 0 0 0
1460601600 0 0 0 0
1460601300 0 0 0 0
1460601000 0 0 0 0
1460600700 0 0 0 0
1460600400 0 0 0 0
1460600100 0 0 0 0
1460599800 0 0 0 0
1460599500 0 0 0 0
1460599200 0 0 0 0
1460598900 0 0 0 0
1460598600 0 0 0 0
1460598300 0 0 0 0
1460598000 0 0 0 0
1460597700 0 0 0 0
1460597400 0 0 0 0
1460597100 0 0 0 0
1460596800 0 0 0 0
1460596500 0 0 0 0
1460596200 0 0 0 0
1460595900 0 0 0 0
1460595600 0 0 0 0
1460595300 0 0 0 0
1460595000 0 0 0 0
1460594700 0 0 0 0
1460594400 0 0 0 0
1460594100 0 0 0 0
1460593800 0 0 0 0
1460593500 0 0 0 0
1460593200 0 0 0 0
1460592900 0 0 0 0
1460592600 0 0 0 0
1460592300 0 0 0 0
1460592000 0 0 0 0
1460591700 0 0 0 0
1460591400 0 0 0 0
1460591100 0 0 0 0
1460590800 0 0 0 0
1460590500 0 0 0 0
1460590200 0 0 0 0
1460589900 0 0 0 0
1460589600 0 0 0 0
1460589300 0 0 0 0
1460589000 0 0 0 0
1460588700 0 0 0 0
1460588400 0 0 0 0
1460588100 0 0 0 0
1460587800 0 0 0 0
1460587500 0 0 0 0
1460587200 0 0 0 0
1460586900 0 0 0 0
1460586600 0 0 0 0
1460586300 0 0 0 0
1460586000 0 0 0 0
1460585700 0 0 0 0
1460585400 0 0 0 0
1460585100 0 0 0 0
1460584800 0 0 0 0
1460584500 0 0 0 0
1460584200 0 0 0 0
1460583900 0 0 0 0
1460583600 0 0 0 0
1460583300 0 0 0 0
1460583000 0 0 0 0
1460582700 0 0 0 0
1460582400 0 0 0 0
1460582100 0 0 0 0
1460581800 0 0 0 0
1460581500 0 0 0 0
1460581200 0 0 0 0
1460580900 0 0 0 0
1460580600 0 0 0 0
1460580300 0 0 0 0
1460580000 0 0 0 0
1460579700 0 0 0 0
1460579400 0 0 0 0
1460579100 0 0 0 0
1460578800 0 0 0 0
1460578500 0 0 0 0
1460578200 0 0 0 0
1460577900 0 0 0 0
1460577600 0 0 0 0
1460577300 0 0 0 0
1460577000 0 0 0 0
1460576700 0 0 0 0
1460576400 0 0 0 0
1460576100 0 0 0 0
1460575800 0 0 0 0
1460575500 0 0 0 0
1460575200 0 0 0 0
1460574900 0 0 0 0
1460574600 0 0 0 0
1460574300 0 0 0 0
1460574000 0 0 0 0
1460573700 0 0 0 0
1460573400 0 0 0 0
1460573100 0 0 0 0
1460572800 0 0 0 0
1460572500 0 0 0 0
1460572200 0 0 0 0
1460571900 0 0 0 0
1460571600 0 0 0 0
1460571300 0 0 0 0
1460571000 0 0 0 0
1460570700 0 0 0 0
1460570400 0 0 0 0
1460570100 0 0 0 0
1460569800 0 0 0 0
1460569500 0 0 0 0
1460569200 0 0 0 0
1460568900 0 0 0 0
1460568600 0 0 0 0
1460568300 0 0 0 0
1460568000 0 0 0 0
1460567700 0 0 0 0
1460567400 0 0 0 0
1460567100 0 0 0 0
1460566800 0 0 0 0
1460566500 0 0 0 0
1460566200 0 0 0 0
1460565900 0 0 0 0
1460565600 0 0 0 0
1460565300 0 0 0 0
1460565000 0 0 0 0
1460564700 0 0 0 0
1460564400 0 0 0 0
1460564100 0 0 0 0
1460563800 0 0 0 0
1460563500 0 0 0 0
1460563200 0 0 0 0
1460562900 0 0 0 0
1460562600 0 0 0 0
1460562300 0 0 0 0
1460562000 0 0 0 0
1460561700 0 0 0 0
1460561400 0 0 0 0
1460561100 0 0 0 0
1460560800 0 0 0 0
1460560500 0 0 0 0
1460560200 0 0 0 0
1460559900 0 0 0 0
1460559600 0 0 0 0
1460559300 0 0 0 0
1460559000 0 0 0 0
1460558700 0 0 0 0
1460558400 0 0 0 0
1460558100 0 0 0 0
1460557800 0 0 0 0
1460557500 0 0 0 0
1460557200 0 0 0 0
1460556900 0 0 0 0
1460556600 0 0 0 0
1460556300 0 0 0 0
1460556000 0 0 0 0
1460555700 0 0 0 0
1460555400 0 0 0 0
1460555100 0 0 0 0
1460554800 0 0 0 0
1460554500 0 0 0 0
1460554200 0 0 0 0
1460553900 0 0 0 0
1460553600 0 0 0 0
1460553300 0 0 0 0
1460553000 0 0 0 0
1460552700 0 0 0 0
1460552400 0 0 0 0
1460552100 0 0 0 0
1460551800 0 0 0 0
1460551500 0 0 0 0
1460551200 0 0 0 0
1460550900 0 0 0 0
1460550600 0 0 0 0
1460550300 0 0 0 0
1460550000 0 0 0 0
1460549700 0 0 0 0
1460549400 0 0 0 0
1460549100 0 0 0 0
1460548800 0 0 0 0
1460548500 0 0 0 0
1460548200 0 0 0 0
1460547900 0 0 0 0
1460547600 0 0 0 0
1460547300 0 0 0 0
1460547000 0 0 0 0
1460546700 0 0 0 0
1460546400 0 0 0 0
1460546100 0 0 0 0
1460545800 0 0 0 0
1460545500 0 0 0 0
1460545200 0 0 0 0
1460544900 0 0 0 0
1460544600 0 0 0 0
1460544300 0 0 0 0
1460544000 0 0 0 0
1460543700 0 0 0 0
1460543400 0 0 0 0
1460543100 0 0 0 0
1460542800 0 0 0 0
1460542500 0 0 0 0
1460542200 0 0 0 0
1460541900 0 0 0 0
1460541600 0 0 0 0
1460541300 0 0 0 0
1460541000 0 0 0 0
1460540700 0 0 0 0
1460540400 0 0 0 0
1460540100 0 0 0 0
1460539800 0 0 0 0
1460539500 0 0 0 0
1460539200 0 0 0 0
1460538900 0 0 0 0
1460538600 0 0 0 0
1460538300 0 0 0 0
1460538000 0 0 0 0
1460537700 0 0 0 0
1460537400 0 0 0 0
1460537100 0 0 0 0
1460536800 0 0 0 0
1460536500 0 0 0 0
1460536200 0 0 0 0
1460535900 0 0 0 0
1460535600 0 0 0 0
1460535300 0 0 0 0
1460535000 0 0 0 0
1460534700 0 0 0 0
1460534400 0 0 0 0
1460534100 0 0 0 0
1460533800 0 0 0 0
1460533500 0 0 0 0
1460533200 0 0 0 0
1460532900 0 0 0 0
1460532600 0 0 0 0
1460532300 0 0 0 0
1460532000 0 0 0 0
1460531700 0 0 0 0
1460531400 0 0 0 0
1460531100 0 0 0 0
1460530800 0 0 0 0
1460530500 0 0 0 0
1460530200 0 0 0 0
1460529900 0 0 0 0
1460529600 0 0 0 0
1460529300 0 0 0 0
1460529000 0 0 0 0
1460528700 0 0 0 0
1460528400 0 0 0 0
1460528100 0 0 0 0
1460527800 0 0 0 0
1460527500 0 0 0 0
1460527200 0 0 0 0
1460526900 0 0 0 0
1460526600 0 0 0 0
1460526300 0 0 0 0
1460526000 0 0 0 0
1460525700 0 0 0 0
1460525400 0 0 0 0
1460525100 0 0 0 0
1460524800 0 0 0 0
1460524500 0 0 0 0
1460524200 0 0 0 0
1460523900 0 0 0 0
1460523600 0 0 0 0
1460523300 0 0 0 0
1460523000 0 0 0 0
1460522700 0 0 0 0
1460522400 0 0 0 0
1460522100 0 0 0 0
1460521800 0 0 0 0
1460521500 0 0 0 0
1460521200 0 0 0 0
1460520900 0 0 0 0
1460520600 0 0 0 0
1460520300 0 0 0 0
1460520000 0 0 0 0
1460519700 0 0 0 0
1460519400 0 0 0 0
1460519100 0 0 0 0
1460518800 0 0 0 0
1460518500 0 0 0 0
1460518200 0 0 0 0
1460517900 0 0 0 0
1460517600 0 0 0 0
1460517300 0 0 0 0
1460517000 0 0 0 0
1460516700 0 0 0 0
1460516400 0 0 0 0
1460516100 0 0 0 0
1460515800 0 0 0 0
1460515500 0 0 0 0
1460515200 0 0 0 0
1460514900 0 0 0 0
1460514600 0 0 0 0
1460514300 0 0 0 0
1460514000 0 0 0 0
1460513700 0 0 0 0
1460513400 0 0 0 0
1460513100 0 0 0 0
1460512800 0 0 0 0
1460512500 0 0 0 0
1460512200 0 0 0 0
1460511900 0 0 0 0
1460511600 0 0 0 0
1460511300 0 0 0 0
1460511000 0 0 0 0
1460510700 0 0 0 0
1460510400 0 0 0 0
1460510100 0 0 0 0
1460509800 0 0 0 0
1460509500 0 0 0 0
1460509200 0 0 0 0
1460508900 0 0 0 0
1460508600 0 0 0 0
1460508300 0 0 0 0
1460508000 0 0 0 0
1460507700 0 0 0 0
1460507400 0 0 0 0
1460507100 0 0 0 0
1460506800 0 0 0 0
1460506500 0 0 0 0
1460506200 0 0 0 0
1460505900 0 0 0 0
1460505600 0 0 0 0
1460505300 0 0 0 0
1460505000 0 0 0 0
1460504700 0 0 0 0
1460504400 0 0 0 0
1460504100 0 0 0 0
1460503800 0 0 0 0
1460503500 0 0 0 0
1460503200 0 0 0 0
1460502900 0 0 0 0
1460502600 0 0 0 0
1460502300 0 0 0 0
1460502000 0 0 0 0
1460501700 0 0 0 0
1460501400 0 0 0 0
1460501100 0 0 0 0
1460500800 0 0 0 0
1460500500 0 0 0 0
1460500200 0 0 0 0
1460499900 0 0 0 0
1460499600 0 0 0 0
1460499300 0 0 0 0
1460499000 0 0 0 0
1460498700 0 0 0 0
1460498400 0 0 0 0
1460498100 0 0 0 0
1460497800 0 0 0 0
1460497500 0 0 0 0
1460497200 0 0 0 0
1460496900 0 0 0 0
1460496600 0 0 0 0
1460496300 0 0 0 0
1460496000 0 0 0 0
1460495700 0 0 0 0
1460495400 0 0 0 0
1460495100 0 0 0 0
1460494800 0 0 0 0
1460494500 0 0 0 0
1460494200 0 0 0 0
1460493900 0 0 0 0
1460493600 0 0 0 0
1460493300 0 0 0 0
1460493000 0 0 0 0
1460492700 0 0 0 0
1460492400 0 0 0 0
1460492100 0 0 0 0
1460491800 0 0 0 0
1460491500 0 0 0 0
1460491200 0 0 0 0
1460490900 0 0 0 0
1460490600 0 0 0 0
1460490300 0 0 0 0
1460490000 0 0 0 0
1460489700 0 0 0 0
1460489400 0 0 0 0
1460489100 0 0 0 0
1460488800 0 0 0 0
1460488500 0 0 0 0
1460488200 0 0 0 0
1460487900 0 0 0 0
1460487600 0 0 0 0
1460487300 0 0 0 0
1460487000 0 0 0 0
1460486700 0 0 0 0
1460486400 0 0 0 0
1460486100 0 0 0 0
1460485800 0 0 0 0
1460485500 0 0 0 0
1460485200 0 0 0 0
1460484900 0 0 0 0
1460484600 0 0 0 0
1460484300 0 0 0 0
1460484000 0 0 0 0
1460483700 0 0 0 0
1460483400 0 0 0 0
1460483100 0 0 0 0
1460482800 0 0 0 0
1460482500 0 0 0 0
1460482200 0 0 0 0
1460481900 0 0 0 0
1460481600 0 0 0 0
1460481300 0 0 0 0
1460481000 0 0 0 0
1460480700 0 0 0 0
1460480400 0 0 0 0
1460480100 0 0 0 0
1460479800 0 0 0 0
1460479500 0 0 0 0
1460479200 0 0 0 0
1460478900 0 0 0 0
1460478600 0 0 0 0
1460478300 0 0 0 0
1460478000 0 0 0 0
1460477700 0 0 0 0
1460477400 0 0 0 0
1460477100 0 0 0 0
1460476800 0 0 0 0
1460476500 0 0 0 0
1460476200 0 0 0 0
1460475900 0 0 0 0
1460475600 0 0 0 0
1460475300 0 0 0 0
1460475000 0 0 0 0
1460474700 0 0 0 0
1460474400 0 0 0 0
1460474100 0 0 0 0
1460473800 0 0 0 0
1460473500 0 0 0 0
1460473200 0 0 0 0
1460472900 0 0 0 0
1460472600 0 0 0 0
1460472300 0 0 0 0
1460472000 0 0 0 0
1460471700 0 0 0 0
1460471400 0 0 0 0
1460471100 0 0 0 0
1460470800 0 0 0 0
1460470500 0 0 0 0
1460470200 0 0 0 0
1460469900 0 0 0 0
1460469600 0 0 0 0
1460469300 0 0 0 0
1460469000 0 0 0 0
1460468700 0 0 0 0
1460468400 0 0 0 0
1460468100 0 0 0 0
1460467800 0 0 0 0
1460467500 0 0 0 0
1460467200 0 0 0 0
1460466900 0 0 0 0
1460466600 0 0 0 0
1460466300 0 0 0 0
1460466000 0 0 0 0
1460465700 0 0 0 0
1460465400 0 0 0 0
1460465100 0 0 0 0
1460464800 0 0 0 0
1460464500 0 0 0 0
1460464200 0 0 0 0
1460463900 0 0 0 0
1460463600 0 0 0 0
1460463300 0 0 0 0
1460463000 0 0 0 0
1460462700 0 0 0 0
1460462400 0 0 0 0
1460462100 0 0 0 0
1460461800 0 0 0 0
1460461500 0 0 0 0
1460461200 0 0 0 0
1460460900 0 0 0 0
1460460600 0 0 0 0
1460460300 0 0 0 0
1460460000 0 0 0 0
1460459700 0 0 0 0
1460459400 0 0 0 0
1460459100 0 0 0 0
1460458800 0 0 0 0
1460458500 0 0 0 0
1460458200 0 0 0 0
1460457900 0 0 0 0
1460457600 0 0 0 0
1460457300 0 0 0 0
1460457000 0 0 0 0
1460456700 0 0 0 0
1460456400 0 0 0 0
1460456100 0 0 0 0
1460455800 0 0 0 0
1460455500 0 0 0 0
1460455200 0 0 0 0
1460454900 0 0 0 0
1460454600 0 0 0 0
1460454300 0 0 0 0
1460454000 0 0 0 0
1460453700 0 0 0 0
1460453400 0 0 0 0
1460453100 0 0 0 0
1460452800 0 0 0 0
1460452500 0 0 0 0
1460452200 0 0 0 0
1460451900 0 0 0 0
1460451600 0 0 0 0
1460451300 0 0 0 0
1460451000 0 0 0 0
1460450700 0 0 0 0
1460450400 0 0 0 0
1460450100 0 0 0 0
1460449800 0 0 0 0
1460449500 0 0 0 0
1460449200 0 0 0 0
1460448900 0 0 0 0
1460448600 0 0 0 0
1460448300 0 0 0 0
1460448000 0 0 0 0
1460447700 0 0 0 0
1460447400 0 0 0 0
1460447100 0 0 0 0
1460446800 0 0 0 0
1460446500 0 0 0 0
1460446200 0 0 0 0
1460445900 0 0 0 0
1460445600 0 0 0 0
1460445300 0 0 0 0
1460445000 0 0 0 0
1460444700 0 0 0 0
1460444400 0 0 0 0
1460444100 0 0 0 0
1460443800 0 0 0 0
1460443500 0 0 0 0
1460443200 0 0 0 0
1460442900 0 0 0 0
1460442600 0 0 0 0
1460442300 0 0 0 0
1460442000 0 0 0 0
1460441700 0 0 0 0
1460441400 0 0 0 0
1460441100 0 0 0 0
1460440800 0 0 0 0
1460440500 0 0 0 0
1460440200 0 0 0 0
1460439900 0 0 0 0
1460439600 0 0 0 0
1460439300 0 0 0 0
1460439000 0 0 0 0
1460438700 0 0 0 0
1460438400 0 0 0 0
1460438100 0 0 0 0
1460437800 0 0 0 0
1460437500 0 0 0 0
1460437200 0 0 0 0
1460436900 0 0 0 0
1460436600 0 0 0 0
1460436300 0 0 0 0
1460436000 0 0 0 0
1460435700 0 0 0 0
1460435400 0 0 0 0
1460435100 0 0 0 0
1460434800 0 0 0 0
1460434500 0 0 0 0
1460434200 0 0 0 0
1460433900 0 0 0 0
1460433600 0 0 0 0
1460433300 0 0 0 0
1460433000 0 0 0 0
1460432700 0 0 0 0
1460432400 0 0 0 0
1460432100 0 0 0 0
1460431800 0 0 0 0
1460431500 0 0 0 0
1460431200 0 0 0 0
1460430900 0 0 0 0
1460430600 0 0 0 0
1460430300 0 0 0 0
1460430000 0 0 0 0
1460429700 0 0 0 0
1460429400 0 0 0 0
1460429100 0 0 0 0
1460428800 0 0 0 0
1460428500 0 0 0 0
1460428200 0 0 0 0
1460427900 0 0 0 0
1460427600 0 0 0 0
1460427300 0 0 0 0
1460427000 0 0 0 0
1460426700 0 0 0 0
1460426400 0 0 0 0
1460426100 0 0 0 0
1460425800 0 0 0 0
1460425500 0 0 0 0
1460425200 0 0 0 0
1460424900 0 0 0 0
1460424600 0 0 0 0
1460424300 0 0 0 0
1460424000 0 0 0 0
1460423700 0 0 0 0
1460423400 0 0 0 0
1460423100 0 0 0 0
1460422800 0 0 0 0
1460422500 0 0 0 0
1460422200 0 0 0 0
1460421000 0 0 0 0
1460419200 0 0 0 0
1460417400 0 0 0 0
1460415600 0 0 0 0
1460413800 0 0 0 0
1460412000 0 0 0 0
1460410200 0 0 0 0
1460408400 0 0 0 0
1460406600 0 0 0 0
1460404800 0 0 0 0
1460403000 0 0 0 0
1460401200 0 0 0 0
1460399400 0 0 0 0
1460397600 0 0 0 0
1460395800 0 0 0 0
1460394000 0 0 0 0
1460392200 0 0 0 0
1460390400 0 0 0 0
1460388600 0 0 0 0
1460386800 0 0 0 0
1460385000 0 0 0 0
1460383200 0 0 0 0
1460381400 0 0 0 0
1460379600 0 0 0 0
1460377800 0 0 0 0
1460376000 0 0 0 0
1460374200 0 0 0 0
1460372400 0 0 0 0
1460370600 0 0 0 0
1460368800 0 0 0 0
1460367000 0 0 0 0
1460365200 0 0 0 0
1460363400 0 0 0 0
1460361600 0 0 0 0
1460359800 0 0 0 0
1460358000 0 0 0 0
1460356200 0 0 0 0
1460354400 0 0 0 0
1460352600 0 0 0 0
1460350800 0 0 0 0
1460349000 0 0 0 0
1460347200 0 0 0 0
1460345400 0 0 0 0
1460343600 0 0 0 0
1460341800 0 0 0 0
1460340000 0 0 0 0
1460338200 0 0 0 0
1460336400 0 0 0 0
1460334600 0 0 0 0
1460332800 0 0 0 0
1460331000 0 0 0 0
1460329200 0 0 0 0
1460327400 0 0 0 0
1460325600 0 0 0 0
1460323800 0 0 0 0
1460322000 0 0 0 0
1460320200 0 0 0 0
1460318400 0 0 0 0
1460316600 0 0 0 0
1460314800 0 0 0 0
1460313000 0 0 0 0
1460311200 0 0 0 0
1460309400 0 0 0 0
1460307600 0 0 0 0
1460305800 0 0 0 0
1460304000 0 0 0 0
1460302200 0 0 0 0
1460300400 0 0 0 0
1460298600 0 0 0 0
1460296800 0 0 0 0
1460295000 0 0 0 0
1460293200 0 0 0 0
1460291400 0 0 0 0
1460289600 0 0 0 0
1460287800 0 0 0 0
1460286000 0 0 0 0
1460284200 0 0 0 0
1460282400 0 0 0 0
1460280600 0 0 0 0
1460278800 0 0 0 0
1460277000 0 0 0 0
1460275200 0 0 0 0
1460273400 0 0 0 0
1460271600 0 0 0 0
1460269800 0 0 0 0
1460268000 0 0 0 0
1460266200 0 0 0 0
1460264400 0 0 0 0
1460262600 0 0 0 0
1460260800 0 0 0 0
1460259000 0 0 0 0
1460257200 0 0 0 0
1460255400 0 0 0 0
1460253600 0 0 0 0
1460251800 0 0 0 0
1460250000 0 0 0 0
1460248200 0 0 0 0
1460246400 0 0 0 0
1460244600 0 0 0 0
1460242800 0 0 0 0
1460241000 0 0 0 0
1460239200 0 0 0 0
1460237400 0 0 0 0
1460235600 0 0 0 0
1460233800 0 0 0 0
1460232000 0 0 0 0
1460230200 0 0 0 0
1460228400 0 0 0 0
1460226600 0 0 0 0
1460224800 0 0 0 0
1460223000 0 0 0 0
1460221200 0 0 0 0
1460219400 0 0 0 0
1460217600 0 0 0 0
1460215800 0 0 0 0
1460214000 0 0 0 0
1460212200 0 0 0 0
1460210400 0 0 0 0
1460208600 0 0 0 0
1460206800 0 0 0 0
1460205000 0 0 0 0
1460203200 0 0 0 0
1460201400 0 0 0 0
1460199600 0 0 0 0
1460197800 0 0 0 0
1460196000 0 0 0 0
1460194200 0 0 0 0
1460192400 0 0 0 0
1460190600 0 0 0 0
1460188800 0 0 0 0
1460187000 0 0 0 0
1460185200 0 0 0 0
1460183400 0 0 0 0
1460181600 0 0 0 0
1460179800 0 0 0 0
1460178000 0 0 0 0
1460176200 0 0 0 0
1460174400 0 0 0 0
1460172600 0 0 0 0
1460170800 0 0 0 0
1460169000 0 0 0 0
1460167200 0 0 0 0
1460165400 0 0 0 0
1460163600 0 0 0 0
1460161800 0 0 0 0
1460160000 0 0 0 0
1460158200 0 0 0 0
1460156400 0 0 0 0
1460154600 0 0 0 0
1460152800 0 0 0 0
1460151000 0 0 0 0
1460149200 0 0 0 0
1460147400 0 0 0 0
1460145600 0 0 0 0
1460143800 0 0 0 0
1460142000 0 0 0 0
1460140200 0 0 0 0
1460138400 0 0 0 0
1460136600 0 0 0 0
1460134800 1 317 10 1176
1460133000 10 981 11 1158
1460131200 10 1070 11 1382
1460129400 10 975 10 1061
1460127600 10 955 10 1045
1460125800 10 973 10 1083
1460124000 10 1022 12 1086
1460122200 10 1080 10 1352
1460120400 10 990 10 1115
1460118600 10 939 10 1121
1460116800 10 806 10 928
1460115000 10 681 10 903
1460113200 10 473 10 573
1460111400 10 461 10 573
1460109600 10 430 10 505
1460107800 10 420 10 455
1460106000 10 429 10 518
1460104200 10 435 10 518
1460102400 10 449 10 497
1460100600 10 430 11 486
1460098800 10 443 11 507
1460097000 10 420 10 442
1460095200 10 421 11 456
1460093400 10 430 11 506
1460091600 10 442 10 506
1460089800 10 414 11 458
1460088000 10 446 11 493
1460086200 10 428 10 466
1460084400 10 424 10 482
1460082600 10 447 10 482
1460080800 10 421 12 475
1460079000 10 459 10 510
1460077200 10 515 10 597
1460075400 10 495 10 592
1460073600 10 480 10 547
1460071800 10 510 10 615
1460070000 10 527 10 567
1460068200 10 548 10 757
1460066400 10 599 10 705
1460064600 10 811 10 1045
1460062800 10 970 10 1154
1460061000 10 1231 11 1534
1460059200 10 1866 11 2570
1460057400 10 1783 10 2042
1460055600 10 1745 10 1966
1460053800 10 1657 11 1771
1460052000 10 1771 11 2512
1460050200 10 1779 10 2512
1460048400 10 1727 10 2008
1460046600 10 1598 10 1860
1460044800 10 1750 10 1844
1460043000 10 1769 10 2074
1460041200 10 1907 10 2284
1460039400 10 1753 10 2317
1460037600 10 1536 12 2004
1460035800 10 1837 10 2772
1460034000 10 1450 10 1884
1460032200 10 882 10 1176
1460030400 10 561 10 1002
1460028600 10 440 10 460
1460026800 10 460 10 521
1460025000 10 444 10 475
1460023200 10 437 10 484
1460021400 10 424 10 450
1460019600 10 428 10 494
1460017800 10 439 10 494
1460016000 10 427 10 441
1460014200 10 446 11 488
1460012400 10 429 11 466
1460010600 10 424 10 435
1460008800 10 438 71 537
1460007000 10 434 10 471
1460005200 10 409 11 433
1460003400 10 445 11 529
1460001600 10 433 11 484
1459999800 10 435 10 483
1459998000 10 427 11 461
1459996200 10 440 11 495
1459994400 10 426 12 517
1459992600 10 442 10 517
1459990800 10 425 11 463
1459989000 10 431 11 485
1459987200 10 443 11 485
1459985400 10 416 10 462
1459983600 10 414 11 450
1459981800 10 479 11 563
1459980000 10 552 11 674
1459978200 10 938 10 1178
1459976400 10 1110 11 1293
1459974600 10 1181 11 1545
1459972800 10 1290 11 1833
1459971000 10 1085 10 1373
1459969200 10 1231 11 1405
1459967400 10 1041 11 1111
1459965600 10 1107 11 1268
1459963800 10 935 10 1126
1459962000 10 1068 11 1448
1459960200 10 1012 11 1539
1459958400 10 818 11 923
1459956600 10 831 10 1020
1459954800 10 761 11 841
1459953000 10 829 11 1074
1459951200 10 859 12 1153
1459949400 10 1002 10 1464
1459947600 10 980 11 1209
1459945800 10 756 11 1298
1459944000 10 559 11 911
1459942200 10 489 10 542
1459940400 10 522 11 580
1459938600 10 484 11 502
1459936800 10 473 11 523
1459935000 10 506 11 575
1459933200 10 485 11 525
1459931400 10 481 11 520
1459929600 10 500 11 536
1459927800 10 510 11 663
1459926000 10 490 11 518
1459924200 10 496 11 608
1459922400 10 494 11 570
1459920600 10 481 11 521
1459918800 10 485 11 520
1459917000 10 491 11 521
1459915200 10 477 11 520
1459913400 10 484 10 507
1459911600 10 493 11 564
1459909800 10 491 11 558
1459908000 10 483 12 527
1459906200 10 481 10 527
1459904400 10 484 11 515
1459902600 10 479 11 515
1459900800 10 489 11 557
1459899000 10 489 11 530
1459897200 10 483 11 514
1459895400 11 539 27 657
1459893600 10 529 10 576
1459891800 10 735 10 1110
1459890000 74 1091 171 1355
1459888200 139 1175 328 1789
1459886400 148 1197 221 1385
1459884600 160 1157 254 1338
1459882800 12254 1977 72518 5295
1459881000 176 1316 249 1592
1459879200 271 1340 655 1801
1459877400 588 2979 1754 9428
1459875600 222 2282 3076 42308
1459873800 1183 10180 3076 42308
1459872000 12296 2922 72520 9218
1459870200 22229 4169 111077 12173
1459868400 319 1861 1675 9163
1459866600 531 4649 1675 13374
1459864800 490 2337 2550 5354
1459863000 367 2206 2550 4336
1459861200 10 1095 10 1435
1459859400 10 1089 10 1758
1459857600 10 508 10 731
1459855800 10 497 10 731
1459854000 10 466 10 511
1459852200 10 488 10 603
1459850400 10 455 10 484
1459848600 10 454 10 531
1459846800 10 459 10 531
1459845000 10 468 10 498
1459843200 10 454 10 527
1459841400 10 477 11 527
1459839600 10 457 11 493
1459837800 10 465 10 524
1459836000 10 459 10 524
1459834200 10 468 10 516
1459832400 10 513 10 658
1459830600 10 453 10 493
1459828800 10 406 10 444
1459827000 10 418 10 447
1459825200 10 452 10 511
1459823400 10 426 10 486
1459821600 10 411 12 482
1459819800 10 426 10 453
1459818000 10 418 10 461
1459816200 10 471 10 605
1459814400 10 422 10 479
1459812600 10 423 10 457
1459810800 10 421 10 469
1459809000 10 445 10 488
1459807200 10 512 10 786
1459805400 10 658 10 1054
1459803600 10 759 10 862
1459801800 10 873 10 1307
1459800000 10 977 11 1307
1459798200 10 969 10 1083
1459796400 10 903 11 1076
1459794600 10 892 11 1103
1459792800 10 1041 11 1479
1459791000 10 865 10 959
1459789200 10 1016 11 1195
1459787400 10 832 11 1004
1459785600 10 898 11 1212
1459783800 10 861 10 1054
1459782000 10 826 10 964
1459780200 10 805 10 868
1459778400 10 756 12 1134
1459776600 10 1252 10 1650
1459774800 10 964 10 1621
1459773000 10 661 10 1178
1459771200 10 412 10 647
1459769400 10 427 10 647
1459767600 10 400 10 483
1459765800 10 425 10 503
1459764000 10 380 10 419
1459762200 10 383 10 396
1459760400 10 409 10 452
1459758600 10 402 10 452
1459756800 10 412 10 503
1459755000 10 415 11 484
1459753200 10 411 11 471
1459751400 10 402 10 438
1459749600 10 406 10 428
1459747800 10 402 10 442
1459746000 10 424 10 452
1459744200 10 402 11 458
1459742400 10 390 11 468
1459740600 10 393 10 431
1459738800 10 395 11 436
1459737000 10 400 11 437
1459735200 10 419 12 493
1459733400 10 414 10 450
1459731600 10 401 11 443
1459729800 10 416 11 443
1459728000 10 429 11 480
1459726200 10 509 10 1076
1459724400 10 370 11 397
1459722600 10 381 11 419
1459720800 10 388 11 415
1459719000 10 378 10 425
1459717200 10 375 11 443
1459715400 10 385 11 443
1459713600 10 385 11 418
1459711800 10 382 10 411
1459710000 10 378 11 389
1459708200 10 381 11 399
1459706400 10 390 11 401
1459704600 10 376 10 405
1459702800 10 374 11 508
1459701000 10 407 11 508
1459699200 10 398 11 429
1459697400 10 397 10 445
1459695600 10 410 11 444
1459693800 10 409 11 483
1459692000 10 375 12 399
1459690200 10 372 10 399
1459688400 10 379 11 404
1459686600 10 382 11 411
1459684800 10 374 11 392
1459683000 10 381 10 435
1459681200 10 383 11 408
1459679400 10 379 11 403
1459677600 10 414 11 498
1459675800 10 372 10 416
1459674000 10 382 11 425
1459672200 10 399 11 418
1459670400 10 384 11 429
1459668600 10 390 11 419
1459666800 10 386 11 406
1459665000 10 378 11 416
1459663200 10 374 11 405
1459661400 10 388 10 438
1459659600 10 382 11 412
1459657800 10 395 11 428
1459656000 10 399 11 425
1459654200 10 389 10 428
1459652400 10 406 11 479
1459650600 10 429 11 501
1459648800 10 402 12 468
1459647000 10 385 10 431
1459645200 10 379 11 422
1459643400 10 397 11 475
1459641600 10 378 11 397
1459639800 10 371 10 396
1459638000 10 377 11 429
1459636200 10 383 11 417
1459634400 10 379 11 419
1459632600 10 383 10 459
1459630800 10 381 11 426
1459629000 10 376 11 406
1459627200 10 385 11 430
1459625400 10 388 10 432
1459623600 10 365 11 389
1459621800 10 376 11 397
1459620000 10 380 11 424
1459618200 10 384 10 433
1459616400 10 380 11 435
1459614600 10 395 11 453
1459612800 10 409 11 454
1459611000 10 402 10 451
1459609200 10 371 11 388
1459607400 10 407 11 437
1459605600 10 389 12 419
1459603800 10 378 10 401
1459602000 10 363 11 401
1459600200 10 384 11 455
1459598400 10 381 11 420
1459596600 10 363 10 394
1459594800 10 375 11 460
1459593000 10 382 11 410
1459591200 10 378 11 396
1459589400 10 366 10 378
1459587600 10 385 11 428
1459585800 10 377 11 396
1459584000 10 375 11 418
1459582200 10 374 11 418
1459580400 10 364 11 396
1459578600 10 375 11 424
1459576800 10 384 11 463
1459575000 10 371 10 401
1459573200 10 379 11 410
1459571400 10 388 11 435
1459569600 10 378 11 390
1459567800 10 370 10 389
1459566000 10 384 11 423
1459564200 10 387 11 417
1459562400 10 382 12 424
1459560600 10 401 10 452
1459558800 10 385 11 411
1459557000 10 396 11 419
1459555200 10 406 11 454
1459553400 10 394 10 445
1459551600 10 385 11 430
1459549800 10 469 11 547
1459548000 10 580 11 679
1459546200 10 695 10 1055
1459544400 10 765 11 1015
1459542600 21006 5504 124695 16450
1459540800 125 1337 235 1652
1459539000 131 1383 200 1799
1459537200 155 1287 264 1552
1459535400 264 1940 2626 21449
1459533600 5395 94297 13716 261124
1459531800 1700 25183 9899 167361
1459530000 5003 37822 13006 114244
1459528200 331 2007 783 6018
1459526400 4094 22131 12884 70902
1459524600 15252 5558 82722 8527
1459522800 304 1685 537 1876
1459521000 623 3176 1342 6443
1459519200 537 1895 1162 2230
1459517400 401 1862 1162 2371
1459515600 127 1411 181 1805
1459513800 131 1193 193 1421
1459512000 123 941 198 1616
1459510200 136 767 181 1223
1459508400 122 639 185 725
1459506600 104 600 170 693
1459504800 208 642 629 770
1459503000 119 727 189 994
1459501200 12173 1081 72428 3179
1459499400 108 715 191 1262
1459497600 186 2365 549 11128
1459495800 254 740 918 1458
1459494000 131 781 442 1347
1459492200 171 804 442 1172
1459490400 24217 1502 132183 5366
1459488600 125 705 292 941
1459486800 117 607 232 711
1459485000 133 670 180 794
1459483200 112 612 172 698
1459481400 108 666 212 813
1459479600 12169 1286 72447 3483
1459477800 119 710 220 826
1459476000 145 1674 328 6698
1459474200 132 776 184 1170
1459472400 144 730 247 844
1459470600 127 707 194 826
1459468800 6133 902 36289 2192
1459467000 124 696 176 845
1459465200 136 707 175 801
1459463400 125 726 272 980
1459461600 198 1035 285 1547
1459459800 172 1109 247 2061
1459458000 6200 1512 21158 2061
1459456200 1794 10704 6415 32553
1459454400 1108 10618 2991 41945
1459452600 231 1537 349 1808
1459450800 239 1576 390 1946
1459449000 514 5043 1641 21975
1459447200 3372 16308 6254 40266
1459445400 13202 4894 72749 20903
1459443600 205 1520 393 1982
1459441800 190 1623 407 3435
1459440000 847 10097 3724 53656
1459438200 13406 7834 67028 30112
1459436400 750 5335 4084 30112
1459434600 239 4739 593 20934
1459432800 461 1649 1062 2299
1459431000 59234 19431 273212 50392
1459429200 10 966 11 1210
1459427400 10 838 11 1449
1459425600 10 657 11 817
1459423800 10 492 10 667
1459422000 10 449 11 539
1459420200 10 479 11 568
1459418400 10 474 11 489
1459416600 10 432 10 503
1459414800 10 423 11 479
1459413000 10 462 11 551
1459411200 10 450 11 518
1459409400 10 433 11 503
1459407600 10 425 11 442
1459405800 10 434 11 476
1459404000 10 448 11 531
1459402200 10 440 10 482
1459400400 10 425 11 457
1459398600 10 474 11 546
1459396800 10 477 11 537
1459395000 10 432 10 485
1459393200 10 443 11 493
1459391400 10 518 11 835
1459389600 10 529 12 835
1459387800 10 470 10 507
1459386000 10 477 11 518
1459384200 10 484 11 556
1459382400 10 467 11 481
1459380600 10 478 10 532
1459378800 10 464 11 483
1459377000 10 495 11 525
1459375200 10 559 11 846
1459373400 10 588 10 739
1459371600 10 831 11 1176
1459369800 10 1007 11 1176
1459368000 10 925 11 1104
1459366200 10 1271 10 1499
1459364400 10 1184 11 1446
1459362600 10 1262 11 1552
1459360800 10 1004 11 1129
1459359000 10 1013 10 1181
1459357200 10 999 11 1181
1459355400 10 1146 11 1475
1459353600 10 966 11 1252
1459351800 10 1050 10 1456
1459350000 10 1064 11 1218
1459348200 10 1053 11 1359
1459346400 10 1056 12 1406
1459344600 10 1265 10 1950
1459342800 10 1080 11 1237
1459341000 10 883 11 1050
1459339200 10 536 11 1411
1459332000 10 436 11 516
1459324800 10 437 11 511
1459317600 10 430 11 473
1459310400 10 434 11 531
1459303200 10 454 12 514
1459296000 10 476 11 608
1459288800 940 2136 6216 7872
1459281600 3140 7442 38718 48547
1459274400 606 6476 4037 83241
1459267200 24322 3083 399307 16834
1459260000 303 1693 4144 10386
1459252800 10 449 10 711
1459245600 10 388 10 484
1459238400 10 384 11 422
1459231200 9 383 11 467
1459224000 10 390 12 468
1459216800 10 400 11 513
1459209600 10 437 10 494
1459202400 10 764 10 1527
1459195200 10 1043 10 1533
1459188000 10 1070 10 2125
1459180800 10 1047 12 2053
1459173600 10 1059 10 1691
1459166400 10 502 10 1111
1459159200 10 392 10 457
1459152000 10 398 11 457
1459144800 10 391 11 470
1459137600 10 392 12 455
1459130400 10 398 10 482
1459123200 10 393 10 458
1459116000 10 394 10 451
1459108800 10 394 10 461
1459101600 10 400 10 471
1459094400 10 390 12 455
1459087200 10 393 10 456
1459080000 10 400 10 456
1459072800 10 393 10 436
1459065600 10 389 11 444
1459058400 10 393 11 470
1459051200 10 392 12 462
1459044000 10 391 10 481
1459036800 10 388 10 481
1459029600 10 393 10 468
1459022400 10 390 10 429
1459015200 10 392 10 452
1459008000 10 390 12 450
1459000800 10 400 10 452
1458993600 10 403 10 451
1458986400 10 408 11 452
1458979200 10 423 11 516
1458972000 10 413 11 509
1458964800 10 411 11 459
1458957600 10 405 11 460
1458950400 10 407 10 462
1458943200 10 427 10 708
1458936000 10 429 10 708
1458928800 10 416 10 481
1458921600 10 428 12 557
1458914400 10 431 10 658
1458907200 10 414 10 486
1458900000 10 412 10 493
1458892800 10 422 11 651
1458885600 10 438 11 650
1458878400 10 450 12 621
1458871200 10 415 10 482
1458864000 10 428 10 668
1458856800 10 810 10 1626
1458849600 10 1069 10 2031
1458842400 10 919 10 1216
1458835200 10 907 26 1248
1458828000 10 943 12 2906
1458820800 10 494 11 711
1458813600 10 449 11 523
1458806400 10 459 11 613
1458799200 10 450 11 602
1458792000 10 446 11 520
1458784800 10 442 12 523
1458777600 10 442 11 542
1458770400 87 827 577 2591
1458763200 1580 6843 11233 52749
1458756000 1788 14064 5577 50131
1458748800 26759 7505 366020 27104
1458741600 280 1577 2225 5800
1458734400 10 574 11 963
1458727200 10 514 11 592
1458720000 10 516 11 583
1458712800 9 519 11 581
1458705600 10 565 11 700
1458698400 10 527 12 716
1458691200 10 552 11 793
1458684000 10 872 11 1585
1458676800 10 1218 11 1674
1458669600 10 1080 11 1393
1458662400 10 1115 11 1302
1458655200 10 1313 12 1923
1458648000 10 654 11 974
1458640800 10 589 11 656
1458633600 10 582 11 676
1458626400 10 585 11 648
1458619200 10 575 11 679
1458612000 10 625 12 703
1458604800 10 636 11 735
1458597600 10 937 11 1696
1458590400 10 1074 11 1332
1458583200 10 1051 11 1255
1458576000 10 1028 11 1306
1458568800 10 984 12 2365
1458561600 10 412 11 676
1458554400 10 329 11 401
1458547200 10 337 11 407
1458540000 10 345 11 440
1458532800 10 334 11 406
1458525600 10 373 12 703
1458518400 10 338 11 398
1458511200 10 323 11 405
1458504000 10 319 11 394
1458496800 10 352 11 512
1458489600 10 327 11 421
1458482400 10 303 12 359
1458475200 10 263 11 427
1458468000 10 239 11 325
1458460800 10 243 11 294
1458453600 10 260 11 368
1458446400 10 236 11 313
1458439200 10 257 12 356
1458432000 10 247 11 351
1458424800 10 241 11 387
1458417600 10 236 11 302
1458410400 10 243 11 307
1458403200 10 238 11 335
1458396000 10 232 12 305
1458388800 10 231 11 315
1458381600 10 236 11 324
1458374400 10 236 11 314
1458367200 10 232 11 282
1458360000 10 243 11 332
1458352800 10 249 12 318
1458345600 10 373 11 1252
1458338400 10 610 11 1782
1458331200 10 956 11 1514
1458324000 10 950 11 1251
1458316800 10 944 11 1448
1458309600 10 1067 12 1680
1458302400 10 625 11 1029
1458295200 10 516 11 576
1458288000 10 533 11 700
1458280800 10 546 11 732
1458273600 10 497 11 613
1458266400 10 494 12 760
1458259200 10 547 11 740
1458252000 10 854 11 1779
1458244800 10 1102 11 1779
1458237600 10 905 11 1400
1458230400 10 927 11 1409
1458223200 10 1117 12 1703
1458216000 10 465 11 811
1458208800 10 397 11 457
1458201600 10 426 11 826
1458194400 10 407 11 454
1458187200 10 411 11 691
1458180000 10 385 12 434
1458172800 10 364 11 414
1458165600 66 795 269 1855
1458158400 232 1445 595 5891
1458151200 1082 33174 10615 392021
1458144000 12398 6520 248215 21983
1458136800 548 1639 4934 5477
1458129600 167 950 485 6969
1458122400 154 882 445 6104
1458115200 288 4229 3109 86614
1458108000 183 711 883 1581
1458100800 146 888 513 7019
1458093600 11823 1148 280232 11205
1458086400 166 824 492 4559
1458079200 171 990 370 2362
1458072000 145 1061 254 1954
1458064800 162 1104 299 1658
1458057600 14375 1772 247317 10681
1458050400 190 1612 774 6963
1458043200 179 830 864 2776
1458036000 1339 45040 8203 306557
1458028800 160 927 454 5982
1458021600 159 842 282 3396
1458014400 1649 693 22898 1674
1458007200 156 1017 407 7823
1458000000 193 2365 1105 38561
1457992800 1705 1165 36619 3699
1457985600 686 2695 2707 10493
1457978400 487 3849 3927 40250
1457971200 13019 4290 235666 16362
1457964000 647 3127 4222 21586
1457956800 10 405 10 627
1457949600 10 341 10 385
1457942400 10 339 12 373
1457935200 10 335 11 395
1457928000 10 337 11 417
1457920800 10 337 10 390
1457913600 10 340 10 405
1457906400 10 337 10 404
1457899200 10 336 12 391
1457892000 10 335 10 380
1457884800 10 340 10 412
1457877600 10 335 10 388
1457870400 10 337 11 410
1457863200 10 330 11 441
1457856000 10 317 12 478
1457848800 10 313 11 375
1457841600 10 310 11 343
1457834400 10 308 11 351
1457827200 10 317 11 402
1457820000 10 317 11 401
1457812800 10 320 12 410
1457805600 10 317 11 391
1457798400 10 316 11 423
1457791200 10 307 11 350
1457784000 10 310 11 359
1457776800 10 323 11 705
1457769600 10 303 12 355
1457762400 10 306 10 356
1457755200 10 317 10 380
1457748000 10 311 10 428
1457740800 10 392 11 1219
1457733600 10 968 10 1283
1457726400 10 872 12 1235
1457719200 10 835 11 1313
1457712000 14 890 113 1501
1457704800 10 650 10 1501
1457697600 10 330 10 414
1457690400 10 320 10 360
1457683200 10 322 12 405
1457676000 10 319 10 407
1457668800 10 318 10 514
1457661600 10 293 10 341
1457654400 10 392 10 817
1457647200 10 732 27 967
1457640000 10 857 12 1109
1457632800 10 815 11 1098
1457625600 10 937 11 2236
1457618400 10 629 11 1068
1457611200 10 328 10 500
1457604000 10 318 10 374
1457596800 10 318 22 409
1457589600 10 384 10 851
1457582400 10 308 10 421
1457575200 10 346 10 635
1457568000 10 468 10 815
1457560800 10 714 10 1219
1457553600 10 771 12 1258
1457546400 10 873 10 1319
1457539200 10 1251 10 3726
1457532000 10 634 10 1527
1457524800 10 372 10 618
1457517600 10 369 10 537
1457510400 10 378 12 471
1457503200 10 373 11 435
1457496000 10 346 10 512
1457488800 10 351 10 442
1457481600 10 393 11 759
1457474400 10 750 11 1120
1457467200 10 758 11 1094
1457460000 10 748 11 947
1457452800 10 889 11 1412
1457445600 10 534 11 1044
1457438400 10 347 11 424
1457431200 10 357 11 495
1457424000 9 345 12 439
1457416800 10 349 10 526
1457409600 10 371 10 495
1457402400 10 413 10 649
1457395200 10 505 10 879
1457388000 10 796 10 1174
1457380800 10 674 12 988
1457373600 10 668 10 828
1457366400 10 957 10 2039
1457359200 10 584 10 1119
1457352000 10 292 10 393
1457344800 10 287 10 362
1457337600 10 287 12 372
1457330400 10 282 10 335
1457323200 10 280 10 325
1457316000 10 282 10 343
1457308800 10 284 10 352
1457301600 10 283 11 367
1457294400 10 286 12 341
1457287200 10 287 10 365
1457280000 10 292 10 475
1457272800 10 281 10 377
1457265600 10 284 10 350
1457258400 10 282 10 332
1457251200 10 303 12 476
1457244000 10 278 10 345
1457236800 10 276 10 330
1457229600 10 275 10 320
1457222400 10 273 10 320
1457215200 10 276 11 310
1457208000 10 274 12 345
1457200800 10 283 10 466
1457193600 10 276 10 356
1457186400 10 275 10 328
1457179200 10 272 10 344
1457172000 10 277 10 375
1457164800 10 278 12 325
1457157600 10 282 10 344
1457150400 10 281 10 347
1457143200 10 282 10 362
1457136000 10 356 10 602
1457128800 10 711 10 1093
1457121600 10 808 12 1179
1457114400 10 825 10 1010
1457107200 10 881 10 1463
1457100000 10 627 10 1463
1457092800 10 356 10 451
1457085600 10 356 10 414
1457078400 9 352 12 409
1457071200 10 352 11 397
1457064000 10 392 11 600
1457056800 10 399 10 477
1457049600 10 435 10 676
1457042400 10 980 10 1426
1457035200 10 929 12 1647
1457028000 10 845 10 1141
1457020800 10 1046 10 1614
1457013600 10 670 11 1574
1457006400 10 335 11 435
1456999200 10 324 11 361
1456992000 10 336 12 517
1456984800 10 330 11 404
1456977600 10 335 11 393
1456970400 10 361 11 468
1456963200 10 354 11 494
1456956000 10 530 11 854
1456948800 10 578 12 810
1456941600 10 573 11 966
1456934400 10 680 11 1371
1456927200 10 448 11 936
1456920000 10 238 11 344
1456912800 10 246 11 611
1456905600 10 237 12 318
1456898400 10 231 11 274
1456891200 10 231 11 317
1456884000 10 235 11 279
1456876800 10 273 11 557
1456869600 10 601 11 751
1456862400 10 691 12 885
1456855200 10 696 11 832
1456848000 10 765 11 1055
1456840800 10 591 11 1188
1456833600 10 333 11 461
1456826400 10 325 11 369
1456819200 10 329 12 355
1456812000 10 329 11 378
1456804800 10 346 11 680
1456797600 10 330 11 378
1456790400 10 405 11 719
1456783200 10 778 11 1161
1456776000 10 801 12 1197
1456768800 10 766 11 1278
1456761600 10 1062 11 1845
1456754400 10 649 11 1561
1456747200 10 264 11 380
1456740000 10 259 11 340
1456732800 9 262 12 306
1456725600 10 260 11 321
1456718400 10 256 11 313
1456711200 10 261 11 337
1456704000 10 256 11 294
1456696800 10 260 11 297
1456689600 10 259 12 312
1456682400 10 262 11 336
1456675200 10 264 11 336
1456668000 10 302 11 347
1456660800 10 309 11 374
1456653600 10 289 11 342
1456646400 10 258 12 296
1456639200 10 260 11 336
1456632000 10 264 11 375
1456624800 10 261 11 325
1456617600 10 257 11 318
1456610400 10 260 11 311
1456603200 10 255 12 308
1456596000 10 287 11 445
1456588800 10 340 11 468
1456581600 10 257 11 311
1456574400 10 256 11 313
1456567200 10 259 11 308
1456560000 9 256 12 301
1456552800 10 259 11 313
1456545600 10 259 11 337
1456538400 10 261 11 309
1456531200 10 315 11 440
1456524000 10 760 11 1164
1456516800 10 1054 27 1765
1456509600 10 1095 11 1477
1456502400 10 1044 11 1401
1456495200 10 784 11 1700
1456488000 10 502 11 582
1456480800 10 501 11 560
1456473600 10 509 12 595
1456466400 10 500 11 596
1456459200 10 511 11 601
1456452000 10 514 11 598
1456444800 10 556 11 721
1456437600 10 863 11 1288
1456430400 10 924 12 1735
1456423200 10 1089 11 1449
1456416000 10 1384 11 1771
1456408800 10 860 11 1903
1456401600 10 521 11 625
1456394400 10 522 11 597
1456387200 10 508 12 597
1456380000 10 485 11 701
1456372800 10 486 11 642
1456365600 10 548 11 724
1456358400 10 842 11 1070
1456351200 10 1069 11 1566
1456344000 10 1072 12 1449
1456336800 10 1051 11 1430
1456329600 10 1234 11 2200
1456322400 10 814 11 1921
1456315200 10 464 11 760
1456308000 10 456 11 542
1456300800 10 457 12 527
1456293600 10 468 11 619
1456286400 10 486 11 632
1456279200 10 488 11 701
1456272000 10 606 11 1057
1456264800 10 820 11 1092
1456257600 10 883 12 1425
1456250400 10 970 11 1254
1456243200 10 1012 11 1295
1456236000 10 792 11 1580
1456228800 10 343 11 440
1456221600 10 345 11 379
1456214400 10 359 34 441
1456207200 10 371 11 510
1456200000 10 479 11 675
1456192800 10 477 11 588
1456185600 10 537 11 867
1456178400 10 948 48 1304
1456171200 10 1000 12 1297
1456164000 10 1033 11 1297
1456156800 10 1015 11 1305
1456149600 10 802 11 1398
1456142400 10 351 11 408
1456135200 10 363 11 434
1456128000 10 360 12 458
1456120800 10 351 11 400
1456113600 10 348 11 410
1456106400 10 349 11 408
1456099200 10 352 11 401
1456092000 10 351 11 403
1456084800 10 352 11 424
1456077600 10 353 11 406
1456070400 10 347 11 477
1456063200 10 337 11 387
1456056000 10 336 11 378
1456048800 10 337 11 417
1456041600 10 337 11 397
1456034400 10 338 11 386
1456027200 10 337 10 382
1456020000 10 337 10 385
1456012800 10 342 10 398
1456005600 10 338 10 376
1455998400 10 339 11 390
1455991200 10 338 10 383
1455984000 10 341 10 416
1455976800 10 336 10 373
1455969600 10 338 10 394
1455962400 10 337 11 414
1455955200 10 340 11 395
1455948000 10 350 11 447
1455940800 10 349 11 395
1455933600 10 357 11 422
1455926400 10 384 11 534
1455919200 10 826 11 1365
1455912000 10 856 35 1030
1455904800 1178 1247 24601 3531
1455897600 1002 3378 3673 19600
1455890400 229 1015 571 1987
1455883200 216 744 663 1863
1455876000 232 1152 701 9867
1455868800 238 942 725 3394
1455861600 293 2825 1617 51052
1455854400 3171 988 71755 4306
1455847200 195 999 365 6768
1455840000 521 7929 2586 55135
1455832800 316 2053 841 9686
1455825600 374 4281 1682 33181
1455818400 707 1508 11385 3240
1455811200 353 2315 1090 11302
1455804000 186 1097 283 1740
1455796800 177 715 319 1690
1455789600 200 1137 628 9838
1455782400 190 945 387 4788
1455775200 179 676 298 960
1455768000 3184 1080 71667 3659
1455760800 188 998 411 7763
1455753600 240 939 1057 1881
1455746400 1903 3599 11405 12250
1455739200 698 2492 1902 9499
1455732000 3347 5882 12754 28869
1455724800 1796 4599 7351 17803
1455717600 494 1204 569 1739
1455710400 478 856 560 1724
1455703200 519 1535 1107 10399
1455696000 486 979 662 3452
1455688800 493 1163 701 7635
1455681600 3470 1130 72125 3646
1455674400 548 1243 1626 7481
1455667200 512 1511 1555 8758
1455660000 963 2351 4824 9410
1455652800 951 2797 3475 11128
1455645600 1513 5357 4330 23298
1455638400 4448 15212 32543 208236
1455631200 50 728 116 1459
1455624000 61 359 264 823
1455616800 112 381 803 907
1455609600 59 473 255 3949
1455602400 102 375 1143 511
1455595200 3042 521 71464 3083
1455588000 67 569 322 6310
1455580800 53 336 117 405
1455573600 55 338 120 692
1455566400 60 364 124 838
1455559200 74 352 496 624
1455552000 58 333 134 452
1455544800 56 324 107 528
1455537600 53 330 128 607
1455530400 104 492 1154 4309
1455523200 59 326 152 455
1455516000 56 342 134 703
1455508800 54 323 134 545
1455501600 52 320 127 496
1455494400 53 327 139 572
1455487200 57 325 117 466
1455480000 3053 443 72243 3175
1455472800 265 340 4895 673
1455465600 60 463 167 2883
1455458400 102 330 1153 460
1455451200 58 330 102 435
1455444000 53 365 123 967
1455436800 56 326 106 456
1455429600 157 572 1655 4977
1455422400 3064 414 72304 3161
1455415200 54 299 120 485
1455408000 52 305 123 507
1455400800 52 306 123 507
1455393600 130 1161 1858 19802
1455386400 683 764 14648 10582
1455379200 62 318 260 649
1455372000 52 328 112 679
1455364800 56 361 137 627
1455357600 643 8395 6341 179942
1455350400 49 363 123 498
1455343200 52 400 128 507
1455336000 3068 550 72531 3228
1455328800 44 382 86 665
1455321600 44 463 95 842
1455314400 106 821 1157 1116
1455307200 58 967 152 1367
1455300000 80 973 507 1871
1455292800 68 1123 261 2004
1455285600 58 736 183 2261
1455278400 65 393 164 838
1455271200 70 597 318 6186
1455264000 59 346 185 537
1455256800 64 360 167 596
1455249600 3169 483 72699 3180
1455242400 68 515 236 3150
1455235200 58 573 174 1052
1455228000 57 963 156 1218
1455220800 57 1123 162 1928
1455213600 332 1123 6569 3703
1455206400 66 1266 179 1816
1455199200 57 805 159 1778
1455192000 58 296 175 436
1455184800 64 520 239 3713
1455177600 88 279 1159 354
1455170400 263 883 1348 3671
1455163200 3095 460 72952 3162
1455156000 58 396 184 1458
1455148800 56 459 161 739
1455141600 71 1145 367 9622
1455134400 56 871 158 1363
1455127200 403 2083 7783 29791
1455120000 79 1013 341 3460
1455112800 48 626 116 1181
1455105600 53 312 116 451
1455098400 3318 128844 41613 1714093
1455091200 54 531 230 4148
1455084000 40 397 83 691
1455076800 14710 54158 216304 896010
1455069600 305 728 2959 3150
1455062400 836 1395 7823 8484
1455055200 2736 2787 42168 6601
1455048000 1364 11158 5954 159325
1455040800 411 9751 9250 208404
1455033600 2640 3660 11147 12317
1455026400 10 665 11 1335
1455019200 10 309 11 396
1454976000 13 503 750 1744
1454889600 9 233 11 377
1454803200 10 229 11 367
1454716800 727 1174 78264 21596
1454630400 1810 2636 75498 56930
1454544000 816 1535 78931 25139
1454457600 1115 1543 44357 25490
1454371200 2680 1472 153991 22910
1454284800 935 663 76517 8979
1454198400 976 692 102292 10022
1454112000 1406 1682 81471 51340
1454025600 576 1992 80952 184146
1453939200 794 2770 77465 414325
1453852800 1530 1732 137115 29855
1453766400 927 2421 56405 177949
1453680000 808 674 77473 15083
1453593600 515 697 77386 12491
1453507200 796 3739 77658 723487
1453420800 806 1488 81463 24930
1453334400 30027 2304 4149015 164148
1453248000 820 1430 78348 19078
1453161600 1608 1418 196856 16963
1453075200 546 598 78560 8735
1452988800 561 627 79052 8882
1452902400 661 4485 8350 223069
1452816000 986 1884 83588 65665
1452729600 608 1133 79448 24249
1452643200 858 6274 93224 685450
1452556800 828 1465 79922 31487
1452470400 534 587 80150 12772
1452384000 666 775 80456 31764
1452297600 1527 1494 205519 24840
1452211200 833 3673 80521 235004
1452124800 370 955 80726 54800
1452038400 367 695 80973 15034
1451952000 371 614 81057 16823
1451865600 367 328 81276 3481
1451779200 374 552 81643 65081
1451692800 370 390 81696 9007
1451606400 370 433 81744 5441
1451520000 375 484 81924 5599
1451433600 373 550 82150 32039
1451347200 371 342 82410 5550
1451260800 371 294 82610 6192
1451174400 374 291 83143 6827
1451088000 372 279 83012 4317
1451001600 378 355 83142 6119
1450915200 375 653 83482 3760
1450828800 377 816 83755 13608
1450742400 375 694 83999 3572
1450656000 377 331 84103 11341
1450569600 382 306 84575 3617
1450483200 453 3480 84772 635608
1450396800 97 637 2083 5267
1450310400 597 1618 86712 91673
1450224000 1411 1318 165483 45002
1450137600 381 1753 27842 217332
1450051200 10 391 10 421
1449964800 231 755 880 1931
1449878400 256 829 880 1931
1449792000 812 2993 2213 7883
1449705600 254 1277 2213 7883
1449619200 366 1355 4493 8863
1449532800 180 883 1328 3737
1449446400 10 351 10 376
1449360000 62 459 495 1326
1449273600 168 804 495 1476
1449187200 136 780 453 1535
1449100800 534 1110 2963 2309
1449014400 1000 2037 4258 6811
1448928000 5436 1944 87389 4635
1448841600 247 680 533 1036
1448755200 10 513 11 972
1448668800 588 1281 11553 12748
1448582400 405 1257 603 2852
1448496000 420 1367 1746 6664
1448409600 1046 1492 5688 4019
1448323200 393 772 5688 4019
1448236800 10 331 10 339
1448150400 87 488 430 1165
1448064000 349 1107 2504 6400
1447977600 153 905 776 2063
1447891200 448 1448 3060 7552
1447804800 39 491 511 963
1447718400 286 1126 581 5449
1447632000 375 960 466 1067
1447545600 477 1217 2030 5072
1447459200 830 1922 5105 5748
1447372800 291 1080 2507 5358
1447286400 314 1114 1025 6351
1447200000 365 1182 431 2875
1447113600 626 3183 1620 8356
1447027200 319 708 599 1152
1446940800 299 690 315 828
1446854400 292 819 380 934
1446768000 288 1762 1254 6157
1446681600 339 2339 2251 14649
1446595200 491 1878 1893 7141
1446508800 349 1031 547 1484
1446422400 7553 1904 90587 4369
1446336000 365 2068 667 11776
1446249600 769 3637 1291 8069
1446163200 456 1345 1048 2254
1446076800 136 653 136 653
1445990400 171 922 809 5513
1445904000 1887 2499 13122 12251
1445817600 93 497 304 723
1445731200 437 894 6555 7805
1445644800 995 1702 6555 7805
1445558400 117 771 1605 1849
1445472000 267 1254 641 6110
1445385600 370 1651 641 6110
1445299200 530 1187 1595 3556
1445212800 166 621 386 934
1445126400 10 425 10 425
1445040000 10 484 10 1094
1444953600 3093 2771 19821 54111
1444867200 1030 6844 5265 67256
1444780800 134 961 357 1987
1444694400 10 395 11 414
1444608000 10 406 11 460
1444521600 10 425 11 460
1444435200 827 19317 9443 373054
1444348800 6879 1439 90598 4285
1444262400 668 3370 2557 12051
1444176000 841 2993 5884 12602
1444089600 662 1939 1904 16424
1444003200 99 554 127 587
1443916800 165 724 421 1222
1443830400 408 1438 4103 19781
1443744000 376 2097 388 2486
1443657600 511 2713 1958 12256
1443571200 2036 10266 11170 18384
1443484800 908 4829 6977 18384
1443398400 216 1019 514 2944
1443312000 10 664 10 726
1443225600 375 1325 1963 3183
1443139200 590 1314 3868 3223
1443052800 10 764 11 1022
1442966400 391 1118 3244 1823
1442880000 285 1109 476 1787
1442793600 225 736 355 1002
1442707200 251 814 355 1002
1442620800 646 1663 6360 8269
1442534400 10 804 11 1113
1442448000 218 1459 514 7356
1442361600 450 1230 820 1910
1442275200 349 3672 4340 64356
1442188800 28 406 230 754
1442102400 197 680 230 754
1442016000 16 610 231 729
1441929600 573 1260 3198 2718
1441843200 249 1186 401 1533
1441756800 200 897 401 1460
1441670400 141 1454 294 3136
1441584000 121 485 450 536
1441497600 93 474 245 1114
1441411200 697 2883 2127 11700
1441324800 1008 3215 4590 13725
1441238400 86 553 124 671
1441152000 208 934 1666 2684
1441065600 88 982 111 1535
1440979200 80 466 118 508
1440892800 56 498 116 556
1440806400 1503 3127 7346 11960
1440720000 13440 2903 87031 7886
1440633600 70 950 122 1767
1440547200 170 1676 220 2290
1440460800 1044 6246 2415 14164
1440374400 110 605 110 605
1440288000 110 605 110 605
1440201600 110 605 110 605
1440115200 110 605 110 605
1440028800 110 605 110 605
1439942400 110 605 110 605
1439856000 110 605 110 605
1439769600 110 605 110 605
1439683200 110 605 110 605
1439596800 110 605 110 605
1439510400 141 902 495 2840
1439424000 110 965 318 1688
1439337600 59 775 259 1689
1439251200 132 859 413 1693
1439164800 10 423 67 447
1439078400 153 825 348 1360
1438992000 348 1360 348 1360
1438905600 311 1102 418 1360
1438819200 47 611 225 1223
1438732800 125 925 949 9398
1438646400 111 509 318 1978
1438560000 120 435 394 585
1438473600 147 463 214 695
1438387200 437521 18132 1235135 50030
1438300800 4128 9205 17572 128048
1438214400 10 1612 10 1663
1438128000 87 892 355 1596
1438041600 43 621 119 936
1437955200 86 433 137 558
1437868800 39 541 44 1115
1437782400 48 639 102 1115
1437696000 62 684 211 1234
1437609600 229 764 284 2055
1437523200 622 1517 2903 4916
1437436800 61 420 161 643
1437350400 71 464 186 2915
1437264000 79 436 146 515
1437177600 29 481 43 832
1437091200 45 711 101 1119
1437004800 82 910 152 1442
1436918400 319 1220 1459 6118
1436832000 878 2526 2381 6118
1436745600 37 387 270 473
1436659200 35 394 181 488
1436572800 57 466 154 541
1436486400 71 505 154 564
1436400000 617 1548 1784 4128
1436313600 351 1226 824 2007
1436227200 10 665 11 1183
1436140800 10 383 10 399
1436054400 10 580 10 820
1435968000 10 647 10 965
1435881600 10 546 10 798
1435795200 37 373 159 444
1435708800 221 802 324 1374
1435622400 59 619 157 998
1435536000 157 566 157 566
1435449600 127 555 169 607
1435363200 50 615 166 778
1435276800 398 1243 2541 4504
1435190400 1067 2779 2541 6002
1435104000 1005 2559 3722 7202
1435017600 10 421 10 1055
1434931200 10 363 10 368
1434844800 10 357 10 369
1434758400 10 531 10 828
1434672000 30 702 174 1336
1434585600 166 920 2285 4029
1434499200 582 1358 24870 9943
1434412800 69 656 193 1011
1434326400 85 484 171 664
1434240000 79 457 171 498
1434153600 112 709 159 1074
1434067200 108 940 398 1520
1433980800 622 1253 17877 12855
1433894400 356 1395 7435 23210
1433808000 112 630 7156 4688
1433721600 107 335 6982 4702
1433635200 116 369 6791 7413
1433548800 596 1989 12205 84737
1433462400 141 1001 6719 76830
1433376000 436 2554 7448 87158
1433289600 114 701 6721 5944
1433203200 111 564 6622 8023
1433116800 914 2371 63718 153644
1433030400 200 517 6508 4545
1432944000 184 815 6386 7828
1432857600 186 778 6305 7305
1432771200 405 1321 11535 21306
1432684800 10 579 23 1516
1432598400 10 445 34 1072
1432512000 10 212 12 258
1432425600 10 213 34 344
1432339200 10 505 12 1197
1432252800 10 581 12 5991
1432166400 10 490 12 1095
1432080000 10 469 12 1324
1431993600 10 208 12 344
1431907200 10 201 12 261
1431820800 10 202 12 266
1431734400 10 452 12 1090
1431648000 9 499 12 1748
1431561600 10 468 101 1534
1431475200 9 459 12 1519
1431388800 10 469 12 2006
1431302400 10 243 12 298
1431216000 1 70 11 383
1431129600 0 0 0 0
1431043200 0 0 0 0
1430956800 0 0 0 0
1430870400 0 0 0 0
1430784000 0 0 0 0
1430697600 0 0 0 0
1430611200 0 0 0 0
1430524800 0 0 0 0
1430438400 0 0 0 0
1430352000 0 0 0 0
1430265600 0 0 0 0
1430179200 0 0 0 0
1430092800 0 0 0 0
1430006400 0 0 0 0
1429920000 0 0 0 0
1429833600 0 0 0 0
1429747200 0 0 0 0
1429660800 0 0 0 0
1429574400 0 0 0 0
1429488000 0 0 0 0
1429401600 0 0 0 0
1429315200 0 0 0 0
1429228800 0 0 0 0
1429142400 0 0 0 0
1429056000 0 0 0 0
1428969600 0 0 0 0
1428883200 0 0 0 0
1428796800 0 0 0 0
1428710400 0 0 0 0
1428624000 0 0 0 0
1428537600 0 0 0 0
1428451200 0 0 0 0
1428364800 0 0 0 0
1428278400 0 0 0 0
1428192000 0 0 0 0
1428105600 0 0 0 0
1428019200 0 0 0 0
1427932800 0 0 0 0
1427846400 0 0 0 0
1427760000 0 0 0 0
1427673600 0 0 0 0
1427587200 0 0 0 0
1427500800 0 0 0 0
1427414400 0 0 0 0
1427328000 0 0 0 0
1427241600 0 0 0 0
1427155200 0 0 0 0
1427068800 0 0 0 0
1426982400 0 0 0 0
1426896000 0 0 0 0
1426809600 0 0 0 0
1426723200 0 0 0 0
1426636800 0 0 0 0
1426550400 0 0 0 0
1426464000 0 0 0 0
1426377600 0 0 0 0
1426291200 0 0 0 0
1426204800 0 0 0 0
1426118400 0 0 0 0
1426032000 0 0 0 0
1425945600 0 0 0 0
1425859200 0 0 0 0
1425772800 0 0 0 0
1425686400 0 0 0 0
1425600000 0 0 0 0
1425513600 0 0 0 0
1425427200 0 0 0 0
1425340800 0 0 0 0
1425254400 0 0 0 0
1425168000 0 0 0 0
1425081600 0 0 0 0
1424995200 0 0 0 0
1424908800 0 0 0 0
1424822400 0 0 0 0
1424736000 0 0 0 0
1424649600 0 0 0 0
1424563200 0 0 0 0
1424476800 0 0 0 0
1424390400 0 0 0 0
1424304000 0 0 0 0
1424217600 0 0 0 0
1424131200 0 0 0 0
1424044800 0 0 0 0
1423958400 0 0 0 0
1423872000 0 0 0 0
1423785600 0 0 0 0
1423699200 0 0 0 0
1423612800 0 0 0 0
1423526400 0 0 0 0
1423440000 0 0 0 0
1423353600 0 0 0 0
1423267200 0 0 0 0
1423180800 0 0 0 0
1423094400 0 0 0 0
1423008000 0 0 0 0
1422921600 0 0 0 0
1422835200 0 0 0 0
1422748800 0 0 0 0
1422662400 0 0 0 0
1422576000 0 0 0 0
1422489600 0 0 0 0
1422403200 0 0 0 0
1422316800 0 0 0 0
1422230400 0 0 0 0
1422144000 0 0 0 0
1422057600 0 0 0 0
1421971200 0 0 0 0
1421884800 0 0 0 0
1421798400 0 0 0 0
1421712000 0 0 0 0
1421625600 0 0 0 0
1421539200 0 0 0 0
1421452800 0 0 0 0
1421366400 0 0 0 0
1421280000 0 0 0 0
1421193600 0 0 0 0
1421107200 0 0 0 0
1421020800 0 0 0 0
1420934400 0 0 0 0
1420848000 0 0 0 0
1420761600 0 0 0 0
1420675200 0 0 0 0
1420588800 0 0 0 0
1420502400 0 0 0 0
1420416000 0 0 0 0
1420329600 0 0 0 0
1420243200 0 0 0 0
1420156800 0 0 0 0
1420070400 0 0 0 0
1419984000 0 0 0 0
1419897600 0 0 0 0
1419811200 0 0 0 0
1419724800 0 0 0 0
1419638400 0 0 0 0
1419552000 0 0 0 0
1419465600 0 0 0 0
1419379200 0 0 0 0
1419292800 0 0 0 0
1419206400 0 0 0 0
1419120000 0 0 0 0
1419033600 0 0 0 0
1418947200 0 0 0 0
1418860800 0 0 0 0
1418774400 0 0 0 0
1418688000 0 0 0 0
1418601600 0 0 0 0
1418515200 0 0 0 0
1418428800 0 0 0 0
1418342400 0 0 0 0
1418256000 0 0 0 0
1418169600 0 0 0 0
1418083200 0 0 0 0
1417996800 0 0 0 0
1417910400 0 0 0 0
1417824000 0 0 0 0
1417737600 0 0 0 0
1417651200 0 0 0 0
1417564800 0 0 0 0
1417478400 0 0 0 0
1417392000 0 0 0 0
1417305600 0 0 0 0
1417219200 0 0 0 0
1417132800 0 0 0 0
1417046400 0 0 0 0
1416960000 0 0 0 0
1416873600 0 0 0 0
1416787200 0 0 0 0
1416700800 0 0 0 0
1416614400 0 0 0 0
1416528000 0 0 0 0
1416441600 0 0 0 0
1416355200 0 0 0 0
1416268800 0 0 0 0
1416182400 0 0 0 0
1416096000 0 0 0 0
1416009600 0 0 0 0
1415923200 0 0 0 0
1415836800 0 0 0 0
1415750400 0 0 0 0
1415664000 0 0 0 0
1415577600 0 0 0 0
1415491200 0 0 0 0
1415404800 0 0 0 0
1415318400 0 0 0 0
1415232000 0 0 0 0
1415145600 0 0 0 0
1415059200 0 0 0 0
1414972800 0 0 0 0
1414886400 0 0 0 0
1414800000 0 0 0 0
1414713600 0 0 0 0
1414627200 0 0 0 0
1414540800 0 0 0 0
1414454400 0 0 0 0
1414368000 0 0 0 0
1414281600 0 0 0 0
1414195200 0 0 0 0
1414108800 0 0 0 0
1414022400 0 0 0 0
1413936000 0 0 0 0
1413849600 0 0 0 0
1413763200 0 0 0 0
1413676800 0 0 0 0
1413590400 0 0 0 0
1413504000 0 0 0 0
1413417600 0 0 0 0
1413331200 0 0 0 0
1413244800 0 0 0 0
1413158400 0 0 0 0
1413072000 0 0 0 0
1412985600 0 0 0 0
1412899200 0 0 0 0
1412812800 0 0 0 0
1412726400 0 0 0 0
1412640000 0 0 0 0
1412553600 0 0 0 0
1412467200 0 0 0 0
1412380800 0 0 0 0
1412294400 0 0 0 0
1412208000 0 0 0 0
1412121600 0 0 0 0
1412035200 0 0 0 0
1411948800 0 0 0 0
1411862400 0 0 0 0
1411776000 0 0 0 0
1411689600 0 0 0 0
1411603200 0 0 0 0
1411516800 0 0 0 0
1411430400 0 0 0 0
1411344000 0 0 0 0
1411257600 0 0 0 0
1411171200 0 0 0 0
1411084800 0 0 0 0
1410998400 0 0 0 0
1410912000 0 0 0 0
1410825600 0 0 0 0
1410739200 0 0 0 0
1410652800 0 0 0 0
1410566400 0 0 0 0
1410480000 0 0 0 0
1410393600 0 0 0 0
1410307200 0 0 0 0
1410220800 0 0 0 0
1410134400 0 0 0 0
1410048000 0 0 0 0
1409961600 0 0 0 0
1409875200 0 0 0 0
1409788800 0 0 0 0
1409702400 0 0 0 0
1409616000 0 0 0 0
1409529600 0 0 0 0
1409443200 0 0 0 0
1409356800 0 0 0 0
1409270400 0 0 0 0
1409184000 0 0 0 0
1409097600 0 0 0 0
1409011200 0 0 0 0
1408924800 0 0 0 0
1408838400 0 0 0 0
1408752000 0 0 0 0
1408665600 0 0 0 0
1408579200 0 0 0 0
1408492800 0 0 0 0
1408406400 0 0 0 0
1408320000 0 0 0 0
1408233600 0 0 0 0
1408147200 0 0 0 0
1408060800 0 0 0 0
1407974400 0 0 0 0
1407888000 0 0 0 0
1407801600 0 0 0 0
1407715200 0 0 0 0
1407628800 0 0 0 0
1407542400 0 0 0 0
1407456000 0 0 0 0
1407369600 0 0 0 0
1407283200 0 0 0 0
1407196800 0 0 0 0
1407110400 0 0 0 0
1407024000 0 0 0 0
1406937600 0 0 0 0
1406851200 0 0 0 0
1406764800 0 0 0 0
1406678400 0 0 0 0
1406592000 0 0 0 0
1406505600 0 0 0 0
1406419200 0 0 0 0
1406332800 0 0 0 0
1406246400 0 0 0 0
1406160000 0 0 0 0
1406073600 0 0 0 0
1405987200 0 0 0 0
1405900800 0 0 0 0
1405814400 0 0 0 0
1405728000 0 0 0 0
1405641600 0 0 0 0
1405555200 0 0 0 0
1405468800 0 0 0 0
1405382400 0 0 0 0
1405296000 0 0 0 0
1405209600 0 0 0 0
1405123200 0 0 0 0
1405036800 0 0 0 0
1404950400 0 0 0 0
1404864000 0 0 0 0
1404777600 0 0 0 0
1404691200 0 0 0 0
1404604800 0 0 0 0
1404518400 0 0 0 0
1404432000 0 0 0 0
1404345600 0 0 0 0
1404259200 0 0 0 0
1404172800 0 0 0 0
1404086400 0 0 0 0
1404000000 0 0 0 0
1403913600 0 0 0 0
1403827200 0 0 0 0
1403740800 0 0 0 0
1403654400 0 0 0 0
1403568000 0 0 0 0
1403481600 0 0 0 0
1403395200 0 0 0 0
1403308800 0 0 0 0
1403222400 0 0 0 0
1403136000 0 0 0 0
1403049600 0 0 0 0
1402963200 0 0 0 0
1402876800 0 0 0 0
1402790400 0 0 0 0
1402704000 0 0 0 0
1402617600 0 0 0 0
1402531200 0 0 0 0
1402444800 0 0 0 0
1402358400 0 0 0 0
1402272000 0 0 0 0
1402185600 0 0 0 0
1402099200 0 0 0 0
1402012800 0 0 0 0
1401926400 0 0 0 0
1401840000 0 0 0 0
1401753600 0 0 0 0
1401667200 0 0 0 0
1401580800 0 0 0 0
1401494400 0 0 0 0
1401408000 0 0 0 0
1401321600 0 0 0 0
1401235200 0 0 0 0
1401148800 0 0 0 0
1401062400 0 0 0 0
1400976000 0 0 0 0
1400889600 0 0 0 0
1400803200 0 0 0 0
1400716800 0 0 0 0
1400630400 0 0 0 0
1400544000 0 0 0 0
1400457600 0 0 0 0
1400371200 0 0 0 0
1400284800 0 0 0 0
1400198400 0 0 0 0
1400112000 0 0 0 0
1400025600 0 0 0 0
1399939200 0 0 0 0
1399852800 0 0 0 0
1399766400 0 0 0 0
1399680000 0 0 0 0
1399593600 0 0 0 0
1399507200 0 0 0 0
1399420800 0 0 0 0
1399334400 0 0 0 0
1399248000 0 0 0 0
1399161600 0 0 0 0
1399075200 0 0 0 0
1398988800 0 0 0 0
1398902400 0 0 0 0
1398816000 0 0 0 0
1398729600 0 0 0 0
1398643200 0 0 0 0
1398556800 0 0 0 0
1398470400 0 0 0 0
1398384000 0 0 0 0
1398297600 0 0 0 0
1398211200 0 0 0 0
1398124800 0 0 0 0
1398038400 0 0 0 0
1397952000 0 0 0 0
1397865600 0 0 0 0
1397779200 0 0 0 0
1397692800 0 0 0 0
1397606400 0 0 0 0
1397520000 0 0 0 0
1397433600 0 0 0 0
1397347200 0 0 0 0
1397260800 0 0 0 0
1397174400 0 0 0 0
1397088000 0 0 0 0
1397001600 0 0 0 0
1396915200 0 0 0 0
1396828800 0 0 0 0
1396742400 0 0 0 0
1396656000 0 0 0 0
1396569600 0 0 0 0
1396483200 0 0 0 0
1396396800 0 0 0 0
1396310400 0 0 0 0
1396224000 0 0 0 0
1396137600 0 0 0 0
1396051200 0 0 0 0
1395964800 0 0 0 0
1395878400 0 0 0 0
1395792000 0 0 0 0
1395705600 0 0 0 0
1395619200 0 0 0 0
1395532800 0 0 0 0
1395446400 0 0 0 0
1395360000 0 0 0 0
1395273600 0 0 0 0
1395187200 0 0 0 0
1395100800 0 0 0 0
1395014400 0 0 0 0
1394928000 0 0 0 0
1394841600 0 0 0 0
1394755200 0 0 0 0
1394668800 0 0 0 0
1394582400 0 0 0 0
1394496000 0 0 0 0
1394409600 0 0 0 0
1394323200 0 0 0 0
1394236800 0 0 0 0
1394150400 0 0 0 0
1394064000 0 0 0 0
1393977600 0 0 0 0
1393891200 0 0 0 0
1393804800 0 0 0 0
1393718400 0 0 0 0
1393632000 0 0 0 0
1393545600 0 0 0 0
1393459200 0 0 0 0
1393372800 0 0 0 0
1393286400 0 0 0 0
1393200000 0 0 0 0
1393113600 0 0 0 0
1393027200 0 0 0 0
1392940800 0 0 0 0
1392854400 0 0 0 0
1392768000 0 0 0 0
1392681600 0 0 0 0
1392595200 0 0 0 0
1392508800 0 0 0 0
1392422400 0 0 0 0
1392336000 0 0 0 0
1392249600 0 0 0 0
1392163200 0 0 0 0
1392076800 0 0 0 0
1391990400 0 0 0 0
1391904000 0 0 0 0
1391817600 0 0 0 0
