1460685977 -1 -1
1460685977 9 9 9 9
1460602037 9 9 9 9
1460601900 9 9 9 9
1460601600 9 9 9 9
1460601300 9 9 9 9
1460601000 9 9 9 9
1460600700 9 9 9 9
1460600400 9 9 9 9
1460600100 9 9 9 9
1460599800 9 9 9 9
1460599500 9 9 9 9
1460599200 9 9 9 9
1460598900 9 9 9 9
1460598600 9 9 9 9
1460598300 9 9 9 9
1460598000 9 9 9 9
1460597700 9 9 9 9
1460597400 9 9 9 9
1460597100 9 9 9 9
1460596800 9 9 9 9
1460596500 9 9 9 9
1460596200 9 9 9 9
1460595900 9 9 9 9
1460595600 9 9 9 9
1460595300 9 9 9 9
1460595000 9 9 9 9
1460594700 9 9 9 9
1460594400 9 9 9 9
1460594100 9 9 9 9
1460593800 9 9 9 9
1460593500 9 9 9 9
1460593200 9 9 9 9
1460592900 9 9 9 9
1460592600 9 9 9 9
1460592300 9 9 9 9
1460592000 9 9 9 9
1460591700 9 9 9 9
1460591400 9 9 9 9
1460591100 9 9 9 9
1460590800 9 9 9 9
1460590500 9 9 9 9
1460590200 9 9 9 9
1460589900 9 9 9 9
1460589600 9 9 9 9
1460589300 9 9 9 9
1460589000 9 9 9 9
1460588700 9 9 9 9
1460588400 9 9 9 9
1460588100 9 9 9 9
1460587800 9 9 9 9
1460587500 9 9 9 9
1460587200 9 9 9 9
1460586900 9 9 9 9
1460586600 9 9 9 9
1460586300 9 9 9 9
1460586000 9 9 9 9
1460585700 9 9 9 9
1460585400 9 9 9 9
1460585100 9 9 9 9
1460584800 9 9 9 9
1460584500 9 9 9 9
1460584200 9 9 9 9
1460583900 9 9 9 9
1460583600 9 9 9 9
1460583300 9 9 9 9
1460583000 9 9 9 9
1460582700 9 9 9 9
1460582400 9 9 9 9
1460582100 9 9 9 9
1460581800 9 9 9 9
1460581500 9 9 9 9
1460581200 9 9 9 9
1460580900 9 9 9 9
1460580600 9 9 9 9
1460580300 9 9 9 9
1460580000 9 9 9 9
1460579700 9 9 9 9
1460579400 9 9 9 9
1460579100 9 9 9 9
1460578800 9 9 9 9
1460578500 9 9 9 9
1460578200 9 9 9 9
1460577900 9 9 9 9
1460577600 9 9 9 9
1460577300 9 9 9 9
1460577000 9 9 9 9
1460576700 9 9 9 9
1460576400 9 9 9 9
1460576100 9 9 9 9
1460575800 9 9 9 9
1460575500 9 9 9 9
1460575200 9 9 9 9
1460574900 9 9 9 9
1460574600 9 9 9 9
1460574300 9 9 9 9
1460574000 9 9 9 9
1460573700 9 9 9 9
1460573400 9 9 9 9
1460573100 9 9 9 9
1460572800 9 9 9 9
1460572500 9 9 9 9
1460572200 9 9 9 9
1460571900 9 9 9 9
1460571600 9 9 9 9
1460571300 9 9 9 9
1460571000 9 9 9 9
1460570700 9 9 9 9
1460570400 9 9 9 9
1460570100 9 9 9 9
1460569800 9 9 9 9
1460569500 9 9 9 9
1460569200 9 9 9 9
1460568900 9 9 9 9
1460568600 9 9 9 9
1460568300 9 9 9 9
1460568000 9 9 9 9
1460567700 9 9 9 9
1460567400 9 9 9 9
1460567100 9 9 9 9
1460566800 9 9 9 9
1460566500 9 9 9 9
1460566200 9 9 9 9
1460565900 9 9 9 9
1460565600 9 9 9 9
1460565300 9 9 9 9
1460565000 9 9 9 9
1460564700 9 9 9 9
1460564400 9 9 9 9
1460564100 9 9 9 9
1460563800 9 9 9 9
1460563500 9 9 9 9
1460563200 9 9 9 9
1460562900 9 9 9 9
1460562600 9 9 9 9
1460562300 9 9 9 9
1460562000 9 9 9 9
1460561700 9 9 9 9
1460561400 9 9 9 9
1460561100 9 9 9 9
1460560800 9 9 9 9
1460560500 9 9 9 9
1460560200 9 9 9 9
1460559900 9 9 9 9
1460559600 9 9 9 9
1460559300 9 9 9 9
1460559000 9 9 9 9
1460558700 9 9 9 9
1460558400 9 9 9 9
1460558100 9 9 9 9
1460557800 9 9 9 9
1460557500 9 9 9 9
1460557200 9 9 9 9
1460556900 9 9 9 9
1460556600 9 9 9 9
1460556300 9 9 9 9
1460556000 9 9 9 9
1460555700 9 9 9 9
1460555400 9 9 9 9
1460555100 9 9 9 9
1460554800 9 9 9 9
1460554500 9 9 9 9
1460554200 9 9 9 9
1460553900 9 9 9 9
1460553600 9 9 9 9
1460553300 9 9 9 9
1460553000 9 9 9 9
1460552700 9 9 9 9
1460552400 9 9 9 9
1460552100 9 9 9 9
1460551800 9 9 9 9
1460551500 9 9 9 9
1460551200 9 9 9 9
1460550900 9 9 9 9
1460550600 9 9 9 9
1460550300 9 9 9 9
1460550000 9 9 9 9
1460549700 9 9 9 9
1460549400 9 9 9 9
1460549100 9 9 9 9
1460548800 9 9 9 9
1460548500 9 9 9 9
1460548200 9 9 9 9
1460547900 9 9 9 9
1460547600 9 9 9 9
1460547300 9 9 9 9
1460547000 9 9 9 9
1460546700 9 9 9 9
1460546400 9 9 9 9
1460546100 9 9 9 9
1460545800 9 9 9 9
1460545500 9 9 9 9
1460545200 9 9 9 9
1460544900 9 9 9 9
1460544600 9 9 9 9
1460544300 9 9 9 9
1460544000 9 9 9 9
1460543700 9 9 9 9
1460543400 9 9 9 9
1460543100 9 9 9 9
1460542800 9 9 9 9
1460542500 9 9 9 9
1460542200 9 9 9 9
1460541900 9 9 9 9
1460541600 9 9 9 9
1460541300 9 9 9 9
1460541000 9 9 9 9
1460540700 9 9 9 9
1460540400 9 9 9 9
1460540100 9 9 9 9
1460539800 9 9 9 9
1460539500 9 9 9 9
1460539200 9 9 9 9
1460538900 9 9 9 9
1460538600 9 9 9 9
1460538300 9 9 9 9
1460538000 9 9 9 9
1460537700 9 9 9 9
1460537400 9 9 9 9
1460537100 9 9 9 9
1460536800 9 9 9 9
1460536500 9 9 9 9
1460536200 9 9 9 9
1460535900 9 9 9 9
1460535600 9 9 9 9
1460535300 9 9 9 9
1460535000 9 9 9 9
1460534700 9 9 9 9
1460534400 9 9 9 9
1460534100 9 9 9 9
1460533800 9 9 9 9
1460533500 9 9 9 9
1460533200 9 9 9 9
1460532900 9 9 9 9
1460532600 9 9 9 9
1460532300 9 9 9 9
1460532000 9 9 9 9
1460531700 9 9 9 9
1460531400 9 9 9 9
1460531100 9 9 9 9
1460530800 9 9 9 9
1460530500 9 9 9 9
1460530200 9 9 9 9
1460529900 9 9 9 9
1460529600 9 9 9 9
1460529300 9 9 9 9
1460529000 9 9 9 9
1460528700 9 9 9 9
1460528400 9 9 9 9
1460528100 9 9 9 9
1460527800 9 9 9 9
1460527500 9 9 9 9
1460527200 9 9 9 9
1460526900 9 9 9 9
1460526600 9 9 9 9
1460526300 9 9 9 9
1460526000 9 9 9 9
1460525700 9 9 9 9
1460525400 9 9 9 9
1460525100 9 9 9 9
1460524800 9 9 9 9
1460524500 9 9 9 9
1460524200 9 9 9 9
1460523900 9 9 9 9
1460523600 9 9 9 9
1460523300 9 9 9 9
1460523000 9 9 9 9
1460522700 9 9 9 9
1460522400 9 9 9 9
1460522100 9 9 9 9
1460521800 9 9 9 9
1460521500 9 9 9 9
1460521200 9 9 9 9
1460520900 9 9 9 9
1460520600 9 9 9 9
1460520300 9 9 9 9
1460520000 9 9 9 9
1460519700 9 9 9 9
1460519400 9 9 9 9
1460519100 9 9 9 9
1460518800 9 9 9 9
1460518500 9 9 9 9
1460518200 9 9 9 9
1460517900 9 9 9 9
1460517600 9 9 9 9
1460517300 9 9 9 9
1460517000 9 9 9 9
1460516700 9 9 9 9
1460516400 9 9 9 9
1460516100 9 9 9 9
1460515800 9 9 9 9
1460515500 9 9 9 9
1460515200 9 9 9 9
1460514900 9 9 9 9
1460514600 9 9 9 9
1460514300 9 9 9 9
1460514000 9 9 9 9
1460513700 9 9 9 9
1460513400 9 9 9 9
1460513100 9 9 9 9
1460512800 9 9 9 9
1460512500 9 9 9 9
1460512200 9 9 9 9
1460511900 9 9 9 9
1460511600 9 9 9 9
1460511300 9 9 9 9
1460511000 9 9 9 9
1460510700 9 9 9 9
1460510400 9 9 9 9
1460510100 9 9 9 9
1460509800 9 9 9 9
1460509500 9 9 9 9
1460509200 9 9 9 9
1460508900 9 9 9 9
1460508600 9 9 9 9
1460508300 9 9 9 9
1460508000 9 9 9 9
1460507700 9 9 9 9
1460507400 9 9 9 9
1460507100 9 9 9 9
1460506800 9 9 9 9
1460506500 9 9 9 9
1460506200 9 9 9 9
1460505900 9 9 9 9
1460505600 9 9 9 9
1460505300 9 9 9 9
1460505000 9 9 9 9
1460504700 9 9 9 9
1460504400 9 9 9 9
1460504100 9 9 9 9
1460503800 9 9 9 9
1460503500 9 9 9 9
1460503200 9 9 9 9
1460502900 9 9 9 9
1460502600 9 9 9 9
1460502300 9 9 9 9
1460502000 9 9 9 9
1460501700 9 9 9 9
1460501400 9 9 9 9
1460501100 9 9 9 9
1460500800 9 9 9 9
1460500500 9 9 9 9
1460500200 9 9 9 9
1460499900 9 9 9 9
1460499600 9 9 9 9
1460499300 9 9 9 9
1460499000 9 9 9 9
1460498700 9 9 9 9
1460498400 9 9 9 9
1460498100 9 9 9 9
1460497800 9 9 9 9
1460497500 9 9 9 9
1460497200 9 9 9 9
1460496900 9 9 9 9
1460496600 9 9 9 9
1460496300 9 9 9 9
1460496000 9 9 9 9
1460495700 9 9 9 9
1460495400 9 9 9 9
1460495100 9 9 9 9
1460494800 9 9 9 9
1460494500 9 9 9 9
1460494200 9 9 9 9
1460493900 9 9 9 9
1460493600 9 9 9 9
1460493300 9 9 9 9
1460493000 9 9 9 9
1460492700 9 9 9 9
1460492400 9 9 9 9
1460492100 9 9 9 9
1460491800 9 9 9 9
1460491500 9 9 9 9
1460491200 9 9 9 9
1460490900 9 9 9 9
1460490600 9 9 9 9
1460490300 9 9 9 9
1460490000 9 9 9 9
1460489700 9 9 9 9
1460489400 9 9 9 9
1460489100 9 9 9 9
1460488800 9 9 9 9
1460488500 9 9 9 9
1460488200 9 9 9 9
1460487900 9 9 9 9
1460487600 9 9 9 9
1460487300 9 9 9 9
1460487000 9 9 9 9
1460486700 9 9 9 9
1460486400 9 9 9 9
1460486100 9 9 9 9
1460485800 9 9 9 9
1460485500 9 9 9 9
1460485200 9 9 9 9
1460484900 9 9 9 9
1460484600 9 9 9 9
1460484300 9 9 9 9
1460484000 9 9 9 9
1460483700 9 9 9 9
1460483400 9 9 9 9
1460483100 9 9 9 9
1460482800 9 9 9 9
1460482500 9 9 9 9
1460482200 9 9 9 9
1460481900 9 9 9 9
1460481600 9 9 9 9
1460481300 9 9 9 9
1460481000 9 9 9 9
1460480700 9 9 9 9
1460480400 9 9 9 9
1460480100 9 9 9 9
1460479800 9 9 9 9
1460479500 9 9 9 9
1460479200 9 9 9 9
1460478900 9 9 9 9
1460478600 9 9 9 9
1460478300 9 9 9 9
1460478000 9 9 9 9
1460477700 9 9 9 9
1460477400 9 9 9 9
1460477100 9 9 9 9
1460476800 9 9 9 9
1460476500 9 9 9 9
1460476200 9 9 9 9
1460475900 9 9 9 9
1460475600 9 9 9 9
1460475300 9 9 9 9
1460475000 9 9 9 9
1460474700 9 9 9 9
1460474400 9 9 9 9
1460474100 9 9 9 9
1460473800 9 9 9 9
1460473500 9 9 9 9
1460473200 9 9 9 9
1460472900 9 9 9 9
1460472600 9 9 9 9
1460472300 9 9 9 9
1460472000 9 9 9 9
1460471700 9 9 9 9
1460471400 9 9 9 9
1460471100 9 9 9 9
1460470800 9 9 9 9
1460470500 9 9 9 9
1460470200 9 9 9 9
1460469900 9 9 9 9
1460469600 9 9 9 9
1460469300 9 9 9 9
1460469000 9 9 9 9
1460468700 9 9 9 9
1460468400 9 9 9 9
1460468100 9 9 9 9
1460467800 9 9 9 9
1460467500 9 9 9 9
1460467200 9 9 9 9
1460466900 9 9 9 9
1460466600 9 9 9 9
1460466300 9 9 9 9
1460466000 9 9 9 9
1460465700 9 9 9 9
1460465400 9 9 9 9
1460465100 9 9 9 9
1460464800 9 9 9 9
1460464500 9 9 9 9
1460464200 9 9 9 9
1460463900 9 9 9 9
1460463600 9 9 9 9
1460463300 9 9 9 9
1460463000 9 9 9 9
1460462700 9 9 9 9
1460462400 9 9 9 9
1460462100 9 9 9 9
1460461800 9 9 9 9
1460461500 9 9 9 9
1460461200 9 9 9 9
1460460900 9 9 9 9
1460460600 9 9 9 9
1460460300 9 9 9 9
1460460000 9 9 9 9
1460459700 9 9 9 9
1460459400 9 9 9 9
1460459100 9 9 9 9
1460458800 9 9 9 9
1460458500 9 9 9 9
1460458200 9 9 9 9
1460457900 9 9 9 9
1460457600 9 9 9 9
1460457300 9 9 9 9
1460457000 9 9 9 9
1460456700 9 9 9 9
1460456400 9 9 9 9
1460456100 9 9 9 9
1460455800 9 9 9 9
1460455500 9 9 9 9
1460455200 9 9 9 9
1460454900 9 9 9 9
1460454600 9 9 9 9
1460454300 9 9 9 9
1460454000 9 9 9 9
1460453700 9 9 9 9
1460453400 9 9 9 9
1460453100 9 9 9 9
1460452800 9 9 9 9
1460452500 9 9 9 9
1460452200 9 9 9 9
1460451900 9 9 9 9
1460451600 9 9 9 9
1460451300 9 9 9 9
1460451000 9 9 9 9
1460450700 9 9 9 9
1460450400 9 9 9 9
1460450100 9 9 9 9
1460449800 9 9 9 9
1460449500 9 9 9 9
1460449200 9 9 9 9
1460448900 9 9 9 9
1460448600 9 9 9 9
1460448300 9 9 9 9
1460448000 9 9 9 9
1460447700 9 9 9 9
1460447400 9 9 9 9
1460447100 9 9 9 9
1460446800 9 9 9 9
1460446500 9 9 9 9
1460446200 9 9 9 9
1460445900 9 9 9 9
1460445600 9 9 9 9
1460445300 9 9 9 9
1460445000 9 9 9 9
1460444700 9 9 9 9
1460444400 9 9 9 9
1460444100 9 9 9 9
1460443800 9 9 9 9
1460443500 9 9 9 9
1460443200 9 9 9 9
1460442900 9 9 9 9
1460442600 9 9 9 9
1460442300 9 9 9 9
1460442000 9 9 9 9
1460441700 9 9 9 9
1460441400 9 9 9 9
1460441100 9 9 9 9
1460440800 9 9 9 9
1460440500 9 9 9 9
1460440200 9 9 9 9
1460439900 9 9 9 9
1460439600 9 9 9 9
1460439300 9 9 9 9
1460439000 9 9 9 9
1460438700 9 9 9 9
1460438400 9 9 9 9
1460438100 9 9 9 9
1460437800 9 9 9 9
1460437500 9 9 9 9
1460437200 9 9 9 9
1460436900 9 9 9 9
1460436600 9 9 9 9
1460436300 9 9 9 9
1460436000 9 9 9 9
1460435700 9 9 9 9
1460435400 9 9 9 9
1460435100 9 9 9 9
1460434800 9 9 9 9
1460434500 9 9 9 9
1460434200 9 9 9 9
1460433900 9 9 9 9
1460433600 9 9 9 9
1460433300 9 9 9 9
1460433000 9 9 9 9
1460432700 9 9 9 9
1460432400 9 9 9 9
1460432100 9 9 9 9
1460431800 9 9 9 9
1460431500 9 9 9 9
1460431200 9 9 9 9
1460430900 9 9 9 9
1460430600 9 9 9 9
1460430300 9 9 9 9
1460430000 9 9 9 9
1460429700 9 9 9 9
1460429400 9 9 9 9
1460429100 9 9 9 9
1460428800 9 9 9 9
1460428500 9 9 9 9
1460428200 9 9 9 9
1460427900 9 9 9 9
1460427600 9 9 9 9
1460427300 9 9 9 9
1460427000 9 9 9 9
1460426700 9 9 9 9
1460426400 9 9 9 9
1460426100 9 9 9 9
1460425800 9 9 9 9
1460425500 9 9 9 9
1460425200 9 9 9 9
1460424900 9 9 9 9
1460424600 9 9 9 9
1460424300 9 9 9 9
1460424000 9 9 9 9
1460423700 9 9 9 9
1460423400 9 9 9 9
1460423100 9 9 9 9
1460422800 9 9 9 9
1460422500 9 9 9 9
1460422200 9 9 9 9
1460421000 9 9 9 9
1460419200 9 9 9 9
1460417400 9 9 9 9
1460415600 9 9 9 9
1460413800 9 9 9 9
1460412000 9 9 9 9
1460410200 9 9 9 9
1460408400 9 9 9 9
1460406600 9 9 9 9
1460404800 9 9 9 9
1460403000 9 9 9 9
1460401200 9 9 9 9
1460399400 9 9 9 9
1460397600 9 9 9 9
1460395800 9 9 9 9
1460394000 9 9 9 9
1460392200 9 9 9 9
1460390400 9 9 9 9
1460388600 9 9 9 9
1460386800 9 9 9 9
1460385000 9 9 9 9
1460383200 9 9 9 9
1460381400 9 9 9 9
1460379600 9 9 9 9
1460377800 9 9 9 9
1460376000 9 9 9 9
1460374200 9 9 9 9
1460372400 9 9 9 9
1460370600 9 9 9 9
1460368800 9 9 9 9
1460367000 9 9 9 9
1460365200 9 9 9 9
1460363400 9 9 9 9
1460361600 9 9 9 9
1460359800 9 9 9 9
1460358000 9 9 9 9
1460356200 9 9 9 9
1460354400 9 9 9 9
1460352600 9 9 9 9
1460350800 9 9 9 9
1460349000 9 9 9 9
1460347200 9 9 9 9
1460345400 9 9 9 9
1460343600 9 9 9 9
1460341800 9 9 9 9
1460340000 9 9 9 9
1460338200 9 9 9 9
1460336400 9 9 9 9
1460334600 9 9 9 9
1460332800 9 9 9 9
1460331000 9 9 9 9
1460329200 9 9 9 9
1460327400 9 9 9 9
1460325600 9 9 9 9
1460323800 9 9 9 9
1460322000 9 9 9 9
1460320200 9 9 9 9
1460318400 9 9 9 9
1460316600 9 9 9 9
1460314800 9 9 9 9
1460313000 9 9 9 9
1460311200 9 9 9 9
1460309400 9 9 9 9
1460307600 9 9 9 9
1460305800 9 9 9 9
1460304000 9 9 9 9
1460302200 9 9 9 9
1460300400 9 9 9 9
1460298600 9 9 9 9
1460296800 9 9 9 9
1460295000 9 9 9 9
1460293200 9 9 9 9
1460291400 9 9 9 9
1460289600 9 9 9 9
1460287800 9 9 9 9
1460286000 9 9 9 9
1460284200 9 9 9 9
1460282400 9 9 9 9
1460280600 9 9 9 9
1460278800 9 9 9 9
1460277000 9 9 9 9
1460275200 9 9 9 9
1460273400 9 9 9 9
1460271600 9 9 9 9
1460269800 9 9 9 9
1460268000 9 9 9 9
1460266200 9 9 9 9
1460264400 9 9 9 9
1460262600 9 9 9 9
1460260800 9 9 9 9
1460259000 9 9 9 9
1460257200 9 9 9 9
1460255400 9 9 9 9
1460253600 9 9 9 9
1460251800 9 9 9 9
1460250000 9 9 9 9
1460248200 9 9 9 9
1460246400 9 9 9 9
1460244600 9 9 9 9
1460242800 9 9 9 9
1460241000 9 9 9 9
1460239200 9 9 9 9
1460237400 9 9 9 9
1460235600 9 9 9 9
1460233800 9 9 9 9
1460232000 9 9 9 9
1460230200 9 9 9 9
1460228400 9 9 9 9
1460226600 9 9 9 9
1460224800 9 9 9 9
1460223000 9 9 9 9
1460221200 9 9 9 9
1460219400 9 9 9 9
1460217600 9 9 9 9
1460215800 9 9 9 9
1460214000 9 9 9 9
1460212200 9 9 9 9
1460210400 9 9 9 9
1460208600 9 9 9 9
1460206800 9 9 9 9
1460205000 9 9 9 9
1460203200 9 9 9 9
1460201400 9 9 9 9
1460199600 9 9 9 9
1460197800 9 9 9 9
1460196000 9 9 9 9
1460194200 9 9 9 9
1460192400 9 9 9 9
1460190600 9 9 9 9
1460188800 9 9 9 9
1460187000 9 9 9 9
1460185200 9 9 9 9
1460183400 9 9 9 9
1460181600 9 9 9 9
1460179800 9 9 9 9
1460178000 9 9 9 9
1460176200 9 9 9 9
1460174400 9 9 9 9
1460172600 9 9 9 9
1460170800 9 9 9 9
1460169000 9 9 9 9
1460167200 9 9 9 9
1460165400 9 9 9 9
1460163600 9 9 9 9
1460161800 9 9 9 9
1460160000 9 9 9 9
1460158200 9 9 9 9
1460156400 9 9 9 9
1460154600 9 9 9 9
1460152800 9 9 9 9
1460151000 9 9 9 9
1460149200 9 9 9 9
1460147400 9 9 9 9
1460145600 9 9 9 9
1460143800 9 9 9 9
1460142000 9 9 9 9
1460140200 9 9 9 9
1460138400 9 9 10 10
1460136600 9 9 10 10
1460134800 10 10 10 10
1460133000 10 10 10 10
1460131200 10 10 10 10
1460129400 10 10 10 10
1460127600 10 10 10 10
1460125800 10 10 10 10
1460124000 10 10 10 10
1460122200 10 10 10 10
1460120400 10 10 10 10
1460118600 10 10 10 10
1460116800 10 10 10 10
1460115000 10 10 10 10
1460113200 10 10 10 10
1460111400 10 10 10 10
1460109600 10 10 10 10
1460107800 10 10 10 10
1460106000 10 10 10 10
1460104200 10 10 10 10
1460102400 10 10 10 10
1460100600 10 10 10 10
1460098800 10 10 10 10
1460097000 10 10 10 10
1460095200 10 10 10 10
1460093400 10 10 10 10
1460091600 10 10 10 10
1460089800 10 10 10 10
1460088000 10 10 10 10
1460086200 10 10 10 10
1460084400 10 10 10 10
1460082600 10 10 10 10
1460080800 10 10 10 10
1460079000 10 10 10 10
1460077200 10 10 10 10
1460075400 10 10 10 10
1460073600 10 10 10 10
1460071800 10 10 10 10
1460070000 10 10 10 10
1460068200 10 10 10 10
1460066400 10 10 10 10
1460064600 10 10 10 10
1460062800 10 10 10 10
1460061000 10 10 10 10
1460059200 10 10 10 10
1460057400 10 10 10 10
1460055600 10 10 10 10
1460053800 10 10 10 10
1460052000 10 10 10 10
1460050200 10 10 10 10
1460048400 10 10 10 10
1460046600 10 10 10 10
1460044800 10 10 10 10
1460043000 10 10 10 10
1460041200 10 10 10 10
1460039400 10 10 10 10
1460037600 10 10 10 10
1460035800 10 10 10 10
1460034000 10 10 10 10
1460032200 10 10 10 10
1460030400 10 10 10 10
1460028600 10 10 10 10
1460026800 10 10 10 10
1460025000 10 10 10 10
1460023200 10 10 10 10
1460021400 10 10 10 10
1460019600 10 10 10 10
1460017800 10 10 10 10
1460016000 10 10 10 10
1460014200 10 10 10 10
1460012400 10 10 10 10
1460010600 10 10 10 10
1460008800 10 10 10 10
1460007000 10 10 10 10
1460005200 10 10 10 10
1460003400 10 10 10 10
1460001600 10 10 10 10
1459999800 10 10 10 10
1459998000 10 10 11 11
1459996200 10 10 13 13
1459994400 10 10 10 10
1459992600 10 10 10 10
1459990800 10 10 10 10
1459989000 10 10 10 10
1459987200 10 10 10 10
1459985400 10 10 10 10
1459983600 10 10 10 10
1459981800 10 10 10 10
1459980000 10 10 10 10
1459978200 10 10 10 10
1459976400 10 10 10 10
1459974600 10 10 10 10
1459972800 10 10 10 10
1459971000 10 10 10 10
1459969200 10 10 10 10
1459967400 10 10 10 10
1459965600 10 10 10 10
1459963800 10 10 10 10
1459962000 10 10 10 10
1459960200 10 10 10 10
1459958400 10 10 10 10
1459956600 10 10 10 10
1459954800 10 10 10 10
1459953000 10 10 10 10
1459951200 10 10 10 10
1459949400 10 10 10 10
1459947600 10 10 10 10
1459945800 10 10 10 10
1459944000 10 10 10 10
1459942200 10 10 10 10
1459940400 10 10 10 10
1459938600 10 10 10 10
1459936800 10 10 10 10
1459935000 10 10 10 10
1459933200 10 10 10 10
1459931400 10 10 10 10
1459929600 10 10 10 10
1459927800 10 10 10 10
1459926000 10 10 10 10
1459924200 10 10 10 10
1459922400 10 10 10 10
1459920600 10 10 10 10
1459918800 10 10 10 10
1459917000 10 10 10 10
1459915200 10 10 10 10
1459913400 10 10 10 10
1459911600 10 10 10 10
1459909800 10 10 10 10
1459908000 10 10 10 10
1459906200 10 10 10 10
1459904400 10 10 10 10
1459902600 10 10 10 10
1459900800 10 10 10 10
1459899000 10 10 10 10
1459897200 10 10 10 10
1459895400 10 10 10 10
1459893600 10 10 10 10
1459891800 10 10 10 10
1459890000 10 10 10 10
1459888200 10 10 10 10
1459886400 10 10 10 10
1459884600 10 10 10 10
1459882800 10 10 10 10
1459881000 10 10 10 10
1459879200 10 10 10 10
1459877400 10 10 10 10
1459875600 10 10 10 10
1459873800 10 10 10 10
1459872000 10 10 10 10
1459870200 10 10 10 10
1459868400 10 10 10 10
1459866600 10 10 10 10
1459864800 10 10 10 10
1459863000 10 10 10 10
1459861200 10 10 10 10
1459859400 10 10 10 10
1459857600 10 10 10 10
1459855800 10 10 10 10
1459854000 10 10 10 10
1459852200 10 10 10 10
1459850400 10 10 10 10
1459848600 10 10 10 10
1459846800 10 10 10 10
1459845000 10 10 10 10
1459843200 10 10 10 10
1459841400 10 10 10 10
1459839600 10 10 10 10
1459837800 10 10 10 10
1459836000 10 10 10 10
1459834200 10 10 10 10
1459832400 10 10 10 10
1459830600 10 10 10 10
1459828800 10 10 10 10
1459827000 10 10 10 10
1459825200 10 10 10 10
1459823400 10 10 10 10
1459821600 10 10 10 10
1459819800 10 10 10 10
1459818000 10 10 10 10
1459816200 10 10 10 10
1459814400 10 10 10 10
1459812600 10 10 10 10
1459810800 10 10 10 10
1459809000 10 10 10 10
1459807200 10 10 10 10
1459805400 10 10 10 10
1459803600 10 10 10 10
1459801800 10 10 10 10
1459800000 10 10 10 10
1459798200 10 10 10 10
1459796400 10 10 10 10
1459794600 10 10 10 10
1459792800 10 10 10 10
1459791000 10 10 10 10
1459789200 10 10 10 10
1459787400 10 10 10 10
1459785600 10 10 10 10
1459783800 10 10 10 10
1459782000 10 10 10 10
1459780200 10 10 10 10
1459778400 10 10 10 10
1459776600 10 10 10 10
1459774800 10 10 10 10
1459773000 10 10 10 10
1459771200 10 10 10 10
1459769400 10 10 10 10
1459767600 10 10 10 10
1459765800 10 10 10 10
1459764000 10 10 10 10
1459762200 10 10 10 10
1459760400 10 10 10 10
1459758600 10 10 10 10
1459756800 10 10 10 10
1459755000 10 10 10 10
1459753200 10 10 10 10
1459751400 10 10 10 10
1459749600 10 10 10 10
1459747800 10 10 10 10
1459746000 10 10 10 10
1459744200 10 10 10 10
1459742400 10 10 10 10
1459740600 10 10 10 10
1459738800 10 10 10 10
1459737000 10 10 10 10
1459735200 10 10 10 10
1459733400 10 10 10 10
1459731600 10 10 10 10
1459729800 10 10 10 10
1459728000 10 10 10 10
1459726200 10 10 10 10
1459724400 10 10 10 10
1459722600 10 10 10 10
1459720800 10 10 10 10
1459719000 10 10 10 10
1459717200 10 10 10 10
1459715400 10 10 10 10
1459713600 10 10 10 10
1459711800 10 10 10 10
1459710000 10 10 10 10
1459708200 10 10 10 10
1459706400 10 10 10 10
1459704600 10 10 10 10
1459702800 10 10 10 10
1459701000 10 10 10 10
1459699200 10 10 10 10
1459697400 10 10 10 10
1459695600 10 10 10 10
1459693800 10 10 10 10
1459692000 10 10 10 10
1459690200 10 10 10 10
1459688400 10 10 10 10
1459686600 10 10 10 10
1459684800 10 10 10 10
1459683000 10 10 10 10
1459681200 10 10 10 10
1459679400 10 10 10 10
1459677600 10 10 10 10
1459675800 10 10 10 10
1459674000 10 10 10 10
1459672200 10 10 10 10
1459670400 10 10 10 10
1459668600 10 10 10 10
1459666800 10 10 10 10
1459665000 10 10 10 10
1459663200 10 10 10 10
1459661400 10 10 10 10
1459659600 10 10 10 10
1459657800 10 10 10 10
1459656000 10 10 10 10
1459654200 10 10 10 10
1459652400 10 10 10 10
1459650600 10 10 10 10
1459648800 10 10 10 10
1459647000 10 10 10 10
1459645200 10 10 10 10
1459643400 10 10 10 10
1459641600 10 10 10 10
1459639800 10 10 10 10
1459638000 10 10 10 10
1459636200 10 10 10 10
1459634400 10 10 10 10
1459632600 10 10 10 10
1459630800 10 10 10 10
1459629000 10 10 10 10
1459627200 10 10 10 10
1459625400 10 10 10 10
1459623600 10 10 10 10
1459621800 10 10 10 10
1459620000 10 10 10 10
1459618200 10 10 10 10
1459616400 10 10 10 10
1459614600 10 10 10 10
1459612800 10 10 10 10
1459611000 10 10 10 10
1459609200 10 10 10 10
1459607400 10 10 10 10
1459605600 10 10 10 10
1459603800 10 10 10 10
1459602000 10 10 10 10
1459600200 10 10 10 10
1459598400 10 10 10 10
1459596600 10 10 10 10
1459594800 10 10 10 10
1459593000 10 10 10 10
1459591200 10 10 10 10
1459589400 10 10 10 10
1459587600 10 10 10 10
1459585800 10 10 10 10
1459584000 10 10 10 10
1459582200 10 10 10 10
1459580400 10 10 10 10
1459578600 10 10 10 10
1459576800 10 10 10 10
1459575000 10 10 10 10
1459573200 10 10 10 10
1459571400 10 10 10 10
1459569600 10 10 10 10
1459567800 10 10 10 10
1459566000 10 10 10 10
1459564200 10 10 10 10
1459562400 10 10 10 10
1459560600 10 10 10 10
1459558800 10 10 10 10
1459557000 10 10 10 10
1459555200 10 10 10 10
1459553400 10 10 10 10
1459551600 10 10 10 10
1459549800 10 10 10 10
1459548000 10 10 10 10
1459546200 10 10 10 10
1459544400 10 10 10 10
1459542600 10 10 10 10
1459540800 10 10 10 10
1459539000 10 10 10 10
1459537200 10 10 10 10
1459535400 10 10 10 10
1459533600 10 10 10 10
1459531800 10 10 10 10
1459530000 10 10 10 10
1459528200 10 10 10 10
1459526400 10 10 10 10
1459524600 10 10 10 10
1459522800 10 10 10 10
1459521000 10 10 10 10
1459519200 10 10 10 10
1459517400 10 10 10 10
1459515600 10 10 10 10
1459513800 10 10 10 10
1459512000 10 10 10 10
1459510200 10 10 10 10
1459508400 10 10 10 10
1459506600 10 10 10 10
1459504800 10 10 10 10
1459503000 10 10 10 10
1459501200 10 10 10 10
1459499400 10 10 10 10
1459497600 10 10 10 10
1459495800 10 10 10 10
1459494000 10 10 10 10
1459492200 10 10 10 10
1459490400 10 10 10 10
1459488600 10 10 10 10
1459486800 10 10 10 10
1459485000 10 10 10 10
1459483200 10 10 10 10
1459481400 10 10 10 10
1459479600 10 10 10 10
1459477800 10 10 10 10
1459476000 10 10 10 10
1459474200 10 10 10 10
1459472400 10 10 10 10
1459470600 10 10 10 10
1459468800 10 10 10 10
1459467000 10 10 10 10
1459465200 10 10 10 10
1459463400 10 10 10 10
1459461600 10 10 10 10
1459459800 10 10 10 10
1459458000 10 10 10 10
1459456200 10 10 10 10
1459454400 10 10 10 10
1459452600 10 10 10 10
1459450800 10 10 10 10
1459449000 10 10 10 10
1459447200 10 10 10 10
1459445400 10 10 10 10
1459443600 10 10 10 10
1459441800 10 10 10 10
1459440000 10 10 10 10
1459438200 10 10 10 10
1459436400 10 10 10 10
1459434600 10 10 10 10
1459432800 10 10 10 10
1459431000 10 10 10 10
1459429200 10 10 10 10
1459427400 10 10 10 10
1459425600 10 10 10 10
1459423800 10 10 10 10
1459422000 10 10 10 10
1459420200 10 10 10 10
1459418400 10 10 10 10
1459416600 10 10 10 10
1459414800 10 10 10 10
1459413000 10 10 10 10
1459411200 10 10 10 10
1459409400 10 10 10 10
1459407600 10 10 10 10
1459405800 10 10 10 10
1459404000 10 10 10 10
1459402200 10 10 10 10
1459400400 10 10 10 10
1459398600 10 10 10 10
1459396800 10 10 10 10
1459395000 10 10 10 10
1459393200 10 10 10 10
1459391400 10 10 10 10
1459389600 10 10 10 10
1459387800 10 10 10 10
1459386000 10 10 10 10
1459384200 10 10 10 10
1459382400 10 10 10 10
1459380600 10 10 10 10
1459378800 10 10 10 10
1459377000 10 10 10 10
1459375200 10 10 10 10
1459373400 10 10 10 10
1459371600 10 10 10 10
1459369800 10 10 10 10
1459368000 10 10 10 10
1459366200 10 10 10 10
1459364400 10 10 10 10
1459362600 10 10 10 10
1459360800 10 10 10 10
1459359000 10 10 10 10
1459357200 10 10 10 10
1459355400 10 10 10 10
1459353600 10 10 10 10
1459351800 10 10 10 10
1459350000 10 10 10 10
1459348200 10 10 10 10
1459346400 10 10 10 10
1459344600 10 10 10 10
1459342800 10 10 10 10
1459341000 10 10 10 10
1459339200 10 10 10 10
1459332000 10 10 10 10
1459324800 10 10 10 10
1459317600 10 10 10 10
1459310400 10 10 10 10
1459303200 10 10 10 10
1459296000 10 10 10 10
1459288800 10 10 10 10
1459281600 10 10 10 10
1459274400 10 10 10 10
1459267200 10 10 10 10
1459260000 10 10 10 10
1459252800 10 10 10 10
1459245600 10 10 10 10
1459238400 10 10 10 10
1459231200 10 10 10 10
1459224000 10 10 10 10
1459216800 10 10 10 10
1459209600 10 10 10 10
1459202400 10 10 10 10
1459195200 10 10 10 10
1459188000 10 10 10 10
1459180800 10 10 10 10
1459173600 10 10 10 10
1459166400 10 10 10 10
1459159200 10 10 10 10
1459152000 10 10 10 10
1459144800 10 10 10 10
1459137600 10 10 10 10
1459130400 10 10 10 10
1459123200 10 10 10 10
1459116000 10 10 10 10
1459108800 10 10 10 10
1459101600 10 10 10 10
1459094400 10 10 10 10
1459087200 10 10 10 10
1459080000 10 10 10 10
1459072800 10 10 10 10
1459065600 10 10 10 10
1459058400 10 10 10 10
1459051200 10 10 10 10
1459044000 10 10 10 10
1459036800 10 10 10 10
1459029600 10 10 10 10
1459022400 10 10 10 10
1459015200 10 10 10 10
1459008000 10 10 10 10
1459000800 10 10 10 10
1458993600 10 10 10 10
1458986400 10 10 10 10
1458979200 10 10 10 10
1458972000 10 10 10 10
1458964800 10 10 10 10
1458957600 10 10 10 10
1458950400 10 10 10 10
1458943200 10 10 10 10
1458936000 10 10 10 10
1458928800 10 10 10 10
1458921600 10 10 10 10
1458914400 10 10 10 10
1458907200 10 10 10 10
1458900000 10 10 10 10
1458892800 10 10 10 10
1458885600 10 10 10 10
1458878400 10 10 10 10
1458871200 10 10 10 10
1458864000 10 10 10 10
1458856800 10 10 10 10
1458849600 10 10 10 10
1458842400 10 10 10 10
1458835200 10 10 10 10
1458828000 10 10 10 10
1458820800 10 10 10 10
1458813600 10 10 10 10
1458806400 10 10 10 10
1458799200 10 10 10 10
1458792000 10 10 10 10
1458784800 10 10 10 10
1458777600 10 10 10 10
1458770400 10 10 10 10
1458763200 10 10 10 10
1458756000 10 10 10 10
1458748800 10 10 10 10
1458741600 10 10 10 10
1458734400 10 10 10 10
1458727200 10 10 10 10
1458720000 10 10 10 10
1458712800 10 10 10 10
1458705600 10 10 10 10
1458698400 10 10 10 10
1458691200 10 10 10 10
1458684000 10 10 10 10
1458676800 10 10 10 10
1458669600 10 10 10 10
1458662400 10 10 10 10
1458655200 10 10 10 10
1458648000 10 10 10 10
1458640800 10 10 10 10
1458633600 10 10 10 10
1458626400 10 10 10 10
1458619200 10 10 10 10
1458612000 10 10 10 10
1458604800 10 10 10 10
1458597600 10 10 10 10
1458590400 10 10 10 10
1458583200 10 10 10 10
1458576000 10 10 10 10
1458568800 10 10 10 10
1458561600 9 9 10 10
1458554400 9 9 10 10
1458547200 10 10 10 10
1458540000 10 10 10 10
1458532800 10 10 10 10
1458525600 10 10 10 10
1458518400 10 10 10 10
1458511200 10 10 10 10
1458504000 10 10 10 10
1458496800 10 10 10 10
1458489600 10 10 10 10
1458482400 10 10 10 10
1458475200 10 10 10 10
1458468000 10 10 10 10
1458460800 10 10 10 10
1458453600 10 10 10 10
1458446400 10 10 10 10
1458439200 10 10 10 10
1458432000 10 10 10 10
1458424800 10 10 10 10
1458417600 10 10 10 10
1458410400 10 10 10 10
1458403200 10 10 10 10
1458396000 10 10 10 10
1458388800 10 10 10 10
1458381600 10 10 10 10
1458374400 10 10 10 10
1458367200 10 10 10 10
1458360000 10 10 10 10
1458352800 10 10 10 10
1458345600 9 9 10 10
1458338400 10 10 10 10
1458331200 10 10 10 10
1458324000 10 10 10 10
1458316800 10 10 10 10
1458309600 10 10 10 10
1458302400 10 10 10 10
1458295200 10 10 10 10
1458288000 10 10 10 10
1458280800 10 10 10 10
1458273600 10 10 10 10
1458266400 10 10 10 10
1458259200 10 10 10 10
1458252000 10 10 10 10
1458244800 10 10 10 10
1458237600 10 10 10 10
1458230400 10 10 10 10
1458223200 10 10 10 10
1458216000 10 10 10 10
1458208800 10 10 10 10
1458201600 10 10 10 10
1458194400 10 10 10 10
1458187200 10 10 10 10
1458180000 10 10 10 10
1458172800 10 10 10 10
1458165600 10 10 10 10
1458158400 10 10 10 10
1458151200 10 10 10 10
1458144000 10 10 10 10
1458136800 10 10 10 10
1458129600 10 10 10 10
1458122400 10 10 10 10
1458115200 10 10 10 10
1458108000 10 10 10 10
1458100800 10 10 10 10
1458093600 10 10 10 10
1458086400 10 10 10 10
1458079200 10 10 10 10
1458072000 10 10 10 10
1458064800 10 10 10 10
1458057600 10 10 10 10
1458050400 10 10 10 10
1458043200 10 10 10 10
1458036000 10 10 10 10
1458028800 10 10 10 10
1458021600 10 10 10 10
1458014400 10 10 10 10
1458007200 10 10 10 10
1458000000 10 10 10 10
1457992800 10 10 10 10
1457985600 10 10 10 10
1457978400 10 10 10 10
1457971200 10 10 10 10
1457964000 10 10 10 10
1457956800 10 10 10 10
1457949600 10 10 10 10
1457942400 10 10 10 10
1457935200 10 10 10 10
1457928000 10 10 10 10
1457920800 10 10 10 10
1457913600 10 10 10 10
1457906400 10 10 10 10
1457899200 10 10 10 10
1457892000 10 10 10 10
1457884800 10 10 10 10
1457877600 10 10 10 10
1457870400 10 10 10 10
1457863200 10 10 10 10
1457856000 10 10 10 10
1457848800 10 10 10 10
1457841600 10 10 10 10
1457834400 10 10 10 10
1457827200 10 10 10 10
1457820000 10 10 11 11
1457812800 10 10 10 10
1457805600 10 10 10 10
1457798400 10 10 10 10
1457791200 10 10 10 10
1457784000 10 10 10 10
1457776800 10 10 10 10
1457769600 10 10 10 10
1457762400 10 10 10 10
1457755200 10 10 10 10
1457748000 10 10 10 10
1457740800 10 10 10 10
1457733600 10 10 10 10
1457726400 10 10 10 10
1457719200 10 10 10 10
1457712000 10 10 10 10
1457704800 10 10 10 10
1457697600 10 10 10 10
1457690400 10 10 10 10
1457683200 10 10 10 10
1457676000 10 10 10 10
1457668800 10 10 10 10
1457661600 10 10 10 10
1457654400 10 10 10 10
1457647200 10 10 10 10
1457640000 10 10 10 10
1457632800 10 10 10 10
1457625600 10 10 10 10
1457618400 10 10 10 10
1457611200 10 10 10 10
1457604000 10 10 10 10
1457596800 10 10 10 10
1457589600 10 10 10 10
1457582400 10 10 10 10
1457575200 10 10 10 10
1457568000 10 10 10 10
1457560800 10 10 10 10
1457553600 10 10 10 10
1457546400 10 10 10 10
1457539200 10 10 10 10
1457532000 10 10 10 10
1457524800 10 10 10 10
1457517600 10 10 10 10
1457510400 10 10 10 10
1457503200 10 10 10 10
1457496000 10 10 10 10
1457488800 10 10 10 10
1457481600 10 10 10 10
1457474400 10 10 10 10
1457467200 10 10 10 10
1457460000 10 10 10 10
1457452800 10 10 10 10
1457445600 10 10 10 10
1457438400 10 10 10 10
1457431200 10 10 10 10
1457424000 10 10 10 10
1457416800 10 10 10 10
1457409600 10 10 10 10
1457402400 10 10 10 10
1457395200 10 10 10 10
1457388000 10 10 10 10
1457380800 10 10 10 10
1457373600 10 10 10 10
1457366400 10 10 10 10
1457359200 10 10 10 10
1457352000 10 10 10 10
1457344800 10 10 10 10
1457337600 10 10 10 10
1457330400 10 10 10 10
1457323200 10 10 10 10
1457316000 10 10 10 10
1457308800 10 10 10 10
1457301600 10 10 10 10
1457294400 10 10 10 10
1457287200 10 10 10 10
1457280000 10 10 10 10
1457272800 10 10 10 10
1457265600 10 10 10 10
1457258400 10 10 10 10
1457251200 10 10 10 10
1457244000 10 10 10 10
1457236800 10 10 10 10
1457229600 10 10 10 10
1457222400 10 10 10 10
1457215200 10 10 10 10
1457208000 10 10 10 10
1457200800 10 10 10 10
1457193600 10 10 10 10
1457186400 10 10 10 10
1457179200 10 10 10 10
1457172000 10 10 10 10
1457164800 10 10 10 10
1457157600 10 10 10 10
1457150400 10 10 10 10
1457143200 10 10 10 10
1457136000 10 10 10 10
1457128800 10 10 10 10
1457121600 10 10 10 10
1457114400 10 10 10 10
1457107200 10 10 10 10
1457100000 10 10 10 10
1457092800 10 10 10 10
1457085600 10 10 10 10
1457078400 10 10 10 10
1457071200 10 10 10 10
1457064000 10 10 10 10
1457056800 10 10 10 10
1457049600 10 10 10 10
1457042400 10 10 10 10
1457035200 10 10 10 10
1457028000 10 10 10 10
1457020800 10 10 10 10
1457013600 10 10 10 10
1457006400 10 10 10 10
1456999200 10 10 10 10
1456992000 10 10 10 10
1456984800 10 10 10 10
1456977600 10 10 10 10
1456970400 10 10 10 10
1456963200 10 10 10 10
1456956000 10 10 10 10
1456948800 10 10 10 10
1456941600 10 10 10 10
1456934400 10 10 10 10
1456927200 10 10 10 10
1456920000 10 10 10 10
1456912800 10 10 10 10
1456905600 10 10 10 10
1456898400 10 10 10 10
1456891200 10 10 10 10
1456884000 10 10 10 10
1456876800 10 10 10 10
1456869600 10 10 10 10
1456862400 10 10 10 10
1456855200 10 10 10 10
1456848000 10 10 10 10
1456840800 10 10 10 10
1456833600 10 10 10 10
1456826400 10 10 10 10
1456819200 10 10 10 10
1456812000 10 10 10 10
1456804800 10 10 10 10
1456797600 10 10 10 10
1456790400 10 10 10 10
1456783200 10 10 11 11
1456776000 10 10 10 10
1456768800 10 10 10 10
1456761600 10 10 10 10
1456754400 10 10 10 10
1456747200 10 10 10 10
1456740000 10 10 10 10
1456732800 10 10 10 10
1456725600 10 10 10 10
1456718400 10 10 10 10
1456711200 10 10 10 10
1456704000 10 10 10 10
1456696800 10 10 11 11
1456689600 10 10 10 10
1456682400 10 10 10 10
1456675200 10 10 10 10
1456668000 10 10 10 10
1456660800 10 10 10 10
1456653600 10 10 10 10
1456646400 10 10 10 10
1456639200 10 10 10 10
1456632000 10 10 10 10
1456624800 10 10 10 10
1456617600 10 10 10 10
1456610400 10 10 10 10
1456603200 10 10 10 10
1456596000 10 10 10 10
1456588800 10 10 10 10
1456581600 10 10 10 10
1456574400 10 10 10 10
1456567200 10 10 10 10
1456560000 10 10 10 10
1456552800 10 10 10 10
1456545600 10 10 10 10
1456538400 10 10 10 10
1456531200 10 10 10 10
1456524000 10 10 10 10
1456516800 10 10 10 10
1456509600 10 10 10 10
1456502400 10 10 10 10
1456495200 10 10 10 10
1456488000 10 10 10 10
1456480800 10 10 10 10
1456473600 10 10 10 10
1456466400 10 10 10 10
1456459200 10 10 10 10
1456452000 10 10 10 10
1456444800 10 10 10 10
1456437600 10 10 11 11
1456430400 10 10 10 10
1456423200 10 10 10 10
1456416000 10 10 10 10
1456408800 10 10 10 10
1456401600 10 10 10 10
1456394400 10 10 10 10
1456387200 10 10 10 10
1456380000 10 10 10 10
1456372800 10 10 10 10
1456365600 10 10 10 10
1456358400 10 10 10 10
1456351200 10 10 11 11
1456344000 10 10 10 10
1456336800 10 10 10 10
1456329600 10 10 10 10
1456322400 10 10 10 10
1456315200 10 10 10 10
1456308000 10 10 10 10
1456300800 10 10 10 10
1456293600 10 10 10 10
1456286400 10 10 10 10
1456279200 10 10 10 10
1456272000 10 10 10 10
1456264800 10 10 10 10
1456257600 10 10 10 10
1456250400 10 10 10 10
1456243200 10 10 10 10
1456236000 10 10 10 10
1456228800 10 10 10 10
1456221600 10 10 10 10
1456214400 10 10 10 10
1456207200 10 10 10 10
1456200000 10 10 10 10
1456192800 10 10 10 10
1456185600 10 10 10 10
1456178400 10 10 11 11
1456171200 10 10 10 10
1456164000 10 10 10 10
1456156800 10 10 10 10
1456149600 10 10 10 10
1456142400 10 10 10 10
1456135200 10 10 10 10
1456128000 10 10 10 10
1456120800 10 10 10 10
1456113600 10 10 10 10
1456106400 10 10 10 10
1456099200 10 10 10 10
1456092000 10 10 11 11
1456084800 10 10 10 10
1456077600 10 10 10 10
1456070400 10 10 10 10
1456063200 10 10 10 10
1456056000 10 10 10 10
1456048800 10 10 10 10
1456041600 10 10 10 10
1456034400 10 10 10 10
1456027200 10 10 10 10
1456020000 10 10 10 10
1456012800 10 10 10 10
1456005600 10 10 10 10
1455998400 10 10 10 10
1455991200 10 10 10 10
1455984000 10 10 10 10
1455976800 10 10 10 10
1455969600 10 10 10 10
1455962400 10 10 10 10
1455955200 10 10 10 10
1455948000 10 10 10 10
1455940800 10 10 10 10
1455933600 10 10 10 10
1455926400 10 10 10 10
1455919200 10 10 11 11
1455912000 10 10 10 10
1455904800 10 10 10 10
1455897600 10 10 10 10
1455890400 10 10 10 10
1455883200 10 10 10 10
1455876000 10 10 10 10
1455868800 10 10 10 10
1455861600 10 10 10 10
1455854400 10 10 10 10
1455847200 10 10 10 10
1455840000 10 10 10 10
1455832800 10 10 10 10
1455825600 10 10 10 10
1455818400 10 10 10 10
1455811200 10 10 10 10
1455804000 10 10 10 10
1455796800 10 10 10 10
1455789600 10 10 10 10
1455782400 10 10 10 10
1455775200 10 10 10 10
1455768000 10 10 10 10
1455760800 10 10 10 10
1455753600 10 10 10 10
1455746400 10 10 11 11
1455739200 10 10 10 10
1455732000 10 10 10 10
1455724800 10 10 10 10
1455717600 10 10 10 10
1455710400 10 10 10 10
1455703200 10 10 10 10
1455696000 10 10 10 10
1455688800 10 10 10 10
1455681600 10 10 10 10
1455674400 10 10 10 10
1455667200 10 10 10 10
1455660000 10 10 10 10
1455652800 10 10 10 10
1455645600 10 10 10 10
1455638400 10 10 10 10
1455631200 10 10 10 10
1455624000 10 10 10 10
1455616800 10 10 10 10
1455609600 10 10 10 10
1455602400 10 10 10 10
1455595200 10 10 10 10
1455588000 10 10 10 10
1455580800 10 10 10 10
1455573600 10 10 10 10
1455566400 10 10 10 10
1455559200 10 10 10 10
1455552000 10 10 10 10
1455544800 10 10 10 10
1455537600 10 10 10 10
1455530400 10 10 10 10
1455523200 10 10 10 10
1455516000 10 10 10 10
1455508800 10 10 10 10
1455501600 10 10 10 10
1455494400 10 10 10 10
1455487200 10 10 10 10
1455480000 10 10 10 10
1455472800 10 10 10 10
1455465600 10 10 10 10
1455458400 10 10 10 10
1455451200 10 10 10 10
1455444000 10 10 10 10
1455436800 10 10 10 10
1455429600 10 10 10 10
1455422400 10 10 10 10
1455415200 10 10 10 10
1455408000 10 10 10 10
1455400800 10 10 10 10
1455393600 10 10 10 10
1455386400 10 10 10 10
1455379200 10 10 10 10
1455372000 10 10 10 10
1455364800 10 10 10 10
1455357600 10 10 10 10
1455350400 10 10 10 10
1455343200 10 10 10 10
1455336000 10 10 10 10
1455328800 10 10 10 10
1455321600 10 10 10 10
1455314400 10 10 10 10
1455307200 10 10 10 10
1455300000 10 10 10 10
1455292800 10 10 10 10
1455285600 10 10 10 10
1455278400 10 10 10 10
1455271200 10 10 10 10
1455264000 10 10 10 10
1455256800 10 10 10 10
1455249600 10 10 10 10
1455242400 10 10 10 10
1455235200 10 10 10 10
1455228000 10 10 10 10
1455220800 10 10 10 10
1455213600 10 10 10 10
1455206400 10 10 10 10
1455199200 10 10 10 10
1455192000 10 10 10 10
1455184800 10 10 10 10
1455177600 10 10 10 10
1455170400 10 10 10 10
1455163200 10 10 10 10
1455156000 10 10 10 10
1455148800 10 10 10 10
1455141600 10 10 10 10
1455134400 10 10 10 10
1455127200 10 10 10 10
1455120000 10 10 10 10
1455112800 10 10 10 10
1455105600 10 10 10 10
1455098400 10 10 10 10
1455091200 10 10 10 10
1455084000 10 10 10 10
1455076800 10 10 10 10
1455069600 10 10 10 10
1455062400 10 10 10 10
1455055200 10 10 10 10
1455048000 10 10 10 10
1455040800 10 10 10 10
1455033600 10 10 10 10
1455026400 10 10 10 10
1455019200 10 10 10 10
1454976000 10 10 10 10
1454889600 10 10 10 10
1454803200 10 10 10 10
1454716800 10 10 10 10
1454630400 10 10 10 10
1454544000 10 10 10 10
1454457600 10 10 10 10
1454371200 10 10 10 10
1454284800 10 10 10 10
1454198400 10 10 10 10
1454112000 10 10 10 10
1454025600 10 10 10 10
1453939200 10 10 10 10
1453852800 10 10 10 10
1453766400 10 10 10 10
1453680000 10 10 10 10
1453593600 10 10 10 10
1453507200 10 10 10 10
1453420800 10 10 11 11
1453334400 10 10 11 11
1453248000 10 10 11 11
1453161600 10 10 11 11
1453075200 9 9 10 10
1452988800 10 10 10 10
1452902400 10 10 10 10
1452816000 10 10 10 10
1452729600 10 10 10 10
1452643200 10 10 10 10
1452556800 10 10 10 10
1452470400 10 10 10 10
1452384000 9 9 13 13
1452297600 10 10 10 10
1452211200 10 10 11 11
1452124800 10 10 12 12
1452038400 10 10 10 10
1451952000 10 10 10 10
1451865600 10 10 10 10
1451779200 10 10 10 10
1451692800 10 10 10 10
1451606400 10 10 10 10
1451520000 10 10 10 10
1451433600 9 9 10 10
1451347200 10 10 10 10
1451260800 10 10 10 10
1451174400 9 9 10 10
1451088000 9 9 10 10
1451001600 10 10 10 10
1450915200 10 10 10 10
1450828800 10 10 10 10
1450742400 10 10 10 10
1450656000 10 10 10 10
1450569600 10 10 10 10
1450483200 10 10 10 10
1450396800 10 10 10 10
1450310400 10 10 10 10
1450224000 10 10 10 10
1450137600 8 8 10 10
1450051200 8 8 10 10
1449964800 8 8 10 10
1449878400 8 8 10 10
1449792000 8 8 10 10
1449705600 8 8 10 10
1449619200 8 8 10 10
1449532800 8 8 11 11
1449446400 8 8 10 10
1449360000 8 8 10 10
1449273600 8 8 10 10
1449187200 8 8 10 10
1449100800 8 8 10 10
1449014400 8 8 10 10
1448928000 8 8 10 10
1448841600 8 8 10 10
1448755200 8 8 10 10
1448668800 8 8 10 10
1448582400 8 8 10 10
1448496000 8 8 10 10
1448409600 8 8 10 10
1448323200 8 8 10 10
1448236800 8 8 10 10
1448150400 8 8 10 10
1448064000 8 8 10 10
1447977600 8 8 10 10
1447891200 8 8 10 10
1447804800 8 8 10 10
1447718400 8 8 10 10
1447632000 8 8 10 10
1447545600 8 8 10 10
1447459200 8 8 10 10
1447372800 8 8 10 10
1447286400 8 8 10 10
1447200000 8 8 10 10
1447113600 8 8 10 10
1447027200 8 8 10 10
1446940800 8 8 10 10
1446854400 8 8 10 10
1446768000 8 8 10 10
1446681600 8 8 10 10
1446595200 8 8 10 10
1446508800 8 8 10 10
1446422400 8 8 10 10
1446336000 8 8 10 10
1446249600 8 8 10 10
1446163200 8 8 10 10
1446076800 8 8 10 10
1445990400 8 8 10 10
1445904000 8 8 10 10
1445817600 8 8 10 10
1445731200 8 8 10 10
1445644800 8 8 10 10
1445558400 8 8 10 10
1445472000 8 8 10 10
1445385600 8 8 10 10
1445299200 8 8 10 10
1445212800 8 8 10 10
1445126400 8 8 10 10
1445040000 8 8 10 10
1444953600 8 8 10 10
1444867200 8 8 10 10
1444780800 8 8 10 10
1444694400 8 8 10 10
1444608000 8 8 10 10
1444521600 8 8 10 10
1444435200 8 8 10 10
1444348800 8 8 10 10
1444262400 8 8 10 10
1444176000 8 8 10 10
1444089600 8 8 10 10
1444003200 8 8 10 10
1443916800 8 8 10 10
1443830400 8 8 10 10
1443744000 9 9 10 10
1443657600 8 8 10 10
1443571200 8 8 10 10
1443484800 8 8 10 10
1443398400 8 8 10 10
1443312000 8 8 10 10
1443225600 8 8 10 10
1443139200 8 8 10 10
1443052800 8 8 10 10
1442966400 8 8 10 10
1442880000 8 8 10 10
1442793600 8 8 10 10
1442707200 8 8 10 10
1442620800 8 8 10 10
1442534400 8 8 10 10
1442448000 8 8 10 10
1442361600 8 8 10 10
1442275200 8 8 10 10
1442188800 8 8 10 10
1442102400 8 8 10 10
1442016000 8 8 10 10
1441929600 8 8 10 10
1441843200 8 8 10 10
1441756800 8 8 10 10
1441670400 8 8 10 10
1441584000 8 8 10 10
1441497600 8 8 10 10
1441411200 8 8 10 10
1441324800 8 8 10 10
1441238400 8 8 10 10
1441152000 8 8 10 10
1441065600 8 8 10 10
1440979200 8 8 10 10
1440892800 8 8 10 10
1440806400 8 8 10 10
1440720000 8 8 10 10
1440633600 8 8 11 11
1440547200 8 8 10 10
1440460800 8 8 10 10
1440374400 8 8 10 10
1440288000 8 8 10 10
1440201600 8 8 10 10
1440115200 8 8 11 11
1440028800 8 8 10 10
1439942400 8 8 10 10
1439856000 8 8 10 10
1439769600 8 8 10 10
1439683200 8 8 10 10
1439596800 8 8 10 10
1439510400 8 8 10 10
1439424000 8 8 10 10
1439337600 8 8 10 10
1439251200 8 8 10 10
1439164800 8 8 10 10
1439078400 8 8 10 10
1438992000 8 8 10 10
1438905600 8 8 10 10
1438819200 8 8 10 10
1438732800 8 8 10 10
1438646400 8 8 10 10
1438560000 8 8 10 10
1438473600 8 8 10 10
1438387200 8 8 10 10
1438300800 8 8 10 10
1438214400 8 8 10 10
1438128000 8 8 10 10
1438041600 8 8 10 10
1437955200 8 8 10 10
1437868800 8 8 10 10
1437782400 8 8 10 10
1437696000 8 8 10 10
1437609600 8 8 10 10
1437523200 8 8 10 10
1437436800 8 8 10 10
1437350400 8 8 10 10
1437264000 8 8 10 10
1437177600 8 8 10 10
1437091200 8 8 10 10
1437004800 8 8 10 10
1436918400 8 8 10 10
1436832000 8 8 10 10
1436745600 8 8 10 10
1436659200 8 8 10 10
1436572800 8 8 10 10
1436486400 8 8 10 10
1436400000 8 8 10 10
1436313600 8 8 10 10
1436227200 8 8 10 10
1436140800 8 8 10 10
1436054400 8 8 10 10
1435968000 8 8 10 10
1435881600 8 8 10 10
1435795200 8 8 10 10
1435708800 8 8 10 10
1435622400 8 8 10 10
1435536000 8 8 10 10
1435449600 8 8 10 10
1435363200 8 8 10 10
1435276800 8 8 10 10
1435190400 8 8 10 10
1435104000 8 8 10 10
1435017600 8 8 10 10
1434931200 8 8 10 10
1434844800 8 8 10 10
1434758400 8 8 10 10
1434672000 8 8 10 10
1434585600 8 8 10 10
1434499200 8 8 10 10
1434412800 8 8 10 10
1434326400 8 8 10 10
1434240000 8 8 10 10
1434153600 8 8 10 10
1434067200 8 8 10 10
1433980800 8 8 10 10
1433894400 9 9 10 10
1433808000 9 9 10 10
1433721600 9 9 10 10
1433635200 9 9 10 10
1433548800 10 10 10 10
1433462400 10 10 10 10
1433376000 9 9 10 10
1433289600 10 10 10 10
1433203200 9 9 10 10
1433116800 9 9 10 10
1433030400 9 9 10 10
1432944000 10 10 10 10
1432857600 10 10 10 10
1432771200 9 9 10 10
1432684800 10 10 10 10
1432598400 9 9 10 10
1432512000 9 9 10 10
1432425600 9 9 10 10
1432339200 10 10 10 10
1432252800 9 9 10 10
1432166400 9 9 10 10
1432080000 9 9 10 10
1431993600 9 9 10 10
1431907200 9 9 10 10
1431820800 9 9 10 10
1431734400 10 10 10 10
1431648000 9 9 10 10
1431561600 10 10 10 10
1431475200 9 9 10 10
1431388800 9 9 10 10
1431302400 9 9 10 10
1431216000 0 0 10 10
1431129600 0 0 0 0
1431043200 0 0 0 0
1430956800 0 0 0 0
1430870400 0 0 0 0
1430784000 0 0 0 0
1430697600 0 0 0 0
1430611200 0 0 0 0
1430524800 0 0 0 0
1430438400 0 0 0 0
1430352000 0 0 0 0
1430265600 0 0 0 0
1430179200 0 0 0 0
1430092800 0 0 0 0
1430006400 0 0 0 0
1429920000 0 0 0 0
1429833600 0 0 0 0
1429747200 0 0 0 0
1429660800 0 0 0 0
1429574400 0 0 0 0
1429488000 0 0 0 0
1429401600 0 0 0 0
1429315200 0 0 0 0
1429228800 0 0 0 0
1429142400 0 0 0 0
1429056000 0 0 0 0
1428969600 0 0 0 0
1428883200 0 0 0 0
1428796800 0 0 0 0
1428710400 0 0 0 0
1428624000 0 0 0 0
1428537600 0 0 0 0
1428451200 0 0 0 0
1428364800 0 0 0 0
1428278400 0 0 0 0
1428192000 0 0 0 0
1428105600 0 0 0 0
1428019200 0 0 0 0
1427932800 0 0 0 0
1427846400 0 0 0 0
1427760000 0 0 0 0
1427673600 0 0 0 0
1427587200 0 0 0 0
1427500800 0 0 0 0
1427414400 0 0 0 0
1427328000 0 0 0 0
1427241600 0 0 0 0
1427155200 0 0 0 0
1427068800 0 0 0 0
1426982400 0 0 0 0
1426896000 0 0 0 0
1426809600 0 0 0 0
1426723200 0 0 0 0
1426636800 0 0 0 0
1426550400 0 0 0 0
1426464000 0 0 0 0
1426377600 0 0 0 0
1426291200 0 0 0 0
1426204800 0 0 0 0
1426118400 0 0 0 0
1426032000 0 0 0 0
1425945600 0 0 0 0
1425859200 0 0 0 0
1425772800 0 0 0 0
1425686400 0 0 0 0
1425600000 0 0 0 0
1425513600 0 0 0 0
1425427200 0 0 0 0
1425340800 0 0 0 0
1425254400 0 0 0 0
1425168000 0 0 0 0
1425081600 0 0 0 0
1424995200 0 0 0 0
1424908800 0 0 0 0
1424822400 0 0 0 0
1424736000 0 0 0 0
1424649600 0 0 0 0
1424563200 0 0 0 0
1424476800 0 0 0 0
1424390400 0 0 0 0
1424304000 0 0 0 0
1424217600 0 0 0 0
1424131200 0 0 0 0
1424044800 0 0 0 0
1423958400 0 0 0 0
1423872000 0 0 0 0
1423785600 0 0 0 0
1423699200 0 0 0 0
1423612800 0 0 0 0
1423526400 0 0 0 0
1423440000 0 0 0 0
1423353600 0 0 0 0
1423267200 0 0 0 0
1423180800 0 0 0 0
1423094400 0 0 0 0
1423008000 0 0 0 0
1422921600 0 0 0 0
1422835200 0 0 0 0
1422748800 0 0 0 0
1422662400 0 0 0 0
1422576000 0 0 0 0
1422489600 0 0 0 0
1422403200 0 0 0 0
1422316800 0 0 0 0
1422230400 0 0 0 0
1422144000 0 0 0 0
1422057600 0 0 0 0
1421971200 0 0 0 0
1421884800 0 0 0 0
1421798400 0 0 0 0
1421712000 0 0 0 0
1421625600 0 0 0 0
1421539200 0 0 0 0
1421452800 0 0 0 0
1421366400 0 0 0 0
1421280000 0 0 0 0
1421193600 0 0 0 0
1421107200 0 0 0 0
1421020800 0 0 0 0
1420934400 0 0 0 0
1420848000 0 0 0 0
1420761600 0 0 0 0
1420675200 0 0 0 0
1420588800 0 0 0 0
1420502400 0 0 0 0
1420416000 0 0 0 0
1420329600 0 0 0 0
1420243200 0 0 0 0
1420156800 0 0 0 0
1420070400 0 0 0 0
1419984000 0 0 0 0
1419897600 0 0 0 0
1419811200 0 0 0 0
1419724800 0 0 0 0
1419638400 0 0 0 0
1419552000 0 0 0 0
1419465600 0 0 0 0
1419379200 0 0 0 0
1419292800 0 0 0 0
1419206400 0 0 0 0
1419120000 0 0 0 0
1419033600 0 0 0 0
1418947200 0 0 0 0
1418860800 0 0 0 0
1418774400 0 0 0 0
1418688000 0 0 0 0
1418601600 0 0 0 0
1418515200 0 0 0 0
1418428800 0 0 0 0
1418342400 0 0 0 0
1418256000 0 0 0 0
1418169600 0 0 0 0
1418083200 0 0 0 0
1417996800 0 0 0 0
1417910400 0 0 0 0
1417824000 0 0 0 0
1417737600 0 0 0 0
1417651200 0 0 0 0
1417564800 0 0 0 0
1417478400 0 0 0 0
1417392000 0 0 0 0
1417305600 0 0 0 0
1417219200 0 0 0 0
1417132800 0 0 0 0
1417046400 0 0 0 0
1416960000 0 0 0 0
1416873600 0 0 0 0
1416787200 0 0 0 0
1416700800 0 0 0 0
1416614400 0 0 0 0
1416528000 0 0 0 0
1416441600 0 0 0 0
1416355200 0 0 0 0
1416268800 0 0 0 0
1416182400 0 0 0 0
1416096000 0 0 0 0
1416009600 0 0 0 0
1415923200 0 0 0 0
1415836800 0 0 0 0
1415750400 0 0 0 0
1415664000 0 0 0 0
1415577600 0 0 0 0
1415491200 0 0 0 0
1415404800 0 0 0 0
1415318400 0 0 0 0
1415232000 0 0 0 0
1415145600 0 0 0 0
1415059200 0 0 0 0
1414972800 0 0 0 0
1414886400 0 0 0 0
1414800000 0 0 0 0
1414713600 0 0 0 0
1414627200 0 0 0 0
1414540800 0 0 0 0
1414454400 0 0 0 0
1414368000 0 0 0 0
1414281600 0 0 0 0
1414195200 0 0 0 0
1414108800 0 0 0 0
1414022400 0 0 0 0
1413936000 0 0 0 0
1413849600 0 0 0 0
1413763200 0 0 0 0
1413676800 0 0 0 0
1413590400 0 0 0 0
1413504000 0 0 0 0
1413417600 0 0 0 0
1413331200 0 0 0 0
1413244800 0 0 0 0
1413158400 0 0 0 0
1413072000 0 0 0 0
1412985600 0 0 0 0
1412899200 0 0 0 0
1412812800 0 0 0 0
1412726400 0 0 0 0
1412640000 0 0 0 0
1412553600 0 0 0 0
1412467200 0 0 0 0
1412380800 0 0 0 0
1412294400 0 0 0 0
1412208000 0 0 0 0
1412121600 0 0 0 0
1412035200 0 0 0 0
1411948800 0 0 0 0
1411862400 0 0 0 0
1411776000 0 0 0 0
1411689600 0 0 0 0
1411603200 0 0 0 0
1411516800 0 0 0 0
1411430400 0 0 0 0
1411344000 0 0 0 0
1411257600 0 0 0 0
1411171200 0 0 0 0
1411084800 0 0 0 0
1410998400 0 0 0 0
1410912000 0 0 0 0
1410825600 0 0 0 0
1410739200 0 0 0 0
1410652800 0 0 0 0
1410566400 0 0 0 0
1410480000 0 0 0 0
1410393600 0 0 0 0
1410307200 0 0 0 0
1410220800 0 0 0 0
1410134400 0 0 0 0
1410048000 0 0 0 0
1409961600 0 0 0 0
1409875200 0 0 0 0
1409788800 0 0 0 0
1409702400 0 0 0 0
1409616000 0 0 0 0
1409529600 0 0 0 0
1409443200 0 0 0 0
1409356800 0 0 0 0
1409270400 0 0 0 0
1409184000 0 0 0 0
1409097600 0 0 0 0
1409011200 0 0 0 0
1408924800 0 0 0 0
1408838400 0 0 0 0
1408752000 0 0 0 0
1408665600 0 0 0 0
1408579200 0 0 0 0
1408492800 0 0 0 0
1408406400 0 0 0 0
1408320000 0 0 0 0
1408233600 0 0 0 0
1408147200 0 0 0 0
1408060800 0 0 0 0
1407974400 0 0 0 0
1407888000 0 0 0 0
1407801600 0 0 0 0
1407715200 0 0 0 0
1407628800 0 0 0 0
1407542400 0 0 0 0
1407456000 0 0 0 0
1407369600 0 0 0 0
1407283200 0 0 0 0
1407196800 0 0 0 0
1407110400 0 0 0 0
1407024000 0 0 0 0
1406937600 0 0 0 0
1406851200 0 0 0 0
1406764800 0 0 0 0
1406678400 0 0 0 0
1406592000 0 0 0 0
1406505600 0 0 0 0
1406419200 0 0 0 0
1406332800 0 0 0 0
1406246400 0 0 0 0
1406160000 0 0 0 0
1406073600 0 0 0 0
1405987200 0 0 0 0
1405900800 0 0 0 0
1405814400 0 0 0 0
1405728000 0 0 0 0
1405641600 0 0 0 0
1405555200 0 0 0 0
1405468800 0 0 0 0
1405382400 0 0 0 0
1405296000 0 0 0 0
1405209600 0 0 0 0
1405123200 0 0 0 0
1405036800 0 0 0 0
1404950400 0 0 0 0
1404864000 0 0 0 0
1404777600 0 0 0 0
1404691200 0 0 0 0
1404604800 0 0 0 0
1404518400 0 0 0 0
1404432000 0 0 0 0
1404345600 0 0 0 0
1404259200 0 0 0 0
1404172800 0 0 0 0
1404086400 0 0 0 0
1404000000 0 0 0 0
1403913600 0 0 0 0
1403827200 0 0 0 0
1403740800 0 0 0 0
1403654400 0 0 0 0
1403568000 0 0 0 0
1403481600 0 0 0 0
1403395200 0 0 0 0
1403308800 0 0 0 0
1403222400 0 0 0 0
1403136000 0 0 0 0
1403049600 0 0 0 0
1402963200 0 0 0 0
1402876800 0 0 0 0
1402790400 0 0 0 0
1402704000 0 0 0 0
1402617600 0 0 0 0
1402531200 0 0 0 0
1402444800 0 0 0 0
1402358400 0 0 0 0
1402272000 0 0 0 0
1402185600 0 0 0 0
1402099200 0 0 0 0
1402012800 0 0 0 0
1401926400 0 0 0 0
1401840000 0 0 0 0
1401753600 0 0 0 0
1401667200 0 0 0 0
1401580800 0 0 0 0
1401494400 0 0 0 0
1401408000 0 0 0 0
1401321600 0 0 0 0
1401235200 0 0 0 0
1401148800 0 0 0 0
1401062400 0 0 0 0
1400976000 0 0 0 0
1400889600 0 0 0 0
1400803200 0 0 0 0
1400716800 0 0 0 0
1400630400 0 0 0 0
1400544000 0 0 0 0
1400457600 0 0 0 0
1400371200 0 0 0 0
1400284800 0 0 0 0
1400198400 0 0 0 0
1400112000 0 0 0 0
1400025600 0 0 0 0
1399939200 0 0 0 0
1399852800 0 0 0 0
1399766400 0 0 0 0
1399680000 0 0 0 0
1399593600 0 0 0 0
1399507200 0 0 0 0
1399420800 0 0 0 0
1399334400 0 0 0 0
1399248000 0 0 0 0
1399161600 0 0 0 0
1399075200 0 0 0 0
1398988800 0 0 0 0
1398902400 0 0 0 0
1398816000 0 0 0 0
1398729600 0 0 0 0
1398643200 0 0 0 0
1398556800 0 0 0 0
1398470400 0 0 0 0
1398384000 0 0 0 0
1398297600 0 0 0 0
1398211200 0 0 0 0
1398124800 0 0 0 0
1398038400 0 0 0 0
1397952000 0 0 0 0
1397865600 0 0 0 0
1397779200 0 0 0 0
1397692800 0 0 0 0
1397606400 0 0 0 0
1397520000 0 0 0 0
1397433600 0 0 0 0
1397347200 0 0 0 0
1397260800 0 0 0 0
1397174400 0 0 0 0
1397088000 0 0 0 0
1397001600 0 0 0 0
1396915200 0 0 0 0
1396828800 0 0 0 0
1396742400 0 0 0 0
1396656000 0 0 0 0
1396569600 0 0 0 0
1396483200 0 0 0 0
1396396800 0 0 0 0
1396310400 0 0 0 0
1396224000 0 0 0 0
1396137600 0 0 0 0
1396051200 0 0 0 0
1395964800 0 0 0 0
1395878400 0 0 0 0
1395792000 0 0 0 0
1395705600 0 0 0 0
1395619200 0 0 0 0
1395532800 0 0 0 0
1395446400 0 0 0 0
1395360000 0 0 0 0
1395273600 0 0 0 0
1395187200 0 0 0 0
1395100800 0 0 0 0
1395014400 0 0 0 0
1394928000 0 0 0 0
1394841600 0 0 0 0
1394755200 0 0 0 0
1394668800 0 0 0 0
1394582400 0 0 0 0
1394496000 0 0 0 0
1394409600 0 0 0 0
1394323200 0 0 0 0
1394236800 0 0 0 0
1394150400 0 0 0 0
1394064000 0 0 0 0
1393977600 0 0 0 0
1393891200 0 0 0 0
1393804800 0 0 0 0
1393718400 0 0 0 0
1393632000 0 0 0 0
1393545600 0 0 0 0
1393459200 0 0 0 0
1393372800 0 0 0 0
1393286400 0 0 0 0
1393200000 0 0 0 0
1393113600 0 0 0 0
1393027200 0 0 0 0
1392940800 0 0 0 0
1392854400 0 0 0 0
1392768000 0 0 0 0
1392681600 0 0 0 0
1392595200 0 0 0 0
1392508800 0 0 0 0
1392422400 0 0 0 0
1392336000 0 0 0 0
1392249600 0 0 0 0
1392163200 0 0 0 0
1392076800 0 0 0 0
1391990400 0 0 0 0
1391904000 0 0 0 0
1391817600 0 0 0 0
