1431190809 110814 5228865
1431190809 11 424 11 424
1431176643 11 424 11 424
1431176400 10 275 11 424
1431176100 10 225 10 241
1431175800 10 220 11 222
1431175500 9 228 11 230
1431175200 10 217 11 230
1431174900 11 216 11 217
1431174600 9 231 11 235
1431174300 9 226 10 235
1431174000 10 214 11 224
1431173700 10 224 11 228
1431173400 10 228 10 228
1431173100 10 216 10 228
1431172800 10 230 10 234
1431172500 10 219 10 234
1431172200 10 219 10 220
1431171900 10 224 10 226
1431171600 10 211 10 226
1431171300 10 227 10 232
1431171000 10 242 11 245
1431170700 10 219 11 245
1431170400 10 210 10 213
1431170100 10 239 10 246
1431169800 10 218 10 246
1431169500 11 216 12 218
1431169200 11 230 12 234
1431168900 10 217 11 234
1431168600 10 215 10 216
1431168300 10 246 11 253
1431168000 10 217 11 253
1431167700 10 210 10 211
1431167400 10 231 11 236
1431167100 10 218 11 236
1431166800 10 191 10 214
1431166500 10 237 11 249
1431166200 10 223 11 249
1431165900 10 202 10 218
1431165600 10 220 10 226
1431165300 10 221 10 226
1431165000 10 202 10 220
1431164700 10 225 10 232
1431164400 10 210 11 232
1431164100 10 248 11 258
1431163800 10 231 10 258
1431163500 10 233 11 235
1431163200 9 218 11 235
1431162900 9 235 10 240
1431162600 10 201 11 240
1431162300 9 222 11 230
1431162000 10 236 11 238
1431161700 10 216 11 238
1431161400 10 216 10 218
1431161100 10 247 10 254
1431160800 10 206 11 254
1431160500 10 225 11 232
1431160200 10 237 10 239
1431159900 10 234 10 239
1431159600 10 183 11 234
1431159300 10 235 11 251
1431159000 10 233 10 251
1431158700 10 211 11 230
1431158400 10 235 11 242
1431158100 10 223 10 242
1431157800 10 198 11 219
1431157500 10 236 11 246
1431157200 10 229 10 246
1431156900 10 221 11 226
1431156600 10 248 11 255
1431156300 10 226 10 255
1431156000 10 219 11 220
1431155700 10 227 11 230
1431155400 10 206 10 230
1431155100 10 217 11 221
1431154800 10 238 11 243
1431154500 10 211 10 243
1431154200 10 214 10 217
1431153900 10 234 11 239
1431153600 10 208 11 239
1431153300 10 209 10 212
1431153000 10 237 10 243
1431152700 10 221 10 243
1431152400 10 209 10 216
1431152100 10 227 11 232
1431151800 10 227 11 232
1431151500 10 211 10 227
1431151200 10 226 11 231
1431150900 9 218 11 231
1431150600 10 205 11 215
1431150300 11 244 11 254
1431150000 10 210 11 254
1431149700 10 225 10 232
1431149400 10 270 10 279
1431149100 10 232 10 279
1431148800 10 217 10 221
1431148500 10 225 10 228
1431148200 10 215 11 228
1431147900 10 221 11 224
1431147600 10 232 11 234
1431147300 11 229 11 234
1431147000 10 216 11 229
1431146700 10 240 10 247
1431146400 10 228 11 247
1431146100 9 213 11 224
1431145800 9 236 10 242
1431145500 10 224 11 242
1431145200 10 208 11 221
1431144900 10 228 11 234
1431144600 10 233 11 234
1431144300 10 224 10 233
1431144000 10 237 10 241
1431143700 10 219 11 241
1431143400 10 208 11 214
1431143100 10 241 10 250
1431142800 10 228 10 250
1431142500 10 218 10 223
1431142200 10 257 10 266
1431141900 10 233 11 266
1431141600 10 204 11 226
1431141300 10 256 10 270
1431141000 10 229 10 270
1431140700 10 226 11 228
1431140400 10 232 11 234
1431140100 10 228 10 234
1431139800 10 222 11 227
1431139500 10 231 11 234
1431139200 10 232 10 234
1431138900 10 239 11 241
1431138600 10 235 11 241
1431138300 10 220 10 234
1431138000 10 217 11 218
1431137700 10 243 11 249
1431137400 10 257 10 259
1431137100 10 224 10 259
1431136800 10 259 11 270
1431136500 10 212 11 270
1431136200 10 216 10 221
1431135900 10 242 11 247
1431135600 9 219 11 247
1431135300 9 227 10 231
1431135000 10 260 11 268
1431134700 10 241 11 268
1431134400 10 214 10 235
1431134100 10 243 10 251
1431133800 10 376 10 406
1431133500 10 278 10 406
1431133200 10 246 10 248
1431132900 10 235 10 246
1431132600 10 222 10 233
1431132300 10 240 10 245
1431132000 10 220 11 245
1431131700 10 239 11 245
1431131400 10 254 10 257
1431131100 10 226 11 257
1431130800 9 222 11 223
1431130500 10 257 11 265
1431130200 10 229 11 265
1431129900 10 227 10 229
1431129600 10 251 10 257
1431129300 10 225 10 257
1431129000 10 222 10 223
1431128700 10 245 10 251
1431128400 10 212 11 251
1431128100 10 241 11 250
1431127800 10 268 10 273
1431127500 10 219 10 273
1431127200 10 223 10 227
1431126900 10 293 10 309
1431126600 10 274 11 309
1431126300 11 222 12 266
1431126000 10 249 12 258
1431125700 10 226 10 258
1431125400 10 227 10 229
1431125100 10 232 10 233
1431124800 10 224 10 233
1431124500 10 225 11 226
1431124200 10 254 11 261
1431123900 10 217 10 261
1431123600 10 229 11 234
1431123300 10 254 11 259
1431123000 10 241 10 259
1431122700 10 240 11 241
1431122400 10 277 11 286
1431122100 10 240 10 286
1431121800 10 256 10 263
1431121500 10 238 11 263
1431121200 10 246 11 250
1431120900 10 245 10 250
1431120600 10 291 11 302
1431120300 10 236 11 302
1431120000 10 251 10 259
1431119700 10 244 11 259
1431119400 9 288 11 300
1431119100 10 449 11 485
1431118800 11 364 11 485
1431118500 10 322 11 336
1431118200 10 365 10 377
1431117900 10 378 10 379
1431117600 10 364 10 379
1431117300 10 325 10 361
1431117000 10 383 10 399
1431116700 10 574 11 616
1431116400 10 579 11 616
1431116100 10 603 10 611
1431115800 10 522 11 611
1431115500 9 510 11 513
1431115200 9 542 10 550
1431114900 10 616 10 632
1431114600 10 509 10 632
1431114300 548 1042 675 1174
1431114000 9137 9666 11123 11659
1431113700 11123 11688 11123 11695
1431113400 3844 4570 11123 11695
1431113100 414 1095 2137 2899
1431112800 10 589 11 673
1431112500 9 642 11 660
1431112200 9 911 10 971
1431111900 10 809 11 971
1431111600 10 884 11 911
1431111300 10 660 10 911
1431111000 10 744 10 778
1431110700 10 991 10 1041
1431110400 10 1122 10 1142
1431110100 10 1090 10 1142
1431109800 10 934 11 1079
1431109500 10 1044 11 1079
1431109200 10 691 10 1079
1431108900 10 989 11 1081
1431108600 9 1157 11 1175
1431108300 10 1308 11 1340
1431108000 10 804 11 1340
1431107700 10 610 10 679
1431107400 10 697 10 721
1431107100 10 797 10 815
1431106800 10 894 10 913
1431106500 10 778 10 913
1431106200 10 695 10 748
1431105900 10 628 11 684
1431105600 10 878 11 939
1431105300 10 834 10 939
1431105000 10 657 11 810
1431104700 9 782 11 819
1431104400 10 745 11 819
1431104100 11 652 11 728
1431103800 10 724 11 745
1431103500 10 922 10 963
1431103200 10 976 11 980
1431102900 10 653 11 980
1431102600 10 645 10 661
1431102300 10 774 11 801
1431102000 10 575 11 801
1431101700 10 638 10 665
1431101400 10 724 11 738
1431101100 10 722 11 738
1431100800 10 854 10 886
1431100500 10 802 11 886
1431100200 10 1051 11 1114
1431099900 10 856 10 1114
1431099600 10 778 11 796
1431099300 10 809 11 818
1431099000 29 780 34 818
1431098700 2276 3062 2802 3600
1431098400 541 1542 2802 3600
1431098100 10 1158 11 1182
1431097800 10 834 10 1182
1431097500 10 757 11 758
1431097200 10 684 11 758
1431096900 10 1005 10 1085
1431096600 10 1014 11 1085
1431096300 5176 6160 6388 7371
1431096000 10223 10962 11123 11805
1431095700 11123 11774 11123 11805
1431095400 11123 11775 11123 11777
1431095100 11123 11802 11123 11808
1431094800 7437 8114 11123 11808
1431094500 1256 2142 6573 7248
1431094200 10 795 11 945
1431093900 10 777 11 782
1431093600 653 1412 805 1561
1431093300 159 1096 805 1561
1431093000 10 986 11 990
1431092700 901 1661 1110 1820
1431092400 219 991 1110 1820
1431092100 10 725 11 797
1431091800 10 778 10 795
1431091500 10 749 10 795
1431091200 10 1016 11 1081
1431090900 10 977 11 1081
1431090600 10 791 11 953
1431090300 10 869 11 897
1431090000 10 1016 10 1045
1431089700 10 1127 10 1147
1431089400 10 1092 11 1147
1431089100 10 1071 11 1080
1431088800 10 694 10 1070
1431088500 10 813 11 862
1431088200 10 870 11 872
1431087900 10 854 10 872
1431087600 10 546 11 851
1431087300 10 859 11 950
1431087000 10 801 10 950
1431086700 10 617 11 768
1431086400 10 700 11 728
1431086100 10 494 10 728
1431085800 10 690 11 748
1431085500 10 674 11 748
1431085200 10 617 10 657
1431084900 10 713 10 738
1431084600 10 796 10 810
1431084300 10 439 10 810
1431084000 10 428 10 446
1431083700 10 446 11 447
1431083400 10 351 11 447
1431083100 11 379 12 391
1431082800 11 417 12 424
1431082500 9 384 11 424
1431082200 10 398 11 404
1431081900 11 391 11 404
1431081600 10 334 11 389
1431081300 10 373 10 385
1431081000 10 481 11 504
1431080700 10 438 11 504
1431080400 10 309 10 423
1431080100 10 306 11 312
1431079800 10 290 11 312
1431079500 10 277 10 286
1431079200 10 304 11 311
1431078900 10 284 11 311
1431078600 10 273 10 278
1431078300 10 320 10 332
1431078000 10 277 10 332
1431077700 10 297 10 305
1431077400 10 316 11 319
1431077100 10 300 11 319
1431076800 10 302 10 304
1431076500 10 283 10 304
1431076200 10 290 11 293
1431075900 10 313 11 318
1431075600 10 305 10 318
1431075300 10 302 11 303
1431075000 9 310 11 312
1431074700 10 313 11 314
1431074400 11 273 11 314
1431074100 9 306 11 316
1431073800 9 303 10 316
1431073500 10 293 11 300
1431073200 10 284 11 292
1431072900 10 300 10 305
1431072600 10 339 10 348
1431072300 10 315 10 348
1431072000 10 304 10 308
1431071700 10 311 10 313
1431071400 10 283 10 313
1431071100 10 299 10 305
1431070800 10 287 10 305
1431070500 10 295 11 299
1431070200 10 317 11 322
1431069900 10 292 10 322
1431069600 10 297 11 300
1431069300 10 303 11 304
1431069000 10 279 11 304
1431068700 11 304 11 312
1431068400 10 307 11 312
1431068100 10 306 10 307
1431067800 10 284 11 307
1431067500 10 308 11 316
1431067200 10 292 10 316
1431066900 10 291 11 293
1431066600 10 308 11 312
1431066300 10 290 10 312
1431066000 10 282 11 286
1431065700 10 291 11 294
1431065400 10 298 10 299
1431065100 10 283 10 299
1431064800 10 292 10 296
1431064500 10 297 10 298
1431064200 10 304 10 306
1431063900 10 318 11 322
1431063600 10 295 11 322
1431063300 10 287 10 289
1431063000 10 298 11 301
1431062700 9 303 11 304
1431062400 9 298 10 304
1431062100 10 303 11 305
1431061800 9 287 11 305
1431061500 10 308 11 314
1431061200 11 322 11 324
1431060900 10 313 11 324
1431060600 10 295 10 311
1431060300 10 309 11 314
1431060000 10 296 11 314
1431059700 10 293 10 294
1431059400 10 298 11 300
1431059100 10 300 11 301
1431058800 10 280 10 301
1431058500 10 288 10 291
1431058200 10 308 11 312
1431057900 10 289 11 312
1431057600 10 320 11 329
1431057300 10 301 11 329
1431057000 10 299 10 301
1431056700 10 310 11 313
1431056400 10 286 11 313
1431056100 10 328 10 340
1431055800 10 324 10 340
1431055500 10 286 11 321
1431055200 10 319 11 329
1431054900 10 298 10 329
1431054600 10 285 11 291
1431054300 9 297 11 301
1431054000 9 409 10 435
1431053700 10 328 11 435
1431053400 10 307 11 308
1431053100 10 311 10 312
1431052800 10 304 10 312
1431052500 10 299 10 303
1431052200 10 304 10 306
1431051900 10 281 10 306
1431051600 10 293 10 298
1431051300 10 318 10 323
1431051000 10 313 10 323
1431050700 10 285 11 311
1431050400 10 325 11 336
1431050100 10 331 10 336
1431049800 10 344 11 348
1431049500 9 362 11 366
1431049200 9 330 10 366
1431048900 10 335 11 339
1431048600 10 380 11 390
1431048300 10 333 10 390
1431048000 10 342 11 348
1431047700 10 338 11 348
1431047400 10 319 10 336
1431047100 10 339 11 345
1431046800 10 372 11 379
1431046500 10 361 10 379
1431046200 10 327 11 357
1431045900 10 337 11 341
1431045600 10 373 10 381
1431045300 10 329 10 381
1431045000 10 382 10 397
1431044700 10 345 10 397
1431044400 10 331 11 334
1431044100 11 343 11 346
1431043800 10 358 11 361
1431043500 10 335 10 361
1431043200 10 347 11 352
1431042900 10 355 11 356
1431042600 10 351 10 356
1431042300 10 327 11 351
1431042000 10 328 11 330
1431041700 10 332 10 333
1431041400 10 450 11 478
1431041100 10 345 11 478
1431040800 10 336 10 342
1431040500 10 336 10 342
1431040200 10 324 11 335
1431039900 11 391 11 408
1431039600 10 357 11 408
1431039300 10 350 11 351
1431039000 9 324 11 351
1431038700 10 328 11 331
1431038400 11 344 11 348
1431038100 9 382 11 390
1431037800 9 342 10 390
1431037500 10 322 11 331
1431037200 10 318 11 321
1431036900 10 318 10 318
1431036600 10 330 10 333
1431036300 10 330 10 333
1431036000 10 333 10 334
1431035700 10 402 10 418
1431035400 10 371 10 418
1431035100 10 332 10 361
1431034800 10 331 10 333
1431034500 10 328 11 333
1431034200 10 368 11 378
1431033900 10 334 10 378
1431033600 10 334 11 337
1431033300 10 348 11 351
1431033000 10 419 11 435
1431032700 11 757 11 833
1431032400 10 465 11 833
1431032100 10 385 10 387
1431031800 10 423 11 432
1431031500 10 518 11 539
1431031200 10 407 10 539
1431030900 10 409 11 417
1431030600 10 617 11 664
1431030300 10 592 10 664
1431030000 10 510 11 576
1431029700 10 536 11 546
1431029400 10 604 10 618
1431029100 10 609 11 618
1431028800 10 1002 11 1093
1431028500 10 1029 10 1093
1431028200 10 940 10 1015
1431027900 10 763 11 923
1431027600 10 863 11 896
1431027300 10 845 10 896
1431027000 10 771 11 834
1431026700 9 859 11 883
1431026400 9 907 10 913
1431026100 10 981 11 998
1431025800 10 955 11 998
1431025500 10 952 10 954
1431025200 10 911 10 954
1431024900 10 692 10 901
1431024600 10 802 10 839
1431024300 10 642 10 839
1431024000 10 681 10 701
1431023700 10 893 10 939
1431023400 10 926 10 939
1431023100 10 693 11 924
1431022800 9 615 11 639
1431022500 10 682 11 700
1431022200 11 674 11 700
1431021900 9 599 11 669
1431021600 9 889 10 961
1431021300 10 993 11 1001
1431021000 10 906 11 1001
1431020700 10 1305 10 1404
1431020400 10 801 10 1404
1431020100 10 723 10 739
1431019800 11 747 12 749
1431019500 10 914 12 953
1431019200 10 1295 11 1376
1431018900 9 839 11 1376
1431018600 10 796 11 816
1431018300 11 1006 11 1051
1431018000 10 1015 11 1051
1431017700 10 942 10 1007
1431017400 10 797 11 927
1431017100 10 854 11 875
1431016800 10 658 10 875
1431016500 10 641 10 649
1431016200 10 733 10 753
1431015900 10 733 10 753
1431015600 10 671 10 729
1431015300 10 728 11 745
1431015000 9 847 11 871
1431014700 10 863 11 871
1431014400 10 1154 11 1223
1431014100 10 1123 10 1223
1431013800 10 932 10 1100
1431013500 10 729 10 893
1431013200 10 737 11 749
1431012900 9 717 11 749
1431012600 9 924 10 975
1431012300 10 809 11 975
1431012000 9 679 11 772
1431011700 9 778 10 806
1431011400 10 847 11 857
1431011100 10 744 11 857
1431010800 10 731 10 735
1431010500 10 817 10 837
1431010200 10 915 10 934
1431009900 10 774 10 934
1431009600 10 831 10 854
1431009300 10 706 11 854
1431009000 10 660 11 672
1431008700 10 797 10 829
1431008400 10 1079 11 1137
1431008100 9 879 11 1137
1431007800 10 753 11 820
1431007500 10 851 11 878
1431007200 10 728 10 878
1431006900 10 937 10 993
1431006600 10 1044 11 1057
1431006300 10 1040 11 1057
1431006000 10 1029 10 1037
1431005700 10 943 11 1028
1431005400 10 872 11 924
1431005100 10 819 10 860
1431004800 10 785 11 810
1431004500 10 842 11 857
1431004200 10 848 10 857
1431003900 10 940 11 962
1431003600 10 880 11 962
1431003300 10 810 10 862
1431003000 10 780 11 798
1431002700 10 772 11 776
1431002400 10 822 10 834
1431002100 10 1079 10 1137
1431001800 10 1088 11 1137
1431001500 10 865 11 1077
1431001200 10 980 10 1019
1431000900 10 1051 11 1059
1431000600 9 1110 11 1123
1431000300 10 788 11 1123
1431000000 11 783 11 801
1430999700 9 900 11 924
1430999400 9 883 10 924
1430999100 10 1016 11 1050
1430998800 10 617 11 1050
1430998500 10 614 10 637
1430998200 10 651 10 655
1430997900 10 732 10 751
1430997600 10 524 10 751
1430997300 10 436 11 471
1430997000 10 372 11 429
1430996700 10 428 11 445
1430996400 10 376 11 476
1430994600 10 342 11 381
1430992800 10 344 11 373
1430991000 10 347 11 379
1430989200 9 342 11 370
1430987400 9 345 11 401
1430985600 10 345 11 412
1430983800 10 352 11 379
1430982000 10 340 11 376
1430980200 9 337 11 373
1430978400 10 344 10 414
1430976600 10 353 11 414
1430974800 9 345 11 380
1430973000 10 353 11 384
1430971200 10 343 11 385
1430969400 10 366 11 409
1430967600 9 391 11 526
1430965800 10 371 11 425
1430964000 9 364 11 408
1430962200 10 367 11 405
1430960400 10 369 11 414
1430958600 10 378 11 488
1430956800 9 367 11 425
1430955000 9 366 12 404
1430953200 10 367 12 415
1430951400 9 372 11 411
1430949600 10 358 11 401
1430947800 10 428 11 582
1430946000 10 448 11 651
1430944200 10 624 11 729
1430942400 10 831 11 961
1430940600 9 851 11 1135
1430938800 9 725 11 818
1430937000 10 913 11 1260
1430935200 10 937 11 1251
1430933400 10 812 11 1015
1430931600 10 893 11 1015
1430929800 10 907 11 1185
1430928000 10 861 11 968
1430926200 9 945 11 1252
1430924400 9 986 11 1153
1430922600 10 934 11 1320
1430920800 9 929 11 1359
1430919000 10 1166 11 1502
1430917200 9 1156 11 1502
1430915400 10 812 11 1022
1430913600 10 647 11 900
1430911800 10 510 11 685
1430910000 9 350 11 673
1430908200 10 416 11 586
1430906400 10 333 11 365
1430904600 9 341 11 375
1430902800 10 335 11 371
1430901000 10 342 11 375
1430899200 10 334 11 375
1430897400 9 333 11 363
1430895600 10 368 11 511
1430893800 10 336 11 364
1430892000 10 335 11 381
1430890200 10 347 11 400
1430888400 10 338 11 376
1430886600 10 338 11 374
1430884800 9 341 11 378
1430883000 10 346 11 385
1430881200 10 335 11 379
1430879400 10 380 11 471
1430877600 10 336 11 424
1430875800 10 361 11 477
1430874000 10 338 11 477
1430872200 9 337 11 365
1430870400 10 325 11 364
1430868600 10 328 12 373
1430866800 10 329 12 384
1430865000 9 333 11 362
1430863200 9 331 11 367
1430861400 10 364 11 448
1430859600 9 489 11 690
1430857800 10 617 11 727
1430856000 10 587 11 677
1430854200 10 645 11 820
1430852400 10 648 11 794
1430850600 10 735 11 916
1430848800 9 844 11 1014
1430847000 10 813 11 1080
1430845200 10 808 11 1031
1430843400 10 852 11 1017
1430841600 10 962 11 1211
1430839800 4035 4858 11123 11907
1430838000 6857 7586 11160 11907
1430836200 10 980 11 1209
1430834400 9 865 11 1209
1430832600 10 1120 10 1636
1430830800 9 1002 11 1636
1430829000 10 811 11 1078
1430827200 9 739 11 931
1430825400 10 344 12 565
1430823600 9 270 12 369
1430821800 10 274 11 418
1430820000 10 253 11 273
1430818200 10 247 11 271
1430816400 10 251 11 280
1430814600 10 254 10 277
1430812800 9 250 11 285
1430811000 9 249 11 285
1430809200 10 248 11 296
1430807400 10 250 11 315
1430805600 10 248 11 274
1430803800 9 252 11 291
1430802000 10 274 11 335
1430800200 9 248 11 292
1430798400 9 246 11 278
1430796600 10 286 11 415
1430794800 10 249 11 289
1430793000 10 273 11 369
1430791200 9 271 11 299
1430789400 10 276 11 319
1430787600 10 276 11 319
1430785800 10 290 11 319
1430784000 10 281 11 328
1430782200 10 279 12 353
1430780400 9 273 12 296
1430778600 9 280 11 306
1430776800 10 281 11 318
1430775000 10 327 11 396
1430773200 300 926 2169 2850
1430771400 6556 7241 11124 11922
1430769600 10 876 11 1131
1430767800 10 752 11 1131
1430766000 10 910 11 1058
1430764200 10 1027 11 1244
1430762400 10 868 11 1264
1430760600 3313 4072 10044 10640
1430758800 10 704 11 788
1430757000 9 836 11 1023
1430755200 10 965 11 1269
1430753400 10 980 11 1416
1430751600 10 970 11 1200
1430749800 10 1252 11 1483
1430748000 10 1037 11 1211
1430746200 9 1150 11 1328
1430744400 9 1074 11 1328
1430742600 9 709 11 1317
1430740800 9 466 11 753
1430739000 10 249 11 271
1430737200 9 274 11 420
1430735400 10 293 11 513
1430733600 9 200 11 222
1430731800 10 203 11 222
1430730000 10 202 11 219
1430728200 10 208 11 218
1430726400 10 206 11 226
1430724600 10 203 11 228
1430722800 9 198 11 228
1430721000 9 204 11 223
1430719200 9 200 11 208
1430717400 10 202 11 224
1430715600 10 205 11 219
1430713800 9 210 11 227
1430712000 10 202 11 216
1430710200 9 205 11 229
1430708400 10 202 11 215
1430706600 10 201 11 220
1430704800 10 211 11 234
1430703000 9 203 11 236
1430701200 9 201 11 239
1430699400 10 204 11 223
1430697600 10 200 11 217
1430695800 10 201 12 218
1430694000 10 201 12 214
1430692200 10 201 11 228
1430690400 9 200 11 216
1430688600 9 198 11 219
1430686800 10 196 11 212
1430685000 10 204 11 217
1430683200 10 205 11 225
1430681400 10 199 11 217
1430679600 10 201 11 219
1430677800 9 201 11 223
1430676000 10 198 11 235
1430674200 10 198 11 218
1430672400 10 197 11 221
1430670600 10 204 11 224
1430668800 10 199 11 224
1430667000 10 199 11 225
1430665200 10 198 11 212
1430663400 10 202 11 233
1430661600 9 201 11 215
1430659800 10 200 11 215
1430658000 10 199 11 213
1430656200 10 207 11 228
1430654400 10 197 11 205
1430652600 10 199 11 226
1430650800 10 196 11 226
1430649000 10 200 11 224
1430647200 10 204 11 225
1430645400 10 199 11 223
1430643600 9 193 11 209
1430641800 10 205 11 226
1430640000 9 197 11 209
1430638200 10 198 11 214
1430636400 10 199 11 224
1430634600 9 210 11 228
1430632800 9 199 11 220
1430631000 10 198 11 219
1430629200 10 204 11 241
1430627400 10 207 11 229
1430625600 9 203 11 226
1430623800 9 202 11 226
1430622000 10 197 11 218
1430620200 9 199 11 225
1430618400 10 199 11 209
1430616600 10 197 11 208
1430614800 10 201 11 215
1430613000 10 204 11 220
1430611200 10 198 11 210
1430609400 9 197 11 218
1430607600 10 197 11 218
1430605800 9 201 11 226
1430604000 9 200 11 217
1430602200 10 199 11 223
1430600400 9 199 11 224
1430598600 10 203 11 226
1430596800 10 198 11 212
1430595000 10 197 11 219
1430593200 10 203 11 236
1430591400 10 200 11 224
1430589600 9 199 11 208
1430587800 10 198 11 215
1430586000 9 199 11 218
1430584200 10 202 11 222
1430582400 10 199 11 214
1430580600 10 195 11 206
1430578800 10 199 11 220
1430577000 10 204 11 231
1430575200 10 199 11 210
1430573400 10 195 11 210
1430571600 9 201 11 214
1430569800 10 205 11 230
1430568000 9 198 11 214
1430566200 10 197 12 208
1430564400 10 201 12 224
1430562600 9 201 11 231
1430560800 10 199 11 226
1430559000 9 197 11 219
1430557200 10 197 11 208
1430555400 10 202 11 231
1430553600 10 200 11 220
1430551800 10 195 11 205
1430550000 10 196 11 205
1430548200 9 207 11 225
1430546400 10 199 11 212
1430544600 10 200 11 222
1430542800 10 198 11 221
1430541000 9 205 11 218
1430539200 9 197 11 215
1430537400 10 219 11 345
1430535600 9 196 11 211
1430533800 10 209 11 241
1430532000 10 217 11 348
1430530200 10 194 11 222
1430528400 9 192 11 215
1430526600 10 208 11 219
1430524800 9 199 11 211
1430523000 9 221 12 305
1430521200 10 203 12 226
1430519400 10 201 11 230
1430517600 10 200 11 214
1430515800 10 262 11 426
1430514000 10 355 11 480
1430512200 9 578 11 696
1430510400 10 728 11 954
1430508600 10 691 11 740
1430506800 10 794 11 1003
1430505000 10 763 11 1131
1430503200 9 846 11 1484
1430501400 10 818 11 1484
1430499600 10 791 11 945
1430497800 10 791 11 1024
1430496000 10 797 10 1024
1430494200 10 836 11 976
1430492400 10 784 11 976
1430490600 10 932 11 1197
1430488800 9 835 11 955
1430487000 10 964 11 1397
1430485200 10 927 11 1093
1430483400 10 799 11 903
1430481600 10 736 11 920
1430479800 9 585 12 906
1430478000 10 532 12 725
1430476200 10 373 11 442
1430474400 10 345 11 401
1430472600 9 338 11 401
1430470800 10 336 11 388
1430469000 9 363 11 414
1430467200 10 370 11 472
1430465400 10 338 11 381
1430463600 10 341 11 394
1430461800 10 338 11 386
1430460000 10 342 11 396
1430458200 10 358 11 405
1430456400 10 341 11 404
1430454600 10 350 11 410
1430452800 10 344 11 401
1430451000 10 369 11 520
1430449200 9 351 11 520
1430447400 10 355 11 399
1430445600 10 357 11 374
1430443800 10 358 11 507
1430442000 10 349 11 382
1430440200 10 376 11 431
1430438400 9 356 11 428
1430436600 9 366 12 443
1430434800 10 377 12 456
1430433000 10 351 11 436
1430431200 10 362 11 435
1430429400 9 445 11 635
1430427600 10 555 11 757
1430425800 9 684 11 860
1430424000 10 891 11 1014
1430422200 10 988 11 1202
1430420400 10 879 11 1053
1430418600 9 866 11 1034
1430416800 10 936 11 1160
1430415000 10 963 11 1113
1430413200 10 996 11 1113
1430411400 10 1865 11 3356
1430409600 10 1057 11 1341
1430407800 10 1264 11 1883
1430406000 9 943 11 1265
1430404200 9 925 11 1048
1430402400 10 1013 11 1755
1430400600 10 969 11 1132
1430398800 10 1067 11 1365
1430397000 10 1161 11 1846
1430395200 10 605 11 1846
1430393400 10 460 13 594
1430391600 9 445 13 550
1430389800 10 448 11 726
1430388000 9 387 11 431
1430386200 10 377 11 422
1430384400 10 404 11 428
1430382600 10 408 11 457
1430380800 9 411 11 453
1430379000 10 395 11 437
1430377200 10 406 11 446
1430375400 10 403 11 440
1430373600 10 473 11 533
1430371800 10 477 11 565
1430370000 10 472 11 532
1430368200 10 472 11 506
1430366400 10 486 11 519
1430364600 10 470 11 515
1430362800 9 485 11 515
1430361000 9 501 11 615
1430359200 9 502 11 584
1430357400 9 472 11 513
1430355600 9 499 11 529
1430353800 9 491 11 546
1430352000 10 498 11 527
1430350200 10 493 12 601
1430348400 10 490 12 601
1430346600 9 481 11 562
1430344800 1411 1899 6291 6823
1430343000 93 694 2658 3093
1430341200 9 652 11 954
1430339400 10 723 11 998
1430337600 10 974 11 1255
1430335800 10 909 11 1178
1430334000 10 759 11 916
1430332200 10 880 10 1075
1430330400 10 1112 11 1515
1430328600 10 762 11 893
1430326800 10 979 11 1165
1430325000 10 842 11 924
1430323200 9 876 11 940
1430321400 9 862 11 1189
1430319600 10 868 11 1043
1430317800 10 1046 11 1313
1430316000 10 1030 11 1768
1430314200 10 1146 11 1491
1430312400 10 994 11 1325
1430310600 9 804 11 1023
1430308800 9 725 11 993
1430307000 10 445 12 635
1430305200 10 356 12 399
1430303400 10 350 11 403
1430301600 10 356 11 422
1430299800 10 347 11 422
1430298000 10 351 11 388
1430296200 10 349 11 411
1430294400 9 345 11 411
1430292600 9 344 11 396
1430290800 10 358 11 416
1430289000 10 357 11 436
1430287200 10 342 11 389
1430285400 10 372 11 468
1430283600 9 480 11 593
1430281800 9 421 11 458
1430280000 10 423 11 465
1430278200 9 421 11 455
1430276400 9 451 11 499
1430274600 10 572 11 650
1430272800 9 565 11 621
1430271000 9 567 11 620
1430269200 14 655 16 669
1430267400 16 669 16 669
1430265600 16 669 16 669
1430263800 16 669 16 669
1430262000 16 669 16 669
1430260200 16 669 16 669
1430258400 16 660 22 669
1430256600 16 487 22 640
1430254800 16 615 22 850
1430253000 17 763 22 880
1430251200 20 728 44 875
1430249400 2 32 34 236
1430247600 13 198 46 802
1430245800 15 390 59 1010
1430244000 63 808 110 1207
1430242200 105 863 239 1044
1430240400 74 801 187 1061
1430238600 25 707 85 831
1430236800 16 760 20 1024
1430235000 16 728 20 921
1430233200 16 835 20 1179
1430231400 16 850 20 1222
1430229600 17 676 22 793
1430227800 16 863 22 1404
1430226000 17 985 22 1404
1430224200 16 637 22 798
1430222400 17 804 22 1236
1430220600 16 441 22 477
1430218800 17 463 22 622
1430217000 16 428 22 477
1430215200 17 416 22 464
1430213400 16 413 23 467
1430211600 17 420 22 469
1430209800 16 430 23 508
1430208000 17 422 22 491
1430206200 16 424 21 491
1430204400 17 419 21 479
1430202600 16 426 22 509
1430200800 17 426 32 452
1430199000 16 427 19 495
1430197200 17 433 20 467
1430195400 16 424 19 469
1430193600 16 417 19 446
1430191800 16 417 20 453
1430190000 17 456 20 527
1430188200 16 518 19 616
1430186400 17 514 20 542
1430184600 16 508 20 569
1430182800 16 570 19 628
1430181000 17 552 20 664
1430179200 17 551 20 619
1430177400 16 542 20 598
1430175600 17 554 20 610
1430173800 16 555 20 648
1430172000 17 528 20 627
1430170200 16 565 20 667
1430168400 16 709 19 1055
1430166600 16 790 20 1324
1430164800 16 718 20 831
1430163000 16 719 22 848
1430161200 17 904 22 1186
1430159400 16 767 22 934
1430157600 17 789 22 1303
1430155800 16 802 22 1033
1430154000 17 775 22 894
1430152200 16 678 22 750
1430150400 17 702 22 920
1430148600 16 722 23 920
1430146800 16 782 23 986
1430145000 16 722 23 796
1430143200 24 788 73 1022
1430141400 24 794 73 972
1430139600 16 867 21 1029
1430137800 16 768 20 959
1430136000 16 680 22 1002
1430134200 16 418 20 562
1430132400 16 377 20 528
1430130600 16 351 20 400
1430128800 16 346 20 375
1430127000 16 343 20 374
1430125200 16 351 20 385
1430123400 16 352 19 406
1430121600 16 344 20 385
1430119800 16 340 20 366
1430118000 16 356 20 402
1430116200 16 392 20 627
1430114400 16 344 20 372
1430112600 16 339 20 358
1430110800 16 357 20 410
1430109000 16 366 20 414
1430107200 16 345 22 378
1430105400 17 338 22 358
1430103600 16 346 22 381
1430101800 17 352 22 396
1430100000 16 341 22 362
1430098200 17 338 22 361
1430096400 16 350 22 377
1430094600 17 358 22 411
1430092800 16 341 21 357
1430091000 17 340 23 366
1430089200 17 346 22 364
1430087400 18 351 22 394
1430085600 17 340 21 361
1430083800 18 346 21 373
1430082000 17 345 21 378
1430080200 17 356 22 410
1430078400 17 346 22 372
1430076600 17 341 20 353
1430074800 16 350 19 368
1430073000 17 353 20 387
1430071200 16 342 19 376
1430069400 17 335 20 348
1430067600 16 355 20 375
1430065800 17 351 20 392
1430064000 16 344 19 382
1430062200 17 334 20 364
1430060400 16 360 20 412
1430058600 17 359 20 387
1430056800 16 345 20 375
1430055000 16 346 20 369
1430053200 16 348 20 358
1430051400 17 358 20 389
1430049600 16 357 19 384
1430047800 17 340 20 362
1430046000 16 358 20 380
1430044200 16 360 20 386
1430042400 16 353 20 380
1430040600 16 341 20 363
1430038800 16 351 22 374
1430037000 16 359 22 409
1430035200 16 353 22 392
1430033400 16 379 22 535
1430031600 16 379 21 480
1430029800 16 354 21 395
1430028000 16 345 19 376
1430026200 16 348 20 376
1430024400 16 359 20 414
1430022600 16 353 20 417
1430020800 16 357 20 377
1430019000 16 353 20 386
1430017200 16 349 20 375
1430015400 16 360 20 433
1430013600 16 346 19 366
1430011800 16 340 20 371
1430010000 16 407 20 620
1430008200 17 396 20 440
1430006400 16 366 20 400
1430004600 16 359 21 394
1430002800 16 365 21 388
1430001000 16 377 20 411
1429999200 16 358 22 384
1429997400 16 363 21 392
1429995600 17 362 22 635
1429993800 42 197 155 635
1429992000 0 0 0 0
1429990200 0 0 0 0
1429988400 0 0 0 0
1429986600 0 0 0 0
1429984800 0 0 0 0
1429983000 0 0 0 0
1429981200 0 0 0 0
1429979400 0 0 0 0
1429977600 898 582 2232 1448
1429975800 2401 4615 4186 10931
1429974000 806 3015 1491 3227
1429972200 937 2408 1491 2761
1429970400 723 2117 965 2465
1429968600 935 2766 1438 4662
1429966800 797 1985 1146 2156
1429965000 782 1842 1045 2016
1429963200 796 1840 1319 2027
1429961400 890 1949 1225 2347
1429959600 696 1803 986 2130
1429957800 792 1804 1023 2027
1429956000 754 1819 985 1925
1429954200 1530 2476 4101 5431
1429952400 2587 1862 5685 1994
1429950600 2873 2972 7199 5250
1429948800 1112 2200 3357 4298
1429947000 1057 1991 1522 2608
1429945200 1410 2663 4676 5873
1429943400 4044 3204 8753 5893
1429941600 2089 2577 8916 6027
1429939800 858 1918 1090 2266
1429938000 5036 6215 25880 27047
1429936200 863 1946 1309 2290
1429934400 806 2060 1351 2302
1429932600 848 2001 1111 2311
1429930800 708 1900 1113 2155
1429929000 884 2072 1239 2700
1429927200 756 1881 1286 2380
1429925400 940 2074 1327 2640
1429923600 6713 7775 36123 37034
1429921800 1027 3870 1651 13030
1429920000 4055 1963 8550 2216
1429918200 5734 4161 11892 7857
1429916400 41813 4481 294367 13444
1429912800 101386 56332 1150327 1138737
1429905600 547719 30592 3516988 127089
1429898400 62914 92946 710226 701949
1429891200 8124 11745 23028 29786
1429884000 19724 16717 79316 48270
1429876800 5599 6142 23982 25570
1429869600 864 2101 1414 2636
1429862400 3523 4219 34446 34350
1429855200 3709 3777 37530 37808
1429848000 913 2208 2637 3499
1429840800 2389 3243 12375 21052
1429833600 23087 3567 414593 18896
1429826400 16040 6326 252826 17675
1429819200 13996 12239 141024 25641
1429812000 12549 13000 36230 32256
1429804800 8168 12718 21109 33663
1429797600 12827 16942 48469 112417
1429790400 4315 8048 22536 47843
1429783200 2950 3956 38792 39064
1429776000 4646 4496 34504 40247
1429768800 1528 2753 9571 10542
1429761600 922 2515 1368 3252
1429754400 2849 3546 16199 23871
1429747200 19115 4069 304080 14533
1429740000 12041 26033 128441 155898
1429732800 13951 15679 75099 41989
1429725600 12335 13047 43719 41579
1429718400 160429 15678 191153 26752
1429711200 40438 14218 308273 25324
1429704000 4296 12068 20449 88999
1429696800 3041 4599 19144 21910
1429689600 1675 3881 5438 7805
1429682400 1351 3492 9681 7848
1429675200 2433 4875 37445 39180
1429668000 2387 5343 36910 38785
1429660800 21345 4516 431724 20002
1429653600 114097 10919 198523 37878
1429646400 164340 18944 187406 56325
1429639200 160843 17466 190688 49913
1429632000 126668 16503 183214 26083
1429624800 180665 17539 278184 46841
1429617600 10306 5060 134392 15321
1429610400 1067 2302 1785 3154
1429603200 1853 2522 8102 4943
1429596000 2297 2937 9739 7992
1429588800 2503 2650 12008 7986
1429581600 3115 4647 37787 37433
1429574400 17562 3083 277527 13448
1429567200 41683 4777 165969 12210
1429560000 152718 15064 169182 34860
1429552800 154197 16108 186356 57452
1429545600 212059 65983 932087 789936
1429538400 97226 16564 208887 53109
1429531200 3895 5253 37195 37600
1429524000 3998 4360 37394 34547
1429516800 1548 2551 9042 6384
1429509600 5140 5637 42069 38469
1429502400 1169 2308 2240 2845
1429495200 2612 4031 35910 37043
1429488000 4018 2811 60058 37406
1429480800 2931 3820 42975 37887
1429473600 5498 5735 42975 37887
1429466400 1237 2471 3816 5594
1429459200 2613 3892 36384 37148
1429452000 2653 3864 36187 36955
1429444800 1137 3392 1690 27407
1429437600 1167 2360 2175 2754
1429430400 3510 4055 46147 39119
1429423200 1627 2635 4802 6198
1429416000 2712 3766 38760 37486
1429408800 2963 4787 33232 32915
1429401600 9772 6079 60254 37399
1429394400 2613 3731 36875 37008
1429387200 2721 3813 37053 37651
1429380000 2628 3777 37296 37622
1429372800 2678 3817 37933 37525
1429365600 2665 3846 32581 33513
1429358400 3292 3959 36269 38973
1429351200 4179 5182 37073 37132
1429344000 2928 3971 21092 22480
1429336800 3737 4075 37557 37757
1429329600 1612 2682 5275 3263
1429322400 3066 3825 9591 15755
1429315200 52582 4456 365113 16928
1429308000 209150 57382 1148568 999913
1429300800 122840 14189 179044 51044
1429293600 147634 15282 201661 34429
1429286400 120799 33874 290313 59897
1429279200 12821 12785 65030 56342
1429272000 5120 5121 23736 19633
1429264800 3012 4295 37308 37868
1429257600 4616 4664 32593 28693
1429250400 3277 4546 37944 38410
1429243200 4852 5662 34063 35526
1429236000 1490 3533 5174 17247
1429228800 28862 5482 488133 37752
1429221600 143732 12794 1138129 46735
1429214400 208572 39891 1312013 176305
1429207200 264293 76038 1318963 818670
1429200000 17468 13211 165487 25297
1429192800 18621 23831 64129 61143
1429185600 54905 55561 808521 811556
1429178400 1071 2277 2736 4043
1429171200 2032 3281 11817 13073
1429164000 2855 3133 12892 6734
1429156800 2807 2900 25925 3876
1429149600 10851 66188 43443 692561
1429142400 148562 68011 1196965 858441
1429135200 73745 16263 160480 76600
1429128000 268218 21137 2953575 75992
1429120800 310783 78665 3583841 844188
1429113600 590326 199675 4401202 2827000
1429106400 21082 20509 60505 43994
1429099200 1888 4718 16951 14852
1429092000 1019 5437 2252 63541
1429084800 5258 125811 23526 1002108
1429077600 6991 102074 45049 1586903
1429070400 1441 3552 4343 4695
1429063200 3309 4761 22045 12247
1429056000 90249 23525 600256 291108
1429048800 78130 19820 205123 138809
1429041600 170636 18384 299712 46391
1429034400 203815 19924 299712 74163
1429027200 171121 19752 214544 66012
1429020000 129514 12023 194082 22991
1429012800 4333 4650 20813 11097
1429005600 2311 3642 10186 7491
1428998400 1966 4016 9044 8034
1428991200 1476 3589 3127 5627
1428984000 1703 3666 7396 4985
1428976800 4096 5111 14609 27765
1428969600 25378 8231 411383 64322
1428962400 91030 11896 172246 30599
1428955200 173763 34063 366397 237602
1428948000 203486 66791 961760 815992
1428940800 226947 80920 1044225 895648
1428933600 48941 26155 256556 118537
1428926400 5424 6219 30280 34051
1428919200 1392 2569 3403 4302
1428912000 1465 2643 5532 6413
1428904800 1815 3098 5315 7183
1428897600 1251 2363 2041 3942
1428890400 1283 2594 2184 8198
1428883200 3542 2470 56217 4719
1428876000 1320 2488 2538 4260
1428868800 2781 3938 26863 28043
1428861600 1565 2646 6277 7194
1428854400 1406 2701 3167 5699
1428847200 1210 2340 2126 3656
1428840000 1269 2454 2307 4160
1428832800 1289 2438 2307 4160
1428825600 1278 2558 3128 6151
1428818400 1835 2804 5924 11023
1428811200 1282 2442 2223 3839
1428804000 1410 3305 7223 14197
1428796800 5405 3273 83698 13318
1428789600 1283 2445 2082 3904
1428782400 1300 2509 2135 4234
1428775200 1306 2550 2287 4041
1428768000 1333 2581 2414 4278
1428760800 1282 2450 2119 3814
1428753600 1312 2428 2052 3755
1428746400 1324 2442 2218 3702
1428739200 1873 2922 4619 9432
1428732000 2211 3055 8699 8226
1428724800 1368 2535 2310 4118
1428717600 1810 3616 13113 27518
1428710400 211383 11227 1215684 52348
1428703200 92270 62575 1136869 1142950
1428696000 163154 23347 170897 80878
1428688800 167957 16358 234366 91324
1428681600 85369 21448 234366 84457
1428674400 11016 10856 38394 31927
1428667200 7316 7245 44062 22124
1428660000 2001 3234 8535 7442
1428652800 1565 2938 3191 4570
1428645600 2766 3439 6090 6509
1428638400 2081 3347 4484 5432
1428631200 1598 3988 4857 5468
1428624000 1281 4171 1281 4171
1428616800 107075 28786 239462 411235
1428609600 220275 84619 986834 847641
1428602400 171988 86559 225530 886225
1428595200 168116 248876 241266 2686517
1428588000 69023 69264 735411 714332
1428580800 5353 6340 38204 36631
1428573600 1236 2576 3586 4995
1428566400 1886 2657 9160 7165
1428559200 1499 2909 5959 6228
1428552000 964 2766 1415 3708
1428544800 2677 4112 9993 17607
1428537600 31081 4780 569482 26759
1428530400 86517 20890 278874 131505
1428523200 217181 72511 830886 699440
1428516000 164168 20630 187885 35376
1428508800 172729 22467 197942 36526
1428501600 155330 61757 1206606 1137589
1428494400 4180 8583 38198 123032
1428487200 437316 19421 1218073 51708
1428480000 1212882 48802 1219433 51917
1428472800 898077 37917 1222201 54407
1428465600 684105 29914 713571 36112
1428458400 458574 21932 1178471 69392
1428451200 653125 28363 1223231 59178
1428444000 98865 15706 178677 42703
1428436800 212884 6010509 518914 43330782
1428429600 258067 15891591 664611 85884858
1428422400 122023 22291 184033 95856
1428415200 60618 67549 1024056 1028194
1428408000 2084 3633 15881 9023
1428400800 949 1920 1797 2385
1428393600 1629 2309 6898 5915
1428386400 1976 2699 10351 6879
1428379200 1443 2270 9708 6531
1428372000 2569 2890 11563 7646
1428364800 17496 4223 254973 17507
1428357600 119740 9568 165146 19743
1428350400 175967 16144 236048 34414
1428343200 177795 16875 241630 76124
1428336000 148890 12778 209305 35020
1428328800 278893 83272 1316709 1029522
1428321600 58785 48474 592457 384874
1428314400 1113 1956 3114 4150
1428307200 1392 2115 6104 7526
1428300000 1411 2150 7717 7490
1428292800 842 1798 1281 2728
1428285600 683 1630 1648 6107
1428278400 1259 1459 8341 1843
1428271200 1647 2241 13294 13941
1428264000 638 1449 1228 1774
1428256800 626 1467 1062 1794
1428249600 620 1603 1237 2125
1428242400 633 1498 1018 1903
1428235200 3283 7836 17073 47772
1428228000 3978 11686 19535 138146
1428220800 698 1488 1758 2742
1428213600 1486 2313 7907 10079
1428206400 752 3646 1950 10079
1428199200 1019 2225 8398 8795
1428192000 1933 2332 15918 16499
1428184800 642 1470 954 1775
1428177600 671 1487 1152 1835
1428170400 710 1576 1539 1860
1428163200 656 1648 977 2016
1428156000 702 1923 1534 9679
1428148800 809 1611 4579 4841
1428141600 1316 1949 12462 5875
1428134400 1953 2242 11172 10063
1428127200 1342 2088 7646 9881
1428120000 656 1589 976 4559
1428112800 810 1803 3096 9769
1428105600 2966 1830 38829 3982
1428098400 702 1493 1065 2024
1428091200 695 1482 1483 1889
1428084000 1020 1654 8110 2250
1428076800 1390 2353 8624 9064
1428069600 2213 2564 13843 11208
1428062400 1993 2920 13843 11208
1428055200 958 1951 5068 7084
1428048000 671 1729 1694 4463
1428040800 1834 2535 7645 9338
1428033600 1069 2258 1610 5151
1428026400 1244 2677 2327 10521
1428019200 20606 2977 234135 11452
1428012000 4859 5085 25017 19874
1428004800 16012 33703 125977 143291
1427997600 154773 20966 212497 52292
1427990400 119490 16057 190893 44185
1427983200 117089 19079 250385 42281
1427976000 7378 5465 25368 14743
1427968800 659 1736 868 2145
1427961600 984 1955 4704 5619
1427954400 1529 2122 4774 6010
1427947200 777 1991 5998 6749
1427940000 3107 3260 25466 16920
1427932800 16401 2951 228646 11373
1427925600 93678 8458 183542 18509
1427918400 166591 15938 319237 30859
1427911200 158481 20576 196807 105505
1427904000 231098 68670 852872 651678
1427896800 387729 25757 6375221 163162
1427889600 7300 5726 46022 18813
1427882400 1813 2642 11647 6512
1427875200 878 2275 2815 4146
1427868000 867 2211 6765 9037
1427860800 821 2192 1347 2838
1427853600 2814 3870 83009 85038
1427846400 22441 7152 379173 85038
1427839200 98089 6792 187880 18930
1427832000 206772 63244 1162633 1021458
1427824800 167591 18899 242983 30764
1427817600 114254 13842 193187 25482
1427810400 9857 11048 37859 19695
1427803200 3794 4040 30327 15728
1427796000 615 1730 881 2238
1427788800 1029 1925 3619 5454
1427781600 902 2102 2747 3774
1427774400 4129 4335 25410 27487
1427767200 737 2165 1681 5475
1427760000 295974 14875 1225405 72240
1427752800 102502 7512 197872 20621
1427745600 383610 115658 1021288 716961
1427738400 578374 292066 5708475 2612339
1427731200 164970 26269 184022 394532
1427724000 137746 16286 276404 68231
1427716800 4661 4070 30643 30069
1427709600 2013 2505 24785 20850
1427702400 634 1749 952 5119
1427695200 741 1746 1864 3032
1427688000 663 1600 1820 2023
1427680800 662 1703 1844 4711
1427673600 3700 1707 74605 4484
1427666400 610 1598 909 1812
1427659200 1426 2201 10858 6802
1427652000 608 1619 1145 2028
1427644800 930 1907 6704 2835
1427637600 649 1733 1679 2508
1427630400 630 1748 938 2743
1427623200 650 1601 1439 1932
1427616000 659 1612 1237 2458
1427608800 716 1713 2065 2937
1427601600 619 1624 905 1977
1427594400 1145 2517 7801 7966
1427587200 3630 2192 60478 7693
1427580000 626 1719 839 2141
1427572800 657 1676 1147 2159
1427565600 666 1650 1744 2035
1427558400 1305 2256 5047 10236
1427551200 599 1675 834 2025
1427544000 653 1758 1656 2219
1427536800 677 1700 1238 2218
1427529600 636 1667 979 2014
1427522400 702 1808 1795 3012
1427515200 707 1965 2876 4382
1427508000 963 2965 3241 15103
1427500800 20104 3397 441516 19740
1427493600 30359 5348 305698 55888
1427486400 441620 42073 473779 322475
1427479200 396818 28004 523667 54963
1427472000 248859 70511 1024071 736916
1427464800 116509 16193 249897 55715
1427457600 2779 4102 30624 14488
1427450400 1238 2582 4744 6425
1427443200 762 2283 2075 3968
1427436000 830 2278 6845 7007
1427428800 1317 2349 7347 3027
1427421600 1041 3040 4922 14424
1427414400 25481 11139 338961 155998
1427407200 90588 14485 424229 96164
1427400000 470869 39391 613318 111849
1427392800 527039 29374 617802 91611
1427385600 351620 91727 1038108 596057
1427378400 69771 17638 189985 32896
1427371200 3727 5140 24671 27397
1427364000 779 2242 1666 3350
1427356800 875 2386 2706 5417
1427349600 1001 2427 2317 4540
1427342400 1854 3140 12727 9810
1427335200 859 2751 2221 13890
1427328000 19201 3611 347612 16109
1427320800 124552 55992 611835 614459
1427313600 166172 16062 185292 27937
1427306400 175419 16187 283597 29878
1427299200 155264 67178 1068116 912746
1427292000 11623 14449 42408 44752
1427284800 1557 3220 14750 16034
1427277600 1633 2874 11608 12428
1427270400 866 2167 1806 3299
1427263200 823 2264 1806 6456
1427256000 1507 2832 4705 6456
1427248800 1093 3206 6117 14043
1427241600 16760 3551 259928 12972
1427234400 52897 5366 227460 12588
1427227200 154928 14124 259803 31517
1427220000 156818 18011 201138 77433
1427212800 164651 13793 182777 26217
1427205600 144078 13966 179500 28407
1427198400 4775 84263 22217 883623
1427191200 701 2132 1154 2900
1427184000 1150 2486 4903 5416
1427176800 1006 2112 3850 5109
1427169600 1462 2672 7842 6228
1427162400 2665 3341 11329 8396
1427155200 20188 3338 376317 17002
1427148000 61971 11385 175878 66166
1427140800 154090 20332 170702 42990
1427133600 198870 60851 787024 643815
1427126400 117254 55365 294993 986204
1427119200 18613 11131 110301 24151
1427112000 3450 5396 37264 35561
1427104800 838 2024 4939 5645
1427097600 846 2145 4913 6094
1427090400 532 1909 4665 5641
1427083200 517 1805 828 2124
1427076000 576 2058 1389 6186
1427068800 577 1918 1032 2541
1427061600 848 2133 7530 8901
1427054400 851 2462 7848 15727
1427047200 569 1901 1787 2314
1427040000 532 1905 1244 2279
1427032800 518 1869 800 2274
1427025600 519 1787 811 2122
1427018400 519 1823 721 2218
1427011200 560 1809 1480 2722
1427004000 538 1790 869 2140
1426996800 828 2213 4385 5755
1426989600 1097 3216 6674 13342
1426982400 13876 2348 239289 11414
1426975200 576 1821 1572 2283
1426968000 528 1816 888 2094
1426960800 524 1806 874 2126
1426953600 532 1860 851 2235
1426946400 523 1813 769 2073
1426939200 715 2082 3295 6723
1426932000 556 1760 977 2255
1426924800 735 4456 1605 32105
1426917600 1049 3156 4909 26419
1426910400 7330 3392 47242 14090
1426903200 17586 14879 56927 175718
1426896000 689 3802 935 5016
1426888800 805 4899 1095 8043
1426881600 134540 13922 152341 19524
1426874400 153137 15660 160993 31118
1426867200 142217 12901 189412 18275
1426860000 14512 11832 44649 33465
1426852800 3470 4688 37572 26258
1426845600 3221 16379 16842 203912
1426838400 1398 2560 9388 6296
1426831200 1306 2361 9424 5963
1426824000 3025 7284 17420 103829
1426816800 1731 3567 10481 20789
1426809600 25694 6202 196055 18757
1426802400 91323 10463 169593 59774
1426795200 145929 18202 167622 74329
1426788000 154018 13592 177524 33901
1426780800 174136 18444 325883 118915
1426773600 89457 75286 741413 748492
1426766400 5795 6734 50588 43026
1426759200 1014 2707 2298 4206
1426752000 1277 2801 8774 7358
1426744800 1906 3250 4925 9553
1426737600 974 2845 1309 3748
1426730400 2127 4491 9666 23371
1426723200 18529 4511 207463 10915
1426716000 94564 7665 169604 14790
1426708800 168294 51231 274398 355570
1426701600 168662 24820 253416 109846
1426694400 173205 19974 202995 32502
1426687200 182402 22152 204274 82373
1426680000 8567 4321 173904 13297
1426672800 1995 3322 5858 11395
1426665600 982 2621 2009 4208
1426658400 1088 2830 5527 7114
1426651200 1713 3324 8505 7267
1426644000 912 3612 1924 14797
1426636800 20336 5264 289082 19572
1426629600 112005 60898 1162703 1008326
1426622400 155031 28059 189487 93633
1426615200 165186 23721 216167 55126
1426608000 178412 31341 198633 107161
1426600800 61630 22079 187371 41279
1426593600 996 9636 1775 13139
1426586400 870 9053 1099 11496
1426579200 863 8530 1196 9383
1426572000 890 8671 6374 13125
1426564800 862 8750 1032 13836
1426557600 924 8803 1848 12965
1426550400 18681 9317 253202 18612
1426543200 78075 18235 220374 61575
1426536000 258335 53148 2285842 424566
1426528800 170551 20349 228754 31504
1426521600 168168 19628 197323 23820
1426514400 148590 21909 175961 41905
1426507200 3778 10004 19140 16125
1426500000 831 8003 986 8442
1426492800 857 8470 1202 11007
1426485600 897 8227 1330 11320
1426478400 835 8286 977 11382
1426471200 969 8267 2072 10697
1426464000 3152 7945 56577 10345
1426456800 841 8511 974 12867
1426449600 844 8474 951 11570
1426442400 853 8189 1282 8582
1426435200 836 8426 1017 9849
1426428000 833 8458 975 9260
1426420800 849 8148 1349 8822
1426413600 847 7933 1282 8545
1426406400 837 7815 1109 8302
1426399200 953 8031 2342 11433
1426392000 827 7709 938 8103
1426384800 897 9354 1997 21717
1426377600 3148 7872 56414 9855
1426370400 827 7794 942 8454
1426363200 829 7942 964 8398
1426356000 853 8044 1402 9098
1426348800 826 8021 934 8731
1426341600 849 7884 1244 8570
1426334400 874 8071 2135 9065
1426327200 880 8097 1776 15159
1426320000 858 8466 1125 15641
1426312800 875 8553 1469 12087
1426305600 856 9147 997 17838
1426298400 1899 9659 19118 19532
1426291200 22643 9383 426692 24971
1426284000 75457 31621 266371 126061
1426276800 26080 33988 195151 188171
1426269600 109898 22143 224394 71192
1426262400 175086 21433 214114 34284
1426255200 169742 18278 172785 21583
1426248000 17870 10327 170668 18331
1426240800 786 7898 837 8361
1426233600 810 7977 1193 12812
1426226400 816 8181 1120 13656
1426219200 817 8235 1046 12099
1426212000 2100 8924 26896 15922
1426204800 20335 8997 458050 26089
1426197600 70508 14293 204433 29614
1426190400 164520 19728 181181 29155
1426183200 164894 15635 206311 33698
1426176000 184918 18634 222041 43914
1426168800 166184 18625 257142 49238
1426161600 601 3684 1847 11823
1426154400 423 3237 1225 36824
1426147200 438 1938 796 5259
1426140000 490 1892 7870 9347
1426132800 482 2963 1089 25680
1426125600 573 2674 1682 12345
1426118400 171981 9387 1210342 48197
1426111200 58708 5524 192206 11403
1426104000 168481 173896 303814 2422022
1426096800 25257 20443 170122 54240
1426089600 68662 89481 1309456 745675
1426082400 4588 59557 16116 331520
1426075200 1741 4261 28939 32999
1426068000 407 2553 1849 66162
1426060800 866 19138 3850 146947
1426053600 424 1934 771 6165
1426046400 6689 252222 22801 991024
1426039200 464 2937 1220 27046
1426032000 14249 2622 294115 13625
1426024800 1240 4095 10241 9163
1426017600 2052 8272 4411 10978
1426010400 4687 13088 30500 55102
1426003200 8379 15026 31378 68614
1425996000 6628 12877 48743 59487
1425988800 2397 5179 36156 38726
1425981600 397 1997 468 2957
1425974400 512 2232 2568 9395
1425967200 494 2064 2259 9395
1425960000 2173 2535 28646 5781
1425952800 449 2226 1112 7944
1425945600 17310 2785 406088 17635
1425938400 92838 17232 382283 218801
1425931200 17466 16458 163059 60382
1425924000 11612 17026 82508 31324
1425916800 8747 16861 51246 51168
1425909600 6001 13946 56163 73580
1425902400 806 3756 1910 6422
1425895200 537 2486 674 5679
1425888000 558 2353 966 5692
1425880800 580 2358 4215 5445
1425873600 541 2202 760 2760
1425866400 582 2420 1297 7663
1425859200 2768 2535 53163 7304
1425852000 530 2242 600 2598
1425844800 575 2747 1090 7849
1425837600 595 2248 1585 3033
1425830400 586 2308 1652 2937
1425823200 539 2279 637 3296
1425816000 536 2425 738 3225
1425808800 535 2330 638 3062
1425801600 553 2203 866 2809
1425794400 550 2332 733 5872
1425787200 556 2791 971 9794
1425780000 3020 3262 58229 11576
1425772800 619 2179 1525 2696
1425765600 579 2306 1662 3019
1425758400 539 2299 686 3148
1425751200 535 2354 605 3101
1425744000 538 2467 696 3303
1425736800 548 2813 710 6569
1425729600 535 2217 688 2637
1425722400 538 2264 609 2762
1425715200 555 2204 6228 7282
1425708000 588 2345 1516 5576
1425700800 578 2303 1101 3583
1425693600 16659 4554 374124 29470
1425686400 810 2766 7495 7446
1425679200 124528 10020 168375 19021
1425672000 158874 25186 186503 93186
1425664800 108415 23484 321412 116785
1425657600 81512 29157 1007806 99488
1425650400 525931 27098 1007806 91332
1425643200 1037907 34455 1360903 45476
1425636000 977916 32807 1357110 44458
1425628800 377885 13729 1324767 43307
1425621600 1082540 91154 1487688 777734
1425614400 946156 32131 1482585 56921
1425607200 101790 808597 760796 1146228
1425600000 29672 853698 39604 1198939
1425592800 465043 25442 1218272 63739
1425513600 308354 411383 1453352 12343529
1425427200 260438 19256 1613230 723838
1425340800 283980 19223 993546 660329
1425254400 150833 6699 900268 38249
1425168000 89744 5035 1207630 50879
1425081600 436599 32499 26655473 2448893
1424995200 14037 7425 282436 315299
1424908800 276933 16223 1263571 68464
1424822400 72919 8153 951271 39328
1424736000 501946 20303 1404155 83197
1424649600 223683 9015 1335397 73562
1424563200 114672 5588 1277830 47747
1424476800 156843 10649 1624253 56646
1424390400 52505 7094 476524 48672
1424304000 36723 7868 873566 68140
1424217600 62743 8843 239627 265796
1424131200 538 2044 39377 6762
1424044800 639 1910 51237 10040
1423958400 1574 2040 243824 17078
1423872000 38483 6503 328750 109931
1423785600 11913 6906 2059759 205623
1423699200 241188 32940 1019374 861458
1423612800 67007 9647 1209669 204234
1423526400 204621 26877 1227645 1120306
1423440000 42333 3304 1085072 35884
1423353600 217128 8726 1063514 34972
1423267200 223638 20587 1165943 773595
1423180800 281378 15928 1052519 172925
1423094400 179189 12697 944996 308014
1423008000 70833 7106 1198159 48253
1422921600 246482 14112 1205700 236234
1422835200 44794 3196 301310 22298
1422748800 160916 7819 373843 59098
1422662400 167193 10105 493220 42867
1422576000 244199 15582 548035 96881
1422489600 73356 10812 678673 365298
1422403200 204003 24419 1823555 791691
1422316800 104123 18576 1515222 786061
1422230400 204731 8643 391806 23138
1422144000 61627 3675 812631 52438
1422057600 441732 17204 1364075 69936
1421971200 547577 25536 2336398 262935
1421884800 171265 122827 1206034 11557106
1421798400 82657 14873 1401143 386342
1421712000 57430 9234 1379090 219384
1421625600 224457 8733 1118547 36838
1421539200 209693 8573 1486173 53279
1421452800 28126 6294 1209464 50654
1421366400 6234 17047 535306 1979651
1421280000 4841 6427 167993 144046
1421193600 58923 11404 453169 560186
1421107200 4682 6281 196959 81574
1421020800 710 2231 50604 14825
1420934400 846 2193 80672 14047
1420848000 4315 5935 313278 26436
1420761600 7418 8241 266131 157861
1420675200 6393 7153 243462 208108
1420588800 7368 8840 326757 78157
1420502400 8420 9395 709485 787487
1420416000 487 2108 1477 8969
1420329600 526 2141 8434 7033
1420243200 1452 4902 175305 116904
1420156800 637 2219 32542 13157
1420070400 1122 2877 110704 11088
1419984000 55743 8630 283448 315798
1419897600 5066 6232 221321 74523
1419811200 721 1721 58470 9375
1419724800 727 1663 57885 11008
1419638400 771 3756 58279 371497
1419552000 615 1751 29138 11754
1419465600 726 1940 29615 10433
1419379200 3691 4488 255994 58149
1419292800 8425 9363 389172 520981
1419206400 696 2041 38548 17180
1419120000 1015 1931 89080 13653
1419033600 2780 5406 297233 96613
1418947200 3098 5561 301405 62344
1418860800 7792 7065 314876 66075
1418774400 5038 6436 292891 102680
1418688000 5011 5460 240512 118485
1418601600 873 1826 62010 8915
1418515200 1863 2242 388441 47791
1418428800 3693 4223 455800 24754
1418342400 5430 7864 77242 227390
1418256000 227077 33429 18503857 975609
1418169600 228641 9720 16263951 185223
1418083200 19344 9841 7765583 760916
1417996800 213817 4167 17633856 197037
1417910400 213251 6018 18181017 424245
1417824000 2392 4921 99094 28453
1417737600 4145 5645 304586 49797
1417651200 14092 5320 1210996 58406
1417564800 40812 25603 2601120 2340730
1417478400 9942 5431 476780 42692
1417392000 806 2125 43692 15420
1417305600 873 2201 41748 13513
1417219200 2074 4920 281562 128485
1417132800 7405 9661 328354 770803
1417046400 5681 7829 260624 71251
1416960000 3740 5965 278256 62727
1416873600 4700 5677 311744 40540
1416787200 962 1779 70170 11117
1416700800 1713 1993 310927 25827
1416614400 4161 4543 616025 26669
1416528000 5415 9914 284118 129032
1416441600 1580 4657 88481 29074
1416355200 2870 6203 290553 420791
1416268800 119074 7852 12313634 288992
1416182400 135808 5640 14395948 381789
1416096000 211050 12688 13935635 731792
1416009600 142227 86513 12138376 1108105
1415923200 139681 11436 10493390 280392
1415836800 5591 19469 285018 699965
1415750400 2874 13398 151448 636448
1415664000 141124 9428 10906461 280977
1415577600 756 2148 41950 13769
1415491200 49264 3748 11961886 318995
1415404800 64956 8976 9794947 252342
1415318400 29816 7340 7766204 201895
1415232000 114405 9678 7853624 213400
1415145600 44752 7658 7767741 208735
1415059200 115081 35657 8780408 325147
1414972800 1457 8329 23381 52970
1414886400 136392 11625 11073741 299720
1414800000 56285 13714 418539 211219
1414713600 138709 8496 10676875 284442
1414627200 4974 6418 435380 79078
1414540800 126559 9655 12642970 336345
1414454400 8900 5749 378127 75976
1414368000 520 2149 8066 46781
1414281600 460 2238 8041 54723
1414195200 2911 6956 295371 375508
1414108800 3316 4741 404907 32765
1414022400 4534 5544 323373 83248
1413936000 138254 8377 10827789 294624
1413849600 145846 10468 7798058 213676
1413763200 458 3408 10067 403535
1413676800 490 2063 10497 30018
1413590400 2577 3981 264505 40913
1413504000 10303 11423 1170847 94906
1413417600 142665 29125 7838004 778031
1413331200 163496 9487 11383442 306944
1413244800 135609 5720 13818334 367138
1413158400 135700 5647 9526447 252721
1413072000 135663 5761 13723420 364180
1412985600 136580 8018 14655185 394964
1412899200 136654 7984 8973699 242650
1412812800 140288 10092 8901523 239913
1412726400 140695 9547 8362030 224781
1412640000 138064 8773 12876172 342437
1412553600 135561 6102 11939208 316552
1412467200 135672 6001 7796906 208031
1412380800 141787 8863 14054075 373595
1412294400 442289 19063 14115233 193998
1412208000 174437 327503 10496083 12288939
1412121600 140440 7482 9457675 108137
1412035200 144933 9177 11281277 129282
1411948800 135287 3886 12163964 136527
1411862400 135375 3956 10683197 122294
1411776000 140996 6184 9634943 109940
1411689600 136532 6196 14599750 166402
1411603200 150339 10637 10369569 275745
1411516800 141177 12868 12984403 903264
1411430400 144035 13766 9457522 332117
1411344000 136039 7315 7796775 208159
1411257600 141175 6288 10593607 280648
1411171200 30399 10440 892605 392873
1411084800 64256 7934 1210062 57008
1410998400 57659 103404 1207643 11634322
1410912000 19444 6304 1139278 88438
1410825600 8822 5678 1131246 46828
1410739200 7441 28713 1134716 380371
1410652800 5858 2443 1141206 47077
1410566400 16049 7175 1181790 333302
1410480000 8312 12419 968265 186442
1410393600 6204 21507 481150 891179
1410307200 145126 10312 14731423 556098
1410220800 148557 6883 14640457 138053
1410134400 5476 2146 956858 39449
1410048000 7809 9666 971782 300009
1409961600 9870 5166 950847 39716
1409875200 143224 7194 10496503 163476
1409788800 145746 7197 15536280 112214
1409702400 10114 6581 1062855 146623
1409616000 5642 2122 1087498 44922
1409529600 5302 2367 1080095 64008
1409443200 7992 2446 1080409 66181
1409356800 8689 13883 741525 784834
1409270400 13631 8340 1053253 97039
1409184000 10300 6262 1073651 48457
1409097600 7907 6060 1052530 61194
1409011200 10046 8637 1070365 87313
1408924800 5879 3395 1073321 45140
1408838400 5998 4348 1060362 279404
1408752000 116018 9732 7967496 179463
1408665600 146743 9280 14949078 188422
1408579200 149748 7708 13911440 120472
1408492800 147028 33144 7770374 308165
1408406400 22838 16937 1076854 662301
1408320000 5281 1726 1072484 43721
1408233600 5534 1948 1052160 44465
1408147200 12692 11164 1062166 398311
1408060800 17488 18354 1059656 728132
1407974400 12237 8020 1075979 305175
1407888000 12903 12802 875215 532754
1407801600 13677 6517 882398 120823
1407715200 5500 1917 877648 36493
1407628800 5561 1977 844146 35031
1407542400 6542 7315 699355 772132
1407456000 16174 5225 1063011 44163
1407369600 7843 5340 1076818 50808
1407283200 4177 6179 316939 173188
1407196800 6439 2848 1181703 48685
1407110400 5341 1820 1190269 48736
1407024000 5465 1821 1188160 48602
1406937600 3463 4825 272132 55252
1406851200 10565 6232 1176206 122595
1406764800 70384 11049 1228996 93609
1406678400 20323 10606 1181849 137307
1406592000 10140 6594 1181982 78058
1406505600 5199 1871 1156085 47413
1406419200 5312 2026 1177485 48527
1406332800 8072 5508 1186144 226410
1406246400 8003 6012 1186412 238358
1406160000 8845 7773 1183639 240700
1406073600 38290 56554 1159063 9304845
1405987200 19033 7242 1207997 99358
1405900800 5852 3490 1198076 50388
1405814400 5982 3580 1185934 50044
1405728000 9983 5879 1180293 51951
1405641600 12685 6855 1166782 255628
1405555200 43843 7232 1208779 589528
1405468800 28499 12147 1069408 1282927
1405382400 12228 6633 1063252 127608
1405296000 5346 1950 1067318 83276
1405209600 5282 1669 1060344 43490
1405123200 45656 12605 1063937 292494
1405036800 110890 13907 1226403 632798
1404950400 221858 18754 7529359 903531
1404864000 141093 8826 7081826 120778
1404777600 145061 7408 6391911 105534
1404691200 5470 1806 1076061 44243
1404604800 141266 4067 6419167 108955
1404518400 14356 7813 1100619 227536
1404432000 8380 4277 1020100 41994
1404345600 144351 9119 5312741 155113
1404259200 176248 6992 6520924 189990
1404172800 149214 13036 6600092 420854
1404086400 141332 5753 7019162 203291
1404000000 141829 5956 5552746 164082
1403913600 156429 9193 7017194 202138
1403827200 148991 10151 6020281 173488
1403740800 11361 7220 1084422 170321
1403654400 14193 7539 1043542 95125
1403568000 14141 6626 1059352 210985
1403481600 1101 1885 87988 10488
1403395200 6202 2341 1057820 43714
1403308800 20972 9594 1067066 706645
1403222400 47481 6412 1042181 65503
1403136000 44645 5665 1095233 73531
1403049600 45594 8515 1186059 50577
1402963200 46337 11700 1179340 317047
1402876800 5353 1953 1173686 48164
1402790400 5519 1980 1189684 48893
1402704000 56195 5816 1142324 51975
1402617600 16444 6852 1073057 57452
1402531200 150093 19589 12817052 632668
1402444800 152159 18500 11497393 892251
1402358400 321557 13737 13336417 379877
1402272000 140629 5845 12072926 320122
1402185600 146131 6442 8757834 232759
1402099200 16797 12085 899503 104547
1402012800 55234 6256 890472 101710
1401926400 61856 5160 908145 38403
1401840000 19081 4603 884712 41794
1401753600 70166 6240 960145 101386
1401667200 5770 1801 918613 38041
1401580800 9878 1958 897543 37463
1401494400 13458 8564 943353 441422
1401408000 48420 9412 960931 214492
1401321600 44832 10661 1057839 155961
1401235200 36753 9349 1030441 153302
1401148800 16202 9714 971926 755914
1401062400 10310 8306 884973 1044162
1400976000 10584 3537 927385 70184
1400889600 13392 8160 901103 856835
1400803200 42507 7751 1183841 108629
1400716800 28415 3847 1200947 46346
1400630400 18361 6194 1136391 107694
1400544000 9702 2440 891559 60812
1400457600 5342 1714 937312 38802
1400371200 9966 6121 893840 469646
1400284800 16590 9215 907177 307531
1400198400 187215 11806 12547754 333617
1400112000 162367 26465 12771682 811310
1400025600 158359 8630 10496546 113015
1399939200 70732 16402 7780700 335751
1399852800 140445 3586 9514598 102899
1399766400 145442 4672 8744410 108540
1399680000 153027 7221 8504713 95199
1399593600 210913 17992 14629011 934562
1399507200 240430 10820 11496737 160651
1399420800 242392 11874 15779021 766288
1399334400 48721 8945 931378 589567
1399248000 9987 1662 854128 32827
1399161600 10398 2308 868572 55661
1399075200 84870 8962 923625 81395
1398988800 84195 33634 995110 1368443
1398902400 101865 8391 986120 121495
1398816000 131950 15311 1191269 1169626
1398729600 26047 21560 1500180 291724
1398643200 6021 5960 670757 942012
1398556800 10123 2444 848664 37489
1398470400 75416 12330 892369 206980
1398384000 19236 6772 1150513 97013
1398297600 53603 7079 1066305 105015
1398211200 113402 7768 896865 35561
1398124800 51896 6192 935705 37409
1398038400 10562 2382 876330 34041
1397952000 9937 2236 898830 35011
1397865600 11015 3100 1004078 89195
1397779200 54911 13653 1160304 354701
1397692800 144127 11346 1194229 50848
1397606400 212165 160754 10855446 11722195
1397520000 109045 14203 1188681 182835
1397433600 6450 6086 1184679 869495
1397347200 10113 2513 1205344 49574
1397260800 45046 6428 1197979 94268
1397174400 140715 12380 1210965 59538
1397088000 53854 20498 1018962 787470
1397001600 21744 17946 318059 633985
1396915200 6219 9399 6219 9399
1396828800 6219 9399 6219 9399
1396742400 6219 9399 6219 9399
1396656000 6260 9417 10744 14202
1396569600 201092 25507 1130352 1102373
1396483200 59375 175976 538899 31898545
1396396800 198792 14220 8369682 222213
1396310400 199853 9083 10792797 285949
1396224000 135392 5095 12499542 330500
1396137600 135563 5101 14685951 388395
1396051200 224305 13440 10112264 268433
1395964800 193793 28651 7797180 723350
1395878400 132571 16927 13638117 368975
1395792000 195568 35624 7894541 875329
1395705600 189218 13698 14689602 396843
1395619200 135483 4921 16486807 425976
1395532800 145385 5152 10763231 285283
1395446400 258639 16806 11832199 892791
1395360000 211309 8836 12714498 337900
1395273600 6873 3526 582657 31019
1395187200 4009 3749 127315 27764
1395100800 4284 4705 226450 61607
1395014400 371 1343 8281 7187
1394928000 354 1551 5481 20733
1394841600 32589 4453 626215 31621
1394755200 2937 4580 289236 260480
1394668800 141032 25446 11476256 599534
1394582400 2254 15802 73285 656121
1394496000 3850 5131 283149 125244
1394409600 583 1332 30662 29718
1394323200 1656 1379 379795 16284
1394236800 3656 4184 339894 47373
1394150400 2765 3178 415653 18289
1394064000 49985 4570 305747 40202
1393977600 9256 10203 614044 829337
1393891200 2312 14287 32603 758424
1393804800 703 1743 61120 6664
1393718400 655 2104 24387 40475
1393632000 14331 3659 501683 21729
1393545600 5411 4410 376077 204941
1393459200 6665 7587 393170 587398
1393372800 76620 9139 491974 146225
1393286400 17868 4752 264931 43228
1393200000 503 3638 38781 607588
1393113600 520 1814 90088 31594
1393027200 6591 65587 293310 12015523
1392940800 3062 5483 311699 123000
1392854400 3832 5798 402084 43548
1392768000 4942 8595 457102 711049
1392681600 1963 3710 136203 243053
1392595200 1501 1571 100784 14598
1392508800 4279 1770 693873 30126
1392422400 7472 6068 840262 40818
1392336000 1051 3162 29908 28228
1392249600 4432 9820 69159 528517
1392163200 4493 13562 113780 1055454
1392076800 7985 4606 633937 53904
1391990400 2446 1093 67786 8631
1391904000 1869 746 23489 13108
1391817600 3690 2574 133725 32027
1391731200 7399 7748 115497 218905
1391644800 2928 3468 115497 51751
1391558400 4815 3600 291416 33928
1391472000 6473 3761 284239 37197
1391385600 516 584 46925 4252
1391299200 17707 4589 746623 956930
1391212800 4026 24454 272302 4738341
1391126400 43640 2685 264666 39520
1391040000 14018 6842 285408 233344
1390953600 28051 2447 402548 56733
1390867200 30199 30901 631993 834772
1390780800 354 671 2976 47237
1390694400 808 1017 50548 36515
1390608000 1365 1087 218364 76003
1390521600 5558 9536 218364 279576
1390435200 4694 2588 271198 50409
1390348800 34028 8470 1184658 635428
1390262400 19518 39854 1437466 5170765
1390176000 1089 3605 40028 79328
1390089600 1079 689 197056 10471
1390003200 44470 2645 254196 21282
1389916800 2441 7630 225237 965991
1389830400 137598 4949 12984101 126514
1389744000 168319 8076 15489992 126735
1389657600 38088 22695 3643532 1920459
1389571200 438 1666 9060 39694
1389484800 519 1528 59453 10799
1389398400 7551 3166 845390 32137
1389312000 19660 18787 1225573 661187
1389225600 7597 6438 567610 151505
1389139200 11820 11482 1200115 574306
1389052800 4718 3952 490146 43506
1388966400 934 1705 20828 7954
1388880000 877 1730 190488 10277
1388793600 7469 3456 642863 26492
1388707200 8399 7026 1208082 569865
1388620800 1232 2313 32933 9959
1388534400 5625 2753 902829 35509
1388448000 8645 5075 1225819 565299
1388361600 311 1003 3600 5159
1388275200 894 1187 18443 7733
1388188800 1078 1791 63732 9617
1388102400 719 2015 5318 13894
1388016000 1899 3827 22336 13463
1387929600 8645 1882 1103502 42243
1387843200 5864 6414 814922 237464
1387756800 620 1105 22013 5533
1387670400 464 1187 164927 10202
1387584000 11256 2686 565236 21991
1387497600 39227 16854 1222788 574164
1387411200 14186 10739 1385085 667902
1387324800 11512 7798 925997 39941
1387238400 14369 11376 1055756 892873
1387152000 6732 7063 210906 429379
1387065600 2782 4779 99218 19387
1386979200 11458 8953 667560 556871
1386892800 57327 21943 1178957 649843
1386806400 26007 14253 2933283 659464
1386720000 10867 11073 1152194 333723
1386633600 17855 10609 1190492 552237
1386547200 2632 4979 96634 13481
1386460800 2178 4072 156790 19094
1386374400 10525 2938 1168854 45639
1386288000 45252 14333 1182784 544056
1386201600 12678 7724 1625067 1060773
1386115200 8318 3581 1130478 43887
1386028800 11690 7675 849607 533147
1385942400 135259 4898 19809718 456955
1385856000 193225 4653 12021532 86524
1385769600 11052 82090 997021 22588808
1385683200 11014 5989 1084995 84825
1385596800 7030 4740 1084995 237295
1385510400 1665 3984 161320 61766
1385424000 4575 6648 377745 33240
1385337600 3301 4899 184548 14109
1385251200 1486 3002 198689 18529
1385164800 134902 5239 556274 16632
1385078400 135135 5527 457346 24259
1384992000 23512 2961 457346 28553
1384905600 8892 10560 448395 198397
1384819200 6847 14178 431176 173754
1384732800 15223 8412 518051 256273
1384646400 3277 6043 254111 491120
1384560000 2049 8468 446750 1074699
1384473600 3298 4697 447544 58460
1384387200 12546 19816 249282 837830
1384300800 194993 8332 12984471 209654
1384214400 211081 6219 13278334 142462
1384128000 9628 7483 1113317 376799
1384041600 959 4349 13293 440965
1383955200 151115 8908 20430371 197508
1383868800 390594 52140 14655374 1784554
1383782400 33918 240194 1189854 30886723
1383696000 117397 30793 1200325 1115436
1383609600 34233 97646 1790130 12016337
1383523200 572 1238 62263 5961
1383436800 462 1316 19506 22085
1383350400 13407 3284 1106573 42423
1383264000 36833 13975 1835897 1116699
1383177600 159568 25394 2385036 1633660
1383091200 39582 8169 669231 98373
1383004800 18116 11645 1637636 1113841
1382918400 1366 1391 17989 8526
1382832000 403 1454 4906 35703
1382745600 5569 6725 769315 276343
1382659200 76352 17277 1440223 736991
1382572800 89837 22375 2062309 1078402
1382486400 58692 3893 578348 98531
1382400000 2193 2957 46240 468858
1382313600 431 524 4397 34961
1382227200 429 435 2002 9379
1382140800 3079 3372 68772 44820
1382054400 22934 3871 178389 51037
1381968000 3752 3674 454760 28329
1381881600 37029 6619 234587 195466
1381795200 453 534 3185 6118
1381708800 466 1117 5917 173610
1381622400 1325 19176 56028 1219759
1381536000 15177 3026 171943 34700
1381449600 3811 18549 82729 684168
1381363200 45875 5704 238493 503304
1381276800 5840 4856 138631 61513
1381190400 56774 7047 223010 250787
1381104000 417 408 1913 2209
1381017600 427 481 1874 8733
1380931200 11975 3514 198004 357006
1380844800 55189 3884 218604 60577
1380758400 4173 3711 72632 96636
1380672000 2659 2611 72124 29927
1380585600 105982 7701 481597 40875
1380499200 943 1121 16840 7818
1380412800 552 1068 20675 11057
1380326400 198604 7219 954787 103992
1380240000 139224 6142 667087 36598
1380153600 133426 9422 624405 408460
1380067200 161085 5943 624057 106228
1379980800 2467 1409 366081 30470
1379894400 317 366 13467 7158
1379808000 733 641 81128 11219
1379721600 39553 4702 251744 505777
1379635200 142054 5221 750861 50535
1379548800 225324 7244 1089423 119435
1379462400 273423 20325 1197528 1000294
1379376000 144500 5545 574166 109337
1379289600 354 462 4080 2949
1379203200 941 617 110409 10807
1379116800 384902 10487 1043511 41699
1379030400 237349 11769 722507 618787
1378944000 193507 13973 760742 464379
1378857600 169536 6463 713447 62028
1378771200 163351 9313 728251 69461
1378684800 2937 1009 283185 14925
1378598400 1940 975 283082 11799
1378512000 110356 7396 546941 245984
1378425600 177837 8009 538946 67362
1378339200 303532 10795 650359 71920
1378252800 257983 24901 1905507 1126776
1378166400 2414 990 284953 12121
1378080000 2946 894 296217 16889
1377993600 2166 1254 282800 101532
1377907200 60937 2594 332739 51026
1377820800 128309 5621 1709360 70162
1377734400 144541 47160 1366722 4269743
1377648000 55395 5804 514901 149893
1377561600 92828 5338 610553 201118
1377475200 3056 911 281688 13923
1377388800 7759 1235 715551 34261
1377302400 79877 4452 531648 103794
1377216000 18248 5995 185137 295155
1377129600 67283 5465 716233 104023
1377043200 157487 7834 2090711 259559
1376956800 131106 7752 661182 259559
1376870400 2455 815 272175 21130
1376784000 0 0 0 0
1376697600 0 0 0 0
1376611200 0 0 0 0
1376524800 0 0 0 0
1376438400 0 0 0 0
1376352000 0 0 0 0
1376265600 0 0 0 0
1376179200 0 0 0 0
1376092800 0 0 0 0
1376006400 0 0 0 0
1375920000 0 0 0 0
1375833600 0 0 0 0
1375747200 0 0 0 0
1375660800 0 0 0 0
1375574400 0 0 0 0
1375488000 0 0 0 0
1375401600 0 0 0 0
1375315200 0 0 0 0
1375228800 0 0 0 0
1375142400 0 0 0 0
1375056000 0 0 0 0
1374969600 0 0 0 0
1374883200 0 0 0 0
1374796800 0 0 0 0
1374710400 0 0 0 0
1374624000 0 0 0 0
1374537600 0 0 0 0
1374451200 0 0 0 0
1374364800 0 0 0 0
1374278400 0 0 0 0
1374192000 0 0 0 0
1374105600 0 0 0 0
1374019200 0 0 0 0
1373932800 0 0 0 0
1373846400 0 0 0 0
1373760000 0 0 0 0
1373673600 0 0 0 0
1373587200 0 0 0 0
1373500800 0 0 0 0
1373414400 0 0 0 0
1373328000 0 0 0 0
1373241600 0 0 0 0
1373155200 0 0 0 0
1373068800 0 0 0 0
1372982400 0 0 0 0
1372896000 0 0 0 0
1372809600 0 0 0 0
1372723200 0 0 0 0
1372636800 0 0 0 0
1372550400 0 0 0 0
1372464000 0 0 0 0
1372377600 0 0 0 0
1372291200 0 0 0 0
1372204800 0 0 0 0
1372118400 0 0 0 0
1372032000 0 0 0 0
1371945600 0 0 0 0
1371859200 0 0 0 0
1371772800 0 0 0 0
1371686400 0 0 0 0
1371600000 0 0 0 0
1371513600 0 0 0 0
1371427200 0 0 0 0
1371340800 0 0 0 0
1371254400 0 0 0 0
1371168000 0 0 0 0
1371081600 0 0 0 0
1370995200 0 0 0 0
1370908800 0 0 0 0
1370822400 0 0 0 0
1370736000 0 0 0 0
1370649600 0 0 0 0
1370563200 0 0 0 0
1370476800 0 0 0 0
1370390400 0 0 0 0
1370304000 0 0 0 0
1370217600 0 0 0 0
1370131200 0 0 0 0
1370044800 0 0 0 0
1369958400 0 0 0 0
1369872000 0 0 0 0
1369785600 0 0 0 0
1369699200 0 0 0 0
1369612800 0 0 0 0
1369526400 0 0 0 0
1369440000 0 0 0 0
1369353600 0 0 0 0
1369267200 0 0 0 0
1369180800 0 0 0 0
1369094400 0 0 0 0
1369008000 0 0 0 0
1368921600 0 0 0 0
1368835200 0 0 0 0
1368748800 0 0 0 0
1368662400 0 0 0 0
1368576000 0 0 0 0
1368489600 0 0 0 0
1368403200 0 0 0 0
1368316800 0 0 0 0
1368230400 0 0 0 0
1368144000 0 0 0 0
1368057600 0 0 0 0
1367971200 0 0 0 0
1367884800 0 0 0 0
1367798400 0 0 0 0
1367712000 0 0 0 0
1367625600 0 0 0 0
1367539200 0 0 0 0
1367452800 0 0 0 0
1367366400 0 0 0 0
1367280000 0 0 0 0
1367193600 0 0 0 0
1367107200 0 0 0 0
1367020800 0 0 0 0
1366934400 0 0 0 0
1366848000 0 0 0 0
1366761600 0 0 0 0
1366675200 0 0 0 0
1366588800 0 0 0 0
1366502400 0 0 0 0
1366416000 0 0 0 0
1366329600 0 0 0 0
1366243200 0 0 0 0
1366156800 0 0 0 0
1366070400 0 0 0 0
1365984000 0 0 0 0
1365897600 0 0 0 0
1365811200 0 0 0 0
1365724800 0 0 0 0
1365638400 0 0 0 0
1365552000 0 0 0 0
1365465600 0 0 0 0
1365379200 0 0 0 0
1365292800 0 0 0 0
1365206400 0 0 0 0
1365120000 0 0 0 0
1365033600 0 0 0 0
1364947200 0 0 0 0
1364860800 0 0 0 0
1364774400 0 0 0 0
1364688000 0 0 0 0
1364601600 0 0 0 0
1364515200 0 0 0 0
1364428800 0 0 0 0
1364342400 0 0 0 0
1364256000 0 0 0 0
1364169600 0 0 0 0
1364083200 0 0 0 0
1363996800 0 0 0 0
1363910400 0 0 0 0
1363824000 0 0 0 0
1363737600 0 0 0 0
1363651200 0 0 0 0
1363564800 0 0 0 0
1363478400 0 0 0 0
1363392000 0 0 0 0
1363305600 0 0 0 0
1363219200 0 0 0 0
1363132800 0 0 0 0
1363046400 0 0 0 0
1362960000 0 0 0 0
1362873600 0 0 0 0
1362787200 0 0 0 0
1362700800 0 0 0 0
1362614400 0 0 0 0
1362528000 0 0 0 0
1362441600 0 0 0 0
1362355200 0 0 0 0
