1431190809 104083 5015589
1431190809 0 0 0 0
1431176643 0 0 0 0
1431176400 0 0 0 0
1431176100 0 0 0 0
1431175800 0 0 0 0
1431175500 0 0 0 0
1431175200 0 0 0 0
1431174900 0 0 0 0
1431174600 0 0 0 0
1431174300 0 0 0 0
1431174000 0 0 0 0
1431173700 0 0 0 0
1431173400 0 0 0 0
1431173100 0 0 0 0
1431172800 0 0 0 0
1431172500 0 0 0 0
1431172200 0 0 0 0
1431171900 0 0 0 0
1431171600 0 0 0 0
1431171300 0 0 0 0
1431171000 0 0 0 0
1431170700 0 0 0 0
1431170400 0 0 0 0
1431170100 0 0 0 0
1431169800 0 0 0 0
1431169500 0 0 0 0
1431169200 0 0 0 0
1431168900 0 0 0 0
1431168600 0 0 0 0
1431168300 0 0 0 0
1431168000 0 0 0 0
1431167700 0 0 0 0
1431167400 0 0 0 0
1431167100 0 0 0 0
1431166800 0 0 0 0
1431166500 0 0 0 0
1431166200 0 0 0 0
1431165900 0 0 0 0
1431165600 0 0 0 0
1431165300 0 0 0 0
1431165000 0 0 0 0
1431164700 0 0 0 0
1431164400 0 0 0 0
1431164100 0 0 0 0
1431163800 0 0 0 0
1431163500 0 0 0 0
1431163200 0 0 0 0
1431162900 0 0 0 0
1431162600 0 0 0 0
1431162300 0 0 0 0
1431162000 0 0 0 0
1431161700 0 0 0 0
1431161400 0 0 0 0
1431161100 0 0 0 0
1431160800 0 0 0 0
1431160500 0 0 0 0
1431160200 0 0 0 0
1431159900 0 0 0 0
1431159600 0 0 0 0
1431159300 0 0 0 0
1431159000 0 0 0 0
1431158700 0 0 0 0
1431158400 0 0 0 0
1431158100 0 0 0 0
1431157800 0 0 0 0
1431157500 0 0 0 0
1431157200 0 0 0 0
1431156900 0 0 0 0
1431156600 0 0 0 0
1431156300 0 0 0 0
1431156000 0 0 0 0
1431155700 0 0 0 0
1431155400 0 0 0 0
1431155100 0 0 0 0
1431154800 0 0 0 0
1431154500 0 0 0 0
1431154200 0 0 0 0
1431153900 0 0 0 0
1431153600 0 0 0 0
1431153300 0 0 0 0
1431153000 0 0 0 0
1431152700 0 0 0 0
1431152400 0 0 0 0
1431152100 0 0 0 0
1431151800 0 0 0 0
1431151500 0 0 0 0
1431151200 0 0 0 0
1431150900 0 0 0 0
1431150600 0 0 0 0
1431150300 0 0 0 0
1431150000 0 0 0 0
1431149700 0 0 0 0
1431149400 0 0 0 0
1431149100 0 0 0 0
1431148800 0 0 0 0
1431148500 0 0 0 0
1431148200 0 0 0 0
1431147900 0 0 0 0
1431147600 0 0 0 0
1431147300 0 0 0 0
1431147000 0 0 0 0
1431146700 0 0 0 0
1431146400 0 0 0 0
1431146100 0 0 0 0
1431145800 0 0 0 0
1431145500 0 0 0 0
1431145200 0 0 0 0
1431144900 0 0 0 0
1431144600 0 0 0 0
1431144300 0 0 0 0
1431144000 0 0 0 0
1431143700 0 0 0 0
1431143400 0 0 0 0
1431143100 0 0 0 0
1431142800 0 0 0 0
1431142500 0 0 0 0
1431142200 0 0 0 0
1431141900 0 0 0 0
1431141600 0 0 0 0
1431141300 0 0 0 0
1431141000 0 0 0 0
1431140700 0 0 0 0
1431140400 0 0 0 0
1431140100 0 0 0 0
1431139800 0 0 0 0
1431139500 0 0 0 0
1431139200 0 0 0 0
1431138900 0 0 0 0
1431138600 0 0 0 0
1431138300 0 0 0 0
1431138000 0 0 0 0
1431137700 0 0 0 0
1431137400 0 0 0 0
1431137100 0 0 0 0
1431136800 0 0 0 0
1431136500 0 0 0 0
1431136200 0 0 0 0
1431135900 0 0 0 0
1431135600 0 0 0 0
1431135300 0 0 0 0
1431135000 0 0 0 0
1431134700 0 0 0 0
1431134400 0 0 0 0
1431134100 0 0 0 0
1431133800 0 0 0 0
1431133500 0 0 0 0
1431133200 0 0 0 0
1431132900 0 0 0 0
1431132600 0 0 0 0
1431132300 0 0 0 0
1431132000 0 0 0 0
1431131700 0 0 0 0
1431131400 0 0 0 0
1431131100 0 0 0 0
1431130800 0 0 0 0
1431130500 0 0 0 0
1431130200 0 0 0 0
1431129900 0 0 0 0
1431129600 0 0 0 0
1431129300 0 0 0 0
1431129000 0 0 0 0
1431128700 0 0 0 0
1431128400 0 0 0 0
1431128100 0 0 0 0
1431127800 0 0 0 0
1431127500 0 0 0 0
1431127200 0 0 0 0
1431126900 0 0 0 0
1431126600 0 0 0 0
1431126300 0 0 0 0
1431126000 0 0 0 0
1431125700 0 0 0 0
1431125400 0 0 0 0
1431125100 0 0 0 0
1431124800 0 0 0 0
1431124500 0 0 0 0
1431124200 0 0 0 0
1431123900 0 0 0 0
1431123600 0 0 0 0
1431123300 0 0 0 0
1431123000 0 0 0 0
1431122700 0 0 0 0
1431122400 0 0 0 0
1431122100 0 0 0 0
1431121800 0 0 0 0
1431121500 0 0 0 0
1431121200 0 0 0 0
1431120900 0 0 0 0
1431120600 0 0 0 0
1431120300 0 0 0 0
1431120000 0 0 0 0
1431119700 0 0 0 0
1431119400 0 0 0 0
1431119100 0 0 0 0
1431118800 0 0 0 0
1431118500 0 0 0 0
1431118200 0 0 0 0
1431117900 0 0 0 0
1431117600 0 0 0 0
1431117300 0 0 0 0
1431117000 0 0 0 0
1431116700 0 0 0 0
1431116400 0 0 0 0
1431116100 0 0 0 0
1431115800 0 0 0 0
1431115500 0 0 0 0
1431115200 0 0 0 0
1431114900 0 0 0 0
1431114600 0 0 0 0
1431114300 0 0 0 0
1431114000 0 0 0 0
1431113700 0 0 0 0
1431113400 0 0 0 0
1431113100 0 0 0 0
1431112800 0 0 0 0
1431112500 0 0 0 0
1431112200 0 0 0 0
1431111900 0 0 0 0
1431111600 0 0 0 0
1431111300 0 0 0 0
1431111000 0 0 0 0
1431110700 0 0 0 0
1431110400 0 0 0 0
1431110100 0 0 0 0
1431109800 0 0 0 0
1431109500 0 0 0 0
1431109200 0 0 0 0
1431108900 0 0 0 0
1431108600 0 0 0 0
1431108300 0 0 0 0
1431108000 0 0 0 0
1431107700 0 0 0 0
1431107400 0 0 0 0
1431107100 0 0 0 0
1431106800 0 0 0 0
1431106500 0 0 0 0
1431106200 0 0 0 0
1431105900 0 0 0 0
1431105600 0 0 0 0
1431105300 0 0 0 0
1431105000 0 0 0 0
1431104700 0 0 0 0
1431104400 0 0 0 0
1431104100 0 0 0 0
1431103800 0 0 0 0
1431103500 0 0 0 0
1431103200 0 0 0 0
1431102900 0 0 0 0
1431102600 0 0 0 0
1431102300 0 0 0 0
1431102000 0 0 0 0
1431101700 0 0 0 0
1431101400 0 0 0 0
1431101100 0 0 0 0
1431100800 0 0 0 0
1431100500 0 0 0 0
1431100200 0 0 0 0
1431099900 0 0 0 0
1431099600 0 0 0 0
1431099300 0 0 0 0
1431099000 0 0 0 0
1431098700 0 0 0 0
1431098400 0 0 0 0
1431098100 0 0 0 0
1431097800 0 0 0 0
1431097500 0 0 0 0
1431097200 0 0 0 0
1431096900 0 0 0 0
1431096600 0 0 0 0
1431096300 0 0 0 0
1431096000 0 0 0 0
1431095700 0 0 0 0
1431095400 0 0 0 0
1431095100 0 0 0 0
1431094800 0 0 0 0
1431094500 0 0 0 0
1431094200 0 0 0 0
1431093900 0 0 0 0
1431093600 0 0 0 0
1431093300 0 0 0 0
1431093000 0 0 0 0
1431092700 0 0 0 0
1431092400 0 0 0 0
1431092100 0 0 0 0
1431091800 0 0 0 0
1431091500 0 0 0 0
1431091200 0 0 0 0
1431090900 0 0 0 0
1431090600 0 0 0 0
1431090300 0 0 0 0
1431090000 0 0 0 0
1431089700 0 0 0 0
1431089400 0 0 0 0
1431089100 0 0 0 0
1431088800 0 0 0 0
1431088500 0 0 0 0
1431088200 0 0 0 0
1431087900 0 0 0 0
1431087600 0 0 0 0
1431087300 0 0 0 0
1431087000 0 0 0 0
1431086700 0 0 0 0
1431086400 0 0 0 0
1431086100 0 0 0 0
1431085800 0 0 0 0
1431085500 0 0 0 0
1431085200 0 0 0 0
1431084900 0 0 0 0
1431084600 0 0 0 0
1431084300 0 0 0 0
1431084000 0 0 0 0
1431083700 0 0 0 0
1431083400 0 0 0 0
1431083100 0 0 0 0
1431082800 0 0 0 0
1431082500 0 0 0 0
1431082200 0 0 0 0
1431081900 0 0 0 0
1431081600 0 0 0 0
1431081300 0 0 0 0
1431081000 0 0 0 0
1431080700 0 0 0 0
1431080400 0 0 0 0
1431080100 0 0 0 0
1431079800 0 0 0 0
1431079500 0 0 0 0
1431079200 0 0 0 0
1431078900 0 0 0 0
1431078600 0 0 0 0
1431078300 0 0 0 0
1431078000 0 0 0 0
1431077700 0 0 0 0
1431077400 0 0 0 0
1431077100 0 0 0 0
1431076800 0 0 0 0
1431076500 0 0 0 0
1431076200 0 0 0 0
1431075900 0 0 0 0
1431075600 0 0 0 0
1431075300 0 0 0 0
1431075000 0 0 0 0
1431074700 0 0 0 0
1431074400 0 0 0 0
1431074100 0 0 0 0
1431073800 0 0 0 0
1431073500 0 0 0 0
1431073200 0 0 0 0
1431072900 0 0 0 0
1431072600 0 0 0 0
1431072300 0 0 0 0
1431072000 0 0 0 0
1431071700 0 0 0 0
1431071400 0 0 0 0
1431071100 0 0 0 0
1431070800 0 0 0 0
1431070500 0 0 0 0
1431070200 0 0 0 0
1431069900 0 0 0 0
1431069600 0 0 0 0
1431069300 0 0 0 0
1431069000 0 0 0 0
1431068700 0 0 0 0
1431068400 0 0 0 0
1431068100 0 0 0 0
1431067800 0 0 0 0
1431067500 0 0 0 0
1431067200 0 0 0 0
1431066900 0 0 0 0
1431066600 0 0 0 0
1431066300 0 0 0 0
1431066000 0 0 0 0
1431065700 0 0 0 0
1431065400 0 0 0 0
1431065100 0 0 0 0
1431064800 0 0 0 0
1431064500 0 0 0 0
1431064200 0 0 0 0
1431063900 0 0 0 0
1431063600 0 0 0 0
1431063300 0 0 0 0
1431063000 0 0 0 0
1431062700 0 0 0 0
1431062400 0 0 0 0
1431062100 0 0 0 0
1431061800 0 0 0 0
1431061500 0 0 0 0
1431061200 0 0 0 0
1431060900 0 0 0 0
1431060600 0 0 0 0
1431060300 0 0 0 0
1431060000 0 0 0 0
1431059700 0 0 0 0
1431059400 0 0 0 0
1431059100 0 0 0 0
1431058800 0 0 0 0
1431058500 0 0 0 0
1431058200 0 0 0 0
1431057900 0 0 0 0
1431057600 0 0 0 0
1431057300 0 0 0 0
1431057000 0 0 0 0
1431056700 0 0 0 0
1431056400 0 0 0 0
1431056100 0 0 0 0
1431055800 0 0 0 0
1431055500 0 0 0 0
1431055200 0 0 0 0
1431054900 0 0 0 0
1431054600 0 0 0 0
1431054300 0 0 0 0
1431054000 0 0 0 0
1431053700 0 0 0 0
1431053400 0 0 0 0
1431053100 0 0 0 0
1431052800 0 0 0 0
1431052500 0 0 0 0
1431052200 0 0 0 0
1431051900 0 0 0 0
1431051600 0 0 0 0
1431051300 0 0 0 0
1431051000 0 0 0 0
1431050700 0 0 0 0
1431050400 0 0 0 0
1431050100 0 0 0 0
1431049800 0 0 0 0
1431049500 0 0 0 0
1431049200 0 0 0 0
1431048900 0 0 0 0
1431048600 0 0 0 0
1431048300 0 0 0 0
1431048000 0 0 0 0
1431047700 0 0 0 0
1431047400 0 0 0 0
1431047100 0 0 0 0
1431046800 0 0 0 0
1431046500 0 0 0 0
1431046200 0 0 0 0
1431045900 0 0 0 0
1431045600 0 0 0 0
1431045300 0 0 0 0
1431045000 0 0 0 0
1431044700 0 0 0 0
1431044400 0 0 0 0
1431044100 0 0 0 0
1431043800 0 0 0 0
1431043500 0 0 0 0
1431043200 0 0 0 0
1431042900 0 0 0 0
1431042600 0 0 0 0
1431042300 0 0 0 0
1431042000 0 0 0 0
1431041700 0 0 0 0
1431041400 0 0 0 0
1431041100 0 0 0 0
1431040800 0 0 0 0
1431040500 0 0 0 0
1431040200 0 0 0 0
1431039900 0 0 0 0
1431039600 0 0 0 0
1431039300 0 0 0 0
1431039000 0 0 0 0
1431038700 0 0 0 0
1431038400 0 0 0 0
1431038100 0 0 0 0
1431037800 0 0 0 0
1431037500 0 0 0 0
1431037200 0 0 0 0
1431036900 0 0 0 0
1431036600 0 0 0 0
1431036300 0 0 0 0
1431036000 0 0 0 0
1431035700 0 0 0 0
1431035400 0 0 0 0
1431035100 0 0 0 0
1431034800 0 0 0 0
1431034500 0 0 0 0
1431034200 0 0 0 0
1431033900 0 0 0 0
1431033600 0 0 0 0
1431033300 0 0 0 0
1431033000 0 0 0 0
1431032700 0 0 0 0
1431032400 0 0 0 0
1431032100 0 0 0 0
1431031800 0 0 0 0
1431031500 0 0 0 0
1431031200 0 0 0 0
1431030900 0 0 0 0
1431030600 0 0 0 0
1431030300 0 0 0 0
1431030000 0 0 0 0
1431029700 0 0 0 0
1431029400 0 0 0 0
1431029100 0 0 0 0
1431028800 0 0 0 0
1431028500 0 0 0 0
1431028200 0 0 0 0
1431027900 0 0 0 0
1431027600 0 0 0 0
1431027300 0 0 0 0
1431027000 0 0 0 0
1431026700 0 0 0 0
1431026400 0 0 0 0
1431026100 0 0 0 0
1431025800 0 0 0 0
1431025500 0 0 0 0
1431025200 0 0 0 0
1431024900 0 0 0 0
1431024600 0 0 0 0
1431024300 0 0 0 0
1431024000 0 0 0 0
1431023700 0 0 0 0
1431023400 0 0 0 0
1431023100 0 0 0 0
1431022800 0 0 0 0
1431022500 0 0 0 0
1431022200 0 0 0 0
1431021900 0 0 0 0
1431021600 0 0 0 0
1431021300 0 0 0 0
1431021000 0 0 0 0
1431020700 0 0 0 0
1431020400 0 0 0 0
1431020100 0 0 0 0
1431019800 0 0 0 0
1431019500 0 0 0 0
1431019200 0 0 0 0
1431018900 0 0 0 0
1431018600 0 0 0 0
1431018300 0 0 0 0
1431018000 0 0 0 0
1431017700 0 0 0 0
1431017400 0 0 0 0
1431017100 0 0 0 0
1431016800 0 0 0 0
1431016500 0 0 0 0
1431016200 0 0 0 0
1431015900 0 0 0 0
1431015600 0 0 0 0
1431015300 0 0 0 0
1431015000 0 0 0 0
1431014700 0 0 0 0
1431014400 0 0 0 0
1431014100 0 0 0 0
1431013800 0 0 0 0
1431013500 0 0 0 0
1431013200 0 0 0 0
1431012900 0 0 0 0
1431012600 0 0 0 0
1431012300 0 0 0 0
1431012000 0 0 0 0
1431011700 0 0 0 0
1431011400 0 0 0 0
1431011100 0 0 0 0
1431010800 0 0 0 0
1431010500 0 0 0 0
1431010200 0 0 0 0
1431009900 0 0 0 0
1431009600 0 0 0 0
1431009300 0 0 0 0
1431009000 0 0 0 0
1431008700 0 0 0 0
1431008400 0 0 0 0
1431008100 0 0 0 0
1431007800 0 0 0 0
1431007500 0 0 0 0
1431007200 0 0 0 0
1431006900 0 0 0 0
1431006600 0 0 0 0
1431006300 0 0 0 0
1431006000 0 0 0 0
1431005700 0 0 0 0
1431005400 0 0 0 0
1431005100 0 0 0 0
1431004800 0 0 0 0
1431004500 0 0 0 0
1431004200 0 0 0 0
1431003900 0 0 0 0
1431003600 0 0 0 0
1431003300 0 0 0 0
1431003000 0 0 0 0
1431002700 0 0 0 0
1431002400 0 0 0 0
1431002100 0 0 0 0
1431001800 0 0 0 0
1431001500 0 0 0 0
1431001200 0 0 0 0
1431000900 0 0 0 0
1431000600 0 0 0 0
1431000300 0 0 0 0
1431000000 0 0 0 0
1430999700 0 0 0 0
1430999400 0 0 0 0
1430999100 0 0 0 0
1430998800 0 0 0 0
1430998500 0 0 0 0
1430998200 0 0 0 0
1430997900 0 0 0 0
1430997600 0 0 0 0
1430997300 0 0 0 0
1430997000 0 0 0 0
1430996700 0 0 0 0
1430996400 0 0 0 0
1430994600 0 0 0 0
1430992800 0 0 0 0
1430991000 0 0 0 0
1430989200 0 0 0 0
1430987400 0 0 0 0
1430985600 0 0 0 0
1430983800 0 0 0 0
1430982000 0 0 0 0
1430980200 0 0 0 0
1430978400 0 0 0 0
1430976600 0 0 0 0
1430974800 0 0 0 0
1430973000 0 0 0 0
1430971200 0 0 0 0
1430969400 0 0 0 0
1430967600 0 0 0 0
1430965800 0 0 0 0
1430964000 0 0 0 0
1430962200 0 0 0 0
1430960400 0 0 0 0
1430958600 0 0 0 0
1430956800 0 0 0 0
1430955000 0 0 0 0
1430953200 0 0 0 0
1430951400 0 0 0 0
1430949600 0 0 0 0
1430947800 0 0 0 0
1430946000 0 0 0 0
1430944200 0 0 0 0
1430942400 0 0 0 0
1430940600 0 0 0 0
1430938800 0 0 0 0
1430937000 0 0 0 0
1430935200 0 0 0 0
1430933400 0 0 0 0
1430931600 0 0 0 0
1430929800 0 0 0 0
1430928000 0 0 0 0
1430926200 0 0 0 0
1430924400 0 0 0 0
1430922600 0 0 0 0
1430920800 0 0 0 0
1430919000 0 0 0 0
1430917200 0 0 0 0
1430915400 0 0 0 0
1430913600 0 0 0 0
1430911800 0 0 0 0
1430910000 0 0 0 0
1430908200 0 0 0 0
1430906400 0 0 0 0
1430904600 0 0 0 0
1430902800 0 0 0 0
1430901000 0 0 0 0
1430899200 0 0 0 0
1430897400 0 0 0 0
1430895600 0 0 0 0
1430893800 0 0 0 0
1430892000 0 0 0 0
1430890200 0 0 0 0
1430888400 0 0 0 0
1430886600 0 0 0 0
1430884800 0 0 0 0
1430883000 0 0 0 0
1430881200 0 0 0 0
1430879400 0 0 0 0
1430877600 0 0 0 0
1430875800 0 0 0 0
1430874000 0 0 0 0
1430872200 0 0 0 0
1430870400 0 0 0 0
1430868600 0 0 0 0
1430866800 0 0 0 0
1430865000 0 0 0 0
1430863200 0 0 0 0
1430861400 0 0 0 0
1430859600 0 0 0 0
1430857800 0 0 0 0
1430856000 0 0 0 0
1430854200 0 0 0 0
1430852400 0 0 0 0
1430850600 0 0 0 0
1430848800 0 0 0 0
1430847000 0 0 0 0
1430845200 0 0 0 0
1430843400 0 0 0 0
1430841600 0 0 0 0
1430839800 0 0 0 0
1430838000 0 0 0 0
1430836200 0 0 0 0
1430834400 0 0 0 0
1430832600 0 0 0 0
1430830800 0 0 0 0
1430829000 0 0 0 0
1430827200 0 0 0 0
1430825400 0 0 0 0
1430823600 0 0 0 0
1430821800 0 0 0 0
1430820000 0 0 0 0
1430818200 0 0 0 0
1430816400 0 0 0 0
1430814600 0 0 0 0
1430812800 0 0 0 0
1430811000 0 0 0 0
1430809200 0 0 0 0
1430807400 0 0 0 0
1430805600 0 0 0 0
1430803800 0 0 0 0
1430802000 0 0 0 0
1430800200 0 0 0 0
1430798400 0 0 0 0
1430796600 0 0 0 0
1430794800 0 0 0 0
1430793000 0 0 0 0
1430791200 0 0 0 0
1430789400 0 0 0 0
1430787600 0 0 0 0
1430785800 0 0 0 0
1430784000 0 0 0 0
1430782200 0 0 0 0
1430780400 0 0 0 0
1430778600 0 0 0 0
1430776800 0 0 0 0
1430775000 0 0 0 0
1430773200 0 0 0 0
1430771400 0 0 0 0
1430769600 0 0 0 0
1430767800 0 0 0 0
1430766000 0 0 0 0
1430764200 0 0 0 0
1430762400 0 0 0 0
1430760600 0 0 0 0
1430758800 0 0 0 0
1430757000 0 0 0 0
1430755200 0 0 0 0
1430753400 0 0 0 0
1430751600 0 0 0 0
1430749800 0 0 0 0
1430748000 0 0 0 0
1430746200 0 0 0 0
1430744400 0 0 0 0
1430742600 0 0 0 0
1430740800 0 0 0 0
1430739000 0 0 0 0
1430737200 0 0 0 0
1430735400 0 0 0 0
1430733600 0 0 0 0
1430731800 0 0 0 0
1430730000 0 0 0 0
1430728200 0 0 0 0
1430726400 0 0 0 0
1430724600 0 0 0 0
1430722800 0 0 0 0
1430721000 0 0 0 0
1430719200 0 0 0 0
1430717400 0 0 0 0
1430715600 0 0 0 0
1430713800 0 0 0 0
1430712000 0 0 0 0
1430710200 0 0 0 0
1430708400 0 0 0 0
1430706600 0 0 0 0
1430704800 0 0 0 0
1430703000 0 0 0 0
1430701200 0 0 0 0
1430699400 0 0 0 0
1430697600 0 0 0 0
1430695800 0 0 0 0
1430694000 0 0 0 0
1430692200 0 0 0 0
1430690400 0 0 0 0
1430688600 0 0 0 0
1430686800 0 0 0 0
1430685000 0 0 0 0
1430683200 0 0 0 0
1430681400 0 0 0 0
1430679600 0 0 0 0
1430677800 0 0 0 0
1430676000 0 0 0 0
1430674200 0 0 0 0
1430672400 0 0 0 0
1430670600 0 0 0 0
1430668800 0 0 0 0
1430667000 0 0 0 0
1430665200 0 0 0 0
1430663400 0 0 0 0
1430661600 0 0 0 0
1430659800 0 0 0 0
1430658000 0 0 0 0
1430656200 0 0 0 0
1430654400 0 0 0 0
1430652600 0 0 0 0
1430650800 0 0 0 0
1430649000 0 0 0 0
1430647200 0 0 0 0
1430645400 0 0 0 0
1430643600 0 0 0 0
1430641800 0 0 0 0
1430640000 0 0 0 0
1430638200 0 0 0 0
1430636400 0 0 0 0
1430634600 0 0 0 0
1430632800 0 0 0 0
1430631000 0 0 0 0
1430629200 0 0 0 0
1430627400 0 0 0 0
1430625600 0 0 0 0
1430623800 0 0 0 0
1430622000 0 0 0 0
1430620200 0 0 0 0
1430618400 0 0 0 0
1430616600 0 0 0 0
1430614800 0 0 0 0
1430613000 0 0 0 0
1430611200 0 0 0 0
1430609400 0 0 0 0
1430607600 0 0 0 0
1430605800 0 0 0 0
1430604000 0 0 0 0
1430602200 0 0 0 0
1430600400 0 0 0 0
1430598600 0 0 0 0
1430596800 0 0 0 0
1430595000 0 0 0 0
1430593200 0 0 0 0
1430591400 0 0 0 0
1430589600 0 0 0 0
1430587800 0 0 0 0
1430586000 0 0 0 0
1430584200 0 0 0 0
1430582400 0 0 0 0
1430580600 0 0 0 0
1430578800 0 0 0 0
1430577000 0 0 0 0
1430575200 0 0 0 0
1430573400 0 0 0 0
1430571600 0 0 0 0
1430569800 0 0 0 0
1430568000 0 0 0 0
1430566200 0 0 0 0
1430564400 0 0 0 0
1430562600 0 0 0 0
1430560800 0 0 0 0
1430559000 0 0 0 0
1430557200 0 0 0 0
1430555400 0 0 0 0
1430553600 0 0 0 0
1430551800 0 0 0 0
1430550000 0 0 0 0
1430548200 0 0 0 0
1430546400 0 0 0 0
1430544600 0 0 0 0
1430542800 0 0 0 0
1430541000 0 0 0 0
1430539200 0 0 0 0
1430537400 0 0 0 0
1430535600 0 0 0 0
1430533800 0 0 0 0
1430532000 0 0 0 0
1430530200 0 0 0 0
1430528400 0 0 0 0
1430526600 0 0 0 0
1430524800 0 0 0 0
1430523000 0 0 0 0
1430521200 0 0 0 0
1430519400 0 0 0 0
1430517600 0 0 0 0
1430515800 0 0 0 0
1430514000 0 0 0 0
1430512200 0 0 0 0
1430510400 0 0 0 0
1430508600 0 0 0 0
1430506800 0 0 0 0
1430505000 0 0 0 0
1430503200 0 0 0 0
1430501400 0 0 0 0
1430499600 0 0 0 0
1430497800 0 0 0 0
1430496000 0 0 0 0
1430494200 0 0 0 0
1430492400 0 0 0 0
1430490600 0 0 0 0
1430488800 0 0 0 0
1430487000 0 0 0 0
1430485200 0 0 0 0
1430483400 0 0 0 0
1430481600 0 0 0 0
1430479800 0 0 0 0
1430478000 0 0 0 0
1430476200 0 0 0 0
1430474400 0 0 0 0
1430472600 0 0 0 0
1430470800 0 0 0 0
1430469000 0 0 0 0
1430467200 0 0 0 0
1430465400 0 0 0 0
1430463600 0 0 0 0
1430461800 0 0 0 0
1430460000 0 0 0 0
1430458200 0 0 0 0
1430456400 0 0 0 0
1430454600 0 0 0 0
1430452800 0 0 0 0
1430451000 0 0 0 0
1430449200 0 0 0 0
1430447400 0 0 0 0
1430445600 0 0 0 0
1430443800 0 0 0 0
1430442000 0 0 0 0
1430440200 0 0 0 0
1430438400 0 0 0 0
1430436600 0 0 0 0
1430434800 0 0 0 0
1430433000 0 0 0 0
1430431200 0 0 0 0
1430429400 0 0 0 0
1430427600 0 0 0 0
1430425800 0 0 0 0
1430424000 0 0 0 0
1430422200 0 0 0 0
1430420400 0 0 0 0
1430418600 0 0 0 0
1430416800 0 0 0 0
1430415000 0 0 0 0
1430413200 0 0 0 0
1430411400 0 0 0 0
1430409600 0 0 0 0
1430407800 0 0 0 0
1430406000 0 0 0 0
1430404200 0 0 0 0
1430402400 0 0 0 0
1430400600 0 0 0 0
1430398800 0 0 0 0
1430397000 0 0 0 0
1430395200 0 0 0 0
1430393400 0 0 0 0
1430391600 0 0 0 0
1430389800 0 0 0 0
1430388000 0 0 0 0
1430386200 0 0 0 0
1430384400 0 0 0 0
1430382600 0 0 0 0
1430380800 0 0 0 0
1430379000 0 0 0 0
1430377200 0 0 0 0
1430375400 0 0 0 0
1430373600 0 0 0 0
1430371800 0 0 0 0
1430370000 0 0 0 0
1430368200 0 0 0 0
1430366400 0 0 0 0
1430364600 0 0 0 0
1430362800 0 0 0 0
1430361000 0 0 0 0
1430359200 0 0 0 0
1430357400 0 0 0 0
1430355600 0 0 0 0
1430353800 0 0 0 0
1430352000 0 0 0 0
1430350200 0 0 0 0
1430348400 0 0 0 0
1430346600 0 0 0 0
1430344800 0 0 0 0
1430343000 0 0 0 0
1430341200 0 0 0 0
1430339400 0 0 0 0
1430337600 0 0 0 0
1430335800 0 0 0 0
1430334000 0 0 0 0
1430332200 0 0 0 0
1430330400 0 0 0 0
1430328600 0 0 0 0
1430326800 0 0 0 0
1430325000 0 0 0 0
1430323200 0 0 0 0
1430321400 0 0 0 0
1430319600 0 0 0 0
1430317800 0 0 0 0
1430316000 0 0 0 0
1430314200 0 0 0 0
1430312400 0 0 0 0
1430310600 0 0 0 0
1430308800 0 0 0 0
1430307000 0 0 0 0
1430305200 0 0 0 0
1430303400 0 0 0 0
1430301600 0 0 0 0
1430299800 0 0 0 0
1430298000 0 0 0 0
1430296200 0 0 0 0
1430294400 0 0 0 0
1430292600 0 0 0 0
1430290800 0 0 0 0
1430289000 0 0 0 0
1430287200 0 0 0 0
1430285400 0 0 0 0
1430283600 0 0 0 0
1430281800 0 0 0 0
1430280000 0 0 0 0
1430278200 0 0 0 0
1430276400 0 0 0 0
1430274600 0 0 0 0
1430272800 0 0 0 0
1430271000 0 0 0 0
1430269200 0 0 0 0
1430267400 0 0 0 0
1430265600 0 0 0 0
1430263800 0 0 0 0
1430262000 0 0 0 0
1430260200 0 0 0 0
1430258400 0 0 0 0
1430256600 0 0 0 0
1430254800 0 0 0 0
1430253000 0 0 0 0
1430251200 0 0 0 0
1430249400 0 0 0 0
1430247600 0 0 0 0
1430245800 0 0 0 0
1430244000 0 0 0 0
1430242200 0 0 0 0
1430240400 0 0 0 0
1430238600 0 0 0 0
1430236800 0 0 0 0
1430235000 0 0 0 0
1430233200 0 0 0 0
1430231400 0 0 0 0
1430229600 0 0 0 0
1430227800 0 0 0 0
1430226000 0 0 0 0
1430224200 0 0 0 0
1430222400 0 0 0 0
1430220600 0 0 0 0
1430218800 0 0 0 0
1430217000 0 0 0 0
1430215200 0 0 0 0
1430213400 0 0 0 0
1430211600 0 0 0 0
1430209800 0 0 0 0
1430208000 0 0 0 0
1430206200 0 0 0 0
1430204400 0 0 0 0
1430202600 0 0 0 0
1430200800 0 0 0 0
1430199000 0 0 0 0
1430197200 0 0 0 0
1430195400 0 0 0 0
1430193600 0 0 0 0
1430191800 0 0 0 0
1430190000 0 0 0 0
1430188200 0 0 0 0
1430186400 0 0 0 0
1430184600 0 0 0 0
1430182800 0 0 0 0
1430181000 0 0 0 0
1430179200 0 0 0 0
1430177400 0 0 0 0
1430175600 0 0 0 0
1430173800 0 0 0 0
1430172000 0 0 0 0
1430170200 0 0 0 0
1430168400 0 0 0 0
1430166600 0 0 0 0
1430164800 0 0 0 0
1430163000 0 0 0 0
1430161200 0 0 0 0
1430159400 0 0 0 0
1430157600 0 0 0 0
1430155800 0 0 0 0
1430154000 0 0 0 0
1430152200 0 0 0 0
1430150400 0 0 0 0
1430148600 0 0 0 0
1430146800 0 0 0 0
1430145000 0 0 0 0
1430143200 0 0 0 0
1430141400 0 0 0 0
1430139600 0 0 0 0
1430137800 0 0 0 0
1430136000 0 0 0 0
1430134200 0 0 0 0
1430132400 0 0 0 0
1430130600 0 0 0 0
1430128800 0 0 0 0
1430127000 0 0 0 0
1430125200 0 0 0 0
1430123400 0 0 0 0
1430121600 0 0 0 0
1430119800 0 0 0 0
1430118000 0 0 0 0
1430116200 0 0 0 0
1430114400 0 0 0 0
1430112600 0 0 0 0
1430110800 0 0 0 0
1430109000 0 0 0 0
1430107200 0 0 0 0
1430105400 0 0 0 0
1430103600 0 0 0 0
1430101800 0 0 0 0
1430100000 0 0 0 0
1430098200 0 0 0 0
1430096400 0 0 0 0
1430094600 0 0 0 0
1430092800 0 0 0 0
1430091000 0 0 0 0
1430089200 0 0 0 0
1430087400 0 0 0 0
1430085600 0 0 0 0
1430083800 0 0 0 0
1430082000 0 0 0 0
1430080200 0 0 0 0
1430078400 0 0 0 0
1430076600 0 0 0 0
1430074800 0 0 0 0
1430073000 0 0 0 0
1430071200 0 0 0 0
1430069400 0 0 0 0
1430067600 0 0 0 0
1430065800 0 0 0 0
1430064000 0 0 0 0
1430062200 0 0 0 0
1430060400 0 0 0 0
1430058600 0 0 0 0
1430056800 0 0 0 0
1430055000 0 0 0 0
1430053200 0 0 0 0
1430051400 0 0 0 0
1430049600 0 0 0 0
1430047800 0 0 0 0
1430046000 0 0 0 0
1430044200 0 0 0 0
1430042400 0 0 0 0
1430040600 0 0 0 0
1430038800 0 0 0 0
1430037000 0 0 0 0
1430035200 0 0 0 0
1430033400 0 0 0 0
1430031600 0 0 0 0
1430029800 0 0 0 0
1430028000 0 0 0 0
1430026200 0 0 0 0
1430024400 0 0 0 0
1430022600 0 0 0 0
1430020800 0 0 0 0
1430019000 0 0 0 0
1430017200 0 0 0 0
1430015400 0 0 0 0
1430013600 0 0 0 0
1430011800 0 0 0 0
1430010000 0 0 0 0
1430008200 0 0 0 0
1430006400 0 0 0 0
1430004600 0 0 0 0
1430002800 0 0 0 0
1430001000 0 0 0 0
1429999200 0 0 0 0
1429997400 0 0 0 0
1429995600 0 0 0 0
1429993800 0 0 0 0
1429992000 0 0 0 0
1429990200 0 0 0 0
1429988400 0 0 0 0
1429986600 0 0 0 0
1429984800 0 0 0 0
1429983000 0 0 0 0
1429981200 0 0 0 0
1429979400 0 0 0 0
1429977600 0 0 0 0
1429975800 0 0 0 0
1429974000 0 0 0 0
1429972200 0 0 0 0
1429970400 0 0 0 0
1429968600 0 0 0 0
1429966800 0 0 0 0
1429965000 0 0 0 0
1429963200 0 0 0 0
1429961400 0 0 0 0
1429959600 0 0 0 0
1429957800 0 0 0 0
1429956000 0 0 0 0
1429954200 0 0 0 0
1429952400 0 0 0 0
1429950600 0 0 0 0
1429948800 0 0 0 0
1429947000 0 0 0 0
1429945200 0 0 0 0
1429943400 0 0 0 0
1429941600 0 0 0 0
1429939800 0 0 0 0
1429938000 0 0 0 0
1429936200 0 0 0 0
1429934400 0 0 0 0
1429932600 0 0 0 0
1429930800 0 0 0 0
1429929000 0 0 0 0
1429927200 0 0 0 0
1429925400 0 0 0 0
1429923600 0 0 0 0
1429921800 0 0 0 0
1429920000 0 0 0 0
1429918200 0 0 0 0
1429916400 0 0 0 0
1429912800 0 0 0 0
1429905600 0 0 0 0
1429898400 0 0 0 0
1429891200 0 0 0 0
1429884000 0 0 0 0
1429876800 0 0 0 0
1429869600 0 0 0 0
1429862400 0 0 0 0
1429855200 0 0 0 0
1429848000 0 0 0 0
1429840800 0 0 0 0
1429833600 0 0 0 0
1429826400 0 0 0 0
1429819200 0 0 0 0
1429812000 0 0 0 0
1429804800 0 0 0 0
1429797600 0 0 0 0
1429790400 0 0 0 0
1429783200 0 0 0 0
1429776000 0 0 0 0
1429768800 0 0 0 0
1429761600 0 0 0 0
1429754400 0 0 0 0
1429747200 0 0 0 0
1429740000 0 0 0 0
1429732800 0 0 0 0
1429725600 0 0 0 0
1429718400 0 0 0 0
1429711200 0 0 0 0
1429704000 0 0 0 0
1429696800 0 0 0 0
1429689600 0 0 0 0
1429682400 0 0 0 0
1429675200 0 0 0 0
1429668000 0 0 0 0
1429660800 0 0 0 0
1429653600 0 0 0 0
1429646400 0 0 0 0
1429639200 0 0 0 0
1429632000 0 0 0 0
1429624800 0 0 0 0
1429617600 0 0 0 0
1429610400 0 0 0 0
1429603200 0 0 0 0
1429596000 0 0 0 0
1429588800 0 0 0 0
1429581600 0 0 0 0
1429574400 0 0 0 0
1429567200 0 0 0 0
1429560000 0 0 0 0
1429552800 0 0 0 0
1429545600 0 0 0 0
1429538400 0 0 0 0
1429531200 0 0 0 0
1429524000 0 0 0 0
1429516800 0 0 0 0
1429509600 0 0 0 0
1429502400 0 0 0 0
1429495200 0 0 0 0
1429488000 0 0 0 0
1429480800 0 0 0 0
1429473600 0 0 0 0
1429466400 0 0 0 0
1429459200 0 0 0 0
1429452000 0 0 0 0
1429444800 0 0 0 0
1429437600 0 0 0 0
1429430400 0 0 0 0
1429423200 0 0 0 0
1429416000 0 0 0 0
1429408800 0 0 0 0
1429401600 0 0 0 0
1429394400 0 0 0 0
1429387200 0 0 0 0
1429380000 0 0 0 0
1429372800 0 0 0 0
1429365600 0 0 0 0
1429358400 0 0 0 0
1429351200 0 0 0 0
1429344000 0 0 0 0
1429336800 0 0 0 0
1429329600 0 0 0 0
1429322400 0 0 0 0
1429315200 0 0 0 0
1429308000 0 0 0 0
1429300800 0 0 0 0
1429293600 0 0 0 0
1429286400 0 0 0 0
1429279200 0 0 0 0
1429272000 0 0 0 0
1429264800 0 0 0 0
1429257600 0 0 0 0
1429250400 0 0 0 0
1429243200 0 0 0 0
1429236000 0 0 0 0
1429228800 0 0 0 0
1429221600 0 0 0 0
1429214400 0 0 0 0
1429207200 0 0 0 0
1429200000 0 0 0 0
1429192800 0 0 0 0
1429185600 0 0 0 0
1429178400 0 0 0 0
1429171200 0 0 0 0
1429164000 0 0 0 0
1429156800 0 0 0 0
1429149600 0 0 0 0
1429142400 0 0 0 0
1429135200 0 0 0 0
1429128000 0 0 0 0
1429120800 0 0 0 0
1429113600 0 0 0 0
1429106400 0 0 0 0
1429099200 0 0 0 0
1429092000 0 0 0 0
1429084800 0 0 0 0
1429077600 0 0 0 0
1429070400 0 0 0 0
1429063200 0 0 0 0
1429056000 0 0 0 0
1429048800 0 0 0 0
1429041600 0 0 0 0
1429034400 0 0 0 0
1429027200 0 0 0 0
1429020000 15 101 263 1757
1429012800 0 0 0 0
1429005600 0 0 0 0
1428998400 0 0 0 0
1428991200 0 0 0 0
1428984000 0 0 0 0
1428976800 0 0 0 0
1428969600 0 0 0 0
1428962400 0 0 0 0
1428955200 189 583 2551 3904
1428948000 227 1178 790 2767
1428940800 784 4642 9574 76343
1428933600 0 0 0 0
1428926400 0 0 0 0
1428919200 0 0 0 0
1428912000 0 0 0 0
1428904800 0 0 0 0
1428897600 0 0 0 0
1428890400 0 0 0 0
1428883200 0 0 0 0
1428876000 0 0 0 0
1428868800 0 0 0 0
1428861600 0 0 0 0
1428854400 0 0 0 0
1428847200 0 0 0 0
1428840000 0 0 0 0
1428832800 0 0 0 0
1428825600 0 0 0 0
1428818400 0 0 0 0
1428811200 0 0 0 0
1428804000 0 0 0 0
1428796800 0 0 0 0
1428789600 0 0 0 0
1428782400 0 0 0 0
1428775200 0 0 0 0
1428768000 0 0 0 0
1428760800 0 0 0 0
1428753600 0 0 0 0
1428746400 0 0 0 0
1428739200 0 0 0 0
1428732000 0 0 0 0
1428724800 0 0 0 0
1428717600 0 0 0 0
1428710400 0 0 0 0
1428703200 0 0 0 0
1428696000 0 0 0 0
1428688800 0 0 0 0
1428681600 0 0 0 0
1428674400 0 0 0 0
1428667200 0 0 0 0
1428660000 0 0 0 0
1428652800 0 0 0 0
1428645600 0 0 0 0
1428638400 0 0 0 0
1428631200 0 0 0 0
1428624000 0 0 0 0
1428616800 0 0 0 0
1428609600 0 0 0 0
1428602400 0 0 0 0
1428595200 0 0 0 0
1428588000 0 0 0 0
1428580800 0 0 0 0
1428573600 0 0 0 0
1428566400 0 0 0 0
1428559200 0 0 0 0
1428552000 495 2221 3585 29356
1428544800 1023 3405 4359 21278
1428537600 385 2150 4542 36362
1428530400 0 0 0 0
1428523200 0 0 0 0
1428516000 0 0 0 0
1428508800 0 0 0 0
1428501600 0 0 0 0
1428494400 0 0 0 0
1428487200 0 0 0 0
1428480000 0 0 0 0
1428472800 0 0 0 0
1428465600 0 0 0 0
1428458400 0 0 0 0
1428451200 0 0 0 0
1428444000 0 0 0 0
1428436800 0 0 0 0
1428429600 0 0 0 0
1428422400 0 0 0 0
1428415200 0 0 0 0
1428408000 0 0 0 0
1428400800 0 0 0 0
1428393600 0 0 0 0
1428386400 0 0 0 0
1428379200 0 0 0 0
1428372000 0 0 0 0
1428364800 0 0 0 0
1428357600 880 2589 8701 17789
1428350400 0 0 0 0
1428343200 0 0 0 0
1428336000 0 0 0 0
1428328800 0 0 0 0
1428321600 0 0 0 0
1428314400 0 0 0 0
1428307200 0 0 0 0
1428300000 0 0 0 0
1428292800 0 0 0 0
1428285600 0 0 0 0
1428278400 0 0 0 0
1428271200 0 0 0 0
1428264000 0 0 0 0
1428256800 0 0 0 0
1428249600 0 0 0 0
1428242400 0 0 0 0
1428235200 0 0 0 0
1428228000 0 0 0 0
1428220800 0 0 0 0
1428213600 0 0 0 0
1428206400 0 0 0 0
1428199200 0 0 0 0
1428192000 0 0 0 0
1428184800 0 0 0 0
1428177600 0 0 0 0
1428170400 0 0 0 0
1428163200 0 0 0 0
1428156000 0 0 0 0
1428148800 0 0 0 0
1428141600 0 0 0 0
1428134400 0 0 0 0
1428127200 0 0 0 0
1428120000 0 0 0 0
1428112800 0 0 0 0
1428105600 0 0 0 0
1428098400 0 0 0 0
1428091200 0 0 0 0
1428084000 0 0 0 0
1428076800 0 0 0 0
1428069600 0 0 0 0
1428062400 0 0 0 0
1428055200 0 0 0 0
1428048000 0 0 0 0
1428040800 0 0 0 0
1428033600 0 0 0 0
1428026400 0 0 0 0
1428019200 0 0 0 0
1428012000 0 0 0 0
1428004800 0 0 0 0
1427997600 0 0 0 0
1427990400 0 0 0 0
1427983200 0 0 0 0
1427976000 0 0 0 0
1427968800 0 0 0 0
1427961600 0 0 0 0
1427954400 0 0 0 0
1427947200 0 0 0 0
1427940000 0 0 0 0
1427932800 0 0 0 0
1427925600 0 0 0 0
1427918400 0 0 0 0
1427911200 0 0 0 0
1427904000 0 0 0 0
1427896800 0 0 0 0
1427889600 0 0 0 0
1427882400 0 0 0 0
1427875200 0 0 0 0
1427868000 0 0 0 0
1427860800 0 0 0 0
1427853600 0 0 0 0
1427846400 0 0 0 0
1427839200 0 0 0 0
1427832000 0 0 0 0
1427824800 0 0 0 0
1427817600 0 0 0 0
1427810400 0 0 0 0
1427803200 0 0 0 0
1427796000 0 0 0 0
1427788800 0 0 0 0
1427781600 0 0 0 0
1427774400 0 0 0 0
1427767200 0 0 0 0
1427760000 0 0 0 0
1427752800 0 0 0 0
1427745600 0 0 0 0
1427738400 0 0 0 0
1427731200 0 0 0 0
1427724000 1881 2906 21863 22303
1427716800 0 0 0 0
1427709600 0 0 0 0
1427702400 0 0 0 0
1427695200 0 0 0 0
1427688000 0 0 0 0
1427680800 0 0 0 0
1427673600 0 0 0 0
1427666400 0 0 0 0
1427659200 0 0 0 0
1427652000 0 0 0 0
1427644800 0 0 0 0
1427637600 0 0 0 0
1427630400 0 0 0 0
1427623200 0 0 0 0
1427616000 0 0 0 0
1427608800 0 0 0 0
1427601600 0 0 0 0
1427594400 0 0 0 0
1427587200 0 0 0 0
1427580000 0 0 0 0
1427572800 0 0 0 0
1427565600 0 0 0 0
1427558400 0 0 0 0
1427551200 0 0 0 0
1427544000 0 0 0 0
1427536800 0 0 0 0
1427529600 0 0 0 0
1427522400 0 0 0 0
1427515200 0 0 0 0
1427508000 0 0 0 0
1427500800 0 0 0 0
1427493600 0 0 0 0
1427486400 0 0 0 0
1427479200 0 0 0 0
1427472000 0 0 0 0
1427464800 0 0 0 0
1427457600 0 0 0 0
1427450400 0 0 0 0
1427443200 0 0 0 0
1427436000 0 0 0 0
1427428800 0 0 0 0
1427421600 0 0 0 0
1427414400 0 0 0 0
1427407200 0 0 0 0
1427400000 0 0 0 0
1427392800 0 0 0 0
1427385600 540 3401 4272 26063
1427378400 0 0 0 0
1427371200 0 0 0 0
1427364000 0 0 0 0
1427356800 0 0 0 0
1427349600 0 0 0 0
1427342400 0 0 0 0
1427335200 0 0 0 0
1427328000 0 0 0 0
1427320800 0 0 0 0
1427313600 0 0 0 0
1427306400 0 0 0 0
1427299200 0 0 0 0
1427292000 0 0 0 0
1427284800 0 0 0 0
1427277600 0 0 0 0
1427270400 0 0 0 0
1427263200 0 0 0 0
1427256000 0 0 0 0
1427248800 0 0 0 0
1427241600 0 0 0 0
1427234400 0 0 0 0
1427227200 0 0 0 0
1427220000 0 0 0 0
1427212800 0 0 0 0
1427205600 0 0 0 0
1427198400 0 0 0 0
1427191200 0 0 0 0
1427184000 0 0 0 0
1427176800 0 0 0 0
1427169600 0 0 0 0
1427162400 0 0 0 0
1427155200 0 0 0 0
1427148000 0 0 0 0
1427140800 0 0 0 0
1427133600 0 0 0 0
1427126400 0 0 0 0
1427119200 0 0 0 0
1427112000 0 0 0 0
1427104800 0 0 0 0
1427097600 0 0 0 0
1427090400 0 0 0 0
1427083200 0 0 0 0
1427076000 0 0 0 0
1427068800 0 0 0 0
1427061600 0 0 0 0
1427054400 0 0 0 0
1427047200 0 0 0 0
1427040000 0 0 0 0
1427032800 0 0 0 0
1427025600 0 0 0 0
1427018400 0 0 0 0
1427011200 0 0 0 0
1427004000 0 0 0 0
1426996800 0 0 0 0
1426989600 0 0 0 0
1426982400 0 0 0 0
1426975200 0 0 0 0
1426968000 0 0 0 0
1426960800 0 0 0 0
1426953600 0 0 0 0
1426946400 0 0 0 0
1426939200 0 0 0 0
1426932000 0 0 0 0
1426924800 0 0 0 0
1426917600 0 0 0 0
1426910400 16 33 349 846
1426903200 34 102 349 868
1426896000 0 0 0 0
1426888800 0 0 0 0
1426881600 0 0 0 0
1426874400 0 0 0 0
1426867200 397 571 3397 5095
1426860000 0 0 0 0
1426852800 0 0 0 0
1426845600 0 0 0 0
1426838400 0 0 0 0
1426831200 0 0 0 0
1426824000 1243 7146 8531 60807
1426816800 1227 6167 7585 34002
1426809600 1926 32570 7838 208474
1426802400 156 4972 3803 154912
1426795200 323 963 1213 3716
1426788000 201 378 3648 5423
1426780800 4782 2475 32893 14284
1426773600 794 1119 5506 4492
1426766400 0 0 0 0
1426759200 0 0 0 0
1426752000 0 0 0 0
1426744800 0 0 0 0
1426737600 0 0 0 0
1426730400 0 0 0 0
1426723200 0 0 0 0
1426716000 0 0 0 0
1426708800 0 0 0 0
1426701600 0 0 0 0
1426694400 0 0 0 0
1426687200 0 0 0 0
1426680000 0 0 0 0
1426672800 0 0 0 0
1426665600 0 0 0 0
1426658400 0 0 0 0
1426651200 0 0 0 0
1426644000 0 0 0 0
1426636800 0 0 0 0
1426629600 0 0 0 0
1426622400 0 0 0 0
1426615200 0 0 0 0
1426608000 0 0 0 0
1426600800 0 0 0 0
1426593600 0 0 0 0
1426586400 0 0 0 0
1426579200 0 0 0 0
1426572000 0 0 0 0
1426564800 0 0 0 0
1426557600 0 0 0 0
1426550400 0 0 0 0
1426543200 0 0 0 0
1426536000 0 0 0 0
1426528800 0 0 0 0
1426521600 0 0 0 0
1426514400 0 0 0 0
1426507200 0 0 0 0
1426500000 0 0 0 0
1426492800 0 0 0 0
1426485600 0 0 0 0
1426478400 0 0 0 0
1426471200 0 0 0 0
1426464000 0 0 0 0
1426456800 0 0 0 0
1426449600 0 0 0 0
1426442400 0 0 0 0
1426435200 0 0 0 0
1426428000 0 0 0 0
1426420800 0 0 0 0
1426413600 0 0 0 0
1426406400 0 0 0 0
1426399200 0 0 0 0
1426392000 0 0 0 0
1426384800 0 0 0 0
1426377600 0 0 0 0
1426370400 0 0 0 0
1426363200 0 0 0 0
1426356000 0 0 0 0
1426348800 0 0 0 0
1426341600 0 0 0 0
1426334400 0 0 0 0
1426327200 0 0 0 0
1426320000 0 0 0 0
1426312800 0 0 0 0
1426305600 0 0 0 0
1426298400 0 0 0 0
1426291200 0 0 0 0
1426284000 0 0 0 0
1426276800 0 0 0 0
1426269600 0 0 0 0
1426262400 0 0 0 0
1426255200 118 177 2850 4254
1426248000 0 0 0 0
1426240800 0 0 0 0
1426233600 0 0 0 0
1426226400 0 0 0 0
1426219200 0 0 0 0
1426212000 0 0 0 0
1426204800 0 0 0 0
1426197600 39 126 615 2016
1426190400 480 1239 7697 17183
1426183200 0 0 0 0
1426176000 0 0 0 0
1426168800 0 0 0 0
1426161600 0 0 0 0
1426154400 0 0 0 0
1426147200 0 0 0 0
1426140000 0 0 0 0
1426132800 0 0 0 0
1426125600 0 0 0 0
1426118400 0 0 0 0
1426111200 0 0 0 0
1426104000 0 0 0 0
1426096800 0 0 0 0
1426089600 0 0 0 0
1426082400 0 0 0 0
1426075200 0 0 0 0
1426068000 0 0 0 0
1426060800 0 0 0 0
1426053600 0 0 0 0
1426046400 0 0 0 0
1426039200 0 0 0 0
1426032000 0 0 0 0
1426024800 0 0 0 0
1426017600 0 0 0 0
1426010400 0 0 0 0
1426003200 0 0 0 0
1425996000 0 0 0 0
1425988800 0 0 0 0
1425981600 0 0 0 0
1425974400 0 0 0 0
1425967200 0 0 0 0
1425960000 0 0 0 0
1425952800 0 0 0 0
1425945600 0 0 0 0
1425938400 0 0 0 0
1425931200 169 832 681 3999
1425924000 247 482 2250 3640
1425916800 3891 4484 24638 52666
1425909600 0 0 0 0
1425902400 0 0 0 0
1425895200 0 0 0 0
1425888000 0 0 0 0
1425880800 0 0 0 0
1425873600 0 0 0 0
1425866400 0 0 0 0
1425859200 0 0 0 0
1425852000 0 0 0 0
1425844800 0 0 0 0
1425837600 0 0 0 0
1425830400 0 0 0 0
1425823200 0 0 0 0
1425816000 0 0 0 0
1425808800 0 0 0 0
1425801600 0 0 0 0
1425794400 0 0 0 0
1425787200 0 0 0 0
1425780000 0 0 0 0
1425772800 0 0 0 0
1425765600 0 0 0 0
1425758400 0 0 0 0
1425751200 0 0 0 0
1425744000 0 0 0 0
1425736800 0 0 0 0
1425729600 0 0 0 0
1425722400 0 0 0 0
1425715200 0 0 0 0
1425708000 0 0 0 0
1425700800 0 0 0 0
1425693600 0 0 0 0
1425686400 0 0 0 0
1425679200 0 0 0 0
1425672000 0 0 0 0
1425664800 0 0 0 0
1425657600 0 0 0 0
1425650400 0 0 0 0
1425643200 0 0 0 0
1425636000 0 0 0 0
1425628800 0 0 0 0
1425621600 0 0 0 0
1425614400 0 0 0 0
1425607200 0 0 0 0
1425600000 0 0 0 0
1425592800 0 0 0 0
1425513600 0 0 0 0
1425427200 18 32 3857 4751
1425340800 88 789 3031 36352
1425254400 0 0 0 0
1425168000 0 0 0 0
1425081600 0 0 0 0
1424995200 0 0 0 0
1424908800 0 0 0 0
1424822400 0 0 0 0
1424736000 0 0 0 0
1424649600 0 0 0 0
1424563200 0 0 0 0
1424476800 0 0 0 0
1424390400 0 0 0 0
1424304000 0 0 0 0
1424217600 0 0 0 0
1424131200 0 0 0 0
1424044800 0 0 0 0
1423958400 0 0 0 0
1423872000 0 0 0 0
1423785600 0 0 0 0
1423699200 0 0 0 0
1423612800 0 0 0 0
1423526400 0 0 0 0
1423440000 0 0 0 0
1423353600 0 0 0 0
1423267200 0 0 0 0
1423180800 0 0 0 0
1423094400 0 0 0 0
1423008000 0 0 0 0
1422921600 0 0 0 0
1422835200 0 0 0 0
1422748800 0 0 0 0
1422662400 0 0 0 0
1422576000 0 0 0 0
1422489600 0 0 0 0
1422403200 0 0 0 0
1422316800 0 0 0 0
1422230400 0 0 0 0
1422144000 0 0 0 0
1422057600 0 0 0 0
1421971200 0 0 0 0
1421884800 0 0 0 0
1421798400 0 0 0 0
1421712000 0 0 0 0
1421625600 0 0 0 0
1421539200 0 0 0 0
1421452800 0 0 0 0
1421366400 0 0 0 0
1421280000 0 0 0 0
1421193600 0 0 0 0
1421107200 0 0 0 0
1421020800 0 0 0 0
1420934400 0 0 0 0
1420848000 0 0 0 0
1420761600 0 0 0 0
1420675200 0 0 0 0
1420588800 0 0 0 0
1420502400 0 0 0 0
1420416000 0 0 0 0
1420329600 0 0 0 0
1420243200 0 0 0 0
1420156800 0 0 0 0
1420070400 0 0 0 0
1419984000 0 0 0 0
1419897600 0 0 0 0
1419811200 0 0 0 0
1419724800 0 0 0 0
1419638400 0 0 0 0
1419552000 0 0 0 0
1419465600 0 0 0 0
1419379200 0 0 0 0
1419292800 0 0 0 0
1419206400 0 0 0 0
1419120000 0 0 0 0
1419033600 0 0 0 0
1418947200 0 0 0 0
1418860800 0 0 0 0
1418774400 0 0 0 0
1418688000 0 0 0 0
1418601600 0 0 0 0
1418515200 0 0 0 0
1418428800 0 0 0 0
1418342400 0 0 0 0
1418256000 0 0 0 0
1418169600 0 0 0 0
1418083200 0 0 0 0
1417996800 0 0 0 0
1417910400 0 0 0 0
1417824000 0 0 0 0
1417737600 0 0 0 0
1417651200 0 0 0 0
1417564800 0 0 0 0
1417478400 0 0 0 0
1417392000 0 0 0 0
1417305600 0 0 0 0
1417219200 0 0 0 0
1417132800 0 0 0 0
1417046400 0 0 0 0
1416960000 0 0 0 0
1416873600 0 0 0 0
1416787200 0 0 0 0
1416700800 0 0 0 0
1416614400 0 0 0 0
1416528000 0 0 0 0
1416441600 0 0 0 0
1416355200 0 0 0 0
1416268800 0 0 0 0
1416182400 0 0 0 0
1416096000 0 0 0 0
1416009600 0 0 0 0
1415923200 0 0 0 0
1415836800 0 0 0 0
1415750400 0 0 0 0
1415664000 0 0 0 0
1415577600 0 0 0 0
1415491200 0 0 0 0
1415404800 0 0 0 0
1415318400 0 0 0 0
1415232000 18 37 3228 4275
1415145600 0 0 0 0
1415059200 19 64 1995 4288
1414972800 0 0 0 0
1414886400 0 0 0 0
1414800000 59 142 10310 14565
1414713600 60 243 4249 11258
1414627200 130 544 11350 46217
1414540800 0 0 70 58
1414454400 35 74 4924 8425
1414368000 0 0 0 0
1414281600 0 0 0 0
1414195200 0 0 0 0
1414108800 265 1096 14894 108534
1414022400 13 26 2133 2872
1413936000 0 0 0 0
1413849600 0 0 0 0
1413763200 0 0 0 0
1413676800 0 0 0 0
1413590400 0 0 0 0
1413504000 0 0 0 0
1413417600 0 0 0 0
1413331200 0 0 0 0
1413244800 0 0 0 0
1413158400 0 0 0 0
1413072000 0 0 0 0
1412985600 0 0 0 0
1412899200 100 183 7347 9944
1412812800 0 0 0 0
1412726400 0 0 0 0
1412640000 0 0 0 0
1412553600 0 0 0 0
1412467200 0 0 0 0
1412380800 0 0 0 0
1412294400 0 0 0 0
1412208000 0 0 0 0
1412121600 0 0 0 0
1412035200 0 0 0 0
1411948800 0 0 0 0
1411862400 0 0 0 0
1411776000 0 0 0 0
1411689600 0 0 0 0
1411603200 0 0 0 0
1411516800 0 0 0 0
1411430400 0 0 0 0
1411344000 0 0 0 0
1411257600 0 0 0 0
1411171200 0 0 0 0
1411084800 0 0 0 0
1410998400 0 0 0 0
1410912000 0 0 0 0
1410825600 0 0 0 0
1410739200 0 0 0 0
1410652800 0 0 0 0
1410566400 0 0 0 0
1410480000 0 0 0 0
1410393600 0 0 0 0
1410307200 0 0 0 0
1410220800 0 0 0 0
1410134400 0 0 0 0
1410048000 0 0 0 0
1409961600 0 0 0 0
1409875200 0 0 0 0
1409788800 0 0 0 0
1409702400 0 0 0 0
1409616000 0 0 0 0
1409529600 0 0 0 0
1409443200 0 0 0 0
1409356800 0 0 0 0
1409270400 0 0 0 0
1409184000 0 0 0 0
1409097600 0 0 0 0
1409011200 0 0 0 0
1408924800 0 0 0 0
1408838400 0 0 0 0
1408752000 0 0 0 0
1408665600 0 0 0 0
1408579200 0 0 0 0
1408492800 0 0 0 0
1408406400 0 0 0 0
1408320000 0 0 0 0
1408233600 0 0 0 0
1408147200 119 257 2743 7084
1408060800 221 639 7784 27430
1407974400 439 6567 18455 582856
1407888000 29 54 5289 7854
1407801600 121 284 6733 9232
1407715200 0 0 0 0
1407628800 0 0 0 0
1407542400 362 115 75226 10473
1407456000 628 456 40402 21267
1407369600 480 765 67550 20678
1407283200 19 115 2607 12044
1407196800 0 0 0 0
1407110400 0 0 0 0
1407024000 0 0 0 0
1406937600 550 474 68105 13075
1406851200 146 260 10524 10504
1406764800 251 3148 13238 432391
1406678400 449 605 81286 76264
1406592000 70 250 3363 16862
1406505600 0 0 0 0
1406419200 0 0 0 0
1406332800 0 0 0 0
1406246400 0 0 0 0
1406160000 43 315 4066 40024
1406073600 567 3792 59224 325858
1405987200 0 0 0 0
1405900800 0 0 0 0
1405814400 0 0 0 0
1405728000 27 51 6028 9928
1405641600 789 608 56432 28406
1405555200 186 1169 19708 124490
1405468800 260 495 11630 22520
1405382400 1386 413 59587 20646
1405296000 0 0 0 0
1405209600 0 0 0 0
1405123200 0 0 0 0
1405036800 1465 1861 11164 12231
1404950400 745 1216 11164 12034
1404864000 654 1116 11163 11693
1404777600 314 678 11127 12031
1404691200 13 185 15 274
1404604800 13 183 15 245
1404518400 13 369 19 1228
1404432000 13 403 16 1240
1404345600 13 387 16 1104
1404259200 1522 1735 11131 11505
1404172800 524 804 11162 11633
1404086400 13 204 19 257
1404000000 13 206 15 303
1403913600 1317 1579 11163 11946
1403827200 1018 1543 11204 16926
1403740800 1157 1726 11164 12342
1403654400 992 1539 11164 12608
1403568000 2094 2564 11168 12400
1403481600 13 223 25 520
1403395200 10 226 38 315
1403308800 1037 1641 11161 12279
1403222400 1800 2425 11126 13382
1403136000 2156 2750 11162 12049
1403049600 439 1034 11161 11958
1402963200 1248 1812 11161 12283
1402876800 9 490 38 808
1402790400 9 407 12 687
1402704000 1646 2177 11168 12113
1402617600 1914 2531 11160 12244
1402531200 9 514 13 1001
1402444800 1507 2037 11125 12861
1402358400 414 1000 11160 12231
1402272000 9 452 12 859
1402185600 9 453 12 712
1402099200 9 459 12 1586
1402012800 663 1081 11161 11956
1401926400 900 1300 11160 12038
1401840000 11 400 1148 1188
1401753600 940 1324 11162 11969
1401667200 9 180 12 216
1401580800 9 180 12 261
1401494400 592 1128 11160 12260
1401408000 1207 1683 11161 12782
1401321600 264 773 11125 12085
1401235200 1274 1828 11161 12588
1401148800 444 940 11160 12087
1401062400 9 334 13 413
1400976000 9 334 12 451
1400889600 1035 1392 11160 12076
1400803200 2071 2403 11164 11967
1400716800 798 1115 11160 11716
1400630400 1362 1764 11161 12106
1400544000 9 215 12 310
1400457600 9 212 13 247
1400371200 9 206 12 517
1400284800 976 1475 11124 12119
1400198400 8 346 21 933
1400112000 532 939 11163 11962
1400025600 531 1049 11128 12208
1399939200 1103 1619 11164 12290
1399852800 13 392 140 823
1399766400 13 392 15 484
1399680000 899 1323 11164 11904
1399593600 13 518 16 1280
1399507200 551 962 11127 11813
1399420800 679 1080 11164 12159
1399334400 1133 1418 11164 12185
1399248000 13 175 16 227
1399161600 13 194 15 478
1399075200 13 462 16 1772
1398988800 1390 1858 11164 12043
1398902400 96 584 11126 11565
1398816000 328 922 11164 11988
1398729600 1626 2034 11164 11985
1398643200 13 228 25 653
1398556800 13 237 16 587
1398470400 1098 1509 11163 11926
1398384000 1231 1667 11164 11876
1398297600 728 1168 11164 11940
1398211200 799 1374 11164 12206
1398124800 1431 1885 11164 12206
1398038400 13 228 15 565
1397952000 13 232 25 572
1397865600 13 229 15 398
1397779200 1333 1814 11164 12355
1397692800 2243 2690 11164 12248
1397606400 845 1369 11163 12793
1397520000 957 1314 11164 11882
1397433600 13 193 16 387
1397347200 13 196 16 336
1397260800 2015 2438 11164 12041
1397174400 1065 1407 11164 11814
1397088000 271 535 11127 11517
1397001600 178 576 11163 11584
1396915200 14 416 14 416
1396828800 14 416 14 416
1396742400 14 416 14 416
1396656000 13 404 14 624
1396569600 330 840 11164 12301
1396483200 356 874 11164 11905
1396396800 888 1462 11163 12444
1396310400 393 857 11163 11711
1396224000 13 349 15 994
1396137600 10 270 75 688
1396051200 446 873 11160 11653
1395964800 1199 1545 11160 12080
1395878400 263 720 11124 11750
1395792000 593 1172 11160 12314
1395705600 541 990 11161 11772
1395619200 9 206 12 335
1395532800 9 215 12 513
1395446400 1443 1914 11160 12048
1395360000 9 415 70 1087
1395273600 9 444 25 1344
1395187200 512 1000 11160 17315
1395100800 1197 1700 11161 12147
1395014400 9 277 12 843
1394928000 9 277 12 871
1394841600 1028 1419 11161 11904
1394755200 261 550 11161 11499
1394668800 324 651 11161 11947
1394582400 222 529 11160 11821
1394496000 1646 1949 11161 11744
1394409600 9 161 13 303
1394323200 9 159 12 265
1394236800 1066 1442 11161 12302
1394150400 437 875 11163 12456
1394064000 828 1146 11164 12051
1393977600 664 960 11164 11776
1393891200 296 1527 11128 12492
1393804800 13 1188 36 1793
1393718400 13 1173 16 1852
1393632000 1322 2140 11164 13111
1393545600 1624 2098 11171 12115
1393459200 798 1372 11163 12149
1393372800 915 1296 11165 11996
1393286400 638 1036 11163 11817
1393200000 13 366 16 897
1393113600 13 306 27 856
1393027200 867 1300 11127 11991
1392940800 611 1121 11164 11749
1392854400 840 1251 11164 11866
1392768000 343 678 11163 11560
1392681600 13 175 15 243
1392595200 13 180 107 352
1392508800 13 246 16 1019
1392422400 886 1369 11164 11986
1392336000 1967 2404 11165 12047
1392249600 179 561 11164 11802
1392163200 1520 1920 11164 11974
1392076800 717 1004 11164 11652
1391990400 13 204 16 396
1391904000 13 198 15 456
1391817600 642 1078 11163 11872
1391731200 13 402 15 1387
1391644800 933 1299 11163 11756
1391558400 53 426 9785 10108
1391472000 650 974 11164 11684
1391385600 13 207 15 278
1391299200 13 211 30 382
1391212800 282 556 11164 11843
1391126400 842 1122 11164 11792
1391040000 1563 1831 11164 11792
1390953600 13 244 16 729
1390867200 367 569 11163 11733
1390780800 13 146 15 181
1390694400 43 168 188 285
1390608000 15 199 187 549
1390521600 13 245 16 890
1390435200 285 541 11127 11506
1390348800 13 303 16 1136
1390262400 596 895 11127 12450
1390176000 13 187 15 441
1390089600 13 187 15 377
1390003200 420 790 11163 12041
1389916800 13 291 15 1188
1389830400 322 717 11163 11599
1389744000 13 441 38 2050
1389657600 716 1107 11165 11753
1389571200 13 305 15 922
1389484800 13 284 15 770
1389398400 478 951 11164 11920
1389312000 480 1064 11164 12174
1389225600 69 602 9995 10706
1389139200 221 696 11162 12385
1389052800 1232 1691 11165 12658
1388966400 13 276 15 637
1388880000 13 279 16 701
1388793600 249 553 11164 11474
1388707200 13 335 16 1231
1388620800 13 241 15 353
1388534400 13 278 16 635
1388448000 13 255 16 793
1388361600 13 174 15 243
1388275200 13 175 15 209
1388188800 13 221 75 594
1388102400 13 176 16 218
1388016000 13 175 15 287
1387929600 13 175 72 227
1387843200 174 411 11126 11373
1387756800 13 221 16 262
1387670400 13 222 16 268
1387584000 1418 1765 11164 11974
1387497600 667 1277 11164 11961
1387411200 695 1150 11164 12130
1387324800 599 1071 11164 12419
1387238400 748 1132 11164 12456
1387152000 13 214 19 437
1387065600 13 193 16 247
1386979200 172 538 11164 11578
1386892800 1080 1551 11164 12146
1386806400 946 1382 11164 11953
1386720000 1348 1766 11164 12442
1386633600 622 1044 11164 12004
1386547200 13 329 16 896
1386460800 13 289 15 678
1386374400 653 1056 11163 11670
1386288000 627 1127 11164 12170
1386201600 1826 2235 11164 12035
1386115200 471 872 11163 11904
1386028800 13 339 16 902
1385942400 13 322 15 908
1385856000 13 349 16 938
1385769600 838 1237 11164 12031
1385683200 251 670 11163 12342
1385596800 596 1043 11166 12092
1385510400 1220 1701 11164 11890
1385424000 763 1218 11163 12160
1385337600 13 310 15 785
1385251200 13 275 16 654
1385164800 505 802 11164 11479
1385078400 179 488 11126 11458
1384992000 13 323 16 698
1384905600 1302 1705 11164 11865
1384819200 869 1438 11163 12033
1384732800 13 472 15 967
1384646400 13 433 16 1481
1384560000 1211 1616 11163 11696
1384473600 796 1168 11164 12201
1384387200 235 589 11163 11635
1384300800 475 846 11163 11857
1384214400 13 363 28 810
1384128000 11 274 27 686
1384041600 9 283 12 639
1383955200 235 606 11161 11695
1383868800 719 1150 11161 11814
1383782400 1128 1543 11161 12213
1383696000 1251 1725 11161 11902
1383609600 410 850 11160 12542
1383523200 9 269 12 858
1383436800 9 260 12 445
1383350400 429 882 11161 11837
1383264000 459 845 11124 11795
1383177600 9 361 13 1587
1383091200 9 351 12 1148
1383004800 9 406 19 1146
1382918400 9 275 12 699
1382832000 9 287 12 666
1382745600 1026 1479 11161 11987
1382659200 9 540 12 1272
1382572800 116 656 11123 11702
1382486400 471 965 11160 11839
1382400000 9 463 12 1639
1382313600 9 195 12 232
1382227200 9 196 13 231
1382140800 434 1036 11161 13615
1382054400 0 87 25 759
1381968000 0 0 0 0
1381881600 137 11 39661 2908
1381795200 0 0 0 0
1381708800 0 0 0 0
1381622400 0 0 0 0
1381536000 50 689 4227 153822
1381449600 0 0 0 0
1381363200 0 0 0 0
1381276800 0 0 0 0
1381190400 0 0 0 0
1381104000 0 0 0 0
1381017600 0 0 0 0
1380931200 0 0 0 0
1380844800 0 0 0 0
1380758400 0 0 0 0
1380672000 0 0 0 0
1380585600 0 0 0 0
1380499200 0 0 0 0
1380412800 0 0 0 0
1380326400 0 0 0 0
1380240000 0 0 0 0
1380153600 0 0 0 0
1380067200 0 0 0 0
1379980800 0 0 0 0
1379894400 0 0 0 0
1379808000 0 0 0 0
1379721600 0 0 0 0
1379635200 0 0 0 0
1379548800 0 0 0 0
1379462400 0 0 0 0
1379376000 0 3 433 1304
1379289600 0 0 0 0
1379203200 0 0 0 0
1379116800 0 0 0 0
1379030400 0 0 0 0
1378944000 0 0 0 0
1378857600 0 0 0 0
1378771200 0 0 0 0
1378684800 0 0 0 0
1378598400 0 0 0 0
1378512000 0 0 0 0
1378425600 0 0 0 0
1378339200 0 0 0 0
1378252800 0 0 0 0
1378166400 0 0 0 0
1378080000 0 0 0 0
1377993600 0 0 0 0
1377907200 0 0 0 0
1377820800 0 0 0 0
1377734400 0 0 0 0
1377648000 0 0 0 0
1377561600 0 0 0 0
1377475200 0 0 0 0
1377388800 0 0 0 0
1377302400 0 0 0 0
1377216000 0 0 0 0
1377129600 0 0 0 0
1377043200 0 0 0 0
1376956800 0 0 0 0
1376870400 0 0 0 0
1376784000 0 0 0 0
1376697600 0 0 0 0
1376611200 0 0 0 0
1376524800 0 0 0 0
1376438400 0 0 0 0
1376352000 0 0 0 0
1376265600 0 0 0 0
1376179200 0 0 0 0
1376092800 0 0 0 0
1376006400 0 0 0 0
1375920000 0 0 0 0
1375833600 0 0 0 0
1375747200 0 0 0 0
1375660800 0 0 0 0
1375574400 0 0 0 0
1375488000 0 0 0 0
1375401600 0 0 0 0
1375315200 0 0 0 0
1375228800 0 0 0 0
1375142400 0 0 0 0
1375056000 0 0 0 0
1374969600 0 0 0 0
1374883200 0 0 0 0
1374796800 0 0 0 0
1374710400 0 0 0 0
1374624000 0 0 0 0
1374537600 0 0 0 0
1374451200 0 0 0 0
1374364800 0 0 0 0
1374278400 0 0 0 0
1374192000 0 0 0 0
1374105600 0 0 0 0
1374019200 0 0 0 0
1373932800 0 0 0 0
1373846400 0 0 0 0
1373760000 0 0 0 0
1373673600 0 0 0 0
1373587200 0 0 0 0
1373500800 0 0 0 0
1373414400 0 0 0 0
1373328000 0 0 0 0
1373241600 0 0 0 0
1373155200 0 0 0 0
1373068800 0 0 0 0
1372982400 0 0 0 0
1372896000 0 0 0 0
1372809600 0 0 0 0
1372723200 0 0 0 0
1372636800 0 0 0 0
1372550400 0 0 0 0
1372464000 0 0 0 0
1372377600 0 0 0 0
1372291200 0 0 0 0
1372204800 0 0 0 0
1372118400 0 0 0 0
1372032000 0 0 0 0
1371945600 0 0 0 0
1371859200 0 0 0 0
1371772800 0 0 0 0
1371686400 0 0 0 0
1371600000 0 0 0 0
1371513600 0 0 0 0
1371427200 0 0 0 0
1371340800 0 0 0 0
1371254400 0 0 0 0
1371168000 0 0 0 0
1371081600 0 0 0 0
1370995200 0 0 0 0
1370908800 0 0 0 0
1370822400 0 0 0 0
1370736000 0 0 0 0
1370649600 0 0 0 0
1370563200 0 0 0 0
1370476800 0 0 0 0
1370390400 0 0 0 0
1370304000 0 0 0 0
1370217600 0 0 0 0
1370131200 0 0 0 0
1370044800 0 0 0 0
1369958400 0 0 0 0
1369872000 0 0 0 0
1369785600 0 0 0 0
1369699200 0 0 0 0
1369612800 0 0 0 0
1369526400 0 0 0 0
1369440000 0 0 0 0
1369353600 0 0 0 0
1369267200 0 0 0 0
1369180800 0 0 0 0
1369094400 0 0 0 0
1369008000 0 0 0 0
1368921600 0 0 0 0
1368835200 0 0 0 0
1368748800 0 0 0 0
1368662400 0 0 0 0
1368576000 0 0 0 0
1368489600 0 0 0 0
1368403200 0 0 0 0
1368316800 0 0 0 0
1368230400 0 0 0 0
1368144000 0 0 0 0
1368057600 0 0 0 0
1367971200 0 0 0 0
1367884800 0 0 0 0
1367798400 0 0 0 0
1367712000 0 0 0 0
1367625600 0 0 0 0
1367539200 0 0 0 0
1367452800 0 0 0 0
1367366400 0 0 0 0
1367280000 0 0 0 0
1367193600 0 0 0 0
1367107200 0 0 0 0
1367020800 0 0 0 0
1366934400 0 0 0 0
1366848000 0 0 0 0
1366761600 0 0 0 0
1366675200 0 0 0 0
1366588800 0 0 0 0
1366502400 0 0 0 0
1366416000 0 0 0 0
1366329600 0 0 0 0
1366243200 0 0 0 0
1366156800 0 0 0 0
1366070400 0 0 0 0
1365984000 0 0 0 0
1365897600 0 0 0 0
1365811200 0 0 0 0
1365724800 0 0 0 0
1365638400 0 0 0 0
1365552000 0 0 0 0
1365465600 0 0 0 0
1365379200 0 0 0 0
1365292800 0 0 0 0
1365206400 0 0 0 0
1365120000 0 0 0 0
1365033600 0 0 0 0
1364947200 0 0 0 0
1364860800 0 0 0 0
1364774400 0 0 0 0
1364688000 0 0 0 0
1364601600 0 0 0 0
1364515200 0 0 0 0
1364428800 0 0 0 0
1364342400 0 0 0 0
1364256000 0 0 0 0
1364169600 0 0 0 0
1364083200 0 0 0 0
1363996800 0 0 0 0
1363910400 0 0 0 0
1363824000 0 0 0 0
1363737600 0 0 0 0
1363651200 0 0 0 0
1363564800 0 0 0 0
1363478400 0 0 0 0
1363392000 0 0 0 0
1363305600 0 0 0 0
1363219200 0 0 0 0
1363132800 0 0 0 0
1363046400 0 0 0 0
1362960000 0 0 0 0
1362873600 0 0 0 0
1362787200 0 0 0 0
1362700800 0 0 0 0
1362614400 0 0 0 0
1362528000 0 0 0 0
1362441600 0 0 0 0
1362355200 0 0 0 0
