1431190809 0 0
1431190809 0 0 0 0
1431176643 0 0 0 0
1431176400 0 0 0 0
1431176100 0 0 0 0
1431175800 0 0 0 0
1431175500 0 0 0 0
1431175200 0 0 0 0
1431174900 0 0 0 0
1431174600 0 0 0 0
1431174300 0 0 0 0
1431174000 0 0 0 0
1431173700 0 0 0 0
1431173400 0 0 0 0
1431173100 0 0 0 0
1431172800 0 0 0 0
1431172500 0 0 0 0
1431172200 0 0 0 0
1431171900 0 0 0 0
1431171600 0 0 0 0
1431171300 0 0 0 0
1431171000 0 0 0 0
1431170700 0 0 0 0
1431170400 0 0 0 0
1431170100 0 0 0 0
1431169800 0 0 0 0
1431169500 0 0 0 0
1431169200 0 0 0 0
1431168900 0 0 0 0
1431168600 0 0 0 0
1431168300 0 0 0 0
1431168000 0 0 0 0
1431167700 0 0 0 0
1431167400 0 0 0 0
1431167100 0 0 0 0
1431166800 0 0 0 0
1431166500 0 0 0 0
1431166200 0 0 0 0
1431165900 0 0 0 0
1431165600 0 0 0 0
1431165300 0 0 0 0
1431165000 0 0 0 0
1431164700 0 0 0 0
1431164400 0 0 0 0
1431164100 0 0 0 0
1431163800 0 0 0 0
1431163500 0 0 0 0
1431163200 0 0 0 0
1431162900 0 0 0 0
1431162600 0 0 0 0
1431162300 0 0 0 0
1431162000 0 0 0 0
1431161700 0 0 0 0
1431161400 0 0 0 0
1431161100 0 0 0 0
1431160800 0 0 0 0
1431160500 0 0 0 0
1431160200 0 0 0 0
1431159900 0 0 0 0
1431159600 0 0 0 0
1431159300 0 0 0 0
1431159000 0 0 0 0
1431158700 0 0 0 0
1431158400 0 0 0 0
1431158100 0 0 0 0
1431157800 0 0 0 0
1431157500 0 0 0 0
1431157200 0 0 0 0
1431156900 0 0 0 0
1431156600 0 0 0 0
1431156300 0 0 0 0
1431156000 0 0 0 0
1431155700 0 0 0 0
1431155400 0 0 0 0
1431155100 0 0 0 0
1431154800 0 0 0 0
1431154500 0 0 0 0
1431154200 0 0 0 0
1431153900 0 0 0 0
1431153600 0 0 0 0
1431153300 0 0 0 0
1431153000 0 0 0 0
1431152700 0 0 0 0
1431152400 0 0 0 0
1431152100 0 0 0 0
1431151800 0 0 0 0
1431151500 0 0 0 0
1431151200 0 0 0 0
1431150900 0 0 0 0
1431150600 0 0 0 0
1431150300 0 0 0 0
1431150000 0 0 0 0
1431149700 0 0 0 0
1431149400 0 0 0 0
1431149100 0 0 0 0
1431148800 0 0 0 0
1431148500 0 0 0 0
1431148200 0 0 0 0
1431147900 0 0 0 0
1431147600 0 0 0 0
1431147300 0 0 0 0
1431147000 0 0 0 0
1431146700 0 0 0 0
1431146400 0 0 0 0
1431146100 0 0 0 0
1431145800 0 0 0 0
1431145500 0 0 0 0
1431145200 0 0 0 0
1431144900 0 0 0 0
1431144600 0 0 0 0
1431144300 0 0 0 0
1431144000 0 0 0 0
1431143700 0 0 0 0
1431143400 0 0 0 0
1431143100 0 0 0 0
1431142800 0 0 0 0
1431142500 0 0 0 0
1431142200 0 0 0 0
1431141900 0 0 0 0
1431141600 0 0 0 0
1431141300 0 0 0 0
1431141000 0 0 0 0
1431140700 0 0 0 0
1431140400 0 0 0 0
1431140100 0 0 0 0
1431139800 0 0 0 0
1431139500 0 0 0 0
1431139200 0 0 0 0
1431138900 0 0 0 0
1431138600 0 0 0 0
1431138300 0 0 0 0
1431138000 0 0 0 0
1431137700 0 0 0 0
1431137400 0 0 0 0
1431137100 0 0 0 0
1431136800 0 0 0 0
1431136500 0 0 0 0
1431136200 0 0 0 0
1431135900 0 0 0 0
1431135600 0 0 0 0
1431135300 0 0 0 0
1431135000 0 0 0 0
1431134700 0 0 0 0
1431134400 0 0 0 0
1431134100 0 0 0 0
1431133800 0 0 0 0
1431133500 0 0 0 0
1431133200 0 0 0 0
1431132900 0 0 0 0
1431132600 0 0 0 0
1431132300 0 0 0 0
1431132000 0 0 0 0
1431131700 0 0 0 0
1431131400 0 0 0 0
1431131100 0 0 0 0
1431130800 0 0 0 0
1431130500 0 0 0 0
1431130200 0 0 0 0
1431129900 0 0 0 0
1431129600 0 0 0 0
1431129300 0 0 0 0
1431129000 0 0 0 0
1431128700 0 0 0 0
1431128400 0 0 0 0
1431128100 0 0 0 0
1431127800 0 0 0 0
1431127500 0 0 0 0
1431127200 0 0 0 0
1431126900 0 0 0 0
1431126600 0 0 0 0
1431126300 0 0 0 0
1431126000 0 0 0 0
1431125700 0 0 0 0
1431125400 0 0 0 0
1431125100 0 0 0 0
1431124800 0 0 0 0
1431124500 0 0 0 0
1431124200 0 0 0 0
1431123900 0 0 0 0
1431123600 0 0 0 0
1431123300 0 0 0 0
1431123000 0 0 0 0
1431122700 0 0 0 0
1431122400 0 0 0 0
1431122100 0 0 0 0
1431121800 0 0 0 0
1431121500 0 0 0 0
1431121200 0 0 0 0
1431120900 0 0 0 0
1431120600 0 0 0 0
1431120300 0 0 0 0
1431120000 0 0 0 0
1431119700 0 0 0 0
1431119400 0 0 0 0
1431119100 0 0 0 0
1431118800 0 0 0 0
1431118500 0 0 0 0
1431118200 0 0 0 0
1431117900 0 0 0 0
1431117600 0 0 0 0
1431117300 0 0 0 0
1431117000 0 0 0 0
1431116700 0 0 0 0
1431116400 0 0 0 0
1431116100 0 0 0 0
1431115800 0 0 0 0
1431115500 0 0 0 0
1431115200 0 0 0 0
1431114900 0 0 0 0
1431114600 0 0 0 0
1431114300 0 0 0 0
1431114000 0 0 0 0
1431113700 0 0 0 0
1431113400 0 0 0 0
1431113100 0 0 0 0
1431112800 0 0 0 0
1431112500 0 0 0 0
1431112200 0 0 0 0
1431111900 0 0 0 0
1431111600 0 0 0 0
1431111300 0 0 0 0
1431111000 0 0 0 0
1431110700 0 0 0 0
1431110400 0 0 0 0
1431110100 0 0 0 0
1431109800 0 0 0 0
1431109500 0 0 0 0
1431109200 0 0 0 0
1431108900 0 0 0 0
1431108600 0 0 0 0
1431108300 0 0 0 0
1431108000 0 0 0 0
1431107700 0 0 0 0
1431107400 0 0 0 0
1431107100 0 0 0 0
1431106800 0 0 0 0
1431106500 0 0 0 0
1431106200 0 0 0 0
1431105900 0 0 0 0
1431105600 0 0 0 0
1431105300 0 0 0 0
1431105000 0 0 0 0
1431104700 0 0 0 0
1431104400 0 0 0 0
1431104100 0 0 0 0
1431103800 0 0 0 0
1431103500 0 0 0 0
1431103200 0 0 0 0
1431102900 0 0 0 0
1431102600 0 0 0 0
1431102300 0 0 0 0
1431102000 0 0 0 0
1431101700 0 0 0 0
1431101400 0 0 0 0
1431101100 0 0 0 0
1431100800 0 0 0 0
1431100500 0 0 0 0
1431100200 0 0 0 0
1431099900 0 0 0 0
1431099600 0 0 0 0
1431099300 0 0 0 0
1431099000 0 0 0 0
1431098700 0 0 0 0
1431098400 0 0 0 0
1431098100 0 0 0 0
1431097800 0 0 0 0
1431097500 0 0 0 0
1431097200 0 0 0 0
1431096900 0 0 0 0
1431096600 0 0 0 0
1431096300 0 0 0 0
1431096000 0 0 0 0
1431095700 0 0 0 0
1431095400 0 0 0 0
1431095100 0 0 0 0
1431094800 0 0 0 0
1431094500 0 0 0 0
1431094200 0 0 0 0
1431093900 0 0 0 0
1431093600 0 0 0 0
1431093300 0 0 0 0
1431093000 0 0 0 0
1431092700 0 0 0 0
1431092400 0 0 0 0
1431092100 0 0 0 0
1431091800 0 0 0 0
1431091500 0 0 0 0
1431091200 0 0 0 0
1431090900 0 0 0 0
1431090600 0 0 0 0
1431090300 0 0 0 0
1431090000 0 0 0 0
1431089700 0 0 0 0
1431089400 0 0 0 0
1431089100 0 0 0 0
1431088800 0 0 0 0
1431088500 0 0 0 0
1431088200 0 0 0 0
1431087900 0 0 0 0
1431087600 0 0 0 0
1431087300 0 0 0 0
1431087000 0 0 0 0
1431086700 0 0 0 0
1431086400 0 0 0 0
1431086100 0 0 0 0
1431085800 0 0 0 0
1431085500 0 0 0 0
1431085200 0 0 0 0
1431084900 0 0 0 0
1431084600 0 0 0 0
1431084300 0 0 0 0
1431084000 0 0 0 0
1431083700 0 0 0 0
1431083400 0 0 0 0
1431083100 0 0 0 0
1431082800 0 0 0 0
1431082500 0 0 0 0
1431082200 0 0 0 0
1431081900 0 0 0 0
1431081600 0 0 0 0
1431081300 0 0 0 0
1431081000 0 0 0 0
1431080700 0 0 0 0
1431080400 0 0 0 0
1431080100 0 0 0 0
1431079800 0 0 0 0
1431079500 0 0 0 0
1431079200 0 0 0 0
1431078900 0 0 0 0
1431078600 0 0 0 0
1431078300 0 0 0 0
1431078000 0 0 0 0
1431077700 0 0 0 0
1431077400 0 0 0 0
1431077100 0 0 0 0
1431076800 0 0 0 0
1431076500 0 0 0 0
1431076200 0 0 0 0
1431075900 0 0 0 0
1431075600 0 0 0 0
1431075300 0 0 0 0
1431075000 0 0 0 0
1431074700 0 0 0 0
1431074400 0 0 0 0
1431074100 0 0 0 0
1431073800 0 0 0 0
1431073500 0 0 0 0
1431073200 0 0 0 0
1431072900 0 0 0 0
1431072600 0 0 0 0
1431072300 0 0 0 0
1431072000 0 0 0 0
1431071700 0 0 0 0
1431071400 0 0 0 0
1431071100 0 0 0 0
1431070800 0 0 0 0
1431070500 0 0 0 0
1431070200 0 0 0 0
1431069900 0 0 0 0
1431069600 0 0 0 0
1431069300 0 0 0 0
1431069000 0 0 0 0
1431068700 0 0 0 0
1431068400 0 0 0 0
1431068100 0 0 0 0
1431067800 0 0 0 0
1431067500 0 0 0 0
1431067200 0 0 0 0
1431066900 0 0 0 0
1431066600 0 0 0 0
1431066300 0 0 0 0
1431066000 0 0 0 0
1431065700 0 0 0 0
1431065400 0 0 0 0
1431065100 0 0 0 0
1431064800 0 0 0 0
1431064500 0 0 0 0
1431064200 0 0 0 0
1431063900 0 0 0 0
1431063600 0 0 0 0
1431063300 0 0 0 0
1431063000 0 0 0 0
1431062700 0 0 0 0
1431062400 0 0 0 0
1431062100 0 0 0 0
1431061800 0 0 0 0
1431061500 0 0 0 0
1431061200 0 0 0 0
1431060900 0 0 0 0
1431060600 0 0 0 0
1431060300 0 0 0 0
1431060000 0 0 0 0
1431059700 0 0 0 0
1431059400 0 0 0 0
1431059100 0 0 0 0
1431058800 0 0 0 0
1431058500 0 0 0 0
1431058200 0 0 0 0
1431057900 0 0 0 0
1431057600 0 0 0 0
1431057300 0 0 0 0
1431057000 0 0 0 0
1431056700 0 0 0 0
1431056400 0 0 0 0
1431056100 0 0 0 0
1431055800 0 0 0 0
1431055500 0 0 0 0
1431055200 0 0 0 0
1431054900 0 0 0 0
1431054600 0 0 0 0
1431054300 0 0 0 0
1431054000 0 0 0 0
1431053700 0 0 0 0
1431053400 0 0 0 0
1431053100 0 0 0 0
1431052800 0 0 0 0
1431052500 0 0 0 0
1431052200 0 0 0 0
1431051900 0 0 0 0
1431051600 0 0 0 0
1431051300 0 0 0 0
1431051000 0 0 0 0
1431050700 0 0 0 0
1431050400 0 0 0 0
1431050100 0 0 0 0
1431049800 0 0 0 0
1431049500 0 0 0 0
1431049200 0 0 0 0
1431048900 0 0 0 0
1431048600 0 0 0 0
1431048300 0 0 0 0
1431048000 0 0 0 0
1431047700 0 0 0 0
1431047400 0 0 0 0
1431047100 0 0 0 0
1431046800 0 0 0 0
1431046500 0 0 0 0
1431046200 0 0 0 0
1431045900 0 0 0 0
1431045600 0 0 0 0
1431045300 0 0 0 0
1431045000 0 0 0 0
1431044700 0 0 0 0
1431044400 0 0 0 0
1431044100 0 0 0 0
1431043800 0 0 0 0
1431043500 0 0 0 0
1431043200 0 0 0 0
1431042900 0 0 0 0
1431042600 0 0 0 0
1431042300 0 0 0 0
1431042000 0 0 0 0
1431041700 0 0 0 0
1431041400 0 0 0 0
1431041100 0 0 0 0
1431040800 0 0 0 0
1431040500 0 0 0 0
1431040200 0 0 0 0
1431039900 0 0 0 0
1431039600 0 0 0 0
1431039300 0 0 0 0
1431039000 0 0 0 0
1431038700 0 0 0 0
1431038400 0 0 0 0
1431038100 0 0 0 0
1431037800 0 0 0 0
1431037500 0 0 0 0
1431037200 0 0 0 0
1431036900 0 0 0 0
1431036600 0 0 0 0
1431036300 0 0 0 0
1431036000 0 0 0 0
1431035700 0 0 0 0
1431035400 0 0 0 0
1431035100 0 0 0 0
1431034800 0 0 0 0
1431034500 0 0 0 0
1431034200 0 0 0 0
1431033900 0 0 0 0
1431033600 0 0 0 0
1431033300 0 0 0 0
1431033000 0 0 0 0
1431032700 0 0 0 0
1431032400 0 0 0 0
1431032100 0 0 0 0
1431031800 0 0 0 0
1431031500 0 0 0 0
1431031200 0 0 0 0
1431030900 0 0 0 0
1431030600 0 0 0 0
1431030300 0 0 0 0
1431030000 0 0 0 0
1431029700 0 0 0 0
1431029400 0 0 0 0
1431029100 0 0 0 0
1431028800 0 0 0 0
1431028500 0 0 0 0
1431028200 0 0 0 0
1431027900 0 0 0 0
1431027600 0 0 0 0
1431027300 0 0 0 0
1431027000 0 0 0 0
1431026700 0 0 0 0
1431026400 0 0 0 0
1431026100 0 0 0 0
1431025800 0 0 0 0
1431025500 0 0 0 0
1431025200 0 0 0 0
1431024900 0 0 0 0
1431024600 0 0 0 0
1431024300 0 0 0 0
1431024000 0 0 0 0
1431023700 0 0 0 0
1431023400 0 0 0 0
1431023100 0 0 0 0
1431022800 0 0 0 0
1431022500 0 0 0 0
1431022200 0 0 0 0
1431021900 0 0 0 0
1431021600 0 0 0 0
1431021300 0 0 0 0
1431021000 0 0 0 0
1431020700 0 0 0 0
1431020400 0 0 0 0
1431020100 0 0 0 0
1431019800 0 0 0 0
1431019500 0 0 0 0
1431019200 0 0 0 0
1431018900 0 0 0 0
1431018600 0 0 0 0
1431018300 0 0 0 0
1431018000 0 0 0 0
1431017700 0 0 0 0
1431017400 0 0 0 0
1431017100 0 0 0 0
1431016800 0 0 0 0
1431016500 0 0 0 0
1431016200 0 0 0 0
1431015900 0 0 0 0
1431015600 0 0 0 0
1431015300 0 0 0 0
1431015000 0 0 0 0
1431014700 0 0 0 0
1431014400 0 0 0 0
1431014100 0 0 0 0
1431013800 0 0 0 0
1431013500 0 0 0 0
1431013200 0 0 0 0
1431012900 0 0 0 0
1431012600 0 0 0 0
1431012300 0 0 0 0
1431012000 0 0 0 0
1431011700 0 0 0 0
1431011400 0 0 0 0
1431011100 0 0 0 0
1431010800 0 0 0 0
1431010500 0 0 0 0
1431010200 0 0 0 0
1431009900 0 0 0 0
1431009600 0 0 0 0
1431009300 0 0 0 0
1431009000 0 0 0 0
1431008700 0 0 0 0
1431008400 0 0 0 0
1431008100 0 0 0 0
1431007800 0 0 0 0
1431007500 0 0 0 0
1431007200 0 0 0 0
1431006900 0 0 0 0
1431006600 0 0 0 0
1431006300 0 0 0 0
1431006000 0 0 0 0
1431005700 0 0 0 0
1431005400 0 0 0 0
1431005100 0 0 0 0
1431004800 0 0 0 0
1431004500 0 0 0 0
1431004200 0 0 0 0
1431003900 0 0 0 0
1431003600 0 0 0 0
1431003300 0 0 0 0
1431003000 0 0 0 0
1431002700 0 0 0 0
1431002400 0 0 0 0
1431002100 0 0 0 0
1431001800 0 0 0 0
1431001500 0 0 0 0
1431001200 0 0 0 0
1431000900 0 0 0 0
1431000600 0 0 0 0
1431000300 0 0 0 0
1431000000 0 0 0 0
1430999700 0 0 0 0
1430999400 0 0 0 0
1430999100 0 0 0 0
1430998800 0 0 0 0
1430998500 0 0 0 0
1430998200 0 0 0 0
1430997900 0 0 0 0
1430997600 0 0 0 0
1430997300 0 0 0 0
1430997000 0 0 0 0
1430996700 0 0 0 0
1430996400 0 0 0 0
1430994600 0 0 0 0
1430992800 0 0 0 0
1430991000 0 0 0 0
1430989200 0 0 0 0
1430987400 0 0 0 0
1430985600 0 0 0 0
1430983800 0 0 0 0
1430982000 0 0 0 0
1430980200 0 0 0 0
1430978400 0 0 0 0
1430976600 0 0 0 0
1430974800 0 0 0 0
1430973000 0 0 0 0
1430971200 0 0 0 0
1430969400 0 0 0 0
1430967600 0 0 0 0
1430965800 0 0 0 0
1430964000 0 0 0 0
1430962200 0 0 0 0
1430960400 0 0 0 0
1430958600 0 0 0 0
1430956800 0 0 0 0
1430955000 0 0 0 0
1430953200 0 0 0 0
1430951400 0 0 0 0
1430949600 0 0 0 0
1430947800 0 0 0 0
1430946000 0 0 0 0
1430944200 0 0 0 0
1430942400 0 0 0 0
1430940600 0 0 0 0
1430938800 0 0 0 0
1430937000 0 0 0 0
1430935200 0 0 0 0
1430933400 0 0 0 0
1430931600 0 0 0 0
1430929800 0 0 0 0
1430928000 0 0 0 0
1430926200 0 0 0 0
1430924400 0 0 0 0
1430922600 0 0 0 0
1430920800 0 0 0 0
1430919000 0 0 0 0
1430917200 0 0 0 0
1430915400 0 0 0 0
1430913600 0 0 0 0
1430911800 0 0 0 0
1430910000 0 0 0 0
1430908200 0 0 0 0
1430906400 0 0 0 0
1430904600 0 0 0 0
1430902800 0 0 0 0
1430901000 0 0 0 0
1430899200 0 0 0 0
1430897400 0 0 0 0
1430895600 0 0 0 0
1430893800 0 0 0 0
1430892000 0 0 0 0
1430890200 0 0 0 0
1430888400 0 0 0 0
1430886600 0 0 0 0
1430884800 0 0 0 0
1430883000 0 0 0 0
1430881200 0 0 0 0
1430879400 0 0 0 0
1430877600 0 0 0 0
1430875800 0 0 0 0
1430874000 0 0 0 0
1430872200 0 0 0 0
1430870400 0 0 0 0
1430868600 0 0 0 0
1430866800 0 0 0 0
1430865000 0 0 0 0
1430863200 0 0 0 0
1430861400 0 0 0 0
1430859600 0 0 0 0
1430857800 0 0 0 0
1430856000 0 0 0 0
1430854200 0 0 0 0
1430852400 0 0 0 0
1430850600 0 0 0 0
1430848800 0 0 0 0
1430847000 0 0 0 0
1430845200 0 0 0 0
1430843400 0 0 0 0
1430841600 0 0 0 0
1430839800 0 0 0 0
1430838000 0 0 0 0
1430836200 0 0 0 0
1430834400 0 0 0 0
1430832600 0 0 0 0
1430830800 0 0 0 0
1430829000 0 0 0 0
1430827200 0 0 0 0
1430825400 0 0 0 0
1430823600 0 0 0 0
1430821800 0 0 0 0
1430820000 0 0 0 0
1430818200 0 0 0 0
1430816400 0 0 0 0
1430814600 0 0 0 0
1430812800 0 0 0 0
1430811000 0 0 0 0
1430809200 0 0 0 0
1430807400 0 0 0 0
1430805600 0 0 0 0
1430803800 0 0 0 0
1430802000 0 0 0 0
1430800200 0 0 0 0
1430798400 0 0 0 0
1430796600 0 0 0 0
1430794800 0 0 0 0
1430793000 0 0 0 0
1430791200 0 0 0 0
1430789400 0 0 0 0
1430787600 0 0 0 0
1430785800 0 0 0 0
1430784000 0 0 0 0
1430782200 0 0 0 0
1430780400 0 0 0 0
1430778600 0 0 0 0
1430776800 0 0 0 0
1430775000 0 0 0 0
1430773200 0 0 0 0
1430771400 0 0 0 0
1430769600 0 0 0 0
1430767800 0 0 0 0
1430766000 0 0 0 0
1430764200 0 0 0 0
1430762400 0 0 0 0
1430760600 0 0 0 0
1430758800 0 0 0 0
1430757000 0 0 0 0
1430755200 0 0 0 0
1430753400 0 0 0 0
1430751600 0 0 0 0
1430749800 0 0 0 0
1430748000 0 0 0 0
1430746200 0 0 0 0
1430744400 0 0 0 0
1430742600 0 0 0 0
1430740800 0 0 0 0
1430739000 0 0 0 0
1430737200 0 0 0 0
1430735400 0 0 0 0
1430733600 0 0 0 0
1430731800 0 0 0 0
1430730000 0 0 0 0
1430728200 0 0 0 0
1430726400 0 0 0 0
1430724600 0 0 0 0
1430722800 0 0 0 0
1430721000 0 0 0 0
1430719200 0 0 0 0
1430717400 0 0 0 0
1430715600 0 0 0 0
1430713800 0 0 0 0
1430712000 0 0 0 0
1430710200 0 0 0 0
1430708400 0 0 0 0
1430706600 0 0 0 0
1430704800 0 0 0 0
1430703000 0 0 0 0
1430701200 0 0 0 0
1430699400 0 0 0 0
1430697600 0 0 0 0
1430695800 0 0 0 0
1430694000 0 0 0 0
1430692200 0 0 0 0
1430690400 0 0 0 0
1430688600 0 0 0 0
1430686800 0 0 0 0
1430685000 0 0 0 0
1430683200 0 0 0 0
1430681400 0 0 0 0
1430679600 0 0 0 0
1430677800 0 0 0 0
1430676000 0 0 0 0
1430674200 0 0 0 0
1430672400 0 0 0 0
1430670600 0 0 0 0
1430668800 0 0 0 0
1430667000 0 0 0 0
1430665200 0 0 0 0
1430663400 0 0 0 0
1430661600 0 0 0 0
1430659800 0 0 0 0
1430658000 0 0 0 0
1430656200 0 0 0 0
1430654400 0 0 0 0
1430652600 0 0 0 0
1430650800 0 0 0 0
1430649000 0 0 0 0
1430647200 0 0 0 0
1430645400 0 0 0 0
1430643600 0 0 0 0
1430641800 0 0 0 0
1430640000 0 0 0 0
1430638200 0 0 0 0
1430636400 0 0 0 0
1430634600 0 0 0 0
1430632800 0 0 0 0
1430631000 0 0 0 0
1430629200 0 0 0 0
1430627400 0 0 0 0
1430625600 0 0 0 0
1430623800 0 0 0 0
1430622000 0 0 0 0
1430620200 0 0 0 0
1430618400 0 0 0 0
1430616600 0 0 0 0
1430614800 0 0 0 0
1430613000 0 0 0 0
1430611200 0 0 0 0
1430609400 0 0 0 0
1430607600 0 0 0 0
1430605800 0 0 0 0
1430604000 0 0 0 0
1430602200 0 0 0 0
1430600400 0 0 0 0
1430598600 0 0 0 0
1430596800 0 0 0 0
1430595000 0 0 0 0
1430593200 0 0 0 0
1430591400 0 0 0 0
1430589600 0 0 0 0
1430587800 0 0 0 0
1430586000 0 0 0 0
1430584200 0 0 0 0
1430582400 0 0 0 0
1430580600 0 0 0 0
1430578800 0 0 0 0
1430577000 0 0 0 0
1430575200 0 0 0 0
1430573400 0 0 0 0
1430571600 0 0 0 0
1430569800 0 0 0 0
1430568000 0 0 0 0
1430566200 0 0 0 0
1430564400 0 0 0 0
1430562600 0 0 0 0
1430560800 0 0 0 0
1430559000 0 0 0 0
1430557200 0 0 0 0
1430555400 0 0 0 0
1430553600 0 0 0 0
1430551800 0 0 0 0
1430550000 0 0 0 0
1430548200 0 0 0 0
1430546400 0 0 0 0
1430544600 0 0 0 0
1430542800 0 0 0 0
1430541000 0 0 0 0
1430539200 0 0 0 0
1430537400 0 0 0 0
1430535600 0 0 0 0
1430533800 0 0 0 0
1430532000 0 0 0 0
1430530200 0 0 0 0
1430528400 0 0 0 0
1430526600 0 0 0 0
1430524800 0 0 0 0
1430523000 0 0 0 0
1430521200 0 0 0 0
1430519400 0 0 0 0
1430517600 0 0 0 0
1430515800 0 0 0 0
1430514000 0 0 0 0
1430512200 0 0 0 0
1430510400 0 0 0 0
1430508600 0 0 0 0
1430506800 0 0 0 0
1430505000 0 0 0 0
1430503200 0 0 0 0
1430501400 0 0 0 0
1430499600 0 0 0 0
1430497800 0 0 0 0
1430496000 0 0 0 0
1430494200 0 0 0 0
1430492400 0 0 0 0
1430490600 0 0 0 0
1430488800 0 0 0 0
1430487000 0 0 0 0
1430485200 0 0 0 0
1430483400 0 0 0 0
1430481600 0 0 0 0
1430479800 0 0 0 0
1430478000 0 0 0 0
1430476200 0 0 0 0
1430474400 0 0 0 0
1430472600 0 0 0 0
1430470800 0 0 0 0
1430469000 0 0 0 0
1430467200 0 0 0 0
1430465400 0 0 0 0
1430463600 0 0 0 0
1430461800 0 0 0 0
1430460000 0 0 0 0
1430458200 0 0 0 0
1430456400 0 0 0 0
1430454600 0 0 0 0
1430452800 0 0 0 0
1430451000 0 0 0 0
1430449200 0 0 0 0
1430447400 0 0 0 0
1430445600 0 0 0 0
1430443800 0 0 0 0
1430442000 0 0 0 0
1430440200 0 0 0 0
1430438400 0 0 0 0
1430436600 0 0 0 0
1430434800 0 0 0 0
1430433000 0 0 0 0
1430431200 0 0 0 0
1430429400 0 0 0 0
1430427600 0 0 0 0
1430425800 0 0 0 0
1430424000 0 0 0 0
1430422200 0 0 0 0
1430420400 0 0 0 0
1430418600 0 0 0 0
1430416800 0 0 0 0
1430415000 0 0 0 0
1430413200 0 0 0 0
1430411400 0 0 0 0
1430409600 0 0 0 0
1430407800 0 0 0 0
1430406000 0 0 0 0
1430404200 0 0 0 0
1430402400 0 0 0 0
1430400600 0 0 0 0
1430398800 0 0 0 0
1430397000 0 0 0 0
1430395200 0 0 0 0
1430393400 0 0 0 0
1430391600 0 0 0 0
1430389800 0 0 0 0
1430388000 0 0 0 0
1430386200 0 0 0 0
1430384400 0 0 0 0
1430382600 0 0 0 0
1430380800 0 0 0 0
1430379000 0 0 0 0
1430377200 0 0 0 0
1430375400 0 0 0 0
1430373600 0 0 0 0
1430371800 0 0 0 0
1430370000 0 0 0 0
1430368200 0 0 0 0
1430366400 0 0 0 0
1430364600 0 0 0 0
1430362800 0 0 0 0
1430361000 0 0 0 0
1430359200 0 0 0 0
1430357400 0 0 0 0
1430355600 0 0 0 0
1430353800 0 0 0 0
1430352000 0 0 0 0
1430350200 0 0 0 0
1430348400 0 0 0 0
1430346600 0 0 0 0
1430344800 0 0 0 0
1430343000 0 0 0 0
1430341200 0 0 0 0
1430339400 0 0 0 0
1430337600 0 0 0 0
1430335800 0 0 0 0
1430334000 0 0 0 0
1430332200 0 0 0 0
1430330400 0 0 0 0
1430328600 0 0 0 0
1430326800 0 0 0 0
1430325000 0 0 0 0
1430323200 0 0 0 0
1430321400 0 0 0 0
1430319600 0 0 0 0
1430317800 0 0 0 0
1430316000 0 0 0 0
1430314200 0 0 0 0
1430312400 0 0 0 0
1430310600 0 0 0 0
1430308800 0 0 0 0
1430307000 0 0 0 0
1430305200 0 0 0 0
1430303400 0 0 0 0
1430301600 0 0 0 0
1430299800 0 0 0 0
1430298000 0 0 0 0
1430296200 0 0 0 0
1430294400 0 0 0 0
1430292600 0 0 0 0
1430290800 0 0 0 0
1430289000 0 0 0 0
1430287200 0 0 0 0
1430285400 0 0 0 0
1430283600 0 0 0 0
1430281800 0 0 0 0
1430280000 0 0 0 0
1430278200 0 0 0 0
1430276400 0 0 0 0
1430274600 0 0 0 0
1430272800 0 0 0 0
1430271000 0 0 0 0
1430269200 8 475 11 594
1430267400 11 594 11 594
1430265600 11 594 11 594
1430263800 11 594 11 594
1430262000 11 594 11 594
1430260200 11 594 11 594
1430258400 10 585 11 594
1430256600 10 418 54 615
1430254800 2063 5062 4113 11732
1430253000 3028 6862 4474 19973
1430251200 1251 2364 2733 4098
1430249400 1317 4431 3575 14824
1430247600 10 577 11 722
1430245800 10 715 11 918
1430244000 783 7618 3793 25668
1430242200 1630 5638 3793 21300
1430240400 1131 1902 2064 4116
1430238600 711 4286 1299 19362
1430236800 1664 4730 4754 16884
1430235000 2250 4548 4129 10234
1430233200 1849 23008 2587 72924
1430231400 2154 10043 5296 27086
1430229600 1022 7325 2514 24175
1430227800 593 3916 2514 17050
1430226000 10 897 11 1303
1430224200 10 560 11 716
1430222400 10 720 11 1139
1430220600 10 371 10 404
1430218800 10 391 11 544
1430217000 10 358 11 406
1430215200 10 346 11 394
1430213400 10 344 10 397
1430211600 10 352 11 399
1430209800 10 361 12 439
1430208000 10 352 11 419
1430206200 10 354 10 419
1430204400 10 350 11 410
1430202600 10 356 11 438
1430200800 10 356 11 382
1430199000 10 359 10 423
1430197200 10 363 11 398
1430195400 10 355 11 399
1430193600 10 348 11 377
1430191800 10 348 10 384
1430190000 10 386 11 455
1430188200 10 447 11 535
1430186400 10 443 11 470
1430184600 10 437 10 499
1430182800 10 496 11 553
1430181000 10 479 11 586
1430179200 10 478 11 544
1430177400 10 469 11 525
1430175600 10 480 11 537
1430173800 10 482 11 575
1430172000 10 456 11 552
1430170200 10 492 10 588
1430168400 10 631 11 973
1430166600 10 709 12 1228
1430164800 10 640 11 749
1430163000 10 640 11 763
1430161200 10 821 11 1098
1430159400 10 686 11 850
1430157600 10 709 11 1211
1430155800 10 720 10 946
1430154000 10 695 11 817
1430152200 10 601 11 666
1430150400 10 623 11 831
1430148600 10 644 10 831
1430146800 10 702 11 901
1430145000 10 643 11 715
1430143200 10 704 11 937
1430141400 10 707 10 880
1430139600 10 783 11 939
1430137800 10 684 11 874
1430136000 10 598 11 906
1430134200 10 347 10 486
1430132400 10 307 11 452
1430130600 10 283 10 331
1430128800 10 278 10 305
1430127000 10 275 10 305
1430125200 10 283 10 316
1430123400 10 283 12 338
1430121600 10 276 10 317
1430119800 10 272 10 297
1430118000 10 288 10 332
1430116200 10 323 10 548
1430114400 10 277 10 302
1430112600 10 271 10 290
1430110800 10 288 10 339
1430109000 10 296 10 343
1430107200 10 278 10 310
1430105400 10 270 10 290
1430103600 10 277 10 312
1430101800 10 284 10 327
1430100000 10 273 10 294
1430098200 10 269 10 292
1430096400 10 282 10 308
1430094600 10 289 10 341
1430092800 10 273 10 289
1430091000 10 272 10 297
1430089200 10 278 10 295
1430087400 10 283 10 325
1430085600 10 272 10 292
1430083800 10 277 10 303
1430082000 10 277 10 308
1430080200 10 288 12 341
1430078400 10 278 10 303
1430076600 10 272 10 285
1430074800 10 282 10 299
1430073000 10 284 10 318
1430071200 10 275 10 306
1430069400 10 267 10 280
1430067600 10 286 10 309
1430065800 10 283 10 322
1430064000 10 276 10 313
1430062200 10 266 10 296
1430060400 10 292 10 343
1430058600 10 291 10 317
1430056800 10 277 10 305
1430055000 10 278 10 300
1430053200 10 281 10 290
1430051400 10 289 10 319
1430049600 10 289 10 315
1430047800 10 273 10 293
1430046000 10 289 10 311
1430044200 10 291 10 317
1430042400 10 285 10 310
1430040600 10 274 10 294
1430038800 10 283 10 305
1430037000 10 290 12 340
1430035200 10 285 10 322
1430033400 10 309 10 458
1430031600 10 310 10 406
1430029800 10 286 10 326
1430028000 10 277 12 307
1430026200 10 280 10 307
1430024400 10 291 11 343
1430022600 10 285 11 347
1430020800 10 289 11 307
1430019000 10 284 10 316
1430017200 10 280 11 305
1430015400 10 292 11 362
1430013600 10 279 11 298
1430011800 10 271 10 303
1430010000 10 337 11 542
1430008200 10 326 11 369
1430006400 10 297 11 332
1430004600 10 290 10 325
1430002800 10 297 11 321
1430001000 10 307 11 342
1429999200 10 289 11 316
1429997400 10 293 10 321
1429995600 10 293 11 555
1429993800 10 402 10 555
1429992000 10 347 10 392
1429990200 10 413 10 601
1429988400 10 451 10 1050
1429986600 10 421 10 897
1429984800 10 386 10 999
1429983000 10 411 10 882
1429981200 10 383 11 496
1429979400 10 363 10 609
1429977600 10 430 11 609
1429975800 10 372 11 457
1429974000 10 301 11 355
1429972200 10 366 10 534
1429970400 10 378 11 573
1429968600 10 477 11 856
1429966800 10 268 11 303
1429965000 10 263 10 279
1429963200 10 265 11 274
1429961400 10 265 11 293
1429959600 10 265 12 287
1429957800 10 261 10 286
1429956000 10 265 11 286
1429954200 10 273 11 297
1429952400 10 267 11 283
1429950600 10 263 10 282
1429948800 10 272 11 287
1429947000 10 264 11 279
1429945200 10 308 11 517
1429943400 10 266 10 284
1429941600 10 262 11 280
1429939800 10 264 11 282
1429938000 10 272 11 288
1429936200 10 272 10 297
1429934400 10 280 11 331
1429932600 10 264 11 285
1429930800 10 260 11 285
1429929000 10 275 10 339
1429927200 10 271 11 298
1429925400 10 283 11 329
1429923600 10 270 11 284
1429921800 10 277 10 300
1429920000 10 270 11 290
1429918200 10 262 11 278
1429916400 10 263 12 286
1429912800 10 474 11 922
1429905600 2623 5096 5453 13621
1429898400 2439 7938 5502 34410
1429891200 1560 5528 4929 58932
1429884000 1138 7500 6046 68987
1429876800 10 549 12 1412
1429869600 10 338 11 394
1429862400 10 337 11 413
1429855200 10 344 11 461
1429848000 10 343 11 413
1429840800 10 347 11 396
1429833600 10 346 12 428
1429826400 10 549 11 836
1429819200 10 987 11 1164
1429812000 10 972 11 1440
1429804800 10 988 11 1636
1429797600 10 918 11 1636
1429790400 10 457 12 799
1429783200 10 325 11 364
1429776000 10 323 11 388
1429768800 9 337 11 425
1429761600 10 361 10 435
1429754400 10 413 10 550
1429747200 10 414 12 540
1429740000 467 1386 4160 15175
1429732800 3696 7401 12042 15175
1429725600 1960 5675 4633 19003
1429718400 2366 5690 6796 18341
1429711200 867 6573 5183 112401
1429704000 10 452 12 1293
1429696800 10 310 10 350
1429689600 10 314 10 365
1429682400 10 314 11 392
1429675200 10 315 10 387
1429668000 10 321 10 432
1429660800 10 313 12 411
1429653600 10 611 10 909
1429646400 10 1093 10 1433
1429639200 10 1162 10 1563
1429632000 29 1059 500 1517
1429624800 10 1059 10 1567
1429617600 10 489 12 1174
1429610400 10 343 10 396
1429603200 10 337 11 388
1429596000 9 361 10 457
1429588800 10 408 10 511
1429581600 10 414 10 587
1429574400 10 406 12 461
1429567200 10 475 10 1187
1429560000 10 904 10 1266
1429552800 10 929 10 1588
1429545600 10 992 10 1304
1429538400 10 1026 10 1765
1429531200 10 496 12 897
1429524000 10 380 10 477
1429516800 10 380 11 443
1429509600 10 381 11 461
1429502400 10 377 10 491
1429495200 10 375 11 440
1429488000 10 368 11 431
1429480800 10 371 11 421
1429473600 10 366 10 412
1429466400 10 373 11 437
1429459200 10 371 11 434
1429452000 10 374 11 452
1429444800 10 379 12 422
1429437600 10 380 10 461
1429430400 10 376 11 570
1429423200 10 361 10 449
1429416000 10 356 10 449
1429408800 10 358 10 402
1429401600 10 355 12 456
1429394400 10 352 10 418
1429387200 10 350 10 398
1429380000 10 349 10 399
1429372800 10 350 10 404
1429365600 10 345 10 389
1429358400 10 351 11 411
1429351200 10 345 11 410
1429344000 10 356 11 472
1429336800 10 359 10 408
1429329600 10 365 10 445
1429322400 10 350 10 397
1429315200 10 359 12 478
1429308000 10 429 10 978
1429300800 10 651 10 990
1429293600 10 678 10 977
1429286400 10 678 10 873
1429279200 10 824 10 1270
1429272000 10 554 12 793
1429264800 10 440 10 499
1429257600 10 445 11 534
1429250400 10 447 10 549
1429243200 10 451 10 580
1429236000 10 461 10 567
1429228800 10 461 12 740
1429221600 604 2699 2695 20896
1429214400 1612 4967 10344 16882
1429207200 3707 9794 12195 29180
1429200000 1831 6661 5297 27018
1429192800 586 3518 2610 18481
1429185600 10 672 12 1453
1429178400 10 417 10 519
1429171200 10 445 11 579
1429164000 10 468 11 592
1429156800 10 505 11 773
1429149600 10 580 11 937
1429142400 10 610 12 858
1429135200 10 1134 11 1530
1429128000 10 1498 11 2214
1429120800 10 1534 11 1912
1429113600 10 1669 11 2393
1429106400 10 2017 10 8002
1429099200 10 708 12 1346
1429092000 10 551 10 657
1429084800 10 539 11 846
1429077600 10 517 11 861
1429070400 10 551 11 733
1429063200 10 598 10 744
1429056000 10 641 12 998
1429048800 10 680 10 935
1429041600 10 883 10 1229
1429034400 10 1076 11 1486
1429027200 10 1002 11 1428
1429020000 10 1012 11 1384
1429012800 10 626 12 933
1429005600 10 555 11 620
1428998400 10 564 11 700
1428991200 10 628 11 737
1428984000 10 663 11 836
1428976800 10 663 11 811
1428969600 10 776 12 1403
1428962400 1110 4092 4128 45275
1428955200 3421 7649 7162 19340
1428948000 6499 5686 130134 25044
1428940800 10 1431 10 1969
1428933600 10 1092 11 1837
1428926400 10 369 12 846
1428919200 10 247 11 296
1428912000 10 253 11 318
1428904800 9 254 11 365
1428897600 10 245 11 329
1428890400 10 256 11 319
1428883200 10 251 12 330
1428876000 10 255 11 322
1428868800 10 255 11 336
1428861600 10 254 11 314
1428854400 10 269 11 454
1428847200 10 249 11 318
1428840000 10 246 12 306
1428832800 10 254 11 351
1428825600 10 247 11 321
1428818400 10 250 11 321
1428811200 10 247 11 338
1428804000 10 253 11 338
1428796800 10 244 12 301
1428789600 10 251 11 296
1428782400 10 251 11 316
1428775200 10 249 11 314
1428768000 10 249 11 322
1428760800 10 243 11 334
1428753600 10 245 12 345
1428746400 10 248 11 331
1428739200 10 257 11 377
1428732000 10 274 11 632
1428724800 10 251 11 312
1428717600 10 252 11 363
1428710400 10 257 12 336
1428703200 58 535 2891 6113
1428696000 2132 4917 5393 20948
1428688800 1596 7194 4063 30423
1428681600 2893 14312 7578 130032
1428674400 7260 7960 127360 40271
1428667200 10 554 12 1058
1428660000 10 330 11 465
1428652800 10 345 11 488
1428645600 10 339 14 405
1428638400 10 348 11 519
1428631200 27 1599 35 2106
1428624000 35 2106 35 2106
1428616800 1125 2664 4213 8252
1428609600 929 3127 5006 21048
1428602400 474 2505 2631 16616
1428595200 89 1137 237 1570
1428588000 86 1068 198 1364
1428580800 122 709 1028 3031
1428573600 83 418 164 544
1428566400 5208 779 98366 4368
1428559200 122 458 1000 1403
1428552000 84 461 160 590
1428544800 88 664 251 4895
1428537600 6794 34279 46660 419937
1428530400 2297 4298 37295 59720
1428523200 2657 7840 4925 32060
1428516000 1856 4824 9179 17065
1428508800 2176 7002 4897 25513
1428501600 5530 1673 123424 9058
1428494400 10 344 11 788
1428487200 10 262 11 314
1428480000 10 261 11 310
1428472800 10 268 17 378
1428465600 10 265 11 351
1428458400 10 268 12 320
1428451200 10 269 11 564
1428444000 422 1017 1832 5611
1428436800 2159 4926 4920 22013
1428429600 2547 5025 7122 13163
1428422400 1504 4617 4046 100204
1428415200 507 5980 5250 100204
1428408000 10 427 10 978
1428400800 10 270 10 337
1428393600 10 292 10 443
1428386400 10 273 11 320
1428379200 10 275 11 360
1428372000 10 276 12 383
1428364800 10 471 11 1194
1428357600 10 456 10 1285
1428350400 10 633 10 1043
1428343200 10 715 10 1233
1428336000 10 658 10 831
1428328800 10 821 12 1291
1428321600 10 483 10 1605
1428314400 10 241 10 282
1428307200 10 242 10 288
1428300000 10 247 23 299
1428292800 10 241 10 304
1428285600 10 190 12 229
1428278400 10 193 10 238
1428271200 10 190 10 219
1428264000 10 188 10 217
1428256800 10 192 10 233
1428249600 10 192 10 231
1428242400 10 189 12 221
1428235200 10 189 10 223
1428228000 10 188 10 214
1428220800 10 193 11 255
1428213600 10 190 10 221
1428206400 10 193 10 256
1428199200 10 188 12 222
1428192000 10 188 11 219
1428184800 10 188 11 217
1428177600 10 186 11 210
1428170400 10 190 10 232
1428163200 10 190 10 219
1428156000 10 189 12 227
1428148800 10 188 10 219
1428141600 10 189 10 252
1428134400 10 188 10 215
1428127200 10 190 11 227
1428120000 10 197 10 339
1428112800 10 189 12 220
1428105600 10 187 10 224
1428098400 10 189 10 221
1428091200 10 188 10 220
1428084000 10 190 10 224
1428076800 10 192 10 244
1428069600 10 217 12 626
1428062400 10 276 10 706
1428055200 10 190 10 244
1428048000 10 191 10 255
1428040800 10 190 23 383
1428033600 10 197 10 255
1428026400 10 201 12 234
1428019200 10 196 10 229
1428012000 75 431 1383 2308
1428004800 1425 3413 6244 10091
1427997600 3110 7249 10105 32000
1427990400 1508 6584 4858 44501
1427983200 628 2591 3812 19731
1427976000 10 515 10 1109
1427968800 10 275 10 396
1427961600 10 266 10 311
1427954400 10 276 11 336
1427947200 10 279 10 355
1427940000 10 294 12 413
1427932800 10 281 10 353
1427925600 10 459 10 875
1427918400 10 1035 10 1958
1427911200 10 1235 10 1958
1427904000 10 1105 11 2311
1427896800 10 1037 12 1734
1427889600 10 574 11 1302
1427882400 10 333 10 384
1427875200 10 337 10 445
1427868000 9 362 10 485
1427860800 10 324 10 413
1427853600 10 330 12 410
1427846400 10 336 11 453
1427839200 52 454 1412 1991
1427832000 1663 7662 4739 40494
1427824800 1074 2208 5477 11436
1427817600 1459 4852 3555 26199
1427810400 1731 9027 5557 29826
1427803200 22 451 401 2399
1427796000 10 279 11 341
1427788800 10 280 11 352
1427781600 10 272 11 374
1427774400 10 287 10 374
1427767200 10 294 12 347
1427760000 10 293 10 436
1427752800 10 391 10 1124
1427745600 10 684 11 1241
1427738400 10 804 10 1205
1427731200 10 684 10 946
1427724000 10 801 12 1386
1427716800 10 398 10 1077
1427709600 10 268 10 352
1427702400 10 262 11 339
1427695200 10 280 10 562
1427688000 10 269 10 561
1427680800 10 252 12 294
1427673600 10 252 10 305
1427666400 10 261 10 329
1427659200 10 255 10 309
1427652000 10 258 10 312
1427644800 10 283 10 450
1427637600 10 284 12 764
1427630400 10 316 10 695
1427623200 10 273 10 328
1427616000 10 268 11 334
1427608800 10 273 10 334
1427601600 10 272 10 340
1427594400 10 272 12 331
1427587200 10 269 11 332
1427580000 10 270 11 321
1427572800 10 269 11 318
1427565600 10 270 11 319
1427558400 10 272 11 351
1427551200 10 267 12 320
1427544000 10 269 11 330
1427536800 10 265 11 326
1427529600 10 265 11 338
1427522400 10 271 11 323
1427515200 10 286 11 396
1427508000 10 280 12 428
1427500800 10 293 11 353
1427493600 10 455 11 859
1427486400 1084 5886 4055 30759
1427479200 10 1066 11 1568
1427472000 10 1039 11 1511
1427464800 10 1216 12 2011
1427457600 10 506 11 939
1427450400 10 372 11 513
1427443200 10 383 11 778
1427436000 9 356 11 666
1427428800 10 359 11 451
1427421600 10 358 12 481
1427414400 10 372 11 493
1427407200 932 1537 4136 6232
1427400000 1351 2969 4597 11512
1427392800 1547 9543 6462 115037
1427385600 1505 5259 5886 24088
1427378400 354 1525 2618 5671
1427371200 10 490 11 1467
1427364000 10 318 11 367
1427356800 10 321 11 387
1427349600 10 329 11 386
1427342400 10 341 11 499
1427335200 10 340 12 777
1427328000 10 356 11 777
1427320800 10 421 11 805
1427313600 10 780 11 1218
1427306400 10 786 11 1218
1427299200 10 819 11 1087
1427292000 10 862 12 1269
1427284800 10 364 11 992
1427277600 10 279 11 330
1427270400 10 312 11 376
1427263200 10 316 11 373
1427256000 10 326 11 377
1427248800 10 327 12 797
1427241600 10 368 11 797
1427234400 10 409 11 628
1427227200 10 852 11 1361
1427220000 10 758 11 1444
1427212800 10 771 11 1444
1427205600 10 802 12 1425
1427198400 10 440 11 847
1427191200 10 318 11 478
1427184000 10 306 11 369
1427176800 10 312 11 385
1427169600 10 314 11 382
1427162400 10 324 12 388
1427155200 10 320 11 402
1427148000 10 358 11 611
1427140800 10 638 11 1131
1427133600 10 666 11 967
1427126400 10 722 11 948
1427119200 14 1305 39 3083
1427112000 27 1509 27 2006
1427104800 27 1388 27 1410
1427097600 27 1387 27 1406
1427090400 27 1389 93 1447
1427083200 27 1389 27 1417
1427076000 27 1390 27 1419
1427068800 27 1388 27 1405
1427061600 27 1386 27 1418
1427054400 27 1388 27 1411
1427047200 27 1389 27 1411
1427040000 27 1390 27 1408
1427032800 27 1389 27 1419
1427025600 27 1386 27 1405
1427018400 27 1389 27 1412
1427011200 27 1388 27 1423
1427004000 27 1388 27 1439
1426996800 27 1386 27 1413
1426989600 27 1389 27 1413
1426982400 27 1385 27 1406
1426975200 27 1385 27 1404
1426968000 27 1385 27 1408
1426960800 27 1359 27 1391
1426953600 27 1231 27 1299
1426946400 27 1065 27 1166
1426939200 27 979 27 1020
1426932000 27 944 27 1005
1426924800 26 890 28 949
1426917600 10 263 16 484
1426910400 10 261 25 436
1426903200 10 289 15 452
1426896000 10 284 15 455
1426888800 10 469 11 953
1426881600 10 1213 25 2634
1426874400 10 1115 25 2703
1426867200 10 855 10 1301
1426860000 10 956 10 2765
1426852800 10 509 10 2765
1426845600 10 299 10 406
1426838400 10 295 12 370
1426831200 10 295 11 358
1426824000 10 377 22 1083
1426816800 10 499 11 1346
1426809600 9 549 11 1081
1426802400 1183 2236 4944 11171
1426795200 2867 4874 5749 17238
1426788000 3387 7268 6405 19167
1426780800 1573 3318 4827 9086
1426773600 1840 6586 5244 33900
1426766400 122 770 240 4908
1426759200 153 418 944 716
1426752000 5031 665 94137 4194
1426744800 123 565 254 4029
1426737600 117 424 372 587
1426730400 169 487 1324 1827
1426723200 765 824 14159 8482
1426716000 327 1017 2222 4940
1426708800 605 1990 4178 9793
1426701600 10 882 10 1377
1426694400 10 965 10 2474
1426687200 2307 17176 16784 205037
1426680000 10 526 10 1101
1426672800 10 334 10 455
1426665600 10 327 12 371
1426658400 10 342 23 436
1426651200 10 347 10 497
1426644000 10 326 10 473
1426636800 10 320 10 401
1426629600 10 466 10 769
1426622400 10 939 12 1104
1426615200 10 911 10 1226
1426608000 10 970 10 1127
1426600800 10 1010 10 1429
1426593600 10 412 10 1321
1426586400 10 310 11 500
1426579200 10 297 12 380
1426572000 10 292 23 407
1426564800 10 306 10 407
1426557600 10 304 10 391
1426550400 10 302 10 340
1426543200 991 3529 5088 26175
1426536000 2238 7720 6667 22662
1426528800 1436 4936 3437 22904
1426521600 1802 7396 5803 32475
1426514400 5707 5919 117499 28958
1426507200 10 391 10 867
1426500000 10 229 10 301
1426492800 10 223 12 276
1426485600 10 231 11 278
1426478400 10 232 10 294
1426471200 10 225 10 275
1426464000 10 224 10 253
1426456800 10 226 10 279
1426449600 10 224 12 259
1426442400 10 221 10 269
1426435200 10 225 10 266
1426428000 10 221 11 253
1426420800 10 225 11 262
1426413600 10 226 11 332
1426406400 10 219 12 247
1426399200 9 229 10 321
1426392000 10 224 10 263
1426384800 10 220 10 251
1426377600 10 228 10 265
1426370400 10 232 10 301
1426363200 10 227 12 311
1426356000 10 227 10 268
1426348800 10 228 10 266
1426341600 10 221 10 267
1426334400 10 218 10 249
1426327200 10 216 10 254
1426320000 10 216 12 240
1426312800 10 228 11 266
1426305600 10 237 11 325
1426298400 10 229 10 302
1426291200 10 229 10 269
1426284000 10 404 10 765
1426276800 10 839 12 1119
1426269600 10 862 10 1408
1426262400 10 924 10 1377
1426255200 10 1010 11 1688
1426248000 10 444 11 930
1426240800 10 263 11 328
1426233600 10 269 12 384
1426226400 10 261 10 346
1426219200 10 265 10 320
1426212000 10 265 10 324
1426204800 10 294 10 461
1426197600 118 1127 1287 12845
1426190400 1909 5186 5474 20339
1426183200 1525 3669 4559 10598
1426176000 2797 4510 13570 14285
1426168800 6904 7222 118595 46384
1426161600 10 380 11 1849
1426154400 10 187 11 248
1426147200 10 207 12 303
1426140000 9 213 11 275
1426132800 10 236 11 426
1426125600 10 280 11 654
1426118400 10 245 11 391
1426111200 10 309 11 536
1426104000 10 1045 12 1622
1426096800 10 874 11 2238
1426089600 10 942 10 2238
1426082400 10 1172 10 1942
1426075200 10 420 10 1942
1426068000 10 220 10 326
1426060800 10 220 12 313
1426053600 10 222 11 263
1426046400 10 218 11 289
1426039200 10 217 10 266
1426032000 10 215 10 340
1426024800 10 387 10 771
1426017600 1584 3560 10540 30458
1426010400 1260 4849 4173 15910
1426003200 2088 4545 4515 14502
1425996000 1541 6525 3735 27015
1425988800 5195 3486 115985 40263
1425981600 10 264 10 674
1425974400 10 230 12 294
1425967200 10 250 11 499
1425960000 10 280 11 651
1425952800 10 257 10 373
1425945600 10 249 10 293
1425938400 10 345 10 652
1425931200 10 1075 12 4582
1425924000 10 1071 10 1789
1425916800 10 918 10 1314
1425909600 10 923 10 1342
1425902400 10 350 10 726
1425895200 10 207 10 264
1425888000 10 210 12 259
1425880800 9 215 10 284
1425873600 10 207 11 253
1425866400 10 208 10 242
1425859200 10 212 10 277
1425852000 10 212 10 260
1425844800 10 218 12 263
1425837600 10 213 11 282
1425830400 10 215 11 277
1425823200 10 212 11 265
1425816000 10 212 10 293
1425808800 10 212 10 291
1425801600 10 213 12 259
1425794400 10 210 11 253
1425787200 10 205 11 245
1425780000 10 203 10 241
1425772800 10 205 10 232
1425765600 10 204 10 252
1425758400 10 211 12 257
1425751200 10 208 10 267
1425744000 10 213 11 318
1425736800 10 208 10 262
1425729600 10 212 10 286
1425722400 10 222 10 351
1425715200 9 204 12 256
1425708000 10 209 11 260
1425700800 10 208 10 274
1425693600 10 212 10 276
1425686400 10 209 10 277
1425679200 707 1600 4347 8926
1425672000 1550 6484 4561 70199
1425664800 1203 5177 6100 27598
1425657600 5849 4783 119436 23507
1425650400 11 610 68 1343
1425643200 10 224 11 382
1425636000 10 231 10 676
1425628800 10 214 12 296
1425621600 10 209 11 269
1425614400 10 224 10 388
1425607200 10 306 10 968
1425600000 10 264 10 391
1425592800 10 492 12 1580
1425513600 793 2099 114902 62858
1425427200 963 1945 111780 55689
1425340800 10 393 12 1651
1425254400 9 176 12 233
1425168000 10 173 12 211
1425081600 121 591 5830 9107
1424995200 9 385 12 1466
1424908800 345 1169 6763 20472
1424822400 918 3018 113088 365872
1424736000 10 449 12 2260
1424649600 10 169 12 230
1424563200 10 169 12 213
1424476800 1075 2592 108980 98741
1424390400 1221 1909 108835 25082
1424304000 10 569 47 1651
1424217600 1292 2372 107261 39362
1424131200 10 168 12 341
1424044800 10 170 12 290
1423958400 10 177 17 310
1423872000 10 485 12 1529
1423785600 1028 2210 108994 56929
1423699200 10 454 12 1458
1423612800 9 504 12 2200
1423526400 810 1294 105787 45746
1423440000 10 181 12 226
1423353600 10 241 12 18001
1423267200 10 489 23 1496
1423180800 753 2702 29527 108621
1423094400 9 540 12 1811
1423008000 1238 2680 104990 32188
1422921600 10 403 12 1600
1422835200 10 169 12 244
1422748800 10 174 12 805
1422662400 9 554 12 1729
1422576000 772 1543 100865 28233
1422489600 594 3798 11175 106804
1422403200 871 1593 107384 23875
1422316800 10 439 12 1514
1422230400 10 174 38 400
1422144000 10 172 12 300
1422057600 9 487 12 1650
1421971200 1341 3543 103253 96924
1421884800 10 664 12 2116
1421798400 10 554 12 1836
1421712000 10 444 17 1463
1421625600 10 173 12 205
1421539200 10 173 12 385
1421452800 10 436 12 2189
1421366400 10 630 29 2167
1421280000 10 588 23 7033
1421193600 1315 3347 98746 107505
1421107200 10 652 47 2302
1421020800 10 348 12 1242
1420934400 10 332 12 844
1420848000 1325 6508 100280 1048526
1420761600 10 631 17 1811
1420675200 10 670 12 2107
1420588800 948 2975 9723 63185
1420502400 10 751 12 2790
1420416000 10 312 12 576
1420329600 9 319 12 847
1420243200 519 2633 4675 69910
1420156800 9 271 12 1435
1420070400 10 307 12 1201
1419984000 1235 4091 101841 54831
1419897600 10 497 12 1922
1419811200 10 157 29 203
1419724800 10 157 12 198
1419638400 10 156 12 195
1419552000 9 156 12 194
1419465600 10 157 12 238
1419379200 9 455 12 1378
1419292800 10 1047 12 34663
1419206400 10 171 12 459
1419120000 10 164 34 292
1419033600 605 2136 6281 53471
1418947200 10 701 12 36555
1418860800 574 1450 63812 38330
1418774400 1104 2831 97191 48935
1418688000 10 500 12 1503
1418601600 10 280 12 396
1418515200 10 272 12 511
1418428800 1099 2298 101107 25941
1418342400 10 603 12 1618
1418256000 10 583 12 2130
1418169600 525 2397 7232 79835
1418083200 10 638 12 4864
1417996800 10 178 12 438
1417910400 10 178 23 430
1417824000 10 567 12 1912
1417737600 940 9354 12837 181477
1417651200 10 510 12 1445
1417564800 1064 3085 98295 63066
1417478400 10 462 17 1480
1417392000 10 184 12 337
1417305600 10 185 12 415
1417219200 651 3788 10559 120116
1417132800 9 645 12 1439
1417046400 1782 1401 438407 22079
1416960000 782 2900 14424 89241
1416873600 10 520 12 1687
1416787200 10 231 34 954
1416700800 10 222 12 1053
1416614400 772 4068 6105 138699
1416528000 10 668 12 1753
1416441600 1096 2986 95241 48153
1416355200 10 371 68 1325
1416268800 10 401 12 1298
1416182400 10 199 12 246
1416096000 10 198 12 349
1416009600 10 510 12 1583
1415923200 739 1671 91880 24214
1415836800 10 627 12 2068
1415750400 1099 3025 90244 76144
1415664000 10 387 12 1706
1415577600 9 181 47 305
1415491200 10 190 12 414
1415404800 10 499 12 1317
1415318400 1177 5254 91754 273336
1415232000 9 521 12 1428
1415145600 1001 4876 12068 84070
1415059200 10 426 12 1183
1414972800 10 312 23 411
1414886400 10 311 12 516
1414800000 1007 3852 90029 227416
1414713600 10 544 23 1430
1414627200 1385 11793 91136 110071
1414540800 10 637 12 1588
1414454400 617 3373 4610 74320
1414368000 9 306 12 466
1414281600 10 316 12 733
1414195200 9 462 12 965
1414108800 750 2522 9905 36407
1414022400 10 568 12 1922
1413936000 1319 4602 92744 222724
1413849600 9 480 12 1499
1413763200 10 285 12 464
1413676800 10 284 23 365
1413590400 10 384 12 1239
1413504000 1100 2999 87258 55269
1413417600 9 412 12 1207
1413331200 10 478 12 1397
1413244800 10 375 12 554
1413158400 9 366 12 509
1413072000 10 367 12 509
1412985600 1091 3639 86420 111686
1412899200 1341 3118 87876 37041
1412812800 10 588 12 1684
1412726400 1168 2716 91948 31901
1412640000 10 494 12 1575
1412553600 10 309 12 890
1412467200 10 304 12 607
1412380800 1061 2420 84879 65942
1412294400 400 804 83988 11121
1412208000 1240 3570 84545 122035
1412121600 343 689 84223 9415
1412035200 1288 2849 83737 71961
1411948800 401 671 83974 14236
1411862400 380 573 83950 6613
1411776000 966 6467 85153 951351
1411689600 468 881 84046 11794
1411603200 1182 2715 83109 40997
1411516800 944 4184 82924 309425
1411430400 1294 2972 85081 79892
1411344000 10 404 68 7136
1411257600 10 364 12 628
1411171200 10 454 12 1055
1411084800 10 447 12 1178
1410998400 797 1896 82017 23744
1410912000 629 2032 131093 269361
1410825600 10 399 12 1185
1410739200 10 314 12 631
1410652800 10 375 12 798
1410566400 1139 6337 80095 979124
1410480000 1130 2075 80086 30374
1410393600 635 5422 5993 213057
1410307200 10 544 12 1507
1410220800 904 2015 82960 35359
1410134400 10 333 11 598
1410048000 10 350 27 1330
1409961600 379 4512 6787 318977
1409875200 10 494 12 1219
1409788800 609 1407 81530 25831
1409702400 521 1656 13129 52346
1409616000 10 316 12 494
1409529600 9 305 12 429
1409443200 9 340 12 736
1409356800 430 1808 4894 66580
1409270400 9 410 12 1356
1409184000 954 2083 78272 26000
1409097600 1087 1993 52441 28009
1409011200 9 362 12 1142
1408924800 10 199 12 302
1408838400 10 197 12 422
1408752000 855 1887 78897 35409
1408665600 10 413 12 1286
1408579200 822 5383 6969 93306
1408492800 10 479 12 1264
1408406400 572 2095 7163 36121
1408320000 10 180 12 224
1408233600 10 181 12 441
1408147200 10 389 12 1210
1408060800 586 2297 6182 24089
1407974400 846 2709 6193 32135
1407888000 10 412 12 1150
1407801600 980 2089 79057 26695
1407715200 10 161 12 228
1407628800 10 161 14 227
1407542400 126 580 7541 10232
1407456000 9 525 12 1720
1407369600 508 2147 5055 42806
1407283200 10 533 12 1991
1407196800 10 319 12 569
1407110400 10 298 23 400
1407024000 10 297 13 428
1406937600 9 410 12 1107
1406851200 10 520 12 1257
1406764800 10 549 12 1494
1406678400 9 597 12 1477
1406592000 546 5209 18266 810387
1406505600 10 324 12 470
1406419200 10 335 12 459
1406332800 10 329 11 858
1406246400 819 2666 72402 108920
1406160000 10 476 12 1193
1406073600 670 2025 44108 38589
1405987200 10 491 42 1166
1405900800 9 337 12 664
1405814400 10 341 12 476
1405728000 9 420 12 1060
1405641600 636 2432 6016 41896
1405555200 9 448 12 984
1405468800 10 645 12 2688
1405382400 10 436 12 1449
1405296000 10 174 12 216
1405209600 10 184 12 373
1405123200 10 275 23 971
1405036800 479 1309 5476 16420
1404950400 0 0 0 0
1404864000 0 0 0 0
1404777600 0 0 0 0
1404691200 0 0 0 0
1404604800 0 0 0 0
1404518400 0 0 0 0
1404432000 0 0 0 0
1404345600 0 0 0 0
1404259200 0 0 0 0
1404172800 0 0 0 0
1404086400 0 0 0 0
1404000000 0 0 0 0
1403913600 0 0 0 0
1403827200 0 0 0 0
1403740800 0 0 0 0
1403654400 0 0 0 0
1403568000 0 0 0 0
1403481600 0 0 0 0
1403395200 0 0 0 0
1403308800 0 0 0 0
1403222400 0 0 0 0
1403136000 0 0 0 0
1403049600 0 0 0 0
1402963200 0 0 0 0
1402876800 0 0 0 0
1402790400 0 0 0 0
1402704000 0 0 0 0
1402617600 0 0 0 0
1402531200 0 0 0 0
1402444800 0 0 0 0
1402358400 0 0 0 0
1402272000 0 0 0 0
1402185600 0 0 0 0
1402099200 0 0 0 0
1402012800 0 0 0 0
1401926400 0 0 0 0
1401840000 0 0 0 0
1401753600 0 0 0 0
1401667200 0 0 0 0
1401580800 0 0 0 0
1401494400 0 0 0 0
1401408000 0 0 0 0
1401321600 0 0 0 0
1401235200 0 0 0 0
1401148800 0 0 0 93
1401062400 0 0 0 0
1400976000 0 0 0 0
1400889600 0 0 0 0
1400803200 0 0 0 0
1400716800 0 0 0 0
1400630400 11 121 2099 26780
1400544000 0 0 0 0
1400457600 0 0 0 0
1400371200 0 0 0 0
1400284800 0 0 0 0
1400198400 0 0 0 0
1400112000 0 0 0 0
1400025600 0 0 0 0
1399939200 0 0 0 0
1399852800 0 0 0 0
1399766400 0 0 0 0
1399680000 0 0 0 0
1399593600 0 0 0 0
1399507200 0 0 0 0
1399420800 0 0 0 0
1399334400 0 0 0 0
1399248000 0 0 0 0
1399161600 0 0 0 0
1399075200 0 0 0 0
1398988800 0 0 0 0
1398902400 0 0 0 0
1398816000 0 0 0 0
1398729600 0 0 0 0
1398643200 0 0 0 0
1398556800 0 0 0 0
1398470400 0 0 0 0
1398384000 0 0 0 0
1398297600 0 0 0 0
1398211200 0 0 0 0
1398124800 0 0 0 0
1398038400 0 0 0 0
1397952000 0 0 0 0
1397865600 0 0 0 0
1397779200 0 0 0 0
1397692800 0 0 0 0
1397606400 0 0 0 0
1397520000 0 0 0 0
1397433600 0 0 0 0
1397347200 0 0 0 0
1397260800 0 0 0 0
1397174400 0 0 0 0
1397088000 0 0 0 0
1397001600 0 0 0 0
1396915200 0 0 0 0
1396828800 0 0 0 0
1396742400 0 0 0 0
1396656000 0 0 0 0
1396569600 0 0 0 0
1396483200 0 0 0 0
1396396800 0 0 0 0
1396310400 0 0 0 0
1396224000 0 0 0 0
1396137600 0 0 0 0
1396051200 0 0 0 0
1395964800 0 0 0 0
1395878400 0 0 0 0
1395792000 0 0 0 0
1395705600 0 0 0 0
1395619200 0 0 0 0
1395532800 0 0 0 0
1395446400 0 0 0 0
1395360000 0 0 0 0
1395273600 0 0 0 0
1395187200 0 0 0 0
1395100800 0 0 0 0
1395014400 0 0 0 0
1394928000 0 0 0 0
1394841600 0 0 0 0
1394755200 0 0 0 0
1394668800 0 0 0 0
1394582400 0 0 0 0
1394496000 0 0 0 0
1394409600 0 0 0 0
1394323200 0 0 0 0
1394236800 0 0 0 0
1394150400 0 0 0 0
1394064000 0 0 0 0
1393977600 0 0 0 0
1393891200 0 0 0 0
1393804800 0 0 0 0
1393718400 0 0 0 0
1393632000 0 0 0 0
1393545600 0 0 0 0
1393459200 0 0 0 0
1393372800 0 0 0 0
1393286400 0 0 0 0
1393200000 0 0 0 0
1393113600 0 0 0 0
1393027200 0 0 0 0
1392940800 0 0 0 0
1392854400 0 0 0 0
1392768000 0 0 0 0
1392681600 0 0 0 0
1392595200 0 0 0 0
1392508800 0 0 0 0
1392422400 0 0 0 0
1392336000 0 0 0 0
1392249600 0 0 0 0
1392163200 0 0 0 0
1392076800 0 0 0 0
1391990400 0 0 0 0
1391904000 0 0 0 0
1391817600 0 0 0 0
1391731200 0 0 0 0
1391644800 0 0 0 0
1391558400 0 0 0 0
1391472000 0 0 0 0
1391385600 0 0 0 0
1391299200 0 0 0 0
1391212800 0 0 0 0
1391126400 0 0 0 0
1391040000 0 0 0 0
1390953600 0 0 0 0
1390867200 0 0 0 0
1390780800 0 0 0 0
1390694400 0 0 0 0
1390608000 0 0 0 0
1390521600 0 0 0 0
1390435200 0 0 0 0
1390348800 0 0 0 0
1390262400 0 0 0 0
1390176000 0 0 0 0
1390089600 0 0 0 0
1390003200 0 0 0 0
1389916800 0 0 0 0
1389830400 0 0 0 0
1389744000 0 0 0 0
1389657600 0 0 0 0
1389571200 0 0 0 0
1389484800 0 0 0 0
1389398400 0 0 0 0
1389312000 0 0 0 0
1389225600 0 0 0 0
1389139200 0 0 0 0
1389052800 0 0 0 0
1388966400 0 0 0 0
1388880000 0 0 0 0
1388793600 0 0 0 0
1388707200 0 0 0 0
1388620800 0 0 0 0
1388534400 0 0 0 0
1388448000 0 0 0 0
1388361600 0 0 0 0
1388275200 0 0 0 0
1388188800 0 0 0 0
1388102400 0 0 0 0
1388016000 0 0 0 0
1387929600 0 0 0 0
1387843200 0 0 0 0
1387756800 0 0 0 0
1387670400 0 0 0 0
1387584000 0 0 0 0
1387497600 0 0 0 0
1387411200 0 0 0 0
1387324800 0 0 0 0
1387238400 0 0 0 0
1387152000 0 0 0 0
1387065600 0 0 0 0
1386979200 0 0 0 0
1386892800 0 0 0 0
1386806400 0 0 0 0
1386720000 0 0 0 0
1386633600 0 0 0 0
1386547200 0 0 0 0
1386460800 0 0 0 0
1386374400 0 0 0 0
1386288000 0 0 0 0
1386201600 0 0 0 0
1386115200 0 0 0 0
1386028800 0 0 0 0
1385942400 0 0 0 0
1385856000 0 0 0 0
1385769600 0 0 0 0
1385683200 0 0 0 0
1385596800 0 0 0 0
1385510400 0 0 0 0
1385424000 0 0 0 0
1385337600 0 0 0 0
1385251200 0 0 0 0
1385164800 0 0 0 0
1385078400 0 0 0 0
1384992000 0 0 0 0
1384905600 0 0 0 0
1384819200 0 0 0 0
1384732800 0 0 0 0
1384646400 0 0 0 0
1384560000 0 0 0 0
1384473600 0 0 0 0
1384387200 0 0 0 0
1384300800 0 0 0 0
1384214400 0 0 0 0
1384128000 0 0 0 0
1384041600 0 0 0 0
1383955200 0 0 0 0
1383868800 0 0 0 0
1383782400 0 0 0 0
1383696000 0 0 0 0
1383609600 0 0 0 0
1383523200 0 0 0 0
1383436800 0 0 0 0
1383350400 0 0 0 0
1383264000 0 0 0 0
1383177600 0 0 0 0
1383091200 0 0 0 0
1383004800 0 0 0 0
1382918400 0 0 0 0
1382832000 0 0 0 0
1382745600 0 0 0 0
1382659200 0 0 0 0
1382572800 0 0 0 0
1382486400 0 0 0 0
1382400000 0 0 0 0
1382313600 0 0 0 0
1382227200 0 0 0 0
1382140800 0 0 0 0
1382054400 0 0 0 0
1381968000 0 0 0 0
1381881600 0 0 0 0
1381795200 0 0 0 0
1381708800 0 0 0 0
1381622400 0 0 0 0
1381536000 0 0 0 0
1381449600 0 0 0 0
1381363200 0 0 0 0
1381276800 0 0 0 0
1381190400 0 0 0 0
1381104000 0 0 0 0
1381017600 0 0 0 0
1380931200 0 0 0 0
1380844800 0 0 0 0
1380758400 0 0 0 0
1380672000 0 0 0 0
1380585600 0 0 0 0
1380499200 0 0 0 0
1380412800 0 0 0 0
1380326400 0 0 0 0
1380240000 0 0 0 0
1380153600 0 0 0 0
1380067200 0 0 0 0
1379980800 0 0 0 0
1379894400 0 0 0 0
1379808000 0 0 0 0
1379721600 0 0 0 0
1379635200 0 0 0 0
1379548800 2 16 725 4729
1379462400 0 0 0 0
1379376000 0 0 0 0
1379289600 0 0 0 0
1379203200 0 0 0 0
1379116800 0 0 0 0
1379030400 0 0 0 0
1378944000 0 0 0 0
1378857600 0 0 0 0
1378771200 0 0 0 0
1378684800 0 0 0 0
1378598400 0 0 0 0
1378512000 0 0 0 0
1378425600 0 0 0 0
1378339200 0 0 0 0
1378252800 0 0 0 0
1378166400 0 0 0 0
1378080000 0 0 0 0
1377993600 0 0 0 0
1377907200 0 0 0 0
1377820800 0 0 0 0
1377734400 0 0 0 0
1377648000 0 0 0 0
1377561600 0 0 0 0
1377475200 0 0 0 0
1377388800 0 0 0 0
1377302400 0 0 0 0
1377216000 0 0 0 0
1377129600 0 0 0 0
1377043200 0 0 0 0
1376956800 0 0 0 0
1376870400 0 0 0 0
1376784000 0 0 0 0
1376697600 0 0 0 0
1376611200 0 0 0 0
1376524800 0 0 0 0
1376438400 0 0 0 0
1376352000 0 0 0 0
1376265600 0 0 0 0
1376179200 0 0 0 0
1376092800 0 0 0 0
1376006400 0 0 0 0
1375920000 0 0 0 0
1375833600 0 0 0 0
1375747200 0 0 0 0
1375660800 0 0 0 0
1375574400 0 0 0 0
1375488000 0 0 0 0
1375401600 0 0 0 0
1375315200 0 0 0 0
1375228800 0 0 0 0
1375142400 0 0 0 0
1375056000 0 0 0 0
1374969600 0 0 0 0
1374883200 0 0 0 0
1374796800 0 0 0 0
1374710400 0 0 0 0
1374624000 0 0 0 0
1374537600 0 0 0 0
1374451200 0 0 0 0
1374364800 0 0 0 0
1374278400 0 0 0 0
1374192000 0 0 0 0
1374105600 0 0 0 0
1374019200 0 0 0 0
1373932800 0 0 0 0
1373846400 0 0 0 0
1373760000 0 0 0 0
1373673600 0 0 0 0
1373587200 0 0 0 0
1373500800 0 0 0 0
1373414400 0 0 0 0
1373328000 0 0 0 0
1373241600 0 0 0 0
1373155200 0 0 0 0
1373068800 0 0 0 0
1372982400 0 0 0 0
1372896000 0 0 0 0
1372809600 0 0 0 0
1372723200 0 0 0 0
1372636800 0 0 0 0
1372550400 0 0 0 0
1372464000 0 0 0 0
1372377600 0 0 0 0
1372291200 0 0 0 0
1372204800 0 0 0 0
1372118400 0 0 0 0
1372032000 0 0 0 0
1371945600 0 0 0 0
1371859200 0 0 0 0
1371772800 0 0 0 0
1371686400 0 0 0 0
1371600000 0 0 0 0
1371513600 0 0 0 0
1371427200 0 0 0 0
1371340800 0 0 0 0
1371254400 0 0 0 0
1371168000 0 0 0 0
1371081600 0 0 0 0
1370995200 0 0 0 0
1370908800 0 0 0 0
1370822400 0 0 0 0
1370736000 0 0 0 0
1370649600 0 0 0 0
1370563200 0 0 0 0
1370476800 0 0 0 0
1370390400 0 0 0 0
1370304000 0 0 0 0
1370217600 0 0 0 0
1370131200 0 0 0 0
1370044800 0 0 0 0
1369958400 0 0 0 0
1369872000 0 0 0 0
1369785600 0 0 0 0
1369699200 0 0 0 0
1369612800 0 0 0 0
1369526400 0 0 0 0
1369440000 0 0 0 0
1369353600 0 0 0 0
1369267200 0 0 0 0
1369180800 0 0 0 0
1369094400 0 0 0 0
1369008000 0 0 0 0
1368921600 0 0 0 0
1368835200 0 0 0 0
1368748800 0 0 0 0
1368662400 0 0 0 0
1368576000 0 0 0 0
1368489600 0 0 0 0
1368403200 0 0 0 0
1368316800 0 0 0 0
1368230400 0 0 0 0
1368144000 0 0 0 0
1368057600 0 0 0 0
1367971200 0 0 0 0
1367884800 0 0 0 0
1367798400 0 0 0 0
1367712000 0 0 0 0
1367625600 0 0 0 0
1367539200 0 0 0 0
1367452800 0 0 0 0
1367366400 0 0 0 0
1367280000 0 0 0 0
1367193600 0 0 0 0
1367107200 0 0 0 0
1367020800 0 0 0 0
1366934400 0 0 0 0
1366848000 0 0 0 0
1366761600 0 0 0 0
1366675200 0 0 0 0
1366588800 0 0 0 0
1366502400 0 0 0 0
1366416000 0 0 0 0
1366329600 0 0 0 0
1366243200 0 0 0 0
1366156800 0 0 0 0
1366070400 0 0 0 0
1365984000 0 0 0 0
1365897600 0 0 0 0
1365811200 0 0 0 0
1365724800 0 0 0 0
1365638400 0 0 0 0
1365552000 0 0 0 0
1365465600 0 0 0 0
1365379200 0 0 0 0
1365292800 0 0 0 0
1365206400 0 0 0 0
1365120000 0 0 0 0
1365033600 0 0 0 0
1364947200 0 0 0 0
1364860800 0 0 0 0
1364774400 0 0 0 0
1364688000 0 0 0 0
1364601600 0 0 0 0
1364515200 0 0 0 0
1364428800 0 0 0 0
1364342400 0 0 0 0
1364256000 0 0 0 0
1364169600 0 0 0 0
1364083200 0 0 0 0
1363996800 0 0 0 0
1363910400 0 0 0 0
1363824000 0 0 0 0
1363737600 0 0 0 0
1363651200 0 0 0 0
1363564800 0 0 0 0
1363478400 0 0 0 0
1363392000 0 0 0 0
1363305600 0 0 0 0
1363219200 0 0 0 0
1363132800 0 0 0 0
1363046400 0 0 0 0
1362960000 0 0 0 0
1362873600 0 0 0 0
1362787200 0 0 0 0
1362700800 0 0 0 0
1362614400 0 0 0 0
1362528000 0 0 0 0
1362441600 0 0 0 0
1362355200 0 0 0 0
