1431190809 0 0
1431190809 0 0 0 0
1431176643 0 0 0 0
1431176400 0 0 0 0
1431176100 0 0 0 0
1431175800 0 0 0 0
1431175500 0 0 0 0
1431175200 0 0 0 0
1431174900 0 0 0 0
1431174600 0 0 0 0
1431174300 0 0 0 0
1431174000 0 0 0 0
1431173700 0 0 0 0
1431173400 0 0 0 0
1431173100 0 0 0 0
1431172800 0 0 0 0
1431172500 0 0 0 0
1431172200 0 0 0 0
1431171900 0 0 0 0
1431171600 0 0 0 0
1431171300 0 0 0 0
1431171000 0 0 0 0
1431170700 0 0 0 0
1431170400 0 0 0 0
1431170100 0 0 0 0
1431169800 0 0 0 0
1431169500 0 0 0 0
1431169200 0 0 0 0
1431168900 0 0 0 0
1431168600 0 0 0 0
1431168300 0 0 0 0
1431168000 0 0 0 0
1431167700 0 0 0 0
1431167400 0 0 0 0
1431167100 0 0 0 0
1431166800 0 0 0 0
1431166500 0 0 0 0
1431166200 0 0 0 0
1431165900 0 0 0 0
1431165600 0 0 0 0
1431165300 0 0 0 0
1431165000 0 0 0 0
1431164700 0 0 0 0
1431164400 0 0 0 0
1431164100 0 0 0 0
1431163800 0 0 0 0
1431163500 0 0 0 0
1431163200 0 0 0 0
1431162900 0 0 0 0
1431162600 0 0 0 0
1431162300 0 0 0 0
1431162000 0 0 0 0
1431161700 0 0 0 0
1431161400 0 0 0 0
1431161100 0 0 0 0
1431160800 0 0 0 0
1431160500 0 0 0 0
1431160200 0 0 0 0
1431159900 0 0 0 0
1431159600 0 0 0 0
1431159300 0 0 0 0
1431159000 0 0 0 0
1431158700 0 0 0 0
1431158400 0 0 0 0
1431158100 0 0 0 0
1431157800 0 0 0 0
1431157500 0 0 0 0
1431157200 0 0 0 0
1431156900 0 0 0 0
1431156600 0 0 0 0
1431156300 0 0 0 0
1431156000 0 0 0 0
1431155700 0 0 0 0
1431155400 0 0 0 0
1431155100 0 0 0 0
1431154800 0 0 0 0
1431154500 0 0 0 0
1431154200 0 0 0 0
1431153900 0 0 0 0
1431153600 0 0 0 0
1431153300 0 0 0 0
1431153000 0 0 0 0
1431152700 0 0 0 0
1431152400 0 0 0 0
1431152100 0 0 0 0
1431151800 0 0 0 0
1431151500 0 0 0 0
1431151200 0 0 0 0
1431150900 0 0 0 0
1431150600 0 0 0 0
1431150300 0 0 0 0
1431150000 0 0 0 0
1431149700 0 0 0 0
1431149400 0 0 0 0
1431149100 0 0 0 0
1431148800 0 0 0 0
1431148500 0 0 0 0
1431148200 0 0 0 0
1431147900 0 0 0 0
1431147600 0 0 0 0
1431147300 0 0 0 0
1431147000 0 0 0 0
1431146700 0 0 0 0
1431146400 0 0 0 0
1431146100 0 0 0 0
1431145800 0 0 0 0
1431145500 0 0 0 0
1431145200 0 0 0 0
1431144900 0 0 0 0
1431144600 0 0 0 0
1431144300 0 0 0 0
1431144000 0 0 0 0
1431143700 0 0 0 0
1431143400 0 0 0 0
1431143100 0 0 0 0
1431142800 0 0 0 0
1431142500 0 0 0 0
1431142200 0 0 0 0
1431141900 0 0 0 0
1431141600 0 0 0 0
1431141300 0 0 0 0
1431141000 0 0 0 0
1431140700 0 0 0 0
1431140400 0 0 0 0
1431140100 0 0 0 0
1431139800 0 0 0 0
1431139500 0 0 0 0
1431139200 0 0 0 0
1431138900 0 0 0 0
1431138600 0 0 0 0
1431138300 0 0 0 0
1431138000 0 0 0 0
1431137700 0 0 0 0
1431137400 0 0 0 0
1431137100 0 0 0 0
1431136800 0 0 0 0
1431136500 0 0 0 0
1431136200 0 0 0 0
1431135900 0 0 0 0
1431135600 0 0 0 0
1431135300 0 0 0 0
1431135000 0 0 0 0
1431134700 0 0 0 0
1431134400 0 0 0 0
1431134100 0 0 0 0
1431133800 0 0 0 0
1431133500 0 0 0 0
1431133200 0 0 0 0
1431132900 0 0 0 0
1431132600 0 0 0 0
1431132300 0 0 0 0
1431132000 0 0 0 0
1431131700 0 0 0 0
1431131400 0 0 0 0
1431131100 0 0 0 0
1431130800 0 0 0 0
1431130500 0 0 0 0
1431130200 0 0 0 0
1431129900 0 0 0 0
1431129600 0 0 0 0
1431129300 0 0 0 0
1431129000 0 0 0 0
1431128700 0 0 0 0
1431128400 0 0 0 0
1431128100 0 0 0 0
1431127800 0 0 0 0
1431127500 0 0 0 0
1431127200 0 0 0 0
1431126900 0 0 0 0
1431126600 0 0 0 0
1431126300 0 0 0 0
1431126000 0 0 0 0
1431125700 0 0 0 0
1431125400 0 0 0 0
1431125100 0 0 0 0
1431124800 0 0 0 0
1431124500 0 0 0 0
1431124200 0 0 0 0
1431123900 0 0 0 0
1431123600 0 0 0 0
1431123300 0 0 0 0
1431123000 0 0 0 0
1431122700 0 0 0 0
1431122400 0 0 0 0
1431122100 0 0 0 0
1431121800 0 0 0 0
1431121500 0 0 0 0
1431121200 0 0 0 0
1431120900 0 0 0 0
1431120600 0 0 0 0
1431120300 0 0 0 0
1431120000 0 0 0 0
1431119700 0 0 0 0
1431119400 0 0 0 0
1431119100 0 0 0 0
1431118800 0 0 0 0
1431118500 0 0 0 0
1431118200 0 0 0 0
1431117900 0 0 0 0
1431117600 0 0 0 0
1431117300 0 0 0 0
1431117000 0 0 0 0
1431116700 0 0 0 0
1431116400 0 0 0 0
1431116100 0 0 0 0
1431115800 0 0 0 0
1431115500 0 0 0 0
1431115200 0 0 0 0
1431114900 0 0 0 0
1431114600 0 0 0 0
1431114300 0 0 0 0
1431114000 0 0 0 0
1431113700 0 0 0 0
1431113400 0 0 0 0
1431113100 0 0 0 0
1431112800 0 0 0 0
1431112500 0 0 0 0
1431112200 0 0 0 0
1431111900 0 0 0 0
1431111600 0 0 0 0
1431111300 0 0 0 0
1431111000 0 0 0 0
1431110700 0 0 0 0
1431110400 0 0 0 0
1431110100 0 0 0 0
1431109800 0 0 0 0
1431109500 0 0 0 0
1431109200 0 0 0 0
1431108900 0 0 0 0
1431108600 0 0 0 0
1431108300 0 0 0 0
1431108000 0 0 0 0
1431107700 0 0 0 0
1431107400 0 0 0 0
1431107100 0 0 0 0
1431106800 0 0 0 0
1431106500 0 0 0 0
1431106200 0 0 0 0
1431105900 0 0 0 0
1431105600 0 0 0 0
1431105300 0 0 0 0
1431105000 0 0 0 0
1431104700 0 0 0 0
1431104400 0 0 0 0
1431104100 0 0 0 0
1431103800 0 0 0 0
1431103500 0 0 0 0
1431103200 0 0 0 0
1431102900 0 0 0 0
1431102600 0 0 0 0
1431102300 0 0 0 0
1431102000 0 0 0 0
1431101700 0 0 0 0
1431101400 0 0 0 0
1431101100 0 0 0 0
1431100800 0 0 0 0
1431100500 0 0 0 0
1431100200 0 0 0 0
1431099900 0 0 0 0
1431099600 0 0 0 0
1431099300 0 0 0 0
1431099000 0 0 0 0
1431098700 0 0 0 0
1431098400 0 0 0 0
1431098100 0 0 0 0
1431097800 0 0 0 0
1431097500 0 0 0 0
1431097200 0 0 0 0
1431096900 0 0 0 0
1431096600 0 0 0 0
1431096300 0 0 0 0
1431096000 0 0 0 0
1431095700 0 0 0 0
1431095400 0 0 0 0
1431095100 0 0 0 0
1431094800 0 0 0 0
1431094500 0 0 0 0
1431094200 0 0 0 0
1431093900 0 0 0 0
1431093600 0 0 0 0
1431093300 0 0 0 0
1431093000 0 0 0 0
1431092700 0 0 0 0
1431092400 0 0 0 0
1431092100 0 0 0 0
1431091800 0 0 0 0
1431091500 0 0 0 0
1431091200 0 0 0 0
1431090900 0 0 0 0
1431090600 0 0 0 0
1431090300 0 0 0 0
1431090000 0 0 0 0
1431089700 0 0 0 0
1431089400 0 0 0 0
1431089100 0 0 0 0
1431088800 0 0 0 0
1431088500 0 0 0 0
1431088200 0 0 0 0
1431087900 0 0 0 0
1431087600 0 0 0 0
1431087300 0 0 0 0
1431087000 0 0 0 0
1431086700 0 0 0 0
1431086400 0 0 0 0
1431086100 0 0 0 0
1431085800 0 0 0 0
1431085500 0 0 0 0
1431085200 0 0 0 0
1431084900 0 0 0 0
1431084600 0 0 0 0
1431084300 0 0 0 0
1431084000 0 0 0 0
1431083700 0 0 0 0
1431083400 0 0 0 0
1431083100 0 0 0 0
1431082800 0 0 0 0
1431082500 0 0 0 0
1431082200 0 0 0 0
1431081900 0 0 0 0
1431081600 0 0 0 0
1431081300 0 0 0 0
1431081000 0 0 0 0
1431080700 0 0 0 0
1431080400 0 0 0 0
1431080100 0 0 0 0
1431079800 0 0 0 0
1431079500 0 0 0 0
1431079200 0 0 0 0
1431078900 0 0 0 0
1431078600 0 0 0 0
1431078300 0 0 0 0
1431078000 0 0 0 0
1431077700 0 0 0 0
1431077400 0 0 0 0
1431077100 0 0 0 0
1431076800 0 0 0 0
1431076500 0 0 0 0
1431076200 0 0 0 0
1431075900 0 0 0 0
1431075600 0 0 0 0
1431075300 0 0 0 0
1431075000 0 0 0 0
1431074700 0 0 0 0
1431074400 0 0 0 0
1431074100 0 0 0 0
1431073800 0 0 0 0
1431073500 0 0 0 0
1431073200 0 0 0 0
1431072900 0 0 0 0
1431072600 0 0 0 0
1431072300 0 0 0 0
1431072000 0 0 0 0
1431071700 0 0 0 0
1431071400 0 0 0 0
1431071100 0 0 0 0
1431070800 0 0 0 0
1431070500 0 0 0 0
1431070200 0 0 0 0
1431069900 0 0 0 0
1431069600 0 0 0 0
1431069300 0 0 0 0
1431069000 0 0 0 0
1431068700 0 0 0 0
1431068400 0 0 0 0
1431068100 0 0 0 0
1431067800 0 0 0 0
1431067500 0 0 0 0
1431067200 0 0 0 0
1431066900 0 0 0 0
1431066600 0 0 0 0
1431066300 0 0 0 0
1431066000 0 0 0 0
1431065700 0 0 0 0
1431065400 0 0 0 0
1431065100 0 0 0 0
1431064800 0 0 0 0
1431064500 0 0 0 0
1431064200 0 0 0 0
1431063900 0 0 0 0
1431063600 0 0 0 0
1431063300 0 0 0 0
1431063000 0 0 0 0
1431062700 0 0 0 0
1431062400 0 0 0 0
1431062100 0 0 0 0
1431061800 0 0 0 0
1431061500 0 0 0 0
1431061200 0 0 0 0
1431060900 0 0 0 0
1431060600 0 0 0 0
1431060300 0 0 0 0
1431060000 0 0 0 0
1431059700 0 0 0 0
1431059400 0 0 0 0
1431059100 0 0 0 0
1431058800 0 0 0 0
1431058500 0 0 0 0
1431058200 0 0 0 0
1431057900 0 0 0 0
1431057600 0 0 0 0
1431057300 0 0 0 0
1431057000 0 0 0 0
1431056700 0 0 0 0
1431056400 0 0 0 0
1431056100 0 0 0 0
1431055800 0 0 0 0
1431055500 0 0 0 0
1431055200 0 0 0 0
1431054900 0 0 0 0
1431054600 0 0 0 0
1431054300 0 0 0 0
1431054000 0 0 0 0
1431053700 0 0 0 0
1431053400 0 0 0 0
1431053100 0 0 0 0
1431052800 0 0 0 0
1431052500 0 0 0 0
1431052200 0 0 0 0
1431051900 0 0 0 0
1431051600 0 0 0 0
1431051300 0 0 0 0
1431051000 0 0 0 0
1431050700 0 0 0 0
1431050400 0 0 0 0
1431050100 0 0 0 0
1431049800 0 0 0 0
1431049500 0 0 0 0
1431049200 0 0 0 0
1431048900 0 0 0 0
1431048600 0 0 0 0
1431048300 0 0 0 0
1431048000 0 0 0 0
1431047700 0 0 0 0
1431047400 0 0 0 0
1431047100 0 0 0 0
1431046800 0 0 0 0
1431046500 0 0 0 0
1431046200 0 0 0 0
1431045900 0 0 0 0
1431045600 0 0 0 0
1431045300 0 0 0 0
1431045000 0 0 0 0
1431044700 0 0 0 0
1431044400 0 0 0 0
1431044100 0 0 0 0
1431043800 0 0 0 0
1431043500 0 0 0 0
1431043200 0 0 0 0
1431042900 0 0 0 0
1431042600 0 0 0 0
1431042300 0 0 0 0
1431042000 0 0 0 0
1431041700 0 0 0 0
1431041400 0 0 0 0
1431041100 0 0 0 0
1431040800 0 0 0 0
1431040500 0 0 0 0
1431040200 0 0 0 0
1431039900 0 0 0 0
1431039600 0 0 0 0
1431039300 0 0 0 0
1431039000 0 0 0 0
1431038700 0 0 0 0
1431038400 0 0 0 0
1431038100 0 0 0 0
1431037800 0 0 0 0
1431037500 0 0 0 0
1431037200 0 0 0 0
1431036900 0 0 0 0
1431036600 0 0 0 0
1431036300 0 0 0 0
1431036000 0 0 0 0
1431035700 0 0 0 0
1431035400 0 0 0 0
1431035100 0 0 0 0
1431034800 0 0 0 0
1431034500 0 0 0 0
1431034200 0 0 0 0
1431033900 0 0 0 0
1431033600 0 0 0 0
1431033300 0 0 0 0
1431033000 0 0 0 0
1431032700 0 0 0 0
1431032400 0 0 0 0
1431032100 0 0 0 0
1431031800 0 0 0 0
1431031500 0 0 0 0
1431031200 0 0 0 0
1431030900 0 0 0 0
1431030600 0 0 0 0
1431030300 0 0 0 0
1431030000 0 0 0 0
1431029700 0 0 0 0
1431029400 0 0 0 0
1431029100 0 0 0 0
1431028800 0 0 0 0
1431028500 0 0 0 0
1431028200 0 0 0 0
1431027900 0 0 0 0
1431027600 0 0 0 0
1431027300 0 0 0 0
1431027000 0 0 0 0
1431026700 0 0 0 0
1431026400 0 0 0 0
1431026100 0 0 0 0
1431025800 0 0 0 0
1431025500 0 0 0 0
1431025200 0 0 0 0
1431024900 0 0 0 0
1431024600 0 0 0 0
1431024300 0 0 0 0
1431024000 0 0 0 0
1431023700 0 0 0 0
1431023400 0 0 0 0
1431023100 0 0 0 0
1431022800 0 0 0 0
1431022500 0 0 0 0
1431022200 0 0 0 0
1431021900 0 0 0 0
1431021600 0 0 0 0
1431021300 0 0 0 0
1431021000 0 0 0 0
1431020700 0 0 0 0
1431020400 0 0 0 0
1431020100 0 0 0 0
1431019800 0 0 0 0
1431019500 0 0 0 0
1431019200 0 0 0 0
1431018900 0 0 0 0
1431018600 0 0 0 0
1431018300 0 0 0 0
1431018000 0 0 0 0
1431017700 0 0 0 0
1431017400 0 0 0 0
1431017100 0 0 0 0
1431016800 0 0 0 0
1431016500 0 0 0 0
1431016200 0 0 0 0
1431015900 0 0 0 0
1431015600 0 0 0 0
1431015300 0 0 0 0
1431015000 0 0 0 0
1431014700 0 0 0 0
1431014400 0 0 0 0
1431014100 0 0 0 0
1431013800 0 0 0 0
1431013500 0 0 0 0
1431013200 0 0 0 0
1431012900 0 0 0 0
1431012600 0 0 0 0
1431012300 0 0 0 0
1431012000 0 0 0 0
1431011700 0 0 0 0
1431011400 0 0 0 0
1431011100 0 0 0 0
1431010800 0 0 0 0
1431010500 0 0 0 0
1431010200 0 0 0 0
1431009900 0 0 0 0
1431009600 0 0 0 0
1431009300 0 0 0 0
1431009000 0 0 0 0
1431008700 0 0 0 0
1431008400 0 0 0 0
1431008100 0 0 0 0
1431007800 0 0 0 0
1431007500 0 0 0 0
1431007200 0 0 0 0
1431006900 0 0 0 0
1431006600 0 0 0 0
1431006300 0 0 0 0
1431006000 0 0 0 0
1431005700 0 0 0 0
1431005400 0 0 0 0
1431005100 0 0 0 0
1431004800 0 0 0 0
1431004500 0 0 0 0
1431004200 0 0 0 0
1431003900 0 0 0 0
1431003600 0 0 0 0
1431003300 0 0 0 0
1431003000 0 0 0 0
1431002700 0 0 0 0
1431002400 0 0 0 0
1431002100 0 0 0 0
1431001800 0 0 0 0
1431001500 0 0 0 0
1431001200 0 0 0 0
1431000900 0 0 0 0
1431000600 0 0 0 0
1431000300 0 0 0 0
1431000000 0 0 0 0
1430999700 0 0 0 0
1430999400 0 0 0 0
1430999100 0 0 0 0
1430998800 0 0 0 0
1430998500 0 0 0 0
1430998200 0 0 0 0
1430997900 0 0 0 0
1430997600 0 0 0 0
1430997300 0 0 0 0
1430997000 0 0 0 0
1430996700 0 0 0 0
1430996400 0 0 0 0
1430994600 0 0 0 0
1430992800 0 0 0 0
1430991000 0 0 0 0
1430989200 0 0 0 0
1430987400 0 0 0 0
1430985600 0 0 0 0
1430983800 0 0 0 0
1430982000 0 0 0 0
1430980200 0 0 0 0
1430978400 0 0 0 0
1430976600 0 0 0 0
1430974800 0 0 0 0
1430973000 0 0 0 0
1430971200 0 0 0 0
1430969400 0 0 0 0
1430967600 0 0 0 0
1430965800 0 0 0 0
1430964000 0 0 0 0
1430962200 0 0 0 0
1430960400 0 0 0 0
1430958600 0 0 0 0
1430956800 0 0 0 0
1430955000 0 0 0 0
1430953200 0 0 0 0
1430951400 0 0 0 0
1430949600 0 0 0 0
1430947800 0 0 0 0
1430946000 0 0 0 0
1430944200 0 0 0 0
1430942400 0 0 0 0
1430940600 0 0 0 0
1430938800 0 0 0 0
1430937000 0 0 0 0
1430935200 0 0 0 0
1430933400 0 0 0 0
1430931600 0 0 0 0
1430929800 0 0 0 0
1430928000 0 0 0 0
1430926200 0 0 0 0
1430924400 0 0 0 0
1430922600 0 0 0 0
1430920800 0 0 0 0
1430919000 0 0 0 0
1430917200 0 0 0 0
1430915400 0 0 0 0
1430913600 0 0 0 0
1430911800 0 0 0 0
1430910000 0 0 0 0
1430908200 0 0 0 0
1430906400 0 0 0 0
1430904600 0 0 0 0
1430902800 0 0 0 0
1430901000 0 0 0 0
1430899200 0 0 0 0
1430897400 0 0 0 0
1430895600 0 0 0 0
1430893800 0 0 0 0
1430892000 0 0 0 0
1430890200 0 0 0 0
1430888400 0 0 0 0
1430886600 0 0 0 0
1430884800 0 0 0 0
1430883000 0 0 0 0
1430881200 0 0 0 0
1430879400 0 0 0 0
1430877600 0 0 0 0
1430875800 0 0 0 0
1430874000 0 0 0 0
1430872200 0 0 0 0
1430870400 0 0 0 0
1430868600 0 0 0 0
1430866800 0 0 0 0
1430865000 0 0 0 0
1430863200 0 0 0 0
1430861400 0 0 0 0
1430859600 0 0 0 0
1430857800 0 0 0 0
1430856000 0 0 0 0
1430854200 0 0 0 0
1430852400 0 0 0 0
1430850600 0 0 0 0
1430848800 0 0 0 0
1430847000 0 0 0 0
1430845200 0 0 0 0
1430843400 0 0 0 0
1430841600 0 0 0 0
1430839800 0 0 0 0
1430838000 0 0 0 0
1430836200 0 0 0 0
1430834400 0 0 0 0
1430832600 0 0 0 0
1430830800 0 0 0 0
1430829000 0 0 0 0
1430827200 0 0 0 0
1430825400 0 0 0 0
1430823600 0 0 0 0
1430821800 0 0 0 0
1430820000 0 0 0 0
1430818200 0 0 0 0
1430816400 0 0 0 0
1430814600 0 0 0 0
1430812800 0 0 0 0
1430811000 0 0 0 0
1430809200 0 0 0 0
1430807400 0 0 0 0
1430805600 0 0 0 0
1430803800 0 0 0 0
1430802000 0 0 0 0
1430800200 0 0 0 0
1430798400 0 0 0 0
1430796600 0 0 0 0
1430794800 0 0 0 0
1430793000 0 0 0 0
1430791200 0 0 0 0
1430789400 0 0 0 0
1430787600 0 0 0 0
1430785800 0 0 0 0
1430784000 0 0 0 0
1430782200 0 0 0 0
1430780400 0 0 0 0
1430778600 0 0 0 0
1430776800 0 0 0 0
1430775000 0 0 0 0
1430773200 0 0 0 0
1430771400 0 0 0 0
1430769600 0 0 0 0
1430767800 0 0 0 0
1430766000 0 0 0 0
1430764200 0 0 0 0
1430762400 0 0 0 0
1430760600 0 0 0 0
1430758800 0 0 0 0
1430757000 0 0 0 0
1430755200 0 0 0 0
1430753400 0 0 0 0
1430751600 0 0 0 0
1430749800 0 0 0 0
1430748000 0 0 0 0
1430746200 0 0 0 0
1430744400 0 0 0 0
1430742600 0 0 0 0
1430740800 0 0 0 0
1430739000 0 0 0 0
1430737200 0 0 0 0
1430735400 0 0 0 0
1430733600 0 0 0 0
1430731800 0 0 0 0
1430730000 0 0 0 0
1430728200 0 0 0 0
1430726400 0 0 0 0
1430724600 0 0 0 0
1430722800 0 0 0 0
1430721000 0 0 0 0
1430719200 0 0 0 0
1430717400 0 0 0 0
1430715600 0 0 0 0
1430713800 0 0 0 0
1430712000 0 0 0 0
1430710200 0 0 0 0
1430708400 0 0 0 0
1430706600 0 0 0 0
1430704800 0 0 0 0
1430703000 0 0 0 0
1430701200 0 0 0 0
1430699400 0 0 0 0
1430697600 0 0 0 0
1430695800 0 0 0 0
1430694000 0 0 0 0
1430692200 0 0 0 0
1430690400 0 0 0 0
1430688600 0 0 0 0
1430686800 0 0 0 0
1430685000 0 0 0 0
1430683200 0 0 0 0
1430681400 0 0 0 0
1430679600 0 0 0 0
1430677800 0 0 0 0
1430676000 0 0 0 0
1430674200 0 0 0 0
1430672400 0 0 0 0
1430670600 0 0 0 0
1430668800 0 0 0 0
1430667000 0 0 0 0
1430665200 0 0 0 0
1430663400 0 0 0 0
1430661600 0 0 0 0
1430659800 0 0 0 0
1430658000 0 0 0 0
1430656200 0 0 0 0
1430654400 0 0 0 0
1430652600 0 0 0 0
1430650800 0 0 0 0
1430649000 0 0 0 0
1430647200 0 0 0 0
1430645400 0 0 0 0
1430643600 0 0 0 0
1430641800 0 0 0 0
1430640000 0 0 0 0
1430638200 0 0 0 0
1430636400 0 0 0 0
1430634600 0 0 0 0
1430632800 0 0 0 0
1430631000 0 0 0 0
1430629200 0 0 0 0
1430627400 0 0 0 0
1430625600 0 0 0 0
1430623800 0 0 0 0
1430622000 0 0 0 0
1430620200 0 0 0 0
1430618400 0 0 0 0
1430616600 0 0 0 0
1430614800 0 0 0 0
1430613000 0 0 0 0
1430611200 0 0 0 0
1430609400 0 0 0 0
1430607600 0 0 0 0
1430605800 0 0 0 0
1430604000 0 0 0 0
1430602200 0 0 0 0
1430600400 0 0 0 0
1430598600 0 0 0 0
1430596800 0 0 0 0
1430595000 0 0 0 0
1430593200 0 0 0 0
1430591400 0 0 0 0
1430589600 0 0 0 0
1430587800 0 0 0 0
1430586000 0 0 0 0
1430584200 0 0 0 0
1430582400 0 0 0 0
1430580600 0 0 0 0
1430578800 0 0 0 0
1430577000 0 0 0 0
1430575200 0 0 0 0
1430573400 0 0 0 0
1430571600 0 0 0 0
1430569800 0 0 0 0
1430568000 0 0 0 0
1430566200 0 0 0 0
1430564400 0 0 0 0
1430562600 0 0 0 0
1430560800 0 0 0 0
1430559000 0 0 0 0
1430557200 0 0 0 0
1430555400 0 0 0 0
1430553600 0 0 0 0
1430551800 0 0 0 0
1430550000 0 0 0 0
1430548200 0 0 0 0
1430546400 0 0 0 0
1430544600 0 0 0 0
1430542800 0 0 0 0
1430541000 0 0 0 0
1430539200 0 0 0 0
1430537400 0 0 0 0
1430535600 0 0 0 0
1430533800 0 0 0 0
1430532000 0 0 0 0
1430530200 0 0 0 0
1430528400 0 0 0 0
1430526600 0 0 0 0
1430524800 0 0 0 0
1430523000 0 0 0 0
1430521200 0 0 0 0
1430519400 0 0 0 0
1430517600 0 0 0 0
1430515800 0 0 0 0
1430514000 0 0 0 0
1430512200 0 0 0 0
1430510400 0 0 0 0
1430508600 0 0 0 0
1430506800 0 0 0 0
1430505000 0 0 0 0
1430503200 0 0 0 0
1430501400 0 0 0 0
1430499600 0 0 0 0
1430497800 0 0 0 0
1430496000 0 0 0 0
1430494200 0 0 0 0
1430492400 0 0 0 0
1430490600 0 0 0 0
1430488800 0 0 0 0
1430487000 0 0 0 0
1430485200 0 0 0 0
1430483400 0 0 0 0
1430481600 0 0 0 0
1430479800 0 0 0 0
1430478000 0 0 0 0
1430476200 0 0 0 0
1430474400 0 0 0 0
1430472600 0 0 0 0
1430470800 0 0 0 0
1430469000 0 0 0 0
1430467200 0 0 0 0
1430465400 0 0 0 0
1430463600 0 0 0 0
1430461800 0 0 0 0
1430460000 0 0 0 0
1430458200 0 0 0 0
1430456400 0 0 0 0
1430454600 0 0 0 0
1430452800 0 0 0 0
1430451000 0 0 0 0
1430449200 0 0 0 0
1430447400 0 0 0 0
1430445600 0 0 0 0
1430443800 0 0 0 0
1430442000 0 0 0 0
1430440200 0 0 0 0
1430438400 0 0 0 0
1430436600 0 0 0 0
1430434800 0 0 0 0
1430433000 0 0 0 0
1430431200 0 0 0 0
1430429400 0 0 0 0
1430427600 0 0 0 0
1430425800 0 0 0 0
1430424000 0 0 0 0
1430422200 0 0 0 0
1430420400 0 0 0 0
1430418600 0 0 0 0
1430416800 0 0 0 0
1430415000 0 0 0 0
1430413200 0 0 0 0
1430411400 0 0 0 0
1430409600 0 0 0 0
1430407800 0 0 0 0
1430406000 0 0 0 0
1430404200 0 0 0 0
1430402400 0 0 0 0
1430400600 0 0 0 0
1430398800 0 0 0 0
1430397000 0 0 0 0
1430395200 0 0 0 0
1430393400 0 0 0 0
1430391600 0 0 0 0
1430389800 0 0 0 0
1430388000 0 0 0 0
1430386200 0 0 0 0
1430384400 0 0 0 0
1430382600 0 0 0 0
1430380800 0 0 0 0
1430379000 0 0 0 0
1430377200 0 0 0 0
1430375400 0 0 0 0
1430373600 0 0 0 0
1430371800 0 0 0 0
1430370000 0 0 0 0
1430368200 0 0 0 0
1430366400 0 0 0 0
1430364600 0 0 0 0
1430362800 0 0 0 0
1430361000 0 0 0 0
1430359200 0 0 0 0
1430357400 0 0 0 0
1430355600 0 0 0 0
1430353800 0 0 0 0
1430352000 0 0 0 0
1430350200 0 0 0 0
1430348400 0 0 0 0
1430346600 0 0 0 0
1430344800 0 0 0 0
1430343000 0 0 0 0
1430341200 0 0 0 0
1430339400 0 0 0 0
1430337600 0 0 0 0
1430335800 0 0 0 0
1430334000 0 0 0 0
1430332200 0 0 0 0
1430330400 0 0 0 0
1430328600 0 0 0 0
1430326800 0 0 0 0
1430325000 0 0 0 0
1430323200 0 0 0 0
1430321400 0 0 0 0
1430319600 0 0 0 0
1430317800 0 0 0 0
1430316000 0 0 0 0
1430314200 0 0 0 0
1430312400 0 0 0 0
1430310600 0 0 0 0
1430308800 0 0 0 0
1430307000 0 0 0 0
1430305200 0 0 0 0
1430303400 0 0 0 0
1430301600 0 0 0 0
1430299800 0 0 0 0
1430298000 0 0 0 0
1430296200 0 0 0 0
1430294400 0 0 0 0
1430292600 0 0 0 0
1430290800 0 0 0 0
1430289000 0 0 0 0
1430287200 0 0 0 0
1430285400 0 0 0 0
1430283600 0 0 0 0
1430281800 0 0 0 0
1430280000 0 0 0 0
1430278200 0 0 0 0
1430276400 0 0 0 0
1430274600 0 0 0 0
1430272800 0 0 0 0
1430271000 0 0 0 0
1430269200 5 475 8 593
1430267400 8 593 8 593
1430265600 8 593 8 593
1430263800 8 593 8 593
1430262000 8 593 8 593
1430260200 8 593 8 593
1430258400 8 584 8 593
1430256600 8 415 8 565
1430254800 8 540 10 770
1430253000 8 682 10 794
1430251200 8 699 8 901
1430249400 8 734 8 901
1430247600 8 576 8 721
1430245800 8 714 8 916
1430244000 8 731 8 998
1430242200 8 690 8 754
1430240400 8 668 8 811
1430238600 8 622 8 746
1430236800 8 678 8 932
1430235000 8 646 8 833
1430233200 8 750 8 1084
1430231400 8 765 8 1123
1430229600 8 598 8 712
1430227800 8 777 8 1304
1430226000 8 896 8 1304
1430224200 8 560 8 715
1430222400 8 719 8 1135
1430220600 8 370 8 403
1430218800 8 391 8 543
1430217000 8 357 8 406
1430215200 8 346 8 394
1430213400 8 343 8 396
1430211600 8 351 8 398
1430209800 8 360 8 436
1430208000 8 351 8 418
1430206200 8 354 8 418
1430204400 8 349 8 407
1430202600 8 355 8 437
1430200800 9 357 22 390
1430199000 7 357 8 423
1430197200 8 362 8 395
1430195400 8 353 8 397
1430193600 8 347 8 376
1430191800 8 347 8 382
1430190000 8 385 8 454
1430188200 8 446 8 540
1430186400 8 442 8 469
1430184600 8 436 8 496
1430182800 8 495 8 550
1430181000 8 478 8 587
1430179200 8 477 8 546
1430177400 8 468 8 524
1430175600 8 479 8 535
1430173800 8 482 8 572
1430172000 8 455 8 551
1430170200 8 492 8 589
1430168400 8 630 8 971
1430166600 8 707 11 1231
1430164800 8 639 8 748
1430163000 8 639 8 767
1430161200 8 819 8 1094
1430159400 8 685 8 847
1430157600 8 708 8 1210
1430155800 8 719 8 945
1430154000 8 694 8 813
1430152200 8 600 8 666
1430150400 8 623 8 830
1430148600 8 643 8 830
1430146800 8 701 8 900
1430145000 8 642 8 713
1430143200 8 701 8 937
1430141400 8 706 8 880
1430139600 8 782 8 935
1430137800 8 682 8 863
1430136000 8 597 8 905
1430134200 8 347 8 485
1430132400 8 307 8 452
1430130600 8 282 8 330
1430128800 8 277 8 306
1430127000 8 274 8 304
1430125200 8 281 8 316
1430123400 8 282 8 335
1430121600 8 275 8 316
1430119800 8 271 8 296
1430118000 8 287 8 331
1430116200 8 323 8 548
1430114400 8 276 20 313
1430112600 7 269 8 289
1430110800 8 286 8 338
1430109000 8 295 8 343
1430107200 8 277 8 308
1430105400 8 269 8 289
1430103600 8 276 8 311
1430101800 8 283 8 326
1430100000 8 271 8 293
1430098200 8 269 8 291
1430096400 8 281 8 308
1430094600 8 288 8 341
1430092800 8 272 8 288
1430091000 8 271 8 297
1430089200 8 277 8 294
1430087400 8 282 8 325
1430085600 8 271 8 290
1430083800 8 276 8 303
1430082000 8 276 8 308
1430080200 8 286 11 339
1430078400 8 277 8 302
1430076600 8 272 8 284
1430074800 8 281 8 299
1430073000 8 283 8 317
1430071200 8 274 8 306
1430069400 8 266 8 279
1430067600 8 285 8 307
1430065800 8 282 8 322
1430064000 8 275 8 312
1430062200 8 266 8 295
1430060400 8 291 8 342
1430058600 8 290 8 317
1430056800 8 276 8 306
1430055000 8 277 8 299
1430053200 8 279 8 289
1430051400 8 288 8 319
1430049600 8 287 8 314
1430047800 8 271 8 292
1430046000 8 288 8 311
1430044200 8 290 8 316
1430042400 8 283 8 309
1430040600 8 273 8 293
1430038800 8 282 8 305
1430037000 8 289 8 339
1430035200 8 283 8 321
1430033400 8 309 8 458
1430031600 8 309 8 406
1430029800 8 285 8 325
1430028000 8 278 20 303
1430026200 8 279 8 306
1430024400 8 290 8 343
1430022600 8 283 8 346
1430020800 8 287 8 307
1430019000 8 284 8 314
1430017200 8 280 8 305
1430015400 8 291 8 361
1430013600 8 277 8 297
1430011800 8 270 8 301
1430010000 8 336 8 541
1430008200 8 325 8 368
1430006400 8 296 8 331
1430004600 8 289 8 322
1430002800 8 295 8 318
1430001000 8 306 8 341
1429999200 8 288 8 315
1429997400 8 293 8 320
1429995600 8 293 8 552
1429993800 11 398 31 552
1429992000 8 345 8 391
1429990200 8 412 8 600
1429988400 8 446 17 1039
1429986600 8 420 8 891
1429984800 8 385 8 995
1429983000 8 410 8 878
1429981200 8 382 8 494
1429979400 8 362 8 606
1429977600 4 427 15 606
1429975800 5 369 8 457
1429974000 8 300 8 354
1429972200 8 365 8 533
1429970400 8 378 8 573
1429968600 8 476 8 855
1429966800 8 267 8 301
1429965000 8 262 8 279
1429963200 8 264 8 274
1429961400 8 264 8 292
1429959600 8 264 8 285
1429957800 8 260 8 285
1429956000 8 264 8 285
1429954200 8 272 8 296
1429952400 8 266 8 283
1429950600 8 262 8 281
1429948800 8 270 8 285
1429947000 8 263 8 278
1429945200 8 307 8 516
1429943400 8 265 8 284
1429941600 8 263 22 278
1429939800 7 263 8 281
1429938000 8 272 8 288
1429936200 8 272 8 296
1429934400 8 279 8 331
1429932600 8 263 8 283
1429930800 8 259 8 284
1429929000 8 274 8 338
1429927200 8 270 8 298
1429925400 8 281 8 329
1429923600 8 269 8 282
1429921800 8 275 8 300
1429920000 8 269 8 291
1429918200 8 261 8 277
1429916400 8 262 8 283
1429912800 8 474 8 921
1429905600 8 861 8 1253
1429898400 8 965 8 1339
1429891200 8 1014 11 1399
1429884000 8 1083 8 1583
1429876800 8 548 8 1411
1429869600 8 337 8 393
1429862400 8 337 8 411
1429855200 7 343 20 469
1429848000 8 342 8 412
1429840800 8 346 8 396
1429833600 8 345 8 427
1429826400 8 547 8 838
1429819200 8 987 8 1163
1429812000 8 972 8 1439
1429804800 8 986 11 1636
1429797600 8 916 8 1636
1429790400 8 457 8 798
1429783200 8 324 8 363
1429776000 8 322 8 388
1429768800 7 337 35 424
1429761600 8 359 8 434
1429754400 8 412 8 547
1429747200 8 413 8 539
1429740000 8 554 8 850
1429732800 8 753 8 1007
1429725600 8 774 8 1165
1429718400 8 835 11 1088
1429711200 8 864 8 1476
1429704000 8 451 8 1292
1429696800 8 308 8 350
1429689600 8 313 8 367
1429682400 7 313 21 392
1429675200 8 314 8 385
1429668000 8 320 8 431
1429660800 8 312 8 409
1429653600 8 610 8 907
1429646400 8 1092 8 1432
1429639200 8 1161 8 1562
1429632000 8 1037 11 1513
1429624800 8 1058 8 1566
1429617600 8 488 8 1173
1429610400 8 343 8 395
1429603200 8 337 8 385
1429596000 7 360 22 455
1429588800 8 407 8 509
1429581600 8 413 8 584
1429574400 8 404 8 459
1429567200 8 474 8 1186
1429560000 8 903 8 1269
1429552800 8 928 8 1588
1429545600 8 992 11 1303
1429538400 8 1025 8 1757
1429531200 8 495 8 897
1429524000 8 378 8 478
1429516800 8 380 8 438
1429509600 7 380 21 460
1429502400 8 376 8 490
1429495200 8 374 8 438
1429488000 8 366 8 431
1429480800 8 370 8 421
1429473600 8 366 8 411
1429466400 8 372 8 436
1429459200 8 370 10 434
1429452000 8 373 8 451
1429444800 8 377 8 421
1429437600 8 380 8 459
1429430400 8 374 8 569
1429423200 7 360 20 448
1429416000 8 355 8 448
1429408800 8 357 8 404
1429401600 8 355 8 454
1429394400 8 351 8 417
1429387200 7 349 9 399
1429380000 8 348 8 404
1429372800 8 349 11 402
1429365600 8 345 8 388
1429358400 8 350 8 408
1429351200 8 344 8 411
1429344000 8 355 8 473
1429336800 7 358 20 407
1429329600 8 365 8 444
1429322400 8 349 8 397
1429315200 8 357 8 478
1429308000 8 428 8 977
1429300800 8 650 8 991
1429293600 8 677 8 976
1429286400 8 677 11 871
1429279200 8 823 8 1269
1429272000 8 553 8 793
1429264800 8 439 8 501
1429257600 8 444 8 533
1429250400 7 446 21 548
1429243200 8 450 8 581
1429236000 8 460 8 566
1429228800 8 460 8 740
1429221600 8 661 8 1107
1429214400 8 1145 8 1359
1429207200 8 1166 8 1521
1429200000 8 1158 11 1449
1429192800 8 1242 8 1876
1429185600 8 670 8 1448
1429178400 8 416 8 517
1429171200 8 445 8 578
1429164000 7 468 20 592
1429156800 8 505 8 771
1429149600 8 579 8 936
1429142400 8 609 8 857
1429135200 7 1133 10 1522
1429128000 8 1498 8 2212
1429120800 8 1533 8 1911
1429113600 8 1668 20 2391
1429106400 8 2016 9 8016
1429099200 8 707 8 1345
1429092000 8 550 8 658
1429084800 8 539 8 844
1429077600 7 515 22 1050
1429070400 8 550 8 732
1429063200 8 597 8 747
1429056000 8 641 8 998
1429048800 8 679 8 937
1429041600 8 882 8 1234
1429034400 8 1075 8 1491
1429027200 8 1000 11 1433
1429020000 8 1011 8 1383
1429012800 8 625 8 935
1429005600 8 554 8 619
1428998400 8 562 8 700
1428991200 7 628 20 733
1428984000 8 662 8 835
1428976800 8 662 8 810
1428969600 8 775 8 1402
1428962400 8 879 8 1636
1428955200 8 1638 8 2135
1428948000 8 1449 8 2705
1428940800 8 1430 11 1968
1428933600 8 1092 11 1830
1428926400 8 368 8 842
1428919200 8 246 8 295
1428912000 8 252 8 317
1428904800 7 253 22 364
1428897600 8 244 8 328
1428890400 8 256 8 318
1428883200 8 250 8 332
1428876000 8 254 8 320
1428868800 7 254 9 337
1428861600 8 254 8 314
1428854400 8 268 8 453
1428847200 8 248 11 318
1428840000 8 245 8 305
1428832800 8 253 8 350
1428825600 8 245 8 320
1428818400 7 249 22 320
1428811200 8 246 8 336
1428804000 8 252 8 336
1428796800 8 243 8 301
1428789600 8 251 8 295
1428782400 8 250 8 315
1428775200 8 248 8 313
1428768000 8 248 8 321
1428760800 8 243 9 333
1428753600 8 244 8 344
1428746400 8 247 8 332
1428739200 8 255 8 376
1428732000 7 274 20 631
1428724800 8 250 8 312
1428717600 8 251 8 363
1428710400 8 256 8 335
1428703200 8 463 8 1038
1428696000 8 864 8 1139
1428688800 8 852 8 1255
1428681600 8 887 8 1126
1428674400 8 840 11 1342
1428667200 8 553 8 1057
1428660000 8 329 8 467
1428652800 8 345 8 487
1428645600 7 338 20 404
1428638400 8 347 8 518
1428631200 8 1635 20 2157
1428624000 8 2157 8 2157
1428616800 8 691 8 2157
1428609600 8 912 8 1383
1428602400 8 1173 8 1973
1428595200 8 1077 8 1542
1428588000 8 1014 11 1344
1428580800 7 556 8 1130
1428573600 8 370 8 434
1428566400 8 375 8 418
1428559200 7 372 22 451
1428552000 8 409 8 530
1428544800 8 434 8 618
1428537600 8 433 8 538
1428530400 8 517 8 885
1428523200 8 908 8 1325
1428516000 8 849 8 1348
1428508800 8 713 8 990
1428501600 8 768 11 1096
1428494400 8 343 8 788
1428487200 8 261 8 311
1428480000 8 260 8 310
1428472800 7 268 22 361
1428465600 8 264 8 350
1428458400 7 267 9 319
1428451200 8 269 8 563
1428444000 8 460 8 798
1428436800 8 697 8 1052
1428429600 8 683 8 950
1428422400 8 713 8 1124
1428415200 8 740 11 1121
1428408000 8 426 8 975
1428400800 8 269 8 338
1428393600 8 292 8 442
1428386400 7 273 20 320
1428379200 8 274 8 359
1428372000 8 275 8 383
1428364800 8 470 8 1194
1428357600 8 456 8 1284
1428350400 8 632 8 1044
1428343200 8 714 8 1232
1428336000 8 657 8 830
1428328800 8 820 11 1290
1428321600 8 482 8 1601
1428314400 8 240 8 282
1428307200 8 241 8 288
1428300000 7 246 22 298
1428292800 8 240 8 303
1428285600 8 189 8 226
1428278400 8 192 8 236
1428271200 8 189 8 218
1428264000 8 187 8 217
1428256800 8 191 8 232
1428249600 8 192 8 230
1428242400 8 188 11 218
1428235200 8 189 8 224
1428228000 8 187 8 214
1428220800 8 192 8 254
1428213600 7 189 20 220
1428206400 8 192 8 255
1428199200 8 187 8 220
1428192000 8 187 8 220
1428184800 8 187 8 217
1428177600 8 185 8 210
1428170400 8 190 8 231
1428163200 8 189 8 218
1428156000 8 188 10 225
1428148800 8 188 8 218
1428141600 8 189 8 252
1428134400 8 187 8 216
1428127200 7 189 20 227
1428120000 8 196 8 338
1428112800 8 188 8 219
1428105600 8 186 8 223
1428098400 8 187 8 220
1428091200 8 187 8 219
1428084000 8 190 8 224
1428076800 8 191 8 243
1428069600 8 216 10 621
1428062400 8 275 8 709
1428055200 8 189 8 242
1428048000 8 190 8 254
1428040800 7 189 22 270
1428033600 8 196 8 255
1428026400 8 200 8 233
1428019200 8 195 8 227
1428012000 8 373 8 1195
1428004800 8 845 8 1086
1427997600 8 834 8 1239
1427990400 8 855 8 1325
1427983200 8 903 11 1642
1427976000 8 514 8 1109
1427968800 8 274 8 395
1427961600 8 264 8 311
1427954400 7 275 20 337
1427947200 8 278 8 354
1427940000 8 292 8 412
1427932800 8 281 8 354
1427925600 8 458 8 874
1427918400 8 1034 8 1957
1427911200 8 1234 8 1957
1427904000 8 1104 8 2310
1427896800 8 1037 11 1732
1427889600 8 573 8 1301
1427882400 8 332 8 382
1427875200 8 336 8 444
1427868000 7 361 22 484
1427860800 8 323 9 412
1427853600 8 329 8 409
1427846400 8 335 8 451
1427839200 8 415 8 702
1427832000 8 791 8 1072
1427824800 8 843 8 1062
1427817600 8 849 8 1344
1427810400 8 867 11 1755
1427803200 8 430 8 1755
1427796000 8 278 8 339
1427788800 8 279 8 351
1427781600 7 272 21 374
1427774400 8 286 8 374
1427767200 8 293 8 346
1427760000 8 292 8 434
1427752800 8 390 8 1123
1427745600 8 683 8 1241
1427738400 8 803 8 1200
1427731200 8 684 8 948
1427724000 8 801 11 1385
1427716800 8 396 8 1076
1427709600 8 267 8 351
1427702400 8 262 9 338
1427695200 7 278 20 559
1427688000 8 269 8 561
1427680800 8 251 8 294
1427673600 8 251 8 305
1427666400 8 260 8 329
1427659200 8 255 8 309
1427652000 8 257 8 310
1427644800 8 281 8 449
1427637600 8 283 11 763
1427630400 8 314 8 696
1427623200 8 272 8 328
1427616000 8 267 8 331
1427608800 7 272 20 331
1427601600 8 271 8 339
1427594400 8 271 8 330
1427587200 8 269 8 332
1427580000 8 269 8 320
1427572800 8 268 8 317
1427565600 8 269 8 319
1427558400 8 271 8 350
1427551200 8 266 11 317
1427544000 8 268 8 328
1427536800 8 265 8 326
1427529600 8 264 8 337
1427522400 7 269 20 322
1427515200 8 284 8 395
1427508000 8 280 8 429
1427500800 8 291 8 352
1427493600 8 454 8 862
1427486400 8 997 8 1325
1427479200 8 1065 9 1567
1427472000 8 1039 8 1519
1427464800 8 1214 11 2003
1427457600 8 505 8 939
1427450400 8 371 8 511
1427443200 8 381 8 774
1427436000 7 356 22 660
1427428800 8 358 8 449
1427421600 8 357 8 480
1427414400 8 371 8 492
1427407200 8 506 8 895
1427400000 8 902 8 1249
1427392800 8 1058 8 1474
1427385600 8 1027 8 1563
1427378400 8 1014 11 1467
1427371200 8 489 8 1467
1427364000 8 317 8 365
1427356800 8 320 8 385
1427349600 7 328 20 385
1427342400 8 340 8 496
1427335200 8 339 8 776
1427328000 8 355 8 776
1427320800 8 420 8 804
1427313600 8 779 8 1216
1427306400 8 785 8 1217
1427299200 8 818 8 1087
1427292000 8 860 10 1267
1427284800 8 363 8 988
1427277600 8 278 8 329
1427270400 8 311 8 376
1427263200 7 316 22 373
1427256000 8 325 8 377
1427248800 8 325 8 797
1427241600 8 366 8 797
1427234400 8 408 8 630
1427227200 8 851 8 1364
1427220000 8 759 8 1443
1427212800 8 770 8 1443
1427205600 8 800 9 1424
1427198400 8 439 8 843
1427191200 8 318 8 476
1427184000 8 305 8 368
1427176800 7 312 20 384
1427169600 8 313 8 380
1427162400 8 323 8 388
1427155200 8 319 8 402
1427148000 8 357 8 612
1427140800 8 638 8 1134
1427133600 8 666 8 965
1427126400 8 721 8 947
1427119200 8 1311 14 3032
1427112000 8 1540 8 2021
1427104800 8 1420 11 1442
1427097600 8 1419 8 1436
1427090400 7 1421 22 1482
1427083200 8 1420 8 1450
1427076000 8 1422 8 1447
1427068800 8 1420 8 1439
1427061600 8 1417 8 1441
1427054400 8 1420 8 1443
1427047200 8 1421 8 1443
1427040000 8 1421 8 1438
1427032800 8 1420 8 1450
1427025600 8 1418 9 1437
1427018400 8 1420 11 1444
1427011200 8 1420 8 1455
1427004000 7 1420 20 1476
1426996800 8 1418 8 1440
1426989600 8 1421 8 1440
1426982400 8 1416 8 1435
1426975200 8 1416 8 1433
1426968000 8 1418 8 1436
1426960800 8 1391 8 1418
1426953600 8 1262 8 1337
1426946400 8 1097 8 1193
1426939200 8 1010 8 1054
1426932000 8 976 10 1042
1426924800 8 921 8 981
1426917600 7 263 22 486
1426910400 8 260 8 436
1426903200 7 289 10 453
1426896000 7 283 9 454
1426888800 7 469 9 954
1426881600 7 1212 10 2625
1426874400 7 1114 8 2703
1426867200 8 854 8 1301
1426860000 8 955 8 2767
1426852800 8 508 8 2767
1426845600 8 298 9 405
1426838400 8 294 9 369
1426831200 7 295 20 358
1426824000 8 374 8 1083
1426816800 7 499 12 1347
1426809600 7 547 12 1076
1426802400 8 468 8 841
1426795200 8 754 8 1175
1426788000 8 845 8 2187
1426780800 8 936 8 2187
1426773600 8 894 8 1574
1426766400 8 479 8 891
1426759200 8 293 10 335
1426752000 8 302 10 419
1426744800 7 295 20 377
1426737600 8 308 8 485
1426730400 8 308 8 617
1426723200 8 295 8 357
1426716000 8 405 8 758
1426708800 8 906 8 1360
1426701600 8 882 8 1376
1426694400 8 964 8 2473
1426687200 8 1175 8 1649
1426680000 8 526 8 1104
1426672800 8 333 8 455
1426665600 8 326 11 371
1426658400 7 342 22 436
1426651200 8 346 8 493
1426644000 8 325 9 472
1426636800 8 319 8 400
1426629600 8 465 8 768
1426622400 8 938 8 1098
1426615200 8 910 8 1224
1426608000 8 969 8 1122
1426600800 8 1009 8 1424
1426593600 8 412 8 1324
1426586400 8 309 8 501
1426579200 8 296 11 379
1426572000 7 293 22 406
1426564800 8 305 8 406
1426557600 8 304 8 390
1426550400 8 300 8 339
1426543200 8 503 8 882
1426536000 8 817 8 1161
1426528800 8 911 8 1637
1426521600 8 850 8 1123
1426514400 8 901 8 1248
1426507200 8 391 8 866
1426500000 8 228 8 299
1426492800 8 222 11 275
1426485600 7 230 20 276
1426478400 8 230 8 293
1426471200 8 224 8 273
1426464000 8 223 8 252
1426456800 8 225 8 279
1426449600 8 223 8 257
1426442400 8 220 8 267
1426435200 8 224 8 266
1426428000 8 220 8 252
1426420800 8 224 8 262
1426413600 8 225 8 330
1426406400 8 219 11 246
1426399200 7 228 22 321
1426392000 8 222 8 261
1426384800 8 220 8 250
1426377600 8 227 8 264
1426370400 8 230 8 300
1426363200 8 226 8 309
1426356000 8 226 8 266
1426348800 8 227 8 265
1426341600 8 220 8 266
1426334400 8 218 8 247
1426327200 8 215 8 253
1426320000 8 216 11 240
1426312800 7 228 20 264
1426305600 8 236 8 324
1426298400 8 228 8 301
1426291200 8 228 8 267
1426284000 8 403 8 764
1426276800 8 838 8 1118
1426269600 8 861 9 1412
1426262400 8 923 8 1376
1426255200 8 1008 8 1687
1426248000 8 442 8 929
1426240800 8 261 8 327
1426233600 8 268 11 383
1426226400 7 260 20 346
1426219200 8 264 8 320
1426212000 8 265 8 323
1426204800 8 293 8 460
1426197600 8 480 8 1025
1426190400 8 1088 8 1688
1426183200 8 1132 9 1408
1426176000 8 1006 8 1692
1426168800 8 1025 8 1854
1426161600 8 378 8 1854
1426154400 8 186 8 247
1426147200 8 206 11 302
1426140000 7 213 22 305
1426132800 8 236 8 425
1426125600 8 279 8 653
1426118400 8 244 8 389
1426111200 8 308 8 534
1426104000 8 1044 8 1621
1426096800 8 873 8 2237
1426089600 8 941 8 2237
1426082400 8 1171 8 1941
1426075200 8 419 8 1941
1426068000 8 219 8 325
1426060800 8 218 9 310
1426053600 7 221 20 263
1426046400 8 217 8 288
1426039200 8 216 8 266
1426032000 8 214 8 339
1426024800 8 386 8 770
1426017600 8 768 8 1292
1426010400 8 876 8 1607
1426003200 8 986 8 1487
1425996000 8 871 8 1661
1425988800 8 368 8 1661
1425981600 8 263 8 674
1425974400 8 229 10 292
1425967200 7 249 20 498
1425960000 8 279 8 649
1425952800 8 256 8 372
1425945600 8 248 8 290
1425938400 8 344 8 652
1425931200 8 1074 8 4567
1425924000 8 1070 8 1788
1425916800 8 917 8 1313
1425909600 8 922 8 1346
1425902400 8 349 8 723
1425895200 8 207 8 262
1425888000 8 209 11 256
1425880800 7 214 42 280
1425873600 8 206 8 252
1425866400 8 207 8 240
1425859200 8 211 8 276
1425852000 8 211 8 260
1425844800 8 217 9 262
1425837600 8 212 8 282
1425830400 8 214 8 276
1425823200 8 212 8 265
1425816000 8 212 8 291
1425808800 8 212 8 273
1425801600 7 212 20 260
1425794400 8 209 9 252
1425787200 8 204 8 245
1425780000 8 202 8 239
1425772800 8 204 8 232
1425765600 8 203 8 251
1425758400 8 210 8 256
1425751200 8 207 8 266
1425744000 8 212 8 315
1425736800 8 207 8 261
1425729600 8 210 8 285
1425722400 8 221 8 350
1425715200 7 204 22 255
1425708000 8 209 8 260
1425700800 8 207 8 273
1425693600 8 211 8 275
1425686400 8 208 8 275
1425679200 8 614 8 1251
1425672000 8 1069 8 1676
1425664800 8 847 8 1216
1425657600 8 783 8 1355
1425650400 8 608 8 1342
1425643200 8 222 8 381
1425636000 8 230 8 675
1425628800 7 214 20 295
1425621600 8 208 8 267
1425614400 8 223 8 387
1425607200 8 305 8 967
1425600000 8 262 8 391
1425592800 8 491 20 1584
1425513600 7 430 20 1813
1425427200 8 433 22 1526
1425340800 8 392 20 1650
1425254400 8 175 48 232
1425168000 7 172 21 211
1425081600 7 387 22 1332
1424995200 7 384 22 1470
1424908800 7 455 20 1830
1424822400 7 529 22 1413
1424736000 7 448 20 2259
1424649600 8 168 22 230
1424563200 7 168 20 212
1424476800 7 504 20 1708
1424390400 7 495 20 1633
1424304000 7 569 22 1650
1424217600 7 433 22 1498
1424131200 7 167 20 340
1424044800 7 170 21 291
1423958400 7 176 22 309
1423872000 7 483 20 1533
1423785600 7 503 22 1537
1423699200 7 453 21 1462
1423612800 8 503 22 2199
1423526400 7 425 20 1985
1423440000 7 180 20 227
1423353600 8 240 22 18000
1423267200 7 488 259 1493
1423180800 7 569 20 1927
1423094400 7 539 332 1815
1423008000 8 561 15 32185
1422921600 7 402 16 1605
1422835200 8 168 15 243
1422748800 8 173 15 806
1422662400 7 554 321 1751
1422576000 8 616 15 1703
1422489600 8 692 15 2105
1422403200 7 571 229 9478
1422316800 8 438 15 1511
1422230400 7 173 221 408
1422144000 8 171 15 300
1422057600 8 486 32 1647
1421971200 8 501 15 6115
1421884800 7 664 16 2108
1421798400 8 553 15 1834
1421712000 8 443 16 1467
1421625600 8 172 15 205
1421539200 8 172 15 384
1421452800 8 435 15 2188
1421366400 7 629 211 2159
1421280000 8 587 21 4548
1421193600 8 670 15 1981
1421107200 8 650 16 2301
1421020800 8 347 16 1242
1420934400 7 331 15 843
1420848000 8 654 15 2071
1420761600 8 630 16 1804
1420675200 8 669 15 2106
1420588800 8 698 16 2200
1420502400 8 750 15 2789
1420416000 8 311 15 576
1420329600 7 318 284 844
1420243200 8 435 15 2467
1420156800 8 270 16 1434
1420070400 8 306 15 1201
1419984000 8 673 16 7895
1419897600 8 496 15 1918
1419811200 7 156 284 404
1419724800 8 156 15 197
1419638400 8 156 15 194
1419552000 8 155 16 193
1419465600 8 157 15 237
1419379200 8 454 16 1378
1419292800 8 1046 15 34890
1419206400 8 170 15 460
1419120000 8 163 16 291
1419033600 8 499 15 1756
1418947200 8 700 16 36554
1418860800 8 537 15 2003
1418774400 8 465 16 2823
1418688000 8 499 15 1503
1418601600 8 279 15 395
1418515200 8 271 15 510
1418428800 7 486 86 2709
1418342400 8 602 15 1617
1418256000 8 582 16 2129
1418169600 8 681 15 1612
1418083200 8 637 16 4876
1417996800 8 177 15 437
1417910400 8 177 16 431
1417824000 8 566 15 1911
1417737600 8 564 16 1689
1417651200 8 510 15 1445
1417564800 8 508 15 1603
1417478400 8 461 16 1479
1417392000 8 183 15 335
1417305600 8 185 15 415
1417219200 8 648 15 1466
1417132800 8 644 16 1438
1417046400 8 981 15 2375
1416960000 8 769 15 2384
1416873600 8 519 15 1687
1416787200 8 230 16 953
1416700800 8 221 15 1054
1416614400 8 539 15 1550
1416528000 8 668 15 1751
1416441600 8 503 15 1919
1416355200 8 371 16 1324
1416268800 8 400 15 1297
1416182400 8 198 16 246
1416096000 8 197 16 348
1416009600 8 509 15 1582
1415923200 8 630 15 1945
1415836800 8 626 50 2074
1415750400 8 544 16 1659
1415664000 8 386 15 1705
1415577600 8 180 16 230
1415491200 8 189 15 415
1415404800 8 498 16 1312
1415318400 8 523 15 1578
1415232000 8 520 48 1430
1415145600 8 474 15 1224
1415059200 8 426 15 1182
1414972800 8 311 16 409
1414886400 8 310 15 516
1414800000 8 528 15 1599
1414713600 8 544 16 1429
1414627200 8 737 15 1699
1414540800 8 636 16 1592
1414454400 8 519 15 1500
1414368000 8 305 16 465
1414281600 8 315 15 732
1414195200 8 461 16 966
1414108800 8 528 15 1334
1414022400 8 567 15 1928
1413936000 8 524 76 1633
1413849600 8 479 16 1485
1413763200 8 284 15 464
1413676800 8 283 42 364
1413590400 8 383 15 1234
1413504000 8 328 15 1058
1413417600 8 411 16 1208
1413331200 8 478 15 1397
1413244800 8 374 15 556
1413158400 8 366 16 509
1413072000 8 367 15 509
1412985600 8 521 17 1029
1412899200 8 506 15 1035
1412812800 8 588 16 1679
1412726400 8 607 16 1212
1412640000 8 494 15 1575
1412553600 8 308 48 1030
1412467200 8 303 15 605
1412380800 8 539 16 1144
1412294400 8 529 15 1221
1412208000 8 488 16 1363
1412121600 75 811 4806 20662
1412035200 8 522 15 1093
1411948800 8 411 15 557
1411862400 8 413 16 635
1411776000 8 443 15 1293
1411689600 8 469 17 1261
1411603200 8 566 15 1596
1411516800 8 502 18 1083
1411430400 8 478 18 1282
1411344000 7 404 17 7068
1411257600 8 364 16 627
1411171200 8 454 17 1051
1411084800 8 447 15 1178
1410998400 8 518 17 1594
1410912000 8 496 15 1210
1410825600 8 398 15 1183
1410739200 8 313 16 632
1410652800 8 375 15 802
1410566400 8 463 17 1019
1410480000 7 511 15 1332
1410393600 7 537 18 1255
1410307200 7 543 61 1508
1410220800 7 474 15 1253
1410134400 7 332 16 596
1410048000 7 349 15 1328
1409961600 7 493 17 1452
1409875200 7 493 16 1218
1409788800 7 554 16 1635
1409702400 7 423 102 1195
1409616000 7 315 16 493
1409529600 7 304 204 428
1409443200 7 339 17 735
1409356800 7 460 15 1881
1409270400 7 409 51 1355
1409184000 7 438 16 1319
1409097600 7 433 51 1311
1409011200 7 360 68 1141
1408924800 7 198 16 301
1408838400 7 195 15 422
1408752000 7 387 51 1219
1408665600 7 412 16 1285
1408579200 7 417 15 1499
1408492800 7 478 16 1263
1408406400 7 352 17 1021
1408320000 7 179 16 223
1408233600 7 180 16 440
1408147200 8 387 15 1210
1408060800 8 459 16 1300
1407974400 7 526 51 4261
1407888000 7 411 16 1149
1407801600 7 316 16 921
1407715200 8 160 16 227
1407628800 7 160 61 225
1407542400 7 366 16 859
1407456000 7 524 102 1721
1407369600 7 575 16 1918
1407283200 7 532 16 1989
1407196800 8 317 15 567
1407110400 7 297 77 400
1407024000 7 296 16 427
1406937600 7 409 102 1089
1406851200 7 519 17 1256
1406764800 7 548 16 1493
1406678400 7 596 17 1477
1406592000 7 518 16 1288
1406505600 7 323 16 467
1406419200 7 334 17 457
1406332800 7 328 16 856
1406246400 7 422 16 1184
1406160000 7 475 51 1199
1406073600 7 511 16 1345
1405987200 7 490 84 1164
1405900800 7 336 68 732
1405814400 7 340 16 475
1405728000 7 419 68 1062
1405641600 7 527 16 1300
1405555200 7 447 150 979
1405468800 7 644 17 2682
1405382400 7 436 16 1449
1405296000 7 173 17 215
1405209600 7 183 16 372
1405123200 7 273 134 969
1405036800 7 443 15 1225
1404950400 7 487 107 1332
1404864000 7 480 16 1244
1404777600 7 383 67 1197
1404691200 7 191 16 278
1404604800 7 188 16 250
1404518400 7 375 93 1234
1404432000 7 409 16 1246
1404345600 7 393 83 1110
1404259200 7 231 16 617
1404172800 7 298 16 730
1404086400 7 210 67 263
1404000000 7 211 16 308
1403913600 8 287 19 853
1403827200 7 542 33 5937
1403740800 7 590 98 1269
1403654400 7 566 16 1514
1403568000 7 488 15 1774
1403481600 7 229 161 903
1403395200 7 231 17 320
1403308800 7 618 16 1524
1403222400 7 642 15 2287
1403136000 7 612 98 3389
1403049600 7 607 127 1550
1402963200 7 578 15 1583
1402876800 7 495 17 814
1402790400 7 413 15 693
1402704000 7 552 22 1340
1402617600 7 635 15 1935
1402531200 7 520 96 1007
1402444800 7 545 15 1767
1402358400 7 600 16 1601
1402272000 7 457 15 864
1402185600 7 459 127 717
1402099200 7 465 127 1592
1402012800 8 431 15 1313
1401926400 7 415 96 1211
1401840000 11 404 1519 1194
1401753600 7 401 17 1190
1401667200 7 186 17 221
1401580800 7 186 15 266
1401494400 7 549 64 4272
1401408000 8 491 16 1963
1401321600 8 522 23 1564
1401235200 8 570 15 1921
1401148800 8 509 16 1399
1401062400 7 340 15 418
1400976000 7 340 55 456
1400889600 7 369 15 1236
1400803200 7 364 17 876
1400716800 8 332 15 1097
1400630400 7 416 16 1153
1400544000 7 221 15 316
1400457600 8 217 65 252
1400371200 8 212 15 523
1400284800 7 513 15 1580
1400198400 7 495 64 1177
1400112000 8 425 15 1118
1400025600 7 534 19 1796
1399939200 7 533 96 1205
1399852800 8 397 382 1121
1399766400 8 398 15 490
1399680000 8 449 16 1253
1399593600 0 90 57 839
1399507200 0 0 0 0
1399420800 153 541 6366 25179
1399334400 0 0 0 0
1399248000 0 0 0 0
1399161600 0 0 0 0
1399075200 0 0 0 0
1398988800 0 0 0 0
1398902400 0 0 0 0
1398816000 0 0 0 0
1398729600 0 0 0 0
1398643200 0 0 0 0
1398556800 0 0 0 0
1398470400 0 0 0 0
1398384000 0 0 0 0
1398297600 82 256 4559 9477
1398211200 321 2885 17563 274332
1398124800 195 491 19280 51347
1398038400 0 0 0 0
1397952000 0 0 0 0
1397865600 0 0 0 0
1397779200 162 515 4201 10050
1397692800 0 0 0 0
1397606400 107 248 7583 9365
1397520000 41 394 6373 20488
1397433600 9 194 13 386
1397347200 9 196 12 336
1397260800 913 1341 11160 11877
1397174400 333 681 11124 11642
1397088000 9 275 12 666
1397001600 9 410 17 847
1396915200 13 416 13 416
1396828800 13 416 13 416
1396742400 13 416 13 416
1396656000 13 404 14 623
1396569600 1155 1662 11164 12214
1396483200 13 529 16 1125
1396396800 1051 1620 11165 12547
1396310400 1037 1501 11164 12120
1396224000 13 349 16 998
1396137600 10 270 28 689
1396051200 210 637 11127 11606
1395964800 1002 1344 11127 11828
1395878400 13 468 15 1301
1395792000 258 833 11163 11575
1395705600 267 713 11127 12115
1395619200 13 206 15 336
1395532800 13 215 16 513
1395446400 710 1178 11163 12024
1395360000 13 415 15 1084
1395273600 407 838 11164 11919
1395187200 518 1003 11164 14120
1395100800 456 960 11164 11747
1395014400 13 277 15 844
1394928000 13 277 15 875
1394841600 192 578 11163 11681
1394755200 13 296 15 816
1394668800 13 334 15 1058
1394582400 13 316 15 910
1394496000 87 388 11127 11444
1394409600 13 162 16 304
1394323200 13 159 15 265
1394236800 462 834 11164 11829
1394150400 749 1177 11165 11946
1394064000 566 884 11164 12087
1393977600 433 729 11164 11566
1393891200 219 1448 11128 12451
1393804800 13 1188 15 1793
1393718400 13 1173 16 1852
1393632000 514 1333 11164 12930
1393545600 827 1303 11164 12087
1393459200 657 1232 11164 12218
1393372800 773 1152 11164 11849
1393286400 401 800 11164 11900
1393200000 13 367 15 896
1393113600 13 306 27 855
1393027200 13 446 15 1113
1392940800 13 520 15 1315
1392854400 13 425 369 1075
1392768000 145 482 11129 11657
1392681600 13 175 38 243
1392595200 13 180 15 352
1392508800 13 246 16 1018
1392422400 297 783 11163 11936
1392336000 329 1506 11160 189531
1392249600 602 986 11164 11799
1392163200 212 618 11160 12071
1392076800 480 771 11160 11516
1391990400 9 204 13 396
1391904000 9 198 12 456
1391817600 361 798 11161 11595
1391731200 917 1312 11161 12165
1391644800 2 376 4 1094
1391558400 2 384 4 1046
1391472000 2 336 4 1143
1391385600 2 205 4 277
1391299200 5 211 28 382
1391212800 449 723 11163 11686
1391126400 220 501 11127 11719
1391040000 11 282 28 824
1390953600 9 243 12 730
1390867200 9 213 13 633
1390780800 9 146 12 180
1390694400 9 154 12 214
1390608000 9 198 47 550
1390521600 9 245 12 890
1390435200 129 390 11124 11698
1390348800 891 1185 11162 12159
1390262400 9 310 12 1354
1390176000 9 187 12 441
1390089600 9 186 12 377
1390003200 423 480 20580 6047
1389916800 243 522 11127 12288
1389830400 13 407 15 1045
1389744000 2379 2804 11166 12095
1389657600 13 404 16 1852
1389571200 13 305 15 922
1389484800 13 284 15 770
1389398400 13 485 16 1197
1389312000 13 595 16 11955
1389225600 13 543 16 1452
1389139200 992 1467 11128 12014
1389052800 13 471 15 1567
1388966400 13 276 16 637
1388880000 13 279 16 701
1388793600 203 507 11126 11722
1388707200 13 335 16 1231
1388620800 13 240 16 353
1388534400 13 278 16 635
1388448000 13 255 16 793
1388361600 13 174 15 243
1388275200 13 174 15 209
1388188800 13 221 16 594
1388102400 13 176 16 219
1388016000 13 175 16 287
1387929600 12 175 15 228
1387843200 13 249 16 503
1387756800 13 221 15 262
1387670400 13 222 15 268
1387584000 459 806 11164 11594
1387497600 475 1086 11163 11971
1387411200 156 610 11126 11741
1387324800 882 1355 11164 12098
1387238400 631 1015 11164 11640
1387152000 23 214 26 437
1387065600 24 193 26 247
1386979200 278 642 11127 11703
1386892800 13 491 15 1130
1386806400 13 452 15 978
1386720000 636 1058 11164 12053
1386633600 306 730 11163 11935
1386547200 13 329 15 896
1386460800 13 289 15 678
1386374400 13 435 28 903
1386288000 196 676 11127 11931
1386201600 13 419 16 935
1386115200 184 585 11164 11697
1386028800 13 339 25 903
1385942400 13 322 16 908
1385856000 13 349 25 932
1385769600 13 415 731 1355
1385683200 13 450 16 1242
1385596800 693 1140 11164 12092
1385510400 88 570 11126 11776
1385424000 13 465 15 1287
1385337600 13 310 16 784
1385251200 13 275 15 652
1385164800 13 310 16 799
1385078400 363 672 11164 11762
1384992000 12 324 182 698
1384905600 13 415 15 1215
1384819200 347 917 11127 11989
1384732800 13 472 16 967
1384646400 13 434 16 1481
1384560000 13 418 15 878
1384473600 739 1111 11163 11818
1384387200 13 364 15 1000
1384300800 13 383 15 1220
1384214400 11 363 27 810
1384128000 9 273 25 686
1384041600 9 283 12 639
1383955200 9 378 38 1012
1383868800 403 834 11162 11737
1383782400 9 424 12 1113
1383696000 105 580 11126 11593
1383609600 169 608 11159 12546
1383523200 9 269 12 858
1383436800 9 260 25 445
1383350400 361 814 11160 11912
1383264000 9 392 13 1084
1383177600 9 361 12 1346
1383091200 196 541 11124 11647
1383004800 9 406 12 1146
1382918400 9 275 12 699
1382832000 9 287 13 666
1382745600 9 462 29 1228
1382659200 956 1488 11161 12372
1382572800 9 548 12 1956
1382486400 9 501 12 892
1382400000 266 721 11160 11999
1382313600 9 195 13 232
1382227200 9 196 12 231
1382140800 9 610 38 3123
1382054400 1293 1798 11161 12141
1381968000 493 676 11161 12382
1381881600 0 0 0 0
1381795200 0 0 0 0
1381708800 0 0 0 0
1381622400 0 0 0 0
1381536000 0 0 0 0
1381449600 0 0 0 0
1381363200 0 0 0 0
1381276800 0 0 0 0
1381190400 0 0 0 0
1381104000 0 0 0 0
1381017600 0 0 0 0
1380931200 0 0 0 0
1380844800 0 0 0 0
1380758400 0 0 0 0
1380672000 0 0 0 0
1380585600 0 0 0 0
1380499200 0 0 0 0
1380412800 0 0 0 0
1380326400 0 0 0 0
1380240000 0 0 0 0
1380153600 0 0 0 0
1380067200 0 0 0 0
1379980800 0 0 0 0
1379894400 0 0 0 0
1379808000 0 0 0 0
1379721600 0 0 0 0
1379635200 0 0 0 0
1379548800 0 0 0 0
1379462400 0 0 0 0
1379376000 0 0 0 0
1379289600 0 0 0 0
1379203200 0 0 0 0
1379116800 0 0 0 0
1379030400 0 0 0 0
1378944000 0 0 0 0
1378857600 0 0 0 0
1378771200 0 0 0 0
1378684800 0 0 0 0
1378598400 0 0 0 0
1378512000 0 0 0 0
1378425600 0 0 0 0
1378339200 0 0 0 0
1378252800 0 0 0 0
1378166400 0 0 0 0
1378080000 0 0 0 0
1377993600 0 0 0 0
1377907200 0 0 0 0
1377820800 0 0 0 0
1377734400 0 0 0 0
1377648000 0 0 0 0
1377561600 0 0 0 0
1377475200 0 0 0 0
1377388800 0 0 0 0
1377302400 0 0 0 0
1377216000 0 0 0 0
1377129600 0 0 0 0
1377043200 0 0 0 0
1376956800 0 0 0 0
1376870400 0 0 0 0
1376784000 0 0 0 0
1376697600 0 0 0 0
1376611200 0 0 0 0
1376524800 0 0 0 0
1376438400 0 0 0 0
1376352000 0 0 0 0
1376265600 0 0 0 0
1376179200 0 0 0 0
1376092800 0 0 0 0
1376006400 0 0 0 0
1375920000 0 0 0 0
1375833600 0 0 0 0
1375747200 0 0 0 0
1375660800 0 0 0 0
1375574400 0 0 0 0
1375488000 0 0 0 0
1375401600 0 0 0 0
1375315200 0 0 0 0
1375228800 0 0 0 0
1375142400 0 0 0 0
1375056000 0 0 0 0
1374969600 0 0 0 0
1374883200 0 0 0 0
1374796800 0 0 0 0
1374710400 0 0 0 0
1374624000 0 0 0 0
1374537600 0 0 0 0
1374451200 0 0 0 0
1374364800 0 0 0 0
1374278400 0 0 0 0
1374192000 0 0 0 0
1374105600 0 0 0 0
1374019200 0 0 0 0
1373932800 0 0 0 0
1373846400 0 0 0 0
1373760000 0 0 0 0
1373673600 0 0 0 0
1373587200 0 0 0 0
1373500800 0 0 0 0
1373414400 0 0 0 0
1373328000 0 0 0 0
1373241600 0 0 0 0
1373155200 0 0 0 0
1373068800 0 0 0 0
1372982400 0 0 0 0
1372896000 0 0 0 0
1372809600 0 0 0 0
1372723200 0 0 0 0
1372636800 0 0 0 0
1372550400 0 0 0 0
1372464000 0 0 0 0
1372377600 0 0 0 0
1372291200 0 0 0 0
1372204800 0 0 0 0
1372118400 0 0 0 0
1372032000 0 0 0 0
1371945600 0 0 0 0
1371859200 0 0 0 0
1371772800 0 0 0 0
1371686400 0 0 0 0
1371600000 0 0 0 0
1371513600 0 0 0 0
1371427200 0 0 0 0
1371340800 0 0 0 0
1371254400 0 0 0 0
1371168000 0 0 0 0
1371081600 0 0 0 0
1370995200 0 0 0 0
1370908800 0 0 0 0
1370822400 0 0 0 0
1370736000 0 0 0 0
1370649600 0 0 0 0
1370563200 0 0 0 0
1370476800 0 0 0 0
1370390400 0 0 0 0
1370304000 0 0 0 0
1370217600 0 0 0 0
1370131200 0 0 0 0
1370044800 0 0 0 0
1369958400 0 0 0 0
1369872000 0 0 0 0
1369785600 0 0 0 0
1369699200 0 0 0 0
1369612800 0 0 0 0
1369526400 0 0 0 0
1369440000 0 0 0 0
1369353600 0 0 0 0
1369267200 0 0 0 0
1369180800 0 0 0 0
1369094400 0 0 0 0
1369008000 0 0 0 0
1368921600 0 0 0 0
1368835200 0 0 0 0
1368748800 0 0 0 0
1368662400 0 0 0 0
1368576000 0 0 0 0
1368489600 0 0 0 0
1368403200 0 0 0 0
1368316800 0 0 0 0
1368230400 0 0 0 0
1368144000 0 0 0 0
1368057600 0 0 0 0
1367971200 0 0 0 0
1367884800 0 0 0 0
1367798400 0 0 0 0
1367712000 0 0 0 0
1367625600 0 0 0 0
1367539200 0 0 0 0
1367452800 0 0 0 0
1367366400 0 0 0 0
1367280000 0 0 0 0
1367193600 0 0 0 0
1367107200 0 0 0 0
1367020800 0 0 0 0
1366934400 0 0 0 0
1366848000 0 0 0 0
1366761600 0 0 0 0
1366675200 0 0 0 0
1366588800 0 0 0 0
1366502400 0 0 0 0
1366416000 0 0 0 0
1366329600 0 0 0 0
1366243200 0 0 0 0
1366156800 0 0 0 0
1366070400 0 0 0 0
1365984000 0 0 0 0
1365897600 0 0 0 0
1365811200 0 0 0 0
1365724800 0 0 0 0
1365638400 0 0 0 0
1365552000 0 0 0 0
1365465600 0 0 0 0
1365379200 0 0 0 0
1365292800 0 0 0 0
1365206400 0 0 0 0
1365120000 0 0 0 0
1365033600 0 0 0 0
1364947200 0 0 0 0
1364860800 0 0 0 0
1364774400 0 0 0 0
1364688000 0 0 0 0
1364601600 0 0 0 0
1364515200 0 0 0 0
1364428800 0 0 0 0
1364342400 0 0 0 0
1364256000 0 0 0 0
1364169600 0 0 0 0
1364083200 0 0 0 0
1363996800 0 0 0 0
1363910400 0 0 0 0
1363824000 0 0 0 0
1363737600 0 0 0 0
1363651200 0 0 0 0
1363564800 0 0 0 0
1363478400 0 0 0 0
1363392000 0 0 0 0
1363305600 0 0 0 0
1363219200 0 0 0 0
1363132800 0 0 0 0
1363046400 0 0 0 0
1362960000 0 0 0 0
1362873600 0 0 0 0
1362787200 0 0 0 0
1362700800 0 0 0 0
1362614400 0 0 0 0
1362528000 0 0 0 0
1362441600 0 0 0 0
1362355200 0 0 0 0
