1460685977 -1 -1
1460685977 688 139 688 139
1460602036 688 139 688 139
1460601900 688 139 688 139
1460601600 688 139 688 139
1460601300 688 139 688 139
1460601000 688 139 688 139
1460600700 688 139 688 139
1460600400 688 139 688 139
1460600100 688 139 688 139
1460599800 688 139 688 139
1460599500 688 139 688 139
1460599200 688 139 688 139
1460598900 688 139 688 139
1460598600 688 139 688 139
1460598300 688 139 688 139
1460598000 688 139 688 139
1460597700 688 139 688 139
1460597400 688 139 688 139
1460597100 688 139 688 139
1460596800 688 139 688 139
1460596500 688 139 688 139
1460596200 688 139 688 139
1460595900 688 139 688 139
1460595600 688 139 688 139
1460595300 688 139 688 139
1460595000 688 139 688 139
1460594700 688 139 688 139
1460594400 688 139 688 139
1460594100 688 139 688 139
1460593800 688 139 688 139
1460593500 688 139 688 139
1460593200 688 139 688 139
1460592900 688 139 688 139
1460592600 688 139 688 139
1460592300 688 139 688 139
1460592000 688 139 688 139
1460591700 688 139 688 139
1460591400 688 139 688 139
1460591100 688 139 688 139
1460590800 688 139 688 139
1460590500 688 139 688 139
1460590200 688 139 688 139
1460589900 688 139 688 139
1460589600 688 139 688 139
1460589300 688 139 688 139
1460589000 688 139 688 139
1460588700 688 139 688 139
1460588400 688 139 688 139
1460588100 688 139 688 139
1460587800 688 139 688 139
1460587500 688 139 688 139
1460587200 688 139 688 139
1460586900 688 139 688 139
1460586600 688 139 688 139
1460586300 688 139 688 139
1460586000 688 139 688 139
1460585700 688 139 688 139
1460585400 688 139 688 139
1460585100 688 139 688 139
1460584800 688 139 688 139
1460584500 688 139 688 139
1460584200 688 139 688 139
1460583900 688 139 688 139
1460583600 688 139 688 139
1460583300 688 139 688 139
1460583000 688 139 688 139
1460582700 688 139 688 139
1460582400 688 139 688 139
1460582100 688 139 688 139
1460581800 688 139 688 139
1460581500 688 139 688 139
1460581200 688 139 688 139
1460580900 688 139 688 139
1460580600 688 139 688 139
1460580300 688 139 688 139
1460580000 688 139 688 139
1460579700 688 139 688 139
1460579400 688 139 688 139
1460579100 688 139 688 139
1460578800 688 139 688 139
1460578500 688 139 688 139
1460578200 688 139 688 139
1460577900 688 139 688 139
1460577600 688 139 688 139
1460577300 688 139 688 139
1460577000 688 139 688 139
1460576700 688 139 688 139
1460576400 688 139 688 139
1460576100 688 139 688 139
1460575800 688 139 688 139
1460575500 688 139 688 139
1460575200 688 139 688 139
1460574900 688 139 688 139
1460574600 688 139 688 139
1460574300 688 139 688 139
1460574000 688 139 688 139
1460573700 688 139 688 139
1460573400 688 139 688 139
1460573100 688 139 688 139
1460572800 688 139 688 139
1460572500 688 139 688 139
1460572200 688 139 688 139
1460571900 688 139 688 139
1460571600 688 139 688 139
1460571300 688 139 688 139
1460571000 688 139 688 139
1460570700 688 139 688 139
1460570400 688 139 688 139
1460570100 688 139 688 139
1460569800 688 139 688 139
1460569500 688 139 688 139
1460569200 688 139 688 139
1460568900 688 139 688 139
1460568600 688 139 688 139
1460568300 688 139 688 139
1460568000 688 139 688 139
1460567700 688 139 688 139
1460567400 688 139 688 139
1460567100 688 139 688 139
1460566800 688 139 688 139
1460566500 688 139 688 139
1460566200 688 139 688 139
1460565900 688 139 688 139
1460565600 688 139 688 139
1460565300 688 139 688 139
1460565000 688 139 688 139
1460564700 688 139 688 139
1460564400 688 139 688 139
1460564100 688 139 688 139
1460563800 688 139 688 139
1460563500 688 139 688 139
1460563200 688 139 688 139
1460562900 688 139 688 139
1460562600 688 139 688 139
1460562300 688 139 688 139
1460562000 688 139 688 139
1460561700 688 139 688 139
1460561400 688 139 688 139
1460561100 688 139 688 139
1460560800 688 139 688 139
1460560500 688 139 688 139
1460560200 688 139 688 139
1460559900 688 139 688 139
1460559600 688 139 688 139
1460559300 688 139 688 139
1460559000 688 139 688 139
1460558700 688 139 688 139
1460558400 688 139 688 139
1460558100 688 139 688 139
1460557800 688 139 688 139
1460557500 688 139 688 139
1460557200 688 139 688 139
1460556900 688 139 688 139
1460556600 688 139 688 139
1460556300 688 139 688 139
1460556000 688 139 688 139
1460555700 688 139 688 139
1460555400 688 139 688 139
1460555100 688 139 688 139
1460554800 688 139 688 139
1460554500 688 139 688 139
1460554200 688 139 688 139
1460553900 688 139 688 139
1460553600 688 139 688 139
1460553300 688 139 688 139
1460553000 688 139 688 139
1460552700 688 139 688 139
1460552400 688 139 688 139
1460552100 688 139 688 139
1460551800 688 139 688 139
1460551500 688 139 688 139
1460551200 688 139 688 139
1460550900 688 139 688 139
1460550600 688 139 688 139
1460550300 688 139 688 139
1460550000 688 139 688 139
1460549700 688 139 688 139
1460549400 688 139 688 139
1460549100 688 139 688 139
1460548800 688 139 688 139
1460548500 688 139 688 139
1460548200 688 139 688 139
1460547900 688 139 688 139
1460547600 688 139 688 139
1460547300 688 139 688 139
1460547000 688 139 688 139
1460546700 688 139 688 139
1460546400 688 139 688 139
1460546100 688 139 688 139
1460545800 688 139 688 139
1460545500 688 139 688 139
1460545200 688 139 688 139
1460544900 688 139 688 139
1460544600 688 139 688 139
1460544300 688 139 688 139
1460544000 688 139 688 139
1460543700 688 139 688 139
1460543400 688 139 688 139
1460543100 688 139 688 139
1460542800 688 139 688 139
1460542500 688 139 688 139
1460542200 688 139 688 139
1460541900 688 139 688 139
1460541600 688 139 688 139
1460541300 688 139 688 139
1460541000 688 139 688 139
1460540700 688 139 688 139
1460540400 688 139 688 139
1460540100 688 139 688 139
1460539800 688 139 688 139
1460539500 688 139 688 139
1460539200 688 139 688 139
1460538900 688 139 688 139
1460538600 688 139 688 139
1460538300 688 139 688 139
1460538000 688 139 688 139
1460537700 688 139 688 139
1460537400 688 139 688 139
1460537100 688 139 688 139
1460536800 688 139 688 139
1460536500 688 139 688 139
1460536200 688 139 688 139
1460535900 688 139 688 139
1460535600 688 139 688 139
1460535300 688 139 688 139
1460535000 688 139 688 139
1460534700 688 139 688 139
1460534400 688 139 688 139
1460534100 688 139 688 139
1460533800 688 139 688 139
1460533500 688 139 688 139
1460533200 688 139 688 139
1460532900 688 139 688 139
1460532600 688 139 688 139
1460532300 688 139 688 139
1460532000 688 139 688 139
1460531700 688 139 688 139
1460531400 688 139 688 139
1460531100 688 139 688 139
1460530800 688 139 688 139
1460530500 688 139 688 139
1460530200 688 139 688 139
1460529900 688 139 688 139
1460529600 688 139 688 139
1460529300 688 139 688 139
1460529000 688 139 688 139
1460528700 688 139 688 139
1460528400 688 139 688 139
1460528100 688 139 688 139
1460527800 688 139 688 139
1460527500 688 139 688 139
1460527200 688 139 688 139
1460526900 688 139 688 139
1460526600 688 139 688 139
1460526300 688 139 688 139
1460526000 688 139 688 139
1460525700 688 139 688 139
1460525400 688 139 688 139
1460525100 688 139 688 139
1460524800 688 139 688 139
1460524500 688 139 688 139
1460524200 688 139 688 139
1460523900 688 139 688 139
1460523600 688 139 688 139
1460523300 688 139 688 139
1460523000 688 139 688 139
1460522700 688 139 688 139
1460522400 688 139 688 139
1460522100 688 139 688 139
1460521800 688 139 688 139
1460521500 688 139 688 139
1460521200 688 139 688 139
1460520900 688 139 688 139
1460520600 688 139 688 139
1460520300 688 139 688 139
1460520000 688 139 688 139
1460519700 688 139 688 139
1460519400 688 139 688 139
1460519100 688 139 688 139
1460518800 688 139 688 139
1460518500 688 139 688 139
1460518200 688 139 688 139
1460517900 688 139 688 139
1460517600 688 139 688 139
1460517300 688 139 688 139
1460517000 688 139 688 139
1460516700 688 139 688 139
1460516400 688 139 688 139
1460516100 688 139 688 139
1460515800 688 139 688 139
1460515500 688 139 688 139
1460515200 688 139 688 139
1460514900 688 139 688 139
1460514600 688 139 688 139
1460514300 688 139 688 139
1460514000 688 139 688 139
1460513700 688 139 688 139
1460513400 688 139 688 139
1460513100 688 139 688 139
1460512800 688 139 688 139
1460512500 688 139 688 139
1460512200 688 139 688 139
1460511900 688 139 688 139
1460511600 688 139 688 139
1460511300 688 139 688 139
1460511000 688 139 688 139
1460510700 688 139 688 139
1460510400 688 139 688 139
1460510100 688 139 688 139
1460509800 688 139 688 139
1460509500 688 139 688 139
1460509200 688 139 688 139
1460508900 688 139 688 139
1460508600 688 139 688 139
1460508300 688 139 688 139
1460508000 688 139 688 139
1460507700 688 139 688 139
1460507400 688 139 688 139
1460507100 688 139 688 139
1460506800 688 139 688 139
1460506500 688 139 688 139
1460506200 688 139 688 139
1460505900 688 139 688 139
1460505600 688 139 688 139
1460505300 688 139 688 139
1460505000 688 139 688 139
1460504700 688 139 688 139
1460504400 688 139 688 139
1460504100 688 139 688 139
1460503800 688 139 688 139
1460503500 688 139 688 139
1460503200 688 139 688 139
1460502900 688 139 688 139
1460502600 688 139 688 139
1460502300 688 139 688 139
1460502000 688 139 688 139
1460501700 688 139 688 139
1460501400 688 139 688 139
1460501100 688 139 688 139
1460500800 688 139 688 139
1460500500 688 139 688 139
1460500200 688 139 688 139
1460499900 688 139 688 139
1460499600 688 139 688 139
1460499300 688 139 688 139
1460499000 688 139 688 139
1460498700 688 139 688 139
1460498400 688 139 688 139
1460498100 688 139 688 139
1460497800 688 139 688 139
1460497500 688 139 688 139
1460497200 688 139 688 139
1460496900 688 139 688 139
1460496600 688 139 688 139
1460496300 688 139 688 139
1460496000 688 139 688 139
1460495700 688 139 688 139
1460495400 688 139 688 139
1460495100 688 139 688 139
1460494800 688 139 688 139
1460494500 688 139 688 139
1460494200 688 139 688 139
1460493900 688 139 688 139
1460493600 688 139 688 139
1460493300 688 139 688 139
1460493000 688 139 688 139
1460492700 688 139 688 139
1460492400 688 139 688 139
1460492100 688 139 688 139
1460491800 688 139 688 139
1460491500 688 139 688 139
1460491200 688 139 688 139
1460490900 688 139 688 139
1460490600 688 139 688 139
1460490300 688 139 688 139
1460490000 688 139 688 139
1460489700 688 139 688 139
1460489400 688 139 688 139
1460489100 688 139 688 139
1460488800 688 139 688 139
1460488500 688 139 688 139
1460488200 688 139 688 139
1460487900 688 139 688 139
1460487600 688 139 688 139
1460487300 688 139 688 139
1460487000 688 139 688 139
1460486700 688 139 688 139
1460486400 688 139 688 139
1460486100 688 139 688 139
1460485800 688 139 688 139
1460485500 688 139 688 139
1460485200 688 139 688 139
1460484900 688 139 688 139
1460484600 688 139 688 139
1460484300 688 139 688 139
1460484000 688 139 688 139
1460483700 688 139 688 139
1460483400 688 139 688 139
1460483100 688 139 688 139
1460482800 688 139 688 139
1460482500 688 139 688 139
1460482200 688 139 688 139
1460481900 688 139 688 139
1460481600 688 139 688 139
1460481300 688 139 688 139
1460481000 688 139 688 139
1460480700 688 139 688 139
1460480400 688 139 688 139
1460480100 688 139 688 139
1460479800 688 139 688 139
1460479500 688 139 688 139
1460479200 688 139 688 139
1460478900 688 139 688 139
1460478600 688 139 688 139
1460478300 688 139 688 139
1460478000 688 139 688 139
1460477700 688 139 688 139
1460477400 688 139 688 139
1460477100 688 139 688 139
1460476800 688 139 688 139
1460476500 688 139 688 139
1460476200 688 139 688 139
1460475900 688 139 688 139
1460475600 688 139 688 139
1460475300 688 139 688 139
1460475000 688 139 688 139
1460474700 688 139 688 139
1460474400 688 139 688 139
1460474100 688 139 688 139
1460473800 688 139 688 139
1460473500 688 139 688 139
1460473200 688 139 688 139
1460472900 688 139 688 139
1460472600 688 139 688 139
1460472300 688 139 688 139
1460472000 688 139 688 139
1460471700 688 139 688 139
1460471400 688 139 688 139
1460471100 688 139 688 139
1460470800 688 139 688 139
1460470500 688 139 688 139
1460470200 688 139 688 139
1460469900 688 139 688 139
1460469600 688 139 688 139
1460469300 688 139 688 139
1460469000 688 139 688 139
1460468700 688 139 688 139
1460468400 688 139 688 139
1460468100 688 139 688 139
1460467800 688 139 688 139
1460467500 688 139 688 139
1460467200 688 139 688 139
1460466900 688 139 688 139
1460466600 688 139 688 139
1460466300 688 139 688 139
1460466000 688 139 688 139
1460465700 688 139 688 139
1460465400 688 139 688 139
1460465100 688 139 688 139
1460464800 688 139 688 139
1460464500 688 139 688 139
1460464200 688 139 688 139
1460463900 688 139 688 139
1460463600 688 139 688 139
1460463300 688 139 688 139
1460463000 688 139 688 139
1460462700 688 139 688 139
1460462400 688 139 688 139
1460462100 688 139 688 139
1460461800 688 139 688 139
1460461500 688 139 688 139
1460461200 688 139 688 139
1460460900 688 139 688 139
1460460600 688 139 688 139
1460460300 688 139 688 139
1460460000 688 139 688 139
1460459700 688 139 688 139
1460459400 688 139 688 139
1460459100 688 139 688 139
1460458800 688 139 688 139
1460458500 688 139 688 139
1460458200 688 139 688 139
1460457900 688 139 688 139
1460457600 688 139 688 139
1460457300 688 139 688 139
1460457000 688 139 688 139
1460456700 688 139 688 139
1460456400 688 139 688 139
1460456100 688 139 688 139
1460455800 688 139 688 139
1460455500 688 139 688 139
1460455200 688 139 688 139
1460454900 688 139 688 139
1460454600 688 139 688 139
1460454300 688 139 688 139
1460454000 688 139 688 139
1460453700 688 139 688 139
1460453400 688 139 688 139
1460453100 688 139 688 139
1460452800 688 139 688 139
1460452500 688 139 688 139
1460452200 688 139 688 139
1460451900 688 139 688 139
1460451600 688 139 688 139
1460451300 688 139 688 139
1460451000 688 139 688 139
1460450700 688 139 688 139
1460450400 688 139 688 139
1460450100 688 139 688 139
1460449800 688 139 688 139
1460449500 688 139 688 139
1460449200 688 139 688 139
1460448900 688 139 688 139
1460448600 688 139 688 139
1460448300 688 139 688 139
1460448000 688 139 688 139
1460447700 688 139 688 139
1460447400 688 139 688 139
1460447100 688 139 688 139
1460446800 688 139 688 139
1460446500 688 139 688 139
1460446200 688 139 688 139
1460445900 688 139 688 139
1460445600 688 139 688 139
1460445300 688 139 688 139
1460445000 688 139 688 139
1460444700 688 139 688 139
1460444400 688 139 688 139
1460444100 688 139 688 139
1460443800 688 139 688 139
1460443500 688 139 688 139
1460443200 688 139 688 139
1460442900 688 139 688 139
1460442600 688 139 688 139
1460442300 688 139 688 139
1460442000 688 139 688 139
1460441700 688 139 688 139
1460441400 688 139 688 139
1460441100 688 139 688 139
1460440800 688 139 688 139
1460440500 688 139 688 139
1460440200 688 139 688 139
1460439900 688 139 688 139
1460439600 688 139 688 139
1460439300 688 139 688 139
1460439000 688 139 688 139
1460438700 688 139 688 139
1460438400 688 139 688 139
1460438100 688 139 688 139
1460437800 688 139 688 139
1460437500 688 139 688 139
1460437200 688 139 688 139
1460436900 688 139 688 139
1460436600 688 139 688 139
1460436300 688 139 688 139
1460436000 688 139 688 139
1460435700 688 139 688 139
1460435400 688 139 688 139
1460435100 688 139 688 139
1460434800 688 139 688 139
1460434500 688 139 688 139
1460434200 688 139 688 139
1460433900 688 139 688 139
1460433600 688 139 688 139
1460433300 688 139 688 139
1460433000 688 139 688 139
1460432700 688 139 688 139
1460432400 688 139 688 139
1460432100 688 139 688 139
1460431800 688 139 688 139
1460431500 688 139 688 139
1460431200 688 139 688 139
1460430900 688 139 688 139
1460430600 688 139 688 139
1460430300 688 139 688 139
1460430000 688 139 688 139
1460429700 688 139 688 139
1460429400 688 139 688 139
1460429100 688 139 688 139
1460428800 688 139 688 139
1460428500 688 139 688 139
1460428200 688 139 688 139
1460427900 688 139 688 139
1460427600 688 139 688 139
1460427300 688 139 688 139
1460427000 688 139 688 139
1460426700 688 139 688 139
1460426400 688 139 688 139
1460426100 688 139 688 139
1460425800 688 139 688 139
1460425500 688 139 688 139
1460425200 688 139 688 139
1460424900 688 139 688 139
1460424600 688 139 688 139
1460424300 688 139 688 139
1460424000 688 139 688 139
1460423700 688 139 688 139
1460423400 688 139 688 139
1460423100 688 139 688 139
1460422800 688 139 688 139
1460422500 688 139 688 139
1460422200 688 139 688 139
1460421000 688 139 688 139
1460419200 688 139 688 139
1460417400 688 139 688 139
1460415600 688 139 688 139
1460413800 688 139 688 139
1460412000 688 139 688 139
1460410200 688 139 688 139
1460408400 688 139 688 139
1460406600 688 139 688 139
1460404800 688 139 688 139
1460403000 688 139 688 139
1460401200 688 139 688 139
1460399400 688 139 688 139
1460397600 688 139 688 139
1460395800 688 139 688 139
1460394000 688 139 688 139
1460392200 688 139 688 139
1460390400 688 139 688 139
1460388600 688 139 688 139
1460386800 688 139 688 139
1460385000 688 139 688 139
1460383200 688 139 688 139
1460381400 688 139 688 139
1460379600 688 139 688 139
1460377800 688 139 688 139
1460376000 688 139 688 139
1460374200 688 139 688 139
1460372400 688 139 688 139
1460370600 688 139 688 139
1460368800 688 139 688 139
1460367000 688 139 688 139
1460365200 688 139 688 139
1460363400 688 139 688 139
1460361600 688 139 688 139
1460359800 688 139 688 139
1460358000 688 139 688 139
1460356200 688 139 688 139
1460354400 688 139 688 139
1460352600 688 139 688 139
1460350800 688 139 688 139
1460349000 688 139 688 139
1460347200 688 139 688 139
1460345400 688 139 688 139
1460343600 688 139 688 139
1460341800 688 139 688 139
1460340000 688 139 688 139
1460338200 688 139 688 139
1460336400 688 139 688 139
1460334600 688 139 688 139
1460332800 688 139 688 139
1460331000 688 139 688 139
1460329200 688 139 688 139
1460327400 688 139 688 139
1460325600 688 139 688 139
1460323800 688 139 688 139
1460322000 688 139 688 139
1460320200 688 139 688 139
1460318400 688 139 688 139
1460316600 688 139 688 139
1460314800 688 139 688 139
1460313000 688 139 688 139
1460311200 688 139 688 139
1460309400 688 139 688 139
1460307600 688 139 688 139
1460305800 688 139 688 139
1460304000 688 139 688 139
1460302200 688 139 688 139
1460300400 688 139 688 139
1460298600 688 139 688 139
1460296800 688 139 688 139
1460295000 688 139 688 139
1460293200 688 139 688 139
1460291400 688 139 688 139
1460289600 688 139 688 139
1460287800 688 139 688 139
1460286000 688 139 688 139
1460284200 688 139 688 139
1460282400 688 139 688 139
1460280600 688 139 688 139
1460278800 688 139 688 139
1460277000 688 139 688 139
1460275200 688 139 688 139
1460273400 688 139 688 139
1460271600 688 139 688 139
1460269800 688 139 688 139
1460268000 688 139 688 139
1460266200 688 139 688 139
1460264400 688 139 688 139
1460262600 688 139 688 139
1460260800 688 139 688 139
1460259000 688 139 688 139
1460257200 688 139 688 139
1460255400 688 139 688 139
1460253600 688 139 688 139
1460251800 688 139 688 139
1460250000 688 139 688 139
1460248200 688 139 688 139
1460246400 688 139 688 139
1460244600 688 139 688 139
1460242800 688 139 688 139
1460241000 688 139 688 139
1460239200 688 139 688 139
1460237400 688 139 688 139
1460235600 688 139 688 139
1460233800 688 139 688 139
1460232000 688 139 688 139
1460230200 688 139 688 139
1460228400 688 139 688 139
1460226600 688 139 688 139
1460224800 688 139 688 139
1460223000 688 139 688 139
1460221200 688 139 688 139
1460219400 688 139 688 139
1460217600 688 139 688 139
1460215800 688 139 688 139
1460214000 688 139 688 139
1460212200 688 139 688 139
1460210400 688 139 688 139
1460208600 688 139 688 139
1460206800 688 139 688 139
1460205000 688 139 688 139
1460203200 688 139 688 139
1460201400 688 139 688 139
1460199600 688 139 688 139
1460197800 688 139 688 139
1460196000 688 139 688 139
1460194200 688 139 688 139
1460192400 688 139 688 139
1460190600 688 139 688 139
1460188800 688 139 688 139
1460187000 688 139 688 139
1460185200 688 139 688 139
1460183400 688 139 688 139
1460181600 688 139 688 139
1460179800 688 139 688 139
1460178000 688 139 688 139
1460176200 688 139 688 139
1460174400 688 139 688 139
1460172600 688 139 688 139
1460170800 688 139 688 139
1460169000 688 139 688 139
1460167200 688 139 688 139
1460165400 688 139 688 139
1460163600 688 139 688 139
1460161800 688 139 688 139
1460160000 688 139 688 139
1460158200 688 139 688 139
1460156400 688 139 688 139
1460154600 688 139 688 139
1460152800 688 139 688 139
1460151000 688 139 688 139
1460149200 688 139 688 139
1460147400 688 139 688 139
1460145600 688 139 688 139
1460143800 688 139 688 139
1460142000 688 139 688 139
1460140200 752 184 3766 1739
1460138400 12952 2226 61205 6463
1460136600 6075 2148 20917 7488
1460134800 7905 3606 71688 7817
1460133000 34763 8054 71688 18012
1460131200 149003 112402 571553 434038
1460129400 103067 47058 400269 69623
1460127600 19131 14508 55606 73979
1460125800 9102 14071 20885 73979
1460124000 24840 14430 74278 37680
1460122200 44976 32421 85456 123947
1460120400 25987 15643 33314 18478
1460118600 37882 30264 86718 120569
1460116800 23308 7964 64737 14197
1460115000 30531 56947 160622 175215
1460113200 117069 5742 2033376 70788
1460111400 288512 10591 2033376 70788
1460109600 2489 1331 4884 4296
1460107800 2959 3013 5276 37069
1460106000 2463 6282 5374 37069
1460104200 1847 1050 5374 3926
1460102400 1543 650 2091 730
1460100600 1653 1639 2834 35554
1460098800 1740 5700 2834 35554
1460097000 1500 1702 3007 37220
1460095200 1648 5813 3007 37220
1460093400 1408 638 1836 809
1460091600 1373 630 1587 761
1460089800 3291 1794 7364 5794
1460088000 3115 1619 7824 5961
1460086200 2041 945 5157 2479
1460084400 1745 965 8044 7656
1460082600 2270 1565 8044 7656
1460080800 1394 650 1663 772
1460079000 2647 817 8309 1148
1460077200 1757 873 2005 1121
1460075400 1753 902 2523 1453
1460073600 1750 823 2201 964
1460071800 1487 776 1756 964
1460070000 3798 1027 9319 1627
1460068200 2043 1400 3580 3060
1460066400 3311 2302 11805 8245
1460064600 5207 3516 11805 8245
1460062800 11492 3109 19358 4876
1460061000 34094 11743 112794 39884
1460059200 35095 13364 71575 21210
1460057400 25563 14862 51709 36338
1460055600 58202 11712 161370 20354
1460053800 36048 19030 47702 29643
1460052000 58149 16292 120100 20604
1460050200 78102 85662 260113 425237
1460048400 116873 5443267 260113 11942918
1460046600 179870 11073808 216988 11839424
1460044800 198021 10785155 364953 13809684
1460043000 178772 11066750 295394 13809684
1460041200 110214 3303177 288496 11349696
1460039400 75961 22018 122928 40816
1460037600 41442 32484 80743 58375
1460035800 63394 77180 116473 257881
1460034000 29466 42824 57493 257881
1460032200 7237 3165 21353 8471
1460030400 2417 1269 4223 2205
1460028600 2117 1037 2846 1228
1460026800 1918 930 2869 2067
1460025000 1960 1127 2865 2067
1460023200 2306 917 4765 1125
1460021400 1822 882 2625 987
1460019600 1667 979 3104 2151
1460017800 2170 1146 2545 1893
1460016000 1631 866 2287 1024
1460014200 2324 7270 4239 37083
1460012400 1832 920 3187 1892
1460010600 2613 3908 5932 106425
1460008800 3871 16022 11295 106425
1460007000 2174 1255 2955 2100
1460005200 1755 1024 2607 1955
1460003400 3302 7020 5709 37134
1460001600 2199 926 5013 981
1459999800 4649 71833 18362 426298
1459998000 1948 936 4885 1041
1459996200 3610 1127 8077 1642
1459994400 1856 1078 2827 2134
1459992600 3215 7033 7873 37107
1459990800 3782 1864 7636 5670
1459989000 2336 1284 4306 3132
1459987200 1820 859 2377 989
1459985400 1910 914 2265 1088
1459983600 1595 820 2044 985
1459981800 3878 7263 10137 37632
1459980000 8903 5899 27300 23375
1459978200 3079 1632 5102 5408
1459976400 21908 6642 54233 12790
1459974600 75815 13934 232876 32917
1459972800 40458 22464 198728 43735
1459971000 127051 22648 232544 49934
1459969200 85047 23631 279024 49934
1459967400 78503 29704 155594 33220
1459965600 238366 23869 438681 31401
1459963800 162081 23536 291019 45654
1459962000 78771 22599 291019 39103
1459960200 114586 40677 168072 77789
1459958400 111958 104010 188720 338930
1459956600 86507 28963 146662 33336
1459954800 80974 122835 125073 378563
1459953000 68754 33389 128923 45220
1459951200 70283 27048 108021 45220
1459949400 70354 37047 128203 144925
1459947600 74330 64127 222050 144925
1459945800 68998 114776 222050 465218
1459944000 16860 1952 22442 2317
1459942200 16440 2063 20744 2672
1459940400 15643 1849 17406 2092
1459938600 16271 2018 17519 2888
1459936800 16212 14087 17670 42211
1459935000 15502 2048 15891 2518
1459933200 15309 1783 16592 1880
1459931400 15588 1870 16503 2123
1459929600 15636 2045 18146 2495
1459927800 18872 7403 31214 28881
1459926000 16075 13961 18531 74713
1459924200 18305 8501 23908 107418
1459922400 18684 16916 28956 107418
1459920600 16542 8957 19955 43567
1459918800 15410 1844 16820 1959
1459917000 15361 1874 15828 2090
1459915200 15904 12685 17556 58202
1459913400 24602 80398 68039 428344
1459911600 17174 2275 23042 3725
1459909800 20953 8683 34195 37971
1459908000 49761 3099 173340 7561
1459906200 16170 2133 17780 3229
1459904400 16322 14926 18937 74440
1459902600 17533 7044 60899 38174
1459900800 22803 2767 60899 9493
1459899000 17902 6449 22633 33736
1459897200 16063 6546 16655 33736
1459895400 20393 3380 32417 7566
1459893600 15861 12029 17866 58514
1459891800 19314 17065 26005 58514
1459890000 64845 22775 89501 72095
1459888200 104913 23148 172965 29540
1459886400 119429 34542 147313 54364
1459884600 91690 17991 201255 27872
1459882800 107285 30138 256201 90988
1459881000 81425 26101 101734 33611
1459879200 153829 32317 243060 47655
1459877400 155683 30588 287376 47655
1459875600 134446 47832 287376 102475
1459873800 80263 33025 109860 37799
1459872000 141014 122796 326065 439922
1459870200 204779 59981 326065 143060
1459868400 114175 144348 293051 580109
1459866600 236123 43873 465803 181071
1459864800 125933 3516564 199291 20835717
1459863000 291310 29589702 428636 75115464
1459861200 178072 14239595 318226 46979114
1459859400 50684 8757 184731 26581
1459857600 2408 824 2949 950
1459855800 2434 838 2970 961
1459854000 3152 810 5884 901
1459852200 2729 804 4868 880
1459850400 2351 858 3120 1231
1459848600 2541 819 4055 1104
1459846800 2277 771 3311 1004
1459845000 2486 805 3244 970
1459843200 2241 876 2860 1254
1459841400 2542 971 3699 1788
1459839600 2260 770 3006 984
1459837800 2608 813 3897 1021
1459836000 3568 1909 6280 3943
1459834200 3808 1587 10010 5307
1459832400 2374 799 3211 933
1459830600 2510 6678 3361 36238
1459828800 2733 828 19793 1672
1459827000 7476 71847 19793 285170
1459825200 2915 879 5466 1011
1459823400 4892 1482 7937 3998
1459821600 2345 838 3070 1102
1459819800 2541 870 4086 1127
1459818000 2529 872 3810 1105
1459816200 2467 862 3625 1265
1459814400 3439 994 8661 1803
1459812600 3288 1630 5296 5020
1459810800 2624 1420 4381 5020
1459809000 4615 1504 75019 3906
1459807200 13241 1192 75019 2933
1459805400 5233 2033 6544 2451
1459803600 27282 7460 78593 22632
1459801800 89273 28722 186664 75015
1459800000 126777 28781 192266 202164
1459798200 292470 68976 2645627 202164
1459796400 488676 49155 2645627 105489
1459794600 78405 61428 138390 145163
1459792800 44229 15478 62472 24721
1459791000 67028 15630 96402 30803
1459789200 146316 31452 338580 60439
1459787400 107162 27042 151572 35098
1459785600 62363 38238 84483 87057
1459783800 92318 44661 151162 225942
1459782000 138343 81854 332493 225942
1459780200 65510 45040 125505 136912
1459778400 119899 43892 221570 104498
1459776600 154066 76074 290138 207977
1459774800 35791 39715 159098 162736
1459773000 7562 5730 14306 17797
1459771200 892 433 1102 493
1459769400 886 413 1102 487
1459767600 880 414 966 452
1459765800 988 431 3638 639
1459764000 1505 701 3638 1761
1459762200 848 413 916 477
1459760400 902 422 985 456
1459758600 962 417 1173 459
1459756800 924 445 1049 539
1459755000 899 419 1090 510
1459753200 1178 656 2105 1735
1459751400 880 437 1128 683
1459749600 930 440 1026 500
1459747800 864 422 934 500
1459746000 894 417 929 472
1459744200 1195 6671 2097 37805
1459742400 1142 651 2262 1730
1459740600 843 413 922 445
1459738800 974 460 1262 612
1459737000 868 417 910 457
1459735200 909 434 994 488
1459733400 894 428 983 487
1459731600 874 413 957 530
1459729800 1027 436 1426 493
1459728000 928 431 1036 480
1459726200 1244 712 2227 1749
1459724400 904 452 1160 655
1459722600 842 481 899 967
1459720800 864 423 999 494
1459719000 831 411 904 459
1459717200 1205 673 2273 1772
1459715400 1120 1438 2515 38103
1459713600 1277 5910 2515 38103
1459711800 883 522 975 1008
1459710000 860 419 925 509
1459708200 6877 603 37002 1521
1459706400 972 436 3205 534
1459704600 1409 666 3205 1649
1459702800 923 409 4553 650
1459701000 1510 459 4553 650
1459699200 939 441 1200 600
1459697400 878 411 1161 503
1459695600 1122 642 2271 1759
1459693800 930 432 993 529
1459692000 846 406 1096 498
1459690200 882 431 1096 527
1459688400 900 437 1180 600
1459686600 943 437 1365 534
1459684800 947 419 4488 630
1459683000 1349 441 4488 630
1459681200 834 395 1034 602
1459679400 865 432 1034 602
1459677600 1348 449 3549 635
1459675800 969 442 1350 635
1459674000 1069 630 2195 1716
1459672200 1074 456 1370 601
1459670400 860 409 1194 602
1459668600 888 421 1194 602
1459666800 841 405 997 473
1459665000 859 411 997 489
1459663200 836 415 1048 535
1459661400 942 443 1155 535
1459659600 838 401 925 448
1459657800 1175 6419 2032 36443
1459656000 861 405 931 490
1459654200 1064 628 2223 1818
1459652400 922 438 1248 658
1459650600 935 422 1228 590
1459648800 852 404 916 472
1459647000 849 404 970 469
1459645200 884 437 1086 571
1459643400 10468 678 58288 1942
1459641600 981 494 1337 820
1459639800 1119 735 2113 1739
1459638000 827 402 900 446
1459636200 905 521 1130 881
1459634400 886 449 1093 587
1459632600 931 458 1093 587
1459630800 877 450 952 623
1459629000 984 448 1386 582
1459627200 879 538 1074 1824
1459625400 1068 674 1241 1824
1459623600 1036 457 1227 528
1459621800 1837 716 3974 1869
1459620000 917 461 1153 617
1459618200 1277 464 3299 703
1459616400 867 418 935 514
1459614600 1121 469 1704 619
1459612800 933 437 1119 520
1459611000 935 447 1153 625
1459609200 853 415 941 479
1459607400 963 460 1208 657
1459605600 885 429 1000 532
1459603800 943 456 1058 596
1459602000 1036 616 2028 1617
1459600200 989 447 1237 538
1459598400 920 435 1089 516
1459596600 941 451 1294 532
1459594800 1106 474 2125 601
1459593000 1385 481 3545 682
1459591200 874 416 1026 492
1459589400 913 449 1026 557
1459587600 905 424 978 503
1459585800 996 462 1274 654
1459584000 913 433 1000 548
1459582200 1151 668 2198 1697
1459580400 865 428 1051 526
1459578600 1260 477 3101 689
1459576800 931 466 1484 1026
1459575000 936 447 1058 552
1459573200 892 427 939 534
1459571400 1227 6273 2128 35374
1459569600 905 436 1046 487
1459567800 959 453 1081 505
1459566000 1098 633 2197 1672
1459564200 975 465 1250 538
1459562400 10378 756 57917 2428
1459560600 983 441 1173 504
1459558800 935 438 1061 523
1459557000 949 435 1149 541
1459555200 1024 562 2505 1979
1459553400 1158 641 2505 1979
1459551600 908 429 1035 515
1459549800 2006 567 6671 1104
1459548000 1280 547 4469 2605
1459546200 4332 1988 6272 2778
1459544400 8655 3297 12654 6335
1459542600 108706 39084 284881 131293
1459540800 255385 39452 404367 66011
1459539000 155101 33794 198617 69157
1459537200 151004 32008 192257 40580
1459535400 83507 20075 166957 22431
1459533600 218747 34570 550056 62779
1459531800 73999 24452 224998 62779
1459530000 172970 28707 265811 39755
1459528200 403716 62538 587674 84777
1459526400 186330 50683 396362 81209
1459524600 84178 67029 123126 112826
1459522800 132948 217311 224472 934960
1459521000 108584 23629 183528 35904
1459519200 101682 33126 214254 47952
1459517400 168507 61305 452568 134227
1459515600 110416 44300 309167 148201
1459513800 32655 44494 107707 231828
1459512000 8213 30211 22597 169554
1459510200 3641 3276 6101 9663
1459508400 3470 1536 6101 1768
1459506600 3369 1551 4892 1968
1459504800 2880 1568 3627 1908
1459503000 3124 1506 4550 2367
1459501200 4594 13605 7987 73727
1459499400 3582 13429 5862 73851
1459497600 4726 1428 12800 1708
1459495800 4740 4204 9718 36680
1459494000 3704 6434 5924 36680
1459492200 5337 5142 11527 106803
1459490400 6572 41735 11036 133746
1459488600 4562 9191 10959 37473
1459486800 2821 1341 3903 1527
1459485000 3075 7234 3675 36883
1459483200 4286 1530 9428 1855
1459481400 7444 72679 11976 231426
1459479600 5270 13716 10068 74153
1459477800 4791 1645 10557 3084
1459476000 5391 7958 10234 37553
1459474200 3597 1660 4645 1976
1459472400 6253 3377 9183 7656
1459470600 3621 1563 7824 1919
1459468800 10225 7924 37782 38018
1459467000 3476 1658 4398 1864
1459465200 3411 1538 4600 1867
1459463400 15203 6689 60557 21831
1459461600 19257 14627 72244 23989
1459459800 75056 35635 248802 106997
1459458000 101964 178152 304294 821281
1459456200 78433 33173 190277 57438
1459454400 112517 39518 190277 79602
1459452600 125970 39236 179078 59715
1459450800 103656 23386 193379 34185
1459449000 127055 23547 193379 38891
1459447200 59177 19251 94791 33321
1459445400 99405 32627 143811 132292
1459443600 122743 39172 186666 138745
1459441800 101884 32734 186620 85579
1459440000 90146 38179 168344 65904
1459438200 136680 37521 191904 124014
1459436400 150456 62240 234479 124014
1459434600 90092 73759 134021 188804
1459432800 53382 31620 85926 91916
1459431000 162895 93063 521300 302094
1459429200 130786 39308 626686 203137
1459427400 3241 1434 3780 2240
1459425600 4210 8201 9522 37850
1459423800 4701 2245 8077 5214
1459422000 2506 1119 2648 1222
1459420200 4142 2111 9418 6711
1459418400 2551 1169 3216 1663
1459416600 2589 1104 3157 1272
1459414800 2435 1119 2942 1246
1459413000 2632 1129 2828 1276
1459411200 2491 1141 2959 1347
1459409400 2586 2083 3909 36993
1459407600 2595 6171 3909 36993
1459405800 2774 3829 6418 106660
1459404000 4869 22229 11447 106660
1459402200 3337 7249 5635 37421
1459400400 3487 1203 9001 1747
1459398600 3058 1161 5556 1366
1459396800 2493 1197 2756 1638
1459395000 3537 1169 8555 1389
1459393200 2643 1152 5035 1659
1459391400 3174 1241 5035 1659
1459389600 2836 1265 4140 1569
1459387800 3546 1161 7234 1344
1459386000 2663 1082 3270 1241
1459384200 3030 1281 3678 1972
1459382400 3561 1675 5716 2873
1459380600 4458 1699 8261 4134
1459378800 3524 1136 7955 1363
1459377000 6385 1330 16164 1530
1459375200 4172 1888 7243 3541
1459373400 10302 2614 27664 4199
1459371600 21641 16457 70194 78131
1459369800 82520 16272 147801 27245
1459368000 106532 23453 177240 48066
1459366200 67650 61986 84275 77100
1459364400 60647 29441 71087 35575
1459362600 51253 44083 72241 90038
1459360800 47840 61463 72241 90213
1459359000 52541 25661 275052 36775
1459357200 105119 43667 275052 89072
1459355400 442022 200258 2006149 1075569
1459353600 95007 26166 256074 36194
1459351800 155309 44742 195963 103770
1459350000 99750 42335 195963 103770
1459348200 79139 26645 113901 107048
1459346400 52341 45053 83314 107048
1459344600 136186 80940 292407 142976
1459342800 63317 95259 169517 720706
1459341000 23164 203467 40158 720706
1459339200 4215 4464 7653 39146
1459332000 3943 3140 10559 8584
1459324800 4184 6884 8721 108813
1459317600 4398 6857 10257 108813
1459310400 4591 11688 11540 124392
1459303200 3923 7706 5459 65206
1459296000 4230 6151 10694 39606
1459288800 64486 30426 504148 183121
1459281600 3578903 96389 22256016 333949
1459274400 1145140 41440 21938441 205581
1459267200 1729569 88682 21938441 431993
1459260000 55611 42779 183112 209566
1459252800 4935 3728 13688 11369
1459245600 4389 3392 6172 4241
1459238400 6182 5115 41239 40072
1459231200 4580 3562 10722 12233
1459224000 5320 21160 21246 429768
1459216800 4898 3361 11199 4022
1459209600 7727 3458 70761 5835
1459202400 3058528 50831 32868972 216576
1459195200 6469932 112411 27798203 469500
1459188000 5723321 202287 34376559 952717
1459180800 3035235 133333 33966110 836144
1459173600 140805 73078 568725 856082
1459166400 5687 4451 15674 7169
1459159200 4833 4194 7704 6666
1459152000 5181 9665 9023 128082
1459144800 5337 4237 12523 6611
1459137600 8033 83476 47735 1075651
1459130400 5003 4174 7560 6744
1459123200 4605 4169 7394 6719
1459116000 5487 4284 18441 8497
1459108800 4806 4401 7975 7438
1459101600 5403 4089 9802 7271
1459094400 5026 4474 10018 7365
1459087200 4706 3958 8058 7341
1459080000 4803 4003 7759 7513
1459072800 4431 3588 8076 7282
1459065600 17647 11260 178820 126508
1459058400 4477 3618 12477 6903
1459051200 4100 3804 7169 6514
1459044000 4332 3815 7909 6529
1459036800 4320 10403 9273 127790
1459029600 4454 3751 7515 6554
1459022400 4020 3776 6609 38920
1459015200 8025 83875 49321 1131552
1459008000 3683 3334 6690 7512
1459000800 4249 3583 7271 7207
1458993600 4044 3190 7734 5823
1458986400 4307 6386 8419 42009
1458979200 5891 8751 44440 127259
1458972000 4703 7675 12029 91599
1458964800 6941 85349 80831 1904871
1458957600 3652 2757 8054 3101
1458950400 3729 7549 6135 75187
1458943200 4480 4695 9805 39951
1458936000 6754 3031 77485 5250
1458928800 4449 3025 7990 5442
1458921600 4111 5232 10795 43014
1458914400 4415 3129 17568 5705
1458907200 4396 5960 11075 70893
1458900000 4580 6041 9833 50485
1458892800 4437 8433 14158 129695
1458885600 4672 8238 15302 75346
1458878400 8010 85755 52027 1217958
1458871200 4168 6488 8189 45903
1458864000 3755 2979 7267 7050
1458856800 36022 14805 163481 56893
1458849600 1053417 113620 10394709 279073
1458842400 7402455 227391 39154639 1050889
1458835200 3048208 111477 30566900 430555
1458828000 110329 713981 606685 9190186
1458820800 5779 3845 9906 5818
1458813600 6000 5567 10826 26358
1458806400 7641 4821 36909 109007
1458799200 7461 7500 50605 109007
1458792000 14518 103242 127762 1447558
1458784800 5876 10741 10671 129906
1458777600 6817 3816 25712 6072
1458770400 1732262 33895 31948583 381284
1458763200 1443168 113899 31948583 381284
1458756000 3041152 135981 21673582 340572
1458748800 5527646 204524 26937612 1765636
1458741600 72581 52519 174889 508938
1458734400 5029 3395 8013 4024
1458727200 4545 3261 6892 4183
1458720000 4703 9236 8582 108984
1458712800 4961 5146 14040 47544
1458705600 5462 22880 21348 429982
1458698400 5380 5561 10651 49077
1458691200 5472 3335 13501 3743
1458684000 37568 13526 132847 59056
1458676800 189910 40767 322740 69449
1458669600 287107 36384 760584 87761
1458662400 245735 66044 760584 557186
1458655200 73096 50738 191516 245682
1458648000 6137 4957 12626 11246
1458640800 5359 4086 8455 5669
1458633600 5514 11192 16399 127762
1458626400 6765 7641 21305 109677
1458619200 5798 22084 21362 430817
1458612000 5036 4177 7455 4713
1458604800 9584 4871 64543 12348
1458597600 105536 25826 293014 89147
1458590400 226175 40413 852983 75210
1458583200 5809780 117627 28435766 404705
1458576000 2926964 111162 27070075 377149
1458568800 2786100 86493 22017764 377331
1458561600 4753 1641 24276 9188
1458554400 756 383 1059 472
1458547200 813 1077 4958 106109
1458540000 930 4103 4958 106109
1458532800 1559 18178 11850 334773
1458525600 1214 451 7856 1842
1458518400 755 381 946 487
1458511200 737 401 1037 885
1458504000 758 380 1352 547
1458496800 987 4807 5159 106180
1458489600 796 399 1397 665
1458482400 750 394 1180 599
1458475200 768 390 1725 599
1458468000 677 384 1117 518
1458460800 700 420 1438 1237
1458453600 737 1315 1834 22671
1458446400 689 401 1172 838
1458439200 1335 1064 9139 9684
1458432000 704 392 990 464
1458424800 1532 18217 17756 427339
1458417600 709 381 1478 478
1458410400 699 679 1079 7291
1458403200 1100 633 7073 4224
1458396000 65264 1644 891243 16992
1458388800 681 388 1151 566
1458381600 701 388 984 471
1458374400 804 2890 4955 106142
1458367200 1165 2363 4955 106142
1458360000 11864 18631 248254 275857
1458352800 718 1895 1793 36576
1458345600 1010 770 2474 6599
1458338400 19889 5573 149740 20976
1458331200 283145 43386 1227282 187308
1458324000 748638 43379 3048909 110976
1458316800 106648 36800 383583 187348
1458309600 134072 30413 915519 142252
1458302400 18897 5526 115543 13392
1458295200 6971 3998 20526 7130
1458288000 8058 15270 20833 127772
1458280800 6144 5173 9057 39644
1458273600 6618 21681 22816 431064
1458266400 6407 5560 11552 40156
1458259200 200333 9657 1605285 40195
1458252000 31434 11892 127309 36050
1458244800 111566 36131 978771 148391
1458237600 227773 65377 1102925 519812
1458230400 192263 46390 837674 121535
1458223200 109940 32331 793269 139501
1458216000 7321 3918 44546 12716
1458208800 4547 3281 6462 4423
1458201600 5037 8708 12872 91552
1458194400 5110 6246 8787 48432
1458187200 6672 24112 21392 430183
1458180000 5752 4626 13363 16517
1458172800 4995 3284 26768 4523
1458165600 397506 36772 6658799 189954
1458158400 129481 52561 709531 214012
1458151200 375197 55787 1375693 228763
1458144000 188411 84229 495071 634079
1458136800 100035 49426 666068 333605
1458129600 58734 8359 337875 20244
1458122400 6581 6358 12082 40838
1458115200 9568 6938 93990 110442
1458108000 7735 10907 18905 110442
1458100800 8164 22519 22913 430975
1458093600 8072 17494 27517 297211
1458086400 7833 5269 13327 13856
1458079200 98201 36526 578685 101152
1458072000 340650 62685 1869691 112393
1458064800 96895 64207 458312 187748
1458057600 96275 129280 277544 398622
1458050400 83543 53221 250417 185992
1458043200 44679 6764 334568 21587
1458036000 86798 5673 312630 12057
1458028800 6402 6149 11175 109525
1458021600 5572 7309 11175 109525
1458014400 7648 23051 40969 430478
1458007200 8072 3620 42803 4575
1458000000 11924 6576 81125 44143
1457992800 40006 37317 186867 101239
1457985600 200335 63833 695043 99638
1457978400 86194 26827 238645 49431
1457971200 169203 96183 1232762 429768
1457964000 66274 54584 181354 221309
1457956800 18756 7229 170411 23453
1457949600 3034 2985 4813 3195
1457942400 3029 3655 7065 108890
1457935200 3152 6772 7065 108890
1457928000 3300 3592 9904 16035
1457920800 2959 2986 3477 3446
1457913600 3272 3513 7991 12520
1457906400 3363 3005 12345 3434
1457899200 3122 3098 4010 4534
1457892000 3177 7424 7486 109444
1457884800 3707 3042 14346 3340
1457877600 3444 3046 8949 3521
1457870400 3172 3012 6510 3340
1457863200 2902 2889 3600 3089
1457856000 3161 10285 4444 50649
1457848800 3057 2956 6579 4128
1457841600 2940 2893 4117 3429
1457834400 2905 2912 3655 3348
1457827200 2932 2954 3392 3484
1457820000 3631 4936 11998 39220
1457812800 3330 2903 8144 3463
1457805600 3504 3382 8780 9108
1457798400 2909 2893 3598 4021
1457791200 3085 2905 6188 3635
1457784000 3027 2994 3734 3536
1457776800 2912 2863 3903 3580
1457769600 3034 7217 7415 108959
1457762400 3139 2912 7605 3330
1457755200 3048 2979 3720 4246
1457748000 6235 3868 41436 16929
1457740800 17045 11649 223709 65291
1457733600 90588 24942 264825 47806
1457726400 116498 23546 258633 39931
1457719200 386372 90607 2173870 279390
1457712000 3143410 63594 29332705 144517
1457704800 7396 10437 35542 169776
1457697600 3759 1978 7532 2565
1457690400 5045 3747 22638 40263
1457683200 3660 7924 7625 108437
1457676000 5850 19870 40315 428834
1457668800 3668 2031 6055 2334
1457661600 4180 2089 8190 2981
1457654400 5466 2749 13482 6016
1457647200 143120 27196 336623 90766
1457640000 179997 38698 2062155 349901
1457632800 291390 2966436 1247955 12238620
1457625600 198938 55342 721899 172711
1457618400 17397 10406 100463 134460
1457611200 1907 1052 5175 1418
1457604000 2632 2987 7090 39473
1457596800 2058 5630 6094 108006
1457589600 64281 28666 397616 438724
1457582400 12475 2872 236424 22718
1457575200 10247 2046 183002 12223
1457568000 17930 5468 153682 24624
1457560800 198106 33550 484050 76244
1457553600 314309 28941 665449 93419
1457546400 3278102 151278 27010821 667196
1457539200 419937 90189 4952148 234914
1457532000 28379 11430 198492 123192
1457524800 14900 2006 162735 5661
1457517600 5642 2206 37498 39432
1457510400 26850 14846 332176 125370
1457503200 7985 21157 239646 428564
1457496000 11637 2018 239646 7208
1457488800 5241 3477 18594 38425
1457481600 14602 3062 103900 12858
1457474400 149882 32952 391614 140477
1457467200 154805 22045 340975 30706
1457460000 179300 28950 688715 62158
1457452800 104507 84243 243759 798316
1457445600 8171 10183 34495 173670
1457438400 2543 3180 5203 37651
1457431200 3891 2112 14826 39433
1457424000 2881 8628 9411 108517
1457416800 3536 1985 11533 2740
1457409600 4218 2270 21079 3330
1457402400 13916 11933 16462 14310
1457395200 12572 9690 16544 14310
1457388000 61801 15711 557765 45132
1457380800 220583 23377 465884 100980
1457373600 101574 33715 231687 170409
1457366400 202338 49193 489942 279477
1457359200 15088 8269 121643 128677
1457352000 2452 1108 6428 1718
1457344800 2294 1136 3091 1587
1457337600 2311 2698 3844 39245
1457330400 2267 1133 2932 1679
1457323200 2275 1123 3233 1512
1457316000 2672 1177 6436 2162
1457308800 2231 1118 2665 1634
1457301600 2341 1095 3950 1628
1457294400 2215 1111 3072 1677
1457287200 2585 1185 9355 2322
1457280000 2244 1147 2840 1571
1457272800 2445 1131 5910 1711
1457265600 2825 1118 16380 1567
1457258400 2258 1108 3017 1775
1457251200 2381 4324 3929 39234
1457244000 2224 1087 3236 1555
1457236800 2227 1106 2786 1512
1457229600 2323 1145 3872 1550
1457222400 3162 1133 7901 1739
1457215200 2241 1115 2905 1441
1457208000 2175 1088 3948 1517
1457200800 2428 1166 4013 1606
1457193600 2454 2929 5587 39046
1457186400 2398 1186 3639 1607
1457179200 2149 1106 3131 1879
1457172000 2213 1166 2937 1647
1457164800 2236 1132 3737 4298
1457157600 2463 6087 7080 119409
1457150400 2588 1173 9885 1926
1457143200 3018 1216 9968 1886
1457136000 3847 1705 16108 4114
1457128800 78614 19037 297689 29890
1457121600 193272 58009 493562 361030
1457114400 189770 20982 512341 31872
1457107200 57267 25219 360542 150574
1457100000 14268 4426 108153 45086
1457092800 3091 1370 17707 2196
1457085600 8514 1545 109174 4481
1457078400 13801 3690 178725 40842
1457071200 3780 19206 19548 428700
1457064000 11058 2011 181491 8911
1457056800 4032 1550 10121 3513
1457049600 5040 2399 31187 17342
1457042400 146276 29958 654216 48773
1457035200 3244568 55969 32986596 162195
1457028000 149263 88469 360568 485466
1457020800 137236 51719 221090 226180
1457013600 22493 32203 154105 487312
1457006400 4100 1837 12521 2634
1456999200 3626 2713 8817 126997
1456992000 3805 12391 8228 126997
1456984800 3911 1983 9305 3034
1456977600 3863 2009 8776 3323
1456970400 3891 1980 9523 2916
1456963200 4875 2159 16025 4984
1456956000 119207 17403 487101 32827
1456948800 126533 20736 552403 60909
1456941600 79182 17887 264300 46210
1456934400 118880 33553 397996 157261
1456927200 13993 4079 102139 55531
1456920000 1316 1053 2164 1459
1456912800 1436 1123 2826 2240
1456905600 1610 6316 6342 126230
1456898400 1552 1142 3642 2401
1456891200 1794 1119 11116 2195
1456884000 2037 1172 14746 2588
1456876800 3630 1643 27423 8804
1456869600 114449 20547 264156 35912
1456862400 178683 31019 340857 101557
1456855200 155511 37590 253066 138986
1456848000 244094 54484 571845 288288
1456840800 68568 37765 825685 493581
1456833600 3083 1630 6387 2093
1456826400 8754 2843 126426 126795
1456819200 4079 10692 15341 126795
1456812000 3968 19712 19589 429238
1456804800 3222 1646 5900 2582
1456797600 3175 1595 4795 1952
1456790400 64992 6877 182059 24622
1456783200 228918 532793 560634 7571433
1456776000 325425 1048622 691099 7573582
1456768800 288493 42483 1348657 190376
1456761600 197684 33990 528428 98833
1456754400 115586 18189 609379 192253
1456747200 2070 866 6047 1295
1456740000 1948 830 2731 1289
1456732800 1948 863 7495 8451
1456725600 1904 858 2975 1377
1456718400 1873 835 2863 1659
1456711200 2098 912 5529 2142
1456704000 1837 822 2521 1317
1456696800 1970 875 3077 1390
1456689600 1889 843 3213 1434
1456682400 1907 819 6487 1272
1456675200 2135 882 6487 1628
1456668000 2229 860 5118 1376
1456660800 2460 868 16116 1361
1456653600 1914 822 2660 1279
1456646400 1841 851 3254 1447
1456639200 1868 831 2836 1419
1456632000 1841 865 2780 1739
1456624800 2229 910 8978 1655
1456617600 1934 881 4085 1701
1456610400 1948 831 5284 1296
1456603200 1811 823 2403 1344
1456596000 1908 891 2824 1470
1456588800 2080 1042 3229 1434
1456581600 1926 861 2911 1396
1456574400 1797 823 2501 1275
1456567200 1845 843 2598 1391
1456560000 1818 843 3064 3082
1456552800 1922 890 2948 1451
1456545600 1826 837 2208 1254
1456538400 2672 956 18149 2897
1456531200 4483 1466 18346 2477
1456524000 73189 17252 366412 32158
1456516800 107608 18228 269834 50831
1456509600 110502 20444 399024 71292
1456502400 119740 774315 411160 8728404
1456495200 50703 18290 256411 183024
1456488000 17019 2183 31408 3718
1456480800 17093 2097 24513 2994
1456473600 16742 3727 20221 38644
1456466400 17833 20085 32985 429744
1456459200 17533 2395 28535 7201
1456452000 17430 2095 24061 2549
1456444800 19959 2651 33302 4625
1456437600 179384 16893 1493790 49885
1456430400 3011203 25875 31822904 145212
1456423200 93562 40666 413108 267662
1456416000 187809 104913 1243625 623287
1456408800 60500 14795 812531 160272
1456401600 2480 1236 5050 2407
1456394400 2852 1336 12019 4560
1456387200 2613 7207 6467 108441
1456380000 3293 19360 13913 290250
1456372800 4764 2474 28545 13416
1456365600 26102 2871 489418 15274
1456358400 88228 12850 343638 209927
1456351200 116526 51219 472249 246558
1456344000 1109390 60013 5501374 225885
1456336800 3156196 118377 12320512 962306
1456329600 425276 85278 1400337 962306
1456322400 55710 12604 819107 137272
1456315200 2361 1498 5722 3008
1456308000 7034 1789 94513 6841
1456300800 3053 7872 8991 108506
1456293600 3513 19407 21467 429780
1456286400 3502 1904 6425 4811
1456279200 4016 1849 7253 2365
1456272000 3104432 33036 29515111 150399
1456264800 3209226 66357 29044829 178787
1456257600 3090751 43179 30288301 138110
1456250400 392732 93020 2859236 347586
1456243200 3207454 77007 29756444 347586
1456236000 104706 22667 1157220 210797
1456228800 38537 1749 879090 20233
1456221600 39647 2426 334361 11200
1456214400 2872 7617 11142 108386
1456207200 2617 18830 19834 429244
1456200000 4054 5266 38297 86023
1456192800 9699 5587 100073 23985
1456185600 47825 3409 486486 15290
1456178400 183885 75228 10192992 1164461
1456171200 1031694 1056737 11177366 17786335
1456164000 432538 47833 2451069 126103
1456156800 262352 41895 1301212 126103
1456149600 34864 27122 202372 200058
1456142400 1575 1145 2736 2357
1456135200 2011 1465 5921 2163
1456128000 2236 7490 7566 147389
1456120800 1889 1426 4761 1722
1456113600 2084 1650 5268 4925
1456106400 1883 1528 2892 3119
1456099200 2218 1506 12195 3958
1456092000 1854 1379 3521 2473
1456084800 2467 2414 9620 14690
1456077600 2393 6094 7215 89837
1456070400 2248 1838 6775 6398
1456063200 1892 1449 2813 2071
1456056000 1849 1366 4482 3261
1456048800 2009 1891 4365 40388
1456041600 2150 3121 5662 40388
1456034400 2675 2773 8854 15407
1456027200 1731 1355 2999 2836
1456020000 1857 1445 2936 2036
1456012800 2218 1652 10421 6202
1456005600 2386 3812 8421 38090
1455998400 2243 2199 9298 15505
1455991200 2206 2223 7766 12954
1455984000 2138 1667 3355 2946
1455976800 1994 1711 4013 4992
1455969600 1925 1536 2763 2206
1455962400 1925 1486 2871 1775
1455955200 2556 9167 6837 108837
1455948000 3322 1644 34433 2772
1455940800 10417 1923 181018 5468
1455933600 4382 1973 15043 2879
1455926400 48039 8279 475542 34180
1455919200 213756 19117 11046765 51448
1455912000 5940263 67209 30917901 300907
1455904800 201747 41899 353496 133755
1455897600 147317 32196 849602 84677
1455890400 31312 16543 189158 141007
1455883200 3155 1656 9896 2282
1455876000 4252 1977 21875 40416
1455868800 3149 7553 7028 108755
1455861600 8681 21121 69473 429980
1455854400 24116 5481 479953 73653
1455847200 4732 2188 10294 37744
1455840000 26118 4551 100365 37744
1455832800 1406235 42513 29609704 157181
1455825600 6209958 136192 30068471 400420
1455818400 3157187 100862 32585692 250854
1455811200 113589 71398 493418 567179
1455804000 69143 17705 1290089 180927
1455796800 4860 3681 12770 37843
1455789600 16601 2958 253103 41249
1455782400 6574 37365 23995 503164
1455775200 5520 23140 21153 430202
1455768000 6593 5984 13521 75900
1455760800 6038 4297 15045 35180
1455753600 7212 6365 17078 81888
1455746400 89414 62021 223044 326197
1455739200 159136 79177 792493 423062
1455732000 112243 36472 196437 85185
1455724800 131111 52664 327276 153580
1455717600 18981 40349 98120 508345
1455710400 2775 1578 15585 2019
1455703200 3090 1596 11382 2071
1455696000 2325 1554 4519 1761
1455688800 3541 19443 20053 430202
1455681600 25417 6960 521123 73554
1455674400 3120 1682 8792 2723
1455667200 35288 10752 999631 44163
1455660000 154152 20970 999631 37803
1455652800 136754 28152 539689 70043
1455645600 117328 32669 336170 96663
1455638400 271940 339426 1293419 4111954
1455631200 48014 15159 493078 140986
1455624000 777 474 1335 890
1455616800 745 486 1215 1167
1455609600 980 445 4258 618
1455602400 887 523 3518 1515
1455595200 1104 3434 6066 72453
1455588000 931 438 7188 724
1455580800 707 431 1236 546
1455573600 692 434 1154 519
1455566400 751 436 1376 505
1455559200 712 454 1208 854
1455552000 14905 914 292971 8988
1455544800 701 434 1359 519
1455537600 690 438 1105 578
1455530400 866 482 4599 1511
1455523200 830 452 4149 694
1455516000 694 428 1308 549
1455508800 693 429 1181 564
1455501600 700 434 1225 543
1455494400 730 456 1466 760
1455487200 677 435 1159 564
1455480000 829 3461 3703 72987
1455472800 713 638 1543 5309
1455465600 923 439 3169 534
1455458400 707 481 1260 1521
1455451200 711 435 1280 512
1455444000 906 491 3963 1553
1455436800 792 467 3114 1320
1455429600 943 507 5516 2093
1455422400 833 3434 3722 73029
1455415200 1326 431 15911 1186
1455408000 693 420 1139 741
1455400800 695 399 1202 489
1455393600 1953 491 20211 2243
1455386400 1153 1028 11523 15104
1455379200 719 417 1307 607
1455372000 714 406 1239 478
1455364800 1989 2257 17435 18810
1455357600 26839 2163 367695 13047
1455350400 2648 5774 13052 108034
1455343200 4434 1342 48296 3135
1455336000 3039 4514 5766 74287
1455328800 3088 2914 11851 30482
1455321600 27297 3152 338302 19869
1455314400 130839 29538 265141 148345
1455307200 420926 90351 3141711 531632
1455300000 283110 35010 3082048 210841
1455292800 137195 33035 890270 163312
1455285600 127446 49821 913733 498072
1455278400 2881 1142 24233 2162
1455271200 6454 1455 83617 40264
1455264000 2127 2596 5355 40264
1455256800 2456 18963 14361 314947
1455249600 2370 4244 5294 74066
1455242400 2553 1072 6725 2357
1455235200 13289 2503 111842 8430
1455228000 193153 33939 1028879 148989
1455220800 108952 13852 405223 28031
1455213600 197669 39849 2441945 138328
1455206400 365368 52584 2441945 181188
1455199200 177818 20933 1538056 199780
1455192000 2948 1710 16317 2382
1455184800 4224 2452 14361 11181
1455177600 2841 6562 6962 110290
1455170400 4391 20521 20227 433723
1455163200 3407 5528 13169 79612
1455156000 3117 2226 4542 2807
1455148800 5111 2406 19467 4299
1455141600 2997406 48369 30781520 361228
1455134400 4027547 57368 32164398 349051
1455127200 2743891 149827 32164398 365578
1455120000 232588 44904 1258444 162462
1455112800 63832 6634 981752 66638
1455105600 1582 951 2297 1469
1455098400 131122 6004 1720088 161843
1455091200 3145 11234 11001 161843
1455084000 1918 1223 3052 1638
1455076800 57003 16269 901489 218285
1455069600 91955 15736 896794 117862
1455062400 34048 4454 248016 23760
1455055200 169167 29272 715240 214853
1455048000 99159 16269 250488 45230
1455040800 187363 114984 440528 2297701
1455033600 105479 24675 370539 85022
1455026400 11449 15121 49265 173065
1455019200 4559 4579 20481 417717
1454976000 46862 10796 1229737 460577
1454889600 3184 931 12567 2687
1454803200 3781 947 169237 6466
1454716800 39421 13154 1251586 432767
1454630400 54834 14179 434923 434084
1454544000 46732 13623 442276 412967
1454457600 73473 15117 2493476 434048
1454371200 63657 22642 602702 907495
1454284800 2928 2327 12314 77969
1454198400 2964 2342 13857 103739
1454112000 54939 27795 2560775 1901677
1454025600 65524 14879 469671 434228
1453939200 40121 13817 446344 434252
1453852800 53106 20786 569309 536887
1453766400 169647 23758 9075289 1373515
1453680000 1474 3237 22443 507056
1453593600 1519 2944 21537 508385
1453507200 38583 16278 763757 510560
1453420800 116498 17119 1136017 870501
1453334400 134828 795725 3166326 11020345
1453248000 57620 12812 472677 196717
1453161600 50101 10970 515334 208139
1453075200 921 936 9091 79309
1452988800 1074 1011 18188 80519
1452902400 82443 15937 843906 507273
1452816000 66614 13810 1329683 505646
1452729600 59288 23174 1723416 608193
1452643200 91683 227049 745677 7717677
1452556800 126312 27268 2178987 3212126
1452470400 1129 1018 13876 80949
1452384000 1632 1295 38972 81600
1452297600 52438 22498 1286908 519075
1452211200 47792 14932 1096290 299144
1452124800 94899 18190 9666906 620966
1452038400 63931 37113 512534 3222706
1451952000 135536 12954 6112223 292796
1451865600 1438 1630 23735 85595
1451779200 1815 1802 66005 86001
1451692800 1752 1802 12532 85715
1451606400 69634 10903 553421 526718
1451520000 67469 7943 1859132 194951
1451433600 43609 11629 464596 521755
1451347200 10082 4898 429046 294673
1451260800 1039 986 10990 83583
1451174400 967 984 7451 84087
1451088000 987 1013 5819 83997
1451001600 6651 4516 150367 521756
1450915200 37126 12944 468489 515891
1450828800 58686 17058 472486 513416
1450742400 77435 14576 3135700 523145
1450656000 1102 1199 12159 85734
1450569600 1149 1220 28865 86126
1450483200 37616 16255 731219 373804
1450396800 43405 13963 760193 701255
1450310400 57071 13297 824514 520581
1450224000 64618 16215 2792213 502774
1450137600 61949 6273 3392934 145813
1450051200 4 6 519 586
1449964800 19 21 755 747
1449878400 254 111 30029 11747
1449792000 11813 1196 765893 46455
1449705600 3677 652 288016 31947
1449619200 4063 1439 138402 25148
1449532800 663 241 40216 12414
1449446400 70 66 1632 1321
1449360000 54 55 870 859
1449273600 2007 265 270876 28253
1449187200 1870 455 153840 26227
1449100800 18139 5516 1564462 677574
1449014400 5850 619 385806 37314
1448928000 2194 1744 85321 88611
1448841600 45 46 1985 2172
1448755200 59 45 4309 1975
1448668800 4177 615 260317 29908
1448582400 2970 240 412946 30542
1448496000 4068 525 224613 18633
1448409600 606 418 69899 29677
1448323200 865 7445 90264 1050740
1448236800 23 29 709 1125
1448150400 31 31 1475 1418
1448064000 11048 907 475654 29531
1447977600 1468 595 65002 24760
1447891200 2475 263 338066 21033
1447804800 164 104 16091 7159
1447718400 3407 328 159215 10599
1447632000 72 61 1810 1475
1447545600 175 704 5197 85388
1447459200 8837 1100 325630 39577
1447372800 8757 750 536467 26840
1447286400 6698 609 332337 35121
1447200000 2804 363 369524 29213
1447113600 8824 1633 297941 53566
1447027200 53 53 1459 1309
1446940800 3 4 916 952
1446854400 187 115 6679 2660
1446768000 6484 808 361745 36060
1446681600 5489 6426 162570 184713
1446595200 1760 428 157161 32301
1446508800 1309 434 114853 44425
1446422400 158 1329 6379 91822
1446336000 223 1684 12290 235452
1446249600 13451 990 744131 40991
1446163200 3608 24054 151503 1583265
1446076800 0 0 0 0
1445990400 11 7 1874 1400
1445904000 5484 1774 257763 104203
1445817600 61 61 1552 1777
1445731200 119 79 4111 1649
1445644800 1804 516 204481 22533
1445558400 2287 1879 173034 206947
1445472000 4224 528 430198 45964
1445385600 289 94 37180 9861
1445299200 3513 1816 462043 205927
1445212800 22 23 1106 1120
1445126400 0 0 0 0
1445040000 33 28 2015 1685
1444953600 3118 1016 171543 39398
1444867200 10790 3703 539598 112428
1444780800 459 403 60762 52483
1444694400 21 21 864 859
1444608000 46 47 1332 1373
1444521600 90 83 1669 1499
1444435200 5417 2038 588974 108057
1444348800 1509 1707 122777 91944
1444262400 2966 1063 120483 44240
1444176000 5189 2188 620400 217140
1444089600 4613 12457 215536 1113367
1444003200 64 59 1352 1180
1443916800 69 66 1124 917
1443830400 2027 4334 113729 541620
1443744000 821 341 118464 49256
1443657600 10853 172403 490179 12255451
1443571200 2233 961 136500 42509
1443484800 1740 15217 148210 1847523
1443398400 154 110 4381 1814
1443312000 328 5237 31328 742871
1443225600 7909 1609 509346 63582
1443139200 6134 1936 186637 42064
1443052800 292 117 21736 5173
1442966400 8026 1552 541132 106627
1442880000 1176 597 96915 64499
1442793600 91 74 5061 2129
1442707200 82 65 2807 2353
1442620800 32110 3008 1861637 174524
1442534400 2205 675 154954 42362
1442448000 1770 361 205236 27252
1442361600 1432 838 187525 106770
1442275200 5852 949 315025 53711
1442188800 47 51 882 889
1442102400 9 7 1053 889
1442016000 157 141 12492 11901
1441929600 3215 1051 104366 34457
1441843200 385 83 54597 11537
1441756800 2742 12577 137585 887465
1441670400 53 35 3378 925
1441584000 64 63 1276 1147
1441497600 89 87 1185 1071
1441411200 1472 7324 197950 1043080
1441324800 9890 28096 472088 1937502
1441238400 358 136 24832 4071
1441152000 5382 1265 257346 50520
1441065600 18632 757 1340122 53228
1440979200 42 40 1123 911
1440892800 21 19 763 702
1440806400 1356 516 75562 19895
1440720000 2915 1350 293829 88399
1440633600 3216 4624 250204 526107
1440547200 2886 327 315982 28373
1440460800 2759 312 203779 15250
1440374400 0 0 0 0
1440288000 0 0 0 0
1440201600 0 0 0 0
1440115200 0 0 0 0
1440028800 0 0 0 0
1439942400 0 0 0 0
1439856000 0 0 0 0
1439769600 0 0 0 0
1439683200 0 0 0 0
1439596800 0 0 0 0
1439510400 3606 934 174444 31384
1439424000 2853 881 198322 69729
1439337600 1910 6728 83979 436447
1439251200 1446 382 105125 38380
1439164800 68 58 7042 6146
1439078400 31 28 1831 1621
1438992000 0 0 0 0
1438905600 1364 938 93903 63987
1438819200 1887 242 267393 31697
1438732800 23563 3444 3018499 219723
1438646400 66 51 2287 970
1438560000 47 51 1345 1218
1438473600 24 27 827 936
1438387200 1036 8903 146201 1279244
1438300800 4900 1733 273421 69032
1438214400 2189 3883 127303 960720
1438128000 1397 234 156298 20718
1438041600 3306 432 471811 59350
1437955200 22 19 1463 1110
1437868800 13 13 665 673
1437782400 3223 270 249168 18645
1437696000 3816 766 331319 42909
1437609600 16553 1245 927310 56442
1437523200 378 185 43827 18360
1437436800 10 9 779 624
1437350400 45 27 3089 698
1437264000 22 22 973 865
1437177600 87 52 9118 10637
1437091200 553 137 71752 16240
1437004800 7088 1313 267150 38894
1436918400 6404 1463 706974 166443
1436832000 6334 712 522298 33901
1436745600 44 48 617 787
1436659200 32 26 1611 707
1436572800 44 41 2107 1674
1436486400 66 69 2905 2581
1436400000 2944 440 198999 24223
1436313600 463 4282 16459 153964
1436227200 3168 1298 141833 128828
1436140800 13 12 948 923
1436054400 33 32 841 816
1435968000 6082 9753 312504 1241932
1435881600 4752 3107 197543 121524
1435795200 26 26 581 563
1435708800 889 373 118613 45218
1435622400 2900 751 247700 42036
1435536000 13 22 2333 3391
1435449600 134 49 12954 1652
1435363200 65 60 2964 2678
1435276800 3099 794 179225 45157
1435190400 5572 1684 282340 145824
1435104000 1674 353 143394 29787
1435017600 9307 847 1544482 75770
1434931200 11 10 1079 957
1434844800 23 18 1932 1266
1434758400 852 330 76835 32296
1434672000 7755 9009 395279 990808
1434585600 9975 7421 586266 956286
1434499200 1131 494 76691 39605
1434412800 4422 1418 259754 115167
1434326400 98 78 2370 1446
1434240000 86 52 4369 2108
1434153600 5174 579 276039 24899
1434067200 2227 2943 248836 314126
1433980800 54029 10352 1663056 564948
1433894400 174631 28710 7431272 1266453
1433808000 49610 26713 933613 1253595
1433721600 1079 2607 18123 274423
1433635200 1146 1683 13213 158166
1433548800 121606 39046 3828281 2293029
1433462400 62122 25805 1272997 2267069
1433376000 45463 33524 532270 1554967
1433289600 49576 61215 979045 1376368
1433203200 62535 26172 1415749 1260034
1433116800 2677 1172 154492 64719
1433030400 882 485 4873 6788
1432944000 42207 22720 400053 1162807
1432857600 31905 25336 292484 1213998
1432771200 45648 33815 936260 1285487
1432684800 63898 22888 552436 1438121
1432598400 44102 20604 1299184 942627
1432512000 1032 896 15609 89212
1432425600 1081 946 7659 89197
1432339200 36392 28426 573304 1345564
1432252800 40885 16854 542504 706729
1432166400 69038 24109 1573081 824467
1432080000 50402 22485 837048 976734
1431993600 7112 12486 415482 1332372
1431907200 996 902 7572 88145
1431820800 1035 934 7889 88347
1431734400 22312 23406 245240 1340255
1431648000 43403 68497 449472 1680724
1431561600 79376 25252 1776506 1166890
1431475200 40352 22009 1221687 1213784
1431388800 45914 20712 1399538 1074844
1431302400 1011 308 6452 1192
1431216000 321 102 6522 2078
1431129600 0 0 0 0
1431043200 0 0 0 0
1430956800 0 0 0 0
1430870400 0 0 0 0
1430784000 0 0 0 0
1430697600 0 0 0 0
1430611200 0 0 0 0
1430524800 0 0 0 0
1430438400 0 0 0 0
1430352000 0 0 0 0
1430265600 0 0 0 0
1430179200 0 0 0 0
1430092800 0 0 0 0
1430006400 0 0 0 0
1429920000 0 0 0 0
1429833600 0 0 0 0
1429747200 0 0 0 0
1429660800 0 0 0 0
1429574400 0 0 0 0
1429488000 0 0 0 0
1429401600 0 0 0 0
1429315200 0 0 0 0
1429228800 0 0 0 0
1429142400 0 0 0 0
1429056000 0 0 0 0
1428969600 0 0 0 0
1428883200 0 0 0 0
1428796800 0 0 0 0
1428710400 0 0 0 0
1428624000 0 0 0 0
1428537600 0 0 0 0
1428451200 0 0 0 0
1428364800 0 0 0 0
1428278400 0 0 0 0
1428192000 0 0 0 0
1428105600 0 0 0 0
1428019200 0 0 0 0
1427932800 0 0 0 0
1427846400 0 0 0 0
1427760000 0 0 0 0
1427673600 0 0 0 0
1427587200 0 0 0 0
1427500800 0 0 0 0
1427414400 0 0 0 0
1427328000 0 0 0 0
1427241600 0 0 0 0
1427155200 0 0 0 0
1427068800 0 0 0 0
1426982400 0 0 0 0
1426896000 0 0 0 0
1426809600 0 0 0 0
1426723200 0 0 0 0
1426636800 0 0 0 0
1426550400 0 0 0 0
1426464000 0 0 0 0
1426377600 0 0 0 0
1426291200 0 0 0 0
1426204800 0 0 0 0
1426118400 0 0 0 0
1426032000 0 0 0 0
1425945600 0 0 0 0
1425859200 0 0 0 0
1425772800 0 0 0 0
1425686400 0 0 0 0
1425600000 0 0 0 0
1425513600 0 0 0 0
1425427200 0 0 0 0
1425340800 0 0 0 0
1425254400 0 0 0 0
1425168000 0 0 0 0
1425081600 0 0 0 0
1424995200 0 0 0 0
1424908800 0 0 0 0
1424822400 0 0 0 0
1424736000 0 0 0 0
1424649600 0 0 0 0
1424563200 0 0 0 0
1424476800 0 0 0 0
1424390400 0 0 0 0
1424304000 0 0 0 0
1424217600 0 0 0 0
1424131200 0 0 0 0
1424044800 0 0 0 0
1423958400 0 0 0 0
1423872000 0 0 0 0
1423785600 0 0 0 0
1423699200 0 0 0 0
1423612800 0 0 0 0
1423526400 0 0 0 0
1423440000 0 0 0 0
1423353600 0 0 0 0
1423267200 0 0 0 0
1423180800 0 0 0 0
1423094400 0 0 0 0
1423008000 0 0 0 0
1422921600 0 0 0 0
1422835200 0 0 0 0
1422748800 0 0 0 0
1422662400 0 0 0 0
1422576000 0 0 0 0
1422489600 0 0 0 0
1422403200 0 0 0 0
1422316800 0 0 0 0
1422230400 0 0 0 0
1422144000 0 0 0 0
1422057600 0 0 0 0
1421971200 0 0 0 0
1421884800 0 0 0 0
1421798400 0 0 0 0
1421712000 0 0 0 0
1421625600 0 0 0 0
1421539200 0 0 0 0
1421452800 0 0 0 0
1421366400 0 0 0 0
1421280000 0 0 0 0
1421193600 0 0 0 0
1421107200 0 0 0 0
1421020800 0 0 0 0
1420934400 0 0 0 0
1420848000 0 0 0 0
1420761600 0 0 0 0
1420675200 0 0 0 0
1420588800 0 0 0 0
1420502400 0 0 0 0
1420416000 0 0 0 0
1420329600 0 0 0 0
1420243200 0 0 0 0
1420156800 0 0 0 0
1420070400 0 0 0 0
1419984000 0 0 0 0
1419897600 0 0 0 0
1419811200 0 0 0 0
1419724800 0 0 0 0
1419638400 0 0 0 0
1419552000 0 0 0 0
1419465600 0 0 0 0
1419379200 0 0 0 0
1419292800 0 0 0 0
1419206400 0 0 0 0
1419120000 0 0 0 0
1419033600 0 0 0 0
1418947200 0 0 0 0
1418860800 0 0 0 0
1418774400 0 0 0 0
1418688000 0 0 0 0
1418601600 0 0 0 0
1418515200 0 0 0 0
1418428800 0 0 0 0
1418342400 0 0 0 0
1418256000 0 0 0 0
1418169600 0 0 0 0
1418083200 0 0 0 0
1417996800 0 0 0 0
1417910400 0 0 0 0
1417824000 0 0 0 0
1417737600 0 0 0 0
1417651200 0 0 0 0
1417564800 0 0 0 0
1417478400 0 0 0 0
1417392000 0 0 0 0
1417305600 0 0 0 0
1417219200 0 0 0 0
1417132800 0 0 0 0
1417046400 0 0 0 0
1416960000 0 0 0 0
1416873600 0 0 0 0
1416787200 0 0 0 0
1416700800 0 0 0 0
1416614400 0 0 0 0
1416528000 0 0 0 0
1416441600 0 0 0 0
1416355200 0 0 0 0
1416268800 0 0 0 0
1416182400 0 0 0 0
1416096000 0 0 0 0
1416009600 0 0 0 0
1415923200 0 0 0 0
1415836800 0 0 0 0
1415750400 0 0 0 0
1415664000 0 0 0 0
1415577600 0 0 0 0
1415491200 0 0 0 0
1415404800 0 0 0 0
1415318400 0 0 0 0
1415232000 0 0 0 0
1415145600 0 0 0 0
1415059200 0 0 0 0
1414972800 0 0 0 0
1414886400 0 0 0 0
1414800000 0 0 0 0
1414713600 0 0 0 0
1414627200 0 0 0 0
1414540800 0 0 0 0
1414454400 0 0 0 0
1414368000 0 0 0 0
1414281600 0 0 0 0
1414195200 0 0 0 0
1414108800 0 0 0 0
1414022400 0 0 0 0
1413936000 0 0 0 0
1413849600 0 0 0 0
1413763200 0 0 0 0
1413676800 0 0 0 0
1413590400 0 0 0 0
1413504000 0 0 0 0
1413417600 0 0 0 0
1413331200 0 0 0 0
1413244800 0 0 0 0
1413158400 0 0 0 0
1413072000 0 0 0 0
1412985600 0 0 0 0
1412899200 0 0 0 0
1412812800 0 0 0 0
1412726400 0 0 0 0
1412640000 0 0 0 0
1412553600 0 0 0 0
1412467200 0 0 0 0
1412380800 0 0 0 0
1412294400 0 0 0 0
1412208000 0 0 0 0
1412121600 0 0 0 0
1412035200 0 0 0 0
1411948800 0 0 0 0
1411862400 0 0 0 0
1411776000 0 0 0 0
1411689600 0 0 0 0
1411603200 0 0 0 0
1411516800 0 0 0 0
1411430400 0 0 0 0
1411344000 0 0 0 0
1411257600 0 0 0 0
1411171200 0 0 0 0
1411084800 0 0 0 0
1410998400 0 0 0 0
1410912000 0 0 0 0
1410825600 0 0 0 0
1410739200 0 0 0 0
1410652800 0 0 0 0
1410566400 0 0 0 0
1410480000 0 0 0 0
1410393600 0 0 0 0
1410307200 0 0 0 0
1410220800 0 0 0 0
1410134400 0 0 0 0
1410048000 0 0 0 0
1409961600 0 0 0 0
1409875200 0 0 0 0
1409788800 0 0 0 0
1409702400 0 0 0 0
1409616000 0 0 0 0
1409529600 0 0 0 0
1409443200 0 0 0 0
1409356800 0 0 0 0
1409270400 0 0 0 0
1409184000 0 0 0 0
1409097600 0 0 0 0
1409011200 0 0 0 0
1408924800 0 0 0 0
1408838400 0 0 0 0
1408752000 0 0 0 0
1408665600 0 0 0 0
1408579200 0 0 0 0
1408492800 0 0 0 0
1408406400 0 0 0 0
1408320000 0 0 0 0
1408233600 0 0 0 0
1408147200 0 0 0 0
1408060800 0 0 0 0
1407974400 0 0 0 0
1407888000 0 0 0 0
1407801600 0 0 0 0
1407715200 0 0 0 0
1407628800 0 0 0 0
1407542400 0 0 0 0
1407456000 0 0 0 0
1407369600 0 0 0 0
1407283200 0 0 0 0
1407196800 0 0 0 0
1407110400 0 0 0 0
1407024000 0 0 0 0
1406937600 0 0 0 0
1406851200 0 0 0 0
1406764800 0 0 0 0
1406678400 0 0 0 0
1406592000 0 0 0 0
1406505600 0 0 0 0
1406419200 0 0 0 0
1406332800 0 0 0 0
1406246400 0 0 0 0
1406160000 0 0 0 0
1406073600 0 0 0 0
1405987200 0 0 0 0
1405900800 0 0 0 0
1405814400 0 0 0 0
1405728000 0 0 0 0
1405641600 0 0 0 0
1405555200 0 0 0 0
1405468800 0 0 0 0
1405382400 0 0 0 0
1405296000 0 0 0 0
1405209600 0 0 0 0
1405123200 0 0 0 0
1405036800 0 0 0 0
1404950400 0 0 0 0
1404864000 0 0 0 0
1404777600 0 0 0 0
1404691200 0 0 0 0
1404604800 0 0 0 0
1404518400 0 0 0 0
1404432000 0 0 0 0
1404345600 0 0 0 0
1404259200 0 0 0 0
1404172800 0 0 0 0
1404086400 0 0 0 0
1404000000 0 0 0 0
1403913600 0 0 0 0
1403827200 0 0 0 0
1403740800 0 0 0 0
1403654400 0 0 0 0
1403568000 0 0 0 0
1403481600 0 0 0 0
1403395200 0 0 0 0
1403308800 0 0 0 0
1403222400 0 0 0 0
1403136000 0 0 0 0
1403049600 0 0 0 0
1402963200 0 0 0 0
1402876800 0 0 0 0
1402790400 0 0 0 0
1402704000 0 0 0 0
1402617600 0 0 0 0
1402531200 0 0 0 0
1402444800 0 0 0 0
1402358400 0 0 0 0
1402272000 0 0 0 0
1402185600 0 0 0 0
1402099200 0 0 0 0
1402012800 0 0 0 0
1401926400 0 0 0 0
1401840000 0 0 0 0
1401753600 0 0 0 0
1401667200 0 0 0 0
1401580800 0 0 0 0
1401494400 0 0 0 0
1401408000 0 0 0 0
1401321600 0 0 0 0
1401235200 0 0 0 0
1401148800 0 0 0 0
1401062400 0 0 0 0
1400976000 0 0 0 0
1400889600 0 0 0 0
1400803200 0 0 0 0
1400716800 0 0 0 0
1400630400 0 0 0 0
1400544000 0 0 0 0
1400457600 0 0 0 0
1400371200 0 0 0 0
1400284800 0 0 0 0
1400198400 0 0 0 0
1400112000 0 0 0 0
1400025600 0 0 0 0
1399939200 0 0 0 0
1399852800 0 0 0 0
1399766400 0 0 0 0
1399680000 0 0 0 0
1399593600 0 0 0 0
1399507200 0 0 0 0
1399420800 0 0 0 0
1399334400 0 0 0 0
1399248000 0 0 0 0
1399161600 0 0 0 0
1399075200 0 0 0 0
1398988800 0 0 0 0
1398902400 0 0 0 0
1398816000 0 0 0 0
1398729600 0 0 0 0
1398643200 0 0 0 0
1398556800 0 0 0 0
1398470400 0 0 0 0
1398384000 0 0 0 0
1398297600 0 0 0 0
1398211200 0 0 0 0
1398124800 0 0 0 0
1398038400 0 0 0 0
1397952000 0 0 0 0
1397865600 0 0 0 0
1397779200 0 0 0 0
1397692800 0 0 0 0
1397606400 0 0 0 0
1397520000 0 0 0 0
1397433600 0 0 0 0
1397347200 0 0 0 0
1397260800 0 0 0 0
1397174400 0 0 0 0
1397088000 0 0 0 0
1397001600 0 0 0 0
1396915200 0 0 0 0
1396828800 0 0 0 0
1396742400 0 0 0 0
1396656000 0 0 0 0
1396569600 0 0 0 0
1396483200 0 0 0 0
1396396800 0 0 0 0
1396310400 0 0 0 0
1396224000 0 0 0 0
1396137600 0 0 0 0
1396051200 0 0 0 0
1395964800 0 0 0 0
1395878400 0 0 0 0
1395792000 0 0 0 0
1395705600 0 0 0 0
1395619200 0 0 0 0
1395532800 0 0 0 0
1395446400 0 0 0 0
1395360000 0 0 0 0
1395273600 0 0 0 0
1395187200 0 0 0 0
1395100800 0 0 0 0
1395014400 0 0 0 0
1394928000 0 0 0 0
1394841600 0 0 0 0
1394755200 0 0 0 0
1394668800 0 0 0 0
1394582400 0 0 0 0
1394496000 0 0 0 0
1394409600 0 0 0 0
1394323200 0 0 0 0
1394236800 0 0 0 0
1394150400 0 0 0 0
1394064000 0 0 0 0
1393977600 0 0 0 0
1393891200 0 0 0 0
1393804800 0 0 0 0
1393718400 0 0 0 0
1393632000 0 0 0 0
1393545600 0 0 0 0
1393459200 0 0 0 0
1393372800 0 0 0 0
1393286400 0 0 0 0
1393200000 0 0 0 0
1393113600 0 0 0 0
1393027200 0 0 0 0
1392940800 0 0 0 0
1392854400 0 0 0 0
1392768000 0 0 0 0
1392681600 0 0 0 0
1392595200 0 0 0 0
1392508800 0 0 0 0
1392422400 0 0 0 0
1392336000 0 0 0 0
1392249600 0 0 0 0
1392163200 0 0 0 0
1392076800 0 0 0 0
1391990400 0 0 0 0
1391904000 0 0 0 0
1391817600 0 0 0 0
