1460685985 0 0
1460685985 0 0 0 0
1460601746 0 0 0 0
1460601600 0 0 0 0
1460601300 0 0 0 0
1460601000 0 0 0 0
1460600700 0 0 0 0
1460600400 0 0 0 0
1460600100 0 0 0 0
1460599800 0 0 0 0
1460599500 0 0 0 0
1460599200 0 0 0 0
1460598900 0 0 0 0
1460598600 0 0 0 0
1460598300 0 0 0 0
1460598000 0 0 0 0
1460597700 0 0 0 0
1460597400 0 0 0 0
1460597100 0 0 0 0
1460596800 0 0 0 0
1460596500 0 0 0 0
1460596200 0 0 0 0
1460595900 0 0 0 0
1460595600 0 0 0 0
1460595300 0 0 0 0
1460595000 0 0 0 0
1460594700 0 0 0 0
1460594400 0 0 0 0
1460594100 0 0 0 0
1460593800 0 0 0 0
1460593500 0 0 0 0
1460593200 0 0 0 0
1460592900 0 0 0 0
1460592600 0 0 0 0
1460592300 0 0 0 0
1460592000 0 0 0 0
1460591700 0 0 0 0
1460591400 0 0 0 0
1460591100 0 0 0 0
1460590800 0 0 0 0
1460590500 0 0 0 0
1460590200 0 0 0 0
1460589900 0 0 0 0
1460589600 0 0 0 0
1460589300 0 0 0 0
1460589000 0 0 0 0
1460588700 0 0 0 0
1460588400 0 0 0 0
1460588100 0 0 0 0
1460587800 0 0 0 0
1460587500 0 0 0 0
1460587200 0 0 0 0
1460586900 0 0 0 0
1460586600 0 0 0 0
1460586300 0 0 0 0
1460586000 0 0 0 0
1460585700 0 0 0 0
1460585400 0 0 0 0
1460585100 0 0 0 0
1460584800 0 0 0 0
1460584500 0 0 0 0
1460584200 0 0 0 0
1460583900 0 0 0 0
1460583600 0 0 0 0
1460583300 0 0 0 0
1460583000 0 0 0 0
1460582700 0 0 0 0
1460582400 0 0 0 0
1460582100 0 0 0 0
1460581800 0 0 0 0
1460581500 0 0 0 0
1460581200 0 0 0 0
1460580900 0 0 0 0
1460580600 0 0 0 0
1460580300 0 0 0 0
1460580000 0 0 0 0
1460579700 0 0 0 0
1460579400 0 0 0 0
1460579100 0 0 0 0
1460578800 0 0 0 0
1460578500 0 0 0 0
1460578200 0 0 0 0
1460577900 0 0 0 0
1460577600 0 0 0 0
1460577300 0 0 0 0
1460577000 0 0 0 0
1460576700 0 0 0 0
1460576400 0 0 0 0
1460576100 0 0 0 0
1460575800 0 0 0 0
1460575500 0 0 0 0
1460575200 0 0 0 0
1460574900 0 0 0 0
1460574600 0 0 0 0
1460574300 0 0 0 0
1460574000 0 0 0 0
1460573700 0 0 0 0
1460573400 0 0 0 0
1460573100 0 0 0 0
1460572800 0 0 0 0
1460572500 0 0 0 0
1460572200 0 0 0 0
1460571900 0 0 0 0
1460571600 0 0 0 0
1460571300 0 0 0 0
1460571000 0 0 0 0
1460570700 0 0 0 0
1460570400 0 0 0 0
1460570100 0 0 0 0
1460569800 0 0 0 0
1460569500 0 0 0 0
1460569200 0 0 0 0
1460568900 0 0 0 0
1460568600 0 0 0 0
1460568300 0 0 0 0
1460568000 0 0 0 0
1460567700 0 0 0 0
1460567400 0 0 0 0
1460567100 0 0 0 0
1460566800 0 0 0 0
1460566500 0 0 0 0
1460566200 0 0 0 0
1460565900 0 0 0 0
1460565600 0 0 0 0
1460565300 0 0 0 0
1460565000 0 0 0 0
1460564700 0 0 0 0
1460564400 0 0 0 0
1460564100 0 0 0 0
1460563800 0 0 0 0
1460563500 0 0 0 0
1460563200 0 0 0 0
1460562900 0 0 0 0
1460562600 0 0 0 0
1460562300 0 0 0 0
1460562000 0 0 0 0
1460561700 0 0 0 0
1460561400 0 0 0 0
1460561100 0 0 0 0
1460560800 0 0 0 0
1460560500 0 0 0 0
1460560200 0 0 0 0
1460559900 0 0 0 0
1460559600 0 0 0 0
1460559300 0 0 0 0
1460559000 0 0 0 0
1460558700 0 0 0 0
1460558400 0 0 0 0
1460558100 0 0 0 0
1460557800 0 0 0 0
1460557500 0 0 0 0
1460557200 0 0 0 0
1460556900 0 0 0 0
1460556600 0 0 0 0
1460556300 0 0 0 0
1460556000 0 0 0 0
1460555700 0 0 0 0
1460555400 0 0 0 0
1460555100 0 0 0 0
1460554800 0 0 0 0
1460554500 0 0 0 0
1460554200 0 0 0 0
1460553900 0 0 0 0
1460553600 0 0 0 0
1460553300 0 0 0 0
1460553000 0 0 0 0
1460552700 0 0 0 0
1460552400 0 0 0 0
1460552100 0 0 0 0
1460551800 0 0 0 0
1460551500 0 0 0 0
1460551200 0 0 0 0
1460550900 0 0 0 0
1460550600 0 0 0 0
1460550300 0 0 0 0
1460550000 0 0 0 0
1460549700 0 0 0 0
1460549400 0 0 0 0
1460549100 0 0 0 0
1460548800 0 0 0 0
1460548500 0 0 0 0
1460548200 0 0 0 0
1460547900 0 0 0 0
1460547600 0 0 0 0
1460547300 0 0 0 0
1460547000 0 0 0 0
1460546700 0 0 0 0
1460546400 0 0 0 0
1460546100 0 0 0 0
1460545800 0 0 0 0
1460545500 0 0 0 0
1460545200 0 0 0 0
1460544900 0 0 0 0
1460544600 0 0 0 0
1460544300 0 0 0 0
1460544000 0 0 0 0
1460543700 0 0 0 0
1460543400 0 0 0 0
1460543100 0 0 0 0
1460542800 0 0 0 0
1460542500 0 0 0 0
1460542200 0 0 0 0
1460541900 0 0 0 0
1460541600 0 0 0 0
1460541300 0 0 0 0
1460541000 0 0 0 0
1460540700 0 0 0 0
1460540400 0 0 0 0
1460540100 0 0 0 0
1460539800 0 0 0 0
1460539500 0 0 0 0
1460539200 0 0 0 0
1460538900 0 0 0 0
1460538600 0 0 0 0
1460538300 0 0 0 0
1460538000 0 0 0 0
1460537700 0 0 0 0
1460537400 0 0 0 0
1460537100 0 0 0 0
1460536800 0 0 0 0
1460536500 0 0 0 0
1460536200 0 0 0 0
1460535900 0 0 0 0
1460535600 0 0 0 0
1460535300 0 0 0 0
1460535000 0 0 0 0
1460534700 0 0 0 0
1460534400 0 0 0 0
1460534100 0 0 0 0
1460533800 0 0 0 0
1460533500 0 0 0 0
1460533200 0 0 0 0
1460532900 0 0 0 0
1460532600 0 0 0 0
1460532300 0 0 0 0
1460532000 0 0 0 0
1460531700 0 0 0 0
1460531400 0 0 0 0
1460531100 0 0 0 0
1460530800 0 0 0 0
1460530500 0 0 0 0
1460530200 0 0 0 0
1460529900 0 0 0 0
1460529600 0 0 0 0
1460529300 0 0 0 0
1460529000 0 0 0 0
1460528700 0 0 0 0
1460528400 0 0 0 0
1460528100 0 0 0 0
1460527800 0 0 0 0
1460527500 0 0 0 0
1460527200 0 0 0 0
1460526900 0 0 0 0
1460526600 0 0 0 0
1460526300 0 0 0 0
1460526000 0 0 0 0
1460525700 0 0 0 0
1460525400 0 0 0 0
1460525100 0 0 0 0
1460524800 0 0 0 0
1460524500 0 0 0 0
1460524200 0 0 0 0
1460523900 0 0 0 0
1460523600 0 0 0 0
1460523300 0 0 0 0
1460523000 0 0 0 0
1460522700 0 0 0 0
1460522400 0 0 0 0
1460522100 0 0 0 0
1460521800 0 0 0 0
1460521500 0 0 0 0
1460521200 0 0 0 0
1460520900 0 0 0 0
1460520600 0 0 0 0
1460520300 0 0 0 0
1460520000 0 0 0 0
1460519700 0 0 0 0
1460519400 0 0 0 0
1460519100 0 0 0 0
1460518800 0 0 0 0
1460518500 0 0 0 0
1460518200 0 0 0 0
1460517900 0 0 0 0
1460517600 0 0 0 0
1460517300 0 0 0 0
1460517000 0 0 0 0
1460516700 0 0 0 0
1460516400 0 0 0 0
1460516100 0 0 0 0
1460515800 0 0 0 0
1460515500 0 0 0 0
1460515200 0 0 0 0
1460514900 0 0 0 0
1460514600 0 0 0 0
1460514300 0 0 0 0
1460514000 0 0 0 0
1460513700 0 0 0 0
1460513400 0 0 0 0
1460513100 0 0 0 0
1460512800 0 0 0 0
1460512500 0 0 0 0
1460512200 0 0 0 0
1460511900 0 0 0 0
1460511600 0 0 0 0
1460511300 0 0 0 0
1460511000 0 0 0 0
1460510700 0 0 0 0
1460510400 0 0 0 0
1460510100 0 0 0 0
1460509800 0 0 0 0
1460509500 0 0 0 0
1460509200 0 0 0 0
1460508900 0 0 0 0
1460508600 0 0 0 0
1460508300 0 0 0 0
1460508000 0 0 0 0
1460507700 0 0 0 0
1460507400 0 0 0 0
1460507100 0 0 0 0
1460506800 0 0 0 0
1460506500 0 0 0 0
1460506200 0 0 0 0
1460505900 0 0 0 0
1460505600 0 0 0 0
1460505300 0 0 0 0
1460505000 0 0 0 0
1460504700 0 0 0 0
1460504400 0 0 0 0
1460504100 0 0 0 0
1460503800 0 0 0 0
1460503500 0 0 0 0
1460503200 0 0 0 0
1460502900 0 0 0 0
1460502600 0 0 0 0
1460502300 0 0 0 0
1460502000 0 0 0 0
1460501700 0 0 0 0
1460501400 0 0 0 0
1460501100 0 0 0 0
1460500800 0 0 0 0
1460500500 0 0 0 0
1460500200 0 0 0 0
1460499900 0 0 0 0
1460499600 0 0 0 0
1460499300 0 0 0 0
1460499000 0 0 0 0
1460498700 0 0 0 0
1460498400 0 0 0 0
1460498100 0 0 0 0
1460497800 0 0 0 0
1460497500 0 0 0 0
1460497200 0 0 0 0
1460496900 0 0 0 0
1460496600 0 0 0 0
1460496300 0 0 0 0
1460496000 0 0 0 0
1460495700 0 0 0 0
1460495400 0 0 0 0
1460495100 0 0 0 0
1460494800 0 0 0 0
1460494500 0 0 0 0
1460494200 0 0 0 0
1460493900 0 0 0 0
1460493600 0 0 0 0
1460493300 0 0 0 0
1460493000 0 0 0 0
1460492700 0 0 0 0
1460492400 0 0 0 0
1460492100 0 0 0 0
1460491800 0 0 0 0
1460491500 0 0 0 0
1460491200 0 0 0 0
1460490900 0 0 0 0
1460490600 0 0 0 0
1460490300 0 0 0 0
1460490000 0 0 0 0
1460489700 0 0 0 0
1460489400 0 0 0 0
1460489100 0 0 0 0
1460488800 0 0 0 0
1460488500 0 0 0 0
1460488200 0 0 0 0
1460487900 0 0 0 0
1460487600 0 0 0 0
1460487300 0 0 0 0
1460487000 0 0 0 0
1460486700 0 0 0 0
1460486400 0 0 0 0
1460486100 0 0 0 0
1460485800 0 0 0 0
1460485500 0 0 0 0
1460485200 0 0 0 0
1460484900 0 0 0 0
1460484600 0 0 0 0
1460484300 0 0 0 0
1460484000 0 0 0 0
1460483700 0 0 0 0
1460483400 0 0 0 0
1460483100 0 0 0 0
1460482800 0 0 0 0
1460482500 0 0 0 0
1460482200 0 0 0 0
1460481900 0 0 0 0
1460481600 0 0 0 0
1460481300 0 0 0 0
1460481000 0 0 0 0
1460480700 0 0 0 0
1460480400 0 0 0 0
1460480100 0 0 0 0
1460479800 0 0 0 0
1460479500 0 0 0 0
1460479200 0 0 0 0
1460478900 0 0 0 0
1460478600 0 0 0 0
1460478300 0 0 0 0
1460478000 0 0 0 0
1460477700 0 0 0 0
1460477400 0 0 0 0
1460477100 0 0 0 0
1460476800 0 0 0 0
1460476500 0 0 0 0
1460476200 0 0 0 0
1460475900 0 0 0 0
1460475600 0 0 0 0
1460475300 0 0 0 0
1460475000 0 0 0 0
1460474700 0 0 0 0
1460474400 0 0 0 0
1460474100 0 0 0 0
1460473800 0 0 0 0
1460473500 0 0 0 0
1460473200 0 0 0 0
1460472900 0 0 0 0
1460472600 0 0 0 0
1460472300 0 0 0 0
1460472000 0 0 0 0
1460471700 0 0 0 0
1460471400 0 0 0 0
1460471100 0 0 0 0
1460470800 0 0 0 0
1460470500 0 0 0 0
1460470200 0 0 0 0
1460469900 0 0 0 0
1460469600 0 0 0 0
1460469300 0 0 0 0
1460469000 0 0 0 0
1460468700 0 0 0 0
1460468400 0 0 0 0
1460468100 0 0 0 0
1460467800 0 0 0 0
1460467500 0 0 0 0
1460467200 0 0 0 0
1460466900 0 0 0 0
1460466600 0 0 0 0
1460466300 0 0 0 0
1460466000 0 0 0 0
1460465700 0 0 0 0
1460465400 0 0 0 0
1460465100 0 0 0 0
1460464800 0 0 0 0
1460464500 0 0 0 0
1460464200 0 0 0 0
1460463900 0 0 0 0
1460463600 0 0 0 0
1460463300 0 0 0 0
1460463000 0 0 0 0
1460462700 0 0 0 0
1460462400 0 0 0 0
1460462100 0 0 0 0
1460461800 0 0 0 0
1460461500 0 0 0 0
1460461200 0 0 0 0
1460460900 0 0 0 0
1460460600 0 0 0 0
1460460300 0 0 0 0
1460460000 0 0 0 0
1460459700 0 0 0 0
1460459400 0 0 0 0
1460459100 0 0 0 0
1460458800 0 0 0 0
1460458500 0 0 0 0
1460458200 0 0 0 0
1460457900 0 0 0 0
1460457600 0 0 0 0
1460457300 0 0 0 0
1460457000 0 0 0 0
1460456700 0 0 0 0
1460456400 0 0 0 0
1460456100 0 0 0 0
1460455800 0 0 0 0
1460455500 0 0 0 0
1460455200 0 0 0 0
1460454900 0 0 0 0
1460454600 0 0 0 0
1460454300 0 0 0 0
1460454000 0 0 0 0
1460453700 0 0 0 0
1460453400 0 0 0 0
1460453100 0 0 0 0
1460452800 0 0 0 0
1460452500 0 0 0 0
1460452200 0 0 0 0
1460451900 0 0 0 0
1460451600 0 0 0 0
1460451300 0 0 0 0
1460451000 0 0 0 0
1460450700 0 0 0 0
1460450400 0 0 0 0
1460450100 0 0 0 0
1460449800 0 0 0 0
1460449500 0 0 0 0
1460449200 0 0 0 0
1460448900 0 0 0 0
1460448600 0 0 0 0
1460448300 0 0 0 0
1460448000 0 0 0 0
1460447700 0 0 0 0
1460447400 0 0 0 0
1460447100 0 0 0 0
1460446800 0 0 0 0
1460446500 0 0 0 0
1460446200 0 0 0 0
1460445900 0 0 0 0
1460445600 0 0 0 0
1460445300 0 0 0 0
1460445000 0 0 0 0
1460444700 0 0 0 0
1460444400 0 0 0 0
1460444100 0 0 0 0
1460443800 0 0 0 0
1460443500 0 0 0 0
1460443200 0 0 0 0
1460442900 0 0 0 0
1460442600 0 0 0 0
1460442300 0 0 0 0
1460442000 0 0 0 0
1460441700 0 0 0 0
1460441400 0 0 0 0
1460441100 0 0 0 0
1460440800 0 0 0 0
1460440500 0 0 0 0
1460440200 0 0 0 0
1460439900 0 0 0 0
1460439600 0 0 0 0
1460439300 0 0 0 0
1460439000 0 0 0 0
1460438700 0 0 0 0
1460438400 0 0 0 0
1460438100 0 0 0 0
1460437800 0 0 0 0
1460437500 0 0 0 0
1460437200 0 0 0 0
1460436900 0 0 0 0
1460436600 0 0 0 0
1460436300 0 0 0 0
1460436000 0 0 0 0
1460435700 0 0 0 0
1460435400 0 0 0 0
1460435100 0 0 0 0
1460434800 0 0 0 0
1460434500 0 0 0 0
1460434200 0 0 0 0
1460433900 0 0 0 0
1460433600 0 0 0 0
1460433300 0 0 0 0
1460433000 0 0 0 0
1460432700 0 0 0 0
1460432400 0 0 0 0
1460432100 0 0 0 0
1460431800 0 0 0 0
1460431500 0 0 0 0
1460431200 0 0 0 0
1460430900 0 0 0 0
1460430600 0 0 0 0
1460430300 0 0 0 0
1460430000 0 0 0 0
1460429700 0 0 0 0
1460429400 0 0 0 0
1460429100 0 0 0 0
1460428800 0 0 0 0
1460428500 0 0 0 0
1460428200 0 0 0 0
1460427900 0 0 0 0
1460427600 0 0 0 0
1460427300 0 0 0 0
1460427000 0 0 0 0
1460426700 0 0 0 0
1460426400 0 0 0 0
1460426100 0 0 0 0
1460425800 0 0 0 0
1460425500 0 0 0 0
1460425200 0 0 0 0
1460424900 0 0 0 0
1460424600 0 0 0 0
1460424300 0 0 0 0
1460424000 0 0 0 0
1460423700 0 0 0 0
1460423400 0 0 0 0
1460423100 0 0 0 0
1460422800 0 0 0 0
1460422500 0 0 0 0
1460422200 0 0 0 0
1460421900 0 0 0 0
1460421000 0 0 0 0
1460419200 0 0 0 0
1460417400 0 0 0 0
1460415600 0 0 0 0
1460413800 0 0 0 0
1460412000 0 0 0 0
1460410200 0 0 0 0
1460408400 0 0 0 0
1460406600 0 0 0 0
1460404800 0 0 0 0
1460403000 0 0 0 0
1460401200 0 0 0 0
1460399400 0 0 0 0
1460397600 0 0 0 0
1460395800 0 0 0 0
1460394000 0 0 0 0
1460392200 0 0 0 0
1460390400 0 0 0 0
1460388600 0 0 0 0
1460386800 0 0 0 0
1460385000 0 0 0 0
1460383200 0 0 0 0
1460381400 0 0 0 0
1460379600 0 0 0 0
1460377800 0 0 0 0
1460376000 0 0 0 0
1460374200 0 0 0 0
1460372400 0 0 0 0
1460370600 0 0 0 0
1460368800 0 0 0 0
1460367000 0 0 0 0
1460365200 0 0 0 0
1460363400 0 0 0 0
1460361600 0 0 0 0
1460359800 0 0 0 0
1460358000 0 0 0 0
1460356200 0 0 0 0
1460354400 0 0 0 0
1460352600 0 0 0 0
1460350800 0 0 0 0
1460349000 0 0 0 0
1460347200 0 0 0 0
1460345400 0 0 0 0
1460343600 0 0 0 0
1460341800 0 0 0 0
1460340000 0 0 0 0
1460338200 0 0 0 0
1460336400 0 0 0 0
1460334600 0 0 0 0
1460332800 0 0 0 0
1460331000 0 0 0 0
1460329200 0 0 0 0
1460327400 0 0 0 0
1460325600 0 0 0 0
1460323800 0 0 0 0
1460322000 0 0 0 0
1460320200 0 0 0 0
1460318400 0 0 0 0
1460316600 0 0 0 0
1460314800 0 0 0 0
1460313000 0 0 0 0
1460311200 0 0 0 0
1460309400 0 0 0 0
1460307600 0 0 0 0
1460305800 0 0 0 0
1460304000 0 0 0 0
1460302200 0 0 0 0
1460300400 0 0 0 0
1460298600 0 0 0 0
1460296800 0 0 0 0
1460295000 0 0 0 0
1460293200 0 0 0 0
1460291400 0 0 0 0
1460289600 0 0 0 0
1460287800 0 0 0 0
1460286000 0 0 0 0
1460284200 0 0 0 0
1460282400 0 0 0 0
1460280600 0 0 0 0
1460278800 0 0 0 0
1460277000 0 0 0 0
1460275200 0 0 0 0
1460273400 0 0 0 0
1460271600 0 0 0 0
1460269800 0 0 0 0
1460268000 0 0 0 0
1460266200 0 0 0 0
1460264400 0 0 0 0
1460262600 0 0 0 0
1460260800 0 0 0 0
1460259000 0 0 0 0
1460257200 0 0 0 0
1460255400 0 0 0 0
1460253600 0 0 0 0
1460251800 0 0 0 0
1460250000 0 0 0 0
1460248200 0 0 0 0
1460246400 0 0 0 0
1460244600 0 0 0 0
1460242800 0 0 0 0
1460241000 0 0 0 0
1460239200 0 0 0 0
1460237400 0 0 0 0
1460235600 0 0 0 0
1460233800 0 0 0 0
1460232000 0 0 0 0
1460230200 0 0 0 0
1460228400 0 0 0 0
1460226600 0 0 0 0
1460224800 0 0 0 0
1460223000 0 0 0 0
1460221200 0 0 0 0
1460219400 0 0 0 0
1460217600 0 0 0 0
1460215800 0 0 0 0
1460214000 0 0 0 0
1460212200 0 0 0 0
1460210400 0 0 0 0
1460208600 0 0 0 0
1460206800 0 0 0 0
1460205000 0 0 0 0
1460203200 0 0 0 0
1460201400 0 0 0 0
1460199600 0 0 0 0
1460197800 0 0 0 0
1460196000 0 0 0 0
1460194200 0 0 0 0
1460192400 0 0 0 0
1460190600 0 0 0 0
1460188800 0 0 0 0
1460187000 0 0 0 0
1460185200 0 0 0 0
1460183400 0 0 0 0
1460181600 0 0 0 0
1460179800 0 0 0 0
1460178000 0 0 0 0
1460176200 0 0 0 0
1460174400 0 0 0 0
1460172600 0 0 0 0
1460170800 0 0 0 0
1460169000 0 0 0 0
1460167200 0 0 0 0
1460165400 0 0 0 0
1460163600 0 0 0 0
1460161800 0 0 0 0
1460160000 0 0 0 0
1460158200 0 0 0 0
1460156400 0 0 0 0
1460154600 0 0 0 0
1460152800 0 0 0 0
1460151000 0 0 0 0
1460149200 0 0 0 0
1460147400 6 6 19 19
1460145600 19 19 19 19
1460143800 19 19 19 19
1460142000 19 19 19 19
1460140200 29 29 48 48
1460138400 48 48 48 48
1460136600 48 48 48 48
1460134800 48 48 48 48
1460133000 48 48 48 48
1460131200 48 48 48 48
1460129400 48 48 48 48
1460127600 48 48 48 48
1460125800 48 48 48 48
1460124000 48 48 48 48
1460122200 48 48 48 48
1460120400 48 48 48 48
1460118600 48 48 48 48
1460116800 48 48 48 48
1460115000 48 48 48 48
1460113200 48 48 48 48
1460111400 48 48 48 48
1460109600 48 48 48 48
1460107800 48 48 48 48
1460106000 48 48 48 48
1460104200 48 48 48 48
1460102400 48 48 48 48
1460100600 48 48 48 48
1460098800 48 48 48 48
1460097000 48 48 48 48
1460095200 48 48 48 48
1460093400 48 48 48 48
1460091600 48 48 48 48
1460089800 48 48 48 48
1460088000 48 48 48 48
1460086200 48 48 48 48
1460084400 48 48 48 48
1460082600 48 48 48 48
1460080800 48 48 48 48
1460079000 48 48 48 48
1460077200 48 48 48 48
1460075400 48 48 48 48
1460073600 48 48 48 48
1460071800 48 48 48 48
1460070000 48 48 48 48
1460068200 48 48 48 48
1460066400 48 48 48 48
1460064600 48 48 48 48
1460062800 48 48 48 48
1460061000 48 48 48 48
1460059200 48 48 48 48
1460057400 48 48 48 48
1460055600 48 48 48 48
1460053800 48 48 48 48
1460052000 48 48 48 48
1460050200 48 48 48 48
1460048400 48 48 48 48
1460046600 48 48 48 48
1460044800 48 48 48 48
1460043000 48 48 48 48
1460041200 48 48 48 48
1460039400 48 48 48 48
1460037600 48 48 48 48
1460035800 48 48 48 48
1460034000 48 48 48 48
1460032200 48 48 48 48
1460030400 48 48 48 48
1460028600 48 48 48 48
1460026800 48 48 48 48
1460025000 48 48 48 48
1460023200 48 48 48 48
1460021400 48 48 48 48
1460019600 48 48 48 48
1460017800 48 48 48 48
1460016000 48 48 48 48
1460014200 48 48 48 48
1460012400 48 48 48 48
1460010600 48 48 48 48
1460008800 48 48 48 48
1460007000 48 48 48 48
1460005200 48 48 48 48
1460003400 48 48 48 48
1460001600 48 48 48 48
1459999800 48 48 48 48
1459998000 48 48 48 48
1459996200 48 48 48 48
1459994400 48 48 48 48
1459992600 48 48 48 48
1459990800 48 48 48 48
1459989000 48 48 48 48
1459987200 48 48 48 48
1459985400 48 48 48 48
1459983600 48 48 48 48
1459981800 48 48 48 48
1459980000 48 48 48 48
1459978200 48 48 48 48
1459976400 48 48 48 48
1459974600 48 48 48 48
1459972800 48 48 48 48
1459971000 48 48 48 48
1459969200 48 48 48 48
1459967400 48 48 48 48
1459965600 48 48 48 48
1459963800 48 48 48 48
1459962000 48 48 48 48
1459960200 48 48 48 48
1459958400 48 48 48 48
1459956600 48 48 48 48
1459954800 48 48 48 48
1459953000 48 48 48 48
1459951200 48 48 48 48
1459949400 48 48 48 48
1459947600 48 48 48 48
1459945800 48 48 48 48
1459944000 48 48 48 48
1459942200 48 48 48 48
1459940400 48 48 48 48
1459938600 48 48 48 48
1459936800 48 48 48 48
1459935000 48 48 48 48
1459933200 48 48 48 48
1459931400 48 48 48 48
1459929600 48 48 48 48
1459927800 48 48 48 48
1459926000 48 48 48 48
1459924200 48 48 48 48
1459922400 48 48 48 48
1459920600 48 48 48 48
1459918800 48 48 48 48
1459917000 48 48 48 48
1459915200 48 48 48 48
1459913400 48 48 48 48
1459911600 48 48 48 48
1459909800 48 48 48 48
1459908000 48 48 48 48
1459906200 48 48 48 48
1459904400 48 48 48 48
1459902600 48 48 48 48
1459900800 48 48 48 48
1459899000 48 48 48 48
1459897200 48 48 48 48
1459895400 48 48 48 48
1459893600 48 48 48 48
1459891800 48 48 48 48
1459890000 48 48 48 48
1459888200 48 48 48 48
1459886400 48 48 48 48
1459884600 48 48 48 48
1459882800 48 48 48 48
1459881000 48 48 48 48
1459879200 48 48 48 48
1459877400 48 48 48 48
1459875600 48 48 48 48
1459873800 48 48 48 48
1459872000 48 48 48 48
1459870200 48 48 48 48
1459868400 48 48 48 48
1459866600 48 48 48 48
1459864800 48 48 48 48
1459863000 48 48 48 48
1459861200 48 48 48 48
1459859400 48 48 48 48
1459857600 48 48 48 48
1459855800 48 48 48 48
1459854000 48 48 48 48
1459852200 48 48 48 48
1459850400 48 48 48 48
1459848600 48 48 48 48
1459846800 48 48 48 48
1459845000 48 48 48 48
1459843200 48 48 48 48
1459841400 48 48 48 48
1459839600 48 48 48 48
1459837800 48 48 48 48
1459836000 48 48 48 48
1459834200 48 48 48 48
1459832400 48 48 48 48
1459830600 48 48 48 48
1459828800 48 48 48 48
1459827000 48 48 48 48
1459825200 48 48 48 48
1459823400 48 48 48 48
1459821600 48 48 48 48
1459819800 48 48 48 48
1459818000 48 48 48 48
1459816200 48 48 48 48
1459814400 48 48 48 48
1459812600 48 48 48 48
1459810800 48 48 48 48
1459809000 48 48 48 48
1459807200 48 48 48 48
1459805400 48 48 48 48
1459803600 48 48 48 48
1459801800 48 48 48 48
1459800000 48 48 48 48
1459798200 48 48 48 48
1459796400 48 48 48 48
1459794600 48 48 48 48
1459792800 48 48 48 48
1459791000 48 48 48 48
1459789200 48 48 48 48
1459787400 48 48 48 48
1459785600 48 48 48 48
1459783800 48 48 48 48
1459782000 48 48 48 48
1459780200 48 48 48 48
1459778400 48 48 48 48
1459776600 48 48 48 48
1459774800 48 48 48 48
1459773000 48 48 48 48
1459771200 48 48 48 48
1459769400 48 48 48 48
1459767600 48 48 48 48
1459765800 48 48 48 48
1459764000 48 48 48 48
1459762200 48 48 48 48
1459760400 48 48 48 48
1459758600 48 48 48 48
1459756800 48 48 48 48
1459755000 48 48 48 48
1459753200 48 48 48 48
1459751400 48 48 48 48
1459749600 48 48 48 48
1459747800 48 48 48 48
1459746000 48 48 48 48
1459744200 48 48 48 48
1459742400 48 48 48 48
1459740600 48 48 48 48
1459738800 48 48 48 48
1459737000 48 48 48 48
1459735200 48 48 48 48
1459733400 48 48 48 48
1459731600 48 48 48 48
1459729800 48 48 48 48
1459728000 48 48 48 48
1459726200 48 48 48 48
1459724400 48 48 48 48
1459722600 48 48 48 48
1459720800 48 48 48 48
1459719000 48 48 48 48
1459717200 48 48 48 48
1459715400 48 48 48 48
1459713600 48 48 48 48
1459711800 48 48 48 48
1459710000 48 48 48 48
1459708200 48 48 48 48
1459706400 48 48 48 48
1459704600 48 48 48 48
1459702800 48 48 48 48
1459701000 48 48 48 48
1459699200 48 48 48 48
1459697400 48 48 48 48
1459695600 48 48 48 48
1459693800 48 48 48 48
1459692000 48 48 48 48
1459690200 48 48 48 48
1459688400 48 48 48 48
1459686600 48 48 48 48
1459684800 48 48 48 48
1459683000 48 48 48 48
1459681200 48 48 48 48
1459679400 48 48 48 48
1459677600 48 48 48 48
1459675800 48 48 48 48
1459674000 48 48 48 48
1459672200 48 48 48 48
1459670400 48 48 48 48
1459668600 48 48 48 48
1459666800 48 48 48 48
1459665000 48 48 48 48
1459663200 48 48 48 48
1459661400 48 48 48 48
1459659600 48 48 48 48
1459657800 48 48 48 48
1459656000 48 48 48 48
1459654200 48 48 48 48
1459652400 48 48 48 48
1459650600 48 48 48 48
1459648800 48 48 48 48
1459647000 48 48 48 48
1459645200 48 48 48 48
1459643400 48 48 48 48
1459641600 48 48 48 48
1459639800 48 48 48 48
1459638000 48 48 48 48
1459636200 48 48 48 48
1459634400 48 48 48 48
1459632600 48 48 48 48
1459630800 48 48 48 48
1459629000 48 48 48 48
1459627200 48 48 48 48
1459625400 48 48 48 48
1459623600 48 48 48 48
1459621800 48 48 48 48
1459620000 48 48 48 48
1459618200 48 48 48 48
1459616400 48 48 48 48
1459614600 48 48 48 48
1459612800 48 48 48 48
1459611000 48 48 48 48
1459609200 48 48 48 48
1459607400 48 48 48 48
1459605600 48 48 48 48
1459603800 48 48 48 48
1459602000 48 48 48 48
1459600200 48 48 48 48
1459598400 48 48 48 48
1459596600 48 48 48 48
1459594800 48 48 48 48
1459593000 48 48 48 48
1459591200 48 48 48 48
1459589400 48 48 48 48
1459587600 48 48 48 48
1459585800 48 48 48 48
1459584000 48 48 48 48
1459582200 48 48 48 48
1459580400 48 48 48 48
1459578600 48 48 48 48
1459576800 48 48 48 48
1459575000 48 48 48 48
1459573200 48 48 48 48
1459571400 48 48 48 48
1459569600 48 48 48 48
1459567800 48 48 48 48
1459566000 48 48 48 48
1459564200 48 48 48 48
1459562400 48 48 48 48
1459560600 48 48 48 48
1459558800 48 48 48 48
1459557000 48 48 48 48
1459555200 48 48 48 48
1459553400 48 48 48 48
1459551600 48 48 48 48
1459549800 48 48 48 48
1459548000 48 48 48 48
1459546200 48 48 48 48
1459544400 48 48 48 48
1459542600 48 48 48 48
1459540800 48 48 48 48
1459539000 48 48 48 48
1459537200 48 48 48 48
1459535400 48 48 48 48
1459533600 48 48 48 48
1459531800 48 48 48 48
1459530000 48 48 48 48
1459528200 48 48 48 48
1459526400 48 48 48 48
1459524600 48 48 48 48
1459522800 48 48 48 48
1459521000 48 48 48 48
1459519200 48 48 48 48
1459517400 48 48 48 48
1459515600 48 48 48 48
1459513800 48 48 48 48
1459512000 48 48 48 48
1459510200 48 48 48 48
1459508400 48 48 48 48
1459506600 48 48 48 48
1459504800 48 48 48 48
1459503000 48 48 48 48
1459501200 48 48 48 48
1459499400 48 48 48 48
1459497600 48 48 48 48
1459495800 48 48 48 48
1459494000 48 48 48 48
1459492200 48 48 48 48
1459490400 48 48 48 48
1459488600 48 48 48 48
1459486800 48 48 48 48
1459485000 48 48 48 48
1459483200 48 48 48 48
1459481400 48 48 48 48
1459479600 48 48 48 48
1459477800 48 48 48 48
1459476000 48 48 48 48
1459474200 48 48 48 48
1459472400 48 48 48 48
1459470600 48 48 48 48
1459468800 48 48 48 48
1459467000 48 48 48 48
1459465200 48 48 48 48
1459463400 48 48 48 48
1459461600 48 48 48 48
1459459800 48 48 48 48
1459458000 48 48 48 48
1459456200 48 48 48 48
1459454400 48 48 48 48
1459452600 48 48 48 48
1459450800 48 48 48 48
1459449000 48 48 48 48
1459447200 48 48 48 48
1459445400 48 48 48 48
1459443600 48 48 48 48
1459441800 48 48 48 48
1459440000 48 48 48 48
1459438200 48 48 48 48
1459436400 48 48 48 48
1459434600 48 48 48 48
1459432800 48 48 48 48
1459431000 48 48 48 48
1459429200 48 48 48 48
1459427400 48 48 48 48
1459425600 48 48 48 48
1459423800 48 48 48 48
1459422000 48 48 48 48
1459420200 48 48 48 48
1459418400 48 48 48 48
1459416600 48 48 48 48
1459414800 48 48 48 48
1459413000 48 48 48 48
1459411200 48 48 48 48
1459409400 48 48 48 48
1459407600 48 48 48 48
1459405800 48 48 48 48
1459404000 48 48 48 48
1459402200 48 48 48 48
1459400400 48 48 48 48
1459398600 48 48 48 48
1459396800 48 48 48 48
1459395000 48 48 48 48
1459393200 48 48 48 48
1459391400 48 48 48 48
1459389600 48 48 48 48
1459387800 48 48 48 48
1459386000 48 48 48 48
1459384200 48 48 48 48
1459382400 48 48 48 48
1459380600 48 48 48 48
1459378800 48 48 48 48
1459377000 48 48 48 48
1459375200 48 48 48 48
1459373400 48 48 48 48
1459371600 48 48 48 48
1459369800 48 48 48 48
1459368000 48 48 48 48
1459366200 48 48 48 48
1459364400 48 48 48 48
1459362600 48 48 48 48
1459360800 48 48 48 48
1459359000 48 48 48 48
1459357200 48 48 48 48
1459355400 48 48 48 48
1459353600 48 48 48 48
1459351800 48 48 48 48
1459350000 48 48 48 48
1459348200 48 48 48 48
1459346400 48 48 48 48
1459344600 48 48 48 48
1459342800 48 48 48 48
1459341000 48 48 48 48
1459339200 48 48 48 48
1459332000 48 48 48 48
1459324800 48 48 48 48
1459317600 48 48 48 48
1459310400 48 48 48 48
1459303200 48 48 48 48
1459296000 48 48 48 48
1459288800 48 48 48 48
1459281600 48 48 48 48
1459274400 48 48 48 48
1459267200 48 48 48 48
1459260000 48 48 48 48
1459252800 48 48 48 48
1459245600 48 48 48 48
1459238400 48 48 48 48
1459231200 48 48 48 48
1459224000 48 48 48 48
1459216800 48 48 48 48
1459209600 48 48 48 48
1459202400 48 48 48 48
1459195200 48 48 48 48
1459188000 48 48 48 48
1459180800 48 48 48 48
1459173600 48 48 48 48
1459166400 48 48 48 48
1459159200 48 48 48 48
1459152000 48 48 48 48
1459144800 48 48 48 48
1459137600 48 48 48 48
1459130400 48 48 48 48
1459123200 48 48 48 48
1459116000 48 48 48 48
1459108800 48 48 48 48
1459101600 48 48 48 48
1459094400 48 48 48 48
1459087200 48 48 48 48
1459080000 48 48 48 48
1459072800 48 48 48 48
1459065600 48 48 48 48
1459058400 48 48 48 48
1459051200 48 48 48 48
1459044000 48 48 48 48
1459036800 48 48 48 48
1459029600 48 48 48 48
1459022400 48 48 48 48
1459015200 48 48 48 48
1459008000 48 48 48 48
1459000800 48 48 48 48
1458993600 48 48 48 48
1458986400 48 48 48 48
1458979200 48 48 48 48
1458972000 48 48 48 48
1458964800 48 48 48 48
1458957600 48 48 48 48
1458950400 48 48 48 48
1458943200 48 48 48 48
1458936000 48 48 48 48
1458928800 48 48 48 48
1458921600 48 48 48 48
1458914400 48 48 48 48
1458907200 48 48 48 48
1458900000 48 48 48 48
1458892800 48 48 48 48
1458885600 48 48 48 48
1458878400 48 48 48 48
1458871200 48 48 48 48
1458864000 48 48 48 48
1458856800 48 48 48 48
1458849600 48 48 48 48
1458842400 48 48 48 48
1458835200 48 48 48 48
1458828000 48 48 48 48
1458820800 48 48 48 48
1458813600 48 48 48 48
1458806400 48 48 48 48
1458799200 48 48 48 48
1458792000 48 48 48 48
1458784800 48 48 48 48
1458777600 48 48 48 48
1458770400 48 48 48 48
1458763200 48 48 48 48
1458756000 48 48 48 48
1458748800 48 48 48 48
1458741600 48 48 48 48
1458734400 48 48 48 48
1458727200 48 48 48 48
1458720000 48 48 48 48
1458712800 48 48 48 48
1458705600 48 48 48 48
1458698400 48 48 48 48
1458691200 48 48 48 48
1458684000 48 48 48 48
1458676800 48 48 48 48
1458669600 48 48 48 48
1458662400 48 48 48 48
1458655200 48 48 48 48
1458648000 48 48 48 48
1458640800 48 48 48 48
1458633600 48 48 48 48
1458626400 48 48 48 48
1458619200 48 48 48 48
1458612000 48 48 48 48
1458604800 48 48 48 48
1458597600 48 48 48 48
1458590400 48 48 48 48
1458583200 48 48 48 48
1458576000 48 48 48 48
1458568800 48 48 48 48
1458561600 48 48 48 48
1458554400 48 48 48 48
1458547200 48 48 48 48
1458540000 48 48 48 48
1458532800 48 48 48 48
1458525600 45 45 53 53
1458518400 29 29 29 29
1458511200 29 29 29 29
1458504000 29 29 29 29
1458496800 29 29 29 29
1458489600 29 29 29 29
1458482400 29 29 29 29
1458475200 29 29 29 29
1458468000 29 29 29 29
1458460800 29 29 29 29
1458453600 29 29 29 29
1458446400 28 28 29 29
1458439200 19 19 34 34
1458432000 19 19 19 19
1458424800 19 19 19 19
1458417600 19 19 19 19
1458410400 19 19 19 19
1458403200 19 19 19 19
1458396000 19 19 19 19
1458388800 19 19 19 19
1458381600 19 19 19 19
1458374400 19 19 19 19
1458367200 19 19 19 19
1458360000 19 19 19 19
1458352800 19 19 19 19
1458345600 19 19 19 19
1458338400 19 19 19 19
1458331200 19 19 19 19
1458324000 19 19 19 19
1458316800 19 19 19 19
1458309600 19 19 19 19
1458302400 19 19 19 19
1458295200 19 19 19 19
1458288000 19 19 19 19
1458280800 19 19 19 19
1458273600 19 19 19 19
1458266400 19 19 19 19
1458259200 19 19 19 19
1458252000 19 19 19 19
1458244800 19 19 19 19
1458237600 19 19 19 19
1458230400 19 19 19 19
1458223200 19 19 19 19
1458216000 19 19 19 19
1458208800 19 19 19 19
1458201600 19 19 19 19
1458194400 19 19 19 19
1458187200 19 19 19 19
1458180000 19 19 19 19
1458172800 19 19 19 19
1458165600 19 19 19 19
1458158400 19 19 19 19
1458151200 19 19 19 19
1458144000 19 19 19 19
1458136800 19 19 19 19
1458129600 19 19 19 19
1458122400 19 19 19 19
1458115200 19 19 19 19
1458108000 19 19 19 19
1458100800 19 19 19 19
1458093600 19 19 19 19
1458086400 19 19 19 19
1458079200 19 19 19 19
1458072000 19 19 19 19
1458064800 19 19 19 19
1458057600 19 19 19 19
1458050400 19 19 19 19
1458043200 19 19 19 19
1458036000 19 19 19 19
1458028800 19 19 19 19
1458021600 19 19 19 19
1458014400 19 19 19 19
1458007200 19 19 19 19
1458000000 19 19 19 19
1457992800 19 19 19 19
1457985600 19 19 19 19
1457978400 19 19 19 19
1457971200 19 19 19 19
1457964000 19 19 19 19
1457956800 19 19 19 19
1457949600 19 19 19 19
1457942400 19 19 19 19
1457935200 19 19 19 19
1457928000 19 19 19 19
1457920800 19 19 19 19
1457913600 19 19 19 19
1457906400 19 19 19 19
1457899200 19 19 19 19
1457892000 19 19 19 19
1457884800 19 19 19 19
1457877600 19 19 19 19
1457870400 19 19 19 19
1457863200 19 19 19 19
1457856000 19 19 19 19
1457848800 19 19 19 19
1457841600 19 19 19 19
1457834400 19 19 19 19
1457827200 19 19 19 19
1457820000 19 19 19 19
1457812800 19 19 19 19
1457805600 19 19 19 19
1457798400 19 19 19 19
1457791200 19 19 19 19
1457784000 19 19 19 19
1457776800 19 19 19 19
1457769600 19 19 19 19
1457762400 19 19 19 19
1457755200 19 19 19 19
1457748000 19 19 19 19
1457740800 19 19 19 19
1457733600 19 19 19 19
1457726400 19 19 19 19
1457719200 19 19 19 19
1457712000 19 19 19 19
1457704800 19 19 19 19
1457697600 19 19 19 19
1457690400 19 19 19 19
1457683200 19 19 19 19
1457676000 19 19 19 19
1457668800 19 19 19 19
1457661600 19 19 19 19
1457654400 19 19 19 19
1457647200 19 19 19 19
1457640000 19 19 19 19
1457632800 19 19 19 19
1457625600 19 19 19 19
1457618400 19 19 19 19
1457611200 19 19 19 19
1457604000 19 19 19 19
1457596800 19 19 19 19
1457589600 19 19 19 19
1457582400 19 19 19 19
1457575200 19 19 19 19
1457568000 19 19 19 19
1457560800 19 19 19 19
1457553600 19 19 19 19
1457546400 19 19 19 19
1457539200 19 19 19 19
1457532000 19 19 19 19
1457524800 19 19 19 19
1457517600 19 19 19 19
1457510400 19 19 19 19
1457503200 19 19 19 19
1457496000 19 19 19 19
1457488800 19 19 19 19
1457481600 19 19 19 19
1457474400 19 19 19 19
1457467200 19 19 19 19
1457460000 19 19 19 19
1457452800 19 19 19 19
1457445600 19 19 19 19
1457438400 19 19 19 19
1457431200 19 19 19 19
1457424000 19 19 19 19
1457416800 19 19 19 19
1457409600 19 19 19 19
1457402400 19 19 19 19
1457395200 19 19 19 19
1457388000 19 19 19 19
1457380800 19 19 19 19
1457373600 19 19 19 19
1457366400 19 19 19 19
1457359200 19 19 19 19
1457352000 19 19 19 19
1457344800 19 19 19 19
1457337600 19 19 19 19
1457330400 19 19 19 19
1457323200 19 19 19 19
1457316000 19 19 19 19
1457308800 19 19 19 19
1457301600 19 19 19 19
1457294400 19 19 19 19
1457287200 19 19 19 19
1457280000 19 19 19 19
1457272800 19 19 19 19
1457265600 19 19 19 19
1457258400 19 19 19 19
1457251200 19 19 19 19
1457244000 19 19 19 19
1457236800 19 19 19 19
1457229600 19 19 19 19
1457222400 19 19 19 19
1457215200 19 19 19 19
1457208000 19 19 19 19
1457200800 19 19 19 19
1457193600 19 19 19 19
1457186400 19 19 19 19
1457179200 19 19 19 19
1457172000 19 19 19 19
1457164800 19 19 19 19
1457157600 19 19 19 19
1457150400 19 19 19 19
1457143200 19 19 19 19
1457136000 19 19 19 19
1457128800 19 19 19 19
1457121600 19 19 19 19
1457114400 19 19 19 19
1457107200 19 19 19 19
1457100000 19 19 19 19
1457092800 19 19 19 19
1457085600 19 19 19 19
1457078400 19 19 19 19
1457071200 19 19 19 19
1457064000 19 19 19 19
1457056800 19 19 19 19
1457049600 19 19 19 19
1457042400 19 19 19 19
1457035200 19 19 19 19
1457028000 19 19 19 19
1457020800 19 19 19 19
1457013600 19 19 19 19
1457006400 19 19 19 19
1456999200 19 19 19 19
1456992000 19 19 19 19
1456984800 19 19 19 19
1456977600 19 19 19 19
1456970400 19 19 19 19
1456963200 19 19 19 19
1456956000 19 19 19 19
1456948800 19 19 19 19
1456941600 19 19 19 19
1456934400 19 19 19 19
1456927200 19 19 19 19
1456920000 19 19 19 19
1456912800 19 19 19 19
1456905600 19 19 19 19
1456898400 19 19 19 19
1456891200 19 19 19 19
1456884000 19 19 19 19
1456876800 19 19 19 19
1456869600 19 19 19 19
1456862400 19 19 19 19
1456855200 19 19 19 19
1456848000 19 19 19 19
1456840800 19 19 19 19
1456833600 19 19 19 19
1456826400 19 19 19 19
1456819200 19 19 19 19
1456812000 19 19 19 19
1456804800 19 19 19 19
1456797600 19 19 19 19
1456790400 19 19 19 19
1456783200 19 19 19 19
1456776000 19 19 19 19
1456768800 19 19 19 19
1456761600 19 19 19 19
1456754400 19 19 19 19
1456747200 19 19 19 19
1456740000 19 19 19 19
1456732800 19 19 19 19
1456725600 19 19 19 19
1456718400 19 19 19 19
1456711200 19 19 19 19
1456704000 19 19 19 19
1456696800 19 19 19 19
1456689600 19 19 19 19
1456682400 19 19 19 19
1456675200 19 19 19 19
1456668000 19 19 19 19
1456660800 19 19 19 19
1456653600 19 19 19 19
1456646400 19 19 19 19
1456639200 19 19 19 19
1456632000 19 19 19 19
1456624800 19 19 19 19
1456617600 19 19 19 19
1456610400 19 19 19 19
1456603200 19 19 19 19
1456596000 19 19 19 19
1456588800 19 19 19 19
1456581600 19 19 19 19
1456574400 19 19 19 19
1456567200 19 19 19 19
1456560000 19 19 19 19
1456552800 19 19 19 19
1456545600 19 19 19 19
1456538400 19 19 19 19
1456531200 19 19 19 19
1456524000 19 19 19 19
1456516800 19 19 19 19
1456509600 19 19 19 19
1456502400 19 19 19 19
1456495200 19 19 19 19
1456488000 19 19 19 19
1456480800 19 19 19 19
1456473600 19 19 19 19
1456466400 19 19 19 19
1456459200 19 19 19 19
1456452000 19 19 19 19
1456444800 19 19 19 19
1456437600 19 19 19 19
1456430400 19 19 19 19
1456423200 19 19 19 19
1456416000 19 19 19 19
1456408800 19 19 19 19
1456401600 19 19 19 19
1456394400 19 19 19 19
1456387200 19 19 19 19
1456380000 19 19 19 19
1456372800 19 19 19 19
1456365600 19 19 19 19
1456358400 19 19 19 19
1456351200 19 19 19 19
1456344000 19 19 19 19
1456336800 19 19 19 19
1456329600 19 19 19 19
1456322400 19 19 19 19
1456315200 19 19 19 19
1456308000 19 19 19 19
1456300800 19 19 19 19
1456293600 19 19 19 19
1456286400 19 19 19 19
1456279200 19 19 19 19
1456272000 19 19 19 19
1456264800 19 19 19 19
1456257600 19 19 19 19
1456250400 19 19 19 19
1456243200 19 19 19 19
1456236000 19 19 19 19
1456228800 19 19 19 19
1456221600 19 19 19 19
1456214400 19 19 19 19
1456207200 19 19 19 19
1456200000 19 19 19 19
1456192800 19 19 19 19
1456185600 19 19 19 19
1456178400 19 19 19 19
1456171200 19 19 19 19
1456164000 19 19 19 19
1456156800 19 19 19 19
1456149600 19 19 19 19
1456142400 19 19 19 19
1456135200 19 19 19 19
1456128000 19 19 19 19
1456120800 19 19 19 19
1456113600 19 19 19 19
1456106400 19 19 19 19
1456099200 19 19 19 19
1456092000 19 19 19 19
1456084800 19 19 19 19
1456077600 19 19 19 19
1456070400 19 19 19 19
1456063200 19 19 19 19
1456056000 19 19 19 19
1456048800 19 19 19 19
1456041600 19 19 19 19
1456034400 19 19 19 19
1456027200 19 19 19 19
1456020000 19 19 19 19
1456012800 19 19 19 19
1456005600 19 19 19 19
1455998400 19 19 19 19
1455991200 19 19 19 19
1455984000 19 19 19 19
1455976800 19 19 19 19
1455969600 19 19 19 19
1455962400 19 19 19 19
1455955200 19 19 19 19
1455948000 19 19 19 19
1455940800 19 19 19 19
1455933600 19 19 19 19
1455926400 19 19 19 19
1455919200 19 19 19 19
1455912000 19 19 19 19
1455904800 19 19 19 19
1455897600 19 19 19 19
1455890400 19 19 19 19
1455883200 19 19 19 19
1455876000 19 19 19 19
1455868800 19 19 19 19
1455861600 19 19 19 19
1455854400 19 19 19 19
1455847200 19 19 19 19
1455840000 19 19 19 19
1455832800 19 19 19 19
1455825600 19 19 19 19
1455818400 19 19 19 19
1455811200 19 19 19 19
1455804000 19 19 19 19
1455796800 19 19 19 19
1455789600 19 19 19 19
1455782400 19 19 19 19
1455775200 19 19 19 19
1455768000 19 19 19 19
1455760800 19 19 19 19
1455753600 19 19 19 19
1455746400 19 19 19 19
1455739200 19 19 19 19
1455732000 19 19 19 19
1455724800 19 19 19 19
1455717600 19 19 19 19
1455710400 19 19 19 19
1455703200 19 19 19 19
1455696000 19 19 19 19
1455688800 19 19 19 19
1455681600 19 19 19 19
1455674400 19 19 19 19
1455667200 19 19 19 19
1455660000 19 19 19 19
1455652800 19 19 19 19
1455645600 19 19 19 19
1455638400 19 19 19 19
1455631200 19 19 19 19
1455624000 19 19 19 19
1455616800 19 19 19 19
1455609600 19 19 19 19
1455602400 19 19 19 19
1455595200 19 19 19 19
1455588000 19 19 19 19
1455580800 19 19 19 19
1455573600 19 19 19 19
1455566400 19 19 19 19
1455559200 19 19 19 19
1455552000 19 19 19 19
1455544800 19 19 19 19
1455537600 19 19 19 19
1455530400 19 19 19 19
1455523200 19 19 19 19
1455516000 19 19 19 19
1455508800 19 19 19 19
1455501600 19 19 19 19
1455494400 19 19 19 19
1455487200 19 19 19 19
1455480000 19 19 19 19
1455472800 19 19 19 19
1455465600 19 19 19 19
1455458400 19 19 19 19
1455451200 19 19 19 19
1455444000 19 19 19 19
1455436800 19 19 19 19
1455429600 19 19 19 19
1455422400 19 19 19 19
1455415200 19 19 19 19
1455408000 19 19 19 19
1455400800 19 19 19 19
1455393600 19 19 19 19
1455386400 19 19 19 19
1455379200 19 19 19 19
1455372000 19 19 19 19
1455364800 19 19 19 19
1455357600 19 19 19 19
1455350400 19 19 19 19
1455343200 19 19 19 19
1455336000 19 19 19 19
1455328800 19 19 19 19
1455321600 19 19 19 19
1455314400 19 19 19 19
1455307200 19 19 19 19
1455300000 19 19 19 19
1455292800 19 19 19 19
1455285600 19 19 19 19
1455278400 19 19 19 19
1455271200 19 19 19 19
1455264000 19 19 19 19
1455256800 19 19 19 19
1455249600 19 19 19 19
1455242400 19 19 19 19
1455235200 19 19 19 19
1455228000 19 19 19 19
1455220800 19 19 19 19
1455213600 19 19 19 19
1455206400 19 19 19 19
1455199200 19 19 19 19
1455192000 19 19 19 19
1455184800 19 19 19 19
1455177600 19 19 19 19
1455170400 19 19 19 19
1455163200 19 19 19 19
1455156000 19 19 19 19
1455148800 19 19 19 19
1455141600 19 19 19 19
1455134400 19 19 19 19
1455127200 19 19 19 19
1455120000 19 19 19 19
1455112800 19 19 19 19
1455105600 19 19 19 19
1455098400 19 19 19 19
1455091200 19 19 19 19
1455084000 19 19 19 19
1455076800 19 19 19 19
1455069600 19 19 19 19
1455062400 19 19 19 19
1455055200 19 19 19 19
1455048000 19 19 19 19
1455040800 19 19 19 19
1455033600 19 19 19 19
1455026400 19 19 19 19
1455019200 19 19 19 19
1454976000 19 19 19 19
1454889600 19 19 19 19
1454803200 19 19 19 19
1454716800 19 19 19 19
1454630400 19 19 19 19
1454544000 19 19 19 19
1454457600 19 19 19 19
1454371200 19 19 19 19
1454284800 19 19 19 19
1454198400 19 19 19 19
1454112000 19 19 19 19
1454025600 19 19 19 19
1453939200 19 19 19 19
1453852800 19 19 19 19
1453766400 19 19 19 19
1453680000 19 19 19 19
1453593600 19 19 19 19
1453507200 19 19 19 19
1453420800 19 19 19 19
1453334400 20 20 25 25
1453248000 25 25 25 25
1453161600 25 25 25 25
1453075200 25 25 25 25
1452988800 25 25 25 25
1452902400 19 19 25 25
1452816000 19 19 19 19
1452729600 19 19 19 19
1452643200 19 19 19 19
1452556800 19 19 19 19
1452470400 19 19 19 19
1452384000 18 18 19 19
1452297600 19 19 19 19
1452211200 19 19 19 19
1452124800 17 17 19 19
1452038400 19 19 19 19
1451952000 19 19 19 19
1451865600 19 19 19 19
1451779200 19 19 19 19
1451692800 19 19 19 19
1451606400 19 19 19 19
1451520000 19 19 19 19
1451433600 19 19 19 19
1451347200 19 19 19 19
1451260800 19 19 19 19
1451174400 19 19 19 19
1451088000 19 19 19 19
1451001600 19 19 19 19
1450915200 19 19 19 19
1450828800 19 19 19 19
1450742400 19 19 19 19
1450656000 19 19 19 19
1450569600 19 19 19 19
1450483200 19 19 19 19
1450396800 19 19 19 19
1450310400 19 19 19 19
1450224000 19 19 19 19
1450137600 19 19 19 19
1450051200 19 19 19 19
1449964800 19 19 19 19
1449878400 19 19 19 19
1449792000 19 19 19 19
1449705600 19 19 19 19
1449619200 19 19 19 19
1449532800 19 19 19 19
1449446400 19 19 19 19
1449360000 19 19 19 19
1449273600 19 19 19 19
1449187200 19 19 19 19
1449100800 19 19 19 19
1449014400 19 19 19 19
1448928000 19 19 19 19
1448841600 19 19 19 19
1448755200 19 19 19 19
1448668800 19 19 19 19
1448582400 19 19 19 19
1448496000 19 19 19 19
1448409600 19 19 19 19
1448323200 19 19 19 19
1448236800 19 19 19 19
1448150400 19 19 19 19
1448064000 19 19 19 19
1447977600 19 19 19 19
1447891200 19 19 19 19
1447804800 19 19 19 19
1447718400 19 19 19 19
1447632000 19 19 19 19
1447545600 19 19 19 19
1447459200 19 19 19 19
1447372800 19 19 19 19
1447286400 19 19 19 19
1447200000 19 19 19 19
1447113600 17 17 19 19
1447027200 19 19 19 19
1446940800 19 19 19 19
1446854400 19 19 19 19
1446768000 19 19 19 19
1446681600 19 19 19 19
1446595200 19 19 19 19
1446508800 19 19 19 19
1446422400 19 19 19 19
1446336000 19 19 19 19
1446249600 19 19 19 19
1446163200 19 19 19 19
1446076800 19 19 19 19
1445990400 19 19 19 19
1445904000 19 19 19 19
1445817600 19 19 19 19
1445731200 19 19 19 19
1445644800 19 19 19 19
1445558400 19 19 19 19
1445472000 19 19 19 19
1445385600 19 19 19 19
1445299200 19 19 19 19
1445212800 19 19 19 19
1445126400 19 19 19 19
1445040000 19 19 19 19
1444953600 19 19 19 19
1444867200 19 19 19 19
1444780800 19 19 19 19
1444694400 19 19 19 19
1444608000 19 19 19 19
1444521600 19 19 19 19
1444435200 19 19 19 19
1444348800 19 19 19 19
1444262400 19 19 19 19
1444176000 19 19 19 19
1444089600 19 19 19 19
1444003200 19 19 19 19
1443916800 19 19 19 19
1443830400 19 19 19 19
1443744000 19 19 19 19
1443657600 19 19 19 19
1443571200 19 19 19 19
1443484800 19 19 19 19
1443398400 19 19 19 19
1443312000 19 19 19 19
1443225600 19 19 19 19
1443139200 19 19 19 19
1443052800 19 19 19 19
1442966400 19 19 19 19
1442880000 19 19 19 19
1442793600 19 19 19 19
1442707200 19 19 19 19
1442620800 19 19 19 19
1442534400 19 19 19 19
1442448000 19 19 19 19
1442361600 19 19 19 19
1442275200 19 19 19 19
1442188800 19 19 19 19
1442102400 19 19 19 19
1442016000 19 19 19 19
1441929600 19 19 19 19
1441843200 19 19 19 19
1441756800 19 19 19 19
1441670400 19 19 19 19
1441584000 19 19 19 19
1441497600 19 19 19 19
1441411200 19 19 19 19
1441324800 19 19 19 19
1441238400 19 19 19 19
1441152000 19 19 19 19
1441065600 19 19 19 19
1440979200 19 19 19 19
1440892800 19 19 19 19
1440806400 19 19 19 19
1440720000 19 19 19 19
1440633600 19 19 19 19
1440547200 19 19 19 19
1440460800 19 19 19 19
1440374400 19 19 19 19
1440288000 19 19 19 19
1440201600 19 19 19 19
1440115200 19 19 19 19
1440028800 19 19 19 19
1439942400 19 19 19 19
1439856000 19 19 19 19
1439769600 19 19 19 19
1439683200 19 19 19 19
1439596800 19 19 19 19
1439510400 19 19 19 19
1439424000 19 19 19 19
1439337600 19 19 19 19
1439251200 19 19 19 19
1439164800 19 19 19 19
1439078400 19 19 19 19
1438992000 19 19 19 19
1438905600 19 19 19 19
1438819200 19 19 19 19
1438732800 19 19 19 19
1438646400 19 19 19 19
1438560000 19 19 19 19
1438473600 19 19 19 19
1438387200 19 19 19 19
1438300800 19 19 19 19
1438214400 19 19 19 19
1438128000 19 19 19 19
1438041600 19 19 19 19
1437955200 19 19 19 19
1437868800 19 19 19 19
1437782400 19 19 19 19
1437696000 19 19 19 19
1437609600 19 19 19 19
1437523200 19 19 19 19
1437436800 19 19 19 19
1437350400 19 19 19 19
1437264000 19 19 19 19
1437177600 19 19 19 19
1437091200 19 19 19 19
1437004800 19 19 19 19
1436918400 19 19 19 19
1436832000 19 19 19 19
1436745600 19 19 19 19
1436659200 19 19 19 19
1436572800 19 19 19 19
1436486400 19 19 19 19
1436400000 19 19 19 19
1436313600 19 19 19 19
1436227200 19 19 19 19
1436140800 19 19 19 19
1436054400 19 19 19 19
1435968000 19 19 19 19
1435881600 19 19 19 19
1435795200 19 19 19 19
1435708800 19 19 19 19
1435622400 19 19 19 19
1435536000 19 19 19 19
1435449600 17 17 19 19
1435363200 18 18 19 19
1435276800 19 19 19 19
1435190400 19 19 19 19
1435104000 19 19 19 19
1435017600 19 19 19 19
1434931200 19 19 19 19
1434844800 19 19 19 19
1434758400 19 19 19 19
1434672000 19 19 19 19
1434585600 19 19 19 19
1434499200 16 16 19 19
1434412800 19 19 19 19
1434326400 19 19 19 19
1434240000 19 19 19 19
1434153600 19 19 19 19
1434067200 19 19 19 19
1433980800 19 19 19 19
1433894400 19 19 19 19
1433808000 19 19 19 19
1433721600 19 19 19 19
1433635200 19 19 19 19
1433548800 19 19 19 19
1433462400 19 19 19 19
1433376000 19 19 19 19
1433289600 19 19 19 19
1433203200 19 19 19 19
1433116800 19 19 19 19
1433030400 19 19 19 19
1432944000 19 19 19 19
1432857600 19 19 19 19
1432771200 19 19 19 19
1432684800 19 19 19 19
1432598400 19 19 19 19
1432512000 19 19 19 19
1432425600 19 19 19 19
1432339200 19 19 19 19
1432252800 19 19 19 19
1432166400 20 20 25 25
1432080000 25 25 25 25
1431993600 25 25 25 25
1431907200 25 25 25 25
1431820800 25 25 25 25
1431734400 25 25 25 25
1431648000 25 25 25 25
1431561600 25 25 25 25
1431475200 25 25 25 25
1431388800 19 19 25 25
1431302400 19 19 19 19
1431216000 4 4 19 19
1431129600 0 0 0 0
1431043200 0 0 0 0
1430956800 0 0 0 0
1430870400 0 0 0 0
1430784000 0 0 0 0
1430697600 0 0 0 0
1430611200 0 0 0 0
1430524800 0 0 0 0
1430438400 0 0 0 0
1430352000 0 0 0 0
1430265600 0 0 0 0
1430179200 0 0 0 0
1430092800 0 0 0 0
1430006400 0 0 0 0
1429920000 0 0 0 0
1429833600 0 0 0 0
1429747200 0 0 0 0
1429660800 0 0 0 0
1429574400 0 0 0 0
1429488000 0 0 0 0
1429401600 0 0 0 0
1429315200 0 0 0 0
1429228800 0 0 0 0
1429142400 0 0 0 0
1429056000 0 0 0 0
1428969600 0 0 0 0
1428883200 0 0 0 0
1428796800 0 0 0 0
1428710400 0 0 0 0
1428624000 0 0 0 0
1428537600 0 0 0 0
1428451200 0 0 0 0
1428364800 0 0 0 0
1428278400 0 0 0 0
1428192000 0 0 0 0
1428105600 0 0 0 0
1428019200 0 0 0 0
1427932800 0 0 0 0
1427846400 0 0 0 0
1427760000 0 0 0 0
1427673600 0 0 0 0
1427587200 0 0 0 0
1427500800 0 0 0 0
1427414400 0 0 0 0
1427328000 0 0 0 0
1427241600 0 0 0 0
1427155200 0 0 0 0
1427068800 0 0 0 0
1426982400 0 0 0 0
1426896000 0 0 0 0
1426809600 0 0 0 0
1426723200 0 0 0 0
1426636800 0 0 0 0
1426550400 0 0 0 0
1426464000 0 0 0 0
1426377600 0 0 0 0
1426291200 0 0 0 0
1426204800 0 0 0 0
1426118400 0 0 0 0
1426032000 0 0 0 0
1425945600 0 0 0 0
1425859200 0 0 0 0
1425772800 0 0 0 0
1425686400 0 0 0 0
1425600000 0 0 0 0
1425513600 0 0 0 0
1425427200 0 0 0 0
1425340800 0 0 0 0
1425254400 0 0 0 0
1425168000 0 0 0 0
1425081600 0 0 0 0
1424995200 0 0 0 0
1424908800 0 0 0 0
1424822400 0 0 0 0
1424736000 0 0 0 0
1424649600 0 0 0 0
1424563200 0 0 0 0
1424476800 0 0 0 0
1424390400 0 0 0 0
1424304000 0 0 0 0
1424217600 0 0 0 0
1424131200 0 0 0 0
1424044800 0 0 0 0
1423958400 0 0 0 0
1423872000 0 0 0 0
1423785600 0 0 0 0
1423699200 0 0 0 0
1423612800 0 0 0 0
1423526400 0 0 0 0
1423440000 0 0 0 0
1423353600 0 0 0 0
1423267200 0 0 0 0
1423180800 0 0 0 0
1423094400 0 0 0 0
1423008000 0 0 0 0
1422921600 0 0 0 0
1422835200 0 0 0 0
1422748800 0 0 0 0
1422662400 0 0 0 0
1422576000 0 0 0 0
1422489600 0 0 0 0
1422403200 0 0 0 0
1422316800 0 0 0 0
1422230400 0 0 0 0
1422144000 0 0 0 0
1422057600 0 0 0 0
1421971200 0 0 0 0
1421884800 0 0 0 0
1421798400 0 0 0 0
1421712000 0 0 0 0
1421625600 0 0 0 0
1421539200 0 0 0 0
1421452800 0 0 0 0
1421366400 0 0 0 0
1421280000 0 0 0 0
1421193600 0 0 0 0
1421107200 0 0 0 0
1421020800 0 0 0 0
1420934400 0 0 0 0
1420848000 0 0 0 0
1420761600 0 0 0 0
1420675200 0 0 0 0
1420588800 0 0 0 0
1420502400 0 0 0 0
1420416000 0 0 0 0
1420329600 0 0 0 0
1420243200 0 0 0 0
1420156800 0 0 0 0
1420070400 0 0 0 0
1419984000 0 0 0 0
1419897600 0 0 0 0
1419811200 0 0 0 0
1419724800 0 0 0 0
1419638400 0 0 0 0
1419552000 0 0 0 0
1419465600 0 0 0 0
1419379200 0 0 0 0
1419292800 0 0 0 0
1419206400 0 0 0 0
1419120000 0 0 0 0
1419033600 0 0 0 0
1418947200 0 0 0 0
1418860800 0 0 0 0
1418774400 0 0 0 0
1418688000 0 0 0 0
1418601600 0 0 0 0
1418515200 0 0 0 0
1418428800 0 0 0 0
1418342400 0 0 0 0
1418256000 0 0 0 0
1418169600 0 0 0 0
1418083200 0 0 0 0
1417996800 0 0 0 0
1417910400 0 0 0 0
1417824000 0 0 0 0
1417737600 0 0 0 0
1417651200 0 0 0 0
1417564800 0 0 0 0
1417478400 0 0 0 0
1417392000 0 0 0 0
1417305600 0 0 0 0
1417219200 0 0 0 0
1417132800 0 0 0 0
1417046400 0 0 0 0
1416960000 0 0 0 0
1416873600 0 0 0 0
1416787200 0 0 0 0
1416700800 0 0 0 0
1416614400 0 0 0 0
1416528000 0 0 0 0
1416441600 0 0 0 0
1416355200 0 0 0 0
1416268800 0 0 0 0
1416182400 0 0 0 0
1416096000 0 0 0 0
1416009600 0 0 0 0
1415923200 0 0 0 0
1415836800 0 0 0 0
1415750400 0 0 0 0
1415664000 0 0 0 0
1415577600 0 0 0 0
1415491200 0 0 0 0
1415404800 0 0 0 0
1415318400 0 0 0 0
1415232000 0 0 0 0
1415145600 0 0 0 0
1415059200 0 0 0 0
1414972800 0 0 0 0
1414886400 0 0 0 0
1414800000 0 0 0 0
1414713600 0 0 0 0
1414627200 0 0 0 0
1414540800 0 0 0 0
1414454400 0 0 0 0
1414368000 0 0 0 0
1414281600 0 0 0 0
1414195200 0 0 0 0
1414108800 0 0 0 0
1414022400 0 0 0 0
1413936000 0 0 0 0
1413849600 0 0 0 0
1413763200 0 0 0 0
1413676800 0 0 0 0
1413590400 0 0 0 0
1413504000 0 0 0 0
1413417600 0 0 0 0
1413331200 0 0 0 0
1413244800 0 0 0 0
1413158400 0 0 0 0
1413072000 0 0 0 0
1412985600 0 0 0 0
1412899200 0 0 0 0
1412812800 0 0 0 0
1412726400 0 0 0 0
1412640000 0 0 0 0
1412553600 0 0 0 0
1412467200 0 0 0 0
1412380800 0 0 0 0
1412294400 0 0 0 0
1412208000 0 0 0 0
1412121600 0 0 0 0
1412035200 0 0 0 0
1411948800 0 0 0 0
1411862400 0 0 0 0
1411776000 0 0 0 0
1411689600 0 0 0 0
1411603200 0 0 0 0
1411516800 0 0 0 0
1411430400 0 0 0 0
1411344000 0 0 0 0
1411257600 0 0 0 0
1411171200 0 0 0 0
1411084800 0 0 0 0
1410998400 0 0 0 0
1410912000 0 0 0 0
1410825600 0 0 0 0
1410739200 0 0 0 0
1410652800 0 0 0 0
1410566400 0 0 0 0
1410480000 0 0 0 0
1410393600 0 0 0 0
1410307200 0 0 0 0
1410220800 0 0 0 0
1410134400 0 0 0 0
1410048000 0 0 0 0
1409961600 0 0 0 0
1409875200 0 0 0 0
1409788800 0 0 0 0
1409702400 0 0 0 0
1409616000 0 0 0 0
1409529600 0 0 0 0
1409443200 0 0 0 0
1409356800 0 0 0 0
1409270400 0 0 0 0
1409184000 0 0 0 0
1409097600 0 0 0 0
1409011200 0 0 0 0
1408924800 0 0 0 0
1408838400 0 0 0 0
1408752000 0 0 0 0
1408665600 0 0 0 0
1408579200 0 0 0 0
1408492800 0 0 0 0
1408406400 0 0 0 0
1408320000 0 0 0 0
1408233600 0 0 0 0
1408147200 0 0 0 0
1408060800 0 0 0 0
1407974400 0 0 0 0
1407888000 0 0 0 0
1407801600 0 0 0 0
1407715200 0 0 0 0
1407628800 0 0 0 0
1407542400 0 0 0 0
1407456000 0 0 0 0
1407369600 0 0 0 0
1407283200 0 0 0 0
1407196800 0 0 0 0
1407110400 0 0 0 0
1407024000 0 0 0 0
1406937600 0 0 0 0
1406851200 0 0 0 0
1406764800 0 0 0 0
1406678400 0 0 0 0
1406592000 0 0 0 0
1406505600 0 0 0 0
1406419200 0 0 0 0
1406332800 0 0 0 0
1406246400 0 0 0 0
1406160000 0 0 0 0
1406073600 0 0 0 0
1405987200 0 0 0 0
1405900800 0 0 0 0
1405814400 0 0 0 0
1405728000 0 0 0 0
1405641600 0 0 0 0
1405555200 0 0 0 0
1405468800 0 0 0 0
1405382400 0 0 0 0
1405296000 0 0 0 0
1405209600 0 0 0 0
1405123200 0 0 0 0
1405036800 0 0 0 0
1404950400 0 0 0 0
1404864000 0 0 0 0
1404777600 0 0 0 0
1404691200 0 0 0 0
1404604800 0 0 0 0
1404518400 0 0 0 0
1404432000 0 0 0 0
1404345600 0 0 0 0
1404259200 0 0 0 0
1404172800 0 0 0 0
1404086400 0 0 0 0
1404000000 0 0 0 0
1403913600 0 0 0 0
1403827200 0 0 0 0
1403740800 0 0 0 0
1403654400 0 0 0 0
1403568000 0 0 0 0
1403481600 0 0 0 0
1403395200 0 0 0 0
1403308800 0 0 0 0
1403222400 0 0 0 0
1403136000 0 0 0 0
1403049600 0 0 0 0
1402963200 0 0 0 0
1402876800 0 0 0 0
1402790400 0 0 0 0
1402704000 0 0 0 0
1402617600 0 0 0 0
1402531200 0 0 0 0
1402444800 0 0 0 0
1402358400 0 0 0 0
1402272000 0 0 0 0
1402185600 0 0 0 0
1402099200 0 0 0 0
1402012800 0 0 0 0
1401926400 0 0 0 0
1401840000 0 0 0 0
1401753600 0 0 0 0
1401667200 0 0 0 0
1401580800 0 0 0 0
1401494400 0 0 0 0
1401408000 0 0 0 0
1401321600 0 0 0 0
1401235200 0 0 0 0
1401148800 0 0 0 0
1401062400 0 0 0 0
1400976000 0 0 0 0
1400889600 0 0 0 0
1400803200 0 0 0 0
1400716800 0 0 0 0
1400630400 0 0 0 0
1400544000 0 0 0 0
1400457600 0 0 0 0
1400371200 0 0 0 0
1400284800 0 0 0 0
1400198400 0 0 0 0
1400112000 0 0 0 0
1400025600 0 0 0 0
1399939200 0 0 0 0
1399852800 0 0 0 0
1399766400 0 0 0 0
1399680000 0 0 0 0
1399593600 0 0 0 0
1399507200 0 0 0 0
1399420800 0 0 0 0
1399334400 0 0 0 0
1399248000 0 0 0 0
1399161600 0 0 0 0
1399075200 0 0 0 0
1398988800 0 0 0 0
1398902400 0 0 0 0
1398816000 0 0 0 0
1398729600 0 0 0 0
1398643200 0 0 0 0
1398556800 0 0 0 0
1398470400 0 0 0 0
1398384000 0 0 0 0
1398297600 0 0 0 0
1398211200 0 0 0 0
1398124800 0 0 0 0
1398038400 0 0 0 0
1397952000 0 0 0 0
1397865600 0 0 0 0
1397779200 0 0 0 0
1397692800 0 0 0 0
1397606400 0 0 0 0
1397520000 0 0 0 0
1397433600 0 0 0 0
1397347200 0 0 0 0
1397260800 0 0 0 0
1397174400 0 0 0 0
1397088000 0 0 0 0
1397001600 0 0 0 0
1396915200 0 0 0 0
1396828800 0 0 0 0
1396742400 0 0 0 0
1396656000 0 0 0 0
1396569600 0 0 0 0
1396483200 0 0 0 0
1396396800 0 0 0 0
1396310400 0 0 0 0
1396224000 0 0 0 0
1396137600 0 0 0 0
1396051200 0 0 0 0
1395964800 0 0 0 0
1395878400 0 0 0 0
1395792000 0 0 0 0
1395705600 0 0 0 0
1395619200 0 0 0 0
1395532800 0 0 0 0
1395446400 0 0 0 0
1395360000 0 0 0 0
1395273600 0 0 0 0
1395187200 0 0 0 0
1395100800 0 0 0 0
1395014400 0 0 0 0
1394928000 0 0 0 0
1394841600 0 0 0 0
1394755200 0 0 0 0
1394668800 0 0 0 0
1394582400 0 0 0 0
1394496000 0 0 0 0
1394409600 0 0 0 0
1394323200 0 0 0 0
1394236800 0 0 0 0
1394150400 0 0 0 0
1394064000 0 0 0 0
1393977600 0 0 0 0
1393891200 0 0 0 0
1393804800 0 0 0 0
1393718400 0 0 0 0
1393632000 0 0 0 0
1393545600 0 0 0 0
1393459200 0 0 0 0
1393372800 0 0 0 0
1393286400 0 0 0 0
1393200000 0 0 0 0
1393113600 0 0 0 0
1393027200 0 0 0 0
1392940800 0 0 0 0
1392854400 0 0 0 0
1392768000 0 0 0 0
1392681600 0 0 0 0
1392595200 0 0 0 0
1392508800 0 0 0 0
1392422400 0 0 0 0
1392336000 0 0 0 0
1392249600 0 0 0 0
1392163200 0 0 0 0
1392076800 0 0 0 0
1391990400 0 0 0 0
1391904000 0 0 0 0
1391817600 0 0 0 0
