1504297339 15473557457 32800734505
1504297339 1458 2996 1458 2996
1504297039 644 1895 644 1895
1504296900 2067 6027 3716 10815
1504296600 2307 6750 3716 10815
1504296300 1123 3043 1634 4187
1504296000 1248 3439 1634 4187
1504295700 573 2415 797 2563
1504295400 322 2107 332 2244
1504295100 310 1900 332 1950
1504294800 277 1905 285 1978
1504294500 677 3060 1144 4298
1504294200 2553 5662 4187 7242
1504293900 3036 6932 4187 7242
1504293600 1770 7855 1848 9341
1504293300 1490 6613 1848 9341
1504293000 1574 5454 2157 7821
1504292700 1945 6755 2157 7821
1504292400 1467 4828 1700 5522
1504292100 748 2939 1198 4026
1504291800 288 1711 360 1746
1504291500 865 2834 1444 4079
1504291200 1301 6701 1444 9740
1504290900 1491 8310 1903 9740
1504290600 2056 7954 2235 9459
1504290300 1956 7607 2235 9459
1504290000 1631 5491 1633 5525
1504289700 983 3793 1629 5525
1504289400 621 2018 1069 2287
1504289100 859 2225 1069 2287
1504288800 688 2196 773 2245
1504288500 902 2609 1051 3027
1504288200 693 2254 1051 3027
1504287900 1003 6287 1831 11918
1504287600 2436 9447 3137 11918
1504287300 2054 4754 3137 6587
1504287000 1615 4036 2540 5630
1504286700 2314 5736 2540 5859
1504286400 2401 6963 2805 8243
1504286100 1894 6186 2805 8243
1504285800 1305 5813 1846 8141
1504285500 1821 8413 1846 8729
1504285200 1366 6017 1793 8729
1504284900 1036 3961 1221 5170
1504284600 1480 6714 1782 8504
1504284300 1813 7912 1849 8504
1504284000 1881 7216 1920 7227
1504283700 1946 6631 1977 7205
1504283400 1366 4480 1977 5967
1504283100 1182 3981 1788 5399
1504282800 1099 3624 1788 5399
1504282500 339 1631 381 1702
1504282200 6079 1829 12591 1975
1504281900 10538 3284 12591 4782
1504281600 4631 3446 8192 4782
1504281300 491 1900 508 1903
1504281000 637 2405 830 2988
1504280700 783 2684 830 2988
1504280400 1870 5639 3193 9468
1504280100 2466 8125 3193 9468
1504279800 1774 7001 1947 7494
1504279500 1704 6387 1947 7494
1504279200 1876 9195 2393 13870
1504278900 2167 10022 2393 13870
1504278600 2073 8637 2267 12194
1504278300 2102 9352 2267 12194
1504278000 1610 5889 1911 6061
1504277700 1545 5582 1874 5690
1504277400 1925 5877 1986 6363
1504277100 1236 4389 1986 6363
1504276800 452 2154 550 2213
1504276500 1119 3691 1779 5404
1504276200 1317 4048 1779 5404
1504275900 762 2288 784 2478
1504275600 950 2713 1198 3464
1504275300 1553 5096 1966 6988
1504275000 1832 6320 1966 6988
1504274700 1759 5580 1856 5618
1504274400 1167 3897 1856 5618
1504274100 323 1933 370 1966
1504273800 295 1908 324 1966
1504273500 560 2064 835 2323
1504273200 691 2188 835 2323
1504272900 805 2826 1127 3744
1504272600 1041 3606 1127 3744
1504272300 1412 4513 1958 5748
1504272000 1186 4244 1958 5748
1504271700 291 2228 292 2503
1504271400 387 1994 501 2092
1504271100 352 1842 501 2092
1504270800 223 1357 270 1558
1504270500 222 1118 270 1129
1504270200 227 1127 298 1153
1504269900 328 1506 364 1916
1504269600 398 1765 437 1916
1504269300 319 1472 437 1593
1504269000 242 1315 310 1333
1504268700 230 1032 310 1296
1504268400 162 788 189 858
1504268100 226 987 271 1138
1504267800 236 970 271 1138
1504267500 177 784 198 790
1504267200 209 916 274 1063
1504266900 224 925 274 1063
1504266600 167 766 168 768
1504266300 236 853 315 953
1504266000 300 971 315 992
1504265700 258 925 284 992
1504265400 241 817 256 849
1504265100 200 681 256 781
1504264800 176 681 220 811
1504264500 204 774 220 811
1504264200 5618 4939 11910 9814
1504263900 6475 5632 11910 9814
1504263600 1619 1620 3286 2582
1504263300 1877 1695 3286 2582
1504263000 221 794 247 940
1504262700 242 1037 300 1150
1504262400 265 992 300 1150
1504262100 206 795 225 811
1504261800 216 753 252 778
1504261500 259 774 268 830
1504261200 457 954 676 1098
1504260900 457 942 676 1098
1504260600 170 699 207 765
1504260300 185 680 250 748
1504260000 212 705 250 748
1504259700 176 654 186 657
1504259400 192 745 201 854
1504259100 1645 1669 3318 2615
1504258800 2170 1866 3318 2615
1504258500 575 897 841 999
1504258200 247 747 271 781
1504257900 186 669 221 709
1504257600 197 1123 257 1702
1504257300 247 1241 257 1702
1504257000 212 791 236 889
1504256700 266 909 360 934
1504256400 277 804 360 934
1504256100 210 663 243 673
1504255800 464 954 722 1281
1504255500 510 1137 722 1281
1504255200 298 917 337 972
1504254900 417 986 511 1138
1504254600 361 945 511 1138
1504254300 174 721 189 723
1504254000 178 725 204 732
1504253700 241 751 286 774
1504253400 230 700 286 774
1504253100 188 650 213 689
1504252800 239 740 270 800
1504252500 228 754 270 800
1504252200 482 932 828 1194
1504251900 550 963 828 1194
1504251600 286 785 348 886
1504251300 288 817 348 886
1504251000 200 701 219 738
1504250700 163 655 180 659
1504250400 171 718 203 795
1504250100 196 745 203 795
1504249800 213 710 243 736
1504249500 211 708 243 736
1504249200 184 694 196 714
1504248900 178 697 196 714
1504248600 172 696 187 716
1504248300 197 763 209 817
1504248000 5649 5244 11951 10372
1504247700 6496 5840 11951 10372
1504247400 229 684 263 712
1504247100 191 725 193 741
1504246800 205 754 219 769
1504246500 212 769 219 771
1504246200 205 764 206 771
1504245900 188 699 204 757
1504245600 233 717 306 815
1504245300 241 744 306 815
1504245000 189 726 216 801
1504244700 201 737 216 801
1504244400 542 1050 953 1493
1504244100 640 1181 953 1493
1504243800 284 850 290 885
1504243500 220 777 290 885
1504243200 219 1114 312 1651
1504242900 284 1295 312 1651
1504242600 455 1144 689 1440
1504242300 466 1095 689 1440
1504242000 274 747 351 807
1504241700 279 769 351 807
1504241400 207 735 220 746
1504241100 211 772 220 803
1504240800 250 1161 308 1571
1504240500 341 1263 380 1571
1504240200 307 878 380 913
1504239900 210 769 223 838
1504239600 212 723 231 763
1504239300 225 807 231 859
1504239000 204 756 220 859
1504238700 231 683 283 736
1504238400 256 790 283 854
1504238100 212 752 225 854
1504237800 245 2232 300 4085
1504237500 281 2582 300 4085
1504237200 289 1497 323 2231
1504236900 422 1728 538 2231
1504236600 392 964 538 1147
1504236300 1911 1772 3864 2952
1504236000 2163 1939 3864 2952
1504235700 197 739 202 766
1504235400 222 756 246 811
1504235100 290 845 343 886
1504234800 1090 1859 1956 2986
1504234500 1139 1924 1956 2986
1504234200 197 748 201 808
1504233900 205 799 211 808
1504233600 274 934 347 1104
1504233300 357 1081 370 1104
1504233000 301 881 370 1055
1504232700 220 738 222 807
1504232400 245 847 275 894
1504232100 259 830 275 894
1504231800 266 811 296 874
1504231500 329 951 367 1040
1504231200 330 934 367 1040
1504230900 245 742 288 813
1504230600 213 763 233 884
1504230300 218 792 233 884
1504230000 254 808 314 949
1504229700 369 1064 434 1198
1504229400 336 969 434 1198
1504229100 204 692 223 705
1504228800 316 1456 467 2347
1504228500 347 1560 467 2347
1504228200 197 644 210 650
1504227900 271 850 372 1093
1504227600 297 922 372 1093
1504227300 194 679 211 725
1504227000 193 705 213 796
1504226700 208 782 213 796
1504226400 340 3303 499 6242
1504226100 434 3814 499 6242
1504225800 281 859 361 1041
1504225500 179 680 190 713
1504225200 200 758 238 810
1504224900 230 768 238 810
1504224600 207 715 222 720
1504224300 206 709 225 710
1504224000 215 705 225 709
1504223700 258 792 321 898
1504223400 279 845 321 898
1504223100 218 743 232 786
1504222800 247 853 299 1039
1504222500 2175 2658 4348 4535
1504222200 2454 2799 4348 4535
1504221900 243 763 290 816
1504221600 840 1894 1594 3276
1504221300 1248 2464 1594 3276
1504221000 545 1153 849 1524
1504220700 193 700 194 724
1504220400 250 704 316 741
1504220100 253 730 316 741
1504219800 3135 2916 6556 5462
1504219500 5699 8717 6556 12489
1504219200 2757 7321 4707 12489
1504218900 404 1184 500 1336
1504218600 1101 1971 2038 3087
1504218300 1197 2038 2038 3087
1504218000 232 804 243 825
1504217700 5438 5078 11456 10057
1504217400 6302 5744 11456 10057
1504217100 311 767 333 788
1504216800 747 1810 1273 2978
1504216500 1158 2855 1273 2978
1504216200 1205 3231 1414 3830
1504215900 885 2604 1414 3830
1504215600 749 1244 1300 1314
1504215300 1153 3705 1300 6475
1504215000 1387 4597 1849 6475
1504214700 2160 3232 2521 4137
1504214400 1753 3854 2521 4137
1504214100 1572 3856 2392 4238
1504213800 1760 3887 2392 4238
1504213500 1234 4850 1473 6435
1504213200 1290 5161 1473 6435
1504212900 999 4765 1080 6015
1504212600 1185 4997 1509 6015
1504212300 2045 10955 2667 19222
1504212000 2367 16034 2667 19222
1504211700 1923 8952 2025 12391
1504211400 1797 4231 1805 4969
1504211100 1343 2809 1789 3389
1504210800 840 4674 846 7563
1504210500 858 8175 872 8884
1504210200 1262 6672 1714 8884
1504209900 1058 3028 1714 4111
1504209600 335 1917 377 2083
1504209300 678 2433 1024 2833
1504209000 1462 3340 1964 3921
1504208700 1880 4276 1964 4682
1504208400 1658 7675 1785 11096
1504208100 1594 7981 1688 11096
1504207800 1699 3854 1712 4422
1504207500 2309 12037 3002 22278
1504207200 2610 17675 3002 22278
1504206900 1957 10488 2156 12344
1504206600 1718 8731 1728 9187
1504206300 2004 13102 2343 17578
1504206000 2237 16408 2343 17578
1504205700 1907 12168 2116 15053
1504205400 1777 13047 1907 17935
1504205100 1391 10890 1907 17935
1504204800 637 2386 794 2730
1504204500 482 2032 513 2083
1504204200 629 2387 763 2736
1504203900 952 3717 1172 4855
1504203600 1052 4842 1172 4855
1504203300 775 4237 915 4828
1504203000 667 3881 727 4251
1504202700 712 3961 727 4251
1504202400 823 3337 971 3627
1504202100 930 3143 971 3299
1504201800 1386 15071 1968 28707
1504201500 1856 18311 1968 28707
1504201200 1604 4948 1727 6271
1504200900 1419 5500 1462 7913
1504200600 1597 12565 1860 17955
1504200300 1848 12405 1860 17955
1504200000 2115 12099 2441 19192
1504199700 2282 14516 2441 19192
1504199400 1917 8364 2098 9101
1504199100 2409 21207 3219 37060
1504198800 2616 23130 3219 37060
1504198500 1129 4505 1919 6996
1504198200 394 3258 602 5156
1504197900 477 3882 602 5156
1504197600 2307 4186 4593 6224
1504197300 7943 16745 11825 28932
1504197000 6476 16558 11825 28932
1504196700 372 2134 477 2226
1504196400 378 1916 477 2029
1504196100 317 1794 380 1805
1504195800 386 1885 395 1978
1504195500 13627 2181 28955 2417
1504195200 15654 2146 28955 2417
1504194900 284 2009 326 2215
1504194600 367 2312 416 2426
1504194300 401 2372 416 2426
1504194000 683 4053 1026 6045
1504193700 69357 10600 148503 15878
1504193400 80813 17727 148503 19869
1504193100 2361 19154 2411 19869
1504192800 2248 15384 2305 18327
1504192500 3158 16063 4273 20683
1504192200 2994 14409 4273 20683
1504191900 1641 5691 1767 7239
1504191600 1712 6020 1767 8444
1504191300 1192 5461 1650 8444
1504191000 555 1862 662 2006
1504190700 480 2229 535 2845
1504190400 797 3552 1098 4361
1504190100 1636 4727 2261 5151
1504189800 2072 5337 2261 5553
1504189500 1308 4129 1855 5553
1504189200 518 2274 683 2502
1504188900 848 2539 1452 3152
1504188600 1040 2855 1452 3152
1504188300 621 2678 688 2873
1504188000 940 2950 1230 3039
1504187700 1292 4246 1363 5627
1504187400 1464 5535 1582 5627
1504187100 2276 6364 3070 7432
1504186800 2582 6037 3070 7432
1504186500 1927 4568 2025 4711
1504186200 1986 4708 2182 4711
1504185900 2245 5074 2320 5502
1504185600 1372 4209 2320 5502
1504185300 252 2209 276 2713
1504185000 705 4523 1261 7880
1504184700 2118 7019 3111 7880
1504184400 1817 3925 3111 6022
1504184100 435 4550 570 8087
1504183800 441 5104 570 8087
1504183500 274 1537 293 1649
1504183200 346 1603 453 1829
1504182900 343 1580 453 1829
1504182600 257 1514 304 1772
1504182300 358 1577 421 1772
1504182000 335 1618 421 1928
1504181700 236 1785 237 1928
1504181400 224 1420 235 1620
1504181100 208 1163 213 1189
1504180800 244 1138 291 1143
1504180500 283 1171 291 1203
1504180200 303 1294 336 1400
1504179900 262 1234 336 1400
1504179600 190 1053 204 1065
1504179300 260 1218 327 1396
1504179000 315 1300 327 1396
1504178700 300 1220 302 1256
1504178400 266 1257 298 1259
1504178100 250 1196 275 1259
1504177800 267 1152 275 1185
1504177500 275 1190 295 1197
1504177200 283 1233 295 1276
1504176900 278 1316 287 1362
1504176600 266 1295 287 1362
1504176300 215 1112 244 1219
1504176000 197 1051 215 1120
1504175700 540 1377 917 1676
1504175400 596 1443 917 1676
1504175100 261 1247 303 1332
1504174800 274 1267 303 1332
1504174500 250 1174 261 1193
1504174200 238 1123 261 1153
1504173900 235 1080 262 1089
1504173600 249 1133 262 1208
1504173300 247 1213 261 1220
1504173000 240 1182 261 1220
1504172700 211 1110 217 1139
1504172400 212 1109 219 1147
1504172100 255 1123 297 1147
1504171800 277 1203 297 1326
1504171500 273 1318 296 1326
1504171200 283 1627 296 1991
1504170900 260 1583 270 1991
1504170600 230 1101 249 1117
1504170300 230 1049 257 1084
1504170000 240 1091 257 1188
1504169700 216 1139 221 1188
1504169400 281 1274 363 1495
1504169100 588 1516 849 1542
1504168800 597 1391 849 1542
1504168500 257 1200 307 1218
1504168200 247 1160 301 1180
1504167900 301 1275 303 1435
1504167600 265 1279 303 1435
1504167300 265 1156 314 1221
1504167000 301 1218 314 1221
1504166700 245 1157 288 1215
1504166400 273 1141 363 1201
1504166100 301 1204 363 1209
1504165800 283 1251 346 1300
1504165500 284 1193 346 1300
1504165200 214 1088 215 1108
1504164900 372 1255 554 1427
1504164600 451 1420 554 1427
1504164300 265 1222 334 1412
1504164000 241 1155 306 1334
1504163700 282 1267 306 1334
1504163400 225 1118 256 1191
1504163100 203 1090 218 1155
1504162800 254 1173 296 1195
1504162500 245 1127 296 1195
1504162200 244 1188 309 1346
1504161900 267 1271 309 1346
1504161600 212 1089 220 1187
1504161300 236 1137 274 1323
1504161000 246 1233 274 1323
1504160700 299 1213 397 1307
1504160400 6925 5264 14387 9787
1504160100 7829 5784 14387 9787
1504159800 251 1129 270 1148
1504159500 252 1134 270 1165
1504159200 308 1211 395 1264
1504158900 306 1177 395 1264
1504158600 282 1272 372 1496
1504158300 290 1307 372 1496
1504158000 196 1085 198 1091
1504157700 462 1234 768 1412
1504157400 562 1365 768 1412
1504157100 253 1323 324 1338
1504156800 269 2026 382 2824
1504156500 333 1921 382 2824
1504156200 371 918 479 966
1504155900 346 906 479 966
1504155600 266 900 351 975
1504155300 275 916 351 975
1504155000 255 1645 331 2556
1504154700 280 1764 331 2556
1504154400 203 829 223 848
1504154100 199 897 223 1001
1504153800 259 982 302 1001
1504153500 281 1015 302 1077
1504153200 289 1090 326 1107
1504152900 275 982 326 1107
1504152600 212 861 218 889
1504152300 251 927 302 972
1504152000 255 908 302 972
1504151700 194 839 202 845
1504151400 213 904 246 973
1504151100 254 1011 265 1056
1504150800 269 1056 274 1058
1504150500 278 1017 284 1058
1504150200 298 1009 316 1054
1504149900 247 1004 316 1054
1504149600 236 1001 314 1065
1504149300 294 1033 314 1065
1504149000 232 923 272 996
1504148700 261 904 346 978
1504148400 286 979 346 981
1504148100 251 999 291 1021
1504147800 246 934 291 1021
1504147500 271 1000 360 1192
1504147200 312 1119 360 1192
1504146900 281 1010 310 1036
1504146600 300 1021 310 1069
1504146300 230 981 289 1069
1504146000 198 940 238 1009
1504145700 283 1083 335 1168
1504145400 260 1019 335 1168
1504145100 262 1006 364 1191
1504144800 349 1077 364 1191
1504144500 287 997 332 1056
1504144200 226 960 235 1056
1504143900 260 1035 311 1249
1504143600 253 1096 311 1249
1504143300 250 962 323 1012
1504143000 310 1024 323 1040
1504142700 249 973 295 1040
1504142400 218 1379 243 1938
1504142100 310 1677 389 1938
1504141800 314 1180 389 1375
1504141500 337 1132 463 1338
1504141200 344 1147 463 1338
1504140900 194 892 210 930
1504140600 200 894 228 946
1504140300 292 3371 366 6143
1504140000 323 3718 366 6143
1504139700 237 931 275 948
1504139400 212 1035 235 1179
1504139100 218 1028 235 1179
1504138800 250 1076 308 1332
1504138500 322 1259 340 1332
1504138200 264 1001 340 1177
1504137900 233 921 299 1063
1504137600 237 981 299 1063
1504137300 190 880 217 888
1504137000 243 1049 275 1256
1504136700 308 1259 347 1264
1504136400 277 1067 347 1264
1504136100 285 999 388 1181
1504135800 295 1042 388 1181
1504135500 1759 1643 3580 2524
1504135200 3368 2609 3580 2708
1504134900 1864 2001 3124 2708
1504134600 288 987 406 1183
1504134300 203 829 261 909
1504134000 1379 1984 2675 3230
1504133700 2829 3793 3008 4446
1504133400 1720 2839 3008 4446
1504133100 252 1009 280 1045
1504132800 248 934 280 1045
1504132500 1044 1928 2009 3227
1504132200 1286 2541 2009 3227
1504131900 320 1318 449 1748
1504131600 197 925 225 1039
1504131300 271 1075 326 1118
1504131000 1960 2081 3854 3198
1504130700 2149 2154 3854 3198
1504130400 223 961 279 981
1504130100 257 968 279 981
1504129800 213 973 232 997
1504129500 249 1084 317 1185
1504129200 326 1129 337 1185
1504128900 336 1372 337 1722
1504128600 446 1592 572 1722
1504128300 392 1955 572 2548
1504128000 231 2482 286 2548
1504127700 304 1947 326 2406
1504127400 412 1391 511 1416
1504127100 361 1251 511 1364
1504126800 261 1222 345 1337
1504126500 333 1596 345 1897
1504126200 287 1814 321 1897
1504125900 719 3461 1258 5454
1504125600 1506 4774 1795 5454
1504125300 1931 3899 2090 3988
1504125000 2189 4822 2304 6010
1504124700 2215 5045 2304 6010
1504124400 2057 4348 2112 4836
1504124100 2102 4433 2226 4836
1504123800 2169 3796 2226 3968
1504123500 2079 3809 2105 4056
1504123200 1970 3872 2049 4056
1504122900 1775 3871 1879 4117
1504122600 1829 3979 2031 4117
1504122300 1959 3532 2031 3820
1504122000 1765 3399 1877 3623
1504121700 1658 3487 1682 3623
1504121400 1789 3538 1914 3776
1504121100 1506 3555 1914 3776
1504120800 650 2548 1034 3301
1504120500 506 2306 855 3036
1504120200 1240 3522 1687 4086
1504119900 1619 4224 1687 4385
1504119600 1630 4493 1734 4620
1504119300 1956 4277 2211 4620
1504119000 2305 3687 2416 3887
1504118700 2114 3317 2416 3457
1504118400 1707 3381 1770 3637
1504118100 1639 3868 1643 4136
1504117800 1791 3811 1964 4136
1504117500 1800 3496 1964 3566
1504117200 1668 3884 1805 4566
1504116000 1492 3472 1805 4552
1504114200 645 3991 1429 10330
1504112400 1670 5778 1975 12369
1504110600 9076 14521 36776 31235
1504108800 14483 8661 146318 26941
1504107000 13640 2221 146318 5486
1504105200 1640 3846 3613 5070
1504103400 2613 4969 4734 6598
1504101600 880 2902 2804 4513
1504099800 356 2158 878 2498
1504098000 325 1843 489 2793
1504096200 249 1365 345 1663
1504094400 3376 150121 18912 890625
1504092600 253 988 379 1154
1504090800 277 1035 519 1326
1504089000 256 1054 519 1326
1504087200 248 947 378 1170
1504085400 251 1104 310 1920
1504083600 622 1473 2017 3344
1504081800 323 1277 679 2828
1504080000 260 947 440 1108
1504078200 252 939 299 1020
1504076400 366 1046 869 1322
1504074600 464 1068 3050 2544
1504072800 2381 2680 11273 10060
1504071000 325 1096 596 1349
1504069200 459 1170 2815 3020
1504067400 1905 2428 8694 8443
1504065600 325 1396 408 3060
1504063800 275 992 368 1191
1504062000 315 1082 387 1260
1504060200 283 1041 496 1625
1504058400 407 1964 694 5794
1504056600 347 1317 636 2087
1504054800 566 1393 3100 4642
1504053000 1471 2962 4573 5710
1504051200 1349 2053 2590 2953
1504049400 609 1412 1397 2288
1504047600 498 1119 899 1465
1504045800 696 3289 1716 13049
1504044000 333 1547 393 3039
1504042200 2994 3776 12504 11517
1504040400 2231 3515 5855 6226
1504038600 2963 5932 5858 11154
1504036800 1909 4160 4873 7361
1504035000 1325 4111 3534 6243
1504033200 1967 4274 4590 7671
1504031400 2316 4755 2858 6556
1504029600 5098 14426 10887 35579
1504027800 7479 12854 8406 20656
1504026000 410 1924 1613 3610
1504024200 2177 2067 23559 2686
1504022400 13779 2331 147295 5297
1504020600 13525 2697 147295 7155
1504018800 1718 4415 3239 7155
1504017000 1361 3030 2944 4726
1504015200 2352 6550 10794 21475
1504013400 1839 5558 10794 21475
1504011600 389 1837 451 2622
1504009800 340 1328 391 1628
1504008000 354 1225 396 1794
1504006200 329 981 390 1252
1504004400 372 979 429 1128
1504002600 404 975 821 1167
1504000800 474 1556 950 3856
1503999000 569 1350 3133 4542
1503997200 1196 2386 3258 4868
1503995400 336 921 455 1117
1503993600 389 1021 463 1322
1503991800 328 921 415 1003
1503990000 391 973 656 1157
1503988200 321 900 411 958
1503986400 572 1324 3072 4410
1503984600 677 1487 3072 4410
1503982800 395 934 816 1032
1503981000 369 920 816 1014
1503979200 391 1077 641 1558
1503977400 329 921 404 1214
1503975600 357 969 422 1066
1503973800 311 905 478 1244
1503972000 525 1277 2243 3649
1503970200 986 1996 2894 4502
1503968400 987 2286 4168 8730
1503966600 919 1287 3897 3063
1503964800 378 1097 548 1357
1503963000 341 991 386 1149
1503961200 651 1337 2075 3196
1503959400 383 1316 724 2355
1503957600 384 1344 521 1702
1503955800 1915 3150 8948 9825
1503954000 1031 4671 2522 13539
1503952200 1915 5078 3226 7113
1503950400 2841 5721 4326 17817
1503948600 1405 5222 2584 17817
1503946800 1100 5991 1614 13012
1503945000 1640 7326 2208 13269
1503943200 1411 6727 3579 37793
1503941400 2084 13788 3579 37793
1503939600 5648 21515 12275 49269
1503937800 1277 5968 5103 46621
1503936000 11750 2223 146948 6025
1503934200 14336 9319 146948 22886
1503932400 1392 4413 2303 8479
1503930600 1524 5292 2303 8479
1503928800 729 3265 1626 6612
1503927000 695 2457 1733 4473
1503925200 583 1702 1465 2548
1503923400 364 1214 690 1862
1503921600 356 950 418 1253
1503919800 600 1169 1980 2921
1503918000 365 866 576 1188
1503916200 831 1436 3191 4449
1503914400 826 1549 3291 4679
1503912600 370 1526 507 4203
1503910800 432 885 769 1188
1503909000 543 970 1467 1636
1503907200 394 860 837 978
1503905400 391 835 837 973
1503903600 403 847 834 1104
1503901800 398 942 834 1615
1503900000 346 829 462 1005
1503898200 499 1071 877 1997
1503896400 343 787 419 907
1503894600 341 819 423 984
1503892800 336 851 453 1086
1503891000 361 896 453 1086
1503889200 345 842 417 988
1503887400 366 885 492 1034
1503885600 383 921 525 1124
1503883800 387 1089 525 1942
1503882000 331 846 472 1267
1503880200 341 862 423 996
1503878400 337 850 498 1214
1503876600 352 889 498 1214
1503874800 327 810 421 1025
1503873000 347 896 422 1190
1503871200 323 827 409 1163
1503869400 2372 2580 11834 9375
1503867600 330 848 424 1034
1503865800 406 1301 563 3016
1503864000 318 823 438 963
1503862200 363 1184 434 2656
1503860400 299 789 353 848
1503858600 344 814 467 988
1503856800 329 787 410 896
1503855000 347 992 457 1940
1503853200 317 756 398 864
1503851400 547 832 2819 966
1503849600 11892 1068 147490 4542
1503847800 13424 1203 147490 4542
1503846000 337 814 443 909
1503844200 342 813 505 946
1503842400 325 825 379 1141
1503840600 524 1045 889 1308
1503838800 304 761 371 951
1503837000 352 834 579 1006
1503835200 316 763 421 858
1503833400 349 861 488 1024
1503831600 331 808 554 1049
1503829800 366 893 554 1332
1503828000 338 895 518 1332
1503826200 343 907 485 1369
1503824400 380 883 569 1146
1503822600 730 1362 1389 2828
1503820800 312 787 382 866
1503819000 974 1277 3495 2739
1503817200 309 764 388 867
1503815400 343 807 417 938
1503813600 351 798 645 1071
1503811800 452 1079 645 2072
1503810000 355 805 604 947
1503808200 376 852 516 1000
1503806400 317 742 390 805
1503804600 377 1385 530 4350
1503802800 336 786 385 864
1503801000 356 807 515 1042
1503799200 340 801 466 930
1503797400 369 1021 419 1713
1503795600 305 778 392 1090
1503793800 331 788 462 952
1503792000 310 741 398 910
1503790200 355 852 399 987
1503788400 301 738 363 889
1503786600 1022 3045 2546 11417
1503784800 296 726 374 804
1503783000 1391 2380 3299 5568
1503781200 2401 2639 11040 9708
1503779400 330 761 415 906
1503777600 2127 2204 11103 9279
1503775800 362 872 495 1230
1503774000 321 774 396 865
1503772200 388 1258 520 3358
1503770400 336 789 400 866
1503768600 351 901 500 1502
1503766800 297 730 356 800
1503765000 4790 988 26972 1923
1503763200 11735 1052 147298 4701
1503761400 13414 1170 147298 4701
1503759600 1333 1335 3958 2913
1503757800 350 812 445 978
1503756000 309 758 367 817
1503754200 1107 1627 4398 4449
1503752400 357 856 971 1597
1503750600 894 1975 1939 6149
1503748800 1022 1545 2798 3360
1503747000 689 1145 2292 2716
1503745200 870 1156 2102 2113
1503743400 338 830 425 1040
1503741600 304 767 375 1040
1503739800 372 911 713 1289
1503738000 415 891 713 1220
1503736200 340 825 445 1038
1503734400 334 807 435 928
1503732600 902 1503 2126 3209
1503730800 332 795 436 970
1503729000 343 828 394 960
1503727200 322 768 417 865
1503725400 486 994 898 1293
1503723600 349 798 594 946
1503721800 626 1214 2164 3317
1503720000 620 1266 1803 2730
1503718200 25890 2195 153570 8035
1503716400 835 1517 3205 4452
1503714600 366 895 529 1189
1503712800 366 902 529 1282
1503711000 656 1436 2032 3003
1503709200 966 1255 2861 2398
1503707400 529 2766 1352 11652
1503705600 508 1071 1578 2668
1503703800 1711 1684 16357 9671
1503702000 1782 2594 16357 9671
1503700200 332 826 379 987
1503698400 327 930 375 1330
1503696600 409 1239 704 2076
1503694800 408 1524 704 3634
1503693000 950 3228 1587 6335
1503691200 6529 3379 36618 11713
1503689400 529 1726 1072 2260
1503687600 1550 5616 2478 15227
1503685800 563 1904 928 2260
1503684000 2756 10918 3741 15319
1503682200 1140 2902 3208 4537
1503680400 596 2057 914 2602
1503678600 11073 2224 135100 4552
1503676800 12485 2342 135100 4552
1503675000 934 3134 2267 9716
1503673200 610 2143 2267 3665
1503671400 1871 4972 3319 9692
1503669600 2050 4681 2933 8647
1503667800 1080 2635 2802 3521
1503666000 545 1758 1090 2832
1503664200 378 2193 645 11595
1503662400 386 2027 645 11595
1503660600 335 932 375 1084
1503658800 445 997 954 1500
1503657000 348 962 458 1152
1503655200 339 936 390 1160
1503653400 464 1192 1053 1883
1503651600 343 896 402 1050
1503649800 459 1042 951 1450
1503648000 360 1001 401 1187
1503646200 335 958 400 1277
1503644400 334 925 377 1041
1503642600 313 924 356 1097
1503640800 344 930 446 1160
1503639000 478 1136 929 1831
1503637200 423 987 683 1201
1503635400 340 973 412 1349
1503633600 390 1218 474 1910
1503631800 358 919 544 1101
1503630000 375 939 544 1101
1503628200 356 956 553 1170
1503626400 409 1048 553 1170
1503624600 375 1134 645 1819
1503622800 370 957 645 1287
1503621000 336 922 401 1103
1503619200 370 1663 498 5480
1503617400 352 900 419 966
1503615600 1563 1596 15757 9373
1503613800 2326 4553 15757 9373
1503612000 712 3044 1100 10046
1503610200 2318 15340 6374 52907
1503608400 2321 11490 4119 35980
1503606600 1575 3189 2709 4436
1503604800 875 2584 1384 5952
1503603000 1393 4010 2169 5952
1503601200 1521 6140 2680 10441
1503599400 1376 5597 2073 14010
1503597600 1540 4719 1924 6063
1503595800 1724 9621 1927 13774
1503594000 1572 8296 1896 9212
1503592200 7992 2882 12855 3912
1503590400 10850 3116 34828 5749
1503588600 19828 6698 34828 7756
1503586800 1715 8301 3140 8446
1503585000 3099 20177 3282 21393
1503583200 1877 8328 3282 21393
1503581400 1908 6901 2186 7860
1503579600 429 1640 442 1672
1503577800 324 1364 324 1364
1503576000 290 1122 324 1364
1503574200 757 1245 876 1286
1503572400 1739 1896 2133 2174
1503570600 1458 1789 2133 2174
1503568800 635 1312 701 1359
1503567000 285 1064 285 1064
1503565200 575 1486 592 1510
1503563400 526 1402 592 1510
1503561600 320 1059 320 1059
1503559800 901 1513 1193 1740
1503558000 1193 1740 1193 1740
1503556200 635 1482 1193 1740
1503554400 435 1156 586 1460
1503552600 387 1132 393 1157
1503550800 315 1021 385 1157
1503549000 312 1068 316 1073
1503547200 326 1144 352 1243
1503545400 296 1055 464 1243
1503543600 400 1068 464 1075
1503541800 801 1364 1195 1580
1503540000 301 1120 341 1193
1503538200 341 1256 352 1312
1503536400 327 1102 352 1226
1503534600 508 2092 735 3861
1503532800 281 1257 398 3861
1503531000 292 1024 348 1152
1503529200 432 1225 1042 2067
1503527400 408 1280 1042 2067
1503525600 358 1222 507 1488
1503523800 528 6294 1064 23962
1503522000 543 4196 1144 16439
1503520200 2509 4984 6214 9343
1503518400 506 2759 646 5058
1503516600 7793 19813 16096 42423
1503514800 942 2903 1876 5025
1503513000 2089 9252 3135 20363
1503511200 1329 6545 2043 13899
1503509400 1293 3986 1961 5343
1503507600 471 1919 962 2599
1503505800 2409 2189 15503 4022
1503504000 18852 2048 147252 5340
1503502200 6911 2111 147252 5340
1503500400 730 3108 1800 5824
1503498600 12864 5108 73888 22658
1503496800 1344 6765 2060 22658
1503495000 3042 7178 11310 13516
1503493200 410 2630 801 7886
1503491400 279 1279 329 1553
1503489600 307 1231 411 1825
1503487800 276 996 355 1193
1503486000 359 1024 817 1644
1503484200 279 943 364 1197
1503482400 257 933 371 1080
1503480600 290 1058 463 1529
1503478800 928 1830 2236 3489
1503477000 440 1513 1386 4296
1503475200 274 970 334 1048
1503473400 363 1102 808 1350
1503471600 272 1010 326 1192
1503469800 281 993 353 1122
1503468000 364 1105 711 1673
1503466200 280 1131 352 1539
1503464400 327 1321 555 2918
1503462600 737 1632 3137 4823
1503460800 271 1041 384 1108
1503459000 281 1021 370 1186
1503457200 517 1321 1916 3184
1503455400 405 1218 1916 3184
1503453600 279 964 405 1122
1503451800 374 1232 700 1506
1503450000 278 926 700 1403
1503448200 629 2297 1343 5276
1503446400 325 1029 450 1351
1503444600 741 1305 3671 2802
1503442800 428 1855 3671 5744
1503441000 270 1144 403 1861
1503439200 278 1085 348 1217
1503437400 351 1707 733 2339
1503435600 925 5222 1994 16718
1503433800 1399 6098 1994 16718
1503432000 3729 5325 12352 9080
1503430200 2619 5249 4209 6503
1503428400 1597 5040 3385 10834
1503426600 1571 5049 2386 7397
1503424800 1914 10587 2526 17334
1503423000 965 3304 1977 5483
1503421200 906 3259 1570 4882
1503419400 1772 4620 6704 8046
1503417600 20385 5835 146837 12404
1503415800 5891 2583 146837 12404
1503414000 11039 2966 83360 9360
1503412200 15016 46719 83360 151661
1503410400 1062 4781 1900 11928
1503408600 3312 6271 9115 11338
1503406800 1144 3105 9115 10112
1503405000 49 1139 66 1741
1503403200 65 736 112 1276
1503401400 58 701 85 866
1503399600 62 666 138 817
1503397800 58 702 76 875
1503396000 308 1178 779 2576
1503394200 6425 104587 33676 620435
1503392400 217 965 481 1527
1503390600 395 1389 878 3606
1503388800 258 879 638 1103
1503387000 180 837 638 1103
1503385200 204 956 369 1434
1503383400 241 907 491 1093
1503381600 273 931 672 1537
1503379800 158 809 225 842
1503378000 171 849 221 964
1503376200 157 794 221 854
1503374400 222 909 513 1326
1503372600 178 826 513 1326
1503370800 182 1074 270 2428
1503369000 172 819 275 1089
1503367200 210 967 321 1359
1503365400 203 917 375 1226
1503363600 206 881 375 1226
1503361800 166 805 283 933
1503360000 185 870 249 1141
1503358200 162 859 249 1104
1503356400 196 1818 389 6820
1503354600 477 2865 1130 10791
1503352800 228 1434 640 3489
1503351000 237 1228 546 2088
1503349200 1808 3400 5901 8424
1503347400 1559 3871 2592 7426
1503345600 1547 3149 2592 5378
1503343800 1862 5563 2665 7177
1503342000 2025 5561 3146 8047
1503340200 996 4436 2197 9036
1503338400 1286 3575 2439 7171
1503336600 528 2075 889 2864
1503334800 1292 4007 2948 8846
1503333000 3583 2522 28297 3896
1503331200 17119 2163 146449 5089
1503329400 10925 3251 146449 5694
1503327600 1500 3743 1741 4747
1503325800 4743 14218 10363 23827
1503324000 744 2018 8383 16854
1503322200 344 816 344 816
1503320400 344 816 344 816
1503318600 344 816 344 816
1503316800 344 816 344 816
1503315000 344 816 344 816
1503313200 344 816 344 816
1503311400 344 816 344 816
1503309600 344 816 344 816
1503307800 344 816 344 816
1503306000 344 816 344 816
1503304200 344 816 344 816
1503302400 344 816 344 816
1503300600 344 816 344 816
1503298800 344 816 344 816
1503297000 344 816 344 816
1503295200 344 816 344 816
1503293400 344 816 344 816
1503291600 344 816 344 816
1503289800 344 816 344 816
1503288000 344 816 344 816
1503286200 344 816 344 816
1503284400 344 816 344 816
1503282600 344 816 344 816
1503280800 344 816 344 816
1503279000 344 816 344 816
1503277200 344 816 344 816
1503275400 344 816 344 816
1503273600 344 816 344 816
1503271800 344 816 344 816
1503270000 344 816 344 816
1503268200 344 816 344 816
1503266400 344 816 344 816
1503264600 344 816 344 816
1503262800 344 816 344 816
1503261000 344 816 344 816
1503259200 344 816 344 816
1503257400 344 816 344 816
1503255600 344 816 344 816
1503253800 344 816 344 816
1503252000 344 816 344 816
1503250200 344 816 344 816
1503248400 344 816 344 816
1503246600 344 816 344 816
1503244800 344 816 344 816
1503243000 344 816 344 816
1503241200 344 816 344 816
1503239400 344 816 344 816
1503237600 344 816 344 816
1503235800 344 816 344 816
1503234000 344 816 344 816
1503232200 344 816 344 816
1503230400 344 816 344 816
1503228600 344 816 344 816
1503226800 344 816 344 816
1503225000 344 816 344 816
1503223200 344 816 344 816
1503221400 344 816 344 816
1503219600 344 816 344 816
1503217800 344 816 344 816
1503216000 344 816 344 816
1503214200 344 816 344 816
1503212400 344 816 344 816
1503210600 344 816 344 816
1503208800 344 816 344 816
1503207000 344 816 344 816
1503205200 344 816 344 816
1503203400 344 816 344 816
1503201600 344 816 344 816
1503199800 344 816 344 816
1503198000 344 816 344 816
1503196200 344 816 344 816
1503194400 344 816 344 816
1503192600 344 816 344 816
1503190800 344 816 344 816
1503189000 344 816 344 816
1503187200 344 816 344 816
1503185400 344 816 344 816
1503183600 344 816 344 816
1503181800 344 816 344 816
1503180000 344 816 344 816
1503178200 344 816 344 816
1503176400 344 816 344 816
1503174600 344 816 344 816
1503172800 344 816 344 816
1503171000 344 816 344 816
1503169200 344 816 344 816
1503167400 344 816 344 816
1503165600 344 816 344 816
1503163800 344 816 344 816
1503162000 344 816 344 816
1503160200 344 816 344 816
1503158400 344 816 344 816
1503156600 344 816 344 816
1503154800 344 816 344 816
1503153000 344 816 344 816
1503151200 344 816 344 816
1503149400 344 816 344 816
1503147600 344 816 344 816
1503145800 344 816 344 816
1503144000 344 816 344 816
1503142200 344 816 344 816
1503140400 344 816 344 816
1503138600 344 816 344 816
1503136800 344 816 344 816
1503135000 344 816 344 816
1503133200 344 816 344 816
1503131400 344 816 344 816
1503129600 344 816 344 816
1503127800 344 816 344 816
1503126000 344 816 344 816
1503124200 344 816 344 816
1503122400 344 816 344 816
1503120600 344 816 344 816
1503118800 344 816 344 816
1503117000 344 816 344 816
1503115200 344 816 344 816
1503113400 344 816 344 816
1503111600 344 816 344 816
1503109800 344 816 344 816
1503108000 344 816 344 816
1503106200 344 816 344 816
1503104400 344 816 344 816
1503102600 344 816 344 816
1503100800 344 816 344 816
1503099000 344 816 344 816
1503097200 344 816 344 816
1503095400 344 816 344 816
1503093600 344 816 344 816
1503091800 344 816 344 816
1503090000 344 816 344 816
1503088200 344 816 344 816
1503086400 344 816 344 816
1503084600 344 816 344 816
1503082800 344 816 344 816
1503081000 344 816 344 816
1503079200 344 816 344 816
1503077400 344 816 344 816
1503075600 344 816 344 816
1503073800 344 816 344 816
1503072000 344 816 344 816
1503070200 344 816 344 816
1503068400 344 816 344 816
1503066600 344 816 344 816
1503064800 344 816 344 816
1503063000 344 816 344 816
1503061200 344 816 344 816
1503059400 344 816 344 816
1503057600 344 816 344 816
1503055800 344 816 344 816
1503054000 344 816 344 816
1503052200 344 816 344 816
1503050400 344 816 344 816
1503048600 344 816 344 816
1503046800 344 816 344 816
1503045000 344 816 344 816
1503043200 344 816 344 816
1503041400 344 816 344 816
1503039600 344 816 344 816
1503037800 344 816 344 816
1503036000 344 816 344 816
1503028800 344 816 344 816
1503021600 344 816 344 816
1503014400 344 816 344 816
1503007200 344 816 344 816
1503000000 344 816 344 816
1502992800 344 816 344 816
1502985600 344 816 344 816
1502978400 344 816 344 816
1502971200 344 816 344 816
1502964000 344 816 344 816
1502956800 344 816 344 816
1502949600 344 816 344 816
1502942400 344 816 344 816
1502935200 344 816 344 816
1502928000 344 816 344 816
1502920800 344 816 344 816
1502913600 344 816 344 816
1502906400 344 816 344 816
1502899200 344 816 344 816
1502892000 344 816 344 816
1502884800 344 816 344 816
1502877600 344 816 344 816
1502870400 344 816 344 816
1502863200 344 816 344 816
1502856000 344 816 344 816
1502848800 344 816 344 816
1502841600 344 816 344 816
1502834400 344 816 344 816
1502827200 344 816 344 816
1502820000 344 816 344 816
1502812800 344 816 344 816
1502805600 344 816 344 816
1502798400 344 816 344 816
1502791200 344 816 344 816
1502784000 344 816 344 816
1502776800 344 816 344 816
1502769600 344 816 344 816
1502762400 344 816 344 816
1502755200 344 816 344 816
1502748000 344 816 344 816
1502740800 344 816 344 816
1502733600 344 816 344 816
1502726400 344 816 344 816
1502719200 344 816 344 816
1502712000 344 816 344 816
1502704800 344 816 344 816
1502697600 344 816 344 816
1502690400 344 816 344 816
1502683200 344 816 344 816
1502676000 344 816 344 816
1502668800 344 816 344 816
1502661600 344 816 344 816
1502654400 344 816 344 816
1502647200 344 816 344 816
1502640000 344 816 344 816
1502632800 344 816 344 816
1502625600 344 816 344 816
1502618400 344 816 344 816
1502611200 344 816 344 816
1502604000 344 816 344 816
1502596800 344 816 344 816
1502589600 344 816 344 816
1502582400 344 816 344 816
1502575200 344 816 344 816
1502568000 344 816 344 816
1502560800 344 816 344 816
1502553600 344 816 344 816
1502546400 344 816 344 816
1502539200 344 816 344 816
1502532000 344 816 344 816
1502524800 344 816 344 816
1502517600 344 816 344 816
1502510400 344 816 344 816
1502503200 344 816 344 816
1502496000 344 816 344 816
1502488800 344 816 344 816
1502481600 344 816 344 816
1502474400 344 816 344 816
1502467200 344 816 344 816
1502460000 344 816 344 816
1502452800 344 816 344 816
1502445600 344 816 344 816
1502438400 344 816 344 816
1502431200 344 816 344 816
1502424000 344 816 344 816
1502416800 344 816 344 816
1502409600 344 816 344 816
1502402400 344 816 344 816
1502395200 344 816 344 816
1502388000 344 816 344 816
1502380800 344 816 344 816
1502373600 344 816 344 816
1502366400 344 816 344 816
1502359200 344 816 344 816
1502352000 344 816 344 816
1502344800 344 816 344 816
1502337600 344 816 344 816
1502330400 344 816 344 816
1502323200 344 816 344 816
1502316000 344 816 344 816
1502308800 344 816 344 816
1502301600 344 816 344 816
1502294400 344 816 344 816
1502287200 344 816 344 816
1502280000 344 816 344 816
1502272800 344 816 344 816
1502265600 344 816 344 816
1502258400 344 816 344 816
1502251200 344 816 344 816
1502244000 344 816 344 816
1502236800 344 816 344 816
1502229600 344 816 344 816
1502222400 344 816 344 816
1502215200 344 816 344 816
1502208000 344 816 344 816
1502200800 344 816 344 816
1502193600 344 816 344 816
1502186400 344 816 344 816
1502179200 344 816 344 816
1502172000 344 816 344 816
1502164800 344 816 344 816
1502157600 344 816 344 816
1502150400 344 816 344 816
1502143200 344 816 344 816
1502136000 344 816 344 816
1502128800 344 816 344 816
1502121600 344 816 344 816
1502114400 344 816 344 816
1502107200 344 816 344 816
1502100000 344 816 344 816
1502092800 344 816 344 816
1502085600 344 816 344 816
1502078400 344 816 344 816
1502071200 344 816 344 816
1502064000 344 816 344 816
1502056800 344 816 344 816
1502049600 344 816 344 816
1502042400 344 816 344 816
1502035200 344 816 344 816
1502028000 344 816 344 816
1502020800 344 816 344 816
1502013600 344 816 344 816
1502006400 344 816 344 816
1501999200 344 816 344 816
1501992000 344 816 344 816
1501984800 344 816 344 816
1501977600 344 816 344 816
1501970400 344 816 344 816
1501963200 344 816 344 816
1501956000 344 816 344 816
1501948800 344 816 344 816
1501941600 344 816 344 816
1501934400 344 816 344 816
1501927200 344 816 344 816
1501920000 344 816 344 816
1501912800 344 816 344 816
1501905600 344 816 344 816
1501898400 344 816 344 816
1501891200 344 816 344 816
1501884000 344 816 344 816
1501876800 344 816 344 816
1501869600 344 816 344 816
1501862400 344 816 344 816
1501855200 344 816 344 816
1501848000 344 816 344 816
1501840800 344 816 344 816
1501833600 344 816 344 816
1501826400 344 816 344 816
1501819200 344 816 344 816
1501812000 344 816 344 816
1501804800 344 816 344 816
1501797600 344 816 344 816
1501790400 344 816 344 816
1501783200 344 816 344 816
1501776000 344 816 344 816
1501768800 344 816 344 816
1501761600 344 816 344 816
1501754400 344 816 344 816
1501747200 344 816 344 816
1501740000 344 816 344 816
1501732800 344 816 344 816
1501725600 344 816 344 816
1501718400 344 816 344 816
1501711200 344 816 344 816
1501704000 344 816 344 816
1501696800 344 816 344 816
1501689600 344 816 344 816
1501682400 344 816 344 816
1501675200 344 816 344 816
1501668000 344 816 344 816
1501660800 344 816 344 816
1501653600 344 816 344 816
1501646400 344 816 344 816
1501639200 344 816 344 816
1501632000 344 816 344 816
1501624800 344 816 344 816
1501617600 344 816 344 816
1501610400 344 816 344 816
1501603200 344 816 344 816
1501596000 344 816 344 816
1501588800 344 816 344 816
1501581600 344 816 344 816
1501574400 344 816 344 816
1501567200 344 816 344 816
1501560000 344 816 344 816
1501552800 344 816 344 816
1501545600 344 816 344 816
1501538400 344 816 344 816
1501531200 344 816 344 816
1501524000 344 816 344 816
1501516800 344 816 344 816
1501509600 344 816 344 816
1501502400 344 816 344 816
1501495200 344 816 344 816
1501488000 344 816 344 816
1501480800 344 816 344 816
1501473600 344 816 344 816
1501466400 344 816 344 816
1501459200 344 816 344 816
1501452000 344 816 344 816
1501444800 344 816 344 816
1501437600 344 816 344 816
1501430400 344 816 344 816
1501423200 344 816 344 816
1501416000 344 816 344 816
1501408800 344 816 344 816
1501401600 344 816 344 816
1501394400 344 816 344 816
1501387200 344 816 344 816
1501380000 344 816 344 816
1501372800 344 816 344 816
1501365600 344 816 344 816
1501358400 344 816 344 816
1501351200 344 816 344 816
1501344000 344 816 344 816
1501336800 344 816 344 816
1501329600 344 816 344 816
1501322400 344 816 344 816
1501315200 344 816 344 816
1501308000 344 816 344 816
1501300800 344 816 344 816
1501293600 344 816 344 816
1501286400 344 816 344 816
1501279200 344 816 344 816
1501272000 344 816 344 816
1501264800 344 816 344 816
1501257600 344 816 344 816
1501250400 344 816 344 816
1501243200 344 816 344 816
1501236000 344 816 344 816
1501228800 344 816 344 816
1501221600 344 816 344 816
1501214400 344 816 344 816
1501207200 344 816 344 816
1501200000 344 816 344 816
1501192800 344 816 344 816
1501185600 344 816 344 816
1501178400 344 816 344 816
1501171200 344 816 344 816
1501164000 344 816 344 816
1501156800 344 816 344 816
1501149600 344 816 344 816
1501142400 344 816 344 816
1501135200 344 816 344 816
1501128000 344 816 344 816
1501120800 344 816 344 816
1501113600 344 816 344 816
1501106400 344 816 344 816
1501099200 344 816 344 816
1501092000 344 816 344 816
1501084800 344 816 344 816
1501077600 344 816 344 816
1501070400 344 816 344 816
1501063200 344 816 344 816
1501056000 344 816 344 816
1501048800 344 816 344 816
1501041600 344 816 344 816
1501034400 344 816 344 816
1501027200 344 816 344 816
1501020000 344 816 344 816
1501012800 344 816 344 816
1501005600 344 816 344 816
1500998400 344 816 344 816
1500991200 344 816 344 816
1500984000 344 816 344 816
1500976800 344 816 344 816
1500969600 344 816 344 816
1500962400 344 816 344 816
1500955200 344 816 344 816
1500948000 344 816 344 816
1500940800 344 816 344 816
1500933600 344 816 344 816
1500926400 344 816 344 816
1500919200 344 816 344 816
1500912000 344 816 344 816
1500904800 344 816 344 816
1500897600 344 816 344 816
1500890400 344 816 344 816
1500883200 344 816 344 816
1500876000 344 816 344 816
1500868800 344 816 344 816
1500861600 344 816 344 816
1500854400 344 816 344 816
1500847200 344 816 344 816
1500840000 344 816 344 816
1500832800 344 816 344 816
1500825600 344 816 344 816
1500818400 344 816 344 816
1500811200 344 816 344 816
1500804000 344 816 344 816
1500796800 344 816 344 816
1500789600 344 816 344 816
1500782400 344 816 344 816
1500775200 344 816 344 816
1500768000 344 816 344 816
1500760800 344 816 344 816
1500753600 344 816 344 816
1500746400 344 816 344 816
1500739200 344 816 344 816
1500732000 344 816 344 816
1500724800 377 841 608 1016
1500717600 444 1262 608 1826
1500710400 463 1121 640 1826
1500703200 694 1263 1110 1448
1500696000 6697 1415 25514 2430
1500688800 493 1100 924 2430
1500681600 1161 1898 2843 3234
1500674400 1654 3521 2782 5819
1500667200 2303 6199 9345 17056
1500660000 4415 9953 57849 56961
1500652800 4858 10306 57849 122330
1500645600 1369 2733 10558 15674
1500638400 861 1467 5720 7692
1500631200 730 1226 4017 5508
1500624000 465 1012 3978 5592
1500616800 489 1101 6957 7077
1500609600 780 1431 8890 8714
1500602400 103 732 162 826
1500595200 547 1641 5360 8391
1500588000 788 2183 10911 13260
1500580800 4485 14745 16032 48070
1500573600 3292 5759 22594 26672
1500566400 10270 60210 150073 1221600
1500559200 627 2522 13454 22813
1500552000 22 773 22 1438
1500544800 21 747 23 834
1500537600 21 780 23 990
1500530400 21 774 23 875
1500523200 167 959 444 1388
1500516000 367 1390 622 4324
1500508800 563 2083 2922 10361
1500501600 875 2423 2153 4397
1500494400 1699 4969 4509 27980
1500487200 1731 3074 49523 9360
1500480000 10233 5096 148628 13121
1500472800 540 1873 3365 7634
1500465600 22 618 22 618
1500458400 22 618 22 618
1500451200 22 618 22 618
1500444000 22 618 22 618
1500436800 22 618 22 618
1500429600 22 618 22 618
1500422400 22 618 22 618
1500415200 22 618 22 618
1500408000 22 618 22 618
1500400800 22 618 22 618
1500393600 22 618 22 618
1500386400 22 618 22 618
1500379200 22 618 22 618
1500372000 22 618 22 618
1500364800 22 618 22 618
1500357600 22 618 22 618
1500350400 22 618 22 618
1500343200 22 618 22 618
1500336000 22 618 22 618
1500328800 22 618 22 618
1500321600 22 618 22 618
1500314400 22 618 22 618
1500307200 22 618 22 618
1500300000 22 618 22 618
1500292800 22 618 22 618
1500285600 22 618 22 618
1500278400 22 618 22 618
1500271200 22 618 22 618
1500264000 22 618 22 618
1500256800 22 618 22 618
1500249600 22 618 22 618
1500242400 22 618 22 618
1500235200 22 618 22 618
1500228000 22 618 22 618
1500220800 22 618 22 618
1500213600 22 618 22 618
1500206400 22 618 22 618
1500199200 22 618 22 618
1500192000 22 618 22 618
1500184800 22 618 22 618
1500177600 22 618 22 618
1500170400 22 618 22 618
1500163200 22 618 22 618
1500156000 22 618 22 618
1500148800 22 618 22 618
1500141600 22 618 22 618
1500134400 22 618 22 618
1500127200 22 618 22 618
1500120000 22 618 22 618
1500112800 22 618 22 618
1500105600 22 618 22 618
1500098400 22 618 22 618
1500091200 22 618 22 618
1500084000 22 618 22 618
1500076800 22 618 22 618
1500069600 22 618 22 618
1500062400 22 618 22 618
1500055200 22 618 22 618
1500048000 22 618 22 618
1500040800 22 618 22 618
1500033600 22 618 22 618
1500026400 22 618 22 618
1500019200 22 618 22 618
1500012000 22 618 22 618
1500004800 22 618 22 618
1499997600 22 618 22 618
1499990400 22 618 22 618
1499983200 22 618 22 618
1499976000 22 618 22 618
1499968800 22 618 22 618
1499961600 22 618 22 618
1499954400 22 618 22 618
1499947200 22 618 22 618
1499940000 22 618 22 618
1499932800 22 618 22 618
1499925600 22 618 22 618
1499918400 22 618 22 618
1499911200 22 618 22 618
1499904000 22 618 22 618
1499896800 22 618 22 618
1499889600 22 618 22 618
1499882400 22 618 22 618
1499875200 22 618 22 618
1499868000 22 618 22 618
1499860800 22 618 22 618
1499853600 22 618 22 618
1499846400 22 618 22 618
1499839200 22 618 22 618
1499832000 22 618 22 618
1499824800 22 618 22 618
1499817600 22 618 22 618
1499810400 22 618 22 618
1499803200 22 618 22 618
1499796000 22 618 22 618
1499788800 22 618 22 618
1499781600 22 618 22 618
1499774400 22 618 22 618
1499767200 22 618 22 618
1499760000 22 618 22 618
1499752800 22 618 22 618
1499745600 22 618 22 618
1499738400 22 618 22 618
1499731200 22 618 22 618
1499724000 22 618 22 618
1499716800 22 618 22 618
1499709600 22 618 22 618
1499702400 22 618 22 618
1499695200 22 618 22 618
1499688000 22 618 22 618
1499680800 22 618 22 618
1499673600 22 618 22 618
1499666400 22 618 22 618
1499659200 22 618 22 618
1499652000 22 618 22 618
1499644800 22 618 22 618
1499637600 22 618 22 618
1499630400 22 618 22 618
1499623200 22 618 22 618
1499616000 22 618 22 618
1499608800 22 618 22 618
1499601600 22 618 22 618
1499594400 22 618 22 618
1499587200 22 618 22 618
1499580000 22 618 22 618
1499572800 22 618 22 618
1499565600 22 618 22 618
1499558400 22 618 22 618
1499551200 22 618 22 618
1499544000 22 618 22 618
1499536800 22 618 22 618
1499529600 22 618 22 618
1499522400 22 618 22 618
1499515200 22 618 22 618
1499508000 22 618 22 618
1499500800 22 618 22 618
1499493600 22 618 22 618
1499486400 22 618 22 618
1499479200 22 618 22 618
1499472000 22 618 22 618
1499464800 22 618 22 618
1499457600 22 618 22 618
1499450400 22 618 22 618
1499443200 22 618 22 618
1499436000 22 618 22 618
1499428800 22 618 22 618
1499421600 22 618 22 618
1499414400 22 618 22 618
1499407200 22 618 22 618
1499400000 22 618 22 618
1499392800 22 618 22 618
1499385600 22 618 22 618
1499378400 22 618 22 618
1499371200 22 618 22 618
1499364000 22 618 22 618
1499356800 22 618 22 618
1499349600 22 618 22 618
1499342400 22 618 22 618
1499335200 22 618 22 618
1499328000 22 618 22 618
1499320800 22 618 22 618
1499313600 22 618 22 618
1499306400 22 618 22 618
1499299200 22 618 22 618
1499292000 22 618 22 618
1499284800 22 618 22 618
1499277600 22 618 22 618
1499270400 22 618 22 618
1499263200 22 618 22 618
1499256000 22 618 22 618
1499248800 22 618 22 618
1499241600 22 618 22 618
1499234400 22 618 22 618
1499227200 22 618 22 618
1499220000 22 618 22 618
1499212800 22 618 22 618
1499205600 22 618 22 618
1499198400 22 618 22 618
1499191200 22 618 22 618
1499184000 22 618 22 618
1499176800 22 618 22 618
1499169600 22 618 22 618
1499162400 22 618 22 618
1499155200 22 618 22 618
1499148000 22 618 22 618
1499140800 22 618 22 618
1499133600 22 618 22 618
1499126400 22 618 22 618
1499119200 22 618 22 618
1499112000 22 618 22 618
1499104800 22 618 22 618
1499097600 22 618 22 618
1499090400 22 618 22 618
1499083200 22 618 22 618
1499076000 22 618 22 618
1499068800 22 618 22 618
1499061600 22 618 22 618
1499054400 22 618 22 618
1499047200 22 618 22 618
1499040000 22 618 22 618
1499032800 22 618 22 618
1499025600 22 618 22 618
1499018400 22 618 22 618
1499011200 22 618 22 618
1499004000 22 618 22 618
1498996800 22 618 22 618
1498989600 22 618 22 618
1498982400 22 618 22 618
1498975200 22 618 22 618
1498968000 22 618 22 618
1498960800 22 618 22 618
1498953600 22 618 22 618
1498946400 22 618 22 618
1498939200 22 618 22 618
1498932000 22 618 22 618
1498924800 22 618 22 618
1498917600 22 618 22 618
1498910400 22 618 22 618
1498903200 22 618 22 618
1498896000 22 618 22 618
1498888800 22 618 22 618
1498881600 22 618 22 618
1498874400 22 618 22 618
1498867200 22 618 22 618
1498860000 22 618 22 618
1498852800 22 618 22 618
1498845600 22 618 22 618
1498838400 22 618 22 618
1498831200 22 618 22 618
1498824000 22 618 22 618
1498816800 22 618 22 618
1498809600 22 618 22 618
1498802400 22 618 22 618
1498795200 22 618 22 618
1498788000 22 618 22 618
1498780800 22 618 22 618
1498773600 22 618 22 618
1498766400 22 618 22 618
1498759200 22 618 22 618
1498752000 22 618 22 618
1498744800 22 618 22 618
1498737600 22 618 22 618
1498730400 22 618 22 618
1498723200 22 618 22 618
1498716000 22 618 22 618
1498694400 22 618 22 618
1498608000 22 618 22 618
1498521600 22 618 22 618
1498435200 22 618 22 618
1498348800 22 618 22 618
1498262400 22 618 22 618
1498176000 22 618 22 618
1498089600 22 618 22 618
1498003200 22 618 22 618
1497916800 22 618 22 618
1497830400 22 618 22 618
1497744000 21 615 23 818
1497657600 21 939 23 2080
1497571200 21 946 23 1916
1497484800 22 717 22 717
1497398400 22 717 22 717
1497312000 22 717 22 717
1497225600 21 704 24 783
1497139200 21 713 24 826
1497052800 21 1046 24 4409
1496966400 21 1004 24 2336
1496880000 21 1005 24 2250
1496793600 22 1091 24 2132
1496707200 1258 2154 148657 61109
1496620800 955 1243 148264 17117
1496534400 1528 1289 148154 8531
1496448000 1080 2934 32567 26346
1496361600 1467 3063 150036 31894
1496275200 1863 3062 150050 68022
1496188800 1631 2465 148189 16576
1496102400 977 1942 148823 18275
1496016000 1029 2295 148384 205894
1495929600 463 3719 463 3719
1495843200 949 5729 13296 566665
1495756800 1335 2550 148535 56177
1495670400 971 1965 148990 14867
1495584000 400 1948 400 1948
1495497600 400 1948 400 1948
1495411200 400 1948 400 1948
1495324800 400 1948 400 1948
1495238400 400 1948 400 1948
1495152000 1463 2985 148748 52813
1495065600 495 2060 13448 13694
1494979200 22 924 23 2070
1494892800 22 880 22 880
1494806400 22 880 22 880
1494720000 21 817 23 1077
1494633600 1374 2530 189417 169741
1494547200 1116 3853 96209 85893
1494460800 271 946 271 946
1494374400 271 946 271 946
1494288000 271 946 271 946
1494201600 271 946 271 946
1494115200 271 946 271 946
1494028800 271 946 271 946
1493942400 271 946 271 946
1493856000 271 946 271 946
1493769600 271 946 271 946
1493683200 271 946 271 946
1493596800 271 946 271 946
1493510400 271 946 271 946
1493424000 271 946 271 946
1493337600 271 946 271 946
1493251200 271 946 271 946
1493164800 271 946 271 946
1493078400 271 946 271 946
1492992000 271 946 271 946
1492905600 271 946 271 946
1492819200 271 946 271 946
1492732800 271 946 271 946
1492646400 271 946 271 946
1492560000 271 946 271 946
1492473600 271 946 271 946
1492387200 271 946 271 946
1492300800 271 946 271 946
1492214400 271 946 271 946
1492128000 271 946 271 946
1492041600 271 946 271 946
1491955200 271 946 271 946
1491868800 271 946 271 946
1491782400 271 946 271 946
1491696000 271 946 271 946
1491609600 271 946 271 946
1491523200 271 946 271 946
1491436800 271 946 271 946
1491350400 271 946 271 946
1491264000 271 946 271 946
1491177600 420 1010 8974 6049
1491091200 1473 1152 147705 21496
1491004800 1173 2767 111035 119299
1490918400 1256 2683 148337 48561
1490832000 1203 2047 148253 21680
1490745600 1633 3158 147769 49801
1490659200 0 0 0 0
1490572800 0 0 0 0
1490486400 0 0 0 0
1490400000 0 0 0 0
1490313600 0 0 0 0
1490227200 0 0 0 0
1490140800 0 0 0 0
1490054400 0 0 0 0
1489968000 0 0 0 0
1489881600 0 0 0 0
1489795200 0 0 0 0
1489708800 0 0 0 0
1489622400 0 0 0 0
1489536000 0 0 0 0
1489449600 0 0 0 0
1489363200 0 0 0 0
1489276800 0 0 0 0
1489190400 0 0 0 0
1489104000 0 0 0 0
1489017600 1137 1714 172485 63914
1488931200 2119 14027 172383 230808
1488844800 2031 5053 172660 160411
1488758400 1155 1291 172018 10150
1488672000 1188 1363 176532 9377
1488585600 6039 9411 569095 857235
1488499200 2234 5413 170774 191206
1488412800 2622 5033 171489 195775
1488326400 1858 3479 171174 58306
1488240000 2097 5297 171057 244186
1488153600 992 1248 171250 9178
1488067200 1349 1500 171591 11022
1487980800 38752 6182 9343678 196180
1487894400 1787 8567 135670 325161
1487808000 1921 7414 135382 195956
1487721600 1623 5244 138396 154495
1487635200 21 582 24 692
1487548800 21 583 24 689
1487462400 22 583 23 691
1487376000 2137 14401 135579 310740
1487289600 2142 6369 136138 196556
1487203200 1058 3366 17748 141049
1487116800 311 996 311 996
1487030400 311 996 311 996
1486944000 311 996 311 996
1486857600 311 996 311 996
1486771200 311 996 311 996
1486684800 311 996 311 996
1486598400 311 996 311 996
1486512000 311 996 311 996
1486425600 311 996 311 996
1486339200 311 996 311 996
1486252800 311 996 311 996
1486166400 311 996 311 996
1486080000 311 996 311 996
1485993600 311 996 311 996
1485907200 311 996 311 996
1485820800 1671 3666 132393 88664
1485734400 943 1233 132352 16020
1485648000 952 1484 132872 77548
1485561600 2059 5013 132168 161043
1485475200 2399 6790 131991 219369
1485388800 2373 5353 131773 256907
1485302400 1955 5599 131691 174704
1485216000 1433 3746 134229 94526
1485129600 21 358 25 470
1485043200 21 375 24 574
1484956800 1952 7553 144048 719182
1484870400 1628 6813 135044 485851
1484784000 1360 3758 142269 310758
1484697600 1790 6079 155403 289206
1484611200 1578 3457 132107 69125
1484524800 22 369 23 507
1484438400 515 506 132942 3893
1484352000 2278 2553 152057 43193
1484265600 1533 5329 133891 275726
1484179200 1633 5618 136997 301597
1484092800 1749 3839 135437 159738
1484006400 2019 7366 142899 332620
1483920000 21 268 24 348
1483833600 76 418 810 2833
1483747200 4123 6619 246540 243485
1483660800 1063 2954 19465 33005
1483574400 2580 4141 321798 79532
1483488000 2004 3957 142112 163793
1483401600 27 295 29 376
1483315200 27 294 29 383
1483228800 40 318 4692 7356
1483142400 2098 2924 136092 73018
1483056000 1798 3579 137703 82486
1482969600 1783 3242 30014 57538
1482883200 22 272 22 272
1482796800 22 272 22 272
1482710400 21 263 24 319
1482624000 21 262 24 322
1482537600 22 431 34 1427
1482451200 1597 2930 139395 79743
1482364800 1713 4139 50852 89980
1482278400 1794 4234 136572 132592
1482192000 2390 4540 135656 193695
1482105600 5 88 34 786
1482019200 0 0 0 0
1481932800 0 0 0 0
1481846400 0 0 0 0
1481760000 0 0 0 0
1481673600 0 0 0 0
1481587200 0 0 0 0
1481500800 0 0 0 0
1481414400 0 0 0 0
1481328000 0 0 0 0
1481241600 0 0 0 0
1481155200 0 0 0 0
1481068800 0 0 0 0
1480982400 0 0 0 0
1480896000 0 0 0 0
1480809600 0 0 0 0
1480723200 0 0 0 0
1480636800 0 0 0 0
1480550400 0 0 0 0
1480464000 0 0 0 0
1480377600 0 0 0 0
1480291200 0 0 0 0
1480204800 0 0 0 0
1480118400 0 0 0 0
1480032000 0 0 0 0
1479945600 0 0 0 0
1479859200 0 0 0 0
1479772800 0 0 0 0
1479686400 0 0 0 0
1479600000 0 0 0 0
1479513600 0 0 0 0
1479427200 0 0 0 0
1479340800 0 0 0 0
1479254400 0 0 0 0
1479168000 0 0 0 0
1479081600 0 0 0 0
1478995200 0 0 0 0
1478908800 0 0 0 0
1478822400 0 0 0 0
1478736000 0 0 0 0
1478649600 0 0 0 0
1478563200 0 0 0 0
1478476800 0 0 0 0
1478390400 0 0 0 0
1478304000 0 0 0 0
1478217600 0 0 0 0
1478131200 0 0 0 0
1478044800 0 0 0 0
1477958400 0 0 0 0
1477872000 0 0 0 0
1477785600 0 0 0 0
1477699200 0 0 0 0
1477612800 0 0 0 0
1477526400 0 0 0 0
1477440000 0 0 0 0
1477353600 0 0 0 0
1477267200 0 0 0 0
1477180800 0 0 0 0
1477094400 0 0 0 0
1477008000 0 0 0 0
1476921600 0 0 0 0
1476835200 0 0 0 0
1476748800 0 0 0 0
1476662400 0 0 0 0
1476576000 0 0 0 0
1476489600 0 0 0 0
1476403200 0 0 0 0
1476316800 0 0 0 0
1476230400 0 0 0 0
1476144000 0 0 0 0
1476057600 0 0 0 0
1475971200 0 0 0 0
1475884800 0 0 0 0
1475798400 0 0 0 0
1475712000 0 0 0 0
1475625600 0 0 0 0
1475539200 0 0 0 0
1475452800 0 0 0 0
1475366400 0 0 0 0
1475280000 0 0 0 0
1475193600 0 0 0 0
1475107200 0 0 0 0
1475020800 0 0 0 0
1474934400 9 254 24 1704
1474848000 22 424 23 519
1474761600 20 421 24 593
1474675200 22 746 33 1974
1474588800 21 784 59 1825
1474502400 22 770 23 2010
1474416000 21 716 41 2185
1474329600 21 661 24 2422
1474243200 22 366 24 463
1474156800 21 375 24 498
1474070400 886 2695 96216 119331
1473984000 633 1837 33263 36087
1473897600 2863 3784 312588 254694
1473811200 1312 2535 92736 38850
1473724800 3327 3399 359468 75509
1473638400 22 449 23 532
1473552000 21 448 24 603
1473465600 1255 2522 72624 38124
1473379200 1197 3016 58688 33738
1473292800 817 2175 58120 52350
1473206400 1219 3140 58305 45758
1473120000 711 1216 58255 16000
1473033600 965 1263 58441 15877
1472947200 805 1298 58565 15961
1472860800 2084 2881 148469 63907
1472774400 245 928 24321 7369
1472688000 1044 2422 57843 65892
1472601600 869 2183 57430 24300
1472515200 501 1676 9393 24697
1472428800 316 755 316 755
1472342400 316 755 316 755
1472256000 316 755 316 755
1472169600 316 755 316 755
1472083200 316 755 316 755
1471996800 316 755 316 755
1471910400 316 755 316 755
1471824000 316 755 316 755
1471737600 316 755 316 755
1471651200 317 772 885 8473
1471564800 3074 30500 476741 168843
1471478400 10961 15572 140505 159498
1471392000 1179 8049 141233 169589
1471305600 918 5503 139986 108178
1471219200 935 1168 57463 19274
1471132800 626 956 137487 39054
1471046400 1180 3609 134714 192690
1470960000 1458 10900 133097 2804938
1470873600 1082 2820 131942 297603
1470787200 1870 16956 95844 552200
1470700800 1065 3737 108994 432402
1470614400 20 305 25 401
1470528000 20 309 25 495
1470441600 942 4894 137207 132639
1470355200 986 2389 134504 54009
1470268800 1282 2699 132489 60045
1470182400 737 4961 27669 881074
1470096000 20 321 26 694
1470009600 21 317 26 482
1469923200 21 320 26 484
1469836800 1218 8929 144745 150361
1469750400 1210 5911 133112 145143
1469664000 864 4329 172783 627875
1469577600 21 774 24 3063
1469491200 21 716 24 2702
1469404800 21 324 25 453
1469318400 21 332 25 476
1469232000 21 741 37 3453
1469145600 21 732 24 2914
1469059200 21 664 24 2859
1468972800 21 705 25 2694
1468886400 20 554 25 2052
1468800000 20 277 27 581
1468713600 21 277 25 424
1468627200 739 1809 144586 66547
1468540800 717 3583 89400 198669
1468454400 974 12284 89909 598452
1468368000 21 743 25 2765
1468281600 1005 5343 144316 433749
1468195200 21 276 25 386
1468108800 21 278 26 444
1468022400 954 2320 131423 79206
1467936000 889 2455 83352 173395
1467849600 1205 6725 126566 145916
1467763200 944 3515 140562 135152
1467676800 1431 18627 97563 282364
1467590400 20 281 25 423
1467504000 21 279 24 414
1467417600 21 282 24 450
1467331200 635 1709 82400 30889
1467244800 940 14578 124737 5174262
1467158400 1328 16880 125819 223690
1467072000 1483 21382 129996 392854
1466985600 644 845 185442 41880
1466899200 669 871 79027 20591
1466812800 1709 2482 416444 97707
1466726400 1303 13320 123622 447781
1466640000 762 1692 120231 33088
1466553600 822 10980 76835 335128
1466467200 1286 14432 77151 307397
1466380800 574 718 121202 18499
1466294400 527 933 120684 74047
1466208000 877 2332 75925 110007
1466121600 902 11101 21638 222572
1466035200 910 3111 70227 570399
1465948800 1340 7530 85276 151887
1465862400 941 10058 129545 260800
1465776000 697 1026 114547 33988
1465689600 442 897 75355 20609
1465603200 1237 10052 70158 162161
1465516800 2321 10975 315967 343722
1465430400 1402 6466 214703 159206
1465344000 997 6139 69650 86995
1465257600 122 371 17710 23260
1465171200 0 0 0 0
1465084800 0 0 0 0
1464998400 0 0 0 0
1464912000 0 0 0 0
1464825600 0 0 0 0
1464739200 0 0 0 0
1464652800 0 0 0 0
1464566400 0 0 0 0
1464480000 0 0 0 0
1464393600 0 0 0 0
1464307200 0 0 0 0
1464220800 0 0 0 0
1464134400 0 0 0 0
1464048000 0 0 0 0
1463961600 0 0 0 0
1463875200 0 0 0 0
1463788800 0 0 0 0
1463702400 0 0 0 0
1463616000 0 0 0 0
1463529600 0 0 0 0
1463443200 0 0 0 0
1463356800 0 0 0 0
1463270400 0 0 0 0
1463184000 0 0 0 0
1463097600 0 0 0 0
1463011200 0 0 0 0
1462924800 0 0 0 0
1462838400 0 0 0 0
1462752000 0 0 0 0
1462665600 0 0 0 0
1462579200 0 0 0 0
1462492800 0 0 0 0
1462406400 0 0 0 0
1462320000 0 0 0 0
1462233600 0 0 0 0
1462147200 0 0 0 0
1462060800 0 0 0 0
1461974400 0 0 0 0
1461888000 0 0 0 0
1461801600 0 0 0 0
1461715200 0 0 0 0
1461628800 0 0 0 0
1461542400 0 0 0 0
1461456000 0 0 0 0
1461369600 0 0 0 0
1461283200 0 0 0 0
1461196800 0 0 0 0
1461110400 0 0 0 0
1461024000 0 0 0 0
1460937600 0 0 0 0
1460851200 0 0 0 0
1460764800 0 0 0 0
1460678400 0 0 0 0
1460592000 0 0 0 0
1460505600 0 0 0 0
1460419200 0 0 0 0
1460332800 0 0 0 0
1460246400 0 0 0 0
1460160000 0 0 0 0
1460073600 0 0 0 0
1459987200 0 0 0 0
1459900800 0 0 0 0
1459814400 0 0 0 0
1459728000 0 0 0 0
1459641600 0 0 0 0
1459555200 0 0 0 0
1459468800 0 0 0 0
1459382400 0 0 0 0
1459296000 0 0 0 0
1459209600 0 0 0 0
1459123200 0 0 0 0
1459036800 0 0 0 0
1458950400 0 0 0 0
1458864000 0 0 0 0
1458777600 0 0 0 0
1458691200 0 0 0 0
1458604800 0 0 0 0
1458518400 0 0 0 0
1458432000 0 0 0 0
1458345600 0 0 0 0
1458259200 0 0 0 0
1458172800 0 0 0 0
1458086400 0 0 0 0
1458000000 0 0 0 0
1457913600 0 0 0 0
1457827200 0 0 0 0
1457740800 0 0 0 0
1457654400 0 0 0 0
1457568000 0 0 0 0
1457481600 0 0 0 0
1457395200 0 0 0 0
1457308800 0 0 0 0
1457222400 0 0 0 0
1457136000 0 0 0 0
1457049600 0 0 0 0
1456963200 0 0 0 0
1456876800 0 0 0 0
1456790400 0 0 0 0
1456704000 0 0 0 0
1456617600 0 0 0 0
1456531200 0 0 0 0
1456444800 0 0 0 0
1456358400 0 0 0 0
1456272000 0 0 0 0
1456185600 0 0 0 0
1456099200 0 0 0 0
1456012800 0 0 0 0
1455926400 0 0 0 0
1455840000 0 0 0 0
1455753600 0 0 0 0
1455667200 0 0 0 0
1455580800 0 0 0 0
1455494400 0 0 0 0
1455408000 0 0 0 0
1455321600 0 0 0 0
1455235200 0 0 0 0
1455148800 0 0 0 0
1455062400 0 0 0 0
1454976000 0 0 0 0
1454889600 0 0 0 0
1454803200 0 0 0 0
1454716800 0 0 0 0
1454630400 0 0 0 0
1454544000 0 0 0 0
1454457600 0 0 0 0
1454371200 0 0 0 0
1454284800 0 0 0 0
1454198400 0 0 0 0
1454112000 0 0 0 0
1454025600 0 0 0 0
1453939200 0 0 0 0
1453852800 0 0 0 0
1453766400 0 0 0 0
1453680000 0 0 0 0
1453593600 0 0 0 0
1453507200 0 0 0 0
1453420800 0 0 0 0
1453334400 0 0 0 0
1453248000 0 0 0 0
1453161600 0 0 0 0
1453075200 0 0 0 0
1452988800 0 0 0 0
1452902400 0 0 0 0
1452816000 0 0 0 0
1452729600 0 0 0 0
1452643200 0 0 0 0
1452556800 0 0 0 0
1452470400 0 0 0 0
1452384000 0 0 0 0
1452297600 0 0 0 0
1452211200 0 0 0 0
1452124800 0 0 0 0
1452038400 0 0 0 0
1451952000 0 0 0 0
1451865600 0 0 0 0
1451779200 0 0 0 0
1451692800 0 0 0 0
1451606400 0 0 0 0
1451520000 0 0 0 0
1451433600 0 0 0 0
1451347200 0 0 0 0
1451260800 0 0 0 0
1451174400 0 0 0 0
1451088000 0 0 0 0
1451001600 0 0 0 0
1450915200 0 0 0 0
1450828800 0 0 0 0
1450742400 0 0 0 0
1450656000 0 0 0 0
1450569600 0 0 0 0
1450483200 0 0 0 0
1450396800 0 0 0 0
1450310400 0 0 0 0
1450224000 0 0 0 0
1450137600 0 0 0 0
1450051200 0 0 0 0
1449964800 0 0 0 0
1449878400 0 0 0 0
1449792000 0 0 0 0
1449705600 0 0 0 0
1449619200 0 0 0 0
1449532800 0 0 0 0
1449446400 0 0 0 0
1449360000 0 0 0 0
1449273600 0 0 0 0
1449187200 0 0 0 0
1449100800 0 0 0 0
1449014400 0 0 0 0
1448928000 0 0 0 0
1448841600 0 0 0 0
1448755200 0 0 0 0
1448668800 0 0 0 0
1448582400 0 0 0 0
1448496000 0 0 0 0
1448409600 0 0 0 0
1448323200 0 0 0 0
1448236800 0 0 0 0
1448150400 0 0 0 0
1448064000 0 0 0 0
1447977600 0 0 0 0
1447891200 0 0 0 0
1447804800 0 0 0 0
1447718400 0 0 0 0
1447632000 0 0 0 0
1447545600 0 0 0 0
1447459200 0 0 0 0
1447372800 0 0 0 0
1447286400 0 0 0 0
1447200000 0 0 0 0
1447113600 0 0 0 0
1447027200 0 0 0 0
1446940800 0 0 0 0
1446854400 0 0 0 0
1446768000 0 0 0 0
1446681600 0 0 0 0
1446595200 0 0 0 0
1446508800 0 0 0 0
1446422400 0 0 0 0
1446336000 0 0 0 0
1446249600 0 0 0 0
1446163200 0 0 0 0
1446076800 0 0 0 0
1445990400 0 0 0 0
1445904000 0 0 0 0
1445817600 0 0 0 0
1445731200 0 0 0 0
1445644800 0 0 0 0
1445558400 0 0 0 0
1445472000 0 0 0 0
1445385600 0 0 0 0
1445299200 0 0 0 0
1445212800 0 0 0 0
1445126400 0 0 0 0
1445040000 0 0 0 0
1444953600 0 0 0 0
1444867200 0 0 0 0
1444780800 0 0 0 0
1444694400 0 0 0 0
1444608000 0 0 0 0
1444521600 0 0 0 0
1444435200 0 0 0 0
1444348800 0 0 0 0
1444262400 0 0 0 0
1444176000 0 0 0 0
1444089600 0 0 0 0
1444003200 0 0 0 0
1443916800 0 0 0 0
1443830400 0 0 0 0
1443744000 0 0 0 0
1443657600 0 0 0 0
1443571200 0 0 0 0
1443484800 0 0 0 0
1443398400 0 0 0 0
1443312000 0 0 0 0
1443225600 0 0 0 0
1443139200 0 0 0 0
1443052800 0 0 0 0
1442966400 0 0 0 0
1442880000 0 0 0 0
1442793600 0 0 0 0
1442707200 0 0 0 0
1442620800 0 0 0 0
1442534400 0 0 0 0
1442448000 0 0 0 0
1442361600 0 0 0 0
1442275200 0 0 0 0
1442188800 0 0 0 0
1442102400 0 0 0 0
1442016000 0 0 0 0
1441929600 0 0 0 0
1441843200 0 0 0 0
1441756800 0 0 0 0
1441670400 0 0 0 0
1441584000 0 0 0 0
1441497600 0 0 0 0
1441411200 0 0 0 0
1441324800 0 0 0 0
1441238400 0 0 0 0
1441152000 0 0 0 0
1441065600 0 0 0 0
1440979200 0 0 0 0
1440892800 0 0 0 0
1440806400 0 0 0 0
1440720000 0 0 0 0
1440633600 0 0 0 0
1440547200 0 0 0 0
1440460800 0 0 0 0
1440374400 0 0 0 0
1440288000 0 0 0 0
1440201600 0 0 0 0
1440115200 0 0 0 0
1440028800 0 0 0 0
1439942400 0 0 0 0
1439856000 0 0 0 0
1439769600 0 0 0 0
1439683200 0 0 0 0
1439596800 0 0 0 0
1439510400 0 0 0 0
1439424000 0 0 0 0
1439337600 0 0 0 0
1439251200 0 0 0 0
1439164800 0 0 0 0
1439078400 0 0 0 0
1438992000 0 0 0 0
1438905600 0 0 0 0
1438819200 0 0 0 0
1438732800 0 0 0 0
1438646400 0 0 0 0
1438560000 0 0 0 0
1438473600 0 0 0 0
1438387200 0 0 0 0
1438300800 0 0 0 0
1438214400 0 0 0 0
1438128000 0 0 0 0
1438041600 0 0 0 0
1437955200 0 0 0 0
1437868800 0 0 0 0
1437782400 0 0 0 0
1437696000 0 0 0 0
1437609600 0 0 0 0
1437523200 0 0 0 0
1437436800 0 0 0 0
1437350400 0 0 0 0
1437264000 0 0 0 0
1437177600 0 0 0 0
1437091200 0 0 0 0
1437004800 0 0 0 0
1436918400 0 0 0 0
1436832000 0 0 0 0
1436745600 0 0 0 0
1436659200 0 0 0 0
1436572800 0 0 0 0
1436486400 0 0 0 0
1436400000 0 0 0 0
1436313600 0 0 0 0
1436227200 0 0 0 0
1436140800 0 0 0 0
1436054400 0 0 0 0
1435968000 0 0 0 0
1435881600 0 0 0 0
1435795200 0 0 0 0
1435708800 0 0 0 0
1435622400 0 0 0 0
1435536000 0 0 0 0
