1504297339 3800599936380 395555273401
1504297339 935927 47270 935927 47270
1504297039 26867 23631 26867 23631
1504296900 26809 23698 26867 23775
1504296600 26816 23870 26901 23982
1504296300 26822 23919 26901 23982
1504296000 306500 50255 630549 80842
1504295700 348804 54490 630549 80842
1504295400 26902 25028 27009 25786
1504295100 26883 24993 27009 25786
1504294800 269885 30474 551515 37873
1504294500 757384 42890 992663 48624
1504294200 541826 36877 992663 48624
1504293900 397564 33312 827261 44734
1504293600 453724 34862 827261 44734
1504293300 26842 23585 26862 23591
1504293000 26809 23662 26862 23745
1504292700 26961 24194 27207 24716
1504292400 29226 43614 31566 65504
1504292100 164516 49637 316460 65504
1504291800 549381 37458 815577 44264
1504291500 696269 41294 815577 44264
1504291200 311282 31373 559917 37900
1504290900 423079 35650 881700 49243
1504290600 815151 46142 881700 49243
1504290300 482478 36087 739095 42598
1504290000 189535 29546 189916 30574
1504289700 420696 41948 688004 55124
1504289400 439397 42406 688004 55124
1504289100 105217 27229 155276 27873
1504288800 203795 48857 385133 74772
1504288500 410085 60516 438603 74772
1504288200 301201 36331 438603 44225
1504287900 427179 42393 750617 59630
1504287600 767063 63429 786114 67830
1504287300 584962 51402 786114 67830
1504287000 201931 28665 355076 32629
1504286700 106061 27872 196521 32144
1504286400 621016 43763 1112699 57223
1504286100 760960 47834 1112699 57223
1504285800 915654 49475 1566724 63974
1504285500 1126100 52567 1566724 63974
1504285200 579733 57679 622531 78420
1504284900 295952 54499 530821 78420
1504284600 27416 25763 27531 27161
1504284300 292120 31178 594792 39216
1504284000 330583 33119 594792 39216
1504283700 29232 43778 29930 64197
1504283400 28571 45643 29930 64197
1504283100 28284 32825 29756 42736
1504282800 33595 39298 38043 42736
1504282500 156859 38462 292649 42058
1504282200 331212 42803 375286 43656
1504281900 288592 39566 375286 43656
1504281600 117299 61670 189514 92687
1504281300 199160 70724 390862 92687
1504281000 222778 38397 390862 45285
1504280700 27933 27571 28091 30420
1504280400 262045 30534 529810 37691
1504280100 650577 43457 790460 50136
1504279800 505539 42176 790460 50136
1504279500 108896 31430 179915 33080
1504279200 115267 29366 213977 29545
1504278900 332678 32647 470168 36679
1504278600 340657 32987 470168 36679
1504278300 465374 36148 781270 44697
1504278000 434578 54926 781270 66776
1504277700 30765 47507 33015 66776
1504277400 586068 39643 1232280 56384
1504277100 1826876 71617 2515582 89261
1504276800 1917086 73724 2515582 89261
1504276500 1277004 57282 1337735 59058
1504276200 1137601 54487 1337735 59058
1504275900 574349 40303 908878 49264
1504275600 545888 39823 961724 51289
1504275300 733497 62916 961724 76204
1504275000 374223 174818 472668 287520
1504274700 338600 284496 427653 287520
1504274400 273929 318208 427653 361312
1504274100 67985 325943 95876 361312
1504273800 133138 276850 246021 284977
1504273500 298580 162741 359458 267438
1504273200 478570 47127 614699 53588
1504272900 602430 58130 614699 63393
1504272600 406637 57434 588221 63393
1504272300 685627 63969 1252386 79533
1504272000 681074 65147 1252386 79533
1504271700 399221 55785 829025 63985
1504271400 536951 49301 829025 63985
1504271100 306454 44265 424513 57689
1504270800 478069 71293 539277 86841
1504270500 520925 63291 539277 86841
1504270200 428130 33895 499669 36015
1504269900 546936 41135 777414 52217
1504269600 529037 46577 777414 52217
1504269300 365564 43913 505006 48293
1504269000 283535 48774 505006 49325
1504268700 29411 48542 30427 49325
1504268400 27966 44257 28235 47637
1504268100 176638 44365 346900 48902
1504267800 197778 41715 346900 48902
1504267500 79551 31567 140012 33503
1504267200 327367 52007 541488 77930
1504266900 699735 62768 880589 77930
1504266600 572143 39289 880589 45441
1504266300 231010 30674 249695 32165
1504266000 173556 27023 249695 28948
1504265700 498856 35373 970074 47429
1504265400 714113 40990 970074 47429
1504265100 296267 30180 417642 33534
1504264800 96619 24922 157553 26347
1504264500 26828 23129 26981 23295
1504264200 26732 23002 26822 23074
1504263900 26801 23054 26822 23074
1504263600 28973 42327 31482 64378
1504263300 29289 45239 31482 64378
1504263000 26801 23075 26863 23080
1504262700 26780 23026 26863 23080
1504262400 26742 22978 26807 22992
1504262100 26798 23052 26807 23122
1504261800 26811 23267 26838 23433
1504261500 26760 23183 26838 23433
1504261200 26765 23014 26874 23150
1504260900 26838 23122 26874 23150
1504260600 26887 23126 26992 23167
1504260300 26846 23124 26992 23167
1504260000 28933 42174 31544 64295
1504259700 29371 45182 31544 64295
1504259400 26764 23022 26856 23045
1504259100 26705 22980 26758 22997
1504258800 26793 22955 26835 22961
1504258500 26707 22922 26835 22949
1504258200 26749 23096 26966 23333
1504257900 26776 23061 26966 23333
1504257600 26725 23516 26918 24404
1504257300 26799 23717 26918 24404
1504257000 27172 23122 27763 23344
1504256700 27299 23221 27763 23344
1504256400 29001 42225 31595 64402
1504256100 29408 46392 31595 64402
1504255800 26794 24354 26875 25532
1504255500 26781 23068 26873 23136
1504255200 26718 22951 26873 23136
1504254900 26709 22975 26901 23244
1504254600 26851 23253 26901 23265
1504254300 26812 23153 26834 23265
1504254000 26764 22996 26834 23025
1504253700 26820 23133 26978 23329
1504253400 26821 23100 26978 23329
1504253100 26688 22909 26741 22989
1504252800 29061 42367 31714 64514
1504252500 29379 45016 31714 64514
1504252200 26863 24901 26996 27014
1504251900 27003 25204 27013 27014
1504251600 26878 23067 27013 23136
1504251300 26770 23130 26825 23296
1504251000 26858 23228 26898 23296
1504250700 26828 23094 26898 23150
1504250400 26719 23061 26748 23096
1504250100 26778 23097 26884 23100
1504249800 26949 23202 27024 23320
1504249500 26865 23150 27024 23320
1504249200 29038 42248 31765 64593
1504248900 29434 45303 31765 64593
1504248600 26745 23147 26771 23258
1504248300 26695 22931 26716 23022
1504248000 26826 23040 27002 23282
1504247700 26834 23084 27002 23282
1504247400 26813 23115 27008 23409
1504247100 26864 23214 27008 23409
1504246800 26719 22966 26742 22992
1504246500 26735 22906 26742 22937
1504246200 26751 22980 26778 23106
1504245900 26766 23124 26778 23146
1504245600 28994 42215 31590 64303
1504245300 29366 45202 31590 64303
1504245000 26755 23010 26791 23079
1504244700 26809 23034 26919 23153
1504244400 26816 23062 26919 23153
1504244100 26699 22931 26699 22958
1504243800 26758 23053 26827 23230
1504243500 26799 23218 26827 23230
1504243200 26782 23210 26800 23216
1504242900 26775 23125 26800 23216
1504242600 26780 23478 26818 24000
1504242300 26824 23577 26831 24000
1504242000 29020 42372 31523 64406
1504241700 29245 45104 31523 64406
1504241400 26686 23038 26739 23045
1504241100 26827 23123 26929 23229
1504240800 26802 23081 26929 23229
1504240500 26747 22959 26849 23014
1504240200 26830 23117 26849 23235
1504239900 26820 24173 26832 25246
1504239600 26858 24238 26890 25246
1504239300 26834 23083 26890 23098
1504239000 26694 23000 26772 23098
1504238700 26749 23038 26916 23212
1504238400 29067 42305 31559 64422
1504238100 29329 45227 31559 64422
1504237800 27044 26537 27389 30642
1504237500 27110 27095 27389 30642
1504237200 26730 23021 26792 23043
1504236900 128970 25366 247474 28112
1504236600 144516 25844 247474 28112
1504236300 26845 23189 26850 23254
1504236000 26799 23157 26841 23205
1504235700 26720 23070 26751 23205
1504235400 26777 22957 26884 23006
1504235100 26819 23044 26884 23088
1504234800 29008 42366 31595 64399
1504234500 29377 45117 31595 64399
1504234200 26704 23116 26843 23157
1504233900 26647 23081 26762 23157
1504233600 26791 22972 26825 22994
1504233300 26785 23009 26825 23080
1504233000 26715 23007 26741 23080
1504232700 26798 23029 26928 23151
1504232400 26868 23145 26928 23151
1504232100 26766 23025 26801 23140
1504231800 26756 22901 26788 22909
1504231500 27760 31096 28872 40453
1504231200 28976 43421 29096 46815
1504230900 28070 35699 29096 46815
1504230600 26833 23032 26899 23074
1504230300 26768 23033 26780 23074
1504230000 26789 22960 26800 22988
1504229700 26810 23065 26822 23222
1504229400 26815 23162 26822 23222
1504229100 26892 23226 26988 23378
1504228800 26872 23311 26988 23378
1504228500 26793 23137 26855 23236
1504228200 26817 23010 26855 23024
1504227900 28558 40145 30598 59745
1504227600 28816 44355 30598 59745
1504227300 26750 25003 26781 26768
1504227000 26679 23036 26716 23095
1504226700 26658 23046 26682 23095
1504226400 26721 22978 26768 22992
1504226100 26726 22967 26768 22973
1504225800 26687 22944 26699 22973
1504225500 307664 32652 633099 43935
1504225200 1055606 52025 1538473 61271
1504224900 832986 43333 1538473 61271
1504224600 135498 25636 259821 28840
1504224300 258593 46283 259821 66488
1504224000 669070 60826 1139812 66488
1504223700 620359 39755 1139812 54357
1504223400 26882 24955 27091 27113
1504223100 27076 25277 27091 27113
1504222800 26868 23035 27060 23152
1504222500 210241 27564 422892 32966
1504222200 295553 29694 422892 32966
1504221900 221666 28113 304650 30613
1504221600 175926 27093 304650 30613
1504221300 26864 23058 26903 23105
1504221000 26807 23039 26903 23105
1504220700 26779 23032 26872 23110
1504220400 29083 42356 31610 64352
1504220100 29423 45335 31610 64352
1504219800 26873 23200 26892 23309
1504219500 26856 23126 26861 23186
1504219200 26826 23100 26861 23186
1504218900 26811 23010 26839 23021
1504218600 27159 23053 27531 23091
1504218300 27262 23196 27531 23318
1504218000 26927 23231 26951 23318
1504217700 26810 23030 26900 23132
1504217400 26806 23037 26920 23180
1504217100 26909 23176 26920 23180
1504216800 29013 42229 31431 64010
1504216500 29314 45132 31431 64010
1504216200 26953 23312 27059 23365
1504215900 26940 23302 27059 23365
1504215600 518486 36024 1087990 50843
1504215300 1060216 50115 1087990 50843
1504215000 904239 46016 1028047 49273
1504214700 628830 39095 762745 42294
1504214400 266682 29779 473720 35391
1504214100 26926 23413 26986 23569
1504213800 253814 29314 513046 35880
1504213500 591005 39112 681303 42856
1504213200 380575 53281 681303 65358
1504212900 200230 50848 394797 65358
1504212600 623760 42958 888962 53285
1504212300 799111 48757 888962 53285
1504212000 499973 37775 695040 43513
1504211700 358427 33241 451442 35554
1504211400 873521 46467 1355899 58939
1504211100 1342323 58787 1355899 58939
1504210800 787281 46501 1326809 58614
1504210500 260264 33266 354533 33758
1504210200 203393 31898 354533 33758
1504209900 469933 41713 981427 55576
1504209600 804601 69495 981427 85619
1504209300 426529 70239 599790 85619
1504209000 385014 51188 563868 52662
1504208700 656685 48793 762762 49504
1504208400 996732 51938 1264128 56462
1504208100 1593334 65059 1969571 74885
1504207800 1240990 55708 1969571 74885
1504207500 231783 29412 408326 33793
1504207200 27409 24542 27538 24780
1504206900 226126 41507 453085 60625
1504206600 546402 51836 654489 60625
1504206300 1459777 93029 2380108 151739
1504206000 1662630 148529 2380108 151739
1504205700 462039 88444 842657 144862
1504205400 286823 31294 583709 39668
1504205100 1887555 77956 3397767 122305
1504204800 2890694 104133 3397767 122305
1504204500 1570942 63744 2311183 83367
1504204200 393375 33354 713542 41016
1504203900 27716 26245 28001 28153
1504203600 391567 35888 807073 44728
1504203300 583495 38919 807073 44728
1504203000 659504 41190 1043503 51509
1504202700 649226 43342 1043503 51509
1504202400 299915 62979 422622 96233
1504202100 1772156 102975 3314481 110682
1504201800 2360807 90387 3314481 110682
1504201500 1162095 73250 1270894 80266
1504201200 1291309 83403 1586938 87038
1504200900 1663677 202669 1752563 336603
1504200600 1238023 500455 1752563 690241
1504200300 935283 407969 1270411 690241
1504200000 1349728 96887 1440378 110047
1504199700 1433181 105492 1440378 110047
1504199400 1730344 91102 2079486 100217
1504199100 1894084 74755 2079486 80685
1504198800 1869963 92243 2090760 120456
1504198500 1836396 99433 2090760 120456
1504198200 1026358 66427 1541774 75084
1504197900 633305 57439 857299 58475
1504197600 738136 54201 857299 58475
1504197300 749398 53529 920011 58419
1504197000 1046204 66901 1190425 76596
1504196700 1941123 94887 2810638 116073
1504196400 2145299 95045 2810638 116073
1504196100 755454 54228 1374656 70690
1504195800 509227 47354 1054750 61477
1504195500 928525 55274 1054750 61477
1504195200 1206126 83890 1688251 124696
1504194900 2223329 113576 2843096 124696
1504194600 2745943 103104 2843096 105855
1504194300 1820539 79476 2634912 105855
1504194000 482839 39675 877273 48923
1504193700 329204 35322 673382 42523
1504193400 781557 45167 906855 48231
1504193100 851527 48131 906855 48231
1504192800 908745 50258 1047376 52822
1504192500 739005 44051 1047376 52822
1504192200 307870 42502 386581 52186
1504191900 130301 39657 217915 52186
1504191600 126978 62880 239159 106004
1504191300 252553 72193 267862 106004
1504191000 1272378 69605 2420398 110808
1504190700 1432124 73799 2420398 110808
1504190400 293088 32085 302670 32751
1504190100 467075 36841 678433 41517
1504189800 494305 36435 678433 41517
1504189500 522142 37707 794449 45800
1504189200 436573 35736 794449 45800
1504188900 27427 24253 27573 24275
1504188600 168063 28182 331151 32708
1504188300 541501 37954 781902 43950
1504188000 431523 53485 781902 64383
1504187700 158338 50033 303765 64383
1504187400 669313 42261 1087084 52121
1504187100 774181 50865 1087084 52121
1504186800 234738 38899 416579 49430
1504186500 260062 35871 523352 45981
1504186200 394853 38681 523352 45981
1504185900 146442 27245 249950 30450
1504185600 201972 28140 402453 33406
1504185300 378747 32860 402453 33406
1504185000 199675 28343 351291 32228
1504184700 274818 30953 562554 39118
1504184400 682429 112030 819430 195359
1504184100 793118 138749 819430 195359
1504183800 821084 185305 887411 312451
1504183500 1223399 227832 1607386 312451
1504183200 1407780 192519 1607386 263630
1504182900 1632632 209891 2160864 263630
1504182600 1380839 128625 2160864 147648
1504182300 738562 88125 1037083 106593
1504182000 1167765 79283 1319131 93488
1504181700 1350877 81709 1387160 93488
1504181400 826623 56894 1387160 68249
1504181100 334014 41991 513040 43742
1504180800 536086 57871 562425 78308
1504180500 313758 53821 562425 78308
1504180200 28771 25960 29569 26101
1504179900 143438 28332 275526 30883
1504179600 159913 27725 275526 30883
1504179300 27894 24282 28020 24472
1504179000 27987 24500 28020 24534
1504178700 27918 24384 27949 24534
1504178400 27756 24220 27883 24227
1504178100 27644 24143 27682 24227
1504177800 27691 24070 27703 24096
1504177500 27730 24209 27762 24340
1504177200 29991 43359 32539 65095
1504176900 30291 45967 32539 65095
1504176600 27782 24209 27851 24326
1504176300 27739 24214 27851 24326
1504176000 27675 24191 27747 24310
1504175700 27835 24462 27937 24639
1504175400 27801 24421 27937 24639
1504175100 27756 24197 27882 24226
1504174800 27773 24181 27882 24226
1504174500 27701 24094 27762 24131
1504174200 27740 24054 27762 24058
1504173900 27681 24062 27716 24067
1504173600 29962 43198 32614 65064
1504173300 30311 46018 32614 65064
1504173000 27777 24271 27890 24292
1504172700 27829 24201 27890 24292
1504172400 27673 24103 27761 24110
1504172100 27755 24223 27967 24354
1504171800 27860 24234 27967 24354
1504171500 27763 24173 27793 24259
1504171200 27806 24511 27822 24801
1504170900 27700 24381 27822 24801
1504170600 27697 24040 27855 24199
1504170300 27698 24080 27855 24199
1504170000 29920 43090 32702 65268
1504169700 30431 46142 32702 65268
1504169400 27815 24263 27836 24285
1504169100 27759 24180 27792 24238
1504168800 27659 24106 27722 24115
1504168500 27743 24346 27923 24637
1504168200 27938 24540 27956 24637
1504167900 27809 24270 27956 24428
1504167600 27742 24128 27858 24172
1504167300 27926 24349 28006 24556
1504167000 27719 24252 28006 24556
1504166700 27327 23806 27387 23900
1504166400 29528 42838 32155 65007
1504166100 30062 46107 32155 65007
1504165800 27598 25164 27638 26249
1504165500 27517 25185 27553 26249
1504165200 27456 24071 27477 24206
1504164900 27419 24054 27433 24206
1504164600 27379 23916 27404 23958
1504164300 27390 23958 27435 23959
1504164000 49023 24933 73697 26048
1504163700 52198 25141 73697 26048
1504163400 27428 23948 27629 24105
1504163100 27365 24072 27556 24418
1504162800 29621 43165 31983 64591
1504162500 29932 45869 31983 64591
1504162200 27515 24091 27557 24185
1504161900 27404 23998 27467 24015
1504161600 27326 23969 27332 24015
1504161300 27378 23972 27446 24035
1504161000 27473 25679 27504 27558
1504160700 27491 25976 27504 27558
1504160400 27530 24163 27591 24168
1504160100 27478 24019 27591 24159
1504159800 27257 23778 27350 23861
1504159500 27293 23793 27458 23919
1504159200 29726 43161 32318 65153
1504158900 30092 46029 32318 65153
1504158600 27494 24060 27548 24174
1504158300 27360 23898 27433 23930
1504158000 27324 23927 27379 24001
1504157700 27359 24007 27379 24014
1504157400 27350 23976 27367 24014
1504157100 27412 24063 27465 24211
1504156800 27636 24904 27832 25696
1504156500 27571 24792 27832 25696
1504156200 27140 23534 27270 23746
1504155900 27151 23685 27336 24141
1504155600 29461 42876 31923 64577
1504155300 29867 46914 31923 64577
1504155000 27358 25246 27518 26728
1504154700 27290 23929 27422 24359
1504154400 27358 24761 27422 25221
1504154100 27405 25629 27542 26097
1504153800 27339 24901 27542 26097
1504153500 27263 23919 27442 24357
1504153200 27359 24104 27442 24357
1504152900 27204 23643 27266 23816
1504152600 27201 23724 27280 24047
1504152300 27182 23769 27280 24047
1504152000 29455 42767 32220 65143
1504151700 29861 45777 32220 65143
1504151400 27394 24900 27661 26354
1504151100 27379 24997 27661 26354
1504150800 27279 23902 27535 24429
1504150500 129712 26716 246486 29330
1504150200 145062 27121 246486 29330
1504149900 27430 24120 27586 24563
1504149600 27263 23830 27277 24078
1504149300 27295 24004 27318 24078
1504149000 27304 23986 27318 24064
1504148700 27195 23845 27289 24064
1504148400 29424 42874 32094 64906
1504148100 29829 45726 32094 64906
1504147800 27278 23850 27322 23900
1504147500 27365 24022 27416 24163
1504147200 27262 23914 27416 24163
1504146900 27306 24106 27556 24652
1504146600 27362 24213 27556 24652
1504146300 27267 24096 27411 24534
1504146000 27313 24128 27411 24534
1504145700 27273 23810 27353 23975
1504145400 27362 25613 27374 27487
1504145100 27430 26012 27496 27487
1504144800 29430 42894 31642 64115
1504144500 29669 45603 31642 64115
1504144200 27274 24050 27416 24447
1504143900 27313 23990 27542 24440
1504143600 27331 24065 27542 24440
1504143300 27535 29153 28043 35458
1504143000 28023 31435 28043 35458
1504142700 27528 25269 28000 26776
1504142400 27201 24176 27448 24905
1504142100 27397 24267 27448 24905
1504141800 27255 23785 27339 24078
1504141500 40835 356178 56675 740842
1504141200 112844 412479 177039 740842
1504140900 292290 35691 424007 37209
1504140600 1017642 49588 1696082 67452
1504140300 1132777 52246 1696082 67452
1504140000 273659 32312 489000 34868
1504139700 27407 26738 27557 29391
1504139400 27317 24096 27410 24543
1504139100 27193 23994 27410 24543
1504138800 27084 23489 27245 23631
1504138500 27168 23560 27245 23631
1504138200 238407 28836 479924 34958
1504137900 268697 43806 479924 53784
1504137600 29289 44323 30506 53784
1504137300 27602 29021 27899 33511
1504137000 27226 23705 27259 23821
1504136700 27167 24462 27189 25492
1504136400 27151 24617 27163 25492
1504136100 27220 23696 27286 23800
1504135800 27213 23750 27286 23800
1504135500 27200 23677 27281 23694
1504135200 27229 23608 27281 23659
1504134900 27153 23503 27170 23551
1504134600 111154 25577 207178 28008
1504134300 198519 28089 207178 28182
1504134000 115554 45447 188623 65179
1504133700 178778 49864 348734 65179
1504133400 198708 28185 348734 32126
1504133100 27158 23600 27250 23683
1504132800 26997 23379 27053 23507
1504132500 27187 24215 27479 25354
1504132200 27766 24768 28096 25354
1504131900 27879 26120 28096 28431
1504131600 27393 26200 27631 28431
1504131300 276960 32110 566346 41949
1504131000 315272 34261 566346 41949
1504130700 27784 24601 28331 25475
1504130400 29436 42756 32084 64957
1504130100 168528 49281 324464 64957
1504129800 494880 35872 692269 41093
1504129500 381846 32834 692269 41093
1504129200 350531 31917 720194 41657
1504128900 584402 38458 720194 41657
1504128600 483618 35902 545798 37161
1504128300 305695 31888 545798 37161
1504128000 206331 30896 413361 36821
1504127700 280150 36798 413361 36821
1504127400 80383 32017 125856 36772
1504127100 34596 29350 41662 32512
1504126800 49387 51491 58216 73183
1504126500 354392 61552 697445 73183
1504126200 391583 41357 697445 48082
1504125900 288746 37779 570711 42473
1504125600 578055 41312 586449 42473
1504125300 469392 39118 586449 39987
1504125000 617719 43106 946565 48891
1504124700 517582 37552 946565 48891
1504124400 224861 30760 453672 37902
1504124100 745059 45939 1078074 55125
1504123800 1172827 59612 1281117 64740
1504123500 970072 56168 1281117 64740
1504123200 573551 62864 614592 81712
1504122900 297099 58898 526649 81712
1504122600 770555 50189 1626910 70708
1504122300 1166594 63153 1626910 70708
1504122000 1201954 67339 1843596 81992
1504121700 1464255 73825 1843596 81992
1504121400 1349445 72420 1718612 81602
1504121100 1074601 62918 1718612 81602
1504120800 394480 44511 458357 47877
1504120500 749083 57321 1081343 68116
1504120200 941896 78841 1081343 91264
1504119900 888868 81650 1012856 91264
1504119600 557464 79102 1012856 88747
1504119300 167330 71246 316258 88747
1504119000 651165 56177 1039081 61890
1504118700 768083 74945 1039081 89865
1504118400 272933 86570 458373 89865
1504118100 983196 91650 2051350 101896
1504117800 2269848 127803 2522930 157811
1504117500 1382355 110899 2522930 157811
1504117200 653090 86259 1358107 103726
1504116000 674698 73022 1804186 107923
1504114200 1827718 77273 2685893 97189
1504112400 997160 64141 1934663 119634
1504110600 1125708 65982 1934663 104157
1504108800 616920 61393 2170868 99523
1504107000 450464 80012 1049751 132578
1504105200 568726 59514 1049751 132578
1504103400 396465 59112 1899407 81965
1504101600 597205 82089 1899407 150351
1504099800 628888 50887 2684049 106881
1504098000 1464548 77889 2784737 152179
1504096200 120229 41742 228314 54110
1504094400 203844 39575 668952 65477
1504092600 57317 24620 226210 29114
1504090800 160318 33943 554719 63938
1504089000 124595 26458 609836 39023
1504087200 98488 32209 240622 64044
1504085400 131244 26589 361531 32923
1504083600 28316 30472 32172 64179
1504081800 27774 24256 28721 26024
1504080000 28360 31128 32437 64435
1504078200 35173 23995 73358 24981
1504076400 28288 30448 32412 64313
1504074600 27577 23927 27719 24166
1504072800 28248 30432 32018 63739
1504071000 27884 24113 28501 24800
1504069200 28324 30560 32503 64619
1504067400 27580 23887 27676 24156
1504065600 45469 31715 248381 64246
1504063800 47332 27273 248381 35684
1504062000 28295 30485 32022 63964
1504060200 176546 29389 657713 45338
1504058400 85057 32045 366766 64172
1504056600 27604 24244 27736 27243
1504054800 28137 30622 31221 63310
1504053000 753334 47143 2745406 99973
1504051200 1149652 54426 2745406 99973
1504049400 107010 25855 915856 46338
1504047600 28329 30524 32259 63923
1504045800 27653 24923 27927 27941
1504044000 204281 35385 762018 77401
1504042200 729792 46049 1108217 60411
1504040400 344233 60520 820430 92661
1504038600 823529 73637 1504101 165042
1504036800 593532 66736 1757836 111045
1504035000 605444 55862 2123533 92404
1504033200 1086564 69371 2259741 104809
1504031400 272827 40515 1148362 66705
1504029600 447478 56498 1497505 89984
1504027800 1018013 55808 2288345 85503
1504026000 1088135 69997 1779650 122269
1504024200 1125424 63596 2004054 96489
1504022400 427047 48253 949270 96980
1504020600 178782 30065 947261 58416
1504018800 1151049 73466 2596144 115017
1504017000 729548 57205 1599579 78072
1504015200 729158 66143 1599579 132717
1504013400 878806 83145 1811940 132717
1504011600 964284 82112 2398031 126952
1504009800 542214 49952 1622322 65881
1504008000 284589 47427 624995 81700
1504006200 98458 25971 420406 34344
1504004400 105169 32258 420406 69794
1504002600 27426 23660 27683 24186
1504000800 28238 30318 32187 63702
1503999000 27515 24405 27628 25928
1503997200 28549 31319 31976 63263
1503995400 27460 24236 27589 27186
1503993600 28330 31347 32049 63369
1503991800 35005 23907 72794 25182
1503990000 28008 30117 31816 63302
1503988200 27299 23594 27428 23803
1503986400 28008 30182 31753 63201
1503984600 27754 37537 31917 202511
1503982800 28578 46161 32022 202511
1503981000 27490 23691 27948 24347
1503979200 45345 31785 247627 63498
1503977400 47112 24649 247627 28889
1503975600 28198 30198 32073 63438
1503973800 27444 23655 27539 23957
1503972000 28274 31991 31053 51569
1503970200 93563 28079 379684 38376
1503968400 607606 46216 2155703 89778
1503966600 27495 24311 27848 27967
1503964800 28346 31562 31953 63369
1503963000 27238 24725 27701 30648
1503961200 28027 30243 30713 62457
1503959400 118944 27842 591467 40316
1503957600 272219 36838 591467 63221
1503955800 966819 54038 1829164 72052
1503954000 565170 55082 1230767 72052
1503952200 570539 1823239 1901009 10049836
1503950400 758337 68312 1901009 108065
1503948600 219378 84349 736771 154039
1503946800 1064334 101147 2279976 154039
1503945000 1057993 65219 1764045 110867
1503943200 529848 51518 1500700 110867
1503941400 667945 42567 1330330 58869
1503939600 906710 58267 1399461 92217
1503937800 831797 53863 1475858 76156
1503936000 438299 79482 1828014 257567
1503934200 229131 34656 624649 45923
1503932400 282572 41682 624649 65452
1503930600 322851 52411 1036833 87374
1503928800 785043 58123 1496463 85656
1503927000 665112 64815 1496463 97683
1503925200 1530948 69656 3123118 136310
1503923400 603216 50326 1047774 61507
1503921600 300853 58198 669712 160299
1503919800 26517 22697 26628 22822
1503918000 27298 29295 31295 62262
1503916200 26531 22689 26695 22896
1503914400 27296 29248 31113 61924
1503912600 26534 22691 26604 22845
1503910800 27313 29245 31176 62140
1503909000 26535 22683 26625 22767
1503907200 27304 29239 31177 62198
1503905400 26536 22697 26677 22769
1503903600 27294 29243 31090 61980
1503901800 26551 22693 26652 22758
1503900000 27304 29255 31105 61984
1503898200 26540 22699 26618 22805
1503896400 27281 29224 31130 62094
1503894600 26523 22669 26616 22813
1503892800 27292 29270 31125 62100
1503891000 26544 22737 26640 22805
1503889200 27293 29282 31030 61818
1503887400 26539 22731 26646 22806
1503885600 27299 29284 31122 62084
1503883800 26542 22741 26659 22795
1503882000 27278 29258 31094 62197
1503880200 26550 22723 26666 22807
1503878400 27251 29236 31014 62051
1503876600 26536 22715 26602 22772
1503874800 27309 29297 31273 62291
1503873000 26536 22737 26693 22882
1503871200 27306 29300 31259 62226
1503869400 26524 22728 26643 22781
1503867600 27317 29301 31007 61751
1503865800 259448 28833 792075 42710
1503864000 84143 36489 256283 72880
1503862200 26516 22733 26623 22879
1503860400 27298 29290 30990 61871
1503858600 26539 22693 26640 22752
1503856800 27287 29237 31141 62059
1503855000 26682 22693 27397 22786
1503853200 27298 29242 31088 61973
1503851400 26548 22691 26597 22767
1503849600 27304 29251 31136 61993
1503847800 26532 22687 26613 22809
1503846000 27279 29231 30884 61665
1503844200 26523 22679 26603 22777
1503842400 27303 29245 31258 62188
1503840600 26541 22698 26615 22753
1503838800 27305 29248 31184 62003
1503837000 26539 22703 26630 22792
1503835200 27280 29222 31114 62038
1503833400 26540 22703 26656 22756
1503831600 27301 29247 31033 61873
1503829800 26545 22695 26658 22826
1503828000 27271 29223 30882 61724
1503826200 26542 22702 26652 22816
1503824400 27297 29246 30981 61762
1503822600 26540 22690 26657 22766
1503820800 27303 29244 31111 61973
1503819000 26537 22691 26649 22819
1503817200 27300 29255 31178 62004
1503815400 26546 22702 26612 22823
1503813600 27297 29233 31109 61925
1503811800 26523 22683 26614 22796
1503810000 27284 29238 30932 61850
1503808200 26513 22671 26638 22806
1503806400 27299 29233 31103 61984
1503804600 26542 22693 26579 22749
1503802800 27293 29230 31081 61981
1503801000 26560 22697 26701 22859
1503799200 27298 29240 31059 61913
1503797400 26537 22695 26706 22816
1503795600 27269 29205 30830 61742
1503793800 26547 22684 26676 22771
1503792000 27257 29203 30855 61720
1503790200 26539 22684 26654 22836
1503788400 27303 29244 31142 61943
1503786600 26536 22694 26619 22793
1503784800 27281 29222 31142 61955
1503783000 26556 22716 26671 22821
1503781200 27295 29240 31117 62039
1503779400 26529 22690 26643 22772
1503777600 27316 29262 31028 61835
1503775800 26527 22688 26704 22836
1503774000 27292 29244 30928 61686
1503772200 26530 22687 26682 22782
1503770400 27305 29245 31003 61737
1503768600 26683 22677 27345 22765
1503766800 27316 29222 31055 61745
1503765000 26534 22655 26646 22778
1503763200 27297 29214 31008 61782
1503761400 26532 22667 26665 22730
1503759600 27274 29196 31010 61831
1503757800 26539 22665 26663 22756
1503756000 27298 29212 31083 61970
1503754200 26552 22681 26591 22729
1503752400 27308 29224 31216 62217
1503750600 26532 22651 26602 22739
1503748800 27292 29201 30984 61890
1503747000 26544 22663 26648 22799
1503745200 27304 29212 31235 62153
1503743400 26551 22672 26621 22781
1503741600 27312 29232 31112 61940
1503739800 26543 22687 26604 22794
1503738000 27300 29219 31211 62017
1503736200 26564 22691 26720 22794
1503734400 27299 29223 31152 61973
1503732600 26634 22762 27525 23550
1503730800 27230 29164 30232 61391
1503729000 26537 22671 27431 23414
1503727200 27316 29241 31065 61965
1503725400 26618 22745 27535 23533
1503723600 27280 29205 31784 62580
1503721800 26531 22680 27422 23465
1503720000 27345 29328 30102 61261
1503718200 26490 22678 27510 23533
1503716400 27325 29292 30742 61581
1503714600 26550 22723 26703 22802
1503712800 27209 29191 29992 52693
1503711000 26563 22729 26627 22793
1503709200 27251 29201 30837 61615
1503707400 26504 22666 26635 22809
1503705600 27100 29096 30158 57839
1503703800 170789 26434 793281 42473
1503702000 27289 29222 30873 61642
1503700200 260505 28687 752148 41046
1503698400 144371 32402 345758 65366
1503696600 325643 30826 1085295 50432
1503694800 261986 35679 701110 62261
1503693000 396366 33073 1331922 57676
1503691200 613326 45548 1740102 107240
1503689400 399978 33405 1193755 54045
1503687600 307104 37502 1193755 69376
1503685800 547228 37335 1337908 57852
1503684000 926792 57079 1426896 95386
1503682200 728385 43312 1850352 71148
1503680400 534932 51910 1007095 81919
1503678600 301615 41526 1007095 59768
1503676800 96702 42911 784210 73645
1503675000 507212 46064 1137390 58689
1503673200 849320 51751 1914133 80948
1503671400 568087 38367 2446540 92667
1503669600 883895 63219 2446540 92667
1503667800 603849 49685 1374747 69671
1503666000 828527 55362 1245253 90846
1503664200 1105621 51476 1986309 73951
1503662400 246334 35439 1011528 65499
1503660600 26811 23110 26923 23211
1503658800 27564 29570 31370 62008
1503657000 26813 23069 26891 23169
1503655200 27561 29570 31376 61948
1503653400 26810 23091 26888 23177
1503651600 27570 29570 31431 62217
1503649800 26790 23062 26920 23141
1503648000 27572 29572 31336 62026
1503646200 26818 23080 26927 23199
1503644400 27568 29574 31443 62177
1503642600 26809 23076 26951 23218
1503640800 27559 29557 31305 62062
1503639000 26803 23077 26901 23163
1503637200 27563 29565 31179 61833
1503635400 26806 23090 26960 23210
1503633600 27570 29564 31513 62199
1503631800 26813 23094 26982 23195
1503630000 27524 29523 31318 62063
1503628200 26817 23067 26909 23173
1503626400 27549 29532 31183 61852
1503624600 26809 23082 26942 23148
1503622800 27465 29421 31187 61950
1503621000 396638 32328 1179558 52135
1503619200 203056 33755 744029 61143
1503617400 235836 28392 764705 41836
1503615600 27558 29531 31328 61909
1503613800 36126 23384 147652 26301
1503612000 321391 37331 911154 80967
1503610200 1297826 56493 2169635 79206
1503608400 564923 43857 1402045 78740
1503606600 313860 31114 1402045 59357
1503604800 518189 42692 1574765 101452
1503603000 1045071 50571 2433105 86506
1503601200 1713702 75327 2645202 95745
1503599400 1138034 61960 2438644 92426
1503597600 690226 47660 2438644 86543
1503595800 573680 38287 960180 48736
1503594000 583905 44891 960180 48736
1503592200 531506 36622 655577 39864
1503590400 1350671 64966 1927300 84167
1503588600 210676 28676 294575 30799
1503586800 555037 43491 662550 47727
1503585000 1832186 72392 1937744 74619
1503583200 521651 54863 1937744 74619
1503581400 144929 34454 457508 53969
1503579600 378337 38477 399892 39798
1503577800 204934 27857 204934 27857
1503576000 49108 29113 204934 29287
1503574200 175331 28048 208760 29287
1503572400 80610 28304 208760 28526
1503570600 27422 28247 27560 28526
1503568800 27223 27137 27279 27956
1503567000 26968 23285 26968 23285
1503565200 26473 26077 26968 26190
1503563400 26568 26378 26943 26988
1503561600 26943 26988 26943 26988
1503559800 26625 26401 26943 26988
1503558000 26481 26133 26481 26133
1503556200 26484 23071 26485 26133
1503554400 26882 27464 26985 28653
1503552600 26556 24408 26985 28653
1503550800 26810 28903 26890 29907
1503549000 26132 24574 26666 30301
1503547200 26319 26481 26666 30301
1503545400 25781 22599 26750 32707
1503543600 26159 28054 26750 32707
1503541800 307784 29357 538820 35421
1503540000 256913 34102 517248 41809
1503538200 428150 32918 517248 34777
1503536400 25446 27045 26006 34055
1503534600 153240 24535 409796 30797
1503532800 54341 28083 409796 39293
1503531000 310688 28607 438713 32592
1503529200 122989 30086 382256 44442
1503527400 69065 21881 382256 30156
1503525600 235779 32862 1006718 76909
1503523800 670441 37740 1391043 56299
1503522000 207539 32002 533364 66135
1503520200 806161 41355 2328539 81229
1503518400 612661 43298 1054606 75102
1503516600 1109303 49991 2463148 84842
1503514800 1550416 67147 2929153 96597
1503513000 929438 55194 1975421 74196
1503511200 853473 48648 2078761 74352
1503509400 673644 38279 1432147 57463
1503507600 519338 43757 1206325 64849
1503505800 1454057 65315 3023832 97965
1503504000 736603 45220 1244924 76689
1503502200 448077 32596 1094351 47698
1503500400 1088998 54260 1828682 89968
1503498600 669993 36394 1917639 68833
1503496800 1412054 62054 2207548 86309
1503495000 1350006 54449 2957164 95791
1503493200 1032222 51575 2957164 96647
1503491400 291584 25493 1030527 45094
1503489600 654085 41042 2039516 70464
1503487800 20679 17863 20760 17985
1503486000 21244 23998 24979 55597
1503484200 20361 17562 20467 17638
1503482400 20930 23742 24668 55298
1503480600 20045 17307 20160 17371
1503478800 20617 23473 24356 55078
1503477000 19731 17061 19836 17148
1503475200 20281 23234 23851 54759
1503473400 19412 16809 19483 16909
1503471600 19990 22989 23667 54630
1503469800 19095 16528 19196 16671
1503468000 19792 22819 23437 54466
1503466200 18788 16274 18877 16352
1503464400 19341 22420 22910 53896
1503462600 18460 16000 18590 16078
1503460800 19052 22214 22745 53758
1503459000 18155 15695 18253 15774
1503457200 18703 21839 22311 53276
1503455400 17849 15397 17971 15549
1503453600 18358 21521 21403 51814
1503451800 417003 25596 1612273 56738
1503450000 39430 21726 145935 46248
1503448200 215857 19828 1213271 45142
1503446400 668010 37439 1688809 57423
1503444600 80058 16234 1688809 57423
1503442800 17469 20824 21081 52383
1503441000 63527 15630 298248 21737
1503439200 587779 35488 1583127 60787
1503437400 280947 21484 993325 39901
1503435600 291991 30097 1276858 53110
1503433800 484057 33369 1154434 49284
1503432000 594918 51003 1154434 98815
1503430200 486620 40298 970900 66366
1503428400 290004 60174 923659 149038
1503426600 1397205 80664 1944293 218139
1503424800 852384 42869 2745324 85861
1503423000 543867 28655 1009074 40339
1503421200 877816 49544 1533351 75761
1503419400 1515652 56494 3181131 101398
1503417600 753798 40618 2958577 91769
1503415800 1104114 43768 1962917 65176
1503414000 877635 59081 1545229 165638
1503412200 1171415 1146032 2730484 2588109
1503410400 624076 45404 1507343 76872
1503408600 411630 23757 1016153 38854
1503406800 314582 26284 1073996 54972
1503405000 275842 67110 554554 219232
1503403200 129242 20885 381276 58427
1503401400 64361 12841 279045 18365
1503399600 13689 17545 17348 48713
1503397800 12796 11228 12886 11376
1503396000 13366 17259 16961 48393
1503394200 12487 10891 12577 11047
1503392400 13066 16979 16713 48250
1503390600 12169 10596 12280 10724
1503388800 12740 16691 16396 47901
1503387000 11860 10336 11967 10414
1503385200 12428 16436 16089 47622
1503383400 11550 10065 11612 10114
1503381600 12096 16143 15675 47324
1503379800 11271 9826 12439 10789
1503378000 11780 15903 15484 47342
1503376200 10895 9495 10997 9540
1503374400 11457 15596 15150 47019
1503372600 10590 9246 10733 9370
1503370800 11126 15322 14681 46515
1503369000 10261 8952 10393 9114
1503367200 10771 15036 14101 45969
1503365400 77196 10466 646742 25309
1503363600 257724 21050 861870 66954
1503361800 9607 8352 9717 8427
1503360000 10180 14487 13738 45386
1503358200 9315 8167 9382 8344
1503356400 230780 20003 966979 44873
1503354600 878767 30622 1414956 44589
1503352800 723724 32649 1637498 50066
1503351000 386128 17688 1442879 45017
1503349200 461709 28409 975210 50523
1503347400 997923 37581 1510005 47453
1503345600 1183765 44466 2047003 77066
1503343800 917587 57982 2094541 245077
1503342000 399128 58464 1024502 245077
1503340200 1346525 43859 3095483 87779
1503338400 1329747 49170 2453799 82090
1503336600 959050 32855 1515656 46862
1503334800 844577 40224 1423916 93215
1503333000 1421459 44341 2187270 64188
1503331200 350248 29139 967945 44124
1503329400 540841 26969 1337244 51213
1503327600 940844 37406 1675027 65469
1503325800 1136396 36140 2002979 58418
1503324000 611556 30022 3102931 86772
1503322200 23719 19824 23719 19824
1503320400 23719 19824 23719 19824
1503318600 23719 19824 23719 19824
1503316800 23719 19824 23719 19824
1503315000 23719 19824 23719 19824
1503313200 23719 19824 23719 19824
1503311400 23719 19824 23719 19824
1503309600 23719 19824 23719 19824
1503307800 23719 19824 23719 19824
1503306000 23719 19824 23719 19824
1503304200 23719 19824 23719 19824
1503302400 23719 19824 23719 19824
1503300600 23719 19824 23719 19824
1503298800 23719 19824 23719 19824
1503297000 23719 19824 23719 19824
1503295200 23719 19824 23719 19824
1503293400 23719 19824 23719 19824
1503291600 23719 19824 23719 19824
1503289800 23719 19824 23719 19824
1503288000 23719 19824 23719 19824
1503286200 23719 19824 23719 19824
1503284400 23719 19824 23719 19824
1503282600 23719 19824 23719 19824
1503280800 23719 19824 23719 19824
1503279000 23719 19824 23719 19824
1503277200 23719 19824 23719 19824
1503275400 23719 19824 23719 19824
1503273600 23719 19824 23719 19824
1503271800 23719 19824 23719 19824
1503270000 23719 19824 23719 19824
1503268200 23719 19824 23719 19824
1503266400 23719 19824 23719 19824
1503264600 23719 19824 23719 19824
1503262800 23719 19824 23719 19824
1503261000 23719 19824 23719 19824
1503259200 23719 19824 23719 19824
1503257400 23719 19824 23719 19824
1503255600 23719 19824 23719 19824
1503253800 23719 19824 23719 19824
1503252000 23719 19824 23719 19824
1503250200 23719 19824 23719 19824
1503248400 23719 19824 23719 19824
1503246600 23719 19824 23719 19824
1503244800 23719 19824 23719 19824
1503243000 23719 19824 23719 19824
1503241200 23719 19824 23719 19824
1503239400 23719 19824 23719 19824
1503237600 23719 19824 23719 19824
1503235800 23719 19824 23719 19824
1503234000 23719 19824 23719 19824
1503232200 23719 19824 23719 19824
1503230400 23719 19824 23719 19824
1503228600 23719 19824 23719 19824
1503226800 23719 19824 23719 19824
1503225000 23719 19824 23719 19824
1503223200 23719 19824 23719 19824
1503221400 23719 19824 23719 19824
1503219600 23719 19824 23719 19824
1503217800 23719 19824 23719 19824
1503216000 23719 19824 23719 19824
1503214200 23719 19824 23719 19824
1503212400 23719 19824 23719 19824
1503210600 23719 19824 23719 19824
1503208800 23719 19824 23719 19824
1503207000 23719 19824 23719 19824
1503205200 23719 19824 23719 19824
1503203400 23719 19824 23719 19824
1503201600 23719 19824 23719 19824
1503199800 23719 19824 23719 19824
1503198000 23719 19824 23719 19824
1503196200 23719 19824 23719 19824
1503194400 23719 19824 23719 19824
1503192600 23719 19824 23719 19824
1503190800 23719 19824 23719 19824
1503189000 23719 19824 23719 19824
1503187200 23719 19824 23719 19824
1503185400 23719 19824 23719 19824
1503183600 23719 19824 23719 19824
1503181800 23719 19824 23719 19824
1503180000 23719 19824 23719 19824
1503178200 23719 19824 23719 19824
1503176400 23719 19824 23719 19824
1503174600 23719 19824 23719 19824
1503172800 23719 19824 23719 19824
1503171000 23719 19824 23719 19824
1503169200 23719 19824 23719 19824
1503167400 23719 19824 23719 19824
1503165600 23719 19824 23719 19824
1503163800 23719 19824 23719 19824
1503162000 23719 19824 23719 19824
1503160200 23719 19824 23719 19824
1503158400 23719 19824 23719 19824
1503156600 23719 19824 23719 19824
1503154800 23719 19824 23719 19824
1503153000 23719 19824 23719 19824
1503151200 23719 19824 23719 19824
1503149400 23719 19824 23719 19824
1503147600 23719 19824 23719 19824
1503145800 23719 19824 23719 19824
1503144000 23719 19824 23719 19824
1503142200 23719 19824 23719 19824
1503140400 23719 19824 23719 19824
1503138600 23719 19824 23719 19824
1503136800 23719 19824 23719 19824
1503135000 23719 19824 23719 19824
1503133200 23719 19824 23719 19824
1503131400 23719 19824 23719 19824
1503129600 23719 19824 23719 19824
1503127800 23719 19824 23719 19824
1503126000 23719 19824 23719 19824
1503124200 23719 19824 23719 19824
1503122400 23719 19824 23719 19824
1503120600 23719 19824 23719 19824
1503118800 23719 19824 23719 19824
1503117000 23719 19824 23719 19824
1503115200 23719 19824 23719 19824
1503113400 23719 19824 23719 19824
1503111600 23719 19824 23719 19824
1503109800 23719 19824 23719 19824
1503108000 23719 19824 23719 19824
1503106200 23719 19824 23719 19824
1503104400 23719 19824 23719 19824
1503102600 23719 19824 23719 19824
1503100800 23719 19824 23719 19824
1503099000 23719 19824 23719 19824
1503097200 23719 19824 23719 19824
1503095400 23719 19824 23719 19824
1503093600 23719 19824 23719 19824
1503091800 23719 19824 23719 19824
1503090000 23719 19824 23719 19824
1503088200 23719 19824 23719 19824
1503086400 23719 19824 23719 19824
1503084600 23719 19824 23719 19824
1503082800 23719 19824 23719 19824
1503081000 23719 19824 23719 19824
1503079200 23719 19824 23719 19824
1503077400 23719 19824 23719 19824
1503075600 23719 19824 23719 19824
1503073800 23719 19824 23719 19824
1503072000 23719 19824 23719 19824
1503070200 23719 19824 23719 19824
1503068400 23719 19824 23719 19824
1503066600 23719 19824 23719 19824
1503064800 23719 19824 23719 19824
1503063000 23719 19824 23719 19824
1503061200 23719 19824 23719 19824
1503059400 23719 19824 23719 19824
1503057600 23719 19824 23719 19824
1503055800 23719 19824 23719 19824
1503054000 23719 19824 23719 19824
1503052200 23719 19824 23719 19824
1503050400 23719 19824 23719 19824
1503048600 23719 19824 23719 19824
1503046800 23719 19824 23719 19824
1503045000 23719 19824 23719 19824
1503043200 23719 19824 23719 19824
1503041400 23719 19824 23719 19824
1503039600 23719 19824 23719 19824
1503037800 23719 19824 23719 19824
1503036000 23719 19824 23719 19824
1503028800 23719 19824 23719 19824
1503021600 23719 19824 23719 19824
1503014400 23719 19824 23719 19824
1503007200 23719 19824 23719 19824
1503000000 23719 19824 23719 19824
1502992800 23719 19824 23719 19824
1502985600 23719 19824 23719 19824
1502978400 23719 19824 23719 19824
1502971200 23719 19824 23719 19824
1502964000 23719 19824 23719 19824
1502956800 23719 19824 23719 19824
1502949600 23719 19824 23719 19824
1502942400 23719 19824 23719 19824
1502935200 23719 19824 23719 19824
1502928000 23719 19824 23719 19824
1502920800 23719 19824 23719 19824
1502913600 23719 19824 23719 19824
1502906400 23719 19824 23719 19824
1502899200 23719 19824 23719 19824
1502892000 23719 19824 23719 19824
1502884800 23719 19824 23719 19824
1502877600 23719 19824 23719 19824
1502870400 23719 19824 23719 19824
1502863200 23719 19824 23719 19824
1502856000 23719 19824 23719 19824
1502848800 23719 19824 23719 19824
1502841600 23719 19824 23719 19824
1502834400 23719 19824 23719 19824
1502827200 23719 19824 23719 19824
1502820000 23719 19824 23719 19824
1502812800 23719 19824 23719 19824
1502805600 23719 19824 23719 19824
1502798400 23719 19824 23719 19824
1502791200 23719 19824 23719 19824
1502784000 23719 19824 23719 19824
1502776800 23719 19824 23719 19824
1502769600 23719 19824 23719 19824
1502762400 23719 19824 23719 19824
1502755200 23719 19824 23719 19824
1502748000 23719 19824 23719 19824
1502740800 23719 19824 23719 19824
1502733600 23719 19824 23719 19824
1502726400 23719 19824 23719 19824
1502719200 23719 19824 23719 19824
1502712000 23719 19824 23719 19824
1502704800 23719 19824 23719 19824
1502697600 23719 19824 23719 19824
1502690400 23719 19824 23719 19824
1502683200 23719 19824 23719 19824
1502676000 23719 19824 23719 19824
1502668800 23719 19824 23719 19824
1502661600 23719 19824 23719 19824
1502654400 23719 19824 23719 19824
1502647200 23719 19824 23719 19824
1502640000 23719 19824 23719 19824
1502632800 23719 19824 23719 19824
1502625600 23719 19824 23719 19824
1502618400 23719 19824 23719 19824
1502611200 23719 19824 23719 19824
1502604000 23719 19824 23719 19824
1502596800 23719 19824 23719 19824
1502589600 23719 19824 23719 19824
1502582400 23719 19824 23719 19824
1502575200 23719 19824 23719 19824
1502568000 23719 19824 23719 19824
1502560800 23719 19824 23719 19824
1502553600 23719 19824 23719 19824
1502546400 23719 19824 23719 19824
1502539200 23719 19824 23719 19824
1502532000 23719 19824 23719 19824
1502524800 23719 19824 23719 19824
1502517600 23719 19824 23719 19824
1502510400 23719 19824 23719 19824
1502503200 23719 19824 23719 19824
1502496000 23719 19824 23719 19824
1502488800 23719 19824 23719 19824
1502481600 23719 19824 23719 19824
1502474400 23719 19824 23719 19824
1502467200 23719 19824 23719 19824
1502460000 23719 19824 23719 19824
1502452800 23719 19824 23719 19824
1502445600 23719 19824 23719 19824
1502438400 23719 19824 23719 19824
1502431200 23719 19824 23719 19824
1502424000 23719 19824 23719 19824
1502416800 23719 19824 23719 19824
1502409600 23719 19824 23719 19824
1502402400 23719 19824 23719 19824
1502395200 23719 19824 23719 19824
1502388000 23719 19824 23719 19824
1502380800 23719 19824 23719 19824
1502373600 23719 19824 23719 19824
1502366400 23719 19824 23719 19824
1502359200 23719 19824 23719 19824
1502352000 23719 19824 23719 19824
1502344800 23719 19824 23719 19824
1502337600 23719 19824 23719 19824
1502330400 23719 19824 23719 19824
1502323200 23719 19824 23719 19824
1502316000 23719 19824 23719 19824
1502308800 23719 19824 23719 19824
1502301600 23719 19824 23719 19824
1502294400 23719 19824 23719 19824
1502287200 23719 19824 23719 19824
1502280000 23719 19824 23719 19824
1502272800 23719 19824 23719 19824
1502265600 23719 19824 23719 19824
1502258400 23719 19824 23719 19824
1502251200 23719 19824 23719 19824
1502244000 23719 19824 23719 19824
1502236800 23719 19824 23719 19824
1502229600 23719 19824 23719 19824
1502222400 23719 19824 23719 19824
1502215200 23719 19824 23719 19824
1502208000 23719 19824 23719 19824
1502200800 23719 19824 23719 19824
1502193600 23719 19824 23719 19824
1502186400 23719 19824 23719 19824
1502179200 23719 19824 23719 19824
1502172000 23719 19824 23719 19824
1502164800 23719 19824 23719 19824
1502157600 23719 19824 23719 19824
1502150400 23719 19824 23719 19824
1502143200 23719 19824 23719 19824
1502136000 23719 19824 23719 19824
1502128800 23719 19824 23719 19824
1502121600 23719 19824 23719 19824
1502114400 23719 19824 23719 19824
1502107200 23719 19824 23719 19824
1502100000 23719 19824 23719 19824
1502092800 23719 19824 23719 19824
1502085600 23719 19824 23719 19824
1502078400 23719 19824 23719 19824
1502071200 23719 19824 23719 19824
1502064000 23719 19824 23719 19824
1502056800 23719 19824 23719 19824
1502049600 23719 19824 23719 19824
1502042400 23719 19824 23719 19824
1502035200 23719 19824 23719 19824
1502028000 23719 19824 23719 19824
1502020800 23719 19824 23719 19824
1502013600 23719 19824 23719 19824
1502006400 23719 19824 23719 19824
1501999200 23719 19824 23719 19824
1501992000 23719 19824 23719 19824
1501984800 23719 19824 23719 19824
1501977600 23719 19824 23719 19824
1501970400 23719 19824 23719 19824
1501963200 23719 19824 23719 19824
1501956000 23719 19824 23719 19824
1501948800 23719 19824 23719 19824
1501941600 23719 19824 23719 19824
1501934400 23719 19824 23719 19824
1501927200 23719 19824 23719 19824
1501920000 23719 19824 23719 19824
1501912800 23719 19824 23719 19824
1501905600 23719 19824 23719 19824
1501898400 23719 19824 23719 19824
1501891200 23719 19824 23719 19824
1501884000 23719 19824 23719 19824
1501876800 23719 19824 23719 19824
1501869600 23719 19824 23719 19824
1501862400 23719 19824 23719 19824
1501855200 23719 19824 23719 19824
1501848000 23719 19824 23719 19824
1501840800 23719 19824 23719 19824
1501833600 23719 19824 23719 19824
1501826400 23719 19824 23719 19824
1501819200 23719 19824 23719 19824
1501812000 23719 19824 23719 19824
1501804800 23719 19824 23719 19824
1501797600 23719 19824 23719 19824
1501790400 23719 19824 23719 19824
1501783200 23719 19824 23719 19824
1501776000 23719 19824 23719 19824
1501768800 23719 19824 23719 19824
1501761600 23719 19824 23719 19824
1501754400 23719 19824 23719 19824
1501747200 23719 19824 23719 19824
1501740000 23719 19824 23719 19824
1501732800 23719 19824 23719 19824
1501725600 23719 19824 23719 19824
1501718400 23719 19824 23719 19824
1501711200 23719 19824 23719 19824
1501704000 23719 19824 23719 19824
1501696800 23719 19824 23719 19824
1501689600 23719 19824 23719 19824
1501682400 23719 19824 23719 19824
1501675200 23719 19824 23719 19824
1501668000 23719 19824 23719 19824
1501660800 23719 19824 23719 19824
1501653600 23719 19824 23719 19824
1501646400 23719 19824 23719 19824
1501639200 23719 19824 23719 19824
1501632000 23719 19824 23719 19824
1501624800 23719 19824 23719 19824
1501617600 23719 19824 23719 19824
1501610400 23719 19824 23719 19824
1501603200 23719 19824 23719 19824
1501596000 23719 19824 23719 19824
1501588800 23719 19824 23719 19824
1501581600 23719 19824 23719 19824
1501574400 23719 19824 23719 19824
1501567200 23719 19824 23719 19824
1501560000 23719 19824 23719 19824
1501552800 23719 19824 23719 19824
1501545600 23719 19824 23719 19824
1501538400 23719 19824 23719 19824
1501531200 23719 19824 23719 19824
1501524000 23719 19824 23719 19824
1501516800 23719 19824 23719 19824
1501509600 23719 19824 23719 19824
1501502400 23719 19824 23719 19824
1501495200 23719 19824 23719 19824
1501488000 23719 19824 23719 19824
1501480800 23719 19824 23719 19824
1501473600 23719 19824 23719 19824
1501466400 23719 19824 23719 19824
1501459200 23719 19824 23719 19824
1501452000 23719 19824 23719 19824
1501444800 23719 19824 23719 19824
1501437600 23719 19824 23719 19824
1501430400 23719 19824 23719 19824
1501423200 23719 19824 23719 19824
1501416000 23719 19824 23719 19824
1501408800 23719 19824 23719 19824
1501401600 23719 19824 23719 19824
1501394400 23719 19824 23719 19824
1501387200 23719 19824 23719 19824
1501380000 23719 19824 23719 19824
1501372800 23719 19824 23719 19824
1501365600 23719 19824 23719 19824
1501358400 23719 19824 23719 19824
1501351200 23719 19824 23719 19824
1501344000 23719 19824 23719 19824
1501336800 23719 19824 23719 19824
1501329600 23719 19824 23719 19824
1501322400 23719 19824 23719 19824
1501315200 23719 19824 23719 19824
1501308000 23719 19824 23719 19824
1501300800 23719 19824 23719 19824
1501293600 23719 19824 23719 19824
1501286400 23719 19824 23719 19824
1501279200 23719 19824 23719 19824
1501272000 23719 19824 23719 19824
1501264800 23719 19824 23719 19824
1501257600 23719 19824 23719 19824
1501250400 23719 19824 23719 19824
1501243200 23719 19824 23719 19824
1501236000 23719 19824 23719 19824
1501228800 23719 19824 23719 19824
1501221600 23719 19824 23719 19824
1501214400 23719 19824 23719 19824
1501207200 23719 19824 23719 19824
1501200000 23719 19824 23719 19824
1501192800 23719 19824 23719 19824
1501185600 23719 19824 23719 19824
1501178400 23719 19824 23719 19824
1501171200 23719 19824 23719 19824
1501164000 23719 19824 23719 19824
1501156800 23719 19824 23719 19824
1501149600 23719 19824 23719 19824
1501142400 23719 19824 23719 19824
1501135200 23719 19824 23719 19824
1501128000 23719 19824 23719 19824
1501120800 23719 19824 23719 19824
1501113600 23719 19824 23719 19824
1501106400 23719 19824 23719 19824
1501099200 23719 19824 23719 19824
1501092000 23719 19824 23719 19824
1501084800 23719 19824 23719 19824
1501077600 23719 19824 23719 19824
1501070400 23719 19824 23719 19824
1501063200 23719 19824 23719 19824
1501056000 23719 19824 23719 19824
1501048800 23719 19824 23719 19824
1501041600 23719 19824 23719 19824
1501034400 23719 19824 23719 19824
1501027200 23719 19824 23719 19824
1501020000 23719 19824 23719 19824
1501012800 23719 19824 23719 19824
1501005600 23719 19824 23719 19824
1500998400 23719 19824 23719 19824
1500991200 23719 19824 23719 19824
1500984000 23719 19824 23719 19824
1500976800 23719 19824 23719 19824
1500969600 23719 19824 23719 19824
1500962400 23719 19824 23719 19824
1500955200 23719 19824 23719 19824
1500948000 23719 19824 23719 19824
1500940800 23719 19824 23719 19824
1500933600 23719 19824 23719 19824
1500926400 23719 19824 23719 19824
1500919200 23719 19824 23719 19824
1500912000 23719 19824 23719 19824
1500904800 23719 19824 23719 19824
1500897600 23719 19824 23719 19824
1500890400 23719 19824 23719 19824
1500883200 23719 19824 23719 19824
1500876000 23719 19824 23719 19824
1500868800 23719 19824 23719 19824
1500861600 23719 19824 23719 19824
1500854400 23719 19824 23719 19824
1500847200 23719 19824 23719 19824
1500840000 23719 19824 23719 19824
1500832800 23719 19824 23719 19824
1500825600 23719 19824 23719 19824
1500818400 23719 19824 23719 19824
1500811200 23719 19824 23719 19824
1500804000 23719 19824 23719 19824
1500796800 23719 19824 23719 19824
1500789600 23719 19824 23719 19824
1500782400 23719 19824 23719 19824
1500775200 23719 19824 23719 19824
1500768000 23719 19824 23719 19824
1500760800 23719 19824 23719 19824
1500753600 23719 19824 23719 19824
1500746400 23719 19824 23719 19824
1500739200 23719 19824 23719 19824
1500732000 23719 19824 23719 19824
1500724800 23714 19816 23719 19824
1500717600 23633 20030 23686 20770
1500710400 29927 19713 43098 20770
1500703200 23266 19394 23317 19450
1500696000 23316 20262 23671 23712
1500688800 295308 26839 767237 39055
1500681600 53235 22640 200023 33664
1500674400 395227 32885 1172691 55195
1500667200 814893 47695 2302412 93733
1500660000 630336 48610 1925765 82029
1500652800 514553 48123 1544420 155121
1500645600 261781 40905 1327248 333365
1500638400 105257 22442 1424954 55987
1500631200 20790 19503 21971 29475
1500624000 26728 18733 179017 25570
1500616800 19527 17899 20510 24941
1500609600 18840 17475 19721 24487
1500602400 108029 19241 1323697 50709
1500595200 216394 21529 1747219 60738
1500588000 380312 27908 1662156 58725
1500580800 398606 28009 1740893 64288
1500573600 678455 37672 2457945 89681
1500566400 786063 43356 3075449 104585
1500559200 691098 84890 2181782 970183
1500552000 104180 16701 624653 43559
1500544800 14566 13421 15492 23509
1500537600 20659 13170 173716 24636
1500530400 13934 12011 16155 19508
1500523200 33670 12358 377335 20194
1500516000 78912 12828 959095 35567
1500508800 91359 12903 835247 30797
1500501600 406674 22475 1239871 43071
1500494400 790194 31085 3341583 96050
1500487200 969156 34406 3341583 96050
1500480000 978529 40790 2663377 87725
1500472800 139422 24153 1346534 54877
1500465600 25989 22375 25989 22375
1500458400 25989 22375 25989 22375
1500451200 25989 22375 25989 22375
1500444000 25989 22375 25989 22375
1500436800 25989 22375 25989 22375
1500429600 25989 22375 25989 22375
1500422400 25989 22375 25989 22375
1500415200 25989 22375 25989 22375
1500408000 25989 22375 25989 22375
1500400800 25989 22375 25989 22375
1500393600 25989 22375 25989 22375
1500386400 25989 22375 25989 22375
1500379200 25989 22375 25989 22375
1500372000 25989 22375 25989 22375
1500364800 25989 22375 25989 22375
1500357600 25989 22375 25989 22375
1500350400 25989 22375 25989 22375
1500343200 25989 22375 25989 22375
1500336000 25989 22375 25989 22375
1500328800 25989 22375 25989 22375
1500321600 25989 22375 25989 22375
1500314400 25989 22375 25989 22375
1500307200 25989 22375 25989 22375
1500300000 25989 22375 25989 22375
1500292800 25989 22375 25989 22375
1500285600 25989 22375 25989 22375
1500278400 25989 22375 25989 22375
1500271200 25989 22375 25989 22375
1500264000 25989 22375 25989 22375
1500256800 25989 22375 25989 22375
1500249600 25989 22375 25989 22375
1500242400 25989 22375 25989 22375
1500235200 25989 22375 25989 22375
1500228000 25989 22375 25989 22375
1500220800 25989 22375 25989 22375
1500213600 25989 22375 25989 22375
1500206400 25989 22375 25989 22375
1500199200 25989 22375 25989 22375
1500192000 25989 22375 25989 22375
1500184800 25989 22375 25989 22375
1500177600 25989 22375 25989 22375
1500170400 25989 22375 25989 22375
1500163200 25989 22375 25989 22375
1500156000 25989 22375 25989 22375
1500148800 25989 22375 25989 22375
1500141600 25989 22375 25989 22375
1500134400 25989 22375 25989 22375
1500127200 25989 22375 25989 22375
1500120000 25989 22375 25989 22375
1500112800 25989 22375 25989 22375
1500105600 25989 22375 25989 22375
1500098400 25989 22375 25989 22375
1500091200 25989 22375 25989 22375
1500084000 25989 22375 25989 22375
1500076800 25989 22375 25989 22375
1500069600 25989 22375 25989 22375
1500062400 25989 22375 25989 22375
1500055200 25989 22375 25989 22375
1500048000 25989 22375 25989 22375
1500040800 25989 22375 25989 22375
1500033600 25989 22375 25989 22375
1500026400 25989 22375 25989 22375
1500019200 25989 22375 25989 22375
1500012000 25989 22375 25989 22375
1500004800 25989 22375 25989 22375
1499997600 25989 22375 25989 22375
1499990400 25989 22375 25989 22375
1499983200 25989 22375 25989 22375
1499976000 25989 22375 25989 22375
1499968800 25989 22375 25989 22375
1499961600 25989 22375 25989 22375
1499954400 25989 22375 25989 22375
1499947200 25989 22375 25989 22375
1499940000 25989 22375 25989 22375
1499932800 25989 22375 25989 22375
1499925600 25989 22375 25989 22375
1499918400 25989 22375 25989 22375
1499911200 25989 22375 25989 22375
1499904000 25989 22375 25989 22375
1499896800 25989 22375 25989 22375
1499889600 25989 22375 25989 22375
1499882400 25989 22375 25989 22375
1499875200 25989 22375 25989 22375
1499868000 25989 22375 25989 22375
1499860800 25989 22375 25989 22375
1499853600 25989 22375 25989 22375
1499846400 25989 22375 25989 22375
1499839200 25989 22375 25989 22375
1499832000 25989 22375 25989 22375
1499824800 25989 22375 25989 22375
1499817600 25989 22375 25989 22375
1499810400 25989 22375 25989 22375
1499803200 25989 22375 25989 22375
1499796000 25989 22375 25989 22375
1499788800 25989 22375 25989 22375
1499781600 25989 22375 25989 22375
1499774400 25989 22375 25989 22375
1499767200 25989 22375 25989 22375
1499760000 25989 22375 25989 22375
1499752800 25989 22375 25989 22375
1499745600 25989 22375 25989 22375
1499738400 25989 22375 25989 22375
1499731200 25989 22375 25989 22375
1499724000 25989 22375 25989 22375
1499716800 25989 22375 25989 22375
1499709600 25989 22375 25989 22375
1499702400 25989 22375 25989 22375
1499695200 25989 22375 25989 22375
1499688000 25989 22375 25989 22375
1499680800 25989 22375 25989 22375
1499673600 25989 22375 25989 22375
1499666400 25989 22375 25989 22375
1499659200 25989 22375 25989 22375
1499652000 25989 22375 25989 22375
1499644800 25989 22375 25989 22375
1499637600 25989 22375 25989 22375
1499630400 25989 22375 25989 22375
1499623200 25989 22375 25989 22375
1499616000 25989 22375 25989 22375
1499608800 25989 22375 25989 22375
1499601600 25989 22375 25989 22375
1499594400 25989 22375 25989 22375
1499587200 25989 22375 25989 22375
1499580000 25989 22375 25989 22375
1499572800 25989 22375 25989 22375
1499565600 25989 22375 25989 22375
1499558400 25989 22375 25989 22375
1499551200 25989 22375 25989 22375
1499544000 25989 22375 25989 22375
1499536800 25989 22375 25989 22375
1499529600 25989 22375 25989 22375
1499522400 25989 22375 25989 22375
1499515200 25989 22375 25989 22375
1499508000 25989 22375 25989 22375
1499500800 25989 22375 25989 22375
1499493600 25989 22375 25989 22375
1499486400 25989 22375 25989 22375
1499479200 25989 22375 25989 22375
1499472000 25989 22375 25989 22375
1499464800 25989 22375 25989 22375
1499457600 25989 22375 25989 22375
1499450400 25989 22375 25989 22375
1499443200 25989 22375 25989 22375
1499436000 25989 22375 25989 22375
1499428800 25989 22375 25989 22375
1499421600 25989 22375 25989 22375
1499414400 25989 22375 25989 22375
1499407200 25989 22375 25989 22375
1499400000 25989 22375 25989 22375
1499392800 25989 22375 25989 22375
1499385600 25989 22375 25989 22375
1499378400 25989 22375 25989 22375
1499371200 25989 22375 25989 22375
1499364000 25989 22375 25989 22375
1499356800 25989 22375 25989 22375
1499349600 25989 22375 25989 22375
1499342400 25989 22375 25989 22375
1499335200 25989 22375 25989 22375
1499328000 25989 22375 25989 22375
1499320800 25989 22375 25989 22375
1499313600 25989 22375 25989 22375
1499306400 25989 22375 25989 22375
1499299200 25989 22375 25989 22375
1499292000 25989 22375 25989 22375
1499284800 25989 22375 25989 22375
1499277600 25989 22375 25989 22375
1499270400 25989 22375 25989 22375
1499263200 25989 22375 25989 22375
1499256000 25989 22375 25989 22375
1499248800 25989 22375 25989 22375
1499241600 25989 22375 25989 22375
1499234400 25989 22375 25989 22375
1499227200 25989 22375 25989 22375
1499220000 25989 22375 25989 22375
1499212800 25989 22375 25989 22375
1499205600 25989 22375 25989 22375
1499198400 25989 22375 25989 22375
1499191200 25989 22375 25989 22375
1499184000 25989 22375 25989 22375
1499176800 25989 22375 25989 22375
1499169600 25989 22375 25989 22375
1499162400 25989 22375 25989 22375
1499155200 25989 22375 25989 22375
1499148000 25989 22375 25989 22375
1499140800 25989 22375 25989 22375
1499133600 25989 22375 25989 22375
1499126400 25989 22375 25989 22375
1499119200 25989 22375 25989 22375
1499112000 25989 22375 25989 22375
1499104800 25989 22375 25989 22375
1499097600 25989 22375 25989 22375
1499090400 25989 22375 25989 22375
1499083200 25989 22375 25989 22375
1499076000 25989 22375 25989 22375
1499068800 25989 22375 25989 22375
1499061600 25989 22375 25989 22375
1499054400 25989 22375 25989 22375
1499047200 25989 22375 25989 22375
1499040000 25989 22375 25989 22375
1499032800 25989 22375 25989 22375
1499025600 25989 22375 25989 22375
1499018400 25989 22375 25989 22375
1499011200 25989 22375 25989 22375
1499004000 25989 22375 25989 22375
1498996800 25989 22375 25989 22375
1498989600 25989 22375 25989 22375
1498982400 25989 22375 25989 22375
1498975200 25989 22375 25989 22375
1498968000 25989 22375 25989 22375
1498960800 25989 22375 25989 22375
1498953600 25989 22375 25989 22375
1498946400 25989 22375 25989 22375
1498939200 25989 22375 25989 22375
1498932000 25989 22375 25989 22375
1498924800 25989 22375 25989 22375
1498917600 25989 22375 25989 22375
1498910400 25989 22375 25989 22375
1498903200 25989 22375 25989 22375
1498896000 25989 22375 25989 22375
1498888800 25989 22375 25989 22375
1498881600 25989 22375 25989 22375
1498874400 25989 22375 25989 22375
1498867200 25989 22375 25989 22375
1498860000 25989 22375 25989 22375
1498852800 25989 22375 25989 22375
1498845600 25989 22375 25989 22375
1498838400 25989 22375 25989 22375
1498831200 25989 22375 25989 22375
1498824000 25989 22375 25989 22375
1498816800 25989 22375 25989 22375
1498809600 25989 22375 25989 22375
1498802400 25989 22375 25989 22375
1498795200 25989 22375 25989 22375
1498788000 25989 22375 25989 22375
1498780800 25989 22375 25989 22375
1498773600 25989 22375 25989 22375
1498766400 25989 22375 25989 22375
1498759200 25989 22375 25989 22375
1498752000 25989 22375 25989 22375
1498744800 25989 22375 25989 22375
1498737600 25989 22375 25989 22375
1498730400 25989 22375 25989 22375
1498723200 25989 22375 25989 22375
1498716000 25989 22375 25989 22375
1498694400 25989 22375 25989 22375
1498608000 25989 22375 25989 22375
1498521600 25989 22375 25989 22375
1498435200 25989 22375 25989 22375
1498348800 25989 22375 25989 22375
1498262400 25989 22375 25989 22375
1498176000 25989 22375 25989 22375
1498089600 25989 22375 25989 22375
1498003200 25989 22375 25989 22375
1497916800 25989 22375 25989 22375
1497830400 25989 22375 25989 22375
1497744000 30652 22014 574831 33732
1497657600 294907 77221 2574371 5201116
1497571200 290832 40356 2800879 1812466
1497484800 24293 26449 24293 26449
1497398400 24293 26449 24293 26449
1497312000 24293 26449 24293 26449
1497225600 40367 21197 557492 32848
1497139200 32703 14505 1301089 42840
1497052800 470238 29011 3250672 120777
1496966400 527114 50631 3201824 492238
1496880000 399229 33048 3092643 102512
1496793600 374033 48962 3627380 879653
1496707200 410441 55646 3780305 383147
1496620800 32724 25010 289932 48430
1496534400 47559 24935 1079652 50008
1496448000 687913 75114 4033298 7197145
1496361600 585598 69251 3410202 4706092
1496275200 418655 45097 3807741 227718
1496188800 423577 42734 2593889 212621
1496102400 651648 58918 3590703 1016745
1496016000 42178 29292 1488615 801860
1495929600 28057 24555 28057 24555
1495843200 709050 53220 2902220 279300
1495756800 560458 36029 3056127 226423
1495670400 694442 51842 3987191 694934
1495584000 2848566 90528 2848566 90528
1495497600 2848566 90528 2848566 90528
1495411200 2848566 90528 2848566 90528
1495324800 2848566 90528 2848566 90528
1495238400 2848566 90528 2848566 90528
1495152000 828117 99039 5785597 1152447
1495065600 483163 24493 3528493 121818
1494979200 126245 20225 3203198 151079
1494892800 20698 18256 20698 18256
1494806400 20698 18256 20698 18256
1494720000 39692 20111 979178 280885
1494633600 493208 48126 3521226 1733643
1494547200 374162 35588 3196837 981936
1494460800 20494 17613 20494 17613
1494374400 20494 17613 20494 17613
1494288000 20494 17613 20494 17613
1494201600 20494 17613 20494 17613
1494115200 20494 17613 20494 17613
1494028800 20494 17613 20494 17613
1493942400 20494 17613 20494 17613
1493856000 20494 17613 20494 17613
1493769600 20494 17613 20494 17613
1493683200 20494 17613 20494 17613
1493596800 20494 17613 20494 17613
1493510400 20494 17613 20494 17613
1493424000 20494 17613 20494 17613
1493337600 20494 17613 20494 17613
1493251200 20494 17613 20494 17613
1493164800 20494 17613 20494 17613
1493078400 20494 17613 20494 17613
1492992000 20494 17613 20494 17613
1492905600 20494 17613 20494 17613
1492819200 20494 17613 20494 17613
1492732800 20494 17613 20494 17613
1492646400 20494 17613 20494 17613
1492560000 20494 17613 20494 17613
1492473600 20494 17613 20494 17613
1492387200 20494 17613 20494 17613
1492300800 20494 17613 20494 17613
1492214400 20494 17613 20494 17613
1492128000 20494 17613 20494 17613
1492041600 20494 17613 20494 17613
1491955200 20494 17613 20494 17613
1491868800 20494 17613 20494 17613
1491782400 20494 17613 20494 17613
1491696000 20494 17613 20494 17613
1491609600 20494 17613 20494 17613
1491523200 20494 17613 20494 17613
1491436800 20494 17613 20494 17613
1491350400 20494 17613 20494 17613
1491264000 20494 17613 20494 17613
1491177600 20428 17547 20763 17860
1491091200 26677 13476 880202 31619
1491004800 374228 37403 2603479 613463
1490918400 488916 42638 3809444 826618
1490832000 902643 67324 4176620 2795770
1490745600 743293 41037 3938971 295381
1490659200 206879 12253 206879 12253
1490572800 206879 12253 206879 12253
1490486400 206879 12253 206879 12253
1490400000 206879 12253 206879 12253
1490313600 206879 12253 206879 12253
1490227200 206879 12253 206879 12253
1490140800 206879 12253 206879 12253
1490054400 206879 12253 206879 12253
1489968000 206879 12253 206879 12253
1489881600 206879 12253 206879 12253
1489795200 206879 12253 206879 12253
1489708800 206879 12253 206879 12253
1489622400 94855 30604 1070560 1577886
1489536000 92028 35853 2380812 1201623
1489449600 177040 57316 3313453 2263059
1489363200 7453 8096 201973 511236
1489276800 12471 8322 633613 512850
1489190400 99548 31598 1406890 2248290
1489104000 86173 37639 1011397 1642412
1489017600 90842 35942 1789445 1651977
1488931200 59877 22398 1182888 496030
1488844800 71461 49039 903751 3204795
1488758400 13714 9727 462261 700526
1488672000 13312 6466 485311 145324
1488585600 71398 17377 1333939 216005
1488499200 58587 12151 1167425 134807
1488412800 65202 19979 1420464 1641280
1488326400 26343 11835 813993 221565
1488240000 57637 12879 1370865 288464
1488153600 6446 5776 145771 18404
1488067200 6980 5444 229539 66615
1487980800 64758 13889 844297 135504
1487894400 39613 12890 810249 397153
1487808000 49195 13465 860389 95592
1487721600 44883 16012 1293574 229550
1487635200 4630 4148 4689 4272
1487548800 4613 4161 4758 4309
1487462400 6329 3945 305266 12069
1487376000 67363 12101 870655 190825
1487289600 51556 38172 1209195 6187206
1487203200 50857 20022 839669 592878
1487116800 0 0 0 0
1487030400 0 0 0 0
1486944000 0 0 0 0
1486857600 0 0 0 0
1486771200 0 0 0 0
1486684800 0 0 0 0
1486598400 0 0 0 0
1486512000 0 0 0 0
1486425600 0 0 0 0
1486339200 0 0 0 0
1486252800 0 0 0 0
1486166400 0 0 0 0
1486080000 0 0 0 0
1485993600 0 0 0 0
1485907200 0 0 0 0
1485820800 0 0 0 0
1485734400 0 0 0 0
1485648000 0 0 0 0
1485561600 0 0 0 0
1485475200 0 0 0 0
1485388800 0 0 0 0
1485302400 0 0 0 0
1485216000 0 0 0 0
1485129600 0 0 0 0
1485043200 0 0 0 0
1484956800 0 0 0 0
1484870400 0 0 0 0
1484784000 0 0 0 0
1484697600 0 0 0 0
1484611200 0 0 0 0
1484524800 0 0 0 0
1484438400 0 0 0 0
1484352000 0 0 0 0
1484265600 0 0 0 0
1484179200 0 0 0 0
1484092800 0 0 0 0
1484006400 0 0 0 0
1483920000 0 0 0 0
1483833600 0 0 0 0
1483747200 0 0 0 0
1483660800 0 0 0 0
1483574400 0 0 0 0
1483488000 0 0 0 0
1483401600 0 0 0 0
1483315200 0 0 0 0
1483228800 0 0 0 0
1483142400 0 0 0 0
1483056000 0 0 0 0
1482969600 0 0 0 0
1482883200 0 0 0 0
1482796800 0 0 0 0
1482710400 0 0 0 0
1482624000 0 0 0 0
1482537600 0 0 0 0
1482451200 0 0 0 0
1482364800 0 0 0 0
1482278400 0 0 0 0
1482192000 0 0 0 0
1482105600 0 0 0 0
1482019200 0 0 0 0
1481932800 0 0 0 0
1481846400 0 0 0 0
1481760000 0 0 0 0
1481673600 0 0 0 0
1481587200 0 0 0 0
1481500800 0 0 0 0
1481414400 0 0 0 0
1481328000 0 0 0 0
1481241600 0 0 0 0
1481155200 0 0 0 0
1481068800 0 0 0 0
1480982400 0 0 0 0
1480896000 0 0 0 0
1480809600 0 0 0 0
1480723200 0 0 0 0
1480636800 0 0 0 0
1480550400 0 0 0 0
1480464000 0 0 0 0
1480377600 0 0 0 0
1480291200 0 0 0 0
1480204800 0 0 0 0
1480118400 0 0 0 0
1480032000 0 0 0 0
1479945600 0 0 0 0
1479859200 0 0 0 0
1479772800 0 0 0 0
1479686400 0 0 0 0
1479600000 0 0 0 0
1479513600 0 0 0 0
1479427200 0 0 0 0
1479340800 0 0 0 0
1479254400 0 0 0 0
1479168000 0 0 0 0
1479081600 0 0 0 0
1478995200 0 0 0 0
1478908800 0 0 0 0
1478822400 0 0 0 0
1478736000 0 0 0 0
1478649600 0 0 0 0
1478563200 0 0 0 0
1478476800 0 0 0 0
1478390400 0 0 0 0
1478304000 0 0 0 0
1478217600 0 0 0 0
1478131200 0 0 0 0
1478044800 0 0 0 0
1477958400 0 0 0 0
1477872000 0 0 0 0
1477785600 0 0 0 0
1477699200 0 0 0 0
1477612800 0 0 0 0
1477526400 0 0 0 0
1477440000 0 0 0 0
1477353600 0 0 0 0
1477267200 0 0 0 0
1477180800 0 0 0 0
1477094400 0 0 0 0
1477008000 0 0 0 0
1476921600 0 0 0 0
1476835200 0 0 0 0
1476748800 0 0 0 0
1476662400 0 0 0 0
1476576000 0 0 0 0
1476489600 0 0 0 0
1476403200 0 0 0 0
1476316800 0 0 0 0
1476230400 0 0 0 0
1476144000 0 0 0 0
1476057600 0 0 0 0
1475971200 0 0 0 0
1475884800 0 0 0 0
1475798400 0 0 0 0
1475712000 0 0 0 0
1475625600 0 0 0 0
1475539200 0 0 0 0
1475452800 0 0 0 0
1475366400 0 0 0 0
1475280000 0 0 0 0
1475193600 0 0 0 0
1475107200 0 0 0 0
1475020800 0 0 0 0
1474934400 0 0 0 0
1474848000 0 0 0 0
1474761600 0 0 0 0
1474675200 0 0 0 0
1474588800 0 0 0 0
1474502400 0 0 0 0
1474416000 0 0 0 0
1474329600 0 0 0 0
1474243200 0 0 0 0
1474156800 0 0 0 0
1474070400 0 0 0 0
1473984000 0 0 0 0
1473897600 0 0 0 0
1473811200 0 0 0 0
1473724800 0 0 0 0
1473638400 0 0 0 0
1473552000 0 0 0 0
1473465600 0 0 0 0
1473379200 0 0 0 0
1473292800 0 0 0 0
1473206400 0 0 0 0
1473120000 0 0 0 0
1473033600 0 0 0 0
1472947200 0 0 0 0
1472860800 0 0 0 0
1472774400 0 0 0 0
1472688000 0 0 0 0
1472601600 0 0 0 0
1472515200 0 0 0 0
1472428800 0 0 0 0
1472342400 0 0 0 0
1472256000 0 0 0 0
1472169600 0 0 0 0
1472083200 0 0 0 0
1471996800 0 0 0 0
1471910400 0 0 0 0
1471824000 0 0 0 0
1471737600 0 0 0 0
1471651200 0 0 0 0
1471564800 0 0 0 0
1471478400 0 0 0 0
1471392000 0 0 0 0
1471305600 0 0 0 0
1471219200 0 0 0 0
1471132800 0 0 0 0
1471046400 0 0 0 0
1470960000 0 0 0 0
1470873600 0 0 0 0
1470787200 0 0 0 0
1470700800 0 0 0 0
1470614400 0 0 0 0
1470528000 0 0 0 0
1470441600 0 0 0 0
1470355200 0 0 0 0
1470268800 0 0 0 0
1470182400 0 0 0 0
1470096000 0 0 0 0
1470009600 0 0 0 0
1469923200 0 0 0 0
1469836800 0 0 0 0
1469750400 0 0 0 0
1469664000 0 0 0 0
1469577600 0 0 0 0
1469491200 0 0 0 0
1469404800 0 0 0 0
1469318400 0 0 0 0
1469232000 0 0 0 0
1469145600 0 0 0 0
1469059200 0 0 0 0
1468972800 0 0 0 0
1468886400 0 0 0 0
1468800000 0 0 0 0
1468713600 0 0 0 0
1468627200 0 0 0 0
1468540800 0 0 0 0
1468454400 0 0 0 0
1468368000 0 0 0 0
1468281600 0 0 0 0
1468195200 0 0 0 0
1468108800 0 0 0 0
1468022400 0 0 0 0
1467936000 0 0 0 0
1467849600 0 0 0 0
1467763200 0 0 0 0
1467676800 0 0 0 0
1467590400 0 0 0 0
1467504000 0 0 0 0
1467417600 0 0 0 0
1467331200 0 0 0 0
1467244800 0 0 0 0
1467158400 0 0 0 0
1467072000 0 0 0 0
1466985600 0 0 0 0
1466899200 0 0 0 0
1466812800 0 0 0 0
1466726400 0 0 0 0
1466640000 0 0 0 0
1466553600 0 0 0 0
1466467200 0 0 0 0
1466380800 0 0 0 0
1466294400 0 0 0 0
1466208000 0 0 0 0
1466121600 0 0 0 0
1466035200 0 0 0 0
1465948800 0 0 0 0
1465862400 0 0 0 0
1465776000 0 0 0 0
1465689600 0 0 0 0
1465603200 0 0 0 0
1465516800 0 0 0 0
1465430400 0 0 0 0
1465344000 0 0 0 0
1465257600 0 0 0 0
1465171200 0 0 0 0
1465084800 0 0 0 0
1464998400 0 0 0 0
1464912000 0 0 0 0
1464825600 0 0 0 0
1464739200 0 0 0 0
1464652800 0 0 0 0
1464566400 0 0 0 0
1464480000 0 0 0 0
1464393600 0 0 0 0
1464307200 0 0 0 0
1464220800 0 0 0 0
1464134400 0 0 0 0
1464048000 0 0 0 0
1463961600 0 0 0 0
1463875200 0 0 0 0
1463788800 0 0 0 0
1463702400 0 0 0 0
1463616000 0 0 0 0
1463529600 0 0 0 0
1463443200 0 0 0 0
1463356800 0 0 0 0
1463270400 0 0 0 0
1463184000 0 0 0 0
1463097600 0 0 0 0
1463011200 0 0 0 0
1462924800 0 0 0 0
1462838400 0 0 0 0
1462752000 0 0 0 0
1462665600 0 0 0 0
1462579200 0 0 0 0
1462492800 0 0 0 0
1462406400 0 0 0 0
1462320000 0 0 0 0
1462233600 0 0 0 0
1462147200 0 0 0 0
1462060800 0 0 0 0
1461974400 0 0 0 0
1461888000 0 0 0 0
1461801600 0 0 0 0
1461715200 0 0 0 0
1461628800 0 0 0 0
1461542400 0 0 0 0
1461456000 0 0 0 0
1461369600 0 0 0 0
1461283200 0 0 0 0
1461196800 0 0 0 0
1461110400 0 0 0 0
1461024000 0 0 0 0
1460937600 0 0 0 0
1460851200 0 0 0 0
1460764800 0 0 0 0
1460678400 0 0 0 0
1460592000 0 0 0 0
1460505600 0 0 0 0
1460419200 0 0 0 0
1460332800 0 0 0 0
1460246400 33 32 1400 1413
1460160000 3003 519 164579 8483
1460073600 0 0 0 0
1459987200 0 0 0 0
1459900800 0 0 0 0
1459814400 0 0 0 0
1459728000 0 0 0 0
1459641600 0 0 0 0
1459555200 0 0 0 0
1459468800 0 0 0 0
1459382400 0 0 0 0
1459296000 0 0 0 0
1459209600 0 0 0 0
1459123200 0 0 0 0
1459036800 0 0 0 0
1458950400 0 0 0 0
1458864000 0 0 0 0
1458777600 0 0 0 0
1458691200 0 0 0 0
1458604800 0 0 0 0
1458518400 0 0 0 0
1458432000 0 0 0 0
1458345600 0 0 0 0
1458259200 0 0 0 0
1458172800 0 0 0 0
1458086400 0 0 0 0
1458000000 0 0 0 0
1457913600 0 0 0 0
1457827200 0 0 0 0
1457740800 0 0 0 0
1457654400 0 0 0 0
1457568000 0 0 0 0
1457481600 0 0 0 0
1457395200 0 0 0 0
1457308800 0 0 0 0
1457222400 0 0 0 0
1457136000 0 0 0 0
1457049600 0 0 0 0
1456963200 0 0 0 0
1456876800 0 0 0 0
1456790400 0 0 0 0
1456704000 0 0 0 0
1456617600 0 0 0 0
1456531200 0 0 0 0
1456444800 0 0 0 0
1456358400 0 0 0 0
1456272000 0 0 0 0
1456185600 0 0 0 0
1456099200 0 0 0 0
1456012800 0 0 0 0
1455926400 0 0 0 0
1455840000 0 0 0 0
1455753600 0 0 0 0
1455667200 0 0 0 0
1455580800 0 0 0 0
1455494400 0 0 0 0
1455408000 0 0 0 0
1455321600 0 0 0 0
1455235200 0 0 0 0
1455148800 0 0 0 0
1455062400 0 0 0 0
1454976000 0 0 0 0
1454889600 0 0 0 0
1454803200 0 0 0 0
1454716800 0 0 0 0
1454630400 0 0 0 0
1454544000 0 0 0 0
1454457600 0 0 0 0
1454371200 0 0 0 0
1454284800 0 0 0 0
1454198400 0 0 0 0
1454112000 0 0 0 0
1454025600 0 0 0 0
1453939200 0 0 0 0
1453852800 0 0 0 0
1453766400 0 0 0 0
1453680000 0 0 0 0
1453593600 0 0 0 0
1453507200 0 0 0 0
1453420800 0 0 0 0
1453334400 0 0 0 0
1453248000 0 0 0 0
1453161600 0 0 0 0
1453075200 0 0 0 0
1452988800 0 0 0 0
1452902400 0 0 0 0
1452816000 0 0 0 0
1452729600 0 0 0 0
1452643200 0 0 0 0
1452556800 0 0 0 0
1452470400 0 0 0 0
1452384000 0 0 0 0
1452297600 0 0 0 0
1452211200 0 0 0 0
1452124800 0 0 0 0
1452038400 0 0 0 0
1451952000 0 0 0 0
1451865600 0 0 0 0
1451779200 0 0 0 0
1451692800 0 0 0 0
1451606400 0 0 0 0
1451520000 0 0 0 0
1451433600 0 0 0 0
1451347200 0 0 0 0
1451260800 0 0 0 0
1451174400 0 0 0 0
1451088000 0 0 0 0
1451001600 0 0 0 0
1450915200 0 0 0 0
1450828800 0 0 0 0
1450742400 0 0 0 0
1450656000 0 0 0 0
1450569600 0 0 0 0
1450483200 0 0 0 0
1450396800 0 0 0 0
1450310400 0 0 0 0
1450224000 0 0 0 0
1450137600 0 0 0 0
1450051200 0 0 0 0
1449964800 0 0 0 0
1449878400 0 0 0 0
1449792000 0 0 0 0
1449705600 0 0 0 0
1449619200 0 0 0 0
1449532800 0 0 0 0
1449446400 0 0 0 0
1449360000 0 0 0 0
1449273600 0 0 0 0
1449187200 0 0 0 0
1449100800 0 0 0 0
1449014400 0 0 0 0
1448928000 0 0 0 0
1448841600 0 0 0 0
1448755200 0 0 0 0
1448668800 0 0 0 0
1448582400 0 0 0 0
1448496000 0 0 0 0
1448409600 0 0 0 0
1448323200 0 0 0 0
1448236800 0 0 0 0
1448150400 0 0 0 0
1448064000 0 0 0 0
1447977600 0 0 0 0
1447891200 0 0 0 0
1447804800 0 0 0 0
1447718400 0 0 0 0
1447632000 0 0 0 0
1447545600 0 0 0 0
1447459200 0 0 0 0
1447372800 0 0 0 0
1447286400 0 0 0 0
1447200000 0 0 0 0
1447113600 0 0 0 0
1447027200 0 0 0 0
1446940800 0 0 0 0
1446854400 0 0 0 0
1446768000 0 0 0 0
1446681600 0 0 0 0
1446595200 0 0 0 0
1446508800 0 0 0 0
1446422400 0 0 0 0
1446336000 0 0 0 0
1446249600 0 0 0 0
1446163200 0 0 0 0
1446076800 0 0 0 0
1445990400 0 0 0 0
1445904000 0 0 0 0
1445817600 0 0 0 0
1445731200 0 0 0 0
1445644800 0 0 0 0
1445558400 0 0 0 0
1445472000 0 0 0 0
1445385600 0 0 0 0
1445299200 0 0 0 0
1445212800 0 0 0 0
1445126400 0 0 0 0
1445040000 0 0 0 0
1444953600 0 0 0 0
1444867200 0 0 0 0
1444780800 0 0 0 0
1444694400 0 0 0 0
1444608000 0 0 0 0
1444521600 0 0 0 0
1444435200 0 0 0 0
1444348800 0 0 0 0
1444262400 0 0 0 0
1444176000 0 0 0 0
1444089600 0 0 0 0
1444003200 0 0 0 0
1443916800 0 0 0 0
1443830400 0 0 0 0
1443744000 0 0 0 0
1443657600 0 0 0 0
1443571200 0 0 0 0
1443484800 0 0 0 0
1443398400 0 0 0 0
1443312000 0 0 0 0
1443225600 0 0 0 0
1443139200 0 0 0 0
1443052800 0 0 0 0
1442966400 0 0 0 0
1442880000 0 0 0 0
1442793600 0 0 0 0
1442707200 0 0 0 0
1442620800 0 0 0 0
1442534400 0 0 0 0
1442448000 0 0 0 0
1442361600 0 0 0 0
1442275200 0 0 0 0
1442188800 0 0 0 0
1442102400 0 0 0 0
1442016000 0 0 0 0
1441929600 0 0 0 0
1441843200 0 0 0 0
1441756800 0 0 0 0
1441670400 0 0 0 0
1441584000 0 0 0 0
1441497600 0 0 0 0
1441411200 0 0 0 0
1441324800 0 0 0 0
1441238400 0 0 0 0
1441152000 0 0 0 0
1441065600 0 0 0 0
1440979200 0 0 0 0
1440892800 0 0 0 0
1440806400 0 0 0 0
1440720000 0 0 0 0
1440633600 0 0 0 0
1440547200 0 0 0 0
1440460800 0 0 0 0
1440374400 0 0 0 0
1440288000 0 0 0 0
1440201600 0 0 0 0
1440115200 0 0 0 0
1440028800 0 0 0 0
1439942400 0 0 0 0
1439856000 0 0 0 0
1439769600 0 0 0 0
1439683200 0 0 0 0
1439596800 0 0 0 0
1439510400 0 0 0 0
1439424000 0 0 0 0
1439337600 0 0 0 0
1439251200 0 0 0 0
1439164800 0 0 0 0
1439078400 0 0 0 0
1438992000 0 0 0 0
1438905600 0 0 0 0
1438819200 0 0 0 0
1438732800 0 0 0 0
1438646400 0 0 0 0
1438560000 0 0 0 0
1438473600 0 0 0 0
1438387200 0 0 0 0
1438300800 0 0 0 0
1438214400 0 0 0 0
1438128000 0 0 0 0
1438041600 0 0 0 0
1437955200 0 0 0 0
1437868800 0 0 0 0
1437782400 0 0 0 0
1437696000 0 0 0 0
1437609600 0 0 0 0
1437523200 0 0 0 0
1437436800 0 0 0 0
1437350400 0 0 0 0
1437264000 0 0 0 0
1437177600 0 0 0 0
1437091200 0 0 0 0
1437004800 0 0 0 0
1436918400 0 0 0 0
1436832000 0 0 0 0
1436745600 0 0 0 0
1436659200 0 0 0 0
1436572800 0 0 0 0
1436486400 0 0 0 0
1436400000 0 0 0 0
1436313600 0 0 0 0
1436227200 0 0 0 0
1436140800 0 0 0 0
1436054400 0 0 0 0
1435968000 0 0 0 0
1435881600 0 0 0 0
1435795200 0 0 0 0
1435708800 0 0 0 0
1435622400 0 0 0 0
1435536000 0 0 0 0
