1504297338 173473490 733162869
1504297338 0 57 0 57
1504297038 0 59 0 59
1504296900 0 58 0 59
1504296600 0 57 0 58
1504296300 0 57 0 58
1504296000 0 57 0 59
1504295700 0 58 0 59
1504295400 0 57 0 58
1504295100 0 58 0 58
1504294800 0 58 0 58
1504294500 0 58 0 58
1504294200 0 57 0 58
1504293900 0 57 0 58
1504293600 0 58 0 59
1504293300 0 58 0 59
1504293000 0 58 0 58
1504292700 0 57 0 58
1504292400 0 57 0 59
1504292100 0 58 0 59
1504291800 0 57 0 58
1504291500 0 57 0 58
1504291200 0 58 0 58
1504290900 0 58 0 58
1504290600 0 58 0 58
1504290300 0 57 0 58
1504290000 0 57 0 59
1504289700 0 58 0 59
1504289400 0 57 0 58
1504289100 0 57 0 58
1504288800 0 58 0 58
1504288500 0 57 0 58
1504288200 0 57 0 58
1504287900 0 57 0 58
1504287600 0 57 0 59
1504287300 0 58 0 59
1504287000 0 57 0 58
1504286700 0 58 0 58
1504286400 0 58 0 58
1504286100 0 58 0 58
1504285800 0 57 0 58
1504285500 0 57 0 58
1504285200 0 58 0 58
1504284900 0 58 0 58
1504284600 0 57 0 58
1504284300 0 57 0 58
1504284000 0 58 0 58
1504283700 0 58 0 58
1504283400 0 57 0 58
1504283100 0 57 0 58
1504282800 0 58 0 59
1504282500 0 58 0 59
1504282200 0 57 0 58
1504281900 0 57 0 58
1504281600 0 58 0 58
1504281300 0 58 0 58
1504281000 0 57 0 58
1504280700 0 57 0 57
1504280400 0 57 0 59
1504280100 0 58 0 59
1504279800 0 58 0 58
1504279500 0 57 0 58
1504279200 0 57 0 59
1504278900 0 58 0 59
1504278600 0 57 0 58
1504278300 0 57 0 57
1504278000 0 57 0 59
1504277700 0 58 0 59
1504277400 0 57 0 58
1504277100 0 57 0 58
1504276800 0 57 0 59
1504276500 0 58 0 59
1504276200 0 57 0 58
1504275900 0 57 0 58
1504275600 0 57 0 59
1504275300 0 58 0 59
1504275000 0 57 0 58
1504274700 0 57 0 57
1504274400 0 57 0 59
1504274100 0 58 0 59
1504273800 0 57 0 58
1504273500 0 57 0 58
1504273200 0 57 0 59
1504272900 0 58 0 59
1504272600 0 57 0 58
1504272300 0 57 0 57
1504272000 0 57 0 59
1504271700 0 58 0 59
1504271400 0 57 0 58
1504271100 0 57 0 57
1504270800 0 57 0 59
1504270500 0 58 0 59
1504270200 0 57 0 58
1504269900 0 58 0 58
1504269600 0 58 0 59
1504269300 0 58 0 59
1504269000 0 57 0 58
1504268700 0 57 0 58
1504268400 0 57 0 59
1504268100 0 58 0 59
1504267800 0 57 0 58
1504267500 0 58 0 58
1504267200 0 58 0 58
1504266900 0 57 0 58
1504266600 0 57 0 58
1504266300 0 58 0 58
1504266000 0 58 0 58
1504265700 0 57 0 58
1504265400 0 57 0 58
1504265100 0 58 0 58
1504264800 0 58 0 58
1504264500 0 57 0 58
1504264200 0 57 0 58
1504263900 0 58 0 59
1504263600 0 58 0 59
1504263300 0 57 0 58
1504263000 0 57 0 58
1504262700 0 57 0 59
1504262400 0 58 0 59
1504262100 0 57 0 58
1504261800 0 57 0 58
1504261500 0 57 0 59
1504261200 0 58 0 59
1504260900 0 57 0 58
1504260600 0 58 0 58
1504260300 0 58 0 58
1504260000 0 58 0 58
1504259700 0 58 0 58
1504259400 0 57 0 58
1504259100 0 57 0 59
1504258800 0 58 0 59
1504258500 0 57 0 58
1504258200 0 57 0 58
1504257900 0 58 0 59
1504257600 0 58 0 59
1504257300 0 57 0 58
1504257000 0 57 0 58
1504256700 0 58 0 59
1504256400 0 58 0 59
1504256100 0 57 0 58
1504255800 0 57 0 58
1504255500 0 58 0 58
1504255200 0 58 0 58
1504254900 0 58 0 58
1504254600 0 57 0 58
1504254300 0 57 0 58
1504254000 0 58 0 58
1504253700 0 57 0 58
1504253400 0 57 0 58
1504253100 0 58 0 59
1504252800 0 58 0 59
1504252500 0 57 0 58
1504252200 0 58 0 58
1504251900 0 58 0 58
1504251600 0 58 0 58
1504251300 0 58 0 58
1504251000 0 57 0 58
1504250700 0 57 0 59
1504250400 0 58 0 59
1504250100 0 57 0 57
1504249800 0 57 0 58
1504249500 0 58 0 59
1504249200 0 58 0 59
1504248900 0 57 0 57
1504248600 0 57 0 58
1504248300 0 58 0 59
1504248000 0 58 0 59
1504247700 0 57 0 58
1504247400 0 57 0 58
1504247100 0 57 0 58
1504246800 0 58 0 58
1504246500 0 58 0 59
1504246200 0 58 0 59
1504245900 0 58 0 60
1504245600 0 58 0 60
1504245300 0 57 0 58
1504245000 0 58 0 58
1504244700 0 58 0 59
1504244400 0 58 0 59
1504244100 0 57 0 58
1504243800 0 57 0 58
1504243500 0 57 0 58
1504243200 0 58 0 58
1504242900 0 58 0 58
1504242600 0 57 0 58
1504242300 0 57 0 59
1504242000 0 58 0 59
1504241700 0 57 0 58
1504241400 0 57 0 58
1504241100 0 57 0 59
1504240800 0 58 0 59
1504240500 0 57 0 58
1504240200 0 57 0 58
1504239900 0 58 0 60
1504239600 0 58 0 60
1504239300 0 57 0 59
1504239000 0 58 0 59
1504238700 0 58 0 60
1504238400 0 58 0 60
1504238100 0 57 0 59
1504237800 0 58 0 59
1504237500 0 57 0 59
1504237200 0 58 0 59
1504236900 0 57 0 58
1504236600 0 57 0 58
1504236300 0 57 0 59
1504236000 0 58 0 59
1504235700 0 57 0 58
1504235400 0 58 0 58
1504235100 0 58 0 59
1504234800 0 58 0 59
1504234500 0 58 0 58
1504234200 0 57 0 58
1504233900 0 58 0 60
1504233600 0 58 0 60
1504233300 0 57 0 58
1504233000 0 58 0 58
1504232700 0 58 0 59
1504232400 0 58 0 59
1504232100 0 57 0 58
1504231800 0 57 0 58
1504231500 0 57 0 59
1504231200 0 58 0 59
1504230900 0 57 0 58
1504230600 0 57 0 58
1504230300 0 57 0 59
1504230000 0 58 0 59
1504229700 0 58 0 58
1504229400 0 57 0 58
1504229100 0 57 0 59
1504228800 0 58 0 59
1504228500 0 58 0 58
1504228200 0 57 0 58
1504227900 0 57 0 59
1504227600 0 58 0 59
1504227300 0 57 0 58
1504227000 0 57 0 58
1504226700 0 57 0 59
1504226400 0 58 0 59
1504226100 0 57 0 58
1504225800 0 57 0 58
1504225500 0 57 0 59
1504225200 0 58 0 59
1504224900 0 58 0 58
1504224600 0 57 0 58
1504224300 0 57 0 59
1504224000 0 58 0 59
1504223700 0 57 0 59
1504223400 0 58 0 59
1504223100 0 58 0 60
1504222800 0 58 0 60
1504222500 0 57 0 59
1504222200 0 58 0 59
1504221900 0 57 0 59
1504221600 0 58 0 59
1504221300 0 57 0 58
1504221000 0 57 0 58
1504220700 0 57 0 59
1504220400 0 58 0 59
1504220100 0 57 0 58
1504219800 0 57 0 58
1504219500 0 57 0 59
1504219200 0 58 0 59
1504218900 0 57 0 58
1504218600 0 57 0 58
1504218300 0 57 0 59
1504218000 0 58 0 59
1504217700 0 57 0 58
1504217400 0 57 0 58
1504217100 0 57 0 59
1504216800 0 58 0 59
1504216500 0 57 0 58
1504216200 0 57 0 58
1504215900 0 58 0 60
1504215600 0 58 0 60
1504215300 0 57 0 59
1504215000 0 58 0 59
1504214700 0 58 0 60
1504214400 0 58 0 60
1504214100 0 57 0 59
1504213800 0 58 0 59
1504213500 0 57 0 59
1504213200 0 58 0 59
1504212900 0 57 0 59
1504212600 0 58 0 59
1504212300 0 58 0 60
1504212000 0 58 0 60
1504211700 0 57 0 59
1504211400 0 58 0 59
1504211100 0 58 0 60
1504210800 0 58 0 60
1504210500 0 57 0 58
1504210200 0 57 0 58
1504209900 0 58 0 60
1504209600 0 58 0 60
1504209300 0 57 0 58
1504209000 0 57 0 58
1504208700 0 58 0 60
1504208400 0 58 0 60
1504208100 0 57 0 59
1504207800 0 58 0 59
1504207500 0 57 0 59
1504207200 0 57 0 59
1504206900 0 56 0 59
1504206600 0 58 0 59
1504206300 0 57 0 59
1504206000 0 58 0 59
1504205700 0 57 0 58
1504205400 0 57 0 58
1504205100 0 57 0 59
1504204800 0 58 0 59
1504204500 0 57 0 59
1504204200 0 58 0 59
1504203900 0 58 0 60
1504203600 0 58 0 60
1504203300 0 57 0 59
1504203000 0 58 0 59
1504202700 0 58 0 60
1504202400 0 58 0 60
1504202100 0 57 0 59
1504201800 0 58 0 59
1504201500 0 58 0 60
1504201200 0 58 0 60
1504200900 0 57 0 59
1504200600 0 58 0 59
1504200300 0 58 0 60
1504200000 0 58 0 60
1504199700 0 57 0 59
1504199400 0 58 0 59
1504199100 0 58 0 60
1504198800 0 58 0 60
1504198500 0 57 0 58
1504198200 0 57 0 58
1504197900 0 58 0 60
1504197600 0 58 0 60
1504197300 0 57 0 59
1504197000 0 58 0 59
1504196700 0 58 0 59
1504196400 0 58 0 59
1504196100 0 57 0 59
1504195800 0 58 0 59
1504195500 0 58 0 59
1504195200 0 58 0 59
1504194900 0 57 0 58
1504194600 0 58 0 58
1504194300 0 58 0 58
1504194000 0 57 0 58
1504193700 0 57 0 58
1504193400 0 58 0 58
1504193100 0 58 0 58
1504192800 0 57 0 58
1504192500 0 57 0 58
1504192200 0 58 0 58
1504191900 0 58 0 58
1504191600 0 57 0 58
1504191300 0 57 0 58
1504191000 0 58 0 58
1504190700 0 58 0 58
1504190400 0 57 0 58
1504190100 0 57 0 58
1504189800 0 58 0 58
1504189500 0 58 0 58
1504189200 0 57 0 58
1504188900 0 57 0 58
1504188600 0 58 0 58
1504188300 0 58 0 58
1504188000 0 58 0 58
1504187700 0 58 0 58
1504187400 0 58 0 58
1504187100 0 58 0 58
1504186800 0 57 0 58
1504186500 0 57 0 58
1504186200 0 58 0 58
1504185900 0 58 0 58
1504185600 0 57 0 58
1504185300 0 57 0 58
1504185000 0 58 0 58
1504184700 0 58 0 58
1504184400 0 57 0 58
1504184100 0 57 0 58
1504183800 0 58 0 58
1504183500 0 58 0 58
1504183200 0 57 0 58
1504182900 0 57 0 58
1504182600 0 58 0 58
1504182300 0 58 0 58
1504182000 0 57 0 58
1504181700 0 57 0 59
1504181400 0 58 0 59
1504181100 0 57 0 59
1504180800 0 58 0 59
1504180500 0 57 0 59
1504180200 0 58 0 59
1504179900 0 58 0 58
1504179600 0 57 0 58
1504179300 0 57 0 59
1504179000 0 58 0 59
1504178700 0 58 0 59
1504178400 0 58 0 59
1504178100 0 57 0 59
1504177800 0 58 0 59
1504177500 0 57 0 59
1504177200 0 58 0 59
1504176900 0 57 0 59
1504176600 0 58 0 59
1504176300 0 58 0 58
1504176000 0 58 0 58
1504175700 0 58 0 58
1504175400 0 58 0 58
1504175100 0 58 0 58
1504174800 0 57 0 58
1504174500 0 57 0 58
1504174200 0 58 0 58
1504173900 0 58 0 58
1504173600 0 57 0 58
1504173300 0 57 0 58
1504173000 0 58 0 58
1504172700 0 58 0 58
1504172400 0 57 0 58
1504172100 0 57 0 58
1504171800 0 58 0 58
1504171500 0 58 0 58
1504171200 0 57 0 58
1504170900 0 57 0 58
1504170600 0 58 0 58
1504170300 0 58 0 58
1504170000 0 57 0 58
1504169700 0 57 0 58
1504169400 0 58 0 58
1504169100 0 58 0 58
1504168800 0 58 0 58
1504168500 0 58 0 58
1504168200 0 58 0 58
1504167900 0 58 0 58
1504167600 0 58 0 58
1504167300 0 58 0 58
1504167000 0 58 0 58
1504166700 0 58 0 58
1504166400 0 57 0 58
1504166100 0 57 0 58
1504165800 0 58 0 58
1504165500 0 58 0 58
1504165200 0 57 0 58
1504164900 0 57 0 58
1504164600 0 58 0 58
1504164300 0 58 0 58
1504164000 0 57 0 58
1504163700 0 57 0 58
1504163400 0 58 0 58
1504163100 0 58 0 58
1504162800 0 57 0 58
1504162500 0 57 0 58
1504162200 0 58 0 58
1504161900 0 58 0 58
1504161600 0 57 0 58
1504161300 0 57 0 58
1504161000 0 58 0 58
1504160700 0 58 0 58
1504160400 0 57 0 58
1504160100 0 57 0 58
1504159800 0 58 0 58
1504159500 0 58 0 58
1504159200 0 57 0 58
1504158900 0 57 0 58
1504158600 0 58 0 58
1504158300 0 58 0 58
1504158000 0 57 0 58
1504157700 0 57 0 58
1504157400 0 58 0 58
1504157100 0 58 0 58
1504156800 0 57 0 58
1504156500 0 57 0 58
1504156200 0 58 0 58
1504155900 0 58 0 58
1504155600 0 57 0 58
1504155300 0 57 0 58
1504155000 0 58 0 58
1504154700 0 58 0 58
1504154400 0 57 0 58
1504154100 0 57 0 58
1504153800 0 58 0 58
1504153500 0 58 0 58
1504153200 0 57 0 58
1504152900 0 57 0 59
1504152600 0 58 0 59
1504152300 0 58 0 59
1504152000 0 58 0 59
1504151700 0 57 0 59
1504151400 0 58 0 59
1504151100 0 58 0 60
1504150800 0 58 0 60
1504150500 0 57 0 60
1504150200 0 58 0 60
1504149900 0 57 0 59
1504149600 0 58 0 59
1504149300 0 57 0 59
1504149000 0 58 0 59
1504148700 0 57 0 59
1504148400 0 57 0 59
1504148100 0 57 0 59
1504147800 0 58 0 59
1504147500 0 57 0 59
1504147200 0 57 0 59
1504146900 0 57 0 59
1504146600 0 58 0 59
1504146300 0 57 0 59
1504146000 0 57 0 59
1504145700 0 57 0 59
1504145400 0 58 0 59
1504145100 0 58 0 60
1504144800 0 58 0 60
1504144500 0 57 0 59
1504144200 0 58 0 59
1504143900 0 57 0 59
1504143600 0 58 0 59
1504143300 0 57 0 59
1504143000 0 58 0 59
1504142700 0 57 0 59
1504142400 0 58 0 59
1504142100 0 57 0 59
1504141800 0 58 0 59
1504141500 0 58 0 59
1504141200 0 57 0 59
1504140900 0 57 0 60
1504140600 0 58 0 60
1504140300 0 57 0 59
1504140000 0 57 0 59
1504139700 0 57 0 60
1504139400 0 58 0 60
1504139100 0 58 0 60
1504138800 0 58 0 60
1504138500 0 57 0 59
1504138200 0 58 0 59
1504137900 0 57 0 59
1504137600 0 57 0 59
1504137300 0 57 0 59
1504137000 0 58 0 59
1504136700 0 58 0 59
1504136400 0 58 0 59
1504136100 0 57 0 59
1504135800 0 58 0 59
1504135500 0 57 0 59
1504135200 0 58 0 59
1504134900 0 57 0 59
1504134600 0 58 0 59
1504134300 0 58 0 59
1504134000 0 58 0 59
1504133700 0 57 0 59
1504133400 0 58 0 59
1504133100 0 57 0 59
1504132800 0 58 0 59
1504132500 0 58 0 60
1504132200 0 58 0 60
1504131900 0 57 0 59
1504131600 0 58 0 59
1504131300 0 58 0 60
1504131000 0 58 0 60
1504130700 0 57 0 59
1504130400 0 58 0 59
1504130100 0 58 0 60
1504129800 0 58 0 60
1504129500 0 57 0 59
1504129200 0 58 0 59
1504128900 0 58 0 60
1504128600 0 58 0 60
1504128300 0 57 0 59
1504128000 0 58 0 59
1504127700 0 58 0 60
1504127400 0 58 0 60
1504127100 0 57 0 59
1504126800 0 57 0 59
1504126500 0 57 0 60
1504126200 0 58 0 60
1504125900 0 57 0 59
1504125600 0 57 0 59
1504125300 0 57 0 60
1504125000 0 58 0 60
1504124700 0 57 0 59
1504124400 0 57 0 59
1504124100 0 57 0 60
1504123800 0 58 0 60
1504123500 0 57 0 59
1504123200 0 58 0 59
1504122900 0 58 0 60
1504122600 0 58 0 60
1504122300 0 57 0 59
1504122000 0 58 0 59
1504121700 0 58 0 60
1504121400 0 58 0 60
1504121100 0 57 0 59
1504120800 0 58 0 59
1504120500 0 58 0 60
1504120200 0 58 0 60
1504119900 0 57 0 59
1504119600 0 58 0 59
1504119300 0 58 0 60
1504119000 0 58 0 60
1504118700 0 57 0 59
1504118400 0 58 0 59
1504118100 0 58 0 60
1504117800 0 58 0 60
1504117500 0 57 0 59
1504117200 0 57 0 60
1504116000 0 57 0 60
1504114200 0 57 0 60
1504112400 0 57 0 60
1504110600 0 57 0 60
1504108800 0 57 0 60
1504107000 0 57 0 60
1504105200 0 57 0 60
1504103400 0 57 0 60
1504101600 0 57 0 61
1504099800 0 57 0 61
1504098000 0 57 0 60
1504096200 0 57 0 60
1504094400 0 57 0 60
1504092600 0 57 0 60
1504090800 0 57 0 60
1504089000 0 57 0 60
1504087200 0 57 0 60
1504085400 0 57 0 60
1504083600 0 57 0 60
1504081800 0 57 0 60
1504080000 0 57 0 60
1504078200 0 57 0 59
1504076400 0 57 0 60
1504074600 0 57 0 59
1504072800 0 57 0 60
1504071000 0 57 0 60
1504069200 0 57 0 59
1504067400 0 57 0 59
1504065600 0 57 0 59
1504063800 0 57 0 59
1504062000 0 57 0 59
1504060200 0 57 0 60
1504058400 0 57 0 59
1504056600 0 57 0 59
1504054800 0 57 0 59
1504053000 0 57 0 59
1504051200 0 57 0 60
1504049400 0 57 0 60
1504047600 0 57 0 60
1504045800 0 57 0 60
1504044000 0 57 0 60
1504042200 0 57 0 60
1504040400 0 57 0 60
1504038600 0 57 0 60
1504036800 0 57 0 60
1504035000 0 57 0 60
1504033200 0 57 0 60
1504031400 0 57 0 60
1504029600 0 57 0 60
1504027800 0 57 0 60
1504026000 0 57 0 60
1504024200 0 57 0 60
1504022400 0 57 0 60
1504020600 0 57 0 60
1504018800 0 57 0 60
1504017000 0 57 0 61
1504015200 0 57 0 61
1504013400 0 57 0 61
1504011600 0 57 0 61
1504009800 0 57 0 60
1504008000 0 57 0 60
1504006200 0 57 0 61
1504004400 0 57 0 60
1504002600 0 57 0 61
1504000800 0 57 0 61
1503999000 0 57 0 60
1503997200 0 57 0 61
1503995400 0 57 0 60
1503993600 0 57 0 60
1503991800 0 57 0 60
1503990000 0 57 0 60
1503988200 0 57 0 61
1503986400 0 57 0 61
1503984600 0 57 0 61
1503982800 0 57 0 61
1503981000 0 57 0 61
1503979200 0 57 0 60
1503977400 0 57 0 61
1503975600 0 57 0 61
1503973800 0 57 0 61
1503972000 0 57 0 61
1503970200 0 57 0 61
1503968400 0 57 0 61
1503966600 0 57 0 61
1503964800 0 57 0 61
1503963000 0 57 0 60
1503961200 0 57 0 60
1503959400 0 57 0 60
1503957600 0 57 0 60
1503955800 0 57 0 60
1503954000 0 57 0 60
1503952200 0 57 0 60
1503950400 0 57 0 60
1503948600 0 57 0 60
1503946800 0 57 0 59
1503945000 0 57 0 60
1503943200 0 57 0 60
1503941400 0 57 0 59
1503939600 0 57 0 59
1503937800 0 57 0 60
1503936000 0 57 0 60
1503934200 0 57 0 59
1503932400 0 57 0 59
1503930600 0 57 0 59
1503928800 0 57 0 60
1503927000 0 57 0 60
1503925200 0 57 0 60
1503923400 0 57 0 59
1503921600 0 57 0 59
1503919800 0 57 0 59
1503918000 0 57 0 59
1503916200 0 57 0 59
1503914400 0 57 0 59
1503912600 0 57 0 59
1503910800 0 57 0 59
1503909000 0 57 0 59
1503907200 0 57 0 59
1503905400 0 57 0 59
1503903600 0 57 0 60
1503901800 0 57 0 60
1503900000 0 57 0 60
1503898200 0 57 0 60
1503896400 0 57 0 60
1503894600 0 57 0 60
1503892800 0 57 0 60
1503891000 0 57 0 60
1503889200 0 57 0 60
1503887400 0 57 0 60
1503885600 0 57 0 60
1503883800 0 57 0 60
1503882000 0 57 0 60
1503880200 0 57 0 60
1503878400 0 57 0 60
1503876600 0 57 0 60
1503874800 0 57 0 60
1503873000 0 57 0 60
1503871200 0 57 0 60
1503869400 0 57 0 60
1503867600 0 57 0 60
1503865800 0 57 0 60
1503864000 0 57 0 60
1503862200 0 57 0 60
1503860400 0 57 0 60
1503858600 0 57 0 60
1503856800 0 57 0 60
1503855000 0 57 0 60
1503853200 0 57 0 59
1503851400 0 57 0 59
1503849600 0 57 0 58
1503847800 0 57 0 59
1503846000 0 57 0 58
1503844200 0 57 0 58
1503842400 0 57 0 58
1503840600 0 57 0 58
1503838800 0 57 0 59
1503837000 0 57 0 58
1503835200 0 57 0 59
1503833400 0 57 0 59
1503831600 0 57 0 59
1503829800 0 57 0 59
1503828000 0 57 0 59
1503826200 0 57 0 59
1503824400 0 57 0 58
1503822600 0 57 0 59
1503820800 0 57 0 59
1503819000 0 57 0 59
1503817200 0 57 0 59
1503815400 0 57 0 58
1503813600 0 57 0 59
1503811800 0 57 0 59
1503810000 0 57 0 59
1503808200 0 57 0 59
1503806400 0 57 0 59
1503804600 0 57 0 59
1503802800 0 57 0 59
1503801000 0 57 0 59
1503799200 0 57 0 59
1503797400 0 57 0 59
1503795600 0 57 0 59
1503793800 0 57 0 60
1503792000 0 57 0 60
1503790200 0 57 0 60
1503788400 0 57 0 60
1503786600 0 57 0 60
1503784800 0 57 0 60
1503783000 0 57 0 59
1503781200 0 57 0 60
1503779400 0 57 0 60
1503777600 0 57 0 59
1503775800 0 57 0 60
1503774000 0 57 0 60
1503772200 0 57 0 60
1503770400 0 57 0 60
1503768600 0 57 0 60
1503766800 0 57 0 60
1503765000 0 57 0 60
1503763200 0 57 0 60
1503761400 0 57 0 60
1503759600 0 57 0 60
1503757800 0 57 0 60
1503756000 0 57 0 59
1503754200 0 57 0 59
1503752400 0 57 0 59
1503750600 0 57 0 59
1503748800 0 57 0 60
1503747000 0 57 0 59
1503745200 0 57 0 59
1503743400 0 57 0 59
1503741600 0 57 0 58
1503739800 0 57 0 58
1503738000 0 58 0 58
1503736200 0 58 0 58
1503734400 0 57 0 59
1503732600 0 57 0 59
1503730800 0 57 0 58
1503729000 0 58 0 59
1503727200 0 57 0 58
1503725400 0 57 0 59
1503723600 0 57 0 59
1503721800 0 57 0 58
1503720000 0 57 0 58
1503718200 0 57 0 59
1503716400 0 57 0 58
1503714600 0 57 0 59
1503712800 0 57 0 58
1503711000 0 57 0 59
1503709200 0 57 0 58
1503707400 0 57 0 58
1503705600 0 57 0 58
1503703800 0 57 0 58
1503702000 0 57 0 58
1503700200 0 57 0 59
1503698400 0 57 0 58
1503696600 0 57 0 58
1503694800 0 57 0 58
1503693000 0 57 0 59
1503691200 0 57 0 59
1503689400 0 57 0 59
1503687600 0 57 0 58
1503685800 0 57 0 58
1503684000 0 57 0 58
1503682200 0 57 0 58
1503680400 0 57 0 59
1503678600 0 57 0 59
1503676800 0 57 0 59
1503675000 0 57 0 59
1503673200 0 57 0 59
1503671400 0 57 0 59
1503669600 0 57 0 59
1503667800 0 57 0 58
1503666000 0 57 0 58
1503664200 0 57 0 59
1503662400 0 57 0 58
1503660600 0 57 0 58
1503658800 0 57 0 58
1503657000 0 57 0 59
1503655200 0 57 0 58
1503653400 0 57 0 59
1503651600 0 57 0 59
1503649800 0 57 0 59
1503648000 0 57 0 58
1503646200 0 57 0 59
1503644400 0 57 0 59
1503642600 0 57 0 59
1503640800 0 57 0 58
1503639000 0 57 0 59
1503637200 0 57 0 58
1503635400 0 57 0 59
1503633600 0 57 0 59
1503631800 0 57 0 59
1503630000 0 57 0 59
1503628200 0 57 0 59
1503626400 0 57 0 59
1503624600 0 57 0 60
1503622800 0 57 0 60
1503621000 0 57 0 60
1503619200 0 57 0 59
1503617400 0 57 0 59
1503615600 0 57 0 60
1503613800 0 57 0 59
1503612000 0 57 0 59
1503610200 0 57 0 59
1503608400 0 57 0 60
1503606600 0 57 0 59
1503604800 0 57 0 59
1503603000 0 57 0 59
1503601200 0 57 0 59
1503599400 0 57 0 59
1503597600 0 57 0 59
1503595800 0 57 0 59
1503594000 0 58 0 59
1503592200 0 58 0 58
1503590400 0 58 0 58
1503588600 0 58 0 58
1503586800 0 58 0 58
1503585000 0 58 0 58
1503583200 0 58 0 58
1503581400 0 58 0 58
1503579600 0 58 0 58
1503577800 0 58 0 58
1503576000 0 58 0 58
1503574200 0 58 0 58
1503572400 0 58 0 58
1503570600 0 58 0 58
1503568800 0 58 0 58
1503567000 0 58 0 58
1503565200 0 58 0 58
1503563400 0 58 0 58
1503561600 0 58 0 58
1503559800 0 58 0 58
1503558000 0 58 0 58
1503556200 0 58 0 58
1503554400 0 58 0 58
1503552600 0 58 0 58
1503550800 0 58 0 58
1503549000 0 58 0 58
1503547200 0 58 0 58
1503545400 0 58 0 58
1503543600 0 58 0 58
1503541800 0 58 0 59
1503540000 0 57 0 58
1503538200 0 57 0 58
1503536400 0 58 0 58
1503534600 0 57 0 58
1503532800 0 57 0 59
1503531000 0 57 0 59
1503529200 0 57 0 59
1503527400 0 57 0 59
1503525600 0 57 0 60
1503523800 0 57 0 60
1503522000 0 57 0 59
1503520200 0 57 0 59
1503518400 0 57 0 59
1503516600 0 57 0 59
1503514800 0 57 0 59
1503513000 0 57 0 59
1503511200 0 57 0 58
1503509400 0 57 0 58
1503507600 0 57 0 58
1503505800 0 57 0 59
1503504000 0 57 0 59
1503502200 0 57 0 59
1503500400 0 57 0 59
1503498600 0 57 0 59
1503496800 0 57 0 59
1503495000 0 57 0 59
1503493200 0 57 0 59
1503491400 0 57 0 59
1503489600 0 57 0 59
1503487800 0 57 0 59
1503486000 0 57 0 59
1503484200 0 57 0 59
1503482400 0 57 0 58
1503480600 0 57 0 59
1503478800 0 57 0 59
1503477000 0 57 0 59
1503475200 0 57 0 58
1503473400 0 57 0 59
1503471600 0 57 0 59
1503469800 0 57 0 59
1503468000 0 57 0 59
1503466200 0 57 0 60
1503464400 0 57 0 60
1503462600 0 57 0 59
1503460800 0 57 0 59
1503459000 0 57 0 59
1503457200 0 57 0 59
1503455400 0 57 0 60
1503453600 0 57 0 59
1503451800 0 57 0 60
1503450000 0 57 0 60
1503448200 0 57 0 60
1503446400 0 57 0 60
1503444600 0 57 0 60
1503442800 0 57 0 60
1503441000 0 57 0 60
1503439200 0 57 0 59
1503437400 0 57 0 59
1503435600 0 57 0 59
1503433800 0 57 0 59
1503432000 0 57 0 58
1503430200 0 57 0 58
1503428400 0 57 0 58
1503426600 0 57 0 58
1503424800 0 57 0 59
1503423000 0 57 0 58
1503421200 0 57 0 58
1503419400 0 57 0 58
1503417600 0 57 0 59
1503415800 0 57 0 59
1503414000 0 57 0 58
1503412200 0 57 0 58
1503410400 0 57 0 58
1503408600 0 57 0 59
1503406800 0 57 0 59
1503405000 0 57 0 59
1503403200 0 57 0 59
1503401400 0 57 0 59
1503399600 0 57 0 59
1503397800 0 57 0 59
1503396000 0 57 0 59
1503394200 0 57 0 59
1503392400 0 57 0 59
1503390600 0 57 0 59
1503388800 0 57 0 59
1503387000 0 57 0 58
1503385200 0 57 0 59
1503383400 0 57 0 59
1503381600 0 57 0 60
1503379800 0 57 0 59
1503378000 0 57 0 59
1503376200 0 57 0 60
1503374400 0 57 0 60
1503372600 0 57 0 59
1503370800 0 57 0 59
1503369000 0 57 0 59
1503367200 0 57 0 59
1503365400 0 57 0 58
1503363600 0 57 0 58
1503361800 0 57 0 58
1503360000 0 57 0 59
1503358200 0 57 0 59
1503356400 0 57 0 59
1503354600 0 57 0 59
1503352800 0 57 0 59
1503351000 0 57 0 59
1503349200 0 57 0 59
1503347400 0 57 0 59
1503345600 0 57 0 59
1503343800 0 57 0 59
1503342000 0 57 0 59
1503340200 0 57 0 59
1503338400 0 57 0 59
1503336600 0 57 0 58
1503334800 0 57 0 59
1503333000 0 57 0 59
1503331200 0 57 0 58
1503329400 0 57 0 59
1503327600 0 57 0 58
1503325800 0 57 0 59
1503324000 0 57 0 59
1503322200 0 58 0 58
1503320400 0 58 0 58
1503318600 0 58 0 58
1503316800 0 58 0 58
1503315000 0 58 0 58
1503313200 0 58 0 58
1503311400 0 58 0 58
1503309600 0 58 0 58
1503307800 0 58 0 58
1503306000 0 58 0 58
1503304200 0 58 0 58
1503302400 0 58 0 58
1503300600 0 58 0 58
1503298800 0 58 0 58
1503297000 0 58 0 58
1503295200 0 58 0 58
1503293400 0 58 0 58
1503291600 0 58 0 58
1503289800 0 58 0 58
1503288000 0 58 0 58
1503286200 0 58 0 58
1503284400 0 58 0 58
1503282600 0 58 0 58
1503280800 0 58 0 58
1503279000 0 58 0 58
1503277200 0 58 0 58
1503275400 0 58 0 58
1503273600 0 58 0 58
1503271800 0 58 0 58
1503270000 0 58 0 58
1503268200 0 58 0 58
1503266400 0 58 0 58
1503264600 0 58 0 58
1503262800 0 58 0 58
1503261000 0 58 0 58
1503259200 0 58 0 58
1503257400 0 58 0 58
1503255600 0 58 0 58
1503253800 0 58 0 58
1503252000 0 58 0 58
1503250200 0 58 0 58
1503248400 0 58 0 58
1503246600 0 58 0 58
1503244800 0 58 0 58
1503243000 0 58 0 58
1503241200 0 58 0 58
1503239400 0 58 0 58
1503237600 0 58 0 58
1503235800 0 58 0 58
1503234000 0 58 0 58
1503232200 0 58 0 58
1503230400 0 58 0 58
1503228600 0 58 0 58
1503226800 0 58 0 58
1503225000 0 58 0 58
1503223200 0 58 0 58
1503221400 0 58 0 58
1503219600 0 58 0 58
1503217800 0 58 0 58
1503216000 0 58 0 58
1503214200 0 58 0 58
1503212400 0 58 0 58
1503210600 0 58 0 58
1503208800 0 58 0 58
1503207000 0 58 0 58
1503205200 0 58 0 58
1503203400 0 58 0 58
1503201600 0 58 0 58
1503199800 0 58 0 58
1503198000 0 58 0 58
1503196200 0 58 0 58
1503194400 0 58 0 58
1503192600 0 58 0 58
1503190800 0 58 0 58
1503189000 0 58 0 58
1503187200 0 58 0 58
1503185400 0 58 0 58
1503183600 0 58 0 58
1503181800 0 58 0 58
1503180000 0 58 0 58
1503178200 0 58 0 58
1503176400 0 58 0 58
1503174600 0 58 0 58
1503172800 0 58 0 58
1503171000 0 58 0 58
1503169200 0 58 0 58
1503167400 0 58 0 58
1503165600 0 58 0 58
1503163800 0 58 0 58
1503162000 0 58 0 58
1503160200 0 58 0 58
1503158400 0 58 0 58
1503156600 0 58 0 58
1503154800 0 58 0 58
1503153000 0 58 0 58
1503151200 0 58 0 58
1503149400 0 58 0 58
1503147600 0 58 0 58
1503145800 0 58 0 58
1503144000 0 58 0 58
1503142200 0 58 0 58
1503140400 0 58 0 58
1503138600 0 58 0 58
1503136800 0 58 0 58
1503135000 0 58 0 58
1503133200 0 58 0 58
1503131400 0 58 0 58
1503129600 0 58 0 58
1503127800 0 58 0 58
1503126000 0 58 0 58
1503124200 0 58 0 58
1503122400 0 58 0 58
1503120600 0 58 0 58
1503118800 0 58 0 58
1503117000 0 58 0 58
1503115200 0 58 0 58
1503113400 0 58 0 58
1503111600 0 58 0 58
1503109800 0 58 0 58
1503108000 0 58 0 58
1503106200 0 58 0 58
1503104400 0 58 0 58
1503102600 0 58 0 58
1503100800 0 58 0 58
1503099000 0 58 0 58
1503097200 0 58 0 58
1503095400 0 58 0 58
1503093600 0 58 0 58
1503091800 0 58 0 58
1503090000 0 58 0 58
1503088200 0 58 0 58
1503086400 0 58 0 58
1503084600 0 58 0 58
1503082800 0 58 0 58
1503081000 0 58 0 58
1503079200 0 58 0 58
1503077400 0 58 0 58
1503075600 0 58 0 58
1503073800 0 58 0 58
1503072000 0 58 0 58
1503070200 0 58 0 58
1503068400 0 58 0 58
1503066600 0 58 0 58
1503064800 0 58 0 58
1503063000 0 58 0 58
1503061200 0 58 0 58
1503059400 0 58 0 58
1503057600 0 58 0 58
1503055800 0 58 0 58
1503054000 0 58 0 58
1503052200 0 58 0 58
1503050400 0 58 0 58
1503048600 0 58 0 58
1503046800 0 58 0 58
1503045000 0 58 0 58
1503043200 0 58 0 58
1503041400 0 58 0 58
1503039600 0 58 0 58
1503037800 0 58 0 58
1503036000 0 58 0 58
1503028800 0 58 0 58
1503021600 0 58 0 58
1503014400 0 58 0 58
1503007200 0 58 0 58
1503000000 0 58 0 58
1502992800 0 58 0 58
1502985600 0 58 0 58
1502978400 0 58 0 58
1502971200 0 58 0 58
1502964000 0 58 0 58
1502956800 0 58 0 58
1502949600 0 58 0 58
1502942400 0 58 0 58
1502935200 0 58 0 58
1502928000 0 58 0 58
1502920800 0 58 0 58
1502913600 0 58 0 58
1502906400 0 58 0 58
1502899200 0 58 0 58
1502892000 0 58 0 58
1502884800 0 58 0 58
1502877600 0 58 0 58
1502870400 0 58 0 58
1502863200 0 58 0 58
1502856000 0 58 0 58
1502848800 0 58 0 58
1502841600 0 58 0 58
1502834400 0 58 0 58
1502827200 0 58 0 58
1502820000 0 58 0 58
1502812800 0 58 0 58
1502805600 0 58 0 58
1502798400 0 58 0 58
1502791200 0 58 0 58
1502784000 0 58 0 58
1502776800 0 58 0 58
1502769600 0 58 0 58
1502762400 0 58 0 58
1502755200 0 58 0 58
1502748000 0 58 0 58
1502740800 0 58 0 58
1502733600 0 58 0 58
1502726400 0 58 0 58
1502719200 0 58 0 58
1502712000 0 58 0 58
1502704800 0 58 0 58
1502697600 0 58 0 58
1502690400 0 58 0 58
1502683200 0 58 0 58
1502676000 0 58 0 58
1502668800 0 58 0 58
1502661600 0 58 0 58
1502654400 0 58 0 58
1502647200 0 58 0 58
1502640000 0 58 0 58
1502632800 0 58 0 58
1502625600 0 58 0 58
1502618400 0 58 0 58
1502611200 0 58 0 58
1502604000 0 58 0 58
1502596800 0 58 0 58
1502589600 0 58 0 58
1502582400 0 58 0 58
1502575200 0 58 0 58
1502568000 0 58 0 58
1502560800 0 58 0 58
1502553600 0 58 0 58
1502546400 0 58 0 58
1502539200 0 58 0 58
1502532000 0 58 0 58
1502524800 0 58 0 58
1502517600 0 58 0 58
1502510400 0 58 0 58
1502503200 0 58 0 58
1502496000 0 58 0 58
1502488800 0 58 0 58
1502481600 0 58 0 58
1502474400 0 58 0 58
1502467200 0 58 0 58
1502460000 0 58 0 58
1502452800 0 58 0 58
1502445600 0 58 0 58
1502438400 0 58 0 58
1502431200 0 58 0 58
1502424000 0 58 0 58
1502416800 0 58 0 58
1502409600 0 58 0 58
1502402400 0 58 0 58
1502395200 0 58 0 58
1502388000 0 58 0 58
1502380800 0 58 0 58
1502373600 0 58 0 58
1502366400 0 58 0 58
1502359200 0 58 0 58
1502352000 0 58 0 58
1502344800 0 58 0 58
1502337600 0 58 0 58
1502330400 0 58 0 58
1502323200 0 58 0 58
1502316000 0 58 0 58
1502308800 0 58 0 58
1502301600 0 58 0 58
1502294400 0 58 0 58
1502287200 0 58 0 58
1502280000 0 58 0 58
1502272800 0 58 0 58
1502265600 0 58 0 58
1502258400 0 58 0 58
1502251200 0 58 0 58
1502244000 0 58 0 58
1502236800 0 58 0 58
1502229600 0 58 0 58
1502222400 0 58 0 58
1502215200 0 58 0 58
1502208000 0 58 0 58
1502200800 0 58 0 58
1502193600 0 58 0 58
1502186400 0 58 0 58
1502179200 0 58 0 58
1502172000 0 58 0 58
1502164800 0 58 0 58
1502157600 0 58 0 58
1502150400 0 58 0 58
1502143200 0 58 0 58
1502136000 0 58 0 58
1502128800 0 58 0 58
1502121600 0 58 0 58
1502114400 0 58 0 58
1502107200 0 58 0 58
1502100000 0 58 0 58
1502092800 0 58 0 58
1502085600 0 58 0 58
1502078400 0 58 0 58
1502071200 0 58 0 58
1502064000 0 58 0 58
1502056800 0 58 0 58
1502049600 0 58 0 58
1502042400 0 58 0 58
1502035200 0 58 0 58
1502028000 0 58 0 58
1502020800 0 58 0 58
1502013600 0 58 0 58
1502006400 0 58 0 58
1501999200 0 58 0 58
1501992000 0 58 0 58
1501984800 0 58 0 58
1501977600 0 58 0 58
1501970400 0 58 0 58
1501963200 0 58 0 58
1501956000 0 58 0 58
1501948800 0 58 0 58
1501941600 0 58 0 58
1501934400 0 58 0 58
1501927200 0 58 0 58
1501920000 0 58 0 58
1501912800 0 58 0 58
1501905600 0 58 0 58
1501898400 0 58 0 58
1501891200 0 58 0 58
1501884000 0 58 0 58
1501876800 0 58 0 58
1501869600 0 58 0 58
1501862400 0 58 0 58
1501855200 0 58 0 58
1501848000 0 58 0 58
1501840800 0 58 0 58
1501833600 0 58 0 58
1501826400 0 58 0 58
1501819200 0 58 0 58
1501812000 0 58 0 58
1501804800 0 58 0 58
1501797600 0 58 0 58
1501790400 0 58 0 58
1501783200 0 58 0 58
1501776000 0 58 0 58
1501768800 0 58 0 58
1501761600 0 58 0 58
1501754400 0 58 0 58
1501747200 0 58 0 58
1501740000 0 58 0 58
1501732800 0 58 0 58
1501725600 0 58 0 58
1501718400 0 58 0 58
1501711200 0 58 0 58
1501704000 0 58 0 58
1501696800 0 58 0 58
1501689600 0 58 0 58
1501682400 0 58 0 58
1501675200 0 58 0 58
1501668000 0 58 0 58
1501660800 0 58 0 58
1501653600 0 58 0 58
1501646400 0 58 0 58
1501639200 0 58 0 58
1501632000 0 58 0 58
1501624800 0 58 0 58
1501617600 0 58 0 58
1501610400 0 58 0 58
1501603200 0 58 0 58
1501596000 0 58 0 58
1501588800 0 58 0 58
1501581600 0 58 0 58
1501574400 0 58 0 58
1501567200 0 58 0 58
1501560000 0 58 0 58
1501552800 0 58 0 58
1501545600 0 58 0 58
1501538400 0 58 0 58
1501531200 0 58 0 58
1501524000 0 58 0 58
1501516800 0 58 0 58
1501509600 0 58 0 58
1501502400 0 58 0 58
1501495200 0 58 0 58
1501488000 0 58 0 58
1501480800 0 58 0 58
1501473600 0 58 0 58
1501466400 0 58 0 58
1501459200 0 58 0 58
1501452000 0 58 0 58
1501444800 0 58 0 58
1501437600 0 58 0 58
1501430400 0 58 0 58
1501423200 0 58 0 58
1501416000 0 58 0 58
1501408800 0 58 0 58
1501401600 0 58 0 58
1501394400 0 58 0 58
1501387200 0 58 0 58
1501380000 0 58 0 58
1501372800 0 58 0 58
1501365600 0 58 0 58
1501358400 0 58 0 58
1501351200 0 58 0 58
1501344000 0 58 0 58
1501336800 0 58 0 58
1501329600 0 58 0 58
1501322400 0 58 0 58
1501315200 0 58 0 58
1501308000 0 58 0 58
1501300800 0 58 0 58
1501293600 0 58 0 58
1501286400 0 58 0 58
1501279200 0 58 0 58
1501272000 0 58 0 58
1501264800 0 58 0 58
1501257600 0 58 0 58
1501250400 0 58 0 58
1501243200 0 58 0 58
1501236000 0 58 0 58
1501228800 0 58 0 58
1501221600 0 58 0 58
1501214400 0 58 0 58
1501207200 0 58 0 58
1501200000 0 58 0 58
1501192800 0 58 0 58
1501185600 0 58 0 58
1501178400 0 58 0 58
1501171200 0 58 0 58
1501164000 0 58 0 58
1501156800 0 58 0 58
1501149600 0 58 0 58
1501142400 0 58 0 58
1501135200 0 58 0 58
1501128000 0 58 0 58
1501120800 0 58 0 58
1501113600 0 58 0 58
1501106400 0 58 0 58
1501099200 0 58 0 58
1501092000 0 58 0 58
1501084800 0 58 0 58
1501077600 0 58 0 58
1501070400 0 58 0 58
1501063200 0 58 0 58
1501056000 0 58 0 58
1501048800 0 58 0 58
1501041600 0 58 0 58
1501034400 0 58 0 58
1501027200 0 58 0 58
1501020000 0 58 0 58
1501012800 0 58 0 58
1501005600 0 58 0 58
1500998400 0 58 0 58
1500991200 0 58 0 58
1500984000 0 58 0 58
1500976800 0 58 0 58
1500969600 0 58 0 58
1500962400 0 58 0 58
1500955200 0 58 0 58
1500948000 0 58 0 58
1500940800 0 58 0 58
1500933600 0 58 0 58
1500926400 0 58 0 58
1500919200 0 58 0 58
1500912000 0 58 0 58
1500904800 0 58 0 58
1500897600 0 58 0 58
1500890400 0 58 0 58
1500883200 0 58 0 58
1500876000 0 58 0 58
1500868800 0 58 0 58
1500861600 0 58 0 58
1500854400 0 58 0 58
1500847200 0 58 0 58
1500840000 0 58 0 58
1500832800 0 58 0 58
1500825600 0 58 0 58
1500818400 0 58 0 58
1500811200 0 58 0 58
1500804000 0 58 0 58
1500796800 0 58 0 58
1500789600 0 58 0 58
1500782400 0 58 0 58
1500775200 0 58 0 58
1500768000 0 58 0 58
1500760800 0 58 0 58
1500753600 0 58 0 58
1500746400 0 58 0 58
1500739200 0 58 0 58
1500732000 0 58 0 58
1500724800 0 58 0 58
1500717600 0 58 0 58
1500710400 0 58 0 58
1500703200 0 58 0 58
1500696000 0 58 0 58
1500688800 0 58 0 58
1500681600 0 57 0 58
1500674400 0 57 0 59
1500667200 0 57 0 59
1500660000 0 57 0 60
1500652800 0 57 0 60
1500645600 0 57 0 60
1500638400 0 57 0 60
1500631200 0 57 0 59
1500624000 0 57 0 60
1500616800 0 57 0 60
1500609600 0 57 0 59
1500602400 0 57 0 60
1500595200 0 57 0 60
1500588000 0 57 0 60
1500580800 0 57 0 60
1500573600 0 57 0 60
1500566400 0 57 0 60
1500559200 0 57 0 60
1500552000 0 57 0 60
1500544800 0 57 0 58
1500537600 0 57 0 59
1500530400 0 57 0 59
1500523200 0 57 0 59
1500516000 0 57 0 60
1500508800 0 57 0 60
1500501600 0 57 0 60
1500494400 0 57 0 60
1500487200 0 57 0 59
1500480000 0 57 0 59
1500472800 12 54 21 60
1500465600 21 54 21 54
1500458400 21 54 21 54
1500451200 21 54 21 54
1500444000 21 54 21 54
1500436800 21 54 21 54
1500429600 21 54 21 54
1500422400 21 54 21 54
1500415200 21 54 21 54
1500408000 21 54 21 54
1500400800 21 54 21 54
1500393600 21 54 21 54
1500386400 21 54 21 54
1500379200 21 54 21 54
1500372000 21 54 21 54
1500364800 21 54 21 54
1500357600 21 54 21 54
1500350400 21 54 21 54
1500343200 21 54 21 54
1500336000 21 54 21 54
1500328800 21 54 21 54
1500321600 21 54 21 54
1500314400 21 54 21 54
1500307200 21 54 21 54
1500300000 21 54 21 54
1500292800 21 54 21 54
1500285600 21 54 21 54
1500278400 21 54 21 54
1500271200 21 54 21 54
1500264000 21 54 21 54
1500256800 21 54 21 54
1500249600 21 54 21 54
1500242400 21 54 21 54
1500235200 21 54 21 54
1500228000 21 54 21 54
1500220800 21 54 21 54
1500213600 21 54 21 54
1500206400 21 54 21 54
1500199200 21 54 21 54
1500192000 21 54 21 54
1500184800 21 54 21 54
1500177600 21 54 21 54
1500170400 21 54 21 54
1500163200 21 54 21 54
1500156000 21 54 21 54
1500148800 21 54 21 54
1500141600 21 54 21 54
1500134400 21 54 21 54
1500127200 21 54 21 54
1500120000 21 54 21 54
1500112800 21 54 21 54
1500105600 21 54 21 54
1500098400 21 54 21 54
1500091200 21 54 21 54
1500084000 21 54 21 54
1500076800 21 54 21 54
1500069600 21 54 21 54
1500062400 21 54 21 54
1500055200 21 54 21 54
1500048000 21 54 21 54
1500040800 21 54 21 54
1500033600 21 54 21 54
1500026400 21 54 21 54
1500019200 21 54 21 54
1500012000 21 54 21 54
1500004800 21 54 21 54
1499997600 21 54 21 54
1499990400 21 54 21 54
1499983200 21 54 21 54
1499976000 21 54 21 54
1499968800 21 54 21 54
1499961600 21 54 21 54
1499954400 21 54 21 54
1499947200 21 54 21 54
1499940000 21 54 21 54
1499932800 21 54 21 54
1499925600 21 54 21 54
1499918400 21 54 21 54
1499911200 21 54 21 54
1499904000 21 54 21 54
1499896800 21 54 21 54
1499889600 21 54 21 54
1499882400 21 54 21 54
1499875200 21 54 21 54
1499868000 21 54 21 54
1499860800 21 54 21 54
1499853600 21 54 21 54
1499846400 21 54 21 54
1499839200 21 54 21 54
1499832000 21 54 21 54
1499824800 21 54 21 54
1499817600 21 54 21 54
1499810400 21 54 21 54
1499803200 21 54 21 54
1499796000 21 54 21 54
1499788800 21 54 21 54
1499781600 21 54 21 54
1499774400 21 54 21 54
1499767200 21 54 21 54
1499760000 21 54 21 54
1499752800 21 54 21 54
1499745600 21 54 21 54
1499738400 21 54 21 54
1499731200 21 54 21 54
1499724000 21 54 21 54
1499716800 21 54 21 54
1499709600 21 54 21 54
1499702400 21 54 21 54
1499695200 21 54 21 54
1499688000 21 54 21 54
1499680800 21 54 21 54
1499673600 21 54 21 54
1499666400 21 54 21 54
1499659200 21 54 21 54
1499652000 21 54 21 54
1499644800 21 54 21 54
1499637600 21 54 21 54
1499630400 21 54 21 54
1499623200 21 54 21 54
1499616000 21 54 21 54
1499608800 21 54 21 54
1499601600 21 54 21 54
1499594400 21 54 21 54
1499587200 21 54 21 54
1499580000 21 54 21 54
1499572800 21 54 21 54
1499565600 21 54 21 54
1499558400 21 54 21 54
1499551200 21 54 21 54
1499544000 21 54 21 54
1499536800 21 54 21 54
1499529600 21 54 21 54
1499522400 21 54 21 54
1499515200 21 54 21 54
1499508000 21 54 21 54
1499500800 21 54 21 54
1499493600 21 54 21 54
1499486400 21 54 21 54
1499479200 21 54 21 54
1499472000 21 54 21 54
1499464800 21 54 21 54
1499457600 21 54 21 54
1499450400 21 54 21 54
1499443200 21 54 21 54
1499436000 21 54 21 54
1499428800 21 54 21 54
1499421600 21 54 21 54
1499414400 21 54 21 54
1499407200 21 54 21 54
1499400000 21 54 21 54
1499392800 21 54 21 54
1499385600 21 54 21 54
1499378400 21 54 21 54
1499371200 21 54 21 54
1499364000 21 54 21 54
1499356800 21 54 21 54
1499349600 21 54 21 54
1499342400 21 54 21 54
1499335200 21 54 21 54
1499328000 21 54 21 54
1499320800 21 54 21 54
1499313600 21 54 21 54
1499306400 21 54 21 54
1499299200 21 54 21 54
1499292000 21 54 21 54
1499284800 21 54 21 54
1499277600 21 54 21 54
1499270400 21 54 21 54
1499263200 21 54 21 54
1499256000 21 54 21 54
1499248800 21 54 21 54
1499241600 21 54 21 54
1499234400 21 54 21 54
1499227200 21 54 21 54
1499220000 21 54 21 54
1499212800 21 54 21 54
1499205600 21 54 21 54
1499198400 21 54 21 54
1499191200 21 54 21 54
1499184000 21 54 21 54
1499176800 21 54 21 54
1499169600 21 54 21 54
1499162400 21 54 21 54
1499155200 21 54 21 54
1499148000 21 54 21 54
1499140800 21 54 21 54
1499133600 21 54 21 54
1499126400 21 54 21 54
1499119200 21 54 21 54
1499112000 21 54 21 54
1499104800 21 54 21 54
1499097600 21 54 21 54
1499090400 21 54 21 54
1499083200 21 54 21 54
1499076000 21 54 21 54
1499068800 21 54 21 54
1499061600 21 54 21 54
1499054400 21 54 21 54
1499047200 21 54 21 54
1499040000 21 54 21 54
1499032800 21 54 21 54
1499025600 21 54 21 54
1499018400 21 54 21 54
1499011200 21 54 21 54
1499004000 21 54 21 54
1498996800 21 54 21 54
1498989600 21 54 21 54
1498982400 21 54 21 54
1498975200 21 54 21 54
1498968000 21 54 21 54
1498960800 21 54 21 54
1498953600 21 54 21 54
1498946400 21 54 21 54
1498939200 21 54 21 54
1498932000 21 54 21 54
1498924800 21 54 21 54
1498917600 21 54 21 54
1498910400 21 54 21 54
1498903200 21 54 21 54
1498896000 21 54 21 54
1498888800 21 54 21 54
1498881600 21 54 21 54
1498874400 21 54 21 54
1498867200 21 54 21 54
1498860000 21 54 21 54
1498852800 21 54 21 54
1498845600 21 54 21 54
1498838400 21 54 21 54
1498831200 21 54 21 54
1498824000 21 54 21 54
1498816800 21 54 21 54
1498809600 21 54 21 54
1498802400 21 54 21 54
1498795200 21 54 21 54
1498788000 21 54 21 54
1498780800 21 54 21 54
1498773600 21 54 21 54
1498766400 21 54 21 54
1498759200 21 54 21 54
1498752000 21 54 21 54
1498744800 21 54 21 54
1498737600 21 54 21 54
1498730400 21 54 21 54
1498723200 21 54 21 54
1498716000 21 54 21 54
1498694400 21 54 21 54
1498608000 21 54 21 54
1498521600 21 54 21 54
1498435200 21 54 21 54
1498348800 21 54 21 54
1498262400 21 54 21 54
1498176000 21 54 21 54
1498089600 21 54 21 54
1498003200 21 54 21 54
1497916800 21 54 21 54
1497830400 21 54 21 54
1497744000 20 53 23 55
1497657600 20 53 40 56
1497571200 20 53 38 56
1497484800 21 54 21 54
1497398400 21 54 21 54
1497312000 21 54 21 54
1497225600 20 52 26 56
1497139200 20 52 39 56
1497052800 20 52 37 57
1496966400 19 52 38 56
1496880000 20 52 40 56
1496793600 20 52 38 56
1496707200 19 52 40 56
1496620800 20 52 35 56
1496534400 20 52 37 56
1496448000 20 52 32 56
1496361600 20 52 38 56
1496275200 20 52 36 55
1496188800 20 52 36 55
1496102400 20 52 37 56
1496016000 20 52 32 56
1495929600 21 54 21 54
1495843200 20 52 27 57
1495756800 20 52 37 56
1495670400 20 52 35 57
1495584000 20 54 20 54
1495497600 20 54 20 54
1495411200 20 54 20 54
1495324800 20 54 20 54
1495238400 20 54 20 54
1495152000 20 52 37 56
1495065600 20 52 36 56
1494979200 20 52 23 55
1494892800 20 52 20 52
1494806400 20 52 20 52
1494720000 20 52 23 56
1494633600 20 52 37 64
1494547200 19 52 32 55
1494460800 20 54 20 54
1494374400 20 54 20 54
1494288000 20 54 20 54
1494201600 20 54 20 54
1494115200 20 54 20 54
1494028800 20 54 20 54
1493942400 20 54 20 54
1493856000 20 54 20 54
1493769600 20 54 20 54
1493683200 20 54 20 54
1493596800 20 54 20 54
1493510400 20 54 20 54
1493424000 20 54 20 54
1493337600 20 54 20 54
1493251200 20 54 20 54
1493164800 20 54 20 54
1493078400 20 54 20 54
1492992000 20 54 20 54
1492905600 20 54 20 54
1492819200 20 54 20 54
1492732800 20 54 20 54
1492646400 20 54 20 54
1492560000 20 54 20 54
1492473600 20 54 20 54
1492387200 20 54 20 54
1492300800 20 54 20 54
1492214400 20 54 20 54
1492128000 20 54 20 54
1492041600 20 54 20 54
1491955200 20 54 20 54
1491868800 20 54 20 54
1491782400 20 54 20 54
1491696000 20 54 20 54
1491609600 20 54 20 54
1491523200 20 54 20 54
1491436800 20 54 20 54
1491350400 20 54 20 54
1491264000 20 54 20 54
1491177600 20 53 35 55
1491091200 20 53 34 56
1491004800 20 52 39 56
1490918400 20 52 39 56
1490832000 20 52 43 56
1490745600 19 52 41 55
1490659200 21 54 21 54
1490572800 21 54 21 54
1490486400 21 54 21 54
1490400000 21 54 21 54
1490313600 21 54 21 54
1490227200 21 54 21 54
1490140800 21 54 21 54
1490054400 21 54 21 54
1489968000 21 54 21 54
1489881600 21 54 21 54
1489795200 21 54 21 54
1489708800 21 54 21 54
1489622400 19 52 38 56
1489536000 20 52 38 55
1489449600 20 52 36 56
1489363200 19 52 32 56
1489276800 20 52 41 56
1489190400 19 52 35 56
1489104000 19 52 33 56
1489017600 20 52 34 56
1488931200 20 52 34 56
1488844800 20 52 44 57
1488758400 19 52 33 57
1488672000 20 52 34 56
1488585600 20 52 34 56
1488499200 19 52 33 56
1488412800 20 52 35 55
1488326400 20 52 33 56
1488240000 19 52 34 55
1488153600 19 52 33 56
1488067200 20 52 35 57
1487980800 20 52 33 56
1487894400 20 52 32 58
1487808000 20 52 32 58
1487721600 20 52 32 56
1487635200 20 52 32 55
1487548800 20 52 33 56
1487462400 20 52 33 56
1487376000 20 52 57 56
1487289600 20 52 32 56
1487203200 20 53 34 56
1487116800 21 54 21 54
1487030400 21 54 21 54
1486944000 21 54 21 54
1486857600 21 54 21 54
1486771200 21 54 21 54
1486684800 21 54 21 54
1486598400 21 54 21 54
1486512000 21 54 21 54
1486425600 21 54 21 54
1486339200 21 54 21 54
1486252800 21 54 21 54
1486166400 21 54 21 54
1486080000 21 54 21 54
1485993600 21 54 21 54
1485907200 21 54 21 54
1485820800 20 53 30 56
1485734400 20 53 31 57
1485648000 20 52 33 57
1485561600 20 52 30 56
1485475200 20 52 28 57
1485388800 19 52 31 56
1485302400 20 52 32 56
1485216000 20 52 31 57
1485129600 20 52 34 56
1485043200 20 52 30 58
1484956800 19 52 29 63
1484870400 20 52 31 55
1484784000 20 52 87 147
1484697600 20 52 31 56
1484611200 20 52 57 207
1484524800 20 52 32 56
1484438400 19 52 33 56
1484352000 20 52 32 56
1484265600 20 52 34 56
1484179200 20 52 34 56
1484092800 19 52 32 56
1484006400 20 52 32 56
1483920000 20 52 29 56
1483833600 19 52 33 85
1483747200 20 52 30 57
1483660800 20 52 30 56
1483574400 20 52 32 57
1483488000 20 52 33 56
1483401600 20 52 32 55
1483315200 20 52 31 56
1483228800 20 52 39 65
1483142400 19 52 32 57
1483056000 20 52 53 112
1482969600 20 52 36 56
1482883200 22 54 22 54
1482796800 22 54 22 54
1482710400 19 52 24 55
1482624000 20 52 36 129
1482537600 20 52 42 90
1482451200 19 52 31 56
1482364800 20 52 31 56
1482278400 20 52 32 59
1482192000 19 52 30 56
1482105600 19 52 30 56
1482019200 19 52 32 56
1481932800 20 52 31 57
1481846400 20 52 33 55
1481760000 20 52 32 56
1481673600 20 52 32 56
1481587200 20 52 31 56
1481500800 20 52 30 55
1481414400 19 52 30 59
1481328000 19 52 36 57
1481241600 20 52 32 58
1481155200 20 52 32 57
1481068800 19 52 38 57
1480982400 19 52 33 56
1480896000 19 52 36 58
1480809600 20 52 35 55
1480723200 20 52 34 56
1480636800 20 52 33 57
1480550400 19 52 36 56
1480464000 20 52 35 56
1480377600 19 52 35 58
1480291200 20 52 24 56
1480204800 19 52 34 56
1480118400 19 52 33 56
1480032000 20 52 34 56
1479945600 20 52 34 56
1479859200 20 52 35 56
1479772800 20 52 32 56
1479686400 20 52 34 56
1479600000 20 52 32 56
1479513600 19 52 31 56
1479427200 20 52 33 56
1479340800 20 52 38 57
1479254400 19 52 35 186
1479168000 20 52 35 56
1479081600 19 52 35 56
1478995200 19 52 35 56
1478908800 20 52 37 57
1478822400 20 52 37 56
1478736000 20 52 36 56
1478649600 19 52 36 58
1478563200 20 52 34 56
1478476800 19 52 34 56
1478390400 20 52 35 56
1478304000 19 52 35 56
1478217600 20 52 33 55
1478131200 19 52 33 56
1478044800 20 52 33 56
1477958400 20 52 34 56
1477872000 19 52 33 56
1477785600 19 52 34 55
1477699200 19 52 32 57
1477612800 20 52 31 55
1477526400 20 52 32 56
1477440000 20 52 33 57
1477353600 19 52 36 121
1477267200 20 52 32 56
1477180800 20 52 33 56
1477094400 20 52 32 56
1477008000 20 52 32 55
1476921600 20 53 23 56
1476835200 21 53 21 53
1476748800 21 53 21 53
1476662400 19 51 24 56
1476576000 20 52 33 56
1476489600 20 52 32 56
1476403200 20 51 32 56
1476316800 20 52 32 56
1476230400 19 51 33 57
1476144000 19 52 33 99
1476057600 20 52 34 56
1475971200 20 52 35 56
1475884800 20 52 34 56
1475798400 20 52 33 56
1475712000 20 52 31 56
1475625600 19 52 30 57
1475539200 20 52 25 56
1475452800 19 52 34 57
1475366400 19 51 33 57
1475280000 20 52 34 55
1475193600 20 52 31 55
1475107200 20 52 32 56
1475020800 20 52 34 56
1474934400 20 52 33 56
1474848000 19 52 35 57
1474761600 20 52 33 56
1474675200 20 52 33 55
1474588800 20 52 35 56
1474502400 20 52 33 56
1474416000 20 52 32 55
1474329600 20 52 34 56
1474243200 20 52 35 56
1474156800 20 52 34 57
1474070400 20 52 32 56
1473984000 20 52 36 57
1473897600 20 52 33 56
1473811200 20 52 33 55
1473724800 20 52 33 56
1473638400 20 52 37 55
1473552000 20 52 37 56
1473465600 19 52 36 56
1473379200 20 52 38 56
1473292800 20 52 35 56
1473206400 20 52 34 56
1473120000 20 52 34 56
1473033600 20 52 33 55
1472947200 20 52 36 55
1472860800 20 52 35 58
1472774400 20 52 35 55
1472688000 19 52 36 56
1472601600 20 52 34 56
1472515200 20 52 23 55
1472428800 21 54 21 54
1472342400 21 54 21 54
1472256000 21 54 21 54
1472169600 21 54 21 54
1472083200 21 54 21 54
1471996800 21 54 21 54
1471910400 21 54 21 54
1471824000 21 54 21 54
1471737600 21 54 21 54
1471651200 20 53 26 58
1471564800 20 52 27 60
1471478400 20 52 39 59
1471392000 19 51 40 60
1471305600 20 52 37 60
1471219200 20 51 43 103
1471132800 20 52 41 125
1471046400 20 52 37 60
1470960000 19 51 37 63
1470873600 20 52 27 60
1470787200 19 52 40 68
1470700800 20 51 33 61
1470614400 20 52 36 60
1470528000 20 51 36 61
1470441600 20 52 39 58
1470355200 19 51 38 60
1470268800 19 52 38 61
1470182400 20 51 35 59
1470096000 20 52 38 60
1470009600 19 51 38 60
1469923200 20 52 38 63
1469836800 19 52 39 63
1469750400 20 51 43 115
1469664000 20 52 44 61
1469577600 19 51 35 60
1469491200 20 51 35 59
1469404800 20 52 39 60
1469318400 20 52 42 61
1469232000 20 51 38 61
1469145600 19 51 37 61
1469059200 20 51 35 60
1468972800 19 51 35 60
1468886400 19 51 37 60
1468800000 20 52 35 59
1468713600 19 51 35 63
1468627200 19 51 34 62
1468540800 20 51 37 60
1468454400 19 51 27 62
1468368000 19 51 26 59
1468281600 20 51 26 59
1468195200 20 51 70 149
1468108800 19 52 27 61
1468022400 19 51 27 61
1467936000 19 52 25 60
1467849600 20 52 31 59
1467763200 19 51 27 61
1467676800 20 51 28 61
1467590400 20 52 30 59
1467504000 20 52 26 61
1467417600 20 51 29 59
1467331200 19 51 37 96
1467244800 20 52 138 59
1467158400 19 51 28 60
1467072000 19 51 29 61
1466985600 20 52 28 62
1466899200 19 51 28 61
1466812800 20 52 27 60
1466726400 20 51 29 61
1466640000 19 51 27 60
1466553600 20 52 27 59
1466467200 19 51 28 60
1466380800 19 51 26 63
1466294400 20 51 28 60
1466208000 20 52 27 60
1466121600 19 52 87 147
1466035200 20 52 26 59
1465948800 19 51 26 62
1465862400 20 51 30 59
1465776000 19 52 30 64
1465689600 20 52 26 62
1465603200 20 51 43 59
1465516800 19 51 36 76
1465430400 20 51 26 60
1465344000 19 51 48 62
1465257600 20 52 43 96
1465171200 20 51 45 58
1465084800 20 51 46 60
1464998400 20 52 40 59
1464912000 20 51 26 59
1464825600 19 51 42 60
1464739200 20 51 38 61
1464652800 19 50 50 60
1464566400 20 51 54 60
1464480000 20 51 50 60
1464393600 19 51 51 94
1464307200 20 51 53 60
1464220800 19 51 50 61
1464134400 20 51 54 59
1464048000 20 51 50 59
1463961600 19 51 53 62
1463875200 19 51 52 59
1463788800 19 51 52 61
1463702400 19 51 48 62
1463616000 19 51 49 59
1463529600 19 51 46 60
1463443200 19 51 48 60
1463356800 20 51 47 61
1463270400 19 51 47 60
1463184000 19 51 48 59
1463097600 19 51 46 64
1463011200 20 51 50 60
1462924800 20 52 49 58
1462838400 19 51 51 59
1462752000 19 51 49 123
1462665600 20 52 49 59
1462579200 19 51 52 60
1462492800 19 51 47 60
1462406400 19 51 51 60
1462320000 19 51 49 64
1462233600 20 51 45 60
1462147200 19 51 45 61
1462060800 20 51 49 128
1461974400 20 51 43 59
1461888000 19 51 46 59
1461801600 20 51 46 59
1461715200 19 51 46 62
1461628800 19 51 48 60
1461542400 20 51 45 59
1461456000 19 51 45 62
1461369600 18 52 45 74
1461283200 20 51 44 61
1461196800 19 51 50 59
1461110400 19 51 53 59
1461024000 19 51 52 103
1460937600 19 51 52 61
1460851200 20 51 52 61
1460764800 19 51 62 69
1460678400 20 51 60 62
1460592000 20 55 20 55
1460505600 20 55 20 55
1460419200 20 55 20 55
1460332800 20 55 20 55
1460246400 20 52 22 56
1460160000 3 100 25 121
1460073600 0 121 0 121
1459987200 0 121 0 121
1459900800 0 121 0 121
1459814400 0 121 0 121
1459728000 0 121 0 121
1459641600 0 121 0 121
1459555200 0 204 0 4210
1459468800 0 47 0 49
1459382400 0 38 0 52
1459296000 0 0 0 0
1459209600 0 0 0 0
1459123200 0 0 0 0
1459036800 0 0 0 0
1458950400 0 0 0 0
1458864000 0 0 0 0
1458777600 0 0 0 0
1458691200 0 0 0 0
1458604800 0 0 0 0
1458518400 0 0 0 0
1458432000 0 0 0 0
1458345600 0 0 0 0
1458259200 0 0 0 0
1458172800 0 0 0 0
1458086400 0 0 0 0
1458000000 0 0 0 0
1457913600 0 0 0 0
1457827200 0 0 0 0
1457740800 0 0 0 0
1457654400 0 0 0 0
1457568000 0 0 0 0
1457481600 0 0 0 0
1457395200 0 0 0 0
1457308800 0 0 0 0
1457222400 0 0 0 0
1457136000 0 0 0 0
1457049600 0 0 0 0
1456963200 0 0 0 0
1456876800 0 0 0 0
1456790400 0 0 0 0
1456704000 0 0 0 0
1456617600 0 0 0 0
1456531200 0 0 0 0
1456444800 0 0 0 0
1456358400 0 0 0 0
1456272000 0 0 0 0
1456185600 0 0 0 0
1456099200 0 0 0 0
1456012800 0 0 0 0
1455926400 0 0 0 0
1455840000 0 0 0 0
1455753600 0 0 0 0
1455667200 0 0 0 0
1455580800 0 0 0 0
1455494400 0 0 0 0
1455408000 0 0 0 0
1455321600 0 0 0 0
1455235200 0 0 0 0
1455148800 0 0 0 0
1455062400 0 0 0 0
1454976000 0 0 0 0
1454889600 0 0 0 0
1454803200 0 0 0 0
1454716800 0 0 0 0
1454630400 0 0 0 0
1454544000 0 0 0 0
1454457600 0 0 0 0
1454371200 0 0 0 0
1454284800 0 0 0 0
1454198400 0 0 0 0
1454112000 0 0 0 0
1454025600 0 0 0 0
1453939200 0 0 0 0
1453852800 0 0 0 0
1453766400 0 0 0 0
1453680000 0 0 0 0
1453593600 0 0 0 0
1453507200 0 0 0 0
1453420800 0 0 0 0
1453334400 0 0 0 0
1453248000 0 0 0 0
1453161600 0 0 0 0
1453075200 0 0 0 0
1452988800 0 0 0 0
1452902400 0 0 0 0
1452816000 0 0 0 0
1452729600 0 0 0 0
1452643200 0 0 0 0
1452556800 0 0 0 0
1452470400 0 0 0 0
1452384000 0 0 0 0
1452297600 0 0 0 0
1452211200 0 0 0 0
1452124800 0 0 0 0
1452038400 0 0 0 0
1451952000 0 0 0 0
1451865600 0 0 0 0
1451779200 0 0 0 0
1451692800 0 0 0 0
1451606400 0 0 0 0
1451520000 0 0 0 0
1451433600 0 0 0 0
1451347200 0 0 0 0
1451260800 0 0 0 0
1451174400 0 0 0 0
1451088000 0 0 0 0
1451001600 0 0 0 0
1450915200 0 0 0 0
1450828800 0 0 0 0
1450742400 0 0 0 0
1450656000 0 0 0 0
1450569600 0 0 0 0
1450483200 0 0 0 0
1450396800 0 0 0 0
1450310400 0 0 0 0
1450224000 0 0 0 0
1450137600 0 0 0 0
1450051200 0 0 0 0
1449964800 0 0 0 0
1449878400 0 0 0 0
1449792000 0 0 0 0
1449705600 0 0 0 0
1449619200 0 0 0 0
1449532800 0 0 0 0
1449446400 0 0 0 0
1449360000 0 0 0 0
1449273600 0 0 0 0
1449187200 0 0 0 0
1449100800 0 0 0 0
1449014400 0 0 0 0
1448928000 0 0 0 0
1448841600 0 0 0 0
1448755200 0 0 0 0
1448668800 0 0 0 0
1448582400 0 0 0 0
1448496000 0 0 0 0
1448409600 0 0 0 0
1448323200 0 0 0 0
1448236800 0 0 0 0
1448150400 0 0 0 0
1448064000 0 0 0 0
1447977600 0 0 0 0
1447891200 0 0 0 0
1447804800 0 0 0 0
1447718400 0 0 0 0
1447632000 0 0 0 0
1447545600 0 0 0 0
1447459200 0 0 0 0
1447372800 0 0 0 0
1447286400 0 0 0 0
1447200000 0 0 0 0
1447113600 0 0 0 0
1447027200 0 0 0 0
1446940800 0 0 0 0
1446854400 0 0 0 0
1446768000 0 0 0 0
1446681600 0 0 0 0
1446595200 0 0 0 0
1446508800 0 0 0 0
1446422400 0 0 0 0
1446336000 0 0 0 0
1446249600 0 0 0 0
1446163200 0 0 0 0
1446076800 0 0 0 0
1445990400 0 0 0 0
1445904000 0 0 0 0
1445817600 0 0 0 0
1445731200 0 0 0 0
1445644800 0 0 0 0
1445558400 0 0 0 0
1445472000 0 0 0 0
1445385600 0 0 0 0
1445299200 0 0 0 0
1445212800 0 0 0 0
1445126400 0 0 0 0
1445040000 0 0 0 0
1444953600 0 0 0 0
1444867200 0 0 0 0
1444780800 0 0 0 0
1444694400 0 0 0 0
1444608000 0 0 0 0
1444521600 0 0 0 0
1444435200 0 0 0 0
1444348800 0 0 0 0
1444262400 0 0 0 0
1444176000 0 0 0 0
1444089600 0 0 0 0
1444003200 0 0 0 0
1443916800 0 0 0 0
1443830400 0 0 0 0
1443744000 0 0 0 0
1443657600 0 0 0 0
1443571200 0 0 0 0
1443484800 0 0 0 0
1443398400 0 0 0 0
1443312000 0 0 0 0
1443225600 0 0 0 0
1443139200 0 0 0 0
1443052800 0 0 0 0
1442966400 0 0 0 0
1442880000 0 0 0 0
1442793600 0 0 0 0
1442707200 0 0 0 0
1442620800 0 0 0 0
1442534400 0 0 0 0
1442448000 0 0 0 0
1442361600 0 0 0 0
1442275200 0 0 0 0
1442188800 0 0 0 0
1442102400 0 0 0 0
1442016000 0 0 0 0
1441929600 0 0 0 0
1441843200 0 0 0 0
1441756800 0 0 0 0
1441670400 0 0 0 0
1441584000 0 0 0 0
1441497600 0 0 0 0
1441411200 0 0 0 0
1441324800 0 0 0 0
1441238400 0 0 0 0
1441152000 0 0 0 0
1441065600 0 0 0 0
1440979200 0 0 0 0
1440892800 0 0 0 0
1440806400 0 0 0 0
1440720000 0 0 0 0
1440633600 0 0 0 0
1440547200 0 0 0 0
1440460800 0 0 0 0
1440374400 0 0 0 0
1440288000 0 0 0 0
1440201600 0 0 0 0
1440115200 0 0 0 0
1440028800 0 0 0 0
1439942400 0 0 0 0
1439856000 0 0 0 0
1439769600 0 0 0 0
1439683200 0 0 0 0
1439596800 0 0 0 0
1439510400 0 0 0 0
1439424000 0 0 0 0
1439337600 0 0 0 0
1439251200 0 0 0 0
1439164800 0 0 0 0
1439078400 0 0 0 0
1438992000 0 0 0 0
1438905600 0 0 0 0
1438819200 0 0 0 0
1438732800 0 0 0 0
1438646400 0 0 0 0
1438560000 0 0 0 0
1438473600 0 0 0 0
1438387200 0 0 0 0
1438300800 0 0 0 0
1438214400 0 0 0 0
1438128000 0 0 0 0
1438041600 0 0 0 0
1437955200 0 0 0 0
1437868800 0 0 0 0
1437782400 0 0 0 0
1437696000 0 0 0 0
1437609600 0 0 0 0
1437523200 0 0 0 0
1437436800 0 0 0 0
1437350400 0 0 0 0
1437264000 0 0 0 0
1437177600 0 0 0 0
1437091200 0 0 0 0
1437004800 0 0 0 0
1436918400 0 0 0 0
1436832000 0 0 0 0
1436745600 0 0 0 0
1436659200 0 0 0 0
1436572800 0 0 0 0
1436486400 0 0 0 0
1436400000 0 0 0 0
1436313600 0 0 0 0
1436227200 0 0 0 0
1436140800 0 0 0 0
1436054400 0 0 0 0
1435968000 0 0 0 0
1435881600 0 0 0 0
1435795200 0 0 0 0
1435708800 0 0 0 0
1435622400 0 0 0 0
1435536000 0 0 0 0
