1504297339 0 0
1504297339 0 0 0 0
1504297039 0 0 0 0
1504296900 0 0 0 0
1504296600 0 0 0 0
1504296300 0 0 0 0
1504296000 0 0 0 0
1504295700 0 0 0 0
1504295400 0 0 0 0
1504295100 0 0 0 0
1504294800 0 0 0 0
1504294500 0 0 0 0
1504294200 0 0 0 0
1504293900 0 0 0 0
1504293600 0 0 0 0
1504293300 0 0 0 0
1504293000 0 0 0 0
1504292700 0 0 0 0
1504292400 0 0 0 0
1504292100 0 0 0 0
1504291800 0 0 0 0
1504291500 0 0 0 0
1504291200 0 0 0 0
1504290900 0 0 0 0
1504290600 0 0 0 0
1504290300 0 0 0 0
1504290000 0 0 0 0
1504289700 0 0 0 0
1504289400 0 0 0 0
1504289100 0 0 0 0
1504288800 0 0 0 0
1504288500 0 0 0 0
1504288200 0 0 0 0
1504287900 0 0 0 0
1504287600 0 0 0 0
1504287300 0 0 0 0
1504287000 0 0 0 0
1504286700 0 0 0 0
1504286400 0 0 0 0
1504286100 0 0 0 0
1504285800 0 0 0 0
1504285500 0 0 0 0
1504285200 0 0 0 0
1504284900 0 0 0 0
1504284600 0 0 0 0
1504284300 0 0 0 0
1504284000 0 0 0 0
1504283700 0 0 0 0
1504283400 0 0 0 0
1504283100 0 0 0 0
1504282800 0 0 0 0
1504282500 0 0 0 0
1504282200 0 0 0 0
1504281900 0 0 0 0
1504281600 0 0 0 0
1504281300 0 0 0 0
1504281000 0 0 0 0
1504280700 0 0 0 0
1504280400 0 0 0 0
1504280100 0 0 0 0
1504279800 0 0 0 0
1504279500 0 0 0 0
1504279200 0 0 0 0
1504278900 0 0 0 0
1504278600 0 0 0 0
1504278300 0 0 0 0
1504278000 0 0 0 0
1504277700 0 0 0 0
1504277400 0 0 0 0
1504277100 0 0 0 0
1504276800 0 0 0 0
1504276500 0 0 0 0
1504276200 0 0 0 0
1504275900 0 0 0 0
1504275600 0 0 0 0
1504275300 0 0 0 0
1504275000 0 0 0 0
1504274700 0 0 0 0
1504274400 0 0 0 0
1504274100 0 0 0 0
1504273800 0 0 0 0
1504273500 0 0 0 0
1504273200 0 0 0 0
1504272900 0 0 0 0
1504272600 0 0 0 0
1504272300 0 0 0 0
1504272000 0 0 0 0
1504271700 0 0 0 0
1504271400 0 0 0 0
1504271100 0 0 0 0
1504270800 0 0 0 0
1504270500 0 0 0 0
1504270200 0 0 0 0
1504269900 0 0 0 0
1504269600 0 0 0 0
1504269300 0 0 0 0
1504269000 0 0 0 0
1504268700 0 0 0 0
1504268400 0 0 0 0
1504268100 0 0 0 0
1504267800 0 0 0 0
1504267500 0 0 0 0
1504267200 0 0 0 0
1504266900 0 0 0 0
1504266600 0 0 0 0
1504266300 0 0 0 0
1504266000 0 0 0 0
1504265700 0 0 0 0
1504265400 0 0 0 0
1504265100 0 0 0 0
1504264800 0 0 0 0
1504264500 0 0 0 0
1504264200 0 0 0 0
1504263900 0 0 0 0
1504263600 0 0 0 0
1504263300 0 0 0 0
1504263000 0 0 0 0
1504262700 0 0 0 0
1504262400 0 0 0 0
1504262100 0 0 0 0
1504261800 0 0 0 0
1504261500 0 0 0 0
1504261200 0 0 0 0
1504260900 0 0 0 0
1504260600 0 0 0 0
1504260300 0 0 0 0
1504260000 0 0 0 0
1504259700 0 0 0 0
1504259400 0 0 0 0
1504259100 0 0 0 0
1504258800 0 0 0 0
1504258500 0 0 0 0
1504258200 0 0 0 0
1504257900 0 0 0 0
1504257600 0 0 0 0
1504257300 0 0 0 0
1504257000 0 0 0 0
1504256700 0 0 0 0
1504256400 0 0 0 0
1504256100 0 0 0 0
1504255800 0 0 0 0
1504255500 0 0 0 0
1504255200 0 0 0 0
1504254900 0 0 0 0
1504254600 0 0 0 0
1504254300 0 0 0 0
1504254000 0 0 0 0
1504253700 0 0 0 0
1504253400 0 0 0 0
1504253100 0 0 0 0
1504252800 0 0 0 0
1504252500 0 0 0 0
1504252200 0 0 0 0
1504251900 0 0 0 0
1504251600 0 0 0 0
1504251300 0 0 0 0
1504251000 0 0 0 0
1504250700 0 0 0 0
1504250400 0 0 0 0
1504250100 0 0 0 0
1504249800 0 0 0 0
1504249500 0 0 0 0
1504249200 0 0 0 0
1504248900 0 0 0 0
1504248600 0 0 0 0
1504248300 0 0 0 0
1504248000 0 0 0 0
1504247700 0 0 0 0
1504247400 0 0 0 0
1504247100 0 0 0 0
1504246800 0 0 0 0
1504246500 0 0 0 0
1504246200 0 0 0 0
1504245900 0 0 0 0
1504245600 0 0 0 0
1504245300 0 0 0 0
1504245000 0 0 0 0
1504244700 0 0 0 0
1504244400 0 0 0 0
1504244100 0 0 0 0
1504243800 0 0 0 0
1504243500 0 0 0 0
1504243200 0 0 0 0
1504242900 0 0 0 0
1504242600 0 0 0 0
1504242300 0 0 0 0
1504242000 0 0 0 0
1504241700 0 0 0 0
1504241400 0 0 0 0
1504241100 0 0 0 0
1504240800 0 0 0 0
1504240500 0 0 0 0
1504240200 0 0 0 0
1504239900 0 0 0 0
1504239600 0 0 0 0
1504239300 0 0 0 0
1504239000 0 0 0 0
1504238700 0 0 0 0
1504238400 0 0 0 0
1504238100 0 0 0 0
1504237800 0 0 0 0
1504237500 0 0 0 0
1504237200 0 0 0 0
1504236900 0 0 0 0
1504236600 0 0 0 0
1504236300 0 0 0 0
1504236000 0 0 0 0
1504235700 0 0 0 0
1504235400 0 0 0 0
1504235100 0 0 0 0
1504234800 0 0 0 0
1504234500 0 0 0 0
1504234200 0 0 0 0
1504233900 0 0 0 0
1504233600 0 0 0 0
1504233300 0 0 0 0
1504233000 0 0 0 0
1504232700 0 0 0 0
1504232400 0 0 0 0
1504232100 0 0 0 0
1504231800 0 0 0 0
1504231500 0 0 0 0
1504231200 0 0 0 0
1504230900 0 0 0 0
1504230600 0 0 0 0
1504230300 0 0 0 0
1504230000 0 0 0 0
1504229700 0 0 0 0
1504229400 0 0 0 0
1504229100 0 0 0 0
1504228800 0 0 0 0
1504228500 0 0 0 0
1504228200 0 0 0 0
1504227900 0 0 0 0
1504227600 0 0 0 0
1504227300 0 0 0 0
1504227000 0 0 0 0
1504226700 0 0 0 0
1504226400 0 0 0 0
1504226100 0 0 0 0
1504225800 0 0 0 0
1504225500 0 0 0 0
1504225200 0 0 0 0
1504224900 0 0 0 0
1504224600 0 0 0 0
1504224300 0 0 0 0
1504224000 0 0 0 0
1504223700 0 0 0 0
1504223400 0 0 0 0
1504223100 0 0 0 0
1504222800 0 0 0 0
1504222500 0 0 0 0
1504222200 0 0 0 0
1504221900 0 0 0 0
1504221600 0 0 0 0
1504221300 0 0 0 0
1504221000 0 0 0 0
1504220700 0 0 0 0
1504220400 0 0 0 0
1504220100 0 0 0 0
1504219800 0 0 0 0
1504219500 0 0 0 0
1504219200 0 0 0 0
1504218900 0 0 0 0
1504218600 0 0 0 0
1504218300 0 0 0 0
1504218000 0 0 0 0
1504217700 0 0 0 0
1504217400 0 0 0 0
1504217100 0 0 0 0
1504216800 0 0 0 0
1504216500 0 0 0 0
1504216200 0 0 0 0
1504215900 0 0 0 0
1504215600 0 0 0 0
1504215300 0 0 0 0
1504215000 0 0 0 0
1504214700 0 0 0 0
1504214400 0 0 0 0
1504214100 0 0 0 0
1504213800 0 0 0 0
1504213500 0 0 0 0
1504213200 0 0 0 0
1504212900 0 0 0 0
1504212600 0 0 0 0
1504212300 0 0 0 0
1504212000 0 0 0 0
1504211700 0 0 0 0
1504211400 0 0 0 0
1504211100 0 0 0 0
1504210800 0 0 0 0
1504210500 0 0 0 0
1504210200 0 0 0 0
1504209900 0 0 0 0
1504209600 0 0 0 0
1504209300 0 0 0 0
1504209000 0 0 0 0
1504208700 0 0 0 0
1504208400 0 0 0 0
1504208100 0 0 0 0
1504207800 0 0 0 0
1504207500 0 0 0 0
1504207200 0 0 0 0
1504206900 0 0 0 0
1504206600 0 0 0 0
1504206300 0 0 0 0
1504206000 0 0 0 0
1504205700 0 0 0 0
1504205400 0 0 0 0
1504205100 0 0 0 0
1504204800 0 0 0 0
1504204500 0 0 0 0
1504204200 0 0 0 0
1504203900 0 0 0 0
1504203600 0 0 0 0
1504203300 0 0 0 0
1504203000 0 0 0 0
1504202700 0 0 0 0
1504202400 0 0 0 0
1504202100 0 0 0 0
1504201800 0 0 0 0
1504201500 0 0 0 0
1504201200 0 0 0 0
1504200900 0 0 0 0
1504200600 0 0 0 0
1504200300 0 0 0 0
1504200000 0 0 0 0
1504199700 0 0 0 0
1504199400 0 0 0 0
1504199100 0 0 0 0
1504198800 0 0 0 0
1504198500 0 0 0 0
1504198200 0 0 0 0
1504197900 0 0 0 0
1504197600 0 0 0 0
1504197300 0 0 0 0
1504197000 0 0 0 0
1504196700 0 0 0 0
1504196400 0 0 0 0
1504196100 0 0 0 0
1504195800 0 0 0 0
1504195500 0 0 0 0
1504195200 0 0 0 0
1504194900 0 0 0 0
1504194600 0 0 0 0
1504194300 0 0 0 0
1504194000 0 0 0 0
1504193700 0 0 0 0
1504193400 0 0 0 0
1504193100 0 0 0 0
1504192800 0 0 0 0
1504192500 0 0 0 0
1504192200 0 0 0 0
1504191900 0 0 0 0
1504191600 0 0 0 0
1504191300 0 0 0 0
1504191000 0 0 0 0
1504190700 0 0 0 0
1504190400 0 0 0 0
1504190100 0 0 0 0
1504189800 0 0 0 0
1504189500 0 0 0 0
1504189200 0 0 0 0
1504188900 0 0 0 0
1504188600 0 0 0 0
1504188300 0 0 0 0
1504188000 0 0 0 0
1504187700 0 0 0 0
1504187400 0 0 0 0
1504187100 0 0 0 0
1504186800 0 0 0 0
1504186500 0 0 0 0
1504186200 0 0 0 0
1504185900 0 0 0 0
1504185600 0 0 0 0
1504185300 0 0 0 0
1504185000 0 0 0 0
1504184700 0 0 0 0
1504184400 0 0 0 0
1504184100 0 0 0 0
1504183800 0 0 0 0
1504183500 0 0 0 0
1504183200 0 0 0 0
1504182900 0 0 0 0
1504182600 0 0 0 0
1504182300 0 0 0 0
1504182000 0 0 0 0
1504181700 0 0 0 0
1504181400 0 0 0 0
1504181100 0 0 0 0
1504180800 0 0 0 0
1504180500 0 0 0 0
1504180200 0 0 0 0
1504179900 0 0 0 0
1504179600 0 0 0 0
1504179300 0 0 0 0
1504179000 0 0 0 0
1504178700 0 0 0 0
1504178400 0 0 0 0
1504178100 0 0 0 0
1504177800 0 0 0 0
1504177500 0 0 0 0
1504177200 0 0 0 0
1504176900 0 0 0 0
1504176600 0 0 0 0
1504176300 0 0 0 0
1504176000 0 0 0 0
1504175700 0 0 0 0
1504175400 0 0 0 0
1504175100 0 0 0 0
1504174800 0 0 0 0
1504174500 0 0 0 0
1504174200 0 0 0 0
1504173900 0 0 0 0
1504173600 0 0 0 0
1504173300 0 0 0 0
1504173000 0 0 0 0
1504172700 0 0 0 0
1504172400 0 0 0 0
1504172100 0 0 0 0
1504171800 0 0 0 0
1504171500 0 0 0 0
1504171200 0 0 0 0
1504170900 0 0 0 0
1504170600 0 0 0 0
1504170300 0 0 0 0
1504170000 0 0 0 0
1504169700 0 0 0 0
1504169400 0 0 0 0
1504169100 0 0 0 0
1504168800 0 0 0 0
1504168500 0 0 0 0
1504168200 0 0 0 0
1504167900 0 0 0 0
1504167600 0 0 0 0
1504167300 0 0 0 0
1504167000 0 0 0 0
1504166700 0 0 0 0
1504166400 0 0 0 0
1504166100 0 0 0 0
1504165800 0 0 0 0
1504165500 0 0 0 0
1504165200 0 0 0 0
1504164900 0 0 0 0
1504164600 0 0 0 0
1504164300 0 0 0 0
1504164000 0 0 0 0
1504163700 0 0 0 0
1504163400 0 0 0 0
1504163100 0 0 0 0
1504162800 0 0 0 0
1504162500 0 0 0 0
1504162200 0 0 0 0
1504161900 0 0 0 0
1504161600 0 0 0 0
1504161300 0 0 0 0
1504161000 0 0 0 0
1504160700 0 0 0 0
1504160400 0 0 0 0
1504160100 0 0 0 0
1504159800 0 0 0 0
1504159500 0 0 0 0
1504159200 0 0 0 0
1504158900 0 0 0 0
1504158600 0 0 0 0
1504158300 0 0 0 0
1504158000 0 0 0 0
1504157700 0 0 0 0
1504157400 0 0 0 0
1504157100 0 0 0 0
1504156800 0 0 0 0
1504156500 0 0 0 0
1504156200 0 0 0 0
1504155900 0 0 0 0
1504155600 0 0 0 0
1504155300 0 0 0 0
1504155000 0 0 0 0
1504154700 0 0 0 0
1504154400 0 0 0 0
1504154100 0 0 0 0
1504153800 0 0 0 0
1504153500 0 0 0 0
1504153200 0 0 0 0
1504152900 0 0 0 0
1504152600 0 0 0 0
1504152300 0 0 0 0
1504152000 0 0 0 0
1504151700 0 0 0 0
1504151400 0 0 0 0
1504151100 0 0 0 0
1504150800 0 0 0 0
1504150500 0 0 0 0
1504150200 0 0 0 0
1504149900 0 0 0 0
1504149600 0 0 0 0
1504149300 0 0 0 0
1504149000 0 0 0 0
1504148700 0 0 0 0
1504148400 0 0 0 0
1504148100 0 0 0 0
1504147800 0 0 0 0
1504147500 0 0 0 0
1504147200 0 0 0 0
1504146900 0 0 0 0
1504146600 0 0 0 0
1504146300 0 0 0 0
1504146000 0 0 0 0
1504145700 0 0 0 0
1504145400 0 0 0 0
1504145100 0 0 0 0
1504144800 0 0 0 0
1504144500 0 0 0 0
1504144200 0 0 0 0
1504143900 0 0 0 0
1504143600 0 0 0 0
1504143300 0 0 0 0
1504143000 0 0 0 0
1504142700 0 0 0 0
1504142400 0 0 0 0
1504142100 0 0 0 0
1504141800 0 0 0 0
1504141500 0 0 0 0
1504141200 0 0 0 0
1504140900 0 0 0 0
1504140600 0 0 0 0
1504140300 0 0 0 0
1504140000 0 0 0 0
1504139700 0 0 0 0
1504139400 0 0 0 0
1504139100 0 0 0 0
1504138800 0 0 0 0
1504138500 0 0 0 0
1504138200 0 0 0 0
1504137900 0 0 0 0
1504137600 0 0 0 0
1504137300 0 0 0 0
1504137000 0 0 0 0
1504136700 0 0 0 0
1504136400 0 0 0 0
1504136100 0 0 0 0
1504135800 0 0 0 0
1504135500 0 0 0 0
1504135200 0 0 0 0
1504134900 0 0 0 0
1504134600 0 0 0 0
1504134300 0 0 0 0
1504134000 0 0 0 0
1504133700 0 0 0 0
1504133400 0 0 0 0
1504133100 0 0 0 0
1504132800 0 0 0 0
1504132500 0 0 0 0
1504132200 0 0 0 0
1504131900 0 0 0 0
1504131600 0 0 0 0
1504131300 0 0 0 0
1504131000 0 0 0 0
1504130700 0 0 0 0
1504130400 0 0 0 0
1504130100 0 0 0 0
1504129800 0 0 0 0
1504129500 0 0 0 0
1504129200 0 0 0 0
1504128900 0 0 0 0
1504128600 0 0 0 0
1504128300 0 0 0 0
1504128000 0 0 0 0
1504127700 0 0 0 0
1504127400 0 0 0 0
1504127100 0 0 0 0
1504126800 0 0 0 0
1504126500 0 0 0 0
1504126200 0 0 0 0
1504125900 0 0 0 0
1504125600 0 0 0 0
1504125300 0 0 0 0
1504125000 0 0 0 0
1504124700 0 0 0 0
1504124400 0 0 0 0
1504124100 0 0 0 0
1504123800 0 0 0 0
1504123500 0 0 0 0
1504123200 0 0 0 0
1504122900 0 0 0 0
1504122600 0 0 0 0
1504122300 0 0 0 0
1504122000 0 0 0 0
1504121700 0 0 0 0
1504121400 0 0 0 0
1504121100 0 0 0 0
1504120800 0 0 0 0
1504120500 0 0 0 0
1504120200 0 0 0 0
1504119900 0 0 0 0
1504119600 0 0 0 0
1504119300 0 0 0 0
1504119000 0 0 0 0
1504118700 0 0 0 0
1504118400 0 0 0 0
1504118100 0 0 0 0
1504117800 0 0 0 0
1504117500 0 0 0 0
1504117200 0 0 0 0
1504116000 0 0 0 0
1504114200 0 0 0 0
1504112400 0 0 0 0
1504110600 0 0 0 0
1504108800 0 0 0 0
1504107000 0 0 0 0
1504105200 0 0 0 0
1504103400 0 0 0 0
1504101600 0 0 0 0
1504099800 0 0 0 0
1504098000 0 0 0 0
1504096200 0 0 0 0
1504094400 0 0 0 0
1504092600 0 0 0 0
1504090800 0 0 0 0
1504089000 0 0 0 0
1504087200 0 0 0 0
1504085400 0 0 0 0
1504083600 0 0 0 0
1504081800 0 0 0 0
1504080000 0 0 0 0
1504078200 0 0 0 0
1504076400 0 0 0 0
1504074600 0 0 0 0
1504072800 0 0 0 0
1504071000 0 0 0 0
1504069200 0 0 0 0
1504067400 0 0 0 0
1504065600 0 0 0 0
1504063800 0 0 0 0
1504062000 0 0 0 0
1504060200 0 0 0 0
1504058400 0 0 0 0
1504056600 0 0 0 0
1504054800 0 0 0 0
1504053000 0 0 0 0
1504051200 0 0 0 0
1504049400 0 0 0 0
1504047600 0 0 0 0
1504045800 0 0 0 0
1504044000 0 0 0 0
1504042200 0 0 0 0
1504040400 0 0 0 0
1504038600 0 0 0 0
1504036800 0 0 0 0
1504035000 0 0 0 0
1504033200 0 0 0 0
1504031400 0 0 0 0
1504029600 0 0 0 0
1504027800 0 0 0 0
1504026000 0 0 0 0
1504024200 0 0 0 0
1504022400 0 0 0 0
1504020600 0 0 0 0
1504018800 0 0 0 0
1504017000 0 0 0 0
1504015200 0 0 0 0
1504013400 0 0 0 0
1504011600 0 0 0 0
1504009800 0 0 0 0
1504008000 0 0 0 0
1504006200 0 0 0 0
1504004400 0 0 0 0
1504002600 0 0 0 0
1504000800 0 0 0 0
1503999000 0 0 0 0
1503997200 0 0 0 0
1503995400 0 0 0 0
1503993600 0 0 0 0
1503991800 0 0 0 0
1503990000 0 0 0 0
1503988200 0 0 0 0
1503986400 0 0 0 0
1503984600 0 0 0 0
1503982800 0 0 0 0
1503981000 0 0 0 0
1503979200 0 0 0 0
1503977400 0 0 0 0
1503975600 0 0 0 0
1503973800 0 0 0 0
1503972000 0 0 0 0
1503970200 0 0 0 0
1503968400 0 0 0 0
1503966600 0 0 0 0
1503964800 0 0 0 0
1503963000 0 0 0 0
1503961200 0 0 0 0
1503959400 0 0 0 0
1503957600 0 0 0 0
1503955800 0 0 0 0
1503954000 0 0 0 0
1503952200 0 0 0 0
1503950400 0 0 0 0
1503948600 0 0 0 0
1503946800 0 0 0 0
1503945000 0 0 0 0
1503943200 0 0 0 0
1503941400 0 0 0 0
1503939600 0 0 0 0
1503937800 0 0 0 0
1503936000 0 0 0 0
1503934200 0 0 0 0
1503932400 0 0 0 0
1503930600 0 0 0 0
1503928800 0 0 0 0
1503927000 0 0 0 0
1503925200 0 0 0 0
1503923400 0 0 0 0
1503921600 0 0 0 0
1503919800 0 0 0 0
1503918000 0 0 0 0
1503916200 0 0 0 0
1503914400 0 0 0 0
1503912600 0 0 0 0
1503910800 0 0 0 0
1503909000 0 0 0 0
1503907200 0 0 0 0
1503905400 0 0 0 0
1503903600 0 0 0 0
1503901800 0 0 0 0
1503900000 0 0 0 0
1503898200 0 0 0 0
1503896400 0 0 0 0
1503894600 0 0 0 0
1503892800 0 0 0 0
1503891000 0 0 0 0
1503889200 0 0 0 0
1503887400 0 0 0 0
1503885600 0 0 0 0
1503883800 0 0 0 0
1503882000 0 0 0 0
1503880200 0 0 0 0
1503878400 0 0 0 0
1503876600 0 0 0 0
1503874800 0 0 0 0
1503873000 0 0 0 0
1503871200 0 0 0 0
1503869400 0 0 0 0
1503867600 0 0 0 0
1503865800 0 0 0 0
1503864000 0 0 0 0
1503862200 0 0 0 0
1503860400 0 0 0 0
1503858600 0 0 0 0
1503856800 0 0 0 0
1503855000 0 0 0 0
1503853200 0 0 0 0
1503851400 0 0 0 0
1503849600 0 0 0 0
1503847800 0 0 0 0
1503846000 0 0 0 0
1503844200 0 0 0 0
1503842400 0 0 0 0
1503840600 0 0 0 0
1503838800 0 0 0 0
1503837000 0 0 0 0
1503835200 0 0 0 0
1503833400 0 0 0 0
1503831600 0 0 0 0
1503829800 0 0 0 0
1503828000 0 0 0 0
1503826200 0 0 0 0
1503824400 0 0 0 0
1503822600 0 0 0 0
1503820800 0 0 0 0
1503819000 0 0 0 0
1503817200 0 0 0 0
1503815400 0 0 0 0
1503813600 0 0 0 0
1503811800 0 0 0 0
1503810000 0 0 0 0
1503808200 0 0 0 0
1503806400 0 0 0 0
1503804600 0 0 0 0
1503802800 0 0 0 0
1503801000 0 0 0 0
1503799200 0 0 0 0
1503797400 0 0 0 0
1503795600 0 0 0 0
1503793800 0 0 0 0
1503792000 0 0 0 0
1503790200 0 0 0 0
1503788400 0 0 0 0
1503786600 0 0 0 0
1503784800 0 0 0 0
1503783000 0 0 0 0
1503781200 0 0 0 0
1503779400 0 0 0 0
1503777600 0 0 0 0
1503775800 0 0 0 0
1503774000 0 0 0 0
1503772200 0 0 0 0
1503770400 0 0 0 0
1503768600 0 0 0 0
1503766800 0 0 0 0
1503765000 0 0 0 0
1503763200 0 0 0 0
1503761400 0 0 0 0
1503759600 0 0 0 0
1503757800 0 0 0 0
1503756000 0 0 0 0
1503754200 0 0 0 0
1503752400 0 0 0 0
1503750600 0 0 0 0
1503748800 0 0 0 0
1503747000 0 0 0 0
1503745200 0 0 0 0
1503743400 0 0 0 0
1503741600 0 0 0 0
1503739800 0 0 0 0
1503738000 0 0 0 0
1503736200 0 0 0 0
1503734400 0 0 0 0
1503732600 0 0 0 0
1503730800 0 0 0 0
1503729000 0 0 0 0
1503727200 0 0 0 0
1503725400 0 0 0 0
1503723600 0 0 0 0
1503721800 0 0 0 0
1503720000 0 0 0 0
1503718200 0 0 0 0
1503716400 0 0 0 0
1503714600 0 0 0 0
1503712800 0 0 0 0
1503711000 0 0 0 0
1503709200 0 0 0 0
1503707400 0 0 0 0
1503705600 0 0 0 0
1503703800 0 0 0 0
1503702000 0 0 0 0
1503700200 0 0 0 0
1503698400 0 0 0 0
1503696600 0 0 0 0
1503694800 0 0 0 0
1503693000 0 0 0 0
1503691200 0 0 0 0
1503689400 0 0 0 0
1503687600 0 0 0 0
1503685800 0 0 0 0
1503684000 0 0 0 0
1503682200 0 0 0 0
1503680400 0 0 0 0
1503678600 0 0 0 0
1503676800 0 0 0 0
1503675000 0 0 0 0
1503673200 0 0 0 0
1503671400 0 0 0 0
1503669600 0 0 0 0
1503667800 0 0 0 0
1503666000 0 0 0 0
1503664200 0 0 0 0
1503662400 0 0 0 0
1503660600 0 0 0 0
1503658800 0 0 0 0
1503657000 0 0 0 0
1503655200 0 0 0 0
1503653400 0 0 0 0
1503651600 0 0 0 0
1503649800 0 0 0 0
1503648000 0 0 0 0
1503646200 0 0 0 0
1503644400 0 0 0 0
1503642600 0 0 0 0
1503640800 0 0 0 0
1503639000 0 0 0 0
1503637200 0 0 0 0
1503635400 0 0 0 0
1503633600 0 0 0 0
1503631800 0 0 0 0
1503630000 0 0 0 0
1503628200 0 0 0 0
1503626400 0 0 0 0
1503624600 0 0 0 0
1503622800 0 0 0 0
1503621000 0 0 0 0
1503619200 0 0 0 0
1503617400 0 0 0 0
1503615600 0 0 0 0
1503613800 0 0 0 0
1503612000 0 0 0 0
1503610200 0 0 0 0
1503608400 0 0 0 0
1503606600 0 0 0 0
1503604800 0 0 0 0
1503603000 0 0 0 0
1503601200 0 0 0 0
1503599400 0 0 0 0
1503597600 0 0 0 0
1503595800 0 0 0 0
1503594000 0 0 0 0
1503592200 0 0 0 0
1503590400 0 0 0 0
1503588600 0 0 0 0
1503586800 0 0 0 0
1503585000 0 0 0 0
1503583200 0 0 0 0
1503581400 0 0 0 0
1503579600 0 0 0 0
1503577800 0 0 0 0
1503576000 0 0 0 0
1503574200 0 0 0 0
1503572400 0 0 0 0
1503570600 0 0 0 0
1503568800 0 0 0 0
1503567000 0 0 0 0
1503565200 0 0 0 0
1503563400 0 0 0 0
1503561600 0 0 0 0
1503559800 0 0 0 0
1503558000 0 0 0 0
1503556200 0 0 0 0
1503554400 0 0 0 0
1503552600 0 0 0 0
1503550800 0 0 0 0
1503549000 0 0 0 0
1503547200 0 0 0 0
1503545400 0 0 0 0
1503543600 0 0 0 0
1503541800 0 0 0 0
1503540000 0 0 0 0
1503538200 0 0 0 0
1503536400 0 0 0 0
1503534600 0 0 0 0
1503532800 0 0 0 0
1503531000 0 0 0 0
1503529200 0 0 0 0
1503527400 0 0 0 0
1503525600 0 0 0 0
1503523800 0 0 0 0
1503522000 0 0 0 0
1503520200 0 0 0 0
1503518400 0 0 0 0
1503516600 0 0 0 0
1503514800 0 0 0 0
1503513000 0 0 0 0
1503511200 0 0 0 0
1503509400 0 0 0 0
1503507600 0 0 0 0
1503505800 0 0 0 0
1503504000 0 0 0 0
1503502200 0 0 0 0
1503500400 0 0 0 0
1503498600 0 0 0 0
1503496800 0 0 0 0
1503495000 0 0 0 0
1503493200 0 0 0 0
1503491400 0 0 0 0
1503489600 0 0 0 0
1503487800 0 0 0 0
1503486000 0 0 0 0
1503484200 0 0 0 0
1503482400 0 0 0 0
1503480600 0 0 0 0
1503478800 0 0 0 0
1503477000 0 0 0 0
1503475200 0 0 0 0
1503473400 0 0 0 0
1503471600 0 0 0 0
1503469800 0 0 0 0
1503468000 0 0 0 0
1503466200 0 0 0 0
1503464400 0 0 0 0
1503462600 0 0 0 0
1503460800 0 0 0 0
1503459000 0 0 0 0
1503457200 0 0 0 0
1503455400 0 0 0 0
1503453600 0 0 0 0
1503451800 0 0 0 0
1503450000 0 0 0 0
1503448200 0 0 0 0
1503446400 0 0 0 0
1503444600 0 0 0 0
1503442800 0 0 0 0
1503441000 0 0 0 0
1503439200 0 0 0 0
1503437400 0 0 0 0
1503435600 0 0 0 0
1503433800 0 0 0 0
1503432000 0 0 0 0
1503430200 0 0 0 0
1503428400 0 0 0 0
1503426600 0 0 0 0
1503424800 0 0 0 0
1503423000 0 0 0 0
1503421200 0 0 0 0
1503419400 0 0 0 0
1503417600 0 0 0 0
1503415800 0 0 0 0
1503414000 0 0 0 0
1503412200 0 0 0 0
1503410400 0 0 0 0
1503408600 0 0 0 0
1503406800 0 0 0 0
1503405000 0 0 0 0
1503403200 0 0 0 0
1503401400 0 0 0 0
1503399600 0 0 0 0
1503397800 0 0 0 0
1503396000 0 0 0 0
1503394200 0 0 0 0
1503392400 0 0 0 0
1503390600 0 0 0 0
1503388800 0 0 0 0
1503387000 0 0 0 0
1503385200 0 0 0 0
1503383400 0 0 0 0
1503381600 0 0 0 0
1503379800 0 0 0 0
1503378000 0 0 0 0
1503376200 0 0 0 0
1503374400 0 0 0 0
1503372600 0 0 0 0
1503370800 0 0 0 0
1503369000 0 0 0 0
1503367200 0 0 0 0
1503365400 0 0 0 0
1503363600 0 0 0 0
1503361800 0 0 0 0
1503360000 0 0 0 0
1503358200 0 0 0 0
1503356400 0 0 0 0
1503354600 0 0 0 0
1503352800 0 0 0 0
1503351000 0 0 0 0
1503349200 0 0 0 0
1503347400 0 0 0 0
1503345600 0 0 0 0
1503343800 0 0 0 0
1503342000 0 0 0 0
1503340200 0 0 0 0
1503338400 0 0 0 0
1503336600 0 0 0 0
1503334800 0 0 0 0
1503333000 0 0 0 0
1503331200 0 0 0 0
1503329400 0 0 0 0
1503327600 0 0 0 0
1503325800 0 0 0 0
1503324000 0 0 0 0
1503322200 0 0 0 0
1503320400 0 0 0 0
1503318600 0 0 0 0
1503316800 0 0 0 0
1503315000 0 0 0 0
1503313200 0 0 0 0
1503311400 0 0 0 0
1503309600 0 0 0 0
1503307800 0 0 0 0
1503306000 0 0 0 0
1503304200 0 0 0 0
1503302400 0 0 0 0
1503300600 0 0 0 0
1503298800 0 0 0 0
1503297000 0 0 0 0
1503295200 0 0 0 0
1503293400 0 0 0 0
1503291600 0 0 0 0
1503289800 0 0 0 0
1503288000 0 0 0 0
1503286200 0 0 0 0
1503284400 0 0 0 0
1503282600 0 0 0 0
1503280800 0 0 0 0
1503279000 0 0 0 0
1503277200 0 0 0 0
1503275400 0 0 0 0
1503273600 0 0 0 0
1503271800 0 0 0 0
1503270000 0 0 0 0
1503268200 0 0 0 0
1503266400 0 0 0 0
1503264600 0 0 0 0
1503262800 0 0 0 0
1503261000 0 0 0 0
1503259200 0 0 0 0
1503257400 0 0 0 0
1503255600 0 0 0 0
1503253800 0 0 0 0
1503252000 0 0 0 0
1503250200 0 0 0 0
1503248400 0 0 0 0
1503246600 0 0 0 0
1503244800 0 0 0 0
1503243000 0 0 0 0
1503241200 0 0 0 0
1503239400 0 0 0 0
1503237600 0 0 0 0
1503235800 0 0 0 0
1503234000 0 0 0 0
1503232200 0 0 0 0
1503230400 0 0 0 0
1503228600 0 0 0 0
1503226800 0 0 0 0
1503225000 0 0 0 0
1503223200 0 0 0 0
1503221400 0 0 0 0
1503219600 0 0 0 0
1503217800 0 0 0 0
1503216000 0 0 0 0
1503214200 0 0 0 0
1503212400 0 0 0 0
1503210600 0 0 0 0
1503208800 0 0 0 0
1503207000 0 0 0 0
1503205200 0 0 0 0
1503203400 0 0 0 0
1503201600 0 0 0 0
1503199800 0 0 0 0
1503198000 0 0 0 0
1503196200 0 0 0 0
1503194400 0 0 0 0
1503192600 0 0 0 0
1503190800 0 0 0 0
1503189000 0 0 0 0
1503187200 0 0 0 0
1503185400 0 0 0 0
1503183600 0 0 0 0
1503181800 0 0 0 0
1503180000 0 0 0 0
1503178200 0 0 0 0
1503176400 0 0 0 0
1503174600 0 0 0 0
1503172800 0 0 0 0
1503171000 0 0 0 0
1503169200 0 0 0 0
1503167400 0 0 0 0
1503165600 0 0 0 0
1503163800 0 0 0 0
1503162000 0 0 0 0
1503160200 0 0 0 0
1503158400 0 0 0 0
1503156600 0 0 0 0
1503154800 0 0 0 0
1503153000 0 0 0 0
1503151200 0 0 0 0
1503149400 0 0 0 0
1503147600 0 0 0 0
1503145800 0 0 0 0
1503144000 0 0 0 0
1503142200 0 0 0 0
1503140400 0 0 0 0
1503138600 0 0 0 0
1503136800 0 0 0 0
1503135000 0 0 0 0
1503133200 0 0 0 0
1503131400 0 0 0 0
1503129600 0 0 0 0
1503127800 0 0 0 0
1503126000 0 0 0 0
1503124200 0 0 0 0
1503122400 0 0 0 0
1503120600 0 0 0 0
1503118800 0 0 0 0
1503117000 0 0 0 0
1503115200 0 0 0 0
1503113400 0 0 0 0
1503111600 0 0 0 0
1503109800 0 0 0 0
1503108000 0 0 0 0
1503106200 0 0 0 0
1503104400 0 0 0 0
1503102600 0 0 0 0
1503100800 0 0 0 0
1503099000 0 0 0 0
1503097200 0 0 0 0
1503095400 0 0 0 0
1503093600 0 0 0 0
1503091800 0 0 0 0
1503090000 0 0 0 0
1503088200 0 0 0 0
1503086400 0 0 0 0
1503084600 0 0 0 0
1503082800 0 0 0 0
1503081000 0 0 0 0
1503079200 0 0 0 0
1503077400 0 0 0 0
1503075600 0 0 0 0
1503073800 0 0 0 0
1503072000 0 0 0 0
1503070200 0 0 0 0
1503068400 0 0 0 0
1503066600 0 0 0 0
1503064800 0 0 0 0
1503063000 0 0 0 0
1503061200 0 0 0 0
1503059400 0 0 0 0
1503057600 0 0 0 0
1503055800 0 0 0 0
1503054000 0 0 0 0
1503052200 0 0 0 0
1503050400 0 0 0 0
1503048600 0 0 0 0
1503046800 0 0 0 0
1503045000 0 0 0 0
1503043200 0 0 0 0
1503041400 0 0 0 0
1503039600 0 0 0 0
1503037800 0 0 0 0
1503036000 0 0 0 0
1503028800 0 0 0 0
1503021600 0 0 0 0
1503014400 0 0 0 0
1503007200 0 0 0 0
1503000000 0 0 0 0
1502992800 0 0 0 0
1502985600 0 0 0 0
1502978400 0 0 0 0
1502971200 0 0 0 0
1502964000 0 0 0 0
1502956800 0 0 0 0
1502949600 0 0 0 0
1502942400 0 0 0 0
1502935200 0 0 0 0
1502928000 0 0 0 0
1502920800 0 0 0 0
1502913600 0 0 0 0
1502906400 0 0 0 0
1502899200 0 0 0 0
1502892000 0 0 0 0
1502884800 0 0 0 0
1502877600 0 0 0 0
1502870400 0 0 0 0
1502863200 0 0 0 0
1502856000 0 0 0 0
1502848800 0 0 0 0
1502841600 0 0 0 0
1502834400 0 0 0 0
1502827200 0 0 0 0
1502820000 0 0 0 0
1502812800 0 0 0 0
1502805600 0 0 0 0
1502798400 0 0 0 0
1502791200 0 0 0 0
1502784000 0 0 0 0
1502776800 0 0 0 0
1502769600 0 0 0 0
1502762400 0 0 0 0
1502755200 0 0 0 0
1502748000 0 0 0 0
1502740800 0 0 0 0
1502733600 0 0 0 0
1502726400 0 0 0 0
1502719200 0 0 0 0
1502712000 0 0 0 0
1502704800 0 0 0 0
1502697600 0 0 0 0
1502690400 0 0 0 0
1502683200 0 0 0 0
1502676000 0 0 0 0
1502668800 0 0 0 0
1502661600 0 0 0 0
1502654400 0 0 0 0
1502647200 0 0 0 0
1502640000 0 0 0 0
1502632800 0 0 0 0
1502625600 0 0 0 0
1502618400 0 0 0 0
1502611200 0 0 0 0
1502604000 0 0 0 0
1502596800 0 0 0 0
1502589600 0 0 0 0
1502582400 0 0 0 0
1502575200 0 0 0 0
1502568000 0 0 0 0
1502560800 0 0 0 0
1502553600 0 0 0 0
1502546400 0 0 0 0
1502539200 0 0 0 0
1502532000 0 0 0 0
1502524800 0 0 0 0
1502517600 0 0 0 0
1502510400 0 0 0 0
1502503200 0 0 0 0
1502496000 0 0 0 0
1502488800 0 0 0 0
1502481600 0 0 0 0
1502474400 0 0 0 0
1502467200 0 0 0 0
1502460000 0 0 0 0
1502452800 0 0 0 0
1502445600 0 0 0 0
1502438400 0 0 0 0
1502431200 0 0 0 0
1502424000 0 0 0 0
1502416800 0 0 0 0
1502409600 0 0 0 0
1502402400 0 0 0 0
1502395200 0 0 0 0
1502388000 0 0 0 0
1502380800 0 0 0 0
1502373600 0 0 0 0
1502366400 0 0 0 0
1502359200 0 0 0 0
1502352000 0 0 0 0
1502344800 0 0 0 0
1502337600 0 0 0 0
1502330400 0 0 0 0
1502323200 0 0 0 0
1502316000 0 0 0 0
1502308800 0 0 0 0
1502301600 0 0 0 0
1502294400 0 0 0 0
1502287200 0 0 0 0
1502280000 0 0 0 0
1502272800 0 0 0 0
1502265600 0 0 0 0
1502258400 0 0 0 0
1502251200 0 0 0 0
1502244000 0 0 0 0
1502236800 0 0 0 0
1502229600 0 0 0 0
1502222400 0 0 0 0
1502215200 0 0 0 0
1502208000 0 0 0 0
1502200800 0 0 0 0
1502193600 0 0 0 0
1502186400 0 0 0 0
1502179200 0 0 0 0
1502172000 0 0 0 0
1502164800 0 0 0 0
1502157600 0 0 0 0
1502150400 0 0 0 0
1502143200 0 0 0 0
1502136000 0 0 0 0
1502128800 0 0 0 0
1502121600 0 0 0 0
1502114400 0 0 0 0
1502107200 0 0 0 0
1502100000 0 0 0 0
1502092800 0 0 0 0
1502085600 0 0 0 0
1502078400 0 0 0 0
1502071200 0 0 0 0
1502064000 0 0 0 0
1502056800 0 0 0 0
1502049600 0 0 0 0
1502042400 0 0 0 0
1502035200 0 0 0 0
1502028000 0 0 0 0
1502020800 0 0 0 0
1502013600 0 0 0 0
1502006400 0 0 0 0
1501999200 0 0 0 0
1501992000 0 0 0 0
1501984800 0 0 0 0
1501977600 0 0 0 0
1501970400 0 0 0 0
1501963200 0 0 0 0
1501956000 0 0 0 0
1501948800 0 0 0 0
1501941600 0 0 0 0
1501934400 0 0 0 0
1501927200 0 0 0 0
1501920000 0 0 0 0
1501912800 0 0 0 0
1501905600 0 0 0 0
1501898400 0 0 0 0
1501891200 0 0 0 0
1501884000 0 0 0 0
1501876800 0 0 0 0
1501869600 0 0 0 0
1501862400 0 0 0 0
1501855200 0 0 0 0
1501848000 0 0 0 0
1501840800 0 0 0 0
1501833600 0 0 0 0
1501826400 0 0 0 0
1501819200 0 0 0 0
1501812000 0 0 0 0
1501804800 0 0 0 0
1501797600 0 0 0 0
1501790400 0 0 0 0
1501783200 0 0 0 0
1501776000 0 0 0 0
1501768800 0 0 0 0
1501761600 0 0 0 0
1501754400 0 0 0 0
1501747200 0 0 0 0
1501740000 0 0 0 0
1501732800 0 0 0 0
1501725600 0 0 0 0
1501718400 0 0 0 0
1501711200 0 0 0 0
1501704000 0 0 0 0
1501696800 0 0 0 0
1501689600 0 0 0 0
1501682400 0 0 0 0
1501675200 0 0 0 0
1501668000 0 0 0 0
1501660800 0 0 0 0
1501653600 0 0 0 0
1501646400 0 0 0 0
1501639200 0 0 0 0
1501632000 0 0 0 0
1501624800 0 0 0 0
1501617600 0 0 0 0
1501610400 0 0 0 0
1501603200 0 0 0 0
1501596000 0 0 0 0
1501588800 0 0 0 0
1501581600 0 0 0 0
1501574400 0 0 0 0
1501567200 0 0 0 0
1501560000 0 0 0 0
1501552800 0 0 0 0
1501545600 0 0 0 0
1501538400 0 0 0 0
1501531200 0 0 0 0
1501524000 0 0 0 0
1501516800 0 0 0 0
1501509600 0 0 0 0
1501502400 0 0 0 0
1501495200 0 0 0 0
1501488000 0 0 0 0
1501480800 0 0 0 0
1501473600 0 0 0 0
1501466400 0 0 0 0
1501459200 0 0 0 0
1501452000 0 0 0 0
1501444800 0 0 0 0
1501437600 0 0 0 0
1501430400 0 0 0 0
1501423200 0 0 0 0
1501416000 0 0 0 0
1501408800 0 0 0 0
1501401600 0 0 0 0
1501394400 0 0 0 0
1501387200 0 0 0 0
1501380000 0 0 0 0
1501372800 0 0 0 0
1501365600 0 0 0 0
1501358400 0 0 0 0
1501351200 0 0 0 0
1501344000 0 0 0 0
1501336800 0 0 0 0
1501329600 0 0 0 0
1501322400 0 0 0 0
1501315200 0 0 0 0
1501308000 0 0 0 0
1501300800 0 0 0 0
1501293600 0 0 0 0
1501286400 0 0 0 0
1501279200 0 0 0 0
1501272000 0 0 0 0
1501264800 0 0 0 0
1501257600 0 0 0 0
1501250400 0 0 0 0
1501243200 0 0 0 0
1501236000 0 0 0 0
1501228800 0 0 0 0
1501221600 0 0 0 0
1501214400 0 0 0 0
1501207200 0 0 0 0
1501200000 0 0 0 0
1501192800 0 0 0 0
1501185600 0 0 0 0
1501178400 0 0 0 0
1501171200 0 0 0 0
1501164000 0 0 0 0
1501156800 0 0 0 0
1501149600 0 0 0 0
1501142400 0 0 0 0
1501135200 0 0 0 0
1501128000 0 0 0 0
1501120800 0 0 0 0
1501113600 0 0 0 0
1501106400 0 0 0 0
1501099200 0 0 0 0
1501092000 0 0 0 0
1501084800 0 0 0 0
1501077600 0 0 0 0
1501070400 0 0 0 0
1501063200 0 0 0 0
1501056000 0 0 0 0
1501048800 0 0 0 0
1501041600 0 0 0 0
1501034400 0 0 0 0
1501027200 0 0 0 0
1501020000 0 0 0 0
1501012800 0 0 0 0
1501005600 0 0 0 0
1500998400 0 0 0 0
1500991200 0 0 0 0
1500984000 0 0 0 0
1500976800 0 0 0 0
1500969600 0 0 0 0
1500962400 0 0 0 0
1500955200 0 0 0 0
1500948000 0 0 0 0
1500940800 0 0 0 0
1500933600 0 0 0 0
1500926400 0 0 0 0
1500919200 0 0 0 0
1500912000 0 0 0 0
1500904800 0 0 0 0
1500897600 0 0 0 0
1500890400 0 0 0 0
1500883200 0 0 0 0
1500876000 0 0 0 0
1500868800 0 0 0 0
1500861600 0 0 0 0
1500854400 0 0 0 0
1500847200 0 0 0 0
1500840000 0 0 0 0
1500832800 0 0 0 0
1500825600 0 0 0 0
1500818400 0 0 0 0
1500811200 0 0 0 0
1500804000 0 0 0 0
1500796800 0 0 0 0
1500789600 0 0 0 0
1500782400 0 0 0 0
1500775200 0 0 0 0
1500768000 0 0 0 0
1500760800 0 0 0 0
1500753600 0 0 0 0
1500746400 0 0 0 0
1500739200 0 0 0 0
1500732000 0 0 0 0
1500724800 0 0 0 0
1500717600 0 0 0 0
1500710400 0 0 0 0
1500703200 0 0 0 0
1500696000 0 0 0 0
1500688800 0 0 0 0
1500681600 0 0 0 0
1500674400 0 0 0 0
1500667200 0 0 0 0
1500660000 0 0 0 0
1500652800 0 0 0 0
1500645600 0 0 0 0
1500638400 0 0 0 0
1500631200 0 0 0 0
1500624000 0 0 0 0
1500616800 0 0 0 0
1500609600 0 0 0 0
1500602400 0 0 0 0
1500595200 0 0 0 0
1500588000 0 0 0 0
1500580800 0 0 0 0
1500573600 0 0 0 0
1500566400 0 0 0 0
1500559200 0 0 0 0
1500552000 0 0 0 0
1500544800 0 0 0 0
1500537600 0 0 0 0
1500530400 0 0 0 0
1500523200 0 0 0 0
1500516000 0 0 0 0
1500508800 0 0 0 0
1500501600 0 0 0 0
1500494400 0 0 0 0
1500487200 0 0 0 0
1500480000 0 0 0 0
1500472800 0 0 0 0
1500465600 0 0 0 0
1500458400 0 0 0 0
1500451200 0 0 0 0
1500444000 0 0 0 0
1500436800 0 0 0 0
1500429600 0 0 0 0
1500422400 0 0 0 0
1500415200 0 0 0 0
1500408000 0 0 0 0
1500400800 0 0 0 0
1500393600 0 0 0 0
1500386400 0 0 0 0
1500379200 0 0 0 0
1500372000 0 0 0 0
1500364800 0 0 0 0
1500357600 0 0 0 0
1500350400 0 0 0 0
1500343200 0 0 0 0
1500336000 0 0 0 0
1500328800 0 0 0 0
1500321600 0 0 0 0
1500314400 0 0 0 0
1500307200 0 0 0 0
1500300000 0 0 0 0
1500292800 0 0 0 0
1500285600 0 0 0 0
1500278400 0 0 0 0
1500271200 0 0 0 0
1500264000 0 0 0 0
1500256800 0 0 0 0
1500249600 0 0 0 0
1500242400 0 0 0 0
1500235200 0 0 0 0
1500228000 0 0 0 0
1500220800 0 0 0 0
1500213600 0 0 0 0
1500206400 0 0 0 0
1500199200 0 0 0 0
1500192000 0 0 0 0
1500184800 0 0 0 0
1500177600 0 0 0 0
1500170400 0 0 0 0
1500163200 0 0 0 0
1500156000 0 0 0 0
1500148800 0 0 0 0
1500141600 0 0 0 0
1500134400 0 0 0 0
1500127200 0 0 0 0
1500120000 0 0 0 0
1500112800 0 0 0 0
1500105600 0 0 0 0
1500098400 0 0 0 0
1500091200 0 0 0 0
1500084000 0 0 0 0
1500076800 0 0 0 0
1500069600 0 0 0 0
1500062400 0 0 0 0
1500055200 0 0 0 0
1500048000 0 0 0 0
1500040800 0 0 0 0
1500033600 0 0 0 0
1500026400 0 0 0 0
1500019200 0 0 0 0
1500012000 0 0 0 0
1500004800 0 0 0 0
1499997600 0 0 0 0
1499990400 0 0 0 0
1499983200 0 0 0 0
1499976000 0 0 0 0
1499968800 0 0 0 0
1499961600 0 0 0 0
1499954400 0 0 0 0
1499947200 0 0 0 0
1499940000 0 0 0 0
1499932800 0 0 0 0
1499925600 0 0 0 0
1499918400 0 0 0 0
1499911200 0 0 0 0
1499904000 0 0 0 0
1499896800 0 0 0 0
1499889600 0 0 0 0
1499882400 0 0 0 0
1499875200 0 0 0 0
1499868000 0 0 0 0
1499860800 0 0 0 0
1499853600 0 0 0 0
1499846400 0 0 0 0
1499839200 0 0 0 0
1499832000 0 0 0 0
1499824800 0 0 0 0
1499817600 0 0 0 0
1499810400 0 0 0 0
1499803200 0 0 0 0
1499796000 0 0 0 0
1499788800 0 0 0 0
1499781600 0 0 0 0
1499774400 0 0 0 0
1499767200 0 0 0 0
1499760000 0 0 0 0
1499752800 0 0 0 0
1499745600 0 0 0 0
1499738400 0 0 0 0
1499731200 0 0 0 0
1499724000 0 0 0 0
1499716800 0 0 0 0
1499709600 0 0 0 0
1499702400 0 0 0 0
1499695200 0 0 0 0
1499688000 0 0 0 0
1499680800 0 0 0 0
1499673600 0 0 0 0
1499666400 0 0 0 0
1499659200 0 0 0 0
1499652000 0 0 0 0
1499644800 0 0 0 0
1499637600 0 0 0 0
1499630400 0 0 0 0
1499623200 0 0 0 0
1499616000 0 0 0 0
1499608800 0 0 0 0
1499601600 0 0 0 0
1499594400 0 0 0 0
1499587200 0 0 0 0
1499580000 0 0 0 0
1499572800 0 0 0 0
1499565600 0 0 0 0
1499558400 0 0 0 0
1499551200 0 0 0 0
1499544000 0 0 0 0
1499536800 0 0 0 0
1499529600 0 0 0 0
1499522400 0 0 0 0
1499515200 0 0 0 0
1499508000 0 0 0 0
1499500800 0 0 0 0
1499493600 0 0 0 0
1499486400 0 0 0 0
1499479200 0 0 0 0
1499472000 0 0 0 0
1499464800 0 0 0 0
1499457600 0 0 0 0
1499450400 0 0 0 0
1499443200 0 0 0 0
1499436000 0 0 0 0
1499428800 0 0 0 0
1499421600 0 0 0 0
1499414400 0 0 0 0
1499407200 0 0 0 0
1499400000 0 0 0 0
1499392800 0 0 0 0
1499385600 0 0 0 0
1499378400 0 0 0 0
1499371200 0 0 0 0
1499364000 0 0 0 0
1499356800 0 0 0 0
1499349600 0 0 0 0
1499342400 0 0 0 0
1499335200 0 0 0 0
1499328000 0 0 0 0
1499320800 0 0 0 0
1499313600 0 0 0 0
1499306400 0 0 0 0
1499299200 0 0 0 0
1499292000 0 0 0 0
1499284800 0 0 0 0
1499277600 0 0 0 0
1499270400 0 0 0 0
1499263200 0 0 0 0
1499256000 0 0 0 0
1499248800 0 0 0 0
1499241600 0 0 0 0
1499234400 0 0 0 0
1499227200 0 0 0 0
1499220000 0 0 0 0
1499212800 0 0 0 0
1499205600 0 0 0 0
1499198400 0 0 0 0
1499191200 0 0 0 0
1499184000 0 0 0 0
1499176800 0 0 0 0
1499169600 0 0 0 0
1499162400 0 0 0 0
1499155200 0 0 0 0
1499148000 0 0 0 0
1499140800 0 0 0 0
1499133600 0 0 0 0
1499126400 0 0 0 0
1499119200 0 0 0 0
1499112000 0 0 0 0
1499104800 0 0 0 0
1499097600 0 0 0 0
1499090400 0 0 0 0
1499083200 0 0 0 0
1499076000 0 0 0 0
1499068800 0 0 0 0
1499061600 0 0 0 0
1499054400 0 0 0 0
1499047200 0 0 0 0
1499040000 0 0 0 0
1499032800 0 0 0 0
1499025600 0 0 0 0
1499018400 0 0 0 0
1499011200 0 0 0 0
1499004000 0 0 0 0
1498996800 0 0 0 0
1498989600 0 0 0 0
1498982400 0 0 0 0
1498975200 0 0 0 0
1498968000 0 0 0 0
1498960800 0 0 0 0
1498953600 0 0 0 0
1498946400 0 0 0 0
1498939200 0 0 0 0
1498932000 0 0 0 0
1498924800 0 0 0 0
1498917600 0 0 0 0
1498910400 0 0 0 0
1498903200 0 0 0 0
1498896000 0 0 0 0
1498888800 0 0 0 0
1498881600 0 0 0 0
1498874400 0 0 0 0
1498867200 0 0 0 0
1498860000 0 0 0 0
1498852800 0 0 0 0
1498845600 0 0 0 0
1498838400 0 0 0 0
1498831200 0 0 0 0
1498824000 0 0 0 0
1498816800 0 0 0 0
1498809600 0 0 0 0
1498802400 0 0 0 0
1498795200 0 0 0 0
1498788000 0 0 0 0
1498780800 0 0 0 0
1498773600 0 0 0 0
1498766400 0 0 0 0
1498759200 0 0 0 0
1498752000 0 0 0 0
1498744800 0 0 0 0
1498737600 0 0 0 0
1498730400 0 0 0 0
1498723200 0 0 0 0
1498716000 0 0 0 0
1498694400 0 0 0 0
1498608000 0 0 0 0
1498521600 0 0 0 0
1498435200 0 0 0 0
1498348800 0 0 0 0
1498262400 0 0 0 0
1498176000 0 0 0 0
1498089600 0 0 0 0
1498003200 0 0 0 0
1497916800 0 0 0 0
1497830400 0 0 0 0
1497744000 0 0 0 0
1497657600 0 0 0 0
1497571200 0 0 0 0
1497484800 0 0 0 0
1497398400 0 0 0 0
1497312000 0 0 0 0
1497225600 0 0 0 0
1497139200 0 0 0 0
1497052800 0 0 0 0
1496966400 0 0 0 0
1496880000 0 0 0 0
1496793600 0 0 0 0
1496707200 0 0 0 0
1496620800 0 0 0 0
1496534400 0 0 0 0
1496448000 0 0 0 0
1496361600 0 0 0 0
1496275200 0 0 0 0
1496188800 0 0 0 0
1496102400 0 0 0 0
1496016000 0 0 0 0
1495929600 0 0 0 0
1495843200 0 0 0 0
1495756800 0 0 0 0
1495670400 0 0 0 0
1495584000 0 0 0 0
1495497600 0 0 0 0
1495411200 0 0 0 0
1495324800 0 0 0 0
1495238400 0 0 0 0
1495152000 0 0 0 0
1495065600 0 0 0 0
1494979200 0 0 0 0
1494892800 0 0 0 0
1494806400 0 0 0 0
1494720000 0 0 0 0
1494633600 0 0 0 0
1494547200 0 0 0 0
1494460800 0 0 0 0
1494374400 0 0 0 0
1494288000 0 0 0 0
1494201600 0 0 0 0
1494115200 0 0 0 0
1494028800 0 0 0 0
1493942400 0 0 0 0
1493856000 0 0 0 0
1493769600 0 0 0 0
1493683200 0 0 0 0
1493596800 0 0 0 0
1493510400 0 0 0 0
1493424000 0 0 0 0
1493337600 0 0 0 0
1493251200 0 0 0 0
1493164800 0 0 0 0
1493078400 0 0 0 0
1492992000 0 0 0 0
1492905600 0 0 0 0
1492819200 0 0 0 0
1492732800 0 0 0 0
1492646400 0 0 0 0
1492560000 0 0 0 0
1492473600 0 0 0 0
1492387200 0 0 0 0
1492300800 0 0 0 0
1492214400 0 0 0 0
1492128000 0 0 0 0
1492041600 0 0 0 0
1491955200 0 0 0 0
1491868800 0 0 0 0
1491782400 0 0 0 0
1491696000 0 0 0 0
1491609600 0 0 0 0
1491523200 0 0 0 0
1491436800 0 0 0 0
1491350400 0 0 0 0
1491264000 0 0 0 0
1491177600 0 0 0 0
1491091200 0 0 0 0
1491004800 0 0 0 0
1490918400 0 0 0 0
1490832000 0 0 0 0
1490745600 0 0 0 0
1490659200 0 0 0 0
1490572800 0 0 0 0
1490486400 0 0 0 0
1490400000 0 0 0 0
1490313600 0 0 0 0
1490227200 0 0 0 0
1490140800 0 0 0 0
1490054400 0 0 0 0
1489968000 0 0 0 0
1489881600 0 0 0 0
1489795200 0 0 0 0
1489708800 0 0 0 0
1489622400 0 0 0 0
1489536000 0 0 0 0
1489449600 0 0 0 0
1489363200 0 0 0 0
1489276800 0 0 0 0
1489190400 0 0 0 0
1489104000 0 0 0 0
1489017600 0 0 0 0
1488931200 0 0 0 0
1488844800 0 0 0 0
1488758400 0 0 0 0
1488672000 0 0 0 0
1488585600 0 0 0 0
1488499200 0 0 0 0
1488412800 0 0 0 0
1488326400 0 0 0 0
1488240000 0 0 0 0
1488153600 0 0 0 0
1488067200 0 0 0 0
1487980800 0 0 0 0
1487894400 0 0 0 0
1487808000 0 0 0 0
1487721600 0 0 0 0
1487635200 0 0 0 0
1487548800 0 0 0 0
1487462400 0 0 0 0
1487376000 0 0 0 0
1487289600 0 0 0 0
1487203200 0 0 0 0
1487116800 0 0 0 0
1487030400 0 0 0 0
1486944000 0 0 0 0
1486857600 0 0 0 0
1486771200 0 0 0 0
1486684800 0 0 0 0
1486598400 0 0 0 0
1486512000 0 0 0 0
1486425600 0 0 0 0
1486339200 0 0 0 0
1486252800 0 0 0 0
1486166400 0 0 0 0
1486080000 0 0 0 0
1485993600 0 0 0 0
1485907200 0 0 0 0
1485820800 0 0 0 0
1485734400 0 0 0 0
1485648000 0 0 0 0
1485561600 0 0 0 0
1485475200 0 0 0 0
1485388800 0 0 0 0
1485302400 0 0 0 0
1485216000 0 0 0 0
1485129600 0 0 0 0
1485043200 0 0 0 0
1484956800 0 0 0 0
1484870400 0 0 0 0
1484784000 0 0 0 0
1484697600 0 0 0 0
1484611200 0 0 0 0
1484524800 0 0 0 0
1484438400 0 0 0 0
1484352000 0 0 0 0
1484265600 0 0 0 0
1484179200 0 0 0 0
1484092800 0 0 0 0
1484006400 0 0 0 0
1483920000 0 0 0 0
1483833600 0 0 0 0
1483747200 0 0 0 0
1483660800 0 0 0 0
1483574400 0 0 0 0
1483488000 0 0 0 0
1483401600 0 0 0 0
1483315200 0 0 0 0
1483228800 0 0 0 0
1483142400 0 0 0 0
1483056000 0 0 0 0
1482969600 0 0 0 0
1482883200 0 0 0 0
1482796800 0 0 0 0
1482710400 0 0 0 0
1482624000 0 0 0 0
1482537600 0 0 0 0
1482451200 0 0 0 0
1482364800 0 0 0 0
1482278400 0 0 0 0
1482192000 0 0 0 0
1482105600 0 0 0 0
1482019200 0 34 23 506
1481932800 2612 15181 164705 1048864
1481846400 2910 16317 163438 801188
1481760000 4354 20892 164448 1093982
1481673600 3447 13752 314932 772052
1481587200 3762 23104 167264 2037307
1481500800 21 372 24 470
1481414400 29 376 1492 2357
1481328000 3839 13308 206999 902906
1481241600 8575 13793 953750 211843
1481155200 1095 4314 117612 459740
1481068800 2812 7087 107572 370072
1480982400 4685 16011 385193 509471
1480896000 21 352 25 858
1480809600 22 343 23 503
1480723200 3094 13340 257387 266144
1480636800 3869 16870 324755 389582
1480550400 1943 5846 106474 192496
1480464000 4004 5488 229975 162119
1480377600 4650 33565 174789 1995419
1480291200 21 461 58 1287
1480204800 21 464 34 585
1480118400 4299 6787 111037 188205
1480032000 4711 11517 121854 233595
1479945600 4513 21851 130367 1360764
1479859200 2399 6392 48220 351197
1479772800 2205 3436 48156 23871
1479686400 1438 1683 48431 12034
1479600000 1447 1769 50061 13870
1479513600 2239 8661 49116 1313155
1479427200 3524 9605 170238 858245
1479340800 3546 5968 160254 326494
1479254400 2273 5871 47897 507428
1479168000 2365 3872 47628 36933
1479081600 1682 1963 47630 11634
1478995200 1683 2056 47058 13795
1478908800 1912 3891 46705 58268
1478822400 1356 3567 51446 113421
1478736000 1324 4662 22266 116119
1478649600 397 1494 11215 29256
1478563200 517 2062 11840 43361
1478476800 115 615 3642 2317
1478390400 167 678 6551 5717
1478304000 456 1324 12283 13516
1478217600 511 1962 16860 29948
1478131200 319 1655 5880 16636
1478044800 496 1742 9003 49704
1477958400 372 4027 11106 305559
1477872000 137 581 2692 4063
1477785600 145 623 3803 4131
1477699200 1512 3211 48098 113001
1477612800 1193 4718 20748 343266
1477526400 837 8381 42508 857872
1477440000 779 1537 25080 19380
1477353600 1680 5122 46357 238094
1477267200 870 1472 46999 10956
1477180800 953 1529 46510 11048
1477094400 2651 7097 46271 1248160
1477008000 2000 3254 46813 18868
1476921600 1699 3256 32516 114598
1476835200 243 758 243 758
1476748800 243 758 243 758
1476662400 535 1091 11169 13314
1476576000 2107 8541 118091 822234
1476489600 2744 21888 141165 878525
1476403200 889 2365 13843 35363
1476316800 1342 5358 56227 145826
1476230400 792 5541 52226 981883
1476144000 21 382 24 503
1476057600 22 387 24 496
1475971200 22 388 1033 2130
1475884800 1660 3150 46264 21732
1475798400 1949 3165 46863 22422
1475712000 2038 3318 46574 24013
1475625600 1856 3598 45617 30087
1475539200 2694 10937 142691 883460
1475452800 1597 7742 54885 870024
1475366400 1400 4814 54625 867146
1475280000 2146 8642 161631 1040845
1475193600 21 823 24 2081
1475107200 21 856 26 29665
1475020800 21 782 24 2089
1474934400 21 733 24 2035
1474848000 22 424 23 518
1474761600 21 421 23 594
1474675200 723 1656 11791 34716
1474588800 447 1558 11198 36101
1474502400 534 1777 44921 42122
1474416000 3109 8900 150897 701383
1474329600 2655 13688 140964 1170305
1474243200 22 366 24 463
1474156800 22 377 215 797
1474070400 1245 1933 266556 113982
1473984000 2272 6086 280619 878040
1473897600 651 3099 44591 243032
1473811200 741 1650 57295 27284
1473724800 161 1044 7232 9439
1473638400 21 448 24 538
1473552000 21 448 24 603
1473465600 909 1911 22652 37313
1473379200 419 1592 51767 29798
1473292800 2322 7965 44639 287897
1473206400 1576 3172 54144 48539
1473120000 21 400 24 684
1473033600 21 390 24 468
1472947200 21 439 611 2075
1472860800 2013 3338 46971 82976
1472774400 2899 10426 75661 667483
1472688000 3676 11973 80925 545630
1472601600 2785 10187 130360 655747
1472515200 940 5119 176363 1042520
1472428800 56 386 56 386
1472342400 56 386 56 386
1472256000 56 386 56 386
1472169600 56 386 56 386
1472083200 56 386 56 386
1471996800 56 386 56 386
1471910400 56 386 56 386
1471824000 56 386 56 386
1471737600 56 386 56 386
1471651200 77 431 7224 13140
1471564800 504 1457 15350 74902
1471478400 1933 6512 203322 848019
1471392000 2783 2270 384628 58160
1471305600 841 1828 63597 77644
1471219200 21 331 26 907
1471132800 25 337 2283 4090
1471046400 3234 6828 299637 880448
1470960000 1919 7833 270886 1716467
1470873600 1440 4172 177359 898050
1470787200 2403 7002 274259 1746665
1470700800 3609 8556 270635 1709583
1470614400 1632 1557 88718 16519
1470528000 1665 1636 88583 16002
1470441600 1992 2870 91390 80210
1470355200 2217 3545 88644 56091
1470268800 4060 14478 196082 1424659
1470182400 2728 7986 271257 1726705
1470096000 20 321 26 698
1470009600 21 317 25 483
1469923200 21 320 24 484
1469836800 1683 8589 87094 193027
1469750400 2027 7627 288441 184053
1469664000 1855 7322 276359 1715244
1469577600 376 1200 15340 32978
1469491200 3340 5551 357405 919655
1469404800 442 787 84369 14244
1469318400 688 1000 84975 49074
1469232000 2717 4238 331106 213125
1469145600 1605 3282 84872 136548
1469059200 1759 9203 129212 1102094
1468972800 3758 7874 308195 1117483
1468886400 2437 6700 91189 830278
1468800000 1244 2141 84125 406328
1468713600 1199 2352 81616 364096
1468627200 2121 9335 82557 1306934
1468540800 2231 3252 281806 226868
1468454400 1500 3510 77793 374557
1468368000 1399 6382 33676 1477837
1468281600 1572 3699 112768 270967
1468195200 21 276 25 386
1468108800 21 278 24 444
1468022400 20 643 30 2221
1467936000 21 599 24 2209
1467849600 1394 6860 67130 2108949
1467763200 2010 3696 105758 56766
1467676800 1751 10032 73162 2000282
1467590400 20 281 25 423
1467504000 20 279 25 414
1467417600 20 281 30 450
1467331200 1634 3235 76458 67898
1467244800 1839 4120 114703 244492
1467158400 2368 6475 292523 568317
1467072000 3812 8898 207912 1488294
1466985600 21 345 27 527
1466899200 21 356 25 620
1466812800 1227 2304 109769 137901
1466726400 1597 6884 90701 582426
1466640000 3211 12238 785112 2060594
1466553600 2422 10316 82958 1726628
1466467200 1815 12434 91916 2135381
1466380800 562 673 65533 6584
1466294400 612 762 65922 27233
1466208000 630 1365 41581 53493
1466121600 328 1030 41081 18973
1466035200 569 2618 41984 325138
1465948800 4117 9265 1174629 1970479
1465862400 871 6168 130206 1235447
1465776000 373 927 6737 9385
1465689600 291 799 5995 7686
1465603200 1462 4753 82843 895104
1465516800 998 3661 90346 460621
1465430400 914 3010 22640 165892
1465344000 634 3317 28686 961059
1465257600 827 8865 69814 1860224
1465171200 365 832 6589 16031
1465084800 407 843 6325 7974
1464998400 773 6266 43312 1334400
1464912000 1821 11759 77023 1941469
1464825600 1280 3257 96566 195466
1464739200 1735 7224 71155 1860449
1464652800 1758 5160 106882 367243
1464566400 357 900 44718 9407
1464480000 477 1030 34880 11909
1464393600 2224 5155 355897 486555
1464307200 14317 16418 2070366 3028002
1464220800 5278 6805 193795 427149
1464134400 13026 14575 2100414 3069166
1464048000 5605 9359 2068395 3011911
1463961600 631 1107 10531 12701
1463875200 790 3244 69265 493543
1463788800 1486 12696 80670 1691219
1463702400 1395 9208 43369 1090366
1463616000 1360 12214 77776 789317
1463529600 2106 6424 64634 652669
1463443200 1534 10856 49142 1086221
1463356800 551 1055 9620 11831
1463270400 520 1041 9902 12499
1463184000 1455 8075 55656 1086539
1463097600 1382 7538 39356 690442
1463011200 1059 8291 28541 556997
1462924800 1235 4515 60654 595627
1462838400 1541 3574 28405 92785
1462752000 240 620 26822 8987
1462665600 260 649 27711 8299
1462579200 1338 9588 136776 2018849
1462492800 1007 4763 27299 382791
1462406400 2135 4562 303563 422606
1462320000 1690 5529 303376 499762
1462233600 4795 9422 1852638 2962322
1462147200 118 361 26191 5076
1462060800 130 379 25509 16379
1461974400 627 2255 20463 311417
1461888000 544 2856 25187 481770
1461801600 1506 3485 65561 81318
1461715200 361 1390 10529 19620
1461628800 669 3017 34864 200403
1461542400 207 422 8881 6069
1461456000 255 504 8719 6501
1461369600 578 2139 17039 103535
1461283200 491 1510 56136 69781
1461196800 508 4297 32853 943023
1461110400 112 987 6364 68530
1461024000 428 1636 20167 212579
1460937600 604 970 3390 3470
1460851200 652 1048 8580 13230
1460764800 621 1526 14668 83939
1460678400 1195 1948 54926 43424
1460592000 0 0 0 0
1460505600 0 0 0 0
1460419200 0 0 0 0
1460332800 0 0 0 0
1460246400 0 0 0 0
1460160000 0 0 0 0
1460073600 0 0 0 0
1459987200 0 0 0 0
1459900800 0 0 0 0
1459814400 0 0 0 0
1459728000 0 0 0 0
1459641600 0 0 0 0
1459555200 0 0 0 0
1459468800 0 0 0 0
1459382400 0 0 0 0
1459296000 0 0 0 0
1459209600 0 0 0 0
1459123200 0 0 0 0
1459036800 0 0 0 0
1458950400 0 0 0 0
1458864000 0 0 0 0
1458777600 0 0 0 0
1458691200 0 0 0 0
1458604800 0 0 0 0
1458518400 0 0 0 0
1458432000 0 0 0 0
1458345600 0 0 0 0
1458259200 0 0 0 0
1458172800 0 0 0 0
1458086400 0 0 0 0
1458000000 0 0 0 0
1457913600 0 0 0 0
1457827200 0 0 0 0
1457740800 0 0 0 0
1457654400 0 0 0 0
1457568000 0 0 0 0
1457481600 0 0 0 0
1457395200 0 0 0 0
1457308800 0 0 0 0
1457222400 0 0 0 0
1457136000 0 0 0 0
1457049600 0 0 0 0
1456963200 0 0 0 0
1456876800 0 0 0 0
1456790400 0 0 0 0
1456704000 0 0 0 0
1456617600 0 0 0 0
1456531200 0 0 0 0
1456444800 0 0 0 0
1456358400 0 0 0 0
1456272000 0 0 0 0
1456185600 0 0 0 0
1456099200 0 0 0 0
1456012800 0 0 0 0
1455926400 0 0 0 0
1455840000 0 0 0 0
1455753600 0 0 0 0
1455667200 0 0 0 0
1455580800 0 0 0 0
1455494400 0 0 0 0
1455408000 0 0 0 0
1455321600 0 0 0 0
1455235200 0 0 0 0
1455148800 0 0 0 0
1455062400 0 0 0 0
1454976000 0 0 0 0
1454889600 0 0 0 0
1454803200 0 0 0 0
1454716800 0 0 0 0
1454630400 0 0 0 0
1454544000 0 0 0 0
1454457600 0 0 0 0
1454371200 0 0 0 0
1454284800 0 0 0 0
1454198400 0 0 0 0
1454112000 0 0 0 0
1454025600 0 0 0 0
1453939200 0 0 0 0
1453852800 0 0 0 0
1453766400 0 0 0 0
1453680000 0 0 0 0
1453593600 0 0 0 0
1453507200 0 0 0 0
1453420800 0 0 0 0
1453334400 0 0 0 0
1453248000 0 0 0 0
1453161600 0 0 0 0
1453075200 0 0 0 0
1452988800 0 0 0 0
1452902400 0 0 0 0
1452816000 0 0 0 0
1452729600 0 0 0 0
1452643200 0 0 0 0
1452556800 0 0 0 0
1452470400 0 0 0 0
1452384000 0 0 0 0
1452297600 0 0 0 0
1452211200 0 0 0 0
1452124800 0 0 0 0
1452038400 0 0 0 0
1451952000 0 0 0 0
1451865600 0 0 0 0
1451779200 0 0 0 0
1451692800 0 0 0 0
1451606400 0 0 0 0
1451520000 0 0 0 0
1451433600 0 0 0 0
1451347200 0 0 0 0
1451260800 0 0 0 0
1451174400 0 0 0 0
1451088000 0 0 0 0
1451001600 0 0 0 0
1450915200 0 0 0 0
1450828800 0 0 0 0
1450742400 0 0 0 0
1450656000 0 0 0 0
1450569600 0 0 0 0
1450483200 0 0 0 0
1450396800 0 0 0 0
1450310400 0 0 0 0
1450224000 0 0 0 0
1450137600 0 0 0 0
1450051200 0 0 0 0
1449964800 0 0 0 0
1449878400 0 0 0 0
1449792000 0 0 0 0
1449705600 0 0 0 0
1449619200 0 0 0 0
1449532800 0 0 0 0
1449446400 0 0 0 0
1449360000 0 0 0 0
1449273600 0 0 0 0
1449187200 0 0 0 0
1449100800 0 0 0 0
1449014400 0 0 0 0
1448928000 0 0 0 0
1448841600 0 0 0 0
1448755200 0 0 0 0
1448668800 0 0 0 0
1448582400 0 0 0 0
1448496000 0 0 0 0
1448409600 0 0 0 0
1448323200 0 0 0 0
1448236800 0 0 0 0
1448150400 0 0 0 0
1448064000 0 0 0 0
1447977600 0 0 0 0
1447891200 0 0 0 0
1447804800 0 0 0 0
1447718400 0 0 0 0
1447632000 0 0 0 0
1447545600 0 0 0 0
1447459200 0 0 0 0
1447372800 0 0 0 0
1447286400 0 0 0 0
1447200000 0 0 0 0
1447113600 0 0 0 0
1447027200 0 0 0 0
1446940800 0 0 0 0
1446854400 0 0 0 0
1446768000 0 0 0 0
1446681600 0 0 0 0
1446595200 0 0 0 0
1446508800 0 0 0 0
1446422400 0 0 0 0
1446336000 0 0 0 0
1446249600 0 0 0 0
1446163200 0 0 0 0
1446076800 0 0 0 0
1445990400 0 0 0 0
1445904000 0 0 0 0
1445817600 0 0 0 0
1445731200 0 0 0 0
1445644800 0 0 0 0
1445558400 0 0 0 0
1445472000 0 0 0 0
1445385600 0 0 0 0
1445299200 0 0 0 0
1445212800 0 0 0 0
1445126400 0 0 0 0
1445040000 0 0 0 0
1444953600 0 0 0 0
1444867200 0 0 0 0
1444780800 0 0 0 0
1444694400 0 0 0 0
1444608000 0 0 0 0
1444521600 0 0 0 0
1444435200 0 0 0 0
1444348800 0 0 0 0
1444262400 0 0 0 0
1444176000 0 0 0 0
1444089600 0 0 0 0
1444003200 0 0 0 0
1443916800 0 0 0 0
1443830400 0 0 0 0
1443744000 0 0 0 0
1443657600 0 0 0 0
1443571200 0 0 0 0
1443484800 0 0 0 0
1443398400 0 0 0 0
1443312000 0 0 0 0
1443225600 0 0 0 0
1443139200 0 0 0 0
1443052800 0 0 0 0
1442966400 0 0 0 0
1442880000 0 0 0 0
1442793600 0 0 0 0
1442707200 0 0 0 0
1442620800 0 0 0 0
1442534400 0 0 0 0
1442448000 0 0 0 0
1442361600 0 0 0 0
1442275200 0 0 0 0
1442188800 0 0 0 0
1442102400 0 0 0 0
1442016000 0 0 0 0
1441929600 0 0 0 0
1441843200 0 0 0 0
1441756800 0 0 0 0
1441670400 0 0 0 0
1441584000 0 0 0 0
1441497600 0 0 0 0
1441411200 0 0 0 0
1441324800 0 0 0 0
1441238400 0 0 0 0
1441152000 0 0 0 0
1441065600 0 0 0 0
1440979200 0 0 0 0
1440892800 0 0 0 0
1440806400 0 0 0 0
1440720000 0 0 0 0
1440633600 0 0 0 0
1440547200 0 0 0 0
1440460800 0 0 0 0
1440374400 0 0 0 0
1440288000 0 0 0 0
1440201600 0 0 0 0
1440115200 0 0 0 0
1440028800 0 0 0 0
1439942400 0 0 0 0
1439856000 0 0 0 0
1439769600 0 0 0 0
1439683200 0 0 0 0
1439596800 0 0 0 0
1439510400 0 0 0 0
1439424000 0 0 0 0
1439337600 0 0 0 0
1439251200 0 0 0 0
1439164800 0 0 0 0
1439078400 0 0 0 0
1438992000 0 0 0 0
1438905600 0 0 0 0
1438819200 0 0 0 0
1438732800 0 0 0 0
1438646400 0 0 0 0
1438560000 0 0 0 0
1438473600 0 0 0 0
1438387200 0 0 0 0
1438300800 0 0 0 0
1438214400 0 0 0 0
1438128000 0 0 0 0
1438041600 0 0 0 0
1437955200 0 0 0 0
1437868800 0 0 0 0
1437782400 0 0 0 0
1437696000 0 0 0 0
1437609600 0 0 0 0
1437523200 0 0 0 0
1437436800 0 0 0 0
1437350400 0 0 0 0
1437264000 0 0 0 0
1437177600 0 0 0 0
1437091200 0 0 0 0
1437004800 0 0 0 0
1436918400 0 0 0 0
1436832000 0 0 0 0
1436745600 0 0 0 0
1436659200 0 0 0 0
1436572800 0 0 0 0
1436486400 0 0 0 0
1436400000 0 0 0 0
1436313600 0 0 0 0
1436227200 0 0 0 0
1436140800 0 0 0 0
1436054400 0 0 0 0
1435968000 0 0 0 0
1435881600 0 0 0 0
1435795200 0 0 0 0
1435708800 0 0 0 0
1435622400 0 0 0 0
1435536000 0 0 0 0
