1504297340 815679529 12506995714
1504297340 22 911 22 911
1504297040 22 962 22 962
1504296900 22 1110 23 1280
1504296600 22 1251 23 1280
1504296300 22 1210 22 1218
1504296000 22 1196 22 1201
1504295700 22 1461 22 1770
1504295400 22 1456 22 1770
1504295100 22 1241 22 1405
1504294800 22 1455 22 1514
1504294500 22 1230 23 1514
1504294200 22 980 23 1063
1504293900 22 1032 22 1063
1504293600 22 1000 22 1003
1504293300 22 988 23 1003
1504293000 22 1048 23 1135
1504292700 22 1205 22 1286
1504292400 22 1263 22 1286
1504292100 22 1161 23 1238
1504291800 22 1076 23 1080
1504291500 22 1134 22 1197
1504291200 22 1188 22 1197
1504290900 22 1202 22 1229
1504290600 22 1218 22 1229
1504290300 22 1318 22 1446
1504290000 22 1341 22 1446
1504289700 22 1335 23 1466
1504289400 22 1405 23 1466
1504289100 22 1250 22 1337
1504288800 22 1101 22 1151
1504288500 22 1029 22 1045
1504288200 22 994 22 1013
1504287900 22 975 22 977
1504287600 22 1117 22 1279
1504287300 22 1227 23 1279
1504287000 22 1209 23 1255
1504286700 22 1325 22 1405
1504286400 22 1288 22 1405
1504286100 22 1150 22 1156
1504285800 22 1179 22 1221
1504285500 22 1179 22 1221
1504285200 22 1133 22 1136
1504284900 22 1123 23 1136
1504284600 22 1158 23 1214
1504284300 22 1270 22 1336
1504284000 22 1244 22 1336
1504283700 22 1181 22 1229
1504283400 22 1112 22 1229
1504283100 22 1019 22 1064
1504282800 22 1085 22 1110
1504282500 22 1127 23 1147
1504282200 22 1145 23 1147
1504281900 22 1179 22 1220
1504281600 22 1155 22 1220
1504281300 22 1220 23 1381
1504281000 22 1310 23 1381
1504280700 22 1176 23 1229
1504280400 22 1178 23 1247
1504280100 22 1194 23 1247
1504279800 22 1162 23 1194
1504279500 22 1202 23 1213
1504279200 1172 2447 2468 3839
1504278900 3984 5396 5717 7177
1504278600 3059 4337 5717 7177
1504278300 22 1154 22 1226
1504278000 22 1289 22 1361
1504277700 22 1270 23 1361
1504277400 22 1137 23 1166
1504277100 22 1187 22 1281
1504276800 22 1240 22 1281
1504276500 22 1092 22 1195
1504276200 22 1143 22 1335
1504275900 22 1222 23 1335
1504275600 22 1278 23 1490
1504275300 22 1630 23 1791
1504275000 22 1479 23 1791
1504274700 22 1086 22 1129
1504274400 22 1188 22 1361
1504274100 22 1452 22 1558
1504273800 22 1376 22 1558
1504273500 22 1182 23 1198
1504273200 22 1255 23 1320
1504272900 22 1513 23 1735
1504272600 22 1644 23 1735
1504272300 22 1516 22 1540
1504272000 22 1294 22 1489
1504271700 22 1281 22 1521
1504271400 22 1559 22 1604
1504271100 22 1434 22 1604
1504270800 22 1016 22 1244
1504270500 22 810 23 869
1504270200 22 736 23 869
1504269900 22 766 23 972
1504269600 22 762 23 972
1504269300 22 771 23 1051
1504269000 22 947 23 1051
1504268700 22 680 23 831
1504268400 22 531 23 556
1504268100 22 554 24 556
1504267800 23 508 24 553
1504267500 22 507 23 563
1504267200 22 638 23 724
1504266900 22 638 22 724
1504266600 22 506 22 541
1504266300 22 460 23 466
1504266000 22 420 23 455
1504265700 22 420 23 464
1504265400 22 476 23 491
1504265100 22 431 22 491
1504264800 22 403 22 446
1504264500 22 445 22 446
1504264200 22 404 22 445
1504263900 22 417 22 484
1504263600 22 467 22 484
1504263300 22 415 23 448
1504263000 22 426 23 481
1504262700 22 453 22 481
1504262400 22 435 22 451
1504262100 22 473 22 499
1504261800 22 463 22 499
1504261500 22 426 22 431
1504261200 22 445 22 461
1504260900 22 452 23 461
1504260600 22 414 23 442
1504260300 22 424 22 472
1504260000 22 426 22 472
1504259700 22 385 23 399
1504259400 22 451 23 510
1504259100 22 438 22 510
1504258800 22 376 22 398
1504258500 22 432 23 472
1504258200 22 432 23 472
1504257900 22 401 22 417
1504257600 22 437 22 461
1504257300 22 426 22 461
1504257000 22 386 22 388
1504256700 22 415 22 452
1504256400 22 424 22 452
1504256100 22 402 23 413
1504255800 22 439 23 469
1504255500 22 422 22 469
1504255200 22 389 22 410
1504254900 22 408 22 410
1504254600 22 404 22 406
1504254300 22 441 22 487
1504254000 22 456 22 487
1504253700 22 430 23 441
1504253400 22 405 23 441
1504253100 22 373 22 383
1504252800 22 376 22 383
1504252500 22 399 22 433
1504252200 22 413 22 433
1504251900 22 383 22 391
1504251600 22 393 22 413
1504251300 22 399 23 413
1504251000 22 401 23 421
1504250700 22 433 22 447
1504250400 22 441 22 447
1504250100 22 424 23 435
1504249800 22 412 23 413
1504249500 22 389 23 413
1504249200 22 386 23 414
1504248900 22 442 23 474
1504248600 22 440 23 474
1504248300 22 395 22 402
1504248000 22 413 22 443
1504247700 22 401 22 443
1504247400 22 382 22 414
1504247100 22 428 22 444
1504246800 22 432 22 444
1504246500 22 434 23 450
1504246200 22 433 23 450
1504245900 22 402 22 415
1504245600 22 414 22 445
1504245300 22 434 22 445
1504245000 22 421 22 422
1504244700 22 417 22 420
1504244400 22 414 22 415
1504244100 22 408 23 415
1504243800 22 430 23 466
1504243500 22 452 22 466
1504243200 22 442 22 448
1504242900 22 438 22 448
1504242600 22 423 22 427
1504242300 22 411 22 420
1504242000 22 417 22 436
1504241700 22 430 23 436
1504241400 22 420 23 425
1504241100 22 414 23 415
1504240800 22 390 23 414
1504240500 22 386 22 414
1504240200 22 444 22 479
1504239900 22 444 22 479
1504239600 22 416 22 429
1504239300 22 475 23 527
1504239000 22 454 23 527
1504238700 22 379 23 387
1504238400 22 452 23 528
1504238100 22 441 22 528
1504237800 22 398 22 464
1504237500 22 447 22 464
1504237200 22 400 22 429
1504236900 22 389 23 415
1504236600 22 434 23 457
1504236300 22 459 22 462
1504236000 22 450 22 462
1504235700 22 420 22 437
1504235400 22 404 22 408
1504235100 22 420 22 434
1504234800 22 396 22 434
1504234500 22 391 23 432
1504234200 22 448 23 467
1504233900 22 417 22 467
1504233600 22 395 22 434
1504233300 22 443 22 455
1504233000 22 410 22 455
1504232700 22 389 23 425
1504232400 22 453 23 486
1504232100 22 442 23 486
1504231800 22 388 23 393
1504231500 22 414 22 448
1504231200 22 415 22 448
1504230900 22 378 22 379
1504230600 22 430 22 491
1504230300 22 448 23 491
1504230000 22 378 23 400
1504229700 22 439 23 537
1504229400 22 471 23 537
1504229100 22 406 22 417
1504228800 22 432 22 450
1504228500 22 408 22 450
1504228200 22 387 22 417
1504227900 22 427 22 439
1504227600 22 419 22 439
1504227300 22 407 23 419
1504227000 22 443 23 471
1504226700 22 442 22 471
1504226400 22 416 22 424
1504226100 22 433 22 444
1504225800 22 425 22 444
1504225500 22 427 23 454
1504225200 22 456 23 459
1504224900 22 445 24 459
1504224600 23 440 24 452
1504224300 22 440 23 452
1504224000 22 426 23 427
1504223700 22 448 23 475
1504223400 22 439 23 475
1504223100 22 415 22 435
1504222800 22 455 22 478
1504222500 22 429 23 478
1504222200 22 415 23 463
1504221900 22 451 22 463
1504221600 22 412 22 438
1504221300 22 389 23 397
1504221000 22 426 23 459
1504220700 22 439 22 459
1504220400 22 415 22 417
1504220100 22 438 23 467
1504219800 22 426 23 467
1504219500 22 395 22 412
1504219200 22 424 22 439
1504218900 22 434 22 439
1504218600 22 444 22 462
1504218300 22 462 23 464
1504218000 22 437 23 464
1504217700 22 432 23 461
1504217400 22 422 23 461
1504217100 22 413 23 452
1504216800 22 436 23 452
1504216500 22 398 22 420
1504216200 22 453 22 544
1504215900 22 592 22 647
1504215600 22 582 22 647
1504215300 22 526 23 547
1504215000 22 578 23 615
1504214700 22 581 22 615
1504214400 22 632 22 734
1504214100 22 705 22 734
1504213800 22 730 22 796
1504213500 22 899 22 1018
1504213200 22 1023 22 1030
1504212900 22 1170 23 1332
1504212600 22 1308 23 1332
1504212300 22 1162 22 1281
1504212000 22 1015 22 1028
1504211700 22 1151 23 1323
1504211400 22 1355 23 1392
1504211100 22 1301 22 1392
1504210800 22 1190 22 1199
1504210500 22 1344 23 1532
1504210200 22 1383 23 1532
1504209900 22 1164 22 1213
1504209600 22 1320 22 1562
1504209300 22 1356 22 1562
1504209000 22 1332 22 1567
1504208700 22 1545 22 1567
1504208400 22 1361 22 1521
1504208100 22 1240 23 1307
1504207800 22 1246 23 1307
1504207500 22 1337 22 1520
1504207200 22 1509 22 1520
1504206900 22 1347 22 1497
1504206600 22 1226 22 1284
1504206300 22 1395 22 1522
1504206000 22 1445 22 1522
1504205700 22 1313 23 1359
1504205400 22 1303 23 1352
1504205100 22 1488 22 1645
1504204800 22 1430 22 1645
1504204500 22 1200 23 1219
1504204200 22 1378 23 1559
1504203900 22 1524 23 1559
1504203600 22 1486 23 1487
1504203300 22 1510 23 1537
1504203000 22 1498 23 1537
1504202700 22 1474 23 1496
1504202400 22 1495 23 1496
1504202100 22 1321 22 1495
1504201800 22 1174 22 1232
1504201500 22 1253 22 1277
1504201200 22 1278 22 1281
1504200900 22 1307 23 1337
1504200600 22 1347 23 1360
1504200300 22 1276 22 1360
1504200000 22 1220 22 1265
1504199700 22 1246 23 1265
1504199400 22 1230 23 1237
1504199100 22 1382 22 1549
1504198800 22 1457 22 1549
1504198500 22 1352 23 1353
1504198200 22 1297 23 1351
1504197900 22 1499 22 1799
1504197600 22 1578 22 1799
1504197300 22 1278 22 1327
1504197000 22 1399 22 1599
1504196700 22 1517 22 1599
1504196400 22 1381 22 1425
1504196100 22 1314 23 1331
1504195800 22 1380 23 1479
1504195500 22 1330 22 1479
1504195200 22 1292 22 1444
1504194900 22 1598 22 1774
1504194600 22 1626 22 1774
1504194300 22 1508 23 1568
1504194000 22 1603 23 1644
1504193700 22 1399 23 1644
1504193400 22 1334 23 1581
1504193100 22 1506 22 1581
1504192800 22 1296 22 1421
1504192500 22 1281 22 1425
1504192200 22 1421 22 1425
1504191900 22 1494 23 1581
1504191600 22 1507 23 1581
1504191300 22 1308 23 1424
1504191000 22 1150 23 1177
1504190700 22 1461 23 1851
1504190400 22 1604 23 1851
1504190100 22 1384 22 1451
1504189800 22 1338 22 1451
1504189500 22 1205 22 1210
1504189200 22 1173 22 1200
1504188900 22 1283 23 1444
1504188600 22 1391 23 1444
1504188300 22 1209 23 1332
1504188000 22 1067 23 1070
1504187700 22 1180 22 1311
1504187400 22 1491 22 1698
1504187100 22 1478 23 1698
1504186800 22 1461 23 1717
1504186500 22 1905 23 2121
1504186200 22 1879 23 2121
1504185900 22 1373 22 1608
1504185600 22 1260 22 1436
1504185300 22 1341 22 1436
1504185000 22 1465 22 1726
1504184700 22 1600 22 1726
1504184400 22 1273 22 1457
1504184100 22 1098 23 1137
1504183800 22 1186 23 1243
1504183500 22 1115 23 1243
1504183200 24 1147 27 1351
1504182900 22 998 27 1351
1504182600 19 902 22 1252
1504182300 22 1020 22 1252
1504182000 22 1118 22 1534
1504181700 31 1428 43 1534
1504181400 36 1103 43 1307
1504181100 31 843 34 871
1504180800 31 793 34 812
1504180500 31 812 35 856
1504180200 33 863 35 873
1504179900 31 826 32 873
1504179600 32 795 33 819
1504179300 31 826 33 835
1504179000 31 821 33 835
1504178700 32 811 33 817
1504178400 31 858 32 905
1504178100 32 824 33 905
1504177800 31 764 33 800
1504177500 31 815 34 834
1504177200 32 859 34 889
1504176900 31 882 33 889
1504176600 33 846 33 875
1504176300 32 802 33 814
1504176000 32 796 33 804
1504175700 32 802 33 804
1504175400 31 815 33 834
1504175100 32 786 33 834
1504174800 30 790 31 855
1504174500 31 838 34 855
1504174200 32 825 34 831
1504173900 31 809 33 831
1504173600 32 809 33 838
1504173300 31 841 32 846
1504173000 32 850 35 855
1504172700 32 825 35 855
1504172400 30 811 32 833
1504172100 32 787 32 833
1504171800 31 772 32 814
1504171500 32 825 34 838
1504171200 31 801 34 838
1504170900 31 816 35 880
1504170600 32 836 35 880
1504170300 30 757 31 787
1504170000 32 779 34 843
1504169700 31 818 34 843
1504169400 31 804 34 822
1504169100 33 814 34 822
1504168800 32 805 32 805
1504168500 32 796 33 805
1504168200 31 777 33 787
1504167900 30 809 33 860
1504167600 32 819 33 860
1504167300 32 808 32 850
1504167000 32 839 33 850
1504166700 31 792 33 827
1504166400 31 782 34 814
1504166100 32 801 34 814
1504165800 31 826 32 871
1504165500 32 828 34 871
1504165200 32 808 34 842
1504164900 31 798 33 842
1504164600 32 788 33 834
1504164300 31 793 32 834
1504164000 32 801 34 863
1504163700 31 842 34 863
1504163400 31 807 34 820
1504163100 32 796 34 801
1504162800 31 807 32 814
1504162500 32 802 33 814
1504162200 31 802 33 817
1504161900 31 832 34 850
1504161600 32 787 34 850
1504161300 31 770 32 833
1504161000 32 828 32 833
1504160700 30 784 32 823
1504160400 31 815 34 901
1504160100 32 850 34 901
1504159800 31 793 32 795
1504159500 32 796 33 798
1504159200 31 811 33 826
1504158900 31 792 34 826
1504158600 32 800 34 853
1504158300 30 822 32 853
1504158000 32 799 33 812
1504157700 32 783 33 812
1504157400 31 798 32 852
1504157100 34 900 38 955
1504156800 44 1155 52 1384
1504156500 40 946 52 1384
1504156200 27 484 28 527
1504155900 33 540 41 556
1504155600 34 557 41 560
1504155300 34 577 41 598
1504155000 35 575 41 598
1504154700 34 523 40 551
1504154400 33 526 40 566
1504154100 34 567 42 570
1504153800 35 549 42 570
1504153500 33 562 40 603
1504153200 34 589 40 603
1504152900 28 544 29 575
1504152600 33 544 39 584
1504152300 33 576 39 584
1504152000 34 564 41 568
1504151700 35 585 41 613
1504151400 33 595 39 613
1504151100 34 539 39 576
1504150800 34 567 41 646
1504150500 34 593 41 646
1504150200 34 575 42 622
1504149900 35 594 42 622
1504149600 34 587 40 614
1504149300 34 592 40 614
1504149000 34 581 41 597
1504148700 34 580 41 597
1504148400 34 598 42 641
1504148100 35 608 42 641
1504147800 27 557 28 571
1504147500 33 575 41 614
1504147200 34 617 41 621
1504146900 34 585 42 621
1504146600 34 563 42 585
1504146300 34 611 42 642
1504146000 35 587 42 642
1504145700 34 572 40 624
1504145400 34 619 40 624
1504145100 35 590 43 614
1504144800 35 577 43 593
1504144500 33 594 40 597
1504144200 34 569 40 597
1504143900 34 591 40 650
1504143600 34 641 40 650
1504143300 34 589 41 631
1504143000 34 585 41 636
1504142700 27 615 29 636
1504142400 35 602 42 615
1504142100 35 604 42 615
1504141800 33 609 40 629
1504141500 34 594 40 629
1504141200 36 593 44 638
1504140900 36 616 44 638
1504140600 33 619 40 650
1504140300 34 596 40 650
1504140000 34 570 41 608
1504139700 34 606 41 608
1504139400 34 645 42 692
1504139100 35 629 42 692
1504138800 27 596 29 641
1504138500 28 619 29 641
1504138200 27 580 28 595
1504137900 27 562 28 564
1504137600 28 590 29 626
1504137300 28 581 29 626
1504137000 27 583 29 643
1504136700 28 610 29 643
1504136400 28 566 29 574
1504136100 28 573 29 592
1504135800 27 601 29 612
1504135500 28 577 29 612
1504135200 27 595 28 659
1504134900 27 611 28 659
1504134600 28 554 30 557
1504134300 28 552 30 555
1504134000 27 590 29 631
1504133700 28 589 29 631
1504133400 27 594 28 654
1504133100 27 621 28 654
1504132800 28 541 29 584
1504132500 28 551 29 618
1504132200 27 641 29 669
1504131900 28 617 29 669
1504131600 28 576 29 596
1504131300 28 580 29 596
1504131000 27 622 29 690
1504130700 28 667 29 690
1504130400 27 608 28 641
1504130100 27 582 28 595
1504129800 28 650 29 713
1504129500 28 637 29 713
1504129200 27 611 29 681
1504128900 28 674 29 681
1504128600 27 726 28 793
1504128300 27 1479 28 2265
1504128000 28 1748 29 2265
1504127700 28 954 29 1158
1504127400 27 797 29 884
1504127100 28 859 29 884
1504126800 28 822 29 832
1504126500 28 1018 29 1255
1504126200 27 1289 29 1329
1504125900 28 1194 29 1329
1504125600 27 980 28 1043
1504125300 27 1020 28 1150
1504125000 28 1154 29 1159
1504124700 28 1237 29 1327
1504124400 27 1766 29 2269
1504124100 28 1747 29 2269
1504123800 27 1195 28 1246
1504123500 27 1353 28 1476
1504123200 28 1428 29 1476
1504122900 28 1319 29 1375
1504122600 27 1395 29 1557
1504122300 28 1398 29 1557
1504122000 28 1475 29 1768
1504121700 28 1579 29 1768
1504121400 27 1486 29 1627
1504121100 28 1487 29 1627
1504120800 27 1329 28 1329
1504120500 27 1360 28 1396
1504120200 28 1536 29 1697
1504119900 28 1820 29 1960
1504119600 27 1798 29 1960
1504119300 28 1513 29 1613
1504119000 27 1380 28 1402
1504118700 27 1258 28 1355
1504118400 28 1307 29 1486
1504118100 28 1623 29 1780
1504117800 27 1548 29 1780
1504117500 29 1263 29 1284
1504117200 27 1475 29 1775
1504116000 27 1286 29 1541
1504114200 27 1268 29 1541
1504112400 27 1196 29 1375
1504110600 27 1476 29 1796
1504108800 27 1349 29 1796
1504107000 27 1323 29 1621
1504105200 27 1527 29 2042
1504103400 27 1516 29 2042
1504101600 27 1341 29 1530
1504099800 27 1510 29 1741
1504098000 27 1314 29 2161
1504096200 27 948 29 1158
1504094400 27 714 29 1128
1504092600 27 600 29 644
1504090800 27 603 29 677
1504089000 27 640 29 733
1504087200 27 578 29 640
1504085400 27 596 29 674
1504083600 27 574 29 652
1504081800 27 596 29 633
1504080000 27 589 29 631
1504078200 27 593 29 660
1504076400 27 580 29 660
1504074600 27 576 29 643
1504072800 27 578 29 608
1504071000 27 584 29 620
1504069200 27 577 29 602
1504067400 27 581 29 607
1504065600 27 576 29 608
1504063800 27 582 29 617
1504062000 27 593 29 625
1504060200 27 604 29 755
1504058400 27 615 29 774
1504056600 27 601 30 739
1504054800 27 586 29 684
1504053000 27 597 29 649
1504051200 27 586 30 663
1504049400 27 583 29 642
1504047600 27 577 29 627
1504045800 27 601 29 632
1504044000 27 756 29 1204
1504042200 213 975 1149 1974
1504040400 721 1903 2171 3474
1504038600 27 1389 29 1640
1504036800 27 1561 29 2137
1504035000 27 1815 29 2137
1504033200 27 1595 29 2098
1504031400 292 1691 1622 3076
1504029600 27 1512 29 1933
1504027800 27 1685 29 1999
1504026000 27 1362 29 1559
1504024200 27 1466 29 1670
1504022400 27 1413 29 1589
1504020600 27 1481 29 1780
1504018800 27 1562 29 1811
1504017000 27 1442 29 1711
1504015200 27 1722 29 2204
1504013400 27 1690 29 1911
1504011600 27 1184 29 1463
1504009800 27 924 29 1177
1504008000 27 764 29 1306
1504006200 27 609 29 858
1504004400 27 531 29 591
1504002600 27 551 29 598
1504000800 27 555 29 582
1503999000 27 542 29 616
1503997200 27 546 29 589
1503995400 27 547 29 601
1503993600 27 544 29 589
1503991800 27 557 29 630
1503990000 27 538 29 581
1503988200 27 544 29 618
1503986400 27 549 29 590
1503984600 27 537 29 572
1503982800 27 530 29 582
1503981000 27 534 29 669
1503979200 27 533 29 649
1503977400 27 520 29 571
1503975600 27 549 29 586
1503973800 27 550 29 611
1503972000 27 558 29 619
1503970200 27 558 29 626
1503968400 27 560 29 620
1503966600 27 559 29 593
1503964800 27 570 29 619
1503963000 27 558 29 601
1503961200 27 567 29 618
1503959400 27 745 29 1377
1503957600 27 814 29 1377
1503955800 27 894 29 1266
1503954000 27 1123 29 1340
1503952200 27 1381 29 1485
1503950400 27 1551 29 1873
1503948600 27 1362 29 1901
1503946800 27 1482 29 1901
1503945000 27 1322 29 1479
1503943200 27 1385 29 1868
1503941400 27 1222 29 1553
1503939600 27 1391 29 1593
1503937800 27 1386 29 1544
1503936000 27 1371 29 1616
1503934200 27 1167 29 1578
1503932400 27 1358 29 1800
1503930600 27 1569 29 2004
1503928800 27 1791 29 2356
1503927000 27 1337 29 1686
1503925200 27 999 29 1377
1503923400 27 798 29 1141
1503921600 27 526 29 831
1503919800 27 436 29 479
1503918000 27 459 29 482
1503916200 27 413 29 440
1503914400 27 420 29 451
1503912600 27 419 29 469
1503910800 28 414 29 476
1503909000 27 412 29 462
1503907200 27 417 29 442
1503905400 27 417 29 460
1503903600 27 416 29 452
1503901800 27 416 29 482
1503900000 27 414 29 453
1503898200 27 424 29 464
1503896400 28 417 29 469
1503894600 27 414 29 460
1503892800 27 454 29 511
1503891000 27 461 29 508
1503889200 27 465 29 508
1503887400 27 462 31 495
1503885600 26 458 31 496
1503883800 27 463 29 499
1503882000 28 462 29 488
1503880200 27 461 29 490
1503878400 27 460 29 526
1503876600 27 464 29 523
1503874800 26 460 31 507
1503873000 27 474 33 584
1503871200 26 459 33 584
1503869400 26 462 31 520
1503867600 27 464 30 503
1503865800 27 461 29 508
1503864000 27 460 29 494
1503862200 27 469 29 502
1503860400 27 460 30 516
1503858600 27 414 29 449
1503856800 26 415 31 449
1503855000 27 420 29 476
1503853200 27 419 29 441
1503851400 27 413 29 459
1503849600 27 421 30 488
1503847800 26 417 30 454
1503846000 27 426 29 487
1503844200 27 421 30 469
1503842400 27 411 29 464
1503840600 27 421 29 467
1503838800 28 417 29 470
1503837000 27 423 29 487
1503835200 27 417 29 448
1503833400 27 423 29 460
1503831600 27 417 29 461
1503829800 27 415 29 446
1503828000 27 420 30 442
1503826200 27 425 30 476
1503824400 27 419 29 452
1503822600 27 417 29 460
1503820800 27 417 29 464
1503819000 27 425 29 451
1503817200 27 420 30 452
1503815400 27 418 30 442
1503813600 26 416 32 464
1503811800 27 417 30 451
1503810000 28 420 29 461
1503808200 27 413 30 454
1503806400 27 413 30 460
1503804600 27 417 30 450
1503802800 27 417 29 442
1503801000 27 414 30 457
1503799200 26 414 30 490
1503797400 26 422 30 462
1503795600 26 418 31 437
1503793800 26 421 30 452
1503792000 26 414 30 460
1503790200 27 419 30 469
1503788400 26 418 30 469
1503786600 27 417 32 497
1503784800 27 420 30 461
1503783000 27 423 29 471
1503781200 27 415 29 450
1503779400 27 416 30 449
1503777600 27 417 29 452
1503775800 27 423 29 459
1503774000 27 420 29 473
1503772200 27 418 29 484
1503770400 27 418 29 486
1503768600 27 423 29 502
1503766800 27 420 29 460
1503765000 27 415 29 438
1503763200 27 418 29 447
1503761400 27 418 29 434
1503759600 27 418 29 435
1503757800 27 422 29 468
1503756000 27 415 29 459
1503754200 26 423 30 500
1503752400 27 417 29 443
1503750600 27 418 29 450
1503748800 27 413 29 463
1503747000 27 421 29 481
1503745200 27 416 29 461
1503743400 27 415 29 459
1503741600 27 426 29 453
1503739800 27 423 29 469
1503738000 27 416 29 461
1503736200 27 415 29 454
1503734400 27 417 29 454
1503732600 27 422 29 446
1503730800 27 417 29 458
1503729000 27 418 29 473
1503727200 27 415 29 457
1503725400 27 421 29 458
1503723600 27 416 29 430
1503721800 27 421 29 462
1503720000 27 462 29 528
1503718200 27 463 29 498
1503716400 27 463 29 491
1503714600 27 465 29 486
1503712800 27 461 29 497
1503711000 27 468 29 527
1503709200 27 460 29 497
1503707400 27 460 29 499
1503705600 27 466 29 497
1503703800 27 458 29 494
1503702000 27 434 29 458
1503700200 27 453 29 539
1503698400 27 517 29 595
1503696600 27 593 29 738
1503694800 27 688 29 773
1503693000 27 920 29 1108
1503691200 770 1957 4491 5982
1503689400 27 1149 29 1652
1503687600 27 1131 29 1292
1503685800 27 1268 29 1382
1503684000 27 1100 29 1371
1503682200 729 1822 4226 5126
1503680400 27 1142 29 1234
1503678600 27 1115 29 1233
1503676800 27 1355 29 1695
1503675000 27 1140 29 1695
1503673200 27 1235 29 1708
1503671400 27 1334 29 1653
1503669600 27 1516 29 2318
1503667800 27 1283 29 1510
1503666000 55 1122 200 1399
1503664200 27 943 29 1285
1503662400 27 694 29 1094
1503660600 27 593 29 691
1503658800 27 561 29 611
1503657000 27 557 29 593
1503655200 27 563 29 616
1503653400 27 575 29 623
1503651600 27 560 29 638
1503649800 27 561 29 618
1503648000 27 557 29 605
1503646200 27 572 29 637
1503644400 27 565 29 681
1503642600 27 567 29 675
1503640800 27 562 29 627
1503639000 27 573 29 663
1503637200 27 568 29 631
1503635400 27 580 29 682
1503633600 27 554 29 595
1503631800 27 577 29 617
1503630000 27 562 29 626
1503628200 27 559 29 606
1503626400 27 560 29 589
1503624600 27 587 29 731
1503622800 27 542 29 621
1503621000 27 561 30 633
1503619200 27 531 30 586
1503617400 27 548 30 608
1503615600 27 544 29 649
1503613800 27 635 35 994
1503612000 26 684 35 983
1503610200 27 981 29 1164
1503608400 27 889 29 1100
1503606600 27 1140 30 1313
1503604800 27 1204 29 1365
1503603000 27 1338 29 1664
1503601200 27 1263 29 1664
1503599400 27 1248 29 1534
1503597600 27 1287 28 1534
1503595800 28 1330 28 1646
1503594000 28 1267 28 1646
1503592200 28 1180 28 1224
1503590400 28 1279 28 1352
1503588600 28 1305 28 1352
1503586800 28 1315 28 1327
1503585000 28 1345 28 1347
1503583200 28 1299 28 1530
1503581400 28 1446 28 1530
1503579600 28 1104 28 1138
1503577800 28 906 28 906
1503576000 28 687 28 906
1503574200 28 589 28 666
1503572400 28 587 28 591
1503570600 28 594 28 598
1503568800 28 598 28 598
1503567000 28 597 28 598
1503565200 28 596 28 596
1503563400 28 597 28 606
1503561600 28 606 28 606
1503559800 28 576 28 606
1503558000 28 566 28 566
1503556200 28 582 28 583
1503554400 28 573 28 583
1503552600 27 574 28 576
1503550800 27 585 28 588
1503549000 28 581 28 599
1503547200 28 594 28 599
1503545400 28 611 29 632
1503543600 27 607 29 632
1503541800 27 606 29 620
1503540000 27 605 28 625
1503538200 28 640 29 657
1503536400 27 601 28 617
1503534600 28 587 28 610
1503532800 27 586 28 591
1503531000 28 594 28 608
1503529200 28 592 29 603
1503527400 27 629 29 676
1503525600 27 651 29 732
1503523800 27 849 29 1014
1503522000 26 968 29 1096
1503520200 27 1139 29 1262
1503518400 27 1236 29 1402
1503516600 27 1438 29 1861
1503514800 27 1347 29 1555
1503513000 27 1420 29 2137
1503511200 27 1329 29 1584
1503509400 27 1262 29 1584
1503507600 27 1319 29 1559
1503505800 26 1238 29 1392
1503504000 27 1238 30 1404
1503502200 26 1227 30 1313
1503500400 26 1273 30 1439
1503498600 27 1286 29 1438
1503496800 27 1392 29 1873
1503495000 27 1446 30 1849
1503493200 27 1096 30 1364
1503491400 27 851 29 1094
1503489600 27 729 29 1220
1503487800 27 552 29 596
1503486000 27 517 29 578
1503484200 27 524 31 561
1503482400 27 522 29 554
1503480600 27 532 29 595
1503478800 27 523 29 595
1503477000 27 562 29 608
1503475200 27 568 29 610
1503473400 27 581 29 607
1503471600 27 576 29 625
1503469800 27 572 29 614
1503468000 27 574 29 612
1503466200 27 585 30 631
1503464400 27 578 29 619
1503462600 27 595 29 720
1503460800 27 621 29 740
1503459000 27 549 29 615
1503457200 27 536 29 579
1503455400 27 524 29 553
1503453600 27 538 30 609
1503451800 27 545 29 609
1503450000 27 530 31 589
1503448200 26 522 30 570
1503446400 27 559 29 721
1503444600 27 584 29 721
1503442800 27 591 31 808
1503441000 27 604 29 653
1503439200 27 668 29 792
1503437400 27 1062 30 1448
1503435600 27 1240 33 1624
1503433800 27 1375 29 1562
1503432000 27 1413 29 1560
1503430200 27 1547 30 1836
1503428400 27 1463 30 1688
1503426600 27 1517 29 1875
1503424800 27 1539 29 1678
1503423000 27 1639 29 1791
1503421200 27 1637 29 2309
1503419400 27 1504 29 1849
1503417600 27 2070 30 2517
1503415800 26 1651 29 2143
1503414000 27 1614 29 1889
1503412200 27 1581 30 1838
1503410400 27 1520 29 1880
1503408600 27 1749 29 1983
1503406800 27 1196 29 1492
1503405000 27 1128 30 1729
1503403200 27 700 29 1231
1503401400 27 677 29 817
1503399600 27 604 30 773
1503397800 27 675 29 832
1503396000 27 589 29 832
1503394200 27 606 29 680
1503392400 27 585 29 640
1503390600 27 582 29 633
1503388800 27 572 29 624
1503387000 27 589 29 639
1503385200 27 581 29 613
1503383400 27 590 29 618
1503381600 27 582 40 608
1503379800 27 581 29 635
1503378000 27 600 29 636
1503376200 27 581 29 607
1503374400 27 575 29 607
1503372600 27 584 29 645
1503370800 27 580 29 662
1503369000 27 583 29 642
1503367200 27 617 29 687
1503365400 27 597 29 651
1503363600 27 577 29 617
1503361800 27 587 29 647
1503360000 27 609 29 711
1503358200 27 647 29 902
1503356400 28 590 29 632
1503354600 27 625 29 724
1503352800 27 665 29 841
1503351000 27 841 29 1280
1503349200 27 1094 29 1280
1503347400 27 1309 29 1786
1503345600 27 1087 29 1786
1503343800 27 1189 29 1840
1503342000 28 1097 29 1217
1503340200 27 1315 29 1721
1503338400 27 1349 29 1721
1503336600 27 1425 29 1905
1503334800 27 1325 29 1712
1503333000 27 1501 29 2012
1503331200 27 1291 29 1502
1503329400 27 1188 29 1502
1503327600 28 1191 29 1384
1503325800 27 1358 29 1563
1503324000 27 817 28 1466
1503322200 28 463 28 463
1503320400 28 463 28 463
1503318600 28 463 28 463
1503316800 28 463 28 463
1503315000 28 463 28 463
1503313200 28 463 28 463
1503311400 28 463 28 463
1503309600 28 463 28 463
1503307800 28 463 28 463
1503306000 28 463 28 463
1503304200 28 463 28 463
1503302400 28 463 28 463
1503300600 28 463 28 463
1503298800 28 463 28 463
1503297000 28 463 28 463
1503295200 28 463 28 463
1503293400 28 463 28 463
1503291600 28 463 28 463
1503289800 28 463 28 463
1503288000 28 463 28 463
1503286200 28 463 28 463
1503284400 28 463 28 463
1503282600 28 463 28 463
1503280800 28 463 28 463
1503279000 28 463 28 463
1503277200 28 463 28 463
1503275400 28 463 28 463
1503273600 28 463 28 463
1503271800 28 463 28 463
1503270000 28 463 28 463
1503268200 28 463 28 463
1503266400 28 463 28 463
1503264600 28 463 28 463
1503262800 28 463 28 463
1503261000 28 463 28 463
1503259200 28 463 28 463
1503257400 28 463 28 463
1503255600 28 463 28 463
1503253800 28 463 28 463
1503252000 28 463 28 463
1503250200 28 463 28 463
1503248400 28 463 28 463
1503246600 28 463 28 463
1503244800 28 463 28 463
1503243000 28 463 28 463
1503241200 28 463 28 463
1503239400 28 463 28 463
1503237600 28 463 28 463
1503235800 28 463 28 463
1503234000 28 463 28 463
1503232200 28 463 28 463
1503230400 28 463 28 463
1503228600 28 463 28 463
1503226800 28 463 28 463
1503225000 28 463 28 463
1503223200 28 463 28 463
1503221400 28 463 28 463
1503219600 28 463 28 463
1503217800 28 463 28 463
1503216000 28 463 28 463
1503214200 28 463 28 463
1503212400 28 463 28 463
1503210600 28 463 28 463
1503208800 28 463 28 463
1503207000 28 463 28 463
1503205200 28 463 28 463
1503203400 28 463 28 463
1503201600 28 463 28 463
1503199800 28 463 28 463
1503198000 28 463 28 463
1503196200 28 463 28 463
1503194400 28 463 28 463
1503192600 28 463 28 463
1503190800 28 463 28 463
1503189000 28 463 28 463
1503187200 28 463 28 463
1503185400 28 463 28 463
1503183600 28 463 28 463
1503181800 28 463 28 463
1503180000 28 463 28 463
1503178200 28 463 28 463
1503176400 28 463 28 463
1503174600 28 463 28 463
1503172800 28 463 28 463
1503171000 28 463 28 463
1503169200 28 463 28 463
1503167400 28 463 28 463
1503165600 28 463 28 463
1503163800 28 463 28 463
1503162000 28 463 28 463
1503160200 28 463 28 463
1503158400 28 463 28 463
1503156600 28 463 28 463
1503154800 28 463 28 463
1503153000 28 463 28 463
1503151200 28 463 28 463
1503149400 28 463 28 463
1503147600 28 463 28 463
1503145800 28 463 28 463
1503144000 28 463 28 463
1503142200 28 463 28 463
1503140400 28 463 28 463
1503138600 28 463 28 463
1503136800 28 463 28 463
1503135000 28 463 28 463
1503133200 28 463 28 463
1503131400 28 463 28 463
1503129600 28 463 28 463
1503127800 28 463 28 463
1503126000 28 463 28 463
1503124200 28 463 28 463
1503122400 28 463 28 463
1503120600 28 463 28 463
1503118800 28 463 28 463
1503117000 28 463 28 463
1503115200 28 463 28 463
1503113400 28 463 28 463
1503111600 28 463 28 463
1503109800 28 463 28 463
1503108000 28 463 28 463
1503106200 28 463 28 463
1503104400 28 463 28 463
1503102600 28 463 28 463
1503100800 28 463 28 463
1503099000 28 463 28 463
1503097200 28 463 28 463
1503095400 28 463 28 463
1503093600 28 463 28 463
1503091800 28 463 28 463
1503090000 28 463 28 463
1503088200 28 463 28 463
1503086400 28 463 28 463
1503084600 28 463 28 463
1503082800 28 463 28 463
1503081000 28 463 28 463
1503079200 28 463 28 463
1503077400 28 463 28 463
1503075600 28 463 28 463
1503073800 28 463 28 463
1503072000 28 463 28 463
1503070200 28 463 28 463
1503068400 28 463 28 463
1503066600 28 463 28 463
1503064800 28 463 28 463
1503063000 28 463 28 463
1503061200 28 463 28 463
1503059400 28 463 28 463
1503057600 28 463 28 463
1503055800 28 463 28 463
1503054000 28 463 28 463
1503052200 28 463 28 463
1503050400 28 463 28 463
1503048600 28 463 28 463
1503046800 28 463 28 463
1503045000 28 463 28 463
1503043200 28 463 28 463
1503041400 28 463 28 463
1503039600 28 463 28 463
1503037800 28 463 28 463
1503036000 28 463 28 463
1503028800 28 463 28 463
1503021600 28 463 28 463
1503014400 28 463 28 463
1503007200 28 463 28 463
1503000000 28 463 28 463
1502992800 28 463 28 463
1502985600 28 463 28 463
1502978400 28 463 28 463
1502971200 28 463 28 463
1502964000 28 463 28 463
1502956800 28 463 28 463
1502949600 28 463 28 463
1502942400 28 463 28 463
1502935200 28 463 28 463
1502928000 28 463 28 463
1502920800 28 463 28 463
1502913600 28 463 28 463
1502906400 28 463 28 463
1502899200 28 463 28 463
1502892000 28 463 28 463
1502884800 28 463 28 463
1502877600 28 463 28 463
1502870400 28 463 28 463
1502863200 28 463 28 463
1502856000 28 463 28 463
1502848800 28 463 28 463
1502841600 28 463 28 463
1502834400 28 463 28 463
1502827200 28 463 28 463
1502820000 28 463 28 463
1502812800 28 463 28 463
1502805600 28 463 28 463
1502798400 28 463 28 463
1502791200 28 463 28 463
1502784000 28 463 28 463
1502776800 28 463 28 463
1502769600 28 463 28 463
1502762400 28 463 28 463
1502755200 28 463 28 463
1502748000 28 463 28 463
1502740800 28 463 28 463
1502733600 28 463 28 463
1502726400 28 463 28 463
1502719200 28 463 28 463
1502712000 28 463 28 463
1502704800 28 463 28 463
1502697600 28 463 28 463
1502690400 28 463 28 463
1502683200 28 463 28 463
1502676000 28 463 28 463
1502668800 28 463 28 463
1502661600 28 463 28 463
1502654400 28 463 28 463
1502647200 28 463 28 463
1502640000 28 463 28 463
1502632800 28 463 28 463
1502625600 28 463 28 463
1502618400 28 463 28 463
1502611200 28 463 28 463
1502604000 28 463 28 463
1502596800 28 463 28 463
1502589600 28 463 28 463
1502582400 28 463 28 463
1502575200 28 463 28 463
1502568000 28 463 28 463
1502560800 28 463 28 463
1502553600 28 463 28 463
1502546400 28 463 28 463
1502539200 28 463 28 463
1502532000 28 463 28 463
1502524800 28 463 28 463
1502517600 28 463 28 463
1502510400 28 463 28 463
1502503200 28 463 28 463
1502496000 28 463 28 463
1502488800 28 463 28 463
1502481600 28 463 28 463
1502474400 28 463 28 463
1502467200 28 463 28 463
1502460000 28 463 28 463
1502452800 28 463 28 463
1502445600 28 463 28 463
1502438400 28 463 28 463
1502431200 28 463 28 463
1502424000 28 463 28 463
1502416800 28 463 28 463
1502409600 28 463 28 463
1502402400 28 463 28 463
1502395200 28 463 28 463
1502388000 28 463 28 463
1502380800 28 463 28 463
1502373600 28 463 28 463
1502366400 28 463 28 463
1502359200 28 463 28 463
1502352000 28 463 28 463
1502344800 28 463 28 463
1502337600 28 463 28 463
1502330400 28 463 28 463
1502323200 28 463 28 463
1502316000 28 463 28 463
1502308800 28 463 28 463
1502301600 28 463 28 463
1502294400 28 463 28 463
1502287200 28 463 28 463
1502280000 28 463 28 463
1502272800 28 463 28 463
1502265600 28 463 28 463
1502258400 28 463 28 463
1502251200 28 463 28 463
1502244000 28 463 28 463
1502236800 28 463 28 463
1502229600 28 463 28 463
1502222400 28 463 28 463
1502215200 28 463 28 463
1502208000 28 463 28 463
1502200800 28 463 28 463
1502193600 28 463 28 463
1502186400 28 463 28 463
1502179200 28 463 28 463
1502172000 28 463 28 463
1502164800 28 463 28 463
1502157600 28 463 28 463
1502150400 28 463 28 463
1502143200 28 463 28 463
1502136000 28 463 28 463
1502128800 28 463 28 463
1502121600 28 463 28 463
1502114400 28 463 28 463
1502107200 28 463 28 463
1502100000 28 463 28 463
1502092800 28 463 28 463
1502085600 28 463 28 463
1502078400 28 463 28 463
1502071200 28 463 28 463
1502064000 28 463 28 463
1502056800 28 463 28 463
1502049600 28 463 28 463
1502042400 28 463 28 463
1502035200 28 463 28 463
1502028000 28 463 28 463
1502020800 28 463 28 463
1502013600 28 463 28 463
1502006400 28 463 28 463
1501999200 28 463 28 463
1501992000 28 463 28 463
1501984800 28 463 28 463
1501977600 28 463 28 463
1501970400 28 463 28 463
1501963200 28 463 28 463
1501956000 28 463 28 463
1501948800 28 463 28 463
1501941600 28 463 28 463
1501934400 28 463 28 463
1501927200 28 463 28 463
1501920000 28 463 28 463
1501912800 28 463 28 463
1501905600 28 463 28 463
1501898400 28 463 28 463
1501891200 28 463 28 463
1501884000 28 463 28 463
1501876800 28 463 28 463
1501869600 28 463 28 463
1501862400 28 463 28 463
1501855200 28 463 28 463
1501848000 28 463 28 463
1501840800 28 463 28 463
1501833600 28 463 28 463
1501826400 28 463 28 463
1501819200 28 463 28 463
1501812000 28 463 28 463
1501804800 28 463 28 463
1501797600 28 463 28 463
1501790400 28 463 28 463
1501783200 28 463 28 463
1501776000 28 463 28 463
1501768800 28 463 28 463
1501761600 28 463 28 463
1501754400 28 463 28 463
1501747200 28 463 28 463
1501740000 28 463 28 463
1501732800 28 463 28 463
1501725600 28 463 28 463
1501718400 28 463 28 463
1501711200 28 463 28 463
1501704000 28 463 28 463
1501696800 28 463 28 463
1501689600 28 463 28 463
1501682400 28 463 28 463
1501675200 28 463 28 463
1501668000 28 463 28 463
1501660800 28 463 28 463
1501653600 28 463 28 463
1501646400 28 463 28 463
1501639200 28 463 28 463
1501632000 28 463 28 463
1501624800 28 463 28 463
1501617600 28 463 28 463
1501610400 28 463 28 463
1501603200 28 463 28 463
1501596000 28 463 28 463
1501588800 28 463 28 463
1501581600 28 463 28 463
1501574400 28 463 28 463
1501567200 28 463 28 463
1501560000 28 463 28 463
1501552800 28 463 28 463
1501545600 28 463 28 463
1501538400 28 463 28 463
1501531200 28 463 28 463
1501524000 28 463 28 463
1501516800 28 463 28 463
1501509600 28 463 28 463
1501502400 28 463 28 463
1501495200 28 463 28 463
1501488000 28 463 28 463
1501480800 28 463 28 463
1501473600 28 463 28 463
1501466400 28 463 28 463
1501459200 28 463 28 463
1501452000 28 463 28 463
1501444800 28 463 28 463
1501437600 28 463 28 463
1501430400 28 463 28 463
1501423200 28 463 28 463
1501416000 28 463 28 463
1501408800 28 463 28 463
1501401600 28 463 28 463
1501394400 28 463 28 463
1501387200 28 463 28 463
1501380000 28 463 28 463
1501372800 28 463 28 463
1501365600 28 463 28 463
1501358400 28 463 28 463
1501351200 28 463 28 463
1501344000 28 463 28 463
1501336800 28 463 28 463
1501329600 28 463 28 463
1501322400 28 463 28 463
1501315200 28 463 28 463
1501308000 28 463 28 463
1501300800 28 463 28 463
1501293600 28 463 28 463
1501286400 28 463 28 463
1501279200 28 463 28 463
1501272000 28 463 28 463
1501264800 28 463 28 463
1501257600 28 463 28 463
1501250400 28 463 28 463
1501243200 28 463 28 463
1501236000 28 463 28 463
1501228800 28 463 28 463
1501221600 28 463 28 463
1501214400 28 463 28 463
1501207200 28 463 28 463
1501200000 28 463 28 463
1501192800 28 463 28 463
1501185600 28 463 28 463
1501178400 28 463 28 463
1501171200 28 463 28 463
1501164000 28 463 28 463
1501156800 28 463 28 463
1501149600 28 463 28 463
1501142400 28 463 28 463
1501135200 28 463 28 463
1501128000 28 463 28 463
1501120800 28 463 28 463
1501113600 28 463 28 463
1501106400 28 463 28 463
1501099200 28 463 28 463
1501092000 28 463 28 463
1501084800 28 463 28 463
1501077600 28 463 28 463
1501070400 28 463 28 463
1501063200 28 463 28 463
1501056000 28 463 28 463
1501048800 28 463 28 463
1501041600 28 463 28 463
1501034400 28 463 28 463
1501027200 28 463 28 463
1501020000 28 463 28 463
1501012800 28 463 28 463
1501005600 28 463 28 463
1500998400 28 463 28 463
1500991200 28 463 28 463
1500984000 28 463 28 463
1500976800 28 463 28 463
1500969600 28 463 28 463
1500962400 28 463 28 463
1500955200 28 463 28 463
1500948000 28 463 28 463
1500940800 28 463 28 463
1500933600 28 463 28 463
1500926400 28 463 28 463
1500919200 28 463 28 463
1500912000 28 463 28 463
1500904800 28 463 28 463
1500897600 28 463 28 463
1500890400 28 463 28 463
1500883200 28 463 28 463
1500876000 28 463 28 463
1500868800 28 463 28 463
1500861600 28 463 28 463
1500854400 28 463 28 463
1500847200 28 463 28 463
1500840000 28 463 28 463
1500832800 28 463 28 463
1500825600 28 463 28 463
1500818400 28 463 28 463
1500811200 28 463 28 463
1500804000 28 463 28 463
1500796800 28 463 28 463
1500789600 28 463 28 463
1500782400 28 463 28 463
1500775200 28 463 28 463
1500768000 28 463 28 463
1500760800 28 463 28 463
1500753600 28 463 28 463
1500746400 28 463 28 463
1500739200 28 463 28 463
1500732000 28 463 28 463
1500724800 28 462 28 463
1500717600 28 461 28 465
1500710400 28 459 28 465
1500703200 28 452 28 462
1500696000 28 458 28 473
1500688800 28 460 28 475
1500681600 27 519 28 834
1500674400 27 790 28 1298
1500667200 27 1238 29 1643
1500660000 310 1594 5586 6868
1500652800 2220 3664 11128 12560
1500645600 27 1374 29 2045
1500638400 27 762 29 836
1500631200 27 728 30 857
1500624000 27 735 29 857
1500616800 27 752 29 878
1500609600 27 746 29 884
1500602400 27 748 29 835
1500595200 27 781 30 954
1500588000 27 1420 29 2339
1500580800 27 1738 29 2146
1500573600 27 1785 30 2129
1500566400 27 1698 31 2166
1500559200 27 1542 29 2175
1500552000 27 767 29 1433
1500544800 27 742 29 837
1500537600 27 773 29 953
1500530400 27 768 30 868
1500523200 27 793 29 868
1500516000 27 762 29 823
1500508800 27 804 29 954
1500501600 27 1143 29 1765
1500494400 27 1531 29 1871
1500487200 27 1354 29 1614
1500480000 27 1357 29 1797
1500472800 27 994 29 1963
1500465600 28 617 28 617
1500458400 28 617 28 617
1500451200 28 617 28 617
1500444000 28 617 28 617
1500436800 28 617 28 617
1500429600 28 617 28 617
1500422400 28 617 28 617
1500415200 28 617 28 617
1500408000 28 617 28 617
1500400800 28 617 28 617
1500393600 28 617 28 617
1500386400 28 617 28 617
1500379200 28 617 28 617
1500372000 28 617 28 617
1500364800 28 617 28 617
1500357600 28 617 28 617
1500350400 28 617 28 617
1500343200 28 617 28 617
1500336000 28 617 28 617
1500328800 28 617 28 617
1500321600 28 617 28 617
1500314400 28 617 28 617
1500307200 28 617 28 617
1500300000 28 617 28 617
1500292800 28 617 28 617
1500285600 28 617 28 617
1500278400 28 617 28 617
1500271200 28 617 28 617
1500264000 28 617 28 617
1500256800 28 617 28 617
1500249600 28 617 28 617
1500242400 28 617 28 617
1500235200 28 617 28 617
1500228000 28 617 28 617
1500220800 28 617 28 617
1500213600 28 617 28 617
1500206400 28 617 28 617
1500199200 28 617 28 617
1500192000 28 617 28 617
1500184800 28 617 28 617
1500177600 28 617 28 617
1500170400 28 617 28 617
1500163200 28 617 28 617
1500156000 28 617 28 617
1500148800 28 617 28 617
1500141600 28 617 28 617
1500134400 28 617 28 617
1500127200 28 617 28 617
1500120000 28 617 28 617
1500112800 28 617 28 617
1500105600 28 617 28 617
1500098400 28 617 28 617
1500091200 28 617 28 617
1500084000 28 617 28 617
1500076800 28 617 28 617
1500069600 28 617 28 617
1500062400 28 617 28 617
1500055200 28 617 28 617
1500048000 28 617 28 617
1500040800 28 617 28 617
1500033600 28 617 28 617
1500026400 28 617 28 617
1500019200 28 617 28 617
1500012000 28 617 28 617
1500004800 28 617 28 617
1499997600 28 617 28 617
1499990400 28 617 28 617
1499983200 28 617 28 617
1499976000 28 617 28 617
1499968800 28 617 28 617
1499961600 28 617 28 617
1499954400 28 617 28 617
1499947200 28 617 28 617
1499940000 28 617 28 617
1499932800 28 617 28 617
1499925600 28 617 28 617
1499918400 28 617 28 617
1499911200 28 617 28 617
1499904000 28 617 28 617
1499896800 28 617 28 617
1499889600 28 617 28 617
1499882400 28 617 28 617
1499875200 28 617 28 617
1499868000 28 617 28 617
1499860800 28 617 28 617
1499853600 28 617 28 617
1499846400 28 617 28 617
1499839200 28 617 28 617
1499832000 28 617 28 617
1499824800 28 617 28 617
1499817600 28 617 28 617
1499810400 28 617 28 617
1499803200 28 617 28 617
1499796000 28 617 28 617
1499788800 28 617 28 617
1499781600 28 617 28 617
1499774400 28 617 28 617
1499767200 28 617 28 617
1499760000 28 617 28 617
1499752800 28 617 28 617
1499745600 28 617 28 617
1499738400 28 617 28 617
1499731200 28 617 28 617
1499724000 28 617 28 617
1499716800 28 617 28 617
1499709600 28 617 28 617
1499702400 28 617 28 617
1499695200 28 617 28 617
1499688000 28 617 28 617
1499680800 28 617 28 617
1499673600 28 617 28 617
1499666400 28 617 28 617
1499659200 28 617 28 617
1499652000 28 617 28 617
1499644800 28 617 28 617
1499637600 28 617 28 617
1499630400 28 617 28 617
1499623200 28 617 28 617
1499616000 28 617 28 617
1499608800 28 617 28 617
1499601600 28 617 28 617
1499594400 28 617 28 617
1499587200 28 617 28 617
1499580000 28 617 28 617
1499572800 28 617 28 617
1499565600 28 617 28 617
1499558400 28 617 28 617
1499551200 28 617 28 617
1499544000 28 617 28 617
1499536800 28 617 28 617
1499529600 28 617 28 617
1499522400 28 617 28 617
1499515200 28 617 28 617
1499508000 28 617 28 617
1499500800 28 617 28 617
1499493600 28 617 28 617
1499486400 28 617 28 617
1499479200 28 617 28 617
1499472000 28 617 28 617
1499464800 28 617 28 617
1499457600 28 617 28 617
1499450400 28 617 28 617
1499443200 28 617 28 617
1499436000 28 617 28 617
1499428800 28 617 28 617
1499421600 28 617 28 617
1499414400 28 617 28 617
1499407200 28 617 28 617
1499400000 28 617 28 617
1499392800 28 617 28 617
1499385600 28 617 28 617
1499378400 28 617 28 617
1499371200 28 617 28 617
1499364000 28 617 28 617
1499356800 28 617 28 617
1499349600 28 617 28 617
1499342400 28 617 28 617
1499335200 28 617 28 617
1499328000 28 617 28 617
1499320800 28 617 28 617
1499313600 28 617 28 617
1499306400 28 617 28 617
1499299200 28 617 28 617
1499292000 28 617 28 617
1499284800 28 617 28 617
1499277600 28 617 28 617
1499270400 28 617 28 617
1499263200 28 617 28 617
1499256000 28 617 28 617
1499248800 28 617 28 617
1499241600 28 617 28 617
1499234400 28 617 28 617
1499227200 28 617 28 617
1499220000 28 617 28 617
1499212800 28 617 28 617
1499205600 28 617 28 617
1499198400 28 617 28 617
1499191200 28 617 28 617
1499184000 28 617 28 617
1499176800 28 617 28 617
1499169600 28 617 28 617
1499162400 28 617 28 617
1499155200 28 617 28 617
1499148000 28 617 28 617
1499140800 28 617 28 617
1499133600 28 617 28 617
1499126400 28 617 28 617
1499119200 28 617 28 617
1499112000 28 617 28 617
1499104800 28 617 28 617
1499097600 28 617 28 617
1499090400 28 617 28 617
1499083200 28 617 28 617
1499076000 28 617 28 617
1499068800 28 617 28 617
1499061600 28 617 28 617
1499054400 28 617 28 617
1499047200 28 617 28 617
1499040000 28 617 28 617
1499032800 28 617 28 617
1499025600 28 617 28 617
1499018400 28 617 28 617
1499011200 28 617 28 617
1499004000 28 617 28 617
1498996800 28 617 28 617
1498989600 28 617 28 617
1498982400 28 617 28 617
1498975200 28 617 28 617
1498968000 28 617 28 617
1498960800 28 617 28 617
1498953600 28 617 28 617
1498946400 28 617 28 617
1498939200 28 617 28 617
1498932000 28 617 28 617
1498924800 28 617 28 617
1498917600 28 617 28 617
1498910400 28 617 28 617
1498903200 28 617 28 617
1498896000 28 617 28 617
1498888800 28 617 28 617
1498881600 28 617 28 617
1498874400 28 617 28 617
1498867200 28 617 28 617
1498860000 28 617 28 617
1498852800 28 617 28 617
1498845600 28 617 28 617
1498838400 28 617 28 617
1498831200 28 617 28 617
1498824000 28 617 28 617
1498816800 28 617 28 617
1498809600 28 617 28 617
1498802400 28 617 28 617
1498795200 28 617 28 617
1498788000 28 617 28 617
1498780800 28 617 28 617
1498773600 28 617 28 617
1498766400 28 617 28 617
1498759200 28 617 28 617
1498752000 28 617 28 617
1498744800 28 617 28 617
1498737600 28 617 28 617
1498730400 28 617 28 617
1498723200 28 617 28 617
1498716000 28 617 28 617
1498694400 28 617 28 617
1498608000 28 617 28 617
1498521600 28 617 28 617
1498435200 28 617 28 617
1498348800 28 617 28 617
1498262400 28 617 28 617
1498176000 28 617 28 617
1498089600 28 617 28 617
1498003200 28 617 28 617
1497916800 28 617 28 617
1497830400 28 617 28 617
1497744000 27 612 30 801
1497657600 41 947 4063 5285
1497571200 122 1035 11091 11936
1497484800 28 707 28 707
1497398400 28 707 28 707
1497312000 28 707 28 707
1497225600 27 698 30 797
1497139200 27 708 30 817
1497052800 27 1041 29 4384
1496966400 60 1032 5199 6380
1496880000 140 1113 11127 12491
1496793600 26 1086 31 2127
1496707200 101 1115 8980 10300
1496620800 26 710 33 1446
1496534400 26 708 30 842
1496448000 127 1245 10493 12171
1496361600 27 1108 244 2522
1496275200 392 1467 11128 12620
1496188800 68 1179 9555 11325
1496102400 48 1156 5267 6946
1496016000 27 759 30 2369
1495929600 28 698 28 698
1495843200 29 1200 161 2915
1495756800 37 1154 2996 3893
1495670400 27 1224 31 3608
1495584000 28 819 28 819
1495497600 28 819 28 819
1495411200 28 819 28 819
1495324800 28 819 28 819
1495238400 28 819 28 819
1495152000 208 1378 11164 12817
1495065600 106 1294 11127 13533
1494979200 27 922 29 2028
1494892800 29 878 29 878
1494806400 29 878 29 878
1494720000 28 813 30 1072
1494633600 48 1043 4082 34150
1494547200 27 927 30 2608
1494460800 29 602 29 602
1494374400 29 602 29 602
1494288000 29 602 29 602
1494201600 29 602 29 602
1494115200 29 602 29 602
1494028800 29 602 29 602
1493942400 29 602 29 602
1493856000 29 602 29 602
1493769600 29 602 29 602
1493683200 29 602 29 602
1493596800 29 602 29 602
1493510400 29 602 29 602
1493424000 29 602 29 602
1493337600 29 602 29 602
1493251200 29 602 29 602
1493164800 29 602 29 602
1493078400 29 602 29 602
1492992000 29 602 29 602
1492905600 29 602 29 602
1492819200 29 602 29 602
1492732800 29 602 29 602
1492646400 29 602 29 602
1492560000 29 602 29 602
1492473600 29 602 29 602
1492387200 29 602 29 602
1492300800 29 602 29 602
1492214400 29 602 29 602
1492128000 29 602 29 602
1492041600 29 602 29 602
1491955200 29 602 29 602
1491868800 29 602 29 602
1491782400 29 602 29 602
1491696000 29 602 29 602
1491609600 29 602 29 602
1491523200 29 602 29 602
1491436800 29 602 29 602
1491350400 29 602 29 602
1491264000 29 602 29 602
1491177600 27 562 30 611
1491091200 27 553 41 1421
1491004800 27 1099 30 3013
1490918400 31 1108 1569 3084
1490832000 34 1079 2874 4485
1490745600 25 1108 30 5607
1490659200 22 709 22 709
1490572800 22 709 22 709
1490486400 22 709 22 709
1490400000 22 709 22 709
1490313600 22 709 22 709
1490227200 22 709 22 709
1490140800 22 709 22 709
1490054400 22 709 22 709
1489968000 22 709 22 709
1489881600 22 709 22 709
1489795200 22 709 22 709
1489708800 22 709 22 709
1489622400 22 915 24 2047
1489536000 21 880 24 2588
1489449600 21 938 26 2250
1489363200 21 529 25 640
1489276800 21 544 24 801
1489190400 35 1069 3969 7578
1489104000 309 1197 11492 13422
1489017600 59 938 6322 7820
1488931200 51 1017 7075 8418
1488844800 493 1532 11454 45146
1488758400 21 591 25 992
1488672000 21 573 25 695
1488585600 72 1020 10755 11881
1488499200 21 1048 29 2629
1488412800 102 1082 11121 12980
1488326400 145 1209 11159 12757
1488240000 44 1055 2821 4392
1488153600 22 625 24 750
1488067200 21 586 24 774
1487980800 171 1099 11122 13056
1487894400 178 1051 10605 12284
1487808000 26 912 1713 2102
1487721600 21 954 37 2273
1487635200 21 582 28 897
1487548800 21 583 24 688
1487462400 21 583 24 694
1487376000 7 390 48 2170
1487289600 0 0 0 0
1487203200 9 249 22 549
1487116800 22 549 22 549
1487030400 22 549 22 549
1486944000 22 549 22 549
1486857600 22 549 22 549
1486771200 22 549 22 549
1486684800 22 549 22 549
1486598400 22 549 22 549
1486512000 22 549 22 549
1486425600 22 549 22 549
1486339200 22 549 22 549
1486252800 22 549 22 549
1486166400 22 549 22 549
1486080000 22 549 22 549
1485993600 22 549 22 549
1485907200 22 549 22 549
1485820800 122 759 19431 4468
1485734400 21 413 24 858
1485648000 21 418 24 1849
1485561600 26 691 1584 2546
1485475200 124 862 10098 11074
1485388800 74 806 11121 12191
1485302400 22 658 23 1557
1485216000 462 1016 43618 49902
1485129600 22 358 24 468
1485043200 21 375 23 572
1484956800 438 1157 11159 12907
1484870400 22 716 24 1860
1484784000 22 732 36 2865
1484697600 22 673 24 1748
1484611200 120 749 11121 12109
1484524800 22 369 24 501
1484438400 22 452 24 830
1484352000 352 807 87981 5242
1484265600 21 712 24 1583
1484179200 1040 2816 66009 266165
1484092800 136 856 11157 12536
1484006400 869 1555 29497 55302
1483920000 22 268 24 347
1483833600 22 308 24 601
1483747200 245 871 11159 12053
1483660800 22 583 23 1630
1483574400 22 657 33 2078
1483488000 448 3898 37410 247974
1483401600 21 300 24 377
1483315200 21 300 24 384
1483228800 21 300 31 385
1483142400 22 522 24 1265
1483056000 21 510 24 1296
1482969600 22 437 23 2174
1482883200 22 274 22 274
1482796800 22 274 22 274
1482710400 21 265 24 319
1482624000 22 262 27 324
1482537600 21 431 25 1438
1482451200 22 656 24 1742
1482364800 22 588 24 1811
1482278400 77 1120 6347 54216
1482192000 33 649 3603 14524
1482105600 3 64 34 403
1482019200 0 0 0 0
1481932800 0 0 0 0
1481846400 0 0 0 0
1481760000 0 0 0 0
1481673600 0 0 0 0
1481587200 0 0 0 0
1481500800 0 0 0 0
1481414400 0 0 0 0
1481328000 0 0 0 0
1481241600 0 0 0 0
1481155200 0 0 0 0
1481068800 0 0 0 0
1480982400 0 0 0 0
1480896000 0 0 0 0
1480809600 0 0 0 0
1480723200 0 0 0 0
1480636800 0 0 0 0
1480550400 0 0 0 0
1480464000 0 0 0 0
1480377600 0 0 0 0
1480291200 0 0 0 0
1480204800 0 0 0 0
1480118400 0 0 0 0
1480032000 0 0 0 0
1479945600 0 0 0 0
1479859200 0 0 0 0
1479772800 0 0 0 0
1479686400 0 0 0 0
1479600000 0 0 0 0
1479513600 0 0 0 0
1479427200 0 0 0 0
1479340800 0 0 0 0
1479254400 0 0 0 0
1479168000 0 0 0 0
1479081600 0 0 0 0
1478995200 0 0 0 0
1478908800 0 0 0 0
1478822400 0 0 0 0
1478736000 0 0 0 0
1478649600 0 0 0 0
1478563200 0 0 0 0
1478476800 0 0 0 0
1478390400 0 0 0 0
1478304000 0 0 0 0
1478217600 0 0 0 0
1478131200 0 0 0 0
1478044800 0 0 0 0
1477958400 0 0 0 0
1477872000 0 0 0 0
1477785600 0 0 0 0
1477699200 0 0 0 0
1477612800 0 0 0 0
1477526400 0 0 0 0
1477440000 0 0 0 0
1477353600 0 0 0 0
1477267200 0 0 0 0
1477180800 0 0 0 0
1477094400 0 0 0 0
1477008000 0 0 0 0
1476921600 0 0 0 0
1476835200 0 0 0 0
1476748800 0 0 0 0
1476662400 0 0 0 0
1476576000 0 0 0 0
1476489600 0 0 0 0
1476403200 0 0 0 0
1476316800 0 0 0 0
1476230400 0 0 0 0
1476144000 0 0 0 0
1476057600 0 0 0 0
1475971200 0 0 0 0
1475884800 0 0 0 0
1475798400 0 0 0 0
1475712000 0 0 0 0
1475625600 0 0 0 0
1475539200 0 0 0 0
1475452800 0 0 0 0
1475366400 0 0 0 0
1475280000 0 0 0 0
1475193600 0 0 0 0
1475107200 0 0 0 0
1475020800 0 0 0 0
1474934400 0 0 0 0
1474848000 0 0 0 0
1474761600 0 0 0 0
1474675200 0 0 0 0
1474588800 0 0 0 0
1474502400 0 0 0 0
1474416000 0 0 0 0
1474329600 0 0 0 0
1474243200 0 0 0 0
1474156800 0 0 0 0
1474070400 0 0 0 0
1473984000 0 0 0 0
1473897600 0 0 0 0
1473811200 0 0 0 0
1473724800 0 0 0 0
1473638400 0 0 0 0
1473552000 0 0 0 0
1473465600 0 0 0 0
1473379200 0 0 0 0
1473292800 0 0 0 0
1473206400 0 0 0 0
1473120000 0 0 0 0
1473033600 0 0 0 0
1472947200 0 0 0 0
1472860800 0 0 0 0
1472774400 0 0 0 0
1472688000 0 0 0 0
1472601600 0 0 0 0
1472515200 0 0 0 0
1472428800 0 0 0 0
1472342400 0 0 0 0
1472256000 0 0 0 0
1472169600 0 0 0 0
1472083200 0 0 0 0
1471996800 0 0 0 0
1471910400 0 0 0 0
1471824000 0 0 0 0
1471737600 0 0 0 0
1471651200 0 0 0 0
1471564800 0 0 0 0
1471478400 0 0 0 0
1471392000 0 0 0 0
1471305600 0 0 0 0
1471219200 0 0 0 0
1471132800 0 0 0 0
1471046400 0 0 0 0
1470960000 0 0 0 0
1470873600 0 0 0 0
1470787200 0 0 0 0
1470700800 0 0 0 0
1470614400 0 0 0 0
1470528000 0 0 0 0
1470441600 0 0 0 0
1470355200 0 0 0 0
1470268800 0 0 0 0
1470182400 0 0 0 0
1470096000 0 0 0 0
1470009600 0 0 0 0
1469923200 0 0 0 0
1469836800 0 0 0 0
1469750400 0 0 0 0
1469664000 0 0 0 0
1469577600 0 0 0 0
1469491200 0 0 0 0
1469404800 0 0 0 0
1469318400 0 0 0 0
1469232000 0 0 0 0
1469145600 0 0 0 0
1469059200 0 0 0 0
1468972800 0 0 0 0
1468886400 0 0 0 0
1468800000 0 0 0 0
1468713600 0 0 0 0
1468627200 0 0 0 0
1468540800 0 0 0 0
1468454400 0 0 0 0
1468368000 0 0 0 0
1468281600 0 0 0 0
1468195200 0 0 0 0
1468108800 0 0 0 0
1468022400 0 0 0 0
1467936000 0 0 0 0
1467849600 0 0 0 0
1467763200 0 0 0 0
1467676800 0 0 0 0
1467590400 0 0 0 0
1467504000 0 0 0 0
1467417600 0 0 0 0
1467331200 0 0 0 0
1467244800 0 0 0 0
1467158400 0 0 0 0
1467072000 0 0 0 0
1466985600 0 0 0 0
1466899200 0 0 0 0
1466812800 0 0 0 0
1466726400 0 0 0 0
1466640000 0 0 0 0
1466553600 0 0 0 0
1466467200 0 0 0 0
1466380800 0 0 0 0
1466294400 0 0 0 0
1466208000 0 0 0 0
1466121600 0 0 0 0
1466035200 0 0 0 0
1465948800 0 0 0 0
1465862400 0 0 0 0
1465776000 0 0 0 0
1465689600 0 0 0 0
1465603200 0 0 0 0
1465516800 0 0 0 0
1465430400 0 0 0 0
1465344000 0 0 0 0
1465257600 0 0 0 0
1465171200 0 0 0 0
1465084800 0 0 0 0
1464998400 0 0 0 0
1464912000 0 0 0 0
1464825600 0 0 0 0
1464739200 0 0 0 0
1464652800 0 0 0 0
1464566400 0 0 0 0
1464480000 0 0 0 0
1464393600 0 0 0 0
1464307200 0 0 0 0
1464220800 0 0 0 0
1464134400 0 0 0 0
1464048000 0 0 0 0
1463961600 0 0 0 0
1463875200 0 0 0 0
1463788800 0 0 0 0
1463702400 0 0 0 0
1463616000 0 0 0 0
1463529600 0 0 0 0
1463443200 0 0 0 0
1463356800 0 0 0 0
1463270400 0 0 0 0
1463184000 0 0 0 0
1463097600 0 0 0 0
1463011200 0 0 0 0
1462924800 0 0 0 0
1462838400 0 0 0 0
1462752000 0 0 0 0
1462665600 0 0 0 0
1462579200 0 0 0 0
1462492800 0 0 0 0
1462406400 0 0 0 0
1462320000 0 0 0 0
1462233600 0 0 0 0
1462147200 0 0 0 0
1462060800 0 0 0 0
1461974400 0 0 0 0
1461888000 0 0 0 0
1461801600 0 0 0 0
1461715200 0 0 0 0
1461628800 0 0 0 0
1461542400 0 0 0 0
1461456000 0 0 0 0
1461369600 0 0 0 0
1461283200 0 0 0 0
1461196800 0 0 0 0
1461110400 0 0 0 0
1461024000 0 0 0 0
1460937600 0 0 0 0
1460851200 0 0 0 0
1460764800 0 0 0 0
1460678400 0 0 0 0
1460592000 0 0 0 0
1460505600 0 0 0 0
1460419200 0 0 0 0
1460332800 0 0 0 0
1460246400 0 0 0 0
1460160000 0 0 0 0
1460073600 0 0 0 0
1459987200 0 0 0 0
1459900800 0 0 0 0
1459814400 0 0 0 0
1459728000 0 0 0 0
1459641600 0 0 0 0
1459555200 0 0 0 0
1459468800 0 0 0 0
1459382400 0 0 0 0
1459296000 0 0 0 0
1459209600 0 0 0 0
1459123200 0 0 0 0
1459036800 0 0 0 0
1458950400 0 0 0 0
1458864000 0 0 0 0
1458777600 0 0 0 0
1458691200 0 0 0 0
1458604800 0 0 0 0
1458518400 0 0 0 0
1458432000 0 0 0 0
1458345600 0 0 0 0
1458259200 0 0 0 0
1458172800 0 0 0 0
1458086400 0 0 0 0
1458000000 0 0 0 0
1457913600 0 0 0 0
1457827200 0 0 0 0
1457740800 0 0 0 0
1457654400 0 0 0 0
1457568000 0 0 0 0
1457481600 0 0 0 0
1457395200 0 0 0 0
1457308800 0 0 0 0
1457222400 0 0 0 0
1457136000 0 0 0 0
1457049600 0 0 0 0
1456963200 0 0 0 0
1456876800 0 0 0 0
1456790400 0 0 0 0
1456704000 0 0 0 0
1456617600 0 0 0 0
1456531200 0 0 0 0
1456444800 0 0 0 0
1456358400 0 0 0 0
1456272000 0 0 0 0
1456185600 0 0 0 0
1456099200 0 0 0 0
1456012800 0 0 0 0
1455926400 0 0 0 0
1455840000 0 0 0 0
1455753600 0 0 0 0
1455667200 0 0 0 0
1455580800 0 0 0 0
1455494400 0 0 0 0
1455408000 0 0 0 0
1455321600 0 0 0 0
1455235200 0 0 0 0
1455148800 0 0 0 0
1455062400 0 0 0 0
1454976000 0 0 0 0
1454889600 0 0 0 0
1454803200 0 0 0 0
1454716800 0 0 0 0
1454630400 0 0 0 0
1454544000 0 0 0 0
1454457600 0 0 0 0
1454371200 0 0 0 0
1454284800 0 0 0 0
1454198400 0 0 0 0
1454112000 0 0 0 0
1454025600 0 0 0 0
1453939200 0 0 0 0
1453852800 0 0 0 0
1453766400 0 0 0 0
1453680000 0 0 0 0
1453593600 0 0 0 0
1453507200 0 0 0 0
1453420800 0 0 0 0
1453334400 0 0 0 0
1453248000 0 0 0 0
1453161600 0 0 0 0
1453075200 0 0 0 0
1452988800 0 0 0 0
1452902400 0 0 0 0
1452816000 0 0 0 0
1452729600 0 0 0 0
1452643200 0 0 0 0
1452556800 0 0 0 0
1452470400 0 0 0 0
1452384000 0 0 0 0
1452297600 0 0 0 0
1452211200 0 0 0 0
1452124800 0 0 0 0
1452038400 0 0 0 0
1451952000 0 0 0 0
1451865600 0 0 0 0
1451779200 0 0 0 0
1451692800 0 0 0 0
1451606400 0 0 0 0
1451520000 0 0 0 0
1451433600 0 0 0 0
1451347200 0 0 0 0
1451260800 0 0 0 0
1451174400 0 0 0 0
1451088000 0 0 0 0
1451001600 0 0 0 0
1450915200 0 0 0 0
1450828800 0 0 0 0
1450742400 0 0 0 0
1450656000 0 0 0 0
1450569600 0 0 0 0
1450483200 0 0 0 0
1450396800 0 0 0 0
1450310400 0 0 0 0
1450224000 0 0 0 0
1450137600 0 0 0 0
1450051200 0 0 0 0
1449964800 0 0 0 0
1449878400 0 0 0 0
1449792000 0 0 0 0
1449705600 0 0 0 0
1449619200 0 0 0 0
1449532800 0 0 0 0
1449446400 0 0 0 0
1449360000 0 0 0 0
1449273600 0 0 0 0
1449187200 0 0 0 0
1449100800 0 0 0 0
1449014400 0 0 0 0
1448928000 0 0 0 0
1448841600 0 0 0 0
1448755200 0 0 0 0
1448668800 0 0 0 0
1448582400 0 0 0 0
1448496000 0 0 0 0
1448409600 0 0 0 0
1448323200 0 0 0 0
1448236800 0 0 0 0
1448150400 0 0 0 0
1448064000 0 0 0 0
1447977600 0 0 0 0
1447891200 0 0 0 0
1447804800 0 0 0 0
1447718400 0 0 0 0
1447632000 0 0 0 0
1447545600 0 0 0 0
1447459200 0 0 0 0
1447372800 0 0 0 0
1447286400 0 0 0 0
1447200000 0 0 0 0
1447113600 0 0 0 0
1447027200 0 0 0 0
1446940800 0 0 0 0
1446854400 0 0 0 0
1446768000 0 0 0 0
1446681600 0 0 0 0
1446595200 0 0 0 0
1446508800 0 0 0 0
1446422400 0 0 0 0
1446336000 0 0 0 0
1446249600 0 0 0 0
1446163200 0 0 0 0
1446076800 0 0 0 0
1445990400 0 0 0 0
1445904000 0 0 0 0
1445817600 0 0 0 0
1445731200 0 0 0 0
1445644800 0 0 0 0
1445558400 0 0 0 0
1445472000 0 0 0 0
1445385600 0 0 0 0
1445299200 0 0 0 0
1445212800 0 0 0 0
1445126400 0 0 0 0
1445040000 0 0 0 0
1444953600 0 0 0 0
1444867200 0 0 0 0
1444780800 0 0 0 0
1444694400 0 0 0 0
1444608000 0 0 0 0
1444521600 0 0 0 0
1444435200 0 0 0 0
1444348800 0 0 0 0
1444262400 0 0 0 0
1444176000 0 0 0 0
1444089600 0 0 0 0
1444003200 0 0 0 0
1443916800 0 0 0 0
1443830400 0 0 0 0
1443744000 0 0 0 0
1443657600 0 0 0 0
1443571200 0 0 0 0
1443484800 0 0 0 0
1443398400 0 0 0 0
1443312000 0 0 0 0
1443225600 0 0 0 0
1443139200 0 0 0 0
1443052800 0 0 0 0
1442966400 0 0 0 0
1442880000 0 0 0 0
1442793600 0 0 0 0
1442707200 0 0 0 0
1442620800 0 0 0 0
1442534400 0 0 0 0
1442448000 0 0 0 0
1442361600 0 0 0 0
1442275200 0 0 0 0
1442188800 0 0 0 0
1442102400 0 0 0 0
1442016000 0 0 0 0
1441929600 0 0 0 0
1441843200 0 0 0 0
1441756800 0 0 0 0
1441670400 0 0 0 0
1441584000 0 0 0 0
1441497600 0 0 0 0
1441411200 0 0 0 0
1441324800 0 0 0 0
1441238400 0 0 0 0
1441152000 0 0 0 0
1441065600 0 0 0 0
1440979200 0 0 0 0
1440892800 0 0 0 0
1440806400 0 0 0 0
1440720000 0 0 0 0
1440633600 0 0 0 0
1440547200 0 0 0 0
1440460800 0 0 0 0
1440374400 0 0 0 0
1440288000 0 0 0 0
1440201600 0 0 0 0
1440115200 0 0 0 0
1440028800 0 0 0 0
1439942400 0 0 0 0
1439856000 0 0 0 0
1439769600 0 0 0 0
1439683200 0 0 0 0
1439596800 0 0 0 0
1439510400 0 0 0 0
1439424000 0 0 0 0
1439337600 0 0 0 0
1439251200 0 0 0 0
1439164800 0 0 0 0
1439078400 0 0 0 0
1438992000 0 0 0 0
1438905600 0 0 0 0
1438819200 0 0 0 0
1438732800 0 0 0 0
1438646400 0 0 0 0
1438560000 0 0 0 0
1438473600 0 0 0 0
1438387200 0 0 0 0
1438300800 0 0 0 0
1438214400 0 0 0 0
1438128000 0 0 0 0
1438041600 0 0 0 0
1437955200 0 0 0 0
1437868800 0 0 0 0
1437782400 0 0 0 0
1437696000 0 0 0 0
1437609600 0 0 0 0
1437523200 0 0 0 0
1437436800 0 0 0 0
1437350400 0 0 0 0
1437264000 0 0 0 0
1437177600 0 0 0 0
1437091200 0 0 0 0
1437004800 0 0 0 0
1436918400 0 0 0 0
1436832000 0 0 0 0
1436745600 0 0 0 0
1436659200 0 0 0 0
1436572800 0 0 0 0
1436486400 0 0 0 0
1436400000 0 0 0 0
1436313600 0 0 0 0
1436227200 0 0 0 0
1436140800 0 0 0 0
1436054400 0 0 0 0
1435968000 0 0 0 0
1435881600 0 0 0 0
1435795200 0 0 0 0
1435708800 0 0 0 0
1435622400 0 0 0 0
1435536000 0 0 0 0
