1504297338 67041292873 67839061988
1504297338 182 239 182 239
1504297038 176 231 176 231
1504296900 178 234 181 239
1504296600 589 645 1070 1122
1504296300 4818 4891 9219 9317
1504296000 9656 9731 10171 10219
1504295700 6896 6939 10171 10219
1504295400 1950 1999 3052 3089
1504295100 5465 5530 11108 11177
1504294800 20140 20213 30744 30821
1504294500 37994 38111 46507 46670
1504294200 48975 49192 51873 52153
1504293900 48160 48347 51873 52153
1504293600 47306 47419 51420 51574
1504293300 45807 46046 51420 51574
1504293000 34421 34657 39218 39557
1504292700 21485 21578 28790 28906
1504292400 12070 12135 12911 12977
1504292100 9479 9544 11083 11147
1504291800 5349 4705 7598 7663
1504291500 5032 1167 7757 1234
1504291200 4264 694 7757 1090
1504290900 2396 2462 5017 5083
1504290600 9359 9422 14458 14517
1504290300 12900 12962 14458 14517
1504290000 15863 15930 21489 21556
1504289700 17387 17502 21489 21556
1504289400 11879 11999 12573 12743
1504289100 7495 7659 11065 11127
1504288800 1862 2044 3306 3588
1504288500 167 233 169 236
1504288200 168 233 169 236
1504287900 1116 1182 2232 2301
1504287600 1619 1684 2232 2301
1504287300 565 628 900 961
1504287000 168 233 172 238
1504286700 1654 1742 3404 3519
1504286400 4260 4351 5265 5329
1504286100 5067 5156 5265 5329
1504285800 2688 2781 4836 4954
1504285500 168 234 169 238
1504285200 1274 1343 2556 2623
1504284900 1806 1870 2556 2623
1504284600 576 638 926 988
1504284300 167 233 170 239
1504284000 167 233 170 239
1504283700 167 233 170 239
1504283400 168 235 170 239
1504283100 755 820 1446 1513
1504282800 5871 5937 11066 11131
1504282500 14828 14895 19246 19314
1504282200 20497 20562 21966 22029
1504281900 25198 25288 28994 29115
1504281600 21760 21856 28994 29115
1504281300 18090 18161 23749 23827
1504281000 22895 22965 23749 23827
1504280700 22221 22319 22607 22748
1504280400 22731 22840 22877 22948
1504280100 24419 24586 26231 26511
1504279800 23925 24163 26231 26511
1504279500 16551 16684 21218 21408
1504279200 9816 9881 11073 11139
1504278900 7226 7288 8342 8406
1504278600 3271 3333 5917 5976
1504278300 167 232 169 235
1504278000 1388 1580 2819 3159
1504277700 6613 6827 11068 11134
1504277400 11067 11133 11068 11134
1504277100 12101 12172 13315 13392
1504276800 17352 17428 22093 22166
1504276500 17260 17345 22093 22166
1504276200 11829 11914 12114 12183
1504275900 8728 8791 12114 12183
1504275600 2710 2801 4754 4811
1504275300 4135 4238 8626 8694
1504275000 5138 5205 8626 8694
1504274700 669 735 1100 1164
1504274400 564 635 1035 1108
1504274100 7353 7427 14771 14847
1504273800 17886 18075 21544 21866
1504273500 16723 16935 21544 21866
1504273200 11426 11506 11851 11928
1504272900 7097 7191 11851 11928
1504272600 5931 6009 11113 11149
1504272300 15324 15376 20268 20339
1504272000 21081 21152 22036 22107
1504271700 19193 19257 22036 22107
1504271400 8642 8699 15857 15913
1504271100 173 233 174 235
1504270800 2419 2494 5057 5147
1504270500 2811 2887 5057 5147
1504270200 175 234 177 235
1504269900 175 235 177 236
1504269600 183 245 195 256
1504269300 184 245 195 256
1504269000 172 233 174 235
1504268700 174 234 174 235
1504268400 173 233 174 234
1504268100 173 234 175 235
1504267800 173 233 175 235
1504267500 173 233 175 235
1504267200 172 233 175 235
1504266900 172 232 176 234
1504266600 174 234 176 235
1504266300 173 234 174 235
1504266000 173 234 174 234
1504265700 173 233 174 234
1504265400 172 233 174 233
1504265100 172 233 175 235
1504264800 173 234 175 235
1504264500 173 234 175 234
1504264200 174 234 175 235
1504263900 173 234 174 235
1504263600 173 233 173 235
1504263300 173 234 174 235
1504263000 173 234 174 234
1504262700 173 234 175 236
1504262400 174 234 175 236
1504262100 174 233 176 235
1504261800 174 234 176 235
1504261500 173 233 173 234
1504261200 173 234 173 235
1504260900 173 233 173 235
1504260600 173 233 173 236
1504260300 173 234 174 236
1504260000 173 233 174 235
1504259700 173 234 175 235
1504259400 173 233 175 234
1504259100 172 233 174 235
1504258800 174 235 174 235
1504258500 173 233 174 235
1504258200 172 232 173 235
1504257900 173 234 174 235
1504257600 174 234 175 237
1504257300 173 234 175 237
1504257000 172 232 174 234
1504256700 173 233 174 234
1504256400 173 234 174 237
1504256100 173 233 174 237
1504255800 173 234 175 239
1504255500 173 234 175 239
1504255200 173 233 176 239
1504254900 174 234 176 239
1504254600 173 233 175 238
1504254300 174 234 175 238
1504254000 173 233 174 237
1504253700 173 233 174 237
1504253400 172 231 173 234
1504253100 173 234 174 234
1504252800 173 234 174 236
1504252500 173 234 174 236
1504252200 173 233 174 233
1504251900 172 233 174 233
1504251600 173 234 174 237
1504251300 173 233 173 237
1504251000 172 231 173 233
1504250700 173 233 175 234
1504250400 174 235 175 238
1504250100 172 232 174 238
1504249800 177 237 185 249
1504249500 190 255 197 263
1504249200 186 250 197 263
1504248900 174 234 175 235
1504248600 173 233 175 234
1504248300 172 233 174 235
1504248000 174 234 175 235
1504247700 174 233 175 234
1504247400 173 233 175 235
1504247100 172 233 175 235
1504246800 173 234 177 238
1504246500 174 234 177 238
1504246200 172 233 175 238
1504245900 173 235 175 238
1504245600 173 234 175 237
1504245300 173 233 175 237
1504245000 172 234 175 240
1504244700 172 234 175 240
1504244400 173 232 177 239
1504244100 173 234 177 239
1504243800 172 233 176 238
1504243500 173 234 176 238
1504243200 172 232 176 236
1504242900 174 232 176 236
1504242600 173 233 175 238
1504242300 173 233 175 238
1504242000 172 234 175 240
1504241700 173 234 175 240
1504241400 172 232 175 238
1504241100 173 233 175 238
1504240800 173 234 176 240
1504240500 174 235 176 240
1504240200 173 233 176 237
1504239900 173 234 176 237
1504239600 173 233 176 237
1504239300 173 233 176 237
1504239000 172 233 176 238
1504238700 189 243 205 250
1504238400 191 244 205 250
1504238100 173 235 176 239
1504237800 173 233 176 237
1504237500 173 233 176 237
1504237200 172 234 175 239
1504236900 172 233 175 239
1504236600 172 233 176 240
1504236300 172 233 176 240
1504236000 173 233 179 241
1504235700 174 234 179 241
1504235400 172 232 175 240
1504235100 172 234 175 240
1504234800 172 233 176 238
1504234500 174 233 176 238
1504234200 173 232 176 237
1504233900 173 233 176 237
1504233600 173 234 176 239
1504233300 174 233 176 239
1504233000 174 233 178 240
1504232700 174 234 178 240
1504232400 171 232 174 238
1504232100 173 234 174 238
1504231800 173 233 175 238
1504231500 173 233 175 238
1504231200 173 234 176 240
1504230900 173 233 176 240
1504230600 172 232 175 240
1504230300 173 234 175 240
1504230000 173 233 176 240
1504229700 174 234 176 240
1504229400 173 232 175 237
1504229100 172 233 175 237
1504228800 173 234 178 239
1504228500 173 234 178 239
1504228200 173 233 178 239
1504227900 175 233 178 239
1504227600 173 233 176 239
1504227300 173 233 176 239
1504227000 172 232 174 239
1504226700 174 235 174 239
1504226400 174 234 174 237
1504226100 173 233 174 237
1504225800 173 233 175 238
1504225500 173 233 175 238
1504225200 172 233 175 239
1504224900 173 233 175 239
1504224600 173 233 176 239
1504224300 173 234 176 239
1504224000 173 232 176 237
1504223700 175 234 176 237
1504223400 175 234 177 238
1504223100 173 234 177 238
1504222800 172 233 176 238
1504222500 174 233 176 238
1504222200 174 233 176 240
1504221900 173 234 176 240
1504221600 173 233 178 239
1504221300 174 234 178 239
1504221000 172 233 176 237
1504220700 174 234 176 237
1504220400 172 234 174 238
1504220100 174 234 175 238
1504219800 175 234 177 240
1504219500 174 234 177 240
1504219200 172 233 175 238
1504218900 173 233 175 238
1504218600 172 233 175 239
1504218300 173 234 175 239
1504218000 173 233 176 238
1504217700 173 233 176 238
1504217400 173 233 177 239
1504217100 173 233 177 239
1504216800 172 233 176 239
1504216500 174 233 176 239
1504216200 173 232 175 238
1504215900 173 234 175 238
1504215600 173 233 175 236
1504215300 173 232 175 236
1504215000 173 233 177 239
1504214700 173 234 177 239
1504214400 750 841 1433 1560
1504214100 851 946 1433 1560
1504213800 185 239 205 254
1504213500 186 241 205 254
1504213200 167 232 171 238
1504212900 172 236 175 238
1504212600 174 236 175 239
1504212300 168 233 174 239
1504212000 167 232 172 238
1504211700 167 232 172 238
1504211400 692 757 1313 1380
1504211100 5798 5863 11063 11127
1504210800 12948 13010 15161 15222
1504210500 13259 13320 15161 15222
1504210200 13497 13559 16398 16460
1504209900 14055 14179 16398 16460
1504209600 14539 14671 18335 18392
1504209300 16140 16193 18335 18392
1504209000 13018 13076 13599 13646
1504208700 11752 11818 12338 12407
1504208400 11067 11132 11070 11139
1504208100 12375 12441 13909 13971
1504207800 12932 13014 13909 13971
1504207500 11861 11945 11950 12008
1504207200 9892 9951 11950 12008
1504206900 9139 9196 11090 11144
1504206600 11366 11428 11692 11763
1504206300 9379 9490 11692 11763
1504206000 4366 4481 6701 6859
1504205700 953 1015 1626 1690
1504205400 2187 2251 4531 4600
1504205100 7840 7900 11726 11775
1504204800 15962 16018 20935 20999
1504204500 21675 21770 22545 22677
1504204200 22301 22423 22545 22677
1504203900 20848 20963 22016 22125
1504203600 19518 19622 19567 19649
1504203300 21944 22032 24735 24831
1504203000 22554 22701 24735 24831
1504202700 12578 12712 19995 20202
1504202400 3325 3368 3872 3920
1504202100 6074 6123 10056 10118
1504201800 12867 12937 16169 16248
1504201500 16310 16403 16476 16585
1504201200 13990 14086 16476 16585
1504200900 12249 9458 13631 11153
1504200600 7863 4160 13631 7469
1504200300 4923 4527 9419 9517
1504200000 10732 10816 12274 12342
1504199700 10472 10629 12274 12342
1504199400 4565 4737 8357 8619
1504199100 1792 1848 3693 3735
1504198800 3822 3876 3974 4043
1504198500 7218 7290 11028 11102
1504198200 11065 11142 11110 11191
1504197900 12228 12306 13541 13617
1504197600 17419 17498 21973 22056
1504197300 22122 22469 22297 22955
1504197000 26633 27101 31656 31904
1504196700 34270 34459 37340 37460
1504196400 45246 45349 54527 54610
1504196100 47523 47635 54527 54610
1504195800 37392 37509 39301 39448
1504195500 30195 30287 35152 35233
1504195200 20440 20536 24376 24481
1504194900 11604 11736 15821 15907
1504194600 6896 7025 7181 7243
1504194300 7559 7616 8003 8056
1504194000 14178 14242 21427 21504
1504193700 22322 22427 23374 23512
1504193400 26419 26531 29994 30077
1504193100 33060 33139 36661 36734
1504192800 32065 32421 36661 36734
1504192500 24505 24911 26671 27360
1504192200 31888 32036 43541 43773
1504191900 32330 32577 43541 43773
1504191600 15445 15621 19170 19436
1504191300 16843 16908 23617 23677
1504191000 19570 19630 23617 23677
1504190700 10920 11009 14821 14880
1504190400 4748 4893 6341 6466
1504190100 7314 7624 12522 12998
1504189800 9908 10210 12522 12998
1504189500 7930 8069 9194 9380
1504189200 13501 13640 18559 18641
1504188900 20157 20236 22033 22110
1504188600 23421 23504 25051 25142
1504188300 22720 22856 25051 25142
1504188000 18291 18440 19984 20173
1504187700 15965 16052 16305 16407
1504187400 18514 18589 21975 22055
1504187100 22005 22081 22041 22113
1504186800 21973 22052 22041 22113
1504186500 17907 17996 21896 21982
1504186200 13076 13163 13225 13317
1504185900 16444 16519 20602 20671
1504185600 11644 11746 20602 20671
1504185300 939 1070 1129 1269
1504185000 2360 2459 4291 4362
1504184700 9002 9143 14534 14756
1504184400 12925 13076 14534 14756
1504184100 11049 11113 11064 11125
1504183800 11086 11151 11113 11182
1504183500 13729 13793 16800 16859
1504183200 10873 10947 16800 16859
1504182900 2808 2923 3916 4007
1504182600 893 1003 1509 1652
1504182300 167 234 171 242
1504182000 167 232 172 241
1504181700 1730 1397 3560 2756
1504181400 1988 2443 3560 2756
1504181100 144 2086 145 2097
1504180800 144 2091 145 2097
1504180500 144 2086 145 2088
1504180200 146 2088 148 2090
1504179900 144 2087 148 2090
1504179600 144 2085 149 2087
1504179300 147 2093 149 2102
1504179000 143 2088 146 2102
1504178700 145 2083 151 2096
1504178400 145 2090 151 2096
1504178100 145 2089 153 2098
1504177800 146 2092 153 2098
1504177500 142 2085 146 2085
1504177200 147 2091 149 2100
1504176900 144 2089 149 2100
1504176600 145 2085 152 2094
1504176300 146 2088 152 2094
1504176000 143 2087 147 2093
1504175700 146 2092 147 2093
1504175400 144 2088 145 2091
1504175100 145 2087 148 2091
1504174800 146 2091 148 2093
1504174500 144 2087 146 2093
1504174200 146 2087 147 2093
1504173900 145 2090 147 2093
1504173600 144 2086 146 2087
1504173300 145 2084 146 2086
1504173000 144 2082 145 2082
1504172700 145 2091 148 2103
1504172400 145 2096 148 2103
1504172100 145 2087 148 2088
1504171800 146 2089 148 2093
1504171500 145 2088 147 2093
1504171200 146 2088 147 2095
1504170900 145 2089 146 2095
1504170600 146 2086 146 2090
1504170300 146 2090 148 2090
1504170000 145 2084 148 2090
1504169700 144 2085 147 2093
1504169400 144 2092 147 2093
1504169100 145 2088 151 2091
1504168800 147 2088 151 2092
1504168500 144 2088 145 2092
1504168200 144 2087 145 2091
1504167900 142 2085 144 2091
1504167600 146 2090 154 2105
1504167300 147 2093 154 2105
1504167000 144 2081 150 2083
1504166700 146 2090 150 2100
1504166400 143 2091 145 2100
1504166100 146 2085 149 2090
1504165800 145 2086 149 2090
1504165500 144 2086 148 2091
1504165200 145 2093 148 2097
1504164900 145 2087 150 2097
1504164600 147 2085 150 2096
1504164300 145 2089 145 2096
1504164000 145 2086 146 2092
1504163700 145 2089 146 2092
1504163400 145 2087 146 2090
1504163100 145 2090 146 2092
1504162800 145 2088 145 2092
1504162500 144 2083 145 2084
1504162200 146 2088 150 2094
1504161900 145 2090 150 2094
1504161600 147 2088 155 2092
1504161300 146 2089 155 2092
1504161000 142 2087 150 2087
1504160700 147 2090 150 2095
1504160400 142 2085 145 2095
1504160100 145 2085 151 2098
1504159800 145 2092 151 2098
1504159500 145 2089 153 2095
1504159200 147 2090 153 2095
1504158900 143 2083 145 2085
1504158600 145 2088 146 2097
1504158300 146 2093 147 2097
1504158000 144 2087 147 2090
1504157700 143 2089 145 2095
1504157400 143 2087 145 2095
1504157100 144 2052 147 2078
1504156800 1261 2237 2569 2489
1504156500 1834 1624 2569 2489
1504156200 598 429 972 609
1504155900 1640 859 3380 1611
1504155600 1896 967 3380 1611
1504155300 1676 847 3462 1594
1504155000 1961 979 3462 1594
1504154700 1646 858 3346 1562
1504154400 1886 956 3346 1562
1504154100 1689 875 3468 1615
1504153800 1944 969 3468 1615
1504153500 1625 799 3350 1490
1504153200 1994 996 3350 1490
1504152900 320 336 403 417
1504152600 1677 875 3384 1619
1504152300 1914 980 3384 1619
1504152000 1650 848 3364 1573
1504151700 1913 970 3364 1573
1504151400 1716 880 3484 1605
1504151100 1958 973 3484 1605
1504150800 1646 859 3384 1594
1504150500 1913 962 3384 1594
1504150200 1653 848 3376 1584
1504149900 1904 972 3376 1584
1504149600 1688 871 3462 1597
1504149300 1950 977 3462 1597
1504149000 1650 862 3382 1582
1504148700 1897 950 3382 1582
1504148400 1633 837 3370 1575
1504148100 1900 965 3370 1575
1504147800 212 264 257 282
1504147500 1658 864 3304 1549
1504147200 1855 932 3304 1549
1504146900 1657 848 3421 1600
1504146600 1929 981 3421 1600
1504146300 1711 881 3511 1618
1504146000 1975 985 3511 1618
1504145700 1647 860 3379 1587
1504145400 1895 953 3379 1587
1504145100 1628 841 3359 1583
1504144800 1895 971 3359 1583
1504144500 1662 868 3406 1589
1504144200 1921 974 3406 1589
1504143900 1645 859 3369 1571
1504143600 1893 945 3369 1571
1504143300 1641 845 3378 1591
1504143000 1901 967 3378 1591
1504142700 227 265 297 301
1504142400 1660 873 3261 1545
1504142100 1831 930 3261 1545
1504141800 1630 837 3364 1576
1504141500 1898 967 3364 1576
1504141200 1662 870 3403 1595
1504140900 1919 977 3403 1595
1504140600 1671 872 3425 1600
1504140300 1921 961 3425 1600
1504140000 1641 843 3384 1587
1504139700 1908 971 3384 1587
1504139400 1682 867 3451 1594
1504139100 1940 967 3451 1594
1504138800 168 233 168 233
1504138500 168 233 168 234
1504138200 168 234 169 235
1504137900 167 233 169 235
1504137600 167 233 171 236
1504137300 167 233 171 236
1504137000 167 234 171 238
1504136700 168 235 171 238
1504136400 167 233 170 235
1504136100 168 233 170 235
1504135800 167 233 169 235
1504135500 167 233 169 235
1504135200 167 233 170 236
1504134900 168 233 170 236
1504134600 168 234 172 239
1504134300 169 235 172 239
1504134000 168 233 171 236
1504133700 169 233 171 236
1504133400 167 232 168 236
1504133100 168 234 168 236
1504132800 168 234 168 236
1504132500 168 234 168 236
1504132200 168 233 168 235
1504131900 167 233 168 235
1504131600 167 233 170 236
1504131300 168 234 170 236
1504131000 167 233 169 235
1504130700 168 233 169 235
1504130400 167 233 169 235
1504130100 168 234 169 235
1504129800 168 234 169 236
1504129500 168 234 169 236
1504129200 168 234 171 236
1504128900 168 234 171 236
1504128600 167 234 170 237
1504128300 169 234 170 237
1504128000 852 980 1655 1860
1504127700 975 1113 1655 1860
1504127400 173 236 177 237
1504127100 3488 3553 7332 7397
1504126800 13143 13248 19965 20118
1504126500 15872 15984 19965 20118
1504126200 15710 15776 21160 21228
1504125900 21531 21597 21967 22032
1504125600 17670 17731 21967 22032
1504125300 13839 13154 15263 13708
1504125000 16459 14317 17865 15032
1504124700 17866 15033 17869 15035
1504124400 21902 19072 26637 23813
1504124100 32636 29809 39680 36849
1504123800 34751 34232 39680 36849
1504123500 28192 29553 28965 31162
1504123200 20244 20557 27285 27666
1504122900 11566 11723 11980 12212
1504122600 11077 11149 11080 11150
1504122300 14055 14129 17555 17628
1504122000 24601 24674 32873 32947
1504121700 36941 37031 41717 41826
1504121400 38254 38364 41717 41826
1504121100 38929 39017 44494 44553
1504120800 39677 39743 44494 44553
1504120500 39100 39297 45060 45401
1504120200 37639 38038 45060 45401
1504119900 22938 23217 28928 29395
1504119600 13656 13764 15908 15966
1504119300 6029 6147 11014 11180
1504119000 8008 8121 17201 17374
1504118700 20383 20510 24120 24192
1504118400 25081 25201 26211 26387
1504118100 25252 25421 26211 26387
1504117800 27613 27461 31706 31188
1504117500 42212 40686 54547 51837
1504117200 51630 50787 64278 61480
1504116000 3150 3251 13839 13882
1504114200 12243 12457 32444 32636
1504112400 11620 11833 12544 13614
1504110600 20914 21053 29877 29948
1504108800 18856 18941 38134 38366
1504107000 23239 23357 38134 38366
1504105200 15391 14973 28489 28562
1504103400 13541 13658 25277 25606
1504101600 25756 25879 41764 41909
1504099800 21507 21583 32881 32950
1504098000 9343 9404 20077 20129
1504096200 2978 3040 10570 10625
1504094400 178 233 179 236
1504092600 178 234 180 237
1504090800 178 234 180 237
1504089000 561 679 1911 2071
1504087200 177 234 181 237
1504085400 177 234 179 237
1504083600 177 234 180 237
1504081800 178 234 180 238
1504080000 178 234 180 237
1504078200 179 237 210 274
1504076400 181 237 210 274
1504074600 178 234 180 238
1504072800 177 234 180 238
1504071000 177 233 179 237
1504069200 178 234 179 238
1504067400 180 234 213 253
1504065600 180 236 213 253
1504063800 177 234 181 238
1504062000 177 234 181 239
1504060200 177 234 181 237
1504058400 178 234 181 239
1504056600 178 234 181 238
1504054800 178 234 181 238
1504053000 178 234 181 238
1504051200 177 234 181 238
1504049400 177 234 179 237
1504047600 177 233 182 240
1504045800 177 234 180 238
1504044000 178 234 182 238
1504042200 2494 2593 9461 9519
1504040400 1933 2293 4434 4641
1504038600 810 981 3748 4480
1504036800 1898 1960 7801 7889
1504035000 23386 24085 47274 50331
1504033200 16107 16215 42328 42411
1504031400 35891 34912 48060 42411
1504029600 16116 16211 23241 23402
1504027800 26391 26689 48588 48669
1504026000 696 755 2937 3008
1504024200 2036 2108 6647 6706
1504022400 12527 12591 37567 37650
1504020600 43708 43906 48981 49187
1504018800 12433 12531 40181 40239
1504017000 29483 29562 40181 40239
1504015200 14974 12435 27756 24922
1504013400 16530 14314 27399 26165
1504011600 14197 14434 19872 19994
1504009800 1177 1250 7668 7893
1504008000 177 234 181 238
1504006200 177 234 180 238
1504004400 179 235 185 241
1504002600 177 233 179 237
1504000800 181 235 197 246
1503999000 186 238 205 252
1503997200 183 236 196 248
1503995400 179 235 183 240
1503993600 177 233 180 237
1503991800 179 237 212 277
1503990000 181 238 212 277
1503988200 178 233 180 237
1503986400 177 233 180 239
1503984600 177 234 181 237
1503982800 178 234 181 238
1503981000 179 235 213 254
1503979200 180 235 213 254
1503977400 177 233 181 238
1503975600 178 233 180 238
1503973800 178 234 179 238
1503972000 178 234 180 238
1503970200 178 234 180 237
1503968400 177 235 181 238
1503966600 177 233 179 236
1503964800 178 234 180 237
1503963000 178 234 181 238
1503961200 178 234 184 238
1503959400 177 233 180 237
1503957600 178 234 186 239
1503955800 412 478 1585 1702
1503954000 2415 2471 12016 12073
1503952200 21735 21820 35748 35794
1503950400 13202 13451 20533 20578
1503948600 23155 23364 38631 38770
1503946800 20673 20788 28980 29362
1503945000 24913 25217 37159 38554
1503943200 12135 12203 26332 26463
1503941400 16856 16926 27496 27629
1503939600 10926 10991 34039 34072
1503937800 22500 22604 34039 34072
1503936000 6141 5966 13743 13971
1503934200 24767 18561 48253 27356
1503932400 23114 20627 35022 32194
1503930600 18839 18759 45165 45320
1503928800 9114 8277 16020 14576
1503927000 3440 1697 11479 6926
1503925200 13603 13675 22104 22170
1503923400 10523 10582 18913 19009
1503921600 178 234 181 237
1503919800 177 234 181 237
1503918000 178 234 180 237
1503916200 177 234 181 237
1503914400 178 234 180 236
1503912600 177 235 180 236
1503910800 178 234 180 236
1503909000 177 234 180 236
1503907200 177 234 180 237
1503905400 180 238 213 278
1503903600 181 238 213 278
1503901800 177 234 180 236
1503900000 177 234 180 237
1503898200 178 234 180 237
1503896400 177 233 180 236
1503894600 179 235 213 255
1503892800 180 236 213 255
1503891000 177 234 179 236
1503889200 177 234 180 237
1503887400 177 234 180 236
1503885600 178 235 180 237
1503883800 178 234 180 237
1503882000 178 234 181 238
1503880200 177 234 179 238
1503878400 177 234 179 236
1503876600 178 234 181 237
1503874800 177 234 179 236
1503873000 177 234 180 236
1503871200 178 234 181 237
1503869400 178 235 180 236
1503867600 177 234 179 236
1503865800 178 234 180 236
1503864000 5899 5978 11080 11138
1503862200 178 233 178 237
1503860400 178 234 179 237
1503858600 177 234 180 237
1503856800 185 235 212 248
1503855000 185 235 212 248
1503853200 182 235 212 247
1503851400 177 233 180 237
1503849600 182 236 211 247
1503847800 182 234 211 246
1503846000 178 235 181 237
1503844200 178 234 180 237
1503842400 178 234 179 236
1503840600 177 234 180 236
1503838800 178 235 180 236
1503837000 177 233 180 236
1503835200 178 234 180 236
1503833400 177 233 180 236
1503831600 178 234 179 236
1503829800 177 234 180 236
1503828000 178 234 180 237
1503826200 177 233 180 236
1503824400 178 234 179 237
1503822600 177 234 180 237
1503820800 178 234 181 237
1503819000 180 237 210 276
1503817200 180 237 210 276
1503815400 178 234 180 236
1503813600 177 233 180 237
1503811800 177 234 180 236
1503810000 177 234 180 238
1503808200 180 235 214 257
1503806400 180 236 214 257
1503804600 178 234 180 237
1503802800 178 234 180 236
1503801000 177 233 180 238
1503799200 178 234 180 238
1503797400 177 234 180 238
1503795600 177 235 180 238
1503793800 177 234 180 238
1503792000 178 234 180 238
1503790200 178 234 181 239
1503788400 177 233 181 239
1503786600 178 234 180 238
1503784800 177 234 180 238
1503783000 178 234 180 238
1503781200 177 234 181 238
1503779400 177 234 180 237
1503777600 177 233 179 237
1503775800 178 233 180 239
1503774000 178 234 179 238
1503772200 177 233 179 238
1503770400 178 234 179 238
1503768600 178 235 182 238
1503766800 177 234 179 238
1503765000 178 234 180 239
1503763200 178 234 181 238
1503761400 177 234 181 238
1503759600 178 234 181 238
1503757800 178 234 179 237
1503756000 177 234 180 237
1503754200 177 234 180 238
1503752400 177 234 180 237
1503750600 178 234 180 237
1503748800 177 234 180 238
1503747000 178 234 181 239
1503745200 176 233 181 239
1503743400 177 234 180 238
1503741600 178 234 181 238
1503739800 177 234 181 238
1503738000 177 234 180 238
1503736200 177 234 181 238
1503734400 177 233 180 238
1503732600 180 238 214 279
1503730800 180 236 214 279
1503729000 177 234 181 238
1503727200 178 234 181 238
1503725400 177 234 180 238
1503723600 178 234 180 237
1503721800 179 235 214 259
1503720000 181 236 214 259
1503718200 177 234 180 237
1503716400 177 234 180 237
1503714600 177 233 180 237
1503712800 178 234 182 239
1503711000 178 234 181 238
1503709200 177 234 181 238
1503707400 178 234 182 239
1503705600 178 234 182 240
1503703800 177 234 182 240
1503702000 177 234 181 238
1503700200 178 235 180 238
1503698400 8578 8656 11080 11139
1503696600 779 842 5415 5496
1503694800 2424 2485 10840 10896
1503693000 742 801 6311 6421
1503691200 22604 20118 43799 31452
1503689400 18762 18886 31601 31775
1503687600 14953 15174 25033 25151
1503685800 7004 6756 35797 35893
1503684000 32978 33113 39007 39105
1503682200 10913 11096 20851 20960
1503680400 22153 22224 47758 47816
1503678600 41768 41891 60397 60533
1503676800 50389 50429 67619 67697
1503675000 46655 44699 64041 61229
1503673200 43883 44063 54729 54856
1503671400 25161 24168 41079 41263
1503669600 26069 24845 35312 34780
1503667800 27400 27505 33541 33755
1503666000 6664 6747 14082 14380
1503664200 178 234 182 239
1503662400 177 233 181 238
1503660600 177 234 181 240
1503658800 177 234 181 240
1503657000 177 234 181 240
1503655200 177 234 182 239
1503653400 178 234 181 239
1503651600 177 234 181 239
1503649800 177 234 181 239
1503648000 177 234 180 239
1503646200 180 237 213 279
1503644400 180 237 213 279
1503642600 177 234 181 240
1503640800 178 234 182 240
1503639000 178 234 181 240
1503637200 177 234 181 239
1503635400 180 235 215 258
1503633600 180 236 215 258
1503631800 177 233 180 239
1503630000 177 234 180 239
1503628200 178 233 180 238
1503626400 177 234 181 238
1503624600 177 234 181 239
1503622800 178 234 181 239
1503621000 178 234 181 239
1503619200 177 233 181 238
1503617400 178 234 183 239
1503615600 178 234 182 239
1503613800 177 234 181 239
1503612000 178 234 180 238
1503610200 529 593 1842 1942
1503608400 18198 18275 27151 27221
1503606600 41175 41266 56830 56974
1503604800 39378 39146 56830 56974
1503603000 42529 40021 49402 47273
1503601200 23272 23365 31285 31422
1503599400 38408 38666 48756 48962
1503597600 20136 20249 21110 21199
1503595800 13796 14034 21047 21199
1503594000 28888 29009 33378 33518
1503592200 30342 30494 32876 32995
1503590400 29598 29731 35166 35409
1503588600 36722 36912 38702 38824
1503586800 45825 45779 48075 47977
1503585000 50285 45582 50647 47977
1503583200 37032 36713 50647 45191
1503581400 24098 24164 35723 35898
1503579600 5237 4753 5367 4856
1503577800 2963 2975 2963 2975
1503576000 727 775 2963 2975
1503574200 178 235 179 235
1503572400 178 235 179 235
1503570600 178 235 178 235
1503568800 178 235 178 235
1503567000 178 235 178 235
1503565200 178 235 179 235
1503563400 179 235 179 235
1503561600 179 235 179 235
1503559800 179 237 182 240
1503558000 182 240 182 240
1503556200 180 236 182 240
1503554400 180 236 180 236
1503552600 180 236 180 237
1503550800 180 236 180 237
1503549000 180 236 186 240
1503547200 182 237 186 240
1503545400 180 236 180 236
1503543600 180 236 181 236
1503541800 179 236 181 238
1503540000 179 236 180 238
1503538200 180 236 181 237
1503536400 179 235 180 237
1503534600 180 236 181 237
1503532800 179 235 181 237
1503531000 180 236 180 237
1503529200 179 236 182 238
1503527400 179 235 180 237
1503525600 1509 1593 5441 5632
1503523800 7948 8020 11111 11167
1503522000 1580 1641 8068 8144
1503520200 10947 11003 23601 23658
1503518400 25240 25361 37780 38157
1503516600 33139 33306 45673 45759
1503514800 18486 18714 28610 28798
1503513000 31865 31970 40079 40151
1503511200 1951 1950 12708 12994
1503509400 11144 10002 26536 26662
1503507600 24728 24789 31187 31213
1503505800 34243 34320 43779 43836
1503504000 35809 35950 45000 45174
1503502200 51397 51584 65359 65427
1503500400 45805 45947 78041 78517
1503498600 21176 21273 37811 37933
1503496800 18357 18450 21983 22053
1503495000 12446 11759 16288 16451
1503493200 593 363 8324 1966
1503491400 2363 2418 11083 11141
1503489600 1780 1869 7893 8126
1503487800 179 235 181 239
1503486000 178 234 182 240
1503484200 179 236 184 242
1503482400 178 235 181 238
1503480600 178 235 182 241
1503478800 178 235 181 239
1503477000 178 234 183 240
1503475200 179 235 183 240
1503473400 183 241 213 278
1503471600 180 236 213 278
1503469800 178 234 183 240
1503468000 178 234 182 239
1503466200 179 235 181 241
1503464400 178 234 183 241
1503462600 182 237 216 260
1503460800 179 235 216 260
1503459000 178 235 182 239
1503457200 178 234 181 239
1503455400 178 236 183 239
1503453600 178 235 183 239
1503451800 179 235 181 240
1503450000 179 235 182 239
1503448200 178 235 182 239
1503446400 179 235 181 239
1503444600 179 235 182 239
1503442800 1156 1214 6044 6111
1503441000 178 235 182 239
1503439200 178 234 183 238
1503437400 2440 2546 12713 13014
1503435600 11489 11573 27454 27514
1503433800 31077 30207 41392 36743
1503432000 12852 12956 20550 20622
1503430200 19492 19675 24238 24286
1503428400 22123 22191 33004 33003
1503426600 32658 32839 46604 46880
1503424800 16649 16738 21987 22065
1503423000 21644 21758 24864 25100
1503421200 9981 10053 19400 19458
1503419400 2201 1988 11138 11207
1503417600 28208 23771 43887 44087
1503415800 15847 4655 47263 29190
1503414000 22745 22169 47263 36552
1503412200 12898 13083 15750 15808
1503410400 27728 27835 38379 38508
1503408600 36253 36376 48686 48992
1503406800 31924 32079 48686 48992
1503405000 1081 1158 16501 16800
1503403200 179 236 181 239
1503401400 179 235 182 238
1503399600 179 236 182 238
1503397800 179 236 182 238
1503396000 179 235 181 238
1503394200 179 235 182 238
1503392400 179 235 182 238
1503390600 179 235 181 238
1503388800 179 236 182 239
1503387000 183 241 213 278
1503385200 181 238 213 278
1503383400 179 235 182 239
1503381600 179 235 191 238
1503379800 178 235 182 240
1503378000 179 236 182 239
1503376200 183 238 213 257
1503374400 181 237 213 257
1503372600 179 235 181 238
1503370800 179 236 181 238
1503369000 179 235 181 238
1503367200 179 235 181 238
1503365400 179 235 180 239
1503363600 179 235 181 241
1503361800 179 235 182 238
1503360000 179 235 181 240
1503358200 180 236 185 240
1503356400 179 236 181 239
1503354600 179 235 182 239
1503352800 1680 1809 5935 6097
1503351000 423 526 1647 1987
1503349200 6247 6347 18201 18367
1503347400 14683 14833 24093 24371
1503345600 17878 17998 26200 26268
1503343800 23541 23661 27270 27354
1503342000 15893 15963 21979 22046
1503340200 16219 16296 22581 22644
1503338400 16345 16497 27130 27192
1503336600 5915 6055 20232 20346
1503334800 2558 2674 11867 12515
1503333000 6778 6850 19229 19291
1503331200 12364 12163 23606 21033
1503329400 17433 15768 23947 22708
1503327600 24036 24150 29799 29918
1503325800 19959 18189 27928 25141
1503324000 3953 4038 14616 13847
1503322200 139 234 139 234
1503320400 139 234 139 234
1503318600 139 234 139 234
1503316800 139 234 139 234
1503315000 139 234 139 234
1503313200 139 234 139 234
1503311400 139 234 139 234
1503309600 139 234 139 234
1503307800 139 234 139 234
1503306000 139 234 139 234
1503304200 139 234 139 234
1503302400 139 234 139 234
1503300600 139 234 139 234
1503298800 139 234 139 234
1503297000 139 234 139 234
1503295200 139 234 139 234
1503293400 139 234 139 234
1503291600 139 234 139 234
1503289800 139 234 139 234
1503288000 139 234 139 234
1503286200 139 234 139 234
1503284400 139 234 139 234
1503282600 139 234 139 234
1503280800 139 234 139 234
1503279000 139 234 139 234
1503277200 139 234 139 234
1503275400 139 234 139 234
1503273600 139 234 139 234
1503271800 139 234 139 234
1503270000 139 234 139 234
1503268200 139 234 139 234
1503266400 139 234 139 234
1503264600 139 234 139 234
1503262800 139 234 139 234
1503261000 139 234 139 234
1503259200 139 234 139 234
1503257400 139 234 139 234
1503255600 139 234 139 234
1503253800 139 234 139 234
1503252000 139 234 139 234
1503250200 139 234 139 234
1503248400 139 234 139 234
1503246600 139 234 139 234
1503244800 139 234 139 234
1503243000 139 234 139 234
1503241200 139 234 139 234
1503239400 139 234 139 234
1503237600 139 234 139 234
1503235800 139 234 139 234
1503234000 139 234 139 234
1503232200 139 234 139 234
1503230400 139 234 139 234
1503228600 139 234 139 234
1503226800 139 234 139 234
1503225000 139 234 139 234
1503223200 139 234 139 234
1503221400 139 234 139 234
1503219600 139 234 139 234
1503217800 139 234 139 234
1503216000 139 234 139 234
1503214200 139 234 139 234
1503212400 139 234 139 234
1503210600 139 234 139 234
1503208800 139 234 139 234
1503207000 139 234 139 234
1503205200 139 234 139 234
1503203400 139 234 139 234
1503201600 139 234 139 234
1503199800 139 234 139 234
1503198000 139 234 139 234
1503196200 139 234 139 234
1503194400 139 234 139 234
1503192600 139 234 139 234
1503190800 139 234 139 234
1503189000 139 234 139 234
1503187200 139 234 139 234
1503185400 139 234 139 234
1503183600 139 234 139 234
1503181800 139 234 139 234
1503180000 139 234 139 234
1503178200 139 234 139 234
1503176400 139 234 139 234
1503174600 139 234 139 234
1503172800 139 234 139 234
1503171000 139 234 139 234
1503169200 139 234 139 234
1503167400 139 234 139 234
1503165600 139 234 139 234
1503163800 139 234 139 234
1503162000 139 234 139 234
1503160200 139 234 139 234
1503158400 139 234 139 234
1503156600 139 234 139 234
1503154800 139 234 139 234
1503153000 139 234 139 234
1503151200 139 234 139 234
1503149400 139 234 139 234
1503147600 139 234 139 234
1503145800 139 234 139 234
1503144000 139 234 139 234
1503142200 139 234 139 234
1503140400 139 234 139 234
1503138600 139 234 139 234
1503136800 139 234 139 234
1503135000 139 234 139 234
1503133200 139 234 139 234
1503131400 139 234 139 234
1503129600 139 234 139 234
1503127800 139 234 139 234
1503126000 139 234 139 234
1503124200 139 234 139 234
1503122400 139 234 139 234
1503120600 139 234 139 234
1503118800 139 234 139 234
1503117000 139 234 139 234
1503115200 139 234 139 234
1503113400 139 234 139 234
1503111600 139 234 139 234
1503109800 139 234 139 234
1503108000 139 234 139 234
1503106200 139 234 139 234
1503104400 139 234 139 234
1503102600 139 234 139 234
1503100800 139 234 139 234
1503099000 139 234 139 234
1503097200 139 234 139 234
1503095400 139 234 139 234
1503093600 139 234 139 234
1503091800 139 234 139 234
1503090000 139 234 139 234
1503088200 139 234 139 234
1503086400 139 234 139 234
1503084600 139 234 139 234
1503082800 139 234 139 234
1503081000 139 234 139 234
1503079200 139 234 139 234
1503077400 139 234 139 234
1503075600 139 234 139 234
1503073800 139 234 139 234
1503072000 139 234 139 234
1503070200 139 234 139 234
1503068400 139 234 139 234
1503066600 139 234 139 234
1503064800 139 234 139 234
1503063000 139 234 139 234
1503061200 139 234 139 234
1503059400 139 234 139 234
1503057600 139 234 139 234
1503055800 139 234 139 234
1503054000 139 234 139 234
1503052200 139 234 139 234
1503050400 139 234 139 234
1503048600 139 234 139 234
1503046800 139 234 139 234
1503045000 139 234 139 234
1503043200 139 234 139 234
1503041400 139 234 139 234
1503039600 139 234 139 234
1503037800 139 234 139 234
1503036000 139 234 139 234
1503028800 139 234 139 234
1503021600 139 234 139 234
1503014400 139 234 139 234
1503007200 139 234 139 234
1503000000 139 234 139 234
1502992800 139 234 139 234
1502985600 139 234 139 234
1502978400 139 234 139 234
1502971200 139 234 139 234
1502964000 139 234 139 234
1502956800 139 234 139 234
1502949600 139 234 139 234
1502942400 139 234 139 234
1502935200 139 234 139 234
1502928000 139 234 139 234
1502920800 139 234 139 234
1502913600 139 234 139 234
1502906400 139 234 139 234
1502899200 139 234 139 234
1502892000 139 234 139 234
1502884800 139 234 139 234
1502877600 139 234 139 234
1502870400 139 234 139 234
1502863200 139 234 139 234
1502856000 139 234 139 234
1502848800 139 234 139 234
1502841600 139 234 139 234
1502834400 139 234 139 234
1502827200 139 234 139 234
1502820000 139 234 139 234
1502812800 139 234 139 234
1502805600 139 234 139 234
1502798400 139 234 139 234
1502791200 139 234 139 234
1502784000 139 234 139 234
1502776800 139 234 139 234
1502769600 139 234 139 234
1502762400 139 234 139 234
1502755200 139 234 139 234
1502748000 139 234 139 234
1502740800 139 234 139 234
1502733600 139 234 139 234
1502726400 139 234 139 234
1502719200 139 234 139 234
1502712000 139 234 139 234
1502704800 139 234 139 234
1502697600 139 234 139 234
1502690400 139 234 139 234
1502683200 139 234 139 234
1502676000 139 234 139 234
1502668800 139 234 139 234
1502661600 139 234 139 234
1502654400 139 234 139 234
1502647200 139 234 139 234
1502640000 139 234 139 234
1502632800 139 234 139 234
1502625600 139 234 139 234
1502618400 139 234 139 234
1502611200 139 234 139 234
1502604000 139 234 139 234
1502596800 139 234 139 234
1502589600 139 234 139 234
1502582400 139 234 139 234
1502575200 139 234 139 234
1502568000 139 234 139 234
1502560800 139 234 139 234
1502553600 139 234 139 234
1502546400 139 234 139 234
1502539200 139 234 139 234
1502532000 139 234 139 234
1502524800 139 234 139 234
1502517600 139 234 139 234
1502510400 139 234 139 234
1502503200 139 234 139 234
1502496000 139 234 139 234
1502488800 139 234 139 234
1502481600 139 234 139 234
1502474400 139 234 139 234
1502467200 139 234 139 234
1502460000 139 234 139 234
1502452800 139 234 139 234
1502445600 139 234 139 234
1502438400 139 234 139 234
1502431200 139 234 139 234
1502424000 139 234 139 234
1502416800 139 234 139 234
1502409600 139 234 139 234
1502402400 139 234 139 234
1502395200 139 234 139 234
1502388000 139 234 139 234
1502380800 139 234 139 234
1502373600 139 234 139 234
1502366400 139 234 139 234
1502359200 139 234 139 234
1502352000 139 234 139 234
1502344800 139 234 139 234
1502337600 139 234 139 234
1502330400 139 234 139 234
1502323200 139 234 139 234
1502316000 139 234 139 234
1502308800 139 234 139 234
1502301600 139 234 139 234
1502294400 139 234 139 234
1502287200 139 234 139 234
1502280000 139 234 139 234
1502272800 139 234 139 234
1502265600 139 234 139 234
1502258400 139 234 139 234
1502251200 139 234 139 234
1502244000 139 234 139 234
1502236800 139 234 139 234
1502229600 139 234 139 234
1502222400 139 234 139 234
1502215200 139 234 139 234
1502208000 139 234 139 234
1502200800 139 234 139 234
1502193600 139 234 139 234
1502186400 139 234 139 234
1502179200 139 234 139 234
1502172000 139 234 139 234
1502164800 139 234 139 234
1502157600 139 234 139 234
1502150400 139 234 139 234
1502143200 139 234 139 234
1502136000 139 234 139 234
1502128800 139 234 139 234
1502121600 139 234 139 234
1502114400 139 234 139 234
1502107200 139 234 139 234
1502100000 139 234 139 234
1502092800 139 234 139 234
1502085600 139 234 139 234
1502078400 139 234 139 234
1502071200 139 234 139 234
1502064000 139 234 139 234
1502056800 139 234 139 234
1502049600 139 234 139 234
1502042400 139 234 139 234
1502035200 139 234 139 234
1502028000 139 234 139 234
1502020800 139 234 139 234
1502013600 139 234 139 234
1502006400 139 234 139 234
1501999200 139 234 139 234
1501992000 139 234 139 234
1501984800 139 234 139 234
1501977600 139 234 139 234
1501970400 139 234 139 234
1501963200 139 234 139 234
1501956000 139 234 139 234
1501948800 139 234 139 234
1501941600 139 234 139 234
1501934400 139 234 139 234
1501927200 139 234 139 234
1501920000 139 234 139 234
1501912800 139 234 139 234
1501905600 139 234 139 234
1501898400 139 234 139 234
1501891200 139 234 139 234
1501884000 139 234 139 234
1501876800 139 234 139 234
1501869600 139 234 139 234
1501862400 139 234 139 234
1501855200 139 234 139 234
1501848000 139 234 139 234
1501840800 139 234 139 234
1501833600 139 234 139 234
1501826400 139 234 139 234
1501819200 139 234 139 234
1501812000 139 234 139 234
1501804800 139 234 139 234
1501797600 139 234 139 234
1501790400 139 234 139 234
1501783200 139 234 139 234
1501776000 139 234 139 234
1501768800 139 234 139 234
1501761600 139 234 139 234
1501754400 139 234 139 234
1501747200 139 234 139 234
1501740000 139 234 139 234
1501732800 139 234 139 234
1501725600 139 234 139 234
1501718400 139 234 139 234
1501711200 139 234 139 234
1501704000 139 234 139 234
1501696800 139 234 139 234
1501689600 139 234 139 234
1501682400 139 234 139 234
1501675200 139 234 139 234
1501668000 139 234 139 234
1501660800 139 234 139 234
1501653600 139 234 139 234
1501646400 139 234 139 234
1501639200 139 234 139 234
1501632000 139 234 139 234
1501624800 139 234 139 234
1501617600 139 234 139 234
1501610400 139 234 139 234
1501603200 139 234 139 234
1501596000 139 234 139 234
1501588800 139 234 139 234
1501581600 139 234 139 234
1501574400 139 234 139 234
1501567200 139 234 139 234
1501560000 139 234 139 234
1501552800 139 234 139 234
1501545600 139 234 139 234
1501538400 139 234 139 234
1501531200 139 234 139 234
1501524000 139 234 139 234
1501516800 139 234 139 234
1501509600 139 234 139 234
1501502400 139 234 139 234
1501495200 139 234 139 234
1501488000 139 234 139 234
1501480800 139 234 139 234
1501473600 139 234 139 234
1501466400 139 234 139 234
1501459200 139 234 139 234
1501452000 139 234 139 234
1501444800 139 234 139 234
1501437600 139 234 139 234
1501430400 139 234 139 234
1501423200 139 234 139 234
1501416000 139 234 139 234
1501408800 139 234 139 234
1501401600 139 234 139 234
1501394400 139 234 139 234
1501387200 139 234 139 234
1501380000 139 234 139 234
1501372800 139 234 139 234
1501365600 139 234 139 234
1501358400 139 234 139 234
1501351200 139 234 139 234
1501344000 139 234 139 234
1501336800 139 234 139 234
1501329600 139 234 139 234
1501322400 139 234 139 234
1501315200 139 234 139 234
1501308000 139 234 139 234
1501300800 139 234 139 234
1501293600 139 234 139 234
1501286400 139 234 139 234
1501279200 139 234 139 234
1501272000 139 234 139 234
1501264800 139 234 139 234
1501257600 139 234 139 234
1501250400 139 234 139 234
1501243200 139 234 139 234
1501236000 139 234 139 234
1501228800 139 234 139 234
1501221600 139 234 139 234
1501214400 139 234 139 234
1501207200 139 234 139 234
1501200000 139 234 139 234
1501192800 139 234 139 234
1501185600 139 234 139 234
1501178400 139 234 139 234
1501171200 139 234 139 234
1501164000 139 234 139 234
1501156800 139 234 139 234
1501149600 139 234 139 234
1501142400 139 234 139 234
1501135200 139 234 139 234
1501128000 139 234 139 234
1501120800 139 234 139 234
1501113600 139 234 139 234
1501106400 139 234 139 234
1501099200 139 234 139 234
1501092000 139 234 139 234
1501084800 139 234 139 234
1501077600 139 234 139 234
1501070400 139 234 139 234
1501063200 139 234 139 234
1501056000 139 234 139 234
1501048800 139 234 139 234
1501041600 139 234 139 234
1501034400 139 234 139 234
1501027200 139 234 139 234
1501020000 139 234 139 234
1501012800 139 234 139 234
1501005600 139 234 139 234
1500998400 139 234 139 234
1500991200 139 234 139 234
1500984000 139 234 139 234
1500976800 139 234 139 234
1500969600 139 234 139 234
1500962400 139 234 139 234
1500955200 139 234 139 234
1500948000 139 234 139 234
1500940800 139 234 139 234
1500933600 139 234 139 234
1500926400 139 234 139 234
1500919200 139 234 139 234
1500912000 139 234 139 234
1500904800 139 234 139 234
1500897600 139 234 139 234
1500890400 139 234 139 234
1500883200 139 234 139 234
1500876000 139 234 139 234
1500868800 139 234 139 234
1500861600 139 234 139 234
1500854400 139 234 139 234
1500847200 139 234 139 234
1500840000 139 234 139 234
1500832800 139 234 139 234
1500825600 139 234 139 234
1500818400 139 234 139 234
1500811200 139 234 139 234
1500804000 139 234 139 234
1500796800 139 234 139 234
1500789600 139 234 139 234
1500782400 139 234 139 234
1500775200 139 234 139 234
1500768000 139 234 139 234
1500760800 139 234 139 234
1500753600 139 234 139 234
1500746400 139 234 139 234
1500739200 139 234 139 234
1500732000 139 234 139 234
1500724800 139 234 139 234
1500717600 139 234 140 235
1500710400 140 236 142 238
1500703200 139 235 146 239
1500696000 141 235 146 239
1500688800 140 235 141 236
1500681600 139 234 141 235
1500674400 4760 4865 18101 18251
1500667200 11756 11877 19554 19703
1500660000 5748 5840 21940 22036
1500652800 23490 23663 36434 36844
1500645600 4093 4210 12628 12811
1500638400 252 345 6305 6395
1500631200 139 233 142 236
1500624000 140 235 174 276
1500616800 140 234 174 254
1500609600 139 233 174 254
1500602400 139 233 141 236
1500595200 138 233 141 236
1500588000 3621 3759 14997 16193
1500580800 26566 26365 43747 43849
1500573600 14673 14761 37958 38173
1500566400 24074 23728 43273 43181
1500559200 12270 12398 37785 37933
1500552000 141 234 176 254
1500544800 138 233 141 236
1500537600 140 235 175 280
1500530400 139 233 174 257
1500523200 139 233 174 257
1500516000 138 233 141 235
1500508800 138 233 141 236
1500501600 8462 7653 27040 24248
1500494400 18762 18329 30998 28263
1500487200 7130 7238 24634 24742
1500480000 41115 41305 66580 66786
1500472800 17555 17265 73897 74027
1500465600 140 234 140 234
1500458400 140 234 140 234
1500451200 140 234 140 234
1500444000 140 234 140 234
1500436800 140 234 140 234
1500429600 140 234 140 234
1500422400 140 234 140 234
1500415200 140 234 140 234
1500408000 140 234 140 234
1500400800 140 234 140 234
1500393600 140 234 140 234
1500386400 140 234 140 234
1500379200 140 234 140 234
1500372000 140 234 140 234
1500364800 140 234 140 234
1500357600 140 234 140 234
1500350400 140 234 140 234
1500343200 140 234 140 234
1500336000 140 234 140 234
1500328800 140 234 140 234
1500321600 140 234 140 234
1500314400 140 234 140 234
1500307200 140 234 140 234
1500300000 140 234 140 234
1500292800 140 234 140 234
1500285600 140 234 140 234
1500278400 140 234 140 234
1500271200 140 234 140 234
1500264000 140 234 140 234
1500256800 140 234 140 234
1500249600 140 234 140 234
1500242400 140 234 140 234
1500235200 140 234 140 234
1500228000 140 234 140 234
1500220800 140 234 140 234
1500213600 140 234 140 234
1500206400 140 234 140 234
1500199200 140 234 140 234
1500192000 140 234 140 234
1500184800 140 234 140 234
1500177600 140 234 140 234
1500170400 140 234 140 234
1500163200 140 234 140 234
1500156000 140 234 140 234
1500148800 140 234 140 234
1500141600 140 234 140 234
1500134400 140 234 140 234
1500127200 140 234 140 234
1500120000 140 234 140 234
1500112800 140 234 140 234
1500105600 140 234 140 234
1500098400 140 234 140 234
1500091200 140 234 140 234
1500084000 140 234 140 234
1500076800 140 234 140 234
1500069600 140 234 140 234
1500062400 140 234 140 234
1500055200 140 234 140 234
1500048000 140 234 140 234
1500040800 140 234 140 234
1500033600 140 234 140 234
1500026400 140 234 140 234
1500019200 140 234 140 234
1500012000 140 234 140 234
1500004800 140 234 140 234
1499997600 140 234 140 234
1499990400 140 234 140 234
1499983200 140 234 140 234
1499976000 140 234 140 234
1499968800 140 234 140 234
1499961600 140 234 140 234
1499954400 140 234 140 234
1499947200 140 234 140 234
1499940000 140 234 140 234
1499932800 140 234 140 234
1499925600 140 234 140 234
1499918400 140 234 140 234
1499911200 140 234 140 234
1499904000 140 234 140 234
1499896800 140 234 140 234
1499889600 140 234 140 234
1499882400 140 234 140 234
1499875200 140 234 140 234
1499868000 140 234 140 234
1499860800 140 234 140 234
1499853600 140 234 140 234
1499846400 140 234 140 234
1499839200 140 234 140 234
1499832000 140 234 140 234
1499824800 140 234 140 234
1499817600 140 234 140 234
1499810400 140 234 140 234
1499803200 140 234 140 234
1499796000 140 234 140 234
1499788800 140 234 140 234
1499781600 140 234 140 234
1499774400 140 234 140 234
1499767200 140 234 140 234
1499760000 140 234 140 234
1499752800 140 234 140 234
1499745600 140 234 140 234
1499738400 140 234 140 234
1499731200 140 234 140 234
1499724000 140 234 140 234
1499716800 140 234 140 234
1499709600 140 234 140 234
1499702400 140 234 140 234
1499695200 140 234 140 234
1499688000 140 234 140 234
1499680800 140 234 140 234
1499673600 140 234 140 234
1499666400 140 234 140 234
1499659200 140 234 140 234
1499652000 140 234 140 234
1499644800 140 234 140 234
1499637600 140 234 140 234
1499630400 140 234 140 234
1499623200 140 234 140 234
1499616000 140 234 140 234
1499608800 140 234 140 234
1499601600 140 234 140 234
1499594400 140 234 140 234
1499587200 140 234 140 234
1499580000 140 234 140 234
1499572800 140 234 140 234
1499565600 140 234 140 234
1499558400 140 234 140 234
1499551200 140 234 140 234
1499544000 140 234 140 234
1499536800 140 234 140 234
1499529600 140 234 140 234
1499522400 140 234 140 234
1499515200 140 234 140 234
1499508000 140 234 140 234
1499500800 140 234 140 234
1499493600 140 234 140 234
1499486400 140 234 140 234
1499479200 140 234 140 234
1499472000 140 234 140 234
1499464800 140 234 140 234
1499457600 140 234 140 234
1499450400 140 234 140 234
1499443200 140 234 140 234
1499436000 140 234 140 234
1499428800 140 234 140 234
1499421600 140 234 140 234
1499414400 140 234 140 234
1499407200 140 234 140 234
1499400000 140 234 140 234
1499392800 140 234 140 234
1499385600 140 234 140 234
1499378400 140 234 140 234
1499371200 140 234 140 234
1499364000 140 234 140 234
1499356800 140 234 140 234
1499349600 140 234 140 234
1499342400 140 234 140 234
1499335200 140 234 140 234
1499328000 140 234 140 234
1499320800 140 234 140 234
1499313600 140 234 140 234
1499306400 140 234 140 234
1499299200 140 234 140 234
1499292000 140 234 140 234
1499284800 140 234 140 234
1499277600 140 234 140 234
1499270400 140 234 140 234
1499263200 140 234 140 234
1499256000 140 234 140 234
1499248800 140 234 140 234
1499241600 140 234 140 234
1499234400 140 234 140 234
1499227200 140 234 140 234
1499220000 140 234 140 234
1499212800 140 234 140 234
1499205600 140 234 140 234
1499198400 140 234 140 234
1499191200 140 234 140 234
1499184000 140 234 140 234
1499176800 140 234 140 234
1499169600 140 234 140 234
1499162400 140 234 140 234
1499155200 140 234 140 234
1499148000 140 234 140 234
1499140800 140 234 140 234
1499133600 140 234 140 234
1499126400 140 234 140 234
1499119200 140 234 140 234
1499112000 140 234 140 234
1499104800 140 234 140 234
1499097600 140 234 140 234
1499090400 140 234 140 234
1499083200 140 234 140 234
1499076000 140 234 140 234
1499068800 140 234 140 234
1499061600 140 234 140 234
1499054400 140 234 140 234
1499047200 140 234 140 234
1499040000 140 234 140 234
1499032800 140 234 140 234
1499025600 140 234 140 234
1499018400 140 234 140 234
1499011200 140 234 140 234
1499004000 140 234 140 234
1498996800 140 234 140 234
1498989600 140 234 140 234
1498982400 140 234 140 234
1498975200 140 234 140 234
1498968000 140 234 140 234
1498960800 140 234 140 234
1498953600 140 234 140 234
1498946400 140 234 140 234
1498939200 140 234 140 234
1498932000 140 234 140 234
1498924800 140 234 140 234
1498917600 140 234 140 234
1498910400 140 234 140 234
1498903200 140 234 140 234
1498896000 140 234 140 234
1498888800 140 234 140 234
1498881600 140 234 140 234
1498874400 140 234 140 234
1498867200 140 234 140 234
1498860000 140 234 140 234
1498852800 140 234 140 234
1498845600 140 234 140 234
1498838400 140 234 140 234
1498831200 140 234 140 234
1498824000 140 234 140 234
1498816800 140 234 140 234
1498809600 140 234 140 234
1498802400 140 234 140 234
1498795200 140 234 140 234
1498788000 140 234 140 234
1498780800 140 234 140 234
1498773600 140 234 140 234
1498766400 140 234 140 234
1498759200 140 234 140 234
1498752000 140 234 140 234
1498744800 140 234 140 234
1498737600 140 234 140 234
1498730400 140 234 140 234
1498723200 140 234 140 234
1498716000 140 234 140 234
1498694400 140 234 140 234
1498608000 140 234 140 234
1498521600 140 234 140 234
1498435200 140 234 140 234
1498348800 140 234 140 234
1498262400 140 234 140 234
1498176000 140 234 140 234
1498089600 140 234 140 234
1498003200 140 234 140 234
1497916800 140 234 140 234
1497830400 140 234 140 234
1497744000 139 233 172 256
1497657600 7510 7592 56631 57044
1497571200 9840 9963 76079 76313
1497484800 140 234 140 234
1497398400 140 234 140 234
1497312000 140 234 140 234
1497225600 139 233 174 270
1497139200 139 233 175 276
1497052800 4763 4859 40576 40679
1496966400 6846 6873 58366 58508
1496880000 6511 6593 61810 61989
1496793600 7720 7755 56715 56935
1496707200 5159 5086 55081 30762
1496620800 136 231 175 270
1496534400 136 230 170 273
1496448000 8379 8490 87222 87350
1496361600 8837 8620 62842 56675
1496275200 8223 8229 74552 74853
1496188800 8253 8286 76477 76695
1496102400 4152 4259 32857 32956
1496016000 137 231 159 259
1495929600 139 233 139 233
1495843200 7161 7215 48367 44355
1495756800 6262 6348 45905 46065
1495670400 6406 6485 54643 54776
1495584000 139 233 139 233
1495497600 139 233 139 233
1495411200 139 233 139 233
1495324800 139 233 139 233
1495238400 139 233 139 233
1495152000 8886 8990 54638 54740
1495065600 4668 4696 41201 41305
1494979200 1163 1218 27414 26280
1494892800 143 239 143 239
1494806400 143 239 143 239
1494720000 140 236 179 285
1494633600 5846 5879 73929 55867
1494547200 5042 5065 52060 51384
1494460800 136 230 136 230
1494374400 136 230 136 230
1494288000 136 230 136 230
1494201600 136 230 136 230
1494115200 136 230 136 230
1494028800 136 230 136 230
1493942400 136 230 136 230
1493856000 136 230 136 230
1493769600 136 230 136 230
1493683200 136 230 136 230
1493596800 136 230 136 230
1493510400 136 230 136 230
1493424000 136 230 136 230
1493337600 136 230 136 230
1493251200 136 230 136 230
1493164800 136 230 136 230
1493078400 136 230 136 230
1492992000 136 230 136 230
1492905600 136 230 136 230
1492819200 136 230 136 230
1492732800 136 230 136 230
1492646400 136 230 136 230
1492560000 136 230 136 230
1492473600 136 230 136 230
1492387200 136 230 136 230
1492300800 136 230 136 230
1492214400 136 230 136 230
1492128000 136 230 136 230
1492041600 136 230 136 230
1491955200 136 230 136 230
1491868800 136 230 136 230
1491782400 136 230 136 230
1491696000 136 230 136 230
1491609600 136 230 136 230
1491523200 136 230 136 230
1491436800 136 230 136 230
1491350400 136 230 136 230
1491264000 136 230 136 230
1491177600 134 224 172 261
1491091200 156 233 2766 1053
1491004800 6153 6239 52131 52309
1490918400 9998 10069 81215 78395
1490832000 6367 6398 71820 71920
1490745600 7298 7381 46373 44164
1490659200 7600 7682 7600 7682
1490572800 7600 7682 7600 7682
1490486400 7600 7682 7600 7682
1490400000 7600 7682 7600 7682
1490313600 7600 7682 7600 7682
1490227200 7600 7682 7600 7682
1490140800 7600 7682 7600 7682
1490054400 7600 7682 7600 7682
1489968000 7600 7682 7600 7682
1489881600 7600 7682 7600 7682
1489795200 7600 7682 7600 7682
1489708800 7600 7682 7600 7682
1489622400 7132 7188 43658 43731
1489536000 5047 5154 35657 35809
1489449600 5284 5359 32255 32852
1489363200 134 220 169 243
1489276800 132 220 168 261
1489190400 7725 7813 57623 57717
1489104000 9003 9109 76683 76994
1489017600 5426 5532 51194 51259
1488931200 10758 10882 68042 68342
1488844800 6407 6528 44278 44343
1488758400 156 237 3655 3761
1488672000 146 226 665 783
1488585600 9059 9138 59155 59416
1488499200 8003 8103 69783 69760
1488412800 7275 7341 47182 43997
1488326400 7298 7370 55610 55744
1488240000 7230 7217 45648 45968
1488153600 209 237 261 269
1488067200 204 235 278 277
1487980800 10394 10370 67673 67668
1487894400 10334 10382 66812 67024
1487808000 6355 6304 43881 43875
1487721600 9324 9354 61358 61668
1487635200 129 214 161 257
1487548800 128 214 164 262
1487462400 128 214 161 256
1487376000 8093 8203 57409 57623
1487289600 11290 11412 61736 61880
1487203200 9244 9349 63995 64085
1487116800 134 222 134 222
1487030400 134 222 134 222
1486944000 134 222 134 222
1486857600 134 222 134 222
1486771200 134 222 134 222
1486684800 134 222 134 222
1486598400 134 222 134 222
1486512000 134 222 134 222
1486425600 134 222 134 222
1486339200 134 222 134 222
1486252800 134 222 134 222
1486166400 134 222 134 222
1486080000 134 222 134 222
1485993600 134 222 134 222
1485907200 134 222 134 222
1485820800 5348 5453 43599 43695
1485734400 128 213 168 237
1485648000 140 225 2304 2477
1485561600 7943 8069 66162 66359
1485475200 11168 11291 63316 63421
1485388800 6155 6211 47242 47320
1485302400 5540 5651 34141 34280
1485216000 4800 4887 45333 45441
1485129600 133 215 198 265
1485043200 131 215 354 567
1484956800 8341 8424 59068 59374
1484870400 7833 7944 56798 56887
1484784000 9940 9998 81718 81808
1484697600 6151 6265 56833 57018
1484611200 5071 5174 45819 46020
1484524800 127 212 155 244
1484438400 127 211 154 241
1484352000 9451 9575 71001 71312
1484265600 10382 10490 58701 59059
1484179200 8524 8625 62399 63127
1484092800 6774 6864 48134 48200
1484006400 6967 7070 49162 49255
1483920000 127 211 165 261
1483833600 127 211 163 280
1483747200 4446 4547 42590 42692
1483660800 6520 6634 43740 44106
1483574400 3215 3248 36616 36682
1483488000 5272 5344 43736 43847
1483401600 127 211 156 245
1483315200 127 211 158 247
1483228800 127 211 260 466
1483142400 990 1039 18574 18671
1483056000 1645 1672 19610 19793
1482969600 394 447 11021 11098
1482883200 130 213 130 213
1482796800 130 213 130 213
1482710400 126 208 158 249
1482624000 126 208 161 337
1482537600 2161 2255 23053 23136
1482451200 4674 4759 32839 32933
1482364800 7796 7895 46540 46716
1482278400 6843 6906 44447 44526
1482192000 7379 7490 55652 55730
1482105600 107 148 760 374
1482019200 91 136 2326 2451
1481932800 3780 3858 38554 38738
1481846400 6760 6860 73727 73823
1481760000 8213 8299 65527 65646
1481673600 8397 8468 62470 62600
1481587200 6000 6072 42267 42347
1481500800 124 205 147 232
1481414400 124 205 148 231
1481328000 6868 6975 50772 50941
1481241600 9887 9987 67407 67617
1481155200 4328 4427 50185 50551
1481068800 7273 7282 70483 70581
1480982400 10181 10241 77430 77552
1480896000 125 208 158 247
1480809600 125 208 159 252
1480723200 7957 8060 65531 65628
1480636800 7744 7859 65533 65618
1480550400 6997 7045 58382 58462
1480464000 10609 10686 72448 72543
1480377600 6112 6178 55534 55675
1480291200 145 221 2627 2783
1480204800 147 234 3966 4262
1480118400 3403 3475 33985 34069
1480032000 3863 3946 35393 32978
1479945600 6619 6704 51942 52035
1479859200 6476 6580 56645 56724
1479772800 7262 7342 60702 60797
1479686400 126 211 168 261
1479600000 127 211 165 262
1479513600 5530 5630 54238 54452
1479427200 8387 8462 69024 69148
1479340800 7120 7182 56069 56163
1479254400 3746 3821 39050 39158
1479168000 3794 3884 29862 30024
1479081600 124 207 151 231
1478995200 134 212 1006 1143
1478908800 5233 5338 45761 45841
1478822400 6793 6775 53930 54125
1478736000 7178 7283 54329 54676
1478649600 8107 8213 72343 72490
1478563200 9819 9898 62828 63267
1478476800 125 207 183 239
1478390400 128 207 185 234
1478304000 7106 7205 56345 56441
1478217600 6565 6642 46087 47995
1478131200 6357 6444 59087 59363
1478044800 8807 8916 68494 68570
1477958400 4905 5015 36385 36705
1477872000 125 208 153 239
1477785600 125 207 155 244
1477699200 5634 5733 73736 74004
1477612800 6882 6951 49281 49374
1477526400 6299 6375 49576 49654
1477440000 3624 3722 33574 33699
1477353600 5181 5299 44963 45390
1477267200 122 202 153 239
1477180800 122 203 167 270
1477094400 3352 3444 32943 33036
1477008000 8475 8583 58549 58657
1476921600 3697 3786 40695 40878
1476835200 123 202 123 202
1476748800 123 202 123 202
1476662400 123 202 150 233
1476576000 124 206 152 240
1476489600 7313 7412 52835 52963
1476403200 6529 6639 54044 54149
1476316800 7194 7294 55298 55366
1476230400 11875 11986 80063 80249
1476144000 124 205 152 237
1476057600 123 205 151 239
1475971200 124 205 153 240
1475884800 6736 6838 73506 73602
1475798400 9419 9515 65534 65623
1475712000 8865 8969 88164 88326
1475625600 8382 8474 76440 76527
1475539200 6435 6547 43534 43676
1475452800 124 205 154 237
1475366400 123 204 151 238
1475280000 8751 8825 66639 66906
1475193600 10662 10760 75468 75567
1475107200 4988 5079 51456 51917
1475020800 5007 5102 42824 42913
1474934400 8399 8518 53976 54067
1474848000 124 207 158 247
1474761600 124 207 157 247
1474675200 9194 9315 60988 61080
1474588800 7650 7750 54188 54357
1474502400 10345 10451 69528 69667
1474416000 5395 5479 43870 43962
1474329600 8403 8500 49529 49623
1474243200 124 206 146 235
1474156800 124 207 147 233
1474070400 7224 7328 65746 65837
1473984000 6024 6123 53535 53605
1473897600 6761 6860 72567 72944
1473811200 7850 7917 75581 75732
1473724800 6529 6631 56517 56772
1473638400 124 206 152 241
1473552000 124 206 160 252
1473465600 9321 9435 58845 58925
1473379200 8900 8994 47932 48044
1473292800 7405 7493 46885 47059
1473206400 7892 8003 69071 69155
1473120000 157 239 5409 5538
1473033600 122 204 158 251
1472947200 122 204 156 249
1472860800 3860 3927 34024 29566
1472774400 4222 4300 34151 34498
1472688000 7929 8016 49903 50013
1472601600 7492 7574 51071 51176
1472515200 4890 4988 54630 54735
1472428800 128 207 128 207
1472342400 128 207 128 207
1472256000 128 207 128 207
1472169600 128 207 128 207
1472083200 128 207 128 207
1471996800 128 207 128 207
1471910400 128 207 128 207
1471824000 128 207 128 207
1471737600 128 207 128 207
1471651200 126 205 133 220
1471564800 5997 6111 74756 76126
1471478400 4384 4489 48590 48860
1471392000 5494 5609 49600 49658
1471305600 3485 3595 45144 45234
1471219200 122 203 177 274
1471132800 122 203 195 287
1471046400 3417 3519 46289 46642
1470960000 2544 2643 32851 33250
1470873600 6319 6405 66273 66376
1470787200 3433 3538 33195 33302
1470700800 3231 3289 42557 42731
1470614400 124 206 2629 3749
1470528000 122 202 200 279
1470441600 5012 5106 59737 59908
1470355200 5833 8409 46401 57346
1470268800 5024 5115 40423 40495
1470182400 6366 6440 55076 55190
1470096000 271 354 11310 11388
1470009600 122 202 177 253
1469923200 122 202 179 276
1469836800 2039 2138 22115 22202
1469750400 5709 5845 47875 48776
1469664000 8776 8853 58158 58239
1469577600 5489 5524 44473 44753
1469491200 6650 6710 57720 57951
1469404800 122 203 154 240
1469318400 122 203 160 242
1469232000 4629 4681 53500 53587
1469145600 6757 6864 52154 52359
1469059200 6092 6174 51172 45293
1468972800 7204 7267 54032 54117
1468886400 5447 5528 45081 45183
1468800000 122 203 183 262
1468713600 122 203 182 243
1468627200 6235 6343 60452 60564
1468540800 11786 11873 69788 67476
1468454400 7728 7807 51165 51399
1468368000 6933 7301 51260 51368
1468281600 5561 5643 47691 47841
1468195200 122 203 452 815
1468108800 188 270 11603 11686
1468022400 6959 7062 53518 53749
1467936000 6791 6861 54459 54556
1467849600 5534 5645 41846 42192
1467763200 6608 6708 49720 49888
1467676800 4412 4516 44956 45039
1467590400 122 203 151 236
1467504000 122 203 158 245
1467417600 122 204 160 246
1467331200 6498 6555 76341 76870
1467244800 6533 6648 53455 53674
1467158400 5032 5131 39246 39322
1467072000 5139 5242 45411 45511
1466985600 122 203 170 249
1466899200 122 203 170 261
1466812800 9849 9962 73708 73830
1466726400 8044 8148 56092 56267
1466640000 8985 9093 68973 69070
1466553600 5535 5641 46713 47945
1466467200 6043 6149 75143 75250
1466380800 122 203 159 245
1466294400 149 230 7286 7392
1466208000 6412 6456 56521 56611
1466121600 8090 8188 67669 67758
1466035200 6507 6600 44143 45143
1465948800 7631 7730 55513 55636
1465862400 6667 6763 55579 55671
1465776000 128 205 175 246
1465689600 135 211 3014 3206
1465603200 5604 5701 46554 46778
1465516800 5781 5920 44532 44634
1465430400 8482 8598 57083 57159
1465344000 9078 9187 67201 67306
1465257600 4724 4834 33976 34057
1465171200 122 203 170 257
1465084800 122 203 181 267
1464998400 7490 7596 55080 55179
1464912000 6302 6408 57196 57297
1464825600 3666 3768 50846 50942
1464739200 5424 5538 45621 45697
1464652800 2865 2964 30034 30103
1464566400 122 203 165 254
1464480000 122 203 159 239
1464393600 5475 5572 63911 64178
1464307200 7761 7859 67065 67254
1464220800 4934 5040 56513 56605
1464134400 7452 7549 62825 63048
1464048000 229 310 11308 11391
1463961600 122 203 175 273
1463875200 122 203 168 262
1463788800 5587 5658 53182 53285
1463702400 5338 5414 59326 59503
1463616000 4469 4555 38058 38126
1463529600 8896 8951 77845 77853
1463443200 6128 6223 37914 38287
1463356800 126 203 214 260
1463270400 122 203 170 260
1463184000 10164 10234 82284 73361
1463097600 11220 11321 69904 69996
1463011200 5865 5949 53041 53215
1462924800 9200 9314 55087 55191
1462838400 6597 6653 76423 76526
1462752000 119 199 191 356
1462665600 119 199 155 237
1462579200 7072 7161 61856 59495
1462492800 7117 7168 67362 67431
1462406400 6158 6188 68575 68652
1462320000 5125 5140 51792 51870
1462233600 3187 3235 46103 33750
1462147200 117 194 154 240
1462060800 118 195 289 481
1461974400 7461 7546 66637 66739
1461888000 8292 8256 64658 64738
1461801600 5405 5316 45709 45606
1461715200 10090 10045 63930 63901
1461628800 7929 7806 60948 60966
1461542400 563 471 630 519
1461456000 563 470 625 528
1461369600 8355 8280 61754 61848
1461283200 9551 9467 70266 70264
1461196800 7443 7372 65127 57393
1461110400 7592 7395 73413 65038
1461024000 6727 6608 51228 51141
1460937600 715 564 976 695
1460851200 714 563 904 710
1460764800 4689 4554 47906 47786
1460678400 4679 4607 52539 53743
1460592000 263 278 263 278
1460505600 263 278 263 278
1460419200 263 278 263 278
1460332800 263 278 263 278
1460246400 364 360 11020 11065
1460160000 452 406 12364 11199
1460073600 82 50 82 50
1459987200 82 50 82 50
1459900800 82 50 82 50
1459814400 82 50 82 50
1459728000 82 50 82 50
1459641600 82 50 82 50
1459555200 925 719 6981 7042
1459468800 548 479 15277 15176
1459382400 0 0 0 0
1459296000 0 0 0 0
1459209600 0 0 0 0
1459123200 0 0 0 0
1459036800 0 0 0 0
1458950400 0 0 0 0
1458864000 0 0 0 0
1458777600 0 0 0 0
1458691200 0 0 0 0
1458604800 0 0 0 0
1458518400 0 0 0 0
1458432000 0 0 0 0
1458345600 0 0 0 0
1458259200 0 0 0 0
1458172800 0 0 0 0
1458086400 0 0 0 0
1458000000 0 0 0 0
1457913600 0 0 0 0
1457827200 0 0 0 0
1457740800 0 0 0 0
1457654400 0 0 0 0
1457568000 0 0 0 0
1457481600 0 0 0 0
1457395200 0 0 0 0
1457308800 0 0 0 0
1457222400 0 0 0 0
1457136000 0 0 0 0
1457049600 0 0 0 0
1456963200 0 0 0 0
1456876800 0 0 0 0
1456790400 0 0 0 0
1456704000 0 0 0 0
1456617600 0 0 0 0
1456531200 0 0 0 0
1456444800 0 0 0 0
1456358400 0 0 0 0
1456272000 0 0 0 0
1456185600 0 0 0 0
1456099200 0 0 0 0
1456012800 0 0 0 0
1455926400 0 0 0 0
1455840000 0 0 0 0
1455753600 0 0 0 0
1455667200 0 0 0 0
1455580800 0 0 0 0
1455494400 0 0 0 0
1455408000 0 0 0 0
1455321600 0 0 0 0
1455235200 0 0 0 0
1455148800 0 0 0 0
1455062400 0 0 0 0
1454976000 0 0 0 0
1454889600 0 0 0 0
1454803200 0 0 0 0
1454716800 0 0 0 0
1454630400 0 0 0 0
1454544000 0 0 0 0
1454457600 0 0 0 0
1454371200 0 0 0 0
1454284800 0 0 0 0
1454198400 0 0 0 0
1454112000 0 0 0 0
1454025600 0 0 0 0
1453939200 0 0 0 0
1453852800 0 0 0 0
1453766400 0 0 0 0
1453680000 0 0 0 0
1453593600 0 0 0 0
1453507200 0 0 0 0
1453420800 0 0 0 0
1453334400 0 0 0 0
1453248000 0 0 0 0
1453161600 0 0 0 0
1453075200 0 0 0 0
1452988800 0 0 0 0
1452902400 0 0 0 0
1452816000 0 0 0 0
1452729600 0 0 0 0
1452643200 0 0 0 0
1452556800 0 0 0 0
1452470400 0 0 0 0
1452384000 0 0 0 0
1452297600 0 0 0 0
1452211200 0 0 0 0
1452124800 0 0 0 0
1452038400 0 0 0 0
1451952000 0 0 0 0
1451865600 0 0 0 0
1451779200 0 0 0 0
1451692800 0 0 0 0
1451606400 0 0 0 0
1451520000 0 0 0 0
1451433600 0 0 0 0
1451347200 0 0 0 0
1451260800 0 0 0 0
1451174400 0 0 0 0
1451088000 0 0 0 0
1451001600 0 0 0 0
1450915200 0 0 0 0
1450828800 0 0 0 0
1450742400 0 0 0 0
1450656000 0 0 0 0
1450569600 0 0 0 0
1450483200 0 0 0 0
1450396800 0 0 0 0
1450310400 0 0 0 0
1450224000 0 0 0 0
1450137600 0 0 0 0
1450051200 0 0 0 0
1449964800 0 0 0 0
1449878400 0 0 0 0
1449792000 0 0 0 0
1449705600 0 0 0 0
1449619200 0 0 0 0
1449532800 0 0 0 0
1449446400 0 0 0 0
1449360000 0 0 0 0
1449273600 0 0 0 0
1449187200 0 0 0 0
1449100800 0 0 0 0
1449014400 0 0 0 0
1448928000 0 0 0 0
1448841600 0 0 0 0
1448755200 0 0 0 0
1448668800 0 0 0 0
1448582400 0 0 0 0
1448496000 0 0 0 0
1448409600 0 0 0 0
1448323200 0 0 0 0
1448236800 0 0 0 0
1448150400 0 0 0 0
1448064000 0 0 0 0
1447977600 0 0 0 0
1447891200 0 0 0 0
1447804800 0 0 0 0
1447718400 0 0 0 0
1447632000 0 0 0 0
1447545600 0 0 0 0
1447459200 0 0 0 0
1447372800 0 0 0 0
1447286400 0 0 0 0
1447200000 0 0 0 0
1447113600 0 0 0 0
1447027200 0 0 0 0
1446940800 0 0 0 0
1446854400 0 0 0 0
1446768000 0 0 0 0
1446681600 0 0 0 0
1446595200 0 0 0 0
1446508800 0 0 0 0
1446422400 0 0 0 0
1446336000 0 0 0 0
1446249600 0 0 0 0
1446163200 0 0 0 0
1446076800 0 0 0 0
1445990400 0 0 0 0
1445904000 0 0 0 0
1445817600 0 0 0 0
1445731200 0 0 0 0
1445644800 0 0 0 0
1445558400 0 0 0 0
1445472000 0 0 0 0
1445385600 0 0 0 0
1445299200 0 0 0 0
1445212800 0 0 0 0
1445126400 0 0 0 0
1445040000 0 0 0 0
1444953600 0 0 0 0
1444867200 0 0 0 0
1444780800 0 0 0 0
1444694400 0 0 0 0
1444608000 0 0 0 0
1444521600 0 0 0 0
1444435200 0 0 0 0
1444348800 0 0 0 0
1444262400 0 0 0 0
1444176000 0 0 0 0
1444089600 0 0 0 0
1444003200 0 0 0 0
1443916800 0 0 0 0
1443830400 0 0 0 0
1443744000 0 0 0 0
1443657600 0 0 0 0
1443571200 0 0 0 0
1443484800 0 0 0 0
1443398400 0 0 0 0
1443312000 0 0 0 0
1443225600 0 0 0 0
1443139200 0 0 0 0
1443052800 0 0 0 0
1442966400 0 0 0 0
1442880000 0 0 0 0
1442793600 0 0 0 0
1442707200 0 0 0 0
1442620800 0 0 0 0
1442534400 0 0 0 0
1442448000 0 0 0 0
1442361600 0 0 0 0
1442275200 0 0 0 0
1442188800 0 0 0 0
1442102400 0 0 0 0
1442016000 0 0 0 0
1441929600 0 0 0 0
1441843200 0 0 0 0
1441756800 0 0 0 0
1441670400 0 0 0 0
1441584000 0 0 0 0
1441497600 0 0 0 0
1441411200 0 0 0 0
1441324800 0 0 0 0
1441238400 0 0 0 0
1441152000 0 0 0 0
1441065600 0 0 0 0
1440979200 0 0 0 0
1440892800 0 0 0 0
1440806400 0 0 0 0
1440720000 0 0 0 0
1440633600 0 0 0 0
1440547200 0 0 0 0
1440460800 0 0 0 0
1440374400 0 0 0 0
1440288000 0 0 0 0
1440201600 0 0 0 0
1440115200 0 0 0 0
1440028800 0 0 0 0
1439942400 0 0 0 0
1439856000 0 0 0 0
1439769600 0 0 0 0
1439683200 0 0 0 0
1439596800 0 0 0 0
1439510400 0 0 0 0
1439424000 0 0 0 0
1439337600 0 0 0 0
1439251200 0 0 0 0
1439164800 0 0 0 0
1439078400 0 0 0 0
1438992000 0 0 0 0
1438905600 0 0 0 0
1438819200 0 0 0 0
1438732800 0 0 0 0
1438646400 0 0 0 0
1438560000 0 0 0 0
1438473600 0 0 0 0
1438387200 0 0 0 0
1438300800 0 0 0 0
1438214400 0 0 0 0
1438128000 0 0 0 0
1438041600 0 0 0 0
1437955200 0 0 0 0
1437868800 0 0 0 0
1437782400 0 0 0 0
1437696000 0 0 0 0
1437609600 0 0 0 0
1437523200 0 0 0 0
1437436800 0 0 0 0
1437350400 0 0 0 0
1437264000 0 0 0 0
1437177600 0 0 0 0
1437091200 0 0 0 0
1437004800 0 0 0 0
1436918400 0 0 0 0
1436832000 0 0 0 0
1436745600 0 0 0 0
1436659200 0 0 0 0
1436572800 0 0 0 0
1436486400 0 0 0 0
1436400000 0 0 0 0
1436313600 0 0 0 0
1436227200 0 0 0 0
1436140800 0 0 0 0
1436054400 0 0 0 0
1435968000 0 0 0 0
1435881600 0 0 0 0
1435795200 0 0 0 0
1435708800 0 0 0 0
1435622400 0 0 0 0
1435536000 0 0 0 0
