1504297338 9150109754 14481904508
1504297338 705 1312 705 1312
1504297039 633 1315 633 1315
1504296900 631 1464 633 1637
1504296600 848 1657 1103 1681
1504296300 882 1631 1103 1681
1504296000 630 1555 635 1574
1504295700 685 1866 744 2252
1504295400 699 1884 744 2252
1504295100 654 1604 664 1774
1504294800 710 1891 766 2029
1504294500 702 1668 766 2029
1504294200 652 1344 679 1453
1504293900 702 1447 731 1453
1504293600 712 1438 731 1442
1504293300 694 1428 700 1434
1504293000 712 1487 728 1562
1504292700 881 1650 1062 1755
1504292400 871 1688 1062 1755
1504292100 691 1579 742 1611
1504291800 708 1508 742 1542
1504291500 685 1537 703 1616
1504291200 742 1644 788 1678
1504290900 746 1681 788 1685
1504290600 671 1629 697 1685
1504290300 709 1734 788 1930
1504290000 743 1799 788 1930
1504289700 695 1760 699 1893
1504289400 903 1907 1141 1925
1504289100 929 1769 1141 1925
1504288800 667 1513 685 1589
1504288500 677 1431 713 1437
1504288200 676 1386 713 1437
1504287900 634 1329 635 1333
1504287600 677 1516 729 1728
1504287300 689 1633 729 1728
1504287000 638 1565 644 1613
1504286700 667 1709 710 1823
1504286400 687 1694 710 1823
1504286100 657 1545 660 1549
1504285800 882 1655 1150 1780
1504285500 909 1648 1150 1780
1504285200 632 1492 634 1496
1504284900 668 1508 708 1532
1504284600 672 1548 708 1568
1504284300 627 1624 631 1691
1504284000 665 1622 714 1691
1504283700 673 1561 714 1584
1504283400 632 1483 640 1584
1504283100 673 1421 712 1485
1504282800 699 1506 712 1531
1504282500 664 1518 686 1531
1504282200 679 1545 725 1594
1504281900 865 1624 1029 1660
1504281600 859 1579 1029 1660
1504281300 690 1624 721 1785
1504281000 687 1716 721 1785
1504280700 640 1558 648 1636
1504280400 672 1570 720 1689
1504280100 677 1594 720 1689
1504279800 629 1514 629 1549
1504279500 670 1587 718 1632
1504279200 679 1688 718 1754
1504278900 655 1821 680 1900
1504278600 695 1727 714 1900
1504278300 851 1587 1012 1658
1504278000 837 1679 1012 1704
1504277700 666 1655 705 1704
1504277400 671 1523 705 1598
1504277100 632 1535 633 1651
1504276800 667 1634 709 1651
1504276500 674 1486 709 1616
1504276200 635 1497 636 1684
1504275900 670 1606 711 1684
1504275600 677 1671 711 1853
1504275300 634 1989 638 2147
1504275000 666 1862 707 2147
1504274700 846 1505 1010 1532
1504274400 837 1580 1010 1704
1504274100 675 1837 725 1994
1504273800 680 1774 725 1994
1504273500 627 1526 628 1538
1504273200 667 1628 714 1734
1504272900 677 1901 714 2099
1504272600 632 2010 635 2099
1504272300 668 1908 713 1912
1504272000 675 1672 713 1912
1504271700 632 1625 633 1895
1504271400 848 2001 1100 2124
1504271100 883 1879 1100 2124
1504270800 631 1370 632 1597
1504270500 669 1193 715 1292
1504270200 675 1126 715 1292
1504269900 631 1112 633 1319
1504269600 667 1153 708 1319
1504269300 675 1158 708 1389
1504269000 631 1295 637 1389
1504268700 665 1071 713 1187
1504268400 674 920 713 936
1504268100 632 902 635 903
1504267800 669 893 709 901
1504267500 842 931 999 987
1504267200 832 1029 999 1079
1504266900 669 1021 707 1079
1504266600 671 891 707 954
1504266300 630 813 632 819
1504266000 665 802 704 806
1504265700 669 806 704 815
1504265400 631 825 635 838
1504265100 672 813 715 838
1504264800 673 791 715 798
1504264500 626 796 627 798
1504264200 666 786 712 794
1504263900 847 840 1004 914
1504263600 831 859 1004 914
1504263300 670 803 715 812
1504263000 677 822 715 835
1504262700 629 805 633 835
1504262400 663 814 708 864
1504262100 670 857 708 864
1504261800 626 815 627 851
1504261500 663 812 708 857
1504261200 679 840 708 857
1504260900 642 808 646 822
1504260600 675 796 719 801
1504260300 848 845 998 897
1504260000 832 828 998 897
1504259700 670 777 709 812
1504259400 671 835 709 862
1504259100 625 789 629 862
1504258800 659 754 705 813
1504258500 670 819 705 826
1504258200 634 787 639 826
1504257900 683 792 734 852
1504257600 688 841 734 852
1504257300 635 787 635 829
1504257000 668 766 707 800
1504256700 828 828 972 863
1504256400 824 817 972 863
1504256100 666 783 683 805
1504255800 656 809 683 815
1504255500 628 775 633 815
1504255200 677 780 729 839
1504254900 682 803 729 839
1504254600 628 755 628 762
1504254300 652 808 682 880
1504254000 669 843 682 880
1504253700 643 797 656 801
1504253400 820 812 1042 833
1504253100 852 788 1042 833
1504252800 631 729 633 736
1504252500 667 779 711 847
1504252200 674 799 711 847
1504251900 643 747 657 752
1504251600 682 791 711 837
1504251300 675 793 711 837
1504251000 620 744 633 746
1504250700 664 809 734 884
1504250400 686 844 734 884
1504250100 617 766 631 798
1504249800 832 821 1099 928
1504249500 879 827 1099 928
1504249200 627 738 631 770
1504248900 650 813 674 864
1504248600 651 811 674 864
1504248300 642 756 661 763
1504248000 680 805 704 855
1504247700 668 786 704 855
1504247400 628 733 629 764
1504247100 663 808 703 859
1504246800 663 814 703 859
1504246500 622 782 628 805
1504246200 829 849 1066 901
1504245900 869 838 1066 901
1504245600 641 792 646 823
1504245300 676 830 712 840
1504245000 672 808 712 840
1504244700 626 774 627 778
1504244400 662 793 704 811
1504244100 667 783 704 811
1504243800 626 782 627 820
1504243500 663 831 706 845
1504243200 671 825 706 845
1504242900 626 790 631 802
1504242600 661 803 710 834
1504242300 836 829 986 834
1504242000 821 807 986 825
1504241700 663 818 699 854
1504241400 667 805 699 854
1504241100 630 758 631 769
1504240800 664 770 704 773
1504240500 668 768 704 773
1504240200 629 795 632 833
1504239900 660 826 694 833
1504239600 667 804 694 819
1504239300 634 831 637 883
1504239000 826 870 1051 883
1504238700 853 800 1051 855
1504238400 630 802 636 879
1504238100 667 825 703 879
1504237800 672 782 703 805
1504237500 632 795 636 805
1504237200 660 783 699 784
1504236900 668 773 699 783
1504236600 629 784 632 810
1504236300 660 837 700 869
1504236000 668 837 700 869
1504235700 631 773 633 800
1504235400 826 813 1055 896
1504235100 862 844 1055 896
1504234800 631 748 637 785
1504234500 659 770 699 846
1504234200 668 831 699 846
1504233900 633 770 633 814
1504233600 670 786 714 865
1504233300 676 835 714 865
1504233000 631 757 634 801
1504232700 663 766 703 836
1504232400 670 835 703 836
1504232100 630 795 632 834
1504231800 822 803 1048 866
1504231500 858 835 1048 866
1504231200 641 769 646 800
1504230900 676 758 712 786
1504230600 673 813 712 845
1504230300 628 799 629 845
1504230000 662 757 702 771
1504229700 667 825 702 888
1504229400 629 826 631 888
1504229100 663 788 702 826
1504228800 666 811 702 826
1504228500 629 759 635 795
1504228200 668 765 708 821
1504227900 831 841 974 866
1504227600 820 819 974 866
1504227300 671 796 706 835
1504227000 671 829 706 835
1504226700 627 790 631 823
1504226400 659 791 703 837
1504226100 669 818 703 837
1504225800 628 776 630 797
1504225500 660 805 701 868
1504225200 671 840 701 868
1504224900 631 796 637 809
1504224600 658 818 697 861
1504224300 826 859 979 861
1504224000 814 819 979 858
1504223700 659 823 702 881
1504223400 667 820 702 881
1504223100 627 769 628 792
1504222800 663 833 704 882
1504222500 669 809 704 882
1504222200 631 769 634 821
1504221900 662 830 695 842
1504221600 664 800 695 842
1504221300 632 747 635 753
1504221000 822 837 1042 950
1504220700 851 867 1042 950
1504220400 629 766 630 773
1504220100 660 813 698 878
1504219800 664 808 698 878
1504219500 627 744 630 763
1504219200 661 799 698 843
1504218900 667 818 698 843
1504218600 631 800 633 813
1504218300 666 842 705 878
1504218000 667 820 705 878
1504217700 626 782 629 818
1504217400 663 800 705 818
1504217100 828 827 973 885
1504216800 814 834 973 885
1504216500 663 778 702 781
1504216200 670 834 702 898
1504215900 632 946 634 1003
1504215600 667 971 712 1003
1504215300 675 917 712 934
1504215000 630 930 633 967
1504214700 661 962 702 967
1504214400 665 1011 702 1074
1504214100 627 1052 632 1074
1504213800 661 1113 695 1213
1504213500 819 1317 965 1441
1504213200 811 1416 965 1441
1504212900 662 1552 699 1746
1504212600 691 1722 699 1746
1504212300 661 1550 682 1694
1504212000 665 1395 699 1408
1504211700 669 1536 699 1685
1504211400 635 1714 636 1749
1504211100 666 1685 704 1749
1504210800 672 1584 704 1612
1504210500 636 1704 637 1882
1504210200 678 1777 727 1882
1504209900 836 1612 966 1656
1504209600 814 1723 966 1911
1504209300 671 1743 709 1911
1504209000 672 1722 709 1921
1504208700 626 1891 630 1921
1504208400 659 1736 704 1857
1504208100 669 1628 704 1665
1504207800 629 1614 630 1665
1504207500 666 1749 711 1978
1504207200 675 1896 711 1978
1504206900 630 1669 634 1802
1504206600 667 1605 717 1711
1504206300 828 1829 958 1966
1504206000 805 1856 958 1966
1504205700 668 1703 716 1729
1504205400 678 1699 716 1727
1504205100 630 1843 634 1979
1504204800 663 1809 705 1979
1504204500 679 1608 705 1613
1504204200 656 1758 665 1938
1504203900 689 1918 718 1938
1504203600 686 1909 718 1926
1504203300 654 1917 659 1926
1504203000 690 1901 727 1908
1504202700 849 1926 991 1966
1504202400 825 1906 991 1966
1504202100 677 1708 727 1838
1504201800 688 1576 727 1597
1504201500 635 1604 643 1613
1504201200 668 1666 719 1730
1504200900 681 1718 719 1730
1504200600 638 1722 640 1743
1504200300 672 1674 711 1743
1504200000 674 1612 711 1631
1504199700 629 1605 633 1631
1504199400 817 1644 1040 1724
1504199100 851 1808 1040 1907
1504198800 633 1831 637 1907
1504198500 674 1756 718 1773
1504198200 682 1696 718 1773
1504197900 636 1856 641 2145
1504197600 659 1949 693 2145
1504197300 682 1696 693 1723
1504197000 654 1823 670 2007
1504196700 671 1906 712 2007
1504196400 683 1752 712 1791
1504196100 654 1698 658 1708
1504195800 685 1785 717 1902
1504195500 825 1766 952 1902
1504195200 821 1723 952 1857
1504194900 692 2014 717 2199
1504194600 676 2013 717 2199
1504194300 627 1888 629 1994
1504194000 662 1990 704 1994
1504193700 669 1755 704 1986
1504193400 634 1720 640 1998
1504193100 673 1904 712 1998
1504192800 677 1663 712 1794
1504192500 643 1653 652 1817
1504192200 697 1831 751 1849
1504191900 862 1957 994 2084
1504191600 827 1951 994 2084
1504191300 669 1702 709 1799
1504191000 672 1535 709 1590
1504190700 630 1809 630 2200
1504190400 667 1996 710 2200
1504190100 673 1770 710 1782
1504189800 632 1679 632 1782
1504189500 667 1595 709 1635
1504189200 673 1580 709 1635
1504188900 628 1657 631 1823
1504188600 814 1792 1036 1823
1504188300 846 1605 1036 1756
1504188000 628 1425 630 1431
1504187700 669 1578 716 1763
1504187400 675 1882 716 2021
1504187100 627 1816 629 2021
1504186800 665 1846 711 2156
1504186500 673 2311 711 2492
1504186200 627 2220 630 2492
1504185900 665 1736 713 1906
1504185600 678 1645 713 1769
1504185300 640 1725 644 1769
1504185000 817 1882 1019 2123
1504184700 840 1991 1019 2123
1504184400 631 1644 632 1837
1504184100 662 1481 701 1550
1504183800 667 1572 701 1598
1504183500 630 1459 634 1598
1504183200 667 1391 707 1500
1504182900 669 1364 707 1500
1504182600 630 1394 636 1613
1504182300 668 1402 706 1613
1504182000 671 1496 706 1892
1504181700 630 1754 631 1892
1504181400 669 1469 717 1596
1504181100 821 1270 943 1320
1504180800 800 1181 943 1213
1504180500 670 1193 714 1250
1504180200 675 1231 714 1250
1504179900 626 1179 631 1210
1504179600 661 1194 707 1251
1504179300 671 1202 707 1251
1504179000 631 1162 632 1181
1504178700 666 1193 706 1207
1504178400 672 1230 706 1257
1504178100 630 1174 633 1257
1504177800 806 1185 1014 1307
1504177500 837 1245 1014 1307
1504177200 631 1206 634 1242
1504176900 663 1248 703 1257
1504176600 669 1223 703 1257
1504176300 628 1152 630 1184
1504176000 663 1163 706 1219
1504175700 671 1182 706 1219
1504175400 631 1159 632 1181
1504175100 670 1175 715 1181
1504174800 675 1188 715 1211
1504174500 632 1184 637 1211
1504174200 813 1222 1017 1302
1504173900 837 1224 1017 1302
1504173600 632 1164 636 1200
1504173300 661 1225 692 1256
1504173000 662 1216 692 1256
1504172700 631 1166 636 1170
1504172400 673 1199 717 1244
1504172100 681 1172 717 1244
1504171800 637 1127 640 1173
1504171500 668 1198 708 1229
1504171200 674 1187 708 1229
1504170900 635 1156 635 1176
1504170600 666 1200 704 1229
1504170300 811 1189 936 1229
1504170000 798 1160 936 1180
1504169700 665 1192 699 1207
1504169400 670 1194 699 1207
1504169100 632 1163 637 1180
1504168800 665 1176 710 1215
1504168500 672 1178 710 1215
1504168200 630 1125 633 1136
1504167900 665 1183 703 1264
1504167600 673 1206 703 1264
1504167300 635 1162 638 1188
1504167000 667 1215 709 1248
1504166700 810 1210 929 1248
1504166400 791 1166 929 1167
1504166100 664 1182 706 1202
1504165800 668 1207 706 1214
1504165500 629 1168 635 1214
1504165200 669 1161 709 1215
1504164900 671 1179 709 1215
1504164600 625 1158 627 1183
1504164300 663 1172 710 1183
1504164000 672 1181 710 1206
1504163700 629 1185 632 1206
1504163400 805 1215 1006 1278
1504163100 829 1218 1006 1278
1504162800 630 1157 636 1168
1504162500 668 1181 706 1198
1504162200 674 1174 706 1198
1504161900 632 1176 638 1210
1504161600 663 1177 708 1210
1504161300 669 1156 708 1176
1504161000 625 1172 628 1176
1504160700 658 1155 694 1169
1504160400 662 1199 694 1269
1504160100 626 1206 627 1269
1504159800 658 1165 696 1201
1504159500 804 1214 932 1231
1504159200 789 1204 932 1231
1504158900 657 1169 695 1174
1504158600 663 1179 695 1197
1504158300 625 1168 627 1197
1504158000 656 1173 695 1217
1504157700 660 1155 695 1217
1504157400 622 1143 624 1214
1504157100 659 1289 700 1377
1504156800 664 1529 700 1706
1504156500 624 1287 627 1706
1504156200 816 922 1036 1068
1504155900 868 1026 1036 1068
1504155600 654 958 672 978
1504155300 670 943 711 953
1504155000 672 934 711 953
1504154700 627 866 628 912
1504154400 659 889 698 979
1504154100 666 937 698 979
1504153800 630 888 630 889
1504153500 661 925 698 970
1504153200 665 957 698 970
1504152900 626 903 627 942
1504152600 796 944 997 1044
1504152300 828 986 997 1044
1504152000 629 903 631 920
1504151700 658 930 696 985
1504151400 667 964 696 985
1504151100 630 898 635 940
1504150800 662 929 706 1021
1504150500 670 961 706 1021
1504150200 630 916 633 946
1504149900 663 961 699 980
1504149600 669 961 699 980
1504149300 635 935 636 939
1504149000 667 954 704 980
1504148700 802 983 917 987
1504148400 783 975 917 987
1504148100 661 973 700 985
1504147800 664 946 700 985
1504147500 626 915 631 932
1504147200 664 979 703 1035
1504146900 667 953 703 1035
1504146600 629 899 633 945
1504146300 667 978 708 1018
1504146000 669 954 708 1018
1504145700 627 907 630 939
1504145400 796 1018 992 1112
1504145100 821 1003 992 1112
1504144800 628 912 632 952
1504144500 665 964 704 978
1504144200 670 940 704 978
1504143900 627 929 631 968
1504143600 660 1009 704 1058
1504143300 672 966 704 1058
1504143000 632 920 635 990
1504142700 666 997 711 1007
1504142400 680 975 711 1007
1504142100 639 943 645 948
1504141800 794 1009 982 1082
1504141500 822 1003 982 1082
1504141200 632 933 635 959
1504140900 661 974 697 993
1504140600 665 987 697 993
1504140300 630 943 632 982
1504140000 663 937 700 982
1504139700 669 971 700 982
1504139400 629 985 634 1015
1504139100 657 989 695 1015
1504138800 663 979 695 1002
1504138500 626 980 628 1002
1504138200 659 966 697 979
1504137900 792 985 903 993
1504137600 777 993 903 994
1504137300 664 973 703 994
1504137000 667 969 703 993
1504136700 629 969 634 993
1504136400 665 950 703 961
1504136100 668 961 703 963
1504135800 629 967 630 972
1504135500 662 962 700 972
1504135200 667 981 700 1015
1504134900 629 969 630 1015
1504134600 790 962 979 1016
1504134300 815 980 979 1016
1504134000 626 961 627 987
1504133700 662 974 706 987
1504133400 669 983 706 1011
1504133100 629 977 631 1011
1504132800 662 925 700 939
1504132500 671 942 700 981
1504132200 632 1002 638 1027
1504131900 661 1000 703 1027
1504131600 671 968 703 970
1504131300 633 946 635 966
1504131000 666 1012 707 1115
1504130700 798 1097 905 1115
1504130400 779 1007 905 1078
1504130100 670 970 712 1023
1504129800 674 1044 712 1070
1504129500 629 996 631 1070
1504129200 666 998 713 1100
1504128900 670 1067 713 1100
1504128600 626 1082 633 1144
1504128300 668 1857 711 2696
1504128000 672 2143 711 2696
1504127700 630 1315 634 1494
1504127400 797 1236 987 1387
1504127100 820 1295 987 1387
1504126800 628 1176 629 1190
1504126500 668 1404 715 1692
1504126200 672 1688 715 1692
1504125900 623 1558 624 1685
1504125600 665 1379 717 1413
1504125300 676 1420 717 1515
1504125000 631 1517 634 1520
1504124700 689 1644 753 1789
1504124400 709 2191 753 2663
1504124100 679 2180 705 2663
1504123800 734 1664 769 1714
1504123500 831 1808 904 1917
1504123200 775 1823 904 1917
1504122900 665 1712 712 1716
1504122600 690 1824 712 1962
1504122300 660 1803 666 1962
1504122000 676 1881 702 2185
1504121700 666 1974 702 2185
1504121400 626 1849 629 1989
1504121100 666 1890 711 1989
1504120800 671 1729 711 1777
1504120500 626 1711 629 1756
1504120200 669 1931 718 2138
1504119900 795 2260 886 2403
1504119600 784 2224 886 2403
1504119300 700 1951 741 2018
1504119000 696 1806 741 1874
1504118700 636 1628 645 1728
1504118400 667 1698 714 1913
1504118100 683 2047 714 2205
1504117800 648 1965 650 2205
1504117500 676 1672 707 1689
1504117200 748 1928 986 2177
1504116000 658 1672 726 1926
1504114200 677 1664 905 1926
1504112400 691 1604 905 1761
1504110600 696 1877 961 2194
1504108800 656 1745 717 2194
1504107000 681 1725 949 1933
1504105200 680 1922 949 2401
1504103400 673 1902 877 2401
1504101600 673 1729 877 1896
1504099800 695 1898 950 2084
1504098000 654 1692 704 2539
1504096200 696 1342 952 1566
1504094400 650 1085 698 1435
1504092600 674 986 868 1050
1504090800 675 987 868 1025
1504089000 696 1030 942 1162
1504087200 657 958 713 986
1504085400 695 990 940 1029
1504083600 661 954 724 998
1504081800 672 981 862 1005
1504080000 678 977 862 1005
1504078200 672 979 857 1083
1504076400 677 968 857 1083
1504074600 674 960 869 1049
1504072800 682 973 869 1049
1504071000 693 977 930 1102
1504069200 654 954 707 1022
1504067400 691 974 914 1099
1504065600 653 954 707 1022
1504063800 690 974 924 1072
1504062000 654 971 703 1020
1504060200 668 990 835 1170
1504058400 666 998 835 1170
1504056600 665 985 824 1096
1504054800 671 974 824 1040
1504053000 666 978 825 1040
1504051200 687 964 825 1040
1504049400 714 977 929 1034
1504047600 681 955 732 990
1504045800 751 1042 929 1186
1504044000 681 1136 734 1618
1504042200 696 1184 855 1333
1504040400 997 2056 1145 2522
1504038600 1184 2505 1483 3033
1504036800 1156 2631 1227 3089
1504035000 879 2493 1062 3089
1504033200 680 1978 733 2424
1504031400 953 2165 1381 2957
1504029600 1199 2642 1294 3112
1504027800 1063 2618 1220 3112
1504026000 688 1743 743 1947
1504024200 718 1861 907 2088
1504022400 686 1792 740 2010
1504020600 685 1866 813 2201
1504018800 667 1948 813 2226
1504017000 666 1826 797 2127
1504015200 670 2106 797 2653
1504013400 684 2087 873 2307
1504011600 657 1566 709 1890
1504009800 685 1316 871 1521
1504008000 658 1145 713 1669
1504006200 670 995 797 1216
1504004400 670 918 797 970
1504002600 665 933 791 1019
1504000800 670 945 791 1024
1503999000 669 928 783 1020
1503997200 668 932 783 1020
1503995400 686 941 861 1086
1503993600 653 924 707 1008
1503991800 662 942 768 1053
1503990000 648 908 768 1009
1503988200 838 38119 2723 482224
1503986400 842 43985 2723 482224
1503984600 677 945 779 1103
1503982800 671 941 813 1253
1503981000 677 944 813 1253
1503979200 657 912 710 1008
1503977400 664 902 721 947
1503975600 661 927 715 1012
1503973800 660 929 709 1031
1503972000 663 941 719 1024
1503970200 659 935 714 1038
1503968400 659 941 724 1063
1503966600 663 943 712 1003
1503964800 657 950 738 1025
1503963000 661 939 738 1016
1503961200 660 944 716 1036
1503959400 660 1126 710 1748
1503957600 659 1196 711 1748
1503955800 658 1272 706 1622
1503954000 660 1507 713 1699
1503952200 661 1762 710 1901
1503950400 659 1931 709 2309
1503948600 663 1740 715 2257
1503946800 661 1863 711 2257
1503945000 658 1706 705 1885
1503943200 660 1766 716 2300
1503941400 657 1609 709 1898
1503939600 661 1768 727 1948
1503937800 664 1770 722 2000
1503936000 658 1748 721 2023
1503934200 663 1550 718 1969
1503932400 662 1739 724 2087
1503930600 661 1952 720 2357
1503928800 662 2175 716 2750
1503927000 663 1716 725 2050
1503925200 678 1400 741 1726
1503923400 663 1177 723 1497
1503921600 660 909 719 1207
1503919800 662 815 718 887
1503918000 663 840 726 872
1503916200 659 793 714 851
1503914400 661 799 720 868
1503912600 660 800 718 894
1503910800 661 795 715 893
1503909000 662 794 721 903
1503907200 656 794 716 861
1503905400 657 798 714 809
1503903600 661 795 722 810
1503901800 663 798 721 836
1503900000 659 794 720 827
1503898200 658 801 711 825
1503896400 659 796 714 836
1503894600 659 793 712 835
1503892800 660 836 714 885
1503891000 660 839 714 878
1503889200 659 843 717 890
1503887400 658 840 714 915
1503885600 657 838 712 913
1503883800 659 840 713 912
1503882000 661 842 718 904
1503880200 660 839 714 880
1503878400 656 836 714 876
1503876600 660 842 716 884
1503874800 659 840 710 880
1503873000 656 845 705 883
1503871200 653 841 705 863
1503869400 660 845 713 885
1503867600 657 841 708 879
1503865800 657 839 708 872
1503864000 660 840 719 906
1503862200 656 846 710 915
1503860400 657 835 704 919
1503858600 663 797 723 878
1503856800 663 799 723 871
1503855000 661 801 720 854
1503853200 661 800 721 856
1503851400 663 796 728 814
1503849600 664 800 724 847
1503847800 661 799 718 823
1503846000 656 801 716 847
1503844200 662 801 719 846
1503842400 663 793 716 836
1503840600 661 801 715 854
1503838800 663 798 719 851
1503837000 655 801 709 846
1503835200 659 796 716 872
1503833400 662 805 715 884
1503831600 664 799 729 896
1503829800 661 794 716 864
1503828000 665 803 736 883
1503826200 657 799 728 847
1503824400 660 801 737 838
1503822600 659 799 713 847
1503820800 661 800 718 841
1503819000 657 802 715 843
1503817200 660 797 716 855
1503815400 658 801 708 844
1503813600 662 797 715 865
1503811800 659 794 709 840
1503810000 660 801 712 890
1503808200 675 815 808 1003
1503806400 657 789 704 864
1503804600 658 797 712 859
1503802800 660 796 715 837
1503801000 658 792 708 813
1503799200 661 789 719 818
1503797400 659 803 708 831
1503795600 661 796 715 818
1503793800 657 798 708 857
1503792000 660 797 716 868
1503790200 658 793 710 832
1503788400 659 794 709 819
1503786600 660 797 707 859
1503784800 658 796 710 840
1503783000 653 800 703 869
1503781200 654 791 704 853
1503779400 658 794 703 845
1503777600 661 797 721 848
1503775800 661 804 722 851
1503774000 654 795 718 828
1503772200 655 802 712 838
1503770400 661 799 716 845
1503768600 657 802 717 835
1503766800 656 804 717 844
1503765000 654 795 714 844
1503763200 654 797 712 842
1503761400 655 797 716 860
1503759600 653 795 712 843
1503757800 655 800 714 880
1503756000 654 794 715 879
1503754200 655 802 715 897
1503752400 654 795 710 867
1503750600 652 795 715 868
1503748800 655 794 714 821
1503747000 655 800 709 837
1503745200 653 794 711 829
1503743400 656 795 714 827
1503741600 659 803 719 854
1503739800 657 800 709 850
1503738000 655 795 710 853
1503736200 654 793 709 875
1503734400 654 796 706 863
1503732600 655 798 702 851
1503730800 655 797 714 878
1503729000 651 796 709 891
1503727200 653 794 713 881
1503725400 653 800 707 876
1503723600 652 792 708 843
1503721800 656 803 707 840
1503720000 655 840 709 870
1503718200 653 839 711 860
1503716400 653 838 706 846
1503714600 652 841 703 903
1503712800 656 839 703 901
1503711000 658 844 710 943
1503709200 652 836 702 891
1503707400 656 839 707 915
1503705600 654 842 704 903
1503703800 654 834 712 910
1503702000 654 812 706 882
1503700200 653 828 702 913
1503698400 654 892 707 1004
1503696600 656 970 715 1098
1503694800 658 1070 708 1146
1503693000 658 1301 716 1480
1503691200 658 1594 715 2017
1503689400 658 1533 716 2017
1503687600 657 1513 713 1655
1503685800 658 1645 711 1743
1503684000 658 1489 731 1730
1503682200 663 1534 732 1825
1503680400 657 1525 719 1606
1503678600 656 1487 732 1634
1503676800 26915 11656 88625 49395
1503675000 654 1519 706 2046
1503673200 655 1626 730 2002
1503671400 678 1775 745 2063
1503669600 658 1898 714 2659
1503667800 654 1661 712 1867
1503666000 652 1475 704 1752
1503664200 653 1318 707 1667
1503662400 653 1069 708 1503
1503660600 658 982 714 1123
1503658800 652 940 705 986
1503657000 655 935 710 992
1503655200 655 940 709 958
1503653400 659 955 708 1002
1503651600 654 943 708 1006
1503649800 652 938 710 1009
1503648000 653 936 702 972
1503646200 651 947 702 993
1503644400 652 943 702 1037
1503642600 655 947 712 1042
1503640800 654 942 709 1004
1503639000 651 949 703 1019
1503637200 654 944 703 976
1503635400 652 959 699 1038
1503633600 650 929 699 975
1503631800 652 952 705 979
1503630000 654 941 725 1010
1503628200 656 940 711 987
1503626400 656 940 713 1011
1503624600 656 968 719 1090
1503622800 661 923 723 995
1503621000 657 936 713 984
1503619200 660 925 712 983
1503617400 653 930 710 968
1503615600 656 923 716 992
1503613800 656 1005 713 1351
1503612000 655 1075 714 1339
1503610200 655 1360 715 1582
1503608400 655 1269 716 1458
1503606600 654 1520 711 1669
1503604800 656 1589 710 1734
1503603000 655 1717 707 2020
1503601200 657 1648 732 2020
1503599400 648 1630 704 1873
1503597600 675 1699 738 1848
1503595800 644 1687 656 2035
1503594000 667 1661 679 2035
1503592200 691 1626 727 1645
1503590400 692 1696 727 1768
1503588600 669 1710 680 1768
1503586800 656 1697 657 1713
1503585000 682 1721 686 1723
1503583200 686 1729 687 1730
1503581400 700 1819 705 1879
1503579600 684 1451 686 1468
1503577800 686 1264 686 1264
1503576000 693 1107 696 1264
1503574200 696 973 697 1075
1503572400 687 957 697 965
1503570600 685 972 691 985
1503568800 689 983 691 985
1503567000 685 978 685 978
1503565200 685 969 686 978
1503563400 686 970 691 981
1503561600 691 981 691 981
1503559800 687 959 691 981
1503558000 687 948 687 948
1503556200 687 959 687 961
1503554400 668 951 687 961
1503552600 658 950 663 952
1503550800 657 962 657 965
1503549000 654 964 664 971
1503547200 663 976 664 986
1503545400 663 996 664 1001
1503543600 649 984 652 989
1503541800 660 992 675 1000
1503540000 664 989 675 1003
1503538200 653 1014 659 1026
1503536400 655 988 659 1004
1503534600 650 965 673 986
1503532800 657 972 676 1014
1503531000 665 986 688 1024
1503529200 664 974 681 986
1503527400 659 1014 684 1062
1503525600 657 1033 697 1110
1503523800 649 1226 696 1445
1503522000 642 1371 854 1538
1503520200 409 1461 449 1536
1503518400 418 1578 470 1770
1503516600 416 1771 448 2244
1503514800 411 1681 444 1904
1503513000 407 1739 443 2380
1503511200 407 1653 443 1870
1503509400 406 1592 445 1870
1503507600 407 1645 444 1906
1503505800 410 1568 456 1684
1503504000 411 1564 443 1809
1503502200 416 1565 454 1714
1503500400 406 1600 441 1727
1503498600 405 1612 438 1718
1503496800 406 1718 439 2223
1503495000 408 1762 441 2196
1503493200 408 1433 443 1717
1503491400 408 1177 441 1373
1503489600 405 1054 443 1547
1503487800 405 879 440 947
1503486000 405 844 443 911
1503484200 408 848 441 910
1503482400 408 848 442 899
1503480600 407 859 444 907
1503478800 406 849 442 901
1503477000 406 888 442 920
1503475200 405 895 439 921
1503473400 404 908 440 956
1503471600 405 904 441 942
1503469800 783 59834 2810 482391
1503468000 509 22298 2810 482391
1503466200 403 910 472 949
1503464400 403 904 473 942
1503462600 405 922 477 1004
1503460800 407 947 477 1053
1503459000 407 875 476 980
1503457200 406 863 478 941
1503455400 421 876 541 1023
1503453600 401 865 473 992
1503451800 410 883 474 992
1503450000 404 857 475 973
1503448200 405 850 474 965
1503446400 406 887 474 1111
1503444600 403 911 474 1111
1503442800 403 919 473 1198
1503441000 403 931 475 1046
1503439200 404 996 475 1188
1503437400 405 1386 475 1837
1503435600 405 1568 474 1805
1503433800 405 1702 476 1892
1503432000 402 1740 474 1885
1503430200 404 1875 474 2149
1503428400 404 1789 474 2052
1503426600 406 1846 475 2189
1503424800 405 1864 475 2064
1503423000 406 1969 474 2140
1503421200 403 1961 473 2566
1503419400 404 1833 473 2176
1503417600 404 2391 475 2789
1503415800 426 2028 534 2666
1503414000 530 2178 674 2422
1503412200 472 2002 568 2203
1503410400 437 1891 500 2189
1503408600 404 2076 500 2296
1503406800 403 1522 472 1883
1503405000 403 1453 475 2037
1503403200 405 1025 476 1507
1503401400 407 1003 476 1167
1503399600 406 930 475 1158
1503397800 405 1000 473 1210
1503396000 403 913 473 1210
1503394200 408 941 494 1055
1503392400 415 917 495 1014
1503390600 407 908 495 1021
1503388800 408 897 477 950
1503387000 406 913 475 951
1503385200 408 917 474 988
1503383400 416 930 492 992
1503381600 412 914 481 961
1503379800 410 917 476 992
1503378000 408 922 466 987
1503376200 404 908 462 978
1503374400 404 899 466 978
1503372600 403 909 463 1005
1503370800 404 904 464 1005
1503369000 406 905 466 1021
1503367200 407 943 466 1019
1503365400 411 934 477 985
1503363600 409 914 465 952
1503361800 404 913 462 946
1503360000 403 934 461 1083
1503358200 405 974 462 1171
1503356400 405 914 467 977
1503354600 406 950 467 1019
1503352800 406 988 465 1215
1503351000 410 1172 496 1705
1503349200 413 1437 496 1705
1503347400 416 1650 487 2192
1503345600 414 1424 487 2192
1503343800 408 1514 469 2171
1503342000 408 1422 466 1595
1503340200 405 1640 466 2093
1503338400 405 1674 465 2093
1503336600 405 1754 463 2187
1503334800 425 1676 510 2082
1503333000 408 1832 510 2290
1503331200 404 1614 466 1881
1503329400 404 1512 467 1881
1503327600 404 1522 463 1758
1503325800 404 1683 464 1904
1503324000 543 1169 645 1787
1503322200 645 840 645 840
1503320400 645 840 645 840
1503318600 645 840 645 840
1503316800 645 840 645 840
1503315000 645 840 645 840
1503313200 645 840 645 840
1503311400 645 840 645 840
1503309600 645 840 645 840
1503307800 645 840 645 840
1503306000 645 840 645 840
1503304200 645 840 645 840
1503302400 645 840 645 840
1503300600 645 840 645 840
1503298800 645 840 645 840
1503297000 645 840 645 840
1503295200 645 840 645 840
1503293400 645 840 645 840
1503291600 645 840 645 840
1503289800 645 840 645 840
1503288000 645 840 645 840
1503286200 645 840 645 840
1503284400 645 840 645 840
1503282600 645 840 645 840
1503280800 645 840 645 840
1503279000 645 840 645 840
1503277200 645 840 645 840
1503275400 645 840 645 840
1503273600 645 840 645 840
1503271800 645 840 645 840
1503270000 645 840 645 840
1503268200 645 840 645 840
1503266400 645 840 645 840
1503264600 645 840 645 840
1503262800 645 840 645 840
1503261000 645 840 645 840
1503259200 645 840 645 840
1503257400 645 840 645 840
1503255600 645 840 645 840
1503253800 645 840 645 840
1503252000 645 840 645 840
1503250200 645 840 645 840
1503248400 645 840 645 840
1503246600 645 840 645 840
1503244800 645 840 645 840
1503243000 645 840 645 840
1503241200 645 840 645 840
1503239400 645 840 645 840
1503237600 645 840 645 840
1503235800 645 840 645 840
1503234000 645 840 645 840
1503232200 645 840 645 840
1503230400 645 840 645 840
1503228600 645 840 645 840
1503226800 645 840 645 840
1503225000 645 840 645 840
1503223200 645 840 645 840
1503221400 645 840 645 840
1503219600 645 840 645 840
1503217800 645 840 645 840
1503216000 645 840 645 840
1503214200 645 840 645 840
1503212400 645 840 645 840
1503210600 645 840 645 840
1503208800 645 840 645 840
1503207000 645 840 645 840
1503205200 645 840 645 840
1503203400 645 840 645 840
1503201600 645 840 645 840
1503199800 645 840 645 840
1503198000 645 840 645 840
1503196200 645 840 645 840
1503194400 645 840 645 840
1503192600 645 840 645 840
1503190800 645 840 645 840
1503189000 645 840 645 840
1503187200 645 840 645 840
1503185400 645 840 645 840
1503183600 645 840 645 840
1503181800 645 840 645 840
1503180000 645 840 645 840
1503178200 645 840 645 840
1503176400 645 840 645 840
1503174600 645 840 645 840
1503172800 645 840 645 840
1503171000 645 840 645 840
1503169200 645 840 645 840
1503167400 645 840 645 840
1503165600 645 840 645 840
1503163800 645 840 645 840
1503162000 645 840 645 840
1503160200 645 840 645 840
1503158400 645 840 645 840
1503156600 645 840 645 840
1503154800 645 840 645 840
1503153000 645 840 645 840
1503151200 645 840 645 840
1503149400 645 840 645 840
1503147600 645 840 645 840
1503145800 645 840 645 840
1503144000 645 840 645 840
1503142200 645 840 645 840
1503140400 645 840 645 840
1503138600 645 840 645 840
1503136800 645 840 645 840
1503135000 645 840 645 840
1503133200 645 840 645 840
1503131400 645 840 645 840
1503129600 645 840 645 840
1503127800 645 840 645 840
1503126000 645 840 645 840
1503124200 645 840 645 840
1503122400 645 840 645 840
1503120600 645 840 645 840
1503118800 645 840 645 840
1503117000 645 840 645 840
1503115200 645 840 645 840
1503113400 645 840 645 840
1503111600 645 840 645 840
1503109800 645 840 645 840
1503108000 645 840 645 840
1503106200 645 840 645 840
1503104400 645 840 645 840
1503102600 645 840 645 840
1503100800 645 840 645 840
1503099000 645 840 645 840
1503097200 645 840 645 840
1503095400 645 840 645 840
1503093600 645 840 645 840
1503091800 645 840 645 840
1503090000 645 840 645 840
1503088200 645 840 645 840
1503086400 645 840 645 840
1503084600 645 840 645 840
1503082800 645 840 645 840
1503081000 645 840 645 840
1503079200 645 840 645 840
1503077400 645 840 645 840
1503075600 645 840 645 840
1503073800 645 840 645 840
1503072000 645 840 645 840
1503070200 645 840 645 840
1503068400 645 840 645 840
1503066600 645 840 645 840
1503064800 645 840 645 840
1503063000 645 840 645 840
1503061200 645 840 645 840
1503059400 645 840 645 840
1503057600 645 840 645 840
1503055800 645 840 645 840
1503054000 645 840 645 840
1503052200 645 840 645 840
1503050400 645 840 645 840
1503048600 645 840 645 840
1503046800 645 840 645 840
1503045000 645 840 645 840
1503043200 645 840 645 840
1503041400 645 840 645 840
1503039600 645 840 645 840
1503037800 645 840 645 840
1503036000 645 840 645 840
1503028800 645 840 645 840
1503021600 645 840 645 840
1503014400 645 840 645 840
1503007200 645 840 645 840
1503000000 645 840 645 840
1502992800 645 840 645 840
1502985600 645 840 645 840
1502978400 645 840 645 840
1502971200 645 840 645 840
1502964000 645 840 645 840
1502956800 645 840 645 840
1502949600 645 840 645 840
1502942400 645 840 645 840
1502935200 645 840 645 840
1502928000 645 840 645 840
1502920800 645 840 645 840
1502913600 645 840 645 840
1502906400 645 840 645 840
1502899200 645 840 645 840
1502892000 645 840 645 840
1502884800 645 840 645 840
1502877600 645 840 645 840
1502870400 645 840 645 840
1502863200 645 840 645 840
1502856000 645 840 645 840
1502848800 645 840 645 840
1502841600 645 840 645 840
1502834400 645 840 645 840
1502827200 645 840 645 840
1502820000 645 840 645 840
1502812800 645 840 645 840
1502805600 645 840 645 840
1502798400 645 840 645 840
1502791200 645 840 645 840
1502784000 645 840 645 840
1502776800 645 840 645 840
1502769600 645 840 645 840
1502762400 645 840 645 840
1502755200 645 840 645 840
1502748000 645 840 645 840
1502740800 645 840 645 840
1502733600 645 840 645 840
1502726400 645 840 645 840
1502719200 645 840 645 840
1502712000 645 840 645 840
1502704800 645 840 645 840
1502697600 645 840 645 840
1502690400 645 840 645 840
1502683200 645 840 645 840
1502676000 645 840 645 840
1502668800 645 840 645 840
1502661600 645 840 645 840
1502654400 645 840 645 840
1502647200 645 840 645 840
1502640000 645 840 645 840
1502632800 645 840 645 840
1502625600 645 840 645 840
1502618400 645 840 645 840
1502611200 645 840 645 840
1502604000 645 840 645 840
1502596800 645 840 645 840
1502589600 645 840 645 840
1502582400 645 840 645 840
1502575200 645 840 645 840
1502568000 645 840 645 840
1502560800 645 840 645 840
1502553600 645 840 645 840
1502546400 645 840 645 840
1502539200 645 840 645 840
1502532000 645 840 645 840
1502524800 645 840 645 840
1502517600 645 840 645 840
1502510400 645 840 645 840
1502503200 645 840 645 840
1502496000 645 840 645 840
1502488800 645 840 645 840
1502481600 645 840 645 840
1502474400 645 840 645 840
1502467200 645 840 645 840
1502460000 645 840 645 840
1502452800 645 840 645 840
1502445600 645 840 645 840
1502438400 645 840 645 840
1502431200 645 840 645 840
1502424000 645 840 645 840
1502416800 645 840 645 840
1502409600 645 840 645 840
1502402400 645 840 645 840
1502395200 645 840 645 840
1502388000 645 840 645 840
1502380800 645 840 645 840
1502373600 645 840 645 840
1502366400 645 840 645 840
1502359200 645 840 645 840
1502352000 645 840 645 840
1502344800 645 840 645 840
1502337600 645 840 645 840
1502330400 645 840 645 840
1502323200 645 840 645 840
1502316000 645 840 645 840
1502308800 645 840 645 840
1502301600 645 840 645 840
1502294400 645 840 645 840
1502287200 645 840 645 840
1502280000 645 840 645 840
1502272800 645 840 645 840
1502265600 645 840 645 840
1502258400 645 840 645 840
1502251200 645 840 645 840
1502244000 645 840 645 840
1502236800 645 840 645 840
1502229600 645 840 645 840
1502222400 645 840 645 840
1502215200 645 840 645 840
1502208000 645 840 645 840
1502200800 645 840 645 840
1502193600 645 840 645 840
1502186400 645 840 645 840
1502179200 645 840 645 840
1502172000 645 840 645 840
1502164800 645 840 645 840
1502157600 645 840 645 840
1502150400 645 840 645 840
1502143200 645 840 645 840
1502136000 645 840 645 840
1502128800 645 840 645 840
1502121600 645 840 645 840
1502114400 645 840 645 840
1502107200 645 840 645 840
1502100000 645 840 645 840
1502092800 645 840 645 840
1502085600 645 840 645 840
1502078400 645 840 645 840
1502071200 645 840 645 840
1502064000 645 840 645 840
1502056800 645 840 645 840
1502049600 645 840 645 840
1502042400 645 840 645 840
1502035200 645 840 645 840
1502028000 645 840 645 840
1502020800 645 840 645 840
1502013600 645 840 645 840
1502006400 645 840 645 840
1501999200 645 840 645 840
1501992000 645 840 645 840
1501984800 645 840 645 840
1501977600 645 840 645 840
1501970400 645 840 645 840
1501963200 645 840 645 840
1501956000 645 840 645 840
1501948800 645 840 645 840
1501941600 645 840 645 840
1501934400 645 840 645 840
1501927200 645 840 645 840
1501920000 645 840 645 840
1501912800 645 840 645 840
1501905600 645 840 645 840
1501898400 645 840 645 840
1501891200 645 840 645 840
1501884000 645 840 645 840
1501876800 645 840 645 840
1501869600 645 840 645 840
1501862400 645 840 645 840
1501855200 645 840 645 840
1501848000 645 840 645 840
1501840800 645 840 645 840
1501833600 645 840 645 840
1501826400 645 840 645 840
1501819200 645 840 645 840
1501812000 645 840 645 840
1501804800 645 840 645 840
1501797600 645 840 645 840
1501790400 645 840 645 840
1501783200 645 840 645 840
1501776000 645 840 645 840
1501768800 645 840 645 840
1501761600 645 840 645 840
1501754400 645 840 645 840
1501747200 645 840 645 840
1501740000 645 840 645 840
1501732800 645 840 645 840
1501725600 645 840 645 840
1501718400 645 840 645 840
1501711200 645 840 645 840
1501704000 645 840 645 840
1501696800 645 840 645 840
1501689600 645 840 645 840
1501682400 645 840 645 840
1501675200 645 840 645 840
1501668000 645 840 645 840
1501660800 645 840 645 840
1501653600 645 840 645 840
1501646400 645 840 645 840
1501639200 645 840 645 840
1501632000 645 840 645 840
1501624800 645 840 645 840
1501617600 645 840 645 840
1501610400 645 840 645 840
1501603200 645 840 645 840
1501596000 645 840 645 840
1501588800 645 840 645 840
1501581600 645 840 645 840
1501574400 645 840 645 840
1501567200 645 840 645 840
1501560000 645 840 645 840
1501552800 645 840 645 840
1501545600 645 840 645 840
1501538400 645 840 645 840
1501531200 645 840 645 840
1501524000 645 840 645 840
1501516800 645 840 645 840
1501509600 645 840 645 840
1501502400 645 840 645 840
1501495200 645 840 645 840
1501488000 645 840 645 840
1501480800 645 840 645 840
1501473600 645 840 645 840
1501466400 645 840 645 840
1501459200 645 840 645 840
1501452000 645 840 645 840
1501444800 645 840 645 840
1501437600 645 840 645 840
1501430400 645 840 645 840
1501423200 645 840 645 840
1501416000 645 840 645 840
1501408800 645 840 645 840
1501401600 645 840 645 840
1501394400 645 840 645 840
1501387200 645 840 645 840
1501380000 645 840 645 840
1501372800 645 840 645 840
1501365600 645 840 645 840
1501358400 645 840 645 840
1501351200 645 840 645 840
1501344000 645 840 645 840
1501336800 645 840 645 840
1501329600 645 840 645 840
1501322400 645 840 645 840
1501315200 645 840 645 840
1501308000 645 840 645 840
1501300800 645 840 645 840
1501293600 645 840 645 840
1501286400 645 840 645 840
1501279200 645 840 645 840
1501272000 645 840 645 840
1501264800 645 840 645 840
1501257600 645 840 645 840
1501250400 645 840 645 840
1501243200 645 840 645 840
1501236000 645 840 645 840
1501228800 645 840 645 840
1501221600 645 840 645 840
1501214400 645 840 645 840
1501207200 645 840 645 840
1501200000 645 840 645 840
1501192800 645 840 645 840
1501185600 645 840 645 840
1501178400 645 840 645 840
1501171200 645 840 645 840
1501164000 645 840 645 840
1501156800 645 840 645 840
1501149600 645 840 645 840
1501142400 645 840 645 840
1501135200 645 840 645 840
1501128000 645 840 645 840
1501120800 645 840 645 840
1501113600 645 840 645 840
1501106400 645 840 645 840
1501099200 645 840 645 840
1501092000 645 840 645 840
1501084800 645 840 645 840
1501077600 645 840 645 840
1501070400 645 840 645 840
1501063200 645 840 645 840
1501056000 645 840 645 840
1501048800 645 840 645 840
1501041600 645 840 645 840
1501034400 645 840 645 840
1501027200 645 840 645 840
1501020000 645 840 645 840
1501012800 645 840 645 840
1501005600 645 840 645 840
1500998400 645 840 645 840
1500991200 645 840 645 840
1500984000 645 840 645 840
1500976800 645 840 645 840
1500969600 645 840 645 840
1500962400 645 840 645 840
1500955200 645 840 645 840
1500948000 645 840 645 840
1500940800 645 840 645 840
1500933600 645 840 645 840
1500926400 645 840 645 840
1500919200 645 840 645 840
1500912000 645 840 645 840
1500904800 645 840 645 840
1500897600 645 840 645 840
1500890400 645 840 645 840
1500883200 645 840 645 840
1500876000 645 840 645 840
1500868800 645 840 645 840
1500861600 645 840 645 840
1500854400 645 840 645 840
1500847200 645 840 645 840
1500840000 645 840 645 840
1500832800 645 840 645 840
1500825600 645 840 645 840
1500818400 645 840 645 840
1500811200 645 840 645 840
1500804000 645 840 645 840
1500796800 645 840 645 840
1500789600 645 840 645 840
1500782400 645 840 645 840
1500775200 645 840 645 840
1500768000 645 840 645 840
1500760800 645 840 645 840
1500753600 645 840 645 840
1500746400 645 840 645 840
1500739200 645 840 645 840
1500732000 645 840 645 840
1500724800 647 841 663 850
1500717600 656 844 663 850
1500710400 658 840 660 849
1500703200 654 834 659 843
1500696000 657 838 663 853
1500688800 654 839 667 853
1500681600 654 897 685 1240
1500674400 690 1171 710 1677
1500667200 686 1619 718 1952
1500660000 687 1696 740 2062
1500652800 687 1852 742 2307
1500645600 685 1751 758 2395
1500638400 688 1141 762 1294
1500631200 688 1108 761 1186
1500624000 687 1116 748 1210
1500616800 687 1131 748 1265
1500609600 686 1124 733 1239
1500602400 688 1127 734 1200
1500595200 689 1162 733 1345
1500588000 684 1801 741 2712
1500580800 681 2116 713 2528
1500573600 706 2213 942 3090
1500566400 702 2108 796 2758
1500559200 686 1919 743 2598
1500552000 686 1146 745 1774
1500544800 686 1120 740 1196
1500537600 684 1152 742 1311
1500530400 685 1148 742 1241
1500523200 686 1172 740 1282
1500516000 685 1142 752 1270
1500508800 687 1183 749 1338
1500501600 688 1524 748 2125
1500494400 682 1911 741 2231
1500487200 684 1739 739 2020
1500480000 683 1739 743 2159
1500472800 666 1373 741 2325
1500465600 654 996 654 996
1500458400 654 996 654 996
1500451200 654 996 654 996
1500444000 654 996 654 996
1500436800 654 996 654 996
1500429600 654 996 654 996
1500422400 654 996 654 996
1500415200 654 996 654 996
1500408000 654 996 654 996
1500400800 654 996 654 996
1500393600 654 996 654 996
1500386400 654 996 654 996
1500379200 654 996 654 996
1500372000 654 996 654 996
1500364800 654 996 654 996
1500357600 654 996 654 996
1500350400 654 996 654 996
1500343200 654 996 654 996
1500336000 654 996 654 996
1500328800 654 996 654 996
1500321600 654 996 654 996
1500314400 654 996 654 996
1500307200 654 996 654 996
1500300000 654 996 654 996
1500292800 654 996 654 996
1500285600 654 996 654 996
1500278400 654 996 654 996
1500271200 654 996 654 996
1500264000 654 996 654 996
1500256800 654 996 654 996
1500249600 654 996 654 996
1500242400 654 996 654 996
1500235200 654 996 654 996
1500228000 654 996 654 996
1500220800 654 996 654 996
1500213600 654 996 654 996
1500206400 654 996 654 996
1500199200 654 996 654 996
1500192000 654 996 654 996
1500184800 654 996 654 996
1500177600 654 996 654 996
1500170400 654 996 654 996
1500163200 654 996 654 996
1500156000 654 996 654 996
1500148800 654 996 654 996
1500141600 654 996 654 996
1500134400 654 996 654 996
1500127200 654 996 654 996
1500120000 654 996 654 996
1500112800 654 996 654 996
1500105600 654 996 654 996
1500098400 654 996 654 996
1500091200 654 996 654 996
1500084000 654 996 654 996
1500076800 654 996 654 996
1500069600 654 996 654 996
1500062400 654 996 654 996
1500055200 654 996 654 996
1500048000 654 996 654 996
1500040800 654 996 654 996
1500033600 654 996 654 996
1500026400 654 996 654 996
1500019200 654 996 654 996
1500012000 654 996 654 996
1500004800 654 996 654 996
1499997600 654 996 654 996
1499990400 654 996 654 996
1499983200 654 996 654 996
1499976000 654 996 654 996
1499968800 654 996 654 996
1499961600 654 996 654 996
1499954400 654 996 654 996
1499947200 654 996 654 996
1499940000 654 996 654 996
1499932800 654 996 654 996
1499925600 654 996 654 996
1499918400 654 996 654 996
1499911200 654 996 654 996
1499904000 654 996 654 996
1499896800 654 996 654 996
1499889600 654 996 654 996
1499882400 654 996 654 996
1499875200 654 996 654 996
1499868000 654 996 654 996
1499860800 654 996 654 996
1499853600 654 996 654 996
1499846400 654 996 654 996
1499839200 654 996 654 996
1499832000 654 996 654 996
1499824800 654 996 654 996
1499817600 654 996 654 996
1499810400 654 996 654 996
1499803200 654 996 654 996
1499796000 654 996 654 996
1499788800 654 996 654 996
1499781600 654 996 654 996
1499774400 654 996 654 996
1499767200 654 996 654 996
1499760000 654 996 654 996
1499752800 654 996 654 996
1499745600 654 996 654 996
1499738400 654 996 654 996
1499731200 654 996 654 996
1499724000 654 996 654 996
1499716800 654 996 654 996
1499709600 654 996 654 996
1499702400 654 996 654 996
1499695200 654 996 654 996
1499688000 654 996 654 996
1499680800 654 996 654 996
1499673600 654 996 654 996
1499666400 654 996 654 996
1499659200 654 996 654 996
1499652000 654 996 654 996
1499644800 654 996 654 996
1499637600 654 996 654 996
1499630400 654 996 654 996
1499623200 654 996 654 996
1499616000 654 996 654 996
1499608800 654 996 654 996
1499601600 654 996 654 996
1499594400 654 996 654 996
1499587200 654 996 654 996
1499580000 654 996 654 996
1499572800 654 996 654 996
1499565600 654 996 654 996
1499558400 654 996 654 996
1499551200 654 996 654 996
1499544000 654 996 654 996
1499536800 654 996 654 996
1499529600 654 996 654 996
1499522400 654 996 654 996
1499515200 654 996 654 996
1499508000 654 996 654 996
1499500800 654 996 654 996
1499493600 654 996 654 996
1499486400 654 996 654 996
1499479200 654 996 654 996
1499472000 654 996 654 996
1499464800 654 996 654 996
1499457600 654 996 654 996
1499450400 654 996 654 996
1499443200 654 996 654 996
1499436000 654 996 654 996
1499428800 654 996 654 996
1499421600 654 996 654 996
1499414400 654 996 654 996
1499407200 654 996 654 996
1499400000 654 996 654 996
1499392800 654 996 654 996
1499385600 654 996 654 996
1499378400 654 996 654 996
1499371200 654 996 654 996
1499364000 654 996 654 996
1499356800 654 996 654 996
1499349600 654 996 654 996
1499342400 654 996 654 996
1499335200 654 996 654 996
1499328000 654 996 654 996
1499320800 654 996 654 996
1499313600 654 996 654 996
1499306400 654 996 654 996
1499299200 654 996 654 996
1499292000 654 996 654 996
1499284800 654 996 654 996
1499277600 654 996 654 996
1499270400 654 996 654 996
1499263200 654 996 654 996
1499256000 654 996 654 996
1499248800 654 996 654 996
1499241600 654 996 654 996
1499234400 654 996 654 996
1499227200 654 996 654 996
1499220000 654 996 654 996
1499212800 654 996 654 996
1499205600 654 996 654 996
1499198400 654 996 654 996
1499191200 654 996 654 996
1499184000 654 996 654 996
1499176800 654 996 654 996
1499169600 654 996 654 996
1499162400 654 996 654 996
1499155200 654 996 654 996
1499148000 654 996 654 996
1499140800 654 996 654 996
1499133600 654 996 654 996
1499126400 654 996 654 996
1499119200 654 996 654 996
1499112000 654 996 654 996
1499104800 654 996 654 996
1499097600 654 996 654 996
1499090400 654 996 654 996
1499083200 654 996 654 996
1499076000 654 996 654 996
1499068800 654 996 654 996
1499061600 654 996 654 996
1499054400 654 996 654 996
1499047200 654 996 654 996
1499040000 654 996 654 996
1499032800 654 996 654 996
1499025600 654 996 654 996
1499018400 654 996 654 996
1499011200 654 996 654 996
1499004000 654 996 654 996
1498996800 654 996 654 996
1498989600 654 996 654 996
1498982400 654 996 654 996
1498975200 654 996 654 996
1498968000 654 996 654 996
1498960800 654 996 654 996
1498953600 654 996 654 996
1498946400 654 996 654 996
1498939200 654 996 654 996
1498932000 654 996 654 996
1498924800 654 996 654 996
1498917600 654 996 654 996
1498910400 654 996 654 996
1498903200 654 996 654 996
1498896000 654 996 654 996
1498888800 654 996 654 996
1498881600 654 996 654 996
1498874400 654 996 654 996
1498867200 654 996 654 996
1498860000 654 996 654 996
1498852800 654 996 654 996
1498845600 654 996 654 996
1498838400 654 996 654 996
1498831200 654 996 654 996
1498824000 654 996 654 996
1498816800 654 996 654 996
1498809600 654 996 654 996
1498802400 654 996 654 996
1498795200 654 996 654 996
1498788000 654 996 654 996
1498780800 654 996 654 996
1498773600 654 996 654 996
1498766400 654 996 654 996
1498759200 654 996 654 996
1498752000 654 996 654 996
1498744800 654 996 654 996
1498737600 654 996 654 996
1498730400 654 996 654 996
1498723200 654 996 654 996
1498716000 654 996 654 996
1498694400 654 996 654 996
1498608000 654 996 654 996
1498521600 654 996 654 996
1498435200 654 996 654 996
1498348800 654 996 654 996
1498262400 654 996 654 996
1498176000 654 996 654 996
1498089600 654 996 654 996
1498003200 654 996 654 996
1497916800 654 996 654 996
1497830400 654 996 654 996
1497744000 651 991 694 1230
1497657600 674 1313 756 2488
1497571200 674 1328 956 2283
1497484800 651 1101 651 1101
1497398400 651 1101 651 1101
1497312000 651 1101 651 1101
1497225600 647 1079 725 1205
1497139200 646 1087 715 1234
1497052800 645 1421 746 4794
1496966400 653 1396 773 2781
1496880000 667 3055 3014 484443
1496793600 647 1464 691 2500
1496707200 662 1427 780 2873
1496620800 646 1092 918 2201
1496534400 645 1087 702 1220
1496448000 673 1525 727 3473
1496361600 674 1485 706 2851
1496275200 679 1489 751 3032
1496188800 653 1516 755 3205
1496102400 645 1514 706 3714
1496016000 645 1137 695 2834
1495929600 647 1079 647 1079
1495843200 646 1581 719 3213
1495756800 644 1522 713 3131
1495670400 670 3331 3059 497778
1495584000 672 1212 672 1212
1495497600 672 1212 672 1212
1495411200 672 1212 672 1212
1495324800 672 1212 672 1212
1495238400 672 1212 672 1212
1495152000 668 1582 814 3728
1495065600 1964 1935 276950 73815
1494979200 684 1289 715 2386
1494892800 689 1242 689 1242
1494806400 689 1242 689 1242
1494720000 688 1185 745 1466
1494633600 5482 2360 297758 292604
1494547200 0 0 0 0
1494460800 0 0 0 0
1494374400 0 0 0 0
1494288000 0 0 0 0
1494201600 0 0 0 0
1494115200 0 0 0 0
1494028800 0 0 0 0
1493942400 0 0 0 0
1493856000 0 0 0 0
1493769600 0 0 0 0
1493683200 0 0 0 0
1493596800 0 0 0 0
1493510400 0 0 0 0
1493424000 0 0 0 0
1493337600 0 0 0 0
1493251200 0 0 0 0
1493164800 0 0 0 0
1493078400 0 0 0 0
1492992000 0 0 0 0
1492905600 0 0 0 0
1492819200 0 0 0 0
1492732800 0 0 0 0
1492646400 0 0 0 0
1492560000 0 0 0 0
1492473600 0 0 0 0
1492387200 0 0 0 0
1492300800 0 0 0 0
1492214400 0 0 0 0
1492128000 0 0 0 0
1492041600 0 0 0 0
1491955200 0 0 0 0
1491868800 0 0 0 0
1491782400 0 0 0 0
1491696000 0 0 0 0
1491609600 0 0 0 0
1491523200 0 0 0 0
1491436800 0 0 0 0
1491350400 0 0 0 0
1491264000 0 0 0 0
1491177600 0 0 0 0
1491091200 0 0 0 0
1491004800 0 0 0 0
1490918400 0 0 0 0
1490832000 0 0 0 0
1490745600 0 0 0 0
1490659200 0 0 0 0
1490572800 0 0 0 0
1490486400 0 0 0 0
1490400000 0 0 0 0
1490313600 0 0 0 0
1490227200 0 0 0 0
1490140800 0 0 0 0
1490054400 0 0 0 0
1489968000 0 0 0 0
1489881600 0 0 0 0
1489795200 0 0 0 0
1489708800 0 0 0 0
1489622400 0 0 0 0
1489536000 0 0 0 0
1489449600 0 0 0 0
1489363200 0 0 0 0
1489276800 0 0 0 0
1489190400 0 0 0 0
1489104000 0 0 0 0
1489017600 0 0 0 0
1488931200 0 0 0 0
1488844800 0 0 0 0
1488758400 0 0 0 0
1488672000 0 0 0 0
1488585600 0 0 0 0
1488499200 0 0 0 0
1488412800 0 0 0 0
1488326400 0 0 0 0
1488240000 0 0 0 0
1488153600 0 0 0 0
1488067200 0 0 0 0
1487980800 0 0 0 0
1487894400 0 0 0 0
1487808000 0 0 0 0
1487721600 0 0 0 0
1487635200 0 0 0 0
1487548800 0 0 0 0
1487462400 0 0 0 0
1487376000 0 0 0 0
1487289600 0 0 0 0
1487203200 0 0 0 0
1487116800 0 0 0 0
1487030400 0 0 0 0
1486944000 0 0 0 0
1486857600 0 0 0 0
1486771200 0 0 0 0
1486684800 0 0 0 0
1486598400 0 0 0 0
1486512000 0 0 0 0
1486425600 0 0 0 0
1486339200 0 0 0 0
1486252800 0 0 0 0
1486166400 0 0 0 0
1486080000 0 0 0 0
1485993600 0 0 0 0
1485907200 0 0 0 0
1485820800 0 0 0 0
1485734400 0 0 0 0
1485648000 0 0 0 0
1485561600 0 0 0 0
1485475200 0 0 0 0
1485388800 0 0 0 0
1485302400 0 0 0 0
1485216000 0 0 0 0
1485129600 0 0 0 0
1485043200 0 0 0 0
1484956800 0 0 0 0
1484870400 0 0 0 0
1484784000 0 0 0 0
1484697600 0 0 0 0
1484611200 0 0 0 0
1484524800 0 0 0 0
1484438400 0 0 0 0
1484352000 0 0 0 0
1484265600 0 0 0 0
1484179200 0 0 0 0
1484092800 0 0 0 0
1484006400 0 0 0 0
1483920000 0 0 0 0
1483833600 0 0 0 0
1483747200 0 0 0 0
1483660800 0 0 0 0
1483574400 0 0 0 0
1483488000 0 0 0 0
1483401600 0 0 0 0
1483315200 0 0 0 0
1483228800 0 0 0 0
1483142400 0 0 0 0
1483056000 0 0 0 0
1482969600 0 0 0 0
1482883200 0 0 0 0
1482796800 0 0 0 0
1482710400 0 0 0 0
1482624000 0 0 0 0
1482537600 0 0 0 0
1482451200 0 0 0 0
1482364800 0 0 0 0
1482278400 0 0 0 0
1482192000 0 0 0 0
1482105600 0 0 13 59
1482019200 0 0 0 0
1481932800 0 0 0 0
1481846400 0 0 0 0
1481760000 0 0 0 0
1481673600 0 0 0 0
1481587200 0 0 0 0
1481500800 0 0 0 0
1481414400 0 0 0 0
1481328000 0 0 0 0
1481241600 0 0 0 0
1481155200 0 0 0 0
1481068800 0 0 0 0
1480982400 0 0 0 0
1480896000 0 0 0 0
1480809600 0 0 0 0
1480723200 0 0 0 0
1480636800 0 0 0 0
1480550400 0 0 0 0
1480464000 0 0 0 0
1480377600 0 0 0 0
1480291200 0 0 0 0
1480204800 0 0 0 0
1480118400 0 0 0 0
1480032000 0 0 0 0
1479945600 0 0 0 0
1479859200 0 0 0 0
1479772800 0 0 0 0
1479686400 0 0 0 0
1479600000 0 0 0 0
1479513600 0 0 0 0
1479427200 0 0 0 0
1479340800 0 0 0 0
1479254400 0 0 0 0
1479168000 0 0 0 0
1479081600 0 0 0 0
1478995200 0 0 0 0
1478908800 0 0 0 0
1478822400 0 0 0 0
1478736000 0 0 0 0
1478649600 0 0 0 0
1478563200 0 0 0 0
1478476800 0 0 0 0
1478390400 0 0 0 0
1478304000 0 0 0 0
1478217600 0 0 0 0
1478131200 0 0 0 0
1478044800 0 0 0 0
1477958400 0 0 0 0
1477872000 0 0 0 0
1477785600 0 0 0 0
1477699200 0 0 0 0
1477612800 0 0 0 0
1477526400 0 0 0 0
1477440000 0 0 0 0
1477353600 0 0 0 0
1477267200 0 0 0 0
1477180800 0 0 0 0
1477094400 0 0 0 0
1477008000 0 0 0 0
1476921600 0 0 0 0
1476835200 0 0 0 0
1476748800 0 0 0 0
1476662400 0 0 0 0
1476576000 0 0 0 0
1476489600 0 0 0 0
1476403200 0 0 0 0
1476316800 0 0 0 0
1476230400 0 0 0 0
1476144000 0 0 0 0
1476057600 0 0 0 0
1475971200 0 0 0 0
1475884800 0 0 0 0
1475798400 0 0 0 0
1475712000 0 0 0 0
1475625600 0 0 0 0
1475539200 0 0 0 0
1475452800 0 0 0 0
1475366400 0 0 0 0
1475280000 0 0 0 0
1475193600 0 0 0 0
1475107200 0 0 0 0
1475020800 0 0 0 0
1474934400 0 0 0 0
1474848000 0 0 0 0
1474761600 0 0 0 0
1474675200 0 0 0 0
1474588800 0 0 0 0
1474502400 0 0 0 0
1474416000 0 0 0 0
1474329600 0 0 0 0
1474243200 0 0 0 0
1474156800 0 0 0 0
1474070400 0 0 0 0
1473984000 0 0 0 0
1473897600 0 0 0 0
1473811200 0 0 0 0
1473724800 0 0 0 0
1473638400 0 0 0 0
1473552000 0 0 0 0
1473465600 0 0 0 0
1473379200 0 0 0 0
1473292800 0 0 0 0
1473206400 0 0 0 0
1473120000 0 0 0 0
1473033600 0 0 0 0
1472947200 0 0 0 0
1472860800 0 0 0 0
1472774400 0 0 0 0
1472688000 0 0 0 0
1472601600 0 0 0 0
1472515200 0 0 0 0
1472428800 0 0 0 0
1472342400 0 0 0 0
1472256000 0 0 0 0
1472169600 0 0 0 0
1472083200 0 0 0 0
1471996800 0 0 0 0
1471910400 0 0 0 0
1471824000 0 0 0 0
1471737600 0 0 0 0
1471651200 0 0 0 0
1471564800 0 0 0 0
1471478400 0 0 0 0
1471392000 0 0 0 0
1471305600 0 0 0 0
1471219200 0 0 0 0
1471132800 0 0 0 0
1471046400 0 0 0 0
1470960000 0 0 0 0
1470873600 0 0 0 0
1470787200 0 0 0 0
1470700800 0 0 0 0
1470614400 0 0 0 0
1470528000 0 0 0 0
1470441600 0 0 0 0
1470355200 0 0 0 0
1470268800 0 0 0 0
1470182400 0 0 0 0
1470096000 0 0 0 0
1470009600 0 0 0 0
1469923200 0 0 0 0
1469836800 0 0 0 0
1469750400 0 0 0 0
1469664000 0 0 0 0
1469577600 0 0 0 0
1469491200 0 0 0 0
1469404800 0 0 0 0
1469318400 0 0 0 0
1469232000 0 0 0 0
1469145600 0 0 0 0
1469059200 0 0 0 0
1468972800 0 0 0 0
1468886400 0 0 0 0
1468800000 0 0 0 0
1468713600 0 0 0 0
1468627200 0 0 0 0
1468540800 0 0 0 0
1468454400 0 0 0 0
1468368000 0 0 0 0
1468281600 0 0 0 0
1468195200 0 0 0 0
1468108800 0 0 0 0
1468022400 0 0 0 0
1467936000 0 0 0 0
1467849600 0 0 0 0
1467763200 0 0 0 0
1467676800 0 0 0 0
1467590400 0 0 0 0
1467504000 0 0 0 0
1467417600 0 0 0 0
1467331200 0 0 0 0
1467244800 0 0 0 0
1467158400 0 0 0 0
1467072000 0 0 0 0
1466985600 0 0 0 0
1466899200 0 0 0 0
1466812800 0 0 0 0
1466726400 0 0 0 0
1466640000 0 0 0 0
1466553600 0 0 0 0
1466467200 0 0 0 0
1466380800 0 0 0 0
1466294400 0 0 0 0
1466208000 0 0 0 0
1466121600 0 0 0 0
1466035200 0 0 0 0
1465948800 0 0 0 0
1465862400 0 0 0 0
1465776000 0 0 0 0
1465689600 0 0 0 0
1465603200 0 0 0 0
1465516800 0 0 0 0
1465430400 0 0 0 0
1465344000 0 0 0 0
1465257600 0 0 0 0
1465171200 0 0 0 0
1465084800 0 0 0 0
1464998400 0 0 0 0
1464912000 0 0 0 0
1464825600 0 0 0 0
1464739200 0 0 0 0
1464652800 0 0 0 0
1464566400 0 0 0 0
1464480000 0 0 0 0
1464393600 0 0 0 0
1464307200 0 0 0 0
1464220800 0 0 0 0
1464134400 0 0 0 0
1464048000 0 0 0 0
1463961600 0 0 0 0
1463875200 0 0 0 0
1463788800 0 0 0 0
1463702400 0 0 0 0
1463616000 0 0 0 0
1463529600 0 0 0 0
1463443200 0 0 0 0
1463356800 0 0 0 0
1463270400 0 0 0 0
1463184000 0 0 0 0
1463097600 0 0 0 0
1463011200 0 0 0 0
1462924800 0 0 0 0
1462838400 0 0 0 0
1462752000 0 0 0 0
1462665600 0 0 0 0
1462579200 0 0 0 0
1462492800 0 0 0 0
1462406400 0 0 0 0
1462320000 0 0 0 0
1462233600 0 0 0 0
1462147200 0 0 0 0
1462060800 0 0 0 0
1461974400 0 0 0 0
1461888000 0 0 0 0
1461801600 0 0 0 0
1461715200 0 0 0 0
1461628800 0 0 0 0
1461542400 0 0 0 0
1461456000 0 0 0 0
1461369600 0 0 0 0
1461283200 0 0 0 0
1461196800 0 0 0 0
1461110400 0 0 0 0
1461024000 0 0 0 0
1460937600 0 0 0 0
1460851200 0 0 0 0
1460764800 0 0 0 0
1460678400 0 0 0 0
1460592000 0 0 0 0
1460505600 0 0 0 0
1460419200 0 0 0 0
1460332800 0 0 0 0
1460246400 0 0 0 0
1460160000 0 0 0 0
1460073600 0 0 0 0
1459987200 0 0 0 0
1459900800 0 0 0 0
1459814400 0 0 0 0
1459728000 0 0 0 0
1459641600 0 0 0 0
1459555200 0 0 0 0
1459468800 0 0 0 0
1459382400 0 0 0 0
1459296000 0 0 0 0
1459209600 0 0 0 0
1459123200 0 0 0 0
1459036800 0 0 0 0
1458950400 0 0 0 0
1458864000 0 0 0 0
1458777600 0 0 0 0
1458691200 0 0 0 0
1458604800 0 0 0 0
1458518400 0 0 0 0
1458432000 0 0 0 0
1458345600 0 0 0 0
1458259200 0 0 0 0
1458172800 0 0 0 0
1458086400 0 0 0 0
1458000000 0 0 0 0
1457913600 0 0 0 0
1457827200 0 0 0 0
1457740800 0 0 0 0
1457654400 0 0 0 0
1457568000 0 0 0 0
1457481600 0 0 0 0
1457395200 0 0 0 0
1457308800 0 0 0 0
1457222400 0 0 0 0
1457136000 0 0 0 0
1457049600 0 0 0 0
1456963200 0 0 0 0
1456876800 0 0 0 0
1456790400 0 0 0 0
1456704000 0 0 0 0
1456617600 0 0 0 0
1456531200 0 0 0 0
1456444800 0 0 0 0
1456358400 0 0 0 0
1456272000 0 0 0 0
1456185600 0 0 0 0
1456099200 0 0 0 0
1456012800 0 0 0 0
1455926400 0 0 0 0
1455840000 0 0 0 0
1455753600 0 0 0 0
1455667200 0 0 0 0
1455580800 0 0 0 0
1455494400 0 0 0 0
1455408000 0 0 0 0
1455321600 0 0 0 0
1455235200 0 0 0 0
1455148800 0 0 0 0
1455062400 0 0 0 0
1454976000 0 0 0 0
1454889600 0 0 0 0
1454803200 0 0 0 0
1454716800 0 0 0 0
1454630400 0 0 0 0
1454544000 0 0 0 0
1454457600 0 0 0 0
1454371200 0 0 0 0
1454284800 0 0 0 0
1454198400 0 0 0 0
1454112000 0 0 0 0
1454025600 0 0 0 0
1453939200 0 0 0 0
1453852800 0 0 0 0
1453766400 0 0 0 0
1453680000 0 0 0 0
1453593600 0 0 0 0
1453507200 0 0 0 0
1453420800 0 0 0 0
1453334400 0 0 0 0
1453248000 0 0 0 0
1453161600 0 0 0 0
1453075200 0 0 0 0
1452988800 0 0 0 0
1452902400 0 0 0 0
1452816000 0 0 0 0
1452729600 0 0 0 0
1452643200 0 0 0 0
1452556800 0 0 0 0
1452470400 0 0 0 0
1452384000 0 0 0 0
1452297600 0 0 0 0
1452211200 0 0 0 0
1452124800 0 0 0 0
1452038400 0 0 0 0
1451952000 0 0 0 0
1451865600 0 0 0 0
1451779200 0 0 0 0
1451692800 0 0 0 0
1451606400 0 0 0 0
1451520000 0 0 0 0
1451433600 0 0 0 0
1451347200 0 0 0 0
1451260800 0 0 0 0
1451174400 0 0 0 0
1451088000 0 0 0 0
1451001600 0 0 0 0
1450915200 0 0 0 0
1450828800 0 0 0 0
1450742400 0 0 0 0
1450656000 0 0 0 0
1450569600 0 0 0 0
1450483200 0 0 0 0
1450396800 0 0 0 0
1450310400 0 0 0 0
1450224000 0 0 0 0
1450137600 0 0 0 0
1450051200 0 0 0 0
1449964800 0 0 0 0
1449878400 0 0 0 0
1449792000 0 0 0 0
1449705600 0 0 0 0
1449619200 0 0 0 0
1449532800 0 0 0 0
1449446400 0 0 0 0
1449360000 0 0 0 0
1449273600 0 0 0 0
1449187200 0 0 0 0
1449100800 0 0 0 0
1449014400 0 0 0 0
1448928000 0 0 0 0
1448841600 0 0 0 0
1448755200 0 0 0 0
1448668800 0 0 0 0
1448582400 0 0 0 0
1448496000 0 0 0 0
1448409600 0 0 0 0
1448323200 0 0 0 0
1448236800 0 0 0 0
1448150400 0 0 0 0
1448064000 0 0 0 0
1447977600 0 0 0 0
1447891200 0 0 0 0
1447804800 0 0 0 0
1447718400 0 0 0 0
1447632000 0 0 0 0
1447545600 0 0 0 0
1447459200 0 0 0 0
1447372800 0 0 0 0
1447286400 0 0 0 0
1447200000 0 0 0 0
1447113600 0 0 0 0
1447027200 0 0 0 0
1446940800 0 0 0 0
1446854400 0 0 0 0
1446768000 0 0 0 0
1446681600 0 0 0 0
1446595200 0 0 0 0
1446508800 0 0 0 0
1446422400 0 0 0 0
1446336000 0 0 0 0
1446249600 0 0 0 0
1446163200 0 0 0 0
1446076800 0 0 0 0
1445990400 0 0 0 0
1445904000 0 0 0 0
1445817600 0 0 0 0
1445731200 0 0 0 0
1445644800 0 0 0 0
1445558400 0 0 0 0
1445472000 0 0 0 0
1445385600 0 0 0 0
1445299200 0 0 0 0
1445212800 0 0 0 0
1445126400 0 0 0 0
1445040000 0 0 0 0
1444953600 0 0 0 0
1444867200 0 0 0 0
1444780800 0 0 0 0
1444694400 0 0 0 0
1444608000 0 0 0 0
1444521600 0 0 0 0
1444435200 0 0 0 0
1444348800 0 0 0 0
1444262400 0 0 0 0
1444176000 0 0 0 0
1444089600 0 0 0 0
1444003200 0 0 0 0
1443916800 0 0 0 0
1443830400 0 0 0 0
1443744000 0 0 0 0
1443657600 0 0 0 0
1443571200 0 0 0 0
1443484800 0 0 0 0
1443398400 0 0 0 0
1443312000 0 0 0 0
1443225600 0 0 0 0
1443139200 0 0 0 0
1443052800 0 0 0 0
1442966400 0 0 0 0
1442880000 0 0 0 0
1442793600 0 0 0 0
1442707200 0 0 0 0
1442620800 0 0 0 0
1442534400 0 0 0 0
1442448000 0 0 0 0
1442361600 0 0 0 0
1442275200 0 0 0 0
1442188800 0 0 0 0
1442102400 0 0 0 0
1442016000 0 0 0 0
1441929600 0 0 0 0
1441843200 0 0 0 0
1441756800 0 0 0 0
1441670400 0 0 0 0
1441584000 0 0 0 0
1441497600 0 0 0 0
1441411200 0 0 0 0
1441324800 0 0 0 0
1441238400 0 0 0 0
1441152000 0 0 0 0
1441065600 0 0 0 0
1440979200 0 0 0 0
1440892800 0 0 0 0
1440806400 0 0 0 0
1440720000 0 0 0 0
1440633600 0 0 0 0
1440547200 0 0 0 0
1440460800 0 0 0 0
1440374400 0 0 0 0
1440288000 0 0 0 0
1440201600 0 0 0 0
1440115200 0 0 0 0
1440028800 0 0 0 0
1439942400 0 0 0 0
1439856000 0 0 0 0
1439769600 0 0 0 0
1439683200 0 0 0 0
1439596800 0 0 0 0
1439510400 0 0 0 0
1439424000 0 0 0 0
1439337600 0 0 0 0
1439251200 0 0 0 0
1439164800 0 0 0 0
1439078400 0 0 0 0
1438992000 0 0 0 0
1438905600 0 0 0 0
1438819200 0 0 0 0
1438732800 0 0 0 0
1438646400 0 0 0 0
1438560000 0 0 0 0
1438473600 0 0 0 0
1438387200 0 0 0 0
1438300800 0 0 0 0
1438214400 0 0 0 0
1438128000 0 0 0 0
1438041600 0 0 0 0
1437955200 0 0 0 0
1437868800 0 0 0 0
1437782400 0 0 0 0
1437696000 0 0 0 0
1437609600 0 0 0 0
1437523200 0 0 0 0
1437436800 0 0 0 0
1437350400 0 0 0 0
1437264000 0 0 0 0
1437177600 0 0 0 0
1437091200 0 0 0 0
1437004800 0 0 0 0
1436918400 0 0 0 0
1436832000 0 0 0 0
1436745600 0 0 0 0
1436659200 0 0 0 0
1436572800 0 0 0 0
1436486400 0 0 0 0
1436400000 0 0 0 0
1436313600 0 0 0 0
1436227200 0 0 0 0
1436140800 0 0 0 0
1436054400 0 0 0 0
1435968000 0 0 0 0
1435881600 0 0 0 0
1435795200 0 0 0 0
1435708800 0 0 0 0
1435622400 0 0 0 0
1435536000 0 0 0 0
