1504297338 26323542080 50931548428
1504297338 23 904 23 904
1504297039 22 960 22 960
1504296900 22 1107 23 1279
1504296600 22 1237 23 1279
1504296300 22 1211 23 1238
1504296000 22 1207 23 1238
1504295700 22 1454 22 1783
1504295400 22 1464 22 1783
1504295100 22 1219 23 1363
1504294800 22 1452 23 1558
1504294500 22 1254 23 1558
1504294200 22 973 23 1058
1504293900 22 1034 22 1058
1504293600 22 1010 22 1015
1504293300 22 994 22 1015
1504293000 22 1044 22 1129
1504292700 22 1198 22 1281
1504292400 22 1258 22 1281
1504292100 22 1162 23 1233
1504291800 22 1078 23 1081
1504291500 22 1131 23 1198
1504291200 22 1185 23 1198
1504290900 22 1200 22 1237
1504290600 22 1225 22 1237
1504290300 22 1319 23 1445
1504290000 22 1342 23 1445
1504289700 22 1332 23 1460
1504289400 22 1407 23 1460
1504289100 22 1254 22 1347
1504288800 22 1095 22 1146
1504288500 22 1033 23 1038
1504288200 22 999 23 1029
1504287900 22 972 23 982
1504287600 22 1121 23 1285
1504287300 22 1226 23 1285
1504287000 22 1205 23 1260
1504286700 22 1328 22 1408
1504286400 22 1293 22 1408
1504286100 22 1150 22 1160
1504285800 22 1173 22 1213
1504285500 22 1178 22 1213
1504285200 22 1139 22 1139
1504284900 22 1127 23 1139
1504284600 22 1156 23 1206
1504284300 22 1271 22 1347
1504284000 22 1240 22 1347
1504283700 22 1172 22 1236
1504283400 22 1123 22 1236
1504283100 22 1024 22 1063
1504282800 22 1082 22 1106
1504282500 22 1125 23 1149
1504282200 22 1143 23 1149
1504281900 22 1174 22 1219
1504281600 22 1161 22 1219
1504281300 22 1208 22 1345
1504281000 22 1307 22 1345
1504280700 22 1193 22 1264
1504280400 22 1174 22 1248
1504280100 22 1193 23 1248
1504279800 22 1160 23 1198
1504279500 22 1203 23 1210
1504279200 22 1298 23 1400
1504278900 22 1436 22 1480
1504278600 22 1294 22 1480
1504278300 22 1149 22 1232
1504278000 22 1283 22 1344
1504277700 22 1270 23 1344
1504277400 22 1138 23 1185
1504277100 22 1183 23 1301
1504276800 22 1249 23 1301
1504276500 22 1093 23 1189
1504276200 22 1145 23 1335
1504275900 22 1223 22 1335
1504275600 22 1273 22 1482
1504275300 22 1629 23 1800
1504275000 22 1480 23 1800
1504274700 22 1082 22 1111
1504274400 22 1187 22 1351
1504274100 22 1453 23 1573
1504273800 22 1379 23 1573
1504273500 22 1170 23 1190
1504273200 22 1252 23 1324
1504272900 22 1518 23 1746
1504272600 22 1654 23 1746
1504272300 22 1524 23 1547
1504272000 22 1288 23 1497
1504271700 22 1272 22 1536
1504271400 22 1569 22 1609
1504271100 22 1441 22 1609
1504270800 22 1019 22 1247
1504270500 22 811 23 876
1504270200 22 739 23 876
1504269900 22 761 22 971
1504269600 22 767 22 971
1504269300 22 761 22 1031
1504269000 22 946 22 1031
1504268700 22 692 22 848
1504268400 22 531 22 556
1504268100 22 551 24 556
1504267800 23 510 24 546
1504267500 22 510 22 560
1504267200 22 634 22 723
1504266900 22 640 23 723
1504266600 22 508 23 544
1504266300 22 460 22 466
1504266000 22 420 22 454
1504265700 22 419 23 464
1504265400 22 473 23 485
1504265100 22 432 23 485
1504264800 22 405 23 445
1504264500 22 445 22 446
1504264200 22 405 22 446
1504263900 22 418 22 488
1504263600 22 460 22 488
1504263300 22 412 23 429
1504263000 22 434 23 483
1504262700 22 454 22 483
1504262400 22 434 22 449
1504262100 22 473 22 501
1504261800 22 464 22 501
1504261500 22 423 22 425
1504261200 22 444 22 467
1504260900 22 454 23 467
1504260600 22 415 23 441
1504260300 22 424 22 471
1504260000 22 427 22 471
1504259700 22 385 22 396
1504259400 22 449 22 511
1504259100 22 439 22 511
1504258800 22 373 22 396
1504258500 22 433 23 476
1504258200 22 435 23 476
1504257900 22 400 22 414
1504257600 22 432 22 455
1504257300 22 427 22 455
1504257000 22 389 22 395
1504256700 22 415 22 454
1504256400 22 425 22 454
1504256100 22 401 23 412
1504255800 22 435 23 463
1504255500 22 422 22 463
1504255200 22 391 22 410
1504254900 22 408 22 410
1504254600 22 404 22 406
1504254300 22 440 22 484
1504254000 22 457 22 484
1504253700 22 429 22 433
1504253400 22 404 22 433
1504253100 22 377 22 384
1504252800 22 377 22 384
1504252500 22 398 22 432
1504252200 22 413 22 432
1504251900 22 384 22 392
1504251600 22 392 22 412
1504251300 22 399 23 412
1504251000 22 402 23 422
1504250700 22 433 22 446
1504250400 22 440 22 446
1504250100 22 425 23 435
1504249800 22 411 23 414
1504249500 22 389 23 408
1504249200 22 389 23 416
1504248900 22 442 23 473
1504248600 22 439 23 473
1504248300 22 395 22 401
1504248000 22 412 22 440
1504247700 22 402 22 440
1504247400 22 383 22 411
1504247100 22 426 22 445
1504246800 22 433 22 445
1504246500 22 433 23 449
1504246200 22 433 23 449
1504245900 22 400 22 416
1504245600 22 413 22 450
1504245300 22 436 22 450
1504245000 22 421 22 421
1504244700 22 418 22 421
1504244400 22 414 22 415
1504244100 22 406 23 413
1504243800 22 431 23 469
1504243500 22 453 22 469
1504243200 22 441 22 448
1504242900 22 437 23 448
1504242600 22 423 23 426
1504242300 22 411 22 420
1504242000 22 415 22 432
1504241700 22 428 23 432
1504241400 22 422 23 424
1504241100 22 417 23 420
1504240800 22 390 23 414
1504240500 22 385 22 412
1504240200 22 441 22 476
1504239900 22 444 22 476
1504239600 22 418 22 432
1504239300 22 476 23 528
1504239000 22 456 23 528
1504238700 22 378 23 384
1504238400 22 452 23 532
1504238100 22 440 22 532
1504237800 22 394 22 466
1504237500 22 450 22 466
1504237200 22 402 22 432
1504236900 22 388 23 414
1504236600 22 435 23 460
1504236300 22 460 22 462
1504236000 22 450 22 462
1504235700 22 421 22 437
1504235400 22 404 22 406
1504235100 22 418 22 433
1504234800 22 397 22 433
1504234500 22 391 23 434
1504234200 22 446 23 461
1504233900 22 416 22 461
1504233600 22 395 22 432
1504233300 22 444 22 459
1504233000 22 413 22 459
1504232700 22 388 23 424
1504232400 22 451 23 483
1504232100 22 441 23 483
1504231800 22 389 23 394
1504231500 22 414 22 449
1504231200 22 416 22 449
1504230900 22 379 22 380
1504230600 22 429 22 486
1504230300 22 445 23 486
1504230000 22 379 23 397
1504229700 22 440 23 536
1504229400 22 473 23 536
1504229100 22 407 22 416
1504228800 22 432 22 452
1504228500 22 410 22 452
1504228200 22 386 22 417
1504227900 22 426 22 438
1504227600 22 419 22 438
1504227300 22 405 23 415
1504227000 22 442 23 475
1504226700 22 444 22 475
1504226400 22 415 22 423
1504226100 22 432 22 443
1504225800 22 424 22 443
1504225500 22 426 22 453
1504225200 22 456 22 461
1504224900 22 446 24 461
1504224600 23 440 24 455
1504224300 22 440 22 455
1504224000 22 425 22 428
1504223700 22 447 22 471
1504223400 22 440 22 471
1504223100 22 417 22 433
1504222800 22 453 22 478
1504222500 22 429 22 478
1504222200 22 415 22 466
1504221900 22 453 22 466
1504221600 22 412 22 438
1504221300 22 388 22 396
1504221000 22 424 22 459
1504220700 22 441 22 459
1504220400 22 416 22 420
1504220100 22 437 22 466
1504219800 22 426 22 466
1504219500 22 394 22 411
1504219200 22 423 22 439
1504218900 22 434 22 439
1504218600 22 444 22 462
1504218300 22 462 22 462
1504218000 22 436 22 462
1504217700 22 432 22 461
1504217400 22 423 22 461
1504217100 22 412 22 451
1504216800 22 437 22 451
1504216500 22 399 22 421
1504216200 22 452 22 545
1504215900 22 591 22 647
1504215600 22 583 22 647
1504215300 22 525 23 544
1504215000 22 578 23 618
1504214700 22 583 22 618
1504214400 22 630 22 733
1504214100 22 705 22 733
1504213800 22 729 22 796
1504213500 22 898 22 1019
1504213200 22 1024 22 1030
1504212900 22 1168 22 1332
1504212600 22 1309 22 1332
1504212300 22 1167 22 1282
1504212000 22 1016 22 1032
1504211700 22 1147 22 1323
1504211400 22 1356 22 1395
1504211100 22 1302 22 1395
1504210800 22 1189 22 1196
1504210500 22 1343 22 1533
1504210200 22 1385 22 1533
1504209900 22 1165 22 1213
1504209600 22 1314 22 1556
1504209300 22 1359 22 1556
1504209000 22 1332 22 1565
1504208700 22 1542 22 1565
1504208400 22 1364 22 1516
1504208100 22 1242 22 1307
1504207800 22 1248 22 1307
1504207500 22 1337 22 1523
1504207200 22 1512 22 1523
1504206900 22 1346 22 1500
1504206600 22 1221 22 1284
1504206300 22 1395 22 1525
1504206000 22 1451 22 1525
1504205700 22 1314 22 1367
1504205400 22 1300 22 1355
1504205100 22 1485 22 1636
1504204800 22 1431 22 1636
1504204500 22 1201 22 1212
1504204200 22 1376 22 1567
1504203900 22 1526 22 1567
1504203600 22 1483 22 1490
1504203300 22 1513 22 1540
1504203000 22 1500 22 1540
1504202700 22 1471 22 1491
1504202400 22 1491 22 1492
1504202100 22 1322 22 1492
1504201800 22 1174 22 1231
1504201500 22 1254 22 1283
1504201200 22 1281 22 1283
1504200900 22 1306 22 1339
1504200600 22 1346 22 1356
1504200300 22 1277 22 1356
1504200000 22 1221 22 1262
1504199700 22 1244 22 1262
1504199400 22 1230 22 1238
1504199100 22 1384 22 1556
1504198800 22 1462 22 1556
1504198500 22 1350 23 1352
1504198200 22 1294 23 1348
1504197900 22 1493 22 1800
1504197600 22 1587 22 1800
1504197300 22 1283 22 1338
1504197000 22 1399 22 1608
1504196700 22 1517 22 1608
1504196400 22 1376 22 1411
1504196100 22 1316 22 1337
1504195800 22 1378 22 1481
1504195500 22 1329 22 1481
1504195200 22 1288 22 1444
1504194900 22 1596 22 1775
1504194600 22 1626 22 1775
1504194300 22 1505 22 1568
1504194000 22 1603 22 1644
1504193700 22 1405 22 1644
1504193400 22 1336 22 1585
1504193100 22 1506 22 1585
1504192800 22 1295 22 1415
1504192500 22 1278 22 1421
1504192200 22 1419 22 1421
1504191900 22 1495 22 1586
1504191600 22 1511 22 1586
1504191300 22 1309 22 1425
1504191000 22 1152 22 1176
1504190700 22 1454 22 1841
1504190400 22 1607 22 1841
1504190100 22 1387 22 1444
1504189800 22 1333 22 1444
1504189500 22 1207 22 1209
1504189200 22 1181 22 1209
1504188900 22 1284 22 1443
1504188600 22 1387 22 1443
1504188300 22 1206 22 1322
1504188000 22 1067 22 1073
1504187700 22 1187 22 1335
1504187400 22 1492 22 1676
1504187100 22 1466 22 1676
1504186800 22 1464 22 1744
1504186500 22 1911 22 2105
1504186200 22 1872 22 2105
1504185900 22 1380 22 1604
1504185600 22 1232 22 1363
1504185300 22 1338 22 1363
1504185000 22 1479 22 1677
1504184700 22 1589 22 1677
1504184400 22 1294 22 1487
1504184100 22 1101 22 1139
1504183800 22 1185 22 1240
1504183500 22 1103 22 1240
1504183200 22 1006 22 1082
1504182900 22 980 22 1082
1504182600 22 1050 22 1270
1504182300 22 1023 22 1270
1504182000 22 1101 22 1530
1504181700 33 1423 47 1530
1504181400 38 1121 47 1300
1504181100 31 855 34 912
1504180800 32 791 34 794
1504180500 31 814 33 839
1504180200 33 854 33 872
1504179900 32 834 33 872
1504179600 32 806 34 826
1504179300 31 815 34 826
1504179000 31 816 34 831
1504178700 33 816 34 831
1504178400 32 851 32 913
1504178100 32 826 33 913
1504177800 31 769 33 820
1504177500 31 826 34 835
1504177200 32 858 34 885
1504176900 31 862 33 885
1504176600 33 845 33 856
1504176300 32 813 33 856
1504176000 32 788 35 817
1504175700 32 803 35 817
1504175400 31 811 34 839
1504175100 32 797 34 839
1504174800 31 804 32 869
1504174500 32 841 33 869
1504174200 31 810 33 812
1504173900 31 798 34 812
1504173600 32 805 34 833
1504173300 31 839 32 847
1504173000 32 844 33 847
1504172700 32 822 33 841
1504172400 32 821 34 845
1504172100 31 792 34 845
1504171800 31 769 34 816
1504171500 33 823 34 833
1504171200 32 809 32 833
1504170900 32 796 33 813
1504170600 31 821 33 832
1504170300 31 786 34 832
1504170000 32 775 34 826
1504169700 32 816 34 826
1504169400 33 816 34 828
1504169100 31 813 32 828
1504168800 32 802 35 810
1504168500 32 793 35 810
1504168200 31 773 34 775
1504167900 32 812 34 860
1504167600 31 822 32 860
1504167300 32 807 34 840
1504167000 31 838 34 840
1504166700 31 797 34 837
1504166400 32 780 34 816
1504166100 32 797 34 816
1504165800 33 823 34 879
1504165500 31 828 32 879
1504165200 32 785 34 805
1504164900 31 797 34 805
1504164600 30 812 33 839
1504164300 32 798 33 839
1504164000 32 804 32 868
1504163700 32 840 33 868
1504163400 31 802 33 809
1504163100 31 795 35 797
1504162800 33 810 35 827
1504162500 32 807 34 827
1504162200 33 791 34 800
1504161900 31 827 32 859
1504161600 32 795 35 859
1504161300 32 772 35 832
1504161000 31 826 34 832
1504160700 33 777 34 821
1504160400 32 815 32 918
1504160100 32 863 33 918
1504159800 31 797 33 799
1504159500 31 792 34 795
1504159200 32 808 34 831
1504158900 31 795 32 831
1504158600 32 796 33 847
1504158300 32 816 33 847
1504158000 32 802 35 827
1504157700 32 783 35 827
1504157400 31 794 34 866
1504157100 33 913 34 969
1504156800 38 1164 46 1393
1504156500 34 956 46 1393
1504156200 22 488 22 540
1504155900 28 549 36 561
1504155600 29 563 36 567
1504155300 28 579 35 594
1504155000 29 579 35 594
1504154700 28 532 35 562
1504154400 28 527 35 560
1504154100 28 570 35 583
1504153800 28 560 35 583
1504153500 27 564 33 598
1504153200 29 594 33 598
1504152900 23 554 25 591
1504152600 28 549 37 595
1504152300 30 582 37 595
1504152000 27 568 35 571
1504151700 29 572 35 574
1504151400 28 599 35 630
1504151100 28 569 35 630
1504150800 27 566 35 646
1504150500 28 598 35 646
1504150200 27 582 35 627
1504149900 28 601 35 627
1504149600 28 589 35 608
1504149300 29 595 35 608
1504149000 28 593 35 610
1504148700 28 585 35 610
1504148400 28 599 35 647
1504148100 29 614 35 647
1504147800 22 564 22 577
1504147500 27 583 35 622
1504147200 28 622 35 622
1504146900 28 588 35 622
1504146600 29 567 35 589
1504146300 27 615 34 647
1504146000 28 592 34 647
1504145700 28 575 35 631
1504145400 29 627 35 631
1504145100 27 594 35 624
1504144800 28 579 35 603
1504144500 27 605 35 608
1504144200 29 579 35 608
1504143900 28 595 35 651
1504143600 29 645 35 651
1504143300 27 594 34 639
1504143000 28 588 34 641
1504142700 22 620 22 641
1504142400 28 609 37 624
1504142100 30 609 37 624
1504141800 28 611 36 633
1504141500 30 600 36 633
1504141200 28 600 35 643
1504140900 29 615 35 643
1504140600 27 624 34 673
1504140300 28 614 34 673
1504140000 28 576 36 611
1504139700 29 608 36 611
1504139400 27 651 35 706
1504139100 28 634 35 706
1504138800 22 597 23 652
1504138500 22 627 23 652
1504138200 22 587 23 600
1504137900 22 571 23 573
1504137600 22 597 22 630
1504137300 22 587 22 630
1504137000 22 584 22 640
1504136700 22 616 22 640
1504136400 22 572 23 589
1504136100 22 576 23 604
1504135800 22 613 23 625
1504135500 22 586 23 625
1504135200 22 597 22 662
1504134900 22 616 22 662
1504134600 22 548 22 564
1504134300 22 556 22 587
1504134000 22 611 22 639
1504133700 22 597 22 639
1504133400 22 599 23 660
1504133100 22 626 23 660
1504132800 22 547 22 587
1504132500 22 558 22 625
1504132200 22 647 22 674
1504131900 22 622 22 674
1504131600 22 579 22 601
1504131300 22 584 22 601
1504131000 22 629 23 703
1504130700 22 677 23 703
1504130400 22 613 23 647
1504130100 22 586 23 599
1504129800 22 654 23 719
1504129500 22 643 23 719
1504129200 22 612 22 678
1504128900 22 678 22 680
1504128600 22 734 23 797
1504128300 22 1476 23 2275
1504128000 22 1753 22 2275
1504127700 22 960 22 1142
1504127400 22 812 22 889
1504127100 22 864 22 889
1504126800 22 824 22 837
1504126500 22 1017 22 1260
1504126200 22 1294 23 1334
1504125900 22 1207 23 1334
1504125600 22 989 22 1062
1504125300 22 1022 22 1161
1504125000 22 1161 23 1162
1504124700 22 1239 23 1330
1504124400 22 1763 23 2272
1504124100 22 1761 23 2272
1504123800 22 1206 23 1249
1504123500 22 1358 23 1486
1504123200 22 1430 22 1486
1504122900 22 1319 22 1367
1504122600 22 1405 23 1572
1504122300 22 1408 23 1572
1504122000 22 1471 22 1763
1504121700 22 1588 22 1763
1504121400 22 1499 23 1637
1504121100 22 1497 23 1637
1504120800 22 1329 22 1335
1504120500 22 1358 22 1401
1504120200 22 1535 23 1693
1504119900 22 1824 23 1977
1504119600 22 1809 22 1977
1504119300 22 1522 22 1616
1504119000 22 1391 23 1414
1504118700 22 1269 23 1365
1504118400 22 1304 22 1474
1504118100 22 1622 22 1797
1504117800 22 1561 22 1797
1504117500 22 1264 22 1286
1504117200 22 1482 23 1765
1504116000 22 1292 23 1543
1504114200 22 1275 23 1543
1504112400 22 1201 23 1374
1504110600 22 1482 23 1805
1504108800 22 1355 23 1805
1504107000 22 1328 23 1659
1504105200 22 1533 23 2039
1504103400 22 1522 23 2036
1504101600 22 1346 22 1537
1504099800 22 1513 24 1737
1504098000 22 1321 23 2184
1504096200 22 953 22 1169
1504094400 22 721 23 1138
1504092600 22 607 23 647
1504090800 22 609 23 681
1504089000 22 645 23 739
1504087200 22 583 23 643
1504085400 22 602 23 681
1504083600 22 580 23 658
1504081800 22 602 23 638
1504080000 22 595 22 633
1504078200 22 599 23 665
1504076400 22 586 23 665
1504074600 22 581 23 647
1504072800 22 583 23 615
1504071000 22 590 23 623
1504069200 22 582 23 604
1504067400 22 586 23 608
1504065600 22 583 23 616
1504063800 21 588 23 629
1504062000 21 599 23 630
1504060200 22 609 22 761
1504058400 21 621 23 784
1504056600 22 606 24 742
1504054800 21 592 23 691
1504053000 22 602 23 652
1504051200 22 589 22 674
1504049400 22 589 23 644
1504047600 22 586 23 625
1504045800 22 603 23 658
1504044000 22 762 23 1210
1504042200 22 796 23 870
1504040400 22 1225 23 1471
1504038600 22 1397 23 1632
1504036800 22 1561 22 2089
1504035000 22 1825 23 2089
1504033200 22 1602 23 2036
1504031400 22 1431 23 1773
1504029600 22 1515 22 1940
1504027800 22 1694 23 1996
1504026000 22 1368 23 1578
1504024200 22 1473 23 1684
1504022400 22 1420 22 1605
1504020600 22 1488 23 1779
1504018800 22 1568 23 1826
1504017000 22 1450 23 1739
1504015200 22 1726 23 2237
1504013400 22 1698 24 1945
1504011600 22 1193 22 1457
1504009800 22 930 23 1180
1504008000 22 771 22 1316
1504006200 22 615 22 865
1504004400 22 537 22 598
1504002600 22 555 23 600
1504000800 22 563 22 591
1503999000 22 548 22 622
1503997200 22 552 22 594
1503995400 22 551 22 606
1503993600 22 551 22 589
1503991800 22 564 22 637
1503990000 22 544 22 588
1503988200 22 550 23 626
1503986400 22 555 22 596
1503984600 22 542 22 577
1503982800 22 537 22 588
1503981000 22 538 23 678
1503979200 22 540 23 657
1503977400 22 525 22 575
1503975600 22 555 22 598
1503973800 22 557 22 618
1503972000 22 563 22 626
1503970200 22 564 24 625
1503968400 22 566 23 625
1503966600 22 564 22 590
1503964800 22 577 22 631
1503963000 22 563 23 607
1503961200 22 572 22 620
1503959400 22 750 22 1390
1503957600 22 821 22 1390
1503955800 22 900 22 1267
1503954000 22 1129 22 1346
1503952200 22 1386 22 1490
1503950400 22 1557 22 1879
1503948600 22 1367 22 1906
1503946800 22 1489 22 1906
1503945000 22 1327 22 1484
1503943200 22 1390 22 1875
1503941400 22 1227 22 1561
1503939600 22 1398 22 1597
1503937800 22 1393 22 1552
1503936000 22 1377 22 1620
1503934200 22 1172 22 1588
1503932400 22 1363 23 1792
1503930600 22 1575 23 2021
1503928800 22 1797 23 2359
1503927000 22 1342 23 1683
1503925200 22 1003 22 1381
1503923400 22 805 22 1146
1503921600 22 533 22 839
1503919800 22 441 23 479
1503918000 22 463 23 488
1503916200 22 420 23 449
1503914400 22 424 23 443
1503912600 22 428 23 479
1503910800 22 417 23 470
1503909000 22 420 23 471
1503907200 22 421 23 446
1503905400 22 424 23 452
1503903600 22 421 23 456
1503901800 22 422 23 486
1503900000 22 419 23 453
1503898200 22 428 23 474
1503896400 22 426 23 483
1503894600 22 421 23 464
1503892800 22 461 23 513
1503891000 22 467 23 517
1503889200 22 469 22 517
1503887400 22 467 23 493
1503885600 22 467 22 500
1503883800 22 468 23 504
1503882000 22 467 23 491
1503880200 22 466 23 507
1503878400 22 465 23 530
1503876600 22 470 22 532
1503874800 22 466 22 508
1503873000 22 472 23 533
1503871200 22 469 22 507
1503869400 22 472 23 508
1503867600 22 470 23 511
1503865800 22 468 23 509
1503864000 22 466 23 496
1503862200 22 476 22 509
1503860400 22 465 22 513
1503858600 22 421 22 457
1503856800 22 421 23 448
1503855000 22 428 23 475
1503853200 22 425 23 456
1503851400 22 418 23 460
1503849600 22 425 23 495
1503847800 22 424 22 475
1503846000 22 431 22 491
1503844200 22 426 22 466
1503842400 22 419 23 470
1503840600 22 428 23 473
1503838800 22 422 23 477
1503837000 22 429 22 492
1503835200 22 423 22 453
1503833400 22 429 23 466
1503831600 22 423 22 467
1503829800 22 420 22 451
1503828000 22 426 22 447
1503826200 22 428 23 482
1503824400 22 426 23 459
1503822600 22 424 22 465
1503820800 22 422 22 470
1503819000 22 432 23 457
1503817200 22 425 23 463
1503815400 22 425 23 472
1503813600 22 421 23 463
1503811800 22 422 23 443
1503810000 22 426 23 466
1503808200 22 419 23 460
1503806400 22 418 23 454
1503804600 22 423 22 451
1503802800 22 423 23 445
1503801000 22 419 23 453
1503799200 22 420 23 475
1503797400 22 427 23 471
1503795600 22 424 22 461
1503793800 22 423 23 454
1503792000 22 425 23 468
1503790200 22 424 23 468
1503788400 22 423 22 465
1503786600 22 424 23 444
1503784800 22 419 22 442
1503783000 22 434 22 477
1503781200 22 422 23 446
1503779400 22 420 23 445
1503777600 22 422 23 448
1503775800 22 432 23 464
1503774000 22 426 23 483
1503772200 22 422 23 477
1503770400 22 424 23 494
1503768600 22 427 23 496
1503766800 22 429 23 457
1503765000 22 421 23 445
1503763200 22 424 22 448
1503761400 22 421 23 443
1503759600 22 424 23 443
1503757800 22 427 23 473
1503756000 22 419 23 446
1503754200 22 429 23 476
1503752400 22 425 23 453
1503750600 22 424 23 458
1503748800 22 419 22 444
1503747000 22 428 22 478
1503745200 22 422 23 472
1503743400 22 420 23 463
1503741600 22 428 22 459
1503739800 22 431 23 477
1503738000 22 421 23 459
1503736200 22 421 22 459
1503734400 22 424 23 456
1503732600 22 425 23 446
1503730800 22 425 23 467
1503729000 22 425 23 478
1503727200 22 421 22 466
1503725400 22 425 23 465
1503723600 22 424 23 445
1503721800 22 426 23 464
1503720000 22 468 23 513
1503718200 22 469 23 503
1503716400 22 468 23 497
1503714600 22 471 23 491
1503712800 22 467 23 500
1503711000 22 474 23 536
1503709200 22 466 23 502
1503707400 22 466 23 506
1503705600 22 472 23 498
1503703800 22 464 23 500
1503702000 22 440 23 466
1503700200 22 459 23 546
1503698400 22 521 22 589
1503696600 22 599 23 749
1503694800 42 692 90 770
1503693000 79 942 138 1222
1503691200 66 1268 138 2185
1503689400 4974 14321 12669 37161
1503687600 4540 6047 11922 13563
1503685800 3479 8114 6847 20596
1503684000 1956 19879 6847 96137
1503682200 3514 16992 10072 141554
1503680400 8557 61959 31226 183222
1503678600 4097 5549 11432 12704
1503676800 3954 8877 9405 23396
1503675000 9784 45214 16104 161423
1503673200 17270 13665 40653 15301
1503671400 4722 7160 40653 15301
1503669600 4080 10017 12788 34975
1503667800 10269 44246 13797 179291
1503666000 184278 78538 1050670 179291
1503664200 22 946 23 1299
1503662400 22 701 22 1133
1503660600 22 597 23 695
1503658800 22 566 23 618
1503657000 22 562 23 577
1503655200 22 569 22 601
1503653400 22 580 22 635
1503651600 22 566 22 652
1503649800 22 566 23 629
1503648000 22 563 22 613
1503646200 22 576 23 640
1503644400 22 572 23 650
1503642600 22 573 23 683
1503640800 22 568 23 632
1503639000 22 579 22 671
1503637200 22 570 22 612
1503635400 22 588 23 684
1503633600 21 562 23 592
1503631800 22 582 22 616
1503630000 22 568 23 636
1503628200 21 563 23 609
1503626400 21 568 23 607
1503624600 22 594 23 731
1503622800 22 546 23 622
1503621000 22 560 23 622
1503619200 22 544 22 572
1503617400 22 553 23 612
1503615600 22 551 23 641
1503613800 22 629 23 988
1503612000 22 696 23 998
1503610200 22 989 23 1164
1503608400 477 1319 5468 6474
1503606600 3871 5062 10551 11607
1503604800 22 1209 23 1377
1503603000 276 1550 2491 3047
1503601200 1222 6493 2720 21804
1503599400 2453 6625 4937 16270
1503597600 4778 39635 18540 265736
1503595800 9094 114488 18540 265736
1503594000 1469 9690 3823 31792
1503592200 2308 8180 3166 13229
1503590400 14819 6711 23254 13229
1503588600 1011 4051 1261 5041
1503586800 4662 3090 5856 3167
1503585000 1327 2681 5856 3167
1503583200 1675 3988 1760 4105
1503581400 2363 12785 6533 42261
1503579600 15800 41492 141070 42261
1503577800 141070 31122 141070 31122
1503576000 25801 6247 141070 31122
1503574200 22 587 22 684
1503572400 22 585 22 601
1503570600 22 602 22 607
1503568800 22 607 22 607
1503567000 22 607 22 607
1503565200 22 597 22 607
1503563400 22 598 22 607
1503561600 22 607 22 607
1503559800 22 589 22 607
1503558000 22 580 22 580
1503556200 22 580 22 581
1503554400 22 579 22 581
1503552600 22 579 22 580
1503550800 22 591 22 594
1503549000 22 591 22 594
1503547200 22 595 22 601
1503545400 22 616 22 621
1503543600 22 612 22 621
1503541800 22 615 22 621
1503540000 22 608 22 630
1503538200 22 640 22 650
1503536400 22 616 22 633
1503534600 22 594 23 618
1503532800 22 594 22 612
1503531000 22 597 22 613
1503529200 22 596 22 608
1503527400 22 636 23 666
1503525600 22 657 22 700
1503523800 22 851 22 1042
1503522000 22 982 23 1135
1503520200 22 1140 23 1219
1503518400 522 2113 2095 5219
1503516600 3465 5257 11789 13181
1503514800 7170 22758 11954 42574
1503513000 1821 5932 5452 24123
1503511200 14648 144440 30560 393244
1503509400 2077 4853 11749 21149
1503507600 808 3035 11749 21149
1503505800 77 1380 92 1479
1503504000 8018 12849 32910 32135
1503502200 2477 5595 32910 27936
1503500400 3115 3346 9554 7656
1503498600 1988 4029 7212 11278
1503496800 358 2042 818 3227
1503495000 1531 4103 5636 10596
1503493200 175437 18140 1032233 71978
1503491400 22 860 23 1083
1503489600 22 735 22 1321
1503487800 22 558 23 607
1503486000 22 523 23 580
1503484200 22 527 23 567
1503482400 22 527 22 558
1503480600 22 538 23 593
1503478800 22 530 23 593
1503477000 22 567 23 611
1503475200 22 574 22 619
1503473400 22 586 23 613
1503471600 22 581 23 638
1503469800 22 578 23 617
1503468000 22 581 22 615
1503466200 22 591 23 638
1503464400 22 582 23 624
1503462600 22 603 23 708
1503460800 22 626 22 749
1503459000 22 554 23 604
1503457200 22 542 23 587
1503455400 22 529 23 563
1503453600 22 543 23 607
1503451800 22 546 24 607
1503450000 22 539 23 576
1503448200 22 528 23 568
1503446400 22 566 22 723
1503444600 22 591 23 723
1503442800 22 596 23 802
1503441000 22 611 23 662
1503439200 22 671 22 777
1503437400 22 1067 23 1459
1503435600 22 1244 23 1433
1503433800 22 1381 23 1603
1503432000 1149 3621 4805 12374
1503430200 11017 21461 20245 69230
1503428400 1747 6135 3228 11097
1503426600 500 3584 2122 8751
1503424800 657 2903 963 3762
1503423000 4688 10766 8081 25062
1503421200 4848 66026 13059 231058
1503419400 1494 9904 13059 165513
1503417600 3524 8108 7315 14691
1503415800 2473 8276 4570 17016
1503414000 4767 3551 26565 6183
1503412200 1930 2958 26565 5173
1503410400 3834 5762 7077 8047
1503408600 2972 5773 11062 14973
1503406800 180920 66656 1065834 186594
1503405000 22 1136 23 1735
1503403200 22 706 23 1238
1503401400 22 683 23 817
1503399600 22 610 23 778
1503397800 22 681 23 836
1503396000 22 595 23 836
1503394200 22 612 23 689
1503392400 22 590 23 646
1503390600 22 589 23 638
1503388800 22 578 23 629
1503387000 22 594 23 645
1503385200 22 587 23 618
1503383400 22 595 23 623
1503381600 22 584 24 613
1503379800 22 589 23 631
1503378000 22 605 23 643
1503376200 22 588 23 624
1503374400 22 581 23 612
1503372600 22 590 23 649
1503370800 22 585 23 644
1503369000 22 586 23 656
1503367200 22 624 23 705
1503365400 22 601 24 653
1503363600 22 584 23 626
1503361800 22 593 23 654
1503360000 22 613 22 715
1503358200 22 655 23 930
1503356400 22 596 23 639
1503354600 22 630 23 725
1503352800 22 671 22 850
1503351000 140 1083 455 1839
1503349200 421 1840 649 2688
1503347400 887 2136 1784 4025
1503345600 1183 2393 2123 4025
1503343800 400 2074 616 4122
1503342000 414 1922 704 4122
1503340200 698 2161 2890 4116
1503338400 5739 7565 11575 13340
1503336600 933 4147 2545 19262
1503334800 6239 64854 27489 341733
1503333000 570 2381 945 2891
1503331200 1465 4497 7858 21601
1503329400 4768 8815 7858 21601
1503327600 4088 14284 7926 37931
1503325800 4878 10958 7457 23278
1503324000 454 1937 4450 14931
1503322200 22 469 22 469
1503320400 22 469 22 469
1503318600 22 469 22 469
1503316800 22 469 22 469
1503315000 22 469 22 469
1503313200 22 469 22 469
1503311400 22 469 22 469
1503309600 22 469 22 469
1503307800 22 469 22 469
1503306000 22 469 22 469
1503304200 22 469 22 469
1503302400 22 469 22 469
1503300600 22 469 22 469
1503298800 22 469 22 469
1503297000 22 469 22 469
1503295200 22 469 22 469
1503293400 22 469 22 469
1503291600 22 469 22 469
1503289800 22 469 22 469
1503288000 22 469 22 469
1503286200 22 469 22 469
1503284400 22 469 22 469
1503282600 22 469 22 469
1503280800 22 469 22 469
1503279000 22 469 22 469
1503277200 22 469 22 469
1503275400 22 469 22 469
1503273600 22 469 22 469
1503271800 22 469 22 469
1503270000 22 469 22 469
1503268200 22 469 22 469
1503266400 22 469 22 469
1503264600 22 469 22 469
1503262800 22 469 22 469
1503261000 22 469 22 469
1503259200 22 469 22 469
1503257400 22 469 22 469
1503255600 22 469 22 469
1503253800 22 469 22 469
1503252000 22 469 22 469
1503250200 22 469 22 469
1503248400 22 469 22 469
1503246600 22 469 22 469
1503244800 22 469 22 469
1503243000 22 469 22 469
1503241200 22 469 22 469
1503239400 22 469 22 469
1503237600 22 469 22 469
1503235800 22 469 22 469
1503234000 22 469 22 469
1503232200 22 469 22 469
1503230400 22 469 22 469
1503228600 22 469 22 469
1503226800 22 469 22 469
1503225000 22 469 22 469
1503223200 22 469 22 469
1503221400 22 469 22 469
1503219600 22 469 22 469
1503217800 22 469 22 469
1503216000 22 469 22 469
1503214200 22 469 22 469
1503212400 22 469 22 469
1503210600 22 469 22 469
1503208800 22 469 22 469
1503207000 22 469 22 469
1503205200 22 469 22 469
1503203400 22 469 22 469
1503201600 22 469 22 469
1503199800 22 469 22 469
1503198000 22 469 22 469
1503196200 22 469 22 469
1503194400 22 469 22 469
1503192600 22 469 22 469
1503190800 22 469 22 469
1503189000 22 469 22 469
1503187200 22 469 22 469
1503185400 22 469 22 469
1503183600 22 469 22 469
1503181800 22 469 22 469
1503180000 22 469 22 469
1503178200 22 469 22 469
1503176400 22 469 22 469
1503174600 22 469 22 469
1503172800 22 469 22 469
1503171000 22 469 22 469
1503169200 22 469 22 469
1503167400 22 469 22 469
1503165600 22 469 22 469
1503163800 22 469 22 469
1503162000 22 469 22 469
1503160200 22 469 22 469
1503158400 22 469 22 469
1503156600 22 469 22 469
1503154800 22 469 22 469
1503153000 22 469 22 469
1503151200 22 469 22 469
1503149400 22 469 22 469
1503147600 22 469 22 469
1503145800 22 469 22 469
1503144000 22 469 22 469
1503142200 22 469 22 469
1503140400 22 469 22 469
1503138600 22 469 22 469
1503136800 22 469 22 469
1503135000 22 469 22 469
1503133200 22 469 22 469
1503131400 22 469 22 469
1503129600 22 469 22 469
1503127800 22 469 22 469
1503126000 22 469 22 469
1503124200 22 469 22 469
1503122400 22 469 22 469
1503120600 22 469 22 469
1503118800 22 469 22 469
1503117000 22 469 22 469
1503115200 22 469 22 469
1503113400 22 469 22 469
1503111600 22 469 22 469
1503109800 22 469 22 469
1503108000 22 469 22 469
1503106200 22 469 22 469
1503104400 22 469 22 469
1503102600 22 469 22 469
1503100800 22 469 22 469
1503099000 22 469 22 469
1503097200 22 469 22 469
1503095400 22 469 22 469
1503093600 22 469 22 469
1503091800 22 469 22 469
1503090000 22 469 22 469
1503088200 22 469 22 469
1503086400 22 469 22 469
1503084600 22 469 22 469
1503082800 22 469 22 469
1503081000 22 469 22 469
1503079200 22 469 22 469
1503077400 22 469 22 469
1503075600 22 469 22 469
1503073800 22 469 22 469
1503072000 22 469 22 469
1503070200 22 469 22 469
1503068400 22 469 22 469
1503066600 22 469 22 469
1503064800 22 469 22 469
1503063000 22 469 22 469
1503061200 22 469 22 469
1503059400 22 469 22 469
1503057600 22 469 22 469
1503055800 22 469 22 469
1503054000 22 469 22 469
1503052200 22 469 22 469
1503050400 22 469 22 469
1503048600 22 469 22 469
1503046800 22 469 22 469
1503045000 22 469 22 469
1503043200 22 469 22 469
1503041400 22 469 22 469
1503039600 22 469 22 469
1503037800 22 469 22 469
1503036000 22 469 22 469
1503028800 22 469 22 469
1503021600 22 469 22 469
1503014400 22 469 22 469
1503007200 22 469 22 469
1503000000 22 469 22 469
1502992800 22 469 22 469
1502985600 22 469 22 469
1502978400 22 469 22 469
1502971200 22 469 22 469
1502964000 22 469 22 469
1502956800 22 469 22 469
1502949600 22 469 22 469
1502942400 22 469 22 469
1502935200 22 469 22 469
1502928000 22 469 22 469
1502920800 22 469 22 469
1502913600 22 469 22 469
1502906400 22 469 22 469
1502899200 22 469 22 469
1502892000 22 469 22 469
1502884800 22 469 22 469
1502877600 22 469 22 469
1502870400 22 469 22 469
1502863200 22 469 22 469
1502856000 22 469 22 469
1502848800 22 469 22 469
1502841600 22 469 22 469
1502834400 22 469 22 469
1502827200 22 469 22 469
1502820000 22 469 22 469
1502812800 22 469 22 469
1502805600 22 469 22 469
1502798400 22 469 22 469
1502791200 22 469 22 469
1502784000 22 469 22 469
1502776800 22 469 22 469
1502769600 22 469 22 469
1502762400 22 469 22 469
1502755200 22 469 22 469
1502748000 22 469 22 469
1502740800 22 469 22 469
1502733600 22 469 22 469
1502726400 22 469 22 469
1502719200 22 469 22 469
1502712000 22 469 22 469
1502704800 22 469 22 469
1502697600 22 469 22 469
1502690400 22 469 22 469
1502683200 22 469 22 469
1502676000 22 469 22 469
1502668800 22 469 22 469
1502661600 22 469 22 469
1502654400 22 469 22 469
1502647200 22 469 22 469
1502640000 22 469 22 469
1502632800 22 469 22 469
1502625600 22 469 22 469
1502618400 22 469 22 469
1502611200 22 469 22 469
1502604000 22 469 22 469
1502596800 22 469 22 469
1502589600 22 469 22 469
1502582400 22 469 22 469
1502575200 22 469 22 469
1502568000 22 469 22 469
1502560800 22 469 22 469
1502553600 22 469 22 469
1502546400 22 469 22 469
1502539200 22 469 22 469
1502532000 22 469 22 469
1502524800 22 469 22 469
1502517600 22 469 22 469
1502510400 22 469 22 469
1502503200 22 469 22 469
1502496000 22 469 22 469
1502488800 22 469 22 469
1502481600 22 469 22 469
1502474400 22 469 22 469
1502467200 22 469 22 469
1502460000 22 469 22 469
1502452800 22 469 22 469
1502445600 22 469 22 469
1502438400 22 469 22 469
1502431200 22 469 22 469
1502424000 22 469 22 469
1502416800 22 469 22 469
1502409600 22 469 22 469
1502402400 22 469 22 469
1502395200 22 469 22 469
1502388000 22 469 22 469
1502380800 22 469 22 469
1502373600 22 469 22 469
1502366400 22 469 22 469
1502359200 22 469 22 469
1502352000 22 469 22 469
1502344800 22 469 22 469
1502337600 22 469 22 469
1502330400 22 469 22 469
1502323200 22 469 22 469
1502316000 22 469 22 469
1502308800 22 469 22 469
1502301600 22 469 22 469
1502294400 22 469 22 469
1502287200 22 469 22 469
1502280000 22 469 22 469
1502272800 22 469 22 469
1502265600 22 469 22 469
1502258400 22 469 22 469
1502251200 22 469 22 469
1502244000 22 469 22 469
1502236800 22 469 22 469
1502229600 22 469 22 469
1502222400 22 469 22 469
1502215200 22 469 22 469
1502208000 22 469 22 469
1502200800 22 469 22 469
1502193600 22 469 22 469
1502186400 22 469 22 469
1502179200 22 469 22 469
1502172000 22 469 22 469
1502164800 22 469 22 469
1502157600 22 469 22 469
1502150400 22 469 22 469
1502143200 22 469 22 469
1502136000 22 469 22 469
1502128800 22 469 22 469
1502121600 22 469 22 469
1502114400 22 469 22 469
1502107200 22 469 22 469
1502100000 22 469 22 469
1502092800 22 469 22 469
1502085600 22 469 22 469
1502078400 22 469 22 469
1502071200 22 469 22 469
1502064000 22 469 22 469
1502056800 22 469 22 469
1502049600 22 469 22 469
1502042400 22 469 22 469
1502035200 22 469 22 469
1502028000 22 469 22 469
1502020800 22 469 22 469
1502013600 22 469 22 469
1502006400 22 469 22 469
1501999200 22 469 22 469
1501992000 22 469 22 469
1501984800 22 469 22 469
1501977600 22 469 22 469
1501970400 22 469 22 469
1501963200 22 469 22 469
1501956000 22 469 22 469
1501948800 22 469 22 469
1501941600 22 469 22 469
1501934400 22 469 22 469
1501927200 22 469 22 469
1501920000 22 469 22 469
1501912800 22 469 22 469
1501905600 22 469 22 469
1501898400 22 469 22 469
1501891200 22 469 22 469
1501884000 22 469 22 469
1501876800 22 469 22 469
1501869600 22 469 22 469
1501862400 22 469 22 469
1501855200 22 469 22 469
1501848000 22 469 22 469
1501840800 22 469 22 469
1501833600 22 469 22 469
1501826400 22 469 22 469
1501819200 22 469 22 469
1501812000 22 469 22 469
1501804800 22 469 22 469
1501797600 22 469 22 469
1501790400 22 469 22 469
1501783200 22 469 22 469
1501776000 22 469 22 469
1501768800 22 469 22 469
1501761600 22 469 22 469
1501754400 22 469 22 469
1501747200 22 469 22 469
1501740000 22 469 22 469
1501732800 22 469 22 469
1501725600 22 469 22 469
1501718400 22 469 22 469
1501711200 22 469 22 469
1501704000 22 469 22 469
1501696800 22 469 22 469
1501689600 22 469 22 469
1501682400 22 469 22 469
1501675200 22 469 22 469
1501668000 22 469 22 469
1501660800 22 469 22 469
1501653600 22 469 22 469
1501646400 22 469 22 469
1501639200 22 469 22 469
1501632000 22 469 22 469
1501624800 22 469 22 469
1501617600 22 469 22 469
1501610400 22 469 22 469
1501603200 22 469 22 469
1501596000 22 469 22 469
1501588800 22 469 22 469
1501581600 22 469 22 469
1501574400 22 469 22 469
1501567200 22 469 22 469
1501560000 22 469 22 469
1501552800 22 469 22 469
1501545600 22 469 22 469
1501538400 22 469 22 469
1501531200 22 469 22 469
1501524000 22 469 22 469
1501516800 22 469 22 469
1501509600 22 469 22 469
1501502400 22 469 22 469
1501495200 22 469 22 469
1501488000 22 469 22 469
1501480800 22 469 22 469
1501473600 22 469 22 469
1501466400 22 469 22 469
1501459200 22 469 22 469
1501452000 22 469 22 469
1501444800 22 469 22 469
1501437600 22 469 22 469
1501430400 22 469 22 469
1501423200 22 469 22 469
1501416000 22 469 22 469
1501408800 22 469 22 469
1501401600 22 469 22 469
1501394400 22 469 22 469
1501387200 22 469 22 469
1501380000 22 469 22 469
1501372800 22 469 22 469
1501365600 22 469 22 469
1501358400 22 469 22 469
1501351200 22 469 22 469
1501344000 22 469 22 469
1501336800 22 469 22 469
1501329600 22 469 22 469
1501322400 22 469 22 469
1501315200 22 469 22 469
1501308000 22 469 22 469
1501300800 22 469 22 469
1501293600 22 469 22 469
1501286400 22 469 22 469
1501279200 22 469 22 469
1501272000 22 469 22 469
1501264800 22 469 22 469
1501257600 22 469 22 469
1501250400 22 469 22 469
1501243200 22 469 22 469
1501236000 22 469 22 469
1501228800 22 469 22 469
1501221600 22 469 22 469
1501214400 22 469 22 469
1501207200 22 469 22 469
1501200000 22 469 22 469
1501192800 22 469 22 469
1501185600 22 469 22 469
1501178400 22 469 22 469
1501171200 22 469 22 469
1501164000 22 469 22 469
1501156800 22 469 22 469
1501149600 22 469 22 469
1501142400 22 469 22 469
1501135200 22 469 22 469
1501128000 22 469 22 469
1501120800 22 469 22 469
1501113600 22 469 22 469
1501106400 22 469 22 469
1501099200 22 469 22 469
1501092000 22 469 22 469
1501084800 22 469 22 469
1501077600 22 469 22 469
1501070400 22 469 22 469
1501063200 22 469 22 469
1501056000 22 469 22 469
1501048800 22 469 22 469
1501041600 22 469 22 469
1501034400 22 469 22 469
1501027200 22 469 22 469
1501020000 22 469 22 469
1501012800 22 469 22 469
1501005600 22 469 22 469
1500998400 22 469 22 469
1500991200 22 469 22 469
1500984000 22 469 22 469
1500976800 22 469 22 469
1500969600 22 469 22 469
1500962400 22 469 22 469
1500955200 22 469 22 469
1500948000 22 469 22 469
1500940800 22 469 22 469
1500933600 22 469 22 469
1500926400 22 469 22 469
1500919200 22 469 22 469
1500912000 22 469 22 469
1500904800 22 469 22 469
1500897600 22 469 22 469
1500890400 22 469 22 469
1500883200 22 469 22 469
1500876000 22 469 22 469
1500868800 22 469 22 469
1500861600 22 469 22 469
1500854400 22 469 22 469
1500847200 22 469 22 469
1500840000 22 469 22 469
1500832800 22 469 22 469
1500825600 22 469 22 469
1500818400 22 469 22 469
1500811200 22 469 22 469
1500804000 22 469 22 469
1500796800 22 469 22 469
1500789600 22 469 22 469
1500782400 22 469 22 469
1500775200 22 469 22 469
1500768000 22 469 22 469
1500760800 22 469 22 469
1500753600 22 469 22 469
1500746400 22 469 22 469
1500739200 22 469 22 469
1500732000 22 469 22 469
1500724800 22 468 22 469
1500717600 22 467 22 474
1500710400 22 463 22 474
1500703200 22 459 22 470
1500696000 22 463 22 470
1500688800 22 466 22 477
1500681600 22 525 22 861
1500674400 67 916 873 7441
1500667200 990 5240 2948 20801
1500660000 817 3686 4711 26021
1500652800 9844 15137 89544 88345
1500645600 45762 62210 1048705 764182
1500638400 22 767 23 843
1500631200 22 734 23 794
1500624000 22 740 23 856
1500616800 22 757 23 883
1500609600 22 751 23 892
1500602400 22 754 24 831
1500595200 246 1215 1489 3645
1500588000 4201 6820 21846 29178
1500580800 3416 21187 11769 267438
1500573600 10453 69946 20617 740941
1500566400 2450 11113 32472 185432
1500559200 47393 42250 1056446 781860
1500552000 22 772 23 1430
1500544800 22 747 23 835
1500537600 22 779 23 954
1500530400 22 774 24 873
1500523200 22 799 23 876
1500516000 22 767 24 840
1500508800 22 810 23 957
1500501600 22 1147 23 1798
1500494400 22 1538 23 1866
1500487200 22 1359 23 1674
1500480000 22 1363 23 1807
1500472800 22 999 23 1950
1500465600 22 621 22 621
1500458400 22 621 22 621
1500451200 22 621 22 621
1500444000 22 621 22 621
1500436800 22 621 22 621
1500429600 22 621 22 621
1500422400 22 621 22 621
1500415200 22 621 22 621
1500408000 22 621 22 621
1500400800 22 621 22 621
1500393600 22 621 22 621
1500386400 22 621 22 621
1500379200 22 621 22 621
1500372000 22 621 22 621
1500364800 22 621 22 621
1500357600 22 621 22 621
1500350400 22 621 22 621
1500343200 22 621 22 621
1500336000 22 621 22 621
1500328800 22 621 22 621
1500321600 22 621 22 621
1500314400 22 621 22 621
1500307200 22 621 22 621
1500300000 22 621 22 621
1500292800 22 621 22 621
1500285600 22 621 22 621
1500278400 22 621 22 621
1500271200 22 621 22 621
1500264000 22 621 22 621
1500256800 22 621 22 621
1500249600 22 621 22 621
1500242400 22 621 22 621
1500235200 22 621 22 621
1500228000 22 621 22 621
1500220800 22 621 22 621
1500213600 22 621 22 621
1500206400 22 621 22 621
1500199200 22 621 22 621
1500192000 22 621 22 621
1500184800 22 621 22 621
1500177600 22 621 22 621
1500170400 22 621 22 621
1500163200 22 621 22 621
1500156000 22 621 22 621
1500148800 22 621 22 621
1500141600 22 621 22 621
1500134400 22 621 22 621
1500127200 22 621 22 621
1500120000 22 621 22 621
1500112800 22 621 22 621
1500105600 22 621 22 621
1500098400 22 621 22 621
1500091200 22 621 22 621
1500084000 22 621 22 621
1500076800 22 621 22 621
1500069600 22 621 22 621
1500062400 22 621 22 621
1500055200 22 621 22 621
1500048000 22 621 22 621
1500040800 22 621 22 621
1500033600 22 621 22 621
1500026400 22 621 22 621
1500019200 22 621 22 621
1500012000 22 621 22 621
1500004800 22 621 22 621
1499997600 22 621 22 621
1499990400 22 621 22 621
1499983200 22 621 22 621
1499976000 22 621 22 621
1499968800 22 621 22 621
1499961600 22 621 22 621
1499954400 22 621 22 621
1499947200 22 621 22 621
1499940000 22 621 22 621
1499932800 22 621 22 621
1499925600 22 621 22 621
1499918400 22 621 22 621
1499911200 22 621 22 621
1499904000 22 621 22 621
1499896800 22 621 22 621
1499889600 22 621 22 621
1499882400 22 621 22 621
1499875200 22 621 22 621
1499868000 22 621 22 621
1499860800 22 621 22 621
1499853600 22 621 22 621
1499846400 22 621 22 621
1499839200 22 621 22 621
1499832000 22 621 22 621
1499824800 22 621 22 621
1499817600 22 621 22 621
1499810400 22 621 22 621
1499803200 22 621 22 621
1499796000 22 621 22 621
1499788800 22 621 22 621
1499781600 22 621 22 621
1499774400 22 621 22 621
1499767200 22 621 22 621
1499760000 22 621 22 621
1499752800 22 621 22 621
1499745600 22 621 22 621
1499738400 22 621 22 621
1499731200 22 621 22 621
1499724000 22 621 22 621
1499716800 22 621 22 621
1499709600 22 621 22 621
1499702400 22 621 22 621
1499695200 22 621 22 621
1499688000 22 621 22 621
1499680800 22 621 22 621
1499673600 22 621 22 621
1499666400 22 621 22 621
1499659200 22 621 22 621
1499652000 22 621 22 621
1499644800 22 621 22 621
1499637600 22 621 22 621
1499630400 22 621 22 621
1499623200 22 621 22 621
1499616000 22 621 22 621
1499608800 22 621 22 621
1499601600 22 621 22 621
1499594400 22 621 22 621
1499587200 22 621 22 621
1499580000 22 621 22 621
1499572800 22 621 22 621
1499565600 22 621 22 621
1499558400 22 621 22 621
1499551200 22 621 22 621
1499544000 22 621 22 621
1499536800 22 621 22 621
1499529600 22 621 22 621
1499522400 22 621 22 621
1499515200 22 621 22 621
1499508000 22 621 22 621
1499500800 22 621 22 621
1499493600 22 621 22 621
1499486400 22 621 22 621
1499479200 22 621 22 621
1499472000 22 621 22 621
1499464800 22 621 22 621
1499457600 22 621 22 621
1499450400 22 621 22 621
1499443200 22 621 22 621
1499436000 22 621 22 621
1499428800 22 621 22 621
1499421600 22 621 22 621
1499414400 22 621 22 621
1499407200 22 621 22 621
1499400000 22 621 22 621
1499392800 22 621 22 621
1499385600 22 621 22 621
1499378400 22 621 22 621
1499371200 22 621 22 621
1499364000 22 621 22 621
1499356800 22 621 22 621
1499349600 22 621 22 621
1499342400 22 621 22 621
1499335200 22 621 22 621
1499328000 22 621 22 621
1499320800 22 621 22 621
1499313600 22 621 22 621
1499306400 22 621 22 621
1499299200 22 621 22 621
1499292000 22 621 22 621
1499284800 22 621 22 621
1499277600 22 621 22 621
1499270400 22 621 22 621
1499263200 22 621 22 621
1499256000 22 621 22 621
1499248800 22 621 22 621
1499241600 22 621 22 621
1499234400 22 621 22 621
1499227200 22 621 22 621
1499220000 22 621 22 621
1499212800 22 621 22 621
1499205600 22 621 22 621
1499198400 22 621 22 621
1499191200 22 621 22 621
1499184000 22 621 22 621
1499176800 22 621 22 621
1499169600 22 621 22 621
1499162400 22 621 22 621
1499155200 22 621 22 621
1499148000 22 621 22 621
1499140800 22 621 22 621
1499133600 22 621 22 621
1499126400 22 621 22 621
1499119200 22 621 22 621
1499112000 22 621 22 621
1499104800 22 621 22 621
1499097600 22 621 22 621
1499090400 22 621 22 621
1499083200 22 621 22 621
1499076000 22 621 22 621
1499068800 22 621 22 621
1499061600 22 621 22 621
1499054400 22 621 22 621
1499047200 22 621 22 621
1499040000 22 621 22 621
1499032800 22 621 22 621
1499025600 22 621 22 621
1499018400 22 621 22 621
1499011200 22 621 22 621
1499004000 22 621 22 621
1498996800 22 621 22 621
1498989600 22 621 22 621
1498982400 22 621 22 621
1498975200 22 621 22 621
1498968000 22 621 22 621
1498960800 22 621 22 621
1498953600 22 621 22 621
1498946400 22 621 22 621
1498939200 22 621 22 621
1498932000 22 621 22 621
1498924800 22 621 22 621
1498917600 22 621 22 621
1498910400 22 621 22 621
1498903200 22 621 22 621
1498896000 22 621 22 621
1498888800 22 621 22 621
1498881600 22 621 22 621
1498874400 22 621 22 621
1498867200 22 621 22 621
1498860000 22 621 22 621
1498852800 22 621 22 621
1498845600 22 621 22 621
1498838400 22 621 22 621
1498831200 22 621 22 621
1498824000 22 621 22 621
1498816800 22 621 22 621
1498809600 22 621 22 621
1498802400 22 621 22 621
1498795200 22 621 22 621
1498788000 22 621 22 621
1498780800 22 621 22 621
1498773600 22 621 22 621
1498766400 22 621 22 621
1498759200 22 621 22 621
1498752000 22 621 22 621
1498744800 22 621 22 621
1498737600 22 621 22 621
1498730400 22 621 22 621
1498723200 22 621 22 621
1498716000 22 621 22 621
1498694400 22 621 22 621
1498608000 22 621 22 621
1498521600 22 621 22 621
1498435200 22 621 22 621
1498348800 22 621 22 621
1498262400 22 621 22 621
1498176000 22 621 22 621
1498089600 22 621 22 621
1498003200 22 621 22 621
1497916800 22 621 22 621
1497830400 22 621 22 621
1497744000 22 616 23 814
1497657600 4403 3468 1052291 187778
1497571200 4759 5856 1049074 226341
1497484800 22 724 22 724
1497398400 22 724 22 724
1497312000 22 724 22 724
1497225600 21 705 24 788
1497139200 21 713 24 817
1497052800 21 1046 24 4426
1496966400 388 1467 11270 16894
1496880000 21 1005 24 2258
1496793600 5411 10760 1072001 485910
1496707200 4734 5249 1053602 221781
1496620800 22 716 23 1548
1496534400 21 714 23 834
1496448000 523 1623 11336 13203
1496361600 21 1114 24 2539
1496275200 4836 5250 1061529 163797
1496188800 346 1506 11325 13448
1496102400 21 1141 23 3313
1496016000 21 764 23 2392
1495929600 22 704 22 704
1495843200 21 1205 23 2852
1495756800 22 1149 24 2689
1495670400 22 1231 23 3637
1495584000 22 828 22 828
1495497600 22 828 22 828
1495411200 22 828 22 828
1495324800 22 828 22 828
1495238400 22 828 22 828
1495152000 1635 4346 164297 283815
1495065600 4356 6098 1053939 158597
1494979200 41 957 3062 5522
1494892800 22 878 22 878
1494806400 22 878 22 878
1494720000 21 816 23 1074
1494633600 21 1026 24 34054
1494547200 22 933 24 2613
1494460800 22 608 22 608
1494374400 22 608 22 608
1494288000 22 608 22 608
1494201600 22 608 22 608
1494115200 22 608 22 608
1494028800 22 608 22 608
1493942400 22 608 22 608
1493856000 22 608 22 608
1493769600 22 608 22 608
1493683200 22 608 22 608
1493596800 22 608 22 608
1493510400 22 608 22 608
1493424000 22 608 22 608
1493337600 22 608 22 608
1493251200 22 608 22 608
1493164800 22 608 22 608
1493078400 22 608 22 608
1492992000 22 608 22 608
1492905600 22 608 22 608
1492819200 22 608 22 608
1492732800 22 608 22 608
1492646400 22 608 22 608
1492560000 22 608 22 608
1492473600 22 608 22 608
1492387200 22 608 22 608
1492300800 22 608 22 608
1492214400 22 608 22 608
1492128000 22 608 22 608
1492041600 22 608 22 608
1491955200 22 608 22 608
1491868800 22 608 22 608
1491782400 22 608 22 608
1491696000 22 608 22 608
1491609600 22 608 22 608
1491523200 22 608 22 608
1491436800 22 608 22 608
1491350400 22 608 22 608
1491264000 22 608 22 608
1491177600 22 568 24 616
1491091200 22 559 40 1447
1491004800 243 1351 11164 14144
1490918400 4400 3754 528533 144035
1490832000 4686 5587 1048513 220716
1490745600 4263 2688 1049706 126556
1490659200 22 812 22 812
1490572800 22 812 22 812
1490486400 22 812 22 812
1490400000 22 812 22 812
1490313600 22 812 22 812
1490227200 22 812 22 812
1490140800 22 812 22 812
1490054400 22 812 22 812
1489968000 22 812 22 812
1489881600 22 812 22 812
1489795200 22 812 22 812
1489708800 22 812 22 812
1489622400 22 924 24 2062
1489536000 22 881 24 2638
1489449600 21 938 24 2257
1489363200 22 529 24 652
1489276800 22 544 45 907
1489190400 951 2413 51679 39664
1489104000 4792 3249 758217 110193
1489017600 22 897 24 2395
1488931200 22 986 24 2524
1488844800 22 1061 34 45241
1488758400 22 591 23 1004
1488672000 21 573 23 685
1488585600 4718 2004 846544 55649
1488499200 4460 2384 1052643 77471
1488412800 4031 1696 1047304 55344
1488326400 4733 3341 1051600 90552
1488240000 4589 7203 1044201 483587
1488153600 22 625 24 750
1488067200 21 585 24 751
1487980800 22 949 24 2283
1487894400 21 895 24 1787
1487808000 21 908 24 2054
1487721600 22 955 24 2285
1487635200 21 582 24 688
1487548800 22 583 24 673
1487462400 21 583 24 692
1487376000 4900 2923 788980 66648
1487289600 3989 1606 1052905 79594
1487203200 4345 2186 1044363 79598
1487116800 22 536 22 536
1487030400 22 536 22 536
1486944000 22 536 22 536
1486857600 22 536 22 536
1486771200 22 536 22 536
1486684800 22 536 22 536
1486598400 22 536 22 536
1486512000 22 536 22 536
1486425600 22 536 22 536
1486339200 22 536 22 536
1486252800 22 536 22 536
1486166400 22 536 22 536
1486080000 22 536 22 536
1485993600 22 536 22 536
1485907200 22 536 22 536
1485820800 691 2623 14611 74557
1485734400 21 413 24 857
1485648000 21 418 23 1849
1485561600 4788 4218 1054023 113065
1485475200 4149 2168 1054600 91700
1485388800 823 5815 16444 422666
1485302400 21 658 25 1562
1485216000 1915 1956 297261 68301
1485129600 21 358 24 468
1485043200 21 375 24 572
1484956800 656 1291 64846 45404
1484870400 587 2514 20049 357186
1484784000 4765 2453 1054030 87513
1484697600 4403 2128 1054860 95005
1484611200 3986 1977 1052828 140843
1484524800 22 369 23 508
1484438400 21 452 24 821
1484352000 4603 2439 1057794 190868
1484265600 2530 2280 316746 60594
1484179200 21 751 24 2125
1484092800 5190 5270 1042533 346531
1484006400 356 871 22119 12328
1483920000 21 268 25 361
1483833600 21 308 24 603
1483747200 1067 4451 57835 202570
1483660800 9409 2912 1346353 144919
1483574400 4320 2197 1042760 79862
1483488000 299 1174 11208 51561
1483401600 21 301 24 383
1483315200 20 300 25 392
1483228800 21 300 27 384
1483142400 22 523 23 1330
1483056000 21 511 23 1699
1482969600 21 436 25 2343
1482883200 22 272 22 272
1482796800 22 272 22 272
1482710400 22 263 24 317
1482624000 22 262 24 320
1482537600 4168 2132 1047971 135649
1482451200 4691 2961 1038606 108505
1482364800 4971 5898 1040168 238058
1482278400 5074 7783 1028388 253356
1482192000 520 1787 16308 79967
1482105600 5 100 41 964
1482019200 0 34 23 507
1481932800 1516 6286 63608 625885
1481846400 514 2119 22668 35157
1481760000 659 4425 38093 465291
1481673600 561 1944 20926 59150
1481587200 928 2105 26038 33926
1481500800 21 372 24 470
1481414400 21 364 24 700
1481328000 707 5243 42099 879248
1481241600 1463 4035 36741 242061
1481155200 1436 4066 26572 60435
1481068800 843 3342 30946 73981
1480982400 330 1160 14449 24948
1480896000 22 352 23 854
1480809600 90 500 1444 13402
1480723200 312 1548 25448 100174
1480636800 21 670 25 1914
1480550400 402 1758 21052 78906
1480464000 876 2659 30500 169138
1480377600 1056 3153 28983 136447
1480291200 21 460 23 1176
1480204800 21 464 23 584
1480118400 21 737 24 2226
1480032000 22 787 24 2720
1479945600 1587 4734 26584 550755
1479859200 22 817 24 1876
1479772800 2161 4209 161965 168089
1479686400 21 454 24 670
1479600000 22 454 24 547
1479513600 1258 3477 79889 264948
1479427200 22 895 24 2577
1479340800 22 854 24 2158
1479254400 21 720 23 2059
1479168000 1777 4032 62057 327825
1479081600 21 526 24 614
1478995200 22 537 24 655
1478908800 382 2735 4644 84910
1478822400 21 783 37 1943
1478736000 321 1715 15938 86281
1478649600 709 2100 22529 77698
1478563200 1305 2937 25402 64134
1478476800 21 557 24 690
1478390400 22 559 24 820
1478304000 55 809 5592 6197
1478217600 250 2757 19775 316691
1478131200 804 2592 19478 55435
1478044800 526 1650 37381 46714
1477958400 1061 5097 42261 308201
1477872000 21 477 24 578
1477785600 22 511 24 1093
1477699200 355 1648 21447 66841
1477612800 1312 3016 36120 35032
1477526400 673 2621 38554 126004
1477440000 682 3541 30927 241607
1477353600 955 3633 18462 157618
1477267200 21 558 24 1269
1477180800 22 553 31 894
1477094400 528 2587 12497 77195
1477008000 539 2232 23555 95096
1476921600 556 2271 13218 194836
1476835200 22 402 22 402
1476748800 22 402 22 402
1476662400 21 418 23 678
1476576000 21 435 23 602
1476489600 1216 2699 23663 59776
1476403200 1797 34528 75643 1267820
1476316800 986 8124 43011 1544296
1476230400 1117 4387 24763 181553
1476144000 21 381 23 508
1476057600 21 387 24 487
1475971200 21 382 23 483
1475884800 822 4469 27889 200269
1475798400 980 3393 38248 78185
1475712000 843 3020 33798 334370
1475625600 942 2765 19905 128723
1475539200 1193 4628 16871 84009
1475452800 22 475 24 609
1475366400 20 497 24 948
1475280000 536 1735 12845 21627
1475193600 22 823 26 2084
1475107200 22 856 24 29547
1475020800 1113 3848 23169 110185
1474934400 670 1719 57014 48779
1474848000 21 424 24 508
1474761600 22 421 24 601
1474675200 22 745 24 1974
1474588800 22 784 28 1821
1474502400 22 770 23 1987
1474416000 22 716 45 2115
1474329600 22 660 23 2409
1474243200 21 366 23 458
1474156800 22 375 23 500
1474070400 1124 4440 38120 688866
1473984000 1550 5632 34960 701559
1473897600 5399 3114 601321 128000
1473811200 1053 2219 71933 77377
1473724800 541 2274 24385 82860
1473638400 22 449 24 533
1473552000 21 448 24 606
1473465600 22 752 24 1851
1473379200 831 2751 19297 110114
1473292800 1111 3616 35619 177824
1473206400 558 2193 17171 69959
1473120000 21 400 24 686
1473033600 22 391 24 470
1472947200 22 435 24 1149
1472860800 22 772 35 2061
1472774400 4884 3443 516295 87907
1472688000 1347 8860 32651 1141415
1472601600 1511 6487 34904 495499
1472515200 1407 1458 126618 31406
1472428800 22 410 22 410
1472342400 22 410 22 410
1472256000 22 410 22 410
1472169600 22 410 22 410
1472083200 22 410 22 410
1471996800 22 410 22 410
1471910400 22 410 22 410
1471824000 22 410 22 410
1471737600 22 410 22 410
1471651200 21 410 24 541
1471564800 1666 3935 46815 386644
1471478400 1314 3598 78248 156299
1471392000 536 2292 29499 114146
1471305600 532 2302 29536 252226
1471219200 21 331 44 912
1471132800 21 329 44 765
1471046400 845 5012 22100 802915
1470960000 20 562 28 1940
1470873600 1738 13250 129443 4323536
1470787200 21 632 30 2507
1470700800 20 659 26 2386
1470614400 25 308 3626 2925
1470528000 20 308 27 492
1470441600 2790 7222 38112 2090959
1470355200 594 2091 29785 146173
1470268800 340 1802 27839 321918
1470182400 20 611 26 2435
1470096000 20 321 26 696
1470009600 21 317 27 494
1469923200 21 320 27 546
1469836800 323 1333 57467 142395
1469750400 747 3181 23327 294773
1469664000 714 2226 121793 192601
1469577600 818 2084 16234 192959
1469491200 794 1913 27534 191471
1469404800 20 324 26 442
1469318400 21 333 26 503
1469232000 4167 5809 38332 1021879
1469145600 855 1945 26661 47920
1469059200 424 981 32364 25380
1468972800 1356 6286 51758 898082
1468886400 21 554 27 2117
1468800000 21 278 26 633
1468713600 20 277 27 378
1468627200 21 602 26 2030
1468540800 21 577 26 2402
1468454400 21 639 26 3881
1468368000 21 743 27 2742
1468281600 20 730 30 3151
1468195200 20 276 104 665
1468108800 21 278 26 525
1468022400 20 643 34 2222
1467936000 20 599 29 2212
1467849600 20 681 28 2362
1467763200 20 754 29 2270
1467676800 20 714 25 3398
1467590400 20 281 32 426
1467504000 20 279 25 409
1467417600 21 282 26 451
1467331200 974 1833 27619 103020
1467244800 37627 3846 12016950 325266
1467158400 1398 3576 24278 999329
1467072000 3956 3556 2066234 210164
1466985600 20 346 26 525
1466899200 21 355 25 644
1466812800 4272 2700 1321222 222294
1466726400 1607 3124 143204 129774
1466640000 4399 3324 1420853 524546
1466553600 1649 3326 103412 316178
1466467200 961 3882 103600 488384
1466380800 21 339 25 472
1466294400 21 348 27 766
1466208000 21 814 27 3030
1466121600 3223 1838 1313758 132415
1466035200 1072 2556 25064 50945
1465948800 2130 3128 241426 171660
1465862400 394 2674 20857 313558
1465776000 20 497 29 766
1465689600 20 478 26 952
1465603200 3726 8162 1639055 548920
1465516800 7013 13271 337610 347369
1465430400 20 1030 30 3389
1465344000 20 1013 26 3452
1465257600 20 767 68 2885
1465171200 21 388 31 634
1465084800 20 379 26 737
1464998400 4069 4564 1330206 911788
1464912000 1144 3627 56100 256132
1464825600 3805 5865 736286 438381
1464739200 1850 2928 545433 424595
1464652800 3593 3426 1982886 476262
1464566400 21 513 27 831
1464480000 20 526 33 926
1464393600 954 4131 43983 933059
1464307200 3860 3711 1112419 470394
1464220800 582 1563 38775 77051
1464134400 2386 2520 215088 94014
1464048000 21 333 25 725
1463961600 20 341 29 558
1463875200 20 392 25 591
1463788800 20 658 26 2028
1463702400 20 752 27 2541
1463616000 20 703 25 1907
1463529600 3059 1914 1297250 110839
1463443200 1682 7283 97988 478303
1463356800 21 422 25 661
1463270400 21 435 25 767
1463184000 3409 2447 1302820 196024
1463097600 658 2916 85886 427019
1463011200 1943 3829 427418 571561
1462924800 486 1704 29673 39780
1462838400 4389 3540 2004317 100416
1462752000 2865 818 1216469 146286
1462665600 21 321 24 596
1462579200 20 662 25 2154
1462492800 1329 2106 192931 73673
1462406400 10815 7410 5242164 3255799
1462320000 1034 4384 21206 569764
1462233600 626 2300 60347 212825
1462147200 20 290 36 518
1462060800 21 266 37 642
1461974400 524 1423 61026 92057
1461888000 3462 2789 825466 117613
1461801600 3477 3471 1283938 223707
1461715200 794 3895 73564 969569
1461628800 6147 5876 153149 204970
1461542400 21 280 41 868
1461456000 20 298 46 655
1461369600 1093 2368 101956 185237
1461283200 21 737 40 8445
1461196800 3830 6517 1300562 961786
1461110400 692 1846 35956 46493
1461024000 1289 2758 56618 131220
1460937600 21 347 41 950
1460851200 21 362 40 895
1460764800 857 2164 20868 175969
1460678400 539 1497 27866 55740
1460592000 23 526 23 526
1460505600 23 526 23 526
1460419200 23 526 23 526
1460332800 23 526 23 526
1460246400 16 501 34 1706
1460160000 0 0 0 0
1460073600 0 0 0 0
1459987200 0 0 0 0
1459900800 0 0 0 0
1459814400 0 0 0 0
1459728000 0 0 0 0
1459641600 0 0 0 0
1459555200 0 0 0 0
1459468800 0 0 0 0
1459382400 0 0 0 0
1459296000 0 0 0 0
1459209600 0 0 0 0
1459123200 0 0 0 0
1459036800 0 0 0 0
1458950400 0 0 0 0
1458864000 0 0 0 0
1458777600 0 0 0 0
1458691200 0 0 0 0
1458604800 0 0 0 0
1458518400 0 0 0 0
1458432000 0 0 0 0
1458345600 0 0 0 0
1458259200 0 0 0 0
1458172800 0 0 0 0
1458086400 0 0 0 0
1458000000 0 0 0 0
1457913600 0 0 0 0
1457827200 0 0 0 0
1457740800 0 0 0 0
1457654400 0 0 0 0
1457568000 0 0 0 0
1457481600 0 0 0 0
1457395200 0 0 0 0
1457308800 0 0 0 0
1457222400 0 0 0 0
1457136000 0 0 0 0
1457049600 0 0 0 0
1456963200 0 0 0 0
1456876800 0 0 0 0
1456790400 0 0 0 0
1456704000 0 0 0 0
1456617600 0 0 0 0
1456531200 0 0 0 0
1456444800 0 0 0 0
1456358400 0 0 0 0
1456272000 0 0 0 0
1456185600 0 0 0 0
1456099200 0 0 0 0
1456012800 0 0 0 0
1455926400 0 0 0 0
1455840000 0 0 0 0
1455753600 0 0 0 0
1455667200 0 0 0 0
1455580800 0 0 0 0
1455494400 0 0 0 0
1455408000 0 0 0 0
1455321600 0 0 0 0
1455235200 0 0 0 0
1455148800 0 0 0 0
1455062400 0 0 0 0
1454976000 0 0 0 0
1454889600 0 0 0 0
1454803200 0 0 0 0
1454716800 0 0 0 0
1454630400 0 0 0 0
1454544000 0 0 0 0
1454457600 0 0 0 0
1454371200 0 0 0 0
1454284800 0 0 0 0
1454198400 0 0 0 0
1454112000 0 0 0 0
1454025600 0 0 0 0
1453939200 0 0 0 0
1453852800 0 0 0 0
1453766400 0 0 0 0
1453680000 0 0 0 0
1453593600 0 0 0 0
1453507200 0 0 0 0
1453420800 0 0 0 0
1453334400 0 0 0 0
1453248000 0 0 0 0
1453161600 0 0 0 0
1453075200 0 0 0 0
1452988800 0 0 0 0
1452902400 0 0 0 0
1452816000 0 0 0 0
1452729600 0 0 0 0
1452643200 0 0 0 0
1452556800 0 0 0 0
1452470400 0 0 0 0
1452384000 0 0 0 0
1452297600 0 0 0 0
1452211200 0 0 0 0
1452124800 0 0 0 0
1452038400 0 0 0 0
1451952000 0 0 0 0
1451865600 0 0 0 0
1451779200 0 0 0 0
1451692800 0 0 0 0
1451606400 0 0 0 0
1451520000 0 0 0 0
1451433600 0 0 0 0
1451347200 0 0 0 0
1451260800 0 0 0 0
1451174400 0 0 0 0
1451088000 0 0 0 0
1451001600 0 0 0 0
1450915200 0 0 0 0
1450828800 0 0 0 0
1450742400 0 0 0 0
1450656000 0 0 0 0
1450569600 0 0 0 0
1450483200 0 0 0 0
1450396800 0 0 0 0
1450310400 0 0 0 0
1450224000 0 0 0 0
1450137600 0 0 0 0
1450051200 0 0 0 0
1449964800 0 0 0 0
1449878400 0 0 0 0
1449792000 0 0 0 0
1449705600 0 0 0 0
1449619200 0 0 0 0
1449532800 0 0 0 0
1449446400 0 0 0 0
1449360000 0 0 0 0
1449273600 0 0 0 0
1449187200 0 0 0 0
1449100800 0 0 0 0
1449014400 0 0 0 0
1448928000 0 0 0 0
1448841600 0 0 0 0
1448755200 0 0 0 0
1448668800 0 0 0 0
1448582400 0 0 0 0
1448496000 0 0 0 0
1448409600 0 0 0 0
1448323200 0 0 0 0
1448236800 0 0 0 0
1448150400 0 0 0 0
1448064000 0 0 0 0
1447977600 0 0 0 0
1447891200 0 0 0 0
1447804800 0 0 0 0
1447718400 0 0 0 0
1447632000 0 0 0 0
1447545600 0 0 0 0
1447459200 0 0 0 0
1447372800 0 0 0 0
1447286400 0 0 0 0
1447200000 0 0 0 0
1447113600 0 0 0 0
1447027200 0 0 0 0
1446940800 0 0 0 0
1446854400 0 0 0 0
1446768000 0 0 0 0
1446681600 0 0 0 0
1446595200 0 0 0 0
1446508800 0 0 0 0
1446422400 0 0 0 0
1446336000 0 0 0 0
1446249600 0 0 0 0
1446163200 0 0 0 0
1446076800 0 0 0 0
1445990400 0 0 0 0
1445904000 0 0 0 0
1445817600 0 0 0 0
1445731200 0 0 0 0
1445644800 0 0 0 0
1445558400 0 0 0 0
1445472000 0 0 0 0
1445385600 0 0 0 0
1445299200 0 0 0 0
1445212800 0 0 0 0
1445126400 0 0 0 0
1445040000 0 0 0 0
1444953600 0 0 0 0
1444867200 0 0 0 0
1444780800 0 0 0 0
1444694400 0 0 0 0
1444608000 0 0 0 0
1444521600 0 0 0 0
1444435200 0 0 0 0
1444348800 0 0 0 0
1444262400 0 0 0 0
1444176000 0 0 0 0
1444089600 0 0 0 0
1444003200 0 0 0 0
1443916800 0 0 0 0
1443830400 0 0 0 0
1443744000 0 0 0 0
1443657600 0 0 0 0
1443571200 0 0 0 0
1443484800 0 0 0 0
1443398400 0 0 0 0
1443312000 0 0 0 0
1443225600 0 0 0 0
1443139200 0 0 0 0
1443052800 0 0 0 0
1442966400 0 0 0 0
1442880000 0 0 0 0
1442793600 0 0 0 0
1442707200 0 0 0 0
1442620800 0 0 0 0
1442534400 0 0 0 0
1442448000 0 0 0 0
1442361600 0 0 0 0
1442275200 0 0 0 0
1442188800 0 0 0 0
1442102400 0 0 0 0
1442016000 0 0 0 0
1441929600 0 0 0 0
1441843200 0 0 0 0
1441756800 0 0 0 0
1441670400 0 0 0 0
1441584000 0 0 0 0
1441497600 0 0 0 0
1441411200 0 0 0 0
1441324800 0 0 0 0
1441238400 0 0 0 0
1441152000 0 0 0 0
1441065600 0 0 0 0
1440979200 0 0 0 0
1440892800 0 0 0 0
1440806400 0 0 0 0
1440720000 0 0 0 0
1440633600 0 0 0 0
1440547200 0 0 0 0
1440460800 0 0 0 0
1440374400 0 0 0 0
1440288000 0 0 0 0
1440201600 0 0 0 0
1440115200 0 0 0 0
1440028800 0 0 0 0
1439942400 0 0 0 0
1439856000 0 0 0 0
1439769600 0 0 0 0
1439683200 0 0 0 0
1439596800 0 0 0 0
1439510400 0 0 0 0
1439424000 0 0 0 0
1439337600 0 0 0 0
1439251200 0 0 0 0
1439164800 0 0 0 0
1439078400 0 0 0 0
1438992000 0 0 0 0
1438905600 0 0 0 0
1438819200 0 0 0 0
1438732800 0 0 0 0
1438646400 0 0 0 0
1438560000 0 0 0 0
1438473600 0 0 0 0
1438387200 0 0 0 0
1438300800 0 0 0 0
1438214400 0 0 0 0
1438128000 0 0 0 0
1438041600 0 0 0 0
1437955200 0 0 0 0
1437868800 0 0 0 0
1437782400 0 0 0 0
1437696000 0 0 0 0
1437609600 0 0 0 0
1437523200 0 0 0 0
1437436800 0 0 0 0
1437350400 0 0 0 0
1437264000 0 0 0 0
1437177600 0 0 0 0
1437091200 0 0 0 0
1437004800 0 0 0 0
1436918400 0 0 0 0
1436832000 0 0 0 0
1436745600 0 0 0 0
1436659200 0 0 0 0
1436572800 0 0 0 0
1436486400 0 0 0 0
1436400000 0 0 0 0
1436313600 0 0 0 0
1436227200 0 0 0 0
1436140800 0 0 0 0
1436054400 0 0 0 0
1435968000 0 0 0 0
1435881600 0 0 0 0
1435795200 0 0 0 0
1435708800 0 0 0 0
1435622400 0 0 0 0
1435536000 0 0 0 0
