1504297338 488828485 12328022303
1504297338 22 900 22 900
1504297038 23 963 23 963
1504296900 22 1108 23 1278
1504296600 22 1235 22 1278
1504296300 22 1211 22 1241
1504296000 22 1209 23 1241
1504295700 22 1454 23 1782
1504295400 22 1464 22 1782
1504295100 22 1220 22 1363
1504294800 22 1452 23 1558
1504294500 22 1253 23 1558
1504294200 22 973 22 1059
1504293900 22 1034 22 1059
1504293600 22 1010 22 1016
1504293300 22 994 22 1016
1504293000 22 1043 22 1129
1504292700 22 1198 22 1281
1504292400 22 1259 23 1281
1504292100 22 1161 23 1234
1504291800 22 1077 23 1079
1504291500 22 1132 23 1195
1504291200 22 1183 22 1195
1504290900 22 1200 22 1236
1504290600 22 1225 22 1236
1504290300 22 1319 22 1443
1504290000 22 1341 22 1443
1504289700 22 1332 22 1459
1504289400 22 1407 22 1459
1504289100 22 1254 22 1348
1504288800 22 1095 22 1145
1504288500 22 1033 22 1039
1504288200 22 998 23 1028
1504287900 22 971 23 981
1504287600 22 1120 23 1285
1504287300 22 1226 23 1285
1504287000 22 1205 22 1261
1504286700 22 1328 22 1407
1504286400 22 1293 22 1407
1504286100 22 1150 22 1160
1504285800 22 1173 22 1214
1504285500 22 1179 22 1214
1504285200 22 1139 22 1139
1504284900 22 1125 22 1139
1504284600 22 1155 23 1211
1504284300 22 1273 23 1346
1504284000 22 1238 22 1346
1504283700 22 1171 22 1240
1504283400 22 1125 23 1240
1504283100 22 1023 23 1062
1504282800 22 1082 22 1106
1504282500 22 1125 22 1148
1504282200 22 1143 22 1148
1504281900 22 1175 22 1218
1504281600 22 1160 22 1218
1504281300 22 1209 22 1344
1504281000 22 1307 23 1344
1504280700 22 1193 23 1264
1504280400 22 1174 22 1249
1504280100 22 1193 22 1249
1504279800 22 1160 22 1198
1504279500 22 1203 22 1209
1504279200 22 1297 22 1401
1504278900 22 1437 22 1480
1504278600 22 1295 22 1480
1504278300 22 1150 22 1231
1504278000 22 1283 22 1345
1504277700 22 1271 22 1345
1504277400 22 1139 22 1185
1504277100 22 1182 22 1297
1504276800 22 1247 22 1297
1504276500 22 1093 22 1190
1504276200 22 1145 22 1336
1504275900 22 1223 22 1336
1504275600 22 1272 22 1482
1504275300 22 1628 22 1799
1504275000 22 1480 22 1799
1504274700 22 1082 22 1112
1504274400 22 1187 22 1352
1504274100 22 1453 22 1572
1504273800 22 1379 22 1572
1504273500 22 1168 22 1185
1504273200 22 1251 22 1329
1504272900 22 1520 22 1745
1504272600 22 1654 22 1745
1504272300 22 1524 22 1548
1504272000 22 1288 22 1496
1504271700 22 1272 22 1535
1504271400 22 1569 23 1609
1504271100 22 1441 23 1609
1504270800 22 1018 22 1247
1504270500 22 810 22 876
1504270200 22 739 22 876
1504269900 22 761 22 970
1504269600 22 767 22 970
1504269300 22 761 22 1030
1504269000 22 945 22 1030
1504268700 22 692 22 848
1504268400 22 531 22 557
1504268100 22 551 24 557
1504267800 23 510 24 545
1504267500 22 510 22 559
1504267200 22 634 23 723
1504266900 22 640 23 723
1504266600 22 508 22 544
1504266300 22 460 22 466
1504266000 22 421 22 454
1504265700 22 419 22 463
1504265400 22 473 23 486
1504265100 22 432 23 486
1504264800 22 404 22 446
1504264500 22 446 22 446
1504264200 22 406 23 446
1504263900 22 418 23 487
1504263600 22 460 22 487
1504263300 22 412 22 430
1504263000 22 434 23 484
1504262700 22 454 23 484
1504262400 22 433 23 449
1504262100 22 473 23 501
1504261800 22 464 22 501
1504261500 22 423 22 424
1504261200 22 444 23 468
1504260900 22 455 23 468
1504260600 22 415 23 441
1504260300 22 424 23 470
1504260000 22 426 22 470
1504259700 22 385 22 397
1504259400 22 450 22 512
1504259100 22 439 22 512
1504258800 22 373 23 396
1504258500 22 433 23 476
1504258200 22 435 23 476
1504257900 22 400 23 414
1504257600 22 433 22 456
1504257300 22 427 22 456
1504257000 22 389 22 394
1504256700 22 416 22 454
1504256400 22 426 22 454
1504256100 22 401 22 411
1504255800 22 435 22 464
1504255500 22 423 22 464
1504255200 22 392 22 411
1504254900 22 408 22 411
1504254600 22 404 22 405
1504254300 22 439 22 483
1504254000 22 457 22 483
1504253700 22 429 22 433
1504253400 22 404 23 433
1504253100 22 377 23 383
1504252800 22 377 22 383
1504252500 22 399 22 432
1504252200 22 413 22 432
1504251900 22 384 22 393
1504251600 22 392 22 412
1504251300 22 399 22 412
1504251000 22 401 23 422
1504250700 22 432 23 445
1504250400 22 440 22 445
1504250100 22 425 22 436
1504249800 22 411 22 413
1504249500 22 390 22 409
1504249200 22 389 23 414
1504248900 22 441 23 473
1504248600 22 440 22 473
1504248300 22 395 22 402
1504248000 22 411 23 440
1504247700 22 402 23 440
1504247400 22 383 22 412
1504247100 22 426 22 444
1504246800 22 433 22 444
1504246500 22 433 22 448
1504246200 22 433 22 448
1504245900 22 400 22 417
1504245600 22 413 22 451
1504245300 22 436 22 451
1504245000 22 420 22 422
1504244700 22 418 22 422
1504244400 22 414 22 415
1504244100 22 407 22 414
1504243800 22 431 23 469
1504243500 22 453 23 469
1504243200 22 441 22 448
1504242900 22 437 22 448
1504242600 22 423 22 425
1504242300 22 411 22 421
1504242000 22 414 22 432
1504241700 22 428 22 432
1504241400 22 422 23 424
1504241100 22 416 23 421
1504240800 22 390 23 412
1504240500 22 386 23 412
1504240200 22 441 22 476
1504239900 22 443 22 476
1504239600 22 418 23 433
1504239300 22 476 23 527
1504239000 22 456 22 527
1504238700 22 378 22 383
1504238400 22 451 22 532
1504238100 22 440 22 532
1504237800 22 395 23 467
1504237500 22 450 23 467
1504237200 22 402 22 431
1504236900 22 389 22 414
1504236600 22 435 22 461
1504236300 22 461 22 462
1504236000 22 450 23 462
1504235700 22 421 23 438
1504235400 22 404 22 407
1504235100 22 418 22 433
1504234800 22 397 22 433
1504234500 22 391 22 434
1504234200 22 446 22 462
1504233900 22 416 22 462
1504233600 22 395 22 433
1504233300 22 444 22 458
1504233000 22 412 22 458
1504232700 22 388 22 422
1504232400 22 451 23 486
1504232100 22 442 23 486
1504231800 22 389 23 393
1504231500 22 414 23 448
1504231200 22 416 23 448
1504230900 22 379 23 380
1504230600 22 429 22 487
1504230300 22 445 22 487
1504230000 22 379 22 396
1504229700 22 441 22 535
1504229400 22 472 22 535
1504229100 22 406 22 416
1504228800 22 432 22 452
1504228500 22 410 22 452
1504228200 22 387 23 418
1504227900 22 426 23 437
1504227600 22 419 23 437
1504227300 22 405 23 414
1504227000 22 442 22 475
1504226700 22 444 22 475
1504226400 22 415 23 424
1504226100 22 432 23 442
1504225800 22 424 22 442
1504225500 22 426 22 452
1504225200 22 456 22 462
1504224900 22 446 23 462
1504224600 22 440 23 455
1504224300 22 440 22 455
1504224000 22 425 22 428
1504223700 22 447 22 470
1504223400 22 440 22 470
1504223100 22 417 22 433
1504222800 22 453 22 478
1504222500 22 428 22 478
1504222200 22 414 22 466
1504221900 22 453 22 466
1504221600 22 412 22 438
1504221300 22 388 22 395
1504221000 22 424 22 460
1504220700 22 441 22 460
1504220400 22 416 22 419
1504220100 22 437 22 465
1504219800 22 426 22 465
1504219500 22 395 22 411
1504219200 22 424 22 440
1504218900 22 435 22 440
1504218600 22 444 22 462
1504218300 22 462 22 462
1504218000 22 437 22 462
1504217700 22 432 22 461
1504217400 22 423 22 461
1504217100 22 411 22 450
1504216800 22 436 22 450
1504216500 22 398 22 421
1504216200 22 452 22 545
1504215900 22 591 22 646
1504215600 22 582 22 646
1504215300 22 525 22 544
1504215000 22 578 22 618
1504214700 22 583 22 618
1504214400 22 630 22 734
1504214100 22 705 22 734
1504213800 22 729 22 797
1504213500 22 898 22 1018
1504213200 22 1023 22 1030
1504212900 22 1168 22 1331
1504212600 22 1308 22 1331
1504212300 22 1167 22 1282
1504212000 22 1016 22 1032
1504211700 22 1148 22 1323
1504211400 22 1356 22 1395
1504211100 22 1302 22 1395
1504210800 22 1188 22 1195
1504210500 22 1343 22 1532
1504210200 22 1385 22 1532
1504209900 22 1165 22 1213
1504209600 22 1314 23 1556
1504209300 22 1359 23 1556
1504209000 22 1332 22 1565
1504208700 22 1542 22 1565
1504208400 22 1364 23 1516
1504208100 22 1241 23 1306
1504207800 22 1248 22 1306
1504207500 22 1337 22 1523
1504207200 22 1512 23 1523
1504206900 22 1346 23 1500
1504206600 22 1221 23 1284
1504206300 22 1395 23 1525
1504206000 22 1449 22 1525
1504205700 22 1314 22 1363
1504205400 22 1302 22 1356
1504205100 22 1485 22 1635
1504204800 22 1431 23 1635
1504204500 22 1201 23 1212
1504204200 22 1376 23 1567
1504203900 22 1525 23 1567
1504203600 22 1483 22 1490
1504203300 22 1510 22 1535
1504203000 22 1500 23 1535
1504202700 22 1473 23 1491
1504202400 22 1491 22 1492
1504202100 22 1321 22 1492
1504201800 22 1173 22 1231
1504201500 22 1254 22 1281
1504201200 22 1281 22 1281
1504200900 22 1306 22 1337
1504200600 22 1346 22 1358
1504200300 22 1277 22 1358
1504200000 22 1223 23 1269
1504199700 22 1245 23 1269
1504199400 22 1227 23 1239
1504199100 22 1384 23 1556
1504198800 22 1462 22 1556
1504198500 22 1350 22 1352
1504198200 22 1295 22 1348
1504197900 22 1493 22 1799
1504197600 22 1586 22 1799
1504197300 22 1283 22 1338
1504197000 22 1400 23 1609
1504196700 22 1517 23 1609
1504196400 22 1376 22 1410
1504196100 22 1316 22 1337
1504195800 22 1379 22 1482
1504195500 22 1330 22 1482
1504195200 22 1289 23 1445
1504194900 22 1596 23 1774
1504194600 22 1626 22 1774
1504194300 22 1505 22 1567
1504194000 22 1603 23 1645
1504193700 22 1405 23 1645
1504193400 22 1336 22 1585
1504193100 22 1506 22 1585
1504192800 22 1294 22 1414
1504192500 22 1278 22 1421
1504192200 22 1419 23 1421
1504191900 22 1494 23 1585
1504191600 22 1511 22 1585
1504191300 22 1309 22 1425
1504191000 22 1152 22 1176
1504190700 22 1454 22 1840
1504190400 22 1607 23 1840
1504190100 22 1387 23 1444
1504189800 22 1334 22 1444
1504189500 22 1207 22 1209
1504189200 22 1181 22 1209
1504188900 22 1284 22 1443
1504188600 22 1388 23 1443
1504188300 22 1206 23 1324
1504188000 22 1066 22 1071
1504187700 22 1187 22 1335
1504187400 22 1492 22 1676
1504187100 22 1466 22 1676
1504186800 22 1464 23 1745
1504186500 22 1913 23 2109
1504186200 22 1872 22 2109
1504185900 22 1377 22 1599
1504185600 22 1231 22 1363
1504185300 22 1337 22 1363
1504185000 22 1479 22 1678
1504184700 22 1589 22 1678
1504184400 22 1294 23 1486
1504184100 22 1101 23 1138
1504183800 22 1185 22 1240
1504183500 22 1103 22 1240
1504183200 22 1006 23 1082
1504182900 22 980 23 1082
1504182600 22 1049 23 1270
1504182300 22 1022 23 1270
1504182000 22 1101 23 1530
1504181700 34 1421 47 1530
1504181400 39 1118 47 1295
1504181100 31 855 33 911
1504180800 31 790 33 791
1504180500 31 812 34 841
1504180200 32 855 34 872
1504179900 31 834 32 872
1504179600 32 806 33 825
1504179300 31 815 33 825
1504179000 31 816 34 832
1504178700 32 816 34 832
1504178400 31 851 32 913
1504178100 32 826 33 913
1504177800 31 769 33 820
1504177500 31 826 34 835
1504177200 32 858 34 885
1504176900 31 862 32 885
1504176600 32 845 33 856
1504176300 31 813 33 856
1504176000 31 787 34 814
1504175700 32 802 34 814
1504175400 31 811 32 837
1504175100 32 799 33 837
1504174800 32 802 33 859
1504174500 31 837 33 859
1504174200 32 812 33 813
1504173900 31 798 33 813
1504173600 32 805 33 835
1504173300 31 839 31 845
1504173000 31 843 33 845
1504172700 31 824 33 842
1504172400 31 821 33 841
1504172100 32 791 33 841
1504171800 31 769 32 813
1504171500 32 823 35 836
1504171200 32 812 35 836
1504170900 30 796 33 808
1504170600 32 820 33 835
1504170300 32 786 32 835
1504170000 32 776 34 830
1504169700 31 818 34 830
1504169400 31 815 34 827
1504169100 33 814 34 827
1504168800 31 801 32 804
1504168500 32 793 34 804
1504168200 32 775 34 781
1504167900 31 810 33 858
1504167600 32 823 33 858
1504167300 32 806 32 835
1504167000 32 840 33 846
1504166700 31 799 33 846
1504166400 30 777 33 816
1504166100 32 798 33 816
1504165800 32 823 32 876
1504165500 32 829 33 876
1504165200 31 786 33 800
1504164900 30 796 33 800
1504164600 32 813 33 838
1504164300 32 796 32 838
1504164000 32 803 34 870
1504163700 31 841 34 870
1504163400 31 803 35 808
1504163100 33 797 35 798
1504162800 31 809 32 825
1504162500 32 807 33 825
1504162200 31 792 33 797
1504161900 31 827 34 863
1504161600 32 795 34 863
1504161300 31 770 32 832
1504161000 32 827 33 832
1504160700 31 777 33 823
1504160400 31 815 34 921
1504160100 32 862 34 921
1504159800 31 795 31 798
1504159500 31 794 33 798
1504159200 31 808 33 828
1504158900 31 794 34 828
1504158600 32 796 34 845
1504158300 31 814 32 845
1504158000 32 802 33 829
1504157700 31 784 33 829
1504157400 31 794 34 867
1504157100 33 912 34 965
1504156800 38 1161 47 1393
1504156500 35 956 47 1393
1504156200 22 488 22 541
1504155900 27 549 35 560
1504155600 28 562 35 565
1504155300 28 579 36 596
1504155000 29 580 36 596
1504154700 28 532 36 563
1504154400 29 526 36 561
1504154100 28 572 37 586
1504153800 30 562 37 586
1504153500 27 564 34 598
1504153200 28 593 34 598
1504152900 23 553 23 589
1504152600 28 550 36 596
1504152300 29 582 36 596
1504152000 27 568 34 570
1504151700 28 571 34 574
1504151400 28 599 36 630
1504151100 29 569 36 630
1504150800 28 567 35 646
1504150500 28 598 35 646
1504150200 27 582 35 628
1504149900 28 602 35 628
1504149600 27 589 34 608
1504149300 28 595 34 608
1504149000 28 594 36 611
1504148700 29 586 36 611
1504148400 27 599 34 647
1504148100 28 614 34 647
1504147800 22 564 22 576
1504147500 27 584 35 622
1504147200 28 623 35 625
1504146900 28 589 36 625
1504146600 29 566 36 589
1504146300 28 616 36 648
1504146000 29 592 36 648
1504145700 27 575 34 631
1504145400 28 627 34 631
1504145100 27 594 34 624
1504144800 28 579 34 603
1504144500 27 605 35 608
1504144200 29 579 35 608
1504143900 27 594 35 652
1504143600 29 646 35 652
1504143300 28 595 36 639
1504143000 29 589 36 641
1504142700 22 621 24 641
1504142400 29 609 35 624
1504142100 29 609 35 624
1504141800 28 610 36 632
1504141500 30 600 36 632
1504141200 29 600 36 643
1504140900 29 615 36 643
1504140600 27 624 35 673
1504140300 28 614 35 673
1504140000 28 576 36 611
1504139700 29 608 36 611
1504139400 27 651 34 705
1504139100 28 633 34 705
1504138800 22 597 23 652
1504138500 22 627 23 652
1504138200 22 587 23 600
1504137900 22 570 23 573
1504137600 22 596 22 632
1504137300 22 588 22 632
1504137000 22 584 22 640
1504136700 22 616 22 640
1504136400 22 572 23 589
1504136100 22 576 23 604
1504135800 22 613 23 625
1504135500 22 586 23 625
1504135200 22 597 22 662
1504134900 22 616 22 662
1504134600 22 548 22 564
1504134300 22 556 22 586
1504134000 22 610 22 639
1504133700 22 597 22 639
1504133400 22 600 22 661
1504133100 22 626 22 661
1504132800 22 547 22 587
1504132500 22 558 22 625
1504132200 22 648 22 675
1504131900 22 622 22 675
1504131600 22 578 22 601
1504131300 22 584 22 601
1504131000 22 629 22 703
1504130700 22 677 22 703
1504130400 22 613 23 647
1504130100 22 586 23 599
1504129800 22 654 23 719
1504129500 22 643 23 719
1504129200 22 612 22 678
1504128900 22 678 22 680
1504128600 22 734 22 797
1504128300 22 1476 22 2275
1504128000 22 1753 22 2275
1504127700 22 960 22 1142
1504127400 22 812 22 889
1504127100 22 864 22 889
1504126800 22 824 22 837
1504126500 22 1017 22 1260
1504126200 22 1294 22 1334
1504125900 22 1207 22 1334
1504125600 22 989 22 1062
1504125300 22 1022 22 1161
1504125000 22 1161 23 1162
1504124700 22 1239 23 1330
1504124400 22 1763 23 2272
1504124100 22 1761 23 2272
1504123800 22 1206 22 1249
1504123500 22 1359 22 1489
1504123200 22 1431 22 1489
1504122900 22 1318 22 1365
1504122600 22 1405 23 1572
1504122300 22 1408 23 1572
1504122000 22 1471 22 1763
1504121700 22 1588 22 1763
1504121400 22 1499 23 1637
1504121100 22 1497 23 1637
1504120800 22 1329 22 1335
1504120500 22 1358 22 1401
1504120200 22 1535 23 1693
1504119900 22 1824 23 1977
1504119600 22 1809 22 1977
1504119300 22 1522 22 1616
1504119000 22 1391 23 1414
1504118700 22 1269 23 1365
1504118400 22 1304 22 1474
1504118100 22 1622 22 1797
1504117800 22 1561 22 1797
1504117500 22 1264 22 1286
1504117200 22 1484 22 1765
1504116000 22 1290 23 1543
1504114200 22 1275 23 1543
1504112400 22 1201 22 1379
1504110600 22 1482 22 1805
1504108800 22 1355 23 1805
1504107000 22 1328 23 1659
1504105200 22 1533 22 2039
1504103400 22 1522 23 2036
1504101600 22 1347 23 1537
1504099800 22 1513 23 1737
1504098000 22 1320 22 2184
1504096200 22 953 23 1169
1504094400 22 720 23 1138
1504092600 22 607 22 647
1504090800 22 609 23 683
1504089000 22 645 22 739
1504087200 22 583 23 643
1504085400 22 602 23 681
1504083600 22 580 23 658
1504081800 22 602 23 638
1504080000 22 595 23 633
1504078200 22 598 23 664
1504076400 22 586 23 664
1504074600 22 581 23 647
1504072800 22 584 23 616
1504071000 22 590 22 620
1504069200 22 582 22 604
1504067400 22 586 23 608
1504065600 22 582 23 616
1504063800 22 588 23 629
1504062000 22 599 23 630
1504060200 22 609 22 760
1504058400 22 621 23 784
1504056600 22 606 23 742
1504054800 22 592 23 691
1504053000 22 602 23 652
1504051200 22 589 22 674
1504049400 22 589 22 644
1504047600 22 586 23 625
1504045800 22 603 22 658
1504044000 22 762 23 1210
1504042200 22 796 23 870
1504040400 22 1225 22 1471
1504038600 22 1397 23 1632
1504036800 22 1561 22 2089
1504035000 22 1824 23 2089
1504033200 22 1602 22 2036
1504031400 22 1431 22 1773
1504029600 22 1515 22 1940
1504027800 22 1694 23 1996
1504026000 22 1368 22 1578
1504024200 22 1473 23 1684
1504022400 22 1420 22 1605
1504020600 22 1488 23 1779
1504018800 22 1567 28 1824
1504017000 22 1450 23 1743
1504015200 22 1726 23 2237
1504013400 22 1698 23 1945
1504011600 21 1193 23 1457
1504009800 21 931 23 1184
1504008000 22 771 23 1316
1504006200 21 615 23 865
1504004400 22 537 22 598
1504002600 21 556 23 601
1504000800 22 562 22 591
1503999000 22 548 23 622
1503997200 22 552 23 594
1503995400 22 552 22 606
1503993600 22 551 23 589
1503991800 22 563 23 636
1503990000 22 543 23 588
1503988200 22 551 23 625
1503986400 22 555 22 596
1503984600 22 542 22 577
1503982800 22 537 22 588
1503981000 22 539 22 678
1503979200 22 539 22 656
1503977400 22 526 22 575
1503975600 22 555 22 598
1503973800 22 557 23 618
1503972000 22 563 23 625
1503970200 22 563 23 628
1503968400 22 565 23 625
1503966600 22 564 22 590
1503964800 22 577 23 631
1503963000 22 563 23 607
1503961200 22 572 22 620
1503959400 22 750 23 1390
1503957600 22 821 22 1390
1503955800 22 900 23 1262
1503954000 22 1129 23 1346
1503952200 22 1386 22 1491
1503950400 320 1852 1824 3063
1503948600 229 1572 2748 4562
1503946800 267 1728 2748 4562
1503945000 22 1327 23 1484
1503943200 22 1390 22 1869
1503941400 22 1227 23 1560
1503939600 22 1398 23 1596
1503937800 22 1393 27 1552
1503936000 22 1377 22 1620
1503934200 22 1172 23 1587
1503932400 22 1364 23 1793
1503930600 22 1575 23 2020
1503928800 22 1797 22 2360
1503927000 22 1341 23 1683
1503925200 22 1003 23 1380
1503923400 22 805 23 1147
1503921600 22 533 23 837
1503919800 22 440 23 479
1503918000 22 463 22 489
1503916200 22 420 23 449
1503914400 22 423 22 443
1503912600 22 428 22 479
1503910800 22 418 23 471
1503909000 22 419 23 470
1503907200 22 421 22 445
1503905400 22 424 22 452
1503903600 22 421 22 457
1503901800 22 423 22 487
1503900000 22 419 22 454
1503898200 22 427 22 475
1503896400 22 426 22 484
1503894600 22 421 23 463
1503892800 22 460 22 514
1503891000 22 468 23 516
1503889200 22 468 22 516
1503887400 22 467 22 494
1503885600 22 467 23 500
1503883800 22 468 23 504
1503882000 22 467 22 491
1503880200 22 466 22 509
1503878400 22 466 23 531
1503876600 22 470 22 533
1503874800 22 466 22 508
1503873000 22 472 23 532
1503871200 22 470 23 508
1503869400 22 472 22 509
1503867600 22 470 23 512
1503865800 22 467 22 510
1503864000 22 466 23 496
1503862200 22 476 23 510
1503860400 22 466 23 514
1503858600 22 421 23 458
1503856800 22 421 22 452
1503855000 22 427 22 476
1503853200 22 425 23 456
1503851400 22 418 23 461
1503849600 22 426 22 496
1503847800 22 424 23 476
1503846000 22 430 22 492
1503844200 22 426 23 467
1503842400 22 419 22 469
1503840600 22 428 23 474
1503838800 22 422 22 479
1503837000 22 429 23 492
1503835200 22 423 23 454
1503833400 22 429 22 466
1503831600 22 422 22 467
1503829800 22 419 23 450
1503828000 22 426 23 447
1503826200 22 428 23 483
1503824400 22 426 22 460
1503822600 22 424 23 465
1503820800 22 423 23 471
1503819000 22 432 22 455
1503817200 22 425 22 463
1503815400 22 425 23 473
1503813600 22 421 23 463
1503811800 22 422 22 444
1503810000 22 426 23 467
1503808200 22 419 23 459
1503806400 22 418 23 455
1503804600 22 423 23 452
1503802800 22 422 23 446
1503801000 22 419 22 454
1503799200 22 421 23 476
1503797400 22 428 23 472
1503795600 22 424 22 462
1503793800 22 423 22 453
1503792000 22 425 22 468
1503790200 22 424 22 468
1503788400 22 423 23 463
1503786600 22 424 23 443
1503784800 22 419 22 442
1503783000 22 434 23 478
1503781200 22 422 22 445
1503779400 22 421 22 445
1503777600 22 422 23 447
1503775800 22 432 23 465
1503774000 22 425 23 483
1503772200 22 422 23 479
1503770400 22 424 23 495
1503768600 22 427 23 495
1503766800 22 429 22 458
1503765000 22 420 23 444
1503763200 22 423 23 448
1503761400 22 421 23 442
1503759600 22 425 23 442
1503757800 22 427 23 473
1503756000 22 419 23 447
1503754200 22 429 23 475
1503752400 22 424 23 452
1503750600 22 424 23 459
1503748800 22 419 23 443
1503747000 22 427 23 482
1503745200 22 422 22 472
1503743400 21 420 23 464
1503741600 22 428 23 460
1503739800 22 431 23 478
1503738000 22 421 22 460
1503736200 22 421 23 460
1503734400 22 424 23 458
1503732600 22 425 23 445
1503730800 22 425 23 468
1503729000 22 425 23 479
1503727200 22 421 23 467
1503725400 22 425 23 465
1503723600 22 424 23 446
1503721800 22 426 23 464
1503720000 22 467 23 513
1503718200 22 469 23 504
1503716400 22 468 23 498
1503714600 22 471 23 492
1503712800 22 467 23 501
1503711000 22 475 23 536
1503709200 22 466 22 501
1503707400 22 466 23 507
1503705600 22 471 23 499
1503703800 22 464 23 499
1503702000 22 440 23 465
1503700200 22 459 23 546
1503698400 22 521 23 589
1503696600 22 599 23 748
1503694800 22 693 22 771
1503693000 22 926 23 1127
1503691200 22 1219 23 1663
1503689400 22 1158 23 1663
1503687600 22 1135 23 1299
1503685800 22 1269 23 1382
1503684000 22 1112 23 1363
1503682200 22 1151 23 1386
1503680400 22 1149 23 1228
1503678600 22 1119 23 1252
1503676800 22 1361 23 1682
1503675000 22 1146 23 1682
1503673200 22 1241 22 1693
1503671400 22 1341 23 1676
1503669600 22 1520 23 2326
1503667800 22 1289 23 1508
1503666000 22 1099 22 1399
1503664200 22 946 23 1298
1503662400 22 701 23 1133
1503660600 22 598 23 694
1503658800 22 566 23 619
1503657000 22 562 23 577
1503655200 22 568 23 601
1503653400 22 581 23 636
1503651600 22 566 23 652
1503649800 22 567 23 630
1503648000 22 563 23 614
1503646200 22 576 23 641
1503644400 22 572 22 650
1503642600 22 573 23 683
1503640800 22 568 23 633
1503639000 22 579 23 672
1503637200 22 570 23 613
1503635400 22 588 23 683
1503633600 22 562 23 593
1503631800 22 582 23 616
1503630000 22 568 23 637
1503628200 22 563 23 609
1503626400 22 568 23 607
1503624600 22 594 23 732
1503622800 22 547 23 619
1503621000 22 560 23 619
1503619200 22 544 23 571
1503617400 22 553 23 613
1503615600 22 551 22 641
1503613800 22 630 23 984
1503612000 22 696 23 997
1503610200 22 989 23 1165
1503608400 22 894 22 1107
1503606600 22 1145 23 1321
1503604800 22 1210 23 1376
1503603000 22 1344 23 1663
1503601200 22 1266 23 1663
1503599400 22 1255 23 1464
1503597600 22 1301 22 1464
1503595800 22 1317 22 1669
1503594000 22 1274 22 1669
1503592200 22 1194 22 1236
1503590400 22 1278 22 1370
1503588600 22 1321 22 1370
1503586800 22 1334 22 1357
1503585000 22 1334 22 1357
1503583200 22 1360 22 1363
1503581400 22 1415 22 1465
1503579600 22 1086 22 1100
1503577800 22 912 22 912
1503576000 22 718 22 912
1503574200 22 585 22 675
1503572400 22 585 22 601
1503570600 22 602 22 607
1503568800 22 607 22 608
1503567000 22 608 22 608
1503565200 22 597 22 608
1503563400 22 597 22 608
1503561600 22 608 22 608
1503559800 22 589 22 608
1503558000 22 579 22 579
1503556200 22 579 22 580
1503554400 22 578 22 580
1503552600 22 578 22 580
1503550800 22 590 22 593
1503549000 22 592 22 593
1503547200 22 595 22 601
1503545400 22 616 22 621
1503543600 22 612 22 621
1503541800 22 615 22 620
1503540000 22 609 23 633
1503538200 22 639 23 647
1503536400 22 617 22 635
1503534600 22 595 22 619
1503532800 22 594 22 611
1503531000 22 597 22 612
1503529200 22 596 22 608
1503527400 22 635 22 668
1503525600 22 657 23 700
1503523800 22 850 23 1053
1503522000 21 981 22 1124
1503520200 22 1139 23 1225
1503518400 22 1245 23 1433
1503516600 22 1447 23 1895
1503514800 22 1357 23 1560
1503513000 22 1418 23 2112
1503511200 22 1334 23 1596
1503509400 22 1272 23 1596
1503507600 22 1325 23 1577
1503505800 22 1248 23 1393
1503504000 22 1234 23 1393
1503502200 22 1232 23 1352
1503500400 22 1277 23 1359
1503498600 22 1295 23 1451
1503496800 22 1396 22 1889
1503495000 22 1445 24 1838
1503493200 22 1112 23 1345
1503491400 22 860 23 1084
1503489600 22 735 23 1322
1503487800 22 557 23 606
1503486000 22 523 23 580
1503484200 22 527 23 566
1503482400 21 528 23 559
1503480600 21 539 23 593
1503478800 22 530 23 593
1503477000 22 567 23 611
1503475200 21 575 23 618
1503473400 21 586 23 613
1503471600 22 581 23 637
1503469800 22 578 22 618
1503468000 22 580 23 616
1503466200 22 591 23 640
1503464400 22 582 23 625
1503462600 22 603 23 709
1503460800 22 626 23 750
1503459000 22 554 23 605
1503457200 22 542 23 588
1503455400 22 530 23 562
1503453600 22 544 23 608
1503451800 22 546 24 608
1503450000 22 539 23 575
1503448200 22 528 23 568
1503446400 22 565 23 724
1503444600 22 590 23 724
1503442800 22 596 23 802
1503441000 22 611 23 662
1503439200 22 671 23 777
1503437400 22 1067 23 1459
1503435600 22 1245 23 1433
1503433800 22 1381 23 1597
1503432000 22 1420 23 1584
1503430200 22 1552 23 1834
1503428400 22 1467 23 1700
1503426600 22 1525 23 1876
1503424800 22 1546 23 1672
1503423000 22 1645 23 1792
1503421200 22 1644 23 2317
1503419400 22 1509 23 1919
1503417600 22 2073 23 2543
1503415800 22 1662 23 2290
1503414000 22 1620 23 1900
1503412200 22 1586 23 1838
1503410400 22 1526 23 1916
1503408600 22 1756 24 1995
1503406800 22 1200 23 1505
1503405000 22 1136 23 1735
1503403200 22 706 23 1238
1503401400 22 683 23 816
1503399600 22 610 23 779
1503397800 22 682 23 837
1503396000 22 595 23 837
1503394200 22 611 23 688
1503392400 22 590 23 645
1503390600 22 588 23 637
1503388800 22 578 23 630
1503387000 22 594 23 645
1503385200 22 587 23 618
1503383400 22 595 23 624
1503381600 22 584 26 614
1503379800 22 589 23 633
1503378000 22 605 23 643
1503376200 22 588 23 624
1503374400 22 581 22 612
1503372600 22 590 23 648
1503370800 22 585 23 647
1503369000 22 586 22 653
1503367200 22 624 22 703
1503365400 22 602 23 653
1503363600 22 584 23 626
1503361800 22 593 23 654
1503360000 22 614 22 715
1503358200 22 653 23 913
1503356400 22 596 23 639
1503354600 22 631 22 725
1503352800 22 671 22 850
1503351000 22 844 23 1275
1503349200 22 1102 22 1275
1503347400 22 1314 23 1799
1503345600 22 1093 22 1799
1503343800 22 1195 23 1845
1503342000 21 1102 23 1223
1503340200 21 1320 22 1735
1503338400 22 1356 22 1735
1503336600 21 1431 23 1918
1503334800 21 1330 23 1711
1503333000 21 1507 23 2021
1503331200 21 1297 23 1509
1503329400 21 1195 22 1509
1503327600 22 1197 23 1382
1503325800 22 1363 22 1588
1503324000 22 824 22 1471
1503322200 22 469 22 469
1503320400 22 469 22 469
1503318600 22 469 22 469
1503316800 22 469 22 469
1503315000 22 469 22 469
1503313200 22 469 22 469
1503311400 22 469 22 469
1503309600 22 469 22 469
1503307800 22 469 22 469
1503306000 22 469 22 469
1503304200 22 469 22 469
1503302400 22 469 22 469
1503300600 22 469 22 469
1503298800 22 469 22 469
1503297000 22 469 22 469
1503295200 22 469 22 469
1503293400 22 469 22 469
1503291600 22 469 22 469
1503289800 22 469 22 469
1503288000 22 469 22 469
1503286200 22 469 22 469
1503284400 22 469 22 469
1503282600 22 469 22 469
1503280800 22 469 22 469
1503279000 22 469 22 469
1503277200 22 469 22 469
1503275400 22 469 22 469
1503273600 22 469 22 469
1503271800 22 469 22 469
1503270000 22 469 22 469
1503268200 22 469 22 469
1503266400 22 469 22 469
1503264600 22 469 22 469
1503262800 22 469 22 469
1503261000 22 469 22 469
1503259200 22 469 22 469
1503257400 22 469 22 469
1503255600 22 469 22 469
1503253800 22 469 22 469
1503252000 22 469 22 469
1503250200 22 469 22 469
1503248400 22 469 22 469
1503246600 22 469 22 469
1503244800 22 469 22 469
1503243000 22 469 22 469
1503241200 22 469 22 469
1503239400 22 469 22 469
1503237600 22 469 22 469
1503235800 22 469 22 469
1503234000 22 469 22 469
1503232200 22 469 22 469
1503230400 22 469 22 469
1503228600 22 469 22 469
1503226800 22 469 22 469
1503225000 22 469 22 469
1503223200 22 469 22 469
1503221400 22 469 22 469
1503219600 22 469 22 469
1503217800 22 469 22 469
1503216000 22 469 22 469
1503214200 22 469 22 469
1503212400 22 469 22 469
1503210600 22 469 22 469
1503208800 22 469 22 469
1503207000 22 469 22 469
1503205200 22 469 22 469
1503203400 22 469 22 469
1503201600 22 469 22 469
1503199800 22 469 22 469
1503198000 22 469 22 469
1503196200 22 469 22 469
1503194400 22 469 22 469
1503192600 22 469 22 469
1503190800 22 469 22 469
1503189000 22 469 22 469
1503187200 22 469 22 469
1503185400 22 469 22 469
1503183600 22 469 22 469
1503181800 22 469 22 469
1503180000 22 469 22 469
1503178200 22 469 22 469
1503176400 22 469 22 469
1503174600 22 469 22 469
1503172800 22 469 22 469
1503171000 22 469 22 469
1503169200 22 469 22 469
1503167400 22 469 22 469
1503165600 22 469 22 469
1503163800 22 469 22 469
1503162000 22 469 22 469
1503160200 22 469 22 469
1503158400 22 469 22 469
1503156600 22 469 22 469
1503154800 22 469 22 469
1503153000 22 469 22 469
1503151200 22 469 22 469
1503149400 22 469 22 469
1503147600 22 469 22 469
1503145800 22 469 22 469
1503144000 22 469 22 469
1503142200 22 469 22 469
1503140400 22 469 22 469
1503138600 22 469 22 469
1503136800 22 469 22 469
1503135000 22 469 22 469
1503133200 22 469 22 469
1503131400 22 469 22 469
1503129600 22 469 22 469
1503127800 22 469 22 469
1503126000 22 469 22 469
1503124200 22 469 22 469
1503122400 22 469 22 469
1503120600 22 469 22 469
1503118800 22 469 22 469
1503117000 22 469 22 469
1503115200 22 469 22 469
1503113400 22 469 22 469
1503111600 22 469 22 469
1503109800 22 469 22 469
1503108000 22 469 22 469
1503106200 22 469 22 469
1503104400 22 469 22 469
1503102600 22 469 22 469
1503100800 22 469 22 469
1503099000 22 469 22 469
1503097200 22 469 22 469
1503095400 22 469 22 469
1503093600 22 469 22 469
1503091800 22 469 22 469
1503090000 22 469 22 469
1503088200 22 469 22 469
1503086400 22 469 22 469
1503084600 22 469 22 469
1503082800 22 469 22 469
1503081000 22 469 22 469
1503079200 22 469 22 469
1503077400 22 469 22 469
1503075600 22 469 22 469
1503073800 22 469 22 469
1503072000 22 469 22 469
1503070200 22 469 22 469
1503068400 22 469 22 469
1503066600 22 469 22 469
1503064800 22 469 22 469
1503063000 22 469 22 469
1503061200 22 469 22 469
1503059400 22 469 22 469
1503057600 22 469 22 469
1503055800 22 469 22 469
1503054000 22 469 22 469
1503052200 22 469 22 469
1503050400 22 469 22 469
1503048600 22 469 22 469
1503046800 22 469 22 469
1503045000 22 469 22 469
1503043200 22 469 22 469
1503041400 22 469 22 469
1503039600 22 469 22 469
1503037800 22 469 22 469
1503036000 22 469 22 469
1503028800 22 469 22 469
1503021600 22 469 22 469
1503014400 22 469 22 469
1503007200 22 469 22 469
1503000000 22 469 22 469
1502992800 22 469 22 469
1502985600 22 469 22 469
1502978400 22 469 22 469
1502971200 22 469 22 469
1502964000 22 469 22 469
1502956800 22 469 22 469
1502949600 22 469 22 469
1502942400 22 469 22 469
1502935200 22 469 22 469
1502928000 22 469 22 469
1502920800 22 469 22 469
1502913600 22 469 22 469
1502906400 22 469 22 469
1502899200 22 469 22 469
1502892000 22 469 22 469
1502884800 22 469 22 469
1502877600 22 469 22 469
1502870400 22 469 22 469
1502863200 22 469 22 469
1502856000 22 469 22 469
1502848800 22 469 22 469
1502841600 22 469 22 469
1502834400 22 469 22 469
1502827200 22 469 22 469
1502820000 22 469 22 469
1502812800 22 469 22 469
1502805600 22 469 22 469
1502798400 22 469 22 469
1502791200 22 469 22 469
1502784000 22 469 22 469
1502776800 22 469 22 469
1502769600 22 469 22 469
1502762400 22 469 22 469
1502755200 22 469 22 469
1502748000 22 469 22 469
1502740800 22 469 22 469
1502733600 22 469 22 469
1502726400 22 469 22 469
1502719200 22 469 22 469
1502712000 22 469 22 469
1502704800 22 469 22 469
1502697600 22 469 22 469
1502690400 22 469 22 469
1502683200 22 469 22 469
1502676000 22 469 22 469
1502668800 22 469 22 469
1502661600 22 469 22 469
1502654400 22 469 22 469
1502647200 22 469 22 469
1502640000 22 469 22 469
1502632800 22 469 22 469
1502625600 22 469 22 469
1502618400 22 469 22 469
1502611200 22 469 22 469
1502604000 22 469 22 469
1502596800 22 469 22 469
1502589600 22 469 22 469
1502582400 22 469 22 469
1502575200 22 469 22 469
1502568000 22 469 22 469
1502560800 22 469 22 469
1502553600 22 469 22 469
1502546400 22 469 22 469
1502539200 22 469 22 469
1502532000 22 469 22 469
1502524800 22 469 22 469
1502517600 22 469 22 469
1502510400 22 469 22 469
1502503200 22 469 22 469
1502496000 22 469 22 469
1502488800 22 469 22 469
1502481600 22 469 22 469
1502474400 22 469 22 469
1502467200 22 469 22 469
1502460000 22 469 22 469
1502452800 22 469 22 469
1502445600 22 469 22 469
1502438400 22 469 22 469
1502431200 22 469 22 469
1502424000 22 469 22 469
1502416800 22 469 22 469
1502409600 22 469 22 469
1502402400 22 469 22 469
1502395200 22 469 22 469
1502388000 22 469 22 469
1502380800 22 469 22 469
1502373600 22 469 22 469
1502366400 22 469 22 469
1502359200 22 469 22 469
1502352000 22 469 22 469
1502344800 22 469 22 469
1502337600 22 469 22 469
1502330400 22 469 22 469
1502323200 22 469 22 469
1502316000 22 469 22 469
1502308800 22 469 22 469
1502301600 22 469 22 469
1502294400 22 469 22 469
1502287200 22 469 22 469
1502280000 22 469 22 469
1502272800 22 469 22 469
1502265600 22 469 22 469
1502258400 22 469 22 469
1502251200 22 469 22 469
1502244000 22 469 22 469
1502236800 22 469 22 469
1502229600 22 469 22 469
1502222400 22 469 22 469
1502215200 22 469 22 469
1502208000 22 469 22 469
1502200800 22 469 22 469
1502193600 22 469 22 469
1502186400 22 469 22 469
1502179200 22 469 22 469
1502172000 22 469 22 469
1502164800 22 469 22 469
1502157600 22 469 22 469
1502150400 22 469 22 469
1502143200 22 469 22 469
1502136000 22 469 22 469
1502128800 22 469 22 469
1502121600 22 469 22 469
1502114400 22 469 22 469
1502107200 22 469 22 469
1502100000 22 469 22 469
1502092800 22 469 22 469
1502085600 22 469 22 469
1502078400 22 469 22 469
1502071200 22 469 22 469
1502064000 22 469 22 469
1502056800 22 469 22 469
1502049600 22 469 22 469
1502042400 22 469 22 469
1502035200 22 469 22 469
1502028000 22 469 22 469
1502020800 22 469 22 469
1502013600 22 469 22 469
1502006400 22 469 22 469
1501999200 22 469 22 469
1501992000 22 469 22 469
1501984800 22 469 22 469
1501977600 22 469 22 469
1501970400 22 469 22 469
1501963200 22 469 22 469
1501956000 22 469 22 469
1501948800 22 469 22 469
1501941600 22 469 22 469
1501934400 22 469 22 469
1501927200 22 469 22 469
1501920000 22 469 22 469
1501912800 22 469 22 469
1501905600 22 469 22 469
1501898400 22 469 22 469
1501891200 22 469 22 469
1501884000 22 469 22 469
1501876800 22 469 22 469
1501869600 22 469 22 469
1501862400 22 469 22 469
1501855200 22 469 22 469
1501848000 22 469 22 469
1501840800 22 469 22 469
1501833600 22 469 22 469
1501826400 22 469 22 469
1501819200 22 469 22 469
1501812000 22 469 22 469
1501804800 22 469 22 469
1501797600 22 469 22 469
1501790400 22 469 22 469
1501783200 22 469 22 469
1501776000 22 469 22 469
1501768800 22 469 22 469
1501761600 22 469 22 469
1501754400 22 469 22 469
1501747200 22 469 22 469
1501740000 22 469 22 469
1501732800 22 469 22 469
1501725600 22 469 22 469
1501718400 22 469 22 469
1501711200 22 469 22 469
1501704000 22 469 22 469
1501696800 22 469 22 469
1501689600 22 469 22 469
1501682400 22 469 22 469
1501675200 22 469 22 469
1501668000 22 469 22 469
1501660800 22 469 22 469
1501653600 22 469 22 469
1501646400 22 469 22 469
1501639200 22 469 22 469
1501632000 22 469 22 469
1501624800 22 469 22 469
1501617600 22 469 22 469
1501610400 22 469 22 469
1501603200 22 469 22 469
1501596000 22 469 22 469
1501588800 22 469 22 469
1501581600 22 469 22 469
1501574400 22 469 22 469
1501567200 22 469 22 469
1501560000 22 469 22 469
1501552800 22 469 22 469
1501545600 22 469 22 469
1501538400 22 469 22 469
1501531200 22 469 22 469
1501524000 22 469 22 469
1501516800 22 469 22 469
1501509600 22 469 22 469
1501502400 22 469 22 469
1501495200 22 469 22 469
1501488000 22 469 22 469
1501480800 22 469 22 469
1501473600 22 469 22 469
1501466400 22 469 22 469
1501459200 22 469 22 469
1501452000 22 469 22 469
1501444800 22 469 22 469
1501437600 22 469 22 469
1501430400 22 469 22 469
1501423200 22 469 22 469
1501416000 22 469 22 469
1501408800 22 469 22 469
1501401600 22 469 22 469
1501394400 22 469 22 469
1501387200 22 469 22 469
1501380000 22 469 22 469
1501372800 22 469 22 469
1501365600 22 469 22 469
1501358400 22 469 22 469
1501351200 22 469 22 469
1501344000 22 469 22 469
1501336800 22 469 22 469
1501329600 22 469 22 469
1501322400 22 469 22 469
1501315200 22 469 22 469
1501308000 22 469 22 469
1501300800 22 469 22 469
1501293600 22 469 22 469
1501286400 22 469 22 469
1501279200 22 469 22 469
1501272000 22 469 22 469
1501264800 22 469 22 469
1501257600 22 469 22 469
1501250400 22 469 22 469
1501243200 22 469 22 469
1501236000 22 469 22 469
1501228800 22 469 22 469
1501221600 22 469 22 469
1501214400 22 469 22 469
1501207200 22 469 22 469
1501200000 22 469 22 469
1501192800 22 469 22 469
1501185600 22 469 22 469
1501178400 22 469 22 469
1501171200 22 469 22 469
1501164000 22 469 22 469
1501156800 22 469 22 469
1501149600 22 469 22 469
1501142400 22 469 22 469
1501135200 22 469 22 469
1501128000 22 469 22 469
1501120800 22 469 22 469
1501113600 22 469 22 469
1501106400 22 469 22 469
1501099200 22 469 22 469
1501092000 22 469 22 469
1501084800 22 469 22 469
1501077600 22 469 22 469
1501070400 22 469 22 469
1501063200 22 469 22 469
1501056000 22 469 22 469
1501048800 22 469 22 469
1501041600 22 469 22 469
1501034400 22 469 22 469
1501027200 22 469 22 469
1501020000 22 469 22 469
1501012800 22 469 22 469
1501005600 22 469 22 469
1500998400 22 469 22 469
1500991200 22 469 22 469
1500984000 22 469 22 469
1500976800 22 469 22 469
1500969600 22 469 22 469
1500962400 22 469 22 469
1500955200 22 469 22 469
1500948000 22 469 22 469
1500940800 22 469 22 469
1500933600 22 469 22 469
1500926400 22 469 22 469
1500919200 22 469 22 469
1500912000 22 469 22 469
1500904800 22 469 22 469
1500897600 22 469 22 469
1500890400 22 469 22 469
1500883200 22 469 22 469
1500876000 22 469 22 469
1500868800 22 469 22 469
1500861600 22 469 22 469
1500854400 22 469 22 469
1500847200 22 469 22 469
1500840000 22 469 22 469
1500832800 22 469 22 469
1500825600 22 469 22 469
1500818400 22 469 22 469
1500811200 22 469 22 469
1500804000 22 469 22 469
1500796800 22 469 22 469
1500789600 22 469 22 469
1500782400 22 469 22 469
1500775200 22 469 22 469
1500768000 22 469 22 469
1500760800 22 469 22 469
1500753600 22 469 22 469
1500746400 22 469 22 469
1500739200 22 469 22 469
1500732000 22 469 22 469
1500724800 22 468 22 469
1500717600 22 467 22 473
1500710400 22 464 22 473
1500703200 22 458 22 469
1500696000 22 463 22 470
1500688800 22 467 22 477
1500681600 22 525 22 862
1500674400 22 793 22 1292
1500667200 21 1243 23 1631
1500660000 22 1320 23 1663
1500652800 22 1477 23 2044
1500645600 22 1380 24 2044
1500638400 22 768 23 843
1500631200 22 734 23 794
1500624000 22 740 23 856
1500616800 22 757 23 882
1500609600 22 751 23 893
1500602400 22 754 23 833
1500595200 22 787 23 962
1500588000 22 1426 23 2331
1500580800 22 1743 23 2142
1500573600 22 1791 23 2237
1500566400 22 1704 23 2331
1500559200 22 1548 23 2183
1500552000 22 772 23 1431
1500544800 22 747 23 838
1500537600 22 779 23 953
1500530400 22 774 24 874
1500523200 22 799 23 877
1500516000 22 767 24 839
1500508800 22 810 23 958
1500501600 22 1147 23 1799
1500494400 22 1538 23 1865
1500487200 22 1359 23 1675
1500480000 22 1363 23 1812
1500472800 22 998 24 1951
1500465600 22 619 22 619
1500458400 22 619 22 619
1500451200 22 619 22 619
1500444000 22 619 22 619
1500436800 22 619 22 619
1500429600 22 619 22 619
1500422400 22 619 22 619
1500415200 22 619 22 619
1500408000 22 619 22 619
1500400800 22 619 22 619
1500393600 22 619 22 619
1500386400 22 619 22 619
1500379200 22 619 22 619
1500372000 22 619 22 619
1500364800 22 619 22 619
1500357600 22 619 22 619
1500350400 22 619 22 619
1500343200 22 619 22 619
1500336000 22 619 22 619
1500328800 22 619 22 619
1500321600 22 619 22 619
1500314400 22 619 22 619
1500307200 22 619 22 619
1500300000 22 619 22 619
1500292800 22 619 22 619
1500285600 22 619 22 619
1500278400 22 619 22 619
1500271200 22 619 22 619
1500264000 22 619 22 619
1500256800 22 619 22 619
1500249600 22 619 22 619
1500242400 22 619 22 619
1500235200 22 619 22 619
1500228000 22 619 22 619
1500220800 22 619 22 619
1500213600 22 619 22 619
1500206400 22 619 22 619
1500199200 22 619 22 619
1500192000 22 619 22 619
1500184800 22 619 22 619
1500177600 22 619 22 619
1500170400 22 619 22 619
1500163200 22 619 22 619
1500156000 22 619 22 619
1500148800 22 619 22 619
1500141600 22 619 22 619
1500134400 22 619 22 619
1500127200 22 619 22 619
1500120000 22 619 22 619
1500112800 22 619 22 619
1500105600 22 619 22 619
1500098400 22 619 22 619
1500091200 22 619 22 619
1500084000 22 619 22 619
1500076800 22 619 22 619
1500069600 22 619 22 619
1500062400 22 619 22 619
1500055200 22 619 22 619
1500048000 22 619 22 619
1500040800 22 619 22 619
1500033600 22 619 22 619
1500026400 22 619 22 619
1500019200 22 619 22 619
1500012000 22 619 22 619
1500004800 22 619 22 619
1499997600 22 619 22 619
1499990400 22 619 22 619
1499983200 22 619 22 619
1499976000 22 619 22 619
1499968800 22 619 22 619
1499961600 22 619 22 619
1499954400 22 619 22 619
1499947200 22 619 22 619
1499940000 22 619 22 619
1499932800 22 619 22 619
1499925600 22 619 22 619
1499918400 22 619 22 619
1499911200 22 619 22 619
1499904000 22 619 22 619
1499896800 22 619 22 619
1499889600 22 619 22 619
1499882400 22 619 22 619
1499875200 22 619 22 619
1499868000 22 619 22 619
1499860800 22 619 22 619
1499853600 22 619 22 619
1499846400 22 619 22 619
1499839200 22 619 22 619
1499832000 22 619 22 619
1499824800 22 619 22 619
1499817600 22 619 22 619
1499810400 22 619 22 619
1499803200 22 619 22 619
1499796000 22 619 22 619
1499788800 22 619 22 619
1499781600 22 619 22 619
1499774400 22 619 22 619
1499767200 22 619 22 619
1499760000 22 619 22 619
1499752800 22 619 22 619
1499745600 22 619 22 619
1499738400 22 619 22 619
1499731200 22 619 22 619
1499724000 22 619 22 619
1499716800 22 619 22 619
1499709600 22 619 22 619
1499702400 22 619 22 619
1499695200 22 619 22 619
1499688000 22 619 22 619
1499680800 22 619 22 619
1499673600 22 619 22 619
1499666400 22 619 22 619
1499659200 22 619 22 619
1499652000 22 619 22 619
1499644800 22 619 22 619
1499637600 22 619 22 619
1499630400 22 619 22 619
1499623200 22 619 22 619
1499616000 22 619 22 619
1499608800 22 619 22 619
1499601600 22 619 22 619
1499594400 22 619 22 619
1499587200 22 619 22 619
1499580000 22 619 22 619
1499572800 22 619 22 619
1499565600 22 619 22 619
1499558400 22 619 22 619
1499551200 22 619 22 619
1499544000 22 619 22 619
1499536800 22 619 22 619
1499529600 22 619 22 619
1499522400 22 619 22 619
1499515200 22 619 22 619
1499508000 22 619 22 619
1499500800 22 619 22 619
1499493600 22 619 22 619
1499486400 22 619 22 619
1499479200 22 619 22 619
1499472000 22 619 22 619
1499464800 22 619 22 619
1499457600 22 619 22 619
1499450400 22 619 22 619
1499443200 22 619 22 619
1499436000 22 619 22 619
1499428800 22 619 22 619
1499421600 22 619 22 619
1499414400 22 619 22 619
1499407200 22 619 22 619
1499400000 22 619 22 619
1499392800 22 619 22 619
1499385600 22 619 22 619
1499378400 22 619 22 619
1499371200 22 619 22 619
1499364000 22 619 22 619
1499356800 22 619 22 619
1499349600 22 619 22 619
1499342400 22 619 22 619
1499335200 22 619 22 619
1499328000 22 619 22 619
1499320800 22 619 22 619
1499313600 22 619 22 619
1499306400 22 619 22 619
1499299200 22 619 22 619
1499292000 22 619 22 619
1499284800 22 619 22 619
1499277600 22 619 22 619
1499270400 22 619 22 619
1499263200 22 619 22 619
1499256000 22 619 22 619
1499248800 22 619 22 619
1499241600 22 619 22 619
1499234400 22 619 22 619
1499227200 22 619 22 619
1499220000 22 619 22 619
1499212800 22 619 22 619
1499205600 22 619 22 619
1499198400 22 619 22 619
1499191200 22 619 22 619
1499184000 22 619 22 619
1499176800 22 619 22 619
1499169600 22 619 22 619
1499162400 22 619 22 619
1499155200 22 619 22 619
1499148000 22 619 22 619
1499140800 22 619 22 619
1499133600 22 619 22 619
1499126400 22 619 22 619
1499119200 22 619 22 619
1499112000 22 619 22 619
1499104800 22 619 22 619
1499097600 22 619 22 619
1499090400 22 619 22 619
1499083200 22 619 22 619
1499076000 22 619 22 619
1499068800 22 619 22 619
1499061600 22 619 22 619
1499054400 22 619 22 619
1499047200 22 619 22 619
1499040000 22 619 22 619
1499032800 22 619 22 619
1499025600 22 619 22 619
1499018400 22 619 22 619
1499011200 22 619 22 619
1499004000 22 619 22 619
1498996800 22 619 22 619
1498989600 22 619 22 619
1498982400 22 619 22 619
1498975200 22 619 22 619
1498968000 22 619 22 619
1498960800 22 619 22 619
1498953600 22 619 22 619
1498946400 22 619 22 619
1498939200 22 619 22 619
1498932000 22 619 22 619
1498924800 22 619 22 619
1498917600 22 619 22 619
1498910400 22 619 22 619
1498903200 22 619 22 619
1498896000 22 619 22 619
1498888800 22 619 22 619
1498881600 22 619 22 619
1498874400 22 619 22 619
1498867200 22 619 22 619
1498860000 22 619 22 619
1498852800 22 619 22 619
1498845600 22 619 22 619
1498838400 22 619 22 619
1498831200 22 619 22 619
1498824000 22 619 22 619
1498816800 22 619 22 619
1498809600 22 619 22 619
1498802400 22 619 22 619
1498795200 22 619 22 619
1498788000 22 619 22 619
1498780800 22 619 22 619
1498773600 22 619 22 619
1498766400 22 619 22 619
1498759200 22 619 22 619
1498752000 22 619 22 619
1498744800 22 619 22 619
1498737600 22 619 22 619
1498730400 22 619 22 619
1498723200 22 619 22 619
1498716000 22 619 22 619
1498694400 22 619 22 619
1498608000 22 619 22 619
1498521600 22 619 22 619
1498435200 22 619 22 619
1498348800 22 619 22 619
1498262400 22 619 22 619
1498176000 22 619 22 619
1498089600 22 619 22 619
1498003200 22 619 22 619
1497916800 22 619 22 619
1497830400 22 619 22 619
1497744000 22 615 23 813
1497657600 22 939 24 2087
1497571200 21 948 24 1902
1497484800 22 723 22 723
1497398400 22 723 22 723
1497312000 22 723 22 723
1497225600 21 705 24 788
1497139200 21 714 24 818
1497052800 21 1046 23 4425
1496966400 22 1004 24 2336
1496880000 22 1005 24 2259
1496793600 21 1091 24 2166
1496707200 22 1046 24 2482
1496620800 22 716 24 1549
1496534400 22 714 24 838
1496448000 22 1151 24 3018
1496361600 22 1114 24 2539
1496275200 22 1109 24 2673
1496188800 22 1143 23 2840
1496102400 22 1141 23 3313
1496016000 21 764 23 2392
1495929600 22 704 22 704
1495843200 21 1205 23 2849
1495756800 21 1149 24 2689
1495670400 22 1231 24 3637
1495584000 22 827 22 827
1495497600 22 827 22 827
1495411200 22 827 22 827
1495324800 22 827 22 827
1495238400 22 827 22 827
1495152000 21 1202 24 3339
1495065600 22 1219 24 3793
1494979200 22 922 23 2039
1494892800 22 878 22 878
1494806400 22 878 22 878
1494720000 22 816 24 1072
1494633600 21 1026 23 34054
1494547200 22 933 23 2613
1494460800 22 609 22 609
1494374400 22 609 22 609
1494288000 22 609 22 609
1494201600 22 609 22 609
1494115200 22 609 22 609
1494028800 22 609 22 609
1493942400 22 609 22 609
1493856000 22 609 22 609
1493769600 22 609 22 609
1493683200 22 609 22 609
1493596800 22 609 22 609
1493510400 22 609 22 609
1493424000 22 609 22 609
1493337600 22 609 22 609
1493251200 22 609 22 609
1493164800 22 609 22 609
1493078400 22 609 22 609
1492992000 22 609 22 609
1492905600 22 609 22 609
1492819200 22 609 22 609
1492732800 22 609 22 609
1492646400 22 609 22 609
1492560000 22 609 22 609
1492473600 22 609 22 609
1492387200 22 609 22 609
1492300800 22 609 22 609
1492214400 22 609 22 609
1492128000 22 609 22 609
1492041600 22 609 22 609
1491955200 22 609 22 609
1491868800 22 609 22 609
1491782400 22 609 22 609
1491696000 22 609 22 609
1491609600 22 609 22 609
1491523200 22 609 22 609
1491436800 22 609 22 609
1491350400 22 609 22 609
1491264000 22 609 22 609
1491177600 22 568 24 615
1491091200 22 559 46 1442
1491004800 218 1294 11128 12576
1490918400 82 1168 7744 9220
1490832000 22 1074 23 3286
1490745600 333 1433 11160 13357
1490659200 22 812 22 812
1490572800 22 812 22 812
1490486400 22 812 22 812
1490400000 22 812 22 812
1490313600 22 812 22 812
1490227200 22 812 22 812
1490140800 22 812 22 812
1490054400 22 812 22 812
1489968000 22 812 22 812
1489881600 22 812 22 812
1489795200 22 812 22 812
1489708800 22 812 22 812
1489622400 22 924 24 2060
1489536000 22 881 23 2638
1489449600 21 938 36 2257
1489363200 22 529 24 651
1489276800 21 544 45 907
1489190400 58 1090 7486 8892
1489104000 22 909 38 2268
1489017600 152 1030 11122 13132
1488931200 68 1033 10569 11875
1488844800 37 1076 1886 45240
1488758400 22 591 24 1004
1488672000 21 573 23 685
1488585600 44 991 5839 7212
1488499200 153 1178 11122 13249
1488412800 400 1379 11158 13020
1488326400 106 1169 11122 12504
1488240000 99 1109 11121 12699
1488153600 22 625 24 753
1488067200 22 585 24 751
1487980800 87 1014 5953 7515
1487894400 22 895 23 1787
1487808000 22 909 34 2055
1487721600 101 1034 11121 12931
1487635200 22 582 24 689
1487548800 21 583 23 673
1487462400 21 583 23 692
1487376000 22 945 24 2162
1487289600 50 987 6516 7878
1487203200 24 882 30 2071
1487116800 22 535 22 535
1487030400 22 535 22 535
1486944000 22 535 22 535
1486857600 22 535 22 535
1486771200 22 535 22 535
1486684800 22 535 22 535
1486598400 22 535 22 535
1486512000 22 535 22 535
1486425600 22 535 22 535
1486339200 22 535 22 535
1486252800 22 535 22 535
1486166400 22 535 22 535
1486080000 22 535 22 535
1485993600 22 535 22 535
1485907200 22 535 22 535
1485820800 21 733 24 2418
1485734400 21 413 24 857
1485648000 21 418 24 1849
1485561600 136 801 10904 11932
1485475200 558 1295 11159 12317
1485388800 88 821 6379 7379
1485302400 67 704 8449 9231
1485216000 21 635 24 1922
1485129600 21 358 24 468
1485043200 21 375 24 572
1484956800 334 1055 11122 13176
1484870400 238 932 11122 12549
1484784000 204 914 11159 12508
1484697600 170 821 11122 12167
1484611200 51 679 3719 4935
1484524800 22 369 23 508
1484438400 21 452 23 820
1484352000 343 1084 11160 13150
1484265600 199 888 11121 12457
1484179200 308 1027 11160 12616
1484092800 22 742 24 2210
1484006400 186 749 11085 12107
1483920000 21 268 26 361
1483833600 22 308 24 603
1483747200 233 857 11122 12209
1483660800 21 583 24 1638
1483574400 350 985 11158 12309
1483488000 96 704 9494 10540
1483401600 21 301 24 383
1483315200 21 300 25 392
1483228800 21 300 23 384
1483142400 21 523 23 1330
1483056000 22 511 161 1769
1482969600 21 436 24 2342
1482883200 22 272 22 272
1482796800 22 272 22 272
1482710400 22 263 24 317
1482624000 22 262 24 320
1482537600 102 510 10707 11350
1482451200 396 1030 11122 12382
1482364800 340 906 11159 12066
1482278400 21 802 24 30059
1482192000 82 659 5189 7039
1482105600 6 101 34 965
1482019200 0 34 23 507
1481932800 1271 5116 46440 436220
1481846400 690 2267 33109 54405
1481760000 1182 4176 46930 340610
1481673600 1158 2185 47102 54326
1481587200 1670 32415 133199 5406627
1481500800 21 372 24 470
1481414400 21 364 24 700
1481328000 1596 2592 46788 36508
1481241600 919 2916 46597 77069
1481155200 2272 2956 324022 101646
1481068800 1790 3385 46267 126640
1480982400 1513 3379 28009 52208
1480896000 21 352 23 854
1480809600 22 343 23 502
1480723200 1752 3478 45196 122942
1480636800 1469 3519 45314 116804
1480550400 1739 3464 44939 106158
1480464000 1358 4086 36051 95989
1480377600 22 644 24 1633
1480291200 21 460 23 1177
1480204800 22 464 24 584
1480118400 21 737 24 2226
1480032000 1246 2703 44738 32488
1479945600 1313 2728 44825 45063
1479859200 1597 5571 44561 271260
1479772800 1348 7949 73972 1331949
1479686400 21 454 24 581
1479600000 22 454 24 547
1479513600 1357 2751 44521 48530
1479427200 1584 2958 46060 81720
1479340800 1463 3924 52416 101543
1479254400 21 720 24 2059
1479168000 22 818 24 2896
1479081600 22 526 23 616
1478995200 22 537 24 655
1478908800 22 839 25 2982
1478822400 22 783 39 1943
1478736000 22 829 30 2178
1478649600 22 892 23 2702
1478563200 21 876 23 2375
1478476800 22 557 23 691
1478390400 22 558 23 820
1478304000 2206 3350 46033 43704
1478217600 1817 3422 43991 32251
1478131200 1610 3968 64629 67158
1478044800 1681 3262 43589 40535
1477958400 1664 6757 60532 305549
1477872000 21 477 24 578
1477785600 21 511 24 1092
1477699200 2017 5624 64677 98153
1477612800 1818 3432 100585 92086
1477526400 1587 3290 74664 52515
1477440000 975 2575 17621 69866
1477353600 21 764 43 1702
1477267200 22 558 24 1273
1477180800 22 553 32 865
1477094400 1012 6559 43214 795019
1477008000 2584 3093 159117 60301
1476921600 1203 2849 66654 92325
1476835200 22 402 22 402
1476748800 22 402 22 402
1476662400 21 418 24 678
1476576000 22 435 23 602
1476489600 21 750 24 2052
1476403200 21 821 23 2642
1476316800 1520 3450 71219 87900
1476230400 1282 4236 55977 106968
1476144000 21 381 30 508
1476057600 21 387 24 487
1475971200 21 382 23 483
1475884800 1339 3367 41807 104194
1475798400 1773 4501 42870 252783
1475712000 1225 2507 45116 27813
1475625600 1387 2824 44874 37764
1475539200 1897 18396 54089 786376
1475452800 22 475 24 609
1475366400 21 497 24 948
1475280000 1631 2800 42041 40199
1475193600 1055 2478 25368 53307
1475107200 1077 2513 42142 50725
1475020800 1509 2504 44599 48892
1474934400 1325 3010 60972 93748
1474848000 21 424 23 510
1474761600 21 421 23 601
1474675200 1634 6044 41869 271161
1474588800 1433 5382 72688 541235
1474502400 1321 3248 41914 86055
1474416000 1353 3118 42060 64734
1474329600 1321 3009 42006 92822
1474243200 22 366 24 458
1474156800 22 375 24 500
1474070400 1329 3581 41617 200137
1473984000 1247 3973 52472 281223
1473897600 1221 2844 42206 88697
1473811200 1207 2528 57331 33828
1473724800 786 2374 58834 69275
1473638400 22 449 23 532
1473552000 21 448 23 606
1473465600 900 2939 61669 62501
1473379200 943 4740 41250 205106
1473292800 938 4211 65712 623101
1473206400 905 2518 49187 32872
1473120000 22 400 23 686
1473033600 22 391 23 470
1472947200 22 435 24 1149
1472860800 715 2404 43111 80230
1472774400 968 2687 40787 47331
1472688000 914 4062 65463 132396
1472601600 22 743 23 2371
1472515200 44 618 57 1918
1472428800 57 445 57 445
1472342400 57 445 57 445
1472256000 57 445 57 445
1472169600 57 445 57 445
1472083200 57 445 57 445
1471996800 57 445 57 445
1471910400 57 445 57 445
1471824000 57 445 57 445
1471737600 57 445 57 445
1471651200 56 445 253 639
1471564800 2896 3104 898948 63640
1471478400 933 2363 101250 57239
1471392000 1084 2851 101672 69814
1471305600 968 3807 22745 142641
1471219200 21 331 39 905
1471132800 21 329 39 765
1471046400 21 542 26 2677
1470960000 20 562 28 1940
1470873600 21 636 26 2516
1470787200 21 632 31 2507
1470700800 20 659 27 2387
1470614400 21 305 26 405
1470528000 20 308 26 492
1470441600 21 627 25 2429
1470355200 21 707 26 2637
1470268800 754 1905 109882 60305
1470182400 936 2341 75633 51101
1470096000 1018 1872 109323 67865
1470009600 21 317 25 495
1469923200 21 320 28 546
1469836800 807 4590 99290 850070
1469750400 1063 2939 108242 71261
1469664000 822 3493 99066 129800
1469577600 1131 1878 123725 49966
1469491200 20 716 27 2699
1469404800 20 324 26 442
1469318400 21 333 26 503
1469232000 890 2293 108199 140911
1469145600 522 814 184818 6695
1469059200 1131 6388 98676 1415105
1468972800 1081 4512 97059 770775
1468886400 1046 3435 81739 149813
1468800000 21 278 26 633
1468713600 20 277 26 378
1468627200 831 2127 96949 105806
1468540800 1015 2242 106582 63279
1468454400 1002 4379 54370 594643
1468368000 921 2550 95864 350063
1468281600 1663 3529 171426 184042
1468195200 20 276 307 1026
1468108800 21 278 26 525
1468022400 754 2421 60595 199341
1467936000 952 2341 96392 137884
1467849600 1270 2578 94983 44481
1467763200 1119 2860 82044 31789
1467676800 808 1978 114318 46127
1467590400 20 281 32 430
1467504000 20 279 25 409
1467417600 20 282 26 450
1467331200 944 2126 97291 72184
1467244800 688 2050 94923 79941
1467158400 700 1863 38274 52463
1467072000 819 2063 62349 89697
1466985600 188 403 100614 8731
1466899200 238 543 99591 36293
1466812800 685 1940 61735 82208
1466726400 832 2287 61695 111836
1466640000 838 6700 97862 1256899
1466553600 1628 3215 96787 69451
1466467200 1051 2290 96737 76409
1466380800 188 386 62821 9640
1466294400 193 404 72016 7827
1466208000 888 2304 72296 55929
1466121600 866 2636 90734 79069
1466035200 1019 3757 113595 340292
1465948800 1093 3030 21495 44035
1465862400 21 1032 24 4156
1465776000 20 497 29 766
1465689600 21 478 25 952
1465603200 681 2685 96025 141625
1465516800 817 2264 59074 56643
1465430400 797 3552 95878 352143
1465344000 751 3348 62209 319100
1465257600 849 2513 61479 183733
1465171200 189 452 62506 7650
1465084800 193 481 95535 9764
1464998400 647 2456 21075 49216
1464912000 710 2696 39868 42516
1464825600 746 2627 63164 58412
1464739200 656 2112 101731 64512
1464652800 771 4155 108954 225441
1464566400 21 513 26 831
1464480000 20 526 31 926
1464393600 969 1924 153162 42624
1464307200 20 1037 26 4848
1464220800 1055 2474 77126 73245
1464134400 923 4191 63861 914047
1464048000 20 333 28 725
1463961600 20 341 29 559
1463875200 20 392 27 591
1463788800 21 658 26 2028
1463702400 21 752 26 2542
1463616000 20 703 25 1908
1463529600 355 1274 61211 41933
1463443200 851 2672 61864 217228
1463356800 21 421 25 661
1463270400 20 435 27 767
1463184000 435 2032 25591 75917
1463097600 784 1978 75365 67053
1463011200 900 4383 84336 546270
1462924800 740 2385 78829 184851
1462838400 638 2055 79475 46090
1462752000 21 344 45 1825
1462665600 21 321 24 596
1462579200 472 2042 58438 202373
1462492800 627 2593 119705 439672
1462406400 673 2048 60536 87365
1462320000 1064 3093 72876 62993
1462233600 802 2090 114532 71393
1462147200 20 290 37 514
1462060800 21 266 36 642
1461974400 883 1940 58888 85944
1461888000 833 2239 61389 54123
1461801600 1004 1948 58701 41251
1461715200 984 4432 55043 947642
1461628800 1164 5700 66528 834970
1461542400 21 280 37 868
1461456000 21 298 42 655
1461369600 1256 3476 59876 86095
1461283200 1046 3098 79841 261002
1461196800 1119 5801 77028 989458
1461110400 21 795 40 3502
1461024000 1207 2597 52916 120583
1460937600 21 348 40 950
1460851200 21 362 40 895
1460764800 606 1626 56611 45748
1460678400 943 2184 49910 47204
1460592000 22 526 22 526
1460505600 22 526 22 526
1460419200 22 526 22 526
1460332800 22 526 22 526
1460246400 41 590 5355 17189
1460160000 0 0 0 0
1460073600 0 0 0 0
1459987200 0 0 0 0
1459900800 0 0 0 0
1459814400 0 0 0 0
1459728000 0 0 0 0
1459641600 0 0 0 0
1459555200 0 0 0 0
1459468800 0 0 0 0
1459382400 0 0 0 0
1459296000 0 0 0 0
1459209600 0 0 0 0
1459123200 0 0 0 0
1459036800 0 0 0 0
1458950400 0 0 0 0
1458864000 0 0 0 0
1458777600 0 0 0 0
1458691200 0 0 0 0
1458604800 0 0 0 0
1458518400 0 0 0 0
1458432000 0 0 0 0
1458345600 0 0 0 0
1458259200 0 0 0 0
1458172800 0 0 0 0
1458086400 0 0 0 0
1458000000 0 0 0 0
1457913600 0 0 0 0
1457827200 0 0 0 0
1457740800 0 0 0 0
1457654400 0 0 0 0
1457568000 0 0 0 0
1457481600 0 0 0 0
1457395200 0 0 0 0
1457308800 0 0 0 0
1457222400 0 0 0 0
1457136000 0 0 0 0
1457049600 0 0 0 0
1456963200 0 0 0 0
1456876800 0 0 0 0
1456790400 0 0 0 0
1456704000 0 0 0 0
1456617600 0 0 0 0
1456531200 0 0 0 0
1456444800 0 0 0 0
1456358400 0 0 0 0
1456272000 0 0 0 0
1456185600 0 0 0 0
1456099200 0 0 0 0
1456012800 0 0 0 0
1455926400 0 0 0 0
1455840000 0 0 0 0
1455753600 0 0 0 0
1455667200 0 0 0 0
1455580800 0 0 0 0
1455494400 0 0 0 0
1455408000 0 0 0 0
1455321600 0 0 0 0
1455235200 0 0 0 0
1455148800 0 0 0 0
1455062400 0 0 0 0
1454976000 0 0 0 0
1454889600 0 0 0 0
1454803200 0 0 0 0
1454716800 0 0 0 0
1454630400 0 0 0 0
1454544000 0 0 0 0
1454457600 0 0 0 0
1454371200 0 0 0 0
1454284800 0 0 0 0
1454198400 0 0 0 0
1454112000 0 0 0 0
1454025600 0 0 0 0
1453939200 0 0 0 0
1453852800 0 0 0 0
1453766400 0 0 0 0
1453680000 0 0 0 0
1453593600 0 0 0 0
1453507200 0 0 0 0
1453420800 0 0 0 0
1453334400 0 0 0 0
1453248000 0 0 0 0
1453161600 0 0 0 0
1453075200 0 0 0 0
1452988800 0 0 0 0
1452902400 0 0 0 0
1452816000 0 0 0 0
1452729600 0 0 0 0
1452643200 0 0 0 0
1452556800 0 0 0 0
1452470400 0 0 0 0
1452384000 0 0 0 0
1452297600 0 0 0 0
1452211200 0 0 0 0
1452124800 0 0 0 0
1452038400 0 0 0 0
1451952000 0 0 0 0
1451865600 0 0 0 0
1451779200 0 0 0 0
1451692800 0 0 0 0
1451606400 0 0 0 0
1451520000 0 0 0 0
1451433600 0 0 0 0
1451347200 0 0 0 0
1451260800 0 0 0 0
1451174400 0 0 0 0
1451088000 0 0 0 0
1451001600 0 0 0 0
1450915200 0 0 0 0
1450828800 0 0 0 0
1450742400 0 0 0 0
1450656000 0 0 0 0
1450569600 0 0 0 0
1450483200 0 0 0 0
1450396800 0 0 0 0
1450310400 0 0 0 0
1450224000 0 0 0 0
1450137600 0 0 0 0
1450051200 0 0 0 0
1449964800 0 0 0 0
1449878400 0 0 0 0
1449792000 0 0 0 0
1449705600 0 0 0 0
1449619200 0 0 0 0
1449532800 0 0 0 0
1449446400 0 0 0 0
1449360000 0 0 0 0
1449273600 0 0 0 0
1449187200 0 0 0 0
1449100800 0 0 0 0
1449014400 0 0 0 0
1448928000 0 0 0 0
1448841600 0 0 0 0
1448755200 0 0 0 0
1448668800 0 0 0 0
1448582400 0 0 0 0
1448496000 0 0 0 0
1448409600 0 0 0 0
1448323200 0 0 0 0
1448236800 0 0 0 0
1448150400 0 0 0 0
1448064000 0 0 0 0
1447977600 0 0 0 0
1447891200 0 0 0 0
1447804800 0 0 0 0
1447718400 0 0 0 0
1447632000 0 0 0 0
1447545600 0 0 0 0
1447459200 0 0 0 0
1447372800 0 0 0 0
1447286400 0 0 0 0
1447200000 0 0 0 0
1447113600 0 0 0 0
1447027200 0 0 0 0
1446940800 0 0 0 0
1446854400 0 0 0 0
1446768000 0 0 0 0
1446681600 0 0 0 0
1446595200 0 0 0 0
1446508800 0 0 0 0
1446422400 0 0 0 0
1446336000 0 0 0 0
1446249600 0 0 0 0
1446163200 0 0 0 0
1446076800 0 0 0 0
1445990400 0 0 0 0
1445904000 0 0 0 0
1445817600 0 0 0 0
1445731200 0 0 0 0
1445644800 0 0 0 0
1445558400 0 0 0 0
1445472000 0 0 0 0
1445385600 0 0 0 0
1445299200 0 0 0 0
1445212800 0 0 0 0
1445126400 0 0 0 0
1445040000 0 0 0 0
1444953600 0 0 0 0
1444867200 0 0 0 0
1444780800 0 0 0 0
1444694400 0 0 0 0
1444608000 0 0 0 0
1444521600 0 0 0 0
1444435200 0 0 0 0
1444348800 0 0 0 0
1444262400 0 0 0 0
1444176000 0 0 0 0
1444089600 0 0 0 0
1444003200 0 0 0 0
1443916800 0 0 0 0
1443830400 0 0 0 0
1443744000 0 0 0 0
1443657600 0 0 0 0
1443571200 0 0 0 0
1443484800 0 0 0 0
1443398400 0 0 0 0
1443312000 0 0 0 0
1443225600 0 0 0 0
1443139200 0 0 0 0
1443052800 0 0 0 0
1442966400 0 0 0 0
1442880000 0 0 0 0
1442793600 0 0 0 0
1442707200 0 0 0 0
1442620800 0 0 0 0
1442534400 0 0 0 0
1442448000 0 0 0 0
1442361600 0 0 0 0
1442275200 0 0 0 0
1442188800 0 0 0 0
1442102400 0 0 0 0
1442016000 0 0 0 0
1441929600 0 0 0 0
1441843200 0 0 0 0
1441756800 0 0 0 0
1441670400 0 0 0 0
1441584000 0 0 0 0
1441497600 0 0 0 0
1441411200 0 0 0 0
1441324800 0 0 0 0
1441238400 0 0 0 0
1441152000 0 0 0 0
1441065600 0 0 0 0
1440979200 0 0 0 0
1440892800 0 0 0 0
1440806400 0 0 0 0
1440720000 0 0 0 0
1440633600 0 0 0 0
1440547200 0 0 0 0
1440460800 0 0 0 0
1440374400 0 0 0 0
1440288000 0 0 0 0
1440201600 0 0 0 0
1440115200 0 0 0 0
1440028800 0 0 0 0
1439942400 0 0 0 0
1439856000 0 0 0 0
1439769600 0 0 0 0
1439683200 0 0 0 0
1439596800 0 0 0 0
1439510400 0 0 0 0
1439424000 0 0 0 0
1439337600 0 0 0 0
1439251200 0 0 0 0
1439164800 0 0 0 0
1439078400 0 0 0 0
1438992000 0 0 0 0
1438905600 0 0 0 0
1438819200 0 0 0 0
1438732800 0 0 0 0
1438646400 0 0 0 0
1438560000 0 0 0 0
1438473600 0 0 0 0
1438387200 0 0 0 0
1438300800 0 0 0 0
1438214400 0 0 0 0
1438128000 0 0 0 0
1438041600 0 0 0 0
1437955200 0 0 0 0
1437868800 0 0 0 0
1437782400 0 0 0 0
1437696000 0 0 0 0
1437609600 0 0 0 0
1437523200 0 0 0 0
1437436800 0 0 0 0
1437350400 0 0 0 0
1437264000 0 0 0 0
1437177600 0 0 0 0
1437091200 0 0 0 0
1437004800 0 0 0 0
1436918400 0 0 0 0
1436832000 0 0 0 0
1436745600 0 0 0 0
1436659200 0 0 0 0
1436572800 0 0 0 0
1436486400 0 0 0 0
1436400000 0 0 0 0
1436313600 0 0 0 0
1436227200 0 0 0 0
1436140800 0 0 0 0
1436054400 0 0 0 0
1435968000 0 0 0 0
1435881600 0 0 0 0
1435795200 0 0 0 0
1435708800 0 0 0 0
1435622400 0 0 0 0
1435536000 0 0 0 0
