1504297338 2191985118317 1564673600668
1504297338 210275 208123 210275 208123
1504297038 229768 200323 229768 200323
1504296900 263975 212789 304132 227423
1504296600 265659 198269 304132 227423
1504296300 359144 181591 521904 202189
1504296000 410802 193594 521904 202189
1504295700 256373 146247 280380 183505
1504295400 209501 139575 228191 183086
1504295100 300138 155828 432293 183086
1504294800 321194 219426 432293 331647
1504294500 337552 452698 509858 594803
1504294200 508268 583055 509858 594803
1504293900 535518 566292 569698 569265
1504293600 498757 552394 569698 562802
1504293300 653244 660504 931057 801568
1504293000 1113969 533351 1328693 801568
1504292700 1155313 223346 1328693 229049
1504292400 955264 457057 959353 724720
1504292100 1139093 990401 1350094 1302288
1504291800 1531987 1352438 1745515 1411311
1504291500 1649424 984771 1745515 1411311
1504291200 1240793 484616 1538125 490722
1504290900 836801 508004 891752 543874
1504290600 721913 535711 772294 543874
1504290300 570393 381104 663560 526257
1504290000 373166 224023 461024 239448
1504289700 286398 185301 304001 239448
1504289400 583282 307293 911135 525119
1504289100 1020931 454402 1149824 525119
1504288800 1291760 438828 1458381 517997
1504288500 1248848 530400 1458381 544768
1504288200 844303 325827 1006153 544768
1504287900 589596 69104 654306 69448
1504287600 534184 79459 558310 91213
1504287300 707036 89453 881628 91213
1504287000 896432 74570 913811 87389
1504286700 818096 77882 913811 99435
1504286400 888461 215004 1102965 350674
1504286100 1028289 224860 1102965 350674
1504285800 1029681 74050 1134225 77166
1504285500 1003471 78307 1134225 87599
1504285200 703184 71479 849979 87599
1504284900 783179 101414 1076686 158473
1504284600 783575 151679 1076686 158473
1504284300 436709 181193 439489 224616
1504284000 694732 327352 1001407 447957
1504283700 878423 469283 1001407 494319
1504283400 601445 421587 734052 494319
1504283100 752903 300927 1113445 336207
1504282800 710955 260932 1113445 262601
1504282500 367212 373080 516336 501045
1504282200 436713 366005 516336 501045
1504281900 372469 244359 406320 287074
1504281600 335699 182418 406320 287074
1504281300 296207 72332 347166 87324
1504281000 398177 102655 458061 120653
1504280700 510527 130792 572118 142696
1504280400 670026 144693 784963 147039
1504280100 653682 145706 784963 147039
1504279800 594957 191243 705443 245799
1504279500 848875 262133 1017253 281308
1504279200 954842 323796 1017253 373675
1504278900 749255 297489 881579 373675
1504278600 761407 234643 955403 265442
1504278300 684659 254371 955403 265442
1504278000 653146 242357 989255 243510
1504277700 824512 289066 989255 342546
1504277400 600995 303895 631120 342546
1504277100 583498 207151 604472 258524
1504276800 676618 212602 761312 289797
1504276500 728986 314933 761312 344441
1504276200 842522 385013 1020351 432642
1504275900 886367 313692 1020351 432642
1504275600 664863 378059 729082 617541
1504275300 667206 435462 758454 617541
1504275000 810437 272542 870648 331410
1504274700 1033119 512667 1223846 725447
1504274400 1732143 1319643 2328841 2017179
1504274100 1653889 1165623 2328841 2017179
1504273800 709583 187176 861556 212070
1504273500 698235 223334 894341 236557
1504273200 840784 232563 894341 236557
1504272900 727624 191688 777914 227875
1504272600 653972 479472 668590 867175
1504272300 895192 966925 1198509 1084023
1504272000 1201026 1136860 1203982 1198887
1504271700 1121603 1075281 1203982 1198887
1504271400 683803 571533 1024899 930180
1504271100 324289 235812 371666 334613
1504270800 470342 423971 586181 528870
1504270500 529649 455898 586181 528870
1504270200 353059 233873 463287 370236
1504269900 203228 114680 223663 162676
1504269600 120158 106243 179240 162676
1504269300 81026 79322 116508 125489
1504269000 157169 141882 204903 161127
1504268700 292588 273400 395524 405200
1504268400 237507 242214 395524 405200
1504268100 33053 31798 52010 50883
1504267800 37039 34574 67841 64133
1504267500 40853 38332 67841 64133
1504267200 60122 56777 119933 113986
1504266900 131479 124311 144854 136272
1504266600 84594 79679 144854 136272
1504266300 12497 11097 13854 13244
1504266000 12486 8352 14343 8577
1504265700 11599 8337 14343 8631
1504265400 8519 8276 8686 8631
1504265100 8081 7234 8686 7860
1504264800 7247 6506 7382 6510
1504264500 6884 6132 7090 6503
1504264200 6985 6150 7386 6682
1504263900 6616 5859 7386 6682
1504263600 5912 5306 6146 5790
1504263300 6370 5926 6634 6087
1504263000 8099 6167 9820 6263
1504262700 8734 6321 9820 6391
1504262400 7390 6523 7460 6680
1504262100 7691 7042 8141 7467
1504261800 7645 6940 8141 7467
1504261500 7315 6368 7611 6422
1504261200 7473 6430 7611 6440
1504260900 6777 5951 7312 6440
1504260600 6801 5728 7566 6139
1504260300 7281 6176 7566 6220
1504260000 6986 6296 7031 6386
1504259700 8658 7862 10568 9596
1504259400 8797 8052 10568 9596
1504259100 6989 6656 7307 7145
1504258800 39418 41078 77115 80914
1504258500 45833 47729 77115 80914
1504258200 7982 7652 9602 9292
1504257900 6429 5755 6838 5788
1504257600 7217 6552 7664 7451
1504257300 10848 12103 14586 17565
1504257000 11531 12876 14586 17565
1504256700 8357 7882 8840 8482
1504256400 8075 7495 8840 8482
1504256100 7296 6374 7435 6419
1504255800 7369 6534 7435 6669
1504255500 7068 6436 7293 6669
1504255200 6816 6177 6828 6194
1504254900 8199 6463 9810 6780
1504254600 10911 6759 12205 6780
1504254300 10332 6883 12205 7056
1504254000 357705 15227 768071 24821
1504253700 641237 21601 768071 24821
1504253400 269270 12604 492347 17822
1504253100 7064 6237 7398 6479
1504252800 7761 7501 9033 9315
1504252500 13251 12542 18203 16332
1504252200 14159 12839 18203 16332
1504251900 8175 7480 9476 8795
1504251600 6933 6183 7245 6449
1504251300 7833 7114 8525 7896
1504251000 8105 7384 8525 7896
1504250700 8327 6646 9156 6784
1504250400 9328 28092 9532 53454
1504250100 7812 31398 9532 53454
1504249800 15801 15333 27392 26714
1504249500 18361 17778 27392 26714
1504249200 7979 7865 8237 8540
1504248900 9391 7586 10728 8540
1504248600 9261 6557 10728 6644
1504248300 7164 6240 7540 6644
1504248000 9657 8295 13095 11257
1504247700 15473 14403 18265 18097
1504247400 14168 13993 18265 18097
1504247100 11855 10549 14787 12162
1504246800 12071 10505 14787 12162
1504246500 10904 10545 13227 12845
1504246200 10716 10167 13227 12845
1504245900 71530 70988 146381 146077
1504245600 90949 90342 146381 146077
1504245300 33596 32783 42659 42020
1504245000 26532 25816 42659 42020
1504244700 7083 6280 7602 6796
1504244400 6913 6193 7429 6800
1504244100 10065 11676 13161 17402
1504243800 15469 16162 18180 17402
1504243500 14369 11713 18180 14708
1504243200 9350 7602 9896 8198
1504242900 7937 6623 8719 6912
1504242600 7777 6950 8666 7733
1504242300 14208 10458 20714 13659
1504242000 16687 12500 20714 13659
1504241700 9701 8885 11961 11141
1504241400 7307 6524 7611 6863
1504241100 7592 6846 7611 6863
1504240800 8618 7849 9849 9050
1504240500 8639 7905 9849 9050
1504240200 7735 6958 8319 7404
1504239900 13051 9420 18533 11756
1504239600 94563 81792 183817 164010
1504239300 108119 97416 183817 164010
1504239000 20672 19827 20942 20284
1504238700 15390 14220 20942 19292
1504238400 8306 7549 8874 8268
1504238100 15186 12651 24045 19632
1504237800 30099 17334 37207 19632
1504237500 25276 11083 37207 14637
1504237200 11178 13933 11271 22174
1504236900 9379 15092 11070 22174
1504236600 7537 7034 7701 7331
1504236300 8087 7290 8535 7331
1504236000 8292 7189 8535 7244
1504235700 7589 6658 8007 7126
1504235400 8510 7448 10160 9010
1504235100 10047 9519 10160 10117
1504234800 8301 7979 9916 10117
1504234500 6513 5505 6639 5546
1504234200 7409 6564 8315 7760
1504233900 6975 6615 8315 7760
1504233600 6077 5926 6870 6694
1504233300 6938 8212 7019 9995
1504233000 6645 8208 7019 9995
1504232700 18351 18260 32610 32523
1504232400 24931 24616 32610 32523
1504232100 11826 11047 15917 15334
1504231800 7302 6314 7555 6587
1504231500 9164 32791 11029 63143
1504231200 9279 37050 11029 63143
1504230900 9040 8197 11143 10255
1504230600 9656 8799 11143 10255
1504230300 8280 6733 8714 7090
1504230000 8001 6594 8714 6922
1504229700 9284 9033 11771 11512
1504229400 9804 17541 11771 24619
1504229100 6734 15929 7496 24619
1504228800 8308 7228 11206 8990
1504228500 9667 7960 11206 8990
1504228200 6792 6000 7862 6751
1504227900 12768 9882 21257 15475
1504227600 14760 11303 21257 15475
1504227300 7248 6423 7381 6444
1504227000 7744 6959 8172 7564
1504226700 9831 7609 11779 7663
1504226400 12901 10816 14220 14519
1504226100 122318 114720 247527 230782
1504225800 135654 126388 247527 230782
1504225500 11560 9748 18000 14768
1504225200 17815 10810 18000 14768
1504224900 11946 5120 17599 6165
1504224600 5714 4280 6187 4733
1504224300 8205 6722 10574 9057
1504224000 9136 8019 10574 9057
1504223700 7628 6679 7813 6818
1504223400 8858 7389 10086 8415
1504223100 8737 7401 10086 8415
1504222800 7278 6261 7424 6320
1504222500 7652 6568 7920 6861
1504222200 6850 5710 7920 6861
1504221900 6354 4975 7247 5699
1504221600 10543 7835 14414 10343
1504221300 10391 7654 14414 10343
1504221000 8144 7170 11050 10306
1504220700 11218 9503 11416 10306
1504220400 9615 7764 11416 8562
1504220100 12117 11546 17536 17085
1504219800 13359 12649 17536 17085
1504219500 8449 7490 8456 7548
1504219200 15393 14397 23553 22438
1504218900 17711 16696 23553 22438
1504218600 20277 18518 31339 28570
1504218300 30347 23106 31339 28570
1504218000 24320 16595 29183 16693
1504217700 14924 13491 18688 16483
1504217400 10688 10065 10902 10166
1504217100 24456 23773 40368 39748
1504216800 37039 32475 40368 39748
1504216500 25772 20714 33184 24051
1504216200 24531 18329 33287 20129
1504215900 116473 110868 214128 217388
1504215600 165192 160809 214128 217388
1504215300 127378 120774 150425 151745
1504215000 309186 312610 495559 501452
1504214700 484470 492259 495559 501452
1504214400 284029 278928 471454 481468
1504214100 61988 43291 64010 45787
1504213800 79612 69642 103088 97646
1504213500 117516 105599 134455 114937
1504213200 158473 145714 186669 181844
1504212900 272509 276202 373279 386972
1504212600 261375 251809 373279 386972
1504212300 121659 80538 130011 93141
1504212000 133641 71167 159217 77535
1504211700 373115 268109 624214 491828
1504211400 496925 367780 624214 491828
1504211100 265019 178515 347500 222160
1504210800 167330 121376 168195 127280
1504210500 232711 171210 310655 237848
1504210200 2834572 266707 5797433 300587
1504209900 3310535 282963 5797433 300587
1504209600 417739 239959 448972 262276
1504209300 457720 252333 467853 297011
1504209000 436987 253052 467853 297011
1504208700 345217 188912 400754 201449
1504208400 379406 145671 496075 174195
1504208100 382367 102343 496075 112187
1504207800 294676 121102 348431 156691
1504207500 404403 127712 470110 156691
1504207200 390563 74530 470110 93695
1504206900 260355 57508 297183 63937
1504206600 332761 65659 468509 67682
1504206300 596626 128855 745021 199712
1504206000 1330850 274222 2009401 360526
1504205700 1372308 305633 2009401 360526
1504205400 764962 203281 927751 241194
1504205100 692622 171518 927751 185780
1504204800 456108 168335 502485 185780
1504204500 562278 190354 632471 240241
1504204200 623734 309517 632471 389758
1504203900 715939 446495 836060 513100
1504203600 689571 377396 836060 513100
1504203300 485657 207634 517606 218092
1504203000 422401 185267 448152 195359
1504202700 370647 191744 392173 213255
1504202400 334117 197700 345379 213255
1504202100 382539 230984 453734 290405
1504201800 521809 240703 601725 290405
1504201500 696692 270221 808177 373366
1504201200 739395 347468 808177 373366
1504200900 705906 385436 761380 465697
1504200600 699738 387611 761380 465697
1504200300 633726 305007 641181 315646
1504200000 570274 328494 641181 343578
1504199700 927716 604913 1445035 911699
1504199400 980365 649852 1445035 911699
1504199100 948522 782524 1542959 1294306
1504198800 1098257 827357 1542959 1294306
1504198500 556741 352647 576216 438868
1504198200 467557 407989 533881 438868
1504197900 389473 376801 390736 382176
1504197600 498639 481816 628530 598785
1504197300 1440218 1478499 2393071 2511207
1504197000 1502917 1546770 2393071 2511207
1504196700 609467 745441 770986 1116107
1504196400 675228 854913 770986 1116107
1504196100 692543 645771 844832 760200
1504195800 1337262 1422408 1915333 2199783
1504195500 1479223 1615696 1915333 2199783
1504195200 648186 568603 967268 930029
1504194900 415641 198212 582372 261476
1504194600 583663 330157 585180 410784
1504194300 496332 318795 585180 410784
1504194000 442561 212278 501086 213980
1504193700 547370 225761 601704 239593
1504193400 745426 267482 914144 300223
1504193100 840824 283327 914144 300223
1504192800 814738 303917 885155 351371
1504192500 871767 294665 885155 351371
1504192200 928993 259250 1014375 294778
1504191900 1021586 296356 1030052 298209
1504191600 851782 267689 1030052 298209
1504191300 611879 273869 642509 322524
1504191000 576224 328978 576402 336555
1504190700 1987946 831641 3645429 1412829
1504190400 2879225 1570880 3645429 1753948
1504190100 1988630 1776453 1991753 1802873
1504189800 3803207 3564639 5909230 5605247
1504189500 3613265 3355745 5909230 5605247
1504189200 906425 643430 953911 750208
1504188900 621750 391035 850682 518083
1504188600 335281 242057 353005 242250
1504188300 452785 567784 612986 944843
1504188000 714199 743540 833016 944843
1504187700 776679 457539 833016 507228
1504187400 776321 355980 853536 399209
1504187100 916707 482909 989877 688705
1504186800 1169863 859093 1378337 1056451
1504186500 1659003 1318560 1984092 1622155
1504186200 1366372 1024443 1984092 1622155
1504185900 1062693 450474 1546121 589401
1504185600 1091971 474504 1546121 589401
1504185300 582911 297840 611171 339626
1504185000 657143 284611 711112 326667
1504184700 481393 247252 711112 326667
1504184400 248808 215897 292343 288528
1504184100 253843 213203 292343 288528
1504183800 671828 259113 1215562 416811
1504183500 1263496 829421 1319768 1313791
1504183200 826170 819084 1319768 1313791
1504182900 207256 185659 246730 238342
1504182600 120799 76800 160919 123815
1504182300 89150 47464 107042 77410
1504182000 273922 226882 469825 402351
1504181700 268789 230082 469825 402351
1504181400 117223 32487 216339 37926
1504181100 303550 79536 405929 128383
1504180800 224646 75059 405929 128383
1504180500 10814 11212 11836 12462
1504180200 9932 9981 10305 10259
1504179900 10362 10351 10430 10460
1504179600 10712 10679 11045 10938
1504179300 11232 10820 11453 10938
1504179000 10803 10227 11453 10682
1504178700 10574 10192 11203 10778
1504178400 13046 12544 15182 14590
1504178100 14545 12601 15182 14590
1504177800 12723 10304 13809 10312
1504177500 16005 14817 21283 20036
1504177200 16385 15437 21283 20036
1504176900 10211 9895 10636 10039
1504176600 9862 9797 10036 9878
1504176300 10481 10410 11005 11036
1504176000 10642 10578 11005 11036
1504175700 10245 9971 10280 10041
1504175400 10384 10032 10508 10199
1504175100 10484 10227 10508 10260
1504174800 10321 10059 10457 10260
1504174500 13036 12213 16409 15018
1504174200 13521 12649 16409 15018
1504173900 9927 9681 10132 9870
1504173600 10819 10689 12148 12131
1504173300 10903 11396 12148 12131
1504173000 11369 11945 13600 13580
1504172700 13617 13640 13638 13711
1504172400 12247 12267 13638 13711
1504172100 10371 10243 10616 10573
1504171800 10471 10144 10927 10483
1504171500 10704 10355 10927 10483
1504171200 10708 10443 11021 10724
1504170900 10665 10386 11021 10724
1504170600 11055 10759 12004 11662
1504170300 12373 11709 12802 11764
1504170000 12229 11290 12802 11764
1504169700 11205 10650 11558 10735
1504169400 11635 11288 12626 12154
1504169100 11190 10877 12626 12154
1504168800 9573 9480 9652 9599
1504168500 9578 9577 9652 9599
1504168200 9578 9409 9680 9553
1504167900 9682 9406 9685 9601
1504167600 10635 9880 11751 10208
1504167300 10974 10019 11751 10208
1504167000 12346 12117 15026 14840
1504166700 12640 12442 15026 14840
1504166400 9806 9614 9841 9627
1504166100 9432 9410 9766 9599
1504165800 17961 17962 28433 28261
1504165500 21135 20997 28433 28261
1504165200 12444 12084 12568 12471
1504164900 11627 11203 12299 11631
1504164600 11786 11556 12871 12539
1504164300 12182 11494 12871 12539
1504164000 146416 133948 304944 279139
1504163700 169322 155108 304944 279139
1504163400 11685 10506 13506 11663
1504163100 15001 33062 16733 57848
1504162800 15103 36194 16733 57848
1504162500 11251 10090 13216 11113
1504162200 9472 9284 10091 9747
1504161900 10374 10192 10708 10715
1504161600 11563 11531 12568 12490
1504161300 11199 11079 12568 12490
1504161000 14886 13290 21100 17829
1504160700 17298 20830 21100 24355
1504160400 11928 17988 12835 24355
1504160100 10361 10049 10864 10515
1504159800 10145 9831 10585 10215
1504159500 18530 71116 27858 142609
1504159200 22535 84383 27858 142609
1504158900 13020 12863 16288 16032
1504158600 10248 9992 11497 10989
1504158300 11307 10855 11497 10989
1504158000 11844 11355 12738 12127
1504157700 12690 12198 12738 12283
1504157400 12071 11840 12634 12283
1504157100 10879 10717 11411 11322
1504156800 16280 16516 23345 24147
1504156500 16835 17298 23345 24147
1504156200 15889 16408 23750 24802
1504155900 18942 19651 23750 24802
1504155600 13116 12768 13298 13606
1504155300 15807 15598 19216 20074
1504155000 18812 18666 19216 20074
1504154700 14761 13909 18339 17014
1504154400 10920 10522 11342 10823
1504154100 11409 10954 11489 11109
1504153800 15356 15224 19896 20055
1504153500 15261 15074 19896 20055
1504153200 82796 75675 168464 153680
1504152900 95769 87599 168464 153680
1504152600 12374 12122 14654 14583
1504152300 15527 13332 16552 14583
1504152000 13745 11107 16552 11864
1504151700 10452 10103 10456 10219
1504151400 11800 10847 13379 11882
1504151100 11935 10981 13379 11882
1504150800 10944 10645 11744 11476
1504150500 11317 11059 11744 11476
1504150200 11309 11027 11880 11556
1504149900 13494 12704 15365 14034
1504149600 14678 13635 15365 14034
1504149300 15312 14622 16990 16322
1504149000 15092 14599 16990 16322
1504148700 13970 12347 15268 12577
1504148400 14735 13017 15268 14107
1504148100 12430 12378 14119 14107
1504147800 10785 10525 11182 10731
1504147500 11604 11084 12101 11499
1504147200 13159 12561 14403 13809
1504146900 13101 12453 14403 13809
1504146600 13891 13138 16612 15809
1504146300 14185 13230 16612 15809
1504146000 14266 18456 17705 28144
1504145700 14456 19976 17705 28144
1504145400 11617 11367 12763 12516
1504145100 12720 12483 12763 12516
1504144800 14386 12026 16374 12445
1504144500 13550 10801 16374 11541
1504144200 10741 10380 11334 10906
1504143900 11724 11419 12183 12023
1504143600 11761 11562 12183 12023
1504143300 11213 11020 11267 11021
1504143000 11772 11647 12502 12385
1504142700 17024 16910 22334 22222
1504142400 19419 19218 22334 22222
1504142100 15319 14981 15998 15692
1504141800 17765 16840 21570 20002
1504141500 22931 22421 24530 25261
1504141200 18772 19056 24530 25261
1504140900 16519 11797 21704 11870
1504140600 17937 12319 21704 13032
1504140300 15365 12650 17508 13032
1504140000 17927 15074 18421 18440
1504139700 129637 116742 260197 232141
1504139400 145808 130565 260197 232141
1504139100 11716 11301 11939 11325
1504138800 18874 12812 27016 14619
1504138500 19493 12647 27016 14619
1504138200 14923 14531 19786 19426
1504137900 20946 19986 22291 20635
1504137600 17490 16420 22291 20635
1504137300 11694 11204 11855 11473
1504137000 16027 15124 21265 20031
1504136700 20774 19090 21265 20031
1504136400 16210 14816 20199 17987
1504136100 13092 12242 14905 13573
1504135800 15118 14070 15370 14655
1504135500 13927 13347 15370 14655
1504135200 18356 16640 25448 22234
1504134900 18766 16655 25448 22234
1504134600 11679 10704 12567 11407
1504134300 14868 11992 17571 12679
1504134000 15288 12111 17571 12679
1504133700 16042 15269 20073 19759
1504133400 17635 17185 20073 19759
1504133100 18477 18150 22823 22830
1504132800 18712 18580 22823 22830
1504132500 18826 18593 24626 24467
1504132200 20249 19293 24626 24467
1504131900 13628 12365 15112 13220
1504131600 18802 18179 26919 26182
1504131300 22264 21135 26919 26182
1504131000 20676 15315 25226 15436
1504130700 24140 18357 25226 21788
1504130400 56650 57003 96311 98343
1504130100 102731 106666 110269 116437
1504129800 66830 70093 110269 116437
1504129500 47126 47492 83857 84825
1504129200 109137 112415 138420 144373
1504128900 153077 139172 170055 144373
1504128600 153479 117007 170055 133148
1504128300 216620 134858 313282 177760
1504128000 283671 164777 313282 177760
1504127700 201924 126319 248911 149537
1504127400 205494 167303 274436 247410
1504127100 281017 266640 288640 288914
1504126800 202276 201603 288640 288914
1504126500 111045 110190 122963 123199
1504126200 137163 132838 153833 144154
1504125900 252508 208314 368345 283634
1504125600 297373 191828 368345 283634
1504125300 376477 87620 567142 91803
1504125000 418487 90995 567142 91803
1504124700 275149 104364 311742 121171
1504124400 385080 136759 471173 155059
1504124100 467157 214852 471173 285045
1504123800 339586 194880 462443 285045
1504123500 241503 109807 293411 132538
1504123200 705192 555021 1188588 1050981
1504122900 721781 585237 1188588 1050981
1504122600 264551 69518 371096 105937
1504122300 325127 106609 371096 107400
1504122000 518982 130692 806025 157672
1504121700 793230 212417 806025 276684
1504121400 526411 214681 778211 276684
1504121100 226220 125398 230821 141895
1504120800 225547 122922 231098 142749
1504120500 709090 191882 1270213 249561
1504120200 1098935 265645 1270213 284527
1504119900 891921 323428 897870 368488
1504119600 710333 269143 885032 368488
1504119300 477462 217809 505252 293432
1504119000 407708 242607 445275 293432
1504118700 354018 194761 363608 208634
1504118400 322708 172626 342762 208634
1504118100 323594 137921 352271 146802
1504117800 348815 156330 352271 167517
1504117500 2505374 2408826 5041750 5039928
1504117200 1690339 1559812 5041750 5039928
1504116000 424474 282409 446718 352496
1504114200 527833 327998 830210 619472
1504112400 609788 459986 878204 619472
1504110600 571844 402174 878204 576489
1504108800 705532 285309 1446004 541678
1504107000 277232 175467 441740 254865
1504105200 411271 158635 501707 256881
1504103400 539608 244772 806322 453742
1504101600 667913 543426 1259447 1187452
1504099800 651394 455293 1259447 1187452
1504098000 281160 138632 637446 320462
1504096200 180088 43028 399698 96751
1504094400 72761 35116 99490 42787
1504092600 48210 33661 57257 38647
1504090800 62003 17564 152636 27406
1504089000 28491 18024 84032 62634
1504087200 14959 72472 24064 133275
1504085400 11182 11622 15266 25773
1504083600 10067 9592 12543 12149
1504081800 12017 11390 19005 17564
1504080000 9367 8975 10842 10576
1504078200 10747 51517 16783 161183
1504076400 10808 8014 19592 10718
1504074600 9587 9095 11669 11199
1504072800 9249 9283 10132 12437
1504071000 11160 10854 20304 20424
1504069200 10805 12189 15514 21117
1504067400 36018 33243 171037 156442
1504065600 11044 10602 13231 12436
1504063800 11129 10668 14717 14360
1504062000 11806 11290 14058 13826
1504060200 13098 12466 18487 17711
1504058400 13954 13388 19118 18709
1504056600 31003 29451 111832 104619
1504054800 30725 28505 250445 229689
1504053000 35812 33812 250445 229689
1504051200 15217 14848 22948 22626
1504049400 11729 10979 13691 13189
1504047600 11915 11228 16004 15724
1504045800 169452 174348 267164 274566
1504044000 84868 70159 229064 184460
1504042200 259840 204640 985058 945372
1504040400 545771 418934 1944029 1365658
1504038600 951080 477725 2034962 767826
1504036800 572518 286964 816846 451115
1504035000 625726 382503 849915 532566
1504033200 723944 278819 1107025 459836
1504031400 883781 282426 1279015 533292
1504029600 931819 236822 1038947 288107
1504027800 683850 181381 1228464 242861
1504026000 792616 524178 1186236 807082
1504024200 510232 338885 750173 521106
1504022400 900584 286141 1531753 564408
1504020600 700686 307616 793036 564408
1504018800 784773 334904 1102772 525523
1504017000 681335 339746 777757 652083
1504015200 608370 367858 1215642 567601
1504013400 637971 516546 1211878 622177
1504011600 192134 161834 331153 315774
1504009800 386884 115491 1176566 231527
1504008000 334789 28911 1040760 44469
1504006200 184829 137583 840580 766682
1504004400 11097 10597 14664 14239
1504002600 10568 9865 13566 12872
1504000800 10021 9296 15483 14857
1503999000 9867 8794 14336 12737
1503997200 12557 11643 17967 17536
1503995400 12364 11648 16273 16040
1503993600 13823 13434 26448 26995
1503991800 61902 57277 309272 283619
1503990000 10359 9741 11493 10862
1503988200 8580 7827 9901 8998
1503986400 10584 9747 16465 16070
1503984600 13780 13188 17865 16978
1503982800 43235 44523 197234 207425
1503981000 37801 34843 170233 154745
1503979200 11645 11020 12403 11900
1503977400 12974 12415 18076 17573
1503975600 14219 13757 19383 19533
1503973800 13394 12691 15736 15079
1503972000 19050 17434 50427 42861
1503970200 21483 21558 55825 64047
1503968400 17676 17037 48312 44548
1503966600 16685 15689 48312 44548
1503964800 13239 12104 29911 22537
1503963000 19338 15903 29911 22537
1503961200 18840 18303 43971 44469
1503959400 25233 20261 78147 33441
1503957600 133635 132006 252415 261496
1503955800 216404 171172 344015 360838
1503954000 611532 261832 1142689 407656
1503952200 1500385 417386 4056955 756322
1503950400 1027558 408223 1208903 618656
1503948600 1321187 327148 1833330 555773
1503946800 1542674 482128 2512563 808273
1503945000 1089381 359278 2512563 522194
1503943200 635373 237006 1005679 325538
1503941400 736989 359349 1172322 595404
1503939600 1193795 1081823 2176847 2272086
1503937800 527261 341823 1142965 891768
1503936000 1139709 238393 2922803 468937
1503934200 1341777 509897 4206534 2512148
1503932400 1529214 560743 4206534 2512148
1503930600 1715094 769454 2042647 1367288
1503928800 1186631 623231 2042647 1569556
1503927000 865184 489550 1340124 926411
1503925200 438974 293351 1340124 548201
1503923400 152321 45147 363453 203447
1503921600 129200 63018 399321 298324
1503919800 4370 3570 6047 5446
1503918000 8644 8019 32677 31903
1503916200 4288 2905 7908 4175
1503914400 3644 2845 4065 3805
1503912600 4232 3300 5366 5094
1503910800 6367 5989 14393 14619
1503909000 4833 4546 5347 5092
1503907200 4503 4227 4903 4636
1503905400 117606 130309 841464 1067428
1503903600 80798 100890 841464 1067428
1503901800 4582 4291 5822 5523
1503900000 3891 3358 4510 4244
1503898200 3395 2507 4950 4701
1503896400 3917 3471 5313 4728
1503894600 30510 27778 162712 148258
1503892800 3101 1935 3705 3102
1503891000 3916 3583 4675 4383
1503889200 4543 4267 5231 4913
1503887400 5511 3999 11679 4596
1503885600 3869 3602 4332 3983
1503883800 4276 3970 7671 7328
1503882000 4355 3867 7671 7328
1503880200 6975 6787 26317 27307
1503878400 6401 6215 26317 27307
1503876600 4630 3742 7163 6206
1503874800 4389 3406 6036 5801
1503873000 5116 4843 7349 7176
1503871200 4140 3455 7401 7246
1503869400 4147 3399 5507 5228
1503867600 4675 4369 6597 6248
1503865800 4504 4213 6364 6168
1503864000 4398 4082 5026 4687
1503862200 4406 3311 6924 6533
1503860400 5038 3810 6938 6669
1503858600 4155 3444 6203 4964
1503856800 4302 3982 5254 4964
1503855000 3792 3458 4874 4357
1503853200 4580 4285 6150 5878
1503851400 3697 2993 3821 3514
1503849600 9449 8943 49369 51440
1503847800 8220 8097 49369 51440
1503846000 26796 24483 297382 270593
1503844200 30466 27789 297382 270593
1503842400 3656 2927 4487 4191
1503840600 3652 2944 5089 4810
1503838800 4282 3992 5736 5521
1503837000 3735 2898 4345 4010
1503835200 3559 2807 4919 3721
1503833400 3743 3454 4038 3751
1503831600 4511 4241 6155 5937
1503829800 5509 4437 9201 8415
1503828000 4058 3764 4593 4310
1503826200 3695 3092 4399 4094
1503824400 3989 2775 5480 4050
1503822600 5225 4955 6260 6009
1503820800 5149 4873 6645 6265
1503819000 94333 86376 1176662 1079625
1503817200 109668 99738 1176662 1079625
1503815400 4016 3724 4945 4620
1503813600 4298 3990 5061 4748
1503811800 3626 3034 4237 3939
1503810000 3565 2543 4192 3806
1503808200 30463 27805 163077 148841
1503806400 4457 4167 5516 5272
1503804600 4724 4415 5463 5140
1503802800 7010 6854 15010 15339
1503801000 3859 2760 5229 4957
1503799200 4332 3702 4845 4561
1503797400 3757 2700 4598 4318
1503795600 5388 4747 10822 10458
1503793800 5808 5511 9556 9242
1503792000 4723 4412 5255 4923
1503790200 4916 4625 6022 5720
1503788400 5150 4880 6113 5812
1503786600 5153 4070 11349 9631
1503784800 4403 3727 5828 5526
1503783000 6060 5692 10972 10664
1503781200 5635 5377 7631 7581
1503779400 4859 4564 6739 6493
1503777600 4910 4629 6739 6493
1503775800 4862 4250 7437 5116
1503774000 6358 6155 13274 13136
1503772200 6440 5709 10492 10034
1503770400 8855 8366 19239 17859
1503768600 4783 4482 5639 5357
1503766800 8587 8094 17133 16211
1503765000 1493337 1398488 2952413 2693554
1503763200 55487 50652 565593 514689
1503761400 4976 4398 6511 5775
1503759600 4275 2662 6289 4864
1503757800 5952 58882 22197 716038
1503756000 7029 68846 22197 716038
1503754200 4933 4629 5920 5637
1503752400 5202 4914 6209 5968
1503750600 4759 4468 5322 5063
1503748800 4684 4428 5129 4838
1503747000 4623 4329 5369 5103
1503745200 7494 6923 17934 17586
1503743400 3716 2454 7612 7299
1503741600 31443 29491 347063 324994
1503739800 35913 33643 347063 324994
1503738000 5545 5159 10985 10593
1503736200 5121 4650 6240 5912
1503734400 6089 5697 9662 8854
1503732600 54769 49955 301723 275574
1503730800 4586 3358 9267 8972
1503729000 6903 6463 9267 8972
1503727200 6363 6013 8984 8708
1503725400 8117 7802 16965 16786
1503723600 7756 7268 11189 10856
1503721800 20333 19052 168969 154359
1503720000 19579 17424 168969 154359
1503718200 6811 6248 8818 8165
1503716400 8234 7950 13400 13362
1503714600 6966 6676 9217 9346
1503712800 8417 8101 16776 16872
1503711000 8137 7710 13493 13268
1503709200 41560 43580 217671 231963
1503707400 5582 5118 6664 6205
1503705600 6917 6358 9017 8635
1503703800 10319 9860 16561 16115
1503702000 127227 132094 553888 582099
1503700200 36761 39848 71115 73292
1503698400 119503 117728 241857 233758
1503696600 320418 92231 2967729 209807
1503694800 442426 95779 2967729 223681
1503693000 391126 241955 603825 455483
1503691200 813065 312303 938363 336049
1503689400 1176258 456324 2313155 681704
1503687600 720696 449744 1082001 803126
1503685800 708461 500944 957048 867094
1503684000 850712 258000 1035094 327969
1503682200 826974 383793 1201611 667418
1503680400 657042 471577 879173 752967
1503678600 566737 448714 981429 857954
1503676800 564902 304598 1206937 654348
1503675000 713041 436654 938450 674985
1503673200 508810 287359 914795 402368
1503671400 692923 403832 1099760 880286
1503669600 439001 220589 666489 294263
1503667800 608218 470442 2060219 1833208
1503666000 420961 122821 1666178 262351
1503664200 161008 153571 572625 580078
1503662400 16335 16892 69237 54808
1503660600 9299 8551 16713 16333
1503658800 8610 8086 10457 9832
1503657000 8214 7829 10134 9752
1503655200 8638 8272 10422 10130
1503653400 14741 14697 34007 35305
1503651600 9239 8895 12530 12100
1503649800 11035 10721 23839 24631
1503648000 10687 10373 23839 24631
1503646200 60103 77069 304173 315846
1503644400 12104 38669 23231 315846
1503642600 8235 7805 8959 8557
1503640800 8305 7879 9400 9039
1503639000 12671 12317 21911 21829
1503637200 40390 40705 190339 194153
1503635400 55838 53479 192662 196256
1503633600 27983 28145 192662 196256
1503631800 9558 9170 14833 14578
1503630000 8141 7104 8704 8125
1503628200 9137 8711 14260 13931
1503626400 9947 9285 13714 13050
1503624600 27171 25635 94085 86479
1503622800 30699 28444 283716 259120
1503621000 33914 31272 283716 259120
1503619200 10412 10019 15847 15740
1503617400 11260 10871 22754 22818
1503615600 13837 13588 24399 24518
1503613800 97849 103051 210087 222208
1503612000 103565 103119 511788 532700
1503610200 544011 543982 1052623 1070387
1503608400 512725 438787 1071087 951180
1503606600 938418 394947 2756742 785354
1503604800 553665 385562 1620549 1218998
1503603000 716689 202936 969179 343032
1503601200 1063071 481136 1380400 883969
1503599400 1151492 508896 2013944 883969
1503597600 2863598 2143032 8102985 6843578
1503595800 3261920 3381087 8102985 6843578
1503594000 4523822 3991768 5899990 5190027
1503592200 2098468 2263173 3652890 3265428
1503590400 818260 590058 1351783 1338016
1503588600 1611868 1040035 1939180 1420323
1503586800 1820191 1311703 1939180 1420323
1503585000 2086105 1653336 2133850 1712502
1503583200 5005149 4791459 5269978 5075441
1503581400 1469797 1287112 5269978 5075441
1503579600 364780 279349 373545 284413
1503577800 223314 197619 223314 197619
1503576000 52844 46924 223314 197619
1503574200 10974 9412 12133 10937
1503572400 33810 15214 47307 18870
1503570600 33732 16834 47307 18870
1503568800 15442 14134 15495 14416
1503567000 15019 14416 15019 14416
1503565200 12332 11303 15019 14416
1503563400 11920 10901 12043 10968
1503561600 11496 10674 11496 10674
1503559800 30576 27565 42948 38518
1503558000 42948 38518 42948 38518
1503556200 17383 29291 42948 38518
1503554400 17751 19282 19257 27913
1503552600 14599 13148 19257 16180
1503550800 12215 11351 12236 11611
1503549000 11118 10300 12211 11297
1503547200 13280 12344 16317 15616
1503545400 13897 80901 16317 102471
1503543600 11936 11658 13098 102471
1503541800 11677 10932 12184 11555
1503540000 12084 10850 13253 11820
1503538200 18939 11348 244636 24518
1503536400 129545 24542 244636 111966
1503534600 53530 47246 123500 111966
1503532800 20075 17044 24807 21382
1503531000 23241 17604 39124 28240
1503529200 20864 16684 28309 27398
1503527400 70560 23036 215046 27398
1503525600 59833 45414 147233 151632
1503523800 82918 55798 350641 276866
1503522000 987054 267118 3644092 315165
1503520200 1621203 1353388 2754565 2483367
1503518400 3368466 2660020 4923863 3650997
1503516600 1561547 1020647 2431200 1822983
1503514800 1412916 606111 4198435 1822983
1503513000 896944 465701 1205785 637955
1503511200 1615125 1033024 5138419 3821286
1503509400 1105682 519607 1647190 976496
1503507600 1593640 1258872 5471061 4761364
1503505800 2045810 1812526 5395666 4839415
1503504000 622759 469004 2538504 2372603
1503502200 563409 324603 770448 481762
1503500400 1021876 788470 1447125 1157775
1503498600 980347 549885 1320650 888657
1503496800 1239951 793379 1643421 1094445
1503495000 686835 417052 1162805 862730
1503493200 408704 186535 987262 266051
1503491400 229112 47995 354724 198348
1503489600 46613 230481 79539 1001651
1503487800 10881 9261 18506 13718
1503486000 10314 9212 20239 17026
1503484200 11383 10347 19686 16555
1503482400 8460 7830 9847 8998
1503480600 11501 10577 16646 14330
1503478800 12731 12150 22695 22362
1503477000 10335 9446 13934 12233
1503475200 10333 9242 16844 16537
1503473400 64514 59037 304286 278141
1503471600 13988 12728 18331 16409
1503469800 15914 26754 37723 127005
1503468000 13772 17731 22333 127005
1503466200 14059 12635 23476 23392
1503464400 12199 11259 15482 14891
1503462600 42892 39367 182324 168438
1503460800 11251 10394 33524 33232
1503459000 16198 13308 27804 23885
1503457200 12194 10900 27804 23885
1503455400 13838 13115 18053 17590
1503453600 13576 12908 22994 22605
1503451800 17201 15771 27021 26630
1503450000 44472 40101 259623 230262
1503448200 24888 23567 259623 230262
1503446400 13303 12688 34368 35428
1503444600 19915 19202 54722 55195
1503442800 16719 15961 54722 55195
1503441000 25003 22709 67585 59513
1503439200 131035 109735 411171 234151
1503437400 271784 229925 411171 382475
1503435600 505143 385976 875656 654607
1503433800 533803 296737 737977 646343
1503432000 936208 366289 1920795 1080545
1503430200 636930 261424 952542 381757
1503428400 853288 425582 1211913 1077955
1503426600 487762 344490 768780 514198
1503424800 636844 543007 894836 751856
1503423000 1024427 779423 2035712 1764546
1503421200 990883 768164 1434533 1280381
1503419400 1043748 856254 2677169 2414441
1503417600 611538 478520 982449 680076
1503415800 468417 307724 715622 514970
1503414000 457077 292327 708038 603030
1503412200 993474 587924 1644874 1381402
1503410400 1004438 558573 1191606 728323
1503408600 1882551 1332155 3570717 2844228
1503406800 490040 320159 1713961 702785
1503405000 245878 75271 977514 702785
1503403200 25236 18526 61288 56166
1503401400 12331 11450 61288 56166
1503399600 8241 7782 12924 12900
1503397800 7509 7052 8206 7913
1503396000 7645 7253 10407 9945
1503394200 23225 23850 100513 105164
1503392400 38699 36253 192903 180491
1503390600 11634 11197 19038 19390
1503388800 9271 8376 17405 17570
1503387000 9996 9128 14229 11434
1503385200 8180 7135 10938 10706
1503383400 9273 8522 15980 15542
1503381600 7429 6587 12440 9585
1503379800 8795 7892 10890 10490
1503378000 10060 9630 10982 10664
1503376200 59772 58462 172117 156517
1503374400 9585 9154 10433 10001
1503372600 10836 10327 12377 12111
1503370800 17527 16841 65966 62505
1503369000 14429 13722 65966 62505
1503367200 12441 11737 25612 23876
1503365400 10472 9686 12442 11897
1503363600 13516 12312 50173 45061
1503361800 16582 16015 50173 45061
1503360000 11505 10545 13653 12482
1503358200 33205 33340 122137 126991
1503356400 14433 13930 18743 18533
1503354600 30052 21979 45084 37453
1503352800 126017 108585 502506 505566
1503351000 339329 136290 563186 272606
1503349200 223553 108435 563186 147644
1503347400 379953 265474 656610 637081
1503345600 571765 384052 1999808 1714848
1503343800 631825 458552 1999808 1714848
1503342000 524632 225593 646309 390027
1503340200 835246 434199 1190469 823597
1503338400 431414 379764 705312 773823
1503336600 373173 205449 572082 393064
1503334800 427686 367962 514462 482903
1503333000 1092611 519128 2141572 941318
1503331200 516100 344552 2141572 743644
1503329400 464272 230714 722279 475396
1503327600 788619 348902 1051676 602440
1503325800 930246 513888 1606564 1462219
1503324000 257236 73442 1282131 240234
1503322200 685 459 685 459
1503320400 685 459 685 459
1503318600 685 459 685 459
1503316800 685 459 685 459
1503315000 685 459 685 459
1503313200 685 459 685 459
1503311400 685 459 685 459
1503309600 685 459 685 459
1503307800 685 459 685 459
1503306000 685 459 685 459
1503304200 685 459 685 459
1503302400 685 459 685 459
1503300600 685 459 685 459
1503298800 685 459 685 459
1503297000 685 459 685 459
1503295200 685 459 685 459
1503293400 685 459 685 459
1503291600 685 459 685 459
1503289800 685 459 685 459
1503288000 685 459 685 459
1503286200 685 459 685 459
1503284400 685 459 685 459
1503282600 685 459 685 459
1503280800 685 459 685 459
1503279000 685 459 685 459
1503277200 685 459 685 459
1503275400 685 459 685 459
1503273600 685 459 685 459
1503271800 685 459 685 459
1503270000 685 459 685 459
1503268200 685 459 685 459
1503266400 685 459 685 459
1503264600 685 459 685 459
1503262800 685 459 685 459
1503261000 685 459 685 459
1503259200 685 459 685 459
1503257400 685 459 685 459
1503255600 685 459 685 459
1503253800 685 459 685 459
1503252000 685 459 685 459
1503250200 685 459 685 459
1503248400 685 459 685 459
1503246600 685 459 685 459
1503244800 685 459 685 459
1503243000 685 459 685 459
1503241200 685 459 685 459
1503239400 685 459 685 459
1503237600 685 459 685 459
1503235800 685 459 685 459
1503234000 685 459 685 459
1503232200 685 459 685 459
1503230400 685 459 685 459
1503228600 685 459 685 459
1503226800 685 459 685 459
1503225000 685 459 685 459
1503223200 685 459 685 459
1503221400 685 459 685 459
1503219600 685 459 685 459
1503217800 685 459 685 459
1503216000 685 459 685 459
1503214200 685 459 685 459
1503212400 685 459 685 459
1503210600 685 459 685 459
1503208800 685 459 685 459
1503207000 685 459 685 459
1503205200 685 459 685 459
1503203400 685 459 685 459
1503201600 685 459 685 459
1503199800 685 459 685 459
1503198000 685 459 685 459
1503196200 685 459 685 459
1503194400 685 459 685 459
1503192600 685 459 685 459
1503190800 685 459 685 459
1503189000 685 459 685 459
1503187200 685 459 685 459
1503185400 685 459 685 459
1503183600 685 459 685 459
1503181800 685 459 685 459
1503180000 685 459 685 459
1503178200 685 459 685 459
1503176400 685 459 685 459
1503174600 685 459 685 459
1503172800 685 459 685 459
1503171000 685 459 685 459
1503169200 685 459 685 459
1503167400 685 459 685 459
1503165600 685 459 685 459
1503163800 685 459 685 459
1503162000 685 459 685 459
1503160200 685 459 685 459
1503158400 685 459 685 459
1503156600 685 459 685 459
1503154800 685 459 685 459
1503153000 685 459 685 459
1503151200 685 459 685 459
1503149400 685 459 685 459
1503147600 685 459 685 459
1503145800 685 459 685 459
1503144000 685 459 685 459
1503142200 685 459 685 459
1503140400 685 459 685 459
1503138600 685 459 685 459
1503136800 685 459 685 459
1503135000 685 459 685 459
1503133200 685 459 685 459
1503131400 685 459 685 459
1503129600 685 459 685 459
1503127800 685 459 685 459
1503126000 685 459 685 459
1503124200 685 459 685 459
1503122400 685 459 685 459
1503120600 685 459 685 459
1503118800 685 459 685 459
1503117000 685 459 685 459
1503115200 685 459 685 459
1503113400 685 459 685 459
1503111600 685 459 685 459
1503109800 685 459 685 459
1503108000 685 459 685 459
1503106200 685 459 685 459
1503104400 685 459 685 459
1503102600 685 459 685 459
1503100800 685 459 685 459
1503099000 685 459 685 459
1503097200 685 459 685 459
1503095400 685 459 685 459
1503093600 685 459 685 459
1503091800 685 459 685 459
1503090000 685 459 685 459
1503088200 685 459 685 459
1503086400 685 459 685 459
1503084600 685 459 685 459
1503082800 685 459 685 459
1503081000 685 459 685 459
1503079200 685 459 685 459
1503077400 685 459 685 459
1503075600 685 459 685 459
1503073800 685 459 685 459
1503072000 685 459 685 459
1503070200 685 459 685 459
1503068400 685 459 685 459
1503066600 685 459 685 459
1503064800 685 459 685 459
1503063000 685 459 685 459
1503061200 685 459 685 459
1503059400 685 459 685 459
1503057600 685 459 685 459
1503055800 685 459 685 459
1503054000 685 459 685 459
1503052200 685 459 685 459
1503050400 685 459 685 459
1503048600 685 459 685 459
1503046800 685 459 685 459
1503045000 685 459 685 459
1503043200 685 459 685 459
1503041400 685 459 685 459
1503039600 685 459 685 459
1503037800 685 459 685 459
1503036000 685 459 685 459
1503028800 685 459 685 459
1503021600 685 459 685 459
1503014400 685 459 685 459
1503007200 685 459 685 459
1503000000 685 459 685 459
1502992800 685 459 685 459
1502985600 685 459 685 459
1502978400 685 459 685 459
1502971200 685 459 685 459
1502964000 685 459 685 459
1502956800 685 459 685 459
1502949600 685 459 685 459
1502942400 685 459 685 459
1502935200 685 459 685 459
1502928000 685 459 685 459
1502920800 685 459 685 459
1502913600 685 459 685 459
1502906400 685 459 685 459
1502899200 685 459 685 459
1502892000 685 459 685 459
1502884800 685 459 685 459
1502877600 685 459 685 459
1502870400 685 459 685 459
1502863200 685 459 685 459
1502856000 685 459 685 459
1502848800 685 459 685 459
1502841600 685 459 685 459
1502834400 685 459 685 459
1502827200 685 459 685 459
1502820000 685 459 685 459
1502812800 685 459 685 459
1502805600 685 459 685 459
1502798400 685 459 685 459
1502791200 685 459 685 459
1502784000 685 459 685 459
1502776800 685 459 685 459
1502769600 685 459 685 459
1502762400 685 459 685 459
1502755200 685 459 685 459
1502748000 685 459 685 459
1502740800 685 459 685 459
1502733600 685 459 685 459
1502726400 685 459 685 459
1502719200 685 459 685 459
1502712000 685 459 685 459
1502704800 685 459 685 459
1502697600 685 459 685 459
1502690400 685 459 685 459
1502683200 685 459 685 459
1502676000 685 459 685 459
1502668800 685 459 685 459
1502661600 685 459 685 459
1502654400 685 459 685 459
1502647200 685 459 685 459
1502640000 685 459 685 459
1502632800 685 459 685 459
1502625600 685 459 685 459
1502618400 685 459 685 459
1502611200 685 459 685 459
1502604000 685 459 685 459
1502596800 685 459 685 459
1502589600 685 459 685 459
1502582400 685 459 685 459
1502575200 685 459 685 459
1502568000 685 459 685 459
1502560800 685 459 685 459
1502553600 685 459 685 459
1502546400 685 459 685 459
1502539200 685 459 685 459
1502532000 685 459 685 459
1502524800 685 459 685 459
1502517600 685 459 685 459
1502510400 685 459 685 459
1502503200 685 459 685 459
1502496000 685 459 685 459
1502488800 685 459 685 459
1502481600 685 459 685 459
1502474400 685 459 685 459
1502467200 685 459 685 459
1502460000 685 459 685 459
1502452800 685 459 685 459
1502445600 685 459 685 459
1502438400 685 459 685 459
1502431200 685 459 685 459
1502424000 685 459 685 459
1502416800 685 459 685 459
1502409600 685 459 685 459
1502402400 685 459 685 459
1502395200 685 459 685 459
1502388000 685 459 685 459
1502380800 685 459 685 459
1502373600 685 459 685 459
1502366400 685 459 685 459
1502359200 685 459 685 459
1502352000 685 459 685 459
1502344800 685 459 685 459
1502337600 685 459 685 459
1502330400 685 459 685 459
1502323200 685 459 685 459
1502316000 685 459 685 459
1502308800 685 459 685 459
1502301600 685 459 685 459
1502294400 685 459 685 459
1502287200 685 459 685 459
1502280000 685 459 685 459
1502272800 685 459 685 459
1502265600 685 459 685 459
1502258400 685 459 685 459
1502251200 685 459 685 459
1502244000 685 459 685 459
1502236800 685 459 685 459
1502229600 685 459 685 459
1502222400 685 459 685 459
1502215200 685 459 685 459
1502208000 685 459 685 459
1502200800 685 459 685 459
1502193600 685 459 685 459
1502186400 685 459 685 459
1502179200 685 459 685 459
1502172000 685 459 685 459
1502164800 685 459 685 459
1502157600 685 459 685 459
1502150400 685 459 685 459
1502143200 685 459 685 459
1502136000 685 459 685 459
1502128800 685 459 685 459
1502121600 685 459 685 459
1502114400 685 459 685 459
1502107200 685 459 685 459
1502100000 685 459 685 459
1502092800 685 459 685 459
1502085600 685 459 685 459
1502078400 685 459 685 459
1502071200 685 459 685 459
1502064000 685 459 685 459
1502056800 685 459 685 459
1502049600 685 459 685 459
1502042400 685 459 685 459
1502035200 685 459 685 459
1502028000 685 459 685 459
1502020800 685 459 685 459
1502013600 685 459 685 459
1502006400 685 459 685 459
1501999200 685 459 685 459
1501992000 685 459 685 459
1501984800 685 459 685 459
1501977600 685 459 685 459
1501970400 685 459 685 459
1501963200 685 459 685 459
1501956000 685 459 685 459
1501948800 685 459 685 459
1501941600 685 459 685 459
1501934400 685 459 685 459
1501927200 685 459 685 459
1501920000 685 459 685 459
1501912800 685 459 685 459
1501905600 685 459 685 459
1501898400 685 459 685 459
1501891200 685 459 685 459
1501884000 685 459 685 459
1501876800 685 459 685 459
1501869600 685 459 685 459
1501862400 685 459 685 459
1501855200 685 459 685 459
1501848000 685 459 685 459
1501840800 685 459 685 459
1501833600 685 459 685 459
1501826400 685 459 685 459
1501819200 685 459 685 459
1501812000 685 459 685 459
1501804800 685 459 685 459
1501797600 685 459 685 459
1501790400 685 459 685 459
1501783200 685 459 685 459
1501776000 685 459 685 459
1501768800 685 459 685 459
1501761600 685 459 685 459
1501754400 685 459 685 459
1501747200 685 459 685 459
1501740000 685 459 685 459
1501732800 685 459 685 459
1501725600 685 459 685 459
1501718400 685 459 685 459
1501711200 685 459 685 459
1501704000 685 459 685 459
1501696800 685 459 685 459
1501689600 685 459 685 459
1501682400 685 459 685 459
1501675200 685 459 685 459
1501668000 685 459 685 459
1501660800 685 459 685 459
1501653600 685 459 685 459
1501646400 685 459 685 459
1501639200 685 459 685 459
1501632000 685 459 685 459
1501624800 685 459 685 459
1501617600 685 459 685 459
1501610400 685 459 685 459
1501603200 685 459 685 459
1501596000 685 459 685 459
1501588800 685 459 685 459
1501581600 685 459 685 459
1501574400 685 459 685 459
1501567200 685 459 685 459
1501560000 685 459 685 459
1501552800 685 459 685 459
1501545600 685 459 685 459
1501538400 685 459 685 459
1501531200 685 459 685 459
1501524000 685 459 685 459
1501516800 685 459 685 459
1501509600 685 459 685 459
1501502400 685 459 685 459
1501495200 685 459 685 459
1501488000 685 459 685 459
1501480800 685 459 685 459
1501473600 685 459 685 459
1501466400 685 459 685 459
1501459200 685 459 685 459
1501452000 685 459 685 459
1501444800 685 459 685 459
1501437600 685 459 685 459
1501430400 685 459 685 459
1501423200 685 459 685 459
1501416000 685 459 685 459
1501408800 685 459 685 459
1501401600 685 459 685 459
1501394400 685 459 685 459
1501387200 685 459 685 459
1501380000 685 459 685 459
1501372800 685 459 685 459
1501365600 685 459 685 459
1501358400 685 459 685 459
1501351200 685 459 685 459
1501344000 685 459 685 459
1501336800 685 459 685 459
1501329600 685 459 685 459
1501322400 685 459 685 459
1501315200 685 459 685 459
1501308000 685 459 685 459
1501300800 685 459 685 459
1501293600 685 459 685 459
1501286400 685 459 685 459
1501279200 685 459 685 459
1501272000 685 459 685 459
1501264800 685 459 685 459
1501257600 685 459 685 459
1501250400 685 459 685 459
1501243200 685 459 685 459
1501236000 685 459 685 459
1501228800 685 459 685 459
1501221600 685 459 685 459
1501214400 685 459 685 459
1501207200 685 459 685 459
1501200000 685 459 685 459
1501192800 685 459 685 459
1501185600 685 459 685 459
1501178400 685 459 685 459
1501171200 685 459 685 459
1501164000 685 459 685 459
1501156800 685 459 685 459
1501149600 685 459 685 459
1501142400 685 459 685 459
1501135200 685 459 685 459
1501128000 685 459 685 459
1501120800 685 459 685 459
1501113600 685 459 685 459
1501106400 685 459 685 459
1501099200 685 459 685 459
1501092000 685 459 685 459
1501084800 685 459 685 459
1501077600 685 459 685 459
1501070400 685 459 685 459
1501063200 685 459 685 459
1501056000 685 459 685 459
1501048800 685 459 685 459
1501041600 685 459 685 459
1501034400 685 459 685 459
1501027200 685 459 685 459
1501020000 685 459 685 459
1501012800 685 459 685 459
1501005600 685 459 685 459
1500998400 685 459 685 459
1500991200 685 459 685 459
1500984000 685 459 685 459
1500976800 685 459 685 459
1500969600 685 459 685 459
1500962400 685 459 685 459
1500955200 685 459 685 459
1500948000 685 459 685 459
1500940800 685 459 685 459
1500933600 685 459 685 459
1500926400 685 459 685 459
1500919200 685 459 685 459
1500912000 685 459 685 459
1500904800 685 459 685 459
1500897600 685 459 685 459
1500890400 685 459 685 459
1500883200 685 459 685 459
1500876000 685 459 685 459
1500868800 685 459 685 459
1500861600 685 459 685 459
1500854400 685 459 685 459
1500847200 685 459 685 459
1500840000 685 459 685 459
1500832800 685 459 685 459
1500825600 685 459 685 459
1500818400 685 459 685 459
1500811200 685 459 685 459
1500804000 685 459 685 459
1500796800 685 459 685 459
1500789600 685 459 685 459
1500782400 685 459 685 459
1500775200 685 459 685 459
1500768000 685 459 685 459
1500760800 685 459 685 459
1500753600 685 459 685 459
1500746400 685 459 685 459
1500739200 685 459 685 459
1500732000 685 459 685 459
1500724800 680 455 685 459
1500717600 745 515 860 622
1500710400 2313 1950 3900 3397
1500703200 933 682 1294 1006
1500696000 5371 1068 17969 1807
1500688800 3615 2930 9809 8753
1500681600 83118 86859 989864 1052685
1500674400 450684 302387 1522728 1609545
1500667200 509105 173533 739483 321694
1500660000 517517 415179 1647058 1579998
1500652800 1024283 460665 4782239 1980431
1500645600 759406 578816 5693088 5519966
1500638400 25160 11479 894333 100515
1500631200 3913 3018 7536 7195
1500624000 4639 4168 9648 9402
1500616800 3225 2654 18885 18451
1500609600 2919 3505 17786 32382
1500602400 1907 1926 4942 32382
1500595200 77682 162943 208894 350370
1500588000 394899 244935 3001010 823888
1500580800 704539 369871 1461889 853250
1500573600 544366 323438 1405581 1065098
1500566400 669807 420317 1686406 1659158
1500559200 482541 334735 2676442 1659158
1500552000 11765 13621 62385 117837
1500544800 8022 7589 11183 10807
1500537600 19487 17995 279260 254361
1500530400 7362 6909 12753 12455
1500523200 8431 8120 12204 36913
1500516000 17293 16591 243223 221421
1500508800 62343 63861 313815 328490
1500501600 280945 236287 941430 786613
1500494400 616272 561687 1085089 1191778
1500487200 509834 452543 1043631 1093071
1500480000 346728 186667 728619 626888
1500472800 297714 220557 1398755 1413227
1500465600 2266 1941 2266 1941
1500458400 2266 1941 2266 1941
1500451200 2266 1941 2266 1941
1500444000 2266 1941 2266 1941
1500436800 2266 1941 2266 1941
1500429600 2266 1941 2266 1941
1500422400 2266 1941 2266 1941
1500415200 2266 1941 2266 1941
1500408000 2266 1941 2266 1941
1500400800 2266 1941 2266 1941
1500393600 2266 1941 2266 1941
1500386400 2266 1941 2266 1941
1500379200 2266 1941 2266 1941
1500372000 2266 1941 2266 1941
1500364800 2266 1941 2266 1941
1500357600 2266 1941 2266 1941
1500350400 2266 1941 2266 1941
1500343200 2266 1941 2266 1941
1500336000 2266 1941 2266 1941
1500328800 2266 1941 2266 1941
1500321600 2266 1941 2266 1941
1500314400 2266 1941 2266 1941
1500307200 2266 1941 2266 1941
1500300000 2266 1941 2266 1941
1500292800 2266 1941 2266 1941
1500285600 2266 1941 2266 1941
1500278400 2266 1941 2266 1941
1500271200 2266 1941 2266 1941
1500264000 2266 1941 2266 1941
1500256800 2266 1941 2266 1941
1500249600 2266 1941 2266 1941
1500242400 2266 1941 2266 1941
1500235200 2266 1941 2266 1941
1500228000 2266 1941 2266 1941
1500220800 2266 1941 2266 1941
1500213600 2266 1941 2266 1941
1500206400 2266 1941 2266 1941
1500199200 2266 1941 2266 1941
1500192000 2266 1941 2266 1941
1500184800 2266 1941 2266 1941
1500177600 2266 1941 2266 1941
1500170400 2266 1941 2266 1941
1500163200 2266 1941 2266 1941
1500156000 2266 1941 2266 1941
1500148800 2266 1941 2266 1941
1500141600 2266 1941 2266 1941
1500134400 2266 1941 2266 1941
1500127200 2266 1941 2266 1941
1500120000 2266 1941 2266 1941
1500112800 2266 1941 2266 1941
1500105600 2266 1941 2266 1941
1500098400 2266 1941 2266 1941
1500091200 2266 1941 2266 1941
1500084000 2266 1941 2266 1941
1500076800 2266 1941 2266 1941
1500069600 2266 1941 2266 1941
1500062400 2266 1941 2266 1941
1500055200 2266 1941 2266 1941
1500048000 2266 1941 2266 1941
1500040800 2266 1941 2266 1941
1500033600 2266 1941 2266 1941
1500026400 2266 1941 2266 1941
1500019200 2266 1941 2266 1941
1500012000 2266 1941 2266 1941
1500004800 2266 1941 2266 1941
1499997600 2266 1941 2266 1941
1499990400 2266 1941 2266 1941
1499983200 2266 1941 2266 1941
1499976000 2266 1941 2266 1941
1499968800 2266 1941 2266 1941
1499961600 2266 1941 2266 1941
1499954400 2266 1941 2266 1941
1499947200 2266 1941 2266 1941
1499940000 2266 1941 2266 1941
1499932800 2266 1941 2266 1941
1499925600 2266 1941 2266 1941
1499918400 2266 1941 2266 1941
1499911200 2266 1941 2266 1941
1499904000 2266 1941 2266 1941
1499896800 2266 1941 2266 1941
1499889600 2266 1941 2266 1941
1499882400 2266 1941 2266 1941
1499875200 2266 1941 2266 1941
1499868000 2266 1941 2266 1941
1499860800 2266 1941 2266 1941
1499853600 2266 1941 2266 1941
1499846400 2266 1941 2266 1941
1499839200 2266 1941 2266 1941
1499832000 2266 1941 2266 1941
1499824800 2266 1941 2266 1941
1499817600 2266 1941 2266 1941
1499810400 2266 1941 2266 1941
1499803200 2266 1941 2266 1941
1499796000 2266 1941 2266 1941
1499788800 2266 1941 2266 1941
1499781600 2266 1941 2266 1941
1499774400 2266 1941 2266 1941
1499767200 2266 1941 2266 1941
1499760000 2266 1941 2266 1941
1499752800 2266 1941 2266 1941
1499745600 2266 1941 2266 1941
1499738400 2266 1941 2266 1941
1499731200 2266 1941 2266 1941
1499724000 2266 1941 2266 1941
1499716800 2266 1941 2266 1941
1499709600 2266 1941 2266 1941
1499702400 2266 1941 2266 1941
1499695200 2266 1941 2266 1941
1499688000 2266 1941 2266 1941
1499680800 2266 1941 2266 1941
1499673600 2266 1941 2266 1941
1499666400 2266 1941 2266 1941
1499659200 2266 1941 2266 1941
1499652000 2266 1941 2266 1941
1499644800 2266 1941 2266 1941
1499637600 2266 1941 2266 1941
1499630400 2266 1941 2266 1941
1499623200 2266 1941 2266 1941
1499616000 2266 1941 2266 1941
1499608800 2266 1941 2266 1941
1499601600 2266 1941 2266 1941
1499594400 2266 1941 2266 1941
1499587200 2266 1941 2266 1941
1499580000 2266 1941 2266 1941
1499572800 2266 1941 2266 1941
1499565600 2266 1941 2266 1941
1499558400 2266 1941 2266 1941
1499551200 2266 1941 2266 1941
1499544000 2266 1941 2266 1941
1499536800 2266 1941 2266 1941
1499529600 2266 1941 2266 1941
1499522400 2266 1941 2266 1941
1499515200 2266 1941 2266 1941
1499508000 2266 1941 2266 1941
1499500800 2266 1941 2266 1941
1499493600 2266 1941 2266 1941
1499486400 2266 1941 2266 1941
1499479200 2266 1941 2266 1941
1499472000 2266 1941 2266 1941
1499464800 2266 1941 2266 1941
1499457600 2266 1941 2266 1941
1499450400 2266 1941 2266 1941
1499443200 2266 1941 2266 1941
1499436000 2266 1941 2266 1941
1499428800 2266 1941 2266 1941
1499421600 2266 1941 2266 1941
1499414400 2266 1941 2266 1941
1499407200 2266 1941 2266 1941
1499400000 2266 1941 2266 1941
1499392800 2266 1941 2266 1941
1499385600 2266 1941 2266 1941
1499378400 2266 1941 2266 1941
1499371200 2266 1941 2266 1941
1499364000 2266 1941 2266 1941
1499356800 2266 1941 2266 1941
1499349600 2266 1941 2266 1941
1499342400 2266 1941 2266 1941
1499335200 2266 1941 2266 1941
1499328000 2266 1941 2266 1941
1499320800 2266 1941 2266 1941
1499313600 2266 1941 2266 1941
1499306400 2266 1941 2266 1941
1499299200 2266 1941 2266 1941
1499292000 2266 1941 2266 1941
1499284800 2266 1941 2266 1941
1499277600 2266 1941 2266 1941
1499270400 2266 1941 2266 1941
1499263200 2266 1941 2266 1941
1499256000 2266 1941 2266 1941
1499248800 2266 1941 2266 1941
1499241600 2266 1941 2266 1941
1499234400 2266 1941 2266 1941
1499227200 2266 1941 2266 1941
1499220000 2266 1941 2266 1941
1499212800 2266 1941 2266 1941
1499205600 2266 1941 2266 1941
1499198400 2266 1941 2266 1941
1499191200 2266 1941 2266 1941
1499184000 2266 1941 2266 1941
1499176800 2266 1941 2266 1941
1499169600 2266 1941 2266 1941
1499162400 2266 1941 2266 1941
1499155200 2266 1941 2266 1941
1499148000 2266 1941 2266 1941
1499140800 2266 1941 2266 1941
1499133600 2266 1941 2266 1941
1499126400 2266 1941 2266 1941
1499119200 2266 1941 2266 1941
1499112000 2266 1941 2266 1941
1499104800 2266 1941 2266 1941
1499097600 2266 1941 2266 1941
1499090400 2266 1941 2266 1941
1499083200 2266 1941 2266 1941
1499076000 2266 1941 2266 1941
1499068800 2266 1941 2266 1941
1499061600 2266 1941 2266 1941
1499054400 2266 1941 2266 1941
1499047200 2266 1941 2266 1941
1499040000 2266 1941 2266 1941
1499032800 2266 1941 2266 1941
1499025600 2266 1941 2266 1941
1499018400 2266 1941 2266 1941
1499011200 2266 1941 2266 1941
1499004000 2266 1941 2266 1941
1498996800 2266 1941 2266 1941
1498989600 2266 1941 2266 1941
1498982400 2266 1941 2266 1941
1498975200 2266 1941 2266 1941
1498968000 2266 1941 2266 1941
1498960800 2266 1941 2266 1941
1498953600 2266 1941 2266 1941
1498946400 2266 1941 2266 1941
1498939200 2266 1941 2266 1941
1498932000 2266 1941 2266 1941
1498924800 2266 1941 2266 1941
1498917600 2266 1941 2266 1941
1498910400 2266 1941 2266 1941
1498903200 2266 1941 2266 1941
1498896000 2266 1941 2266 1941
1498888800 2266 1941 2266 1941
1498881600 2266 1941 2266 1941
1498874400 2266 1941 2266 1941
1498867200 2266 1941 2266 1941
1498860000 2266 1941 2266 1941
1498852800 2266 1941 2266 1941
1498845600 2266 1941 2266 1941
1498838400 2266 1941 2266 1941
1498831200 2266 1941 2266 1941
1498824000 2266 1941 2266 1941
1498816800 2266 1941 2266 1941
1498809600 2266 1941 2266 1941
1498802400 2266 1941 2266 1941
1498795200 2266 1941 2266 1941
1498788000 2266 1941 2266 1941
1498780800 2266 1941 2266 1941
1498773600 2266 1941 2266 1941
1498766400 2266 1941 2266 1941
1498759200 2266 1941 2266 1941
1498752000 2266 1941 2266 1941
1498744800 2266 1941 2266 1941
1498737600 2266 1941 2266 1941
1498730400 2266 1941 2266 1941
1498723200 2266 1941 2266 1941
1498716000 2266 1941 2266 1941
1498694400 2266 1941 2266 1941
1498608000 2266 1941 2266 1941
1498521600 2266 1941 2266 1941
1498435200 2266 1941 2266 1941
1498348800 2266 1941 2266 1941
1498262400 2266 1941 2266 1941
1498176000 2266 1941 2266 1941
1498089600 2266 1941 2266 1941
1498003200 2266 1941 2266 1941
1497916800 2266 1941 2266 1941
1497830400 2266 1941 2266 1941
1497744000 6329 5747 563771 512332
1497657600 267986 172362 3412654 2648175
1497571200 195514 149680 1471777 1446921
1497484800 15657 15979 15657 15979
1497398400 15657 15979 15657 15979
1497312000 15657 15979 15657 15979
1497225600 35889 38934 419533 400805
1497139200 10064 10297 263738 271208
1497052800 169745 127278 1977046 1995012
1496966400 371202 295457 5780804 5066969
1496880000 173070 118757 2137582 2232852
1496793600 241781 174170 6280922 6335506
1496707200 207017 128501 2279027 2161014
1496620800 7100 7393 123237 187809
1496534400 34657 36251 1920663 2062968
1496448000 201065 171062 5445156 5130834
1496361600 157976 108400 2537516 1505793
1496275200 148763 100677 1594191 1333181
1496188800 185015 156521 1265592 1887203
1496102400 274573 146612 4760300 3534095
1496016000 10651 9490 142913 129427
1495929600 142913 129427 142913 129427
1495843200 184607 109795 1514768 1068137
1495756800 220700 108150 6779574 1199216
1495670400 181492 83189 2803753 1087652
1495584000 5417 4736 5417 4736
1495497600 5417 4736 5417 4736
1495411200 5417 4736 5417 4736
1495324800 5417 4736 5417 4736
1495238400 5417 4736 5417 4736
1495152000 155327 108954 1366884 987279
1495065600 176435 119056 1766972 1871372
1494979200 33570 20027 799603 596066
1494892800 590 259 590 259
1494806400 590 259 590 259
1494720000 11295 11280 1065277 1092096
1494633600 133942 73452 2475435 976703
1494547200 226952 178765 3020375 2201313
1494460800 506 311 506 311
1494374400 506 311 506 311
1494288000 506 311 506 311
1494201600 506 311 506 311
1494115200 506 311 506 311
1494028800 506 311 506 311
1493942400 506 311 506 311
1493856000 506 311 506 311
1493769600 506 311 506 311
1493683200 506 311 506 311
1493596800 506 311 506 311
1493510400 506 311 506 311
1493424000 506 311 506 311
1493337600 506 311 506 311
1493251200 506 311 506 311
1493164800 506 311 506 311
1493078400 506 311 506 311
1492992000 506 311 506 311
1492905600 506 311 506 311
1492819200 506 311 506 311
1492732800 506 311 506 311
1492646400 506 311 506 311
1492560000 506 311 506 311
1492473600 506 311 506 311
1492387200 506 311 506 311
1492300800 506 311 506 311
1492214400 506 311 506 311
1492128000 506 311 506 311
1492041600 506 311 506 311
1491955200 506 311 506 311
1491868800 506 311 506 311
1491782400 506 311 506 311
1491696000 506 311 506 311
1491609600 506 311 506 311
1491523200 506 311 506 311
1491436800 506 311 506 311
1491350400 506 311 506 311
1491264000 506 311 506 311
1491177600 588 1026 5075 196862
1491091200 937 1295 7335 198545
1491004800 128077 88213 1245285 1091365
1490918400 182717 154279 1745028 1822880
1490832000 200536 117463 1886407 1576713
1490745600 208801 171238 1605288 1418836
1490659200 557463 574599 557463 574599
1490572800 557463 574599 557463 574599
1490486400 557463 574599 557463 574599
1490400000 557463 574599 557463 574599
1490313600 557463 574599 557463 574599
1490227200 557463 574599 557463 574599
1490140800 557463 574599 557463 574599
1490054400 557463 574599 557463 574599
1489968000 557463 574599 557463 574599
1489881600 557463 574599 557463 574599
1489795200 557463 574599 557463 574599
1489708800 557463 574599 557463 574599
1489622400 225820 194319 2325471 2156749
1489536000 254680 201788 5891279 5201489
1489449600 282081 183472 4517015 4555173
1489363200 5639 5514 244441 224055
1489276800 7040 6485 238104 217383
1489190400 140869 118416 1771114 1710836
1489104000 188970 124956 2138413 1961671
1489017600 132833 106229 2931819 2692290
1488931200 194062 173124 2536240 2615773
1488844800 342432 262149 4204173 3066186
1488758400 3198 2978 66469 63073
1488672000 3946 3615 150624 165887
1488585600 143581 123119 1415340 1800735
1488499200 168603 99471 1443751 941618
1488412800 228236 145778 2502483 2298191
1488326400 201080 126091 1939224 1164402
1488240000 176323 108799 2661529 2598993
1488153600 3452 3353 237590 215312
1488067200 4447 4173 244793 231914
1487980800 315094 299576 8128899 6962612
1487894400 145611 68091 2199269 1366659
1487808000 206403 102824 2932323 1252710
1487721600 168003 75062 2945954 2259507
1487635200 4133 4033 66719 204891
1487548800 5502 9304 193358 502134
1487462400 7746 9604 122091 519022
1487376000 232890 138679 2776695 2620761
1487289600 245704 134024 5344920 2513584
1487203200 238550 144734 4576952 3963392
1487116800 53745 19491 53745 19491
1487030400 53745 19491 53745 19491
1486944000 53745 19491 53745 19491
1486857600 53745 19491 53745 19491
1486771200 53745 19491 53745 19491
1486684800 53745 19491 53745 19491
1486598400 53745 19491 53745 19491
1486512000 53745 19491 53745 19491
1486425600 53745 19491 53745 19491
1486339200 53745 19491 53745 19491
1486252800 53745 19491 53745 19491
1486166400 53745 19491 53745 19491
1486080000 53745 19491 53745 19491
1485993600 53745 19491 53745 19491
1485907200 53745 19491 53745 19491
1485820800 170228 71480 2869706 2459846
1485734400 2874 3105 92355 62555
1485648000 1978 1411 73775 56002
1485561600 286613 150476 2385323 1642391
1485475200 357772 143563 3148295 2410051
1485388800 370784 215179 6914242 6867243
1485302400 168998 56385 6696896 940927
1485216000 127313 338437 985856 5992313
1485129600 5035 3542 289487 148430
1485043200 25546 9451 1022481 544997
1484956800 137108 60766 2038066 1110238
1484870400 124064 69350 1290324 1355120
1484784000 135958 58736 2102288 1564626
1484697600 222887 66274 5970520 1180927
1484611200 101926 52984 2009056 1941946
1484524800 343 197 586 320
1484438400 8252 5992 892852 206486
1484352000 118045 72609 1558255 1138745
1484265600 141214 89906 2705819 1771478
1484179200 179690 67897 3866199 1455447
1484092800 137165 104810 1714269 1387712
1484006400 166281 113830 3063665 3218027
1483920000 2386 2846 65897 59950
1483833600 5346 3487 572474 118127
1483747200 220453 131798 6656139 6009062
1483660800 101918 47448 3767345 926375
1483574400 142548 62031 2534053 497701
1483488000 176150 115293 2020408 2543888
1483401600 229 114 306 161
1483315200 233 114 309 172
1483228800 1946 836 26156 10362
1483142400 79122 51535 1329093 1326691
1483056000 96362 53152 934379 642658
1482969600 94702 52289 2231158 628567
1482883200 256 156 256 156
1482796800 256 156 256 156
1482710400 259 163 391 253
1482624000 271 166 447 254
1482537600 96609 34398 3228627 686752
1482451200 148132 80146 1223479 840719
1482364800 227788 138768 3226388 2123524
1482278400 202672 115945 4803589 3092829
1482192000 240494 95018 1888635 995220
1482105600 9699 9062 522406 535954
1482019200 9071 4885 149637 205541
1481932800 245752 149336 4050571 3718105
1481846400 207069 150487 1931165 1268206
1481760000 246151 158960 1913970 1214862
1481673600 367157 131784 8225256 1879248
1481587200 254860 107119 4822983 3967357
1481500800 1018 1268 11705 203950
1481414400 5379 3001 154367 113197
1481328000 154349 96637 1704608 1731666
1481241600 137945 70363 2799316 2635605
1481155200 102648 66088 1107973 1031338
1481068800 160273 98521 1748675 985796
1480982400 156796 103035 1669633 1422705
1480896000 2764 2609 60911 481976
1480809600 12027 18142 446944 749633
1480723200 250596 120646 3922157 2860724
1480636800 134238 77391 2487421 5852935
1480550400 96552 48020 995095 595315
1480464000 160417 86348 1416074 815334
1480377600 104562 54319 887479 613741
1480291200 901 758 85858 83328
1480204800 2517 2548 213281 223940
1480118400 152812 56041 2035496 710122
1480032000 160057 95609 1689508 1002053
1479945600 204250 119940 2986984 3105738
1479859200 193598 88939 3717657 1491433
1479772800 135852 170075 1054495 1337124
1479686400 124716 169304 2931928 2619370
1479600000 4230 69379 93625 724109
1479513600 149439 209834 1402178 1324316
1479427200 131249 50454 1448012 849509
1479340800 123344 76639 1460513 1506916
1479254400 127817 66750 1801971 1714000
1479168000 70515 32073 563440 391106
1479081600 447 242 18534 842
1478995200 3365 288 441862 2734
1478908800 126716 60105 994274 694243
1478822400 115308 43485 1690533 501228
1478736000 121542 71015 1332417 882082
1478649600 131181 71096 1495066 768815
1478563200 211229 77778 4353556 2058320
1478476800 145361 30108 5959583 1232061
1478390400 51543 49073 695310 495863
1478304000 121262 72120 1693966 692887
1478217600 81166 34941 1182141 465801
1478131200 145485 30313 5912418 678796
1478044800 111082 41335 1016059 556362
1477958400 123029 82128 2301720 1890196
1477872000 1267 1113 10828 46417
1477785600 2003 1449 57080 50404
1477699200 103974 61035 1283130 1334177
1477612800 142497 59671 1668481 596591
1477526400 94026 35536 3656768 667858
1477440000 80717 28302 1618075 660560
1477353600 59146 32947 770065 724740
1477267200 319 197 481 289
1477180800 365 199 823 345
1477094400 94879 88723 1426401 1724856
1477008000 162062 70801 2500682 782309
1476921600 90894 30466 774625 466977
1476835200 1041 871 1041 871
1476748800 1041 871 1041 871
1476662400 1190 1020 46506 42895
1476576000 1912 1774 47518 43559
1476489600 101027 51518 1157499 632554
1476403200 126464 53541 1232416 802542
1476316800 120147 86096 2476917 3951950
1476230400 194770 61719 4597734 829670
1476144000 1459 1623 10912 108335
1476057600 1480 1741 9324 108852
1475971200 1528 1684 9942 109067
1475884800 173743 107890 5225549 1391084
1475798400 114179 44770 1770237 551336
1475712000 138679 68961 1223478 1102741
1475625600 118272 50744 1212747 537405
1475539200 110725 48469 1348415 557859
1475452800 3615 4083 192513 170756
1475366400 2838 2858 187847 172262
1475280000 269070 71926 5802340 1005807
1475193600 131433 43068 3583037 414620
1475107200 120642 68955 882196 781528
1475020800 89617 43300 633934 966460
1474934400 153568 64319 2025223 946325
1474848000 5076 6171 544857 502322
1474761600 2610 5245 64847 467649
1474675200 86096 42579 707304 593690
1474588800 86949 66922 1472669 2848842
1474502400 101251 46045 1521058 531528
1474416000 101324 36925 878605 529693
1474329600 110682 47240 4455122 2394032
1474243200 1603 1870 11489 109033
1474156800 2407 1947 197191 108812
1474070400 127757 101689 4129248 3596206
1473984000 134901 50458 2159070 1073709
1473897600 111068 53331 1878552 1000744
1473811200 176269 60993 4972964 1487545
1473724800 125536 80924 1553579 1625250
1473638400 509 547 4198 36405
1473552000 794 866 42701 39421
1473465600 71233 32922 711040 611981
1473379200 103006 51580 746572 517612
1473292800 161545 54241 1600375 725750
1473206400 287087 124788 6084707 4533615
1473120000 814 881 7574 97037
1473033600 1230 1514 7946 97586
1472947200 1238 1498 8083 97771
1472860800 107769 48980 2555819 715671
1472774400 166299 63738 2465895 1104934
1472688000 125359 44209 1883509 923374
1472601600 136530 67965 2275308 3538245
1472515200 112532 25438 5736346 483016
1472428800 709 516 709 516
1472342400 709 516 709 516
1472256000 709 516 709 516
1472169600 709 516 709 516
1472083200 709 516 709 516
1471996800 709 516 709 516
1471910400 709 516 709 516
1471824000 709 516 709 516
1471737600 709 516 709 516
1471651200 1335 1322 98643 397809
1471564800 134003 69057 2434644 1193267
1471478400 142040 56408 3572041 1886187
1471392000 138014 67046 2042998 2102214
1471305600 141644 64136 3820313 2722950
1471219200 312 192 7852 6208
1471132800 3165 3286 26885 97177
1471046400 181457 46737 4731910 888560
1470960000 96426 31478 1688412 518723
1470873600 143657 42128 3791765 1366856
1470787200 149932 77159 2996197 1363186
1470700800 100502 44605 1295179 917907
1470614400 904 1070 19485 236861
1470528000 940 1084 14938 237256
1470441600 132828 61362 1281474 1242176
1470355200 123123 46747 2557259 1068082
1470268800 155366 53589 2776136 2347746
1470182400 98366 51174 3265301 3049462
1470096000 12426 1031 644548 391018
1470009600 263 155 419 318
1469923200 270 155 524 322
1469836800 52111 37941 1077453 2054177
1469750400 117293 80739 2239578 7087115
1469664000 139759 79527 3151344 3977109
1469577600 97929 54320 1875951 1302058
1469491200 90532 41771 1609697 1494689
1469404800 241 120 1212 618
1469318400 781 663 67478 71063
1469232000 74695 47182 5992343 5921357
1469145600 136866 76991 2030239 3653695
1469059200 112804 64593 2614283 1935259
1468972800 115438 64824 2100493 2507725
1468886400 93166 48668 1035110 988048
1468800000 1083 1988 50764 403388
1468713600 2116 1586 365306 218035
1468627200 57246 30253 823684 806906
1468540800 78017 47283 864914 713140
1468454400 145408 51185 2691519 1625231
1468368000 85723 34856 1448220 1020448
1468281600 102986 28137 2662804 1383231
1468195200 621 574 9352 135205
1468108800 1964 1879 122628 214648
1468022400 76509 37881 860692 1114402
1467936000 90514 42306 2211941 797845
1467849600 80183 23606 1077086 804372
1467763200 87171 43102 1270378 1693017
1467676800 82538 33912 1447297 849397
1467590400 988 1050 144075 196425
1467504000 958 690 100713 92112
1467417600 1068 945 61945 196303
1467331200 101748 55382 890710 801003
1467244800 107101 46064 1909042 1723726
1467158400 96119 33864 931421 727333
1467072000 116221 46967 2271477 933775
1466985600 13420 1320 2224956 194485
1466899200 1002 811 20087 118888
1466812800 129211 61449 2946758 2577301
1466726400 101172 58675 1533825 1675726
1466640000 97502 42228 2480896 2551515
1466553600 108521 53048 2478036 1264845
1466467200 75579 32949 997745 1057533
1466380800 1468 746 334339 171328
1466294400 51577 48347 4438738 4172310
1466208000 115229 52202 3131197 1671317
1466121600 95245 32560 1298882 1940617
1466035200 107553 67042 3077803 2801391
1465948800 64808 25869 1102855 1069507
1465862400 69480 37104 970315 773104
1465776000 2615 2021 30254 173158
1465689600 5199 6418 498519 523412
1465603200 103507 62682 1140398 1269779
1465516800 104214 62164 1531220 1570294
1465430400 104622 48346 1474911 1472474
1465344000 89556 37501 2144169 1579837
1465257600 108390 75765 3411174 3092923
1465171200 3469 2975 45782 93861
1465084800 3552 3245 46787 135526
1464998400 90391 51345 2201065 2225313
1464912000 72326 36633 1306646 2008104
1464825600 47358 25083 1263040 1361703
1464739200 66963 25752 1340377 1879258
1464652800 62794 23465 1486517 733582
1464566400 508 260 107818 101627
1464480000 298 107 2575 714
1464393600 80481 48430 5918565 3681217
1464307200 69263 76350 1686596 1212564
1464220800 146963 40966 2257445 1844297
1464134400 66302 192029 1501539 4980193
1464048000 6115 4026 122165 75461
1463961600 2510 2073 40256 37394
1463875200 3271 6155 88249 1353259
1463788800 52736 20446 4019395 2388315
1463702400 84461 29888 1567580 1477936
1463616000 57710 22711 1024062 1815407
1463529600 171752 82694 4098385 2444607
1463443200 52659 23235 2428548 856488
1463356800 2545 1984 201600 190073
1463270400 1881 1278 14213 30966
1463184000 86785 60356 1324089 1768343
1463097600 87489 227825 5331697 5377603
1463011200 119722 35584 3082150 734828
1462924800 59693 36344 3043726 3171395
1462838400 78650 28831 3717912 1676500
1462752000 1020 628 54461 50156
1462665600 1069 957 35184 49912
1462579200 58091 38836 2926401 1923980
1462492800 55469 26107 1850556 1098607
1462406400 84128 85861 2708085 2441341
1462320000 65683 35557 2086964 2751201
1462233600 57509 14354 1764635 353117
1462147200 275 141 448 276
1462060800 288 158 2031 812
1461974400 57215 23032 2951175 1248363
1461888000 49921 25261 1201036 969135
1461801600 34933 13698 1378523 1049010
1461715200 61293 14224 4064087 330839
1461628800 75869 18032 5129464 899229
1461542400 1088 882 17192 46635
1461456000 2605 2517 343603 370019
1461369600 83248 35633 2250707 2058449
1461283200 143717 62147 4072850 1335402
1461196800 31976 19611 727574 1781491
1461110400 64714 26918 2152410 1795172
1461024000 47972 19589 1136945 864428
1460937600 980 571 17605 22979
1460851200 1301 942 77847 71858
1460764800 53578 18699 832674 692352
1460678400 187350 91900 4052820 1564766
1460592000 184 354 184 354
1460505600 184 354 184 354
1460419200 184 354 184 354
1460332800 184 354 184 354
1460246400 232 324 2579 526
1460160000 0 47 0 91
1460073600 0 47 0 47
1459987200 0 47 0 47
1459900800 0 47 0 47
1459814400 0 47 0 47
1459728000 0 47 0 47
1459641600 0 47 0 47
1459555200 0 47 0 109
1459468800 0 48 0 76
1459382400 0 38 0 48
1459296000 0 0 0 0
1459209600 0 0 0 0
1459123200 0 0 0 0
1459036800 0 0 0 0
1458950400 0 0 0 0
1458864000 0 0 0 0
1458777600 0 0 0 0
1458691200 0 0 0 0
1458604800 0 0 0 0
1458518400 0 0 0 0
1458432000 0 0 0 0
1458345600 0 0 0 0
1458259200 0 0 0 0
1458172800 0 0 0 0
1458086400 0 0 0 0
1458000000 0 0 0 0
1457913600 0 0 0 0
1457827200 0 0 0 0
1457740800 0 0 0 0
1457654400 0 0 0 0
1457568000 0 0 0 0
1457481600 0 0 0 0
1457395200 0 0 0 0
1457308800 0 0 0 0
1457222400 0 0 0 0
1457136000 0 0 0 0
1457049600 0 0 0 0
1456963200 0 0 0 0
1456876800 0 0 0 0
1456790400 0 0 0 0
1456704000 0 0 0 0
1456617600 0 0 0 0
1456531200 0 0 0 0
1456444800 0 0 0 0
1456358400 0 0 0 0
1456272000 0 0 0 0
1456185600 0 0 0 0
1456099200 0 0 0 0
1456012800 0 0 0 0
1455926400 0 0 0 0
1455840000 0 0 0 0
1455753600 0 0 0 0
1455667200 0 0 0 0
1455580800 0 0 0 0
1455494400 0 0 0 0
1455408000 0 0 0 0
1455321600 0 0 0 0
1455235200 0 0 0 0
1455148800 0 0 0 0
1455062400 0 0 0 0
1454976000 0 0 0 0
1454889600 0 0 0 0
1454803200 0 0 0 0
1454716800 0 0 0 0
1454630400 0 0 0 0
1454544000 0 0 0 0
1454457600 0 0 0 0
1454371200 0 0 0 0
1454284800 0 0 0 0
1454198400 0 0 0 0
1454112000 0 0 0 0
1454025600 0 0 0 0
1453939200 0 0 0 0
1453852800 0 0 0 0
1453766400 0 0 0 0
1453680000 0 0 0 0
1453593600 0 0 0 0
1453507200 0 0 0 0
1453420800 0 0 0 0
1453334400 0 0 0 0
1453248000 0 0 0 0
1453161600 0 0 0 0
1453075200 0 0 0 0
1452988800 0 0 0 0
1452902400 0 0 0 0
1452816000 0 0 0 0
1452729600 0 0 0 0
1452643200 0 0 0 0
1452556800 0 0 0 0
1452470400 0 0 0 0
1452384000 0 0 0 0
1452297600 0 0 0 0
1452211200 0 0 0 0
1452124800 0 0 0 0
1452038400 0 0 0 0
1451952000 0 0 0 0
1451865600 0 0 0 0
1451779200 0 0 0 0
1451692800 0 0 0 0
1451606400 0 0 0 0
1451520000 0 0 0 0
1451433600 0 0 0 0
1451347200 0 0 0 0
1451260800 0 0 0 0
1451174400 0 0 0 0
1451088000 0 0 0 0
1451001600 0 0 0 0
1450915200 0 0 0 0
1450828800 0 0 0 0
1450742400 0 0 0 0
1450656000 0 0 0 0
1450569600 0 0 0 0
1450483200 0 0 0 0
1450396800 0 0 0 0
1450310400 0 0 0 0
1450224000 0 0 0 0
1450137600 0 0 0 0
1450051200 0 0 0 0
1449964800 0 0 0 0
1449878400 0 0 0 0
1449792000 0 0 0 0
1449705600 0 0 0 0
1449619200 0 0 0 0
1449532800 0 0 0 0
1449446400 0 0 0 0
1449360000 0 0 0 0
1449273600 0 0 0 0
1449187200 0 0 0 0
1449100800 0 0 0 0
1449014400 0 0 0 0
1448928000 0 0 0 0
1448841600 0 0 0 0
1448755200 0 0 0 0
1448668800 0 0 0 0
1448582400 0 0 0 0
1448496000 0 0 0 0
1448409600 0 0 0 0
1448323200 0 0 0 0
1448236800 0 0 0 0
1448150400 0 0 0 0
1448064000 0 0 0 0
1447977600 0 0 0 0
1447891200 0 0 0 0
1447804800 0 0 0 0
1447718400 0 0 0 0
1447632000 0 0 0 0
1447545600 0 0 0 0
1447459200 0 0 0 0
1447372800 0 0 0 0
1447286400 0 0 0 0
1447200000 0 0 0 0
1447113600 0 0 0 0
1447027200 0 0 0 0
1446940800 0 0 0 0
1446854400 0 0 0 0
1446768000 0 0 0 0
1446681600 0 0 0 0
1446595200 0 0 0 0
1446508800 0 0 0 0
1446422400 0 0 0 0
1446336000 0 0 0 0
1446249600 0 0 0 0
1446163200 0 0 0 0
1446076800 0 0 0 0
1445990400 0 0 0 0
1445904000 0 0 0 0
1445817600 0 0 0 0
1445731200 0 0 0 0
1445644800 0 0 0 0
1445558400 0 0 0 0
1445472000 0 0 0 0
1445385600 0 0 0 0
1445299200 0 0 0 0
1445212800 0 0 0 0
1445126400 0 0 0 0
1445040000 0 0 0 0
1444953600 0 0 0 0
1444867200 0 0 0 0
1444780800 0 0 0 0
1444694400 0 0 0 0
1444608000 0 0 0 0
1444521600 0 0 0 0
1444435200 0 0 0 0
1444348800 0 0 0 0
1444262400 0 0 0 0
1444176000 0 0 0 0
1444089600 0 0 0 0
1444003200 0 0 0 0
1443916800 0 0 0 0
1443830400 0 0 0 0
1443744000 0 0 0 0
1443657600 0 0 0 0
1443571200 0 0 0 0
1443484800 0 0 0 0
1443398400 0 0 0 0
1443312000 0 0 0 0
1443225600 0 0 0 0
1443139200 0 0 0 0
1443052800 0 0 0 0
1442966400 0 0 0 0
1442880000 0 0 0 0
1442793600 0 0 0 0
1442707200 0 0 0 0
1442620800 0 0 0 0
1442534400 0 0 0 0
1442448000 0 0 0 0
1442361600 0 0 0 0
1442275200 0 0 0 0
1442188800 0 0 0 0
1442102400 0 0 0 0
1442016000 0 0 0 0
1441929600 0 0 0 0
1441843200 0 0 0 0
1441756800 0 0 0 0
1441670400 0 0 0 0
1441584000 0 0 0 0
1441497600 0 0 0 0
1441411200 0 0 0 0
1441324800 0 0 0 0
1441238400 0 0 0 0
1441152000 0 0 0 0
1441065600 0 0 0 0
1440979200 0 0 0 0
1440892800 0 0 0 0
1440806400 0 0 0 0
1440720000 0 0 0 0
1440633600 0 0 0 0
1440547200 0 0 0 0
1440460800 0 0 0 0
1440374400 0 0 0 0
1440288000 0 0 0 0
1440201600 0 0 0 0
1440115200 0 0 0 0
1440028800 0 0 0 0
1439942400 0 0 0 0
1439856000 0 0 0 0
1439769600 0 0 0 0
1439683200 0 0 0 0
1439596800 0 0 0 0
1439510400 0 0 0 0
1439424000 0 0 0 0
1439337600 0 0 0 0
1439251200 0 0 0 0
1439164800 0 0 0 0
1439078400 0 0 0 0
1438992000 0 0 0 0
1438905600 0 0 0 0
1438819200 0 0 0 0
1438732800 0 0 0 0
1438646400 0 0 0 0
1438560000 0 0 0 0
1438473600 0 0 0 0
1438387200 0 0 0 0
1438300800 0 0 0 0
1438214400 0 0 0 0
1438128000 0 0 0 0
1438041600 0 0 0 0
1437955200 0 0 0 0
1437868800 0 0 0 0
1437782400 0 0 0 0
1437696000 0 0 0 0
1437609600 0 0 0 0
1437523200 0 0 0 0
1437436800 0 0 0 0
1437350400 0 0 0 0
1437264000 0 0 0 0
1437177600 0 0 0 0
1437091200 0 0 0 0
1437004800 0 0 0 0
1436918400 0 0 0 0
1436832000 0 0 0 0
1436745600 0 0 0 0
1436659200 0 0 0 0
1436572800 0 0 0 0
1436486400 0 0 0 0
1436400000 0 0 0 0
1436313600 0 0 0 0
1436227200 0 0 0 0
1436140800 0 0 0 0
1436054400 0 0 0 0
1435968000 0 0 0 0
1435881600 0 0 0 0
1435795200 0 0 0 0
1435708800 0 0 0 0
1435622400 0 0 0 0
1435536000 0 0 0 0
