1504297338 27219127 12001485652
1504297338 2 901 2 901
1504297039 1 957 1 957
1504296900 1 1104 1 1276
1504296600 1 1234 2 1276
1504296300 1 1208 2 1235
1504296000 1 1204 2 1235
1504295700 2 1451 2 1780
1504295400 2 1462 2 1780
1504295100 1 1215 2 1357
1504294800 1 1449 2 1559
1504294500 1 1253 2 1559
1504294200 1 971 1 1056
1504293900 1 1031 2 1056
1504293600 1 1007 2 1013
1504293300 1 992 2 1013
1504293000 1 1041 2 1127
1504292700 1 1196 2 1278
1504292400 2 1256 2 1278
1504292100 2 1160 2 1231
1504291800 1 1075 2 1078
1504291500 1 1127 2 1192
1504291200 1 1180 2 1192
1504290900 1 1198 1 1234
1504290600 1 1224 2 1234
1504290300 1 1316 2 1437
1504290000 1 1336 2 1437
1504289700 1 1329 2 1457
1504289400 1 1405 2 1457
1504289100 1 1252 2 1345
1504288800 1 1093 2 1143
1504288500 1 1030 2 1036
1504288200 1 996 1 1024
1504287900 1 970 2 978
1504287600 1 1117 2 1282
1504287300 1 1224 2 1282
1504287000 1 1203 2 1256
1504286700 1 1324 2 1404
1504286400 1 1292 2 1404
1504286100 1 1148 2 1161
1504285800 1 1168 2 1211
1504285500 1 1176 2 1211
1504285200 1 1136 2 1137
1504284900 1 1124 1 1137
1504284600 1 1153 2 1204
1504284300 1 1267 2 1342
1504284000 1 1237 2 1342
1504283700 1 1170 2 1233
1504283400 1 1120 2 1233
1504283100 1 1021 2 1060
1504282800 1 1079 2 1103
1504282500 1 1122 2 1146
1504282200 1 1140 2 1146
1504281900 1 1172 2 1216
1504281600 1 1158 1 1216
1504281300 1 1206 2 1341
1504281000 1 1304 2 1341
1504280700 1 1191 2 1261
1504280400 1 1172 2 1242
1504280100 1 1188 2 1242
1504279800 1 1160 2 1200
1504279500 1 1199 2 1200
1504279200 1 1290 2 1397
1504278900 1 1436 2 1482
1504278600 2 1294 2 1482
1504278300 1 1146 2 1229
1504278000 1 1280 2 1342
1504277700 1 1268 2 1342
1504277400 1 1136 2 1183
1504277100 1 1178 2 1293
1504276800 1 1247 2 1293
1504276500 1 1092 2 1193
1504276200 1 1141 2 1333
1504275900 1 1221 2 1333
1504275600 1 1270 2 1479
1504275300 2 1625 2 1796
1504275000 1 1477 2 1796
1504274700 1 1079 2 1109
1504274400 1 1184 2 1349
1504274100 1 1450 2 1569
1504273800 1 1376 2 1569
1504273500 1 1167 2 1187
1504273200 1 1247 2 1318
1504272900 1 1509 1 1735
1504272600 1 1655 2 1735
1504272300 2 1528 2 1562
1504272000 2 1283 2 1489
1504271700 1 1268 2 1531
1504271400 1 1566 2 1608
1504271100 1 1439 2 1608
1504270800 1 1017 2 1245
1504270500 1 807 2 871
1504270200 1 735 2 871
1504269900 1 759 2 968
1504269600 1 765 1 968
1504269300 1 759 2 1028
1504269000 1 943 2 1028
1504268700 1 689 2 845
1504268400 1 528 2 554
1504268100 1 548 2 554
1504267800 1 507 2 542
1504267500 1 507 2 556
1504267200 1 631 2 721
1504266900 1 637 2 721
1504266600 1 505 2 541
1504266300 1 457 1 463
1504266000 1 418 2 451
1504265700 1 417 2 462
1504265400 1 471 2 482
1504265100 1 428 2 482
1504264800 1 402 2 444
1504264500 1 444 2 444
1504264200 1 403 2 444
1504263900 1 415 2 485
1504263600 1 458 1 485
1504263300 1 409 2 427
1504263000 1 431 2 480
1504262700 1 451 2 480
1504262400 1 430 2 445
1504262100 1 470 2 499
1504261800 1 462 2 499
1504261500 1 420 2 421
1504261200 1 440 2 463
1504260900 1 452 2 463
1504260600 1 413 2 440
1504260300 1 422 1 468
1504260000 1 424 2 468
1504259700 1 382 2 393
1504259400 1 446 2 509
1504259100 1 436 2 509
1504258800 1 370 2 393
1504258500 1 430 2 474
1504258200 1 433 2 474
1504257900 1 397 2 411
1504257600 1 430 1 453
1504257300 1 424 2 453
1504257000 1 386 2 392
1504256700 1 413 2 451
1504256400 1 422 2 451
1504256100 1 398 2 409
1504255800 1 433 2 461
1504255500 1 420 2 461
1504255200 2 389 2 408
1504254900 2 405 2 408
1504254600 1 402 2 403
1504254300 1 437 1 481
1504254000 1 454 2 481
1504253700 1 426 2 431
1504253400 1 402 2 431
1504253100 1 374 2 382
1504252800 1 375 2 382
1504252500 1 395 2 429
1504252200 1 410 2 429
1504251900 2 382 2 390
1504251600 2 389 2 408
1504251300 1 395 2 408
1504251000 1 398 1 420
1504250700 1 431 2 444
1504250400 1 437 2 444
1504250100 1 421 2 431
1504249800 1 408 2 410
1504249500 1 386 2 407
1504249200 1 385 2 413
1504248900 1 439 2 470
1504248600 2 437 2 470
1504248300 1 393 2 399
1504248000 1 410 2 436
1504247700 1 398 2 436
1504247400 1 380 2 409
1504247100 1 424 2 442
1504246800 1 431 2 442
1504246500 1 431 2 446
1504246200 1 431 2 446
1504245900 1 397 2 414
1504245600 1 410 2 448
1504245300 2 434 2 448
1504245000 1 418 2 419
1504244700 1 415 2 419
1504244400 1 411 2 412
1504244100 1 404 2 411
1504243800 1 429 2 466
1504243500 1 450 2 466
1504243200 1 438 2 446
1504242900 1 434 2 446
1504242600 1 420 2 422
1504242300 1 408 1 418
1504242000 1 412 2 429
1504241700 1 425 2 429
1504241400 1 419 2 421
1504241100 1 414 2 417
1504240800 1 388 2 411
1504240500 1 383 2 409
1504240200 1 438 2 473
1504239900 1 441 2 473
1504239600 1 415 2 429
1504239300 1 473 2 525
1504239000 1 453 1 525
1504238700 1 375 2 380
1504238400 1 448 2 529
1504238100 1 437 2 529
1504237800 1 392 2 464
1504237500 1 447 2 464
1504237200 1 399 2 428
1504236900 1 386 2 411
1504236600 1 432 2 458
1504236300 1 458 2 459
1504236000 1 447 2 459
1504235700 1 418 1 435
1504235400 1 401 2 404
1504235100 2 415 2 430
1504234800 2 394 2 430
1504234500 1 387 2 430
1504234200 1 443 2 460
1504233900 1 414 2 460
1504233600 1 393 2 430
1504233300 1 441 2 456
1504233000 1 410 1 456
1504232700 1 386 2 421
1504232400 1 448 2 480
1504232100 1 439 2 480
1504231800 2 387 2 392
1504231500 2 411 2 446
1504231200 1 414 2 446
1504230900 1 376 2 377
1504230600 1 426 2 484
1504230300 1 442 2 484
1504230000 1 377 2 393
1504229700 1 439 1 533
1504229400 1 469 2 533
1504229100 1 403 2 413
1504228800 1 429 2 449
1504228500 2 408 2 449
1504228200 2 384 2 413
1504227900 1 423 2 435
1504227600 1 417 2 435
1504227300 1 403 2 412
1504227000 1 440 1 473
1504226700 1 441 2 473
1504226400 1 412 2 421
1504226100 1 429 2 440
1504225800 1 421 2 440
1504225500 1 423 2 450
1504225200 2 454 2 459
1504224900 2 443 2 459
1504224600 1 437 2 451
1504224300 1 437 2 451
1504224000 1 422 2 425
1504223700 1 445 1 470
1504223400 1 437 2 470
1504223100 1 414 2 432
1504222800 1 451 2 474
1504222500 1 426 2 474
1504222200 1 413 2 462
1504221900 2 449 2 462
1504221600 2 409 2 435
1504221300 1 385 2 393
1504221000 1 421 2 456
1504220700 1 438 2 456
1504220400 1 414 1 417
1504220100 1 435 2 465
1504219800 1 424 2 465
1504219500 1 391 2 409
1504219200 1 421 2 437
1504218900 1 432 2 437
1504218600 1 441 2 459
1504218300 1 459 2 459
1504218000 1 434 2 459
1504217700 1 430 1 459
1504217400 1 420 2 459
1504217100 1 409 2 448
1504216800 1 434 2 448
1504216500 1 396 2 418
1504216200 1 449 2 542
1504215900 1 588 2 644
1504215600 1 580 2 644
1504215300 1 522 2 542
1504215000 1 575 2 615
1504214700 1 580 2 615
1504214400 1 628 1 731
1504214100 1 703 2 731
1504213800 1 727 2 791
1504213500 1 894 2 1016
1504213200 1 1021 2 1027
1504212900 1 1165 2 1329
1504212600 1 1306 2 1329
1504212300 1 1164 2 1279
1504212000 1 1013 2 1029
1504211700 1 1145 2 1321
1504211400 2 1350 2 1385
1504211100 1 1298 2 1385
1504210800 1 1190 2 1199
1504210500 1 1341 2 1530
1504210200 1 1382 2 1530
1504209900 1 1162 2 1210
1504209600 1 1312 2 1555
1504209300 1 1356 2 1555
1504209000 1 1330 2 1567
1504208700 1 1541 2 1567
1504208400 1 1355 2 1513
1504208100 2 1236 2 1310
1504207800 1 1248 2 1310
1504207500 1 1334 2 1521
1504207200 1 1510 2 1521
1504206900 1 1344 2 1499
1504206600 1 1218 2 1281
1504206300 1 1392 2 1522
1504206000 1 1448 2 1522
1504205700 1 1311 2 1364
1504205400 1 1298 2 1354
1504205100 1 1485 2 1638
1504204800 2 1427 2 1638
1504204500 1 1196 2 1211
1504204200 1 1371 2 1557
1504203900 1 1522 2 1557
1504203600 1 1484 2 1487
1504203300 1 1510 2 1538
1504203000 1 1498 2 1538
1504202700 1 1468 2 1488
1504202400 1 1488 1 1489
1504202100 1 1320 2 1489
1504201800 1 1171 2 1225
1504201500 1 1248 2 1277
1504201200 1 1277 2 1278
1504200900 1 1304 2 1335
1504200600 1 1344 2 1356
1504200300 1 1275 2 1356
1504200000 1 1217 2 1259
1504199700 1 1241 2 1259
1504199400 1 1228 2 1237
1504199100 1 1381 1 1552
1504198800 1 1455 2 1552
1504198500 1 1347 2 1352
1504198200 1 1297 2 1352
1504197900 1 1491 2 1789
1504197600 1 1580 2 1789
1504197300 1 1280 2 1336
1504197000 1 1397 2 1606
1504196700 1 1514 2 1606
1504196400 1 1373 1 1407
1504196100 1 1313 2 1335
1504195800 1 1376 2 1479
1504195500 1 1327 2 1479
1504195200 1 1286 2 1442
1504194900 1 1593 2 1772
1504194600 1 1624 2 1772
1504194300 1 1503 2 1565
1504194000 1 1600 2 1642
1504193700 1 1402 2 1642
1504193400 1 1333 2 1582
1504193100 1 1503 1 1582
1504192800 1 1291 2 1412
1504192500 1 1275 2 1418
1504192200 1 1416 2 1418
1504191900 1 1495 2 1589
1504191600 1 1509 2 1589
1504191300 1 1302 2 1417
1504191000 1 1150 2 1170
1504190700 1 1454 2 1838
1504190400 1 1602 1 1838
1504190100 1 1383 2 1446
1504189800 1 1333 2 1446
1504189500 1 1204 2 1206
1504189200 1 1178 2 1206
1504188900 1 1281 2 1440
1504188600 1 1384 2 1440
1504188300 1 1202 2 1320
1504188000 1 1064 2 1067
1504187700 1 1186 2 1332
1504187400 1 1490 2 1674
1504187100 1 1463 1 1674
1504186800 1 1459 2 1736
1504186500 1 1908 2 2108
1504186200 1 1873 2 2108
1504185900 1 1377 2 1601
1504185600 1 1226 2 1354
1504185300 1 1334 2 1354
1504185000 1 1480 2 1675
1504184700 2 1587 2 1675
1504184400 2 1292 2 1484
1504184100 1 1098 2 1136
1504183800 1 1184 1 1241
1504183500 1 1101 2 1241
1504183200 1 1003 2 1076
1504182900 1 975 2 1076
1504182600 1 1047 2 1268
1504182300 1 1020 2 1268
1504182000 1 1098 2 1527
1504181700 1 1398 2 1527
1504181400 2 1092 2 1249
1504181100 1 849 2 908
1504180800 1 783 2 786
1504180500 1 808 2 834
1504180200 1 846 2 862
1504179900 1 827 2 862
1504179600 1 800 2 816
1504179300 1 808 2 816
1504179000 1 810 2 824
1504178700 1 808 2 824
1504178400 1 845 2 908
1504178100 2 819 2 908
1504177800 1 762 2 815
1504177500 1 820 2 827
1504177200 1 850 2 878
1504176900 1 856 2 878
1504176600 1 838 2 847
1504176300 1 806 2 847
1504176000 1 781 2 807
1504175700 1 794 2 807
1504175400 1 804 2 835
1504175100 1 791 1 835
1504174800 1 797 2 863
1504174500 1 833 2 863
1504174200 1 803 2 807
1504173900 1 790 2 807
1504173600 1 799 2 833
1504173300 1 835 2 839
1504173000 1 835 2 839
1504172700 1 816 2 832
1504172400 1 815 2 835
1504172100 1 784 2 835
1504171800 1 764 1 810
1504171500 1 816 2 825
1504171200 1 803 2 825
1504170900 1 790 2 804
1504170600 1 814 2 827
1504170300 1 780 2 827
1504170000 1 768 2 819
1504169700 1 809 2 819
1504169400 1 808 2 820
1504169100 1 807 2 820
1504168800 1 795 2 800
1504168500 1 786 1 800
1504168200 1 767 2 770
1504167900 2 804 2 852
1504167600 2 816 2 852
1504167300 1 799 2 830
1504167000 1 830 2 832
1504166700 1 791 2 832
1504166400 1 773 2 809
1504166100 1 788 2 809
1504165800 1 816 1 876
1504165500 1 824 2 876
1504165200 1 778 2 795
1504164900 1 789 2 795
1504164600 2 806 2 833
1504164300 2 791 2 833
1504164000 1 797 2 863
1504163700 1 833 2 863
1504163400 1 793 2 800
1504163100 1 789 2 793
1504162800 1 805 2 819
1504162500 1 801 1 819
1504162200 1 784 2 789
1504161900 1 819 2 855
1504161600 1 787 2 855
1504161300 2 764 2 827
1504161000 2 820 2 827
1504160700 1 770 2 814
1504160400 1 809 2 913
1504160100 1 855 2 913
1504159800 1 789 2 789
1504159500 1 787 2 789
1504159200 1 801 1 821
1504158900 1 788 2 821
1504158600 1 789 2 835
1504158300 1 808 2 835
1504158000 2 796 2 817
1504157700 2 772 2 817
1504157400 1 788 2 867
1504157100 1 911 2 962
1504156800 1 1145 2 1361
1504156500 1 937 1 1361
1504156200 1 485 2 537
1504155900 1 529 2 537
1504155600 1 540 2 565
1504155300 1 559 2 565
1504155000 1 556 2 559
1504154700 2 512 2 559
1504154400 2 504 2 558
1504154100 1 550 2 558
1504153800 1 537 2 542
1504153500 1 544 2 559
1504153200 1 572 1 588
1504152900 1 550 2 588
1504152600 1 528 2 555
1504152300 1 559 2 564
1504152000 1 548 2 564
1504151700 1 548 2 571
1504151400 1 579 2 590
1504151100 1 546 2 590
1504150800 1 546 2 605
1504150500 1 575 1 605
1504150200 1 562 2 587
1504149900 1 579 2 587
1504149600 1 568 2 570
1504149300 1 571 2 577
1504149000 1 573 2 577
1504148700 1 562 2 569
1504148400 1 579 2 607
1504148100 1 591 2 607
1504147800 1 562 2 574
1504147500 1 563 2 581
1504147200 1 599 1 620
1504146900 1 569 2 620
1504146600 1 544 2 586
1504146300 1 595 2 606
1504146000 1 568 2 606
1504145700 1 555 2 592
1504145400 1 605 2 622
1504145100 1 574 2 622
1504144800 1 556 2 600
1504144500 1 585 2 600
1504144200 1 556 2 568
1504143900 1 575 1 611
1504143600 1 621 2 634
1504143300 1 574 2 634
1504143000 1 566 2 638
1504142700 1 618 2 638
1504142400 1 589 2 595
1504142100 1 586 2 591
1504141800 1 591 2 592
1504141500 1 577 2 592
1504141200 1 579 2 602
1504140900 2 591 2 602
1504140600 1 604 2 633
1504140300 1 592 2 633
1504140000 1 557 2 571
1504139700 1 585 2 603
1504139400 1 631 2 665
1504139100 1 610 2 665
1504138800 1 594 2 649
1504138500 1 625 2 649
1504138200 1 582 2 598
1504137900 1 567 2 572
1504137600 2 596 2 625
1504137300 1 584 2 625
1504137000 1 583 2 636
1504136700 1 613 2 636
1504136400 1 569 2 587
1504136100 1 574 2 603
1504135800 1 611 2 621
1504135500 1 583 2 621
1504135200 1 594 1 659
1504134900 1 614 2 659
1504134600 1 545 2 562
1504134300 1 553 2 584
1504134000 1 607 2 635
1504133700 1 594 2 635
1504133400 1 598 2 657
1504133100 1 623 2 657
1504132800 1 544 2 584
1504132500 1 555 2 622
1504132200 1 645 2 672
1504131900 1 620 1 672
1504131600 1 576 2 598
1504131300 1 582 2 598
1504131000 1 626 2 697
1504130700 1 673 2 697
1504130400 1 610 2 645
1504130100 1 583 2 597
1504129800 1 651 2 715
1504129500 1 640 2 715
1504129200 1 610 1 675
1504128900 1 676 2 678
1504128600 1 732 2 795
1504128300 1 1474 2 2272
1504128000 1 1750 2 2272
1504127700 1 957 2 1139
1504127400 1 809 2 886
1504127100 1 861 2 886
1504126800 1 821 2 834
1504126500 1 1014 2 1258
1504126200 1 1291 2 1331
1504125900 1 1205 1 1331
1504125600 1 986 2 1060
1504125300 1 1019 2 1159
1504125000 1 1159 2 1159
1504124700 1 1237 2 1328
1504124400 1 1760 2 2268
1504124100 1 1758 2 2268
1504123800 1 1205 2 1249
1504123500 1 1356 2 1480
1504123200 1 1426 2 1480
1504122900 1 1317 2 1364
1504122600 1 1400 1 1563
1504122300 1 1405 2 1563
1504122000 1 1474 2 1766
1504121700 1 1585 2 1766
1504121400 1 1493 2 1631
1504121100 1 1494 2 1631
1504120800 1 1328 2 1336
1504120500 1 1355 2 1398
1504120200 1 1524 2 1673
1504119900 1 1818 1 1987
1504119600 1 1816 2 1987
1504119300 1 1522 2 1618
1504119000 1 1389 2 1412
1504118700 1 1266 2 1362
1504118400 1 1302 2 1473
1504118100 1 1620 2 1794
1504117800 1 1558 2 1794
1504117500 2 1261 2 1283
1504117200 1 1479 2 1755
1504116000 1 1290 2 1545
1504114200 1 1271 2 1545
1504112400 1 1199 2 1372
1504110600 1 1480 2 1809
1504108800 1 1353 2 1809
1504107000 1 1325 2 1651
1504105200 1 1530 2 2031
1504103400 1 1521 2 2027
1504101600 1 1344 2 1535
1504099800 1 1510 2 1734
1504098000 1 1318 2 2171
1504096200 1 950 2 1167
1504094400 1 718 2 1136
1504092600 1 604 2 647
1504090800 1 606 2 678
1504089000 1 643 2 737
1504087200 1 581 2 641
1504085400 1 599 2 676
1504083600 1 578 2 656
1504081800 1 599 2 636
1504080000 1 593 2 631
1504078200 1 596 2 660
1504076400 1 583 2 660
1504074600 1 579 2 646
1504072800 1 580 2 613
1504071000 1 588 2 620
1504069200 1 580 2 601
1504067400 1 583 2 605
1504065600 1 579 2 613
1504063800 1 586 2 626
1504062000 1 596 2 625
1504060200 1 606 2 759
1504058400 1 618 2 778
1504056600 1 603 2 739
1504054800 1 589 2 688
1504053000 1 600 2 649
1504051200 1 586 2 670
1504049400 1 586 2 643
1504047600 1 583 2 622
1504045800 1 600 2 656
1504044000 1 759 2 1203
1504042200 1 793 2 867
1504040400 1 1222 2 1469
1504038600 1 1394 2 1629
1504036800 1 1558 2 2086
1504035000 1 1822 2 2086
1504033200 1 1599 2 2035
1504031400 1 1429 2 1770
1504029600 1 1513 2 1944
1504027800 1 1691 2 1992
1504026000 1 1366 2 1570
1504024200 1 1470 2 1681
1504022400 1 1417 2 1601
1504020600 1 1485 2 1776
1504018800 1 1566 2 1823
1504017000 1 1447 2 1736
1504015200 1 1724 2 2234
1504013400 1 1695 2 1942
1504011600 1 1190 2 1454
1504009800 1 927 2 1177
1504008000 1 768 2 1313
1504006200 1 612 2 863
1504004400 1 534 2 593
1504002600 1 553 2 597
1504000800 1 560 2 588
1503999000 1 544 2 619
1503997200 1 549 2 591
1503995400 1 548 2 602
1503993600 1 548 2 586
1503991800 1 560 2 632
1503990000 1 540 2 586
1503988200 1 548 2 623
1503986400 1 552 2 593
1503984600 1 540 2 574
1503982800 1 534 2 585
1503981000 1 536 2 675
1503979200 1 537 2 654
1503977400 1 523 2 572
1503975600 1 553 2 595
1503973800 1 554 2 615
1503972000 1 561 2 622
1503970200 1 561 2 625
1503968400 1 563 2 623
1503966600 1 561 2 588
1503964800 1 572 2 629
1503963000 1 561 2 604
1503961200 1 570 2 615
1503959400 1 746 2 1383
1503957600 1 816 2 1383
1503955800 1 897 2 1264
1503954000 1 1126 2 1349
1503952200 1 1383 2 1488
1503950400 1 1554 2 1876
1503948600 1 1364 2 1904
1503946800 1 1486 2 1904
1503945000 1 1324 2 1481
1503943200 1 1388 2 1878
1503941400 1 1224 2 1558
1503939600 1 1395 2 1593
1503937800 1 1390 2 1549
1503936000 1 1374 2 1617
1503934200 1 1170 2 1585
1503932400 1 1361 2 1797
1503930600 1 1572 2 2018
1503928800 1 1794 2 2357
1503927000 1 1339 2 1680
1503925200 1 1001 2 1377
1503923400 1 802 2 1143
1503921600 1 530 2 837
1503919800 1 438 2 475
1503918000 1 460 2 484
1503916200 1 417 2 446
1503914400 1 421 2 442
1503912600 1 425 2 476
1503910800 1 416 2 467
1503909000 1 417 2 468
1503907200 1 419 2 441
1503905400 1 421 2 448
1503903600 1 418 2 452
1503901800 1 419 2 484
1503900000 1 416 2 453
1503898200 1 425 2 472
1503896400 1 424 2 481
1503894600 1 418 2 461
1503892800 1 458 2 511
1503891000 1 465 2 513
1503889200 1 466 2 513
1503887400 1 464 2 491
1503885600 1 464 2 497
1503883800 1 466 2 501
1503882000 1 465 2 488
1503880200 1 464 2 506
1503878400 1 462 2 527
1503876600 1 467 2 530
1503874800 1 463 2 503
1503873000 1 469 2 530
1503871200 1 467 2 503
1503869400 1 469 2 505
1503867600 1 467 2 508
1503865800 1 464 2 507
1503864000 1 463 2 493
1503862200 1 474 2 507
1503860400 1 463 2 511
1503858600 1 418 2 456
1503856800 1 418 2 444
1503855000 1 425 2 473
1503853200 1 422 2 453
1503851400 1 415 2 458
1503849600 1 423 2 492
1503847800 1 421 2 471
1503846000 1 427 2 486
1503844200 1 423 2 463
1503842400 1 416 2 465
1503840600 1 425 2 471
1503838800 1 419 2 475
1503837000 1 426 2 489
1503835200 1 420 2 451
1503833400 1 427 2 462
1503831600 1 420 2 463
1503829800 1 417 2 449
1503828000 1 424 2 445
1503826200 1 425 2 479
1503824400 1 423 2 456
1503822600 1 421 2 463
1503820800 1 420 2 468
1503819000 1 429 2 455
1503817200 1 422 2 461
1503815400 1 422 2 469
1503813600 1 418 2 460
1503811800 1 420 2 441
1503810000 1 424 2 464
1503808200 1 417 2 457
1503806400 1 416 2 452
1503804600 1 421 2 455
1503802800 1 420 2 443
1503801000 1 416 2 450
1503799200 1 417 2 474
1503797400 1 424 2 469
1503795600 1 422 2 457
1503793800 1 420 2 452
1503792000 1 422 2 466
1503790200 1 421 2 466
1503788400 1 420 2 462
1503786600 1 422 2 441
1503784800 1 416 2 438
1503783000 1 431 2 474
1503781200 1 419 2 444
1503779400 1 418 2 442
1503777600 1 419 2 443
1503775800 1 429 2 462
1503774000 1 423 2 480
1503772200 1 419 2 475
1503770400 1 421 2 493
1503768600 1 424 2 493
1503766800 1 427 2 455
1503765000 1 418 2 440
1503763200 1 421 2 445
1503761400 1 419 2 438
1503759600 1 421 2 438
1503757800 1 424 2 470
1503756000 1 417 2 444
1503754200 1 426 2 473
1503752400 1 422 2 450
1503750600 1 422 2 456
1503748800 1 416 2 439
1503747000 1 425 2 476
1503745200 1 420 2 471
1503743400 1 417 2 459
1503741600 1 425 2 457
1503739800 1 428 2 475
1503738000 1 419 2 456
1503736200 1 418 2 457
1503734400 1 421 2 453
1503732600 1 423 2 444
1503730800 1 422 2 465
1503729000 1 422 2 475
1503727200 1 418 2 463
1503725400 1 423 2 464
1503723600 1 421 2 443
1503721800 1 423 2 460
1503720000 1 464 2 511
1503718200 1 466 2 501
1503716400 1 465 2 494
1503714600 1 469 2 489
1503712800 1 464 2 498
1503711000 1 471 2 533
1503709200 1 463 2 499
1503707400 1 463 2 502
1503705600 1 469 2 496
1503703800 1 461 2 501
1503702000 1 437 2 463
1503700200 1 456 2 543
1503698400 1 518 2 588
1503696600 1 596 2 746
1503694800 1 690 2 768
1503693000 1 923 2 1125
1503691200 1 1216 2 1661
1503689400 1 1153 2 1661
1503687600 1 1133 2 1297
1503685800 1 1264 2 1383
1503684000 1 1109 2 1377
1503682200 1 1150 2 1379
1503680400 1 1146 2 1222
1503678600 1 1115 2 1249
1503676800 1 1360 2 1680
1503675000 1 1143 2 1680
1503673200 1 1237 2 1691
1503671400 1 1337 2 1673
1503669600 1 1517 2 2316
1503667800 1 1286 2 1505
1503666000 1 1096 2 1401
1503664200 1 943 2 1295
1503662400 1 700 2 1131
1503660600 1 595 2 692
1503658800 1 564 2 616
1503657000 1 559 2 574
1503655200 1 565 2 598
1503653400 1 579 2 632
1503651600 1 564 2 650
1503649800 1 564 2 627
1503648000 1 560 2 611
1503646200 1 574 2 638
1503644400 1 569 2 647
1503642600 1 570 2 680
1503640800 1 566 2 629
1503639000 1 577 2 660
1503637200 1 567 2 610
1503635400 1 585 2 681
1503633600 1 559 2 590
1503631800 1 579 2 611
1503630000 1 565 2 634
1503628200 1 561 2 611
1503626400 1 565 2 606
1503624600 1 591 2 729
1503622800 1 544 2 618
1503621000 1 557 2 618
1503619200 1 541 2 569
1503617400 1 550 2 609
1503615600 1 547 2 638
1503613800 1 627 2 985
1503612000 1 694 2 995
1503610200 1 986 2 1162
1503608400 1 891 2 1101
1503606600 1 1141 2 1319
1503604800 1 1207 2 1374
1503603000 1 1341 2 1661
1503601200 1 1264 2 1661
1503599400 1 1253 2 1463
1503597600 1 1298 2 1463
1503595800 1 1317 2 1667
1503594000 1 1272 2 1667
1503592200 1 1191 1 1234
1503590400 1 1276 1 1366
1503588600 1 1318 1 1366
1503586800 1 1324 2 1344
1503585000 1 1338 2 1344
1503583200 1 1355 2 1357
1503581400 1 1415 2 1467
1503579600 1 1080 1 1096
1503577800 1 897 1 897
1503576000 1 725 1 897
1503574200 1 587 1 688
1503572400 1 583 1 598
1503570600 1 600 1 605
1503568800 1 605 1 605
1503567000 1 605 1 605
1503565200 1 594 1 605
1503563400 1 595 2 604
1503561600 2 604 2 604
1503559800 2 585 2 604
1503558000 2 576 2 576
1503556200 2 580 2 581
1503554400 2 577 3 581
1503552600 3 577 3 577
1503550800 2 590 3 593
1503549000 2 587 3 593
1503547200 2 594 3 598
1503545400 2 612 3 618
1503543600 2 612 3 612
1503541800 2 613 3 619
1503540000 2 607 3 630
1503538200 3 637 3 647
1503536400 2 616 3 634
1503534600 2 593 3 616
1503532800 2 592 3 609
1503531000 2 595 3 613
1503529200 2 594 3 608
1503527400 2 635 3 667
1503525600 2 655 3 698
1503523800 2 849 3 1035
1503522000 2 978 3 1127
1503520200 2 1140 3 1228
1503518400 2 1242 3 1426
1503516600 2 1445 3 1898
1503514800 2 1355 3 1561
1503513000 2 1416 3 2118
1503511200 2 1335 3 1594
1503509400 2 1269 3 1594
1503507600 2 1324 3 1570
1503505800 1 1244 3 1391
1503504000 2 1233 3 1405
1503502200 2 1231 3 1346
1503500400 2 1275 3 1357
1503498600 2 1293 3 1450
1503496800 2 1395 3 1888
1503495000 2 1443 3 1828
1503493200 2 1110 3 1343
1503491400 2 859 3 1082
1503489600 2 733 3 1320
1503487800 2 556 3 603
1503486000 2 521 3 579
1503484200 3 525 3 565
1503482400 2 526 3 557
1503480600 2 537 3 591
1503478800 2 528 3 591
1503477000 2 565 3 609
1503475200 2 573 3 616
1503473400 2 584 3 612
1503471600 3 580 3 636
1503469800 2 576 3 618
1503468000 2 579 3 614
1503466200 2 589 3 637
1503464400 2 580 3 623
1503462600 2 601 3 707
1503460800 2 624 3 747
1503459000 2 552 3 602
1503457200 2 540 3 584
1503455400 2 528 3 560
1503453600 2 542 3 606
1503451800 2 544 3 606
1503450000 2 537 3 576
1503448200 2 527 3 568
1503446400 2 564 3 722
1503444600 2 589 3 722
1503442800 2 595 3 801
1503441000 2 610 3 660
1503439200 2 669 3 772
1503437400 2 1065 3 1457
1503435600 2 1243 3 1452
1503433800 2 1380 3 1601
1503432000 2 1416 3 1582
1503430200 2 1551 3 1838
1503428400 2 1466 3 1705
1503426600 2 1522 3 1874
1503424800 2 1544 3 1670
1503423000 2 1643 3 1789
1503421200 2 1643 3 2315
1503419400 2 1507 3 1924
1503417600 3 2070 3 2542
1503415800 2 1661 3 2280
1503414000 2 1619 3 1899
1503412200 2 1585 3 1831
1503410400 2 1525 3 1908
1503408600 2 1754 3 1985
1503406800 2 1199 3 1503
1503405000 2 1135 3 1733
1503403200 2 704 3 1236
1503401400 2 681 3 817
1503399600 2 608 3 777
1503397800 2 680 3 835
1503396000 2 593 3 835
1503394200 2 610 3 686
1503392400 2 588 3 644
1503390600 2 587 3 636
1503388800 2 577 3 628
1503387000 2 593 3 643
1503385200 2 586 3 617
1503383400 2 594 3 620
1503381600 2 582 3 611
1503379800 2 588 3 630
1503378000 3 603 3 642
1503376200 2 586 3 624
1503374400 2 580 3 610
1503372600 2 589 3 648
1503370800 2 584 3 645
1503369000 2 585 3 648
1503367200 2 622 3 699
1503365400 2 600 3 649
1503363600 2 582 3 622
1503361800 2 591 3 653
1503360000 2 611 3 717
1503358200 2 653 3 928
1503356400 2 594 3 638
1503354600 2 629 3 729
1503352800 2 669 3 848
1503351000 2 842 3 1274
1503349200 2 1100 3 1274
1503347400 2 1312 3 1797
1503345600 2 1092 3 1797
1503343800 2 1193 3 1843
1503342000 2 1101 3 1220
1503340200 2 1317 3 1734
1503338400 2 1354 3 1734
1503336600 2 1429 3 1917
1503334800 2 1328 3 1709
1503333000 2 1505 3 2018
1503331200 2 1296 3 1508
1503329400 3 1193 3 1508
1503327600 3 1195 3 1381
1503325800 3 1362 3 1586
1503324000 1 822 3 1470
1503322200 1 467 1 467
1503320400 1 467 1 467
1503318600 1 467 1 467
1503316800 1 467 1 467
1503315000 1 467 1 467
1503313200 1 467 1 467
1503311400 1 467 1 467
1503309600 1 467 1 467
1503307800 1 467 1 467
1503306000 1 467 1 467
1503304200 1 467 1 467
1503302400 1 467 1 467
1503300600 1 467 1 467
1503298800 1 467 1 467
1503297000 1 467 1 467
1503295200 1 467 1 467
1503293400 1 467 1 467
1503291600 1 467 1 467
1503289800 1 467 1 467
1503288000 1 467 1 467
1503286200 1 467 1 467
1503284400 1 467 1 467
1503282600 1 467 1 467
1503280800 1 467 1 467
1503279000 1 467 1 467
1503277200 1 467 1 467
1503275400 1 467 1 467
1503273600 1 467 1 467
1503271800 1 467 1 467
1503270000 1 467 1 467
1503268200 1 467 1 467
1503266400 1 467 1 467
1503264600 1 467 1 467
1503262800 1 467 1 467
1503261000 1 467 1 467
1503259200 1 467 1 467
1503257400 1 467 1 467
1503255600 1 467 1 467
1503253800 1 467 1 467
1503252000 1 467 1 467
1503250200 1 467 1 467
1503248400 1 467 1 467
1503246600 1 467 1 467
1503244800 1 467 1 467
1503243000 1 467 1 467
1503241200 1 467 1 467
1503239400 1 467 1 467
1503237600 1 467 1 467
1503235800 1 467 1 467
1503234000 1 467 1 467
1503232200 1 467 1 467
1503230400 1 467 1 467
1503228600 1 467 1 467
1503226800 1 467 1 467
1503225000 1 467 1 467
1503223200 1 467 1 467
1503221400 1 467 1 467
1503219600 1 467 1 467
1503217800 1 467 1 467
1503216000 1 467 1 467
1503214200 1 467 1 467
1503212400 1 467 1 467
1503210600 1 467 1 467
1503208800 1 467 1 467
1503207000 1 467 1 467
1503205200 1 467 1 467
1503203400 1 467 1 467
1503201600 1 467 1 467
1503199800 1 467 1 467
1503198000 1 467 1 467
1503196200 1 467 1 467
1503194400 1 467 1 467
1503192600 1 467 1 467
1503190800 1 467 1 467
1503189000 1 467 1 467
1503187200 1 467 1 467
1503185400 1 467 1 467
1503183600 1 467 1 467
1503181800 1 467 1 467
1503180000 1 467 1 467
1503178200 1 467 1 467
1503176400 1 467 1 467
1503174600 1 467 1 467
1503172800 1 467 1 467
1503171000 1 467 1 467
1503169200 1 467 1 467
1503167400 1 467 1 467
1503165600 1 467 1 467
1503163800 1 467 1 467
1503162000 1 467 1 467
1503160200 1 467 1 467
1503158400 1 467 1 467
1503156600 1 467 1 467
1503154800 1 467 1 467
1503153000 1 467 1 467
1503151200 1 467 1 467
1503149400 1 467 1 467
1503147600 1 467 1 467
1503145800 1 467 1 467
1503144000 1 467 1 467
1503142200 1 467 1 467
1503140400 1 467 1 467
1503138600 1 467 1 467
1503136800 1 467 1 467
1503135000 1 467 1 467
1503133200 1 467 1 467
1503131400 1 467 1 467
1503129600 1 467 1 467
1503127800 1 467 1 467
1503126000 1 467 1 467
1503124200 1 467 1 467
1503122400 1 467 1 467
1503120600 1 467 1 467
1503118800 1 467 1 467
1503117000 1 467 1 467
1503115200 1 467 1 467
1503113400 1 467 1 467
1503111600 1 467 1 467
1503109800 1 467 1 467
1503108000 1 467 1 467
1503106200 1 467 1 467
1503104400 1 467 1 467
1503102600 1 467 1 467
1503100800 1 467 1 467
1503099000 1 467 1 467
1503097200 1 467 1 467
1503095400 1 467 1 467
1503093600 1 467 1 467
1503091800 1 467 1 467
1503090000 1 467 1 467
1503088200 1 467 1 467
1503086400 1 467 1 467
1503084600 1 467 1 467
1503082800 1 467 1 467
1503081000 1 467 1 467
1503079200 1 467 1 467
1503077400 1 467 1 467
1503075600 1 467 1 467
1503073800 1 467 1 467
1503072000 1 467 1 467
1503070200 1 467 1 467
1503068400 1 467 1 467
1503066600 1 467 1 467
1503064800 1 467 1 467
1503063000 1 467 1 467
1503061200 1 467 1 467
1503059400 1 467 1 467
1503057600 1 467 1 467
1503055800 1 467 1 467
1503054000 1 467 1 467
1503052200 1 467 1 467
1503050400 1 467 1 467
1503048600 1 467 1 467
1503046800 1 467 1 467
1503045000 1 467 1 467
1503043200 1 467 1 467
1503041400 1 467 1 467
1503039600 1 467 1 467
1503037800 1 467 1 467
1503036000 1 467 1 467
1503028800 1 467 1 467
1503021600 1 467 1 467
1503014400 1 467 1 467
1503007200 1 467 1 467
1503000000 1 467 1 467
1502992800 1 467 1 467
1502985600 1 467 1 467
1502978400 1 467 1 467
1502971200 1 467 1 467
1502964000 1 467 1 467
1502956800 1 467 1 467
1502949600 1 467 1 467
1502942400 1 467 1 467
1502935200 1 467 1 467
1502928000 1 467 1 467
1502920800 1 467 1 467
1502913600 1 467 1 467
1502906400 1 467 1 467
1502899200 1 467 1 467
1502892000 1 467 1 467
1502884800 1 467 1 467
1502877600 1 467 1 467
1502870400 1 467 1 467
1502863200 1 467 1 467
1502856000 1 467 1 467
1502848800 1 467 1 467
1502841600 1 467 1 467
1502834400 1 467 1 467
1502827200 1 467 1 467
1502820000 1 467 1 467
1502812800 1 467 1 467
1502805600 1 467 1 467
1502798400 1 467 1 467
1502791200 1 467 1 467
1502784000 1 467 1 467
1502776800 1 467 1 467
1502769600 1 467 1 467
1502762400 1 467 1 467
1502755200 1 467 1 467
1502748000 1 467 1 467
1502740800 1 467 1 467
1502733600 1 467 1 467
1502726400 1 467 1 467
1502719200 1 467 1 467
1502712000 1 467 1 467
1502704800 1 467 1 467
1502697600 1 467 1 467
1502690400 1 467 1 467
1502683200 1 467 1 467
1502676000 1 467 1 467
1502668800 1 467 1 467
1502661600 1 467 1 467
1502654400 1 467 1 467
1502647200 1 467 1 467
1502640000 1 467 1 467
1502632800 1 467 1 467
1502625600 1 467 1 467
1502618400 1 467 1 467
1502611200 1 467 1 467
1502604000 1 467 1 467
1502596800 1 467 1 467
1502589600 1 467 1 467
1502582400 1 467 1 467
1502575200 1 467 1 467
1502568000 1 467 1 467
1502560800 1 467 1 467
1502553600 1 467 1 467
1502546400 1 467 1 467
1502539200 1 467 1 467
1502532000 1 467 1 467
1502524800 1 467 1 467
1502517600 1 467 1 467
1502510400 1 467 1 467
1502503200 1 467 1 467
1502496000 1 467 1 467
1502488800 1 467 1 467
1502481600 1 467 1 467
1502474400 1 467 1 467
1502467200 1 467 1 467
1502460000 1 467 1 467
1502452800 1 467 1 467
1502445600 1 467 1 467
1502438400 1 467 1 467
1502431200 1 467 1 467
1502424000 1 467 1 467
1502416800 1 467 1 467
1502409600 1 467 1 467
1502402400 1 467 1 467
1502395200 1 467 1 467
1502388000 1 467 1 467
1502380800 1 467 1 467
1502373600 1 467 1 467
1502366400 1 467 1 467
1502359200 1 467 1 467
1502352000 1 467 1 467
1502344800 1 467 1 467
1502337600 1 467 1 467
1502330400 1 467 1 467
1502323200 1 467 1 467
1502316000 1 467 1 467
1502308800 1 467 1 467
1502301600 1 467 1 467
1502294400 1 467 1 467
1502287200 1 467 1 467
1502280000 1 467 1 467
1502272800 1 467 1 467
1502265600 1 467 1 467
1502258400 1 467 1 467
1502251200 1 467 1 467
1502244000 1 467 1 467
1502236800 1 467 1 467
1502229600 1 467 1 467
1502222400 1 467 1 467
1502215200 1 467 1 467
1502208000 1 467 1 467
1502200800 1 467 1 467
1502193600 1 467 1 467
1502186400 1 467 1 467
1502179200 1 467 1 467
1502172000 1 467 1 467
1502164800 1 467 1 467
1502157600 1 467 1 467
1502150400 1 467 1 467
1502143200 1 467 1 467
1502136000 1 467 1 467
1502128800 1 467 1 467
1502121600 1 467 1 467
1502114400 1 467 1 467
1502107200 1 467 1 467
1502100000 1 467 1 467
1502092800 1 467 1 467
1502085600 1 467 1 467
1502078400 1 467 1 467
1502071200 1 467 1 467
1502064000 1 467 1 467
1502056800 1 467 1 467
1502049600 1 467 1 467
1502042400 1 467 1 467
1502035200 1 467 1 467
1502028000 1 467 1 467
1502020800 1 467 1 467
1502013600 1 467 1 467
1502006400 1 467 1 467
1501999200 1 467 1 467
1501992000 1 467 1 467
1501984800 1 467 1 467
1501977600 1 467 1 467
1501970400 1 467 1 467
1501963200 1 467 1 467
1501956000 1 467 1 467
1501948800 1 467 1 467
1501941600 1 467 1 467
1501934400 1 467 1 467
1501927200 1 467 1 467
1501920000 1 467 1 467
1501912800 1 467 1 467
1501905600 1 467 1 467
1501898400 1 467 1 467
1501891200 1 467 1 467
1501884000 1 467 1 467
1501876800 1 467 1 467
1501869600 1 467 1 467
1501862400 1 467 1 467
1501855200 1 467 1 467
1501848000 1 467 1 467
1501840800 1 467 1 467
1501833600 1 467 1 467
1501826400 1 467 1 467
1501819200 1 467 1 467
1501812000 1 467 1 467
1501804800 1 467 1 467
1501797600 1 467 1 467
1501790400 1 467 1 467
1501783200 1 467 1 467
1501776000 1 467 1 467
1501768800 1 467 1 467
1501761600 1 467 1 467
1501754400 1 467 1 467
1501747200 1 467 1 467
1501740000 1 467 1 467
1501732800 1 467 1 467
1501725600 1 467 1 467
1501718400 1 467 1 467
1501711200 1 467 1 467
1501704000 1 467 1 467
1501696800 1 467 1 467
1501689600 1 467 1 467
1501682400 1 467 1 467
1501675200 1 467 1 467
1501668000 1 467 1 467
1501660800 1 467 1 467
1501653600 1 467 1 467
1501646400 1 467 1 467
1501639200 1 467 1 467
1501632000 1 467 1 467
1501624800 1 467 1 467
1501617600 1 467 1 467
1501610400 1 467 1 467
1501603200 1 467 1 467
1501596000 1 467 1 467
1501588800 1 467 1 467
1501581600 1 467 1 467
1501574400 1 467 1 467
1501567200 1 467 1 467
1501560000 1 467 1 467
1501552800 1 467 1 467
1501545600 1 467 1 467
1501538400 1 467 1 467
1501531200 1 467 1 467
1501524000 1 467 1 467
1501516800 1 467 1 467
1501509600 1 467 1 467
1501502400 1 467 1 467
1501495200 1 467 1 467
1501488000 1 467 1 467
1501480800 1 467 1 467
1501473600 1 467 1 467
1501466400 1 467 1 467
1501459200 1 467 1 467
1501452000 1 467 1 467
1501444800 1 467 1 467
1501437600 1 467 1 467
1501430400 1 467 1 467
1501423200 1 467 1 467
1501416000 1 467 1 467
1501408800 1 467 1 467
1501401600 1 467 1 467
1501394400 1 467 1 467
1501387200 1 467 1 467
1501380000 1 467 1 467
1501372800 1 467 1 467
1501365600 1 467 1 467
1501358400 1 467 1 467
1501351200 1 467 1 467
1501344000 1 467 1 467
1501336800 1 467 1 467
1501329600 1 467 1 467
1501322400 1 467 1 467
1501315200 1 467 1 467
1501308000 1 467 1 467
1501300800 1 467 1 467
1501293600 1 467 1 467
1501286400 1 467 1 467
1501279200 1 467 1 467
1501272000 1 467 1 467
1501264800 1 467 1 467
1501257600 1 467 1 467
1501250400 1 467 1 467
1501243200 1 467 1 467
1501236000 1 467 1 467
1501228800 1 467 1 467
1501221600 1 467 1 467
1501214400 1 467 1 467
1501207200 1 467 1 467
1501200000 1 467 1 467
1501192800 1 467 1 467
1501185600 1 467 1 467
1501178400 1 467 1 467
1501171200 1 467 1 467
1501164000 1 467 1 467
1501156800 1 467 1 467
1501149600 1 467 1 467
1501142400 1 467 1 467
1501135200 1 467 1 467
1501128000 1 467 1 467
1501120800 1 467 1 467
1501113600 1 467 1 467
1501106400 1 467 1 467
1501099200 1 467 1 467
1501092000 1 467 1 467
1501084800 1 467 1 467
1501077600 1 467 1 467
1501070400 1 467 1 467
1501063200 1 467 1 467
1501056000 1 467 1 467
1501048800 1 467 1 467
1501041600 1 467 1 467
1501034400 1 467 1 467
1501027200 1 467 1 467
1501020000 1 467 1 467
1501012800 1 467 1 467
1501005600 1 467 1 467
1500998400 1 467 1 467
1500991200 1 467 1 467
1500984000 1 467 1 467
1500976800 1 467 1 467
1500969600 1 467 1 467
1500962400 1 467 1 467
1500955200 1 467 1 467
1500948000 1 467 1 467
1500940800 1 467 1 467
1500933600 1 467 1 467
1500926400 1 467 1 467
1500919200 1 467 1 467
1500912000 1 467 1 467
1500904800 1 467 1 467
1500897600 1 467 1 467
1500890400 1 467 1 467
1500883200 1 467 1 467
1500876000 1 467 1 467
1500868800 1 467 1 467
1500861600 1 467 1 467
1500854400 1 467 1 467
1500847200 1 467 1 467
1500840000 1 467 1 467
1500832800 1 467 1 467
1500825600 1 467 1 467
1500818400 1 467 1 467
1500811200 1 467 1 467
1500804000 1 467 1 467
1500796800 1 467 1 467
1500789600 1 467 1 467
1500782400 1 467 1 467
1500775200 1 467 1 467
1500768000 1 467 1 467
1500760800 1 467 1 467
1500753600 1 467 1 467
1500746400 1 467 1 467
1500739200 1 467 1 467
1500732000 1 467 1 467
1500724800 1 466 2 467
1500717600 2 465 2 471
1500710400 2 461 2 471
1500703200 2 458 3 468
1500696000 2 461 3 468
1500688800 2 465 3 476
1500681600 2 523 3 862
1500674400 2 792 3 1294
1500667200 2 1242 3 1641
1500660000 2 1318 3 1655
1500652800 2 1475 3 2043
1500645600 2 1378 3 2043
1500638400 2 766 3 844
1500631200 2 732 3 790
1500624000 2 739 3 854
1500616800 2 756 3 882
1500609600 2 750 3 887
1500602400 2 753 3 830
1500595200 2 785 3 959
1500588000 2 1424 3 2330
1500580800 2 1742 3 2140
1500573600 2 1789 3 2236
1500566400 2 1702 3 2330
1500559200 2 1546 3 2181
1500552000 2 770 3 1433
1500544800 2 745 3 833
1500537600 2 777 3 954
1500530400 2 773 5 871
1500523200 2 798 3 874
1500516000 2 766 3 841
1500508800 2 809 3 961
1500501600 2 1145 3 1797
1500494400 2 1536 3 1863
1500487200 2 1357 3 1672
1500480000 2 1361 3 1805
1500472800 2 997 3 1948
1500465600 3 618 3 618
1500458400 3 618 3 618
1500451200 3 618 3 618
1500444000 3 618 3 618
1500436800 3 618 3 618
1500429600 3 618 3 618
1500422400 3 618 3 618
1500415200 3 618 3 618
1500408000 3 618 3 618
1500400800 3 618 3 618
1500393600 3 618 3 618
1500386400 3 618 3 618
1500379200 3 618 3 618
1500372000 3 618 3 618
1500364800 3 618 3 618
1500357600 3 618 3 618
1500350400 3 618 3 618
1500343200 3 618 3 618
1500336000 3 618 3 618
1500328800 3 618 3 618
1500321600 3 618 3 618
1500314400 3 618 3 618
1500307200 3 618 3 618
1500300000 3 618 3 618
1500292800 3 618 3 618
1500285600 3 618 3 618
1500278400 3 618 3 618
1500271200 3 618 3 618
1500264000 3 618 3 618
1500256800 3 618 3 618
1500249600 3 618 3 618
1500242400 3 618 3 618
1500235200 3 618 3 618
1500228000 3 618 3 618
1500220800 3 618 3 618
1500213600 3 618 3 618
1500206400 3 618 3 618
1500199200 3 618 3 618
1500192000 3 618 3 618
1500184800 3 618 3 618
1500177600 3 618 3 618
1500170400 3 618 3 618
1500163200 3 618 3 618
1500156000 3 618 3 618
1500148800 3 618 3 618
1500141600 3 618 3 618
1500134400 3 618 3 618
1500127200 3 618 3 618
1500120000 3 618 3 618
1500112800 3 618 3 618
1500105600 3 618 3 618
1500098400 3 618 3 618
1500091200 3 618 3 618
1500084000 3 618 3 618
1500076800 3 618 3 618
1500069600 3 618 3 618
1500062400 3 618 3 618
1500055200 3 618 3 618
1500048000 3 618 3 618
1500040800 3 618 3 618
1500033600 3 618 3 618
1500026400 3 618 3 618
1500019200 3 618 3 618
1500012000 3 618 3 618
1500004800 3 618 3 618
1499997600 3 618 3 618
1499990400 3 618 3 618
1499983200 3 618 3 618
1499976000 3 618 3 618
1499968800 3 618 3 618
1499961600 3 618 3 618
1499954400 3 618 3 618
1499947200 3 618 3 618
1499940000 3 618 3 618
1499932800 3 618 3 618
1499925600 3 618 3 618
1499918400 3 618 3 618
1499911200 3 618 3 618
1499904000 3 618 3 618
1499896800 3 618 3 618
1499889600 3 618 3 618
1499882400 3 618 3 618
1499875200 3 618 3 618
1499868000 3 618 3 618
1499860800 3 618 3 618
1499853600 3 618 3 618
1499846400 3 618 3 618
1499839200 3 618 3 618
1499832000 3 618 3 618
1499824800 3 618 3 618
1499817600 3 618 3 618
1499810400 3 618 3 618
1499803200 3 618 3 618
1499796000 3 618 3 618
1499788800 3 618 3 618
1499781600 3 618 3 618
1499774400 3 618 3 618
1499767200 3 618 3 618
1499760000 3 618 3 618
1499752800 3 618 3 618
1499745600 3 618 3 618
1499738400 3 618 3 618
1499731200 3 618 3 618
1499724000 3 618 3 618
1499716800 3 618 3 618
1499709600 3 618 3 618
1499702400 3 618 3 618
1499695200 3 618 3 618
1499688000 3 618 3 618
1499680800 3 618 3 618
1499673600 3 618 3 618
1499666400 3 618 3 618
1499659200 3 618 3 618
1499652000 3 618 3 618
1499644800 3 618 3 618
1499637600 3 618 3 618
1499630400 3 618 3 618
1499623200 3 618 3 618
1499616000 3 618 3 618
1499608800 3 618 3 618
1499601600 3 618 3 618
1499594400 3 618 3 618
1499587200 3 618 3 618
1499580000 3 618 3 618
1499572800 3 618 3 618
1499565600 3 618 3 618
1499558400 3 618 3 618
1499551200 3 618 3 618
1499544000 3 618 3 618
1499536800 3 618 3 618
1499529600 3 618 3 618
1499522400 3 618 3 618
1499515200 3 618 3 618
1499508000 3 618 3 618
1499500800 3 618 3 618
1499493600 3 618 3 618
1499486400 3 618 3 618
1499479200 3 618 3 618
1499472000 3 618 3 618
1499464800 3 618 3 618
1499457600 3 618 3 618
1499450400 3 618 3 618
1499443200 3 618 3 618
1499436000 3 618 3 618
1499428800 3 618 3 618
1499421600 3 618 3 618
1499414400 3 618 3 618
1499407200 3 618 3 618
1499400000 3 618 3 618
1499392800 3 618 3 618
1499385600 3 618 3 618
1499378400 3 618 3 618
1499371200 3 618 3 618
1499364000 3 618 3 618
1499356800 3 618 3 618
1499349600 3 618 3 618
1499342400 3 618 3 618
1499335200 3 618 3 618
1499328000 3 618 3 618
1499320800 3 618 3 618
1499313600 3 618 3 618
1499306400 3 618 3 618
1499299200 3 618 3 618
1499292000 3 618 3 618
1499284800 3 618 3 618
1499277600 3 618 3 618
1499270400 3 618 3 618
1499263200 3 618 3 618
1499256000 3 618 3 618
1499248800 3 618 3 618
1499241600 3 618 3 618
1499234400 3 618 3 618
1499227200 3 618 3 618
1499220000 3 618 3 618
1499212800 3 618 3 618
1499205600 3 618 3 618
1499198400 3 618 3 618
1499191200 3 618 3 618
1499184000 3 618 3 618
1499176800 3 618 3 618
1499169600 3 618 3 618
1499162400 3 618 3 618
1499155200 3 618 3 618
1499148000 3 618 3 618
1499140800 3 618 3 618
1499133600 3 618 3 618
1499126400 3 618 3 618
1499119200 3 618 3 618
1499112000 3 618 3 618
1499104800 3 618 3 618
1499097600 3 618 3 618
1499090400 3 618 3 618
1499083200 3 618 3 618
1499076000 3 618 3 618
1499068800 3 618 3 618
1499061600 3 618 3 618
1499054400 3 618 3 618
1499047200 3 618 3 618
1499040000 3 618 3 618
1499032800 3 618 3 618
1499025600 3 618 3 618
1499018400 3 618 3 618
1499011200 3 618 3 618
1499004000 3 618 3 618
1498996800 3 618 3 618
1498989600 3 618 3 618
1498982400 3 618 3 618
1498975200 3 618 3 618
1498968000 3 618 3 618
1498960800 3 618 3 618
1498953600 3 618 3 618
1498946400 3 618 3 618
1498939200 3 618 3 618
1498932000 3 618 3 618
1498924800 3 618 3 618
1498917600 3 618 3 618
1498910400 3 618 3 618
1498903200 3 618 3 618
1498896000 3 618 3 618
1498888800 3 618 3 618
1498881600 3 618 3 618
1498874400 3 618 3 618
1498867200 3 618 3 618
1498860000 3 618 3 618
1498852800 3 618 3 618
1498845600 3 618 3 618
1498838400 3 618 3 618
1498831200 3 618 3 618
1498824000 3 618 3 618
1498816800 3 618 3 618
1498809600 3 618 3 618
1498802400 3 618 3 618
1498795200 3 618 3 618
1498788000 3 618 3 618
1498780800 3 618 3 618
1498773600 3 618 3 618
1498766400 3 618 3 618
1498759200 3 618 3 618
1498752000 3 618 3 618
1498744800 3 618 3 618
1498737600 3 618 3 618
1498730400 3 618 3 618
1498723200 3 618 3 618
1498716000 3 618 3 618
1498694400 3 618 3 618
1498608000 3 618 3 618
1498521600 3 618 3 618
1498435200 3 618 3 618
1498348800 3 618 3 618
1498262400 3 618 3 618
1498176000 3 618 3 618
1498089600 3 618 3 618
1498003200 3 618 3 618
1497916800 3 618 3 618
1497830400 3 618 3 618
1497744000 2 614 4 815
1497657600 2 937 4 2082
1497571200 2 946 3 1900
1497484800 3 723 3 723
1497398400 3 723 3 723
1497312000 3 723 3 723
1497225600 2 703 3 789
1497139200 2 712 3 821
1497052800 1 1044 73 4424
1496966400 1 1002 2 2334
1496880000 1 1003 2 2248
1496793600 1 1089 2 2164
1496707200 1 1043 2 2479
1496620800 1 714 2 1541
1496534400 1 711 2 831
1496448000 1 1148 2 3015
1496361600 1 1111 2 2536
1496275200 1 1106 2 2671
1496188800 1 1140 2 2838
1496102400 1 1138 2 3311
1496016000 1 762 2 2390
1495929600 2 705 2 705
1495843200 1 1203 4 2855
1495756800 2 1148 3 2696
1495670400 2 1229 5 3637
1495584000 3 829 3 829
1495497600 3 829 3 829
1495411200 3 829 3 829
1495324800 3 829 3 829
1495238400 3 829 3 829
1495152000 2 1201 5 3326
1495065600 2 1218 6 3794
1494979200 0 213 3 2037
1494892800 0 0 0 0
1494806400 0 0 0 0
1494720000 0 0 0 0
1494633600 72 1806 3722 283997
1494547200 2 931 4 2612
1494460800 3 607 3 607
1494374400 3 607 3 607
1494288000 3 607 3 607
1494201600 3 607 3 607
1494115200 3 607 3 607
1494028800 3 607 3 607
1493942400 3 607 3 607
1493856000 3 607 3 607
1493769600 3 607 3 607
1493683200 3 607 3 607
1493596800 3 607 3 607
1493510400 3 607 3 607
1493424000 3 607 3 607
1493337600 3 607 3 607
1493251200 3 607 3 607
1493164800 3 607 3 607
1493078400 3 607 3 607
1492992000 3 607 3 607
1492905600 3 607 3 607
1492819200 3 607 3 607
1492732800 3 607 3 607
1492646400 3 607 3 607
1492560000 3 607 3 607
1492473600 3 607 3 607
1492387200 3 607 3 607
1492300800 3 607 3 607
1492214400 3 607 3 607
1492128000 3 607 3 607
1492041600 3 607 3 607
1491955200 3 607 3 607
1491868800 3 607 3 607
1491782400 3 607 3 607
1491696000 3 607 3 607
1491609600 3 607 3 607
1491523200 3 607 3 607
1491436800 3 607 3 607
1491350400 3 607 3 607
1491264000 3 607 3 607
1491177600 2 566 3 615
1491091200 2 557 3 1445
1491004800 2 1102 3 3022
1490918400 2 1107 3 3004
1490832000 2 1072 3 3284
1490745600 1 1066 4 5884
1490659200 0 0 0 0
1490572800 0 0 0 0
1490486400 0 0 0 0
1490400000 0 0 0 0
1490313600 0 0 0 0
1490227200 0 0 0 0
1490140800 0 0 0 0
1490054400 0 0 0 0
1489968000 0 0 0 0
1489881600 0 0 0 0
1489795200 0 0 0 0
1489708800 0 0 0 0
1489622400 0 0 0 0
1489536000 12 18 1353 1447
1489449600 0 0 0 0
1489363200 0 0 0 0
1489276800 0 0 0 0
1489190400 0 0 0 0
1489104000 0 0 0 0
1489017600 0 0 0 0
1488931200 0 0 0 0
1488844800 0 0 0 0
1488758400 0 0 0 0
1488672000 0 0 0 0
1488585600 0 0 0 0
1488499200 0 0 0 0
1488412800 0 0 0 0
1488326400 0 12 11 1375
1488240000 0 0 0 0
1488153600 0 0 0 0
1488067200 0 0 0 0
1487980800 0 0 0 0
1487894400 0 0 0 0
1487808000 0 0 0 0
1487721600 0 0 0 0
1487635200 0 0 0 0
1487548800 0 26 2 659
1487462400 1 580 2 689
1487376000 1 942 2 2159
1487289600 1 964 2 2301
1487203200 1 884 3 2074
1487116800 3 534 3 534
1487030400 3 534 3 534
1486944000 3 534 3 534
1486857600 3 534 3 534
1486771200 3 534 3 534
1486684800 3 534 3 534
1486598400 3 534 3 534
1486512000 3 534 3 534
1486425600 3 534 3 534
1486339200 3 534 3 534
1486252800 3 534 3 534
1486166400 3 534 3 534
1486080000 3 534 3 534
1485993600 3 534 3 534
1485907200 3 534 3 534
1485820800 1 731 4 2416
1485734400 1 411 3 855
1485648000 1 416 3 1845
1485561600 1 685 3 1887
1485475200 1 754 4 2156
1485388800 1 751 4 2338
1485302400 1 655 3 1554
1485216000 1 632 4 1920
1485129600 1 355 3 466
1485043200 1 372 3 569
1484956800 1 740 4 2134
1484870400 1 713 3 1876
1484784000 1 729 3 2853
1484697600 1 671 3 1770
1484611200 1 647 4 1676
1484524800 1 366 4 505
1484438400 1 449 4 820
1484352000 1 762 3 2049
1484265600 1 709 3 1574
1484179200 1 748 4 2120
1484092800 1 739 4 2206
1484006400 1 580 3 1982
1483920000 1 266 3 344
1483833600 1 305 3 600
1483747200 1 644 3 2260
1483660800 1 581 3 1634
1483574400 0 25 2 2154
1483488000 0 0 0 0
1483401600 0 0 0 0
1483315200 0 0 0 0
1483228800 0 0 0 0
1483142400 0 0 0 0
1483056000 0 0 0 0
1482969600 0 158 2 269
1482883200 2 269 2 269
1482796800 2 269 2 269
1482710400 1 261 3 315
1482624000 1 259 4 317
1482537600 1 429 3 1422
1482451200 1 653 3 1726
1482364800 1 584 4 1802
1482278400 1 799 4 30056
1482192000 1 594 4 2260
1482105600 1 190 4 962
1482019200 1 156 3 547
1481932800 1 709 3 2031
1481846400 1 713 4 2391
1481760000 1 893 4 2579
1481673600 1 795 4 2600
1481587200 1 641 3 2073
1481500800 1 369 3 467
1481414400 1 361 3 698
1481328000 1 696 4 1581
1481241600 1 740 3 2059
1481155200 1 625 3 2137
1481068800 1 724 4 3113
1480982400 1 652 4 1636
1480896000 1 349 4 851
1480809600 1 341 4 498
1480723200 1 661 3 1773
1480636800 1 668 3 1998
1480550400 1 691 4 6460
1480464000 1 677 4 2258
1480377600 1 641 4 1631
1480291200 1 457 4 1174
1480204800 1 461 3 582
1480118400 1 734 3 2223
1480032000 1 785 4 2709
1479945600 1 827 4 10908
1479859200 1 814 4 1876
1479772800 1 763 3 2099
1479686400 0 451 4 577
1479600000 1 451 3 543
1479513600 1 804 3 2073
1479427200 1 892 3 2566
1479340800 1 849 21 2153
1479254400 10 703 21 2044
1479168000 10 805 18 2871
1479081600 10 513 21 601
1478995200 10 524 14 640
1478908800 10 826 14 2970
1478822400 10 766 14 1942
1478736000 10 817 21 2177
1478649600 10 879 14 2691
1478563200 10 863 14 2361
1478476800 10 544 14 677
1478390400 10 546 14 805
1478304000 10 763 14 2068
1478217600 10 810 14 1879
1478131200 10 922 14 2292
1478044800 10 850 14 2049
1477958400 10 3528 14 305537
1477872000 10 465 14 565
1477785600 10 498 14 1078
1477699200 10 793 14 1807
1477612800 10 790 15 2539
1477526400 10 768 14 1768
1477440000 10 757 14 1848
1477353600 10 752 14 1689
1477267200 10 545 15 1258
1477180800 10 540 14 793
1477094400 10 873 14 2464
1477008000 10 976 14 2591
1476921600 9 629 14 1836
1476835200 12 389 12 389
1476748800 12 389 12 389
1476662400 10 405 13 665
1476576000 10 421 14 588
1476489600 9 737 14 2039
1476403200 10 808 14 2622
1476316800 10 813 14 2189
1476230400 10 746 14 2278
1476144000 9 368 14 496
1476057600 10 374 15 474
1475971200 9 369 14 484
1475884800 9 735 14 2070
1475798400 10 798 15 1963
1475712000 10 797 14 2127
1475625600 9 814 14 2975
1475539200 9 793 14 2238
1475452800 9 462 14 595
1475366400 8 484 17 936
1475280000 10 828 17 2673
1475193600 14 806 30 2065
1475107200 14 839 17 29531
1475020800 14 766 17 2046
1474934400 14 716 17 2022
1474848000 14 407 18 492
1474761600 14 405 17 583
1474675200 14 729 17 1956
1474588800 14 767 21 1798
1474502400 13 753 17 1978
1474416000 13 699 17 2081
1474329600 14 643 17 2387
1474243200 14 349 17 442
1474156800 14 358 20 484
1474070400 14 745 20 2396
1473984000 14 807 17 2199
1473897600 14 847 17 2105
1473811200 14 874 17 2215
1473724800 14 797 17 2137
1473638400 14 432 18 514
1473552000 14 432 17 589
1473465600 13 735 18 1835
1473379200 14 804 17 2095
1473292800 14 735 17 1718
1473206400 14 771 17 2232
1473120000 14 384 17 668
1473033600 14 374 21 452
1472947200 14 417 21 1128
1472860800 10 757 22 2044
1472774400 1 792 3 2410
1472688000 1 798 4 1974
1472601600 1 740 4 2368
1472515200 6 586 11 1914
1472428800 11 399 11 399
1472342400 11 399 11 399
1472256000 11 399 11 399
1472169600 11 399 11 399
1472083200 11 399 11 399
1471996800 11 399 11 399
1471910400 11 399 11 399
1471824000 11 399 11 399
1471737600 11 399 11 399
1471651200 11 399 18 523
1471564800 13 697 20 2712
1471478400 14 707 21 3304
1471392000 13 703 21 2352
1471305600 13 644 20 3155
1471219200 13 314 89 893
1471132800 13 312 54 761
1471046400 13 525 20 2660
1470960000 13 546 19 1920
1470873600 13 619 20 2499
1470787200 13 615 33 2488
1470700800 13 642 20 2368
1470614400 13 289 20 387
1470528000 13 292 20 476
1470441600 13 611 19 2416
1470355200 13 690 20 2597
1470268800 13 640 20 2354
1470182400 13 595 20 2417
1470096000 13 305 20 658
1470009600 13 301 19 476
1469923200 12 304 22 476
1469836800 0 503 6 2424
1469750400 0 763 4 3685
1469664000 0 859 3 5549
1469577600 0 771 7 2844
1469491200 0 712 7 2698
1469404800 0 321 3 437
1469318400 0 329 4 499
1469232000 0 738 4 3249
1469145600 0 729 7 3009
1469059200 0 662 4 2733
1468972800 0 701 4 3234
1468886400 0 551 4 2115
1468800000 0 274 7 628
1468713600 0 274 10 375
1468627200 0 598 4 2026
1468540800 0 573 4 2400
1468454400 0 636 6 3878
1468368000 0 740 6 2740
1468281600 0 727 4 3150
1468195200 0 273 4 504
1468108800 0 276 7 524
1468022400 0 640 4 2241
1467936000 0 596 4 2296
1467849600 0 677 4 2358
1467763200 0 751 4 2265
1467676800 0 711 7 3395
1467590400 0 278 6 484
1467504000 0 276 10 404
1467417600 0 279 7 446
1467331200 0 747 7 3227
1467244800 0 816 6 3405
1467158400 0 644 3 2941
1467072000 0 666 4 2429
1466985600 0 342 5 522
1466899200 0 352 6 642
1466812800 0 655 7 2009
1466726400 0 731 7 2633
1466640000 0 732 3 2607
1466553600 0 802 4 3534
1466467200 0 693 7 2447
1466380800 0 336 8 467
1466294400 0 345 8 762
1466208000 0 811 4 3029
1466121600 0 779 4 3460
1466035200 0 1041 4 4267
1465948800 0 1074 7 3872
1465862400 0 1029 4 4155
1465776000 0 493 4 723
1465689600 0 475 6 947
1465603200 0 1081 7 4834
1465516800 0 1008 4 4220
1465430400 0 1027 4 3384
1465344000 0 1010 4 3450
1465257600 0 764 3 2880
1465171200 0 384 7 631
1465084800 0 375 9 733
1464998400 0 931 4 4477
1464912000 0 954 4 3941
1464825600 0 1089 7 3529
1464739200 0 1066 4 3423
1464652800 0 960 4 3042
1464566400 0 509 4 735
1464480000 0 523 4 922
1464393600 0 869 4 3829
1464307200 0 1034 4 4847
1464220800 0 905 4 3172
1464134400 0 748 4 2532
1464048000 0 330 7 723
1463961600 0 337 6 570
1463875200 0 388 13 586
1463788800 0 655 4 2027
1463702400 0 749 7 2537
1463616000 0 701 4 1905
1463529600 0 928 3 10836
1463443200 0 878 4 10425
1463356800 0 418 7 654
1463270400 0 432 6 762
1463184000 0 359 100 2661
1463097600 0 0 0 0
1463011200 0 0 0 0
1462924800 0 0 0 0
1462838400 0 0 0 0
1462752000 0 0 0 0
1462665600 0 0 0 0
1462579200 0 0 0 0
1462492800 0 0 0 0
1462406400 0 0 0 0
1462320000 0 0 0 0
1462233600 0 0 0 0
1462147200 0 0 0 0
1462060800 0 0 0 0
1461974400 0 0 0 0
1461888000 0 0 0 0
1461801600 0 0 0 0
1461715200 0 0 0 0
1461628800 0 0 0 0
1461542400 0 0 0 0
1461456000 0 0 0 0
1461369600 0 0 0 0
1461283200 0 0 0 0
1461196800 0 0 0 0
1461110400 0 0 0 0
1461024000 0 0 0 0
1460937600 0 0 0 0
1460851200 0 0 0 0
1460764800 0 0 0 0
1460678400 0 0 0 0
1460592000 0 0 0 0
1460505600 0 0 0 0
1460419200 0 0 0 0
1460332800 0 0 0 0
1460246400 0 0 0 0
1460160000 0 18 118 1458
1460073600 0 0 0 0
1459987200 0 0 0 0
1459900800 0 0 0 0
1459814400 0 0 0 0
1459728000 0 0 0 0
1459641600 0 0 0 0
1459555200 0 0 0 0
1459468800 0 0 0 0
1459382400 0 0 0 0
1459296000 0 0 0 0
1459209600 0 0 0 0
1459123200 0 0 0 0
1459036800 0 0 0 0
1458950400 0 0 0 0
1458864000 0 0 0 0
1458777600 0 0 0 0
1458691200 0 0 0 0
1458604800 0 0 0 0
1458518400 0 0 0 0
1458432000 0 0 0 0
1458345600 0 0 0 0
1458259200 0 0 0 0
1458172800 0 0 0 0
1458086400 0 0 0 0
1458000000 0 0 0 0
1457913600 0 0 0 0
1457827200 0 0 0 0
1457740800 0 0 0 0
1457654400 0 0 0 0
1457568000 0 0 0 0
1457481600 0 0 0 0
1457395200 0 0 0 0
1457308800 0 0 0 0
1457222400 0 0 0 0
1457136000 0 0 0 0
1457049600 0 0 0 0
1456963200 0 0 0 0
1456876800 0 0 0 0
1456790400 0 0 0 0
1456704000 0 0 0 0
1456617600 0 0 0 0
1456531200 0 0 0 0
1456444800 0 0 0 0
1456358400 0 0 0 0
1456272000 0 0 0 0
1456185600 0 0 0 0
1456099200 0 0 0 0
1456012800 0 0 0 0
1455926400 0 0 0 0
1455840000 0 0 0 0
1455753600 0 0 0 0
1455667200 0 0 0 0
1455580800 0 0 0 0
1455494400 0 0 0 0
1455408000 0 0 0 0
1455321600 0 0 0 0
1455235200 0 0 0 0
1455148800 0 0 0 0
1455062400 0 0 0 0
1454976000 0 0 0 0
1454889600 0 0 0 0
1454803200 0 0 0 0
1454716800 0 0 0 0
1454630400 0 0 0 0
1454544000 0 0 0 0
1454457600 0 0 0 0
1454371200 0 0 0 0
1454284800 0 0 0 0
1454198400 0 0 0 0
1454112000 0 0 0 0
1454025600 0 0 0 0
1453939200 0 0 0 0
1453852800 0 0 0 0
1453766400 0 0 0 0
1453680000 0 0 0 0
1453593600 0 0 0 0
1453507200 0 0 0 0
1453420800 0 0 0 0
1453334400 0 0 0 0
1453248000 0 0 0 0
1453161600 0 0 0 0
1453075200 0 0 0 0
1452988800 0 0 0 0
1452902400 0 0 0 0
1452816000 0 0 0 0
1452729600 0 0 0 0
1452643200 0 0 0 0
1452556800 0 0 0 0
1452470400 0 0 0 0
1452384000 0 0 0 0
1452297600 0 0 0 0
1452211200 0 0 0 0
1452124800 0 0 0 0
1452038400 0 0 0 0
1451952000 0 0 0 0
1451865600 0 0 0 0
1451779200 0 0 0 0
1451692800 0 0 0 0
1451606400 0 0 0 0
1451520000 0 0 0 0
1451433600 0 0 0 0
1451347200 0 0 0 0
1451260800 0 0 0 0
1451174400 0 0 0 0
1451088000 0 0 0 0
1451001600 0 0 0 0
1450915200 0 0 0 0
1450828800 0 0 0 0
1450742400 0 0 0 0
1450656000 0 0 0 0
1450569600 0 0 0 0
1450483200 0 0 0 0
1450396800 0 0 0 0
1450310400 0 0 0 0
1450224000 0 0 0 0
1450137600 0 0 0 0
1450051200 0 0 0 0
1449964800 0 0 0 0
1449878400 0 0 0 0
1449792000 0 0 0 0
1449705600 0 0 0 0
1449619200 0 0 0 0
1449532800 0 0 0 0
1449446400 0 0 0 0
1449360000 0 0 0 0
1449273600 0 0 0 0
1449187200 0 0 0 0
1449100800 0 0 0 0
1449014400 0 0 0 0
1448928000 0 0 0 0
1448841600 0 0 0 0
1448755200 0 0 0 0
1448668800 0 0 0 0
1448582400 0 0 0 0
1448496000 0 0 0 0
1448409600 0 0 0 0
1448323200 0 0 0 0
1448236800 0 0 0 0
1448150400 0 0 0 0
1448064000 0 0 0 0
1447977600 0 0 0 0
1447891200 0 0 0 0
1447804800 0 0 0 0
1447718400 0 0 0 0
1447632000 0 0 0 0
1447545600 0 0 0 0
1447459200 0 0 0 0
1447372800 0 0 0 0
1447286400 0 0 0 0
1447200000 0 0 0 0
1447113600 0 0 0 0
1447027200 0 0 0 0
1446940800 0 0 0 0
1446854400 0 0 0 0
1446768000 0 0 0 0
1446681600 0 0 0 0
1446595200 0 0 0 0
1446508800 0 0 0 0
1446422400 0 0 0 0
1446336000 0 0 0 0
1446249600 0 0 0 0
1446163200 0 0 0 0
1446076800 0 0 0 0
1445990400 0 0 0 0
1445904000 0 0 0 0
1445817600 0 0 0 0
1445731200 0 0 0 0
1445644800 0 0 0 0
1445558400 0 0 0 0
1445472000 0 0 0 0
1445385600 0 0 0 0
1445299200 0 0 0 0
1445212800 0 0 0 0
1445126400 0 0 0 0
1445040000 0 0 0 0
1444953600 0 0 0 0
1444867200 0 0 0 0
1444780800 0 0 0 0
1444694400 0 0 0 0
1444608000 0 0 0 0
1444521600 0 0 0 0
1444435200 0 0 0 0
1444348800 0 0 0 0
1444262400 0 0 0 0
1444176000 0 0 0 0
1444089600 0 0 0 0
1444003200 0 0 0 0
1443916800 0 0 0 0
1443830400 0 0 0 0
1443744000 0 0 0 0
1443657600 0 0 0 0
1443571200 0 0 0 0
1443484800 0 0 0 0
1443398400 0 0 0 0
1443312000 0 0 0 0
1443225600 0 0 0 0
1443139200 0 0 0 0
1443052800 0 0 0 0
1442966400 0 0 0 0
1442880000 0 0 0 0
1442793600 0 0 0 0
1442707200 0 0 0 0
1442620800 0 0 0 0
1442534400 0 0 0 0
1442448000 0 0 0 0
1442361600 0 0 0 0
1442275200 0 0 0 0
1442188800 0 0 0 0
1442102400 0 0 0 0
1442016000 0 0 0 0
1441929600 0 0 0 0
1441843200 0 0 0 0
1441756800 0 0 0 0
1441670400 0 0 0 0
1441584000 0 0 0 0
1441497600 0 0 0 0
1441411200 0 0 0 0
1441324800 0 0 0 0
1441238400 0 0 0 0
1441152000 0 0 0 0
1441065600 0 0 0 0
1440979200 0 0 0 0
1440892800 0 0 0 0
1440806400 0 0 0 0
1440720000 0 0 0 0
1440633600 0 0 0 0
1440547200 0 0 0 0
1440460800 0 0 0 0
1440374400 0 0 0 0
1440288000 0 0 0 0
1440201600 0 0 0 0
1440115200 0 0 0 0
1440028800 0 0 0 0
1439942400 0 0 0 0
1439856000 0 0 0 0
1439769600 0 0 0 0
1439683200 0 0 0 0
1439596800 0 0 0 0
1439510400 0 0 0 0
1439424000 0 0 0 0
1439337600 0 0 0 0
1439251200 0 0 0 0
1439164800 0 0 0 0
1439078400 0 0 0 0
1438992000 0 0 0 0
1438905600 0 0 0 0
1438819200 0 0 0 0
1438732800 0 0 0 0
1438646400 0 0 0 0
1438560000 0 0 0 0
1438473600 0 0 0 0
1438387200 0 0 0 0
1438300800 0 0 0 0
1438214400 0 0 0 0
1438128000 0 0 0 0
1438041600 0 0 0 0
1437955200 0 0 0 0
1437868800 0 0 0 0
1437782400 0 0 0 0
1437696000 0 0 0 0
1437609600 0 0 0 0
1437523200 0 0 0 0
1437436800 0 0 0 0
1437350400 0 0 0 0
1437264000 0 0 0 0
1437177600 0 0 0 0
1437091200 0 0 0 0
1437004800 0 0 0 0
1436918400 0 0 0 0
1436832000 0 0 0 0
1436745600 0 0 0 0
1436659200 0 0 0 0
1436572800 0 0 0 0
1436486400 0 0 0 0
1436400000 0 0 0 0
1436313600 0 0 0 0
1436227200 0 0 0 0
1436140800 0 0 0 0
1436054400 0 0 0 0
1435968000 0 0 0 0
1435881600 0 0 0 0
1435795200 0 0 0 0
1435708800 0 0 0 0
1435622400 0 0 0 0
1435536000 0 0 0 0
