1504297338 73013893007 160119493818
1504297338 7093 12841 7093 12841
1504297038 2118 9228 2118 9228
1504296900 3024 8515 4088 9228
1504296600 3477 7321 4088 7678
1504296300 4138 14504 5755 23429
1504296000 4622 17984 5755 23429
1504295700 5064 8808 7146 11594
1504295400 33062 17333 63487 31179
1504295100 39189 29794 63487 31179
1504294800 138551 63361 288231 104650
1504294500 321220 109478 359947 115147
1504294200 358835 111819 359947 115147
1504293900 355832 120026 357531 134246
1504293600 355489 133355 357401 134246
1504293300 351908 277837 357401 448657
1504293000 213633 668542 345460 926670
1504292700 53783 796187 58881 926670
1504292400 30733 417390 47800 643013
1504292100 7971 97737 10699 152529
1504291800 7723 100765 11191 179829
1504291500 24742 534766 40439 945881
1504291200 24428 514125 40439 945881
1504290900 8348 14272 11535 22479
1504290600 8896 17010 11535 22479
1504290300 6854 18078 8045 26768
1504290000 8117 19404 8202 26768
1504289700 7804 11465 8202 12158
1504289400 8281 13848 9390 15834
1504289100 10395 14601 11576 15834
1504288800 8549 11505 11576 13155
1504288500 5626 13688 6356 18459
1504288200 5479 22409 6356 27046
1504287900 4792 18832 5193 27046
1504287600 11096 17120 18026 26429
1504287300 11265 17515 18026 26429
1504287000 4340 10328 5404 14011
1504286700 5351 94913 5404 189885
1504286400 5158 214060 5289 242440
1504286100 3836 133914 5006 242440
1504285800 1977 4443 2464 6514
1504285500 2668 4120 4150 6595
1504285200 3830 25881 4150 48220
1504284900 4144 32831 4948 48220
1504284600 6693 28869 8743 45424
1504284300 5788 26713 8743 45424
1504284000 30077 9041 62173 13675
1504283700 46009 9431 62173 13675
1504283400 16495 6717 27036 9380
1504283100 12060 108870 21380 225663
1504282800 24928 124031 29095 225663
1504282500 17346 5983 29095 7440
1504282200 8412 16867 13899 27935
1504281900 45607 23382 82335 27935
1504281600 46961 13592 82335 18109
1504281300 6030 10299 6729 12658
1504281000 6621 13029 6729 13465
1504280700 5601 10199 6495 13465
1504280400 4115 9349 4552 12851
1504280100 4499 13011 5552 13200
1504279800 7874 18740 10564 25158
1504279500 9789 27058 10564 29290
1504279200 36941 48711 69445 71206
1504278900 100757 64338 137515 71206
1504278600 123481 43025 137515 56277
1504278300 104797 29191 107226 30970
1504278000 117453 30901 135656 30970
1504277700 135375 31742 135656 32823
1504277400 154030 35798 176316 39292
1504277100 134514 87040 176316 143093
1504276800 46794 78481 85443 143093
1504276500 19077 4648 39800 7015
1504276200 23357 7639 39800 8373
1504275900 5594 8926 7401 9577
1504275600 6245 8961 7401 9577
1504275300 6144 9519 7598 11001
1504275000 8678 12592 9931 14435
1504274700 16360 14258 23909 14435
1504274400 19425 19152 23909 25139
1504274100 12091 22845 14162 25139
1504273800 9399 23138 9660 26643
1504273500 50625 45707 99382 68087
1504273200 119427 48240 142960 68087
1504272900 82169 23566 142960 24943
1504272600 8225 20859 10806 21951
1504272300 8490 27960 12357 37800
1504272000 9798 48578 12357 61064
1504271700 5827 37582 6836 61064
1504271400 4306 14289 4644 19306
1504271100 3671 12624 3911 19306
1504270800 3726 6671 4111 8741
1504270500 5707 9105 7581 9534
1504270200 5618 10534 7581 11708
1504269900 3927 8292 4638 11708
1504269600 6348 10616 8330 17890
1504269300 8420 12744 8526 17890
1504269000 8740 16120 8993 27174
1504268700 7038 17831 8993 27174
1504268400 2896 4645 4743 6864
1504268100 686 1464 729 2042
1504267800 545 847 637 918
1504267500 443 761 448 918
1504267200 1020 990 1692 1474
1504266900 1171 1138 1692 1474
1504266600 525 678 569 750
1504266300 758 1465 1091 2489
1504266000 846 1865 1091 2489
1504265700 529 854 560 1133
1504265400 481 550 494 577
1504265100 477 623 490 678
1504264800 478 603 490 678
1504264500 432 474 465 515
1504264200 387 414 394 428
1504263900 383 433 388 475
1504263600 402 483 419 493
1504263300 392 474 419 493
1504263000 388 479 420 512
1504262700 388 451 420 512
1504262400 346 381 351 383
1504262100 367 436 398 500
1504261800 392 464 398 500
1504261500 440 613 505 838
1504261200 461 669 505 838
1504260900 443 512 482 561
1504260600 420 486 482 561
1504260300 389 481 438 579
1504260000 425 544 438 579
1504259700 388 475 411 503
1504259400 400 518 446 604
1504259100 415 507 446 604
1504258800 372 411 379 433
1504258500 400 495 443 567
1504258200 460 581 480 599
1504257900 501 610 526 624
1504257600 473 558 526 624
1504257300 398 523 412 573
1504257000 365 492 383 573
1504256700 371 440 402 491
1504256400 390 492 402 495
1504256100 368 494 377 495
1504255800 391 499 430 507
1504255500 398 448 430 507
1504255200 354 401 361 427
1504254900 439 1394 550 2530
1504254600 511 1606 550 2530
1504254300 458 628 466 753
1504254000 433 620 449 753
1504253700 397 428 416 466
1504253400 364 412 376 445
1504253100 372 436 398 445
1504252800 970 818 1643 1278
1504252500 1066 935 1643 1278
1504252200 453 593 516 656
1504251900 452 559 516 656
1504251600 357 426 378 448
1504251300 682 787 1092 1241
1504251000 777 885 1092 1241
1504250700 456 576 511 700
1504250400 470 622 511 700
1504250100 429 527 438 531
1504249800 393 503 438 524
1504249500 364 459 393 480
1504249200 386 418 393 436
1504248900 691 2734 1053 5440
1504248600 1036 3547 1053 5440
1504248300 733 907 1018 1356
1504248000 387 422 404 461
1504247700 386 457 408 461
1504247400 1826 1620 3491 2990
1504247100 2095 1975 3491 2990
1504246800 437 676 480 801
1504246500 401 491 417 533
1504246200 419 560 422 698
1504245900 8632 2825 18270 5324
1504245600 10063 3113 18270 5324
1504245300 443 573 460 637
1504245000 421 579 460 637
1504244700 403 508 434 511
1504244400 401 477 434 505
1504244100 378 446 396 446
1504243800 773 1070 1217 1804
1504243500 924 1451 1217 1804
1504243200 556 827 581 1038
1504242900 526 587 528 593
1504242600 462 575 524 593
1504242300 387 487 391 555
1504242000 403 469 426 542
1504241700 413 577 426 619
1504241400 373 532 398 619
1504241100 387 458 439 490
1504240800 441 501 445 516
1504240500 432 484 445 516
1504240200 495 597 587 773
1504239900 586 1796 587 2982
1504239600 1050 2643 1596 2982
1504239300 1057 1474 1596 2247
1504239000 397 493 434 580
1504238700 384 451 419 520
1504238400 469 592 528 678
1504238100 476 605 528 678
1504237800 845 8712 1351 18330
1504237500 997 10221 1351 18330
1504237200 468 570 583 702
1504236900 364 442 400 473
1504236600 906 781 1493 1139
1504236300 1423 1519 1493 1960
1504236000 928 1360 1342 1960
1504235700 438 562 444 657
1504235400 389 434 433 452
1504235100 427 570 532 752
1504234800 740 1008 986 1309
1504234500 763 1000 986 1309
1504234200 457 629 503 638
1504233900 427 569 453 620
1504233600 410 471 453 511
1504233300 457 568 573 736
1504233000 532 615 573 736
1504232700 459 492 486 515
1504232400 452 600 479 700
1504232100 505 703 536 707
1504231800 448 573 536 707
1504231500 29778 2881 63870 5735
1504231200 34674 3323 63870 5735
1504230900 364 455 402 493
1504230600 390 572 471 758
1504230300 430 618 471 758
1504230000 479 587 592 743
1504229700 954 1237 1380 1818
1504229400 933 1200 1380 1818
1504229100 399 465 409 476
1504228800 1775 1958 3382 3702
1504228500 2019 2225 3382 3702
1504228200 381 433 420 493
1504227900 425 612 530 902
1504227600 454 651 530 902
1504227300 361 414 365 481
1504227000 371 509 388 544
1504226700 1044 2759 1815 5360
1504226400 1112 3056 1815 5360
1504226100 363 462 451 590
1504225800 442 569 451 590
1504225500 414 581 433 623
1504225200 1167 3716 2077 7347
1504224900 1293 4190 2077 7347
1504224600 351 448 374 486
1504224300 457 530 612 677
1504224000 477 543 612 677
1504223700 347 455 379 535
1504223400 407 565 440 601
1504223100 413 562 440 601
1504222800 368 499 383 518
1504222500 379 500 414 526
1504222200 399 494 414 526
1504221900 370 483 383 513
1504221600 430 667 517 848
1504221300 471 664 517 848
1504221000 470 576 531 726
1504220700 499 686 531 726
1504220400 464 589 467 640
1504220100 439 536 467 544
1504219800 410 538 414 544
1504219500 418 524 424 533
1504219200 1147 1324 1997 2275
1504218900 1299 1545 1997 2275
1504218600 457 634 480 689
1504218300 734 1132 1089 1793
1504218000 958 1502 1089 1793
1504217700 666 966 807 1167
1504217400 848 1167 1256 1680
1504217100 887 1190 1256 1680
1504216800 461 609 471 616
1504216500 480 676 491 763
1504216200 814 6596 1195 13445
1504215900 931 7928 1195 13445
1504215600 880 7095 1183 13721
1504215300 899 7907 1183 13721
1504215000 583 1084 605 1087
1504214700 564 1096 605 1108
1504214400 783 3541 1096 6398
1504214100 888 3987 1096 6398
1504213800 906 1557 1214 2027
1504213500 2561 5919 4143 10490
1504213200 2969 8297 4143 10490
1504212900 1440 4812 1592 5723
1504212600 2243 11797 3395 21252
1504212300 3274 25102 3395 29622
1504212000 3167 24918 3210 29622
1504211700 4123 21264 5196 23455
1504211400 8147 53973 11613 89799
1504211100 9699 70590 11613 89799
1504210800 7776 45563 8155 48042
1504210500 6913 28928 8155 42653
1504210200 7130 31253 9095 52897
1504209900 6823 40379 9095 52897
1504209600 13981 32063 25515 39550
1504209300 14977 25098 25515 39550
1504209000 2525 11454 2773 15087
1504208700 2289 10063 2352 15087
1504208400 2508 4177 2693 4190
1504208100 3245 14339 3886 26095
1504207800 19777 25934 38433 26095
1504207500 36078 96867 38433 180357
1504207200 22592 132550 33314 180357
1504206900 8792 52562 10006 76429
1504206600 8839 88992 10565 164648
1504206300 14477 156078 19009 164648
1504206000 14587 93040 19009 146152
1504205700 9448 31648 9467 31797
1504205400 11721 100352 14381 179759
1504205100 10229 122985 14381 179759
1504204800 6007 60362 6773 65087
1504204500 5159 40639 6773 65087
1504204200 5536 21000 8167 31496
1504203900 11007 26390 14343 31496
1504203600 11816 25414 14343 31304
1504203300 7839 28680 8851 31304
1504203000 6628 22674 6651 25601
1504202700 5894 19202 6603 19238
1504202400 5278 20058 5529 21098
1504202100 5244 15347 5529 21098
1504201800 5376 17868 5917 28648
1504201500 6089 32612 6293 37267
1504201200 7244 25856 8362 37267
1504200900 8438 11193 8529 12461
1504200600 6701 9505 8529 9706
1504200300 6939 11816 9737 14805
1504200000 13577 20412 18086 26996
1504199700 13162 20137 18086 26996
1504199400 5895 13483 7383 15102
1504199100 3907 11064 4173 15102
1504198800 2282 4387 3596 6324
1504198500 777 2169 822 2233
1504198200 1668 3391 2648 4734
1504197900 2251 5333 2648 6038
1504197600 4037 26466 6680 50447
1504197300 6306 41398 6680 50447
1504197000 4658 17641 5868 30777
1504196700 3873 11771 4595 22740
1504196400 3608 16508 4595 22740
1504196100 22957 11798 47031 14856
1504195800 150141 23723 271184 34133
1504195500 226925 41872 271184 50958
1504195200 100654 38871 174970 50958
1504194900 26072 56221 40932 93244
1504194600 28569 68841 40932 93244
1504194300 13172 70213 14057 105453
1504194000 29819 109031 50302 113177
1504193700 37774 119545 50302 127022
1504193400 22252 111842 23068 127022
1504193100 39365 86432 60579 94024
1504192800 37508 68230 60579 77521
1504192500 12777 89293 15502 126323
1504192200 15763 101094 16070 126323
1504191900 19079 130470 22613 199722
1504191600 13635 110017 22613 199722
1504191300 6626 12251 10715 20985
1504191000 8023 14843 10715 20985
1504190700 4113 6533 4863 7633
1504190400 27941 21490 56559 40310
1504190100 36237 38364 56559 40310
1504189800 14004 41727 15883 48267
1504189500 35760 34568 58783 48267
1504189200 44394 32801 58783 49354
1504188900 20890 39091 27504 49354
1504188600 25620 39254 40289 53588
1504188300 35315 70097 40289 89219
1504188000 25965 106491 29555 126498
1504187700 55351 104281 94728 126498
1504187400 57280 51427 94728 78202
1504187100 16309 35703 19772 53898
1504186800 31961 79556 46080 109275
1504186500 49394 102792 53234 109275
1504186200 37870 78974 53234 95284
1504185900 21794 59843 23814 60083
1504185600 20361 65787 23814 73096
1504185300 23713 53611 32406 73096
1504185000 18681 19435 32406 30739
1504184700 3124 16389 3522 28184
1504184400 2346 16079 3522 28184
1504184100 1427 17833 1968 36574
1504183800 2197 23176 2466 36574
1504183500 2854 11401 3311 16040
1504183200 2497 12445 3311 16040
1504182900 1573 9755 1611 11553
1504182600 1780 9221 1979 11553
1504182300 1197 3711 1979 6484
1504182000 321 673 357 877
1504181700 321 629 357 877
1504181400 544 840 857 1427
1504181100 766 1186 857 1427
1504180800 515 700 661 905
1504180500 275 379 344 460
1504180200 207 323 222 369
1504179900 215 318 222 369
1504179600 200 246 209 260
1504179300 245 679 309 1206
1504179000 261 764 309 1206
1504178700 199 245 205 246
1504178400 200 284 209 331
1504178100 206 314 209 331
1504177800 199 261 204 296
1504177500 276 352 372 505
1504177200 412 536 459 574
1504176900 444 595 459 620
1504176600 515 661 616 710
1504176300 581 708 616 710
1504176000 486 667 541 707
1504175700 421 574 423 621
1504175400 319 376 419 520
1504175100 197 246 203 292
1504174800 204 300 219 310
1504174500 213 275 219 310
1504174200 201 239 207 245
1504173900 202 265 212 290
1504173600 212 253 214 290
1504173300 199 234 214 263
1504173000 201 284 222 310
1504172700 221 287 222 310
1504172400 205 260 220 262
1504172100 199 264 213 272
1504171800 215 260 219 272
1504171500 205 267 219 293
1504171200 204 304 222 317
1504170900 216 293 222 317
1504170600 203 271 211 279
1504170300 206 286 222 295
1504170000 219 268 222 295
1504169700 205 269 217 308
1504169400 206 316 223 326
1504169100 220 279 223 326
1504168800 202 254 217 289
1504168500 200 294 217 300
1504168200 216 267 217 300
1504167900 200 255 216 287
1504167600 197 298 214 312
1504167300 219 272 225 312
1504167000 205 262 225 305
1504166700 197 294 216 305
1504166400 215 255 216 283
1504166100 201 242 215 265
1504165800 200 285 218 310
1504165500 216 286 218 310
1504165200 196 278 214 301
1504164900 197 288 221 301
1504164600 216 265 221 275
1504164300 196 277 212 304
1504164000 192 315 210 329
1504163700 209 282 210 329
1504163400 196 248 208 273
1504163100 197 275 214 279
1504162800 214 266 214 279
1504162500 198 279 214 313
1504162200 197 323 219 336
1504161900 215 286 219 336
1504161600 195 243 211 260
1504161300 194 276 214 296
1504161000 210 265 214 296
1504160700 193 276 207 332
1504160400 191 318 208 332
1504160100 208 275 210 302
1504159800 198 257 210 272
1504159500 199 269 217 272
1504159200 215 245 217 266
1504158900 197 253 214 290
1504158600 195 301 214 315
1504158300 214 280 215 315
1504158000 197 266 215 296
1504157700 192 289 210 296
1504157400 212 276 216 281
1504157100 202 268 216 272
1504156800 196 301 208 344
1504156500 210 285 214 344
1504156200 200 242 214 272
1504155900 197 295 212 323
1504155600 215 300 219 323
1504155300 201 289 219 307
1504155000 191 307 203 309
1504154700 209 272 217 309
1504154400 197 258 217 293
1504154100 192 286 213 293
1504153800 216 309 221 346
1504153500 205 313 221 346
1504153200 197 298 208 326
1504152900 211 280 216 326
1504152600 204 253 216 286
1504152300 202 276 216 286
1504152000 216 268 216 272
1504151700 209 272 216 272
1504151400 206 319 212 375
1504151100 214 306 218 375
1504150800 218 262 220 305
1504150500 216 293 220 305
1504150200 220 277 230 281
1504149900 223 283 230 295
1504149600 222 310 228 328
1504149300 227 291 228 328
1504149000 222 254 226 262
1504148700 219 296 221 336
1504148400 220 309 221 336
1504148100 210 250 219 278
1504147800 206 265 214 320
1504147500 222 320 232 321
1504147200 215 300 232 321
1504146900 201 266 208 276
1504146600 211 265 216 277
1504146300 199 260 216 277
1504146000 196 281 214 327
1504145700 214 297 215 327
1504145400 204 276 215 293
1504145100 205 291 220 293
1504144800 218 266 220 290
1504144500 207 236 216 239
1504144200 205 274 216 322
1504143900 217 310 220 322
1504143600 206 290 220 296
1504143300 201 304 214 330
1504143000 206 287 214 330
1504142700 196 246 198 257
1504142400 205 309 218 371
1504142100 215 327 218 371
1504141800 204 277 213 279
1504141500 203 324 214 377
1504141200 210 311 214 377
1504140900 199 238 206 242
1504140600 205 300 223 370
1504140300 219 302 223 370
1504140000 206 235 216 248
1504139700 212 286 232 332
1504139400 226 289 232 332
1504139100 212 251 219 266
1504138800 218 321 235 386
1504138500 232 317 235 386
1504138200 221 247 229 259
1504137900 225 299 242 346
1504137600 234 297 242 346
1504137300 221 243 226 246
1504137000 219 305 223 375
1504136700 223 328 224 375
1504136400 215 252 224 274
1504136100 223 276 244 334
1504135800 236 309 244 334
1504135500 222 270 228 280
1504135200 226 303 238 355
1504134900 238 314 239 355
1504134600 224 256 239 267
1504134300 223 275 241 312
1504134000 240 306 241 312
1504133700 247 292 256 301
1504133400 249 303 256 328
1504133100 241 307 243 328
1504132800 230 266 243 284
1504132500 235 270 260 299
1504132200 259 306 260 315
1504131900 239 283 258 315
1504131600 225 318 234 403
1504131300 231 362 234 403
1504131000 227 287 229 316
1504130700 231 294 239 343
1504130400 239 373 239 410
1504130100 344 812 469 1286
1504129800 369 895 469 1286
1504129500 299 614 356 823
1504129200 347 841 356 864
1504128900 2016 14839 3962 31027
1504128600 5239 23277 6719 31027
1504128300 9279 61410 12286 116712
1504128000 9738 94027 12286 116712
1504127700 3910 37314 6747 67398
1504127400 1532 2871 2635 3884
1504127100 1663 2632 2635 3884
1504126800 562 1794 590 2504
1504126500 482 1929 590 2504
1504126200 563 1608 803 2016
1504125900 1339 3325 1969 4862
1504125600 1852 3886 1969 4862
1504125300 2779 5823 4029 9441
1504125000 4581 11783 5230 14534
1504124700 5280 20395 5339 27184
1504124400 5936 43770 6638 63242
1504124100 5155 37123 6638 63242
1504123800 3070 6649 3415 6866
1504123500 1795 4783 2672 6866
1504123200 1553 6708 2477 11840
1504122900 1907 7342 2477 11840
1504122600 1108 2237 1239 2444
1504122300 1272 2507 1644 2583
1504122000 4217 34745 7198 71998
1504121700 4417 40074 7198 71998
1504121400 2022 10123 3044 18957
1504121100 2480 14754 3044 18957
1504120800 1451 6354 1819 9821
1504120500 1232 2809 1483 3423
1504120200 1540 3674 1607 3969
1504119900 2689 9082 3944 15005
1504119600 7590 96863 11814 191677
1504119300 8777 117834 11814 191677
1504119000 3335 18890 5261 32304
1504118700 1431 15974 1849 31037
1504118400 1758 18882 1849 31037
1504118100 2956 41224 4487 84201
1504117800 4440 59698 4487 84201
1504117500 3332 19454 4385 30935
1504117200 34483 68782 100158 196718
1504116000 13189 8192 100158 21319
1504114200 9771 12942 44718 23266
1504112400 1422 3691 4246 12867
1504110600 2568 5527 4774 10003
1504108800 6954 16633 14095 50115
1504107000 32895 7190 112500 9284
1504105200 28640 31282 48000 67969
1504103400 9563 21788 25819 37016
1504101600 7139 16519 25819 30298
1504099800 6587 21733 9425 30533
1504098000 1498 5435 2568 14027
1504096200 825 2384 2011 7361
1504094400 273 749 489 1851
1504092600 205 437 247 538
1504090800 201 438 218 509
1504089000 197 351 215 507
1504087200 198 273 218 577
1504085400 193 224 209 294
1504083600 195 227 210 264
1504081800 193 220 208 240
1504080000 197 217 211 234
1504078200 196 222 211 278
1504076400 198 222 210 253
1504074600 197 222 216 266
1504072800 197 225 209 249
1504071000 198 224 217 265
1504069200 195 224 212 277
1504067400 194 223 209 295
1504065600 193 219 213 262
1504063800 196 226 218 291
1504062000 196 225 213 259
1504060200 197 243 211 331
1504058400 210 266 249 327
1504056600 204 256 249 354
1504054800 203 229 218 287
1504053000 206 232 219 266
1504051200 218 264 264 340
1504049400 213 241 235 292
1504047600 210 240 229 276
1504045800 301 555 619 1080
1504044000 596 3862 1827 19613
1504042200 938 1860 2909 6060
1504040400 918 2740 1762 7041
1504038600 2997 9553 6559 21954
1504036800 6305 95226 8358 300454
1504035000 7634 30241 17075 97547
1504033200 17708 160260 41408 601594
1504031400 7312 39845 9546 89222
1504029600 5783 10824 11540 16880
1504027800 3179 8334 6420 15742
1504026000 10470 275069 23950 912190
1504024200 5689 101982 9741 245608
1504022400 5885 52422 10246 127897
1504020600 1936 4726 3151 9262
1504018800 5705 27252 17022 84116
1504017000 11028 25793 25367 53910
1504015200 3341 10474 5513 17430
1504013400 1550 11590 3466 50413
1504011600 1618 3778 6349 19687
1504009800 1981 4447 6349 19687
1504008000 1580 3214 5279 9476
1504006200 568 3173 2217 11913
1504004400 212 268 244 330
1504002600 210 268 243 323
1504000800 210 270 233 319
1503999000 216 288 245 362
1503997200 220 277 237 327
1503995400 229 281 254 325
1503993600 212 280 228 368
1503991800 192 269 207 377
1503990000 202 271 217 319
1503988200 936 1109 2585 3509
1503986400 1288 1696 2785 4215
1503984600 219 286 239 372
1503982800 206 270 222 306
1503981000 211 272 237 319
1503979200 219 278 235 342
1503977400 217 270 241 324
1503975600 215 275 245 323
1503973800 219 273 237 334
1503972000 218 277 232 423
1503970200 6472 5085 37776 29002
1503968400 213 284 229 321
1503966600 220 273 259 354
1503964800 230 271 267 301
1503963000 229 271 243 323
1503961200 237 281 263 357
1503959400 712 5721 2626 63992
1503957600 1445 7460 9609 63992
1503955800 2633 11854 9609 44892
1503954000 27557 148959 65607 469709
1503952200 52498 301740 78984 570032
1503950400 38552 130417 78984 225590
1503948600 40212 55158 68256 431294
1503946800 72116 61263 95768 431294
1503945000 77231 71951 114777 121671
1503943200 5674 21959 8246 53837
1503941400 3808 29308 10303 144713
1503939600 6847 26307 12765 54428
1503937800 3581 6461 10253 14284
1503936000 24433 368783 42343 549953
1503934200 48977 371152 98963 1064353
1503932400 41674 556772 98963 1064353
1503930600 12651 472564 30995 844999
1503928800 19047 122489 66564 648631
1503927000 2256 18184 7664 93284
1503925200 1420 4963 2556 10174
1503923400 2774 2184 24722 6095
1503921600 2553 994 24722 6095
1503919800 217 196 231 246
1503918000 213 190 235 231
1503916200 228 201 248 259
1503914400 224 194 264 241
1503912600 253 363 344 1144
1503910800 227 197 280 242
1503909000 211 190 229 225
1503907200 219 199 261 238
1503905400 25958 1172 335830 12833
1503903600 30416 1327 335830 12833
1503901800 229 207 274 244
1503900000 219 194 256 229
1503898200 238 209 289 256
1503896400 214 194 255 247
1503894600 221 205 257 247
1503892800 232 204 256 260
1503891000 217 201 257 294
1503889200 224 201 277 299
1503887400 267 616 422 2651
1503885600 225 203 268 315
1503883800 212 197 240 281
1503882000 213 195 244 281
1503880200 216 194 247 270
1503878400 234 209 259 293
1503876600 226 205 259 290
1503874800 229 201 261 313
1503873000 227 202 251 291
1503871200 215 195 242 304
1503869400 217 193 246 304
1503867600 228 213 273 298
1503865800 217 193 252 279
1503864000 228 207 260 296
1503862200 249 635 393 2748
1503860400 226 209 288 282
1503858600 216 199 290 316
1503856800 229 205 286 309
1503855000 219 199 292 308
1503853200 230 209 283 287
1503851400 216 195 260 251
1503849600 221 195 260 260
1503847800 228 208 268 289
1503846000 211 196 252 272
1503844200 208 195 258 272
1503842400 210 191 256 231
1503840600 229 210 281 261
1503838800 242 215 272 251
1503837000 269 392 358 1266
1503835200 241 212 300 307
1503833400 233 210 289 289
1503831600 215 198 253 267
1503829800 229 200 261 266
1503828000 221 198 254 252
1503826200 228 200 263 250
1503824400 250 218 288 271
1503822600 413 289 1301 655
1503820800 239 213 296 265
1503819000 222 202 258 251
1503817200 225 211 276 263
1503815400 227 206 258 241
1503813600 237 212 270 242
1503811800 244 231 280 363
1503810000 218 198 246 246
1503808200 256 250 366 461
1503806400 216 196 247 213
1503804600 212 200 258 235
1503802800 211 192 238 231
1503801000 225 205 279 223
1503799200 216 194 242 223
1503797400 234 208 285 237
1503795600 230 208 262 246
1503793800 213 193 261 231
1503792000 210 194 253 229
1503790200 213 199 251 236
1503788400 211 195 256 237
1503786600 211 192 258 237
1503784800 211 194 255 221
1503783000 211 194 262 231
1503781200 228 209 283 247
1503779400 233 202 284 240
1503777600 232 204 288 240
1503775800 239 212 290 242
1503774000 216 201 257 246
1503772200 228 203 274 234
1503770400 225 197 274 210
1503768600 235 210 277 249
1503766800 235 206 268 257
1503765000 237 205 283 249
1503763200 218 195 269 231
1503761400 219 198 252 212
1503759600 234 211 289 254
1503757800 222 196 252 220
1503756000 236 210 271 248
1503754200 229 201 259 224
1503752400 215 194 238 227
1503750600 212 193 239 221
1503748800 217 199 233 238
1503747000 230 207 250 264
1503745200 439 506 1534 2094
1503743400 239 205 271 243
1503741600 229 202 260 259
1503739800 214 200 231 231
1503738000 213 202 227 243
1503736200 220 210 259 259
1503734400 217 204 253 263
1503732600 236 220 257 264
1503730800 226 210 255 255
1503729000 212 208 227 240
1503727200 223 206 275 270
1503725400 228 207 244 241
1503723600 216 208 249 250
1503721800 235 211 256 253
1503720000 226 205 274 251
1503718200 253 235 347 319
1503716400 239 221 278 293
1503714600 234 218 269 310
1503712800 227 220 239 302
1503711000 216 206 238 243
1503709200 224 201 243 244
1503707400 241 213 256 278
1503705600 224 204 258 289
1503703800 237 272 258 337
1503702000 313 480 435 865
1503700200 774 1347 3045 4974
1503698400 604 1182 1470 3534
1503696600 1919 4253 5162 9960
1503694800 2743 14351 6369 51532
1503693000 2828 15723 8352 71143
1503691200 7124 15859 12072 20910
1503689400 12694 47785 23374 84179
1503687600 3740 9448 5437 17893
1503685800 12049 31048 20598 62233
1503684000 18289 68611 35611 173012
1503682200 9826 18241 15832 27984
1503680400 2112 4975 7850 11280
1503678600 6248 12074 19167 50388
1503676800 23625 55737 79552 110528
1503675000 18194 65178 28135 89945
1503673200 23634 50759 38049 121988
1503671400 4183 6211 38049 29183
1503669600 2411 13731 6877 56141
1503667800 2304 12568 6147 52046
1503666000 3678 8519 11224 22890
1503664200 1336 6660 3224 30969
1503662400 4606 750 26112 2739
1503660600 287 323 409 365
1503658800 238 309 276 389
1503657000 242 303 311 391
1503655200 245 305 271 458
1503653400 270 479 458 1383
1503651600 263 319 305 435
1503649800 239 299 300 405
1503648000 234 294 257 393
1503646200 26332 3014 336872 14951
1503644400 30348 1617 336872 14951
1503642600 249 356 330 619
1503640800 238 312 247 360
1503639000 236 330 253 413
1503637200 236 314 268 338
1503635400 230 306 257 347
1503633600 226 293 243 350
1503631800 228 293 248 327
1503630000 236 299 264 367
1503628200 228 301 242 377
1503626400 230 327 249 481
1503624600 232 327 256 481
1503622800 241 278 268 400
1503621000 233 283 249 400
1503619200 230 269 252 341
1503617400 231 275 251 315
1503615600 239 284 304 352
1503613800 249 359 304 651
1503612000 735 3719 2297 17773
1503610200 5625 7822 17088 17932
1503608400 5691 8471 11183 20873
1503606600 10376 25245 15820 40187
1503604800 8963 17908 11232 34514
1503603000 9452 16254 16995 26209
1503601200 9004 29419 14908 98526
1503599400 9905 9110 39381 59918
1503597600 6988 29913 11813 59918
1503595800 10160 44518 13282 84485
1503594000 11219 29828 13282 84485
1503592200 439394 46222 837223 63191
1503590400 169183 44743 837223 63191
1503588600 26560 74466 27780 116135
1503586800 33797 69023 35664 116135
1503585000 18809 53412 35664 54417
1503583200 6243 14380 16191 53257
1503581400 6832 23898 10607 82407
1503579600 11058 77883 18151 82407
1503577800 18151 7024 18151 7024
1503576000 3704 1634 18151 7024
1503574200 264 368 279 373
1503572400 266 383 272 389
1503570600 314 429 373 484
1503568800 356 467 373 484
1503567000 230 339 230 339
1503565200 236 340 237 341
1503563400 275 386 413 548
1503561600 413 548 413 548
1503559800 303 431 413 548
1503558000 235 357 235 357
1503556200 322 408 335 416
1503554400 266 376 335 416
1503552600 228 352 243 362
1503550800 225 356 227 359
1503549000 252 363 324 471
1503547200 281 410 324 471
1503545400 240 386 244 404
1503543600 433 832 560 1147
1503541800 260 382 310 459
1503540000 620 919 886 1313
1503538200 507 536 566 665
1503536400 229 364 246 383
1503534600 238 353 240 359
1503532800 269 381 294 398
1503531000 256 384 280 434
1503529200 660 1031 999 1707
1503527400 1497 2696 3649 6191
1503525600 3129 14782 9182 47538
1503523800 7682 14539 21522 25851
1503522000 7951 9589 23004 30920
1503520200 8565 23843 23004 40198
1503518400 15243 53776 31863 192541
1503516600 20847 83880 42923 311294
1503514800 30436 52657 121057 167888
1503513000 12803 29046 22944 55862
1503511200 25386 98452 54139 303734
1503509400 16733 111821 40355 303734
1503507600 3376 13781 6454 36061
1503505800 9565 33910 18589 100980
1503504000 11682 36217 14995 66659
1503502200 9231 37934 14393 54897
1503500400 51265 74823 117144 167931
1503498600 23748 80948 117144 304436
1503496800 26130 112321 59886 181113
1503495000 3251 12529 9416 42383
1503493200 4608 35878 7384 77774
1503491400 6083 172796 9275 308662
1503489600 115869 6299 692009 27065
1503487800 221 228 269 275
1503486000 223 221 267 246
1503484200 219 215 270 238
1503482400 220 222 266 252
1503480600 218 230 267 263
1503478800 223 227 268 269
1503477000 221 226 267 271
1503475200 368 439 1065 1543
1503473400 222 249 271 334
1503471600 224 238 277 306
1503469800 222 231 271 285
1503468000 220 231 256 286
1503466200 220 226 255 321
1503464400 219 235 248 324
1503462600 219 235 255 337
1503460800 220 234 245 314
1503459000 218 250 248 351
1503457200 226 264 255 353
1503455400 223 251 255 308
1503453600 222 260 248 355
1503451800 231 259 271 355
1503450000 242 244 259 294
1503448200 372 434 1021 1453
1503446400 527 650 1803 3062
1503444600 1249 1726 5200 7670
1503442800 426 574 1096 1869
1503441000 692 1610 1461 5530
1503439200 1842 26166 11767 200151
1503437400 2927 28150 11767 200151
1503435600 15128 115890 32398 247279
1503433800 16059 147653 24021 358278
1503432000 27594 112005 61386 199865
1503430200 31838 217931 48361 564763
1503428400 15016 68238 31512 354481
1503426600 4263 13429 15856 142566
1503424800 20411 87763 30809 238272
1503423000 29996 144983 54766 460744
1503421200 5670 28448 8165 49609
1503419400 9550 26135 19032 44971
1503417600 18896 89742 29470 163009
1503415800 12381 43435 23259 89223
1503414000 6665 16230 16282 53174
1503412200 10312 22335 32132 72510
1503410400 10163 25850 32132 72510
1503408600 4553 116039 9559 386955
1503406800 10682 130032 30437 411771
1503405000 1598 3992 2989 12779
1503403200 361 331 576 814
1503401400 303 257 487 530
1503399600 258 218 306 296
1503397800 263 222 302 280
1503396000 250 233 302 270
1503394200 276 255 333 314
1503392400 269 232 333 319
1503390600 253 232 295 280
1503388800 257 238 284 293
1503387000 251 244 288 296
1503385200 251 234 291 288
1503383400 253 243 309 272
1503381600 263 239 304 272
1503379800 259 261 304 297
1503378000 255 251 277 275
1503376200 257 262 285 319
1503374400 255 250 300 319
1503372600 277 270 331 321
1503370800 259 259 288 310
1503369000 274 264 302 309
1503367200 284 288 334 366
1503365400 262 276 308 371
1503363600 271 266 308 391
1503361800 267 272 294 402
1503360000 293 321 319 444
1503358200 318 438 373 1132
1503356400 334 342 645 826
1503354600 2196 8860 3900 20982
1503352800 2178 5335 6608 16718
1503351000 20872 9038 86516 16718
1503349200 6750 13740 20233 51007
1503347400 2332 30542 15457 275461
1503345600 11921 113738 19823 275461
1503343800 17183 87472 45681 197404
1503342000 32854 124499 53405 258013
1503340200 18724 166784 25132 258013
1503338400 15899 27422 35620 66231
1503336600 13503 57555 20772 141638
1503334800 9878 39262 22733 120604
1503333000 16391 44984 48200 110423
1503331200 10488 29233 48200 47226
1503329400 6429 14235 34424 31923
1503327600 12763 20411 66909 79317
1503325800 37362 94303 66909 152066
1503324000 20742 29968 69948 152066
1503322200 223 166 223 166
1503320400 223 166 223 166
1503318600 223 166 223 166
1503316800 223 166 223 166
1503315000 223 166 223 166
1503313200 223 166 223 166
1503311400 223 166 223 166
1503309600 223 166 223 166
1503307800 223 166 223 166
1503306000 223 166 223 166
1503304200 223 166 223 166
1503302400 223 166 223 166
1503300600 223 166 223 166
1503298800 223 166 223 166
1503297000 223 166 223 166
1503295200 223 166 223 166
1503293400 223 166 223 166
1503291600 223 166 223 166
1503289800 223 166 223 166
1503288000 223 166 223 166
1503286200 223 166 223 166
1503284400 223 166 223 166
1503282600 223 166 223 166
1503280800 223 166 223 166
1503279000 223 166 223 166
1503277200 223 166 223 166
1503275400 223 166 223 166
1503273600 223 166 223 166
1503271800 223 166 223 166
1503270000 223 166 223 166
1503268200 223 166 223 166
1503266400 223 166 223 166
1503264600 223 166 223 166
1503262800 223 166 223 166
1503261000 223 166 223 166
1503259200 223 166 223 166
1503257400 223 166 223 166
1503255600 223 166 223 166
1503253800 223 166 223 166
1503252000 223 166 223 166
1503250200 223 166 223 166
1503248400 223 166 223 166
1503246600 223 166 223 166
1503244800 223 166 223 166
1503243000 223 166 223 166
1503241200 223 166 223 166
1503239400 223 166 223 166
1503237600 223 166 223 166
1503235800 223 166 223 166
1503234000 223 166 223 166
1503232200 223 166 223 166
1503230400 223 166 223 166
1503228600 223 166 223 166
1503226800 223 166 223 166
1503225000 223 166 223 166
1503223200 223 166 223 166
1503221400 223 166 223 166
1503219600 223 166 223 166
1503217800 223 166 223 166
1503216000 223 166 223 166
1503214200 223 166 223 166
1503212400 223 166 223 166
1503210600 223 166 223 166
1503208800 223 166 223 166
1503207000 223 166 223 166
1503205200 223 166 223 166
1503203400 223 166 223 166
1503201600 223 166 223 166
1503199800 223 166 223 166
1503198000 223 166 223 166
1503196200 223 166 223 166
1503194400 223 166 223 166
1503192600 223 166 223 166
1503190800 223 166 223 166
1503189000 223 166 223 166
1503187200 223 166 223 166
1503185400 223 166 223 166
1503183600 223 166 223 166
1503181800 223 166 223 166
1503180000 223 166 223 166
1503178200 223 166 223 166
1503176400 223 166 223 166
1503174600 223 166 223 166
1503172800 223 166 223 166
1503171000 223 166 223 166
1503169200 223 166 223 166
1503167400 223 166 223 166
1503165600 223 166 223 166
1503163800 223 166 223 166
1503162000 223 166 223 166
1503160200 223 166 223 166
1503158400 223 166 223 166
1503156600 223 166 223 166
1503154800 223 166 223 166
1503153000 223 166 223 166
1503151200 223 166 223 166
1503149400 223 166 223 166
1503147600 223 166 223 166
1503145800 223 166 223 166
1503144000 223 166 223 166
1503142200 223 166 223 166
1503140400 223 166 223 166
1503138600 223 166 223 166
1503136800 223 166 223 166
1503135000 223 166 223 166
1503133200 223 166 223 166
1503131400 223 166 223 166
1503129600 223 166 223 166
1503127800 223 166 223 166
1503126000 223 166 223 166
1503124200 223 166 223 166
1503122400 223 166 223 166
1503120600 223 166 223 166
1503118800 223 166 223 166
1503117000 223 166 223 166
1503115200 223 166 223 166
1503113400 223 166 223 166
1503111600 223 166 223 166
1503109800 223 166 223 166
1503108000 223 166 223 166
1503106200 223 166 223 166
1503104400 223 166 223 166
1503102600 223 166 223 166
1503100800 223 166 223 166
1503099000 223 166 223 166
1503097200 223 166 223 166
1503095400 223 166 223 166
1503093600 223 166 223 166
1503091800 223 166 223 166
1503090000 223 166 223 166
1503088200 223 166 223 166
1503086400 223 166 223 166
1503084600 223 166 223 166
1503082800 223 166 223 166
1503081000 223 166 223 166
1503079200 223 166 223 166
1503077400 223 166 223 166
1503075600 223 166 223 166
1503073800 223 166 223 166
1503072000 223 166 223 166
1503070200 223 166 223 166
1503068400 223 166 223 166
1503066600 223 166 223 166
1503064800 223 166 223 166
1503063000 223 166 223 166
1503061200 223 166 223 166
1503059400 223 166 223 166
1503057600 223 166 223 166
1503055800 223 166 223 166
1503054000 223 166 223 166
1503052200 223 166 223 166
1503050400 223 166 223 166
1503048600 223 166 223 166
1503046800 223 166 223 166
1503045000 223 166 223 166
1503043200 223 166 223 166
1503041400 223 166 223 166
1503039600 223 166 223 166
1503037800 223 166 223 166
1503036000 223 166 223 166
1503028800 223 166 223 166
1503021600 223 166 223 166
1503014400 223 166 223 166
1503007200 223 166 223 166
1503000000 223 166 223 166
1502992800 223 166 223 166
1502985600 223 166 223 166
1502978400 223 166 223 166
1502971200 223 166 223 166
1502964000 223 166 223 166
1502956800 223 166 223 166
1502949600 223 166 223 166
1502942400 223 166 223 166
1502935200 223 166 223 166
1502928000 223 166 223 166
1502920800 223 166 223 166
1502913600 223 166 223 166
1502906400 223 166 223 166
1502899200 223 166 223 166
1502892000 223 166 223 166
1502884800 223 166 223 166
1502877600 223 166 223 166
1502870400 223 166 223 166
1502863200 223 166 223 166
1502856000 223 166 223 166
1502848800 223 166 223 166
1502841600 223 166 223 166
1502834400 223 166 223 166
1502827200 223 166 223 166
1502820000 223 166 223 166
1502812800 223 166 223 166
1502805600 223 166 223 166
1502798400 223 166 223 166
1502791200 223 166 223 166
1502784000 223 166 223 166
1502776800 223 166 223 166
1502769600 223 166 223 166
1502762400 223 166 223 166
1502755200 223 166 223 166
1502748000 223 166 223 166
1502740800 223 166 223 166
1502733600 223 166 223 166
1502726400 223 166 223 166
1502719200 223 166 223 166
1502712000 223 166 223 166
1502704800 223 166 223 166
1502697600 223 166 223 166
1502690400 223 166 223 166
1502683200 223 166 223 166
1502676000 223 166 223 166
1502668800 223 166 223 166
1502661600 223 166 223 166
1502654400 223 166 223 166
1502647200 223 166 223 166
1502640000 223 166 223 166
1502632800 223 166 223 166
1502625600 223 166 223 166
1502618400 223 166 223 166
1502611200 223 166 223 166
1502604000 223 166 223 166
1502596800 223 166 223 166
1502589600 223 166 223 166
1502582400 223 166 223 166
1502575200 223 166 223 166
1502568000 223 166 223 166
1502560800 223 166 223 166
1502553600 223 166 223 166
1502546400 223 166 223 166
1502539200 223 166 223 166
1502532000 223 166 223 166
1502524800 223 166 223 166
1502517600 223 166 223 166
1502510400 223 166 223 166
1502503200 223 166 223 166
1502496000 223 166 223 166
1502488800 223 166 223 166
1502481600 223 166 223 166
1502474400 223 166 223 166
1502467200 223 166 223 166
1502460000 223 166 223 166
1502452800 223 166 223 166
1502445600 223 166 223 166
1502438400 223 166 223 166
1502431200 223 166 223 166
1502424000 223 166 223 166
1502416800 223 166 223 166
1502409600 223 166 223 166
1502402400 223 166 223 166
1502395200 223 166 223 166
1502388000 223 166 223 166
1502380800 223 166 223 166
1502373600 223 166 223 166
1502366400 223 166 223 166
1502359200 223 166 223 166
1502352000 223 166 223 166
1502344800 223 166 223 166
1502337600 223 166 223 166
1502330400 223 166 223 166
1502323200 223 166 223 166
1502316000 223 166 223 166
1502308800 223 166 223 166
1502301600 223 166 223 166
1502294400 223 166 223 166
1502287200 223 166 223 166
1502280000 223 166 223 166
1502272800 223 166 223 166
1502265600 223 166 223 166
1502258400 223 166 223 166
1502251200 223 166 223 166
1502244000 223 166 223 166
1502236800 223 166 223 166
1502229600 223 166 223 166
1502222400 223 166 223 166
1502215200 223 166 223 166
1502208000 223 166 223 166
1502200800 223 166 223 166
1502193600 223 166 223 166
1502186400 223 166 223 166
1502179200 223 166 223 166
1502172000 223 166 223 166
1502164800 223 166 223 166
1502157600 223 166 223 166
1502150400 223 166 223 166
1502143200 223 166 223 166
1502136000 223 166 223 166
1502128800 223 166 223 166
1502121600 223 166 223 166
1502114400 223 166 223 166
1502107200 223 166 223 166
1502100000 223 166 223 166
1502092800 223 166 223 166
1502085600 223 166 223 166
1502078400 223 166 223 166
1502071200 223 166 223 166
1502064000 223 166 223 166
1502056800 223 166 223 166
1502049600 223 166 223 166
1502042400 223 166 223 166
1502035200 223 166 223 166
1502028000 223 166 223 166
1502020800 223 166 223 166
1502013600 223 166 223 166
1502006400 223 166 223 166
1501999200 223 166 223 166
1501992000 223 166 223 166
1501984800 223 166 223 166
1501977600 223 166 223 166
1501970400 223 166 223 166
1501963200 223 166 223 166
1501956000 223 166 223 166
1501948800 223 166 223 166
1501941600 223 166 223 166
1501934400 223 166 223 166
1501927200 223 166 223 166
1501920000 223 166 223 166
1501912800 223 166 223 166
1501905600 223 166 223 166
1501898400 223 166 223 166
1501891200 223 166 223 166
1501884000 223 166 223 166
1501876800 223 166 223 166
1501869600 223 166 223 166
1501862400 223 166 223 166
1501855200 223 166 223 166
1501848000 223 166 223 166
1501840800 223 166 223 166
1501833600 223 166 223 166
1501826400 223 166 223 166
1501819200 223 166 223 166
1501812000 223 166 223 166
1501804800 223 166 223 166
1501797600 223 166 223 166
1501790400 223 166 223 166
1501783200 223 166 223 166
1501776000 223 166 223 166
1501768800 223 166 223 166
1501761600 223 166 223 166
1501754400 223 166 223 166
1501747200 223 166 223 166
1501740000 223 166 223 166
1501732800 223 166 223 166
1501725600 223 166 223 166
1501718400 223 166 223 166
1501711200 223 166 223 166
1501704000 223 166 223 166
1501696800 223 166 223 166
1501689600 223 166 223 166
1501682400 223 166 223 166
1501675200 223 166 223 166
1501668000 223 166 223 166
1501660800 223 166 223 166
1501653600 223 166 223 166
1501646400 223 166 223 166
1501639200 223 166 223 166
1501632000 223 166 223 166
1501624800 223 166 223 166
1501617600 223 166 223 166
1501610400 223 166 223 166
1501603200 223 166 223 166
1501596000 223 166 223 166
1501588800 223 166 223 166
1501581600 223 166 223 166
1501574400 223 166 223 166
1501567200 223 166 223 166
1501560000 223 166 223 166
1501552800 223 166 223 166
1501545600 223 166 223 166
1501538400 223 166 223 166
1501531200 223 166 223 166
1501524000 223 166 223 166
1501516800 223 166 223 166
1501509600 223 166 223 166
1501502400 223 166 223 166
1501495200 223 166 223 166
1501488000 223 166 223 166
1501480800 223 166 223 166
1501473600 223 166 223 166
1501466400 223 166 223 166
1501459200 223 166 223 166
1501452000 223 166 223 166
1501444800 223 166 223 166
1501437600 223 166 223 166
1501430400 223 166 223 166
1501423200 223 166 223 166
1501416000 223 166 223 166
1501408800 223 166 223 166
1501401600 223 166 223 166
1501394400 223 166 223 166
1501387200 223 166 223 166
1501380000 223 166 223 166
1501372800 223 166 223 166
1501365600 223 166 223 166
1501358400 223 166 223 166
1501351200 223 166 223 166
1501344000 223 166 223 166
1501336800 223 166 223 166
1501329600 223 166 223 166
1501322400 223 166 223 166
1501315200 223 166 223 166
1501308000 223 166 223 166
1501300800 223 166 223 166
1501293600 223 166 223 166
1501286400 223 166 223 166
1501279200 223 166 223 166
1501272000 223 166 223 166
1501264800 223 166 223 166
1501257600 223 166 223 166
1501250400 223 166 223 166
1501243200 223 166 223 166
1501236000 223 166 223 166
1501228800 223 166 223 166
1501221600 223 166 223 166
1501214400 223 166 223 166
1501207200 223 166 223 166
1501200000 223 166 223 166
1501192800 223 166 223 166
1501185600 223 166 223 166
1501178400 223 166 223 166
1501171200 223 166 223 166
1501164000 223 166 223 166
1501156800 223 166 223 166
1501149600 223 166 223 166
1501142400 223 166 223 166
1501135200 223 166 223 166
1501128000 223 166 223 166
1501120800 223 166 223 166
1501113600 223 166 223 166
1501106400 223 166 223 166
1501099200 223 166 223 166
1501092000 223 166 223 166
1501084800 223 166 223 166
1501077600 223 166 223 166
1501070400 223 166 223 166
1501063200 223 166 223 166
1501056000 223 166 223 166
1501048800 223 166 223 166
1501041600 223 166 223 166
1501034400 223 166 223 166
1501027200 223 166 223 166
1501020000 223 166 223 166
1501012800 223 166 223 166
1501005600 223 166 223 166
1500998400 223 166 223 166
1500991200 223 166 223 166
1500984000 223 166 223 166
1500976800 223 166 223 166
1500969600 223 166 223 166
1500962400 223 166 223 166
1500955200 223 166 223 166
1500948000 223 166 223 166
1500940800 223 166 223 166
1500933600 223 166 223 166
1500926400 223 166 223 166
1500919200 223 166 223 166
1500912000 223 166 223 166
1500904800 223 166 223 166
1500897600 223 166 223 166
1500890400 223 166 223 166
1500883200 223 166 223 166
1500876000 223 166 223 166
1500868800 223 166 223 166
1500861600 223 166 223 166
1500854400 223 166 223 166
1500847200 223 166 223 166
1500840000 223 166 223 166
1500832800 223 166 223 166
1500825600 223 166 223 166
1500818400 223 166 223 166
1500811200 223 166 223 166
1500804000 223 166 223 166
1500796800 223 166 223 166
1500789600 223 166 223 166
1500782400 223 166 223 166
1500775200 223 166 223 166
1500768000 223 166 223 166
1500760800 223 166 223 166
1500753600 223 166 223 166
1500746400 223 166 223 166
1500739200 223 166 223 166
1500732000 223 166 223 166
1500724800 222 165 223 166
1500717600 218 166 221 170
1500710400 218 167 219 170
1500703200 220 165 223 177
1500696000 222 165 226 177
1500688800 275 473 457 1638
1500681600 417 537 2606 4800
1500674400 13301 77695 36226 707873
1500667200 9575 38988 26377 300596
1500660000 16274 25257 66340 81754
1500652800 25682 64928 156204 224408
1500645600 26929 57919 223253 275675
1500638400 1010 2102 4010 21139
1500631200 668 884 3180 5803
1500624000 888 1065 2567 4949
1500616800 727 901 2176 4949
1500609600 1846 916 36056 3141
1500602400 1144 984 36056 3141
1500595200 1580 7658 4449 66490
1500588000 9410 22937 26923 81397
1500580800 11468 62071 18041 108268
1500573600 8970 22741 48216 109802
1500566400 13507 60850 48216 207868
1500559200 5704 21494 24575 79320
1500552000 872 1324 2382 5816
1500544800 700 671 2073 1971
1500537600 755 875 2770 3879
1500530400 764 844 4086 5858
1500523200 1556 1287 35160 6170
1500516000 1582 757 35160 2440
1500508800 997 1485 3050 7912
1500501600 5226 26384 13965 82612
1500494400 31850 41341 154701 134068
1500487200 21103 73792 60482 194914
1500480000 21702 27139 88033 93587
1500472800 5010 21403 19282 235102
1500465600 184 272 184 272
1500458400 184 272 184 272
1500451200 184 272 184 272
1500444000 184 272 184 272
1500436800 184 272 184 272
1500429600 184 272 184 272
1500422400 184 272 184 272
1500415200 184 272 184 272
1500408000 184 272 184 272
1500400800 184 272 184 272
1500393600 184 272 184 272
1500386400 184 272 184 272
1500379200 184 272 184 272
1500372000 184 272 184 272
1500364800 184 272 184 272
1500357600 184 272 184 272
1500350400 184 272 184 272
1500343200 184 272 184 272
1500336000 184 272 184 272
1500328800 184 272 184 272
1500321600 184 272 184 272
1500314400 184 272 184 272
1500307200 184 272 184 272
1500300000 184 272 184 272
1500292800 184 272 184 272
1500285600 184 272 184 272
1500278400 184 272 184 272
1500271200 184 272 184 272
1500264000 184 272 184 272
1500256800 184 272 184 272
1500249600 184 272 184 272
1500242400 184 272 184 272
1500235200 184 272 184 272
1500228000 184 272 184 272
1500220800 184 272 184 272
1500213600 184 272 184 272
1500206400 184 272 184 272
1500199200 184 272 184 272
1500192000 184 272 184 272
1500184800 184 272 184 272
1500177600 184 272 184 272
1500170400 184 272 184 272
1500163200 184 272 184 272
1500156000 184 272 184 272
1500148800 184 272 184 272
1500141600 184 272 184 272
1500134400 184 272 184 272
1500127200 184 272 184 272
1500120000 184 272 184 272
1500112800 184 272 184 272
1500105600 184 272 184 272
1500098400 184 272 184 272
1500091200 184 272 184 272
1500084000 184 272 184 272
1500076800 184 272 184 272
1500069600 184 272 184 272
1500062400 184 272 184 272
1500055200 184 272 184 272
1500048000 184 272 184 272
1500040800 184 272 184 272
1500033600 184 272 184 272
1500026400 184 272 184 272
1500019200 184 272 184 272
1500012000 184 272 184 272
1500004800 184 272 184 272
1499997600 184 272 184 272
1499990400 184 272 184 272
1499983200 184 272 184 272
1499976000 184 272 184 272
1499968800 184 272 184 272
1499961600 184 272 184 272
1499954400 184 272 184 272
1499947200 184 272 184 272
1499940000 184 272 184 272
1499932800 184 272 184 272
1499925600 184 272 184 272
1499918400 184 272 184 272
1499911200 184 272 184 272
1499904000 184 272 184 272
1499896800 184 272 184 272
1499889600 184 272 184 272
1499882400 184 272 184 272
1499875200 184 272 184 272
1499868000 184 272 184 272
1499860800 184 272 184 272
1499853600 184 272 184 272
1499846400 184 272 184 272
1499839200 184 272 184 272
1499832000 184 272 184 272
1499824800 184 272 184 272
1499817600 184 272 184 272
1499810400 184 272 184 272
1499803200 184 272 184 272
1499796000 184 272 184 272
1499788800 184 272 184 272
1499781600 184 272 184 272
1499774400 184 272 184 272
1499767200 184 272 184 272
1499760000 184 272 184 272
1499752800 184 272 184 272
1499745600 184 272 184 272
1499738400 184 272 184 272
1499731200 184 272 184 272
1499724000 184 272 184 272
1499716800 184 272 184 272
1499709600 184 272 184 272
1499702400 184 272 184 272
1499695200 184 272 184 272
1499688000 184 272 184 272
1499680800 184 272 184 272
1499673600 184 272 184 272
1499666400 184 272 184 272
1499659200 184 272 184 272
1499652000 184 272 184 272
1499644800 184 272 184 272
1499637600 184 272 184 272
1499630400 184 272 184 272
1499623200 184 272 184 272
1499616000 184 272 184 272
1499608800 184 272 184 272
1499601600 184 272 184 272
1499594400 184 272 184 272
1499587200 184 272 184 272
1499580000 184 272 184 272
1499572800 184 272 184 272
1499565600 184 272 184 272
1499558400 184 272 184 272
1499551200 184 272 184 272
1499544000 184 272 184 272
1499536800 184 272 184 272
1499529600 184 272 184 272
1499522400 184 272 184 272
1499515200 184 272 184 272
1499508000 184 272 184 272
1499500800 184 272 184 272
1499493600 184 272 184 272
1499486400 184 272 184 272
1499479200 184 272 184 272
1499472000 184 272 184 272
1499464800 184 272 184 272
1499457600 184 272 184 272
1499450400 184 272 184 272
1499443200 184 272 184 272
1499436000 184 272 184 272
1499428800 184 272 184 272
1499421600 184 272 184 272
1499414400 184 272 184 272
1499407200 184 272 184 272
1499400000 184 272 184 272
1499392800 184 272 184 272
1499385600 184 272 184 272
1499378400 184 272 184 272
1499371200 184 272 184 272
1499364000 184 272 184 272
1499356800 184 272 184 272
1499349600 184 272 184 272
1499342400 184 272 184 272
1499335200 184 272 184 272
1499328000 184 272 184 272
1499320800 184 272 184 272
1499313600 184 272 184 272
1499306400 184 272 184 272
1499299200 184 272 184 272
1499292000 184 272 184 272
1499284800 184 272 184 272
1499277600 184 272 184 272
1499270400 184 272 184 272
1499263200 184 272 184 272
1499256000 184 272 184 272
1499248800 184 272 184 272
1499241600 184 272 184 272
1499234400 184 272 184 272
1499227200 184 272 184 272
1499220000 184 272 184 272
1499212800 184 272 184 272
1499205600 184 272 184 272
1499198400 184 272 184 272
1499191200 184 272 184 272
1499184000 184 272 184 272
1499176800 184 272 184 272
1499169600 184 272 184 272
1499162400 184 272 184 272
1499155200 184 272 184 272
1499148000 184 272 184 272
1499140800 184 272 184 272
1499133600 184 272 184 272
1499126400 184 272 184 272
1499119200 184 272 184 272
1499112000 184 272 184 272
1499104800 184 272 184 272
1499097600 184 272 184 272
1499090400 184 272 184 272
1499083200 184 272 184 272
1499076000 184 272 184 272
1499068800 184 272 184 272
1499061600 184 272 184 272
1499054400 184 272 184 272
1499047200 184 272 184 272
1499040000 184 272 184 272
1499032800 184 272 184 272
1499025600 184 272 184 272
1499018400 184 272 184 272
1499011200 184 272 184 272
1499004000 184 272 184 272
1498996800 184 272 184 272
1498989600 184 272 184 272
1498982400 184 272 184 272
1498975200 184 272 184 272
1498968000 184 272 184 272
1498960800 184 272 184 272
1498953600 184 272 184 272
1498946400 184 272 184 272
1498939200 184 272 184 272
1498932000 184 272 184 272
1498924800 184 272 184 272
1498917600 184 272 184 272
1498910400 184 272 184 272
1498903200 184 272 184 272
1498896000 184 272 184 272
1498888800 184 272 184 272
1498881600 184 272 184 272
1498874400 184 272 184 272
1498867200 184 272 184 272
1498860000 184 272 184 272
1498852800 184 272 184 272
1498845600 184 272 184 272
1498838400 184 272 184 272
1498831200 184 272 184 272
1498824000 184 272 184 272
1498816800 184 272 184 272
1498809600 184 272 184 272
1498802400 184 272 184 272
1498795200 184 272 184 272
1498788000 184 272 184 272
1498780800 184 272 184 272
1498773600 184 272 184 272
1498766400 184 272 184 272
1498759200 184 272 184 272
1498752000 184 272 184 272
1498744800 184 272 184 272
1498737600 184 272 184 272
1498730400 184 272 184 272
1498723200 184 272 184 272
1498716000 184 272 184 272
1498694400 184 272 184 272
1498608000 184 272 184 272
1498521600 184 272 184 272
1498435200 184 272 184 272
1498348800 184 272 184 272
1498262400 184 272 184 272
1498176000 184 272 184 272
1498089600 184 272 184 272
1498003200 184 272 184 272
1497916800 184 272 184 272
1497830400 184 272 184 272
1497744000 184 264 230 392
1497657600 2989 14619 63766 753695
1497571200 2347 13676 65013 1153658
1497484800 209 176 209 176
1497398400 209 176 209 176
1497312000 209 176 209 176
1497225600 1156 579 28900 11093
1497139200 201 240 1195 7310
1497052800 2643 6912 29544 234771
1496966400 26529 17028 3456501 758808
1496880000 3036 6753 42569 103303
1496793600 4139 10020 57566 212441
1496707200 2095 5322 67459 141643
1496620800 1556 622 207769 11518
1496534400 1251 1004 66804 106088
1496448000 6850 10756 834322 285473
1496361600 4318 14915 53466 443707
1496275200 4679 18394 77219 560277
1496188800 23433 16159 1559393 324065
1496102400 4109 12683 79427 250975
1496016000 266 1523 677 18665
1495929600 677 18665 677 18665
1495843200 4640 13497 44493 181944
1495756800 5430 12016 205835 190445
1495670400 7793 47450 240982 2146209
1495584000 426 400 426 400
1495497600 426 400 426 400
1495411200 426 400 426 400
1495324800 426 400 426 400
1495238400 426 400 426 400
1495152000 3265 12632 83327 628735
1495065600 6595 28816 146121 574244
1494979200 5770 14634 581949 630670
1494892800 199 192 199 192
1494806400 199 192 199 192
1494720000 208 211 273 420
1494633600 3462 7457 128066 239069
1494547200 13044 4495 1666517 183207
1494460800 197 154 197 154
1494374400 197 154 197 154
1494288000 197 154 197 154
1494201600 197 154 197 154
1494115200 197 154 197 154
1494028800 197 154 197 154
1493942400 197 154 197 154
1493856000 197 154 197 154
1493769600 197 154 197 154
1493683200 197 154 197 154
1493596800 197 154 197 154
1493510400 197 154 197 154
1493424000 197 154 197 154
1493337600 197 154 197 154
1493251200 197 154 197 154
1493164800 197 154 197 154
1493078400 197 154 197 154
1492992000 197 154 197 154
1492905600 197 154 197 154
1492819200 197 154 197 154
1492732800 197 154 197 154
1492646400 197 154 197 154
1492560000 197 154 197 154
1492473600 197 154 197 154
1492387200 197 154 197 154
1492300800 197 154 197 154
1492214400 197 154 197 154
1492128000 197 154 197 154
1492041600 197 154 197 154
1491955200 197 154 197 154
1491868800 197 154 197 154
1491782400 197 154 197 154
1491696000 197 154 197 154
1491609600 197 154 197 154
1491523200 197 154 197 154
1491436800 197 154 197 154
1491350400 197 154 197 154
1491264000 197 154 197 154
1491177600 185 145 201 187
1491091200 180 160 535 3467
1491004800 5460 14118 786798 416925
1490918400 13649 22370 1051290 871133
1490832000 11436 18025 1355702 697416
1490745600 9485 16570 536210 687777
1490659200 4929 14466 4929 14466
1490572800 4929 14466 4929 14466
1490486400 4929 14466 4929 14466
1490400000 4929 14466 4929 14466
1490313600 4929 14466 4929 14466
1490227200 4929 14466 4929 14466
1490140800 4929 14466 4929 14466
1490054400 4929 14466 4929 14466
1489968000 4929 14466 4929 14466
1489881600 4929 14466 4929 14466
1489795200 4929 14466 4929 14466
1489708800 4929 14466 4929 14466
1489622400 11242 22566 516576 713632
1489536000 22337 28878 1563356 2317050
1489449600 2630 9072 160140 523093
1489363200 179 211 295 359
1489276800 202 223 515 656
1489190400 2626 5693 48900 154824
1489104000 6769 15240 341309 442364
1489017600 14552 7835 823702 136966
1488931200 5039 14403 295519 376799
1488844800 4389 7276 296446 198697
1488758400 172 229 391 1637
1488672000 238 242 9378 998
1488585600 3549 14793 187474 352515
1488499200 15982 23091 395007 698792
1488412800 7462 23676 152774 1190763
1488326400 11715 33309 607640 1034451
1488240000 7257 24802 80293 709103
1488153600 1063 867 65650 4918
1488067200 1191 942 63219 10169
1487980800 18519 48093 618261 2048580
1487894400 9397 25052 162077 244895
1487808000 10040 31533 76565 627753
1487721600 9004 13473 563934 548368
1487635200 1784 1214 224878 17967
1487548800 2078 1233 230748 12747
1487462400 3931 1339 563582 24940
1487376000 14311 43548 321666 1524359
1487289600 11674 32460 379010 410861
1487203200 17658 45388 472867 800917
1487116800 10645 2591 10645 2591
1487030400 10645 2591 10645 2591
1486944000 10645 2591 10645 2591
1486857600 10645 2591 10645 2591
1486771200 10645 2591 10645 2591
1486684800 10645 2591 10645 2591
1486598400 10645 2591 10645 2591
1486512000 10645 2591 10645 2591
1486425600 10645 2591 10645 2591
1486339200 10645 2591 10645 2591
1486252800 10645 2591 10645 2591
1486166400 10645 2591 10645 2591
1486080000 10645 2591 10645 2591
1485993600 10645 2591 10645 2591
1485907200 10645 2591 10645 2591
1485820800 15020 15159 1183650 269332
1485734400 608 544 60099 13497
1485648000 212 240 1564 2135
1485561600 9839 9625 689761 289463
1485475200 2943 17622 39654 690741
1485388800 110442 15849 7391874 502198
1485302400 1983 6975 23666 381353
1485216000 286723 19442 6478592 371185
1485129600 222 189 1505 1590
1485043200 1448 2923 16423 77370
1484956800 4597 19766 148549 681427
1484870400 4466 14266 304639 206859
1484784000 3910 19559 83076 231622
1484697600 5414 18235 219785 1457528
1484611200 2152 15095 70951 1459619
1484524800 157 154 202 262
1484438400 500 367 61081 5140
1484352000 7216 14511 516117 316338
1484265600 6438 15522 94025 976812
1484179200 2661 20915 96679 1695865
1484092800 2529 7646 279973 553901
1484006400 2440 13579 25992 546636
1483920000 480 326 25520 8888
1483833600 192 209 2163 2754
1483747200 2922 31403 66210 2116525
1483660800 1309 5448 14730 230431
1483574400 2568 13876 146809 1432234
1483488000 2218 3889 177213 159850
1483401600 134 90 173 122
1483315200 134 90 160 123
1483228800 142 91 208 182
1483142400 328 736 9078 61568
1483056000 3040 17133 60110 434259
1482969600 1195 2770 60875 109928
1482883200 156 134 156 134
1482796800 156 134 156 134
1482710400 147 134 258 200
1482624000 148 136 264 216
1482537600 345 769 13498 72157
1482451200 11043 17231 371786 357139
1482364800 21912 34833 331173 499389
1482278400 29261 32093 2538752 4470289
1482192000 4101 65934 131848 905446
1482105600 836 691 94378 7255
1482019200 2001 917 230922 16459
1481932800 24381 27403 637733 975624
1481846400 7116 21993 487761 1537488
1481760000 6437 27590 415957 1544196
1481673600 8937 23894 952457 1103620
1481587200 9720 31030 485803 3117034
1481500800 169 163 2449 3027
1481414400 224 282 2895 21468
1481328000 10720 12857 745536 1172623
1481241600 5115 16623 140326 592806
1481155200 5644 9109 593658 276513
1481068800 5817 13286 699580 779815
1480982400 4425 7227 272439 205872
1480896000 304 1036 6610 64208
1480809600 2075 886 134150 52098
1480723200 2322 4697 135481 98718
1480636800 1878 14439 14797 687999
1480550400 3521 8498 48052 218260
1480464000 6879 23184 148384 834705
1480377600 7980 14244 277333 419396
1480291200 154 182 321 520
1480204800 178 195 1173 1708
1480118400 4740 33517 385490 1592848
1480032000 4863 6083 530592 209159
1479945600 2544 5592 39167 74419
1479859200 5314 18806 471962 658269
1479772800 34685 17225 1398657 600329
1479686400 9478 336 649592 17828
1479600000 66098 3990 788506 105595
1479513600 83440 34287 1112186 761724
1479427200 7455 22886 918935 1058140
1479340800 1114 4467 31789 235495
1479254400 1914 8527 55187 267151
1479168000 997 3011 14496 134570
1479081600 163 192 213 258
1478995200 176 207 307 311
1478908800 26211 30243 703628 691775
1478822400 1858 4656 25658 166761
1478736000 3547 9082 212882 284681
1478649600 3590 7195 198110 101011
1478563200 6980 10404 179116 286551
1478476800 180 291 3580 12724
1478390400 396 5766 12391 334347
1478304000 1336 8143 22997 294852
1478217600 1171 5173 27783 330676
1478131200 3128 12663 124318 1594396
1478044800 1324 4974 62497 259787
1477958400 4700 5398 281578 290694
1477872000 169 170 1606 3333
1477785600 227 243 1489 1721
1477699200 2251 10482 64459 491498
1477612800 1361 24134 29061 1240796
1477526400 2876 8683 58111 283734
1477440000 1951 7904 187660 364037
1477353600 10063 7555 423137 247137
1477267200 218 178 323 260
1477180800 233 179 512 643
1477094400 1847 2943 162761 132322
1477008000 7861 12557 593045 530009
1476921600 1334 14530 22054 415321
1476835200 139 127 139 127
1476748800 139 127 139 127
1476662400 142 127 206 187
1476576000 195 135 385 211
1476489600 4436 15200 77099 477026
1476403200 5748 18519 113091 575551
1476316800 3507 15419 66423 706144
1476230400 6757 31100 121845 3279528
1476144000 178 121 344 179
1476057600 199 148 2089 2987
1475971200 210 145 1724 1441
1475884800 2921 11013 39939 306738
1475798400 3993 24034 261340 1713194
1475712000 1569 3570 25386 71833
1475625600 6422 13865 91072 193852
1475539200 2253 7670 45543 389330
1475452800 183 163 371 235
1475366400 191 174 282 501
1475280000 9473 25352 449551 1631230
1475193600 4467 18560 241813 1062236
1475107200 2760 9012 143164 404267
1475020800 3338 9606 44097 188279
1474934400 2583 11425 26630 279880
1474848000 152 163 266 357
1474761600 161 166 326 452
1474675200 2018 4721 55561 252079
1474588800 2099 5033 80919 211916
1474502400 2731 5931 226608 341822
1474416000 3300 12759 58574 734590
1474329600 4859 12479 193597 306262
1474243200 140 91 186 112
1474156800 209 151 1814 1845
1474070400 1637 4387 110058 130559
1473984000 2688 6895 43319 193540
1473897600 2335 10416 69685 661933
1473811200 2531 7131 39552 142896
1473724800 2095 10594 61519 304146
1473638400 141 192 166 249
1473552000 142 190 176 264
1473465600 3111 4005 496633 99645
1473379200 14774 18900 353197 374082
1473292800 19688 33258 449934 691085
1473206400 1187 3695 11651 112388
1473120000 157 140 1226 999
1473033600 171 145 1338 1212
1472947200 150 151 2662 4136
1472860800 870 2214 11634 80108
1472774400 1311 8958 29745 639622
1472688000 1378 4877 25921 192147
1472601600 2689 9663 99947 611096
1472515200 1277 3855 45012 228495
1472428800 171 133 171 133
1472342400 171 133 171 133
1472256000 171 133 171 133
1472169600 171 133 171 133
1472083200 171 133 171 133
1471996800 171 133 171 133
1471910400 171 133 171 133
1471824000 171 133 171 133
1471737600 171 133 171 133
1471651200 171 133 245 286
1471564800 1997 8233 50003 940389
1471478400 2562 7364 284935 713567
1471392000 1755 5858 27382 214458
1471305600 1407 3805 57209 267860
1471219200 147 147 685 1014
1471132800 146 156 763 447
1471046400 1766 13611 101911 3616554
1470960000 1096 2143 24032 90108
1470873600 710 2679 23152 580781
1470787200 776 7873 22830 828605
1470700800 1329 6583 31605 534662
1470614400 173 127 1640 4432
1470528000 149 110 3325 3394
1470441600 848 1911 114473 102934
1470355200 1133 3185 40531 197875
1470268800 2066 7762 109112 319238
1470182400 1602 3515 103802 210897
1470096000 175 131 843 2597
1470009600 140 124 285 292
1469923200 142 124 297 246
1469836800 1421 2468 122850 78637
1469750400 2596 8077 145986 329382
1469664000 3894 16436 70138 2370436
1469577600 3484 10947 49405 347462
1469491200 1633 4703 121957 355692
1469404800 145 95 286 185
1469318400 146 98 280 247
1469232000 709 2023 21528 281023
1469145600 19334 26373 1392800 689696
1469059200 18806 9989 1131241 456736
1468972800 3137 8056 156584 741078
1468886400 2053 4745 275200 281131
1468800000 132 90 243 263
1468713600 133 90 285 316
1468627200 2322 12145 62299 679954
1468540800 2206 6529 63033 439369
1468454400 2658 20786 215841 2764613
1468368000 618 1598 18246 171563
1468281600 1620 9345 111047 2536401
1468195200 161 97 627 408
1468108800 173 108 681 847
1468022400 2399 5329 129548 195104
1467936000 989 1809 102247 113276
1467849600 4514 10811 583634 374412
1467763200 981 2721 13792 89817
1467676800 1297 4082 134993 315482
1467590400 146 117 252 208
1467504000 152 116 243 196
1467417600 184 149 6867 13130
1467331200 2416 6725 147773 259105
1467244800 2325 10043 108634 692055
1467158400 1017 2818 85547 157709
1467072000 2458 14745 181675 1995044
1466985600 187 152 502 308
1466899200 202 152 554 366
1466812800 2551 7593 41670 534621
1466726400 2835 7664 111748 258406
1466640000 2549 5307 163904 171079
1466553600 1700 5717 38305 369899
1466467200 1048 4738 37481 537527
1466380800 155 170 402 310
1466294400 395 728 37518 100688
1466208000 1606 4685 75491 720967
1466121600 1689 7023 87997 388482
1466035200 2696 6439 205727 532618
1465948800 1926 7376 83228 589185
1465862400 1787 3127 158833 195948
1465776000 261 274 11971 13170
1465689600 360 376 10654 11254
1465603200 5240 3804 1371989 111494
1465516800 6168 10733 996688 1425020
1465430400 2495 4988 144773 154753
1465344000 2409 6497 165021 629616
1465257600 442 1041 9070 63236
1465171200 166 197 3862 4650
1465084800 158 163 288 352
1464998400 3574 6070 239073 276688
1464912000 4883 7184 2173498 280950
1464825600 1401 3868 26025 406569
1464739200 3092 5076 942127 731481
1464652800 636 1183 75508 33827
1464566400 168 119 3106 9452
1464480000 167 86 251 166
1464393600 780 2568 31637 122658
1464307200 4605 8491 107593 215450
1464220800 5961 16746 1984437 546972
1464134400 773 3515 34473 604244
1464048000 150 107 2996 8591
1463961600 147 93 204 158
1463875200 157 93 286 268
1463788800 1332 3557 39344 309248
1463702400 3210 5378 817283 878892
1463616000 424 1147 12210 184748
1463529600 2973 46108 69291 1203583
1463443200 2021 5842 176625 735634
1463356800 191 107 467 504
1463270400 194 121 271 330
1463184000 7887 13965 361071 745041
1463097600 12951 22278 379930 711743
1463011200 1632 6305 32728 612806
1462924800 2687 4235 158299 151551
1462838400 1961 4492 245544 293471
1462752000 201 305 15590 54011
1462665600 165 210 1685 3778
1462579200 1169 3617 41353 305531
1462492800 1910 4952 46244 353267
1462406400 3022 8913 168917 379980
1462320000 2159 10234 70156 1419708
1462233600 1592 4011 38952 204064
1462147200 159 118 283 244
1462060800 181 138 590 747
1461974400 1194 2204 29110 86040
1461888000 3558 6351 214277 919309
1461801600 4259 6290 1140548 470525
1461715200 1879 7756 42605 2598225
1461628800 2265 26723 303053 5399134
1461542400 252 240 3482 6787
1461456000 418 221 62014 7958
1461369600 3727 5056 1625768 402075
1461283200 6238 3840 1334687 213563
1461196800 1531 4611 20161 191468
1461110400 1851 6525 42633 808046
1461024000 1703 9305 76733 573043
1460937600 179 169 923 3261
1460851200 171 182 677 681
1460764800 1706 9587 36349 645361
1460678400 14217 46445 973076 4119405
1460592000 86 275 86 275
1460505600 86 275 86 275
1460419200 86 275 86 275
1460332800 86 275 86 275
1460246400 66 218 94 296
1460160000 0 0 0 0
1460073600 0 0 0 0
1459987200 0 0 0 0
1459900800 0 0 0 0
1459814400 0 0 0 0
1459728000 0 0 0 0
1459641600 0 0 0 0
1459555200 0 0 0 0
1459468800 0 0 0 0
1459382400 0 0 0 0
1459296000 0 0 0 0
1459209600 0 0 0 0
1459123200 0 0 0 0
1459036800 0 0 0 0
1458950400 0 0 0 0
1458864000 0 0 0 0
1458777600 0 0 0 0
1458691200 0 0 0 0
1458604800 0 0 0 0
1458518400 0 0 0 0
1458432000 0 0 0 0
1458345600 0 0 0 0
1458259200 0 0 0 0
1458172800 0 0 0 0
1458086400 0 0 0 0
1458000000 0 0 0 0
1457913600 0 0 0 0
1457827200 0 0 0 0
1457740800 0 0 0 0
1457654400 0 0 0 0
1457568000 0 0 0 0
1457481600 0 0 0 0
1457395200 0 0 0 0
1457308800 0 0 0 0
1457222400 0 0 0 0
1457136000 0 0 0 0
1457049600 0 0 0 0
1456963200 0 0 0 0
1456876800 0 0 0 0
1456790400 0 0 0 0
1456704000 0 0 0 0
1456617600 0 0 0 0
1456531200 0 0 0 0
1456444800 0 0 0 0
1456358400 0 0 0 0
1456272000 0 0 0 0
1456185600 0 0 0 0
1456099200 0 0 0 0
1456012800 0 0 0 0
1455926400 0 0 0 0
1455840000 0 0 0 0
1455753600 0 0 0 0
1455667200 0 0 0 0
1455580800 0 0 0 0
1455494400 0 0 0 0
1455408000 0 0 0 0
1455321600 0 0 0 0
1455235200 0 0 0 0
1455148800 0 0 0 0
1455062400 0 0 0 0
1454976000 0 0 0 0
1454889600 0 0 0 0
1454803200 0 0 0 0
1454716800 0 0 0 0
1454630400 0 0 0 0
1454544000 0 0 0 0
1454457600 0 0 0 0
1454371200 0 0 0 0
1454284800 0 0 0 0
1454198400 0 0 0 0
1454112000 0 0 0 0
1454025600 0 0 0 0
1453939200 0 0 0 0
1453852800 0 0 0 0
1453766400 0 0 0 0
1453680000 0 0 0 0
1453593600 0 0 0 0
1453507200 0 0 0 0
1453420800 0 0 0 0
1453334400 0 0 0 0
1453248000 0 0 0 0
1453161600 0 0 0 0
1453075200 0 0 0 0
1452988800 0 0 0 0
1452902400 0 0 0 0
1452816000 0 0 0 0
1452729600 0 0 0 0
1452643200 0 0 0 0
1452556800 0 0 0 0
1452470400 0 0 0 0
1452384000 0 0 0 0
1452297600 0 0 0 0
1452211200 0 0 0 0
1452124800 0 0 0 0
1452038400 0 0 0 0
1451952000 0 0 0 0
1451865600 0 0 0 0
1451779200 0 0 0 0
1451692800 0 0 0 0
1451606400 0 0 0 0
1451520000 0 0 0 0
1451433600 0 0 0 0
1451347200 0 0 0 0
1451260800 0 0 0 0
1451174400 0 0 0 0
1451088000 0 0 0 0
1451001600 0 0 0 0
1450915200 0 0 0 0
1450828800 0 0 0 0
1450742400 0 0 0 0
1450656000 0 0 0 0
1450569600 0 0 0 0
1450483200 0 0 0 0
1450396800 0 0 0 0
1450310400 0 0 0 0
1450224000 0 0 0 0
1450137600 0 0 0 0
1450051200 0 0 0 0
1449964800 0 0 0 0
1449878400 0 0 0 0
1449792000 0 0 0 0
1449705600 0 0 0 0
1449619200 0 0 0 0
1449532800 0 0 0 0
1449446400 0 0 0 0
1449360000 0 0 0 0
1449273600 0 0 0 0
1449187200 0 0 0 0
1449100800 0 0 0 0
1449014400 0 0 0 0
1448928000 0 0 0 0
1448841600 0 0 0 0
1448755200 0 0 0 0
1448668800 0 0 0 0
1448582400 0 0 0 0
1448496000 0 0 0 0
1448409600 0 0 0 0
1448323200 0 0 0 0
1448236800 0 0 0 0
1448150400 0 0 0 0
1448064000 0 0 0 0
1447977600 0 0 0 0
1447891200 0 0 0 0
1447804800 0 0 0 0
1447718400 0 0 0 0
1447632000 0 0 0 0
1447545600 0 0 0 0
1447459200 0 0 0 0
1447372800 0 0 0 0
1447286400 0 0 0 0
1447200000 0 0 0 0
1447113600 0 0 0 0
1447027200 0 0 0 0
1446940800 0 0 0 0
1446854400 0 0 0 0
1446768000 0 0 0 0
1446681600 0 0 0 0
1446595200 0 0 0 0
1446508800 0 0 0 0
1446422400 0 0 0 0
1446336000 0 0 0 0
1446249600 0 0 0 0
1446163200 0 0 0 0
1446076800 0 0 0 0
1445990400 0 0 0 0
1445904000 0 0 0 0
1445817600 0 0 0 0
1445731200 0 0 0 0
1445644800 0 0 0 0
1445558400 0 0 0 0
1445472000 0 0 0 0
1445385600 0 0 0 0
1445299200 0 0 0 0
1445212800 0 0 0 0
1445126400 0 0 0 0
1445040000 0 0 0 0
1444953600 0 0 0 0
1444867200 0 0 0 0
1444780800 0 0 0 0
1444694400 0 0 0 0
1444608000 0 0 0 0
1444521600 0 0 0 0
1444435200 0 0 0 0
1444348800 0 0 0 0
1444262400 0 0 0 0
1444176000 0 0 0 0
1444089600 0 0 0 0
1444003200 0 0 0 0
1443916800 0 0 0 0
1443830400 0 0 0 0
1443744000 0 0 0 0
1443657600 0 0 0 0
1443571200 0 0 0 0
1443484800 0 0 0 0
1443398400 0 0 0 0
1443312000 0 0 0 0
1443225600 0 0 0 0
1443139200 0 0 0 0
1443052800 0 0 0 0
1442966400 0 0 0 0
1442880000 0 0 0 0
1442793600 0 0 0 0
1442707200 0 0 0 0
1442620800 0 0 0 0
1442534400 0 0 0 0
1442448000 0 0 0 0
1442361600 0 0 0 0
1442275200 0 0 0 0
1442188800 0 0 0 0
1442102400 0 0 0 0
1442016000 0 0 0 0
1441929600 0 0 0 0
1441843200 0 0 0 0
1441756800 0 0 0 0
1441670400 0 0 0 0
1441584000 0 0 0 0
1441497600 0 0 0 0
1441411200 0 0 0 0
1441324800 0 0 0 0
1441238400 0 0 0 0
1441152000 0 0 0 0
1441065600 0 0 0 0
1440979200 0 0 0 0
1440892800 0 0 0 0
1440806400 0 0 0 0
1440720000 0 0 0 0
1440633600 0 0 0 0
1440547200 0 0 0 0
1440460800 0 0 0 0
1440374400 0 0 0 0
1440288000 0 0 0 0
1440201600 0 0 0 0
1440115200 0 0 0 0
1440028800 0 0 0 0
1439942400 0 0 0 0
1439856000 0 0 0 0
1439769600 0 0 0 0
1439683200 0 0 0 0
1439596800 0 0 0 0
1439510400 0 0 0 0
1439424000 0 0 0 0
1439337600 0 0 0 0
1439251200 0 0 0 0
1439164800 0 0 0 0
1439078400 0 0 0 0
1438992000 0 0 0 0
1438905600 0 0 0 0
1438819200 0 0 0 0
1438732800 0 0 0 0
1438646400 0 0 0 0
1438560000 0 0 0 0
1438473600 0 0 0 0
1438387200 0 0 0 0
1438300800 0 0 0 0
1438214400 0 0 0 0
1438128000 0 0 0 0
1438041600 0 0 0 0
1437955200 0 0 0 0
1437868800 0 0 0 0
1437782400 0 0 0 0
1437696000 0 0 0 0
1437609600 0 0 0 0
1437523200 0 0 0 0
1437436800 0 0 0 0
1437350400 0 0 0 0
1437264000 0 0 0 0
1437177600 0 0 0 0
1437091200 0 0 0 0
1437004800 0 0 0 0
1436918400 0 0 0 0
1436832000 0 0 0 0
1436745600 0 0 0 0
1436659200 0 0 0 0
1436572800 0 0 0 0
1436486400 0 0 0 0
1436400000 0 0 0 0
1436313600 0 0 0 0
1436227200 0 0 0 0
1436140800 0 0 0 0
1436054400 0 0 0 0
1435968000 0 0 0 0
1435881600 0 0 0 0
1435795200 0 0 0 0
1435708800 0 0 0 0
1435622400 0 0 0 0
1435536000 0 0 0 0
