1504297339 8628340721 26340610181
1504297339 22 900 22 900
1504297039 22 960 22 960
1504296900 669 3669 1420 6808
1504296600 2443 6792 3630 6808
1504296300 4362 7419 5199 8157
1504296000 6270 8112 7528 8157
1504295700 4633 5713 7528 8060
1504295400 1841 3290 2490 3631
1504295100 1779 3052 2490 3631
1504294800 1132 2522 1335 2683
1504294500 1408 2698 1494 2717
1504294200 1298 2484 1494 2717
1504293900 1422 2242 1829 2274
1504293600 3236 3871 4867 5721
1504293300 3434 4425 4867 5721
1504293000 1446 2497 1753 2904
1504292700 1120 2104 1154 2196
1504292400 1096 2279 1154 2376
1504292100 1205 3087 1408 3911
1504291800 1570 3273 1758 3911
1504291500 3064 5846 4558 9632
1504291200 4290 7888 4558 9632
1504290900 4045 6042 4121 6244
1504290600 3567 5248 4121 6244
1504290300 2356 3417 2926 4096
1504290000 1631 2633 1697 2636
1504289700 1704 3041 1876 3512
1504289400 1718 3139 1876 3512
1504289100 1565 2819 1600 2949
1504288800 1271 2409 1600 2949
1504288500 940 1799 998 1818
1504288200 981 1819 998 1821
1504287900 986 1801 1014 1821
1504287600 998 1925 1014 2093
1504287300 986 2014 993 2093
1504287000 953 1948 993 1976
1504286700 974 2120 1053 2288
1504286400 1012 2109 1053 2288
1504286100 976 1974 989 2058
1504285800 990 2022 993 2058
1504285500 984 1955 993 1981
1504285200 988 1938 1004 1954
1504284900 972 1989 1004 2030
1504284600 984 2124 1042 2233
1504284300 976 2127 1042 2233
1504284000 1007 2023 1132 2045
1504283700 1067 2049 1132 2054
1504283400 944 1870 993 2054
1504283100 938 1738 995 1831
1504282800 1311 2013 1679 2225
1504282500 1689 2221 1702 2225
1504282200 2224 2919 2821 3721
1504281900 5455 6656 8466 10012
1504281600 5739 6992 8466 10012
1504281300 2382 3386 2582 3495
1504281000 1162 2310 2148 3259
1504280700 22 1164 22 1212
1504280400 22 1174 22 1251
1504280100 22 1184 22 1251
1504279800 22 1162 23 1225
1504279500 22 1199 23 1225
1504279200 21 1291 23 1430
1504278900 22 1454 23 1482
1504278600 22 1298 22 1482
1504278300 22 1152 22 1230
1504278000 22 1288 22 1357
1504277700 22 1268 22 1357
1504277400 22 1142 22 1167
1504277100 23204 6573 50057 12898
1504276800 93253 17653 143287 23162
1504276500 149957 25717 157683 28677
1504276200 288717 42680 440491 58901
1504275900 315553 42638 440491 58901
1504275600 137757 21740 168887 23547
1504275300 72481 28808 101702 39419
1504275000 21014 27559 38636 39419
1504274700 396 7990 605 13824
1504274400 165 1302 177 1382
1504274100 105 1464 177 1559
1504273800 22 1374 23 1559
1504273500 22 1177 23 1201
1504273200 207 1449 420 1733
1504272900 235 1734 420 1737
1504272600 22 1638 22 1737
1504272300 22 1511 22 1524
1504272000 22 1299 22 1496
1504271700 22 1280 22 1523
1504271400 22 1558 23 1599
1504271100 22 1434 23 1599
1504270800 22 1020 22 1246
1504270500 22 807 22 860
1504270200 22 735 22 860
1504269900 22 766 22 970
1504269600 22 765 22 970
1504269300 22 773 22 1055
1504269000 22 947 22 1055
1504268700 22 674 22 824
1504268400 22 532 22 567
1504268100 22 557 24 567
1504267800 23 505 24 546
1504267500 22 506 22 560
1504267200 22 639 22 732
1504266900 22 640 22 732
1504266600 22 502 22 534
1504266300 22 460 22 467
1504266000 22 421 22 453
1504265700 22 420 22 460
1504265400 22 474 23 492
1504265100 22 431 23 492
1504264800 22 403 22 450
1504264500 22 449 22 450
1504264200 22 405 22 449
1504263900 22 412 22 479
1504263600 22 466 22 479
1504263300 22 416 22 452
1504263000 22 424 22 482
1504262700 22 455 22 482
1504262400 22 436 22 449
1504262100 22 470 22 496
1504261800 22 462 22 496
1504261500 22 427 22 433
1504261200 22 443 22 455
1504260900 22 451 22 455
1504260600 22 418 22 447
1504260300 22 423 22 469
1504260000 22 424 22 469
1504259700 22 384 22 400
1504259400 22 451 22 511
1504259100 22 438 22 511
1504258800 22 375 23 401
1504258500 22 433 23 470
1504258200 22 432 22 470
1504257900 22 401 22 417
1504257600 22 437 22 461
1504257300 22 427 22 461
1504257000 22 387 22 389
1504256700 22 415 22 450
1504256400 22 425 22 450
1504256100 22 403 22 412
1504255800 22 437 22 467
1504255500 22 421 22 467
1504255200 22 389 22 412
1504254900 22 409 22 412
1504254600 22 403 22 406
1504254300 22 442 22 492
1504254000 22 457 22 492
1504253700 22 429 22 442
1504253400 22 405 23 442
1504253100 22 372 23 383
1504252800 22 377 22 383
1504252500 22 401 22 435
1504252200 22 413 22 435
1504251900 22 383 22 388
1504251600 22 393 22 412
1504251300 22 400 22 412
1504251000 22 401 23 418
1504250700 22 431 23 447
1504250400 22 444 22 447
1504250100 22 423 22 442
1504249800 22 408 22 415
1504249500 22 390 22 415
1504249200 22 388 22 417
1504248900 22 442 22 473
1504248600 22 439 22 473
1504248300 22 394 22 402
1504248000 22 412 22 445
1504247700 22 402 22 445
1504247400 22 381 23 414
1504247100 22 429 23 448
1504246800 22 432 22 448
1504246500 22 432 22 452
1504246200 22 434 22 452
1504245900 22 402 22 414
1504245600 22 414 22 443
1504245300 22 433 22 443
1504245000 22 423 22 425
1504244700 22 418 22 425
1504244400 22 411 22 413
1504244100 22 406 22 413
1504243800 22 430 22 468
1504243500 22 452 22 468
1504243200 22 441 23 450
1504242900 22 439 23 450
1504242600 22 425 22 428
1504242300 22 409 22 422
1504242000 22 414 22 437
1504241700 22 435 22 437
1504241400 22 422 22 433
1504241100 22 410 22 410
1504240800 22 391 22 410
1504240500 22 387 22 410
1504240200 22 444 22 484
1504239900 22 449 22 484
1504239600 22 416 23 425
1504239300 22 472 23 527
1504239000 22 453 22 527
1504238700 22 377 22 388
1504238400 22 451 22 526
1504238100 22 442 22 526
1504237800 22 398 23 460
1504237500 22 446 23 460
1504237200 22 401 22 430
1504236900 22 390 22 416
1504236600 22 435 22 457
1504236300 22 458 22 460
1504236000 22 448 22 460
1504235700 22 420 22 435
1504235400 22 406 22 410
1504235100 22 419 22 430
1504234800 22 396 22 430
1504234500 22 392 22 432
1504234200 22 448 22 468
1504233900 22 418 22 468
1504233600 22 397 22 438
1504233300 22 445 22 454
1504233000 22 409 22 454
1504232700 22 386 22 420
1504232400 22 451 23 488
1504232100 22 444 23 488
1504231800 22 388 23 395
1504231500 22 411 23 447
1504231200 22 416 22 447
1504230900 22 378 22 381
1504230600 22 429 22 493
1504230300 22 448 22 493
1504230000 22 378 22 397
1504229700 22 440 22 537
1504229400 22 474 23 537
1504229100 22 407 23 413
1504228800 22 428 22 446
1504228500 22 407 22 446
1504228200 22 388 23 419
1504227900 22 427 23 437
1504227600 22 418 22 437
1504227300 22 407 22 419
1504227000 22 443 22 472
1504226700 22 441 22 472
1504226400 22 413 22 422
1504226100 22 433 22 447
1504225800 22 427 22 447
1504225500 22 429 22 458
1504225200 22 456 22 458
1504224900 22 443 24 455
1504224600 23 439 24 451
1504224300 22 440 22 451
1504224000 22 427 22 428
1504223700 22 447 22 472
1504223400 22 437 22 472
1504223100 22 416 22 439
1504222800 22 454 22 472
1504222500 22 426 22 472
1504222200 22 415 22 464
1504221900 22 452 22 464
1504221600 22 416 22 439
1504221300 22 389 22 390
1504221000 22 422 22 462
1504220700 22 440 22 462
1504220400 22 415 22 417
1504220100 22 439 22 466
1504219800 22 425 22 466
1504219500 22 394 22 413
1504219200 22 424 23 438
1504218900 22 434 23 438
1504218600 22 446 22 465
1504218300 22 463 22 465
1504218000 22 435 22 461
1504217700 22 435 22 469
1504217400 22 423 22 469
1504217100 22 408 22 453
1504216800 22 437 22 453
1504216500 22 399 22 419
1504216200 22 453 23 543
1504215900 282 1185 582 1929
1504215600 1446 2077 2447 2249
1504215300 1968 1801 2447 2249
1504215000 1351 1275 1414 1283
1504214700 1218 1272 1279 1278
1504214400 1795 1928 2545 2681
1504214100 2439 2623 2545 2681
1504213800 2364 2888 2420 3273
1504213500 1972 2919 2420 3273
1504213200 1624 4076 1823 5892
1504212900 2155 8027 2541 10501
1504212600 2098 9114 2541 10501
1504212300 31499 13953 66149 21420
1504212000 67948 59371 70032 103330
1504211700 67997 228196 70032 372825
1504211400 95651 439337 129951 515352
1504211100 115441 503636 129951 515352
1504210800 74305 505518 98859 522971
1504210500 31888 392731 46245 522971
1504210200 10021 132049 15259 241879
1504209900 7739 8653 12122 13075
1504209600 12309 13355 12526 13680
1504209300 12298 13372 12526 13680
1504209000 12111 13393 12195 13817
1504208700 12150 13676 12195 13817
1504208400 12093 13266 12099 13514
1504208100 12196 13209 12323 13476
1504207800 12201 13415 12323 13476
1504207500 12348 13585 12683 13863
1504207200 8944 10154 12683 13863
1504206900 2985 4162 4615 5860
1504206600 1353 2433 1649 2709
1504206300 1342 2552 1649 2709
1504206000 1683 4040 2488 5975
1504205700 1900 4257 2488 5975
1504205400 1122 2208 1220 2269
1504205100 1297 3330 1632 4711
1504204800 2385 14356 3258 25529
1504204500 2701 19000 3258 25529
1504204200 2729 8977 3497 11439
1504203900 3803 6999 4159 7967
1504203600 3955 6809 4159 7967
1504203300 4183 15162 4711 26221
1504203000 2562 14745 4711 26221
1504202700 93 1471 117 1491
1504202400 384 1548 690 1615
1504202100 403 1387 690 1615
1504201800 77 1170 79 1220
1504201500 91 1257 106 1300
1504201200 104 1328 106 1362
1504200900 80 1353 103 1362
1504200600 79 1352 110 1363
1504200300 100 1274 110 1363
1504200000 134 1262 185 1369
1504199700 140 1306 185 1369
1504199400 88 1229 89 1234
1504199100 94 1376 102 1554
1504198800 96 1471 102 1554
1504198500 77 1360 91 1376
1504198200 92 1288 128 1342
1504197900 117 1486 128 1789
1504197600 110 1563 115 1789
1504197300 113 1269 115 1303
1504197000 129 1415 150 1630
1504196700 2317 3700 4829 6099
1504196400 7804 9136 11251 12655
1504196100 11262 12566 11276 12655
1504195800 11238 12515 11276 12577
1504195500 11217 12472 11244 12577
1504195200 10532 11720 11244 12352
1504194900 6707 8140 9709 10990
1504194600 2393 3782 3230 4841
1504194300 3378 4415 5643 6570
1504194000 7745 9973 10148 13863
1504193700 6915 9228 10148 13863
1504193400 2890 21604 3171 42156
1504193100 2198 28413 2566 42156
1504192800 1494 8113 1772 12496
1504192500 1783 3533 2490 4107
1504192200 3276 5305 4176 6676
1504191900 2694 4474 4176 6676
1504191600 532 1690 978 1924
1504191300 3712 4996 7986 9135
1504191000 5138 6269 7986 9135
1504190700 3376 4816 5154 6978
1504190400 2759 4344 5154 6978
1504190100 22 1382 22 1439
1504189800 22 1334 23 1439
1504189500 936 2073 1980 3055
1504189200 1072 2173 1980 3055
1504188900 22 1288 22 1446
1504188600 22 1382 22 1446
1504188300 22 1200 22 1310
1504188000 22 1070 23 1073
1504187700 22 1191 23 1333
1504187400 22 1495 23 1684
1504187100 22 1471 23 1684
1504186800 22 1463 22 1733
1504186500 528 3015 1115 4502
1504186200 3206 5246 5597 6097
1504185900 9085 9599 13127 13657
1504185600 8444 9011 13127 13657
1504185300 2683 3445 3020 3631
1504185000 2419 3631 2571 4100
1504184700 6768 8204 11631 12959
1504184400 11866 12963 12139 12968
1504184100 12347 17189 12588 22079
1504183800 12576 25110 12588 28622
1504183500 12824 22873 13128 28622
1504183200 9296 16912 13128 17721
1504182900 2617 9908 4859 17721
1504182600 22 1047 22 1264
1504182300 22 1021 22 1264
1504182000 22 1108 22 1535
1504181700 32 1419 44 1535
1504181400 38 1113 44 1286
1504181100 32 856 33 913
1504180800 31 791 33 792
1504180500 31 811 34 837
1504180200 33 852 34 870
1504179900 32 837 34 870
1504179600 32 810 34 823
1504179300 31 811 31 823
1504179000 32 815 35 836
1504178700 32 816 35 836
1504178400 30 849 33 914
1504178100 32 827 33 914
1504177800 32 768 33 817
1504177500 33 828 33 841
1504177200 31 860 33 882
1504176900 32 863 35 882
1504176600 33 847 35 855
1504176300 31 813 32 855
1504176000 32 787 33 811
1504175700 31 800 33 811
1504175400 31 812 35 840
1504175100 33 800 35 840
1504174800 31 804 33 862
1504174500 32 836 33 862
1504174200 31 811 32 815
1504173900 32 798 34 815
1504173600 31 804 34 832
1504173300 30 842 33 854
1504173000 32 843 33 854
1504172700 32 818 32 831
1504172400 32 823 33 844
1504172100 31 791 33 844
1504171800 31 772 35 820
1504171500 33 825 35 832
1504171200 31 811 33 832
1504170900 32 801 33 818
1504170600 31 819 31 822
1504170300 32 781 35 822
1504170000 32 777 35 826
1504169700 31 815 34 826
1504169400 33 815 34 828
1504169100 32 814 32 828
1504168800 32 803 33 809
1504168500 31 793 33 809
1504168200 31 772 34 776
1504167900 32 812 34 862
1504167600 31 823 32 862
1504167300 32 807 33 840
1504167000 32 838 33 840
1504166700 32 797 34 836
1504166400 31 780 34 812
1504166100 30 795 33 812
1504165800 33 825 33 883
1504165500 32 830 33 883
1504165200 32 785 33 803
1504164900 31 798 33 803
1504164600 31 814 34 838
1504164300 32 797 34 838
1504164000 31 804 33 868
1504163700 33 839 33 868
1504163400 32 799 33 806
1504163100 31 796 33 801
1504162800 32 812 33 825
1504162500 31 807 33 825
1504162200 32 793 33 801
1504161900 32 826 32 856
1504161600 32 794 34 856
1504161300 31 773 34 829
1504161000 30 825 33 829
1504160700 32 778 33 821
1504160400 32 817 32 918
1504160100 32 861 33 918
1504159800 31 796 33 798
1504159500 31 794 34 798
1504159200 32 808 34 828
1504158900 31 793 32 828
1504158600 32 797 33 847
1504158300 32 815 33 847
1504158000 32 802 35 830
1504157700 32 781 35 830
1504157400 31 794 34 872
1504157100 33 916 34 968
1504156800 39 1164 47 1392
1504156500 35 953 47 1392
1504156200 22 489 22 539
1504155900 28 548 36 560
1504155600 29 563 36 567
1504155300 28 580 36 596
1504155000 29 579 36 596
1504154700 28 531 35 561
1504154400 28 526 35 560
1504154100 28 570 36 583
1504153800 29 560 36 583
1504153500 28 568 37 607
1504153200 35 617 37 629
1504152900 28 573 34 629
1504152600 28 550 37 597
1504152300 30 583 37 597
1504152000 28 568 35 568
1504151700 28 571 35 576
1504151400 28 600 35 628
1504151100 28 567 35 628
1504150800 28 567 36 647
1504150500 29 597 36 647
1504150200 28 583 36 632
1504149900 29 604 36 632
1504149600 28 589 35 609
1504149300 28 594 35 609
1504149000 28 594 37 613
1504148700 30 585 37 613
1504148400 27 597 33 647
1504148100 28 614 33 647
1504147800 22 566 23 577
1504147500 28 584 36 620
1504147200 29 620 36 620
1504146900 28 588 36 620
1504146600 29 568 36 586
1504146300 28 615 35 650
1504146000 28 592 35 650
1504145700 29 575 37 631
1504145400 30 629 37 631
1504145100 28 593 35 627
1504144800 28 579 35 607
1504144500 28 607 35 607
1504144200 29 578 35 607
1504143900 28 602 34 667
1504143600 27 643 34 667
1504143300 27 591 36 617
1504143000 29 597 36 638
1504142700 22 619 23 638
1504142400 29 608 36 622
1504142100 29 615 36 622
1504141800 28 617 35 629
1504141500 28 589 35 629
1504141200 28 597 35 661
1504140900 28 616 35 661
1504140600 28 616 35 676
1504140300 28 611 35 676
1504140000 28 582 36 635
1504139700 29 623 36 635
1504139400 28 649 36 695
1504139100 29 633 36 695
1504138800 22 598 22 640
1504138500 22 624 22 640
1504138200 21 579 22 607
1504137900 21 567 23 591
1504137600 22 608 23 629
1504137300 22 588 22 629
1504137000 22 588 22 644
1504136700 22 614 22 644
1504136400 22 570 22 581
1504136100 22 583 22 611
1504135800 22 610 22 611
1504135500 22 581 22 609
1504135200 22 600 22 660
1504134900 22 615 22 660
1504134600 22 547 22 565
1504134300 22 555 22 589
1504134000 22 612 22 639
1504133700 22 597 22 639
1504133400 22 597 22 654
1504133100 22 625 22 654
1504132800 22 550 22 593
1504132500 22 560 23 631
1504132200 22 648 23 669
1504131900 22 620 22 669
1504131600 22 591 22 622
1504131300 22 587 22 622
1504131000 22 614 22 692
1504130700 22 672 22 692
1504130400 22 614 22 649
1504130100 22 588 22 605
1504129800 22 655 22 715
1504129500 22 641 22 715
1504129200 22 613 22 680
1504128900 22 687 23 697
1504128600 22 739 23 787
1504128300 22 1476 22 2276
1504128000 22 1759 22 2276
1504127700 22 958 22 1161
1504127400 22 796 22 882
1504127100 22 863 22 882
1504126800 22 829 22 842
1504126500 22 1047 22 1315
1504126200 22 1302 22 1315
1504125900 22 1173 22 1288
1504125600 22 985 22 1040
1504125300 22 1033 23 1162
1504125000 22 1181 23 1204
1504124700 22 1246 22 1295
1504124400 22 1742 22 2261
1504124100 204 2451 416 2672
1504123800 1450 4141 2648 5843
1504123500 2555 4749 2648 5843
1504123200 2571 4894 2713 6528
1504122900 3400 6094 4196 6528
1504122600 4595 5602 5059 5613
1504122300 3192 3926 5059 5613
1504122000 953 2175 1030 2407
1504121700 959 2280 1070 2407
1504121400 1032 2420 1070 2754
1504121100 1019 2495 1055 2754
1504120800 977 2116 1055 2196
1504120500 942 2077 1007 2138
1504120200 1062 2724 1126 3403
1504119900 1040 3100 1126 3403
1504119600 1029 2657 1133 2750
1504119300 1097 2933 1133 3377
1504119000 1009 2741 1056 3377
1504118700 928 2017 956 2032
1504118400 960 2459 1034 2949
1504118100 1018 2729 1034 2949
1504117800 1064 2842 1137 3267
1504117500 1110 2842 1137 3267
1504117200 1793 2837 4146 4474
1504116000 1167 2614 2433 3950
1504114200 3800 4767 12202 13094
1504112400 2098 3407 6214 4872
1504110600 2012 5101 2937 7674
1504108800 1229 2932 5332 7619
1504107000 22 1328 22 1579
1504105200 78 1617 767 3149
1504103400 2044 4265 5044 9052
1504101600 1477 3548 2243 12153
1504099800 3676 7484 11558 13947
1504098000 13282 44218 27334 189691
1504096200 22 952 22 1155
1504094400 22 720 22 1128
1504092600 22 606 22 641
1504090800 22 610 22 678
1504089000 22 646 23 741
1504087200 22 583 23 636
1504085400 22 602 23 678
1504083600 22 580 22 652
1504081800 22 603 22 638
1504080000 22 595 22 638
1504078200 22 598 23 662
1504076400 22 586 23 662
1504074600 22 580 23 653
1504072800 22 583 22 610
1504071000 22 590 23 631
1504069200 22 583 22 605
1504067400 22 586 23 610
1504065600 22 583 23 615
1504063800 22 589 23 621
1504062000 22 598 23 631
1504060200 22 610 22 753
1504058400 22 621 23 793
1504056600 22 606 24 740
1504054800 22 593 22 691
1504053000 22 603 22 655
1504051200 22 589 22 669
1504049400 22 589 22 641
1504047600 22 585 22 619
1504045800 22 603 23 654
1504044000 697 1994 2033 5490
1504042200 898 1889 1223 4055
1504040400 1941 9851 3345 25283
1504038600 1148 2933 1671 4031
1504036800 1377 2698 1787 3221
1504035000 1717 3444 3596 6325
1504033200 1444 3423 3841 5046
1504031400 1526 2824 3841 5046
1504029600 1183 2514 1806 3912
1504027800 2623 5815 6758 14307
1504026000 1619 2977 2001 3715
1504024200 1281 2822 1737 3554
1504022400 2444 3798 6493 7648
1504020600 1731 3002 6247 7822
1504018800 4177 5907 11987 13725
1504017000 11728 13100 13123 14895
1504015200 13892 14769 23812 41007
1504013400 9877 14851 18960 41007
1504011600 2241 6917 4354 25217
1504009800 1763 8156 8321 41178
1504008000 22 769 22 1310
1504006200 22 616 23 868
1504004400 21 538 23 615
1504002600 22 560 23 615
1504000800 22 558 23 582
1503999000 21 548 23 602
1503997200 22 552 23 595
1503995400 22 554 23 608
1503993600 22 552 23 580
1503991800 22 560 23 640
1503990000 22 544 23 586
1503988200 22 550 23 624
1503986400 22 555 23 596
1503984600 22 542 22 578
1503982800 22 536 22 587
1503981000 22 539 23 679
1503979200 22 539 23 659
1503977400 22 526 22 572
1503975600 22 554 22 594
1503973800 22 556 22 616
1503972000 22 563 22 626
1503970200 22 565 24 638
1503968400 22 565 23 626
1503966600 22 566 23 605
1503964800 22 574 22 632
1503963000 22 564 23 609
1503961200 22 572 23 629
1503959400 22 749 23 1390
1503957600 537 1958 2403 5866
1503955800 179 1366 268 1989
1503954000 199 1577 264 1989
1503952200 664 2267 2217 5359
1503950400 3301 6214 7830 11250
1503948600 720 2221 7830 11250
1503946800 22 1485 23 1897
1503945000 39 1369 256 1866
1503943200 201 1724 274 2203
1503941400 290 1839 1051 4276
1503939600 1379 3198 7117 8446
1503937800 1135 2799 7117 8446
1503936000 1651 3840 4800 10558
1503934200 4380 8875 4800 10558
1503932400 4065 9578 12957 32985
1503930600 113339 21071 265314 34581
1503928800 118267 196141 188814 645046
1503927000 53333 124567 155697 545013
1503925200 33743 109668 155697 293288
1503923400 286 3789 2984 34386
1503921600 22 533 23 833
1503919800 22 440 23 477
1503918000 22 464 22 486
1503916200 22 419 22 447
1503914400 22 425 23 444
1503912600 22 427 23 479
1503910800 22 418 22 475
1503909000 22 419 22 469
1503907200 22 421 22 444
1503905400 22 423 23 448
1503903600 22 421 23 456
1503901800 22 422 23 486
1503900000 22 419 23 454
1503898200 22 427 22 472
1503896400 22 426 23 483
1503894600 22 420 23 464
1503892800 22 460 23 516
1503891000 22 468 22 513
1503889200 22 468 22 515
1503887400 22 467 22 497
1503885600 22 466 23 499
1503883800 22 469 24 502
1503882000 22 467 22 490
1503880200 22 467 22 508
1503878400 22 466 22 529
1503876600 22 470 22 532
1503874800 22 466 22 520
1503873000 21 471 23 531
1503871200 22 470 22 519
1503869400 22 472 23 518
1503867600 21 469 23 518
1503865800 22 468 23 512
1503864000 21 464 23 512
1503862200 22 478 22 526
1503860400 22 464 22 512
1503858600 22 421 22 451
1503856800 22 421 22 445
1503855000 22 427 23 484
1503853200 22 425 23 476
1503851400 22 419 22 462
1503849600 22 424 22 492
1503847800 22 425 22 477
1503846000 22 435 22 486
1503844200 22 422 22 458
1503842400 22 418 22 469
1503840600 22 428 24 471
1503838800 22 422 22 460
1503837000 22 434 22 488
1503835200 22 418 22 454
1503833400 22 429 23 462
1503831600 22 422 22 458
1503829800 22 423 22 454
1503828000 22 424 22 472
1503826200 22 429 22 483
1503824400 22 427 22 457
1503822600 22 423 22 457
1503820800 22 424 22 460
1503819000 22 430 23 464
1503817200 22 425 23 468
1503815400 22 425 22 464
1503813600 22 421 22 462
1503811800 22 423 22 447
1503810000 22 427 23 465
1503808200 22 420 23 456
1503806400 22 418 23 453
1503804600 22 425 22 461
1503802800 22 422 22 446
1503801000 22 419 22 452
1503799200 22 419 22 467
1503797400 22 428 24 472
1503795600 22 424 23 465
1503793800 22 425 23 454
1503792000 22 423 22 463
1503790200 22 424 22 463
1503788400 22 422 22 465
1503786600 22 425 22 449
1503784800 22 421 22 444
1503783000 22 431 22 475
1503781200 22 423 22 447
1503779400 22 420 23 443
1503777600 22 421 23 446
1503775800 22 430 23 463
1503774000 22 426 22 482
1503772200 22 422 23 485
1503770400 22 424 22 494
1503768600 22 428 23 500
1503766800 22 430 23 456
1503765000 22 422 22 443
1503763200 22 424 22 449
1503761400 22 421 23 441
1503759600 22 424 23 441
1503757800 22 427 23 474
1503756000 22 418 22 445
1503754200 22 429 24 475
1503752400 22 424 23 454
1503750600 22 424 23 458
1503748800 22 418 22 444
1503747000 22 427 22 480
1503745200 22 422 22 472
1503743400 22 420 23 464
1503741600 22 429 22 459
1503739800 22 431 23 477
1503738000 22 422 23 455
1503736200 22 421 22 458
1503734400 22 424 23 456
1503732600 21 429 23 471
1503730800 22 421 23 465
1503729000 21 424 23 468
1503727200 21 421 23 466
1503725400 22 430 23 488
1503723600 21 420 23 447
1503721800 22 427 23 458
1503720000 22 467 23 524
1503718200 22 468 23 504
1503716400 22 474 23 511
1503714600 22 467 22 493
1503712800 22 467 23 498
1503711000 22 475 24 538
1503709200 22 467 23 503
1503707400 22 465 22 498
1503705600 22 471 22 498
1503703800 22 464 22 502
1503702000 22 440 22 460
1503700200 22 457 23 537
1503698400 22 524 23 608
1503696600 22 601 22 756
1503694800 22 692 22 771
1503693000 22 927 22 1099
1503691200 22 1221 23 1660
1503689400 22 1157 22 1660
1503687600 22 1134 22 1296
1503685800 22 1267 22 1406
1503684000 22 1111 23 1380
1503682200 22 1151 24 1380
1503680400 22 1152 23 1243
1503678600 22 1116 23 1250
1503676800 22 1363 23 1696
1503675000 22 1143 22 1696
1503673200 22 1246 23 1691
1503671400 22 1337 23 1608
1503669600 22 1520 23 2313
1503667800 22 1288 24 1517
1503666000 22 1100 22 1398
1503664200 22 946 22 1306
1503662400 22 699 23 1141
1503660600 22 599 23 690
1503658800 22 566 23 601
1503657000 22 563 22 579
1503655200 22 568 22 610
1503653400 22 581 23 636
1503651600 22 567 23 647
1503649800 22 567 22 629
1503648000 22 562 22 614
1503646200 22 576 23 645
1503644400 22 572 23 679
1503642600 22 573 23 684
1503640800 22 568 23 634
1503639000 22 579 22 670
1503637200 22 571 23 613
1503635400 22 586 23 687
1503633600 22 561 23 594
1503631800 22 582 23 625
1503630000 22 567 23 636
1503628200 22 564 23 609
1503626400 22 567 23 602
1503624600 22 594 24 738
1503622800 22 546 23 621
1503621000 22 562 23 621
1503619200 22 543 22 571
1503617400 22 553 23 613
1503615600 22 552 23 641
1503613800 22 629 23 995
1503612000 22 698 23 994
1503610200 22 987 23 1164
1503608400 22 895 23 1104
1503606600 22 1145 22 1322
1503604800 22 1208 23 1382
1503603000 22 1346 23 1664
1503601200 22 1267 22 1664
1503599400 22 1259 22 1482
1503597600 22 1302 22 1482
1503595800 22 1324 22 1665
1503594000 22 1272 22 1665
1503592200 22 1191 22 1231
1503590400 22 1281 22 1379
1503588600 22 1319 22 1379
1503586800 22 1315 22 1332
1503585000 22 1359 22 1363
1503583200 22 1349 22 1363
1503581400 22 1419 22 1479
1503579600 22 1087 22 1108
1503577800 22 896 22 896
1503576000 22 715 22 896
1503574200 22 593 22 685
1503572400 22 588 22 598
1503570600 22 603 22 610
1503568800 22 608 22 610
1503567000 22 607 22 607
1503565200 22 597 22 607
1503563400 22 598 22 609
1503561600 22 609 22 609
1503559800 22 587 22 609
1503558000 22 577 22 577
1503556200 22 580 22 581
1503554400 22 573 22 581
1503552600 22 583 22 589
1503550800 22 593 22 595
1503549000 22 593 22 595
1503547200 22 595 22 600
1503545400 22 613 22 618
1503543600 22 614 22 616
1503541800 22 609 22 624
1503540000 22 618 23 633
1503538200 22 637 23 643
1503536400 22 619 22 643
1503534600 22 593 22 616
1503532800 22 591 22 614
1503531000 22 598 22 622
1503529200 22 597 22 609
1503527400 881 2064 2918 4885
1503525600 4453 5156 16109 16546
1503523800 660 4335 984 16778
1503522000 823 4470 1557 18909
1503520200 1413 2446 3112 3650
1503518400 4477 5897 8332 11059
1503516600 2529 4109 8332 9464
1503514800 1602 3132 2206 3793
1503513000 3139 4591 7709 10068
1503511200 1127 2321 1673 2702
1503509400 1099 2433 1350 3765
1503507600 2414 4013 6446 7444
1503505800 5340 6543 13145 13331
1503504000 29170 3496 115783 6284
1503502200 22129 9986 115783 13352
1503500400 6055 16945 14444 76807
1503498600 7108 9002 13775 14297
1503496800 1310 2534 2322 3614
1503495000 2087 4923 3398 13097
1503493200 2472 3528 3162 4856
1503491400 3304 12434 9823 58372
1503489600 22 735 23 1268
1503487800 22 558 22 603
1503486000 22 523 23 579
1503484200 22 528 23 570
1503482400 22 528 23 558
1503480600 22 538 23 596
1503478800 22 530 22 596
1503477000 22 567 22 615
1503475200 22 574 22 620
1503473400 22 587 23 611
1503471600 22 582 22 635
1503469800 22 578 22 619
1503468000 22 580 23 618
1503466200 22 591 23 638
1503464400 22 583 23 619
1503462600 22 601 23 709
1503460800 22 626 22 749
1503459000 22 554 22 610
1503457200 22 541 23 582
1503455400 22 529 22 561
1503453600 22 543 22 610
1503451800 22 548 23 610
1503450000 22 537 23 579
1503448200 22 529 23 571
1503446400 22 566 23 721
1503444600 272 806 920 1355
1503442800 2024 2430 6998 7278
1503441000 1088 2086 1446 6055
1503439200 989 1425 1096 1557
1503437400 1100 1858 1765 2171
1503435600 3561 4721 9560 10981
1503433800 11935 13589 12364 16538
1503432000 12026 13187 12405 13433
1503430200 3448 10677 11187 29688
1503428400 1126 2360 1653 2975
1503426600 1220 2861 1915 3769
1503424800 1017 2386 1115 2625
1503423000 1014 2462 1115 2763
1503421200 3397 5489 9086 13916
1503419400 112663 212571 532897 736518
1503417600 1067 4404 1155 9725
1503415800 1382 3522 2227 9725
1503414000 1265 3622 2227 7409
1503412200 1705 4103 2086 5644
1503410400 1586 3341 1954 5037
1503408600 3701 6125 12394 13611
1503406800 8675 11315 13096 17323
1503405000 1292 6129 5461 26198
1503403200 21 706 23 1233
1503401400 22 683 23 822
1503399600 22 612 22 782
1503397800 22 679 22 840
1503396000 22 594 22 840
1503394200 22 612 22 679
1503392400 22 590 22 647
1503390600 22 590 22 638
1503388800 22 577 22 626
1503387000 22 594 22 646
1503385200 22 586 22 619
1503383400 22 600 23 628
1503381600 21 579 23 645
1503379800 21 589 23 629
1503378000 22 605 22 636
1503376200 22 589 23 624
1503374400 22 581 23 613
1503372600 22 590 23 650
1503370800 22 585 23 644
1503369000 22 586 22 656
1503367200 22 624 23 706
1503365400 22 602 24 654
1503363600 22 584 23 624
1503361800 22 593 23 658
1503360000 22 615 23 720
1503358200 22 652 23 905
1503356400 22 597 23 638
1503354600 22 631 23 726
1503352800 240 952 2045 3435
1503351000 1248 2307 2746 3996
1503349200 22 1103 22 1267
1503347400 22 1319 23 1792
1503345600 21 1090 23 1792
1503343800 21 1193 23 1824
1503342000 1918 21276 8167 78303
1503340200 4514 70594 10907 159541
1503338400 2922 13772 10907 159541
1503336600 690 2254 2676 5241
1503334800 1541 4281 2440 9463
1503333000 2907 4200 6410 7187
1503331200 2564 3867 4123 5668
1503329400 3563 5691 9515 16737
1503327600 323 1500 4777 6197
1503325800 1042 3209 4432 9265
1503324000 639 2121 1749 9265
1503322200 22 467 22 467
1503320400 22 467 22 467
1503318600 22 467 22 467
1503316800 22 467 22 467
1503315000 22 467 22 467
1503313200 22 467 22 467
1503311400 22 467 22 467
1503309600 22 467 22 467
1503307800 22 467 22 467
1503306000 22 467 22 467
1503304200 22 467 22 467
1503302400 22 467 22 467
1503300600 22 467 22 467
1503298800 22 467 22 467
1503297000 22 467 22 467
1503295200 22 467 22 467
1503293400 22 467 22 467
1503291600 22 467 22 467
1503289800 22 467 22 467
1503288000 22 467 22 467
1503286200 22 467 22 467
1503284400 22 467 22 467
1503282600 22 467 22 467
1503280800 22 467 22 467
1503279000 22 467 22 467
1503277200 22 467 22 467
1503275400 22 467 22 467
1503273600 22 467 22 467
1503271800 22 467 22 467
1503270000 22 467 22 467
1503268200 22 467 22 467
1503266400 22 467 22 467
1503264600 22 467 22 467
1503262800 22 467 22 467
1503261000 22 467 22 467
1503259200 22 467 22 467
1503257400 22 467 22 467
1503255600 22 467 22 467
1503253800 22 467 22 467
1503252000 22 467 22 467
1503250200 22 467 22 467
1503248400 22 467 22 467
1503246600 22 467 22 467
1503244800 22 467 22 467
1503243000 22 467 22 467
1503241200 22 467 22 467
1503239400 22 467 22 467
1503237600 22 467 22 467
1503235800 22 467 22 467
1503234000 22 467 22 467
1503232200 22 467 22 467
1503230400 22 467 22 467
1503228600 22 467 22 467
1503226800 22 467 22 467
1503225000 22 467 22 467
1503223200 22 467 22 467
1503221400 22 467 22 467
1503219600 22 467 22 467
1503217800 22 467 22 467
1503216000 22 467 22 467
1503214200 22 467 22 467
1503212400 22 467 22 467
1503210600 22 467 22 467
1503208800 22 467 22 467
1503207000 22 467 22 467
1503205200 22 467 22 467
1503203400 22 467 22 467
1503201600 22 467 22 467
1503199800 22 467 22 467
1503198000 22 467 22 467
1503196200 22 467 22 467
1503194400 22 467 22 467
1503192600 22 467 22 467
1503190800 22 467 22 467
1503189000 22 467 22 467
1503187200 22 467 22 467
1503185400 22 467 22 467
1503183600 22 467 22 467
1503181800 22 467 22 467
1503180000 22 467 22 467
1503178200 22 467 22 467
1503176400 22 467 22 467
1503174600 22 467 22 467
1503172800 22 467 22 467
1503171000 22 467 22 467
1503169200 22 467 22 467
1503167400 22 467 22 467
1503165600 22 467 22 467
1503163800 22 467 22 467
1503162000 22 467 22 467
1503160200 22 467 22 467
1503158400 22 467 22 467
1503156600 22 467 22 467
1503154800 22 467 22 467
1503153000 22 467 22 467
1503151200 22 467 22 467
1503149400 22 467 22 467
1503147600 22 467 22 467
1503145800 22 467 22 467
1503144000 22 467 22 467
1503142200 22 467 22 467
1503140400 22 467 22 467
1503138600 22 467 22 467
1503136800 22 467 22 467
1503135000 22 467 22 467
1503133200 22 467 22 467
1503131400 22 467 22 467
1503129600 22 467 22 467
1503127800 22 467 22 467
1503126000 22 467 22 467
1503124200 22 467 22 467
1503122400 22 467 22 467
1503120600 22 467 22 467
1503118800 22 467 22 467
1503117000 22 467 22 467
1503115200 22 467 22 467
1503113400 22 467 22 467
1503111600 22 467 22 467
1503109800 22 467 22 467
1503108000 22 467 22 467
1503106200 22 467 22 467
1503104400 22 467 22 467
1503102600 22 467 22 467
1503100800 22 467 22 467
1503099000 22 467 22 467
1503097200 22 467 22 467
1503095400 22 467 22 467
1503093600 22 467 22 467
1503091800 22 467 22 467
1503090000 22 467 22 467
1503088200 22 467 22 467
1503086400 22 467 22 467
1503084600 22 467 22 467
1503082800 22 467 22 467
1503081000 22 467 22 467
1503079200 22 467 22 467
1503077400 22 467 22 467
1503075600 22 467 22 467
1503073800 22 467 22 467
1503072000 22 467 22 467
1503070200 22 467 22 467
1503068400 22 467 22 467
1503066600 22 467 22 467
1503064800 22 467 22 467
1503063000 22 467 22 467
1503061200 22 467 22 467
1503059400 22 467 22 467
1503057600 22 467 22 467
1503055800 22 467 22 467
1503054000 22 467 22 467
1503052200 22 467 22 467
1503050400 22 467 22 467
1503048600 22 467 22 467
1503046800 22 467 22 467
1503045000 22 467 22 467
1503043200 22 467 22 467
1503041400 22 467 22 467
1503039600 22 467 22 467
1503037800 22 467 22 467
1503036000 22 467 22 467
1503028800 22 467 22 467
1503021600 22 467 22 467
1503014400 22 467 22 467
1503007200 22 467 22 467
1503000000 22 467 22 467
1502992800 22 467 22 467
1502985600 22 467 22 467
1502978400 22 467 22 467
1502971200 22 467 22 467
1502964000 22 467 22 467
1502956800 22 467 22 467
1502949600 22 467 22 467
1502942400 22 467 22 467
1502935200 22 467 22 467
1502928000 22 467 22 467
1502920800 22 467 22 467
1502913600 22 467 22 467
1502906400 22 467 22 467
1502899200 22 467 22 467
1502892000 22 467 22 467
1502884800 22 467 22 467
1502877600 22 467 22 467
1502870400 22 467 22 467
1502863200 22 467 22 467
1502856000 22 467 22 467
1502848800 22 467 22 467
1502841600 22 467 22 467
1502834400 22 467 22 467
1502827200 22 467 22 467
1502820000 22 467 22 467
1502812800 22 467 22 467
1502805600 22 467 22 467
1502798400 22 467 22 467
1502791200 22 467 22 467
1502784000 22 467 22 467
1502776800 22 467 22 467
1502769600 22 467 22 467
1502762400 22 467 22 467
1502755200 22 467 22 467
1502748000 22 467 22 467
1502740800 22 467 22 467
1502733600 22 467 22 467
1502726400 22 467 22 467
1502719200 22 467 22 467
1502712000 22 467 22 467
1502704800 22 467 22 467
1502697600 22 467 22 467
1502690400 22 467 22 467
1502683200 22 467 22 467
1502676000 22 467 22 467
1502668800 22 467 22 467
1502661600 22 467 22 467
1502654400 22 467 22 467
1502647200 22 467 22 467
1502640000 22 467 22 467
1502632800 22 467 22 467
1502625600 22 467 22 467
1502618400 22 467 22 467
1502611200 22 467 22 467
1502604000 22 467 22 467
1502596800 22 467 22 467
1502589600 22 467 22 467
1502582400 22 467 22 467
1502575200 22 467 22 467
1502568000 22 467 22 467
1502560800 22 467 22 467
1502553600 22 467 22 467
1502546400 22 467 22 467
1502539200 22 467 22 467
1502532000 22 467 22 467
1502524800 22 467 22 467
1502517600 22 467 22 467
1502510400 22 467 22 467
1502503200 22 467 22 467
1502496000 22 467 22 467
1502488800 22 467 22 467
1502481600 22 467 22 467
1502474400 22 467 22 467
1502467200 22 467 22 467
1502460000 22 467 22 467
1502452800 22 467 22 467
1502445600 22 467 22 467
1502438400 22 467 22 467
1502431200 22 467 22 467
1502424000 22 467 22 467
1502416800 22 467 22 467
1502409600 22 467 22 467
1502402400 22 467 22 467
1502395200 22 467 22 467
1502388000 22 467 22 467
1502380800 22 467 22 467
1502373600 22 467 22 467
1502366400 22 467 22 467
1502359200 22 467 22 467
1502352000 22 467 22 467
1502344800 22 467 22 467
1502337600 22 467 22 467
1502330400 22 467 22 467
1502323200 22 467 22 467
1502316000 22 467 22 467
1502308800 22 467 22 467
1502301600 22 467 22 467
1502294400 22 467 22 467
1502287200 22 467 22 467
1502280000 22 467 22 467
1502272800 22 467 22 467
1502265600 22 467 22 467
1502258400 22 467 22 467
1502251200 22 467 22 467
1502244000 22 467 22 467
1502236800 22 467 22 467
1502229600 22 467 22 467
1502222400 22 467 22 467
1502215200 22 467 22 467
1502208000 22 467 22 467
1502200800 22 467 22 467
1502193600 22 467 22 467
1502186400 22 467 22 467
1502179200 22 467 22 467
1502172000 22 467 22 467
1502164800 22 467 22 467
1502157600 22 467 22 467
1502150400 22 467 22 467
1502143200 22 467 22 467
1502136000 22 467 22 467
1502128800 22 467 22 467
1502121600 22 467 22 467
1502114400 22 467 22 467
1502107200 22 467 22 467
1502100000 22 467 22 467
1502092800 22 467 22 467
1502085600 22 467 22 467
1502078400 22 467 22 467
1502071200 22 467 22 467
1502064000 22 467 22 467
1502056800 22 467 22 467
1502049600 22 467 22 467
1502042400 22 467 22 467
1502035200 22 467 22 467
1502028000 22 467 22 467
1502020800 22 467 22 467
1502013600 22 467 22 467
1502006400 22 467 22 467
1501999200 22 467 22 467
1501992000 22 467 22 467
1501984800 22 467 22 467
1501977600 22 467 22 467
1501970400 22 467 22 467
1501963200 22 467 22 467
1501956000 22 467 22 467
1501948800 22 467 22 467
1501941600 22 467 22 467
1501934400 22 467 22 467
1501927200 22 467 22 467
1501920000 22 467 22 467
1501912800 22 467 22 467
1501905600 22 467 22 467
1501898400 22 467 22 467
1501891200 22 467 22 467
1501884000 22 467 22 467
1501876800 22 467 22 467
1501869600 22 467 22 467
1501862400 22 467 22 467
1501855200 22 467 22 467
1501848000 22 467 22 467
1501840800 22 467 22 467
1501833600 22 467 22 467
1501826400 22 467 22 467
1501819200 22 467 22 467
1501812000 22 467 22 467
1501804800 22 467 22 467
1501797600 22 467 22 467
1501790400 22 467 22 467
1501783200 22 467 22 467
1501776000 22 467 22 467
1501768800 22 467 22 467
1501761600 22 467 22 467
1501754400 22 467 22 467
1501747200 22 467 22 467
1501740000 22 467 22 467
1501732800 22 467 22 467
1501725600 22 467 22 467
1501718400 22 467 22 467
1501711200 22 467 22 467
1501704000 22 467 22 467
1501696800 22 467 22 467
1501689600 22 467 22 467
1501682400 22 467 22 467
1501675200 22 467 22 467
1501668000 22 467 22 467
1501660800 22 467 22 467
1501653600 22 467 22 467
1501646400 22 467 22 467
1501639200 22 467 22 467
1501632000 22 467 22 467
1501624800 22 467 22 467
1501617600 22 467 22 467
1501610400 22 467 22 467
1501603200 22 467 22 467
1501596000 22 467 22 467
1501588800 22 467 22 467
1501581600 22 467 22 467
1501574400 22 467 22 467
1501567200 22 467 22 467
1501560000 22 467 22 467
1501552800 22 467 22 467
1501545600 22 467 22 467
1501538400 22 467 22 467
1501531200 22 467 22 467
1501524000 22 467 22 467
1501516800 22 467 22 467
1501509600 22 467 22 467
1501502400 22 467 22 467
1501495200 22 467 22 467
1501488000 22 467 22 467
1501480800 22 467 22 467
1501473600 22 467 22 467
1501466400 22 467 22 467
1501459200 22 467 22 467
1501452000 22 467 22 467
1501444800 22 467 22 467
1501437600 22 467 22 467
1501430400 22 467 22 467
1501423200 22 467 22 467
1501416000 22 467 22 467
1501408800 22 467 22 467
1501401600 22 467 22 467
1501394400 22 467 22 467
1501387200 22 467 22 467
1501380000 22 467 22 467
1501372800 22 467 22 467
1501365600 22 467 22 467
1501358400 22 467 22 467
1501351200 22 467 22 467
1501344000 22 467 22 467
1501336800 22 467 22 467
1501329600 22 467 22 467
1501322400 22 467 22 467
1501315200 22 467 22 467
1501308000 22 467 22 467
1501300800 22 467 22 467
1501293600 22 467 22 467
1501286400 22 467 22 467
1501279200 22 467 22 467
1501272000 22 467 22 467
1501264800 22 467 22 467
1501257600 22 467 22 467
1501250400 22 467 22 467
1501243200 22 467 22 467
1501236000 22 467 22 467
1501228800 22 467 22 467
1501221600 22 467 22 467
1501214400 22 467 22 467
1501207200 22 467 22 467
1501200000 22 467 22 467
1501192800 22 467 22 467
1501185600 22 467 22 467
1501178400 22 467 22 467
1501171200 22 467 22 467
1501164000 22 467 22 467
1501156800 22 467 22 467
1501149600 22 467 22 467
1501142400 22 467 22 467
1501135200 22 467 22 467
1501128000 22 467 22 467
1501120800 22 467 22 467
1501113600 22 467 22 467
1501106400 22 467 22 467
1501099200 22 467 22 467
1501092000 22 467 22 467
1501084800 22 467 22 467
1501077600 22 467 22 467
1501070400 22 467 22 467
1501063200 22 467 22 467
1501056000 22 467 22 467
1501048800 22 467 22 467
1501041600 22 467 22 467
1501034400 22 467 22 467
1501027200 22 467 22 467
1501020000 22 467 22 467
1501012800 22 467 22 467
1501005600 22 467 22 467
1500998400 22 467 22 467
1500991200 22 467 22 467
1500984000 22 467 22 467
1500976800 22 467 22 467
1500969600 22 467 22 467
1500962400 22 467 22 467
1500955200 22 467 22 467
1500948000 22 467 22 467
1500940800 22 467 22 467
1500933600 22 467 22 467
1500926400 22 467 22 467
1500919200 22 467 22 467
1500912000 22 467 22 467
1500904800 22 467 22 467
1500897600 22 467 22 467
1500890400 22 467 22 467
1500883200 22 467 22 467
1500876000 22 467 22 467
1500868800 22 467 22 467
1500861600 22 467 22 467
1500854400 22 467 22 467
1500847200 22 467 22 467
1500840000 22 467 22 467
1500832800 22 467 22 467
1500825600 22 467 22 467
1500818400 22 467 22 467
1500811200 22 467 22 467
1500804000 22 467 22 467
1500796800 22 467 22 467
1500789600 22 467 22 467
1500782400 22 467 22 467
1500775200 22 467 22 467
1500768000 22 467 22 467
1500760800 22 467 22 467
1500753600 22 467 22 467
1500746400 22 467 22 467
1500739200 22 467 22 467
1500732000 22 467 22 467
1500724800 22 466 22 467
1500717600 22 468 22 473
1500710400 22 464 22 473
1500703200 22 459 22 475
1500696000 22 464 22 475
1500688800 22 465 22 475
1500681600 22 526 22 861
1500674400 22 794 22 1308
1500667200 22 1243 23 1684
1500660000 21 1320 23 1684
1500652800 22 1477 23 2057
1500645600 22 1379 23 2057
1500638400 22 768 23 842
1500631200 22 734 23 791
1500624000 22 740 23 860
1500616800 22 758 23 882
1500609600 22 751 23 899
1500602400 22 754 24 845
1500595200 22 787 23 961
1500588000 22 1426 23 2343
1500580800 22 1743 23 2150
1500573600 22 1791 22 2242
1500566400 22 1704 23 2343
1500559200 22 1548 24 2186
1500552000 22 773 23 1438
1500544800 21 747 23 837
1500537600 21 780 24 989
1500530400 21 774 23 872
1500523200 21 800 23 894
1500516000 21 768 24 853
1500508800 21 810 23 985
1500501600 21 1149 23 1769
1500494400 22 1537 23 1875
1500487200 22 1359 27 1671
1500480000 1469 2804 11122 12356
1500472800 1524 2495 11048 12552
1500465600 22 622 22 622
1500458400 22 622 22 622
1500451200 22 622 22 622
1500444000 22 622 22 622
1500436800 22 622 22 622
1500429600 22 622 22 622
1500422400 22 622 22 622
1500415200 22 622 22 622
1500408000 22 622 22 622
1500400800 22 622 22 622
1500393600 22 622 22 622
1500386400 22 622 22 622
1500379200 22 622 22 622
1500372000 22 622 22 622
1500364800 22 622 22 622
1500357600 22 622 22 622
1500350400 22 622 22 622
1500343200 22 622 22 622
1500336000 22 622 22 622
1500328800 22 622 22 622
1500321600 22 622 22 622
1500314400 22 622 22 622
1500307200 22 622 22 622
1500300000 22 622 22 622
1500292800 22 622 22 622
1500285600 22 622 22 622
1500278400 22 622 22 622
1500271200 22 622 22 622
1500264000 22 622 22 622
1500256800 22 622 22 622
1500249600 22 622 22 622
1500242400 22 622 22 622
1500235200 22 622 22 622
1500228000 22 622 22 622
1500220800 22 622 22 622
1500213600 22 622 22 622
1500206400 22 622 22 622
1500199200 22 622 22 622
1500192000 22 622 22 622
1500184800 22 622 22 622
1500177600 22 622 22 622
1500170400 22 622 22 622
1500163200 22 622 22 622
1500156000 22 622 22 622
1500148800 22 622 22 622
1500141600 22 622 22 622
1500134400 22 622 22 622
1500127200 22 622 22 622
1500120000 22 622 22 622
1500112800 22 622 22 622
1500105600 22 622 22 622
1500098400 22 622 22 622
1500091200 22 622 22 622
1500084000 22 622 22 622
1500076800 22 622 22 622
1500069600 22 622 22 622
1500062400 22 622 22 622
1500055200 22 622 22 622
1500048000 22 622 22 622
1500040800 22 622 22 622
1500033600 22 622 22 622
1500026400 22 622 22 622
1500019200 22 622 22 622
1500012000 22 622 22 622
1500004800 22 622 22 622
1499997600 22 622 22 622
1499990400 22 622 22 622
1499983200 22 622 22 622
1499976000 22 622 22 622
1499968800 22 622 22 622
1499961600 22 622 22 622
1499954400 22 622 22 622
1499947200 22 622 22 622
1499940000 22 622 22 622
1499932800 22 622 22 622
1499925600 22 622 22 622
1499918400 22 622 22 622
1499911200 22 622 22 622
1499904000 22 622 22 622
1499896800 22 622 22 622
1499889600 22 622 22 622
1499882400 22 622 22 622
1499875200 22 622 22 622
1499868000 22 622 22 622
1499860800 22 622 22 622
1499853600 22 622 22 622
1499846400 22 622 22 622
1499839200 22 622 22 622
1499832000 22 622 22 622
1499824800 22 622 22 622
1499817600 22 622 22 622
1499810400 22 622 22 622
1499803200 22 622 22 622
1499796000 22 622 22 622
1499788800 22 622 22 622
1499781600 22 622 22 622
1499774400 22 622 22 622
1499767200 22 622 22 622
1499760000 22 622 22 622
1499752800 22 622 22 622
1499745600 22 622 22 622
1499738400 22 622 22 622
1499731200 22 622 22 622
1499724000 22 622 22 622
1499716800 22 622 22 622
1499709600 22 622 22 622
1499702400 22 622 22 622
1499695200 22 622 22 622
1499688000 22 622 22 622
1499680800 22 622 22 622
1499673600 22 622 22 622
1499666400 22 622 22 622
1499659200 22 622 22 622
1499652000 22 622 22 622
1499644800 22 622 22 622
1499637600 22 622 22 622
1499630400 22 622 22 622
1499623200 22 622 22 622
1499616000 22 622 22 622
1499608800 22 622 22 622
1499601600 22 622 22 622
1499594400 22 622 22 622
1499587200 22 622 22 622
1499580000 22 622 22 622
1499572800 22 622 22 622
1499565600 22 622 22 622
1499558400 22 622 22 622
1499551200 22 622 22 622
1499544000 22 622 22 622
1499536800 22 622 22 622
1499529600 22 622 22 622
1499522400 22 622 22 622
1499515200 22 622 22 622
1499508000 22 622 22 622
1499500800 22 622 22 622
1499493600 22 622 22 622
1499486400 22 622 22 622
1499479200 22 622 22 622
1499472000 22 622 22 622
1499464800 22 622 22 622
1499457600 22 622 22 622
1499450400 22 622 22 622
1499443200 22 622 22 622
1499436000 22 622 22 622
1499428800 22 622 22 622
1499421600 22 622 22 622
1499414400 22 622 22 622
1499407200 22 622 22 622
1499400000 22 622 22 622
1499392800 22 622 22 622
1499385600 22 622 22 622
1499378400 22 622 22 622
1499371200 22 622 22 622
1499364000 22 622 22 622
1499356800 22 622 22 622
1499349600 22 622 22 622
1499342400 22 622 22 622
1499335200 22 622 22 622
1499328000 22 622 22 622
1499320800 22 622 22 622
1499313600 22 622 22 622
1499306400 22 622 22 622
1499299200 22 622 22 622
1499292000 22 622 22 622
1499284800 22 622 22 622
1499277600 22 622 22 622
1499270400 22 622 22 622
1499263200 22 622 22 622
1499256000 22 622 22 622
1499248800 22 622 22 622
1499241600 22 622 22 622
1499234400 22 622 22 622
1499227200 22 622 22 622
1499220000 22 622 22 622
1499212800 22 622 22 622
1499205600 22 622 22 622
1499198400 22 622 22 622
1499191200 22 622 22 622
1499184000 22 622 22 622
1499176800 22 622 22 622
1499169600 22 622 22 622
1499162400 22 622 22 622
1499155200 22 622 22 622
1499148000 22 622 22 622
1499140800 22 622 22 622
1499133600 22 622 22 622
1499126400 22 622 22 622
1499119200 22 622 22 622
1499112000 22 622 22 622
1499104800 22 622 22 622
1499097600 22 622 22 622
1499090400 22 622 22 622
1499083200 22 622 22 622
1499076000 22 622 22 622
1499068800 22 622 22 622
1499061600 22 622 22 622
1499054400 22 622 22 622
1499047200 22 622 22 622
1499040000 22 622 22 622
1499032800 22 622 22 622
1499025600 22 622 22 622
1499018400 22 622 22 622
1499011200 22 622 22 622
1499004000 22 622 22 622
1498996800 22 622 22 622
1498989600 22 622 22 622
1498982400 22 622 22 622
1498975200 22 622 22 622
1498968000 22 622 22 622
1498960800 22 622 22 622
1498953600 22 622 22 622
1498946400 22 622 22 622
1498939200 22 622 22 622
1498932000 22 622 22 622
1498924800 22 622 22 622
1498917600 22 622 22 622
1498910400 22 622 22 622
1498903200 22 622 22 622
1498896000 22 622 22 622
1498888800 22 622 22 622
1498881600 22 622 22 622
1498874400 22 622 22 622
1498867200 22 622 22 622
1498860000 22 622 22 622
1498852800 22 622 22 622
1498845600 22 622 22 622
1498838400 22 622 22 622
1498831200 22 622 22 622
1498824000 22 622 22 622
1498816800 22 622 22 622
1498809600 22 622 22 622
1498802400 22 622 22 622
1498795200 22 622 22 622
1498788000 22 622 22 622
1498780800 22 622 22 622
1498773600 22 622 22 622
1498766400 22 622 22 622
1498759200 22 622 22 622
1498752000 22 622 22 622
1498744800 22 622 22 622
1498737600 22 622 22 622
1498730400 22 622 22 622
1498723200 22 622 22 622
1498716000 22 622 22 622
1498694400 22 622 22 622
1498608000 22 622 22 622
1498521600 22 622 22 622
1498435200 22 622 22 622
1498348800 22 622 22 622
1498262400 22 622 22 622
1498176000 22 622 22 622
1498089600 22 622 22 622
1498003200 22 622 22 622
1497916800 22 622 22 622
1497830400 22 622 22 622
1497744000 21 617 23 816
1497657600 1309 2578 12757 29961
1497571200 1747 3165 21833 40839
1497484800 22 721 22 721
1497398400 22 721 22 721
1497312000 22 721 22 721
1497225600 21 705 23 801
1497139200 21 713 24 823
1497052800 281 1401 11341 22969
1496966400 1362 2832 17532 30221
1496880000 977 2688 13132 168462
1496793600 1645 3805 35497 70652
1496707200 1517 3180 13325 61640
1496620800 22 716 23 1537
1496534400 22 714 23 849
1496448000 316 1655 11183 31733
1496361600 2355 8254 18394 154404
1496275200 603 2007 15827 33990
1496188800 1134 2545 14947 21646
1496102400 719 2899 14940 270331
1496016000 21 764 24 2416
1495929600 22 707 22 707
1495843200 394 2238 6255 35543
1495756800 53 1296 5920 41588
1495670400 397 1942 12010 35106
1495584000 35 818 35 818
1495497600 35 818 35 818
1495411200 35 818 35 818
1495324800 35 818 35 818
1495238400 35 818 35 818
1495152000 760 2244 18135 32833
1495065600 248 3674 18362 506459
1494979200 409 1312 12583 13450
1494892800 22 880 22 880
1494806400 22 880 22 880
1494720000 22 817 24 1076
1494633600 726 2240 11453 74027
1494547200 1363 4016 46224 174364
1494460800 22 606 22 606
1494374400 22 606 22 606
1494288000 22 606 22 606
1494201600 22 606 22 606
1494115200 22 606 22 606
1494028800 22 606 22 606
1493942400 22 606 22 606
1493856000 22 606 22 606
1493769600 22 606 22 606
1493683200 22 606 22 606
1493596800 22 606 22 606
1493510400 22 606 22 606
1493424000 22 606 22 606
1493337600 22 606 22 606
1493251200 22 606 22 606
1493164800 22 606 22 606
1493078400 22 606 22 606
1492992000 22 606 22 606
1492905600 22 606 22 606
1492819200 22 606 22 606
1492732800 22 606 22 606
1492646400 22 606 22 606
1492560000 22 606 22 606
1492473600 22 606 22 606
1492387200 22 606 22 606
1492300800 22 606 22 606
1492214400 22 606 22 606
1492128000 22 606 22 606
1492041600 22 606 22 606
1491955200 22 606 22 606
1491868800 22 606 22 606
1491782400 22 606 22 606
1491696000 22 606 22 606
1491609600 22 606 22 606
1491523200 22 606 22 606
1491436800 22 606 22 606
1491350400 22 606 22 606
1491264000 22 606 22 606
1491177600 22 567 24 616
1491091200 21 560 46 1480
1491004800 698 2214 20184 41727
1490918400 3629 2849 114788 66706
1490832000 1224 2488 118969 98039
1490745600 2027 2763 116798 27688
1490659200 11310 12448 11310 12448
1490572800 11310 12448 11310 12448
1490486400 11310 12448 11310 12448
1490400000 11310 12448 11310 12448
1490313600 11310 12448 11310 12448
1490227200 11310 12448 11310 12448
1490140800 11310 12448 11310 12448
1490054400 11310 12448 11310 12448
1489968000 11310 12448 11310 12448
1489881600 11310 12448 11310 12448
1489795200 11310 12448 11310 12448
1489708800 11310 12448 11310 12448
1489622400 1996 8539 112357 1530082
1489536000 953 6682 115691 553984
1489449600 1693 3219 113247 58707
1489363200 22 529 24 653
1489276800 21 545 24 803
1489190400 1461 1764 111564 27188
1489104000 1414 2589 112456 101995
1489017600 956 1990 117766 57144
1488931200 800 2068 120893 98171
1488844800 1340 6909 118356 1514497
1488758400 21 591 23 1001
1488672000 22 573 23 683
1488585600 1469 2773 116228 102364
1488499200 8962 2546 1700211 47319
1488412800 1198 2101 113805 29597
1488326400 1058 2161 112126 52505
1488240000 1783 3033 110263 41967
1488153600 22 625 24 753
1488067200 54 680 5667 19279
1487980800 995 1881 115032 25179
1487894400 3353 4646 116138 59508
1487808000 848 1625 109144 37524
1487721600 1383 2782 111756 69619
1487635200 21 582 24 691
1487548800 21 583 24 689
1487462400 21 583 24 692
1487376000 629 1354 107785 38760
1487289600 2270 2982 114832 48876
1487203200 2063 2851 109221 75406
1487116800 84 608 84 608
1487030400 84 608 84 608
1486944000 84 608 84 608
1486857600 84 608 84 608
1486771200 84 608 84 608
1486684800 84 608 84 608
1486598400 84 608 84 608
1486512000 84 608 84 608
1486425600 84 608 84 608
1486339200 84 608 84 608
1486252800 84 608 84 608
1486166400 84 608 84 608
1486080000 84 608 84 608
1485993600 84 608 84 608
1485907200 84 608 84 608
1485820800 570 1304 113185 55850
1485734400 22 413 23 857
1485648000 22 418 23 1845
1485561600 1275 1974 105997 43387
1485475200 898 1565 111108 37206
1485388800 1232 1803 109409 31530
1485302400 1512 3058 112966 151284
1485216000 1121 2472 107795 75875
1485129600 21 358 24 470
1485043200 22 375 24 574
1484956800 1128 1802 110736 34365
1484870400 592 2408 12554 284944
1484784000 761 3060 110464 561880
1484697600 607 1074 112183 31262
1484611200 1222 1618 108912 32883
1484524800 22 369 23 507
1484438400 21 452 23 844
1484352000 1430 2102 105163 38034
1484265600 1445 2378 107087 87592
1484179200 1669 3036 109768 44454
1484092800 984 2107 111777 70201
1484006400 1192 2365 114402 55394
1483920000 21 268 24 348
1483833600 21 308 25 612
1483747200 1074 1658 104707 41445
1483660800 3538 14606 116914 2234516
1483574400 46 684 7610 8628
1483488000 21 629 24 2038
1483401600 21 301 24 383
1483315200 22 300 24 389
1483228800 21 300 24 379
1483142400 22 523 24 1283
1483056000 22 510 23 1280
1482969600 21 436 33 2389
1482883200 22 272 22 272
1482796800 22 272 22 272
1482710400 21 263 24 318
1482624000 21 262 24 322
1482537600 22 431 45 1426
1482451200 1122 1526 110371 18476
1482364800 757 1839 108807 65014
1482278400 21 800 41 29368
1482192000 1000 1603 104375 39377
1482105600 6 102 38 972
1482019200 0 0 0 0
1481932800 0 0 0 0
1481846400 0 0 0 0
1481760000 0 0 0 0
1481673600 0 0 0 0
1481587200 0 0 0 0
1481500800 0 0 0 0
1481414400 0 0 0 0
1481328000 0 0 0 0
1481241600 0 0 0 0
1481155200 0 0 0 0
1481068800 0 0 0 0
1480982400 0 0 0 0
1480896000 0 0 0 0
1480809600 0 0 0 0
1480723200 0 0 0 0
1480636800 0 0 0 0
1480550400 0 0 0 0
1480464000 0 0 0 0
1480377600 0 0 0 0
1480291200 0 0 0 0
1480204800 0 0 0 0
1480118400 0 0 0 0
1480032000 0 0 0 0
1479945600 0 0 0 0
1479859200 0 0 0 0
1479772800 0 0 0 0
1479686400 0 0 0 0
1479600000 0 0 0 0
1479513600 0 0 0 0
1479427200 0 0 0 0
1479340800 0 0 0 0
1479254400 0 0 0 0
1479168000 0 0 0 0
1479081600 0 0 0 0
1478995200 0 0 0 0
1478908800 0 0 0 0
1478822400 0 0 0 0
1478736000 0 0 0 0
1478649600 0 0 0 0
1478563200 0 0 0 0
1478476800 0 0 0 0
1478390400 0 0 0 0
1478304000 0 0 0 0
1478217600 0 0 0 0
1478131200 0 0 0 0
1478044800 0 0 0 0
1477958400 0 0 0 0
1477872000 0 0 0 0
1477785600 0 0 0 0
1477699200 0 0 0 0
1477612800 0 0 0 0
1477526400 0 0 0 0
1477440000 0 0 0 0
1477353600 0 0 0 0
1477267200 0 0 0 0
1477180800 0 0 0 0
1477094400 0 0 0 0
1477008000 0 0 0 0
1476921600 0 0 0 0
1476835200 0 0 0 0
1476748800 0 0 0 0
1476662400 0 0 0 0
1476576000 0 0 0 0
1476489600 0 0 0 0
1476403200 0 0 0 0
1476316800 0 0 0 0
1476230400 0 0 0 0
1476144000 0 0 0 0
1476057600 0 0 0 0
1475971200 0 0 0 0
1475884800 0 0 0 0
1475798400 0 0 0 0
1475712000 0 0 0 0
1475625600 0 0 0 0
1475539200 0 0 0 0
1475452800 0 0 0 0
1475366400 0 0 0 0
1475280000 0 0 0 0
1475193600 0 0 0 0
1475107200 0 0 0 0
1475020800 0 0 0 0
1474934400 0 0 0 0
1474848000 0 0 0 0
1474761600 0 0 0 0
1474675200 0 0 0 0
1474588800 0 0 0 0
1474502400 0 0 0 0
1474416000 0 0 0 0
1474329600 0 0 0 0
1474243200 0 0 0 0
1474156800 0 0 0 0
1474070400 0 0 0 0
1473984000 0 0 0 0
1473897600 0 0 0 0
1473811200 0 0 0 0
1473724800 0 0 0 0
1473638400 0 0 0 0
1473552000 0 0 0 0
1473465600 0 0 0 0
1473379200 0 0 0 0
1473292800 0 0 0 0
1473206400 0 0 0 0
1473120000 0 0 0 0
1473033600 0 0 0 0
1472947200 0 0 0 0
1472860800 0 0 0 0
1472774400 0 0 0 0
1472688000 0 0 0 0
1472601600 0 0 0 0
1472515200 0 0 0 0
1472428800 0 0 0 0
1472342400 0 0 0 0
1472256000 0 0 0 0
1472169600 0 0 0 0
1472083200 0 0 0 0
1471996800 0 0 0 0
1471910400 0 0 0 0
1471824000 0 0 0 0
1471737600 0 0 0 0
1471651200 0 0 0 0
1471564800 0 0 0 0
1471478400 0 0 0 0
1471392000 0 0 0 0
1471305600 0 0 0 0
1471219200 0 0 0 0
1471132800 0 0 0 0
1471046400 0 0 0 0
1470960000 0 0 0 0
1470873600 0 0 0 0
1470787200 0 0 0 0
1470700800 0 0 0 0
1470614400 0 0 0 0
1470528000 0 0 0 0
1470441600 0 0 0 0
1470355200 0 0 0 0
1470268800 0 0 0 0
1470182400 0 0 0 0
1470096000 0 0 0 0
1470009600 0 0 0 0
1469923200 0 0 0 0
1469836800 0 0 0 0
1469750400 0 0 0 0
1469664000 0 0 0 0
1469577600 0 0 0 0
1469491200 0 0 0 0
1469404800 0 0 0 0
1469318400 0 0 0 0
1469232000 0 0 0 0
1469145600 0 0 0 0
1469059200 0 0 0 0
1468972800 0 0 0 0
1468886400 0 0 0 0
1468800000 0 0 0 0
1468713600 0 0 0 0
1468627200 0 0 0 0
1468540800 0 0 0 0
1468454400 0 0 0 0
1468368000 0 0 0 0
1468281600 0 0 0 0
1468195200 0 0 0 0
1468108800 0 0 0 0
1468022400 0 0 0 0
1467936000 0 0 0 0
1467849600 0 0 0 0
1467763200 0 0 0 0
1467676800 0 0 0 0
1467590400 0 0 0 0
1467504000 0 0 0 0
1467417600 0 0 0 0
1467331200 0 0 0 0
1467244800 0 0 0 0
1467158400 0 0 0 0
1467072000 0 0 0 0
1466985600 0 0 0 0
1466899200 0 0 0 0
1466812800 0 0 0 0
1466726400 0 0 0 0
1466640000 0 0 0 0
1466553600 0 0 0 0
1466467200 0 0 0 0
1466380800 0 0 0 0
1466294400 0 0 0 0
1466208000 0 0 0 0
1466121600 0 0 0 0
1466035200 0 0 0 0
1465948800 0 0 0 0
1465862400 0 0 0 0
1465776000 0 0 0 0
1465689600 0 0 0 0
1465603200 0 0 0 0
1465516800 0 0 0 0
1465430400 0 0 0 0
1465344000 0 0 0 0
1465257600 605 1719 70599 50729
1465171200 502 755 108056 20923
1465084800 10960 1185 3901035 109740
1464998400 730 2318 52615 43503
1464912000 1021 8992 82639 137651
1464825600 941 4211 51684 337405
1464739200 1283 3104 116876 80851
1464652800 1589 8223 129888 360658
1464566400 799 1882 52598 440203
1464480000 1295 2166 49249 21056
1464393600 1147 5825 50768 1721877
1464307200 29734 10024 7954767 334120
1464220800 2602 9845 230454 1087658
1464134400 1127 2455 193443 132811
1464048000 21 333 25 725
1463961600 21 340 26 553
1463875200 20 392 26 562
1463788800 1159 2001 163923 54200
1463702400 1377 2439 171168 95353
1463616000 10922 5434 1048095 462850
1463529600 1805 3492 190898 274470
1463443200 1530 2781 167563 57760
1463356800 759 925 169598 26964
1463270400 756 1110 167723 81772
1463184000 1171 3168 191307 380016
1463097600 21 835 39 3466
1463011200 1273 3530 169893 472763
1462924800 21 910 25 4110
1462838400 1044 3805 270469 1007791
1462752000 21 344 37 1867
1462665600 21 320 24 598
1462579200 874 13435 166732 5811976
1462492800 2485 4573 367108 368397
1462406400 1803 2833 162903 75253
1462320000 1499 3518 164698 143242
1462233600 1475 10736 178931 219777
1462147200 21 290 37 514
1462060800 20 266 35 644
1461974400 1390 8006 167571 221732
1461888000 2524 4687 554026 148611
1461801600 1377 3418 165556 333493
1461715200 1226 2525 156502 41992
1461628800 1152 2510 168756 45873
1461542400 689 705 167598 17978
1461456000 836 844 163375 29573
1461369600 2131 3333 366387 117853
1461283200 1333 8109 186288 258741
1461196800 1257 2561 168919 113684
1461110400 2566 16889 420871 1591725
1461024000 1737 7190 157094 254704
1460937600 769 986 169575 29462
1460851200 951 1098 164547 21513
1460764800 1270 2336 173468 51168
1460678400 1205 8765 166042 439079
1460592000 23 526 23 526
1460505600 23 526 23 526
1460419200 23 526 23 526
1460332800 23 526 23 526
1460246400 16 485 42 1699
1460160000 0 0 0 0
1460073600 0 0 0 0
1459987200 0 0 0 0
1459900800 0 0 0 0
1459814400 0 0 0 0
1459728000 0 0 0 0
1459641600 0 0 0 0
1459555200 0 0 0 0
1459468800 0 0 0 0
1459382400 0 0 0 0
1459296000 0 0 0 0
1459209600 0 0 0 0
1459123200 0 0 0 0
1459036800 0 0 0 0
1458950400 0 0 0 0
1458864000 0 0 0 0
1458777600 0 0 0 0
1458691200 0 0 0 0
1458604800 0 0 0 0
1458518400 0 0 0 0
1458432000 0 0 0 0
1458345600 0 0 0 0
1458259200 0 0 0 0
1458172800 0 0 0 0
1458086400 0 0 0 0
1458000000 0 0 0 0
1457913600 0 0 0 0
1457827200 0 0 0 0
1457740800 0 0 0 0
1457654400 0 0 0 0
1457568000 0 0 0 0
1457481600 0 0 0 0
1457395200 0 0 0 0
1457308800 0 0 0 0
1457222400 0 0 0 0
1457136000 0 0 0 0
1457049600 0 0 0 0
1456963200 0 0 0 0
1456876800 0 0 0 0
1456790400 0 0 0 0
1456704000 0 0 0 0
1456617600 0 0 0 0
1456531200 0 0 0 0
1456444800 0 0 0 0
1456358400 0 0 0 0
1456272000 0 0 0 0
1456185600 0 0 0 0
1456099200 0 0 0 0
1456012800 0 0 0 0
1455926400 0 0 0 0
1455840000 0 0 0 0
1455753600 0 0 0 0
1455667200 0 0 0 0
1455580800 0 0 0 0
1455494400 0 0 0 0
1455408000 0 0 0 0
1455321600 0 0 0 0
1455235200 0 0 0 0
1455148800 0 0 0 0
1455062400 0 0 0 0
1454976000 0 0 0 0
1454889600 0 0 0 0
1454803200 0 0 0 0
1454716800 0 0 0 0
1454630400 0 0 0 0
1454544000 0 0 0 0
1454457600 0 0 0 0
1454371200 0 0 0 0
1454284800 0 0 0 0
1454198400 0 0 0 0
1454112000 0 0 0 0
1454025600 0 0 0 0
1453939200 0 0 0 0
1453852800 0 0 0 0
1453766400 0 0 0 0
1453680000 0 0 0 0
1453593600 0 0 0 0
1453507200 0 0 0 0
1453420800 0 0 0 0
1453334400 0 0 0 0
1453248000 0 0 0 0
1453161600 0 0 0 0
1453075200 0 0 0 0
1452988800 0 0 0 0
1452902400 0 0 0 0
1452816000 0 0 0 0
1452729600 0 0 0 0
1452643200 0 0 0 0
1452556800 0 0 0 0
1452470400 0 0 0 0
1452384000 0 0 0 0
1452297600 0 0 0 0
1452211200 0 0 0 0
1452124800 0 0 0 0
1452038400 0 0 0 0
1451952000 0 0 0 0
1451865600 0 0 0 0
1451779200 0 0 0 0
1451692800 0 0 0 0
1451606400 0 0 0 0
1451520000 0 0 0 0
1451433600 0 0 0 0
1451347200 0 0 0 0
1451260800 0 0 0 0
1451174400 0 0 0 0
1451088000 0 0 0 0
1451001600 0 0 0 0
1450915200 0 0 0 0
1450828800 0 0 0 0
1450742400 0 0 0 0
1450656000 0 0 0 0
1450569600 0 0 0 0
1450483200 0 0 0 0
1450396800 0 0 0 0
1450310400 0 0 0 0
1450224000 0 0 0 0
1450137600 0 0 0 0
1450051200 0 0 0 0
1449964800 0 0 0 0
1449878400 0 0 0 0
1449792000 0 0 0 0
1449705600 0 0 0 0
1449619200 0 0 0 0
1449532800 0 0 0 0
1449446400 0 0 0 0
1449360000 0 0 0 0
1449273600 0 0 0 0
1449187200 0 0 0 0
1449100800 0 0 0 0
1449014400 0 0 0 0
1448928000 0 0 0 0
1448841600 0 0 0 0
1448755200 0 0 0 0
1448668800 0 0 0 0
1448582400 0 0 0 0
1448496000 0 0 0 0
1448409600 0 0 0 0
1448323200 0 0 0 0
1448236800 0 0 0 0
1448150400 0 0 0 0
1448064000 0 0 0 0
1447977600 0 0 0 0
1447891200 0 0 0 0
1447804800 0 0 0 0
1447718400 0 0 0 0
1447632000 0 0 0 0
1447545600 0 0 0 0
1447459200 0 0 0 0
1447372800 0 0 0 0
1447286400 0 0 0 0
1447200000 0 0 0 0
1447113600 0 0 0 0
1447027200 0 0 0 0
1446940800 0 0 0 0
1446854400 0 0 0 0
1446768000 0 0 0 0
1446681600 0 0 0 0
1446595200 0 0 0 0
1446508800 0 0 0 0
1446422400 0 0 0 0
1446336000 0 0 0 0
1446249600 0 0 0 0
1446163200 0 0 0 0
1446076800 0 0 0 0
1445990400 0 0 0 0
1445904000 0 0 0 0
1445817600 0 0 0 0
1445731200 0 0 0 0
1445644800 0 0 0 0
1445558400 0 0 0 0
1445472000 0 0 0 0
1445385600 0 0 0 0
1445299200 0 0 0 0
1445212800 0 0 0 0
1445126400 0 0 0 0
1445040000 0 0 0 0
1444953600 0 0 0 0
1444867200 0 0 0 0
1444780800 0 0 0 0
1444694400 0 0 0 0
1444608000 0 0 0 0
1444521600 0 0 0 0
1444435200 0 0 0 0
1444348800 0 0 0 0
1444262400 0 0 0 0
1444176000 0 0 0 0
1444089600 0 0 0 0
1444003200 0 0 0 0
1443916800 0 0 0 0
1443830400 0 0 0 0
1443744000 0 0 0 0
1443657600 0 0 0 0
1443571200 0 0 0 0
1443484800 0 0 0 0
1443398400 0 0 0 0
1443312000 0 0 0 0
1443225600 0 0 0 0
1443139200 0 0 0 0
1443052800 0 0 0 0
1442966400 0 0 0 0
1442880000 0 0 0 0
1442793600 0 0 0 0
1442707200 0 0 0 0
1442620800 0 0 0 0
1442534400 0 0 0 0
1442448000 0 0 0 0
1442361600 0 0 0 0
1442275200 0 0 0 0
1442188800 0 0 0 0
1442102400 0 0 0 0
1442016000 0 0 0 0
1441929600 0 0 0 0
1441843200 0 0 0 0
1441756800 0 0 0 0
1441670400 0 0 0 0
1441584000 0 0 0 0
1441497600 0 0 0 0
1441411200 0 0 0 0
1441324800 0 0 0 0
1441238400 0 0 0 0
1441152000 0 0 0 0
1441065600 0 0 0 0
1440979200 0 0 0 0
1440892800 0 0 0 0
1440806400 0 0 0 0
1440720000 0 0 0 0
1440633600 0 0 0 0
1440547200 0 0 0 0
1440460800 0 0 0 0
1440374400 0 0 0 0
1440288000 0 0 0 0
1440201600 0 0 0 0
1440115200 0 0 0 0
1440028800 0 0 0 0
1439942400 0 0 0 0
1439856000 0 0 0 0
1439769600 0 0 0 0
1439683200 0 0 0 0
1439596800 0 0 0 0
1439510400 0 0 0 0
1439424000 0 0 0 0
1439337600 0 0 0 0
1439251200 0 0 0 0
1439164800 0 0 0 0
1439078400 0 0 0 0
1438992000 0 0 0 0
1438905600 0 0 0 0
1438819200 0 0 0 0
1438732800 0 0 0 0
1438646400 0 0 0 0
1438560000 0 0 0 0
1438473600 0 0 0 0
1438387200 0 0 0 0
1438300800 0 0 0 0
1438214400 0 0 0 0
1438128000 0 0 0 0
1438041600 0 0 0 0
1437955200 0 0 0 0
1437868800 0 0 0 0
1437782400 0 0 0 0
1437696000 0 0 0 0
1437609600 0 0 0 0
1437523200 0 0 0 0
1437436800 0 0 0 0
1437350400 0 0 0 0
1437264000 0 0 0 0
1437177600 0 0 0 0
1437091200 0 0 0 0
1437004800 0 0 0 0
1436918400 0 0 0 0
1436832000 0 0 0 0
1436745600 0 0 0 0
1436659200 0 0 0 0
1436572800 0 0 0 0
1436486400 0 0 0 0
1436400000 0 0 0 0
1436313600 0 0 0 0
1436227200 0 0 0 0
1436140800 0 0 0 0
1436054400 0 0 0 0
1435968000 0 0 0 0
1435881600 0 0 0 0
1435795200 0 0 0 0
1435708800 0 0 0 0
1435622400 0 0 0 0
1435536000 0 0 0 0
